[rospy.client][INFO] 2019-11-14 20:35:10,145: init_node, name[/position_hold_gazebo], pid[23242]
[xmlrpc][INFO] 2019-11-14 20:35:10,147: XML-RPC server binding to 0.0.0.0:0
[xmlrpc][INFO] 2019-11-14 20:35:10,147: Started XML-RPC server [http://itachi-HP-Pavilion-Laptop-15-cc1xx:41419/]
[rospy.init][INFO] 2019-11-14 20:35:10,148: ROS Slave URI: [http://itachi-HP-Pavilion-Laptop-15-cc1xx:41419/]
[rospy.impl.masterslave][INFO] 2019-11-14 20:35:10,148: _ready: http://itachi-HP-Pavilion-Laptop-15-cc1xx:41419/
[rospy.registration][INFO] 2019-11-14 20:35:10,148: Registering with master node http://localhost:11311
[xmlrpc][INFO] 2019-11-14 20:35:10,149: xml rpc node: starting XML-RPC server
[rospy.init][INFO] 2019-11-14 20:35:10,249: registered with master
[rospy.rosout][INFO] 2019-11-14 20:35:10,249: initializing /rosout core topic
[rospy.rosout][INFO] 2019-11-14 20:35:10,253: connected to core topic /rosout
[rospy.simtime][INFO] 2019-11-14 20:35:10,258: initializing /clock core topic
[rospy.simtime][INFO] 2019-11-14 20:35:10,263: connected to core topic /clock
[rospy.internal][INFO] 2019-11-14 20:35:10,315: topic[/whycon/poses] adding connection to [http://itachi-HP-Pavilion-Laptop-15-cc1xx:35277/], count 0
[rospy.internal][INFO] 2019-11-14 20:35:10,315: topic[/clock] adding connection to [http://itachi-HP-Pavilion-Laptop-15-cc1xx:45603/], count 0
[rospy.internal][INFO] 2019-11-14 20:35:10,457: topic[/rosout] adding connection to [/rosout], count 0
[rospy.internal][INFO] 2019-11-14 20:35:10,536: topic[/drone_command] adding connection to [/edrone/rotors_edrone_interface], count 0
[rospy.core][INFO] 2019-11-14 20:37:01,758: signal_shutdown [signal-2]
[rospy.internal][INFO] 2019-11-14 20:37:01,767: topic[/rosout] removing connection to /rosout
[rospy.internal][INFO] 2019-11-14 20:37:01,768: topic[/drone_command] removing connection to /edrone/rotors_edrone_interface
[rospy.internal][INFO] 2019-11-14 20:37:01,768: topic[/clock] removing connection to http://itachi-HP-Pavilion-Laptop-15-cc1xx:45603/
[rospy.internal][INFO] 2019-11-14 20:37:01,769: topic[/whycon/poses] removing connection to http://itachi-HP-Pavilion-Laptop-15-cc1xx:35277/
[rospy.impl.masterslave][INFO] 2019-11-14 20:37:01,769: signal-2
[rospy.core][INFO] 2019-11-14 20:37:02,385: signal_shutdown [atexit]
