[rosmaster.main][INFO] 2020-01-31 22:21:43,132: initialization complete, waiting for shutdown
[rosmaster.main][INFO] 2020-01-31 22:21:43,132: Starting ROS Master Node
[xmlrpc][INFO] 2020-01-31 22:21:43,133: XML-RPC server binding to 0.0.0.0:11311
[xmlrpc][INFO] 2020-01-31 22:21:43,133: Started XML-RPC server [http://itachi-HP-Pavilion-Laptop-15-cc1xx:11311/]
[xmlrpc][INFO] 2020-01-31 22:21:43,134: xml rpc node: starting XML-RPC server
[rosmaster.master][INFO] 2020-01-31 22:21:43,134: Master initialized: port[11311], uri[http://itachi-HP-Pavilion-Laptop-15-cc1xx:11311/]
[rosmaster.master][INFO] 2020-01-31 22:21:43,191: +PARAM [/run_id] by /roslaunch
[rosmaster.master][INFO] 2020-01-31 22:21:43,193: +PARAM [/roslaunch/uris/host_itachi_hp_pavilion_laptop_15_cc1xx__39045] by /roslaunch
[rosmaster.master][INFO] 2020-01-31 22:21:43,294: +PARAM [/usb_cam/image_width] by /roslaunch
[rosmaster.master][INFO] 2020-01-31 22:21:43,294: +PARAM [/usb_cam/video_device] by /roslaunch
[rosmaster.master][INFO] 2020-01-31 22:21:43,294: +PARAM [/rosdistro] by /roslaunch
[rosmaster.master][INFO] 2020-01-31 22:21:43,294: +PARAM [/whycon/targets] by /roslaunch
[rosmaster.master][INFO] 2020-01-31 22:21:43,294: +PARAM [/usb_cam/pixel_format] by /roslaunch
[rosmaster.master][INFO] 2020-01-31 22:21:43,295: +PARAM [/usb_cam/io_method] by /roslaunch
[rosmaster.master][INFO] 2020-01-31 22:21:43,295: +PARAM [/usb_cam/camera_frame_id] by /roslaunch
[rosmaster.master][INFO] 2020-01-31 22:21:43,295: +PARAM [/rosversion] by /roslaunch
[rosmaster.master][INFO] 2020-01-31 22:21:43,295: +PARAM [/whycon/outer_diameter] by /roslaunch
[rosmaster.master][INFO] 2020-01-31 22:21:43,295: +PARAM [/usb_cam/image_height] by /roslaunch
[rosmaster.master][INFO] 2020-01-31 22:21:43,295: +PARAM [/whycon/name] by /roslaunch
[rosmaster.master][INFO] 2020-01-31 22:21:43,295: +PARAM [/whycon/inner_diameter] by /roslaunch
[rosmaster.master][INFO] 2020-01-31 22:21:43,297: +SERVICE [/rosout/get_loggers] /rosout http://itachi-HP-Pavilion-Laptop-15-cc1xx:41219/
[rosmaster.master][INFO] 2020-01-31 22:21:43,297: +SERVICE [/rosout/set_logger_level] /rosout http://itachi-HP-Pavilion-Laptop-15-cc1xx:41219/
[rosmaster.master][INFO] 2020-01-31 22:21:43,299: +PUB [/rosout_agg] /rosout http://itachi-HP-Pavilion-Laptop-15-cc1xx:41219/
[rosmaster.master][INFO] 2020-01-31 22:21:43,302: +SUB [/rosout] /rosout http://itachi-HP-Pavilion-Laptop-15-cc1xx:41219/
[rosmaster.master][INFO] 2020-01-31 22:21:43,313: +PUB [/rosout] /sr_determine_colors_24083_1580489484658 http://itachi-HP-Pavilion-Laptop-15-cc1xx:34571/
[rosmaster.master][INFO] 2020-01-31 22:21:43,316: +SERVICE [/sr_determine_colors_24083_1580489484658/get_loggers] /sr_determine_colors_24083_1580489484658 http://itachi-HP-Pavilion-Laptop-15-cc1xx:34571/
[rosmaster.master][INFO] 2020-01-31 22:21:43,317: +SERVICE [/sr_determine_colors_24083_1580489484658/set_logger_level] /sr_determine_colors_24083_1580489484658 http://itachi-HP-Pavilion-Laptop-15-cc1xx:34571/
[rosmaster.master][INFO] 2020-01-31 22:21:43,320: +SUB [/usb_cam/image_rect_color] /sr_determine_colors_24083_1580489484658 http://itachi-HP-Pavilion-Laptop-15-cc1xx:34571/
[rosmaster.master][INFO] 2020-01-31 22:21:43,323: +PUB [/rosout] /usb_cam http://itachi-HP-Pavilion-Laptop-15-cc1xx:42947/
[rosmaster.master][INFO] 2020-01-31 22:21:43,324: +SERVICE [/usb_cam/get_loggers] /usb_cam http://itachi-HP-Pavilion-Laptop-15-cc1xx:42947/
[rosmaster.master][INFO] 2020-01-31 22:21:43,325: +SERVICE [/usb_cam/set_logger_level] /usb_cam http://itachi-HP-Pavilion-Laptop-15-cc1xx:42947/
[rosmaster.master][INFO] 2020-01-31 22:21:43,327: +PUB [/rosout] /usb_cam/image_proc http://itachi-HP-Pavilion-Laptop-15-cc1xx:43841/
[rosmaster.master][INFO] 2020-01-31 22:21:43,327: +SERVICE [/usb_cam/image_proc/get_loggers] /usb_cam/image_proc http://itachi-HP-Pavilion-Laptop-15-cc1xx:43841/
[rosmaster.master][INFO] 2020-01-31 22:21:43,328: +SERVICE [/usb_cam/image_proc/set_logger_level] /usb_cam/image_proc http://itachi-HP-Pavilion-Laptop-15-cc1xx:43841/
[rosmaster.master][INFO] 2020-01-31 22:21:43,333: publisherUpdate[/rosout] -> http://itachi-HP-Pavilion-Laptop-15-cc1xx:41219/ ['http://itachi-HP-Pavilion-Laptop-15-cc1xx:34571/']
[rosmaster.master][INFO] 2020-01-31 22:21:43,335: publisherUpdate[/rosout] -> http://itachi-HP-Pavilion-Laptop-15-cc1xx:41219/ ['http://itachi-HP-Pavilion-Laptop-15-cc1xx:34571/']: sec=0.00, result=[1, '', 0]
[rosmaster.master][INFO] 2020-01-31 22:21:43,335: publisherUpdate[/rosout] -> http://itachi-HP-Pavilion-Laptop-15-cc1xx:41219/ ['http://itachi-HP-Pavilion-Laptop-15-cc1xx:34571/', 'http://itachi-HP-Pavilion-Laptop-15-cc1xx:42947/']
[rosmaster.master][INFO] 2020-01-31 22:21:43,336: publisherUpdate[/rosout] -> http://itachi-HP-Pavilion-Laptop-15-cc1xx:41219/ ['http://itachi-HP-Pavilion-Laptop-15-cc1xx:34571/', 'http://itachi-HP-Pavilion-Laptop-15-cc1xx:42947/']: sec=0.00, result=[1, '', 0]
[rosmaster.master][INFO] 2020-01-31 22:21:43,336: publisherUpdate[/rosout] -> http://itachi-HP-Pavilion-Laptop-15-cc1xx:41219/ ['http://itachi-HP-Pavilion-Laptop-15-cc1xx:34571/', 'http://itachi-HP-Pavilion-Laptop-15-cc1xx:42947/', 'http://itachi-HP-Pavilion-Laptop-15-cc1xx:43841/']
[rosmaster.master][INFO] 2020-01-31 22:21:43,336: publisherUpdate[/rosout] -> http://itachi-HP-Pavilion-Laptop-15-cc1xx:41219/ ['http://itachi-HP-Pavilion-Laptop-15-cc1xx:34571/', 'http://itachi-HP-Pavilion-Laptop-15-cc1xx:42947/', 'http://itachi-HP-Pavilion-Laptop-15-cc1xx:43841/']: sec=0.00, result=[1, '', 0]
[rosmaster.master][INFO] 2020-01-31 22:21:43,341: +PUB [/rosout] /whycon http://itachi-HP-Pavilion-Laptop-15-cc1xx:36287/
[rosmaster.master][INFO] 2020-01-31 22:21:43,342: +SERVICE [/whycon/get_loggers] /whycon http://itachi-HP-Pavilion-Laptop-15-cc1xx:36287/
[rosmaster.master][INFO] 2020-01-31 22:21:43,342: +SERVICE [/whycon/set_logger_level] /whycon http://itachi-HP-Pavilion-Laptop-15-cc1xx:36287/
[rosmaster.master][INFO] 2020-01-31 22:21:43,348: +PUB [/rosout] /whycon_display/image_view http://itachi-HP-Pavilion-Laptop-15-cc1xx:45899/
[rosmaster.master][INFO] 2020-01-31 22:21:43,349: +SERVICE [/whycon_display/image_view/get_loggers] /whycon_display/image_view http://itachi-HP-Pavilion-Laptop-15-cc1xx:45899/
[rosmaster.master][INFO] 2020-01-31 22:21:43,349: +SERVICE [/whycon_display/image_view/set_logger_level] /whycon_display/image_view http://itachi-HP-Pavilion-Laptop-15-cc1xx:45899/
[rosmaster.master][INFO] 2020-01-31 22:21:43,367: +SERVICE [/usb_cam/image_proc_debayer/set_parameters] /usb_cam/image_proc http://itachi-HP-Pavilion-Laptop-15-cc1xx:43841/
[rosmaster.master][INFO] 2020-01-31 22:21:43,367: +PUB [/usb_cam/image_proc_debayer/parameter_descriptions] /usb_cam/image_proc http://itachi-HP-Pavilion-Laptop-15-cc1xx:43841/
[rosmaster.master][INFO] 2020-01-31 22:21:43,368: +PUB [/usb_cam/image_proc_debayer/parameter_updates] /usb_cam/image_proc http://itachi-HP-Pavilion-Laptop-15-cc1xx:43841/
[rosmaster.master][INFO] 2020-01-31 22:21:43,369: +PARAM [/usb_cam/image_proc_debayer/debayer] by /usb_cam/image_proc
[rosmaster.master][INFO] 2020-01-31 22:21:43,370: +PARAM [/usb_cam/image_proc_debayer/debayer] by /usb_cam/image_proc
[rosmaster.master][INFO] 2020-01-31 22:21:43,371: +PUB [/usb_cam/image_mono/compressedDepth] /usb_cam/image_proc http://itachi-HP-Pavilion-Laptop-15-cc1xx:43841/
[rosmaster.master][INFO] 2020-01-31 22:21:43,372: +SERVICE [/usb_cam/image_mono/compressedDepth/set_parameters] /usb_cam/image_proc http://itachi-HP-Pavilion-Laptop-15-cc1xx:43841/
[rosmaster.master][INFO] 2020-01-31 22:21:43,373: +PUB [/usb_cam/image_mono/compressedDepth/parameter_descriptions] /usb_cam/image_proc http://itachi-HP-Pavilion-Laptop-15-cc1xx:43841/
[rosmaster.master][INFO] 2020-01-31 22:21:43,374: +PUB [/usb_cam/image_mono/compressedDepth/parameter_updates] /usb_cam/image_proc http://itachi-HP-Pavilion-Laptop-15-cc1xx:43841/
[rosmaster.master][INFO] 2020-01-31 22:21:43,376: +PUB [/usb_cam/image_raw/compressedDepth] /usb_cam http://itachi-HP-Pavilion-Laptop-15-cc1xx:42947/
[rosmaster.master][INFO] 2020-01-31 22:21:43,378: +SERVICE [/usb_cam/image_raw/compressedDepth/set_parameters] /usb_cam http://itachi-HP-Pavilion-Laptop-15-cc1xx:42947/
[rosmaster.master][INFO] 2020-01-31 22:21:43,379: +PARAM [/usb_cam/image_mono/compressedDepth/depth_max] by /usb_cam/image_proc
[rosmaster.master][INFO] 2020-01-31 22:21:43,379: +PUB [/usb_cam/image_raw/compressedDepth/parameter_descriptions] /usb_cam http://itachi-HP-Pavilion-Laptop-15-cc1xx:42947/
[rosmaster.master][INFO] 2020-01-31 22:21:43,380: +PARAM [/usb_cam/image_mono/compressedDepth/depth_quantization] by /usb_cam/image_proc
[rosmaster.master][INFO] 2020-01-31 22:21:43,381: +PUB [/usb_cam/image_raw/compressedDepth/parameter_updates] /usb_cam http://itachi-HP-Pavilion-Laptop-15-cc1xx:42947/
[rosmaster.master][INFO] 2020-01-31 22:21:43,381: +PARAM [/usb_cam/image_mono/compressedDepth/png_level] by /usb_cam/image_proc
[rosmaster.master][INFO] 2020-01-31 22:21:43,383: +PARAM [/usb_cam/image_mono/compressedDepth/depth_max] by /usb_cam/image_proc
[rosmaster.master][INFO] 2020-01-31 22:21:43,385: +PARAM [/usb_cam/image_mono/compressedDepth/depth_quantization] by /usb_cam/image_proc
[rosmaster.master][INFO] 2020-01-31 22:21:43,386: +PARAM [/usb_cam/image_mono/compressedDepth/png_level] by /usb_cam/image_proc
[rosmaster.master][INFO] 2020-01-31 22:21:43,387: +PARAM [/usb_cam/image_raw/compressedDepth/depth_max] by /usb_cam
[rosmaster.master][INFO] 2020-01-31 22:21:43,389: +PUB [/usb_cam/image_mono/compressed] /usb_cam/image_proc http://itachi-HP-Pavilion-Laptop-15-cc1xx:43841/
[rosmaster.master][INFO] 2020-01-31 22:21:43,391: +PARAM [/usb_cam/image_raw/compressedDepth/depth_quantization] by /usb_cam
[rosmaster.master][INFO] 2020-01-31 22:21:43,392: +SERVICE [/usb_cam/image_mono/compressed/set_parameters] /usb_cam/image_proc http://itachi-HP-Pavilion-Laptop-15-cc1xx:43841/
[rosmaster.master][INFO] 2020-01-31 22:21:43,392: +PARAM [/usb_cam/image_raw/compressedDepth/png_level] by /usb_cam
[rosmaster.master][INFO] 2020-01-31 22:21:43,393: +PUB [/usb_cam/image_mono/compressed/parameter_descriptions] /usb_cam/image_proc http://itachi-HP-Pavilion-Laptop-15-cc1xx:43841/
[rosmaster.master][INFO] 2020-01-31 22:21:43,394: +PARAM [/usb_cam/image_raw/compressedDepth/depth_max] by /usb_cam
[rosmaster.master][INFO] 2020-01-31 22:21:43,395: +PUB [/tf] /whycon http://itachi-HP-Pavilion-Laptop-15-cc1xx:36287/
[rosmaster.master][INFO] 2020-01-31 22:21:43,395: +PUB [/usb_cam/image_mono/compressed/parameter_updates] /usb_cam/image_proc http://itachi-HP-Pavilion-Laptop-15-cc1xx:43841/
[rosmaster.master][INFO] 2020-01-31 22:21:43,396: +PARAM [/usb_cam/image_raw/compressedDepth/depth_quantization] by /usb_cam
[rosmaster.master][INFO] 2020-01-31 22:21:43,398: +PARAM [/usb_cam/image_raw/compressedDepth/png_level] by /usb_cam
[rosmaster.master][INFO] 2020-01-31 22:21:43,399: +PUB [/usb_cam/image_raw/compressed] /usb_cam http://itachi-HP-Pavilion-Laptop-15-cc1xx:42947/
[rosmaster.master][INFO] 2020-01-31 22:21:43,401: +PARAM [/usb_cam/image_mono/compressed/format] by /usb_cam/image_proc
[rosmaster.master][INFO] 2020-01-31 22:21:43,401: +SERVICE [/usb_cam/image_raw/compressed/set_parameters] /usb_cam http://itachi-HP-Pavilion-Laptop-15-cc1xx:42947/
[rosmaster.master][INFO] 2020-01-31 22:21:43,403: +PARAM [/usb_cam/image_mono/compressed/jpeg_quality] by /usb_cam/image_proc
[rosmaster.master][INFO] 2020-01-31 22:21:43,403: +PUB [/usb_cam/image_raw/compressed/parameter_descriptions] /usb_cam http://itachi-HP-Pavilion-Laptop-15-cc1xx:42947/
[rosmaster.master][INFO] 2020-01-31 22:21:43,404: +PARAM [/usb_cam/image_mono/compressed/png_level] by /usb_cam/image_proc
[rosmaster.master][INFO] 2020-01-31 22:21:43,405: +PUB [/usb_cam/image_raw/compressed/parameter_updates] /usb_cam http://itachi-HP-Pavilion-Laptop-15-cc1xx:42947/
[rosmaster.master][INFO] 2020-01-31 22:21:43,406: +PARAM [/usb_cam/image_mono/compressed/format] by /usb_cam/image_proc
[rosmaster.master][INFO] 2020-01-31 22:21:43,409: +PARAM [/usb_cam/image_mono/compressed/jpeg_quality] by /usb_cam/image_proc
[rosmaster.master][INFO] 2020-01-31 22:21:43,409: +SUB [/usb_cam/image_rect_color] /whycon http://itachi-HP-Pavilion-Laptop-15-cc1xx:36287/
[rosmaster.master][INFO] 2020-01-31 22:21:43,410: +PARAM [/usb_cam/image_mono/compressed/png_level] by /usb_cam/image_proc
[rosmaster.master][INFO] 2020-01-31 22:21:43,411: +PARAM [/usb_cam/image_raw/compressed/format] by /usb_cam
[rosmaster.master][INFO] 2020-01-31 22:21:43,412: +PUB [/usb_cam/image_mono] /usb_cam/image_proc http://itachi-HP-Pavilion-Laptop-15-cc1xx:43841/
[rosmaster.master][INFO] 2020-01-31 22:21:43,413: +PARAM [/usb_cam/image_raw/compressed/jpeg_quality] by /usb_cam
[rosmaster.master][INFO] 2020-01-31 22:21:43,414: +PUB [/usb_cam/image_mono/theora] /usb_cam/image_proc http://itachi-HP-Pavilion-Laptop-15-cc1xx:43841/
[rosmaster.master][INFO] 2020-01-31 22:21:43,414: +PARAM [/usb_cam/image_raw/compressed/png_level] by /usb_cam
[rosmaster.master][INFO] 2020-01-31 22:21:43,415: +SERVICE [/usb_cam/image_mono/theora/set_parameters] /usb_cam/image_proc http://itachi-HP-Pavilion-Laptop-15-cc1xx:43841/
[rosmaster.master][INFO] 2020-01-31 22:21:43,416: +PARAM [/usb_cam/image_raw/compressed/format] by /usb_cam
[rosmaster.master][INFO] 2020-01-31 22:21:43,417: +PUB [/usb_cam/image_mono/theora/parameter_descriptions] /usb_cam/image_proc http://itachi-HP-Pavilion-Laptop-15-cc1xx:43841/
[rosmaster.master][INFO] 2020-01-31 22:21:43,418: +PARAM [/usb_cam/image_raw/compressed/jpeg_quality] by /usb_cam
[rosmaster.master][INFO] 2020-01-31 22:21:43,418: +SUB [/usb_cam/camera_info] /whycon http://itachi-HP-Pavilion-Laptop-15-cc1xx:36287/
[rosmaster.master][INFO] 2020-01-31 22:21:43,419: +PUB [/usb_cam/image_mono/theora/parameter_updates] /usb_cam/image_proc http://itachi-HP-Pavilion-Laptop-15-cc1xx:43841/
[rosmaster.master][INFO] 2020-01-31 22:21:43,419: +PARAM [/usb_cam/image_raw/compressed/png_level] by /usb_cam
[rosmaster.master][INFO] 2020-01-31 22:21:43,420: +PUB [/whycon/image_out] /whycon http://itachi-HP-Pavilion-Laptop-15-cc1xx:36287/
[rosmaster.master][INFO] 2020-01-31 22:21:43,421: +PUB [/whycon/poses] /whycon http://itachi-HP-Pavilion-Laptop-15-cc1xx:36287/
[rosmaster.master][INFO] 2020-01-31 22:21:43,422: +PUB [/usb_cam/image_raw] /usb_cam http://itachi-HP-Pavilion-Laptop-15-cc1xx:42947/
[rosmaster.master][INFO] 2020-01-31 22:21:43,424: +PUB [/whycon/context] /whycon http://itachi-HP-Pavilion-Laptop-15-cc1xx:36287/
[rosmaster.master][INFO] 2020-01-31 22:21:43,425: +PUB [/usb_cam/image_raw/theora] /usb_cam http://itachi-HP-Pavilion-Laptop-15-cc1xx:42947/
[rosmaster.master][INFO] 2020-01-31 22:21:43,426: +PUB [/whycon/projection] /whycon http://itachi-HP-Pavilion-Laptop-15-cc1xx:36287/
[rosmaster.master][INFO] 2020-01-31 22:21:43,428: +SERVICE [/usb_cam/image_raw/theora/set_parameters] /usb_cam http://itachi-HP-Pavilion-Laptop-15-cc1xx:42947/
[rosmaster.master][INFO] 2020-01-31 22:21:43,428: +SERVICE [/whycon/reset] /whycon http://itachi-HP-Pavilion-Laptop-15-cc1xx:36287/
[rosmaster.master][INFO] 2020-01-31 22:21:43,429: +PARAM [/usb_cam/image_mono/theora/optimize_for] by /usb_cam/image_proc
[rosmaster.master][INFO] 2020-01-31 22:21:43,429: +PUB [/usb_cam/image_raw/theora/parameter_descriptions] /usb_cam http://itachi-HP-Pavilion-Laptop-15-cc1xx:42947/
[rosmaster.master][INFO] 2020-01-31 22:21:43,430: +PARAM [/usb_cam/image_mono/theora/target_bitrate] by /usb_cam/image_proc
[rosmaster.master][INFO] 2020-01-31 22:21:43,430: +PUB [/usb_cam/image_raw/theora/parameter_updates] /usb_cam http://itachi-HP-Pavilion-Laptop-15-cc1xx:42947/
[rosmaster.master][INFO] 2020-01-31 22:21:43,431: +PARAM [/usb_cam/image_mono/theora/quality] by /usb_cam/image_proc
[rosmaster.master][INFO] 2020-01-31 22:21:43,432: +PARAM [/usb_cam/image_mono/theora/keyframe_frequency] by /usb_cam/image_proc
[rosmaster.master][INFO] 2020-01-31 22:21:43,433: +PARAM [/usb_cam/image_mono/theora/optimize_for] by /usb_cam/image_proc
[rosmaster.master][INFO] 2020-01-31 22:21:43,433: publisherUpdate[/rosout] -> http://itachi-HP-Pavilion-Laptop-15-cc1xx:41219/ ['http://itachi-HP-Pavilion-Laptop-15-cc1xx:34571/', 'http://itachi-HP-Pavilion-Laptop-15-cc1xx:42947/', 'http://itachi-HP-Pavilion-Laptop-15-cc1xx:43841/', 'http://itachi-HP-Pavilion-Laptop-15-cc1xx:36287/']
[rosmaster.master][INFO] 2020-01-31 22:21:43,434: +PARAM [/usb_cam/image_mono/theora/target_bitrate] by /usb_cam/image_proc
[rosmaster.master][INFO] 2020-01-31 22:21:43,435: publisherUpdate[/rosout] -> http://itachi-HP-Pavilion-Laptop-15-cc1xx:41219/ ['http://itachi-HP-Pavilion-Laptop-15-cc1xx:34571/', 'http://itachi-HP-Pavilion-Laptop-15-cc1xx:42947/', 'http://itachi-HP-Pavilion-Laptop-15-cc1xx:43841/', 'http://itachi-HP-Pavilion-Laptop-15-cc1xx:36287/']: sec=0.00, result=[1, '', 0]
[rosmaster.master][INFO] 2020-01-31 22:21:43,435: +PARAM [/usb_cam/image_raw/theora/optimize_for] by /usb_cam
[rosmaster.master][INFO] 2020-01-31 22:21:43,435: publisherUpdate[/rosout] -> http://itachi-HP-Pavilion-Laptop-15-cc1xx:41219/ ['http://itachi-HP-Pavilion-Laptop-15-cc1xx:34571/', 'http://itachi-HP-Pavilion-Laptop-15-cc1xx:42947/', 'http://itachi-HP-Pavilion-Laptop-15-cc1xx:43841/', 'http://itachi-HP-Pavilion-Laptop-15-cc1xx:36287/', 'http://itachi-HP-Pavilion-Laptop-15-cc1xx:45899/']
[rosmaster.master][INFO] 2020-01-31 22:21:43,436: publisherUpdate[/rosout] -> http://itachi-HP-Pavilion-Laptop-15-cc1xx:41219/ ['http://itachi-HP-Pavilion-Laptop-15-cc1xx:34571/', 'http://itachi-HP-Pavilion-Laptop-15-cc1xx:42947/', 'http://itachi-HP-Pavilion-Laptop-15-cc1xx:43841/', 'http://itachi-HP-Pavilion-Laptop-15-cc1xx:36287/', 'http://itachi-HP-Pavilion-Laptop-15-cc1xx:45899/']: sec=0.00, result=[1, '', 0]
[rosmaster.master][INFO] 2020-01-31 22:21:43,436: +PARAM [/usb_cam/image_mono/theora/quality] by /usb_cam/image_proc
[rosmaster.master][INFO] 2020-01-31 22:21:43,437: +PARAM [/usb_cam/image_raw/theora/target_bitrate] by /usb_cam
[rosmaster.master][INFO] 2020-01-31 22:21:43,438: +PARAM [/usb_cam/image_mono/theora/keyframe_frequency] by /usb_cam/image_proc
[rosmaster.master][INFO] 2020-01-31 22:21:43,438: +PARAM [/usb_cam/image_raw/theora/quality] by /usb_cam
[rosmaster.master][INFO] 2020-01-31 22:21:43,439: +PARAM [/usb_cam/image_raw/theora/keyframe_frequency] by /usb_cam
[rosmaster.master][INFO] 2020-01-31 22:21:43,440: +PUB [/usb_cam/image_color/compressedDepth] /usb_cam/image_proc http://itachi-HP-Pavilion-Laptop-15-cc1xx:43841/
[rosmaster.master][INFO] 2020-01-31 22:21:43,441: +PARAM [/usb_cam/image_raw/theora/optimize_for] by /usb_cam
[rosmaster.master][INFO] 2020-01-31 22:21:43,441: +SERVICE [/usb_cam/image_color/compressedDepth/set_parameters] /usb_cam/image_proc http://itachi-HP-Pavilion-Laptop-15-cc1xx:43841/
[rosmaster.master][INFO] 2020-01-31 22:21:43,442: +PARAM [/usb_cam/image_raw/theora/target_bitrate] by /usb_cam
[rosmaster.master][INFO] 2020-01-31 22:21:43,443: +PUB [/usb_cam/image_color/compressedDepth/parameter_descriptions] /usb_cam/image_proc http://itachi-HP-Pavilion-Laptop-15-cc1xx:43841/
[rosmaster.master][INFO] 2020-01-31 22:21:43,443: +PARAM [/usb_cam/image_raw/theora/quality] by /usb_cam
[rosmaster.master][INFO] 2020-01-31 22:21:43,444: +PUB [/usb_cam/image_color/compressedDepth/parameter_updates] /usb_cam/image_proc http://itachi-HP-Pavilion-Laptop-15-cc1xx:43841/
[rosmaster.master][INFO] 2020-01-31 22:21:43,444: +PARAM [/usb_cam/image_raw/theora/keyframe_frequency] by /usb_cam
[rosmaster.master][INFO] 2020-01-31 22:21:43,445: +PUB [/usb_cam/camera_info] /usb_cam http://itachi-HP-Pavilion-Laptop-15-cc1xx:42947/
[rosmaster.master][INFO] 2020-01-31 22:21:43,447: +PARAM [/usb_cam/image_color/compressedDepth/depth_max] by /usb_cam/image_proc
[rosmaster.master][INFO] 2020-01-31 22:21:43,448: +PARAM [/usb_cam/image_color/compressedDepth/depth_quantization] by /usb_cam/image_proc
[rosmaster.master][INFO] 2020-01-31 22:21:43,450: +PARAM [/usb_cam/image_color/compressedDepth/png_level] by /usb_cam/image_proc
[rosmaster.master][INFO] 2020-01-31 22:21:43,451: +PARAM [/usb_cam/image_color/compressedDepth/depth_max] by /usb_cam/image_proc
[rosmaster.master][INFO] 2020-01-31 22:21:43,452: +PARAM [/usb_cam/image_color/compressedDepth/depth_quantization] by /usb_cam/image_proc
[rosmaster.master][INFO] 2020-01-31 22:21:43,453: +PARAM [/usb_cam/image_color/compressedDepth/png_level] by /usb_cam/image_proc
[rosmaster.master][INFO] 2020-01-31 22:21:43,454: +PUB [/usb_cam/image_color/compressed] /usb_cam/image_proc http://itachi-HP-Pavilion-Laptop-15-cc1xx:43841/
[rosmaster.master][INFO] 2020-01-31 22:21:43,455: +SERVICE [/usb_cam/image_color/compressed/set_parameters] /usb_cam/image_proc http://itachi-HP-Pavilion-Laptop-15-cc1xx:43841/
[rosmaster.master][INFO] 2020-01-31 22:21:43,456: +PUB [/usb_cam/image_color/compressed/parameter_descriptions] /usb_cam/image_proc http://itachi-HP-Pavilion-Laptop-15-cc1xx:43841/
[rosmaster.master][INFO] 2020-01-31 22:21:43,457: +PUB [/usb_cam/image_color/compressed/parameter_updates] /usb_cam/image_proc http://itachi-HP-Pavilion-Laptop-15-cc1xx:43841/
[rosmaster.master][INFO] 2020-01-31 22:21:43,460: +PARAM [/usb_cam/image_color/compressed/format] by /usb_cam/image_proc
[rosmaster.master][INFO] 2020-01-31 22:21:43,461: +PARAM [/usb_cam/image_color/compressed/jpeg_quality] by /usb_cam/image_proc
[rosmaster.master][INFO] 2020-01-31 22:21:43,462: +PARAM [/usb_cam/image_color/compressed/png_level] by /usb_cam/image_proc
[rosmaster.master][INFO] 2020-01-31 22:21:43,463: +PARAM [/usb_cam/image_color/compressed/format] by /usb_cam/image_proc
[rosmaster.master][INFO] 2020-01-31 22:21:43,465: +PARAM [/usb_cam/image_color/compressed/jpeg_quality] by /usb_cam/image_proc
[rosmaster.master][INFO] 2020-01-31 22:21:43,467: +PARAM [/usb_cam/image_color/compressed/png_level] by /usb_cam/image_proc
[rosmaster.master][INFO] 2020-01-31 22:21:43,469: +PUB [/usb_cam/image_color] /usb_cam/image_proc http://itachi-HP-Pavilion-Laptop-15-cc1xx:43841/
[rosmaster.master][INFO] 2020-01-31 22:21:43,474: +PUB [/usb_cam/image_color/theora] /usb_cam/image_proc http://itachi-HP-Pavilion-Laptop-15-cc1xx:43841/
[rosmaster.master][INFO] 2020-01-31 22:21:43,476: +SERVICE [/usb_cam/set_camera_info] /usb_cam http://itachi-HP-Pavilion-Laptop-15-cc1xx:42947/
[rosmaster.master][INFO] 2020-01-31 22:21:43,477: +SERVICE [/usb_cam/start_capture] /usb_cam http://itachi-HP-Pavilion-Laptop-15-cc1xx:42947/
[rosmaster.master][INFO] 2020-01-31 22:21:43,478: +SERVICE [/usb_cam/image_color/theora/set_parameters] /usb_cam/image_proc http://itachi-HP-Pavilion-Laptop-15-cc1xx:43841/
[rosmaster.master][INFO] 2020-01-31 22:21:43,478: +SERVICE [/usb_cam/stop_capture] /usb_cam http://itachi-HP-Pavilion-Laptop-15-cc1xx:42947/
[rosmaster.master][INFO] 2020-01-31 22:21:43,481: +PUB [/usb_cam/image_color/theora/parameter_descriptions] /usb_cam/image_proc http://itachi-HP-Pavilion-Laptop-15-cc1xx:43841/
[rosmaster.master][INFO] 2020-01-31 22:21:43,482: +PUB [/usb_cam/image_color/theora/parameter_updates] /usb_cam/image_proc http://itachi-HP-Pavilion-Laptop-15-cc1xx:43841/
[rosmaster.master][INFO] 2020-01-31 22:21:43,486: +PARAM [/usb_cam/image_color/theora/optimize_for] by /usb_cam/image_proc
[rosmaster.master][INFO] 2020-01-31 22:21:43,487: -SERVICE [/usb_cam/get_loggers] /usb_cam rosrpc://itachi-HP-Pavilion-Laptop-15-cc1xx:51525
[rosmaster.master][INFO] 2020-01-31 22:21:43,488: +PARAM [/usb_cam/image_color/theora/target_bitrate] by /usb_cam/image_proc
[rosmaster.master][INFO] 2020-01-31 22:21:43,489: -SERVICE [/usb_cam/set_logger_level] /usb_cam rosrpc://itachi-HP-Pavilion-Laptop-15-cc1xx:51525
[rosmaster.master][INFO] 2020-01-31 22:21:43,489: +PARAM [/usb_cam/image_color/theora/quality] by /usb_cam/image_proc
[rosmaster.master][INFO] 2020-01-31 22:21:43,490: -SERVICE [/usb_cam/image_raw/compressedDepth/set_parameters] /usb_cam rosrpc://itachi-HP-Pavilion-Laptop-15-cc1xx:51525
[rosmaster.master][INFO] 2020-01-31 22:21:43,491: +PARAM [/usb_cam/image_color/theora/keyframe_frequency] by /usb_cam/image_proc
[rosmaster.master][INFO] 2020-01-31 22:21:43,492: -SERVICE [/usb_cam/image_raw/compressed/set_parameters] /usb_cam rosrpc://itachi-HP-Pavilion-Laptop-15-cc1xx:51525
[rosmaster.master][INFO] 2020-01-31 22:21:43,492: +PARAM [/usb_cam/image_color/theora/optimize_for] by /usb_cam/image_proc
[rosmaster.master][INFO] 2020-01-31 22:21:43,493: -SERVICE [/usb_cam/image_raw/theora/set_parameters] /usb_cam rosrpc://itachi-HP-Pavilion-Laptop-15-cc1xx:51525
[rosmaster.master][INFO] 2020-01-31 22:21:43,494: +PARAM [/usb_cam/image_color/theora/target_bitrate] by /usb_cam/image_proc
[rosmaster.master][INFO] 2020-01-31 22:21:43,495: -SERVICE [/usb_cam/set_camera_info] /usb_cam rosrpc://itachi-HP-Pavilion-Laptop-15-cc1xx:51525
[rosmaster.master][INFO] 2020-01-31 22:21:43,495: +PARAM [/usb_cam/image_color/theora/quality] by /usb_cam/image_proc
[rosmaster.master][INFO] 2020-01-31 22:21:43,496: -SERVICE [/usb_cam/start_capture] /usb_cam rosrpc://itachi-HP-Pavilion-Laptop-15-cc1xx:51525
[rosmaster.master][INFO] 2020-01-31 22:21:43,496: +PARAM [/usb_cam/image_color/theora/keyframe_frequency] by /usb_cam/image_proc
[rosmaster.master][INFO] 2020-01-31 22:21:43,499: -SERVICE [/usb_cam/stop_capture] /usb_cam rosrpc://itachi-HP-Pavilion-Laptop-15-cc1xx:51525
[rosmaster.master][INFO] 2020-01-31 22:21:43,501: +SERVICE [/usb_cam/image_proc_rectify_mono/set_parameters] /usb_cam/image_proc http://itachi-HP-Pavilion-Laptop-15-cc1xx:43841/
[rosmaster.master][INFO] 2020-01-31 22:21:43,502: +PUB [/usb_cam/image_proc_rectify_mono/parameter_descriptions] /usb_cam/image_proc http://itachi-HP-Pavilion-Laptop-15-cc1xx:43841/
[rosmaster.master][INFO] 2020-01-31 22:21:43,503: +PUB [/usb_cam/image_proc_rectify_mono/parameter_updates] /usb_cam/image_proc http://itachi-HP-Pavilion-Laptop-15-cc1xx:43841/
[rosmaster.master][INFO] 2020-01-31 22:21:43,504: +PARAM [/usb_cam/image_proc_rectify_mono/interpolation] by /usb_cam/image_proc
[rosmaster.master][INFO] 2020-01-31 22:21:43,505: +PARAM [/usb_cam/image_proc_rectify_mono/interpolation] by /usb_cam/image_proc
[rosmaster.master][INFO] 2020-01-31 22:21:43,506: +PUB [/usb_cam/image_rect/compressedDepth] /usb_cam/image_proc http://itachi-HP-Pavilion-Laptop-15-cc1xx:43841/
[rosmaster.master][INFO] 2020-01-31 22:21:43,507: +SERVICE [/usb_cam/image_rect/compressedDepth/set_parameters] /usb_cam/image_proc http://itachi-HP-Pavilion-Laptop-15-cc1xx:43841/
[rosmaster.master][INFO] 2020-01-31 22:21:43,507: +PUB [/usb_cam/image_rect/compressedDepth/parameter_descriptions] /usb_cam/image_proc http://itachi-HP-Pavilion-Laptop-15-cc1xx:43841/
[rosmaster.master][INFO] 2020-01-31 22:21:43,508: +PUB [/usb_cam/image_rect/compressedDepth/parameter_updates] /usb_cam/image_proc http://itachi-HP-Pavilion-Laptop-15-cc1xx:43841/
[rosmaster.master][INFO] 2020-01-31 22:21:43,510: +PARAM [/usb_cam/image_rect/compressedDepth/depth_max] by /usb_cam/image_proc
[rosmaster.master][INFO] 2020-01-31 22:21:43,510: +PARAM [/usb_cam/image_rect/compressedDepth/depth_quantization] by /usb_cam/image_proc
[rosmaster.master][INFO] 2020-01-31 22:21:43,511: +PARAM [/usb_cam/image_rect/compressedDepth/png_level] by /usb_cam/image_proc
[rosmaster.master][INFO] 2020-01-31 22:21:43,512: +PARAM [/usb_cam/image_rect/compressedDepth/depth_max] by /usb_cam/image_proc
[rosmaster.master][INFO] 2020-01-31 22:21:43,512: +PARAM [/usb_cam/image_rect/compressedDepth/depth_quantization] by /usb_cam/image_proc
[rosmaster.master][INFO] 2020-01-31 22:21:43,513: +PARAM [/usb_cam/image_rect/compressedDepth/png_level] by /usb_cam/image_proc
[rosmaster.master][INFO] 2020-01-31 22:21:43,515: +PUB [/usb_cam/image_rect/compressed] /usb_cam/image_proc http://itachi-HP-Pavilion-Laptop-15-cc1xx:43841/
[rosmaster.master][INFO] 2020-01-31 22:21:43,517: +SERVICE [/usb_cam/image_rect/compressed/set_parameters] /usb_cam/image_proc http://itachi-HP-Pavilion-Laptop-15-cc1xx:43841/
[rosmaster.master][INFO] 2020-01-31 22:21:43,518: +PUB [/usb_cam/image_rect/compressed/parameter_descriptions] /usb_cam/image_proc http://itachi-HP-Pavilion-Laptop-15-cc1xx:43841/
[rosmaster.master][INFO] 2020-01-31 22:21:43,518: +PUB [/usb_cam/image_rect/compressed/parameter_updates] /usb_cam/image_proc http://itachi-HP-Pavilion-Laptop-15-cc1xx:43841/
[rosmaster.master][INFO] 2020-01-31 22:21:43,521: +PARAM [/usb_cam/image_rect/compressed/format] by /usb_cam/image_proc
[rosmaster.master][INFO] 2020-01-31 22:21:43,522: +PARAM [/usb_cam/image_rect/compressed/jpeg_quality] by /usb_cam/image_proc
[rosmaster.master][INFO] 2020-01-31 22:21:43,524: +PARAM [/usb_cam/image_rect/compressed/png_level] by /usb_cam/image_proc
[rosmaster.master][INFO] 2020-01-31 22:21:43,524: +SUB [/whycon/image_out] /whycon_display/image_view http://itachi-HP-Pavilion-Laptop-15-cc1xx:45899/
[rosmaster.master][INFO] 2020-01-31 22:21:43,525: +PARAM [/usb_cam/image_rect/compressed/format] by /usb_cam/image_proc
[rosmaster.master][INFO] 2020-01-31 22:21:43,525: +PUB [/whycon_display/image_view/output] /whycon_display/image_view http://itachi-HP-Pavilion-Laptop-15-cc1xx:45899/
[rosmaster.master][INFO] 2020-01-31 22:21:43,526: +PARAM [/usb_cam/image_rect/compressed/jpeg_quality] by /usb_cam/image_proc
[rosmaster.master][INFO] 2020-01-31 22:21:43,527: +SERVICE [/whycon_display/image_view/set_parameters] /whycon_display/image_view http://itachi-HP-Pavilion-Laptop-15-cc1xx:45899/
[rosmaster.master][INFO] 2020-01-31 22:21:43,527: +PARAM [/usb_cam/image_rect/compressed/png_level] by /usb_cam/image_proc
[rosmaster.master][INFO] 2020-01-31 22:21:43,528: +PUB [/whycon_display/image_view/parameter_descriptions] /whycon_display/image_view http://itachi-HP-Pavilion-Laptop-15-cc1xx:45899/
[rosmaster.master][INFO] 2020-01-31 22:21:43,528: +PUB [/usb_cam/image_rect] /usb_cam/image_proc http://itachi-HP-Pavilion-Laptop-15-cc1xx:43841/
[rosmaster.master][INFO] 2020-01-31 22:21:43,529: +PUB [/whycon_display/image_view/parameter_updates] /whycon_display/image_view http://itachi-HP-Pavilion-Laptop-15-cc1xx:45899/
[rosmaster.master][INFO] 2020-01-31 22:21:43,529: +PUB [/usb_cam/image_rect/theora] /usb_cam/image_proc http://itachi-HP-Pavilion-Laptop-15-cc1xx:43841/
[rosmaster.master][INFO] 2020-01-31 22:21:43,531: +SERVICE [/usb_cam/image_rect/theora/set_parameters] /usb_cam/image_proc http://itachi-HP-Pavilion-Laptop-15-cc1xx:43841/
[rosmaster.master][INFO] 2020-01-31 22:21:43,532: +PUB [/usb_cam/image_rect/theora/parameter_descriptions] /usb_cam/image_proc http://itachi-HP-Pavilion-Laptop-15-cc1xx:43841/
[rosmaster.master][INFO] 2020-01-31 22:21:43,534: +PUB [/usb_cam/image_rect/theora/parameter_updates] /usb_cam/image_proc http://itachi-HP-Pavilion-Laptop-15-cc1xx:43841/
[rosmaster.master][INFO] 2020-01-31 22:21:43,534: +PARAM [/whycon_display/image_view/do_dynamic_scaling] by /whycon_display/image_view
[rosmaster.master][INFO] 2020-01-31 22:21:43,535: publisherUpdate[/usb_cam/camera_info] -> http://itachi-HP-Pavilion-Laptop-15-cc1xx:36287/ ['http://itachi-HP-Pavilion-Laptop-15-cc1xx:42947/']
[rosmaster.master][INFO] 2020-01-31 22:21:43,536: +PARAM [/whycon_display/image_view/colormap] by /whycon_display/image_view
[rosmaster.master][INFO] 2020-01-31 22:21:43,536: publisherUpdate[/usb_cam/camera_info] -> http://itachi-HP-Pavilion-Laptop-15-cc1xx:36287/ ['http://itachi-HP-Pavilion-Laptop-15-cc1xx:42947/']: sec=0.00, result=[1, '', 0]
[rosmaster.master][INFO] 2020-01-31 22:21:43,538: +PARAM [/whycon_display/image_view/min_image_value] by /whycon_display/image_view
[rosmaster.master][INFO] 2020-01-31 22:21:43,539: +PARAM [/whycon_display/image_view/max_image_value] by /whycon_display/image_view
[rosmaster.master][INFO] 2020-01-31 22:21:43,540: +PARAM [/whycon_display/image_view/do_dynamic_scaling] by /whycon_display/image_view
[rosmaster.master][INFO] 2020-01-31 22:21:43,540: +PARAM [/usb_cam/image_rect/theora/optimize_for] by /usb_cam/image_proc
[rosmaster.master][INFO] 2020-01-31 22:21:43,540: +PARAM [/whycon_display/image_view/colormap] by /whycon_display/image_view
[rosmaster.master][INFO] 2020-01-31 22:21:43,541: +PARAM [/usb_cam/image_rect/theora/target_bitrate] by /usb_cam/image_proc
[rosmaster.master][INFO] 2020-01-31 22:21:43,541: +PARAM [/whycon_display/image_view/min_image_value] by /whycon_display/image_view
[rosmaster.master][INFO] 2020-01-31 22:21:43,542: +PARAM [/usb_cam/image_rect/theora/quality] by /usb_cam/image_proc
[rosmaster.master][INFO] 2020-01-31 22:21:43,542: +PARAM [/whycon_display/image_view/max_image_value] by /whycon_display/image_view
[rosmaster.master][INFO] 2020-01-31 22:21:43,543: +PARAM [/usb_cam/image_rect/theora/keyframe_frequency] by /usb_cam/image_proc
[rosmaster.master][INFO] 2020-01-31 22:21:43,544: +PARAM [/usb_cam/image_rect/theora/optimize_for] by /usb_cam/image_proc
[rosmaster.master][INFO] 2020-01-31 22:21:43,544: +PARAM [/usb_cam/image_rect/theora/target_bitrate] by /usb_cam/image_proc
[rosmaster.master][INFO] 2020-01-31 22:21:43,545: +PARAM [/usb_cam/image_rect/theora/quality] by /usb_cam/image_proc
[rosmaster.master][INFO] 2020-01-31 22:21:43,545: +PARAM [/usb_cam/image_rect/theora/keyframe_frequency] by /usb_cam/image_proc
[rosmaster.master][INFO] 2020-01-31 22:21:43,548: +SERVICE [/usb_cam/image_proc_rectify_color/set_parameters] /usb_cam/image_proc http://itachi-HP-Pavilion-Laptop-15-cc1xx:43841/
[rosmaster.master][INFO] 2020-01-31 22:21:43,549: +PUB [/usb_cam/image_proc_rectify_color/parameter_descriptions] /usb_cam/image_proc http://itachi-HP-Pavilion-Laptop-15-cc1xx:43841/
[rosmaster.master][INFO] 2020-01-31 22:21:43,549: +PUB [/usb_cam/image_proc_rectify_color/parameter_updates] /usb_cam/image_proc http://itachi-HP-Pavilion-Laptop-15-cc1xx:43841/
[rosmaster.master][INFO] 2020-01-31 22:21:43,550: +PARAM [/usb_cam/image_proc_rectify_color/interpolation] by /usb_cam/image_proc
[rosmaster.master][INFO] 2020-01-31 22:21:43,551: +PARAM [/usb_cam/image_proc_rectify_color/interpolation] by /usb_cam/image_proc
[rosmaster.master][INFO] 2020-01-31 22:21:43,552: +PUB [/usb_cam/image_rect_color/compressedDepth] /usb_cam/image_proc http://itachi-HP-Pavilion-Laptop-15-cc1xx:43841/
[rosmaster.master][INFO] 2020-01-31 22:21:43,552: +SERVICE [/usb_cam/image_rect_color/compressedDepth/set_parameters] /usb_cam/image_proc http://itachi-HP-Pavilion-Laptop-15-cc1xx:43841/
[rosmaster.master][INFO] 2020-01-31 22:21:43,553: +PUB [/usb_cam/image_rect_color/compressedDepth/parameter_descriptions] /usb_cam/image_proc http://itachi-HP-Pavilion-Laptop-15-cc1xx:43841/
[rosmaster.master][INFO] 2020-01-31 22:21:43,554: +PUB [/usb_cam/image_rect_color/compressedDepth/parameter_updates] /usb_cam/image_proc http://itachi-HP-Pavilion-Laptop-15-cc1xx:43841/
[rosmaster.master][INFO] 2020-01-31 22:21:43,555: +PARAM [/usb_cam/image_rect_color/compressedDepth/depth_max] by /usb_cam/image_proc
[rosmaster.master][INFO] 2020-01-31 22:21:43,556: +PARAM [/usb_cam/image_rect_color/compressedDepth/depth_quantization] by /usb_cam/image_proc
[rosmaster.master][INFO] 2020-01-31 22:21:43,556: +PARAM [/usb_cam/image_rect_color/compressedDepth/png_level] by /usb_cam/image_proc
[rosmaster.master][INFO] 2020-01-31 22:21:43,557: +PARAM [/usb_cam/image_rect_color/compressedDepth/depth_max] by /usb_cam/image_proc
[rosmaster.master][INFO] 2020-01-31 22:21:43,557: +PARAM [/usb_cam/image_rect_color/compressedDepth/depth_quantization] by /usb_cam/image_proc
[rosmaster.master][INFO] 2020-01-31 22:21:43,558: +PARAM [/usb_cam/image_rect_color/compressedDepth/png_level] by /usb_cam/image_proc
[rosmaster.master][INFO] 2020-01-31 22:21:43,559: +PUB [/usb_cam/image_rect_color/compressed] /usb_cam/image_proc http://itachi-HP-Pavilion-Laptop-15-cc1xx:43841/
[rosmaster.master][INFO] 2020-01-31 22:21:43,559: +SERVICE [/usb_cam/image_rect_color/compressed/set_parameters] /usb_cam/image_proc http://itachi-HP-Pavilion-Laptop-15-cc1xx:43841/
[rosmaster.master][INFO] 2020-01-31 22:21:43,560: +PUB [/usb_cam/image_rect_color/compressed/parameter_descriptions] /usb_cam/image_proc http://itachi-HP-Pavilion-Laptop-15-cc1xx:43841/
[rosmaster.master][INFO] 2020-01-31 22:21:43,560: +PUB [/usb_cam/image_rect_color/compressed/parameter_updates] /usb_cam/image_proc http://itachi-HP-Pavilion-Laptop-15-cc1xx:43841/
[rosmaster.master][INFO] 2020-01-31 22:21:43,562: +PARAM [/usb_cam/image_rect_color/compressed/format] by /usb_cam/image_proc
[rosmaster.master][INFO] 2020-01-31 22:21:43,563: +PARAM [/usb_cam/image_rect_color/compressed/jpeg_quality] by /usb_cam/image_proc
[rosmaster.master][INFO] 2020-01-31 22:21:43,564: +PARAM [/usb_cam/image_rect_color/compressed/png_level] by /usb_cam/image_proc
[rosmaster.master][INFO] 2020-01-31 22:21:43,565: +PARAM [/usb_cam/image_rect_color/compressed/format] by /usb_cam/image_proc
[rosmaster.master][INFO] 2020-01-31 22:21:43,566: +PARAM [/usb_cam/image_rect_color/compressed/jpeg_quality] by /usb_cam/image_proc
[rosmaster.master][INFO] 2020-01-31 22:21:43,566: +PARAM [/usb_cam/image_rect_color/compressed/png_level] by /usb_cam/image_proc
[rosmaster.master][INFO] 2020-01-31 22:21:43,567: +PUB [/usb_cam/image_rect_color] /usb_cam/image_proc http://itachi-HP-Pavilion-Laptop-15-cc1xx:43841/
[rosmaster.master][INFO] 2020-01-31 22:21:43,568: +PUB [/usb_cam/image_rect_color/theora] /usb_cam/image_proc http://itachi-HP-Pavilion-Laptop-15-cc1xx:43841/
[rosmaster.master][INFO] 2020-01-31 22:21:43,568: +SERVICE [/usb_cam/image_rect_color/theora/set_parameters] /usb_cam/image_proc http://itachi-HP-Pavilion-Laptop-15-cc1xx:43841/
[rosmaster.master][INFO] 2020-01-31 22:21:43,569: +PUB [/usb_cam/image_rect_color/theora/parameter_descriptions] /usb_cam/image_proc http://itachi-HP-Pavilion-Laptop-15-cc1xx:43841/
[rosmaster.master][INFO] 2020-01-31 22:21:43,569: +PUB [/usb_cam/image_rect_color/theora/parameter_updates] /usb_cam/image_proc http://itachi-HP-Pavilion-Laptop-15-cc1xx:43841/
[rosmaster.master][INFO] 2020-01-31 22:21:43,572: +PARAM [/usb_cam/image_rect_color/theora/optimize_for] by /usb_cam/image_proc
[rosmaster.master][INFO] 2020-01-31 22:21:43,572: +PARAM [/usb_cam/image_rect_color/theora/target_bitrate] by /usb_cam/image_proc
[rosmaster.master][INFO] 2020-01-31 22:21:43,573: +PARAM [/usb_cam/image_rect_color/theora/quality] by /usb_cam/image_proc
[rosmaster.master][INFO] 2020-01-31 22:21:43,573: +PARAM [/usb_cam/image_rect_color/theora/keyframe_frequency] by /usb_cam/image_proc
[rosmaster.master][INFO] 2020-01-31 22:21:43,574: +PARAM [/usb_cam/image_rect_color/theora/optimize_for] by /usb_cam/image_proc
[rosmaster.master][INFO] 2020-01-31 22:21:43,574: +PARAM [/usb_cam/image_rect_color/theora/target_bitrate] by /usb_cam/image_proc
[rosmaster.master][INFO] 2020-01-31 22:21:43,575: +PARAM [/usb_cam/image_rect_color/theora/quality] by /usb_cam/image_proc
[rosmaster.master][INFO] 2020-01-31 22:21:43,575: +PARAM [/usb_cam/image_rect_color/theora/keyframe_frequency] by /usb_cam/image_proc
[rosmaster.master][INFO] 2020-01-31 22:21:43,637: publisherUpdate[/usb_cam/image_rect_color] -> http://itachi-HP-Pavilion-Laptop-15-cc1xx:34571/ ['http://itachi-HP-Pavilion-Laptop-15-cc1xx:43841/']
[rosmaster.master][INFO] 2020-01-31 22:21:43,637: publisherUpdate[/usb_cam/image_rect_color] -> http://itachi-HP-Pavilion-Laptop-15-cc1xx:36287/ ['http://itachi-HP-Pavilion-Laptop-15-cc1xx:43841/']
[rosmaster.master][INFO] 2020-01-31 22:21:43,642: publisherUpdate[/usb_cam/image_rect_color] -> http://itachi-HP-Pavilion-Laptop-15-cc1xx:36287/ ['http://itachi-HP-Pavilion-Laptop-15-cc1xx:43841/']: sec=0.00, result=[1, '', 0]
[rosmaster.master][INFO] 2020-01-31 22:21:43,643: -PUB [/rosout] /usb_cam http://itachi-HP-Pavilion-Laptop-15-cc1xx:42947/
[rosmaster.master][INFO] 2020-01-31 22:21:43,643: publisherUpdate[/rosout] -> http://itachi-HP-Pavilion-Laptop-15-cc1xx:41219/ ['http://itachi-HP-Pavilion-Laptop-15-cc1xx:34571/', 'http://itachi-HP-Pavilion-Laptop-15-cc1xx:43841/', 'http://itachi-HP-Pavilion-Laptop-15-cc1xx:36287/', 'http://itachi-HP-Pavilion-Laptop-15-cc1xx:45899/']
[rosmaster.master][INFO] 2020-01-31 22:21:43,645: publisherUpdate[/usb_cam/image_rect_color] -> http://itachi-HP-Pavilion-Laptop-15-cc1xx:34571/ ['http://itachi-HP-Pavilion-Laptop-15-cc1xx:43841/']: sec=0.00, result=[1, '', 0]
[rosmaster.master][INFO] 2020-01-31 22:21:43,649: publisherUpdate[/rosout] -> http://itachi-HP-Pavilion-Laptop-15-cc1xx:41219/ ['http://itachi-HP-Pavilion-Laptop-15-cc1xx:34571/', 'http://itachi-HP-Pavilion-Laptop-15-cc1xx:43841/', 'http://itachi-HP-Pavilion-Laptop-15-cc1xx:36287/', 'http://itachi-HP-Pavilion-Laptop-15-cc1xx:45899/']: sec=0.00, result=[1, '', 0]
[rosmaster.master][INFO] 2020-01-31 22:21:43,650: -PUB [/usb_cam/image_raw/compressedDepth] /usb_cam http://itachi-HP-Pavilion-Laptop-15-cc1xx:42947/
[rosmaster.master][INFO] 2020-01-31 22:21:43,652: -PUB [/usb_cam/image_raw/compressedDepth/parameter_descriptions] /usb_cam http://itachi-HP-Pavilion-Laptop-15-cc1xx:42947/
[rosmaster.master][INFO] 2020-01-31 22:21:43,654: -PUB [/usb_cam/image_raw/compressedDepth/parameter_updates] /usb_cam http://itachi-HP-Pavilion-Laptop-15-cc1xx:42947/
[rosmaster.master][INFO] 2020-01-31 22:21:43,657: -PUB [/usb_cam/image_raw/compressed] /usb_cam http://itachi-HP-Pavilion-Laptop-15-cc1xx:42947/
[rosmaster.master][INFO] 2020-01-31 22:21:43,659: -PUB [/usb_cam/image_raw/compressed/parameter_descriptions] /usb_cam http://itachi-HP-Pavilion-Laptop-15-cc1xx:42947/
[rosmaster.master][INFO] 2020-01-31 22:21:43,662: -PUB [/usb_cam/image_raw/compressed/parameter_updates] /usb_cam http://itachi-HP-Pavilion-Laptop-15-cc1xx:42947/
[rosmaster.master][INFO] 2020-01-31 22:21:43,664: -PUB [/usb_cam/image_raw] /usb_cam http://itachi-HP-Pavilion-Laptop-15-cc1xx:42947/
[rosmaster.master][INFO] 2020-01-31 22:21:43,667: -PUB [/usb_cam/image_raw/theora] /usb_cam http://itachi-HP-Pavilion-Laptop-15-cc1xx:42947/
[rosmaster.master][INFO] 2020-01-31 22:21:43,669: -PUB [/usb_cam/image_raw/theora/parameter_descriptions] /usb_cam http://itachi-HP-Pavilion-Laptop-15-cc1xx:42947/
[rosmaster.master][INFO] 2020-01-31 22:21:43,671: -PUB [/usb_cam/image_raw/theora/parameter_updates] /usb_cam http://itachi-HP-Pavilion-Laptop-15-cc1xx:42947/
[rosmaster.master][INFO] 2020-01-31 22:21:43,674: -PUB [/usb_cam/camera_info] /usb_cam http://itachi-HP-Pavilion-Laptop-15-cc1xx:42947/
[rosmaster.master][INFO] 2020-01-31 22:21:43,708: +SUB [/usb_cam/image_color] /usb_cam/image_proc http://itachi-HP-Pavilion-Laptop-15-cc1xx:43841/
[rosmaster.master][INFO] 2020-01-31 22:21:43,721: +SUB [/usb_cam/camera_info] /usb_cam/image_proc http://itachi-HP-Pavilion-Laptop-15-cc1xx:43841/
[rosmaster.master][INFO] 2020-01-31 22:21:43,732: +SUB [/usb_cam/image_raw] /usb_cam/image_proc http://itachi-HP-Pavilion-Laptop-15-cc1xx:43841/
[rosmaster.master][INFO] 2020-01-31 22:21:43,739: publisherUpdate[/usb_cam/camera_info] -> http://itachi-HP-Pavilion-Laptop-15-cc1xx:36287/ []
[rosmaster.master][INFO] 2020-01-31 22:21:43,740: publisherUpdate[/usb_cam/camera_info] -> http://itachi-HP-Pavilion-Laptop-15-cc1xx:36287/ []: sec=0.00, result=[1, '', 0]
[rosmaster.master][INFO] 2020-01-31 22:21:51,258: -PUB [/rosout] /whycon_display/image_view http://itachi-HP-Pavilion-Laptop-15-cc1xx:45899/
[rosmaster.master][INFO] 2020-01-31 22:21:51,259: -PUB [/whycon_display/image_view/output] /whycon_display/image_view http://itachi-HP-Pavilion-Laptop-15-cc1xx:45899/
[rosmaster.master][INFO] 2020-01-31 22:21:51,259: -PUB [/whycon_display/image_view/parameter_descriptions] /whycon_display/image_view http://itachi-HP-Pavilion-Laptop-15-cc1xx:45899/
[rosmaster.master][INFO] 2020-01-31 22:21:51,259: publisherUpdate[/rosout] -> http://itachi-HP-Pavilion-Laptop-15-cc1xx:41219/ ['http://itachi-HP-Pavilion-Laptop-15-cc1xx:34571/', 'http://itachi-HP-Pavilion-Laptop-15-cc1xx:43841/', 'http://itachi-HP-Pavilion-Laptop-15-cc1xx:36287/']
[rosmaster.master][INFO] 2020-01-31 22:21:51,260: -PUB [/rosout] /whycon http://itachi-HP-Pavilion-Laptop-15-cc1xx:36287/
[rosmaster.master][INFO] 2020-01-31 22:21:51,260: publisherUpdate[/rosout] -> http://itachi-HP-Pavilion-Laptop-15-cc1xx:41219/ ['http://itachi-HP-Pavilion-Laptop-15-cc1xx:34571/', 'http://itachi-HP-Pavilion-Laptop-15-cc1xx:43841/', 'http://itachi-HP-Pavilion-Laptop-15-cc1xx:36287/']: sec=0.00, result=[1, '', 0]
[rosmaster.master][INFO] 2020-01-31 22:21:51,261: -PUB [/rosout] /usb_cam/image_proc http://itachi-HP-Pavilion-Laptop-15-cc1xx:43841/
[rosmaster.master][INFO] 2020-01-31 22:21:51,261: publisherUpdate[/rosout] -> http://itachi-HP-Pavilion-Laptop-15-cc1xx:41219/ ['http://itachi-HP-Pavilion-Laptop-15-cc1xx:34571/', 'http://itachi-HP-Pavilion-Laptop-15-cc1xx:43841/']
[rosmaster.master][INFO] 2020-01-31 22:21:51,262: publisherUpdate[/rosout] -> http://itachi-HP-Pavilion-Laptop-15-cc1xx:41219/ ['http://itachi-HP-Pavilion-Laptop-15-cc1xx:34571/', 'http://itachi-HP-Pavilion-Laptop-15-cc1xx:43841/']: sec=0.00, result=[1, '', 0]
[rosmaster.master][INFO] 2020-01-31 22:21:51,262: -PUB [/whycon_display/image_view/parameter_updates] /whycon_display/image_view http://itachi-HP-Pavilion-Laptop-15-cc1xx:45899/
[rosmaster.master][INFO] 2020-01-31 22:21:51,263: publisherUpdate[/rosout] -> http://itachi-HP-Pavilion-Laptop-15-cc1xx:41219/ ['http://itachi-HP-Pavilion-Laptop-15-cc1xx:34571/']
[rosmaster.master][INFO] 2020-01-31 22:21:51,264: -PUB [/tf] /whycon http://itachi-HP-Pavilion-Laptop-15-cc1xx:36287/
[rosmaster.master][INFO] 2020-01-31 22:21:51,264: -PUB [/usb_cam/image_proc_debayer/parameter_descriptions] /usb_cam/image_proc http://itachi-HP-Pavilion-Laptop-15-cc1xx:43841/
[rosmaster.master][INFO] 2020-01-31 22:21:51,264: publisherUpdate[/rosout] -> http://itachi-HP-Pavilion-Laptop-15-cc1xx:41219/ ['http://itachi-HP-Pavilion-Laptop-15-cc1xx:34571/']: sec=0.00, result=[1, '', 0]
[rosmaster.master][INFO] 2020-01-31 22:21:51,265: -SUB [/whycon/image_out] /whycon_display/image_view http://itachi-HP-Pavilion-Laptop-15-cc1xx:45899/
[rosmaster.master][INFO] 2020-01-31 22:21:51,265: -PUB [/whycon/image_out] /whycon http://itachi-HP-Pavilion-Laptop-15-cc1xx:36287/
[rosmaster.master][INFO] 2020-01-31 22:21:51,266: -PUB [/usb_cam/image_proc_debayer/parameter_updates] /usb_cam/image_proc http://itachi-HP-Pavilion-Laptop-15-cc1xx:43841/
[rosmaster.master][INFO] 2020-01-31 22:21:51,267: -SERVICE [/whycon_display/image_view/get_loggers] /whycon_display/image_view rosrpc://itachi-HP-Pavilion-Laptop-15-cc1xx:41663
[rosmaster.master][INFO] 2020-01-31 22:21:51,267: -PUB [/whycon/poses] /whycon http://itachi-HP-Pavilion-Laptop-15-cc1xx:36287/
[rosmaster.master][INFO] 2020-01-31 22:21:51,267: -PUB [/usb_cam/image_mono/compressedDepth] /usb_cam/image_proc http://itachi-HP-Pavilion-Laptop-15-cc1xx:43841/
[rosmaster.master][INFO] 2020-01-31 22:21:51,268: -SERVICE [/whycon_display/image_view/set_logger_level] /whycon_display/image_view rosrpc://itachi-HP-Pavilion-Laptop-15-cc1xx:41663
[rosmaster.master][INFO] 2020-01-31 22:21:51,269: -PUB [/whycon/context] /whycon http://itachi-HP-Pavilion-Laptop-15-cc1xx:36287/
[rosmaster.master][INFO] 2020-01-31 22:21:51,269: -PUB [/usb_cam/image_mono/compressedDepth/parameter_descriptions] /usb_cam/image_proc http://itachi-HP-Pavilion-Laptop-15-cc1xx:43841/
[rosmaster.master][INFO] 2020-01-31 22:21:51,270: -SERVICE [/whycon_display/image_view/set_parameters] /whycon_display/image_view rosrpc://itachi-HP-Pavilion-Laptop-15-cc1xx:41663
[rosmaster.master][INFO] 2020-01-31 22:21:51,270: -PUB [/whycon/projection] /whycon http://itachi-HP-Pavilion-Laptop-15-cc1xx:36287/
[rosmaster.master][INFO] 2020-01-31 22:21:51,271: -PUB [/usb_cam/image_mono/compressedDepth/parameter_updates] /usb_cam/image_proc http://itachi-HP-Pavilion-Laptop-15-cc1xx:43841/
[rosmaster.master][INFO] 2020-01-31 22:21:51,271: -SUB [/usb_cam/image_rect_color] /whycon http://itachi-HP-Pavilion-Laptop-15-cc1xx:36287/
[rosmaster.master][INFO] 2020-01-31 22:21:51,272: -PUB [/usb_cam/image_mono/compressed] /usb_cam/image_proc http://itachi-HP-Pavilion-Laptop-15-cc1xx:43841/
[rosmaster.master][INFO] 2020-01-31 22:21:51,272: -SUB [/usb_cam/camera_info] /whycon http://itachi-HP-Pavilion-Laptop-15-cc1xx:36287/
[rosmaster.master][INFO] 2020-01-31 22:21:51,273: -PUB [/usb_cam/image_mono/compressed/parameter_descriptions] /usb_cam/image_proc http://itachi-HP-Pavilion-Laptop-15-cc1xx:43841/
[rosmaster.master][INFO] 2020-01-31 22:21:51,273: -SERVICE [/whycon/get_loggers] /whycon rosrpc://itachi-HP-Pavilion-Laptop-15-cc1xx:42685
[rosmaster.master][INFO] 2020-01-31 22:21:51,274: -PUB [/usb_cam/image_mono/compressed/parameter_updates] /usb_cam/image_proc http://itachi-HP-Pavilion-Laptop-15-cc1xx:43841/
[rosmaster.master][INFO] 2020-01-31 22:21:51,274: -SERVICE [/whycon/set_logger_level] /whycon rosrpc://itachi-HP-Pavilion-Laptop-15-cc1xx:42685
[rosmaster.master][INFO] 2020-01-31 22:21:51,275: -PUB [/usb_cam/image_mono] /usb_cam/image_proc http://itachi-HP-Pavilion-Laptop-15-cc1xx:43841/
[rosmaster.master][INFO] 2020-01-31 22:21:51,275: -SERVICE [/whycon/reset] /whycon rosrpc://itachi-HP-Pavilion-Laptop-15-cc1xx:42685
[rosmaster.master][INFO] 2020-01-31 22:21:51,276: -PUB [/usb_cam/image_mono/theora] /usb_cam/image_proc http://itachi-HP-Pavilion-Laptop-15-cc1xx:43841/
[rosmaster.master][INFO] 2020-01-31 22:21:51,276: -PUB [/usb_cam/image_mono/theora/parameter_descriptions] /usb_cam/image_proc http://itachi-HP-Pavilion-Laptop-15-cc1xx:43841/
[rosmaster.master][INFO] 2020-01-31 22:21:51,277: -PUB [/usb_cam/image_mono/theora/parameter_updates] /usb_cam/image_proc http://itachi-HP-Pavilion-Laptop-15-cc1xx:43841/
[rosmaster.master][INFO] 2020-01-31 22:21:51,277: -PUB [/usb_cam/image_color/compressedDepth] /usb_cam/image_proc http://itachi-HP-Pavilion-Laptop-15-cc1xx:43841/
[rosmaster.master][INFO] 2020-01-31 22:21:51,278: -PUB [/usb_cam/image_color/compressedDepth/parameter_descriptions] /usb_cam/image_proc http://itachi-HP-Pavilion-Laptop-15-cc1xx:43841/
[rosmaster.master][INFO] 2020-01-31 22:21:51,278: -PUB [/usb_cam/image_color/compressedDepth/parameter_updates] /usb_cam/image_proc http://itachi-HP-Pavilion-Laptop-15-cc1xx:43841/
[rosmaster.master][INFO] 2020-01-31 22:21:51,279: -PUB [/usb_cam/image_color/compressed] /usb_cam/image_proc http://itachi-HP-Pavilion-Laptop-15-cc1xx:43841/
[rosmaster.master][INFO] 2020-01-31 22:21:51,279: -PUB [/usb_cam/image_color/compressed/parameter_descriptions] /usb_cam/image_proc http://itachi-HP-Pavilion-Laptop-15-cc1xx:43841/
[rosmaster.master][INFO] 2020-01-31 22:21:51,279: -PUB [/usb_cam/image_color/compressed/parameter_updates] /usb_cam/image_proc http://itachi-HP-Pavilion-Laptop-15-cc1xx:43841/
[rosmaster.master][INFO] 2020-01-31 22:21:51,280: -PUB [/usb_cam/image_color] /usb_cam/image_proc http://itachi-HP-Pavilion-Laptop-15-cc1xx:43841/
[rosmaster.master][INFO] 2020-01-31 22:21:51,280: -PUB [/usb_cam/image_color/theora] /usb_cam/image_proc http://itachi-HP-Pavilion-Laptop-15-cc1xx:43841/
[rosmaster.master][INFO] 2020-01-31 22:21:51,281: -PUB [/usb_cam/image_color/theora/parameter_descriptions] /usb_cam/image_proc http://itachi-HP-Pavilion-Laptop-15-cc1xx:43841/
[rosmaster.master][INFO] 2020-01-31 22:21:51,281: -PUB [/usb_cam/image_color/theora/parameter_updates] /usb_cam/image_proc http://itachi-HP-Pavilion-Laptop-15-cc1xx:43841/
[rosmaster.master][INFO] 2020-01-31 22:21:51,282: -PUB [/usb_cam/image_proc_rectify_mono/parameter_descriptions] /usb_cam/image_proc http://itachi-HP-Pavilion-Laptop-15-cc1xx:43841/
[rosmaster.master][INFO] 2020-01-31 22:21:51,282: -PUB [/usb_cam/image_proc_rectify_mono/parameter_updates] /usb_cam/image_proc http://itachi-HP-Pavilion-Laptop-15-cc1xx:43841/
[rosmaster.master][INFO] 2020-01-31 22:21:51,283: -PUB [/usb_cam/image_rect/compressedDepth] /usb_cam/image_proc http://itachi-HP-Pavilion-Laptop-15-cc1xx:43841/
[rosmaster.master][INFO] 2020-01-31 22:21:51,283: -PUB [/usb_cam/image_rect/compressedDepth/parameter_descriptions] /usb_cam/image_proc http://itachi-HP-Pavilion-Laptop-15-cc1xx:43841/
[rosmaster.master][INFO] 2020-01-31 22:21:51,283: -PUB [/usb_cam/image_rect/compressedDepth/parameter_updates] /usb_cam/image_proc http://itachi-HP-Pavilion-Laptop-15-cc1xx:43841/
[rosmaster.master][INFO] 2020-01-31 22:21:51,284: -PUB [/usb_cam/image_rect/compressed] /usb_cam/image_proc http://itachi-HP-Pavilion-Laptop-15-cc1xx:43841/
[rosmaster.master][INFO] 2020-01-31 22:21:51,284: -PUB [/usb_cam/image_rect/compressed/parameter_descriptions] /usb_cam/image_proc http://itachi-HP-Pavilion-Laptop-15-cc1xx:43841/
[rosmaster.master][INFO] 2020-01-31 22:21:51,285: -PUB [/usb_cam/image_rect/compressed/parameter_updates] /usb_cam/image_proc http://itachi-HP-Pavilion-Laptop-15-cc1xx:43841/
[rosmaster.master][INFO] 2020-01-31 22:21:51,285: -PUB [/usb_cam/image_rect] /usb_cam/image_proc http://itachi-HP-Pavilion-Laptop-15-cc1xx:43841/
[rosmaster.master][INFO] 2020-01-31 22:21:51,286: -PUB [/usb_cam/image_rect/theora] /usb_cam/image_proc http://itachi-HP-Pavilion-Laptop-15-cc1xx:43841/
[rosmaster.master][INFO] 2020-01-31 22:21:51,286: -PUB [/usb_cam/image_rect/theora/parameter_descriptions] /usb_cam/image_proc http://itachi-HP-Pavilion-Laptop-15-cc1xx:43841/
[rosmaster.master][INFO] 2020-01-31 22:21:51,287: -PUB [/usb_cam/image_rect/theora/parameter_updates] /usb_cam/image_proc http://itachi-HP-Pavilion-Laptop-15-cc1xx:43841/
[rosmaster.master][INFO] 2020-01-31 22:21:51,287: -PUB [/usb_cam/image_proc_rectify_color/parameter_descriptions] /usb_cam/image_proc http://itachi-HP-Pavilion-Laptop-15-cc1xx:43841/
[rosmaster.master][INFO] 2020-01-31 22:21:51,287: -PUB [/usb_cam/image_proc_rectify_color/parameter_updates] /usb_cam/image_proc http://itachi-HP-Pavilion-Laptop-15-cc1xx:43841/
[rosmaster.master][INFO] 2020-01-31 22:21:51,288: -PUB [/usb_cam/image_rect_color/compressedDepth] /usb_cam/image_proc http://itachi-HP-Pavilion-Laptop-15-cc1xx:43841/
[rosmaster.master][INFO] 2020-01-31 22:21:51,288: -PUB [/usb_cam/image_rect_color/compressedDepth/parameter_descriptions] /usb_cam/image_proc http://itachi-HP-Pavilion-Laptop-15-cc1xx:43841/
[rosmaster.master][INFO] 2020-01-31 22:21:51,289: -PUB [/usb_cam/image_rect_color/compressedDepth/parameter_updates] /usb_cam/image_proc http://itachi-HP-Pavilion-Laptop-15-cc1xx:43841/
[rosmaster.master][INFO] 2020-01-31 22:21:51,289: -PUB [/usb_cam/image_rect_color/compressed] /usb_cam/image_proc http://itachi-HP-Pavilion-Laptop-15-cc1xx:43841/
[rosmaster.master][INFO] 2020-01-31 22:21:51,290: -PUB [/usb_cam/image_rect_color/compressed/parameter_descriptions] /usb_cam/image_proc http://itachi-HP-Pavilion-Laptop-15-cc1xx:43841/
[rosmaster.master][INFO] 2020-01-31 22:21:51,290: -PUB [/usb_cam/image_rect_color/compressed/parameter_updates] /usb_cam/image_proc http://itachi-HP-Pavilion-Laptop-15-cc1xx:43841/
[rosmaster.master][INFO] 2020-01-31 22:21:51,290: -PUB [/usb_cam/image_rect_color] /usb_cam/image_proc http://itachi-HP-Pavilion-Laptop-15-cc1xx:43841/
[rosmaster.master][INFO] 2020-01-31 22:21:51,291: -PUB [/usb_cam/image_rect_color/theora] /usb_cam/image_proc http://itachi-HP-Pavilion-Laptop-15-cc1xx:43841/
[rosmaster.master][INFO] 2020-01-31 22:21:51,291: -PUB [/usb_cam/image_rect_color/theora/parameter_descriptions] /usb_cam/image_proc http://itachi-HP-Pavilion-Laptop-15-cc1xx:43841/
[rosmaster.master][INFO] 2020-01-31 22:21:51,292: -PUB [/usb_cam/image_rect_color/theora/parameter_updates] /usb_cam/image_proc http://itachi-HP-Pavilion-Laptop-15-cc1xx:43841/
[rosmaster.master][INFO] 2020-01-31 22:21:51,292: -SUB [/usb_cam/image_color] /usb_cam/image_proc http://itachi-HP-Pavilion-Laptop-15-cc1xx:43841/
[rosmaster.master][INFO] 2020-01-31 22:21:51,293: -SUB [/usb_cam/camera_info] /usb_cam/image_proc http://itachi-HP-Pavilion-Laptop-15-cc1xx:43841/
[rosmaster.master][INFO] 2020-01-31 22:21:51,293: -SUB [/usb_cam/image_raw] /usb_cam/image_proc http://itachi-HP-Pavilion-Laptop-15-cc1xx:43841/
[rosmaster.master][INFO] 2020-01-31 22:21:51,294: -SERVICE [/usb_cam/image_proc/get_loggers] /usb_cam/image_proc rosrpc://itachi-HP-Pavilion-Laptop-15-cc1xx:53907
[rosmaster.master][INFO] 2020-01-31 22:21:51,294: -SERVICE [/usb_cam/image_proc/set_logger_level] /usb_cam/image_proc rosrpc://itachi-HP-Pavilion-Laptop-15-cc1xx:53907
[rosmaster.master][INFO] 2020-01-31 22:21:51,294: -SERVICE [/usb_cam/image_proc_debayer/set_parameters] /usb_cam/image_proc rosrpc://itachi-HP-Pavilion-Laptop-15-cc1xx:53907
[rosmaster.master][INFO] 2020-01-31 22:21:51,295: -SERVICE [/usb_cam/image_mono/compressedDepth/set_parameters] /usb_cam/image_proc rosrpc://itachi-HP-Pavilion-Laptop-15-cc1xx:53907
[rosmaster.master][INFO] 2020-01-31 22:21:51,295: -SERVICE [/usb_cam/image_mono/compressed/set_parameters] /usb_cam/image_proc rosrpc://itachi-HP-Pavilion-Laptop-15-cc1xx:53907
[rosmaster.master][INFO] 2020-01-31 22:21:51,296: -SERVICE [/usb_cam/image_mono/theora/set_parameters] /usb_cam/image_proc rosrpc://itachi-HP-Pavilion-Laptop-15-cc1xx:53907
[rosmaster.master][INFO] 2020-01-31 22:21:51,296: -SERVICE [/usb_cam/image_color/compressedDepth/set_parameters] /usb_cam/image_proc rosrpc://itachi-HP-Pavilion-Laptop-15-cc1xx:53907
[rosmaster.master][INFO] 2020-01-31 22:21:51,297: -SERVICE [/usb_cam/image_color/compressed/set_parameters] /usb_cam/image_proc rosrpc://itachi-HP-Pavilion-Laptop-15-cc1xx:53907
[rosmaster.master][INFO] 2020-01-31 22:21:51,297: -SERVICE [/usb_cam/image_color/theora/set_parameters] /usb_cam/image_proc rosrpc://itachi-HP-Pavilion-Laptop-15-cc1xx:53907
[rosmaster.master][INFO] 2020-01-31 22:21:51,297: -SERVICE [/usb_cam/image_proc_rectify_mono/set_parameters] /usb_cam/image_proc rosrpc://itachi-HP-Pavilion-Laptop-15-cc1xx:53907
[rosmaster.master][INFO] 2020-01-31 22:21:51,298: -SERVICE [/usb_cam/image_rect/compressedDepth/set_parameters] /usb_cam/image_proc rosrpc://itachi-HP-Pavilion-Laptop-15-cc1xx:53907
[rosmaster.master][INFO] 2020-01-31 22:21:51,298: -SERVICE [/usb_cam/image_rect/compressed/set_parameters] /usb_cam/image_proc rosrpc://itachi-HP-Pavilion-Laptop-15-cc1xx:53907
[rosmaster.master][INFO] 2020-01-31 22:21:51,299: -SERVICE [/usb_cam/image_rect/theora/set_parameters] /usb_cam/image_proc rosrpc://itachi-HP-Pavilion-Laptop-15-cc1xx:53907
[rosmaster.master][INFO] 2020-01-31 22:21:51,299: -SERVICE [/usb_cam/image_proc_rectify_color/set_parameters] /usb_cam/image_proc rosrpc://itachi-HP-Pavilion-Laptop-15-cc1xx:53907
[rosmaster.master][INFO] 2020-01-31 22:21:51,300: -SERVICE [/usb_cam/image_rect_color/compressedDepth/set_parameters] /usb_cam/image_proc rosrpc://itachi-HP-Pavilion-Laptop-15-cc1xx:53907
[rosmaster.master][INFO] 2020-01-31 22:21:51,300: -SERVICE [/usb_cam/image_rect_color/compressed/set_parameters] /usb_cam/image_proc rosrpc://itachi-HP-Pavilion-Laptop-15-cc1xx:53907
[rosmaster.master][INFO] 2020-01-31 22:21:51,300: -SERVICE [/usb_cam/image_rect_color/theora/set_parameters] /usb_cam/image_proc rosrpc://itachi-HP-Pavilion-Laptop-15-cc1xx:53907
[rosmaster.master][INFO] 2020-01-31 22:21:51,365: publisherUpdate[/usb_cam/image_color] -> http://itachi-HP-Pavilion-Laptop-15-cc1xx:43841/ []
[rosmaster.master][INFO] 2020-01-31 22:21:51,366: publisherUpdate[/usb_cam/image_color] -> http://itachi-HP-Pavilion-Laptop-15-cc1xx:43841/ []: sec=0.00, exception=<Fault -1: 'publisherUpdate: unknown method name'>
[rosmaster.threadpool][ERROR] 2020-01-31 22:21:51,366: Traceback (most recent call last):
  File "/opt/ros/kinetic/lib/python2.7/dist-packages/rosmaster/threadpool.py", line 218, in run
    result = cmd(*args)
  File "/opt/ros/kinetic/lib/python2.7/dist-packages/rosmaster/master_api.py", line 210, in publisher_update_task
    ret = xmlrpcapi(api).publisherUpdate('/master', topic, pub_uris)
  File "/usr/lib/python2.7/xmlrpclib.py", line 1243, in __call__
    return self.__send(self.__name, args)
  File "/usr/lib/python2.7/xmlrpclib.py", line 1602, in __request
    verbose=self.__verbose
  File "/usr/lib/python2.7/xmlrpclib.py", line 1283, in request
    return self.single_request(host, handler, request_body, verbose)
  File "/usr/lib/python2.7/xmlrpclib.py", line 1316, in single_request
    return self.parse_response(response)
  File "/usr/lib/python2.7/xmlrpclib.py", line 1493, in parse_response
    return u.close()
  File "/usr/lib/python2.7/xmlrpclib.py", line 800, in close
    raise Fault(**self._stack[0])
Fault: <Fault -1: 'publisherUpdate: unknown method name'>

[rosmaster.master][INFO] 2020-01-31 22:21:51,366: publisherUpdate[/usb_cam/image_rect_color] -> http://itachi-HP-Pavilion-Laptop-15-cc1xx:34571/ []
[rosmaster.master][INFO] 2020-01-31 22:21:51,367: publisherUpdate[/usb_cam/image_rect_color] -> http://itachi-HP-Pavilion-Laptop-15-cc1xx:34571/ []: sec=0.00, result=[1, '', 0]
[rosmaster.master][INFO] 2020-01-31 22:21:51,665: -PUB [/rosout_agg] /rosout http://itachi-HP-Pavilion-Laptop-15-cc1xx:41219/
[rosmaster.master][INFO] 2020-01-31 22:21:51,665: -SUB [/rosout] /rosout http://itachi-HP-Pavilion-Laptop-15-cc1xx:41219/
[rosmaster.master][INFO] 2020-01-31 22:21:51,666: -SERVICE [/rosout/get_loggers] /rosout rosrpc://itachi-HP-Pavilion-Laptop-15-cc1xx:49493
[rosmaster.master][INFO] 2020-01-31 22:21:51,666: -SERVICE [/rosout/set_logger_level] /rosout rosrpc://itachi-HP-Pavilion-Laptop-15-cc1xx:49493
[rosmaster.main][INFO] 2020-01-31 22:21:51,726: keyboard interrupt, will exit
[rosmaster.main][INFO] 2020-01-31 22:21:51,726: stopping master...
[rospy.core][INFO] 2020-01-31 22:21:51,727: signal_shutdown [atexit]
