[rosmaster.main][INFO] 2019-11-01 21:16:00,099: initialization complete, waiting for shutdown
[rosmaster.main][INFO] 2019-11-01 21:16:00,099: Starting ROS Master Node
[xmlrpc][INFO] 2019-11-01 21:16:00,100: XML-RPC server binding to 0.0.0.0:11311
[xmlrpc][INFO] 2019-11-01 21:16:00,100: Started XML-RPC server [http://itachi-HP-Pavilion-Laptop-15-cc1xx:11311/]
[rosmaster.master][INFO] 2019-11-01 21:16:00,100: Master initialized: port[11311], uri[http://itachi-HP-Pavilion-Laptop-15-cc1xx:11311/]
[xmlrpc][INFO] 2019-11-01 21:16:00,101: xml rpc node: starting XML-RPC server
[rosmaster.master][INFO] 2019-11-01 21:16:00,163: +PARAM [/run_id] by /roslaunch
[rosmaster.master][INFO] 2019-11-01 21:16:00,167: +PARAM [/roslaunch/uris/host_itachi_hp_pavilion_laptop_15_cc1xx__46481] by /roslaunch
[rosmaster.master][INFO] 2019-11-01 21:16:00,253: +PARAM [/rosversion] by /roslaunch
[rosmaster.master][INFO] 2019-11-01 21:16:00,253: +PARAM [/use_sim_time] by /roslaunch
[rosmaster.master][INFO] 2019-11-01 21:16:00,254: +PARAM [/rosdistro] by /roslaunch
[rosmaster.master][INFO] 2019-11-01 21:16:00,258: +SERVICE [/rosout/get_loggers] /rosout http://itachi-HP-Pavilion-Laptop-15-cc1xx:32935/
[rosmaster.master][INFO] 2019-11-01 21:16:00,259: +SERVICE [/rosout/set_logger_level] /rosout http://itachi-HP-Pavilion-Laptop-15-cc1xx:32935/
[rosmaster.master][INFO] 2019-11-01 21:16:00,264: +SUB [/clock] /rosout http://itachi-HP-Pavilion-Laptop-15-cc1xx:32935/
[rosmaster.master][INFO] 2019-11-01 21:16:00,265: +PUB [/rosout_agg] /rosout http://itachi-HP-Pavilion-Laptop-15-cc1xx:32935/
[rosmaster.master][INFO] 2019-11-01 21:16:00,269: +SUB [/rosout] /rosout http://itachi-HP-Pavilion-Laptop-15-cc1xx:32935/
[rosmaster.master][INFO] 2019-11-01 21:16:00,479: +PUB [/rosout] /gazebo http://itachi-HP-Pavilion-Laptop-15-cc1xx:46013/
[rosmaster.master][INFO] 2019-11-01 21:16:00,479: +SERVICE [/gazebo/get_loggers] /gazebo http://itachi-HP-Pavilion-Laptop-15-cc1xx:46013/
[rosmaster.master][INFO] 2019-11-01 21:16:00,480: +SERVICE [/gazebo/set_logger_level] /gazebo http://itachi-HP-Pavilion-Laptop-15-cc1xx:46013/
[rosmaster.master][INFO] 2019-11-01 21:16:00,483: +SUB [/clock] /gazebo http://itachi-HP-Pavilion-Laptop-15-cc1xx:46013/
[rosmaster.master][INFO] 2019-11-01 21:16:00,500: publisherUpdate[/rosout] -> http://itachi-HP-Pavilion-Laptop-15-cc1xx:32935/ ['http://itachi-HP-Pavilion-Laptop-15-cc1xx:46013/']
[rosmaster.master][INFO] 2019-11-01 21:16:00,502: publisherUpdate[/rosout] -> http://itachi-HP-Pavilion-Laptop-15-cc1xx:32935/ ['http://itachi-HP-Pavilion-Laptop-15-cc1xx:46013/']: sec=0.00, result=[1, '', 0]
[rosmaster.master][INFO] 2019-11-01 21:16:00,511: +PUB [/rosout] /gazebo_gui http://itachi-HP-Pavilion-Laptop-15-cc1xx:34891/
[rosmaster.master][INFO] 2019-11-01 21:16:00,512: +SERVICE [/gazebo_gui/get_loggers] /gazebo_gui http://itachi-HP-Pavilion-Laptop-15-cc1xx:34891/
[rosmaster.master][INFO] 2019-11-01 21:16:00,512: +SERVICE [/gazebo_gui/set_logger_level] /gazebo_gui http://itachi-HP-Pavilion-Laptop-15-cc1xx:34891/
[rosmaster.master][INFO] 2019-11-01 21:16:00,518: +SUB [/clock] /gazebo_gui http://itachi-HP-Pavilion-Laptop-15-cc1xx:34891/
[rosmaster.master][INFO] 2019-11-01 21:16:00,601: publisherUpdate[/rosout] -> http://itachi-HP-Pavilion-Laptop-15-cc1xx:32935/ ['http://itachi-HP-Pavilion-Laptop-15-cc1xx:46013/', 'http://itachi-HP-Pavilion-Laptop-15-cc1xx:34891/']
[rosmaster.master][INFO] 2019-11-01 21:16:00,601: publisherUpdate[/rosout] -> http://itachi-HP-Pavilion-Laptop-15-cc1xx:32935/ ['http://itachi-HP-Pavilion-Laptop-15-cc1xx:46013/', 'http://itachi-HP-Pavilion-Laptop-15-cc1xx:34891/']: sec=0.00, result=[1, '', 0]
[rosmaster.master][INFO] 2019-11-01 21:16:00,741: +PUB [/clock] /gazebo http://itachi-HP-Pavilion-Laptop-15-cc1xx:46013/
[rosmaster.master][INFO] 2019-11-01 21:16:00,741: +SERVICE [/gazebo/spawn_sdf_model] /gazebo http://itachi-HP-Pavilion-Laptop-15-cc1xx:46013/
[rosmaster.master][INFO] 2019-11-01 21:16:00,742: +SERVICE [/gazebo/spawn_urdf_model] /gazebo http://itachi-HP-Pavilion-Laptop-15-cc1xx:46013/
[rosmaster.master][INFO] 2019-11-01 21:16:00,743: +SERVICE [/gazebo/delete_model] /gazebo http://itachi-HP-Pavilion-Laptop-15-cc1xx:46013/
[rosmaster.master][INFO] 2019-11-01 21:16:00,743: +SERVICE [/gazebo/delete_light] /gazebo http://itachi-HP-Pavilion-Laptop-15-cc1xx:46013/
[rosmaster.master][INFO] 2019-11-01 21:16:00,744: +SERVICE [/gazebo/get_model_properties] /gazebo http://itachi-HP-Pavilion-Laptop-15-cc1xx:46013/
[rosmaster.master][INFO] 2019-11-01 21:16:00,744: +SERVICE [/gazebo/get_model_state] /gazebo http://itachi-HP-Pavilion-Laptop-15-cc1xx:46013/
[rosmaster.master][INFO] 2019-11-01 21:16:00,745: +SERVICE [/gazebo/get_world_properties] /gazebo http://itachi-HP-Pavilion-Laptop-15-cc1xx:46013/
[rosmaster.master][INFO] 2019-11-01 21:16:00,745: +SERVICE [/gazebo/get_joint_properties] /gazebo http://itachi-HP-Pavilion-Laptop-15-cc1xx:46013/
[rosmaster.master][INFO] 2019-11-01 21:16:00,746: +SERVICE [/gazebo/get_link_properties] /gazebo http://itachi-HP-Pavilion-Laptop-15-cc1xx:46013/
[rosmaster.master][INFO] 2019-11-01 21:16:00,746: +SERVICE [/gazebo/get_link_state] /gazebo http://itachi-HP-Pavilion-Laptop-15-cc1xx:46013/
[rosmaster.master][INFO] 2019-11-01 21:16:00,747: +SERVICE [/gazebo/get_light_properties] /gazebo http://itachi-HP-Pavilion-Laptop-15-cc1xx:46013/
[rosmaster.master][INFO] 2019-11-01 21:16:00,747: +SERVICE [/gazebo/set_light_properties] /gazebo http://itachi-HP-Pavilion-Laptop-15-cc1xx:46013/
[rosmaster.master][INFO] 2019-11-01 21:16:00,748: +SERVICE [/gazebo/get_physics_properties] /gazebo http://itachi-HP-Pavilion-Laptop-15-cc1xx:46013/
[rosmaster.master][INFO] 2019-11-01 21:16:00,748: +PUB [/gazebo/link_states] /gazebo http://itachi-HP-Pavilion-Laptop-15-cc1xx:46013/
[rosmaster.master][INFO] 2019-11-01 21:16:00,749: +PUB [/gazebo/model_states] /gazebo http://itachi-HP-Pavilion-Laptop-15-cc1xx:46013/
[rosmaster.master][INFO] 2019-11-01 21:16:00,750: +SERVICE [/gazebo/set_link_properties] /gazebo http://itachi-HP-Pavilion-Laptop-15-cc1xx:46013/
[rosmaster.master][INFO] 2019-11-01 21:16:00,750: +SERVICE [/gazebo/set_physics_properties] /gazebo http://itachi-HP-Pavilion-Laptop-15-cc1xx:46013/
[rosmaster.master][INFO] 2019-11-01 21:16:00,751: +SERVICE [/gazebo/set_model_state] /gazebo http://itachi-HP-Pavilion-Laptop-15-cc1xx:46013/
[rosmaster.master][INFO] 2019-11-01 21:16:00,751: +SERVICE [/gazebo/set_model_configuration] /gazebo http://itachi-HP-Pavilion-Laptop-15-cc1xx:46013/
[rosmaster.master][INFO] 2019-11-01 21:16:00,751: +SERVICE [/gazebo/set_joint_properties] /gazebo http://itachi-HP-Pavilion-Laptop-15-cc1xx:46013/
[rosmaster.master][INFO] 2019-11-01 21:16:00,752: +SERVICE [/gazebo/set_link_state] /gazebo http://itachi-HP-Pavilion-Laptop-15-cc1xx:46013/
[rosmaster.master][INFO] 2019-11-01 21:16:00,754: +SUB [/gazebo/set_link_state] /gazebo http://itachi-HP-Pavilion-Laptop-15-cc1xx:46013/
[rosmaster.master][INFO] 2019-11-01 21:16:00,756: +SUB [/gazebo/set_model_state] /gazebo http://itachi-HP-Pavilion-Laptop-15-cc1xx:46013/
[rosmaster.master][INFO] 2019-11-01 21:16:00,757: +SERVICE [/gazebo/pause_physics] /gazebo http://itachi-HP-Pavilion-Laptop-15-cc1xx:46013/
[rosmaster.master][INFO] 2019-11-01 21:16:00,757: +SERVICE [/gazebo/unpause_physics] /gazebo http://itachi-HP-Pavilion-Laptop-15-cc1xx:46013/
[rosmaster.master][INFO] 2019-11-01 21:16:00,758: +SERVICE [/gazebo/apply_body_wrench] /gazebo http://itachi-HP-Pavilion-Laptop-15-cc1xx:46013/
[rosmaster.master][INFO] 2019-11-01 21:16:00,758: +SERVICE [/gazebo/apply_joint_effort] /gazebo http://itachi-HP-Pavilion-Laptop-15-cc1xx:46013/
[rosmaster.master][INFO] 2019-11-01 21:16:00,759: +SERVICE [/gazebo/clear_joint_forces] /gazebo http://itachi-HP-Pavilion-Laptop-15-cc1xx:46013/
[rosmaster.master][INFO] 2019-11-01 21:16:00,759: +SERVICE [/gazebo/clear_body_wrenches] /gazebo http://itachi-HP-Pavilion-Laptop-15-cc1xx:46013/
[rosmaster.master][INFO] 2019-11-01 21:16:00,760: +SERVICE [/gazebo/reset_simulation] /gazebo http://itachi-HP-Pavilion-Laptop-15-cc1xx:46013/
[rosmaster.master][INFO] 2019-11-01 21:16:00,761: +SERVICE [/gazebo/reset_world] /gazebo http://itachi-HP-Pavilion-Laptop-15-cc1xx:46013/
[rosmaster.master][INFO] 2019-11-01 21:16:00,801: publisherUpdate[/clock] -> http://itachi-HP-Pavilion-Laptop-15-cc1xx:32935/ ['http://itachi-HP-Pavilion-Laptop-15-cc1xx:46013/']
[rosmaster.master][INFO] 2019-11-01 21:16:00,802: publisherUpdate[/clock] -> http://itachi-HP-Pavilion-Laptop-15-cc1xx:32935/ ['http://itachi-HP-Pavilion-Laptop-15-cc1xx:46013/']: sec=0.00, result=[1, '', 0]
[rosmaster.master][INFO] 2019-11-01 21:16:00,802: publisherUpdate[/clock] -> http://itachi-HP-Pavilion-Laptop-15-cc1xx:46013/ ['http://itachi-HP-Pavilion-Laptop-15-cc1xx:46013/']
[rosmaster.master][INFO] 2019-11-01 21:16:00,802: publisherUpdate[/clock] -> http://itachi-HP-Pavilion-Laptop-15-cc1xx:34891/ ['http://itachi-HP-Pavilion-Laptop-15-cc1xx:46013/']
[rosmaster.master][INFO] 2019-11-01 21:16:00,803: publisherUpdate[/clock] -> http://itachi-HP-Pavilion-Laptop-15-cc1xx:46013/ ['http://itachi-HP-Pavilion-Laptop-15-cc1xx:46013/']: sec=0.00, result=[1, '', 0]
[rosmaster.master][INFO] 2019-11-01 21:16:00,803: publisherUpdate[/clock] -> http://itachi-HP-Pavilion-Laptop-15-cc1xx:34891/ ['http://itachi-HP-Pavilion-Laptop-15-cc1xx:46013/']: sec=0.00, result=[1, '', 0]
[rosmaster.master][INFO] 2019-11-01 21:16:01,085: +SERVICE [/gazebo/overhead_cam/set_camera_info] /gazebo http://itachi-HP-Pavilion-Laptop-15-cc1xx:46013/
[rosmaster.master][INFO] 2019-11-01 21:16:01,088: +SERVICE [/gazebo/overhead_cam/set_parameters] /gazebo http://itachi-HP-Pavilion-Laptop-15-cc1xx:46013/
[rosmaster.master][INFO] 2019-11-01 21:16:01,088: +PUB [/gazebo/overhead_cam/parameter_descriptions] /gazebo http://itachi-HP-Pavilion-Laptop-15-cc1xx:46013/
[rosmaster.master][INFO] 2019-11-01 21:16:01,089: +PUB [/gazebo/overhead_cam/parameter_updates] /gazebo http://itachi-HP-Pavilion-Laptop-15-cc1xx:46013/
[rosmaster.master][INFO] 2019-11-01 21:16:01,090: +PARAM [/gazebo/overhead_cam/imager_rate] by /gazebo
[rosmaster.master][INFO] 2019-11-01 21:16:01,091: +PARAM [/gazebo/overhead_cam/imager_rate] by /gazebo
[rosmaster.master][INFO] 2019-11-01 21:16:01,110: +SERVICE [/gazebo/set_parameters] /gazebo http://itachi-HP-Pavilion-Laptop-15-cc1xx:46013/
[rosmaster.master][INFO] 2019-11-01 21:16:01,112: +PUB [/gazebo/parameter_descriptions] /gazebo http://itachi-HP-Pavilion-Laptop-15-cc1xx:46013/
[rosmaster.master][INFO] 2019-11-01 21:16:01,113: +SERVICE [/gazebo_gui/set_parameters] /gazebo_gui http://itachi-HP-Pavilion-Laptop-15-cc1xx:34891/
[rosmaster.master][INFO] 2019-11-01 21:16:01,114: +PUB [/gazebo/parameter_updates] /gazebo http://itachi-HP-Pavilion-Laptop-15-cc1xx:46013/
[rosmaster.master][INFO] 2019-11-01 21:16:01,116: +PUB [/gazebo_gui/parameter_descriptions] /gazebo_gui http://itachi-HP-Pavilion-Laptop-15-cc1xx:34891/
[rosmaster.master][INFO] 2019-11-01 21:16:01,118: +PUB [/gazebo_gui/parameter_updates] /gazebo_gui http://itachi-HP-Pavilion-Laptop-15-cc1xx:34891/
[rosmaster.master][INFO] 2019-11-01 21:16:01,137: +PARAM [/gazebo/time_step] by /gazebo
[rosmaster.master][INFO] 2019-11-01 21:16:01,138: +PARAM [/gazebo/max_update_rate] by /gazebo
[rosmaster.master][INFO] 2019-11-01 21:16:01,139: +PARAM [/gazebo_gui/time_step] by /gazebo_gui
[rosmaster.master][INFO] 2019-11-01 21:16:01,140: +PARAM [/gazebo/gravity_x] by /gazebo
[rosmaster.master][INFO] 2019-11-01 21:16:01,141: +PARAM [/gazebo/gravity_y] by /gazebo
[rosmaster.master][INFO] 2019-11-01 21:16:01,141: +PARAM [/gazebo/gravity_z] by /gazebo
[rosmaster.master][INFO] 2019-11-01 21:16:01,142: +PARAM [/gazebo/auto_disable_bodies] by /gazebo
[rosmaster.master][INFO] 2019-11-01 21:16:01,143: +PARAM [/gazebo/sor_pgs_precon_iters] by /gazebo
[rosmaster.master][INFO] 2019-11-01 21:16:01,143: +PARAM [/gazebo/sor_pgs_iters] by /gazebo
[rosmaster.master][INFO] 2019-11-01 21:16:01,144: +PARAM [/gazebo/sor_pgs_w] by /gazebo
[rosmaster.master][INFO] 2019-11-01 21:16:01,144: +PARAM [/gazebo/sor_pgs_rms_error_tol] by /gazebo
[rosmaster.master][INFO] 2019-11-01 21:16:01,145: +PARAM [/gazebo/cfm] by /gazebo
[rosmaster.master][INFO] 2019-11-01 21:16:01,145: +PARAM [/gazebo/erp] by /gazebo
[rosmaster.master][INFO] 2019-11-01 21:16:01,146: +PARAM [/gazebo/contact_surface_layer] by /gazebo
[rosmaster.master][INFO] 2019-11-01 21:16:01,147: +PARAM [/gazebo/contact_max_correcting_vel] by /gazebo
[rosmaster.master][INFO] 2019-11-01 21:16:01,147: +PARAM [/gazebo/max_contacts] by /gazebo
[rosmaster.master][INFO] 2019-11-01 21:16:01,148: +PARAM [/gazebo_gui/max_update_rate] by /gazebo_gui
[rosmaster.master][INFO] 2019-11-01 21:16:01,149: +PARAM [/gazebo_gui/gravity_x] by /gazebo_gui
[rosmaster.master][INFO] 2019-11-01 21:16:01,150: +PARAM [/gazebo_gui/gravity_y] by /gazebo_gui
[rosmaster.master][INFO] 2019-11-01 21:16:01,150: +PARAM [/gazebo/time_step] by /gazebo
[rosmaster.master][INFO] 2019-11-01 21:16:01,151: +PARAM [/gazebo_gui/gravity_z] by /gazebo_gui
[rosmaster.master][INFO] 2019-11-01 21:16:01,151: +PARAM [/gazebo/max_update_rate] by /gazebo
[rosmaster.master][INFO] 2019-11-01 21:16:01,152: +PARAM [/gazebo_gui/auto_disable_bodies] by /gazebo_gui
[rosmaster.master][INFO] 2019-11-01 21:16:01,152: +PARAM [/gazebo/gravity_x] by /gazebo
[rosmaster.master][INFO] 2019-11-01 21:16:01,153: +PARAM [/gazebo_gui/sor_pgs_precon_iters] by /gazebo_gui
[rosmaster.master][INFO] 2019-11-01 21:16:01,154: +PARAM [/gazebo/gravity_y] by /gazebo
[rosmaster.master][INFO] 2019-11-01 21:16:01,154: +PARAM [/gazebo_gui/sor_pgs_iters] by /gazebo_gui
[rosmaster.master][INFO] 2019-11-01 21:16:01,155: +PARAM [/gazebo/gravity_z] by /gazebo
[rosmaster.master][INFO] 2019-11-01 21:16:01,155: +PARAM [/gazebo_gui/sor_pgs_w] by /gazebo_gui
[rosmaster.master][INFO] 2019-11-01 21:16:01,156: +PARAM [/gazebo/auto_disable_bodies] by /gazebo
[rosmaster.master][INFO] 2019-11-01 21:16:01,156: +PARAM [/gazebo_gui/sor_pgs_rms_error_tol] by /gazebo_gui
[rosmaster.master][INFO] 2019-11-01 21:16:01,157: +PARAM [/gazebo/sor_pgs_precon_iters] by /gazebo
[rosmaster.master][INFO] 2019-11-01 21:16:01,158: +PARAM [/gazebo_gui/cfm] by /gazebo_gui
[rosmaster.master][INFO] 2019-11-01 21:16:01,158: +PARAM [/gazebo/sor_pgs_iters] by /gazebo
[rosmaster.master][INFO] 2019-11-01 21:16:01,159: +PARAM [/gazebo_gui/erp] by /gazebo_gui
[rosmaster.master][INFO] 2019-11-01 21:16:01,160: +PARAM [/gazebo/sor_pgs_w] by /gazebo
[rosmaster.master][INFO] 2019-11-01 21:16:01,160: +PARAM [/gazebo_gui/contact_surface_layer] by /gazebo_gui
[rosmaster.master][INFO] 2019-11-01 21:16:01,161: +PARAM [/gazebo/sor_pgs_rms_error_tol] by /gazebo
[rosmaster.master][INFO] 2019-11-01 21:16:01,162: +PUB [/gazebo/overhead_cam/image_rect_color/compressedDepth] /gazebo http://itachi-HP-Pavilion-Laptop-15-cc1xx:46013/
[rosmaster.master][INFO] 2019-11-01 21:16:01,162: +PARAM [/gazebo_gui/contact_max_correcting_vel] by /gazebo_gui
[rosmaster.master][INFO] 2019-11-01 21:16:01,163: +PARAM [/gazebo/cfm] by /gazebo
[rosmaster.master][INFO] 2019-11-01 21:16:01,163: +SERVICE [/gazebo/overhead_cam/image_rect_color/compressedDepth/set_parameters] /gazebo http://itachi-HP-Pavilion-Laptop-15-cc1xx:46013/
[rosmaster.master][INFO] 2019-11-01 21:16:01,164: +PARAM [/gazebo_gui/max_contacts] by /gazebo_gui
[rosmaster.master][INFO] 2019-11-01 21:16:01,165: +PARAM [/gazebo/erp] by /gazebo
[rosmaster.master][INFO] 2019-11-01 21:16:01,165: +PUB [/gazebo/overhead_cam/image_rect_color/compressedDepth/parameter_descriptions] /gazebo http://itachi-HP-Pavilion-Laptop-15-cc1xx:46013/
[rosmaster.master][INFO] 2019-11-01 21:16:01,166: +PARAM [/gazebo/contact_surface_layer] by /gazebo
[rosmaster.master][INFO] 2019-11-01 21:16:01,167: +PUB [/gazebo/overhead_cam/image_rect_color/compressedDepth/parameter_updates] /gazebo http://itachi-HP-Pavilion-Laptop-15-cc1xx:46013/
[rosmaster.master][INFO] 2019-11-01 21:16:01,168: +PARAM [/gazebo_gui/time_step] by /gazebo_gui
[rosmaster.master][INFO] 2019-11-01 21:16:01,168: +PARAM [/gazebo/contact_max_correcting_vel] by /gazebo
[rosmaster.master][INFO] 2019-11-01 21:16:01,170: +PARAM [/gazebo_gui/max_update_rate] by /gazebo_gui
[rosmaster.master][INFO] 2019-11-01 21:16:01,173: +PARAM [/gazebo/max_contacts] by /gazebo
[rosmaster.master][INFO] 2019-11-01 21:16:01,174: +PARAM [/gazebo_gui/gravity_x] by /gazebo_gui
[rosmaster.master][INFO] 2019-11-01 21:16:01,175: +PARAM [/gazebo/overhead_cam/image_rect_color/compressedDepth/depth_max] by /gazebo
[rosmaster.master][INFO] 2019-11-01 21:16:01,176: +PARAM [/gazebo_gui/gravity_y] by /gazebo_gui
[rosmaster.master][INFO] 2019-11-01 21:16:01,176: +PARAM [/gazebo/overhead_cam/image_rect_color/compressedDepth/depth_quantization] by /gazebo
[rosmaster.master][INFO] 2019-11-01 21:16:01,177: +PARAM [/gazebo_gui/gravity_z] by /gazebo_gui
[rosmaster.master][INFO] 2019-11-01 21:16:01,178: +PARAM [/gazebo/overhead_cam/image_rect_color/compressedDepth/png_level] by /gazebo
[rosmaster.master][INFO] 2019-11-01 21:16:01,181: +PARAM [/gazebo/overhead_cam/image_rect_color/compressedDepth/depth_max] by /gazebo
[rosmaster.master][INFO] 2019-11-01 21:16:01,182: +PARAM [/gazebo_gui/auto_disable_bodies] by /gazebo_gui
[rosmaster.master][INFO] 2019-11-01 21:16:01,182: +PARAM [/gazebo/overhead_cam/image_rect_color/compressedDepth/depth_quantization] by /gazebo
[rosmaster.master][INFO] 2019-11-01 21:16:01,183: +PARAM [/gazebo_gui/sor_pgs_precon_iters] by /gazebo_gui
[rosmaster.master][INFO] 2019-11-01 21:16:01,184: +PARAM [/gazebo/overhead_cam/image_rect_color/compressedDepth/png_level] by /gazebo
[rosmaster.master][INFO] 2019-11-01 21:16:01,184: +PARAM [/gazebo_gui/sor_pgs_iters] by /gazebo_gui
[rosmaster.master][INFO] 2019-11-01 21:16:01,185: +PARAM [/gazebo_gui/sor_pgs_w] by /gazebo_gui
[rosmaster.master][INFO] 2019-11-01 21:16:01,186: +PUB [/gazebo/overhead_cam/image_rect_color/compressed] /gazebo http://itachi-HP-Pavilion-Laptop-15-cc1xx:46013/
[rosmaster.master][INFO] 2019-11-01 21:16:01,187: +PARAM [/gazebo_gui/sor_pgs_rms_error_tol] by /gazebo_gui
[rosmaster.master][INFO] 2019-11-01 21:16:01,187: +SERVICE [/gazebo/overhead_cam/image_rect_color/compressed/set_parameters] /gazebo http://itachi-HP-Pavilion-Laptop-15-cc1xx:46013/
[rosmaster.master][INFO] 2019-11-01 21:16:01,189: +PARAM [/gazebo_gui/cfm] by /gazebo_gui
[rosmaster.master][INFO] 2019-11-01 21:16:01,190: +PUB [/gazebo/overhead_cam/image_rect_color/compressed/parameter_descriptions] /gazebo http://itachi-HP-Pavilion-Laptop-15-cc1xx:46013/
[rosmaster.master][INFO] 2019-11-01 21:16:01,191: +PUB [/gazebo/overhead_cam/image_rect_color/compressed/parameter_updates] /gazebo http://itachi-HP-Pavilion-Laptop-15-cc1xx:46013/
[rosmaster.master][INFO] 2019-11-01 21:16:01,193: +PARAM [/gazebo/overhead_cam/image_rect_color/compressed/format] by /gazebo
[rosmaster.master][INFO] 2019-11-01 21:16:01,193: +PARAM [/gazebo_gui/erp] by /gazebo_gui
[rosmaster.master][INFO] 2019-11-01 21:16:01,195: +PARAM [/gazebo/overhead_cam/image_rect_color/compressed/jpeg_quality] by /gazebo
[rosmaster.master][INFO] 2019-11-01 21:16:01,195: +PARAM [/gazebo_gui/contact_surface_layer] by /gazebo_gui
[rosmaster.master][INFO] 2019-11-01 21:16:01,196: +PARAM [/gazebo/overhead_cam/image_rect_color/compressed/png_level] by /gazebo
[rosmaster.master][INFO] 2019-11-01 21:16:01,197: +PARAM [/gazebo_gui/contact_max_correcting_vel] by /gazebo_gui
[rosmaster.master][INFO] 2019-11-01 21:16:01,197: +PARAM [/gazebo/overhead_cam/image_rect_color/compressed/format] by /gazebo
[rosmaster.master][INFO] 2019-11-01 21:16:01,198: +PARAM [/gazebo/overhead_cam/image_rect_color/compressed/jpeg_quality] by /gazebo
[rosmaster.master][INFO] 2019-11-01 21:16:01,198: +PARAM [/gazebo/overhead_cam/image_rect_color/compressed/png_level] by /gazebo
[rosmaster.master][INFO] 2019-11-01 21:16:01,202: +PUB [/gazebo/overhead_cam/image_rect_color] /gazebo http://itachi-HP-Pavilion-Laptop-15-cc1xx:46013/
[rosmaster.master][INFO] 2019-11-01 21:16:01,205: +PUB [/gazebo/overhead_cam/image_rect_color/theora] /gazebo http://itachi-HP-Pavilion-Laptop-15-cc1xx:46013/
[rosmaster.master][INFO] 2019-11-01 21:16:01,207: +SERVICE [/gazebo/overhead_cam/image_rect_color/theora/set_parameters] /gazebo http://itachi-HP-Pavilion-Laptop-15-cc1xx:46013/
[rosmaster.master][INFO] 2019-11-01 21:16:01,208: +PUB [/gazebo/overhead_cam/image_rect_color/theora/parameter_descriptions] /gazebo http://itachi-HP-Pavilion-Laptop-15-cc1xx:46013/
[rosmaster.master][INFO] 2019-11-01 21:16:01,209: +PUB [/gazebo/overhead_cam/image_rect_color/theora/parameter_updates] /gazebo http://itachi-HP-Pavilion-Laptop-15-cc1xx:46013/
[rosmaster.master][INFO] 2019-11-01 21:16:01,215: +PARAM [/gazebo/overhead_cam/image_rect_color/theora/optimize_for] by /gazebo
[rosmaster.master][INFO] 2019-11-01 21:16:01,215: +PARAM [/gazebo/overhead_cam/image_rect_color/theora/target_bitrate] by /gazebo
[rosmaster.master][INFO] 2019-11-01 21:16:01,217: +PARAM [/gazebo/overhead_cam/image_rect_color/theora/quality] by /gazebo
[rosmaster.master][INFO] 2019-11-01 21:16:01,218: +PARAM [/gazebo/overhead_cam/image_rect_color/theora/keyframe_frequency] by /gazebo
[rosmaster.master][INFO] 2019-11-01 21:16:01,218: +PARAM [/gazebo/overhead_cam/image_rect_color/theora/optimize_for] by /gazebo
[rosmaster.master][INFO] 2019-11-01 21:16:01,219: +PARAM [/gazebo/overhead_cam/image_rect_color/theora/target_bitrate] by /gazebo
[rosmaster.master][INFO] 2019-11-01 21:16:01,220: +PARAM [/gazebo/overhead_cam/image_rect_color/theora/quality] by /gazebo
[rosmaster.master][INFO] 2019-11-01 21:16:01,221: +PARAM [/gazebo/overhead_cam/image_rect_color/theora/keyframe_frequency] by /gazebo
[rosmaster.master][INFO] 2019-11-01 21:16:01,221: +PUB [/gazebo/overhead_cam/camera_info] /gazebo http://itachi-HP-Pavilion-Laptop-15-cc1xx:46013/
[rosmaster.master][INFO] 2019-11-01 21:16:01,234: +PARAM [/gazebo_gui/max_contacts] by /gazebo_gui
[rosmaster.master][INFO] 2019-11-01 21:16:19,740: -PUB [/gazebo_gui/parameter_descriptions] /gazebo_gui http://itachi-HP-Pavilion-Laptop-15-cc1xx:34891/
[rosmaster.master][INFO] 2019-11-01 21:16:19,742: -PUB [/gazebo_gui/parameter_updates] /gazebo_gui http://itachi-HP-Pavilion-Laptop-15-cc1xx:34891/
[rosmaster.master][INFO] 2019-11-01 21:16:19,745: -SERVICE [/gazebo_gui/set_parameters] /gazebo_gui rosrpc://itachi-HP-Pavilion-Laptop-15-cc1xx:50925
[rosmaster.master][INFO] 2019-11-01 21:16:19,832: -PUB [/rosout] /gazebo_gui http://itachi-HP-Pavilion-Laptop-15-cc1xx:34891/
[rosmaster.master][INFO] 2019-11-01 21:16:19,833: publisherUpdate[/rosout] -> http://itachi-HP-Pavilion-Laptop-15-cc1xx:32935/ ['http://itachi-HP-Pavilion-Laptop-15-cc1xx:46013/']
[rosmaster.master][INFO] 2019-11-01 21:16:19,836: -SUB [/clock] /gazebo_gui http://itachi-HP-Pavilion-Laptop-15-cc1xx:34891/
[rosmaster.master][INFO] 2019-11-01 21:16:19,837: publisherUpdate[/rosout] -> http://itachi-HP-Pavilion-Laptop-15-cc1xx:32935/ ['http://itachi-HP-Pavilion-Laptop-15-cc1xx:46013/']: sec=0.00, result=[1, '', 0]
[rosmaster.master][INFO] 2019-11-01 21:16:19,839: -SERVICE [/gazebo_gui/get_loggers] /gazebo_gui rosrpc://itachi-HP-Pavilion-Laptop-15-cc1xx:50925
[rosmaster.master][INFO] 2019-11-01 21:16:19,842: -SERVICE [/gazebo_gui/set_logger_level] /gazebo_gui rosrpc://itachi-HP-Pavilion-Laptop-15-cc1xx:50925
[rosmaster.master][INFO] 2019-11-01 21:16:24,308: -SUB [/gazebo/set_link_state] /gazebo http://itachi-HP-Pavilion-Laptop-15-cc1xx:46013/
[rosmaster.master][INFO] 2019-11-01 21:16:24,310: -SUB [/gazebo/set_model_state] /gazebo http://itachi-HP-Pavilion-Laptop-15-cc1xx:46013/
[rosmaster.master][INFO] 2019-11-01 21:16:24,313: -PUB [/clock] /gazebo http://itachi-HP-Pavilion-Laptop-15-cc1xx:46013/
[rosmaster.master][INFO] 2019-11-01 21:16:24,316: -PUB [/gazebo/link_states] /gazebo http://itachi-HP-Pavilion-Laptop-15-cc1xx:46013/
[rosmaster.master][INFO] 2019-11-01 21:16:24,318: -PUB [/gazebo/model_states] /gazebo http://itachi-HP-Pavilion-Laptop-15-cc1xx:46013/
[rosmaster.master][INFO] 2019-11-01 21:16:24,320: -SERVICE [/gazebo/spawn_sdf_model] /gazebo rosrpc://itachi-HP-Pavilion-Laptop-15-cc1xx:53047
[rosmaster.master][INFO] 2019-11-01 21:16:24,323: -SERVICE [/gazebo/spawn_urdf_model] /gazebo rosrpc://itachi-HP-Pavilion-Laptop-15-cc1xx:53047
[rosmaster.master][INFO] 2019-11-01 21:16:24,325: -SERVICE [/gazebo/delete_model] /gazebo rosrpc://itachi-HP-Pavilion-Laptop-15-cc1xx:53047
[rosmaster.master][INFO] 2019-11-01 21:16:24,327: -SERVICE [/gazebo/delete_light] /gazebo rosrpc://itachi-HP-Pavilion-Laptop-15-cc1xx:53047
[rosmaster.master][INFO] 2019-11-01 21:16:24,329: -SERVICE [/gazebo/get_model_properties] /gazebo rosrpc://itachi-HP-Pavilion-Laptop-15-cc1xx:53047
[rosmaster.master][INFO] 2019-11-01 21:16:24,331: -SERVICE [/gazebo/get_model_state] /gazebo rosrpc://itachi-HP-Pavilion-Laptop-15-cc1xx:53047
[rosmaster.master][INFO] 2019-11-01 21:16:24,334: -SERVICE [/gazebo/get_world_properties] /gazebo rosrpc://itachi-HP-Pavilion-Laptop-15-cc1xx:53047
[rosmaster.master][INFO] 2019-11-01 21:16:24,336: -SERVICE [/gazebo/get_joint_properties] /gazebo rosrpc://itachi-HP-Pavilion-Laptop-15-cc1xx:53047
[rosmaster.master][INFO] 2019-11-01 21:16:24,338: -SERVICE [/gazebo/get_link_properties] /gazebo rosrpc://itachi-HP-Pavilion-Laptop-15-cc1xx:53047
[rosmaster.master][INFO] 2019-11-01 21:16:24,340: -SERVICE [/gazebo/get_link_state] /gazebo rosrpc://itachi-HP-Pavilion-Laptop-15-cc1xx:53047
[rosmaster.master][INFO] 2019-11-01 21:16:24,342: publisherUpdate[/clock] -> http://itachi-HP-Pavilion-Laptop-15-cc1xx:32935/ []
[rosmaster.master][INFO] 2019-11-01 21:16:24,342: publisherUpdate[/clock] -> http://itachi-HP-Pavilion-Laptop-15-cc1xx:46013/ []
[rosmaster.master][INFO] 2019-11-01 21:16:24,345: publisherUpdate[/clock] -> http://itachi-HP-Pavilion-Laptop-15-cc1xx:46013/ []: sec=0.00, result=[1, '', 0]
[rosmaster.master][INFO] 2019-11-01 21:16:24,347: publisherUpdate[/clock] -> http://itachi-HP-Pavilion-Laptop-15-cc1xx:32935/ []: sec=0.00, result=[1, '', 0]
[rosmaster.master][INFO] 2019-11-01 21:16:24,346: -SERVICE [/gazebo/get_light_properties] /gazebo rosrpc://itachi-HP-Pavilion-Laptop-15-cc1xx:53047
[rosmaster.master][INFO] 2019-11-01 21:16:24,350: -SERVICE [/gazebo/set_light_properties] /gazebo rosrpc://itachi-HP-Pavilion-Laptop-15-cc1xx:53047
[rosmaster.master][INFO] 2019-11-01 21:16:24,352: -SERVICE [/gazebo/get_physics_properties] /gazebo rosrpc://itachi-HP-Pavilion-Laptop-15-cc1xx:53047
[rosmaster.master][INFO] 2019-11-01 21:16:24,354: -SERVICE [/gazebo/set_link_properties] /gazebo rosrpc://itachi-HP-Pavilion-Laptop-15-cc1xx:53047
[rosmaster.master][INFO] 2019-11-01 21:16:24,356: -SERVICE [/gazebo/set_physics_properties] /gazebo rosrpc://itachi-HP-Pavilion-Laptop-15-cc1xx:53047
[rosmaster.master][INFO] 2019-11-01 21:16:24,359: -SERVICE [/gazebo/set_model_state] /gazebo rosrpc://itachi-HP-Pavilion-Laptop-15-cc1xx:53047
[rosmaster.master][INFO] 2019-11-01 21:16:24,361: -SERVICE [/gazebo/set_model_configuration] /gazebo rosrpc://itachi-HP-Pavilion-Laptop-15-cc1xx:53047
[rosmaster.master][INFO] 2019-11-01 21:16:24,364: -SERVICE [/gazebo/set_joint_properties] /gazebo rosrpc://itachi-HP-Pavilion-Laptop-15-cc1xx:53047
[rosmaster.master][INFO] 2019-11-01 21:16:24,366: -SERVICE [/gazebo/set_link_state] /gazebo rosrpc://itachi-HP-Pavilion-Laptop-15-cc1xx:53047
[rosmaster.master][INFO] 2019-11-01 21:16:24,369: -SERVICE [/gazebo/pause_physics] /gazebo rosrpc://itachi-HP-Pavilion-Laptop-15-cc1xx:53047
[rosmaster.master][INFO] 2019-11-01 21:16:24,371: -SERVICE [/gazebo/unpause_physics] /gazebo rosrpc://itachi-HP-Pavilion-Laptop-15-cc1xx:53047
[rosmaster.master][INFO] 2019-11-01 21:16:24,373: -SERVICE [/gazebo/apply_body_wrench] /gazebo rosrpc://itachi-HP-Pavilion-Laptop-15-cc1xx:53047
[rosmaster.master][INFO] 2019-11-01 21:16:24,375: -SERVICE [/gazebo/apply_joint_effort] /gazebo rosrpc://itachi-HP-Pavilion-Laptop-15-cc1xx:53047
[rosmaster.master][INFO] 2019-11-01 21:16:24,377: -SERVICE [/gazebo/clear_joint_forces] /gazebo rosrpc://itachi-HP-Pavilion-Laptop-15-cc1xx:53047
[rosmaster.master][INFO] 2019-11-01 21:16:24,379: -SERVICE [/gazebo/clear_body_wrenches] /gazebo rosrpc://itachi-HP-Pavilion-Laptop-15-cc1xx:53047
[rosmaster.master][INFO] 2019-11-01 21:16:24,381: -SERVICE [/gazebo/reset_simulation] /gazebo rosrpc://itachi-HP-Pavilion-Laptop-15-cc1xx:53047
[rosmaster.master][INFO] 2019-11-01 21:16:24,383: -SERVICE [/gazebo/reset_world] /gazebo rosrpc://itachi-HP-Pavilion-Laptop-15-cc1xx:53047
[rosmaster.master][INFO] 2019-11-01 21:16:24,387: -PUB [/gazebo/parameter_descriptions] /gazebo http://itachi-HP-Pavilion-Laptop-15-cc1xx:46013/
[rosmaster.master][INFO] 2019-11-01 21:16:24,389: -PUB [/gazebo/parameter_updates] /gazebo http://itachi-HP-Pavilion-Laptop-15-cc1xx:46013/
[rosmaster.master][INFO] 2019-11-01 21:16:24,391: -SERVICE [/gazebo/set_parameters] /gazebo rosrpc://itachi-HP-Pavilion-Laptop-15-cc1xx:53047
[rosmaster.master][INFO] 2019-11-01 21:16:39,482: -PUB [/rosout_agg] /rosout http://itachi-HP-Pavilion-Laptop-15-cc1xx:32935/
[rosmaster.master][INFO] 2019-11-01 21:16:39,483: -SUB [/clock] /rosout http://itachi-HP-Pavilion-Laptop-15-cc1xx:32935/
[rosmaster.master][INFO] 2019-11-01 21:16:39,483: -SUB [/rosout] /rosout http://itachi-HP-Pavilion-Laptop-15-cc1xx:32935/
[rosmaster.master][INFO] 2019-11-01 21:16:39,484: -SERVICE [/rosout/get_loggers] /rosout rosrpc://itachi-HP-Pavilion-Laptop-15-cc1xx:44657
[rosmaster.master][INFO] 2019-11-01 21:16:39,484: -SERVICE [/rosout/set_logger_level] /rosout rosrpc://itachi-HP-Pavilion-Laptop-15-cc1xx:44657
[rosmaster.main][INFO] 2019-11-01 21:16:39,572: keyboard interrupt, will exit
[rosmaster.main][INFO] 2019-11-01 21:16:39,572: stopping master...
[rospy.core][INFO] 2019-11-01 21:16:39,573: signal_shutdown [atexit]
