[rospy.client][INFO] 2020-02-28 19:42:01,877: init_node, name[/serial_node], pid[27848]
[xmlrpc][INFO] 2020-02-28 19:42:01,878: XML-RPC server binding to 0.0.0.0:0
[xmlrpc][INFO] 2020-02-28 19:42:01,878: Started XML-RPC server [http://itachi-HP-Pavilion-Laptop-15-cc1xx:43349/]
[rospy.init][INFO] 2020-02-28 19:42:01,878: ROS Slave URI: [http://itachi-HP-Pavilion-Laptop-15-cc1xx:43349/]
[rospy.impl.masterslave][INFO] 2020-02-28 19:42:01,878: _ready: http://itachi-HP-Pavilion-Laptop-15-cc1xx:43349/
[rospy.registration][INFO] 2020-02-28 19:42:01,879: Registering with master node http://localhost:11311
[xmlrpc][INFO] 2020-02-28 19:42:01,879: xml rpc node: starting XML-RPC server
[rospy.init][INFO] 2020-02-28 19:42:01,979: registered with master
[rospy.rosout][INFO] 2020-02-28 19:42:01,979: initializing /rosout core topic
[rospy.rosout][INFO] 2020-02-28 19:42:01,981: connected to core topic /rosout
[rospy.simtime][INFO] 2020-02-28 19:42:01,982: /use_sim_time is not set, will not subscribe to simulated time [/clock] topic
[rosout][INFO] 2020-02-28 19:42:01,984: ROS Serial Python Node
[rosout][INFO] 2020-02-28 19:42:01,990: Connecting to /dev/ttyUSB0 at 115200 baud
[rospy.internal][INFO] 2020-02-28 19:42:02,230: topic[/rosout] adding connection to [/rosout], count 0
[rosout][INFO] 2020-02-28 19:42:04,110: Note: subscribe buffer size is 320 bytes
[rosout][INFO] 2020-02-28 19:42:04,110: Setup subscriber on led_control_topic [std_msgs/Int8]
[rospy.internal][INFO] 2020-02-28 19:42:06,565: topic[/led_control_topic] adding connection to [http://itachi-HP-Pavilion-Laptop-15-cc1xx:41873/], count 0
[rospy.core][INFO] 2020-02-28 19:43:19,574: signal_shutdown [atexit]
[rospy.internal][INFO] 2020-02-28 19:43:19,582: topic[/rosout] removing connection to /rosout
[rospy.internal][INFO] 2020-02-28 19:43:19,583: topic[/led_control_topic] removing connection to http://itachi-HP-Pavilion-Laptop-15-cc1xx:41873/
[rospy.impl.masterslave][INFO] 2020-02-28 19:43:19,584: atexit
[rospy.internal][WARNING] 2020-02-28 19:43:19,586: Unknown error initiating TCP/IP socket to itachi-HP-Pavilion-Laptop-15-cc1xx:35939 (http://itachi-HP-Pavilion-Laptop-15-cc1xx:41873/): Traceback (most recent call last):
  File "/opt/ros/kinetic/lib/python2.7/dist-packages/rospy/impl/tcpros_base.py", line 558, in connect
    self.local_endpoint = self.socket.getsockname()
AttributeError: 'NoneType' object has no attribute 'getsockname'

