[rospy.client][INFO] 2020-02-27 14:42:33,248: init_node, name[/monitor_org_config], pid[22352]
[xmlrpc][INFO] 2020-02-27 14:42:33,249: XML-RPC server binding to 0.0.0.0:0
[xmlrpc][INFO] 2020-02-27 14:42:33,249: Started XML-RPC server [http://itachi-HP-Pavilion-Laptop-15-cc1xx:43259/]
[rospy.impl.masterslave][INFO] 2020-02-27 14:42:33,253: _ready: http://itachi-HP-Pavilion-Laptop-15-cc1xx:43259/
[rospy.registration][INFO] 2020-02-27 14:42:33,254: Registering with master node http://localhost:11311
[xmlrpc][INFO] 2020-02-27 14:42:33,255: xml rpc node: starting XML-RPC server
[rospy.init][INFO] 2020-02-27 14:42:33,249: ROS Slave URI: [http://itachi-HP-Pavilion-Laptop-15-cc1xx:43259/]
[rospy.init][INFO] 2020-02-27 14:42:33,257: registered with master
[rospy.rosout][INFO] 2020-02-27 14:42:33,258: initializing /rosout core topic
[rospy.rosout][INFO] 2020-02-27 14:42:33,263: connected to core topic /rosout
[rospy.simtime][INFO] 2020-02-27 14:42:33,265: /use_sim_time is not set, will not subscribe to simulated time [/clock] topic
[rospy.internal][INFO] 2020-02-27 14:42:33,375: topic[/whycon/poses] adding connection to [http://itachi-HP-Pavilion-Laptop-15-cc1xx:42155/], count 0
[rospy.internal][INFO] 2020-02-27 14:42:33,383: topic[/serviced_info] adding connection to [/rostopic_21769_1582794517824], count 0
[rospy.internal][INFO] 2020-02-27 14:42:33,387: topic[/led_control_topic] adding connection to [/serial_node], count 0
[rospy.internal][INFO] 2020-02-27 14:42:33,491: topic[/rosout] adding connection to [/rosout], count 0
[rospy.internal][INFO] 2020-02-27 14:42:33,499: topic[/serviced_info] adding connection to [/scheduler], count 1
[rospy.internal][INFO] 2020-02-27 14:42:33,502: topic[/decision_info] adding connection to [http://itachi-HP-Pavilion-Laptop-15-cc1xx:39067/], count 0
[rospy.internal][INFO] 2020-02-27 14:42:33,616: topic[/detection_info] adding connection to [http://itachi-HP-Pavilion-Laptop-15-cc1xx:38109/], count 0
[rospy.core][INFO] 2020-02-27 14:45:38,988: signal_shutdown [signal-2]
[rospy.internal][INFO] 2020-02-27 14:45:39,156: topic[/serviced_info] removing connection to /rostopic_21769_1582794517824
[rospy.internal][INFO] 2020-02-27 14:45:39,157: topic[/serviced_info] removing connection to /scheduler
[rospy.internal][INFO] 2020-02-27 14:45:39,158: topic[/rosout] removing connection to /rosout
[rospy.internal][INFO] 2020-02-27 14:45:39,159: topic[/led_control_topic] removing connection to /serial_node
[rospy.internal][INFO] 2020-02-27 14:45:39,159: topic[/whycon/poses] removing connection to http://itachi-HP-Pavilion-Laptop-15-cc1xx:42155/
[rospy.topics][ERROR] 2020-02-27 14:45:39,160: Traceback (most recent call last):
  File "/opt/ros/kinetic/lib/python2.7/dist-packages/rospy/topics.py", line 326, in close
    c.close()
  File "/opt/ros/kinetic/lib/python2.7/dist-packages/rospy/impl/tcpros_base.py", line 838, in close
    self.socket.close()
AttributeError: 'NoneType' object has no attribute 'close'

[rospy.internal][INFO] 2020-02-27 14:45:39,160: topic[/detection_info] removing connection to http://itachi-HP-Pavilion-Laptop-15-cc1xx:38109/
[rospy.internal][INFO] 2020-02-27 14:45:39,161: topic[/decision_info] removing connection to http://itachi-HP-Pavilion-Laptop-15-cc1xx:39067/
[rospy.impl.masterslave][INFO] 2020-02-27 14:45:39,161: signal-2
[rospy.internal][WARNING] 2020-02-27 14:45:39,163: Unknown error initiating TCP/IP socket to itachi-HP-Pavilion-Laptop-15-cc1xx:39417 (http://itachi-HP-Pavilion-Laptop-15-cc1xx:42155/): Traceback (most recent call last):
  File "/opt/ros/kinetic/lib/python2.7/dist-packages/rospy/impl/tcpros_base.py", line 557, in connect
    self.read_header()
  File "/opt/ros/kinetic/lib/python2.7/dist-packages/rospy/impl/tcpros_base.py", line 650, in read_header
    self._validate_header(read_ros_handshake_header(sock, self.read_buff, self.protocol.buff_size))
AttributeError: 'NoneType' object has no attribute 'buff_size'

[rosout][ERROR] 2020-02-27 14:45:39,167: bad callback: <bound method Led_Control.map_setpoint_to_LED of <__main__.Led_Control instance at 0x7f47d33da9e0>>
Traceback (most recent call last):
  File "/opt/ros/kinetic/lib/python2.7/dist-packages/rospy/topics.py", line 750, in _invoke_callback
    cb(msg)
  File "monitor_org_config.py", line 170, in map_setpoint_to_LED
  File "monitor_org_config.py", line 135, in publish_serviced_info
  File "/opt/ros/kinetic/lib/python2.7/dist-packages/rospy/topics.py", line 882, in publish
    self.impl.publish(data)
  File "/opt/ros/kinetic/lib/python2.7/dist-packages/rospy/topics.py", line 1041, in publish
    raise ROSException("publish() to a closed topic")
ROSException: publish() to a closed topic

[rospy.core][INFO] 2020-02-27 14:45:39,326: signal_shutdown [atexit]
[rospy.client][INFO] 2020-02-27 14:46:45,702: init_node, name[/monitor_org_config], pid[22798]
[xmlrpc][INFO] 2020-02-27 14:46:45,702: XML-RPC server binding to 0.0.0.0:0
[xmlrpc][INFO] 2020-02-27 14:46:45,703: Started XML-RPC server [http://itachi-HP-Pavilion-Laptop-15-cc1xx:39089/]
[rospy.init][INFO] 2020-02-27 14:46:45,703: ROS Slave URI: [http://itachi-HP-Pavilion-Laptop-15-cc1xx:39089/]
[rospy.impl.masterslave][INFO] 2020-02-27 14:46:45,703: _ready: http://itachi-HP-Pavilion-Laptop-15-cc1xx:39089/
[rospy.registration][INFO] 2020-02-27 14:46:45,704: Registering with master node http://localhost:11311
[xmlrpc][INFO] 2020-02-27 14:46:45,704: xml rpc node: starting XML-RPC server
[rospy.init][INFO] 2020-02-27 14:46:45,804: registered with master
[rospy.rosout][INFO] 2020-02-27 14:46:45,804: initializing /rosout core topic
[rospy.rosout][INFO] 2020-02-27 14:46:45,810: connected to core topic /rosout
[rospy.simtime][INFO] 2020-02-27 14:46:45,812: /use_sim_time is not set, will not subscribe to simulated time [/clock] topic
[rospy.internal][INFO] 2020-02-27 14:46:45,923: topic[/whycon/poses] adding connection to [http://itachi-HP-Pavilion-Laptop-15-cc1xx:42155/], count 0
[rospy.internal][INFO] 2020-02-27 14:46:45,932: topic[/led_control_topic] adding connection to [/serial_node], count 0
[rospy.internal][INFO] 2020-02-27 14:46:45,935: topic[/detection_info] adding connection to [http://itachi-HP-Pavilion-Laptop-15-cc1xx:46237/], count 0
[rospy.internal][INFO] 2020-02-27 14:46:45,944: topic[/serviced_info] adding connection to [/scheduler], count 0
[rospy.internal][INFO] 2020-02-27 14:46:45,951: topic[/serviced_info] adding connection to [/rostopic_22761_1582794999016], count 1
[rospy.internal][INFO] 2020-02-27 14:46:45,955: topic[/decision_info] adding connection to [http://itachi-HP-Pavilion-Laptop-15-cc1xx:40557/], count 0
[rospy.internal][INFO] 2020-02-27 14:46:46,024: topic[/rosout] adding connection to [/rosout], count 0
[rospy.core][INFO] 2020-02-27 14:49:51,518: signal_shutdown [signal-2]
[rospy.internal][INFO] 2020-02-27 14:49:51,676: topic[/serviced_info] removing connection to /scheduler
[rospy.internal][INFO] 2020-02-27 14:49:51,677: topic[/serviced_info] removing connection to /rostopic_22761_1582794999016
[rospy.internal][INFO] 2020-02-27 14:49:51,678: topic[/rosout] removing connection to /rosout
[rospy.internal][INFO] 2020-02-27 14:49:51,678: topic[/led_control_topic] removing connection to /serial_node
[rospy.internal][INFO] 2020-02-27 14:49:51,679: topic[/whycon/poses] removing connection to http://itachi-HP-Pavilion-Laptop-15-cc1xx:42155/
[rospy.internal][INFO] 2020-02-27 14:49:51,680: topic[/detection_info] removing connection to http://itachi-HP-Pavilion-Laptop-15-cc1xx:46237/
[rospy.internal][INFO] 2020-02-27 14:49:51,681: topic[/decision_info] removing connection to http://itachi-HP-Pavilion-Laptop-15-cc1xx:40557/
[rospy.impl.masterslave][INFO] 2020-02-27 14:49:51,685: signal-2
[rospy.core][INFO] 2020-02-27 14:49:51,790: signal_shutdown [atexit]
[rospy.client][INFO] 2020-02-27 14:50:03,161: init_node, name[/monitor_org_config], pid[23212]
[xmlrpc][INFO] 2020-02-27 14:50:03,162: XML-RPC server binding to 0.0.0.0:0
[xmlrpc][INFO] 2020-02-27 14:50:03,162: Started XML-RPC server [http://itachi-HP-Pavilion-Laptop-15-cc1xx:41775/]
[rospy.init][INFO] 2020-02-27 14:50:03,162: ROS Slave URI: [http://itachi-HP-Pavilion-Laptop-15-cc1xx:41775/]
[rospy.impl.masterslave][INFO] 2020-02-27 14:50:03,163: _ready: http://itachi-HP-Pavilion-Laptop-15-cc1xx:41775/
[rospy.registration][INFO] 2020-02-27 14:50:03,164: Registering with master node http://localhost:11311
[xmlrpc][INFO] 2020-02-27 14:50:03,165: xml rpc node: starting XML-RPC server
[rospy.init][INFO] 2020-02-27 14:50:03,263: registered with master
[rospy.rosout][INFO] 2020-02-27 14:50:03,263: initializing /rosout core topic
[rospy.rosout][INFO] 2020-02-27 14:50:03,270: connected to core topic /rosout
[rospy.simtime][INFO] 2020-02-27 14:50:03,272: /use_sim_time is not set, will not subscribe to simulated time [/clock] topic
[rospy.internal][INFO] 2020-02-27 14:50:03,381: topic[/whycon/poses] adding connection to [http://itachi-HP-Pavilion-Laptop-15-cc1xx:42155/], count 0
[rospy.internal][INFO] 2020-02-27 14:50:03,385: topic[/serviced_info] adding connection to [/scheduler], count 0
[rospy.internal][INFO] 2020-02-27 14:50:03,401: topic[/led_control_topic] adding connection to [/serial_node], count 0
[rospy.internal][INFO] 2020-02-27 14:50:03,404: topic[/serviced_info] adding connection to [/rostopic_22761_1582794999016], count 1
[rospy.internal][INFO] 2020-02-27 14:50:03,501: topic[/detection_info] adding connection to [http://itachi-HP-Pavilion-Laptop-15-cc1xx:39393/], count 0
[rospy.internal][INFO] 2020-02-27 14:50:03,503: topic[/decision_info] adding connection to [http://itachi-HP-Pavilion-Laptop-15-cc1xx:41641/], count 0
[rospy.internal][INFO] 2020-02-27 14:50:03,567: topic[/rosout] adding connection to [/rosout], count 0
[rospy.core][INFO] 2020-02-27 14:50:34,248: signal_shutdown [signal-2]
[rospy.internal][ERROR] 2020-02-27 14:50:34,260: Unable to initiate TCP/IP socket to itachi-HP-Pavilion-Laptop-15-cc1xx:40817 (http://itachi-HP-Pavilion-Laptop-15-cc1xx:39393/): Traceback (most recent call last):
  File "/opt/ros/kinetic/lib/python2.7/dist-packages/rospy/impl/tcpros_base.py", line 557, in connect
    self.read_header()
  File "/opt/ros/kinetic/lib/python2.7/dist-packages/rospy/impl/tcpros_base.py", line 650, in read_header
    self._validate_header(read_ros_handshake_header(sock, self.read_buff, self.protocol.buff_size))
  File "/opt/ros/kinetic/lib/python2.7/dist-packages/rospy/impl/tcpros_base.py", line 593, in _validate_header
    raise TransportInitError("remote error reported: %s"%header['error'])
TransportInitError: remote error reported: node shutting down

[rospy.internal][WARNING] 2020-02-27 14:50:34,262: Unknown error initiating TCP/IP socket to itachi-HP-Pavilion-Laptop-15-cc1xx:39329 (http://itachi-HP-Pavilion-Laptop-15-cc1xx:41641/): Traceback (most recent call last):
  File "/opt/ros/kinetic/lib/python2.7/dist-packages/rospy/impl/tcpros_base.py", line 557, in connect
    self.read_header()
  File "/opt/ros/kinetic/lib/python2.7/dist-packages/rospy/impl/tcpros_base.py", line 650, in read_header
    self._validate_header(read_ros_handshake_header(sock, self.read_buff, self.protocol.buff_size))
  File "/opt/ros/kinetic/lib/python2.7/dist-packages/rosgraph/network.py", line 364, in read_ros_handshake_header
    raise ROSHandshakeException("connection from sender terminated before handshake header received. %s bytes were received. Please check sender for additional details."%b.tell())
ROSHandshakeException: connection from sender terminated before handshake header received. 0 bytes were received. Please check sender for additional details.

[rospy.internal][INFO] 2020-02-27 14:50:34,263: topic[/decision_info] removing connection to http://itachi-HP-Pavilion-Laptop-15-cc1xx:41641/
[rospy.internal][INFO] 2020-02-27 14:50:34,407: topic[/serviced_info] removing connection to /scheduler
[rospy.internal][INFO] 2020-02-27 14:50:34,413: topic[/serviced_info] removing connection to /rostopic_22761_1582794999016
[rospy.internal][INFO] 2020-02-27 14:50:34,414: topic[/rosout] removing connection to /rosout
[rospy.internal][INFO] 2020-02-27 14:50:34,414: topic[/led_control_topic] removing connection to /serial_node
[rospy.internal][INFO] 2020-02-27 14:50:34,415: topic[/whycon/poses] removing connection to http://itachi-HP-Pavilion-Laptop-15-cc1xx:42155/
[rospy.internal][INFO] 2020-02-27 14:50:34,416: topic[/detection_info] removing connection to http://itachi-HP-Pavilion-Laptop-15-cc1xx:39393/
[rospy.impl.masterslave][INFO] 2020-02-27 14:50:34,416: signal-2
[rospy.core][INFO] 2020-02-27 14:50:34,548: signal_shutdown [atexit]
[rospy.client][INFO] 2020-02-27 15:04:30,467: init_node, name[/monitor_org_config], pid[24224]
[xmlrpc][INFO] 2020-02-27 15:04:30,468: XML-RPC server binding to 0.0.0.0:0
[xmlrpc][INFO] 2020-02-27 15:04:30,470: Started XML-RPC server [http://itachi-HP-Pavilion-Laptop-15-cc1xx:33197/]
[rospy.init][INFO] 2020-02-27 15:04:30,470: ROS Slave URI: [http://itachi-HP-Pavilion-Laptop-15-cc1xx:33197/]
[rospy.impl.masterslave][INFO] 2020-02-27 15:04:30,470: _ready: http://itachi-HP-Pavilion-Laptop-15-cc1xx:33197/
[rospy.registration][INFO] 2020-02-27 15:04:30,473: Registering with master node http://localhost:11311
[xmlrpc][INFO] 2020-02-27 15:04:30,473: xml rpc node: starting XML-RPC server
[rospy.init][INFO] 2020-02-27 15:04:30,571: registered with master
[rospy.rosout][INFO] 2020-02-27 15:04:30,571: initializing /rosout core topic
[rospy.rosout][INFO] 2020-02-27 15:04:30,580: connected to core topic /rosout
[rospy.simtime][INFO] 2020-02-27 15:04:30,585: /use_sim_time is not set, will not subscribe to simulated time [/clock] topic
[rospy.internal][INFO] 2020-02-27 15:04:30,672: topic[/led_control_topic] adding connection to [/serial_node], count 0
[rospy.internal][INFO] 2020-02-27 15:04:30,689: topic[/serviced_info] adding connection to [/scheduler], count 0
[rospy.internal][INFO] 2020-02-27 15:04:30,690: topic[/whycon/poses] adding connection to [http://itachi-HP-Pavilion-Laptop-15-cc1xx:42155/], count 0
[rospy.internal][INFO] 2020-02-27 15:04:30,695: topic[/serviced_info] adding connection to [/rostopic_22761_1582794999016], count 1
[rospy.internal][INFO] 2020-02-27 15:04:30,753: topic[/decision_info] adding connection to [http://itachi-HP-Pavilion-Laptop-15-cc1xx:40005/], count 0
[rospy.internal][INFO] 2020-02-27 15:04:30,844: topic[/rosout] adding connection to [/rosout], count 0
[rospy.internal][INFO] 2020-02-27 15:04:30,868: topic[/detection_info] adding connection to [http://itachi-HP-Pavilion-Laptop-15-cc1xx:43275/], count 0
[rospy.core][INFO] 2020-02-27 15:06:24,360: signal_shutdown [signal-2]
[rospy.internal][ERROR] 2020-02-27 15:06:24,368: Unable to initiate TCP/IP socket to itachi-HP-Pavilion-Laptop-15-cc1xx:38323 (http://itachi-HP-Pavilion-Laptop-15-cc1xx:40005/): Traceback (most recent call last):
  File "/opt/ros/kinetic/lib/python2.7/dist-packages/rospy/impl/tcpros_base.py", line 557, in connect
    self.read_header()
  File "/opt/ros/kinetic/lib/python2.7/dist-packages/rospy/impl/tcpros_base.py", line 650, in read_header
    self._validate_header(read_ros_handshake_header(sock, self.read_buff, self.protocol.buff_size))
  File "/opt/ros/kinetic/lib/python2.7/dist-packages/rospy/impl/tcpros_base.py", line 593, in _validate_header
    raise TransportInitError("remote error reported: %s"%header['error'])
TransportInitError: remote error reported: node shutting down

[rospy.internal][ERROR] 2020-02-27 15:06:24,369: Unable to initiate TCP/IP socket to itachi-HP-Pavilion-Laptop-15-cc1xx:43469 (http://itachi-HP-Pavilion-Laptop-15-cc1xx:43275/): Traceback (most recent call last):
  File "/opt/ros/kinetic/lib/python2.7/dist-packages/rospy/impl/tcpros_base.py", line 557, in connect
    self.read_header()
  File "/opt/ros/kinetic/lib/python2.7/dist-packages/rospy/impl/tcpros_base.py", line 650, in read_header
    self._validate_header(read_ros_handshake_header(sock, self.read_buff, self.protocol.buff_size))
  File "/opt/ros/kinetic/lib/python2.7/dist-packages/rospy/impl/tcpros_base.py", line 593, in _validate_header
    raise TransportInitError("remote error reported: %s"%header['error'])
TransportInitError: remote error reported: node shutting down

[rospy.internal][INFO] 2020-02-27 15:06:24,384: topic[/led_control_topic] removing connection to /serial_node
[rospy.internal][INFO] 2020-02-27 15:06:24,427: topic[/serviced_info] removing connection to /scheduler
[rospy.internal][INFO] 2020-02-27 15:06:24,427: topic[/serviced_info] removing connection to /rostopic_22761_1582794999016
[rospy.internal][WARNING] 2020-02-27 15:06:24,522: Unknown error initiating TCP/IP socket to itachi-HP-Pavilion-Laptop-15-cc1xx:39417 (http://itachi-HP-Pavilion-Laptop-15-cc1xx:42155/): Traceback (most recent call last):
  File "/opt/ros/kinetic/lib/python2.7/dist-packages/rospy/impl/tcpros_base.py", line 557, in connect
    self.read_header()
  File "/opt/ros/kinetic/lib/python2.7/dist-packages/rospy/impl/tcpros_base.py", line 650, in read_header
    self._validate_header(read_ros_handshake_header(sock, self.read_buff, self.protocol.buff_size))
  File "/opt/ros/kinetic/lib/python2.7/dist-packages/rosgraph/network.py", line 362, in read_ros_handshake_header
    d = sock.recv(buff_size)
error: [Errno 104] Connection reset by peer

[rospy.internal][INFO] 2020-02-27 15:06:24,522: topic[/whycon/poses] removing connection to http://itachi-HP-Pavilion-Laptop-15-cc1xx:42155/
[rospy.core][INFO] 2020-02-27 15:06:24,556: signal_shutdown [atexit]
