[rosmaster.main][INFO] 2020-02-27 16:41:05,371: initialization complete, waiting for shutdown
[rosmaster.main][INFO] 2020-02-27 16:41:05,371: Starting ROS Master Node
[xmlrpc][INFO] 2020-02-27 16:41:05,372: XML-RPC server binding to 0.0.0.0:11311
[xmlrpc][INFO] 2020-02-27 16:41:05,372: Started XML-RPC server [http://itachi-HP-Pavilion-Laptop-15-cc1xx:11311/]
[xmlrpc][INFO] 2020-02-27 16:41:05,373: xml rpc node: starting XML-RPC server
[rosmaster.master][INFO] 2020-02-27 16:41:05,373: Master initialized: port[11311], uri[http://itachi-HP-Pavilion-Laptop-15-cc1xx:11311/]
[rosmaster.master][INFO] 2020-02-27 16:41:05,418: +PARAM [/run_id] by /roslaunch
[rosmaster.master][INFO] 2020-02-27 16:41:05,419: +PARAM [/roslaunch/uris/host_itachi_hp_pavilion_laptop_15_cc1xx__42899] by /roslaunch
[rosmaster.master][INFO] 2020-02-27 16:41:05,499: +PARAM [/usb_cam/image_width] by /roslaunch
[rosmaster.master][INFO] 2020-02-27 16:41:05,499: +PARAM [/usb_cam/video_device] by /roslaunch
[rosmaster.master][INFO] 2020-02-27 16:41:05,499: +PARAM [/rosdistro] by /roslaunch
[rosmaster.master][INFO] 2020-02-27 16:41:05,499: +PARAM [/serial_node/baud] by /roslaunch
[rosmaster.master][INFO] 2020-02-27 16:41:05,499: +PARAM [/whycon/targets] by /roslaunch
[rosmaster.master][INFO] 2020-02-27 16:41:05,499: +PARAM [/usb_cam/pixel_format] by /roslaunch
[rosmaster.master][INFO] 2020-02-27 16:41:05,499: +PARAM [/usb_cam/io_method] by /roslaunch
[rosmaster.master][INFO] 2020-02-27 16:41:05,499: +PARAM [/usb_cam/camera_frame_id] by /roslaunch
[rosmaster.master][INFO] 2020-02-27 16:41:05,499: +PARAM [/whycon/name] by /roslaunch
[rosmaster.master][INFO] 2020-02-27 16:41:05,499: +PARAM [/rosversion] by /roslaunch
[rosmaster.master][INFO] 2020-02-27 16:41:05,499: +PARAM [/whycon/outer_diameter] by /roslaunch
[rosmaster.master][INFO] 2020-02-27 16:41:05,499: +PARAM [/usb_cam/image_height] by /roslaunch
[rosmaster.master][INFO] 2020-02-27 16:41:05,500: +PARAM [/serial_node/port] by /roslaunch
[rosmaster.master][INFO] 2020-02-27 16:41:05,500: +PARAM [/whycon/inner_diameter] by /roslaunch
[rosmaster.master][INFO] 2020-02-27 16:41:05,502: +SERVICE [/rosout/get_loggers] /rosout http://itachi-HP-Pavilion-Laptop-15-cc1xx:43095/
[rosmaster.master][INFO] 2020-02-27 16:41:05,502: +SERVICE [/rosout/set_logger_level] /rosout http://itachi-HP-Pavilion-Laptop-15-cc1xx:43095/
[rosmaster.master][INFO] 2020-02-27 16:41:05,503: +PUB [/rosout_agg] /rosout http://itachi-HP-Pavilion-Laptop-15-cc1xx:43095/
[rosmaster.master][INFO] 2020-02-27 16:41:05,507: +SUB [/rosout] /rosout http://itachi-HP-Pavilion-Laptop-15-cc1xx:43095/
[rosmaster.master][INFO] 2020-02-27 16:41:05,536: +PUB [/rosout] /usb_cam http://itachi-HP-Pavilion-Laptop-15-cc1xx:36869/
[rosmaster.master][INFO] 2020-02-27 16:41:05,537: +SERVICE [/usb_cam/get_loggers] /usb_cam http://itachi-HP-Pavilion-Laptop-15-cc1xx:36869/
[rosmaster.master][INFO] 2020-02-27 16:41:05,538: +SERVICE [/usb_cam/set_logger_level] /usb_cam http://itachi-HP-Pavilion-Laptop-15-cc1xx:36869/
[rosmaster.master][INFO] 2020-02-27 16:41:05,551: +PUB [/rosout] /usb_cam/image_proc http://itachi-HP-Pavilion-Laptop-15-cc1xx:41959/
[rosmaster.master][INFO] 2020-02-27 16:41:05,552: +SERVICE [/usb_cam/image_proc/get_loggers] /usb_cam/image_proc http://itachi-HP-Pavilion-Laptop-15-cc1xx:41959/
[rosmaster.master][INFO] 2020-02-27 16:41:05,553: +SERVICE [/usb_cam/image_proc/set_logger_level] /usb_cam/image_proc http://itachi-HP-Pavilion-Laptop-15-cc1xx:41959/
[rosmaster.master][INFO] 2020-02-27 16:41:05,561: +PUB [/rosout] /whycon http://itachi-HP-Pavilion-Laptop-15-cc1xx:34229/
[rosmaster.master][INFO] 2020-02-27 16:41:05,562: +SERVICE [/whycon/get_loggers] /whycon http://itachi-HP-Pavilion-Laptop-15-cc1xx:34229/
[rosmaster.master][INFO] 2020-02-27 16:41:05,563: +SERVICE [/whycon/set_logger_level] /whycon http://itachi-HP-Pavilion-Laptop-15-cc1xx:34229/
[rosmaster.master][INFO] 2020-02-27 16:41:05,572: publisherUpdate[/rosout] -> http://itachi-HP-Pavilion-Laptop-15-cc1xx:43095/ ['http://itachi-HP-Pavilion-Laptop-15-cc1xx:36869/']
[rosmaster.master][INFO] 2020-02-27 16:41:05,574: publisherUpdate[/rosout] -> http://itachi-HP-Pavilion-Laptop-15-cc1xx:43095/ ['http://itachi-HP-Pavilion-Laptop-15-cc1xx:36869/']: sec=0.00, result=[1, '', 0]
[rosmaster.master][INFO] 2020-02-27 16:41:05,575: publisherUpdate[/rosout] -> http://itachi-HP-Pavilion-Laptop-15-cc1xx:43095/ ['http://itachi-HP-Pavilion-Laptop-15-cc1xx:36869/', 'http://itachi-HP-Pavilion-Laptop-15-cc1xx:41959/']
[rosmaster.master][INFO] 2020-02-27 16:41:05,576: publisherUpdate[/rosout] -> http://itachi-HP-Pavilion-Laptop-15-cc1xx:43095/ ['http://itachi-HP-Pavilion-Laptop-15-cc1xx:36869/', 'http://itachi-HP-Pavilion-Laptop-15-cc1xx:41959/']: sec=0.00, result=[1, '', 0]
[rosmaster.master][INFO] 2020-02-27 16:41:05,576: publisherUpdate[/rosout] -> http://itachi-HP-Pavilion-Laptop-15-cc1xx:43095/ ['http://itachi-HP-Pavilion-Laptop-15-cc1xx:36869/', 'http://itachi-HP-Pavilion-Laptop-15-cc1xx:41959/', 'http://itachi-HP-Pavilion-Laptop-15-cc1xx:34229/']
[rosmaster.master][INFO] 2020-02-27 16:41:05,577: publisherUpdate[/rosout] -> http://itachi-HP-Pavilion-Laptop-15-cc1xx:43095/ ['http://itachi-HP-Pavilion-Laptop-15-cc1xx:36869/', 'http://itachi-HP-Pavilion-Laptop-15-cc1xx:41959/', 'http://itachi-HP-Pavilion-Laptop-15-cc1xx:34229/']: sec=0.00, result=[1, '', 0]
[rosmaster.master][INFO] 2020-02-27 16:41:05,579: +PUB [/rosout] /whycon_display/image_view http://itachi-HP-Pavilion-Laptop-15-cc1xx:42307/
[rosmaster.master][INFO] 2020-02-27 16:41:05,580: +SERVICE [/whycon_display/image_view/get_loggers] /whycon_display/image_view http://itachi-HP-Pavilion-Laptop-15-cc1xx:42307/
[rosmaster.master][INFO] 2020-02-27 16:41:05,581: +SERVICE [/whycon_display/image_view/set_logger_level] /whycon_display/image_view http://itachi-HP-Pavilion-Laptop-15-cc1xx:42307/
[rosmaster.master][INFO] 2020-02-27 16:41:05,604: +PUB [/usb_cam/image_raw/compressedDepth] /usb_cam http://itachi-HP-Pavilion-Laptop-15-cc1xx:36869/
[rosmaster.master][INFO] 2020-02-27 16:41:05,605: +SERVICE [/usb_cam/image_raw/compressedDepth/set_parameters] /usb_cam http://itachi-HP-Pavilion-Laptop-15-cc1xx:36869/
[rosmaster.master][INFO] 2020-02-27 16:41:05,606: +PUB [/usb_cam/image_raw/compressedDepth/parameter_descriptions] /usb_cam http://itachi-HP-Pavilion-Laptop-15-cc1xx:36869/
[rosmaster.master][INFO] 2020-02-27 16:41:05,607: +PUB [/usb_cam/image_raw/compressedDepth/parameter_updates] /usb_cam http://itachi-HP-Pavilion-Laptop-15-cc1xx:36869/
[rosmaster.master][INFO] 2020-02-27 16:41:05,609: +PARAM [/usb_cam/image_raw/compressedDepth/depth_max] by /usb_cam
[rosmaster.master][INFO] 2020-02-27 16:41:05,609: +PARAM [/usb_cam/image_raw/compressedDepth/depth_quantization] by /usb_cam
[rosmaster.master][INFO] 2020-02-27 16:41:05,610: +PARAM [/usb_cam/image_raw/compressedDepth/png_level] by /usb_cam
[rosmaster.master][INFO] 2020-02-27 16:41:05,611: +PARAM [/usb_cam/image_raw/compressedDepth/depth_max] by /usb_cam
[rosmaster.master][INFO] 2020-02-27 16:41:05,611: +PARAM [/usb_cam/image_raw/compressedDepth/depth_quantization] by /usb_cam
[rosmaster.master][INFO] 2020-02-27 16:41:05,612: +PARAM [/usb_cam/image_raw/compressedDepth/png_level] by /usb_cam
[rosmaster.master][INFO] 2020-02-27 16:41:05,613: +PUB [/usb_cam/image_raw/compressed] /usb_cam http://itachi-HP-Pavilion-Laptop-15-cc1xx:36869/
[rosmaster.master][INFO] 2020-02-27 16:41:05,614: +SERVICE [/usb_cam/image_raw/compressed/set_parameters] /usb_cam http://itachi-HP-Pavilion-Laptop-15-cc1xx:36869/
[rosmaster.master][INFO] 2020-02-27 16:41:05,614: +PUB [/usb_cam/image_raw/compressed/parameter_descriptions] /usb_cam http://itachi-HP-Pavilion-Laptop-15-cc1xx:36869/
[rosmaster.master][INFO] 2020-02-27 16:41:05,615: +SERVICE [/usb_cam/image_proc_debayer/set_parameters] /usb_cam/image_proc http://itachi-HP-Pavilion-Laptop-15-cc1xx:41959/
[rosmaster.master][INFO] 2020-02-27 16:41:05,616: +PUB [/usb_cam/image_proc_debayer/parameter_descriptions] /usb_cam/image_proc http://itachi-HP-Pavilion-Laptop-15-cc1xx:41959/
[rosmaster.master][INFO] 2020-02-27 16:41:05,617: +PUB [/usb_cam/image_raw/compressed/parameter_updates] /usb_cam http://itachi-HP-Pavilion-Laptop-15-cc1xx:36869/
[rosmaster.master][INFO] 2020-02-27 16:41:05,618: +PUB [/usb_cam/image_proc_debayer/parameter_updates] /usb_cam/image_proc http://itachi-HP-Pavilion-Laptop-15-cc1xx:41959/
[rosmaster.master][INFO] 2020-02-27 16:41:05,621: +PARAM [/usb_cam/image_proc_debayer/debayer] by /usb_cam/image_proc
[rosmaster.master][INFO] 2020-02-27 16:41:05,623: +PARAM [/usb_cam/image_proc_debayer/debayer] by /usb_cam/image_proc
[rosmaster.master][INFO] 2020-02-27 16:41:05,624: +PARAM [/usb_cam/image_raw/compressed/format] by /usb_cam
[rosmaster.master][INFO] 2020-02-27 16:41:05,626: +PARAM [/usb_cam/image_raw/compressed/jpeg_quality] by /usb_cam
[rosmaster.master][INFO] 2020-02-27 16:41:05,626: +PUB [/usb_cam/image_mono/compressedDepth] /usb_cam/image_proc http://itachi-HP-Pavilion-Laptop-15-cc1xx:41959/
[rosmaster.master][INFO] 2020-02-27 16:41:05,628: +PARAM [/usb_cam/image_raw/compressed/png_level] by /usb_cam
[rosmaster.master][INFO] 2020-02-27 16:41:05,628: +SERVICE [/usb_cam/image_mono/compressedDepth/set_parameters] /usb_cam/image_proc http://itachi-HP-Pavilion-Laptop-15-cc1xx:41959/
[rosmaster.master][INFO] 2020-02-27 16:41:05,630: +PARAM [/usb_cam/image_raw/compressed/format] by /usb_cam
[rosmaster.master][INFO] 2020-02-27 16:41:05,630: +PUB [/usb_cam/image_mono/compressedDepth/parameter_descriptions] /usb_cam/image_proc http://itachi-HP-Pavilion-Laptop-15-cc1xx:41959/
[rosmaster.master][INFO] 2020-02-27 16:41:05,632: +PARAM [/usb_cam/image_raw/compressed/jpeg_quality] by /usb_cam
[rosmaster.master][INFO] 2020-02-27 16:41:05,633: +PUB [/usb_cam/image_mono/compressedDepth/parameter_updates] /usb_cam/image_proc http://itachi-HP-Pavilion-Laptop-15-cc1xx:41959/
[rosmaster.master][INFO] 2020-02-27 16:41:05,634: +PARAM [/usb_cam/image_raw/compressed/png_level] by /usb_cam
[rosmaster.master][INFO] 2020-02-27 16:41:05,638: +PUB [/usb_cam/image_raw] /usb_cam http://itachi-HP-Pavilion-Laptop-15-cc1xx:36869/
[rosmaster.master][INFO] 2020-02-27 16:41:05,640: +PUB [/usb_cam/image_raw/theora] /usb_cam http://itachi-HP-Pavilion-Laptop-15-cc1xx:36869/
[rosmaster.master][INFO] 2020-02-27 16:41:05,641: +PARAM [/usb_cam/image_mono/compressedDepth/depth_max] by /usb_cam/image_proc
[rosmaster.master][INFO] 2020-02-27 16:41:05,642: +SERVICE [/usb_cam/image_raw/theora/set_parameters] /usb_cam http://itachi-HP-Pavilion-Laptop-15-cc1xx:36869/
[rosmaster.master][INFO] 2020-02-27 16:41:05,643: +PARAM [/usb_cam/image_mono/compressedDepth/depth_quantization] by /usb_cam/image_proc
[rosmaster.master][INFO] 2020-02-27 16:41:05,644: +PUB [/usb_cam/image_raw/theora/parameter_descriptions] /usb_cam http://itachi-HP-Pavilion-Laptop-15-cc1xx:36869/
[rosmaster.master][INFO] 2020-02-27 16:41:05,646: +PARAM [/usb_cam/image_mono/compressedDepth/png_level] by /usb_cam/image_proc
[rosmaster.master][INFO] 2020-02-27 16:41:05,646: +PUB [/usb_cam/image_raw/theora/parameter_updates] /usb_cam http://itachi-HP-Pavilion-Laptop-15-cc1xx:36869/
[rosmaster.master][INFO] 2020-02-27 16:41:05,647: +PUB [/tf] /whycon http://itachi-HP-Pavilion-Laptop-15-cc1xx:34229/
[rosmaster.master][INFO] 2020-02-27 16:41:05,650: +PARAM [/usb_cam/image_mono/compressedDepth/depth_max] by /usb_cam/image_proc
[rosmaster.master][INFO] 2020-02-27 16:41:05,652: +PARAM [/usb_cam/image_mono/compressedDepth/depth_quantization] by /usb_cam/image_proc
[rosmaster.master][INFO] 2020-02-27 16:41:05,653: +PARAM [/usb_cam/image_mono/compressedDepth/png_level] by /usb_cam/image_proc
[rosmaster.master][INFO] 2020-02-27 16:41:05,654: +PARAM [/usb_cam/image_raw/theora/optimize_for] by /usb_cam
[rosmaster.master][INFO] 2020-02-27 16:41:05,655: +PARAM [/usb_cam/image_raw/theora/target_bitrate] by /usb_cam
[rosmaster.master][INFO] 2020-02-27 16:41:05,656: +PUB [/usb_cam/image_mono/compressed] /usb_cam/image_proc http://itachi-HP-Pavilion-Laptop-15-cc1xx:41959/
[rosmaster.master][INFO] 2020-02-27 16:41:05,657: +PARAM [/usb_cam/image_raw/theora/quality] by /usb_cam
[rosmaster.master][INFO] 2020-02-27 16:41:05,658: +SERVICE [/usb_cam/image_mono/compressed/set_parameters] /usb_cam/image_proc http://itachi-HP-Pavilion-Laptop-15-cc1xx:41959/
[rosmaster.master][INFO] 2020-02-27 16:41:05,659: +PARAM [/usb_cam/image_raw/theora/keyframe_frequency] by /usb_cam
[rosmaster.master][INFO] 2020-02-27 16:41:05,660: +PUB [/usb_cam/image_mono/compressed/parameter_descriptions] /usb_cam/image_proc http://itachi-HP-Pavilion-Laptop-15-cc1xx:41959/
[rosmaster.master][INFO] 2020-02-27 16:41:05,661: +SUB [/usb_cam/image_rect_color] /whycon http://itachi-HP-Pavilion-Laptop-15-cc1xx:34229/
[rosmaster.master][INFO] 2020-02-27 16:41:05,662: +PARAM [/usb_cam/image_raw/theora/optimize_for] by /usb_cam
[rosmaster.master][INFO] 2020-02-27 16:41:05,662: +PUB [/usb_cam/image_mono/compressed/parameter_updates] /usb_cam/image_proc http://itachi-HP-Pavilion-Laptop-15-cc1xx:41959/
[rosmaster.master][INFO] 2020-02-27 16:41:05,663: +PARAM [/usb_cam/image_raw/theora/target_bitrate] by /usb_cam
[rosmaster.master][INFO] 2020-02-27 16:41:05,665: +PARAM [/usb_cam/image_raw/theora/quality] by /usb_cam
[rosmaster.master][INFO] 2020-02-27 16:41:05,669: +PARAM [/usb_cam/image_raw/theora/keyframe_frequency] by /usb_cam
[rosmaster.master][INFO] 2020-02-27 16:41:05,670: +PARAM [/usb_cam/image_mono/compressed/format] by /usb_cam/image_proc
[rosmaster.master][INFO] 2020-02-27 16:41:05,671: +PUB [/usb_cam/camera_info] /usb_cam http://itachi-HP-Pavilion-Laptop-15-cc1xx:36869/
[rosmaster.master][INFO] 2020-02-27 16:41:05,672: +PARAM [/usb_cam/image_mono/compressed/jpeg_quality] by /usb_cam/image_proc
[rosmaster.master][INFO] 2020-02-27 16:41:05,674: +SUB [/usb_cam/camera_info] /whycon http://itachi-HP-Pavilion-Laptop-15-cc1xx:34229/
[rosmaster.master][INFO] 2020-02-27 16:41:05,674: publisherUpdate[/rosout] -> http://itachi-HP-Pavilion-Laptop-15-cc1xx:43095/ ['http://itachi-HP-Pavilion-Laptop-15-cc1xx:36869/', 'http://itachi-HP-Pavilion-Laptop-15-cc1xx:41959/', 'http://itachi-HP-Pavilion-Laptop-15-cc1xx:34229/', 'http://itachi-HP-Pavilion-Laptop-15-cc1xx:42307/']
[rosmaster.master][INFO] 2020-02-27 16:41:05,675: +PARAM [/usb_cam/image_mono/compressed/png_level] by /usb_cam/image_proc
[rosmaster.master][INFO] 2020-02-27 16:41:05,676: publisherUpdate[/rosout] -> http://itachi-HP-Pavilion-Laptop-15-cc1xx:43095/ ['http://itachi-HP-Pavilion-Laptop-15-cc1xx:36869/', 'http://itachi-HP-Pavilion-Laptop-15-cc1xx:41959/', 'http://itachi-HP-Pavilion-Laptop-15-cc1xx:34229/', 'http://itachi-HP-Pavilion-Laptop-15-cc1xx:42307/']: sec=0.00, result=[1, '', 0]
[rosmaster.master][INFO] 2020-02-27 16:41:05,677: +PUB [/whycon/image_out] /whycon http://itachi-HP-Pavilion-Laptop-15-cc1xx:34229/
[rosmaster.master][INFO] 2020-02-27 16:41:05,678: +PARAM [/usb_cam/image_mono/compressed/format] by /usb_cam/image_proc
[rosmaster.master][INFO] 2020-02-27 16:41:05,679: +PUB [/whycon/poses] /whycon http://itachi-HP-Pavilion-Laptop-15-cc1xx:34229/
[rosmaster.master][INFO] 2020-02-27 16:41:05,680: +PARAM [/usb_cam/image_mono/compressed/jpeg_quality] by /usb_cam/image_proc
[rosmaster.master][INFO] 2020-02-27 16:41:05,681: +PUB [/whycon/context] /whycon http://itachi-HP-Pavilion-Laptop-15-cc1xx:34229/
[rosmaster.master][INFO] 2020-02-27 16:41:05,683: +PARAM [/usb_cam/image_mono/compressed/png_level] by /usb_cam/image_proc
[rosmaster.master][INFO] 2020-02-27 16:41:05,684: +PUB [/whycon/projection] /whycon http://itachi-HP-Pavilion-Laptop-15-cc1xx:34229/
[rosmaster.master][INFO] 2020-02-27 16:41:05,686: +PUB [/usb_cam/image_mono] /usb_cam/image_proc http://itachi-HP-Pavilion-Laptop-15-cc1xx:41959/
[rosmaster.master][INFO] 2020-02-27 16:41:05,687: +SERVICE [/whycon/reset] /whycon http://itachi-HP-Pavilion-Laptop-15-cc1xx:34229/
[rosmaster.master][INFO] 2020-02-27 16:41:05,688: +PUB [/usb_cam/image_mono/theora] /usb_cam/image_proc http://itachi-HP-Pavilion-Laptop-15-cc1xx:41959/
[rosmaster.master][INFO] 2020-02-27 16:41:05,690: +SERVICE [/usb_cam/image_mono/theora/set_parameters] /usb_cam/image_proc http://itachi-HP-Pavilion-Laptop-15-cc1xx:41959/
[rosmaster.master][INFO] 2020-02-27 16:41:05,691: +PUB [/usb_cam/image_mono/theora/parameter_descriptions] /usb_cam/image_proc http://itachi-HP-Pavilion-Laptop-15-cc1xx:41959/
[rosmaster.master][INFO] 2020-02-27 16:41:05,693: +PUB [/usb_cam/image_mono/theora/parameter_updates] /usb_cam/image_proc http://itachi-HP-Pavilion-Laptop-15-cc1xx:41959/
[rosmaster.master][INFO] 2020-02-27 16:41:05,698: +PARAM [/usb_cam/image_mono/theora/optimize_for] by /usb_cam/image_proc
[rosmaster.master][INFO] 2020-02-27 16:41:05,699: +PARAM [/usb_cam/image_mono/theora/target_bitrate] by /usb_cam/image_proc
[rosmaster.master][INFO] 2020-02-27 16:41:05,702: +PARAM [/usb_cam/image_mono/theora/quality] by /usb_cam/image_proc
[rosmaster.master][INFO] 2020-02-27 16:41:05,703: +PARAM [/usb_cam/image_mono/theora/keyframe_frequency] by /usb_cam/image_proc
[rosmaster.master][INFO] 2020-02-27 16:41:05,704: +PARAM [/usb_cam/image_mono/theora/optimize_for] by /usb_cam/image_proc
[rosmaster.master][INFO] 2020-02-27 16:41:05,705: +PARAM [/usb_cam/image_mono/theora/target_bitrate] by /usb_cam/image_proc
[rosmaster.master][INFO] 2020-02-27 16:41:05,706: +PARAM [/usb_cam/image_mono/theora/quality] by /usb_cam/image_proc
[rosmaster.master][INFO] 2020-02-27 16:41:05,707: +PARAM [/usb_cam/image_mono/theora/keyframe_frequency] by /usb_cam/image_proc
[rosmaster.master][INFO] 2020-02-27 16:41:05,709: +PUB [/usb_cam/image_color/compressedDepth] /usb_cam/image_proc http://itachi-HP-Pavilion-Laptop-15-cc1xx:41959/
[rosmaster.master][INFO] 2020-02-27 16:41:05,711: +SERVICE [/usb_cam/image_color/compressedDepth/set_parameters] /usb_cam/image_proc http://itachi-HP-Pavilion-Laptop-15-cc1xx:41959/
[rosmaster.master][INFO] 2020-02-27 16:41:05,711: +SERVICE [/usb_cam/set_camera_info] /usb_cam http://itachi-HP-Pavilion-Laptop-15-cc1xx:36869/
[rosmaster.master][INFO] 2020-02-27 16:41:05,712: +PUB [/usb_cam/image_color/compressedDepth/parameter_descriptions] /usb_cam/image_proc http://itachi-HP-Pavilion-Laptop-15-cc1xx:41959/
[rosmaster.master][INFO] 2020-02-27 16:41:05,713: +SERVICE [/usb_cam/start_capture] /usb_cam http://itachi-HP-Pavilion-Laptop-15-cc1xx:36869/
[rosmaster.master][INFO] 2020-02-27 16:41:05,713: +PUB [/usb_cam/image_color/compressedDepth/parameter_updates] /usb_cam/image_proc http://itachi-HP-Pavilion-Laptop-15-cc1xx:41959/
[rosmaster.master][INFO] 2020-02-27 16:41:05,714: +SERVICE [/usb_cam/stop_capture] /usb_cam http://itachi-HP-Pavilion-Laptop-15-cc1xx:36869/
[rosmaster.master][INFO] 2020-02-27 16:41:05,716: +PARAM [/usb_cam/image_color/compressedDepth/depth_max] by /usb_cam/image_proc
[rosmaster.master][INFO] 2020-02-27 16:41:05,717: +PARAM [/usb_cam/image_color/compressedDepth/depth_quantization] by /usb_cam/image_proc
[rosmaster.master][INFO] 2020-02-27 16:41:05,717: +PARAM [/usb_cam/image_color/compressedDepth/png_level] by /usb_cam/image_proc
[rosmaster.master][INFO] 2020-02-27 16:41:05,718: -SERVICE [/usb_cam/get_loggers] /usb_cam rosrpc://itachi-HP-Pavilion-Laptop-15-cc1xx:43237
[rosmaster.master][INFO] 2020-02-27 16:41:05,718: +PARAM [/usb_cam/image_color/compressedDepth/depth_max] by /usb_cam/image_proc
[rosmaster.master][INFO] 2020-02-27 16:41:05,719: -SERVICE [/usb_cam/set_logger_level] /usb_cam rosrpc://itachi-HP-Pavilion-Laptop-15-cc1xx:43237
[rosmaster.master][INFO] 2020-02-27 16:41:05,720: +PARAM [/usb_cam/image_color/compressedDepth/depth_quantization] by /usb_cam/image_proc
[rosmaster.master][INFO] 2020-02-27 16:41:05,720: -SERVICE [/usb_cam/image_raw/compressedDepth/set_parameters] /usb_cam rosrpc://itachi-HP-Pavilion-Laptop-15-cc1xx:43237
[rosmaster.master][INFO] 2020-02-27 16:41:05,721: +PARAM [/usb_cam/image_color/compressedDepth/png_level] by /usb_cam/image_proc
[rosmaster.master][INFO] 2020-02-27 16:41:05,722: -SERVICE [/usb_cam/image_raw/compressed/set_parameters] /usb_cam rosrpc://itachi-HP-Pavilion-Laptop-15-cc1xx:43237
[rosmaster.master][INFO] 2020-02-27 16:41:05,722: +PUB [/usb_cam/image_color/compressed] /usb_cam/image_proc http://itachi-HP-Pavilion-Laptop-15-cc1xx:41959/
[rosmaster.master][INFO] 2020-02-27 16:41:05,723: -SERVICE [/usb_cam/image_raw/theora/set_parameters] /usb_cam rosrpc://itachi-HP-Pavilion-Laptop-15-cc1xx:43237
[rosmaster.master][INFO] 2020-02-27 16:41:05,724: +SERVICE [/usb_cam/image_color/compressed/set_parameters] /usb_cam/image_proc http://itachi-HP-Pavilion-Laptop-15-cc1xx:41959/
[rosmaster.master][INFO] 2020-02-27 16:41:05,724: -SERVICE [/usb_cam/set_camera_info] /usb_cam rosrpc://itachi-HP-Pavilion-Laptop-15-cc1xx:43237
[rosmaster.master][INFO] 2020-02-27 16:41:05,725: +PUB [/usb_cam/image_color/compressed/parameter_descriptions] /usb_cam/image_proc http://itachi-HP-Pavilion-Laptop-15-cc1xx:41959/
[rosmaster.master][INFO] 2020-02-27 16:41:05,727: -SERVICE [/usb_cam/start_capture] /usb_cam rosrpc://itachi-HP-Pavilion-Laptop-15-cc1xx:43237
[rosmaster.master][INFO] 2020-02-27 16:41:05,727: +PUB [/usb_cam/image_color/compressed/parameter_updates] /usb_cam/image_proc http://itachi-HP-Pavilion-Laptop-15-cc1xx:41959/
[rosmaster.master][INFO] 2020-02-27 16:41:05,733: -SERVICE [/usb_cam/stop_capture] /usb_cam rosrpc://itachi-HP-Pavilion-Laptop-15-cc1xx:43237
[rosmaster.master][INFO] 2020-02-27 16:41:05,735: +PARAM [/usb_cam/image_color/compressed/format] by /usb_cam/image_proc
[rosmaster.master][INFO] 2020-02-27 16:41:05,737: +PARAM [/usb_cam/image_color/compressed/jpeg_quality] by /usb_cam/image_proc
[rosmaster.master][INFO] 2020-02-27 16:41:05,739: +PARAM [/usb_cam/image_color/compressed/png_level] by /usb_cam/image_proc
[rosmaster.master][INFO] 2020-02-27 16:41:05,740: +PARAM [/usb_cam/image_color/compressed/format] by /usb_cam/image_proc
[rosmaster.master][INFO] 2020-02-27 16:41:05,742: +PARAM [/usb_cam/image_color/compressed/jpeg_quality] by /usb_cam/image_proc
[rosmaster.master][INFO] 2020-02-27 16:41:05,744: +PARAM [/usb_cam/image_color/compressed/png_level] by /usb_cam/image_proc
[rosmaster.master][INFO] 2020-02-27 16:41:05,745: +PUB [/usb_cam/image_color] /usb_cam/image_proc http://itachi-HP-Pavilion-Laptop-15-cc1xx:41959/
[rosmaster.master][INFO] 2020-02-27 16:41:05,746: +PUB [/usb_cam/image_color/theora] /usb_cam/image_proc http://itachi-HP-Pavilion-Laptop-15-cc1xx:41959/
[rosmaster.master][INFO] 2020-02-27 16:41:05,747: +SERVICE [/usb_cam/image_color/theora/set_parameters] /usb_cam/image_proc http://itachi-HP-Pavilion-Laptop-15-cc1xx:41959/
[rosmaster.master][INFO] 2020-02-27 16:41:05,749: +PUB [/usb_cam/image_color/theora/parameter_descriptions] /usb_cam/image_proc http://itachi-HP-Pavilion-Laptop-15-cc1xx:41959/
[rosmaster.master][INFO] 2020-02-27 16:41:05,752: +PUB [/usb_cam/image_color/theora/parameter_updates] /usb_cam/image_proc http://itachi-HP-Pavilion-Laptop-15-cc1xx:41959/
[rosmaster.master][INFO] 2020-02-27 16:41:05,757: +PARAM [/usb_cam/image_color/theora/optimize_for] by /usb_cam/image_proc
[rosmaster.master][INFO] 2020-02-27 16:41:05,758: +PARAM [/usb_cam/image_color/theora/target_bitrate] by /usb_cam/image_proc
[rosmaster.master][INFO] 2020-02-27 16:41:05,759: +PARAM [/usb_cam/image_color/theora/quality] by /usb_cam/image_proc
[rosmaster.master][INFO] 2020-02-27 16:41:05,760: +PARAM [/usb_cam/image_color/theora/keyframe_frequency] by /usb_cam/image_proc
[rosmaster.master][INFO] 2020-02-27 16:41:05,760: +PARAM [/usb_cam/image_color/theora/optimize_for] by /usb_cam/image_proc
[rosmaster.master][INFO] 2020-02-27 16:41:05,761: +PARAM [/usb_cam/image_color/theora/target_bitrate] by /usb_cam/image_proc
[rosmaster.master][INFO] 2020-02-27 16:41:05,762: +PARAM [/usb_cam/image_color/theora/quality] by /usb_cam/image_proc
[rosmaster.master][INFO] 2020-02-27 16:41:05,763: +PARAM [/usb_cam/image_color/theora/keyframe_frequency] by /usb_cam/image_proc
[rosmaster.master][INFO] 2020-02-27 16:41:05,766: +SERVICE [/usb_cam/image_proc_rectify_mono/set_parameters] /usb_cam/image_proc http://itachi-HP-Pavilion-Laptop-15-cc1xx:41959/
[rosmaster.master][INFO] 2020-02-27 16:41:05,767: +PUB [/usb_cam/image_proc_rectify_mono/parameter_descriptions] /usb_cam/image_proc http://itachi-HP-Pavilion-Laptop-15-cc1xx:41959/
[rosmaster.master][INFO] 2020-02-27 16:41:05,767: +PUB [/usb_cam/image_proc_rectify_mono/parameter_updates] /usb_cam/image_proc http://itachi-HP-Pavilion-Laptop-15-cc1xx:41959/
[rosmaster.master][INFO] 2020-02-27 16:41:05,769: +PARAM [/usb_cam/image_proc_rectify_mono/interpolation] by /usb_cam/image_proc
[rosmaster.master][INFO] 2020-02-27 16:41:05,772: +PARAM [/usb_cam/image_proc_rectify_mono/interpolation] by /usb_cam/image_proc
[rosmaster.master][INFO] 2020-02-27 16:41:05,774: +PUB [/usb_cam/image_rect/compressedDepth] /usb_cam/image_proc http://itachi-HP-Pavilion-Laptop-15-cc1xx:41959/
[rosmaster.master][INFO] 2020-02-27 16:41:05,775: +SERVICE [/usb_cam/image_rect/compressedDepth/set_parameters] /usb_cam/image_proc http://itachi-HP-Pavilion-Laptop-15-cc1xx:41959/
[rosmaster.master][INFO] 2020-02-27 16:41:05,775: +PUB [/usb_cam/image_rect/compressedDepth/parameter_descriptions] /usb_cam/image_proc http://itachi-HP-Pavilion-Laptop-15-cc1xx:41959/
[rosmaster.master][INFO] 2020-02-27 16:41:05,777: +PUB [/usb_cam/image_rect/compressedDepth/parameter_updates] /usb_cam/image_proc http://itachi-HP-Pavilion-Laptop-15-cc1xx:41959/
[rosmaster.master][INFO] 2020-02-27 16:41:05,781: +PARAM [/usb_cam/image_rect/compressedDepth/depth_max] by /usb_cam/image_proc
[rosmaster.master][INFO] 2020-02-27 16:41:05,782: +PARAM [/usb_cam/image_rect/compressedDepth/depth_quantization] by /usb_cam/image_proc
[rosmaster.master][INFO] 2020-02-27 16:41:05,783: +SUB [/whycon/image_out] /whycon_display/image_view http://itachi-HP-Pavilion-Laptop-15-cc1xx:42307/
[rosmaster.master][INFO] 2020-02-27 16:41:05,784: +PARAM [/usb_cam/image_rect/compressedDepth/png_level] by /usb_cam/image_proc
[rosmaster.master][INFO] 2020-02-27 16:41:05,784: +PUB [/whycon_display/image_view/output] /whycon_display/image_view http://itachi-HP-Pavilion-Laptop-15-cc1xx:42307/
[rosmaster.master][INFO] 2020-02-27 16:41:05,785: +PARAM [/usb_cam/image_rect/compressedDepth/depth_max] by /usb_cam/image_proc
[rosmaster.master][INFO] 2020-02-27 16:41:05,785: +SERVICE [/whycon_display/image_view/set_parameters] /whycon_display/image_view http://itachi-HP-Pavilion-Laptop-15-cc1xx:42307/
[rosmaster.master][INFO] 2020-02-27 16:41:05,787: +PARAM [/usb_cam/image_rect/compressedDepth/depth_quantization] by /usb_cam/image_proc
[rosmaster.master][INFO] 2020-02-27 16:41:05,789: +PUB [/whycon_display/image_view/parameter_descriptions] /whycon_display/image_view http://itachi-HP-Pavilion-Laptop-15-cc1xx:42307/
[rosmaster.master][INFO] 2020-02-27 16:41:05,790: +PARAM [/usb_cam/image_rect/compressedDepth/png_level] by /usb_cam/image_proc
[rosmaster.master][INFO] 2020-02-27 16:41:05,790: +PUB [/whycon_display/image_view/parameter_updates] /whycon_display/image_view http://itachi-HP-Pavilion-Laptop-15-cc1xx:42307/
[rosmaster.master][INFO] 2020-02-27 16:41:05,791: +PUB [/usb_cam/image_rect/compressed] /usb_cam/image_proc http://itachi-HP-Pavilion-Laptop-15-cc1xx:41959/
[rosmaster.master][INFO] 2020-02-27 16:41:05,792: +SERVICE [/usb_cam/image_rect/compressed/set_parameters] /usb_cam/image_proc http://itachi-HP-Pavilion-Laptop-15-cc1xx:41959/
[rosmaster.master][INFO] 2020-02-27 16:41:05,793: +PUB [/usb_cam/image_rect/compressed/parameter_descriptions] /usb_cam/image_proc http://itachi-HP-Pavilion-Laptop-15-cc1xx:41959/
[rosmaster.master][INFO] 2020-02-27 16:41:05,795: +PUB [/usb_cam/image_rect/compressed/parameter_updates] /usb_cam/image_proc http://itachi-HP-Pavilion-Laptop-15-cc1xx:41959/
[rosmaster.master][INFO] 2020-02-27 16:41:05,795: +PARAM [/whycon_display/image_view/do_dynamic_scaling] by /whycon_display/image_view
[rosmaster.master][INFO] 2020-02-27 16:41:05,796: +PARAM [/whycon_display/image_view/colormap] by /whycon_display/image_view
[rosmaster.master][INFO] 2020-02-27 16:41:05,797: +PARAM [/whycon_display/image_view/min_image_value] by /whycon_display/image_view
[rosmaster.master][INFO] 2020-02-27 16:41:05,798: +PARAM [/whycon_display/image_view/max_image_value] by /whycon_display/image_view
[rosmaster.master][INFO] 2020-02-27 16:41:05,798: +PARAM [/usb_cam/image_rect/compressed/format] by /usb_cam/image_proc
[rosmaster.master][INFO] 2020-02-27 16:41:05,799: +PARAM [/whycon_display/image_view/do_dynamic_scaling] by /whycon_display/image_view
[rosmaster.master][INFO] 2020-02-27 16:41:05,800: +PARAM [/usb_cam/image_rect/compressed/jpeg_quality] by /usb_cam/image_proc
[rosmaster.master][INFO] 2020-02-27 16:41:05,800: +PARAM [/whycon_display/image_view/colormap] by /whycon_display/image_view
[rosmaster.master][INFO] 2020-02-27 16:41:05,801: +PARAM [/usb_cam/image_rect/compressed/png_level] by /usb_cam/image_proc
[rosmaster.master][INFO] 2020-02-27 16:41:05,802: +PARAM [/whycon_display/image_view/min_image_value] by /whycon_display/image_view
[rosmaster.master][INFO] 2020-02-27 16:41:05,803: +PARAM [/usb_cam/image_rect/compressed/format] by /usb_cam/image_proc
[rosmaster.master][INFO] 2020-02-27 16:41:05,804: +PARAM [/whycon_display/image_view/max_image_value] by /whycon_display/image_view
[rosmaster.master][INFO] 2020-02-27 16:41:05,805: +PARAM [/usb_cam/image_rect/compressed/jpeg_quality] by /usb_cam/image_proc
[rosmaster.master][INFO] 2020-02-27 16:41:05,806: +PARAM [/usb_cam/image_rect/compressed/png_level] by /usb_cam/image_proc
[rosmaster.master][INFO] 2020-02-27 16:41:05,806: +PUB [/usb_cam/image_rect] /usb_cam/image_proc http://itachi-HP-Pavilion-Laptop-15-cc1xx:41959/
[rosmaster.master][INFO] 2020-02-27 16:41:05,808: +PUB [/usb_cam/image_rect/theora] /usb_cam/image_proc http://itachi-HP-Pavilion-Laptop-15-cc1xx:41959/
[rosmaster.master][INFO] 2020-02-27 16:41:05,808: +SERVICE [/usb_cam/image_rect/theora/set_parameters] /usb_cam/image_proc http://itachi-HP-Pavilion-Laptop-15-cc1xx:41959/
[rosmaster.master][INFO] 2020-02-27 16:41:05,809: +PUB [/usb_cam/image_rect/theora/parameter_descriptions] /usb_cam/image_proc http://itachi-HP-Pavilion-Laptop-15-cc1xx:41959/
[rosmaster.master][INFO] 2020-02-27 16:41:05,810: +PUB [/usb_cam/image_rect/theora/parameter_updates] /usb_cam/image_proc http://itachi-HP-Pavilion-Laptop-15-cc1xx:41959/
[rosmaster.master][INFO] 2020-02-27 16:41:05,812: +PARAM [/usb_cam/image_rect/theora/optimize_for] by /usb_cam/image_proc
[rosmaster.master][INFO] 2020-02-27 16:41:05,812: +PARAM [/usb_cam/image_rect/theora/target_bitrate] by /usb_cam/image_proc
[rosmaster.master][INFO] 2020-02-27 16:41:05,813: +PARAM [/usb_cam/image_rect/theora/quality] by /usb_cam/image_proc
[rosmaster.master][INFO] 2020-02-27 16:41:05,814: +PARAM [/usb_cam/image_rect/theora/keyframe_frequency] by /usb_cam/image_proc
[rosmaster.master][INFO] 2020-02-27 16:41:05,814: +PARAM [/usb_cam/image_rect/theora/optimize_for] by /usb_cam/image_proc
[rosmaster.master][INFO] 2020-02-27 16:41:05,815: +PARAM [/usb_cam/image_rect/theora/target_bitrate] by /usb_cam/image_proc
[rosmaster.master][INFO] 2020-02-27 16:41:05,815: +PARAM [/usb_cam/image_rect/theora/quality] by /usb_cam/image_proc
[rosmaster.master][INFO] 2020-02-27 16:41:05,816: +PARAM [/usb_cam/image_rect/theora/keyframe_frequency] by /usb_cam/image_proc
[rosmaster.master][INFO] 2020-02-27 16:41:05,818: +SERVICE [/usb_cam/image_proc_rectify_color/set_parameters] /usb_cam/image_proc http://itachi-HP-Pavilion-Laptop-15-cc1xx:41959/
[rosmaster.master][INFO] 2020-02-27 16:41:05,818: +PUB [/usb_cam/image_proc_rectify_color/parameter_descriptions] /usb_cam/image_proc http://itachi-HP-Pavilion-Laptop-15-cc1xx:41959/
[rosmaster.master][INFO] 2020-02-27 16:41:05,820: +PUB [/usb_cam/image_proc_rectify_color/parameter_updates] /usb_cam/image_proc http://itachi-HP-Pavilion-Laptop-15-cc1xx:41959/
[rosmaster.master][INFO] 2020-02-27 16:41:05,821: +PARAM [/usb_cam/image_proc_rectify_color/interpolation] by /usb_cam/image_proc
[rosmaster.master][INFO] 2020-02-27 16:41:05,821: +PARAM [/usb_cam/image_proc_rectify_color/interpolation] by /usb_cam/image_proc
[rosmaster.master][INFO] 2020-02-27 16:41:05,823: +PUB [/usb_cam/image_rect_color/compressedDepth] /usb_cam/image_proc http://itachi-HP-Pavilion-Laptop-15-cc1xx:41959/
[rosmaster.master][INFO] 2020-02-27 16:41:05,823: +SERVICE [/usb_cam/image_rect_color/compressedDepth/set_parameters] /usb_cam/image_proc http://itachi-HP-Pavilion-Laptop-15-cc1xx:41959/
[rosmaster.master][INFO] 2020-02-27 16:41:05,824: +PUB [/usb_cam/image_rect_color/compressedDepth/parameter_descriptions] /usb_cam/image_proc http://itachi-HP-Pavilion-Laptop-15-cc1xx:41959/
[rosmaster.master][INFO] 2020-02-27 16:41:05,824: +PUB [/usb_cam/image_rect_color/compressedDepth/parameter_updates] /usb_cam/image_proc http://itachi-HP-Pavilion-Laptop-15-cc1xx:41959/
[rosmaster.master][INFO] 2020-02-27 16:41:05,826: +PARAM [/usb_cam/image_rect_color/compressedDepth/depth_max] by /usb_cam/image_proc
[rosmaster.master][INFO] 2020-02-27 16:41:05,826: +PARAM [/usb_cam/image_rect_color/compressedDepth/depth_quantization] by /usb_cam/image_proc
[rosmaster.master][INFO] 2020-02-27 16:41:05,827: +PARAM [/usb_cam/image_rect_color/compressedDepth/png_level] by /usb_cam/image_proc
[rosmaster.master][INFO] 2020-02-27 16:41:05,828: +PARAM [/usb_cam/image_rect_color/compressedDepth/depth_max] by /usb_cam/image_proc
[rosmaster.master][INFO] 2020-02-27 16:41:05,828: +PARAM [/usb_cam/image_rect_color/compressedDepth/depth_quantization] by /usb_cam/image_proc
[rosmaster.master][INFO] 2020-02-27 16:41:05,829: +PARAM [/usb_cam/image_rect_color/compressedDepth/png_level] by /usb_cam/image_proc
[rosmaster.master][INFO] 2020-02-27 16:41:05,829: +PUB [/usb_cam/image_rect_color/compressed] /usb_cam/image_proc http://itachi-HP-Pavilion-Laptop-15-cc1xx:41959/
[rosmaster.master][INFO] 2020-02-27 16:41:05,830: +SERVICE [/usb_cam/image_rect_color/compressed/set_parameters] /usb_cam/image_proc http://itachi-HP-Pavilion-Laptop-15-cc1xx:41959/
[rosmaster.master][INFO] 2020-02-27 16:41:05,831: +PUB [/usb_cam/image_rect_color/compressed/parameter_descriptions] /usb_cam/image_proc http://itachi-HP-Pavilion-Laptop-15-cc1xx:41959/
[rosmaster.master][INFO] 2020-02-27 16:41:05,831: +PUB [/usb_cam/image_rect_color/compressed/parameter_updates] /usb_cam/image_proc http://itachi-HP-Pavilion-Laptop-15-cc1xx:41959/
[rosmaster.master][INFO] 2020-02-27 16:41:05,833: +PARAM [/usb_cam/image_rect_color/compressed/format] by /usb_cam/image_proc
[rosmaster.master][INFO] 2020-02-27 16:41:05,834: +PARAM [/usb_cam/image_rect_color/compressed/jpeg_quality] by /usb_cam/image_proc
[rosmaster.master][INFO] 2020-02-27 16:41:05,834: +PARAM [/usb_cam/image_rect_color/compressed/png_level] by /usb_cam/image_proc
[rosmaster.master][INFO] 2020-02-27 16:41:05,835: +PARAM [/usb_cam/image_rect_color/compressed/format] by /usb_cam/image_proc
[rosmaster.master][INFO] 2020-02-27 16:41:05,836: +PARAM [/usb_cam/image_rect_color/compressed/jpeg_quality] by /usb_cam/image_proc
[rosmaster.master][INFO] 2020-02-27 16:41:05,837: +PARAM [/usb_cam/image_rect_color/compressed/png_level] by /usb_cam/image_proc
[rosmaster.master][INFO] 2020-02-27 16:41:05,838: +PUB [/usb_cam/image_rect_color] /usb_cam/image_proc http://itachi-HP-Pavilion-Laptop-15-cc1xx:41959/
[rosmaster.master][INFO] 2020-02-27 16:41:05,838: +PUB [/usb_cam/image_rect_color/theora] /usb_cam/image_proc http://itachi-HP-Pavilion-Laptop-15-cc1xx:41959/
[rosmaster.master][INFO] 2020-02-27 16:41:05,839: +SERVICE [/usb_cam/image_rect_color/theora/set_parameters] /usb_cam/image_proc http://itachi-HP-Pavilion-Laptop-15-cc1xx:41959/
[rosmaster.master][INFO] 2020-02-27 16:41:05,840: +PUB [/usb_cam/image_rect_color/theora/parameter_descriptions] /usb_cam/image_proc http://itachi-HP-Pavilion-Laptop-15-cc1xx:41959/
[rosmaster.master][INFO] 2020-02-27 16:41:05,840: +PUB [/usb_cam/image_rect_color/theora/parameter_updates] /usb_cam/image_proc http://itachi-HP-Pavilion-Laptop-15-cc1xx:41959/
[rosmaster.master][INFO] 2020-02-27 16:41:05,842: +PARAM [/usb_cam/image_rect_color/theora/optimize_for] by /usb_cam/image_proc
[rosmaster.master][INFO] 2020-02-27 16:41:05,843: +PARAM [/usb_cam/image_rect_color/theora/target_bitrate] by /usb_cam/image_proc
[rosmaster.master][INFO] 2020-02-27 16:41:05,843: +PARAM [/usb_cam/image_rect_color/theora/quality] by /usb_cam/image_proc
[rosmaster.master][INFO] 2020-02-27 16:41:05,844: +PARAM [/usb_cam/image_rect_color/theora/keyframe_frequency] by /usb_cam/image_proc
[rosmaster.master][INFO] 2020-02-27 16:41:05,844: +PARAM [/usb_cam/image_rect_color/theora/optimize_for] by /usb_cam/image_proc
[rosmaster.master][INFO] 2020-02-27 16:41:05,845: +PARAM [/usb_cam/image_rect_color/theora/target_bitrate] by /usb_cam/image_proc
[rosmaster.master][INFO] 2020-02-27 16:41:05,846: +PARAM [/usb_cam/image_rect_color/theora/quality] by /usb_cam/image_proc
[rosmaster.master][INFO] 2020-02-27 16:41:05,846: +PARAM [/usb_cam/image_rect_color/theora/keyframe_frequency] by /usb_cam/image_proc
[rosmaster.master][INFO] 2020-02-27 16:41:05,859: +PUB [/rosout] /serial_node http://itachi-HP-Pavilion-Laptop-15-cc1xx:38929/
[rosmaster.master][INFO] 2020-02-27 16:41:05,861: +SERVICE [/serial_node/get_loggers] /serial_node http://itachi-HP-Pavilion-Laptop-15-cc1xx:38929/
[rosmaster.master][INFO] 2020-02-27 16:41:05,862: +SERVICE [/serial_node/set_logger_level] /serial_node http://itachi-HP-Pavilion-Laptop-15-cc1xx:38929/
[rosmaster.master][INFO] 2020-02-27 16:41:05,868: +PUB [/diagnostics] /serial_node http://itachi-HP-Pavilion-Laptop-15-cc1xx:38929/
[rosmaster.master][INFO] 2020-02-27 16:41:05,874: publisherUpdate[/usb_cam/image_rect_color] -> http://itachi-HP-Pavilion-Laptop-15-cc1xx:34229/ ['http://itachi-HP-Pavilion-Laptop-15-cc1xx:41959/']
[rosmaster.master][INFO] 2020-02-27 16:41:05,875: publisherUpdate[/usb_cam/image_rect_color] -> http://itachi-HP-Pavilion-Laptop-15-cc1xx:34229/ ['http://itachi-HP-Pavilion-Laptop-15-cc1xx:41959/']: sec=0.00, result=[1, '', 0]
[rosmaster.master][INFO] 2020-02-27 16:41:05,875: publisherUpdate[/rosout] -> http://itachi-HP-Pavilion-Laptop-15-cc1xx:43095/ ['http://itachi-HP-Pavilion-Laptop-15-cc1xx:36869/', 'http://itachi-HP-Pavilion-Laptop-15-cc1xx:41959/', 'http://itachi-HP-Pavilion-Laptop-15-cc1xx:34229/', 'http://itachi-HP-Pavilion-Laptop-15-cc1xx:42307/', 'http://itachi-HP-Pavilion-Laptop-15-cc1xx:38929/']
[rosmaster.master][INFO] 2020-02-27 16:41:05,876: publisherUpdate[/rosout] -> http://itachi-HP-Pavilion-Laptop-15-cc1xx:43095/ ['http://itachi-HP-Pavilion-Laptop-15-cc1xx:36869/', 'http://itachi-HP-Pavilion-Laptop-15-cc1xx:41959/', 'http://itachi-HP-Pavilion-Laptop-15-cc1xx:34229/', 'http://itachi-HP-Pavilion-Laptop-15-cc1xx:42307/', 'http://itachi-HP-Pavilion-Laptop-15-cc1xx:38929/']: sec=0.00, result=[1, '', 0]
[rosmaster.master][INFO] 2020-02-27 16:41:05,880: -PUB [/rosout] /usb_cam http://itachi-HP-Pavilion-Laptop-15-cc1xx:36869/
[rosmaster.master][INFO] 2020-02-27 16:41:05,881: -PUB [/usb_cam/image_raw/compressedDepth] /usb_cam http://itachi-HP-Pavilion-Laptop-15-cc1xx:36869/
[rosmaster.master][INFO] 2020-02-27 16:41:05,881: -PUB [/usb_cam/image_raw/compressedDepth/parameter_descriptions] /usb_cam http://itachi-HP-Pavilion-Laptop-15-cc1xx:36869/
[rosmaster.master][INFO] 2020-02-27 16:41:05,882: -PUB [/usb_cam/image_raw/compressedDepth/parameter_updates] /usb_cam http://itachi-HP-Pavilion-Laptop-15-cc1xx:36869/
[rosmaster.master][INFO] 2020-02-27 16:41:05,882: -PUB [/usb_cam/image_raw/compressed] /usb_cam http://itachi-HP-Pavilion-Laptop-15-cc1xx:36869/
[rosmaster.master][INFO] 2020-02-27 16:41:05,883: -PUB [/usb_cam/image_raw/compressed/parameter_descriptions] /usb_cam http://itachi-HP-Pavilion-Laptop-15-cc1xx:36869/
[rosmaster.master][INFO] 2020-02-27 16:41:05,883: -PUB [/usb_cam/image_raw/compressed/parameter_updates] /usb_cam http://itachi-HP-Pavilion-Laptop-15-cc1xx:36869/
[rosmaster.master][INFO] 2020-02-27 16:41:05,884: -PUB [/usb_cam/image_raw] /usb_cam http://itachi-HP-Pavilion-Laptop-15-cc1xx:36869/
[rosmaster.master][INFO] 2020-02-27 16:41:05,885: -PUB [/usb_cam/image_raw/theora] /usb_cam http://itachi-HP-Pavilion-Laptop-15-cc1xx:36869/
[rosmaster.master][INFO] 2020-02-27 16:41:05,886: -PUB [/usb_cam/image_raw/theora/parameter_descriptions] /usb_cam http://itachi-HP-Pavilion-Laptop-15-cc1xx:36869/
[rosmaster.master][INFO] 2020-02-27 16:41:05,887: -PUB [/usb_cam/image_raw/theora/parameter_updates] /usb_cam http://itachi-HP-Pavilion-Laptop-15-cc1xx:36869/
[rosmaster.master][INFO] 2020-02-27 16:41:05,887: -PUB [/usb_cam/camera_info] /usb_cam http://itachi-HP-Pavilion-Laptop-15-cc1xx:36869/
[rosmaster.master][INFO] 2020-02-27 16:41:05,976: publisherUpdate[/rosout] -> http://itachi-HP-Pavilion-Laptop-15-cc1xx:43095/ ['http://itachi-HP-Pavilion-Laptop-15-cc1xx:41959/', 'http://itachi-HP-Pavilion-Laptop-15-cc1xx:34229/', 'http://itachi-HP-Pavilion-Laptop-15-cc1xx:42307/', 'http://itachi-HP-Pavilion-Laptop-15-cc1xx:38929/']
[rosmaster.master][INFO] 2020-02-27 16:41:05,977: publisherUpdate[/rosout] -> http://itachi-HP-Pavilion-Laptop-15-cc1xx:43095/ ['http://itachi-HP-Pavilion-Laptop-15-cc1xx:41959/', 'http://itachi-HP-Pavilion-Laptop-15-cc1xx:34229/', 'http://itachi-HP-Pavilion-Laptop-15-cc1xx:42307/', 'http://itachi-HP-Pavilion-Laptop-15-cc1xx:38929/']: sec=0.00, result=[1, '', 0]
[rosmaster.master][INFO] 2020-02-27 16:41:05,977: publisherUpdate[/usb_cam/camera_info] -> http://itachi-HP-Pavilion-Laptop-15-cc1xx:34229/ []
[rosmaster.master][INFO] 2020-02-27 16:41:05,977: publisherUpdate[/usb_cam/camera_info] -> http://itachi-HP-Pavilion-Laptop-15-cc1xx:34229/ []: sec=0.00, result=[1, '', 0]
[rosmaster.master][INFO] 2020-02-27 16:41:05,984: +SUB [/usb_cam/image_color] /usb_cam/image_proc http://itachi-HP-Pavilion-Laptop-15-cc1xx:41959/
[rosmaster.master][INFO] 2020-02-27 16:41:05,987: +SUB [/usb_cam/camera_info] /usb_cam/image_proc http://itachi-HP-Pavilion-Laptop-15-cc1xx:41959/
[rosmaster.master][INFO] 2020-02-27 16:41:05,989: +SUB [/usb_cam/image_raw] /usb_cam/image_proc http://itachi-HP-Pavilion-Laptop-15-cc1xx:41959/
[rosmaster.master][INFO] 2020-02-27 16:41:07,983: +SUB [/led_control_topic] /serial_node http://itachi-HP-Pavilion-Laptop-15-cc1xx:38929/
[rosmaster.master][INFO] 2020-02-27 16:41:09,508: -SUB [/led_control_topic] /serial_node http://itachi-HP-Pavilion-Laptop-15-cc1xx:38929/
[rosmaster.master][INFO] 2020-02-27 16:41:09,509: -PUB [/diagnostics] /serial_node http://itachi-HP-Pavilion-Laptop-15-cc1xx:38929/
[rosmaster.master][INFO] 2020-02-27 16:41:09,509: -PUB [/rosout] /serial_node http://itachi-HP-Pavilion-Laptop-15-cc1xx:38929/
[rosmaster.master][INFO] 2020-02-27 16:41:09,509: -SERVICE [/serial_node/get_loggers] /serial_node rosrpc://itachi-HP-Pavilion-Laptop-15-cc1xx:40905
[rosmaster.master][INFO] 2020-02-27 16:41:09,509: -SERVICE [/serial_node/set_logger_level] /serial_node rosrpc://itachi-HP-Pavilion-Laptop-15-cc1xx:40905
[rosmaster.master][INFO] 2020-02-27 16:41:09,582: publisherUpdate[/rosout] -> http://itachi-HP-Pavilion-Laptop-15-cc1xx:43095/ ['http://itachi-HP-Pavilion-Laptop-15-cc1xx:41959/', 'http://itachi-HP-Pavilion-Laptop-15-cc1xx:34229/', 'http://itachi-HP-Pavilion-Laptop-15-cc1xx:42307/']
[rosmaster.master][INFO] 2020-02-27 16:41:09,583: publisherUpdate[/rosout] -> http://itachi-HP-Pavilion-Laptop-15-cc1xx:43095/ ['http://itachi-HP-Pavilion-Laptop-15-cc1xx:41959/', 'http://itachi-HP-Pavilion-Laptop-15-cc1xx:34229/', 'http://itachi-HP-Pavilion-Laptop-15-cc1xx:42307/']: sec=0.00, result=[1, '', 0]
[rosmaster.master][INFO] 2020-02-27 16:41:09,686: -PUB [/rosout] /whycon http://itachi-HP-Pavilion-Laptop-15-cc1xx:34229/
[rosmaster.master][INFO] 2020-02-27 16:41:09,686: -PUB [/rosout] /usb_cam/image_proc http://itachi-HP-Pavilion-Laptop-15-cc1xx:41959/
[rosmaster.master][INFO] 2020-02-27 16:41:09,687: -PUB [/tf] /whycon http://itachi-HP-Pavilion-Laptop-15-cc1xx:34229/
[rosmaster.master][INFO] 2020-02-27 16:41:09,688: -PUB [/usb_cam/image_proc_debayer/parameter_descriptions] /usb_cam/image_proc http://itachi-HP-Pavilion-Laptop-15-cc1xx:41959/
[rosmaster.master][INFO] 2020-02-27 16:41:09,688: -PUB [/whycon/image_out] /whycon http://itachi-HP-Pavilion-Laptop-15-cc1xx:34229/
[rosmaster.master][INFO] 2020-02-27 16:41:09,689: -PUB [/usb_cam/image_proc_debayer/parameter_updates] /usb_cam/image_proc http://itachi-HP-Pavilion-Laptop-15-cc1xx:41959/
[rosmaster.master][INFO] 2020-02-27 16:41:09,689: -PUB [/whycon/poses] /whycon http://itachi-HP-Pavilion-Laptop-15-cc1xx:34229/
[rosmaster.master][INFO] 2020-02-27 16:41:09,690: -PUB [/usb_cam/image_mono/compressedDepth] /usb_cam/image_proc http://itachi-HP-Pavilion-Laptop-15-cc1xx:41959/
[rosmaster.master][INFO] 2020-02-27 16:41:09,691: -PUB [/whycon/context] /whycon http://itachi-HP-Pavilion-Laptop-15-cc1xx:34229/
[rosmaster.master][INFO] 2020-02-27 16:41:09,691: -PUB [/usb_cam/image_mono/compressedDepth/parameter_descriptions] /usb_cam/image_proc http://itachi-HP-Pavilion-Laptop-15-cc1xx:41959/
[rosmaster.master][INFO] 2020-02-27 16:41:09,692: -PUB [/whycon/projection] /whycon http://itachi-HP-Pavilion-Laptop-15-cc1xx:34229/
[rosmaster.master][INFO] 2020-02-27 16:41:09,693: -PUB [/usb_cam/image_mono/compressedDepth/parameter_updates] /usb_cam/image_proc http://itachi-HP-Pavilion-Laptop-15-cc1xx:41959/
[rosmaster.master][INFO] 2020-02-27 16:41:09,694: -SUB [/usb_cam/image_rect_color] /whycon http://itachi-HP-Pavilion-Laptop-15-cc1xx:34229/
[rosmaster.master][INFO] 2020-02-27 16:41:09,694: -PUB [/usb_cam/image_mono/compressed] /usb_cam/image_proc http://itachi-HP-Pavilion-Laptop-15-cc1xx:41959/
[rosmaster.master][INFO] 2020-02-27 16:41:09,695: -SUB [/usb_cam/camera_info] /whycon http://itachi-HP-Pavilion-Laptop-15-cc1xx:34229/
[rosmaster.master][INFO] 2020-02-27 16:41:09,695: -PUB [/usb_cam/image_mono/compressed/parameter_descriptions] /usb_cam/image_proc http://itachi-HP-Pavilion-Laptop-15-cc1xx:41959/
[rosmaster.master][INFO] 2020-02-27 16:41:09,696: -SERVICE [/whycon/get_loggers] /whycon rosrpc://itachi-HP-Pavilion-Laptop-15-cc1xx:35721
[rosmaster.master][INFO] 2020-02-27 16:41:09,696: -PUB [/usb_cam/image_mono/compressed/parameter_updates] /usb_cam/image_proc http://itachi-HP-Pavilion-Laptop-15-cc1xx:41959/
[rosmaster.master][INFO] 2020-02-27 16:41:09,697: -SERVICE [/whycon/set_logger_level] /whycon rosrpc://itachi-HP-Pavilion-Laptop-15-cc1xx:35721
[rosmaster.master][INFO] 2020-02-27 16:41:09,697: -PUB [/usb_cam/image_mono] /usb_cam/image_proc http://itachi-HP-Pavilion-Laptop-15-cc1xx:41959/
[rosmaster.master][INFO] 2020-02-27 16:41:09,698: -SERVICE [/whycon/reset] /whycon rosrpc://itachi-HP-Pavilion-Laptop-15-cc1xx:35721
[rosmaster.master][INFO] 2020-02-27 16:41:09,699: -PUB [/usb_cam/image_mono/theora] /usb_cam/image_proc http://itachi-HP-Pavilion-Laptop-15-cc1xx:41959/
[rosmaster.master][INFO] 2020-02-27 16:41:09,699: -PUB [/usb_cam/image_mono/theora/parameter_descriptions] /usb_cam/image_proc http://itachi-HP-Pavilion-Laptop-15-cc1xx:41959/
[rosmaster.master][INFO] 2020-02-27 16:41:09,700: -PUB [/usb_cam/image_mono/theora/parameter_updates] /usb_cam/image_proc http://itachi-HP-Pavilion-Laptop-15-cc1xx:41959/
[rosmaster.master][INFO] 2020-02-27 16:41:09,700: -PUB [/usb_cam/image_color/compressedDepth] /usb_cam/image_proc http://itachi-HP-Pavilion-Laptop-15-cc1xx:41959/
[rosmaster.master][INFO] 2020-02-27 16:41:09,701: -PUB [/usb_cam/image_color/compressedDepth/parameter_descriptions] /usb_cam/image_proc http://itachi-HP-Pavilion-Laptop-15-cc1xx:41959/
[rosmaster.master][INFO] 2020-02-27 16:41:09,701: -PUB [/usb_cam/image_color/compressedDepth/parameter_updates] /usb_cam/image_proc http://itachi-HP-Pavilion-Laptop-15-cc1xx:41959/
[rosmaster.master][INFO] 2020-02-27 16:41:09,701: -PUB [/usb_cam/image_color/compressed] /usb_cam/image_proc http://itachi-HP-Pavilion-Laptop-15-cc1xx:41959/
[rosmaster.master][INFO] 2020-02-27 16:41:09,702: -PUB [/usb_cam/image_color/compressed/parameter_descriptions] /usb_cam/image_proc http://itachi-HP-Pavilion-Laptop-15-cc1xx:41959/
[rosmaster.master][INFO] 2020-02-27 16:41:09,703: -PUB [/usb_cam/image_color/compressed/parameter_updates] /usb_cam/image_proc http://itachi-HP-Pavilion-Laptop-15-cc1xx:41959/
[rosmaster.master][INFO] 2020-02-27 16:41:09,703: -PUB [/usb_cam/image_color] /usb_cam/image_proc http://itachi-HP-Pavilion-Laptop-15-cc1xx:41959/
[rosmaster.master][INFO] 2020-02-27 16:41:09,704: -PUB [/usb_cam/image_color/theora] /usb_cam/image_proc http://itachi-HP-Pavilion-Laptop-15-cc1xx:41959/
[rosmaster.master][INFO] 2020-02-27 16:41:09,704: -PUB [/usb_cam/image_color/theora/parameter_descriptions] /usb_cam/image_proc http://itachi-HP-Pavilion-Laptop-15-cc1xx:41959/
[rosmaster.master][INFO] 2020-02-27 16:41:09,705: -PUB [/usb_cam/image_color/theora/parameter_updates] /usb_cam/image_proc http://itachi-HP-Pavilion-Laptop-15-cc1xx:41959/
[rosmaster.master][INFO] 2020-02-27 16:41:09,705: -PUB [/usb_cam/image_proc_rectify_mono/parameter_descriptions] /usb_cam/image_proc http://itachi-HP-Pavilion-Laptop-15-cc1xx:41959/
[rosmaster.master][INFO] 2020-02-27 16:41:09,705: -PUB [/usb_cam/image_proc_rectify_mono/parameter_updates] /usb_cam/image_proc http://itachi-HP-Pavilion-Laptop-15-cc1xx:41959/
[rosmaster.master][INFO] 2020-02-27 16:41:09,706: -PUB [/usb_cam/image_rect/compressedDepth] /usb_cam/image_proc http://itachi-HP-Pavilion-Laptop-15-cc1xx:41959/
[rosmaster.master][INFO] 2020-02-27 16:41:09,706: -PUB [/usb_cam/image_rect/compressedDepth/parameter_descriptions] /usb_cam/image_proc http://itachi-HP-Pavilion-Laptop-15-cc1xx:41959/
[rosmaster.master][INFO] 2020-02-27 16:41:09,707: -PUB [/usb_cam/image_rect/compressedDepth/parameter_updates] /usb_cam/image_proc http://itachi-HP-Pavilion-Laptop-15-cc1xx:41959/
[rosmaster.master][INFO] 2020-02-27 16:41:09,708: -PUB [/usb_cam/image_rect/compressed] /usb_cam/image_proc http://itachi-HP-Pavilion-Laptop-15-cc1xx:41959/
[rosmaster.master][INFO] 2020-02-27 16:41:09,708: -PUB [/usb_cam/image_rect/compressed/parameter_descriptions] /usb_cam/image_proc http://itachi-HP-Pavilion-Laptop-15-cc1xx:41959/
[rosmaster.master][INFO] 2020-02-27 16:41:09,709: -PUB [/usb_cam/image_rect/compressed/parameter_updates] /usb_cam/image_proc http://itachi-HP-Pavilion-Laptop-15-cc1xx:41959/
[rosmaster.master][INFO] 2020-02-27 16:41:09,710: -PUB [/usb_cam/image_rect] /usb_cam/image_proc http://itachi-HP-Pavilion-Laptop-15-cc1xx:41959/
[rosmaster.master][INFO] 2020-02-27 16:41:09,710: -PUB [/usb_cam/image_rect/theora] /usb_cam/image_proc http://itachi-HP-Pavilion-Laptop-15-cc1xx:41959/
[rosmaster.master][INFO] 2020-02-27 16:41:09,711: -PUB [/usb_cam/image_rect/theora/parameter_descriptions] /usb_cam/image_proc http://itachi-HP-Pavilion-Laptop-15-cc1xx:41959/
[rosmaster.master][INFO] 2020-02-27 16:41:09,712: -PUB [/usb_cam/image_rect/theora/parameter_updates] /usb_cam/image_proc http://itachi-HP-Pavilion-Laptop-15-cc1xx:41959/
[rosmaster.master][INFO] 2020-02-27 16:41:09,713: -PUB [/usb_cam/image_proc_rectify_color/parameter_descriptions] /usb_cam/image_proc http://itachi-HP-Pavilion-Laptop-15-cc1xx:41959/
[rosmaster.master][INFO] 2020-02-27 16:41:09,713: -PUB [/usb_cam/image_proc_rectify_color/parameter_updates] /usb_cam/image_proc http://itachi-HP-Pavilion-Laptop-15-cc1xx:41959/
[rosmaster.master][INFO] 2020-02-27 16:41:09,714: -PUB [/usb_cam/image_rect_color/compressedDepth] /usb_cam/image_proc http://itachi-HP-Pavilion-Laptop-15-cc1xx:41959/
[rosmaster.master][INFO] 2020-02-27 16:41:09,715: -PUB [/usb_cam/image_rect_color/compressedDepth/parameter_descriptions] /usb_cam/image_proc http://itachi-HP-Pavilion-Laptop-15-cc1xx:41959/
[rosmaster.master][INFO] 2020-02-27 16:41:09,715: -PUB [/usb_cam/image_rect_color/compressedDepth/parameter_updates] /usb_cam/image_proc http://itachi-HP-Pavilion-Laptop-15-cc1xx:41959/
[rosmaster.master][INFO] 2020-02-27 16:41:09,716: -PUB [/usb_cam/image_rect_color/compressed] /usb_cam/image_proc http://itachi-HP-Pavilion-Laptop-15-cc1xx:41959/
[rosmaster.master][INFO] 2020-02-27 16:41:09,716: -PUB [/usb_cam/image_rect_color/compressed/parameter_descriptions] /usb_cam/image_proc http://itachi-HP-Pavilion-Laptop-15-cc1xx:41959/
[rosmaster.master][INFO] 2020-02-27 16:41:09,718: -PUB [/usb_cam/image_rect_color/compressed/parameter_updates] /usb_cam/image_proc http://itachi-HP-Pavilion-Laptop-15-cc1xx:41959/
[rosmaster.master][INFO] 2020-02-27 16:41:09,719: -PUB [/usb_cam/image_rect_color] /usb_cam/image_proc http://itachi-HP-Pavilion-Laptop-15-cc1xx:41959/
[rosmaster.master][INFO] 2020-02-27 16:41:09,720: -PUB [/usb_cam/image_rect_color/theora] /usb_cam/image_proc http://itachi-HP-Pavilion-Laptop-15-cc1xx:41959/
[rosmaster.master][INFO] 2020-02-27 16:41:09,721: -PUB [/usb_cam/image_rect_color/theora/parameter_descriptions] /usb_cam/image_proc http://itachi-HP-Pavilion-Laptop-15-cc1xx:41959/
[rosmaster.master][INFO] 2020-02-27 16:41:09,721: -PUB [/usb_cam/image_rect_color/theora/parameter_updates] /usb_cam/image_proc http://itachi-HP-Pavilion-Laptop-15-cc1xx:41959/
[rosmaster.master][INFO] 2020-02-27 16:41:09,722: -SUB [/usb_cam/image_color] /usb_cam/image_proc http://itachi-HP-Pavilion-Laptop-15-cc1xx:41959/
[rosmaster.master][INFO] 2020-02-27 16:41:09,723: -SUB [/usb_cam/camera_info] /usb_cam/image_proc http://itachi-HP-Pavilion-Laptop-15-cc1xx:41959/
[rosmaster.master][INFO] 2020-02-27 16:41:09,723: -SUB [/usb_cam/image_raw] /usb_cam/image_proc http://itachi-HP-Pavilion-Laptop-15-cc1xx:41959/
[rosmaster.master][INFO] 2020-02-27 16:41:09,724: -SERVICE [/usb_cam/image_proc/get_loggers] /usb_cam/image_proc rosrpc://itachi-HP-Pavilion-Laptop-15-cc1xx:58099
[rosmaster.master][INFO] 2020-02-27 16:41:09,724: -SERVICE [/usb_cam/image_proc/set_logger_level] /usb_cam/image_proc rosrpc://itachi-HP-Pavilion-Laptop-15-cc1xx:58099
[rosmaster.master][INFO] 2020-02-27 16:41:09,725: -SERVICE [/usb_cam/image_proc_debayer/set_parameters] /usb_cam/image_proc rosrpc://itachi-HP-Pavilion-Laptop-15-cc1xx:58099
[rosmaster.master][INFO] 2020-02-27 16:41:09,725: -SERVICE [/usb_cam/image_mono/compressedDepth/set_parameters] /usb_cam/image_proc rosrpc://itachi-HP-Pavilion-Laptop-15-cc1xx:58099
[rosmaster.master][INFO] 2020-02-27 16:41:09,726: -SERVICE [/usb_cam/image_mono/compressed/set_parameters] /usb_cam/image_proc rosrpc://itachi-HP-Pavilion-Laptop-15-cc1xx:58099
[rosmaster.master][INFO] 2020-02-27 16:41:09,727: -SERVICE [/usb_cam/image_mono/theora/set_parameters] /usb_cam/image_proc rosrpc://itachi-HP-Pavilion-Laptop-15-cc1xx:58099
[rosmaster.master][INFO] 2020-02-27 16:41:09,727: -SERVICE [/usb_cam/image_color/compressedDepth/set_parameters] /usb_cam/image_proc rosrpc://itachi-HP-Pavilion-Laptop-15-cc1xx:58099
[rosmaster.master][INFO] 2020-02-27 16:41:09,728: -SERVICE [/usb_cam/image_color/compressed/set_parameters] /usb_cam/image_proc rosrpc://itachi-HP-Pavilion-Laptop-15-cc1xx:58099
[rosmaster.master][INFO] 2020-02-27 16:41:09,729: -SERVICE [/usb_cam/image_color/theora/set_parameters] /usb_cam/image_proc rosrpc://itachi-HP-Pavilion-Laptop-15-cc1xx:58099
[rosmaster.master][INFO] 2020-02-27 16:41:09,730: -SERVICE [/usb_cam/image_proc_rectify_mono/set_parameters] /usb_cam/image_proc rosrpc://itachi-HP-Pavilion-Laptop-15-cc1xx:58099
[rosmaster.master][INFO] 2020-02-27 16:41:09,730: -SERVICE [/usb_cam/image_rect/compressedDepth/set_parameters] /usb_cam/image_proc rosrpc://itachi-HP-Pavilion-Laptop-15-cc1xx:58099
[rosmaster.master][INFO] 2020-02-27 16:41:09,731: -SERVICE [/usb_cam/image_rect/compressed/set_parameters] /usb_cam/image_proc rosrpc://itachi-HP-Pavilion-Laptop-15-cc1xx:58099
[rosmaster.master][INFO] 2020-02-27 16:41:09,732: -SERVICE [/usb_cam/image_rect/theora/set_parameters] /usb_cam/image_proc rosrpc://itachi-HP-Pavilion-Laptop-15-cc1xx:58099
[rosmaster.master][INFO] 2020-02-27 16:41:09,732: -SERVICE [/usb_cam/image_proc_rectify_color/set_parameters] /usb_cam/image_proc rosrpc://itachi-HP-Pavilion-Laptop-15-cc1xx:58099
[rosmaster.master][INFO] 2020-02-27 16:41:09,733: -SERVICE [/usb_cam/image_rect_color/compressedDepth/set_parameters] /usb_cam/image_proc rosrpc://itachi-HP-Pavilion-Laptop-15-cc1xx:58099
[rosmaster.master][INFO] 2020-02-27 16:41:09,734: -SERVICE [/usb_cam/image_rect_color/compressed/set_parameters] /usb_cam/image_proc rosrpc://itachi-HP-Pavilion-Laptop-15-cc1xx:58099
[rosmaster.master][INFO] 2020-02-27 16:41:09,734: -SERVICE [/usb_cam/image_rect_color/theora/set_parameters] /usb_cam/image_proc rosrpc://itachi-HP-Pavilion-Laptop-15-cc1xx:58099
[rosmaster.master][INFO] 2020-02-27 16:41:09,783: publisherUpdate[/rosout] -> http://itachi-HP-Pavilion-Laptop-15-cc1xx:43095/ ['http://itachi-HP-Pavilion-Laptop-15-cc1xx:41959/', 'http://itachi-HP-Pavilion-Laptop-15-cc1xx:42307/']
[rosmaster.master][INFO] 2020-02-27 16:41:09,783: publisherUpdate[/whycon/image_out] -> http://itachi-HP-Pavilion-Laptop-15-cc1xx:42307/ []
[rosmaster.master][INFO] 2020-02-27 16:41:09,784: publisherUpdate[/usb_cam/image_color] -> http://itachi-HP-Pavilion-Laptop-15-cc1xx:41959/ []
[rosmaster.master][INFO] 2020-02-27 16:41:09,784: publisherUpdate[/rosout] -> http://itachi-HP-Pavilion-Laptop-15-cc1xx:43095/ ['http://itachi-HP-Pavilion-Laptop-15-cc1xx:41959/', 'http://itachi-HP-Pavilion-Laptop-15-cc1xx:42307/']: sec=0.00, result=[1, '', 0]
[rosmaster.master][INFO] 2020-02-27 16:41:09,784: publisherUpdate[/whycon/image_out] -> http://itachi-HP-Pavilion-Laptop-15-cc1xx:42307/ []: sec=0.00, result=[0, 'Unknown Error', 0]
[rosmaster.master][INFO] 2020-02-27 16:41:09,784: publisherUpdate[/rosout] -> http://itachi-HP-Pavilion-Laptop-15-cc1xx:43095/ ['http://itachi-HP-Pavilion-Laptop-15-cc1xx:42307/']
[rosmaster.master][INFO] 2020-02-27 16:41:09,785: publisherUpdate[/usb_cam/image_color] -> http://itachi-HP-Pavilion-Laptop-15-cc1xx:41959/ []: sec=0.00, exception=<Fault -1: 'publisherUpdate: unknown method name'>
[rosmaster.master][INFO] 2020-02-27 16:41:09,785: publisherUpdate[/rosout] -> http://itachi-HP-Pavilion-Laptop-15-cc1xx:43095/ ['http://itachi-HP-Pavilion-Laptop-15-cc1xx:42307/']: sec=0.00, result=[1, '', 0]
[rosmaster.threadpool][ERROR] 2020-02-27 16:41:09,786: Traceback (most recent call last):
  File "/opt/ros/kinetic/lib/python2.7/dist-packages/rosmaster/threadpool.py", line 218, in run
    result = cmd(*args)
  File "/opt/ros/kinetic/lib/python2.7/dist-packages/rosmaster/master_api.py", line 210, in publisher_update_task
    ret = xmlrpcapi(api).publisherUpdate('/master', topic, pub_uris)
  File "/usr/lib/python2.7/xmlrpclib.py", line 1243, in __call__
    return self.__send(self.__name, args)
  File "/usr/lib/python2.7/xmlrpclib.py", line 1602, in __request
    verbose=self.__verbose
  File "/usr/lib/python2.7/xmlrpclib.py", line 1283, in request
    return self.single_request(host, handler, request_body, verbose)
  File "/usr/lib/python2.7/xmlrpclib.py", line 1316, in single_request
    return self.parse_response(response)
  File "/usr/lib/python2.7/xmlrpclib.py", line 1493, in parse_response
    return u.close()
  File "/usr/lib/python2.7/xmlrpclib.py", line 800, in close
    raise Fault(**self._stack[0])
Fault: <Fault -1: 'publisherUpdate: unknown method name'>

[rosmaster.master][INFO] 2020-02-27 16:41:09,886: -PUB [/rosout] /whycon_display/image_view http://itachi-HP-Pavilion-Laptop-15-cc1xx:42307/
[rosmaster.master][INFO] 2020-02-27 16:41:09,886: publisherUpdate[/rosout] -> http://itachi-HP-Pavilion-Laptop-15-cc1xx:43095/ []
[rosmaster.master][INFO] 2020-02-27 16:41:09,887: publisherUpdate[/rosout] -> http://itachi-HP-Pavilion-Laptop-15-cc1xx:43095/ []: sec=0.00, result=[1, '', 0]
[rosmaster.master][INFO] 2020-02-27 16:41:09,887: -PUB [/whycon_display/image_view/output] /whycon_display/image_view http://itachi-HP-Pavilion-Laptop-15-cc1xx:42307/
[rosmaster.master][INFO] 2020-02-27 16:41:09,888: -PUB [/whycon_display/image_view/parameter_descriptions] /whycon_display/image_view http://itachi-HP-Pavilion-Laptop-15-cc1xx:42307/
[rosmaster.master][INFO] 2020-02-27 16:41:09,889: -PUB [/whycon_display/image_view/parameter_updates] /whycon_display/image_view http://itachi-HP-Pavilion-Laptop-15-cc1xx:42307/
[rosmaster.master][INFO] 2020-02-27 16:41:09,889: -SUB [/whycon/image_out] /whycon_display/image_view http://itachi-HP-Pavilion-Laptop-15-cc1xx:42307/
[rosmaster.master][INFO] 2020-02-27 16:41:09,890: -SERVICE [/whycon_display/image_view/get_loggers] /whycon_display/image_view rosrpc://itachi-HP-Pavilion-Laptop-15-cc1xx:45619
[rosmaster.master][INFO] 2020-02-27 16:41:09,890: -SERVICE [/whycon_display/image_view/set_logger_level] /whycon_display/image_view rosrpc://itachi-HP-Pavilion-Laptop-15-cc1xx:45619
[rosmaster.master][INFO] 2020-02-27 16:41:09,891: -SERVICE [/whycon_display/image_view/set_parameters] /whycon_display/image_view rosrpc://itachi-HP-Pavilion-Laptop-15-cc1xx:45619
[rosmaster.master][INFO] 2020-02-27 16:41:10,088: -PUB [/rosout_agg] /rosout http://itachi-HP-Pavilion-Laptop-15-cc1xx:43095/
[rosmaster.master][INFO] 2020-02-27 16:41:10,089: -SUB [/rosout] /rosout http://itachi-HP-Pavilion-Laptop-15-cc1xx:43095/
[rosmaster.master][INFO] 2020-02-27 16:41:10,089: -SERVICE [/rosout/get_loggers] /rosout rosrpc://itachi-HP-Pavilion-Laptop-15-cc1xx:53431
[rosmaster.master][INFO] 2020-02-27 16:41:10,090: -SERVICE [/rosout/set_logger_level] /rosout rosrpc://itachi-HP-Pavilion-Laptop-15-cc1xx:53431
[rosmaster.main][INFO] 2020-02-27 16:41:10,110: keyboard interrupt, will exit
[rosmaster.main][INFO] 2020-02-27 16:41:10,110: stopping master...
[rospy.core][INFO] 2020-02-27 16:41:10,110: signal_shutdown [atexit]
