[rosmaster.main][INFO] 2019-12-31 08:58:29,953: initialization complete, waiting for shutdown
[rosmaster.main][INFO] 2019-12-31 08:58:29,953: Starting ROS Master Node
[xmlrpc][INFO] 2019-12-31 08:58:29,954: XML-RPC server binding to 0.0.0.0:11311
[xmlrpc][INFO] 2019-12-31 08:58:29,954: Started XML-RPC server [http://itachi-HP-Pavilion-Laptop-15-cc1xx:11311/]
[rosmaster.master][INFO] 2019-12-31 08:58:29,954: Master initialized: port[11311], uri[http://itachi-HP-Pavilion-Laptop-15-cc1xx:11311/]
[xmlrpc][INFO] 2019-12-31 08:58:29,954: xml rpc node: starting XML-RPC server
[rosmaster.master][INFO] 2019-12-31 08:58:30,020: +PARAM [/run_id] by /roslaunch
[rosmaster.master][INFO] 2019-12-31 08:58:30,023: +PARAM [/roslaunch/uris/host_itachi_hp_pavilion_laptop_15_cc1xx__38157] by /roslaunch
[rosmaster.master][INFO] 2019-12-31 08:58:30,118: +PARAM [/usb_cam/image_width] by /roslaunch
[rosmaster.master][INFO] 2019-12-31 08:58:30,118: +PARAM [/usb_cam/video_device] by /roslaunch
[rosmaster.master][INFO] 2019-12-31 08:58:30,118: +PARAM [/rosdistro] by /roslaunch
[rosmaster.master][INFO] 2019-12-31 08:58:30,118: +PARAM [/whycon/targets] by /roslaunch
[rosmaster.master][INFO] 2019-12-31 08:58:30,118: +PARAM [/usb_cam/pixel_format] by /roslaunch
[rosmaster.master][INFO] 2019-12-31 08:58:30,118: +PARAM [/usb_cam/io_method] by /roslaunch
[rosmaster.master][INFO] 2019-12-31 08:58:30,118: +PARAM [/usb_cam/camera_frame_id] by /roslaunch
[rosmaster.master][INFO] 2019-12-31 08:58:30,118: +PARAM [/rosversion] by /roslaunch
[rosmaster.master][INFO] 2019-12-31 08:58:30,118: +PARAM [/whycon/outer_diameter] by /roslaunch
[rosmaster.master][INFO] 2019-12-31 08:58:30,119: +PARAM [/usb_cam/image_height] by /roslaunch
[rosmaster.master][INFO] 2019-12-31 08:58:30,119: +PARAM [/whycon/name] by /roslaunch
[rosmaster.master][INFO] 2019-12-31 08:58:30,119: +PARAM [/whycon/inner_diameter] by /roslaunch
[rosmaster.master][INFO] 2019-12-31 08:58:30,120: +SERVICE [/rosout/get_loggers] /rosout http://itachi-HP-Pavilion-Laptop-15-cc1xx:33995/
[rosmaster.master][INFO] 2019-12-31 08:58:30,121: +SERVICE [/rosout/set_logger_level] /rosout http://itachi-HP-Pavilion-Laptop-15-cc1xx:33995/
[rosmaster.master][INFO] 2019-12-31 08:58:30,122: +PUB [/rosout_agg] /rosout http://itachi-HP-Pavilion-Laptop-15-cc1xx:33995/
[rosmaster.master][INFO] 2019-12-31 08:58:30,125: +SUB [/rosout] /rosout http://itachi-HP-Pavilion-Laptop-15-cc1xx:33995/
[rosmaster.master][INFO] 2019-12-31 08:58:30,142: +PUB [/rosout] /usb_cam http://itachi-HP-Pavilion-Laptop-15-cc1xx:45129/
[rosmaster.master][INFO] 2019-12-31 08:58:30,143: +SERVICE [/usb_cam/get_loggers] /usb_cam http://itachi-HP-Pavilion-Laptop-15-cc1xx:45129/
[rosmaster.master][INFO] 2019-12-31 08:58:30,144: +SERVICE [/usb_cam/set_logger_level] /usb_cam http://itachi-HP-Pavilion-Laptop-15-cc1xx:45129/
[rosmaster.master][INFO] 2019-12-31 08:58:30,152: +PUB [/rosout] /usb_cam/image_proc http://itachi-HP-Pavilion-Laptop-15-cc1xx:36877/
[rosmaster.master][INFO] 2019-12-31 08:58:30,153: +SERVICE [/usb_cam/image_proc/get_loggers] /usb_cam/image_proc http://itachi-HP-Pavilion-Laptop-15-cc1xx:36877/
[rosmaster.master][INFO] 2019-12-31 08:58:30,154: +SERVICE [/usb_cam/image_proc/set_logger_level] /usb_cam/image_proc http://itachi-HP-Pavilion-Laptop-15-cc1xx:36877/
[rosmaster.master][INFO] 2019-12-31 08:58:30,154: publisherUpdate[/rosout] -> http://itachi-HP-Pavilion-Laptop-15-cc1xx:33995/ ['http://itachi-HP-Pavilion-Laptop-15-cc1xx:45129/']
[rosmaster.master][INFO] 2019-12-31 08:58:30,157: publisherUpdate[/rosout] -> http://itachi-HP-Pavilion-Laptop-15-cc1xx:33995/ ['http://itachi-HP-Pavilion-Laptop-15-cc1xx:45129/']: sec=0.00, result=[1, '', 0]
[rosmaster.master][INFO] 2019-12-31 08:58:30,158: publisherUpdate[/rosout] -> http://itachi-HP-Pavilion-Laptop-15-cc1xx:33995/ ['http://itachi-HP-Pavilion-Laptop-15-cc1xx:45129/', 'http://itachi-HP-Pavilion-Laptop-15-cc1xx:36877/']
[rosmaster.master][INFO] 2019-12-31 08:58:30,159: publisherUpdate[/rosout] -> http://itachi-HP-Pavilion-Laptop-15-cc1xx:33995/ ['http://itachi-HP-Pavilion-Laptop-15-cc1xx:45129/', 'http://itachi-HP-Pavilion-Laptop-15-cc1xx:36877/']: sec=0.00, result=[1, '', 0]
[rosmaster.master][INFO] 2019-12-31 08:58:30,160: +PUB [/rosout] /whycon http://itachi-HP-Pavilion-Laptop-15-cc1xx:43089/
[rosmaster.master][INFO] 2019-12-31 08:58:30,161: +SERVICE [/whycon/get_loggers] /whycon http://itachi-HP-Pavilion-Laptop-15-cc1xx:43089/
[rosmaster.master][INFO] 2019-12-31 08:58:30,162: +SERVICE [/whycon/set_logger_level] /whycon http://itachi-HP-Pavilion-Laptop-15-cc1xx:43089/
[rosmaster.master][INFO] 2019-12-31 08:58:30,173: +PUB [/rosout] /whycon_display/image_view http://itachi-HP-Pavilion-Laptop-15-cc1xx:40715/
[rosmaster.master][INFO] 2019-12-31 08:58:30,174: +PUB [/rosout] /usb_cam_display/image_view http://itachi-HP-Pavilion-Laptop-15-cc1xx:41591/
[rosmaster.master][INFO] 2019-12-31 08:58:30,175: +SERVICE [/whycon_display/image_view/get_loggers] /whycon_display/image_view http://itachi-HP-Pavilion-Laptop-15-cc1xx:40715/
[rosmaster.master][INFO] 2019-12-31 08:58:30,176: +SERVICE [/usb_cam_display/image_view/get_loggers] /usb_cam_display/image_view http://itachi-HP-Pavilion-Laptop-15-cc1xx:41591/
[rosmaster.master][INFO] 2019-12-31 08:58:30,177: +SERVICE [/whycon_display/image_view/set_logger_level] /whycon_display/image_view http://itachi-HP-Pavilion-Laptop-15-cc1xx:40715/
[rosmaster.master][INFO] 2019-12-31 08:58:30,178: +SERVICE [/usb_cam_display/image_view/set_logger_level] /usb_cam_display/image_view http://itachi-HP-Pavilion-Laptop-15-cc1xx:41591/
[rosmaster.master][INFO] 2019-12-31 08:58:30,200: +SERVICE [/usb_cam/image_proc_debayer/set_parameters] /usb_cam/image_proc http://itachi-HP-Pavilion-Laptop-15-cc1xx:36877/
[rosmaster.master][INFO] 2019-12-31 08:58:30,201: +PUB [/usb_cam/image_proc_debayer/parameter_descriptions] /usb_cam/image_proc http://itachi-HP-Pavilion-Laptop-15-cc1xx:36877/
[rosmaster.master][INFO] 2019-12-31 08:58:30,202: +PUB [/usb_cam/image_raw/compressedDepth] /usb_cam http://itachi-HP-Pavilion-Laptop-15-cc1xx:45129/
[rosmaster.master][INFO] 2019-12-31 08:58:30,203: +PUB [/usb_cam/image_proc_debayer/parameter_updates] /usb_cam/image_proc http://itachi-HP-Pavilion-Laptop-15-cc1xx:36877/
[rosmaster.master][INFO] 2019-12-31 08:58:30,203: +SERVICE [/usb_cam/image_raw/compressedDepth/set_parameters] /usb_cam http://itachi-HP-Pavilion-Laptop-15-cc1xx:45129/
[rosmaster.master][INFO] 2019-12-31 08:58:30,205: +PARAM [/usb_cam/image_proc_debayer/debayer] by /usb_cam/image_proc
[rosmaster.master][INFO] 2019-12-31 08:58:30,205: +PUB [/usb_cam/image_raw/compressedDepth/parameter_descriptions] /usb_cam http://itachi-HP-Pavilion-Laptop-15-cc1xx:45129/
[rosmaster.master][INFO] 2019-12-31 08:58:30,207: +PARAM [/usb_cam/image_proc_debayer/debayer] by /usb_cam/image_proc
[rosmaster.master][INFO] 2019-12-31 08:58:30,208: +PUB [/usb_cam/image_raw/compressedDepth/parameter_updates] /usb_cam http://itachi-HP-Pavilion-Laptop-15-cc1xx:45129/
[rosmaster.master][INFO] 2019-12-31 08:58:30,210: +PUB [/usb_cam/image_mono/compressedDepth] /usb_cam/image_proc http://itachi-HP-Pavilion-Laptop-15-cc1xx:36877/
[rosmaster.master][INFO] 2019-12-31 08:58:30,211: +SERVICE [/usb_cam/image_mono/compressedDepth/set_parameters] /usb_cam/image_proc http://itachi-HP-Pavilion-Laptop-15-cc1xx:36877/
[rosmaster.master][INFO] 2019-12-31 08:58:30,212: +PUB [/usb_cam/image_mono/compressedDepth/parameter_descriptions] /usb_cam/image_proc http://itachi-HP-Pavilion-Laptop-15-cc1xx:36877/
[rosmaster.master][INFO] 2019-12-31 08:58:30,213: +PARAM [/usb_cam/image_raw/compressedDepth/depth_max] by /usb_cam
[rosmaster.master][INFO] 2019-12-31 08:58:30,214: +PUB [/usb_cam/image_mono/compressedDepth/parameter_updates] /usb_cam/image_proc http://itachi-HP-Pavilion-Laptop-15-cc1xx:36877/
[rosmaster.master][INFO] 2019-12-31 08:58:30,215: +PARAM [/usb_cam/image_raw/compressedDepth/depth_quantization] by /usb_cam
[rosmaster.master][INFO] 2019-12-31 08:58:30,216: +PARAM [/usb_cam/image_raw/compressedDepth/png_level] by /usb_cam
[rosmaster.master][INFO] 2019-12-31 08:58:30,218: +PARAM [/usb_cam/image_raw/compressedDepth/depth_max] by /usb_cam
[rosmaster.master][INFO] 2019-12-31 08:58:30,219: +PARAM [/usb_cam/image_raw/compressedDepth/depth_quantization] by /usb_cam
[rosmaster.master][INFO] 2019-12-31 08:58:30,220: +PARAM [/usb_cam/image_mono/compressedDepth/depth_max] by /usb_cam/image_proc
[rosmaster.master][INFO] 2019-12-31 08:58:30,221: +PARAM [/usb_cam/image_raw/compressedDepth/png_level] by /usb_cam
[rosmaster.master][INFO] 2019-12-31 08:58:30,222: +PARAM [/usb_cam/image_mono/compressedDepth/depth_quantization] by /usb_cam/image_proc
[rosmaster.master][INFO] 2019-12-31 08:58:30,223: +PUB [/usb_cam/image_raw/compressed] /usb_cam http://itachi-HP-Pavilion-Laptop-15-cc1xx:45129/
[rosmaster.master][INFO] 2019-12-31 08:58:30,224: +PARAM [/usb_cam/image_mono/compressedDepth/png_level] by /usb_cam/image_proc
[rosmaster.master][INFO] 2019-12-31 08:58:30,225: +SERVICE [/usb_cam/image_raw/compressed/set_parameters] /usb_cam http://itachi-HP-Pavilion-Laptop-15-cc1xx:45129/
[rosmaster.master][INFO] 2019-12-31 08:58:30,226: +PARAM [/usb_cam/image_mono/compressedDepth/depth_max] by /usb_cam/image_proc
[rosmaster.master][INFO] 2019-12-31 08:58:30,227: +PUB [/tf] /whycon http://itachi-HP-Pavilion-Laptop-15-cc1xx:43089/
[rosmaster.master][INFO] 2019-12-31 08:58:30,228: +PUB [/usb_cam/image_raw/compressed/parameter_descriptions] /usb_cam http://itachi-HP-Pavilion-Laptop-15-cc1xx:45129/
[rosmaster.master][INFO] 2019-12-31 08:58:30,229: +PARAM [/usb_cam/image_mono/compressedDepth/depth_quantization] by /usb_cam/image_proc
[rosmaster.master][INFO] 2019-12-31 08:58:30,231: +PUB [/usb_cam/image_raw/compressed/parameter_updates] /usb_cam http://itachi-HP-Pavilion-Laptop-15-cc1xx:45129/
[rosmaster.master][INFO] 2019-12-31 08:58:30,231: +PARAM [/usb_cam/image_mono/compressedDepth/png_level] by /usb_cam/image_proc
[rosmaster.master][INFO] 2019-12-31 08:58:30,233: +PUB [/usb_cam/image_mono/compressed] /usb_cam/image_proc http://itachi-HP-Pavilion-Laptop-15-cc1xx:36877/
[rosmaster.master][INFO] 2019-12-31 08:58:30,235: +SERVICE [/usb_cam/image_mono/compressed/set_parameters] /usb_cam/image_proc http://itachi-HP-Pavilion-Laptop-15-cc1xx:36877/
[rosmaster.master][INFO] 2019-12-31 08:58:30,236: +PARAM [/usb_cam/image_raw/compressed/format] by /usb_cam
[rosmaster.master][INFO] 2019-12-31 08:58:30,237: +PARAM [/usb_cam/image_raw/compressed/jpeg_quality] by /usb_cam
[rosmaster.master][INFO] 2019-12-31 08:58:30,239: +PUB [/usb_cam/image_mono/compressed/parameter_descriptions] /usb_cam/image_proc http://itachi-HP-Pavilion-Laptop-15-cc1xx:36877/
[rosmaster.master][INFO] 2019-12-31 08:58:30,240: +PARAM [/usb_cam/image_raw/compressed/png_level] by /usb_cam
[rosmaster.master][INFO] 2019-12-31 08:58:30,242: +PUB [/usb_cam/image_mono/compressed/parameter_updates] /usb_cam/image_proc http://itachi-HP-Pavilion-Laptop-15-cc1xx:36877/
[rosmaster.master][INFO] 2019-12-31 08:58:30,243: +PARAM [/usb_cam/image_raw/compressed/format] by /usb_cam
[rosmaster.master][INFO] 2019-12-31 08:58:30,244: +PARAM [/usb_cam/image_raw/compressed/jpeg_quality] by /usb_cam
[rosmaster.master][INFO] 2019-12-31 08:58:30,247: +SUB [/usb_cam/image_rect_color] /whycon http://itachi-HP-Pavilion-Laptop-15-cc1xx:43089/
[rosmaster.master][INFO] 2019-12-31 08:58:30,247: +PARAM [/usb_cam/image_raw/compressed/png_level] by /usb_cam
[rosmaster.master][INFO] 2019-12-31 08:58:30,249: +PARAM [/usb_cam/image_mono/compressed/format] by /usb_cam/image_proc
[rosmaster.master][INFO] 2019-12-31 08:58:30,250: +PUB [/usb_cam/image_raw] /usb_cam http://itachi-HP-Pavilion-Laptop-15-cc1xx:45129/
[rosmaster.master][INFO] 2019-12-31 08:58:30,251: +PARAM [/usb_cam/image_mono/compressed/jpeg_quality] by /usb_cam/image_proc
[rosmaster.master][INFO] 2019-12-31 08:58:30,253: +PARAM [/usb_cam/image_mono/compressed/png_level] by /usb_cam/image_proc
[rosmaster.master][INFO] 2019-12-31 08:58:30,254: +PUB [/usb_cam/image_raw/theora] /usb_cam http://itachi-HP-Pavilion-Laptop-15-cc1xx:45129/
[rosmaster.master][INFO] 2019-12-31 08:58:30,254: publisherUpdate[/rosout] -> http://itachi-HP-Pavilion-Laptop-15-cc1xx:33995/ ['http://itachi-HP-Pavilion-Laptop-15-cc1xx:45129/', 'http://itachi-HP-Pavilion-Laptop-15-cc1xx:36877/', 'http://itachi-HP-Pavilion-Laptop-15-cc1xx:43089/']
[rosmaster.master][INFO] 2019-12-31 08:58:30,256: +PARAM [/usb_cam/image_mono/compressed/format] by /usb_cam/image_proc
[rosmaster.master][INFO] 2019-12-31 08:58:30,256: +SUB [/usb_cam/camera_info] /whycon http://itachi-HP-Pavilion-Laptop-15-cc1xx:43089/
[rosmaster.master][INFO] 2019-12-31 08:58:30,257: publisherUpdate[/rosout] -> http://itachi-HP-Pavilion-Laptop-15-cc1xx:33995/ ['http://itachi-HP-Pavilion-Laptop-15-cc1xx:45129/', 'http://itachi-HP-Pavilion-Laptop-15-cc1xx:36877/', 'http://itachi-HP-Pavilion-Laptop-15-cc1xx:43089/']: sec=0.00, result=[1, '', 0]
[rosmaster.master][INFO] 2019-12-31 08:58:30,258: +SERVICE [/usb_cam/image_raw/theora/set_parameters] /usb_cam http://itachi-HP-Pavilion-Laptop-15-cc1xx:45129/
[rosmaster.master][INFO] 2019-12-31 08:58:30,258: publisherUpdate[/rosout] -> http://itachi-HP-Pavilion-Laptop-15-cc1xx:33995/ ['http://itachi-HP-Pavilion-Laptop-15-cc1xx:45129/', 'http://itachi-HP-Pavilion-Laptop-15-cc1xx:36877/', 'http://itachi-HP-Pavilion-Laptop-15-cc1xx:43089/', 'http://itachi-HP-Pavilion-Laptop-15-cc1xx:40715/']
[rosmaster.master][INFO] 2019-12-31 08:58:30,258: +PARAM [/usb_cam/image_mono/compressed/jpeg_quality] by /usb_cam/image_proc
[rosmaster.master][INFO] 2019-12-31 08:58:30,259: publisherUpdate[/rosout] -> http://itachi-HP-Pavilion-Laptop-15-cc1xx:33995/ ['http://itachi-HP-Pavilion-Laptop-15-cc1xx:45129/', 'http://itachi-HP-Pavilion-Laptop-15-cc1xx:36877/', 'http://itachi-HP-Pavilion-Laptop-15-cc1xx:43089/', 'http://itachi-HP-Pavilion-Laptop-15-cc1xx:40715/']: sec=0.00, result=[1, '', 0]
[rosmaster.master][INFO] 2019-12-31 08:58:30,259: +PUB [/whycon/image_out] /whycon http://itachi-HP-Pavilion-Laptop-15-cc1xx:43089/
[rosmaster.master][INFO] 2019-12-31 08:58:30,260: publisherUpdate[/rosout] -> http://itachi-HP-Pavilion-Laptop-15-cc1xx:33995/ ['http://itachi-HP-Pavilion-Laptop-15-cc1xx:45129/', 'http://itachi-HP-Pavilion-Laptop-15-cc1xx:36877/', 'http://itachi-HP-Pavilion-Laptop-15-cc1xx:43089/', 'http://itachi-HP-Pavilion-Laptop-15-cc1xx:40715/', 'http://itachi-HP-Pavilion-Laptop-15-cc1xx:41591/']
[rosmaster.master][INFO] 2019-12-31 08:58:30,261: +PUB [/usb_cam/image_raw/theora/parameter_descriptions] /usb_cam http://itachi-HP-Pavilion-Laptop-15-cc1xx:45129/
[rosmaster.master][INFO] 2019-12-31 08:58:30,262: publisherUpdate[/rosout] -> http://itachi-HP-Pavilion-Laptop-15-cc1xx:33995/ ['http://itachi-HP-Pavilion-Laptop-15-cc1xx:45129/', 'http://itachi-HP-Pavilion-Laptop-15-cc1xx:36877/', 'http://itachi-HP-Pavilion-Laptop-15-cc1xx:43089/', 'http://itachi-HP-Pavilion-Laptop-15-cc1xx:40715/', 'http://itachi-HP-Pavilion-Laptop-15-cc1xx:41591/']: sec=0.00, result=[1, '', 0]
[rosmaster.master][INFO] 2019-12-31 08:58:30,263: +PARAM [/usb_cam/image_mono/compressed/png_level] by /usb_cam/image_proc
[rosmaster.master][INFO] 2019-12-31 08:58:30,263: +PUB [/whycon/poses] /whycon http://itachi-HP-Pavilion-Laptop-15-cc1xx:43089/
[rosmaster.master][INFO] 2019-12-31 08:58:30,264: +PUB [/usb_cam/image_raw/theora/parameter_updates] /usb_cam http://itachi-HP-Pavilion-Laptop-15-cc1xx:45129/
[rosmaster.master][INFO] 2019-12-31 08:58:30,265: +PUB [/whycon/context] /whycon http://itachi-HP-Pavilion-Laptop-15-cc1xx:43089/
[rosmaster.master][INFO] 2019-12-31 08:58:30,266: +PUB [/usb_cam/image_mono] /usb_cam/image_proc http://itachi-HP-Pavilion-Laptop-15-cc1xx:36877/
[rosmaster.master][INFO] 2019-12-31 08:58:30,267: +PUB [/whycon/projection] /whycon http://itachi-HP-Pavilion-Laptop-15-cc1xx:43089/
[rosmaster.master][INFO] 2019-12-31 08:58:30,269: +PUB [/usb_cam/image_mono/theora] /usb_cam/image_proc http://itachi-HP-Pavilion-Laptop-15-cc1xx:36877/
[rosmaster.master][INFO] 2019-12-31 08:58:30,270: +SERVICE [/whycon/reset] /whycon http://itachi-HP-Pavilion-Laptop-15-cc1xx:43089/
[rosmaster.master][INFO] 2019-12-31 08:58:30,272: +SERVICE [/usb_cam/image_mono/theora/set_parameters] /usb_cam/image_proc http://itachi-HP-Pavilion-Laptop-15-cc1xx:36877/
[rosmaster.master][INFO] 2019-12-31 08:58:30,273: +PARAM [/usb_cam/image_raw/theora/optimize_for] by /usb_cam
[rosmaster.master][INFO] 2019-12-31 08:58:30,274: +PUB [/usb_cam/image_mono/theora/parameter_descriptions] /usb_cam/image_proc http://itachi-HP-Pavilion-Laptop-15-cc1xx:36877/
[rosmaster.master][INFO] 2019-12-31 08:58:30,275: +PARAM [/usb_cam/image_raw/theora/target_bitrate] by /usb_cam
[rosmaster.master][INFO] 2019-12-31 08:58:30,276: +PUB [/usb_cam/image_mono/theora/parameter_updates] /usb_cam/image_proc http://itachi-HP-Pavilion-Laptop-15-cc1xx:36877/
[rosmaster.master][INFO] 2019-12-31 08:58:30,277: +PARAM [/usb_cam/image_raw/theora/quality] by /usb_cam
[rosmaster.master][INFO] 2019-12-31 08:58:30,280: +PARAM [/usb_cam/image_raw/theora/keyframe_frequency] by /usb_cam
[rosmaster.master][INFO] 2019-12-31 08:58:30,281: +PARAM [/usb_cam/image_raw/theora/optimize_for] by /usb_cam
[rosmaster.master][INFO] 2019-12-31 08:58:30,282: +PARAM [/usb_cam/image_mono/theora/optimize_for] by /usb_cam/image_proc
[rosmaster.master][INFO] 2019-12-31 08:58:30,283: +PARAM [/usb_cam/image_raw/theora/target_bitrate] by /usb_cam
[rosmaster.master][INFO] 2019-12-31 08:58:30,283: +PARAM [/usb_cam/image_mono/theora/target_bitrate] by /usb_cam/image_proc
[rosmaster.master][INFO] 2019-12-31 08:58:30,284: +PARAM [/usb_cam/image_raw/theora/quality] by /usb_cam
[rosmaster.master][INFO] 2019-12-31 08:58:30,285: +PARAM [/usb_cam/image_mono/theora/quality] by /usb_cam/image_proc
[rosmaster.master][INFO] 2019-12-31 08:58:30,286: +PARAM [/usb_cam/image_raw/theora/keyframe_frequency] by /usb_cam
[rosmaster.master][INFO] 2019-12-31 08:58:30,286: +PARAM [/usb_cam/image_mono/theora/keyframe_frequency] by /usb_cam/image_proc
[rosmaster.master][INFO] 2019-12-31 08:58:30,287: +PUB [/usb_cam/camera_info] /usb_cam http://itachi-HP-Pavilion-Laptop-15-cc1xx:45129/
[rosmaster.master][INFO] 2019-12-31 08:58:30,288: +PARAM [/usb_cam/image_mono/theora/optimize_for] by /usb_cam/image_proc
[rosmaster.master][INFO] 2019-12-31 08:58:30,289: +PARAM [/usb_cam/image_mono/theora/target_bitrate] by /usb_cam/image_proc
[rosmaster.master][INFO] 2019-12-31 08:58:30,290: +PARAM [/usb_cam/image_mono/theora/quality] by /usb_cam/image_proc
[rosmaster.master][INFO] 2019-12-31 08:58:30,292: +PARAM [/usb_cam/image_mono/theora/keyframe_frequency] by /usb_cam/image_proc
[rosmaster.master][INFO] 2019-12-31 08:58:30,294: +PUB [/usb_cam/image_color/compressedDepth] /usb_cam/image_proc http://itachi-HP-Pavilion-Laptop-15-cc1xx:36877/
[rosmaster.master][INFO] 2019-12-31 08:58:30,295: +SERVICE [/usb_cam/image_color/compressedDepth/set_parameters] /usb_cam/image_proc http://itachi-HP-Pavilion-Laptop-15-cc1xx:36877/
[rosmaster.master][INFO] 2019-12-31 08:58:30,296: +PUB [/usb_cam/image_color/compressedDepth/parameter_descriptions] /usb_cam/image_proc http://itachi-HP-Pavilion-Laptop-15-cc1xx:36877/
[rosmaster.master][INFO] 2019-12-31 08:58:30,298: +PUB [/usb_cam/image_color/compressedDepth/parameter_updates] /usb_cam/image_proc http://itachi-HP-Pavilion-Laptop-15-cc1xx:36877/
[rosmaster.master][INFO] 2019-12-31 08:58:30,302: +PARAM [/usb_cam/image_color/compressedDepth/depth_max] by /usb_cam/image_proc
[rosmaster.master][INFO] 2019-12-31 08:58:30,304: +PARAM [/usb_cam/image_color/compressedDepth/depth_quantization] by /usb_cam/image_proc
[rosmaster.master][INFO] 2019-12-31 08:58:30,305: +PARAM [/usb_cam/image_color/compressedDepth/png_level] by /usb_cam/image_proc
[rosmaster.master][INFO] 2019-12-31 08:58:30,306: +PARAM [/usb_cam/image_color/compressedDepth/depth_max] by /usb_cam/image_proc
[rosmaster.master][INFO] 2019-12-31 08:58:30,307: +PARAM [/usb_cam/image_color/compressedDepth/depth_quantization] by /usb_cam/image_proc
[rosmaster.master][INFO] 2019-12-31 08:58:30,308: +PARAM [/usb_cam/image_color/compressedDepth/png_level] by /usb_cam/image_proc
[rosmaster.master][INFO] 2019-12-31 08:58:30,310: +PUB [/usb_cam/image_color/compressed] /usb_cam/image_proc http://itachi-HP-Pavilion-Laptop-15-cc1xx:36877/
[rosmaster.master][INFO] 2019-12-31 08:58:30,311: +SERVICE [/usb_cam/image_color/compressed/set_parameters] /usb_cam/image_proc http://itachi-HP-Pavilion-Laptop-15-cc1xx:36877/
[rosmaster.master][INFO] 2019-12-31 08:58:30,313: +PUB [/usb_cam/image_color/compressed/parameter_descriptions] /usb_cam/image_proc http://itachi-HP-Pavilion-Laptop-15-cc1xx:36877/
[rosmaster.master][INFO] 2019-12-31 08:58:30,315: +PUB [/usb_cam/image_color/compressed/parameter_updates] /usb_cam/image_proc http://itachi-HP-Pavilion-Laptop-15-cc1xx:36877/
[rosmaster.master][INFO] 2019-12-31 08:58:30,319: +SERVICE [/usb_cam/set_camera_info] /usb_cam http://itachi-HP-Pavilion-Laptop-15-cc1xx:45129/
[rosmaster.master][INFO] 2019-12-31 08:58:30,322: +SERVICE [/usb_cam/start_capture] /usb_cam http://itachi-HP-Pavilion-Laptop-15-cc1xx:45129/
[rosmaster.master][INFO] 2019-12-31 08:58:30,324: +SERVICE [/usb_cam/stop_capture] /usb_cam http://itachi-HP-Pavilion-Laptop-15-cc1xx:45129/
[rosmaster.master][INFO] 2019-12-31 08:58:30,326: +PARAM [/usb_cam/image_color/compressed/format] by /usb_cam/image_proc
[rosmaster.master][INFO] 2019-12-31 08:58:30,328: +PARAM [/usb_cam/image_color/compressed/jpeg_quality] by /usb_cam/image_proc
[rosmaster.master][INFO] 2019-12-31 08:58:30,329: +PARAM [/usb_cam/image_color/compressed/png_level] by /usb_cam/image_proc
[rosmaster.master][INFO] 2019-12-31 08:58:30,330: +PARAM [/usb_cam/image_color/compressed/format] by /usb_cam/image_proc
[rosmaster.master][INFO] 2019-12-31 08:58:30,331: +PARAM [/usb_cam/image_color/compressed/jpeg_quality] by /usb_cam/image_proc
[rosmaster.master][INFO] 2019-12-31 08:58:30,332: +PARAM [/usb_cam/image_color/compressed/png_level] by /usb_cam/image_proc
[rosmaster.master][INFO] 2019-12-31 08:58:30,333: +PUB [/usb_cam/image_color] /usb_cam/image_proc http://itachi-HP-Pavilion-Laptop-15-cc1xx:36877/
[rosmaster.master][INFO] 2019-12-31 08:58:30,334: +PUB [/usb_cam/image_color/theora] /usb_cam/image_proc http://itachi-HP-Pavilion-Laptop-15-cc1xx:36877/
[rosmaster.master][INFO] 2019-12-31 08:58:30,335: +SERVICE [/usb_cam/image_color/theora/set_parameters] /usb_cam/image_proc http://itachi-HP-Pavilion-Laptop-15-cc1xx:36877/
[rosmaster.master][INFO] 2019-12-31 08:58:30,336: +PUB [/usb_cam/image_color/theora/parameter_descriptions] /usb_cam/image_proc http://itachi-HP-Pavilion-Laptop-15-cc1xx:36877/
[rosmaster.master][INFO] 2019-12-31 08:58:30,337: +PUB [/usb_cam/image_color/theora/parameter_updates] /usb_cam/image_proc http://itachi-HP-Pavilion-Laptop-15-cc1xx:36877/
[rosmaster.master][INFO] 2019-12-31 08:58:30,342: +PARAM [/usb_cam/image_color/theora/optimize_for] by /usb_cam/image_proc
[rosmaster.master][INFO] 2019-12-31 08:58:30,345: +PARAM [/usb_cam/image_color/theora/target_bitrate] by /usb_cam/image_proc
[rosmaster.master][INFO] 2019-12-31 08:58:30,346: +PARAM [/usb_cam/image_color/theora/quality] by /usb_cam/image_proc
[rosmaster.master][INFO] 2019-12-31 08:58:30,347: +PARAM [/usb_cam/image_color/theora/keyframe_frequency] by /usb_cam/image_proc
[rosmaster.master][INFO] 2019-12-31 08:58:30,348: +PARAM [/usb_cam/image_color/theora/optimize_for] by /usb_cam/image_proc
[rosmaster.master][INFO] 2019-12-31 08:58:30,350: +PARAM [/usb_cam/image_color/theora/target_bitrate] by /usb_cam/image_proc
[rosmaster.master][INFO] 2019-12-31 08:58:30,351: +PARAM [/usb_cam/image_color/theora/quality] by /usb_cam/image_proc
[rosmaster.master][INFO] 2019-12-31 08:58:30,352: +PARAM [/usb_cam/image_color/theora/keyframe_frequency] by /usb_cam/image_proc
[rosmaster.master][INFO] 2019-12-31 08:58:30,355: publisherUpdate[/usb_cam/camera_info] -> http://itachi-HP-Pavilion-Laptop-15-cc1xx:43089/ ['http://itachi-HP-Pavilion-Laptop-15-cc1xx:45129/']
[rosmaster.master][INFO] 2019-12-31 08:58:30,356: +SERVICE [/usb_cam/image_proc_rectify_mono/set_parameters] /usb_cam/image_proc http://itachi-HP-Pavilion-Laptop-15-cc1xx:36877/
[rosmaster.master][INFO] 2019-12-31 08:58:30,358: publisherUpdate[/usb_cam/camera_info] -> http://itachi-HP-Pavilion-Laptop-15-cc1xx:43089/ ['http://itachi-HP-Pavilion-Laptop-15-cc1xx:45129/']: sec=0.00, result=[1, '', 0]
[rosmaster.master][INFO] 2019-12-31 08:58:30,358: +PUB [/usb_cam/image_proc_rectify_mono/parameter_descriptions] /usb_cam/image_proc http://itachi-HP-Pavilion-Laptop-15-cc1xx:36877/
[rosmaster.master][INFO] 2019-12-31 08:58:30,360: +PUB [/usb_cam/image_proc_rectify_mono/parameter_updates] /usb_cam/image_proc http://itachi-HP-Pavilion-Laptop-15-cc1xx:36877/
[rosmaster.master][INFO] 2019-12-31 08:58:30,361: +PARAM [/usb_cam/image_proc_rectify_mono/interpolation] by /usb_cam/image_proc
[rosmaster.master][INFO] 2019-12-31 08:58:30,363: +PARAM [/usb_cam/image_proc_rectify_mono/interpolation] by /usb_cam/image_proc
[rosmaster.master][INFO] 2019-12-31 08:58:30,365: +PUB [/usb_cam/image_rect/compressedDepth] /usb_cam/image_proc http://itachi-HP-Pavilion-Laptop-15-cc1xx:36877/
[rosmaster.master][INFO] 2019-12-31 08:58:30,366: +SERVICE [/usb_cam/image_rect/compressedDepth/set_parameters] /usb_cam/image_proc http://itachi-HP-Pavilion-Laptop-15-cc1xx:36877/
[rosmaster.master][INFO] 2019-12-31 08:58:30,368: +PUB [/usb_cam/image_rect/compressedDepth/parameter_descriptions] /usb_cam/image_proc http://itachi-HP-Pavilion-Laptop-15-cc1xx:36877/
[rosmaster.master][INFO] 2019-12-31 08:58:30,371: +PUB [/usb_cam/image_rect/compressedDepth/parameter_updates] /usb_cam/image_proc http://itachi-HP-Pavilion-Laptop-15-cc1xx:36877/
[rosmaster.master][INFO] 2019-12-31 08:58:30,377: +PARAM [/usb_cam/image_rect/compressedDepth/depth_max] by /usb_cam/image_proc
[rosmaster.master][INFO] 2019-12-31 08:58:30,377: +SUB [/whycon/image_out] /whycon_display/image_view http://itachi-HP-Pavilion-Laptop-15-cc1xx:40715/
[rosmaster.master][INFO] 2019-12-31 08:58:30,378: +PARAM [/usb_cam/image_rect/compressedDepth/depth_quantization] by /usb_cam/image_proc
[rosmaster.master][INFO] 2019-12-31 08:58:30,379: +PUB [/whycon_display/image_view/output] /whycon_display/image_view http://itachi-HP-Pavilion-Laptop-15-cc1xx:40715/
[rosmaster.master][INFO] 2019-12-31 08:58:30,379: +PARAM [/usb_cam/image_rect/compressedDepth/png_level] by /usb_cam/image_proc
[rosmaster.master][INFO] 2019-12-31 08:58:30,380: +SERVICE [/whycon_display/image_view/set_parameters] /whycon_display/image_view http://itachi-HP-Pavilion-Laptop-15-cc1xx:40715/
[rosmaster.master][INFO] 2019-12-31 08:58:30,381: +PARAM [/usb_cam/image_rect/compressedDepth/depth_max] by /usb_cam/image_proc
[rosmaster.master][INFO] 2019-12-31 08:58:30,382: +PUB [/whycon_display/image_view/parameter_descriptions] /whycon_display/image_view http://itachi-HP-Pavilion-Laptop-15-cc1xx:40715/
[rosmaster.master][INFO] 2019-12-31 08:58:30,383: +PARAM [/usb_cam/image_rect/compressedDepth/depth_quantization] by /usb_cam/image_proc
[rosmaster.master][INFO] 2019-12-31 08:58:30,383: +PUB [/whycon_display/image_view/parameter_updates] /whycon_display/image_view http://itachi-HP-Pavilion-Laptop-15-cc1xx:40715/
[rosmaster.master][INFO] 2019-12-31 08:58:30,384: +PARAM [/usb_cam/image_rect/compressedDepth/png_level] by /usb_cam/image_proc
[rosmaster.master][INFO] 2019-12-31 08:58:30,389: +PUB [/usb_cam/image_rect/compressed] /usb_cam/image_proc http://itachi-HP-Pavilion-Laptop-15-cc1xx:36877/
[rosmaster.master][INFO] 2019-12-31 08:58:30,389: +SUB [/usb_cam/image_raw] /usb_cam_display/image_view http://itachi-HP-Pavilion-Laptop-15-cc1xx:41591/
[rosmaster.master][INFO] 2019-12-31 08:58:30,390: +SERVICE [/usb_cam/image_rect/compressed/set_parameters] /usb_cam/image_proc http://itachi-HP-Pavilion-Laptop-15-cc1xx:36877/
[rosmaster.master][INFO] 2019-12-31 08:58:30,391: +PUB [/usb_cam_display/image_view/output] /usb_cam_display/image_view http://itachi-HP-Pavilion-Laptop-15-cc1xx:41591/
[rosmaster.master][INFO] 2019-12-31 08:58:30,392: +PUB [/usb_cam/image_rect/compressed/parameter_descriptions] /usb_cam/image_proc http://itachi-HP-Pavilion-Laptop-15-cc1xx:36877/
[rosmaster.master][INFO] 2019-12-31 08:58:30,392: +SERVICE [/usb_cam_display/image_view/set_parameters] /usb_cam_display/image_view http://itachi-HP-Pavilion-Laptop-15-cc1xx:41591/
[rosmaster.master][INFO] 2019-12-31 08:58:30,393: +PARAM [/whycon_display/image_view/do_dynamic_scaling] by /whycon_display/image_view
[rosmaster.master][INFO] 2019-12-31 08:58:30,393: +PUB [/usb_cam/image_rect/compressed/parameter_updates] /usb_cam/image_proc http://itachi-HP-Pavilion-Laptop-15-cc1xx:36877/
[rosmaster.master][INFO] 2019-12-31 08:58:30,394: +PUB [/usb_cam_display/image_view/parameter_descriptions] /usb_cam_display/image_view http://itachi-HP-Pavilion-Laptop-15-cc1xx:41591/
[rosmaster.master][INFO] 2019-12-31 08:58:30,394: +PARAM [/whycon_display/image_view/colormap] by /whycon_display/image_view
[rosmaster.master][INFO] 2019-12-31 08:58:30,395: +PUB [/usb_cam_display/image_view/parameter_updates] /usb_cam_display/image_view http://itachi-HP-Pavilion-Laptop-15-cc1xx:41591/
[rosmaster.master][INFO] 2019-12-31 08:58:30,396: +PARAM [/whycon_display/image_view/min_image_value] by /whycon_display/image_view
[rosmaster.master][INFO] 2019-12-31 08:58:30,397: +PARAM [/whycon_display/image_view/max_image_value] by /whycon_display/image_view
[rosmaster.master][INFO] 2019-12-31 08:58:30,398: +PARAM [/whycon_display/image_view/do_dynamic_scaling] by /whycon_display/image_view
[rosmaster.master][INFO] 2019-12-31 08:58:30,399: +PARAM [/usb_cam/image_rect/compressed/format] by /usb_cam/image_proc
[rosmaster.master][INFO] 2019-12-31 08:58:30,400: +PARAM [/whycon_display/image_view/colormap] by /whycon_display/image_view
[rosmaster.master][INFO] 2019-12-31 08:58:30,400: +PARAM [/usb_cam/image_rect/compressed/jpeg_quality] by /usb_cam/image_proc
[rosmaster.master][INFO] 2019-12-31 08:58:30,401: +PARAM [/whycon_display/image_view/min_image_value] by /whycon_display/image_view
[rosmaster.master][INFO] 2019-12-31 08:58:30,402: +PARAM [/usb_cam/image_rect/compressed/png_level] by /usb_cam/image_proc
[rosmaster.master][INFO] 2019-12-31 08:58:30,404: +PARAM [/usb_cam_display/image_view/do_dynamic_scaling] by /usb_cam_display/image_view
[rosmaster.master][INFO] 2019-12-31 08:58:30,405: +PARAM [/whycon_display/image_view/max_image_value] by /whycon_display/image_view
[rosmaster.master][INFO] 2019-12-31 08:58:30,405: +PARAM [/usb_cam/image_rect/compressed/format] by /usb_cam/image_proc
[rosmaster.master][INFO] 2019-12-31 08:58:30,406: +PARAM [/usb_cam_display/image_view/colormap] by /usb_cam_display/image_view
[rosmaster.master][INFO] 2019-12-31 08:58:30,406: +PARAM [/usb_cam/image_rect/compressed/jpeg_quality] by /usb_cam/image_proc
[rosmaster.master][INFO] 2019-12-31 08:58:30,407: +PARAM [/usb_cam_display/image_view/min_image_value] by /usb_cam_display/image_view
[rosmaster.master][INFO] 2019-12-31 08:58:30,407: +PARAM [/usb_cam/image_rect/compressed/png_level] by /usb_cam/image_proc
[rosmaster.master][INFO] 2019-12-31 08:58:30,408: +PARAM [/usb_cam_display/image_view/max_image_value] by /usb_cam_display/image_view
[rosmaster.master][INFO] 2019-12-31 08:58:30,409: +PUB [/usb_cam/image_rect] /usb_cam/image_proc http://itachi-HP-Pavilion-Laptop-15-cc1xx:36877/
[rosmaster.master][INFO] 2019-12-31 08:58:30,409: +PARAM [/usb_cam_display/image_view/do_dynamic_scaling] by /usb_cam_display/image_view
[rosmaster.master][INFO] 2019-12-31 08:58:30,410: +PUB [/usb_cam/image_rect/theora] /usb_cam/image_proc http://itachi-HP-Pavilion-Laptop-15-cc1xx:36877/
[rosmaster.master][INFO] 2019-12-31 08:58:30,410: +PARAM [/usb_cam_display/image_view/colormap] by /usb_cam_display/image_view
[rosmaster.master][INFO] 2019-12-31 08:58:30,411: +SERVICE [/usb_cam/image_rect/theora/set_parameters] /usb_cam/image_proc http://itachi-HP-Pavilion-Laptop-15-cc1xx:36877/
[rosmaster.master][INFO] 2019-12-31 08:58:30,411: +PARAM [/usb_cam_display/image_view/min_image_value] by /usb_cam_display/image_view
[rosmaster.master][INFO] 2019-12-31 08:58:30,412: +PUB [/usb_cam/image_rect/theora/parameter_descriptions] /usb_cam/image_proc http://itachi-HP-Pavilion-Laptop-15-cc1xx:36877/
[rosmaster.master][INFO] 2019-12-31 08:58:30,412: +PARAM [/usb_cam_display/image_view/max_image_value] by /usb_cam_display/image_view
[rosmaster.master][INFO] 2019-12-31 08:58:30,413: +PUB [/usb_cam/image_rect/theora/parameter_updates] /usb_cam/image_proc http://itachi-HP-Pavilion-Laptop-15-cc1xx:36877/
[rosmaster.master][INFO] 2019-12-31 08:58:30,415: +PARAM [/usb_cam/image_rect/theora/optimize_for] by /usb_cam/image_proc
[rosmaster.master][INFO] 2019-12-31 08:58:30,415: +PARAM [/usb_cam/image_rect/theora/target_bitrate] by /usb_cam/image_proc
[rosmaster.master][INFO] 2019-12-31 08:58:30,416: +PARAM [/usb_cam/image_rect/theora/quality] by /usb_cam/image_proc
[rosmaster.master][INFO] 2019-12-31 08:58:30,417: +PARAM [/usb_cam/image_rect/theora/keyframe_frequency] by /usb_cam/image_proc
[rosmaster.master][INFO] 2019-12-31 08:58:30,417: +PARAM [/usb_cam/image_rect/theora/optimize_for] by /usb_cam/image_proc
[rosmaster.master][INFO] 2019-12-31 08:58:30,418: +PARAM [/usb_cam/image_rect/theora/target_bitrate] by /usb_cam/image_proc
[rosmaster.master][INFO] 2019-12-31 08:58:30,419: +PARAM [/usb_cam/image_rect/theora/quality] by /usb_cam/image_proc
[rosmaster.master][INFO] 2019-12-31 08:58:30,420: +PARAM [/usb_cam/image_rect/theora/keyframe_frequency] by /usb_cam/image_proc
[rosmaster.master][INFO] 2019-12-31 08:58:30,422: +SERVICE [/usb_cam/image_proc_rectify_color/set_parameters] /usb_cam/image_proc http://itachi-HP-Pavilion-Laptop-15-cc1xx:36877/
[rosmaster.master][INFO] 2019-12-31 08:58:30,423: +PUB [/usb_cam/image_proc_rectify_color/parameter_descriptions] /usb_cam/image_proc http://itachi-HP-Pavilion-Laptop-15-cc1xx:36877/
[rosmaster.master][INFO] 2019-12-31 08:58:30,423: +PUB [/usb_cam/image_proc_rectify_color/parameter_updates] /usb_cam/image_proc http://itachi-HP-Pavilion-Laptop-15-cc1xx:36877/
[rosmaster.master][INFO] 2019-12-31 08:58:30,424: +PARAM [/usb_cam/image_proc_rectify_color/interpolation] by /usb_cam/image_proc
[rosmaster.master][INFO] 2019-12-31 08:58:30,424: +PARAM [/usb_cam/image_proc_rectify_color/interpolation] by /usb_cam/image_proc
[rosmaster.master][INFO] 2019-12-31 08:58:30,426: +PUB [/usb_cam/image_rect_color/compressedDepth] /usb_cam/image_proc http://itachi-HP-Pavilion-Laptop-15-cc1xx:36877/
[rosmaster.master][INFO] 2019-12-31 08:58:30,426: +SERVICE [/usb_cam/image_rect_color/compressedDepth/set_parameters] /usb_cam/image_proc http://itachi-HP-Pavilion-Laptop-15-cc1xx:36877/
[rosmaster.master][INFO] 2019-12-31 08:58:30,427: +PUB [/usb_cam/image_rect_color/compressedDepth/parameter_descriptions] /usb_cam/image_proc http://itachi-HP-Pavilion-Laptop-15-cc1xx:36877/
[rosmaster.master][INFO] 2019-12-31 08:58:30,427: +PUB [/usb_cam/image_rect_color/compressedDepth/parameter_updates] /usb_cam/image_proc http://itachi-HP-Pavilion-Laptop-15-cc1xx:36877/
[rosmaster.master][INFO] 2019-12-31 08:58:30,429: +PARAM [/usb_cam/image_rect_color/compressedDepth/depth_max] by /usb_cam/image_proc
[rosmaster.master][INFO] 2019-12-31 08:58:30,429: +PARAM [/usb_cam/image_rect_color/compressedDepth/depth_quantization] by /usb_cam/image_proc
[rosmaster.master][INFO] 2019-12-31 08:58:30,430: +PARAM [/usb_cam/image_rect_color/compressedDepth/png_level] by /usb_cam/image_proc
[rosmaster.master][INFO] 2019-12-31 08:58:30,430: +PARAM [/usb_cam/image_rect_color/compressedDepth/depth_max] by /usb_cam/image_proc
[rosmaster.master][INFO] 2019-12-31 08:58:30,431: +PARAM [/usb_cam/image_rect_color/compressedDepth/depth_quantization] by /usb_cam/image_proc
[rosmaster.master][INFO] 2019-12-31 08:58:30,431: +PARAM [/usb_cam/image_rect_color/compressedDepth/png_level] by /usb_cam/image_proc
[rosmaster.master][INFO] 2019-12-31 08:58:30,432: +PUB [/usb_cam/image_rect_color/compressed] /usb_cam/image_proc http://itachi-HP-Pavilion-Laptop-15-cc1xx:36877/
[rosmaster.master][INFO] 2019-12-31 08:58:30,433: +SERVICE [/usb_cam/image_rect_color/compressed/set_parameters] /usb_cam/image_proc http://itachi-HP-Pavilion-Laptop-15-cc1xx:36877/
[rosmaster.master][INFO] 2019-12-31 08:58:30,433: +PUB [/usb_cam/image_rect_color/compressed/parameter_descriptions] /usb_cam/image_proc http://itachi-HP-Pavilion-Laptop-15-cc1xx:36877/
[rosmaster.master][INFO] 2019-12-31 08:58:30,434: +PUB [/usb_cam/image_rect_color/compressed/parameter_updates] /usb_cam/image_proc http://itachi-HP-Pavilion-Laptop-15-cc1xx:36877/
[rosmaster.master][INFO] 2019-12-31 08:58:30,437: +PARAM [/usb_cam/image_rect_color/compressed/format] by /usb_cam/image_proc
[rosmaster.master][INFO] 2019-12-31 08:58:30,437: +PARAM [/usb_cam/image_rect_color/compressed/jpeg_quality] by /usb_cam/image_proc
[rosmaster.master][INFO] 2019-12-31 08:58:30,438: +PARAM [/usb_cam/image_rect_color/compressed/png_level] by /usb_cam/image_proc
[rosmaster.master][INFO] 2019-12-31 08:58:30,438: +PARAM [/usb_cam/image_rect_color/compressed/format] by /usb_cam/image_proc
[rosmaster.master][INFO] 2019-12-31 08:58:30,439: +PARAM [/usb_cam/image_rect_color/compressed/jpeg_quality] by /usb_cam/image_proc
[rosmaster.master][INFO] 2019-12-31 08:58:30,439: +PARAM [/usb_cam/image_rect_color/compressed/png_level] by /usb_cam/image_proc
[rosmaster.master][INFO] 2019-12-31 08:58:30,440: +PUB [/usb_cam/image_rect_color] /usb_cam/image_proc http://itachi-HP-Pavilion-Laptop-15-cc1xx:36877/
[rosmaster.master][INFO] 2019-12-31 08:58:30,441: +PUB [/usb_cam/image_rect_color/theora] /usb_cam/image_proc http://itachi-HP-Pavilion-Laptop-15-cc1xx:36877/
[rosmaster.master][INFO] 2019-12-31 08:58:30,441: +SERVICE [/usb_cam/image_rect_color/theora/set_parameters] /usb_cam/image_proc http://itachi-HP-Pavilion-Laptop-15-cc1xx:36877/
[rosmaster.master][INFO] 2019-12-31 08:58:30,442: +PUB [/usb_cam/image_rect_color/theora/parameter_descriptions] /usb_cam/image_proc http://itachi-HP-Pavilion-Laptop-15-cc1xx:36877/
[rosmaster.master][INFO] 2019-12-31 08:58:30,442: +PUB [/usb_cam/image_rect_color/theora/parameter_updates] /usb_cam/image_proc http://itachi-HP-Pavilion-Laptop-15-cc1xx:36877/
[rosmaster.master][INFO] 2019-12-31 08:58:30,444: +PARAM [/usb_cam/image_rect_color/theora/optimize_for] by /usb_cam/image_proc
[rosmaster.master][INFO] 2019-12-31 08:58:30,445: +PARAM [/usb_cam/image_rect_color/theora/target_bitrate] by /usb_cam/image_proc
[rosmaster.master][INFO] 2019-12-31 08:58:30,445: +PARAM [/usb_cam/image_rect_color/theora/quality] by /usb_cam/image_proc
[rosmaster.master][INFO] 2019-12-31 08:58:30,446: +PARAM [/usb_cam/image_rect_color/theora/keyframe_frequency] by /usb_cam/image_proc
[rosmaster.master][INFO] 2019-12-31 08:58:30,446: +PARAM [/usb_cam/image_rect_color/theora/optimize_for] by /usb_cam/image_proc
[rosmaster.master][INFO] 2019-12-31 08:58:30,447: +PARAM [/usb_cam/image_rect_color/theora/target_bitrate] by /usb_cam/image_proc
[rosmaster.master][INFO] 2019-12-31 08:58:30,447: +PARAM [/usb_cam/image_rect_color/theora/quality] by /usb_cam/image_proc
[rosmaster.master][INFO] 2019-12-31 08:58:30,448: +PARAM [/usb_cam/image_rect_color/theora/keyframe_frequency] by /usb_cam/image_proc
[rosmaster.master][INFO] 2019-12-31 08:58:30,458: publisherUpdate[/usb_cam/image_rect_color] -> http://itachi-HP-Pavilion-Laptop-15-cc1xx:43089/ ['http://itachi-HP-Pavilion-Laptop-15-cc1xx:36877/']
[rosmaster.master][INFO] 2019-12-31 08:58:30,459: publisherUpdate[/usb_cam/image_rect_color] -> http://itachi-HP-Pavilion-Laptop-15-cc1xx:43089/ ['http://itachi-HP-Pavilion-Laptop-15-cc1xx:36877/']: sec=0.00, result=[1, '', 0]
[rosmaster.master][INFO] 2019-12-31 08:58:30,577: +SUB [/usb_cam/image_color] /usb_cam/image_proc http://itachi-HP-Pavilion-Laptop-15-cc1xx:36877/
[rosmaster.master][INFO] 2019-12-31 08:58:30,588: +SUB [/usb_cam/camera_info] /usb_cam/image_proc http://itachi-HP-Pavilion-Laptop-15-cc1xx:36877/
[rosmaster.master][INFO] 2019-12-31 08:58:30,599: +SUB [/usb_cam/image_raw] /usb_cam/image_proc http://itachi-HP-Pavilion-Laptop-15-cc1xx:36877/
[rosmaster.master][INFO] 2019-12-31 08:58:34,571: -PUB [/rosout] /whycon http://itachi-HP-Pavilion-Laptop-15-cc1xx:43089/
[rosmaster.master][INFO] 2019-12-31 08:58:34,572: -PUB [/tf] /whycon http://itachi-HP-Pavilion-Laptop-15-cc1xx:43089/
[rosmaster.master][INFO] 2019-12-31 08:58:34,573: -PUB [/whycon/image_out] /whycon http://itachi-HP-Pavilion-Laptop-15-cc1xx:43089/
[rosmaster.master][INFO] 2019-12-31 08:58:34,573: -PUB [/whycon/poses] /whycon http://itachi-HP-Pavilion-Laptop-15-cc1xx:43089/
[rosmaster.master][INFO] 2019-12-31 08:58:34,574: -PUB [/rosout] /usb_cam http://itachi-HP-Pavilion-Laptop-15-cc1xx:45129/
[rosmaster.master][INFO] 2019-12-31 08:58:34,574: -PUB [/whycon/context] /whycon http://itachi-HP-Pavilion-Laptop-15-cc1xx:43089/
[rosmaster.master][INFO] 2019-12-31 08:58:34,575: -PUB [/usb_cam/image_raw/compressedDepth] /usb_cam http://itachi-HP-Pavilion-Laptop-15-cc1xx:45129/
[rosmaster.master][INFO] 2019-12-31 08:58:34,576: -PUB [/whycon/projection] /whycon http://itachi-HP-Pavilion-Laptop-15-cc1xx:43089/
[rosmaster.master][INFO] 2019-12-31 08:58:34,576: -PUB [/usb_cam/image_raw/compressedDepth/parameter_descriptions] /usb_cam http://itachi-HP-Pavilion-Laptop-15-cc1xx:45129/
[rosmaster.master][INFO] 2019-12-31 08:58:34,577: -SUB [/usb_cam/image_rect_color] /whycon http://itachi-HP-Pavilion-Laptop-15-cc1xx:43089/
[rosmaster.master][INFO] 2019-12-31 08:58:34,578: -PUB [/usb_cam/image_raw/compressedDepth/parameter_updates] /usb_cam http://itachi-HP-Pavilion-Laptop-15-cc1xx:45129/
[rosmaster.master][INFO] 2019-12-31 08:58:34,578: -SUB [/usb_cam/camera_info] /whycon http://itachi-HP-Pavilion-Laptop-15-cc1xx:43089/
[rosmaster.master][INFO] 2019-12-31 08:58:34,579: -PUB [/usb_cam/image_raw/compressed] /usb_cam http://itachi-HP-Pavilion-Laptop-15-cc1xx:45129/
[rosmaster.master][INFO] 2019-12-31 08:58:34,580: -SERVICE [/whycon/get_loggers] /whycon rosrpc://itachi-HP-Pavilion-Laptop-15-cc1xx:34393
[rosmaster.master][INFO] 2019-12-31 08:58:34,580: -PUB [/usb_cam/image_raw/compressed/parameter_descriptions] /usb_cam http://itachi-HP-Pavilion-Laptop-15-cc1xx:45129/
[rosmaster.master][INFO] 2019-12-31 08:58:34,581: -SERVICE [/whycon/set_logger_level] /whycon rosrpc://itachi-HP-Pavilion-Laptop-15-cc1xx:34393
[rosmaster.master][INFO] 2019-12-31 08:58:34,581: -PUB [/usb_cam/image_raw/compressed/parameter_updates] /usb_cam http://itachi-HP-Pavilion-Laptop-15-cc1xx:45129/
[rosmaster.master][INFO] 2019-12-31 08:58:34,582: -SERVICE [/whycon/reset] /whycon rosrpc://itachi-HP-Pavilion-Laptop-15-cc1xx:34393
[rosmaster.master][INFO] 2019-12-31 08:58:34,583: -PUB [/usb_cam/image_raw] /usb_cam http://itachi-HP-Pavilion-Laptop-15-cc1xx:45129/
[rosmaster.master][INFO] 2019-12-31 08:58:34,583: -PUB [/usb_cam/image_raw/theora] /usb_cam http://itachi-HP-Pavilion-Laptop-15-cc1xx:45129/
[rosmaster.master][INFO] 2019-12-31 08:58:34,584: -PUB [/usb_cam/image_raw/theora/parameter_descriptions] /usb_cam http://itachi-HP-Pavilion-Laptop-15-cc1xx:45129/
[rosmaster.master][INFO] 2019-12-31 08:58:34,585: -PUB [/usb_cam/image_raw/theora/parameter_updates] /usb_cam http://itachi-HP-Pavilion-Laptop-15-cc1xx:45129/
[rosmaster.master][INFO] 2019-12-31 08:58:34,585: -PUB [/usb_cam/camera_info] /usb_cam http://itachi-HP-Pavilion-Laptop-15-cc1xx:45129/
[rosmaster.master][INFO] 2019-12-31 08:58:34,587: -SERVICE [/usb_cam/get_loggers] /usb_cam rosrpc://itachi-HP-Pavilion-Laptop-15-cc1xx:45205
[rosmaster.master][INFO] 2019-12-31 08:58:34,587: -SERVICE [/usb_cam/set_logger_level] /usb_cam rosrpc://itachi-HP-Pavilion-Laptop-15-cc1xx:45205
[rosmaster.master][INFO] 2019-12-31 08:58:34,588: -SERVICE [/usb_cam/image_raw/compressedDepth/set_parameters] /usb_cam rosrpc://itachi-HP-Pavilion-Laptop-15-cc1xx:45205
[rosmaster.master][INFO] 2019-12-31 08:58:34,588: -SERVICE [/usb_cam/image_raw/compressed/set_parameters] /usb_cam rosrpc://itachi-HP-Pavilion-Laptop-15-cc1xx:45205
[rosmaster.master][INFO] 2019-12-31 08:58:34,589: -SERVICE [/usb_cam/image_raw/theora/set_parameters] /usb_cam rosrpc://itachi-HP-Pavilion-Laptop-15-cc1xx:45205
[rosmaster.master][INFO] 2019-12-31 08:58:34,589: -SERVICE [/usb_cam/set_camera_info] /usb_cam rosrpc://itachi-HP-Pavilion-Laptop-15-cc1xx:45205
[rosmaster.master][INFO] 2019-12-31 08:58:34,590: -SERVICE [/usb_cam/start_capture] /usb_cam rosrpc://itachi-HP-Pavilion-Laptop-15-cc1xx:45205
[rosmaster.master][INFO] 2019-12-31 08:58:34,591: -SERVICE [/usb_cam/stop_capture] /usb_cam rosrpc://itachi-HP-Pavilion-Laptop-15-cc1xx:45205
[rosmaster.master][INFO] 2019-12-31 08:58:34,668: publisherUpdate[/rosout] -> http://itachi-HP-Pavilion-Laptop-15-cc1xx:33995/ ['http://itachi-HP-Pavilion-Laptop-15-cc1xx:45129/', 'http://itachi-HP-Pavilion-Laptop-15-cc1xx:36877/', 'http://itachi-HP-Pavilion-Laptop-15-cc1xx:40715/', 'http://itachi-HP-Pavilion-Laptop-15-cc1xx:41591/']
[rosmaster.master][INFO] 2019-12-31 08:58:34,669: publisherUpdate[/rosout] -> http://itachi-HP-Pavilion-Laptop-15-cc1xx:33995/ ['http://itachi-HP-Pavilion-Laptop-15-cc1xx:45129/', 'http://itachi-HP-Pavilion-Laptop-15-cc1xx:36877/', 'http://itachi-HP-Pavilion-Laptop-15-cc1xx:40715/', 'http://itachi-HP-Pavilion-Laptop-15-cc1xx:41591/']: sec=0.00, result=[1, '', 0]
[rosmaster.master][INFO] 2019-12-31 08:58:34,669: publisherUpdate[/whycon/image_out] -> http://itachi-HP-Pavilion-Laptop-15-cc1xx:40715/ []
[rosmaster.master][INFO] 2019-12-31 08:58:34,669: publisherUpdate[/rosout] -> http://itachi-HP-Pavilion-Laptop-15-cc1xx:33995/ ['http://itachi-HP-Pavilion-Laptop-15-cc1xx:36877/', 'http://itachi-HP-Pavilion-Laptop-15-cc1xx:40715/', 'http://itachi-HP-Pavilion-Laptop-15-cc1xx:41591/']
[rosmaster.master][INFO] 2019-12-31 08:58:34,669: publisherUpdate[/usb_cam/image_raw] -> http://itachi-HP-Pavilion-Laptop-15-cc1xx:41591/ []
[rosmaster.master][INFO] 2019-12-31 08:58:34,670: publisherUpdate[/rosout] -> http://itachi-HP-Pavilion-Laptop-15-cc1xx:33995/ ['http://itachi-HP-Pavilion-Laptop-15-cc1xx:36877/', 'http://itachi-HP-Pavilion-Laptop-15-cc1xx:40715/', 'http://itachi-HP-Pavilion-Laptop-15-cc1xx:41591/']: sec=0.00, result=[1, '', 0]
[rosmaster.master][INFO] 2019-12-31 08:58:34,671: publisherUpdate[/whycon/image_out] -> http://itachi-HP-Pavilion-Laptop-15-cc1xx:40715/ []: sec=0.00, result=[0, 'Unknown Error', 0]
[rosmaster.master][INFO] 2019-12-31 08:58:34,671: publisherUpdate[/usb_cam/image_raw] -> http://itachi-HP-Pavilion-Laptop-15-cc1xx:41591/ []: sec=0.00, result=[0, 'Unknown Error', 0]
[rosmaster.master][INFO] 2019-12-31 08:58:34,671: publisherUpdate[/usb_cam/image_raw] -> http://itachi-HP-Pavilion-Laptop-15-cc1xx:36877/ []
[rosmaster.master][INFO] 2019-12-31 08:58:34,672: publisherUpdate[/usb_cam/image_raw] -> http://itachi-HP-Pavilion-Laptop-15-cc1xx:36877/ []: sec=0.00, result=[0, 'Unknown Error', 0]
[rosmaster.master][INFO] 2019-12-31 08:58:34,672: publisherUpdate[/usb_cam/camera_info] -> http://itachi-HP-Pavilion-Laptop-15-cc1xx:36877/ []
[rosmaster.master][INFO] 2019-12-31 08:58:34,673: publisherUpdate[/usb_cam/camera_info] -> http://itachi-HP-Pavilion-Laptop-15-cc1xx:36877/ []: sec=0.00, result=[0, 'Unknown Error', 0]
[rosmaster.master][INFO] 2019-12-31 08:58:34,771: -PUB [/rosout] /whycon_display/image_view http://itachi-HP-Pavilion-Laptop-15-cc1xx:40715/
[rosmaster.master][INFO] 2019-12-31 08:58:34,772: -PUB [/rosout] /usb_cam_display/image_view http://itachi-HP-Pavilion-Laptop-15-cc1xx:41591/
[rosmaster.master][INFO] 2019-12-31 08:58:34,772: publisherUpdate[/rosout] -> http://itachi-HP-Pavilion-Laptop-15-cc1xx:33995/ ['http://itachi-HP-Pavilion-Laptop-15-cc1xx:36877/', 'http://itachi-HP-Pavilion-Laptop-15-cc1xx:41591/']
[rosmaster.master][INFO] 2019-12-31 08:58:34,773: -PUB [/whycon_display/image_view/output] /whycon_display/image_view http://itachi-HP-Pavilion-Laptop-15-cc1xx:40715/
[rosmaster.master][INFO] 2019-12-31 08:58:34,773: publisherUpdate[/rosout] -> http://itachi-HP-Pavilion-Laptop-15-cc1xx:33995/ ['http://itachi-HP-Pavilion-Laptop-15-cc1xx:36877/', 'http://itachi-HP-Pavilion-Laptop-15-cc1xx:41591/']: sec=0.00, result=[1, '', 0]
[rosmaster.master][INFO] 2019-12-31 08:58:34,774: -PUB [/usb_cam_display/image_view/output] /usb_cam_display/image_view http://itachi-HP-Pavilion-Laptop-15-cc1xx:41591/
[rosmaster.master][INFO] 2019-12-31 08:58:34,774: publisherUpdate[/rosout] -> http://itachi-HP-Pavilion-Laptop-15-cc1xx:33995/ ['http://itachi-HP-Pavilion-Laptop-15-cc1xx:36877/']
[rosmaster.master][INFO] 2019-12-31 08:58:34,775: -PUB [/whycon_display/image_view/parameter_descriptions] /whycon_display/image_view http://itachi-HP-Pavilion-Laptop-15-cc1xx:40715/
[rosmaster.master][INFO] 2019-12-31 08:58:34,776: publisherUpdate[/rosout] -> http://itachi-HP-Pavilion-Laptop-15-cc1xx:33995/ ['http://itachi-HP-Pavilion-Laptop-15-cc1xx:36877/']: sec=0.00, result=[1, '', 0]
[rosmaster.master][INFO] 2019-12-31 08:58:34,776: -PUB [/rosout] /usb_cam/image_proc http://itachi-HP-Pavilion-Laptop-15-cc1xx:36877/
[rosmaster.master][INFO] 2019-12-31 08:58:34,776: publisherUpdate[/rosout] -> http://itachi-HP-Pavilion-Laptop-15-cc1xx:33995/ []
[rosmaster.master][INFO] 2019-12-31 08:58:34,777: -PUB [/usb_cam_display/image_view/parameter_descriptions] /usb_cam_display/image_view http://itachi-HP-Pavilion-Laptop-15-cc1xx:41591/
[rosmaster.master][INFO] 2019-12-31 08:58:34,778: publisherUpdate[/rosout] -> http://itachi-HP-Pavilion-Laptop-15-cc1xx:33995/ []: sec=0.00, result=[1, '', 0]
[rosmaster.master][INFO] 2019-12-31 08:58:34,778: -PUB [/whycon_display/image_view/parameter_updates] /whycon_display/image_view http://itachi-HP-Pavilion-Laptop-15-cc1xx:40715/
[rosmaster.master][INFO] 2019-12-31 08:58:34,779: -PUB [/usb_cam/image_proc_debayer/parameter_descriptions] /usb_cam/image_proc http://itachi-HP-Pavilion-Laptop-15-cc1xx:36877/
[rosmaster.master][INFO] 2019-12-31 08:58:34,780: -PUB [/usb_cam_display/image_view/parameter_updates] /usb_cam_display/image_view http://itachi-HP-Pavilion-Laptop-15-cc1xx:41591/
[rosmaster.master][INFO] 2019-12-31 08:58:34,780: -SUB [/whycon/image_out] /whycon_display/image_view http://itachi-HP-Pavilion-Laptop-15-cc1xx:40715/
[rosmaster.master][INFO] 2019-12-31 08:58:34,781: -PUB [/usb_cam/image_proc_debayer/parameter_updates] /usb_cam/image_proc http://itachi-HP-Pavilion-Laptop-15-cc1xx:36877/
[rosmaster.master][INFO] 2019-12-31 08:58:34,782: -SUB [/usb_cam/image_raw] /usb_cam_display/image_view http://itachi-HP-Pavilion-Laptop-15-cc1xx:41591/
[rosmaster.master][INFO] 2019-12-31 08:58:34,782: -SERVICE [/whycon_display/image_view/get_loggers] /whycon_display/image_view rosrpc://itachi-HP-Pavilion-Laptop-15-cc1xx:60013
[rosmaster.master][INFO] 2019-12-31 08:58:34,783: -PUB [/usb_cam/image_mono/compressedDepth] /usb_cam/image_proc http://itachi-HP-Pavilion-Laptop-15-cc1xx:36877/
[rosmaster.master][INFO] 2019-12-31 08:58:34,784: -SERVICE [/usb_cam_display/image_view/get_loggers] /usb_cam_display/image_view rosrpc://itachi-HP-Pavilion-Laptop-15-cc1xx:42539
[rosmaster.master][INFO] 2019-12-31 08:58:34,784: -SERVICE [/whycon_display/image_view/set_logger_level] /whycon_display/image_view rosrpc://itachi-HP-Pavilion-Laptop-15-cc1xx:60013
[rosmaster.master][INFO] 2019-12-31 08:58:34,785: -PUB [/usb_cam/image_mono/compressedDepth/parameter_descriptions] /usb_cam/image_proc http://itachi-HP-Pavilion-Laptop-15-cc1xx:36877/
[rosmaster.master][INFO] 2019-12-31 08:58:34,786: -SERVICE [/usb_cam_display/image_view/set_logger_level] /usb_cam_display/image_view rosrpc://itachi-HP-Pavilion-Laptop-15-cc1xx:42539
[rosmaster.master][INFO] 2019-12-31 08:58:34,786: -SERVICE [/whycon_display/image_view/set_parameters] /whycon_display/image_view rosrpc://itachi-HP-Pavilion-Laptop-15-cc1xx:60013
[rosmaster.master][INFO] 2019-12-31 08:58:34,787: -PUB [/usb_cam/image_mono/compressedDepth/parameter_updates] /usb_cam/image_proc http://itachi-HP-Pavilion-Laptop-15-cc1xx:36877/
[rosmaster.master][INFO] 2019-12-31 08:58:34,788: -SERVICE [/usb_cam_display/image_view/set_parameters] /usb_cam_display/image_view rosrpc://itachi-HP-Pavilion-Laptop-15-cc1xx:42539
[rosmaster.master][INFO] 2019-12-31 08:58:34,788: -PUB [/usb_cam/image_mono/compressed] /usb_cam/image_proc http://itachi-HP-Pavilion-Laptop-15-cc1xx:36877/
[rosmaster.master][INFO] 2019-12-31 08:58:34,789: -PUB [/usb_cam/image_mono/compressed/parameter_descriptions] /usb_cam/image_proc http://itachi-HP-Pavilion-Laptop-15-cc1xx:36877/
[rosmaster.master][INFO] 2019-12-31 08:58:34,789: -PUB [/usb_cam/image_mono/compressed/parameter_updates] /usb_cam/image_proc http://itachi-HP-Pavilion-Laptop-15-cc1xx:36877/
[rosmaster.master][INFO] 2019-12-31 08:58:34,790: -PUB [/usb_cam/image_mono] /usb_cam/image_proc http://itachi-HP-Pavilion-Laptop-15-cc1xx:36877/
[rosmaster.master][INFO] 2019-12-31 08:58:34,790: -PUB [/usb_cam/image_mono/theora] /usb_cam/image_proc http://itachi-HP-Pavilion-Laptop-15-cc1xx:36877/
[rosmaster.master][INFO] 2019-12-31 08:58:34,791: -PUB [/usb_cam/image_mono/theora/parameter_descriptions] /usb_cam/image_proc http://itachi-HP-Pavilion-Laptop-15-cc1xx:36877/
[rosmaster.master][INFO] 2019-12-31 08:58:34,791: -PUB [/usb_cam/image_mono/theora/parameter_updates] /usb_cam/image_proc http://itachi-HP-Pavilion-Laptop-15-cc1xx:36877/
[rosmaster.master][INFO] 2019-12-31 08:58:34,792: -PUB [/usb_cam/image_color/compressedDepth] /usb_cam/image_proc http://itachi-HP-Pavilion-Laptop-15-cc1xx:36877/
[rosmaster.master][INFO] 2019-12-31 08:58:34,793: -PUB [/usb_cam/image_color/compressedDepth/parameter_descriptions] /usb_cam/image_proc http://itachi-HP-Pavilion-Laptop-15-cc1xx:36877/
[rosmaster.master][INFO] 2019-12-31 08:58:34,793: -PUB [/usb_cam/image_color/compressedDepth/parameter_updates] /usb_cam/image_proc http://itachi-HP-Pavilion-Laptop-15-cc1xx:36877/
[rosmaster.master][INFO] 2019-12-31 08:58:34,794: -PUB [/usb_cam/image_color/compressed] /usb_cam/image_proc http://itachi-HP-Pavilion-Laptop-15-cc1xx:36877/
[rosmaster.master][INFO] 2019-12-31 08:58:34,794: -PUB [/usb_cam/image_color/compressed/parameter_descriptions] /usb_cam/image_proc http://itachi-HP-Pavilion-Laptop-15-cc1xx:36877/
[rosmaster.master][INFO] 2019-12-31 08:58:34,795: -PUB [/usb_cam/image_color/compressed/parameter_updates] /usb_cam/image_proc http://itachi-HP-Pavilion-Laptop-15-cc1xx:36877/
[rosmaster.master][INFO] 2019-12-31 08:58:34,795: -PUB [/usb_cam/image_color] /usb_cam/image_proc http://itachi-HP-Pavilion-Laptop-15-cc1xx:36877/
[rosmaster.master][INFO] 2019-12-31 08:58:34,796: -PUB [/usb_cam/image_color/theora] /usb_cam/image_proc http://itachi-HP-Pavilion-Laptop-15-cc1xx:36877/
[rosmaster.master][INFO] 2019-12-31 08:58:34,797: -PUB [/usb_cam/image_color/theora/parameter_descriptions] /usb_cam/image_proc http://itachi-HP-Pavilion-Laptop-15-cc1xx:36877/
[rosmaster.master][INFO] 2019-12-31 08:58:34,797: -PUB [/usb_cam/image_color/theora/parameter_updates] /usb_cam/image_proc http://itachi-HP-Pavilion-Laptop-15-cc1xx:36877/
[rosmaster.master][INFO] 2019-12-31 08:58:34,798: -PUB [/usb_cam/image_proc_rectify_mono/parameter_descriptions] /usb_cam/image_proc http://itachi-HP-Pavilion-Laptop-15-cc1xx:36877/
[rosmaster.master][INFO] 2019-12-31 08:58:34,798: -PUB [/usb_cam/image_proc_rectify_mono/parameter_updates] /usb_cam/image_proc http://itachi-HP-Pavilion-Laptop-15-cc1xx:36877/
[rosmaster.master][INFO] 2019-12-31 08:58:34,799: -PUB [/usb_cam/image_rect/compressedDepth] /usb_cam/image_proc http://itachi-HP-Pavilion-Laptop-15-cc1xx:36877/
[rosmaster.master][INFO] 2019-12-31 08:58:34,799: -PUB [/usb_cam/image_rect/compressedDepth/parameter_descriptions] /usb_cam/image_proc http://itachi-HP-Pavilion-Laptop-15-cc1xx:36877/
[rosmaster.master][INFO] 2019-12-31 08:58:34,800: -PUB [/usb_cam/image_rect/compressedDepth/parameter_updates] /usb_cam/image_proc http://itachi-HP-Pavilion-Laptop-15-cc1xx:36877/
[rosmaster.master][INFO] 2019-12-31 08:58:34,800: -PUB [/usb_cam/image_rect/compressed] /usb_cam/image_proc http://itachi-HP-Pavilion-Laptop-15-cc1xx:36877/
[rosmaster.master][INFO] 2019-12-31 08:58:34,801: -PUB [/usb_cam/image_rect/compressed/parameter_descriptions] /usb_cam/image_proc http://itachi-HP-Pavilion-Laptop-15-cc1xx:36877/
[rosmaster.master][INFO] 2019-12-31 08:58:34,802: -PUB [/usb_cam/image_rect/compressed/parameter_updates] /usb_cam/image_proc http://itachi-HP-Pavilion-Laptop-15-cc1xx:36877/
[rosmaster.master][INFO] 2019-12-31 08:58:34,802: -PUB [/usb_cam/image_rect] /usb_cam/image_proc http://itachi-HP-Pavilion-Laptop-15-cc1xx:36877/
[rosmaster.master][INFO] 2019-12-31 08:58:34,803: -PUB [/usb_cam/image_rect/theora] /usb_cam/image_proc http://itachi-HP-Pavilion-Laptop-15-cc1xx:36877/
[rosmaster.master][INFO] 2019-12-31 08:58:34,803: -PUB [/usb_cam/image_rect/theora/parameter_descriptions] /usb_cam/image_proc http://itachi-HP-Pavilion-Laptop-15-cc1xx:36877/
[rosmaster.master][INFO] 2019-12-31 08:58:34,804: -PUB [/usb_cam/image_rect/theora/parameter_updates] /usb_cam/image_proc http://itachi-HP-Pavilion-Laptop-15-cc1xx:36877/
[rosmaster.master][INFO] 2019-12-31 08:58:34,804: -PUB [/usb_cam/image_proc_rectify_color/parameter_descriptions] /usb_cam/image_proc http://itachi-HP-Pavilion-Laptop-15-cc1xx:36877/
[rosmaster.master][INFO] 2019-12-31 08:58:34,805: -PUB [/usb_cam/image_proc_rectify_color/parameter_updates] /usb_cam/image_proc http://itachi-HP-Pavilion-Laptop-15-cc1xx:36877/
[rosmaster.master][INFO] 2019-12-31 08:58:34,805: -PUB [/usb_cam/image_rect_color/compressedDepth] /usb_cam/image_proc http://itachi-HP-Pavilion-Laptop-15-cc1xx:36877/
[rosmaster.master][INFO] 2019-12-31 08:58:34,806: -PUB [/usb_cam/image_rect_color/compressedDepth/parameter_descriptions] /usb_cam/image_proc http://itachi-HP-Pavilion-Laptop-15-cc1xx:36877/
[rosmaster.master][INFO] 2019-12-31 08:58:34,806: -PUB [/usb_cam/image_rect_color/compressedDepth/parameter_updates] /usb_cam/image_proc http://itachi-HP-Pavilion-Laptop-15-cc1xx:36877/
[rosmaster.master][INFO] 2019-12-31 08:58:34,807: -PUB [/usb_cam/image_rect_color/compressed] /usb_cam/image_proc http://itachi-HP-Pavilion-Laptop-15-cc1xx:36877/
[rosmaster.master][INFO] 2019-12-31 08:58:34,808: -PUB [/usb_cam/image_rect_color/compressed/parameter_descriptions] /usb_cam/image_proc http://itachi-HP-Pavilion-Laptop-15-cc1xx:36877/
[rosmaster.master][INFO] 2019-12-31 08:58:34,808: -PUB [/usb_cam/image_rect_color/compressed/parameter_updates] /usb_cam/image_proc http://itachi-HP-Pavilion-Laptop-15-cc1xx:36877/
[rosmaster.master][INFO] 2019-12-31 08:58:34,809: -PUB [/usb_cam/image_rect_color] /usb_cam/image_proc http://itachi-HP-Pavilion-Laptop-15-cc1xx:36877/
[rosmaster.master][INFO] 2019-12-31 08:58:34,809: -PUB [/usb_cam/image_rect_color/theora] /usb_cam/image_proc http://itachi-HP-Pavilion-Laptop-15-cc1xx:36877/
[rosmaster.master][INFO] 2019-12-31 08:58:34,810: -PUB [/usb_cam/image_rect_color/theora/parameter_descriptions] /usb_cam/image_proc http://itachi-HP-Pavilion-Laptop-15-cc1xx:36877/
[rosmaster.master][INFO] 2019-12-31 08:58:34,810: -PUB [/usb_cam/image_rect_color/theora/parameter_updates] /usb_cam/image_proc http://itachi-HP-Pavilion-Laptop-15-cc1xx:36877/
[rosmaster.master][INFO] 2019-12-31 08:58:34,811: -SUB [/usb_cam/image_color] /usb_cam/image_proc http://itachi-HP-Pavilion-Laptop-15-cc1xx:36877/
[rosmaster.master][INFO] 2019-12-31 08:58:34,812: -SUB [/usb_cam/camera_info] /usb_cam/image_proc http://itachi-HP-Pavilion-Laptop-15-cc1xx:36877/
[rosmaster.master][INFO] 2019-12-31 08:58:34,812: -SUB [/usb_cam/image_raw] /usb_cam/image_proc http://itachi-HP-Pavilion-Laptop-15-cc1xx:36877/
[rosmaster.master][INFO] 2019-12-31 08:58:34,813: -SERVICE [/usb_cam/image_proc/get_loggers] /usb_cam/image_proc rosrpc://itachi-HP-Pavilion-Laptop-15-cc1xx:50773
[rosmaster.master][INFO] 2019-12-31 08:58:34,813: -SERVICE [/usb_cam/image_proc/set_logger_level] /usb_cam/image_proc rosrpc://itachi-HP-Pavilion-Laptop-15-cc1xx:50773
[rosmaster.master][INFO] 2019-12-31 08:58:34,814: -SERVICE [/usb_cam/image_proc_debayer/set_parameters] /usb_cam/image_proc rosrpc://itachi-HP-Pavilion-Laptop-15-cc1xx:50773
[rosmaster.master][INFO] 2019-12-31 08:58:34,814: -SERVICE [/usb_cam/image_mono/compressedDepth/set_parameters] /usb_cam/image_proc rosrpc://itachi-HP-Pavilion-Laptop-15-cc1xx:50773
[rosmaster.master][INFO] 2019-12-31 08:58:34,815: -SERVICE [/usb_cam/image_mono/compressed/set_parameters] /usb_cam/image_proc rosrpc://itachi-HP-Pavilion-Laptop-15-cc1xx:50773
[rosmaster.master][INFO] 2019-12-31 08:58:34,815: -SERVICE [/usb_cam/image_mono/theora/set_parameters] /usb_cam/image_proc rosrpc://itachi-HP-Pavilion-Laptop-15-cc1xx:50773
[rosmaster.master][INFO] 2019-12-31 08:58:34,816: -SERVICE [/usb_cam/image_color/compressedDepth/set_parameters] /usb_cam/image_proc rosrpc://itachi-HP-Pavilion-Laptop-15-cc1xx:50773
[rosmaster.master][INFO] 2019-12-31 08:58:34,817: -SERVICE [/usb_cam/image_color/compressed/set_parameters] /usb_cam/image_proc rosrpc://itachi-HP-Pavilion-Laptop-15-cc1xx:50773
[rosmaster.master][INFO] 2019-12-31 08:58:34,817: -SERVICE [/usb_cam/image_color/theora/set_parameters] /usb_cam/image_proc rosrpc://itachi-HP-Pavilion-Laptop-15-cc1xx:50773
[rosmaster.master][INFO] 2019-12-31 08:58:34,818: -SERVICE [/usb_cam/image_proc_rectify_mono/set_parameters] /usb_cam/image_proc rosrpc://itachi-HP-Pavilion-Laptop-15-cc1xx:50773
[rosmaster.master][INFO] 2019-12-31 08:58:34,818: -SERVICE [/usb_cam/image_rect/compressedDepth/set_parameters] /usb_cam/image_proc rosrpc://itachi-HP-Pavilion-Laptop-15-cc1xx:50773
[rosmaster.master][INFO] 2019-12-31 08:58:34,819: -SERVICE [/usb_cam/image_rect/compressed/set_parameters] /usb_cam/image_proc rosrpc://itachi-HP-Pavilion-Laptop-15-cc1xx:50773
[rosmaster.master][INFO] 2019-12-31 08:58:34,819: -SERVICE [/usb_cam/image_rect/theora/set_parameters] /usb_cam/image_proc rosrpc://itachi-HP-Pavilion-Laptop-15-cc1xx:50773
[rosmaster.master][INFO] 2019-12-31 08:58:34,820: -SERVICE [/usb_cam/image_proc_rectify_color/set_parameters] /usb_cam/image_proc rosrpc://itachi-HP-Pavilion-Laptop-15-cc1xx:50773
[rosmaster.master][INFO] 2019-12-31 08:58:34,821: -SERVICE [/usb_cam/image_rect_color/compressedDepth/set_parameters] /usb_cam/image_proc rosrpc://itachi-HP-Pavilion-Laptop-15-cc1xx:50773
[rosmaster.master][INFO] 2019-12-31 08:58:34,821: -SERVICE [/usb_cam/image_rect_color/compressed/set_parameters] /usb_cam/image_proc rosrpc://itachi-HP-Pavilion-Laptop-15-cc1xx:50773
[rosmaster.master][INFO] 2019-12-31 08:58:34,822: -SERVICE [/usb_cam/image_rect_color/theora/set_parameters] /usb_cam/image_proc rosrpc://itachi-HP-Pavilion-Laptop-15-cc1xx:50773
[rosmaster.master][INFO] 2019-12-31 08:58:34,872: publisherUpdate[/usb_cam/image_color] -> http://itachi-HP-Pavilion-Laptop-15-cc1xx:36877/ []
[rosmaster.master][INFO] 2019-12-31 08:58:34,873: publisherUpdate[/usb_cam/image_color] -> http://itachi-HP-Pavilion-Laptop-15-cc1xx:36877/ []: sec=0.00, exception=<Fault -1: 'publisherUpdate: unknown method name'>
[rosmaster.threadpool][ERROR] 2019-12-31 08:58:34,873: Traceback (most recent call last):
  File "/opt/ros/kinetic/lib/python2.7/dist-packages/rosmaster/threadpool.py", line 218, in run
    result = cmd(*args)
  File "/opt/ros/kinetic/lib/python2.7/dist-packages/rosmaster/master_api.py", line 210, in publisher_update_task
    ret = xmlrpcapi(api).publisherUpdate('/master', topic, pub_uris)
  File "/usr/lib/python2.7/xmlrpclib.py", line 1243, in __call__
    return self.__send(self.__name, args)
  File "/usr/lib/python2.7/xmlrpclib.py", line 1602, in __request
    verbose=self.__verbose
  File "/usr/lib/python2.7/xmlrpclib.py", line 1283, in request
    return self.single_request(host, handler, request_body, verbose)
  File "/usr/lib/python2.7/xmlrpclib.py", line 1316, in single_request
    return self.parse_response(response)
  File "/usr/lib/python2.7/xmlrpclib.py", line 1493, in parse_response
    return u.close()
  File "/usr/lib/python2.7/xmlrpclib.py", line 800, in close
    raise Fault(**self._stack[0])
Fault: <Fault -1: 'publisherUpdate: unknown method name'>

[rosmaster.master][INFO] 2019-12-31 08:58:35,179: -PUB [/rosout_agg] /rosout http://itachi-HP-Pavilion-Laptop-15-cc1xx:33995/
[rosmaster.master][INFO] 2019-12-31 08:58:35,179: -SUB [/rosout] /rosout http://itachi-HP-Pavilion-Laptop-15-cc1xx:33995/
[rosmaster.master][INFO] 2019-12-31 08:58:35,180: -SERVICE [/rosout/get_loggers] /rosout rosrpc://itachi-HP-Pavilion-Laptop-15-cc1xx:40479
[rosmaster.master][INFO] 2019-12-31 08:58:35,180: -SERVICE [/rosout/set_logger_level] /rosout rosrpc://itachi-HP-Pavilion-Laptop-15-cc1xx:40479
[rosmaster.main][INFO] 2019-12-31 08:58:35,218: keyboard interrupt, will exit
[rosmaster.main][INFO] 2019-12-31 08:58:35,218: stopping master...
[rospy.core][INFO] 2019-12-31 08:58:35,218: signal_shutdown [atexit]
