[rosmaster.main][INFO] 2019-12-23 02:51:49,197: initialization complete, waiting for shutdown
[rosmaster.main][INFO] 2019-12-23 02:51:49,197: Starting ROS Master Node
[xmlrpc][INFO] 2019-12-23 02:51:49,197: XML-RPC server binding to 0.0.0.0:11311
[xmlrpc][INFO] 2019-12-23 02:51:49,198: Started XML-RPC server [http://itachi-HP-Pavilion-Laptop-15-cc1xx:11311/]
[xmlrpc][INFO] 2019-12-23 02:51:49,198: xml rpc node: starting XML-RPC server
[rosmaster.master][INFO] 2019-12-23 02:51:49,198: Master initialized: port[11311], uri[http://itachi-HP-Pavilion-Laptop-15-cc1xx:11311/]
[rosmaster.master][INFO] 2019-12-23 02:51:49,251: +PARAM [/run_id] by /roslaunch
[rosmaster.master][INFO] 2019-12-23 02:51:49,253: +PARAM [/roslaunch/uris/host_itachi_hp_pavilion_laptop_15_cc1xx__33373] by /roslaunch
[rosmaster.master][INFO] 2019-12-23 02:51:49,338: +PARAM [/usb_cam/image_width] by /roslaunch
[rosmaster.master][INFO] 2019-12-23 02:51:49,338: +PARAM [/usb_cam/video_device] by /roslaunch
[rosmaster.master][INFO] 2019-12-23 02:51:49,338: +PARAM [/rosdistro] by /roslaunch
[rosmaster.master][INFO] 2019-12-23 02:51:49,338: +PARAM [/whycon/targets] by /roslaunch
[rosmaster.master][INFO] 2019-12-23 02:51:49,338: +PARAM [/usb_cam/pixel_format] by /roslaunch
[rosmaster.master][INFO] 2019-12-23 02:51:49,338: +PARAM [/usb_cam/io_method] by /roslaunch
[rosmaster.master][INFO] 2019-12-23 02:51:49,339: +PARAM [/usb_cam/camera_frame_id] by /roslaunch
[rosmaster.master][INFO] 2019-12-23 02:51:49,339: +PARAM [/rosversion] by /roslaunch
[rosmaster.master][INFO] 2019-12-23 02:51:49,339: +PARAM [/whycon/outer_diameter] by /roslaunch
[rosmaster.master][INFO] 2019-12-23 02:51:49,339: +PARAM [/usb_cam/image_height] by /roslaunch
[rosmaster.master][INFO] 2019-12-23 02:51:49,339: +PARAM [/whycon/name] by /roslaunch
[rosmaster.master][INFO] 2019-12-23 02:51:49,339: +PARAM [/whycon/inner_diameter] by /roslaunch
[rosmaster.master][INFO] 2019-12-23 02:51:49,341: +SERVICE [/rosout/get_loggers] /rosout http://itachi-HP-Pavilion-Laptop-15-cc1xx:43189/
[rosmaster.master][INFO] 2019-12-23 02:51:49,341: +SERVICE [/rosout/set_logger_level] /rosout http://itachi-HP-Pavilion-Laptop-15-cc1xx:43189/
[rosmaster.master][INFO] 2019-12-23 02:51:49,343: +PUB [/rosout_agg] /rosout http://itachi-HP-Pavilion-Laptop-15-cc1xx:43189/
[rosmaster.master][INFO] 2019-12-23 02:51:49,346: +SUB [/rosout] /rosout http://itachi-HP-Pavilion-Laptop-15-cc1xx:43189/
[rosmaster.master][INFO] 2019-12-23 02:51:49,362: +PUB [/rosout] /usb_cam http://itachi-HP-Pavilion-Laptop-15-cc1xx:42367/
[rosmaster.master][INFO] 2019-12-23 02:51:49,363: +SERVICE [/usb_cam/get_loggers] /usb_cam http://itachi-HP-Pavilion-Laptop-15-cc1xx:42367/
[rosmaster.master][INFO] 2019-12-23 02:51:49,363: +SERVICE [/usb_cam/set_logger_level] /usb_cam http://itachi-HP-Pavilion-Laptop-15-cc1xx:42367/
[rosmaster.master][INFO] 2019-12-23 02:51:49,374: +PUB [/rosout] /usb_cam/image_proc http://itachi-HP-Pavilion-Laptop-15-cc1xx:36141/
[rosmaster.master][INFO] 2019-12-23 02:51:49,375: +SERVICE [/usb_cam/image_proc/get_loggers] /usb_cam/image_proc http://itachi-HP-Pavilion-Laptop-15-cc1xx:36141/
[rosmaster.master][INFO] 2019-12-23 02:51:49,376: +SERVICE [/usb_cam/image_proc/set_logger_level] /usb_cam/image_proc http://itachi-HP-Pavilion-Laptop-15-cc1xx:36141/
[rosmaster.master][INFO] 2019-12-23 02:51:49,382: +PUB [/rosout] /whycon http://itachi-HP-Pavilion-Laptop-15-cc1xx:43637/
[rosmaster.master][INFO] 2019-12-23 02:51:49,386: +SERVICE [/whycon/get_loggers] /whycon http://itachi-HP-Pavilion-Laptop-15-cc1xx:43637/
[rosmaster.master][INFO] 2019-12-23 02:51:49,387: +SERVICE [/whycon/set_logger_level] /whycon http://itachi-HP-Pavilion-Laptop-15-cc1xx:43637/
[rosmaster.master][INFO] 2019-12-23 02:51:49,390: +PUB [/rosout] /whycon_display/image_view http://itachi-HP-Pavilion-Laptop-15-cc1xx:43915/
[rosmaster.master][INFO] 2019-12-23 02:51:49,391: +SERVICE [/whycon_display/image_view/get_loggers] /whycon_display/image_view http://itachi-HP-Pavilion-Laptop-15-cc1xx:43915/
[rosmaster.master][INFO] 2019-12-23 02:51:49,392: +SERVICE [/whycon_display/image_view/set_logger_level] /whycon_display/image_view http://itachi-HP-Pavilion-Laptop-15-cc1xx:43915/
[rosmaster.master][INFO] 2019-12-23 02:51:49,397: publisherUpdate[/rosout] -> http://itachi-HP-Pavilion-Laptop-15-cc1xx:43189/ ['http://itachi-HP-Pavilion-Laptop-15-cc1xx:42367/']
[rosmaster.master][INFO] 2019-12-23 02:51:49,399: publisherUpdate[/rosout] -> http://itachi-HP-Pavilion-Laptop-15-cc1xx:43189/ ['http://itachi-HP-Pavilion-Laptop-15-cc1xx:42367/']: sec=0.00, result=[1, '', 0]
[rosmaster.master][INFO] 2019-12-23 02:51:49,399: publisherUpdate[/rosout] -> http://itachi-HP-Pavilion-Laptop-15-cc1xx:43189/ ['http://itachi-HP-Pavilion-Laptop-15-cc1xx:42367/', 'http://itachi-HP-Pavilion-Laptop-15-cc1xx:36141/']
[rosmaster.master][INFO] 2019-12-23 02:51:49,400: publisherUpdate[/rosout] -> http://itachi-HP-Pavilion-Laptop-15-cc1xx:43189/ ['http://itachi-HP-Pavilion-Laptop-15-cc1xx:42367/', 'http://itachi-HP-Pavilion-Laptop-15-cc1xx:36141/']: sec=0.00, result=[1, '', 0]
[rosmaster.master][INFO] 2019-12-23 02:51:49,400: publisherUpdate[/rosout] -> http://itachi-HP-Pavilion-Laptop-15-cc1xx:43189/ ['http://itachi-HP-Pavilion-Laptop-15-cc1xx:42367/', 'http://itachi-HP-Pavilion-Laptop-15-cc1xx:36141/', 'http://itachi-HP-Pavilion-Laptop-15-cc1xx:43637/']
[rosmaster.master][INFO] 2019-12-23 02:51:49,401: publisherUpdate[/rosout] -> http://itachi-HP-Pavilion-Laptop-15-cc1xx:43189/ ['http://itachi-HP-Pavilion-Laptop-15-cc1xx:42367/', 'http://itachi-HP-Pavilion-Laptop-15-cc1xx:36141/', 'http://itachi-HP-Pavilion-Laptop-15-cc1xx:43637/']: sec=0.00, result=[1, '', 0]
[rosmaster.master][INFO] 2019-12-23 02:51:49,401: publisherUpdate[/rosout] -> http://itachi-HP-Pavilion-Laptop-15-cc1xx:43189/ ['http://itachi-HP-Pavilion-Laptop-15-cc1xx:42367/', 'http://itachi-HP-Pavilion-Laptop-15-cc1xx:36141/', 'http://itachi-HP-Pavilion-Laptop-15-cc1xx:43637/', 'http://itachi-HP-Pavilion-Laptop-15-cc1xx:43915/']
[rosmaster.master][INFO] 2019-12-23 02:51:49,401: publisherUpdate[/rosout] -> http://itachi-HP-Pavilion-Laptop-15-cc1xx:43189/ ['http://itachi-HP-Pavilion-Laptop-15-cc1xx:42367/', 'http://itachi-HP-Pavilion-Laptop-15-cc1xx:36141/', 'http://itachi-HP-Pavilion-Laptop-15-cc1xx:43637/', 'http://itachi-HP-Pavilion-Laptop-15-cc1xx:43915/']: sec=0.00, result=[1, '', 0]
[rosmaster.master][INFO] 2019-12-23 02:51:49,404: +SERVICE [/usb_cam/image_proc_debayer/set_parameters] /usb_cam/image_proc http://itachi-HP-Pavilion-Laptop-15-cc1xx:36141/
[rosmaster.master][INFO] 2019-12-23 02:51:49,404: +PUB [/usb_cam/image_proc_debayer/parameter_descriptions] /usb_cam/image_proc http://itachi-HP-Pavilion-Laptop-15-cc1xx:36141/
[rosmaster.master][INFO] 2019-12-23 02:51:49,405: +PUB [/usb_cam/image_proc_debayer/parameter_updates] /usb_cam/image_proc http://itachi-HP-Pavilion-Laptop-15-cc1xx:36141/
[rosmaster.master][INFO] 2019-12-23 02:51:49,406: +PARAM [/usb_cam/image_proc_debayer/debayer] by /usb_cam/image_proc
[rosmaster.master][INFO] 2019-12-23 02:51:49,407: +PARAM [/usb_cam/image_proc_debayer/debayer] by /usb_cam/image_proc
[rosmaster.master][INFO] 2019-12-23 02:51:49,408: +PUB [/usb_cam/image_mono/compressedDepth] /usb_cam/image_proc http://itachi-HP-Pavilion-Laptop-15-cc1xx:36141/
[rosmaster.master][INFO] 2019-12-23 02:51:49,409: +SERVICE [/usb_cam/image_mono/compressedDepth/set_parameters] /usb_cam/image_proc http://itachi-HP-Pavilion-Laptop-15-cc1xx:36141/
[rosmaster.master][INFO] 2019-12-23 02:51:49,409: +PUB [/usb_cam/image_raw/compressedDepth] /usb_cam http://itachi-HP-Pavilion-Laptop-15-cc1xx:42367/
[rosmaster.master][INFO] 2019-12-23 02:51:49,410: +PUB [/usb_cam/image_mono/compressedDepth/parameter_descriptions] /usb_cam/image_proc http://itachi-HP-Pavilion-Laptop-15-cc1xx:36141/
[rosmaster.master][INFO] 2019-12-23 02:51:49,411: +SERVICE [/usb_cam/image_raw/compressedDepth/set_parameters] /usb_cam http://itachi-HP-Pavilion-Laptop-15-cc1xx:42367/
[rosmaster.master][INFO] 2019-12-23 02:51:49,411: +PUB [/usb_cam/image_mono/compressedDepth/parameter_updates] /usb_cam/image_proc http://itachi-HP-Pavilion-Laptop-15-cc1xx:36141/
[rosmaster.master][INFO] 2019-12-23 02:51:49,412: +PUB [/usb_cam/image_raw/compressedDepth/parameter_descriptions] /usb_cam http://itachi-HP-Pavilion-Laptop-15-cc1xx:42367/
[rosmaster.master][INFO] 2019-12-23 02:51:49,413: +PUB [/usb_cam/image_raw/compressedDepth/parameter_updates] /usb_cam http://itachi-HP-Pavilion-Laptop-15-cc1xx:42367/
[rosmaster.master][INFO] 2019-12-23 02:51:49,415: +PARAM [/usb_cam/image_mono/compressedDepth/depth_max] by /usb_cam/image_proc
[rosmaster.master][INFO] 2019-12-23 02:51:49,416: +PARAM [/usb_cam/image_mono/compressedDepth/depth_quantization] by /usb_cam/image_proc
[rosmaster.master][INFO] 2019-12-23 02:51:49,417: +PARAM [/usb_cam/image_raw/compressedDepth/depth_max] by /usb_cam
[rosmaster.master][INFO] 2019-12-23 02:51:49,417: +PARAM [/usb_cam/image_mono/compressedDepth/png_level] by /usb_cam/image_proc
[rosmaster.master][INFO] 2019-12-23 02:51:49,418: +PARAM [/usb_cam/image_raw/compressedDepth/depth_quantization] by /usb_cam
[rosmaster.master][INFO] 2019-12-23 02:51:49,418: +PARAM [/usb_cam/image_mono/compressedDepth/depth_max] by /usb_cam/image_proc
[rosmaster.master][INFO] 2019-12-23 02:51:49,419: +PARAM [/usb_cam/image_raw/compressedDepth/png_level] by /usb_cam
[rosmaster.master][INFO] 2019-12-23 02:51:49,419: +PARAM [/usb_cam/image_mono/compressedDepth/depth_quantization] by /usb_cam/image_proc
[rosmaster.master][INFO] 2019-12-23 02:51:49,420: +PARAM [/usb_cam/image_raw/compressedDepth/depth_max] by /usb_cam
[rosmaster.master][INFO] 2019-12-23 02:51:49,420: +PARAM [/usb_cam/image_mono/compressedDepth/png_level] by /usb_cam/image_proc
[rosmaster.master][INFO] 2019-12-23 02:51:49,421: +PARAM [/usb_cam/image_raw/compressedDepth/depth_quantization] by /usb_cam
[rosmaster.master][INFO] 2019-12-23 02:51:49,421: +PUB [/usb_cam/image_mono/compressed] /usb_cam/image_proc http://itachi-HP-Pavilion-Laptop-15-cc1xx:36141/
[rosmaster.master][INFO] 2019-12-23 02:51:49,422: +PARAM [/usb_cam/image_raw/compressedDepth/png_level] by /usb_cam
[rosmaster.master][INFO] 2019-12-23 02:51:49,423: +SERVICE [/usb_cam/image_mono/compressed/set_parameters] /usb_cam/image_proc http://itachi-HP-Pavilion-Laptop-15-cc1xx:36141/
[rosmaster.master][INFO] 2019-12-23 02:51:49,423: +PUB [/usb_cam/image_mono/compressed/parameter_descriptions] /usb_cam/image_proc http://itachi-HP-Pavilion-Laptop-15-cc1xx:36141/
[rosmaster.master][INFO] 2019-12-23 02:51:49,424: +PUB [/usb_cam/image_raw/compressed] /usb_cam http://itachi-HP-Pavilion-Laptop-15-cc1xx:42367/
[rosmaster.master][INFO] 2019-12-23 02:51:49,425: +PUB [/usb_cam/image_mono/compressed/parameter_updates] /usb_cam/image_proc http://itachi-HP-Pavilion-Laptop-15-cc1xx:36141/
[rosmaster.master][INFO] 2019-12-23 02:51:49,426: +SERVICE [/usb_cam/image_raw/compressed/set_parameters] /usb_cam http://itachi-HP-Pavilion-Laptop-15-cc1xx:42367/
[rosmaster.master][INFO] 2019-12-23 02:51:49,428: +PUB [/usb_cam/image_raw/compressed/parameter_descriptions] /usb_cam http://itachi-HP-Pavilion-Laptop-15-cc1xx:42367/
[rosmaster.master][INFO] 2019-12-23 02:51:49,430: +PUB [/usb_cam/image_raw/compressed/parameter_updates] /usb_cam http://itachi-HP-Pavilion-Laptop-15-cc1xx:42367/
[rosmaster.master][INFO] 2019-12-23 02:51:49,431: +PARAM [/usb_cam/image_mono/compressed/format] by /usb_cam/image_proc
[rosmaster.master][INFO] 2019-12-23 02:51:49,433: +PARAM [/usb_cam/image_mono/compressed/jpeg_quality] by /usb_cam/image_proc
[rosmaster.master][INFO] 2019-12-23 02:51:49,435: +PARAM [/usb_cam/image_mono/compressed/png_level] by /usb_cam/image_proc
[rosmaster.master][INFO] 2019-12-23 02:51:49,437: +PARAM [/usb_cam/image_raw/compressed/format] by /usb_cam
[rosmaster.master][INFO] 2019-12-23 02:51:49,437: +PARAM [/usb_cam/image_mono/compressed/format] by /usb_cam/image_proc
[rosmaster.master][INFO] 2019-12-23 02:51:49,439: +PARAM [/usb_cam/image_raw/compressed/jpeg_quality] by /usb_cam
[rosmaster.master][INFO] 2019-12-23 02:51:49,440: +PARAM [/usb_cam/image_raw/compressed/png_level] by /usb_cam
[rosmaster.master][INFO] 2019-12-23 02:51:49,441: +PARAM [/usb_cam/image_mono/compressed/jpeg_quality] by /usb_cam/image_proc
[rosmaster.master][INFO] 2019-12-23 02:51:49,442: +PARAM [/usb_cam/image_raw/compressed/format] by /usb_cam
[rosmaster.master][INFO] 2019-12-23 02:51:49,443: +PARAM [/usb_cam/image_mono/compressed/png_level] by /usb_cam/image_proc
[rosmaster.master][INFO] 2019-12-23 02:51:49,444: +PARAM [/usb_cam/image_raw/compressed/jpeg_quality] by /usb_cam
[rosmaster.master][INFO] 2019-12-23 02:51:49,445: +PARAM [/usb_cam/image_raw/compressed/png_level] by /usb_cam
[rosmaster.master][INFO] 2019-12-23 02:51:49,446: +PUB [/usb_cam/image_mono] /usb_cam/image_proc http://itachi-HP-Pavilion-Laptop-15-cc1xx:36141/
[rosmaster.master][INFO] 2019-12-23 02:51:49,451: +PUB [/usb_cam/image_raw] /usb_cam http://itachi-HP-Pavilion-Laptop-15-cc1xx:42367/
[rosmaster.master][INFO] 2019-12-23 02:51:49,452: +PUB [/usb_cam/image_mono/theora] /usb_cam/image_proc http://itachi-HP-Pavilion-Laptop-15-cc1xx:36141/
[rosmaster.master][INFO] 2019-12-23 02:51:49,453: +PUB [/usb_cam/image_raw/theora] /usb_cam http://itachi-HP-Pavilion-Laptop-15-cc1xx:42367/
[rosmaster.master][INFO] 2019-12-23 02:51:49,454: +SERVICE [/usb_cam/image_mono/theora/set_parameters] /usb_cam/image_proc http://itachi-HP-Pavilion-Laptop-15-cc1xx:36141/
[rosmaster.master][INFO] 2019-12-23 02:51:49,454: +PUB [/tf] /whycon http://itachi-HP-Pavilion-Laptop-15-cc1xx:43637/
[rosmaster.master][INFO] 2019-12-23 02:51:49,455: +SERVICE [/usb_cam/image_raw/theora/set_parameters] /usb_cam http://itachi-HP-Pavilion-Laptop-15-cc1xx:42367/
[rosmaster.master][INFO] 2019-12-23 02:51:49,456: +PUB [/usb_cam/image_mono/theora/parameter_descriptions] /usb_cam/image_proc http://itachi-HP-Pavilion-Laptop-15-cc1xx:36141/
[rosmaster.master][INFO] 2019-12-23 02:51:49,457: +PUB [/usb_cam/image_raw/theora/parameter_descriptions] /usb_cam http://itachi-HP-Pavilion-Laptop-15-cc1xx:42367/
[rosmaster.master][INFO] 2019-12-23 02:51:49,457: +PUB [/usb_cam/image_mono/theora/parameter_updates] /usb_cam/image_proc http://itachi-HP-Pavilion-Laptop-15-cc1xx:36141/
[rosmaster.master][INFO] 2019-12-23 02:51:49,458: +PUB [/usb_cam/image_raw/theora/parameter_updates] /usb_cam http://itachi-HP-Pavilion-Laptop-15-cc1xx:42367/
[rosmaster.master][INFO] 2019-12-23 02:51:49,465: +PARAM [/usb_cam/image_mono/theora/optimize_for] by /usb_cam/image_proc
[rosmaster.master][INFO] 2019-12-23 02:51:49,466: +PARAM [/usb_cam/image_raw/theora/optimize_for] by /usb_cam
[rosmaster.master][INFO] 2019-12-23 02:51:49,467: +PARAM [/usb_cam/image_mono/theora/target_bitrate] by /usb_cam/image_proc
[rosmaster.master][INFO] 2019-12-23 02:51:49,468: +PARAM [/usb_cam/image_raw/theora/target_bitrate] by /usb_cam
[rosmaster.master][INFO] 2019-12-23 02:51:49,469: +SUB [/usb_cam/image_rect_color] /whycon http://itachi-HP-Pavilion-Laptop-15-cc1xx:43637/
[rosmaster.master][INFO] 2019-12-23 02:51:49,469: +PARAM [/usb_cam/image_mono/theora/quality] by /usb_cam/image_proc
[rosmaster.master][INFO] 2019-12-23 02:51:49,469: +PARAM [/usb_cam/image_raw/theora/quality] by /usb_cam
[rosmaster.master][INFO] 2019-12-23 02:51:49,471: +PARAM [/usb_cam/image_mono/theora/keyframe_frequency] by /usb_cam/image_proc
[rosmaster.master][INFO] 2019-12-23 02:51:49,471: +PARAM [/usb_cam/image_raw/theora/keyframe_frequency] by /usb_cam
[rosmaster.master][INFO] 2019-12-23 02:51:49,473: +PARAM [/usb_cam/image_mono/theora/optimize_for] by /usb_cam/image_proc
[rosmaster.master][INFO] 2019-12-23 02:51:49,473: +PARAM [/usb_cam/image_raw/theora/optimize_for] by /usb_cam
[rosmaster.master][INFO] 2019-12-23 02:51:49,474: +PARAM [/usb_cam/image_mono/theora/target_bitrate] by /usb_cam/image_proc
[rosmaster.master][INFO] 2019-12-23 02:51:49,475: +PARAM [/usb_cam/image_raw/theora/target_bitrate] by /usb_cam
[rosmaster.master][INFO] 2019-12-23 02:51:49,476: +PARAM [/usb_cam/image_mono/theora/quality] by /usb_cam/image_proc
[rosmaster.master][INFO] 2019-12-23 02:51:49,476: +PARAM [/usb_cam/image_raw/theora/quality] by /usb_cam
[rosmaster.master][INFO] 2019-12-23 02:51:49,477: +PARAM [/usb_cam/image_mono/theora/keyframe_frequency] by /usb_cam/image_proc
[rosmaster.master][INFO] 2019-12-23 02:51:49,478: +PARAM [/usb_cam/image_raw/theora/keyframe_frequency] by /usb_cam
[rosmaster.master][INFO] 2019-12-23 02:51:49,478: +SUB [/usb_cam/camera_info] /whycon http://itachi-HP-Pavilion-Laptop-15-cc1xx:43637/
[rosmaster.master][INFO] 2019-12-23 02:51:49,479: +PUB [/usb_cam/camera_info] /usb_cam http://itachi-HP-Pavilion-Laptop-15-cc1xx:42367/
[rosmaster.master][INFO] 2019-12-23 02:51:49,480: +PUB [/whycon/image_out] /whycon http://itachi-HP-Pavilion-Laptop-15-cc1xx:43637/
[rosmaster.master][INFO] 2019-12-23 02:51:49,480: +PUB [/usb_cam/image_color/compressedDepth] /usb_cam/image_proc http://itachi-HP-Pavilion-Laptop-15-cc1xx:36141/
[rosmaster.master][INFO] 2019-12-23 02:51:49,482: +PUB [/whycon/poses] /whycon http://itachi-HP-Pavilion-Laptop-15-cc1xx:43637/
[rosmaster.master][INFO] 2019-12-23 02:51:49,483: +SERVICE [/usb_cam/image_color/compressedDepth/set_parameters] /usb_cam/image_proc http://itachi-HP-Pavilion-Laptop-15-cc1xx:36141/
[rosmaster.master][INFO] 2019-12-23 02:51:49,484: +PUB [/whycon/context] /whycon http://itachi-HP-Pavilion-Laptop-15-cc1xx:43637/
[rosmaster.master][INFO] 2019-12-23 02:51:49,484: +PUB [/usb_cam/image_color/compressedDepth/parameter_descriptions] /usb_cam/image_proc http://itachi-HP-Pavilion-Laptop-15-cc1xx:36141/
[rosmaster.master][INFO] 2019-12-23 02:51:49,485: +PUB [/whycon/projection] /whycon http://itachi-HP-Pavilion-Laptop-15-cc1xx:43637/
[rosmaster.master][INFO] 2019-12-23 02:51:49,486: +PUB [/usb_cam/image_color/compressedDepth/parameter_updates] /usb_cam/image_proc http://itachi-HP-Pavilion-Laptop-15-cc1xx:36141/
[rosmaster.master][INFO] 2019-12-23 02:51:49,487: +SERVICE [/whycon/reset] /whycon http://itachi-HP-Pavilion-Laptop-15-cc1xx:43637/
[rosmaster.master][INFO] 2019-12-23 02:51:49,489: +PARAM [/usb_cam/image_color/compressedDepth/depth_max] by /usb_cam/image_proc
[rosmaster.master][INFO] 2019-12-23 02:51:49,491: +PARAM [/usb_cam/image_color/compressedDepth/depth_quantization] by /usb_cam/image_proc
[rosmaster.master][INFO] 2019-12-23 02:51:49,492: +PARAM [/usb_cam/image_color/compressedDepth/png_level] by /usb_cam/image_proc
[rosmaster.master][INFO] 2019-12-23 02:51:49,493: +PARAM [/usb_cam/image_color/compressedDepth/depth_max] by /usb_cam/image_proc
[rosmaster.master][INFO] 2019-12-23 02:51:49,494: +PARAM [/usb_cam/image_color/compressedDepth/depth_quantization] by /usb_cam/image_proc
[rosmaster.master][INFO] 2019-12-23 02:51:49,495: +PARAM [/usb_cam/image_color/compressedDepth/png_level] by /usb_cam/image_proc
[rosmaster.master][INFO] 2019-12-23 02:51:49,495: +PUB [/usb_cam/image_color/compressed] /usb_cam/image_proc http://itachi-HP-Pavilion-Laptop-15-cc1xx:36141/
[rosmaster.master][INFO] 2019-12-23 02:51:49,496: +SERVICE [/usb_cam/image_color/compressed/set_parameters] /usb_cam/image_proc http://itachi-HP-Pavilion-Laptop-15-cc1xx:36141/
[rosmaster.master][INFO] 2019-12-23 02:51:49,497: +PUB [/usb_cam/image_color/compressed/parameter_descriptions] /usb_cam/image_proc http://itachi-HP-Pavilion-Laptop-15-cc1xx:36141/
[rosmaster.master][INFO] 2019-12-23 02:51:49,498: publisherUpdate[/usb_cam/camera_info] -> http://itachi-HP-Pavilion-Laptop-15-cc1xx:43637/ ['http://itachi-HP-Pavilion-Laptop-15-cc1xx:42367/']
[rosmaster.master][INFO] 2019-12-23 02:51:49,499: publisherUpdate[/usb_cam/camera_info] -> http://itachi-HP-Pavilion-Laptop-15-cc1xx:43637/ ['http://itachi-HP-Pavilion-Laptop-15-cc1xx:42367/']: sec=0.00, result=[1, '', 0]
[rosmaster.master][INFO] 2019-12-23 02:51:49,500: +PUB [/usb_cam/image_color/compressed/parameter_updates] /usb_cam/image_proc http://itachi-HP-Pavilion-Laptop-15-cc1xx:36141/
[rosmaster.master][INFO] 2019-12-23 02:51:49,504: +PARAM [/usb_cam/image_color/compressed/format] by /usb_cam/image_proc
[rosmaster.master][INFO] 2019-12-23 02:51:49,507: +PARAM [/usb_cam/image_color/compressed/jpeg_quality] by /usb_cam/image_proc
[rosmaster.master][INFO] 2019-12-23 02:51:49,511: +PARAM [/usb_cam/image_color/compressed/png_level] by /usb_cam/image_proc
[rosmaster.master][INFO] 2019-12-23 02:51:49,512: +PARAM [/usb_cam/image_color/compressed/format] by /usb_cam/image_proc
[rosmaster.master][INFO] 2019-12-23 02:51:49,514: +PARAM [/usb_cam/image_color/compressed/jpeg_quality] by /usb_cam/image_proc
[rosmaster.master][INFO] 2019-12-23 02:51:49,514: +SERVICE [/usb_cam/set_camera_info] /usb_cam http://itachi-HP-Pavilion-Laptop-15-cc1xx:42367/
[rosmaster.master][INFO] 2019-12-23 02:51:49,515: +PARAM [/usb_cam/image_color/compressed/png_level] by /usb_cam/image_proc
[rosmaster.master][INFO] 2019-12-23 02:51:49,516: +SERVICE [/usb_cam/start_capture] /usb_cam http://itachi-HP-Pavilion-Laptop-15-cc1xx:42367/
[rosmaster.master][INFO] 2019-12-23 02:51:49,517: +PUB [/usb_cam/image_color] /usb_cam/image_proc http://itachi-HP-Pavilion-Laptop-15-cc1xx:36141/
[rosmaster.master][INFO] 2019-12-23 02:51:49,523: +SERVICE [/usb_cam/stop_capture] /usb_cam http://itachi-HP-Pavilion-Laptop-15-cc1xx:42367/
[rosmaster.master][INFO] 2019-12-23 02:51:49,526: +PUB [/usb_cam/image_color/theora] /usb_cam/image_proc http://itachi-HP-Pavilion-Laptop-15-cc1xx:36141/
[rosmaster.master][INFO] 2019-12-23 02:51:49,527: +SERVICE [/usb_cam/image_color/theora/set_parameters] /usb_cam/image_proc http://itachi-HP-Pavilion-Laptop-15-cc1xx:36141/
[rosmaster.master][INFO] 2019-12-23 02:51:49,528: +PUB [/usb_cam/image_color/theora/parameter_descriptions] /usb_cam/image_proc http://itachi-HP-Pavilion-Laptop-15-cc1xx:36141/
[rosmaster.master][INFO] 2019-12-23 02:51:49,529: +PUB [/usb_cam/image_color/theora/parameter_updates] /usb_cam/image_proc http://itachi-HP-Pavilion-Laptop-15-cc1xx:36141/
[rosmaster.master][INFO] 2019-12-23 02:51:49,533: +PARAM [/usb_cam/image_color/theora/optimize_for] by /usb_cam/image_proc
[rosmaster.master][INFO] 2019-12-23 02:51:49,533: +PARAM [/usb_cam/image_color/theora/target_bitrate] by /usb_cam/image_proc
[rosmaster.master][INFO] 2019-12-23 02:51:49,534: +PARAM [/usb_cam/image_color/theora/quality] by /usb_cam/image_proc
[rosmaster.master][INFO] 2019-12-23 02:51:49,535: +PARAM [/usb_cam/image_color/theora/keyframe_frequency] by /usb_cam/image_proc
[rosmaster.master][INFO] 2019-12-23 02:51:49,535: +PARAM [/usb_cam/image_color/theora/optimize_for] by /usb_cam/image_proc
[rosmaster.master][INFO] 2019-12-23 02:51:49,536: +PARAM [/usb_cam/image_color/theora/target_bitrate] by /usb_cam/image_proc
[rosmaster.master][INFO] 2019-12-23 02:51:49,537: +PARAM [/usb_cam/image_color/theora/quality] by /usb_cam/image_proc
[rosmaster.master][INFO] 2019-12-23 02:51:49,537: +PARAM [/usb_cam/image_color/theora/keyframe_frequency] by /usb_cam/image_proc
[rosmaster.master][INFO] 2019-12-23 02:51:49,540: +SERVICE [/usb_cam/image_proc_rectify_mono/set_parameters] /usb_cam/image_proc http://itachi-HP-Pavilion-Laptop-15-cc1xx:36141/
[rosmaster.master][INFO] 2019-12-23 02:51:49,540: +PUB [/usb_cam/image_proc_rectify_mono/parameter_descriptions] /usb_cam/image_proc http://itachi-HP-Pavilion-Laptop-15-cc1xx:36141/
[rosmaster.master][INFO] 2019-12-23 02:51:49,542: +PUB [/usb_cam/image_proc_rectify_mono/parameter_updates] /usb_cam/image_proc http://itachi-HP-Pavilion-Laptop-15-cc1xx:36141/
[rosmaster.master][INFO] 2019-12-23 02:51:49,545: +PARAM [/usb_cam/image_proc_rectify_mono/interpolation] by /usb_cam/image_proc
[rosmaster.master][INFO] 2019-12-23 02:51:49,546: +PARAM [/usb_cam/image_proc_rectify_mono/interpolation] by /usb_cam/image_proc
[rosmaster.master][INFO] 2019-12-23 02:51:49,547: +PUB [/usb_cam/image_rect/compressedDepth] /usb_cam/image_proc http://itachi-HP-Pavilion-Laptop-15-cc1xx:36141/
[rosmaster.master][INFO] 2019-12-23 02:51:49,548: +SERVICE [/usb_cam/image_rect/compressedDepth/set_parameters] /usb_cam/image_proc http://itachi-HP-Pavilion-Laptop-15-cc1xx:36141/
[rosmaster.master][INFO] 2019-12-23 02:51:49,548: +PUB [/usb_cam/image_rect/compressedDepth/parameter_descriptions] /usb_cam/image_proc http://itachi-HP-Pavilion-Laptop-15-cc1xx:36141/
[rosmaster.master][INFO] 2019-12-23 02:51:49,549: +PUB [/usb_cam/image_rect/compressedDepth/parameter_updates] /usb_cam/image_proc http://itachi-HP-Pavilion-Laptop-15-cc1xx:36141/
[rosmaster.master][INFO] 2019-12-23 02:51:49,551: +PARAM [/usb_cam/image_rect/compressedDepth/depth_max] by /usb_cam/image_proc
[rosmaster.master][INFO] 2019-12-23 02:51:49,552: +PARAM [/usb_cam/image_rect/compressedDepth/depth_quantization] by /usb_cam/image_proc
[rosmaster.master][INFO] 2019-12-23 02:51:49,553: +PARAM [/usb_cam/image_rect/compressedDepth/png_level] by /usb_cam/image_proc
[rosmaster.master][INFO] 2019-12-23 02:51:49,554: +PARAM [/usb_cam/image_rect/compressedDepth/depth_max] by /usb_cam/image_proc
[rosmaster.master][INFO] 2019-12-23 02:51:49,555: +PARAM [/usb_cam/image_rect/compressedDepth/depth_quantization] by /usb_cam/image_proc
[rosmaster.master][INFO] 2019-12-23 02:51:49,556: +PARAM [/usb_cam/image_rect/compressedDepth/png_level] by /usb_cam/image_proc
[rosmaster.master][INFO] 2019-12-23 02:51:49,557: +SUB [/whycon/image_out] /whycon_display/image_view http://itachi-HP-Pavilion-Laptop-15-cc1xx:43915/
[rosmaster.master][INFO] 2019-12-23 02:51:49,559: +PUB [/usb_cam/image_rect/compressed] /usb_cam/image_proc http://itachi-HP-Pavilion-Laptop-15-cc1xx:36141/
[rosmaster.master][INFO] 2019-12-23 02:51:49,561: +PUB [/whycon_display/image_view/output] /whycon_display/image_view http://itachi-HP-Pavilion-Laptop-15-cc1xx:43915/
[rosmaster.master][INFO] 2019-12-23 02:51:49,561: +SERVICE [/usb_cam/image_rect/compressed/set_parameters] /usb_cam/image_proc http://itachi-HP-Pavilion-Laptop-15-cc1xx:36141/
[rosmaster.master][INFO] 2019-12-23 02:51:49,562: +SERVICE [/whycon_display/image_view/set_parameters] /whycon_display/image_view http://itachi-HP-Pavilion-Laptop-15-cc1xx:43915/
[rosmaster.master][INFO] 2019-12-23 02:51:49,563: +PUB [/usb_cam/image_rect/compressed/parameter_descriptions] /usb_cam/image_proc http://itachi-HP-Pavilion-Laptop-15-cc1xx:36141/
[rosmaster.master][INFO] 2019-12-23 02:51:49,563: +PUB [/whycon_display/image_view/parameter_descriptions] /whycon_display/image_view http://itachi-HP-Pavilion-Laptop-15-cc1xx:43915/
[rosmaster.master][INFO] 2019-12-23 02:51:49,564: +PUB [/usb_cam/image_rect/compressed/parameter_updates] /usb_cam/image_proc http://itachi-HP-Pavilion-Laptop-15-cc1xx:36141/
[rosmaster.master][INFO] 2019-12-23 02:51:49,564: +PUB [/whycon_display/image_view/parameter_updates] /whycon_display/image_view http://itachi-HP-Pavilion-Laptop-15-cc1xx:43915/
[rosmaster.master][INFO] 2019-12-23 02:51:49,568: +PARAM [/usb_cam/image_rect/compressed/format] by /usb_cam/image_proc
[rosmaster.master][INFO] 2019-12-23 02:51:49,569: +PARAM [/usb_cam/image_rect/compressed/jpeg_quality] by /usb_cam/image_proc
[rosmaster.master][INFO] 2019-12-23 02:51:49,569: +PARAM [/whycon_display/image_view/do_dynamic_scaling] by /whycon_display/image_view
[rosmaster.master][INFO] 2019-12-23 02:51:49,570: +PARAM [/usb_cam/image_rect/compressed/png_level] by /usb_cam/image_proc
[rosmaster.master][INFO] 2019-12-23 02:51:49,571: +PARAM [/whycon_display/image_view/colormap] by /whycon_display/image_view
[rosmaster.master][INFO] 2019-12-23 02:51:49,571: +PARAM [/usb_cam/image_rect/compressed/format] by /usb_cam/image_proc
[rosmaster.master][INFO] 2019-12-23 02:51:49,572: +PARAM [/whycon_display/image_view/min_image_value] by /whycon_display/image_view
[rosmaster.master][INFO] 2019-12-23 02:51:49,573: +PARAM [/usb_cam/image_rect/compressed/jpeg_quality] by /usb_cam/image_proc
[rosmaster.master][INFO] 2019-12-23 02:51:49,573: +PARAM [/whycon_display/image_view/max_image_value] by /whycon_display/image_view
[rosmaster.master][INFO] 2019-12-23 02:51:49,575: +PARAM [/usb_cam/image_rect/compressed/png_level] by /usb_cam/image_proc
[rosmaster.master][INFO] 2019-12-23 02:51:49,577: +PARAM [/whycon_display/image_view/do_dynamic_scaling] by /whycon_display/image_view
[rosmaster.master][INFO] 2019-12-23 02:51:49,578: +PUB [/usb_cam/image_rect] /usb_cam/image_proc http://itachi-HP-Pavilion-Laptop-15-cc1xx:36141/
[rosmaster.master][INFO] 2019-12-23 02:51:49,578: +PARAM [/whycon_display/image_view/colormap] by /whycon_display/image_view
[rosmaster.master][INFO] 2019-12-23 02:51:49,579: +PUB [/usb_cam/image_rect/theora] /usb_cam/image_proc http://itachi-HP-Pavilion-Laptop-15-cc1xx:36141/
[rosmaster.master][INFO] 2019-12-23 02:51:49,580: +PARAM [/whycon_display/image_view/min_image_value] by /whycon_display/image_view
[rosmaster.master][INFO] 2019-12-23 02:51:49,580: +SERVICE [/usb_cam/image_rect/theora/set_parameters] /usb_cam/image_proc http://itachi-HP-Pavilion-Laptop-15-cc1xx:36141/
[rosmaster.master][INFO] 2019-12-23 02:51:49,581: +PARAM [/whycon_display/image_view/max_image_value] by /whycon_display/image_view
[rosmaster.master][INFO] 2019-12-23 02:51:49,582: +PUB [/usb_cam/image_rect/theora/parameter_descriptions] /usb_cam/image_proc http://itachi-HP-Pavilion-Laptop-15-cc1xx:36141/
[rosmaster.master][INFO] 2019-12-23 02:51:49,583: +PUB [/usb_cam/image_rect/theora/parameter_updates] /usb_cam/image_proc http://itachi-HP-Pavilion-Laptop-15-cc1xx:36141/
[rosmaster.master][INFO] 2019-12-23 02:51:49,586: +PARAM [/usb_cam/image_rect/theora/optimize_for] by /usb_cam/image_proc
[rosmaster.master][INFO] 2019-12-23 02:51:49,586: +PARAM [/usb_cam/image_rect/theora/target_bitrate] by /usb_cam/image_proc
[rosmaster.master][INFO] 2019-12-23 02:51:49,587: +PARAM [/usb_cam/image_rect/theora/quality] by /usb_cam/image_proc
[rosmaster.master][INFO] 2019-12-23 02:51:49,588: +PARAM [/usb_cam/image_rect/theora/keyframe_frequency] by /usb_cam/image_proc
[rosmaster.master][INFO] 2019-12-23 02:51:49,588: +PARAM [/usb_cam/image_rect/theora/optimize_for] by /usb_cam/image_proc
[rosmaster.master][INFO] 2019-12-23 02:51:49,589: +PARAM [/usb_cam/image_rect/theora/target_bitrate] by /usb_cam/image_proc
[rosmaster.master][INFO] 2019-12-23 02:51:49,589: +PARAM [/usb_cam/image_rect/theora/quality] by /usb_cam/image_proc
[rosmaster.master][INFO] 2019-12-23 02:51:49,590: +PARAM [/usb_cam/image_rect/theora/keyframe_frequency] by /usb_cam/image_proc
[rosmaster.master][INFO] 2019-12-23 02:51:49,593: +SERVICE [/usb_cam/image_proc_rectify_color/set_parameters] /usb_cam/image_proc http://itachi-HP-Pavilion-Laptop-15-cc1xx:36141/
[rosmaster.master][INFO] 2019-12-23 02:51:49,594: +PUB [/usb_cam/image_proc_rectify_color/parameter_descriptions] /usb_cam/image_proc http://itachi-HP-Pavilion-Laptop-15-cc1xx:36141/
[rosmaster.master][INFO] 2019-12-23 02:51:49,594: +PUB [/usb_cam/image_proc_rectify_color/parameter_updates] /usb_cam/image_proc http://itachi-HP-Pavilion-Laptop-15-cc1xx:36141/
[rosmaster.master][INFO] 2019-12-23 02:51:49,595: +PARAM [/usb_cam/image_proc_rectify_color/interpolation] by /usb_cam/image_proc
[rosmaster.master][INFO] 2019-12-23 02:51:49,596: +PARAM [/usb_cam/image_proc_rectify_color/interpolation] by /usb_cam/image_proc
[rosmaster.master][INFO] 2019-12-23 02:51:49,597: +PUB [/usb_cam/image_rect_color/compressedDepth] /usb_cam/image_proc http://itachi-HP-Pavilion-Laptop-15-cc1xx:36141/
[rosmaster.master][INFO] 2019-12-23 02:51:49,598: +SERVICE [/usb_cam/image_rect_color/compressedDepth/set_parameters] /usb_cam/image_proc http://itachi-HP-Pavilion-Laptop-15-cc1xx:36141/
[rosmaster.master][INFO] 2019-12-23 02:51:49,598: +PUB [/usb_cam/image_rect_color/compressedDepth/parameter_descriptions] /usb_cam/image_proc http://itachi-HP-Pavilion-Laptop-15-cc1xx:36141/
[rosmaster.master][INFO] 2019-12-23 02:51:49,599: +PUB [/usb_cam/image_rect_color/compressedDepth/parameter_updates] /usb_cam/image_proc http://itachi-HP-Pavilion-Laptop-15-cc1xx:36141/
[rosmaster.master][INFO] 2019-12-23 02:51:49,601: +PARAM [/usb_cam/image_rect_color/compressedDepth/depth_max] by /usb_cam/image_proc
[rosmaster.master][INFO] 2019-12-23 02:51:49,602: +PARAM [/usb_cam/image_rect_color/compressedDepth/depth_quantization] by /usb_cam/image_proc
[rosmaster.master][INFO] 2019-12-23 02:51:49,602: +PARAM [/usb_cam/image_rect_color/compressedDepth/png_level] by /usb_cam/image_proc
[rosmaster.master][INFO] 2019-12-23 02:51:49,603: +PARAM [/usb_cam/image_rect_color/compressedDepth/depth_max] by /usb_cam/image_proc
[rosmaster.master][INFO] 2019-12-23 02:51:49,604: +PARAM [/usb_cam/image_rect_color/compressedDepth/depth_quantization] by /usb_cam/image_proc
[rosmaster.master][INFO] 2019-12-23 02:51:49,604: +PARAM [/usb_cam/image_rect_color/compressedDepth/png_level] by /usb_cam/image_proc
[rosmaster.master][INFO] 2019-12-23 02:51:49,605: +PUB [/usb_cam/image_rect_color/compressed] /usb_cam/image_proc http://itachi-HP-Pavilion-Laptop-15-cc1xx:36141/
[rosmaster.master][INFO] 2019-12-23 02:51:49,606: +SERVICE [/usb_cam/image_rect_color/compressed/set_parameters] /usb_cam/image_proc http://itachi-HP-Pavilion-Laptop-15-cc1xx:36141/
[rosmaster.master][INFO] 2019-12-23 02:51:49,606: +PUB [/usb_cam/image_rect_color/compressed/parameter_descriptions] /usb_cam/image_proc http://itachi-HP-Pavilion-Laptop-15-cc1xx:36141/
[rosmaster.master][INFO] 2019-12-23 02:51:49,607: +PUB [/usb_cam/image_rect_color/compressed/parameter_updates] /usb_cam/image_proc http://itachi-HP-Pavilion-Laptop-15-cc1xx:36141/
[rosmaster.master][INFO] 2019-12-23 02:51:49,610: +PARAM [/usb_cam/image_rect_color/compressed/format] by /usb_cam/image_proc
[rosmaster.master][INFO] 2019-12-23 02:51:49,611: +PARAM [/usb_cam/image_rect_color/compressed/jpeg_quality] by /usb_cam/image_proc
[rosmaster.master][INFO] 2019-12-23 02:51:49,611: +PARAM [/usb_cam/image_rect_color/compressed/png_level] by /usb_cam/image_proc
[rosmaster.master][INFO] 2019-12-23 02:51:49,612: +PARAM [/usb_cam/image_rect_color/compressed/format] by /usb_cam/image_proc
[rosmaster.master][INFO] 2019-12-23 02:51:49,613: +PARAM [/usb_cam/image_rect_color/compressed/jpeg_quality] by /usb_cam/image_proc
[rosmaster.master][INFO] 2019-12-23 02:51:49,613: +PARAM [/usb_cam/image_rect_color/compressed/png_level] by /usb_cam/image_proc
[rosmaster.master][INFO] 2019-12-23 02:51:49,614: +PUB [/usb_cam/image_rect_color] /usb_cam/image_proc http://itachi-HP-Pavilion-Laptop-15-cc1xx:36141/
[rosmaster.master][INFO] 2019-12-23 02:51:49,615: +PUB [/usb_cam/image_rect_color/theora] /usb_cam/image_proc http://itachi-HP-Pavilion-Laptop-15-cc1xx:36141/
[rosmaster.master][INFO] 2019-12-23 02:51:49,615: +SERVICE [/usb_cam/image_rect_color/theora/set_parameters] /usb_cam/image_proc http://itachi-HP-Pavilion-Laptop-15-cc1xx:36141/
[rosmaster.master][INFO] 2019-12-23 02:51:49,616: +PUB [/usb_cam/image_rect_color/theora/parameter_descriptions] /usb_cam/image_proc http://itachi-HP-Pavilion-Laptop-15-cc1xx:36141/
[rosmaster.master][INFO] 2019-12-23 02:51:49,617: +PUB [/usb_cam/image_rect_color/theora/parameter_updates] /usb_cam/image_proc http://itachi-HP-Pavilion-Laptop-15-cc1xx:36141/
[rosmaster.master][INFO] 2019-12-23 02:51:49,619: +PARAM [/usb_cam/image_rect_color/theora/optimize_for] by /usb_cam/image_proc
[rosmaster.master][INFO] 2019-12-23 02:51:49,620: +PARAM [/usb_cam/image_rect_color/theora/target_bitrate] by /usb_cam/image_proc
[rosmaster.master][INFO] 2019-12-23 02:51:49,620: +PARAM [/usb_cam/image_rect_color/theora/quality] by /usb_cam/image_proc
[rosmaster.master][INFO] 2019-12-23 02:51:49,621: +PARAM [/usb_cam/image_rect_color/theora/keyframe_frequency] by /usb_cam/image_proc
[rosmaster.master][INFO] 2019-12-23 02:51:49,622: +PARAM [/usb_cam/image_rect_color/theora/optimize_for] by /usb_cam/image_proc
[rosmaster.master][INFO] 2019-12-23 02:51:49,622: +PARAM [/usb_cam/image_rect_color/theora/target_bitrate] by /usb_cam/image_proc
[rosmaster.master][INFO] 2019-12-23 02:51:49,623: +PARAM [/usb_cam/image_rect_color/theora/quality] by /usb_cam/image_proc
[rosmaster.master][INFO] 2019-12-23 02:51:49,623: +PARAM [/usb_cam/image_rect_color/theora/keyframe_frequency] by /usb_cam/image_proc
[rosmaster.master][INFO] 2019-12-23 02:51:49,699: publisherUpdate[/usb_cam/image_rect_color] -> http://itachi-HP-Pavilion-Laptop-15-cc1xx:43637/ ['http://itachi-HP-Pavilion-Laptop-15-cc1xx:36141/']
[rosmaster.master][INFO] 2019-12-23 02:51:49,701: publisherUpdate[/usb_cam/image_rect_color] -> http://itachi-HP-Pavilion-Laptop-15-cc1xx:43637/ ['http://itachi-HP-Pavilion-Laptop-15-cc1xx:36141/']: sec=0.00, result=[1, '', 0]
[rosmaster.master][INFO] 2019-12-23 02:51:49,813: +SUB [/usb_cam/image_color] /usb_cam/image_proc http://itachi-HP-Pavilion-Laptop-15-cc1xx:36141/
[rosmaster.master][INFO] 2019-12-23 02:51:49,819: +SUB [/usb_cam/camera_info] /usb_cam/image_proc http://itachi-HP-Pavilion-Laptop-15-cc1xx:36141/
[rosmaster.master][INFO] 2019-12-23 02:51:49,824: +SUB [/usb_cam/image_raw] /usb_cam/image_proc http://itachi-HP-Pavilion-Laptop-15-cc1xx:36141/
[rosmaster.master][INFO] 2019-12-23 02:52:09,590: +PUB [/rosout] /drone_control http://itachi-HP-Pavilion-Laptop-15-cc1xx:45497/
[rosmaster.master][INFO] 2019-12-23 02:52:09,597: +SERVICE [/drone_control/get_loggers] /drone_control http://itachi-HP-Pavilion-Laptop-15-cc1xx:45497/
[rosmaster.master][INFO] 2019-12-23 02:52:09,599: +SERVICE [/drone_control/set_logger_level] /drone_control http://itachi-HP-Pavilion-Laptop-15-cc1xx:45497/
[rosmaster.master][INFO] 2019-12-23 02:52:09,601: +PUB [/drone_command] /drone_control http://itachi-HP-Pavilion-Laptop-15-cc1xx:45497/
[rosmaster.master][INFO] 2019-12-23 02:52:09,602: +PUB [/alt_error] /drone_control http://itachi-HP-Pavilion-Laptop-15-cc1xx:45497/
[rosmaster.master][INFO] 2019-12-23 02:52:09,603: +PUB [/pitch_error] /drone_control http://itachi-HP-Pavilion-Laptop-15-cc1xx:45497/
[rosmaster.master][INFO] 2019-12-23 02:52:09,606: +PUB [/roll_error] /drone_control http://itachi-HP-Pavilion-Laptop-15-cc1xx:45497/
[rosmaster.master][INFO] 2019-12-23 02:52:09,608: +PUB [/error_sample] /drone_control http://itachi-HP-Pavilion-Laptop-15-cc1xx:45497/
[rosmaster.master][INFO] 2019-12-23 02:52:09,609: +PUB [/error_sample1] /drone_control http://itachi-HP-Pavilion-Laptop-15-cc1xx:45497/
[rosmaster.master][INFO] 2019-12-23 02:52:09,611: +PUB [/error_sample2] /drone_control http://itachi-HP-Pavilion-Laptop-15-cc1xx:45497/
[rosmaster.master][INFO] 2019-12-23 02:52:09,612: +PUB [/error_sample3] /drone_control http://itachi-HP-Pavilion-Laptop-15-cc1xx:45497/
[rosmaster.master][INFO] 2019-12-23 02:52:09,617: +SUB [/whycon/poses] /drone_control http://itachi-HP-Pavilion-Laptop-15-cc1xx:45497/
[rosmaster.master][INFO] 2019-12-23 02:52:09,620: +SUB [/pid_tuning_altitude] /drone_control http://itachi-HP-Pavilion-Laptop-15-cc1xx:45497/
[rosmaster.master][INFO] 2019-12-23 02:52:09,623: +SUB [/pid_tuning_pitch] /drone_control http://itachi-HP-Pavilion-Laptop-15-cc1xx:45497/
[rosmaster.master][INFO] 2019-12-23 02:52:09,629: +SUB [/pid_tuning_roll] /drone_control http://itachi-HP-Pavilion-Laptop-15-cc1xx:45497/
[rosmaster.master][INFO] 2019-12-23 02:52:09,639: publisherUpdate[/rosout] -> http://itachi-HP-Pavilion-Laptop-15-cc1xx:43189/ ['http://itachi-HP-Pavilion-Laptop-15-cc1xx:42367/', 'http://itachi-HP-Pavilion-Laptop-15-cc1xx:36141/', 'http://itachi-HP-Pavilion-Laptop-15-cc1xx:43637/', 'http://itachi-HP-Pavilion-Laptop-15-cc1xx:43915/', 'http://itachi-HP-Pavilion-Laptop-15-cc1xx:45497/']
[rosmaster.master][INFO] 2019-12-23 02:52:09,640: publisherUpdate[/rosout] -> http://itachi-HP-Pavilion-Laptop-15-cc1xx:43189/ ['http://itachi-HP-Pavilion-Laptop-15-cc1xx:42367/', 'http://itachi-HP-Pavilion-Laptop-15-cc1xx:36141/', 'http://itachi-HP-Pavilion-Laptop-15-cc1xx:43637/', 'http://itachi-HP-Pavilion-Laptop-15-cc1xx:43915/', 'http://itachi-HP-Pavilion-Laptop-15-cc1xx:45497/']: sec=0.00, result=[1, '', 0]
[rosmaster.master][INFO] 2019-12-23 02:52:16,369: -SUB [/pid_tuning_pitch] /drone_control http://itachi-HP-Pavilion-Laptop-15-cc1xx:45497/
[rosmaster.master][INFO] 2019-12-23 02:52:16,369: -SUB [/pid_tuning_roll] /drone_control http://itachi-HP-Pavilion-Laptop-15-cc1xx:45497/
[rosmaster.master][INFO] 2019-12-23 02:52:16,369: -SUB [/whycon/poses] /drone_control http://itachi-HP-Pavilion-Laptop-15-cc1xx:45497/
[rosmaster.master][INFO] 2019-12-23 02:52:16,369: -SUB [/pid_tuning_altitude] /drone_control http://itachi-HP-Pavilion-Laptop-15-cc1xx:45497/
[rosmaster.master][INFO] 2019-12-23 02:52:16,370: -PUB [/pitch_error] /drone_control http://itachi-HP-Pavilion-Laptop-15-cc1xx:45497/
[rosmaster.master][INFO] 2019-12-23 02:52:16,370: -PUB [/rosout] /drone_control http://itachi-HP-Pavilion-Laptop-15-cc1xx:45497/
[rosmaster.master][INFO] 2019-12-23 02:52:16,370: -PUB [/alt_error] /drone_control http://itachi-HP-Pavilion-Laptop-15-cc1xx:45497/
[rosmaster.master][INFO] 2019-12-23 02:52:16,370: -PUB [/drone_command] /drone_control http://itachi-HP-Pavilion-Laptop-15-cc1xx:45497/
[rosmaster.master][INFO] 2019-12-23 02:52:16,370: -PUB [/error_sample2] /drone_control http://itachi-HP-Pavilion-Laptop-15-cc1xx:45497/
[rosmaster.master][INFO] 2019-12-23 02:52:16,370: -PUB [/error_sample] /drone_control http://itachi-HP-Pavilion-Laptop-15-cc1xx:45497/
[rosmaster.master][INFO] 2019-12-23 02:52:16,371: -PUB [/error_sample1] /drone_control http://itachi-HP-Pavilion-Laptop-15-cc1xx:45497/
[rosmaster.master][INFO] 2019-12-23 02:52:16,371: -PUB [/roll_error] /drone_control http://itachi-HP-Pavilion-Laptop-15-cc1xx:45497/
[rosmaster.master][INFO] 2019-12-23 02:52:16,371: -PUB [/error_sample3] /drone_control http://itachi-HP-Pavilion-Laptop-15-cc1xx:45497/
[rosmaster.master][INFO] 2019-12-23 02:52:16,371: -SERVICE [/drone_control/get_loggers] /drone_control rosrpc://itachi-HP-Pavilion-Laptop-15-cc1xx:37939
[rosmaster.master][INFO] 2019-12-23 02:52:16,371: -SERVICE [/drone_control/set_logger_level] /drone_control rosrpc://itachi-HP-Pavilion-Laptop-15-cc1xx:37939
[rosmaster.master][INFO] 2019-12-23 02:52:16,459: publisherUpdate[/rosout] -> http://itachi-HP-Pavilion-Laptop-15-cc1xx:43189/ ['http://itachi-HP-Pavilion-Laptop-15-cc1xx:42367/', 'http://itachi-HP-Pavilion-Laptop-15-cc1xx:36141/', 'http://itachi-HP-Pavilion-Laptop-15-cc1xx:43637/', 'http://itachi-HP-Pavilion-Laptop-15-cc1xx:43915/']
[rosmaster.master][INFO] 2019-12-23 02:52:16,460: publisherUpdate[/rosout] -> http://itachi-HP-Pavilion-Laptop-15-cc1xx:43189/ ['http://itachi-HP-Pavilion-Laptop-15-cc1xx:42367/', 'http://itachi-HP-Pavilion-Laptop-15-cc1xx:36141/', 'http://itachi-HP-Pavilion-Laptop-15-cc1xx:43637/', 'http://itachi-HP-Pavilion-Laptop-15-cc1xx:43915/']: sec=0.00, result=[1, '', 0]
[rosmaster.master][INFO] 2019-12-23 02:52:32,880: -PUB [/rosout] /usb_cam/image_proc http://itachi-HP-Pavilion-Laptop-15-cc1xx:36141/
[rosmaster.master][INFO] 2019-12-23 02:52:32,881: -PUB [/usb_cam/image_proc_debayer/parameter_descriptions] /usb_cam/image_proc http://itachi-HP-Pavilion-Laptop-15-cc1xx:36141/
[rosmaster.master][INFO] 2019-12-23 02:52:32,882: -PUB [/usb_cam/image_proc_debayer/parameter_updates] /usb_cam/image_proc http://itachi-HP-Pavilion-Laptop-15-cc1xx:36141/
[rosmaster.master][INFO] 2019-12-23 02:52:32,882: -PUB [/usb_cam/image_mono/compressedDepth] /usb_cam/image_proc http://itachi-HP-Pavilion-Laptop-15-cc1xx:36141/
[rosmaster.master][INFO] 2019-12-23 02:52:32,883: -PUB [/usb_cam/image_mono/compressedDepth/parameter_descriptions] /usb_cam/image_proc http://itachi-HP-Pavilion-Laptop-15-cc1xx:36141/
[rosmaster.master][INFO] 2019-12-23 02:52:32,883: -PUB [/usb_cam/image_mono/compressedDepth/parameter_updates] /usb_cam/image_proc http://itachi-HP-Pavilion-Laptop-15-cc1xx:36141/
[rosmaster.master][INFO] 2019-12-23 02:52:32,884: -PUB [/rosout] /usb_cam http://itachi-HP-Pavilion-Laptop-15-cc1xx:42367/
[rosmaster.master][INFO] 2019-12-23 02:52:32,885: -PUB [/usb_cam/image_mono/compressed] /usb_cam/image_proc http://itachi-HP-Pavilion-Laptop-15-cc1xx:36141/
[rosmaster.master][INFO] 2019-12-23 02:52:32,886: -PUB [/rosout] /whycon_display/image_view http://itachi-HP-Pavilion-Laptop-15-cc1xx:43915/
[rosmaster.master][INFO] 2019-12-23 02:52:32,886: -PUB [/usb_cam/image_raw/compressedDepth] /usb_cam http://itachi-HP-Pavilion-Laptop-15-cc1xx:42367/
[rosmaster.master][INFO] 2019-12-23 02:52:32,887: -PUB [/usb_cam/image_mono/compressed/parameter_descriptions] /usb_cam/image_proc http://itachi-HP-Pavilion-Laptop-15-cc1xx:36141/
[rosmaster.master][INFO] 2019-12-23 02:52:32,888: publisherUpdate[/rosout] -> http://itachi-HP-Pavilion-Laptop-15-cc1xx:43189/ ['http://itachi-HP-Pavilion-Laptop-15-cc1xx:42367/', 'http://itachi-HP-Pavilion-Laptop-15-cc1xx:43637/', 'http://itachi-HP-Pavilion-Laptop-15-cc1xx:43915/']
[rosmaster.master][INFO] 2019-12-23 02:52:32,888: -PUB [/whycon_display/image_view/output] /whycon_display/image_view http://itachi-HP-Pavilion-Laptop-15-cc1xx:43915/
[rosmaster.master][INFO] 2019-12-23 02:52:32,889: publisherUpdate[/rosout] -> http://itachi-HP-Pavilion-Laptop-15-cc1xx:43189/ ['http://itachi-HP-Pavilion-Laptop-15-cc1xx:42367/', 'http://itachi-HP-Pavilion-Laptop-15-cc1xx:43637/', 'http://itachi-HP-Pavilion-Laptop-15-cc1xx:43915/']: sec=0.00, result=[1, '', 0]
[rosmaster.master][INFO] 2019-12-23 02:52:32,889: -PUB [/usb_cam/image_mono/compressed/parameter_updates] /usb_cam/image_proc http://itachi-HP-Pavilion-Laptop-15-cc1xx:36141/
[rosmaster.master][INFO] 2019-12-23 02:52:32,889: publisherUpdate[/rosout] -> http://itachi-HP-Pavilion-Laptop-15-cc1xx:43189/ ['http://itachi-HP-Pavilion-Laptop-15-cc1xx:43637/', 'http://itachi-HP-Pavilion-Laptop-15-cc1xx:43915/']
[rosmaster.master][INFO] 2019-12-23 02:52:32,890: -PUB [/usb_cam/image_raw/compressedDepth/parameter_descriptions] /usb_cam http://itachi-HP-Pavilion-Laptop-15-cc1xx:42367/
[rosmaster.master][INFO] 2019-12-23 02:52:32,891: -PUB [/whycon_display/image_view/parameter_descriptions] /whycon_display/image_view http://itachi-HP-Pavilion-Laptop-15-cc1xx:43915/
[rosmaster.master][INFO] 2019-12-23 02:52:32,892: publisherUpdate[/rosout] -> http://itachi-HP-Pavilion-Laptop-15-cc1xx:43189/ ['http://itachi-HP-Pavilion-Laptop-15-cc1xx:43637/', 'http://itachi-HP-Pavilion-Laptop-15-cc1xx:43915/']: sec=0.00, result=[1, '', 0]
[rosmaster.master][INFO] 2019-12-23 02:52:32,892: -PUB [/rosout] /whycon http://itachi-HP-Pavilion-Laptop-15-cc1xx:43637/
[rosmaster.master][INFO] 2019-12-23 02:52:32,893: publisherUpdate[/rosout] -> http://itachi-HP-Pavilion-Laptop-15-cc1xx:43189/ ['http://itachi-HP-Pavilion-Laptop-15-cc1xx:43637/']
[rosmaster.master][INFO] 2019-12-23 02:52:32,894: -PUB [/usb_cam/image_mono] /usb_cam/image_proc http://itachi-HP-Pavilion-Laptop-15-cc1xx:36141/
[rosmaster.master][INFO] 2019-12-23 02:52:32,894: -PUB [/usb_cam/image_raw/compressedDepth/parameter_updates] /usb_cam http://itachi-HP-Pavilion-Laptop-15-cc1xx:42367/
[rosmaster.master][INFO] 2019-12-23 02:52:32,895: publisherUpdate[/rosout] -> http://itachi-HP-Pavilion-Laptop-15-cc1xx:43189/ ['http://itachi-HP-Pavilion-Laptop-15-cc1xx:43637/']: sec=0.00, result=[1, '', 0]
[rosmaster.master][INFO] 2019-12-23 02:52:32,895: -PUB [/whycon_display/image_view/parameter_updates] /whycon_display/image_view http://itachi-HP-Pavilion-Laptop-15-cc1xx:43915/
[rosmaster.master][INFO] 2019-12-23 02:52:32,895: publisherUpdate[/rosout] -> http://itachi-HP-Pavilion-Laptop-15-cc1xx:43189/ []
[rosmaster.master][INFO] 2019-12-23 02:52:32,896: -PUB [/tf] /whycon http://itachi-HP-Pavilion-Laptop-15-cc1xx:43637/
[rosmaster.master][INFO] 2019-12-23 02:52:32,897: publisherUpdate[/rosout] -> http://itachi-HP-Pavilion-Laptop-15-cc1xx:43189/ []: sec=0.00, result=[1, '', 0]
[rosmaster.master][INFO] 2019-12-23 02:52:32,897: -PUB [/usb_cam/image_mono/theora] /usb_cam/image_proc http://itachi-HP-Pavilion-Laptop-15-cc1xx:36141/
[rosmaster.master][INFO] 2019-12-23 02:52:32,898: -PUB [/usb_cam/image_raw/compressed] /usb_cam http://itachi-HP-Pavilion-Laptop-15-cc1xx:42367/
[rosmaster.master][INFO] 2019-12-23 02:52:32,898: -SUB [/whycon/image_out] /whycon_display/image_view http://itachi-HP-Pavilion-Laptop-15-cc1xx:43915/
[rosmaster.master][INFO] 2019-12-23 02:52:32,899: -PUB [/whycon/image_out] /whycon http://itachi-HP-Pavilion-Laptop-15-cc1xx:43637/
[rosmaster.master][INFO] 2019-12-23 02:52:32,899: -PUB [/usb_cam/image_mono/theora/parameter_descriptions] /usb_cam/image_proc http://itachi-HP-Pavilion-Laptop-15-cc1xx:36141/
[rosmaster.master][INFO] 2019-12-23 02:52:32,900: -PUB [/usb_cam/image_raw/compressed/parameter_descriptions] /usb_cam http://itachi-HP-Pavilion-Laptop-15-cc1xx:42367/
[rosmaster.master][INFO] 2019-12-23 02:52:32,900: -SERVICE [/whycon_display/image_view/get_loggers] /whycon_display/image_view rosrpc://itachi-HP-Pavilion-Laptop-15-cc1xx:59929
[rosmaster.master][INFO] 2019-12-23 02:52:32,901: -PUB [/whycon/poses] /whycon http://itachi-HP-Pavilion-Laptop-15-cc1xx:43637/
[rosmaster.master][INFO] 2019-12-23 02:52:32,901: -PUB [/usb_cam/image_mono/theora/parameter_updates] /usb_cam/image_proc http://itachi-HP-Pavilion-Laptop-15-cc1xx:36141/
[rosmaster.master][INFO] 2019-12-23 02:52:32,902: -PUB [/usb_cam/image_raw/compressed/parameter_updates] /usb_cam http://itachi-HP-Pavilion-Laptop-15-cc1xx:42367/
[rosmaster.master][INFO] 2019-12-23 02:52:32,902: -SERVICE [/whycon_display/image_view/set_logger_level] /whycon_display/image_view rosrpc://itachi-HP-Pavilion-Laptop-15-cc1xx:59929
[rosmaster.master][INFO] 2019-12-23 02:52:32,903: -PUB [/whycon/context] /whycon http://itachi-HP-Pavilion-Laptop-15-cc1xx:43637/
[rosmaster.master][INFO] 2019-12-23 02:52:32,904: -PUB [/usb_cam/image_color/compressedDepth] /usb_cam/image_proc http://itachi-HP-Pavilion-Laptop-15-cc1xx:36141/
[rosmaster.master][INFO] 2019-12-23 02:52:32,904: -PUB [/usb_cam/image_raw] /usb_cam http://itachi-HP-Pavilion-Laptop-15-cc1xx:42367/
[rosmaster.master][INFO] 2019-12-23 02:52:32,905: -SERVICE [/whycon_display/image_view/set_parameters] /whycon_display/image_view rosrpc://itachi-HP-Pavilion-Laptop-15-cc1xx:59929
[rosmaster.master][INFO] 2019-12-23 02:52:32,905: -PUB [/whycon/projection] /whycon http://itachi-HP-Pavilion-Laptop-15-cc1xx:43637/
[rosmaster.master][INFO] 2019-12-23 02:52:32,906: -PUB [/usb_cam/image_color/compressedDepth/parameter_descriptions] /usb_cam/image_proc http://itachi-HP-Pavilion-Laptop-15-cc1xx:36141/
[rosmaster.master][INFO] 2019-12-23 02:52:32,906: -PUB [/usb_cam/image_raw/theora] /usb_cam http://itachi-HP-Pavilion-Laptop-15-cc1xx:42367/
[rosmaster.master][INFO] 2019-12-23 02:52:32,907: -SUB [/usb_cam/image_rect_color] /whycon http://itachi-HP-Pavilion-Laptop-15-cc1xx:43637/
[rosmaster.master][INFO] 2019-12-23 02:52:32,908: -PUB [/usb_cam/image_color/compressedDepth/parameter_updates] /usb_cam/image_proc http://itachi-HP-Pavilion-Laptop-15-cc1xx:36141/
[rosmaster.master][INFO] 2019-12-23 02:52:32,908: -PUB [/usb_cam/image_raw/theora/parameter_descriptions] /usb_cam http://itachi-HP-Pavilion-Laptop-15-cc1xx:42367/
[rosmaster.master][INFO] 2019-12-23 02:52:32,910: -SUB [/usb_cam/camera_info] /whycon http://itachi-HP-Pavilion-Laptop-15-cc1xx:43637/
[rosmaster.master][INFO] 2019-12-23 02:52:32,911: -PUB [/usb_cam/image_color/compressed] /usb_cam/image_proc http://itachi-HP-Pavilion-Laptop-15-cc1xx:36141/
[rosmaster.master][INFO] 2019-12-23 02:52:32,912: -PUB [/usb_cam/image_raw/theora/parameter_updates] /usb_cam http://itachi-HP-Pavilion-Laptop-15-cc1xx:42367/
[rosmaster.master][INFO] 2019-12-23 02:52:32,912: -SERVICE [/whycon/get_loggers] /whycon rosrpc://itachi-HP-Pavilion-Laptop-15-cc1xx:47789
[rosmaster.master][INFO] 2019-12-23 02:52:32,913: -PUB [/usb_cam/image_color/compressed/parameter_descriptions] /usb_cam/image_proc http://itachi-HP-Pavilion-Laptop-15-cc1xx:36141/
[rosmaster.master][INFO] 2019-12-23 02:52:32,913: -PUB [/usb_cam/camera_info] /usb_cam http://itachi-HP-Pavilion-Laptop-15-cc1xx:42367/
[rosmaster.master][INFO] 2019-12-23 02:52:32,914: -SERVICE [/whycon/set_logger_level] /whycon rosrpc://itachi-HP-Pavilion-Laptop-15-cc1xx:47789
[rosmaster.master][INFO] 2019-12-23 02:52:32,915: -PUB [/usb_cam/image_color/compressed/parameter_updates] /usb_cam/image_proc http://itachi-HP-Pavilion-Laptop-15-cc1xx:36141/
[rosmaster.master][INFO] 2019-12-23 02:52:32,915: -SERVICE [/usb_cam/get_loggers] /usb_cam rosrpc://itachi-HP-Pavilion-Laptop-15-cc1xx:41255
[rosmaster.master][INFO] 2019-12-23 02:52:32,918: -SERVICE [/whycon/reset] /whycon rosrpc://itachi-HP-Pavilion-Laptop-15-cc1xx:47789
[rosmaster.master][INFO] 2019-12-23 02:52:32,918: -PUB [/usb_cam/image_color] /usb_cam/image_proc http://itachi-HP-Pavilion-Laptop-15-cc1xx:36141/
[rosmaster.master][INFO] 2019-12-23 02:52:32,919: -SERVICE [/usb_cam/set_logger_level] /usb_cam rosrpc://itachi-HP-Pavilion-Laptop-15-cc1xx:41255
[rosmaster.master][INFO] 2019-12-23 02:52:32,920: -PUB [/usb_cam/image_color/theora] /usb_cam/image_proc http://itachi-HP-Pavilion-Laptop-15-cc1xx:36141/
[rosmaster.master][INFO] 2019-12-23 02:52:32,920: -SERVICE [/usb_cam/image_raw/compressedDepth/set_parameters] /usb_cam rosrpc://itachi-HP-Pavilion-Laptop-15-cc1xx:41255
[rosmaster.master][INFO] 2019-12-23 02:52:32,921: -PUB [/usb_cam/image_color/theora/parameter_descriptions] /usb_cam/image_proc http://itachi-HP-Pavilion-Laptop-15-cc1xx:36141/
[rosmaster.master][INFO] 2019-12-23 02:52:32,922: -SERVICE [/usb_cam/image_raw/compressed/set_parameters] /usb_cam rosrpc://itachi-HP-Pavilion-Laptop-15-cc1xx:41255
[rosmaster.master][INFO] 2019-12-23 02:52:32,922: -PUB [/usb_cam/image_color/theora/parameter_updates] /usb_cam/image_proc http://itachi-HP-Pavilion-Laptop-15-cc1xx:36141/
[rosmaster.master][INFO] 2019-12-23 02:52:32,923: -SERVICE [/usb_cam/image_raw/theora/set_parameters] /usb_cam rosrpc://itachi-HP-Pavilion-Laptop-15-cc1xx:41255
[rosmaster.master][INFO] 2019-12-23 02:52:32,924: -PUB [/usb_cam/image_proc_rectify_mono/parameter_descriptions] /usb_cam/image_proc http://itachi-HP-Pavilion-Laptop-15-cc1xx:36141/
[rosmaster.master][INFO] 2019-12-23 02:52:32,924: -SERVICE [/usb_cam/set_camera_info] /usb_cam rosrpc://itachi-HP-Pavilion-Laptop-15-cc1xx:41255
[rosmaster.master][INFO] 2019-12-23 02:52:32,925: -PUB [/usb_cam/image_proc_rectify_mono/parameter_updates] /usb_cam/image_proc http://itachi-HP-Pavilion-Laptop-15-cc1xx:36141/
[rosmaster.master][INFO] 2019-12-23 02:52:32,926: -SERVICE [/usb_cam/start_capture] /usb_cam rosrpc://itachi-HP-Pavilion-Laptop-15-cc1xx:41255
[rosmaster.master][INFO] 2019-12-23 02:52:32,927: -PUB [/usb_cam/image_rect/compressedDepth] /usb_cam/image_proc http://itachi-HP-Pavilion-Laptop-15-cc1xx:36141/
[rosmaster.master][INFO] 2019-12-23 02:52:32,928: -SERVICE [/usb_cam/stop_capture] /usb_cam rosrpc://itachi-HP-Pavilion-Laptop-15-cc1xx:41255
[rosmaster.master][INFO] 2019-12-23 02:52:32,928: -PUB [/usb_cam/image_rect/compressedDepth/parameter_descriptions] /usb_cam/image_proc http://itachi-HP-Pavilion-Laptop-15-cc1xx:36141/
[rosmaster.master][INFO] 2019-12-23 02:52:32,929: -PUB [/usb_cam/image_rect/compressedDepth/parameter_updates] /usb_cam/image_proc http://itachi-HP-Pavilion-Laptop-15-cc1xx:36141/
[rosmaster.master][INFO] 2019-12-23 02:52:32,929: -PUB [/usb_cam/image_rect/compressed] /usb_cam/image_proc http://itachi-HP-Pavilion-Laptop-15-cc1xx:36141/
[rosmaster.master][INFO] 2019-12-23 02:52:32,930: -PUB [/usb_cam/image_rect/compressed/parameter_descriptions] /usb_cam/image_proc http://itachi-HP-Pavilion-Laptop-15-cc1xx:36141/
[rosmaster.master][INFO] 2019-12-23 02:52:32,930: -PUB [/usb_cam/image_rect/compressed/parameter_updates] /usb_cam/image_proc http://itachi-HP-Pavilion-Laptop-15-cc1xx:36141/
[rosmaster.master][INFO] 2019-12-23 02:52:32,931: -PUB [/usb_cam/image_rect] /usb_cam/image_proc http://itachi-HP-Pavilion-Laptop-15-cc1xx:36141/
[rosmaster.master][INFO] 2019-12-23 02:52:32,931: -PUB [/usb_cam/image_rect/theora] /usb_cam/image_proc http://itachi-HP-Pavilion-Laptop-15-cc1xx:36141/
[rosmaster.master][INFO] 2019-12-23 02:52:32,932: -PUB [/usb_cam/image_rect/theora/parameter_descriptions] /usb_cam/image_proc http://itachi-HP-Pavilion-Laptop-15-cc1xx:36141/
[rosmaster.master][INFO] 2019-12-23 02:52:32,932: -PUB [/usb_cam/image_rect/theora/parameter_updates] /usb_cam/image_proc http://itachi-HP-Pavilion-Laptop-15-cc1xx:36141/
[rosmaster.master][INFO] 2019-12-23 02:52:32,933: -PUB [/usb_cam/image_proc_rectify_color/parameter_descriptions] /usb_cam/image_proc http://itachi-HP-Pavilion-Laptop-15-cc1xx:36141/
[rosmaster.master][INFO] 2019-12-23 02:52:32,933: -PUB [/usb_cam/image_proc_rectify_color/parameter_updates] /usb_cam/image_proc http://itachi-HP-Pavilion-Laptop-15-cc1xx:36141/
[rosmaster.master][INFO] 2019-12-23 02:52:32,934: -PUB [/usb_cam/image_rect_color/compressedDepth] /usb_cam/image_proc http://itachi-HP-Pavilion-Laptop-15-cc1xx:36141/
[rosmaster.master][INFO] 2019-12-23 02:52:32,934: -PUB [/usb_cam/image_rect_color/compressedDepth/parameter_descriptions] /usb_cam/image_proc http://itachi-HP-Pavilion-Laptop-15-cc1xx:36141/
[rosmaster.master][INFO] 2019-12-23 02:52:32,935: -PUB [/usb_cam/image_rect_color/compressedDepth/parameter_updates] /usb_cam/image_proc http://itachi-HP-Pavilion-Laptop-15-cc1xx:36141/
[rosmaster.master][INFO] 2019-12-23 02:52:32,935: -PUB [/usb_cam/image_rect_color/compressed] /usb_cam/image_proc http://itachi-HP-Pavilion-Laptop-15-cc1xx:36141/
[rosmaster.master][INFO] 2019-12-23 02:52:32,936: -PUB [/usb_cam/image_rect_color/compressed/parameter_descriptions] /usb_cam/image_proc http://itachi-HP-Pavilion-Laptop-15-cc1xx:36141/
[rosmaster.master][INFO] 2019-12-23 02:52:32,936: -PUB [/usb_cam/image_rect_color/compressed/parameter_updates] /usb_cam/image_proc http://itachi-HP-Pavilion-Laptop-15-cc1xx:36141/
[rosmaster.master][INFO] 2019-12-23 02:52:32,937: -PUB [/usb_cam/image_rect_color] /usb_cam/image_proc http://itachi-HP-Pavilion-Laptop-15-cc1xx:36141/
[rosmaster.master][INFO] 2019-12-23 02:52:32,937: -PUB [/usb_cam/image_rect_color/theora] /usb_cam/image_proc http://itachi-HP-Pavilion-Laptop-15-cc1xx:36141/
[rosmaster.master][INFO] 2019-12-23 02:52:32,938: -PUB [/usb_cam/image_rect_color/theora/parameter_descriptions] /usb_cam/image_proc http://itachi-HP-Pavilion-Laptop-15-cc1xx:36141/
[rosmaster.master][INFO] 2019-12-23 02:52:32,938: -PUB [/usb_cam/image_rect_color/theora/parameter_updates] /usb_cam/image_proc http://itachi-HP-Pavilion-Laptop-15-cc1xx:36141/
[rosmaster.master][INFO] 2019-12-23 02:52:32,939: -SUB [/usb_cam/image_color] /usb_cam/image_proc http://itachi-HP-Pavilion-Laptop-15-cc1xx:36141/
[rosmaster.master][INFO] 2019-12-23 02:52:32,939: -SUB [/usb_cam/camera_info] /usb_cam/image_proc http://itachi-HP-Pavilion-Laptop-15-cc1xx:36141/
[rosmaster.master][INFO] 2019-12-23 02:52:32,940: -SUB [/usb_cam/image_raw] /usb_cam/image_proc http://itachi-HP-Pavilion-Laptop-15-cc1xx:36141/
[rosmaster.master][INFO] 2019-12-23 02:52:32,940: -SERVICE [/usb_cam/image_proc/get_loggers] /usb_cam/image_proc rosrpc://itachi-HP-Pavilion-Laptop-15-cc1xx:54707
[rosmaster.master][INFO] 2019-12-23 02:52:32,941: -SERVICE [/usb_cam/image_proc/set_logger_level] /usb_cam/image_proc rosrpc://itachi-HP-Pavilion-Laptop-15-cc1xx:54707
[rosmaster.master][INFO] 2019-12-23 02:52:32,941: -SERVICE [/usb_cam/image_proc_debayer/set_parameters] /usb_cam/image_proc rosrpc://itachi-HP-Pavilion-Laptop-15-cc1xx:54707
[rosmaster.master][INFO] 2019-12-23 02:52:32,942: -SERVICE [/usb_cam/image_mono/compressedDepth/set_parameters] /usb_cam/image_proc rosrpc://itachi-HP-Pavilion-Laptop-15-cc1xx:54707
[rosmaster.master][INFO] 2019-12-23 02:52:32,942: -SERVICE [/usb_cam/image_mono/compressed/set_parameters] /usb_cam/image_proc rosrpc://itachi-HP-Pavilion-Laptop-15-cc1xx:54707
[rosmaster.master][INFO] 2019-12-23 02:52:32,943: -SERVICE [/usb_cam/image_mono/theora/set_parameters] /usb_cam/image_proc rosrpc://itachi-HP-Pavilion-Laptop-15-cc1xx:54707
[rosmaster.master][INFO] 2019-12-23 02:52:32,943: -SERVICE [/usb_cam/image_color/compressedDepth/set_parameters] /usb_cam/image_proc rosrpc://itachi-HP-Pavilion-Laptop-15-cc1xx:54707
[rosmaster.master][INFO] 2019-12-23 02:52:32,944: -SERVICE [/usb_cam/image_color/compressed/set_parameters] /usb_cam/image_proc rosrpc://itachi-HP-Pavilion-Laptop-15-cc1xx:54707
[rosmaster.master][INFO] 2019-12-23 02:52:32,944: -SERVICE [/usb_cam/image_color/theora/set_parameters] /usb_cam/image_proc rosrpc://itachi-HP-Pavilion-Laptop-15-cc1xx:54707
[rosmaster.master][INFO] 2019-12-23 02:52:32,945: -SERVICE [/usb_cam/image_proc_rectify_mono/set_parameters] /usb_cam/image_proc rosrpc://itachi-HP-Pavilion-Laptop-15-cc1xx:54707
[rosmaster.master][INFO] 2019-12-23 02:52:32,946: -SERVICE [/usb_cam/image_rect/compressedDepth/set_parameters] /usb_cam/image_proc rosrpc://itachi-HP-Pavilion-Laptop-15-cc1xx:54707
[rosmaster.master][INFO] 2019-12-23 02:52:32,946: -SERVICE [/usb_cam/image_rect/compressed/set_parameters] /usb_cam/image_proc rosrpc://itachi-HP-Pavilion-Laptop-15-cc1xx:54707
[rosmaster.master][INFO] 2019-12-23 02:52:32,947: -SERVICE [/usb_cam/image_rect/theora/set_parameters] /usb_cam/image_proc rosrpc://itachi-HP-Pavilion-Laptop-15-cc1xx:54707
[rosmaster.master][INFO] 2019-12-23 02:52:32,947: -SERVICE [/usb_cam/image_proc_rectify_color/set_parameters] /usb_cam/image_proc rosrpc://itachi-HP-Pavilion-Laptop-15-cc1xx:54707
[rosmaster.master][INFO] 2019-12-23 02:52:32,948: -SERVICE [/usb_cam/image_rect_color/compressedDepth/set_parameters] /usb_cam/image_proc rosrpc://itachi-HP-Pavilion-Laptop-15-cc1xx:54707
[rosmaster.master][INFO] 2019-12-23 02:52:32,949: -SERVICE [/usb_cam/image_rect_color/compressed/set_parameters] /usb_cam/image_proc rosrpc://itachi-HP-Pavilion-Laptop-15-cc1xx:54707
[rosmaster.master][INFO] 2019-12-23 02:52:32,949: -SERVICE [/usb_cam/image_rect_color/theora/set_parameters] /usb_cam/image_proc rosrpc://itachi-HP-Pavilion-Laptop-15-cc1xx:54707
[rosmaster.master][INFO] 2019-12-23 02:52:32,988: publisherUpdate[/usb_cam/image_raw] -> http://itachi-HP-Pavilion-Laptop-15-cc1xx:36141/ []
[rosmaster.master][INFO] 2019-12-23 02:52:32,989: publisherUpdate[/usb_cam/image_raw] -> http://itachi-HP-Pavilion-Laptop-15-cc1xx:36141/ []: sec=0.00, exception=<Fault -1: 'publisherUpdate: unknown method name'>
[rosmaster.threadpool][ERROR] 2019-12-23 02:52:32,990: Traceback (most recent call last):
  File "/opt/ros/kinetic/lib/python2.7/dist-packages/rosmaster/threadpool.py", line 218, in run
    result = cmd(*args)
  File "/opt/ros/kinetic/lib/python2.7/dist-packages/rosmaster/master_api.py", line 210, in publisher_update_task
    ret = xmlrpcapi(api).publisherUpdate('/master', topic, pub_uris)
  File "/usr/lib/python2.7/xmlrpclib.py", line 1243, in __call__
    return self.__send(self.__name, args)
  File "/usr/lib/python2.7/xmlrpclib.py", line 1602, in __request
    verbose=self.__verbose
  File "/usr/lib/python2.7/xmlrpclib.py", line 1283, in request
    return self.single_request(host, handler, request_body, verbose)
  File "/usr/lib/python2.7/xmlrpclib.py", line 1316, in single_request
    return self.parse_response(response)
  File "/usr/lib/python2.7/xmlrpclib.py", line 1493, in parse_response
    return u.close()
  File "/usr/lib/python2.7/xmlrpclib.py", line 800, in close
    raise Fault(**self._stack[0])
Fault: <Fault -1: 'publisherUpdate: unknown method name'>

[rosmaster.master][INFO] 2019-12-23 02:52:32,990: publisherUpdate[/usb_cam/camera_info] -> http://itachi-HP-Pavilion-Laptop-15-cc1xx:36141/ []
[rosmaster.master][INFO] 2019-12-23 02:52:32,991: publisherUpdate[/usb_cam/camera_info] -> http://itachi-HP-Pavilion-Laptop-15-cc1xx:36141/ []: sec=0.00, exception=<Fault -1: 'publisherUpdate: unknown method name'>
[rosmaster.threadpool][ERROR] 2019-12-23 02:52:32,991: Traceback (most recent call last):
  File "/opt/ros/kinetic/lib/python2.7/dist-packages/rosmaster/threadpool.py", line 218, in run
    result = cmd(*args)
  File "/opt/ros/kinetic/lib/python2.7/dist-packages/rosmaster/master_api.py", line 210, in publisher_update_task
    ret = xmlrpcapi(api).publisherUpdate('/master', topic, pub_uris)
  File "/usr/lib/python2.7/xmlrpclib.py", line 1243, in __call__
    return self.__send(self.__name, args)
  File "/usr/lib/python2.7/xmlrpclib.py", line 1602, in __request
    verbose=self.__verbose
  File "/usr/lib/python2.7/xmlrpclib.py", line 1283, in request
    return self.single_request(host, handler, request_body, verbose)
  File "/usr/lib/python2.7/xmlrpclib.py", line 1316, in single_request
    return self.parse_response(response)
  File "/usr/lib/python2.7/xmlrpclib.py", line 1493, in parse_response
    return u.close()
  File "/usr/lib/python2.7/xmlrpclib.py", line 800, in close
    raise Fault(**self._stack[0])
Fault: <Fault -1: 'publisherUpdate: unknown method name'>

[rosmaster.master][INFO] 2019-12-23 02:52:32,991: publisherUpdate[/usb_cam/image_color] -> http://itachi-HP-Pavilion-Laptop-15-cc1xx:36141/ []
[rosmaster.master][INFO] 2019-12-23 02:52:32,992: publisherUpdate[/usb_cam/image_color] -> http://itachi-HP-Pavilion-Laptop-15-cc1xx:36141/ []: sec=0.00, exception=[Errno 111] Connection refused
[rosmaster.threadpool][ERROR] 2019-12-23 02:52:32,992: Traceback (most recent call last):
  File "/opt/ros/kinetic/lib/python2.7/dist-packages/rosmaster/threadpool.py", line 218, in run
    result = cmd(*args)
  File "/opt/ros/kinetic/lib/python2.7/dist-packages/rosmaster/master_api.py", line 210, in publisher_update_task
    ret = xmlrpcapi(api).publisherUpdate('/master', topic, pub_uris)
  File "/usr/lib/python2.7/xmlrpclib.py", line 1243, in __call__
    return self.__send(self.__name, args)
  File "/usr/lib/python2.7/xmlrpclib.py", line 1602, in __request
    verbose=self.__verbose
  File "/usr/lib/python2.7/xmlrpclib.py", line 1283, in request
    return self.single_request(host, handler, request_body, verbose)
  File "/usr/lib/python2.7/xmlrpclib.py", line 1311, in single_request
    self.send_content(h, request_body)
  File "/usr/lib/python2.7/xmlrpclib.py", line 1459, in send_content
    connection.endheaders(request_body)
  File "/usr/lib/python2.7/httplib.py", line 1069, in endheaders
    self._send_output(message_body)
  File "/usr/lib/python2.7/httplib.py", line 907, in _send_output
    self.send(msg)
  File "/usr/lib/python2.7/httplib.py", line 869, in send
    self.connect()
  File "/usr/lib/python2.7/httplib.py", line 846, in connect
    self.timeout, self.source_address)
  File "/usr/lib/python2.7/socket.py", line 575, in create_connection
    raise err
error: [Errno 111] Connection refused

[rosmaster.master][INFO] 2019-12-23 02:52:33,398: -PUB [/rosout_agg] /rosout http://itachi-HP-Pavilion-Laptop-15-cc1xx:43189/
[rosmaster.master][INFO] 2019-12-23 02:52:33,399: -SUB [/rosout] /rosout http://itachi-HP-Pavilion-Laptop-15-cc1xx:43189/
[rosmaster.master][INFO] 2019-12-23 02:52:33,399: -SERVICE [/rosout/get_loggers] /rosout rosrpc://itachi-HP-Pavilion-Laptop-15-cc1xx:44699
[rosmaster.master][INFO] 2019-12-23 02:52:33,400: -SERVICE [/rosout/set_logger_level] /rosout rosrpc://itachi-HP-Pavilion-Laptop-15-cc1xx:44699
[rosmaster.main][INFO] 2019-12-23 02:52:33,468: keyboard interrupt, will exit
[rosmaster.main][INFO] 2019-12-23 02:52:33,469: stopping master...
[rospy.core][INFO] 2019-12-23 02:52:33,469: signal_shutdown [atexit]
