[rosmaster.main][INFO] 2019-12-29 03:39:01,921: initialization complete, waiting for shutdown
[rosmaster.main][INFO] 2019-12-29 03:39:01,921: Starting ROS Master Node
[xmlrpc][INFO] 2019-12-29 03:39:01,922: XML-RPC server binding to 0.0.0.0:11311
[xmlrpc][INFO] 2019-12-29 03:39:01,922: Started XML-RPC server [http://itachi-HP-Pavilion-Laptop-15-cc1xx:11311/]
[rosmaster.master][INFO] 2019-12-29 03:39:01,922: Master initialized: port[11311], uri[http://itachi-HP-Pavilion-Laptop-15-cc1xx:11311/]
[xmlrpc][INFO] 2019-12-29 03:39:01,922: xml rpc node: starting XML-RPC server
[rosmaster.master][INFO] 2019-12-29 03:39:01,970: +PARAM [/run_id] by /roslaunch
[rosmaster.master][INFO] 2019-12-29 03:39:01,971: +PARAM [/roslaunch/uris/host_itachi_hp_pavilion_laptop_15_cc1xx__35479] by /roslaunch
[rosmaster.master][INFO] 2019-12-29 03:39:02,051: +PARAM [/rosversion] by /roslaunch
[rosmaster.master][INFO] 2019-12-29 03:39:02,051: +PARAM [/rosdistro] by /roslaunch
[rosmaster.master][INFO] 2019-12-29 03:39:02,056: +SERVICE [/rosout/get_loggers] /rosout http://itachi-HP-Pavilion-Laptop-15-cc1xx:34177/
[rosmaster.master][INFO] 2019-12-29 03:39:02,057: +SERVICE [/rosout/set_logger_level] /rosout http://itachi-HP-Pavilion-Laptop-15-cc1xx:34177/
[rosmaster.master][INFO] 2019-12-29 03:39:02,058: +PUB [/rosout_agg] /rosout http://itachi-HP-Pavilion-Laptop-15-cc1xx:34177/
[rosmaster.master][INFO] 2019-12-29 03:39:02,061: +SUB [/rosout] /rosout http://itachi-HP-Pavilion-Laptop-15-cc1xx:34177/
[rosmaster.master][INFO] 2019-12-29 03:39:04,189: +PARAM [/roslaunch/uris/host_itachi_hp_pavilion_laptop_15_cc1xx__40405] by /roslaunch
[rosmaster.master][INFO] 2019-12-29 03:39:04,196: +PARAM [/usb_cam/image_width] by /roslaunch
[rosmaster.master][INFO] 2019-12-29 03:39:04,197: +PARAM [/usb_cam/video_device] by /roslaunch
[rosmaster.master][INFO] 2019-12-29 03:39:04,197: +PARAM [/rosdistro] by /roslaunch
[rosmaster.master][INFO] 2019-12-29 03:39:04,197: +PARAM [/whycon/targets] by /roslaunch
[rosmaster.master][INFO] 2019-12-29 03:39:04,197: +PARAM [/usb_cam/pixel_format] by /roslaunch
[rosmaster.master][INFO] 2019-12-29 03:39:04,198: +PARAM [/usb_cam/io_method] by /roslaunch
[rosmaster.master][INFO] 2019-12-29 03:39:04,198: +PARAM [/usb_cam/camera_frame_id] by /roslaunch
[rosmaster.master][INFO] 2019-12-29 03:39:04,198: +PARAM [/rosversion] by /roslaunch
[rosmaster.master][INFO] 2019-12-29 03:39:04,198: +PARAM [/whycon/outer_diameter] by /roslaunch
[rosmaster.master][INFO] 2019-12-29 03:39:04,199: +PARAM [/usb_cam/image_height] by /roslaunch
[rosmaster.master][INFO] 2019-12-29 03:39:04,199: +PARAM [/whycon/name] by /roslaunch
[rosmaster.master][INFO] 2019-12-29 03:39:04,199: +PARAM [/whycon/inner_diameter] by /roslaunch
[rosmaster.master][INFO] 2019-12-29 03:39:04,302: +PUB [/rosout] /usb_cam http://itachi-HP-Pavilion-Laptop-15-cc1xx:43099/
[rosmaster.master][INFO] 2019-12-29 03:39:04,303: +SERVICE [/usb_cam/get_loggers] /usb_cam http://itachi-HP-Pavilion-Laptop-15-cc1xx:43099/
[rosmaster.master][INFO] 2019-12-29 03:39:04,304: +SERVICE [/usb_cam/set_logger_level] /usb_cam http://itachi-HP-Pavilion-Laptop-15-cc1xx:43099/
[rosmaster.master][INFO] 2019-12-29 03:39:04,315: +PUB [/rosout] /usb_cam/image_proc http://itachi-HP-Pavilion-Laptop-15-cc1xx:33703/
[rosmaster.master][INFO] 2019-12-29 03:39:04,316: +SERVICE [/usb_cam/image_proc/get_loggers] /usb_cam/image_proc http://itachi-HP-Pavilion-Laptop-15-cc1xx:33703/
[rosmaster.master][INFO] 2019-12-29 03:39:04,317: +SERVICE [/usb_cam/image_proc/set_logger_level] /usb_cam/image_proc http://itachi-HP-Pavilion-Laptop-15-cc1xx:33703/
[rosmaster.master][INFO] 2019-12-29 03:39:04,323: +PUB [/rosout] /whycon http://itachi-HP-Pavilion-Laptop-15-cc1xx:34825/
[rosmaster.master][INFO] 2019-12-29 03:39:04,324: +SERVICE [/whycon/get_loggers] /whycon http://itachi-HP-Pavilion-Laptop-15-cc1xx:34825/
[rosmaster.master][INFO] 2019-12-29 03:39:04,324: +SERVICE [/whycon/set_logger_level] /whycon http://itachi-HP-Pavilion-Laptop-15-cc1xx:34825/
[rosmaster.master][INFO] 2019-12-29 03:39:04,327: publisherUpdate[/rosout] -> http://itachi-HP-Pavilion-Laptop-15-cc1xx:34177/ ['http://itachi-HP-Pavilion-Laptop-15-cc1xx:43099/']
[rosmaster.master][INFO] 2019-12-29 03:39:04,329: publisherUpdate[/rosout] -> http://itachi-HP-Pavilion-Laptop-15-cc1xx:34177/ ['http://itachi-HP-Pavilion-Laptop-15-cc1xx:43099/']: sec=0.00, result=[1, '', 0]
[rosmaster.master][INFO] 2019-12-29 03:39:04,330: publisherUpdate[/rosout] -> http://itachi-HP-Pavilion-Laptop-15-cc1xx:34177/ ['http://itachi-HP-Pavilion-Laptop-15-cc1xx:43099/', 'http://itachi-HP-Pavilion-Laptop-15-cc1xx:33703/']
[rosmaster.master][INFO] 2019-12-29 03:39:04,330: publisherUpdate[/rosout] -> http://itachi-HP-Pavilion-Laptop-15-cc1xx:34177/ ['http://itachi-HP-Pavilion-Laptop-15-cc1xx:43099/', 'http://itachi-HP-Pavilion-Laptop-15-cc1xx:33703/']: sec=0.00, result=[1, '', 0]
[rosmaster.master][INFO] 2019-12-29 03:39:04,331: publisherUpdate[/rosout] -> http://itachi-HP-Pavilion-Laptop-15-cc1xx:34177/ ['http://itachi-HP-Pavilion-Laptop-15-cc1xx:43099/', 'http://itachi-HP-Pavilion-Laptop-15-cc1xx:33703/', 'http://itachi-HP-Pavilion-Laptop-15-cc1xx:34825/']
[rosmaster.master][INFO] 2019-12-29 03:39:04,331: publisherUpdate[/rosout] -> http://itachi-HP-Pavilion-Laptop-15-cc1xx:34177/ ['http://itachi-HP-Pavilion-Laptop-15-cc1xx:43099/', 'http://itachi-HP-Pavilion-Laptop-15-cc1xx:33703/', 'http://itachi-HP-Pavilion-Laptop-15-cc1xx:34825/']: sec=0.00, result=[1, '', 0]
[rosmaster.master][INFO] 2019-12-29 03:39:04,334: +PUB [/rosout] /whycon_display/image_view http://itachi-HP-Pavilion-Laptop-15-cc1xx:39055/
[rosmaster.master][INFO] 2019-12-29 03:39:04,335: +SERVICE [/whycon_display/image_view/get_loggers] /whycon_display/image_view http://itachi-HP-Pavilion-Laptop-15-cc1xx:39055/
[rosmaster.master][INFO] 2019-12-29 03:39:04,335: +SERVICE [/whycon_display/image_view/set_logger_level] /whycon_display/image_view http://itachi-HP-Pavilion-Laptop-15-cc1xx:39055/
[rosmaster.master][INFO] 2019-12-29 03:39:04,347: +SERVICE [/usb_cam/image_proc_debayer/set_parameters] /usb_cam/image_proc http://itachi-HP-Pavilion-Laptop-15-cc1xx:33703/
[rosmaster.master][INFO] 2019-12-29 03:39:04,348: +PUB [/usb_cam/image_proc_debayer/parameter_descriptions] /usb_cam/image_proc http://itachi-HP-Pavilion-Laptop-15-cc1xx:33703/
[rosmaster.master][INFO] 2019-12-29 03:39:04,349: +PUB [/usb_cam/image_raw/compressedDepth] /usb_cam http://itachi-HP-Pavilion-Laptop-15-cc1xx:43099/
[rosmaster.master][INFO] 2019-12-29 03:39:04,349: +PUB [/usb_cam/image_proc_debayer/parameter_updates] /usb_cam/image_proc http://itachi-HP-Pavilion-Laptop-15-cc1xx:33703/
[rosmaster.master][INFO] 2019-12-29 03:39:04,350: +SERVICE [/usb_cam/image_raw/compressedDepth/set_parameters] /usb_cam http://itachi-HP-Pavilion-Laptop-15-cc1xx:43099/
[rosmaster.master][INFO] 2019-12-29 03:39:04,352: +PUB [/usb_cam/image_raw/compressedDepth/parameter_descriptions] /usb_cam http://itachi-HP-Pavilion-Laptop-15-cc1xx:43099/
[rosmaster.master][INFO] 2019-12-29 03:39:04,353: +PARAM [/usb_cam/image_proc_debayer/debayer] by /usb_cam/image_proc
[rosmaster.master][INFO] 2019-12-29 03:39:04,353: +PUB [/usb_cam/image_raw/compressedDepth/parameter_updates] /usb_cam http://itachi-HP-Pavilion-Laptop-15-cc1xx:43099/
[rosmaster.master][INFO] 2019-12-29 03:39:04,354: +PARAM [/usb_cam/image_proc_debayer/debayer] by /usb_cam/image_proc
[rosmaster.master][INFO] 2019-12-29 03:39:04,357: +PUB [/usb_cam/image_mono/compressedDepth] /usb_cam/image_proc http://itachi-HP-Pavilion-Laptop-15-cc1xx:33703/
[rosmaster.master][INFO] 2019-12-29 03:39:04,358: +PARAM [/usb_cam/image_raw/compressedDepth/depth_max] by /usb_cam
[rosmaster.master][INFO] 2019-12-29 03:39:04,359: +SERVICE [/usb_cam/image_mono/compressedDepth/set_parameters] /usb_cam/image_proc http://itachi-HP-Pavilion-Laptop-15-cc1xx:33703/
[rosmaster.master][INFO] 2019-12-29 03:39:04,360: +PARAM [/usb_cam/image_raw/compressedDepth/depth_quantization] by /usb_cam
[rosmaster.master][INFO] 2019-12-29 03:39:04,360: +PUB [/usb_cam/image_mono/compressedDepth/parameter_descriptions] /usb_cam/image_proc http://itachi-HP-Pavilion-Laptop-15-cc1xx:33703/
[rosmaster.master][INFO] 2019-12-29 03:39:04,361: +PARAM [/usb_cam/image_raw/compressedDepth/png_level] by /usb_cam
[rosmaster.master][INFO] 2019-12-29 03:39:04,362: +PUB [/usb_cam/image_mono/compressedDepth/parameter_updates] /usb_cam/image_proc http://itachi-HP-Pavilion-Laptop-15-cc1xx:33703/
[rosmaster.master][INFO] 2019-12-29 03:39:04,363: +PARAM [/usb_cam/image_raw/compressedDepth/depth_max] by /usb_cam
[rosmaster.master][INFO] 2019-12-29 03:39:04,364: +PARAM [/usb_cam/image_raw/compressedDepth/depth_quantization] by /usb_cam
[rosmaster.master][INFO] 2019-12-29 03:39:04,365: +PARAM [/usb_cam/image_raw/compressedDepth/png_level] by /usb_cam
[rosmaster.master][INFO] 2019-12-29 03:39:04,367: +PARAM [/usb_cam/image_mono/compressedDepth/depth_max] by /usb_cam/image_proc
[rosmaster.master][INFO] 2019-12-29 03:39:04,368: +PUB [/usb_cam/image_raw/compressed] /usb_cam http://itachi-HP-Pavilion-Laptop-15-cc1xx:43099/
[rosmaster.master][INFO] 2019-12-29 03:39:04,369: +PARAM [/usb_cam/image_mono/compressedDepth/depth_quantization] by /usb_cam/image_proc
[rosmaster.master][INFO] 2019-12-29 03:39:04,370: +PUB [/tf] /whycon http://itachi-HP-Pavilion-Laptop-15-cc1xx:34825/
[rosmaster.master][INFO] 2019-12-29 03:39:04,370: +SERVICE [/usb_cam/image_raw/compressed/set_parameters] /usb_cam http://itachi-HP-Pavilion-Laptop-15-cc1xx:43099/
[rosmaster.master][INFO] 2019-12-29 03:39:04,371: +PARAM [/usb_cam/image_mono/compressedDepth/png_level] by /usb_cam/image_proc
[rosmaster.master][INFO] 2019-12-29 03:39:04,372: +PUB [/usb_cam/image_raw/compressed/parameter_descriptions] /usb_cam http://itachi-HP-Pavilion-Laptop-15-cc1xx:43099/
[rosmaster.master][INFO] 2019-12-29 03:39:04,372: +PARAM [/usb_cam/image_mono/compressedDepth/depth_max] by /usb_cam/image_proc
[rosmaster.master][INFO] 2019-12-29 03:39:04,373: +PUB [/usb_cam/image_raw/compressed/parameter_updates] /usb_cam http://itachi-HP-Pavilion-Laptop-15-cc1xx:43099/
[rosmaster.master][INFO] 2019-12-29 03:39:04,374: +PARAM [/usb_cam/image_mono/compressedDepth/depth_quantization] by /usb_cam/image_proc
[rosmaster.master][INFO] 2019-12-29 03:39:04,377: +PARAM [/usb_cam/image_mono/compressedDepth/png_level] by /usb_cam/image_proc
[rosmaster.master][INFO] 2019-12-29 03:39:04,381: +PUB [/usb_cam/image_mono/compressed] /usb_cam/image_proc http://itachi-HP-Pavilion-Laptop-15-cc1xx:33703/
[rosmaster.master][INFO] 2019-12-29 03:39:04,381: +PARAM [/usb_cam/image_raw/compressed/format] by /usb_cam
[rosmaster.master][INFO] 2019-12-29 03:39:04,383: +SERVICE [/usb_cam/image_mono/compressed/set_parameters] /usb_cam/image_proc http://itachi-HP-Pavilion-Laptop-15-cc1xx:33703/
[rosmaster.master][INFO] 2019-12-29 03:39:04,383: +PARAM [/usb_cam/image_raw/compressed/jpeg_quality] by /usb_cam
[rosmaster.master][INFO] 2019-12-29 03:39:04,384: +SUB [/usb_cam/image_rect_color] /whycon http://itachi-HP-Pavilion-Laptop-15-cc1xx:34825/
[rosmaster.master][INFO] 2019-12-29 03:39:04,385: +PUB [/usb_cam/image_mono/compressed/parameter_descriptions] /usb_cam/image_proc http://itachi-HP-Pavilion-Laptop-15-cc1xx:33703/
[rosmaster.master][INFO] 2019-12-29 03:39:04,385: +PARAM [/usb_cam/image_raw/compressed/png_level] by /usb_cam
[rosmaster.master][INFO] 2019-12-29 03:39:04,387: +PUB [/usb_cam/image_mono/compressed/parameter_updates] /usb_cam/image_proc http://itachi-HP-Pavilion-Laptop-15-cc1xx:33703/
[rosmaster.master][INFO] 2019-12-29 03:39:04,388: +PARAM [/usb_cam/image_raw/compressed/format] by /usb_cam
[rosmaster.master][INFO] 2019-12-29 03:39:04,390: +PARAM [/usb_cam/image_raw/compressed/jpeg_quality] by /usb_cam
[rosmaster.master][INFO] 2019-12-29 03:39:04,392: +PARAM [/usb_cam/image_raw/compressed/png_level] by /usb_cam
[rosmaster.master][INFO] 2019-12-29 03:39:04,396: +PUB [/usb_cam/image_raw] /usb_cam http://itachi-HP-Pavilion-Laptop-15-cc1xx:43099/
[rosmaster.master][INFO] 2019-12-29 03:39:04,397: +PARAM [/usb_cam/image_mono/compressed/format] by /usb_cam/image_proc
[rosmaster.master][INFO] 2019-12-29 03:39:04,397: +SUB [/usb_cam/camera_info] /whycon http://itachi-HP-Pavilion-Laptop-15-cc1xx:34825/
[rosmaster.master][INFO] 2019-12-29 03:39:04,398: +PARAM [/usb_cam/image_mono/compressed/jpeg_quality] by /usb_cam/image_proc
[rosmaster.master][INFO] 2019-12-29 03:39:04,399: +PUB [/usb_cam/image_raw/theora] /usb_cam http://itachi-HP-Pavilion-Laptop-15-cc1xx:43099/
[rosmaster.master][INFO] 2019-12-29 03:39:04,399: +PUB [/whycon/image_out] /whycon http://itachi-HP-Pavilion-Laptop-15-cc1xx:34825/
[rosmaster.master][INFO] 2019-12-29 03:39:04,400: +PARAM [/usb_cam/image_mono/compressed/png_level] by /usb_cam/image_proc
[rosmaster.master][INFO] 2019-12-29 03:39:04,400: +SERVICE [/usb_cam/image_raw/theora/set_parameters] /usb_cam http://itachi-HP-Pavilion-Laptop-15-cc1xx:43099/
[rosmaster.master][INFO] 2019-12-29 03:39:04,401: +PUB [/whycon/poses] /whycon http://itachi-HP-Pavilion-Laptop-15-cc1xx:34825/
[rosmaster.master][INFO] 2019-12-29 03:39:04,402: +PARAM [/usb_cam/image_mono/compressed/format] by /usb_cam/image_proc
[rosmaster.master][INFO] 2019-12-29 03:39:04,403: +PUB [/usb_cam/image_raw/theora/parameter_descriptions] /usb_cam http://itachi-HP-Pavilion-Laptop-15-cc1xx:43099/
[rosmaster.master][INFO] 2019-12-29 03:39:04,404: +PUB [/whycon/context] /whycon http://itachi-HP-Pavilion-Laptop-15-cc1xx:34825/
[rosmaster.master][INFO] 2019-12-29 03:39:04,404: +PARAM [/usb_cam/image_mono/compressed/jpeg_quality] by /usb_cam/image_proc
[rosmaster.master][INFO] 2019-12-29 03:39:04,405: +PUB [/usb_cam/image_raw/theora/parameter_updates] /usb_cam http://itachi-HP-Pavilion-Laptop-15-cc1xx:43099/
[rosmaster.master][INFO] 2019-12-29 03:39:04,406: +PUB [/whycon/projection] /whycon http://itachi-HP-Pavilion-Laptop-15-cc1xx:34825/
[rosmaster.master][INFO] 2019-12-29 03:39:04,406: +PARAM [/usb_cam/image_mono/compressed/png_level] by /usb_cam/image_proc
[rosmaster.master][INFO] 2019-12-29 03:39:04,408: +SERVICE [/whycon/reset] /whycon http://itachi-HP-Pavilion-Laptop-15-cc1xx:34825/
[rosmaster.master][INFO] 2019-12-29 03:39:04,409: +PUB [/usb_cam/image_mono] /usb_cam/image_proc http://itachi-HP-Pavilion-Laptop-15-cc1xx:33703/
[rosmaster.master][INFO] 2019-12-29 03:39:04,410: +PARAM [/usb_cam/image_raw/theora/optimize_for] by /usb_cam
[rosmaster.master][INFO] 2019-12-29 03:39:04,411: +PUB [/usb_cam/image_mono/theora] /usb_cam/image_proc http://itachi-HP-Pavilion-Laptop-15-cc1xx:33703/
[rosmaster.master][INFO] 2019-12-29 03:39:04,411: +PARAM [/usb_cam/image_raw/theora/target_bitrate] by /usb_cam
[rosmaster.master][INFO] 2019-12-29 03:39:04,412: +SERVICE [/usb_cam/image_mono/theora/set_parameters] /usb_cam/image_proc http://itachi-HP-Pavilion-Laptop-15-cc1xx:33703/
[rosmaster.master][INFO] 2019-12-29 03:39:04,413: +PUB [/usb_cam/image_mono/theora/parameter_descriptions] /usb_cam/image_proc http://itachi-HP-Pavilion-Laptop-15-cc1xx:33703/
[rosmaster.master][INFO] 2019-12-29 03:39:04,413: +PARAM [/usb_cam/image_raw/theora/quality] by /usb_cam
[rosmaster.master][INFO] 2019-12-29 03:39:04,414: +PUB [/usb_cam/image_mono/theora/parameter_updates] /usb_cam/image_proc http://itachi-HP-Pavilion-Laptop-15-cc1xx:33703/
[rosmaster.master][INFO] 2019-12-29 03:39:04,414: +PARAM [/usb_cam/image_raw/theora/keyframe_frequency] by /usb_cam
[rosmaster.master][INFO] 2019-12-29 03:39:04,415: +PARAM [/usb_cam/image_raw/theora/optimize_for] by /usb_cam
[rosmaster.master][INFO] 2019-12-29 03:39:04,416: +PARAM [/usb_cam/image_raw/theora/target_bitrate] by /usb_cam
[rosmaster.master][INFO] 2019-12-29 03:39:04,417: +PARAM [/usb_cam/image_raw/theora/quality] by /usb_cam
[rosmaster.master][INFO] 2019-12-29 03:39:04,419: +PARAM [/usb_cam/image_raw/theora/keyframe_frequency] by /usb_cam
[rosmaster.master][INFO] 2019-12-29 03:39:04,419: +PARAM [/usb_cam/image_mono/theora/optimize_for] by /usb_cam/image_proc
[rosmaster.master][INFO] 2019-12-29 03:39:04,421: +PARAM [/usb_cam/image_mono/theora/target_bitrate] by /usb_cam/image_proc
[rosmaster.master][INFO] 2019-12-29 03:39:04,421: +PUB [/usb_cam/camera_info] /usb_cam http://itachi-HP-Pavilion-Laptop-15-cc1xx:43099/
[rosmaster.master][INFO] 2019-12-29 03:39:04,421: +PARAM [/usb_cam/image_mono/theora/quality] by /usb_cam/image_proc
[rosmaster.master][INFO] 2019-12-29 03:39:04,423: +PARAM [/usb_cam/image_mono/theora/keyframe_frequency] by /usb_cam/image_proc
[rosmaster.master][INFO] 2019-12-29 03:39:04,424: +PARAM [/usb_cam/image_mono/theora/optimize_for] by /usb_cam/image_proc
[rosmaster.master][INFO] 2019-12-29 03:39:04,425: +PARAM [/usb_cam/image_mono/theora/target_bitrate] by /usb_cam/image_proc
[rosmaster.master][INFO] 2019-12-29 03:39:04,426: +PARAM [/usb_cam/image_mono/theora/quality] by /usb_cam/image_proc
[rosmaster.master][INFO] 2019-12-29 03:39:04,427: +PARAM [/usb_cam/image_mono/theora/keyframe_frequency] by /usb_cam/image_proc
[rosmaster.master][INFO] 2019-12-29 03:39:04,427: publisherUpdate[/rosout] -> http://itachi-HP-Pavilion-Laptop-15-cc1xx:34177/ ['http://itachi-HP-Pavilion-Laptop-15-cc1xx:43099/', 'http://itachi-HP-Pavilion-Laptop-15-cc1xx:33703/', 'http://itachi-HP-Pavilion-Laptop-15-cc1xx:34825/', 'http://itachi-HP-Pavilion-Laptop-15-cc1xx:39055/']
[rosmaster.master][INFO] 2019-12-29 03:39:04,427: publisherUpdate[/usb_cam/camera_info] -> http://itachi-HP-Pavilion-Laptop-15-cc1xx:34825/ ['http://itachi-HP-Pavilion-Laptop-15-cc1xx:43099/']
[rosmaster.master][INFO] 2019-12-29 03:39:04,428: publisherUpdate[/rosout] -> http://itachi-HP-Pavilion-Laptop-15-cc1xx:34177/ ['http://itachi-HP-Pavilion-Laptop-15-cc1xx:43099/', 'http://itachi-HP-Pavilion-Laptop-15-cc1xx:33703/', 'http://itachi-HP-Pavilion-Laptop-15-cc1xx:34825/', 'http://itachi-HP-Pavilion-Laptop-15-cc1xx:39055/']: sec=0.00, result=[1, '', 0]
[rosmaster.master][INFO] 2019-12-29 03:39:04,429: publisherUpdate[/usb_cam/camera_info] -> http://itachi-HP-Pavilion-Laptop-15-cc1xx:34825/ ['http://itachi-HP-Pavilion-Laptop-15-cc1xx:43099/']: sec=0.00, result=[1, '', 0]
[rosmaster.master][INFO] 2019-12-29 03:39:04,430: +PUB [/usb_cam/image_color/compressedDepth] /usb_cam/image_proc http://itachi-HP-Pavilion-Laptop-15-cc1xx:33703/
[rosmaster.master][INFO] 2019-12-29 03:39:04,431: +SERVICE [/usb_cam/image_color/compressedDepth/set_parameters] /usb_cam/image_proc http://itachi-HP-Pavilion-Laptop-15-cc1xx:33703/
[rosmaster.master][INFO] 2019-12-29 03:39:04,432: +PUB [/usb_cam/image_color/compressedDepth/parameter_descriptions] /usb_cam/image_proc http://itachi-HP-Pavilion-Laptop-15-cc1xx:33703/
[rosmaster.master][INFO] 2019-12-29 03:39:04,433: +PUB [/usb_cam/image_color/compressedDepth/parameter_updates] /usb_cam/image_proc http://itachi-HP-Pavilion-Laptop-15-cc1xx:33703/
[rosmaster.master][INFO] 2019-12-29 03:39:04,437: +PARAM [/usb_cam/image_color/compressedDepth/depth_max] by /usb_cam/image_proc
[rosmaster.master][INFO] 2019-12-29 03:39:04,438: +PARAM [/usb_cam/image_color/compressedDepth/depth_quantization] by /usb_cam/image_proc
[rosmaster.master][INFO] 2019-12-29 03:39:04,439: +PARAM [/usb_cam/image_color/compressedDepth/png_level] by /usb_cam/image_proc
[rosmaster.master][INFO] 2019-12-29 03:39:04,441: +PARAM [/usb_cam/image_color/compressedDepth/depth_max] by /usb_cam/image_proc
[rosmaster.master][INFO] 2019-12-29 03:39:04,442: +PARAM [/usb_cam/image_color/compressedDepth/depth_quantization] by /usb_cam/image_proc
[rosmaster.master][INFO] 2019-12-29 03:39:04,444: +PARAM [/usb_cam/image_color/compressedDepth/png_level] by /usb_cam/image_proc
[rosmaster.master][INFO] 2019-12-29 03:39:04,445: +PUB [/usb_cam/image_color/compressed] /usb_cam/image_proc http://itachi-HP-Pavilion-Laptop-15-cc1xx:33703/
[rosmaster.master][INFO] 2019-12-29 03:39:04,447: +SERVICE [/usb_cam/set_camera_info] /usb_cam http://itachi-HP-Pavilion-Laptop-15-cc1xx:43099/
[rosmaster.master][INFO] 2019-12-29 03:39:04,448: +SERVICE [/usb_cam/image_color/compressed/set_parameters] /usb_cam/image_proc http://itachi-HP-Pavilion-Laptop-15-cc1xx:33703/
[rosmaster.master][INFO] 2019-12-29 03:39:04,450: +SERVICE [/usb_cam/start_capture] /usb_cam http://itachi-HP-Pavilion-Laptop-15-cc1xx:43099/
[rosmaster.master][INFO] 2019-12-29 03:39:04,451: +PUB [/usb_cam/image_color/compressed/parameter_descriptions] /usb_cam/image_proc http://itachi-HP-Pavilion-Laptop-15-cc1xx:33703/
[rosmaster.master][INFO] 2019-12-29 03:39:04,455: +SERVICE [/usb_cam/stop_capture] /usb_cam http://itachi-HP-Pavilion-Laptop-15-cc1xx:43099/
[rosmaster.master][INFO] 2019-12-29 03:39:04,456: +PUB [/usb_cam/image_color/compressed/parameter_updates] /usb_cam/image_proc http://itachi-HP-Pavilion-Laptop-15-cc1xx:33703/
[rosmaster.master][INFO] 2019-12-29 03:39:04,465: +PARAM [/usb_cam/image_color/compressed/format] by /usb_cam/image_proc
[rosmaster.master][INFO] 2019-12-29 03:39:04,467: +PARAM [/usb_cam/image_color/compressed/jpeg_quality] by /usb_cam/image_proc
[rosmaster.master][INFO] 2019-12-29 03:39:04,468: +PARAM [/usb_cam/image_color/compressed/png_level] by /usb_cam/image_proc
[rosmaster.master][INFO] 2019-12-29 03:39:04,469: +PARAM [/usb_cam/image_color/compressed/format] by /usb_cam/image_proc
[rosmaster.master][INFO] 2019-12-29 03:39:04,470: +PARAM [/usb_cam/image_color/compressed/jpeg_quality] by /usb_cam/image_proc
[rosmaster.master][INFO] 2019-12-29 03:39:04,470: +PARAM [/usb_cam/image_color/compressed/png_level] by /usb_cam/image_proc
[rosmaster.master][INFO] 2019-12-29 03:39:04,471: +PUB [/usb_cam/image_color] /usb_cam/image_proc http://itachi-HP-Pavilion-Laptop-15-cc1xx:33703/
[rosmaster.master][INFO] 2019-12-29 03:39:04,472: +PUB [/usb_cam/image_color/theora] /usb_cam/image_proc http://itachi-HP-Pavilion-Laptop-15-cc1xx:33703/
[rosmaster.master][INFO] 2019-12-29 03:39:04,473: +SERVICE [/usb_cam/image_color/theora/set_parameters] /usb_cam/image_proc http://itachi-HP-Pavilion-Laptop-15-cc1xx:33703/
[rosmaster.master][INFO] 2019-12-29 03:39:04,473: +PUB [/usb_cam/image_color/theora/parameter_descriptions] /usb_cam/image_proc http://itachi-HP-Pavilion-Laptop-15-cc1xx:33703/
[rosmaster.master][INFO] 2019-12-29 03:39:04,475: +PUB [/usb_cam/image_color/theora/parameter_updates] /usb_cam/image_proc http://itachi-HP-Pavilion-Laptop-15-cc1xx:33703/
[rosmaster.master][INFO] 2019-12-29 03:39:04,480: +PARAM [/usb_cam/image_color/theora/optimize_for] by /usb_cam/image_proc
[rosmaster.master][INFO] 2019-12-29 03:39:04,480: +PARAM [/usb_cam/image_color/theora/target_bitrate] by /usb_cam/image_proc
[rosmaster.master][INFO] 2019-12-29 03:39:04,481: +PARAM [/usb_cam/image_color/theora/quality] by /usb_cam/image_proc
[rosmaster.master][INFO] 2019-12-29 03:39:04,481: +PARAM [/usb_cam/image_color/theora/keyframe_frequency] by /usb_cam/image_proc
[rosmaster.master][INFO] 2019-12-29 03:39:04,482: +PARAM [/usb_cam/image_color/theora/optimize_for] by /usb_cam/image_proc
[rosmaster.master][INFO] 2019-12-29 03:39:04,483: +PARAM [/usb_cam/image_color/theora/target_bitrate] by /usb_cam/image_proc
[rosmaster.master][INFO] 2019-12-29 03:39:04,483: +PARAM [/usb_cam/image_color/theora/quality] by /usb_cam/image_proc
[rosmaster.master][INFO] 2019-12-29 03:39:04,484: +PARAM [/usb_cam/image_color/theora/keyframe_frequency] by /usb_cam/image_proc
[rosmaster.master][INFO] 2019-12-29 03:39:04,486: +SERVICE [/usb_cam/image_proc_rectify_mono/set_parameters] /usb_cam/image_proc http://itachi-HP-Pavilion-Laptop-15-cc1xx:33703/
[rosmaster.master][INFO] 2019-12-29 03:39:04,487: +PUB [/usb_cam/image_proc_rectify_mono/parameter_descriptions] /usb_cam/image_proc http://itachi-HP-Pavilion-Laptop-15-cc1xx:33703/
[rosmaster.master][INFO] 2019-12-29 03:39:04,487: +PUB [/usb_cam/image_proc_rectify_mono/parameter_updates] /usb_cam/image_proc http://itachi-HP-Pavilion-Laptop-15-cc1xx:33703/
[rosmaster.master][INFO] 2019-12-29 03:39:04,488: +PARAM [/usb_cam/image_proc_rectify_mono/interpolation] by /usb_cam/image_proc
[rosmaster.master][INFO] 2019-12-29 03:39:04,489: +PARAM [/usb_cam/image_proc_rectify_mono/interpolation] by /usb_cam/image_proc
[rosmaster.master][INFO] 2019-12-29 03:39:04,490: +PUB [/usb_cam/image_rect/compressedDepth] /usb_cam/image_proc http://itachi-HP-Pavilion-Laptop-15-cc1xx:33703/
[rosmaster.master][INFO] 2019-12-29 03:39:04,491: +SERVICE [/usb_cam/image_rect/compressedDepth/set_parameters] /usb_cam/image_proc http://itachi-HP-Pavilion-Laptop-15-cc1xx:33703/
[rosmaster.master][INFO] 2019-12-29 03:39:04,491: +PUB [/usb_cam/image_rect/compressedDepth/parameter_descriptions] /usb_cam/image_proc http://itachi-HP-Pavilion-Laptop-15-cc1xx:33703/
[rosmaster.master][INFO] 2019-12-29 03:39:04,492: +PUB [/usb_cam/image_rect/compressedDepth/parameter_updates] /usb_cam/image_proc http://itachi-HP-Pavilion-Laptop-15-cc1xx:33703/
[rosmaster.master][INFO] 2019-12-29 03:39:04,497: +PARAM [/usb_cam/image_rect/compressedDepth/depth_max] by /usb_cam/image_proc
[rosmaster.master][INFO] 2019-12-29 03:39:04,498: +PARAM [/usb_cam/image_rect/compressedDepth/depth_quantization] by /usb_cam/image_proc
[rosmaster.master][INFO] 2019-12-29 03:39:04,499: +PARAM [/usb_cam/image_rect/compressedDepth/png_level] by /usb_cam/image_proc
[rosmaster.master][INFO] 2019-12-29 03:39:04,500: +PARAM [/usb_cam/image_rect/compressedDepth/depth_max] by /usb_cam/image_proc
[rosmaster.master][INFO] 2019-12-29 03:39:04,501: +PARAM [/usb_cam/image_rect/compressedDepth/depth_quantization] by /usb_cam/image_proc
[rosmaster.master][INFO] 2019-12-29 03:39:04,502: +PARAM [/usb_cam/image_rect/compressedDepth/png_level] by /usb_cam/image_proc
[rosmaster.master][INFO] 2019-12-29 03:39:04,503: +SUB [/whycon/image_out] /whycon_display/image_view http://itachi-HP-Pavilion-Laptop-15-cc1xx:39055/
[rosmaster.master][INFO] 2019-12-29 03:39:04,503: +PUB [/usb_cam/image_rect/compressed] /usb_cam/image_proc http://itachi-HP-Pavilion-Laptop-15-cc1xx:33703/
[rosmaster.master][INFO] 2019-12-29 03:39:04,504: +PUB [/whycon_display/image_view/output] /whycon_display/image_view http://itachi-HP-Pavilion-Laptop-15-cc1xx:39055/
[rosmaster.master][INFO] 2019-12-29 03:39:04,505: +SERVICE [/usb_cam/image_rect/compressed/set_parameters] /usb_cam/image_proc http://itachi-HP-Pavilion-Laptop-15-cc1xx:33703/
[rosmaster.master][INFO] 2019-12-29 03:39:04,505: +SERVICE [/whycon_display/image_view/set_parameters] /whycon_display/image_view http://itachi-HP-Pavilion-Laptop-15-cc1xx:39055/
[rosmaster.master][INFO] 2019-12-29 03:39:04,506: +PUB [/usb_cam/image_rect/compressed/parameter_descriptions] /usb_cam/image_proc http://itachi-HP-Pavilion-Laptop-15-cc1xx:33703/
[rosmaster.master][INFO] 2019-12-29 03:39:04,506: +PUB [/whycon_display/image_view/parameter_descriptions] /whycon_display/image_view http://itachi-HP-Pavilion-Laptop-15-cc1xx:39055/
[rosmaster.master][INFO] 2019-12-29 03:39:04,507: +PUB [/usb_cam/image_rect/compressed/parameter_updates] /usb_cam/image_proc http://itachi-HP-Pavilion-Laptop-15-cc1xx:33703/
[rosmaster.master][INFO] 2019-12-29 03:39:04,508: +PUB [/whycon_display/image_view/parameter_updates] /whycon_display/image_view http://itachi-HP-Pavilion-Laptop-15-cc1xx:39055/
[rosmaster.master][INFO] 2019-12-29 03:39:04,514: +PARAM [/usb_cam/image_rect/compressed/format] by /usb_cam/image_proc
[rosmaster.master][INFO] 2019-12-29 03:39:04,515: +PARAM [/usb_cam/image_rect/compressed/jpeg_quality] by /usb_cam/image_proc
[rosmaster.master][INFO] 2019-12-29 03:39:04,516: +PARAM [/whycon_display/image_view/do_dynamic_scaling] by /whycon_display/image_view
[rosmaster.master][INFO] 2019-12-29 03:39:04,517: +PARAM [/usb_cam/image_rect/compressed/png_level] by /usb_cam/image_proc
[rosmaster.master][INFO] 2019-12-29 03:39:04,517: +PARAM [/whycon_display/image_view/colormap] by /whycon_display/image_view
[rosmaster.master][INFO] 2019-12-29 03:39:04,518: +PARAM [/usb_cam/image_rect/compressed/format] by /usb_cam/image_proc
[rosmaster.master][INFO] 2019-12-29 03:39:04,519: +PARAM [/whycon_display/image_view/min_image_value] by /whycon_display/image_view
[rosmaster.master][INFO] 2019-12-29 03:39:04,520: +PARAM [/usb_cam/image_rect/compressed/jpeg_quality] by /usb_cam/image_proc
[rosmaster.master][INFO] 2019-12-29 03:39:04,520: +PARAM [/whycon_display/image_view/max_image_value] by /whycon_display/image_view
[rosmaster.master][INFO] 2019-12-29 03:39:04,521: +PARAM [/usb_cam/image_rect/compressed/png_level] by /usb_cam/image_proc
[rosmaster.master][INFO] 2019-12-29 03:39:04,521: +PARAM [/whycon_display/image_view/do_dynamic_scaling] by /whycon_display/image_view
[rosmaster.master][INFO] 2019-12-29 03:39:04,522: +PARAM [/whycon_display/image_view/colormap] by /whycon_display/image_view
[rosmaster.master][INFO] 2019-12-29 03:39:04,523: +PUB [/usb_cam/image_rect] /usb_cam/image_proc http://itachi-HP-Pavilion-Laptop-15-cc1xx:33703/
[rosmaster.master][INFO] 2019-12-29 03:39:04,523: +PARAM [/whycon_display/image_view/min_image_value] by /whycon_display/image_view
[rosmaster.master][INFO] 2019-12-29 03:39:04,524: +PUB [/usb_cam/image_rect/theora] /usb_cam/image_proc http://itachi-HP-Pavilion-Laptop-15-cc1xx:33703/
[rosmaster.master][INFO] 2019-12-29 03:39:04,525: +PARAM [/whycon_display/image_view/max_image_value] by /whycon_display/image_view
[rosmaster.master][INFO] 2019-12-29 03:39:04,526: +SERVICE [/usb_cam/image_rect/theora/set_parameters] /usb_cam/image_proc http://itachi-HP-Pavilion-Laptop-15-cc1xx:33703/
[rosmaster.master][INFO] 2019-12-29 03:39:04,528: +PUB [/usb_cam/image_rect/theora/parameter_descriptions] /usb_cam/image_proc http://itachi-HP-Pavilion-Laptop-15-cc1xx:33703/
[rosmaster.master][INFO] 2019-12-29 03:39:04,528: +PUB [/usb_cam/image_rect/theora/parameter_updates] /usb_cam/image_proc http://itachi-HP-Pavilion-Laptop-15-cc1xx:33703/
[rosmaster.master][INFO] 2019-12-29 03:39:04,531: +PARAM [/usb_cam/image_rect/theora/optimize_for] by /usb_cam/image_proc
[rosmaster.master][INFO] 2019-12-29 03:39:04,532: +PARAM [/usb_cam/image_rect/theora/target_bitrate] by /usb_cam/image_proc
[rosmaster.master][INFO] 2019-12-29 03:39:04,533: +PARAM [/usb_cam/image_rect/theora/quality] by /usb_cam/image_proc
[rosmaster.master][INFO] 2019-12-29 03:39:04,533: +PARAM [/usb_cam/image_rect/theora/keyframe_frequency] by /usb_cam/image_proc
[rosmaster.master][INFO] 2019-12-29 03:39:04,534: +PARAM [/usb_cam/image_rect/theora/optimize_for] by /usb_cam/image_proc
[rosmaster.master][INFO] 2019-12-29 03:39:04,535: +PARAM [/usb_cam/image_rect/theora/target_bitrate] by /usb_cam/image_proc
[rosmaster.master][INFO] 2019-12-29 03:39:04,535: +PARAM [/usb_cam/image_rect/theora/quality] by /usb_cam/image_proc
[rosmaster.master][INFO] 2019-12-29 03:39:04,536: +PARAM [/usb_cam/image_rect/theora/keyframe_frequency] by /usb_cam/image_proc
[rosmaster.master][INFO] 2019-12-29 03:39:04,538: +SERVICE [/usb_cam/image_proc_rectify_color/set_parameters] /usb_cam/image_proc http://itachi-HP-Pavilion-Laptop-15-cc1xx:33703/
[rosmaster.master][INFO] 2019-12-29 03:39:04,539: +PUB [/usb_cam/image_proc_rectify_color/parameter_descriptions] /usb_cam/image_proc http://itachi-HP-Pavilion-Laptop-15-cc1xx:33703/
[rosmaster.master][INFO] 2019-12-29 03:39:04,540: +PUB [/usb_cam/image_proc_rectify_color/parameter_updates] /usb_cam/image_proc http://itachi-HP-Pavilion-Laptop-15-cc1xx:33703/
[rosmaster.master][INFO] 2019-12-29 03:39:04,541: +PARAM [/usb_cam/image_proc_rectify_color/interpolation] by /usb_cam/image_proc
[rosmaster.master][INFO] 2019-12-29 03:39:04,541: +PARAM [/usb_cam/image_proc_rectify_color/interpolation] by /usb_cam/image_proc
[rosmaster.master][INFO] 2019-12-29 03:39:04,543: +PUB [/usb_cam/image_rect_color/compressedDepth] /usb_cam/image_proc http://itachi-HP-Pavilion-Laptop-15-cc1xx:33703/
[rosmaster.master][INFO] 2019-12-29 03:39:04,544: +SERVICE [/usb_cam/image_rect_color/compressedDepth/set_parameters] /usb_cam/image_proc http://itachi-HP-Pavilion-Laptop-15-cc1xx:33703/
[rosmaster.master][INFO] 2019-12-29 03:39:04,545: +PUB [/usb_cam/image_rect_color/compressedDepth/parameter_descriptions] /usb_cam/image_proc http://itachi-HP-Pavilion-Laptop-15-cc1xx:33703/
[rosmaster.master][INFO] 2019-12-29 03:39:04,545: +PUB [/usb_cam/image_rect_color/compressedDepth/parameter_updates] /usb_cam/image_proc http://itachi-HP-Pavilion-Laptop-15-cc1xx:33703/
[rosmaster.master][INFO] 2019-12-29 03:39:04,547: +PARAM [/usb_cam/image_rect_color/compressedDepth/depth_max] by /usb_cam/image_proc
[rosmaster.master][INFO] 2019-12-29 03:39:04,548: +PARAM [/usb_cam/image_rect_color/compressedDepth/depth_quantization] by /usb_cam/image_proc
[rosmaster.master][INFO] 2019-12-29 03:39:04,549: +PARAM [/usb_cam/image_rect_color/compressedDepth/png_level] by /usb_cam/image_proc
[rosmaster.master][INFO] 2019-12-29 03:39:04,549: +PARAM [/usb_cam/image_rect_color/compressedDepth/depth_max] by /usb_cam/image_proc
[rosmaster.master][INFO] 2019-12-29 03:39:04,550: +PARAM [/usb_cam/image_rect_color/compressedDepth/depth_quantization] by /usb_cam/image_proc
[rosmaster.master][INFO] 2019-12-29 03:39:04,551: +PARAM [/usb_cam/image_rect_color/compressedDepth/png_level] by /usb_cam/image_proc
[rosmaster.master][INFO] 2019-12-29 03:39:04,551: +PUB [/usb_cam/image_rect_color/compressed] /usb_cam/image_proc http://itachi-HP-Pavilion-Laptop-15-cc1xx:33703/
[rosmaster.master][INFO] 2019-12-29 03:39:04,552: +SERVICE [/usb_cam/image_rect_color/compressed/set_parameters] /usb_cam/image_proc http://itachi-HP-Pavilion-Laptop-15-cc1xx:33703/
[rosmaster.master][INFO] 2019-12-29 03:39:04,553: +PUB [/usb_cam/image_rect_color/compressed/parameter_descriptions] /usb_cam/image_proc http://itachi-HP-Pavilion-Laptop-15-cc1xx:33703/
[rosmaster.master][INFO] 2019-12-29 03:39:04,553: +PUB [/usb_cam/image_rect_color/compressed/parameter_updates] /usb_cam/image_proc http://itachi-HP-Pavilion-Laptop-15-cc1xx:33703/
[rosmaster.master][INFO] 2019-12-29 03:39:04,555: +PARAM [/usb_cam/image_rect_color/compressed/format] by /usb_cam/image_proc
[rosmaster.master][INFO] 2019-12-29 03:39:04,556: +PARAM [/usb_cam/image_rect_color/compressed/jpeg_quality] by /usb_cam/image_proc
[rosmaster.master][INFO] 2019-12-29 03:39:04,557: +PARAM [/usb_cam/image_rect_color/compressed/png_level] by /usb_cam/image_proc
[rosmaster.master][INFO] 2019-12-29 03:39:04,557: +PARAM [/usb_cam/image_rect_color/compressed/format] by /usb_cam/image_proc
[rosmaster.master][INFO] 2019-12-29 03:39:04,558: +PARAM [/usb_cam/image_rect_color/compressed/jpeg_quality] by /usb_cam/image_proc
[rosmaster.master][INFO] 2019-12-29 03:39:04,558: +PARAM [/usb_cam/image_rect_color/compressed/png_level] by /usb_cam/image_proc
[rosmaster.master][INFO] 2019-12-29 03:39:04,560: +PUB [/usb_cam/image_rect_color] /usb_cam/image_proc http://itachi-HP-Pavilion-Laptop-15-cc1xx:33703/
[rosmaster.master][INFO] 2019-12-29 03:39:04,561: +PUB [/usb_cam/image_rect_color/theora] /usb_cam/image_proc http://itachi-HP-Pavilion-Laptop-15-cc1xx:33703/
[rosmaster.master][INFO] 2019-12-29 03:39:04,562: +SERVICE [/usb_cam/image_rect_color/theora/set_parameters] /usb_cam/image_proc http://itachi-HP-Pavilion-Laptop-15-cc1xx:33703/
[rosmaster.master][INFO] 2019-12-29 03:39:04,562: +PUB [/usb_cam/image_rect_color/theora/parameter_descriptions] /usb_cam/image_proc http://itachi-HP-Pavilion-Laptop-15-cc1xx:33703/
[rosmaster.master][INFO] 2019-12-29 03:39:04,563: +PUB [/usb_cam/image_rect_color/theora/parameter_updates] /usb_cam/image_proc http://itachi-HP-Pavilion-Laptop-15-cc1xx:33703/
[rosmaster.master][INFO] 2019-12-29 03:39:04,566: +PARAM [/usb_cam/image_rect_color/theora/optimize_for] by /usb_cam/image_proc
[rosmaster.master][INFO] 2019-12-29 03:39:04,566: +PARAM [/usb_cam/image_rect_color/theora/target_bitrate] by /usb_cam/image_proc
[rosmaster.master][INFO] 2019-12-29 03:39:04,567: +PARAM [/usb_cam/image_rect_color/theora/quality] by /usb_cam/image_proc
[rosmaster.master][INFO] 2019-12-29 03:39:04,567: +PARAM [/usb_cam/image_rect_color/theora/keyframe_frequency] by /usb_cam/image_proc
[rosmaster.master][INFO] 2019-12-29 03:39:04,568: +PARAM [/usb_cam/image_rect_color/theora/optimize_for] by /usb_cam/image_proc
[rosmaster.master][INFO] 2019-12-29 03:39:04,569: +PARAM [/usb_cam/image_rect_color/theora/target_bitrate] by /usb_cam/image_proc
[rosmaster.master][INFO] 2019-12-29 03:39:04,569: +PARAM [/usb_cam/image_rect_color/theora/quality] by /usb_cam/image_proc
[rosmaster.master][INFO] 2019-12-29 03:39:04,570: +PARAM [/usb_cam/image_rect_color/theora/keyframe_frequency] by /usb_cam/image_proc
[rosmaster.master][INFO] 2019-12-29 03:39:04,629: publisherUpdate[/usb_cam/image_rect_color] -> http://itachi-HP-Pavilion-Laptop-15-cc1xx:34825/ ['http://itachi-HP-Pavilion-Laptop-15-cc1xx:33703/']
[rosmaster.master][INFO] 2019-12-29 03:39:04,631: publisherUpdate[/usb_cam/image_rect_color] -> http://itachi-HP-Pavilion-Laptop-15-cc1xx:34825/ ['http://itachi-HP-Pavilion-Laptop-15-cc1xx:33703/']: sec=0.00, result=[1, '', 0]
[rosmaster.master][INFO] 2019-12-29 03:39:04,845: +SUB [/usb_cam/image_color] /usb_cam/image_proc http://itachi-HP-Pavilion-Laptop-15-cc1xx:33703/
[rosmaster.master][INFO] 2019-12-29 03:39:04,858: +SUB [/usb_cam/camera_info] /usb_cam/image_proc http://itachi-HP-Pavilion-Laptop-15-cc1xx:33703/
[rosmaster.master][INFO] 2019-12-29 03:39:04,869: +SUB [/usb_cam/image_raw] /usb_cam/image_proc http://itachi-HP-Pavilion-Laptop-15-cc1xx:33703/
[rosmaster.master][INFO] 2019-12-29 03:39:05,771: +PUB [/rosout] /DroneNode http://itachi-HP-Pavilion-Laptop-15-cc1xx:45175/
[rosmaster.master][INFO] 2019-12-29 03:39:05,771: +SERVICE [/DroneNode/get_loggers] /DroneNode http://itachi-HP-Pavilion-Laptop-15-cc1xx:45175/
[rosmaster.master][INFO] 2019-12-29 03:39:05,772: +SERVICE [/DroneNode/set_logger_level] /DroneNode http://itachi-HP-Pavilion-Laptop-15-cc1xx:45175/
[rosmaster.master][INFO] 2019-12-29 03:39:05,775: +SUB [/drone_command] /DroneNode http://itachi-HP-Pavilion-Laptop-15-cc1xx:45175/
[rosmaster.master][INFO] 2019-12-29 03:39:05,832: publisherUpdate[/rosout] -> http://itachi-HP-Pavilion-Laptop-15-cc1xx:34177/ ['http://itachi-HP-Pavilion-Laptop-15-cc1xx:43099/', 'http://itachi-HP-Pavilion-Laptop-15-cc1xx:33703/', 'http://itachi-HP-Pavilion-Laptop-15-cc1xx:34825/', 'http://itachi-HP-Pavilion-Laptop-15-cc1xx:39055/', 'http://itachi-HP-Pavilion-Laptop-15-cc1xx:45175/']
[rosmaster.master][INFO] 2019-12-29 03:39:05,833: publisherUpdate[/rosout] -> http://itachi-HP-Pavilion-Laptop-15-cc1xx:34177/ ['http://itachi-HP-Pavilion-Laptop-15-cc1xx:43099/', 'http://itachi-HP-Pavilion-Laptop-15-cc1xx:33703/', 'http://itachi-HP-Pavilion-Laptop-15-cc1xx:34825/', 'http://itachi-HP-Pavilion-Laptop-15-cc1xx:39055/', 'http://itachi-HP-Pavilion-Laptop-15-cc1xx:45175/']: sec=0.00, result=[1, '', 0]
[rosmaster.master][INFO] 2019-12-29 03:39:10,336: +PUB [/rosout] /drone_control http://itachi-HP-Pavilion-Laptop-15-cc1xx:38407/
[rosmaster.master][INFO] 2019-12-29 03:39:10,340: +SERVICE [/drone_control/get_loggers] /drone_control http://itachi-HP-Pavilion-Laptop-15-cc1xx:38407/
[rosmaster.master][INFO] 2019-12-29 03:39:10,342: +SERVICE [/drone_control/set_logger_level] /drone_control http://itachi-HP-Pavilion-Laptop-15-cc1xx:38407/
[rosmaster.master][INFO] 2019-12-29 03:39:10,342: publisherUpdate[/rosout] -> http://itachi-HP-Pavilion-Laptop-15-cc1xx:34177/ ['http://itachi-HP-Pavilion-Laptop-15-cc1xx:43099/', 'http://itachi-HP-Pavilion-Laptop-15-cc1xx:33703/', 'http://itachi-HP-Pavilion-Laptop-15-cc1xx:34825/', 'http://itachi-HP-Pavilion-Laptop-15-cc1xx:39055/', 'http://itachi-HP-Pavilion-Laptop-15-cc1xx:45175/', 'http://itachi-HP-Pavilion-Laptop-15-cc1xx:38407/']
[rosmaster.master][INFO] 2019-12-29 03:39:10,343: publisherUpdate[/rosout] -> http://itachi-HP-Pavilion-Laptop-15-cc1xx:34177/ ['http://itachi-HP-Pavilion-Laptop-15-cc1xx:43099/', 'http://itachi-HP-Pavilion-Laptop-15-cc1xx:33703/', 'http://itachi-HP-Pavilion-Laptop-15-cc1xx:34825/', 'http://itachi-HP-Pavilion-Laptop-15-cc1xx:39055/', 'http://itachi-HP-Pavilion-Laptop-15-cc1xx:45175/', 'http://itachi-HP-Pavilion-Laptop-15-cc1xx:38407/']: sec=0.00, result=[1, '', 0]
[rosmaster.master][INFO] 2019-12-29 03:39:10,343: +PUB [/drone_command] /drone_control http://itachi-HP-Pavilion-Laptop-15-cc1xx:38407/
[rosmaster.master][INFO] 2019-12-29 03:39:10,343: publisherUpdate[/drone_command] -> http://itachi-HP-Pavilion-Laptop-15-cc1xx:45175/ ['http://itachi-HP-Pavilion-Laptop-15-cc1xx:38407/']
[rosmaster.master][INFO] 2019-12-29 03:39:10,345: publisherUpdate[/drone_command] -> http://itachi-HP-Pavilion-Laptop-15-cc1xx:45175/ ['http://itachi-HP-Pavilion-Laptop-15-cc1xx:38407/']: sec=0.00, result=[1, '', 0]
[rosmaster.master][INFO] 2019-12-29 03:39:10,346: +PUB [/alt_error] /drone_control http://itachi-HP-Pavilion-Laptop-15-cc1xx:38407/
[rosmaster.master][INFO] 2019-12-29 03:39:10,349: +PUB [/pitch_error] /drone_control http://itachi-HP-Pavilion-Laptop-15-cc1xx:38407/
[rosmaster.master][INFO] 2019-12-29 03:39:10,354: +PUB [/roll_error] /drone_control http://itachi-HP-Pavilion-Laptop-15-cc1xx:38407/
[rosmaster.master][INFO] 2019-12-29 03:39:10,356: +PUB [/error_sample] /drone_control http://itachi-HP-Pavilion-Laptop-15-cc1xx:38407/
[rosmaster.master][INFO] 2019-12-29 03:39:10,360: +PUB [/error_sample1] /drone_control http://itachi-HP-Pavilion-Laptop-15-cc1xx:38407/
[rosmaster.master][INFO] 2019-12-29 03:39:10,361: +PUB [/error_sample2] /drone_control http://itachi-HP-Pavilion-Laptop-15-cc1xx:38407/
[rosmaster.master][INFO] 2019-12-29 03:39:10,362: +PUB [/error_sample3] /drone_control http://itachi-HP-Pavilion-Laptop-15-cc1xx:38407/
[rosmaster.master][INFO] 2019-12-29 03:39:10,366: +SUB [/whycon/poses] /drone_control http://itachi-HP-Pavilion-Laptop-15-cc1xx:38407/
[rosmaster.master][INFO] 2019-12-29 03:39:10,368: +SUB [/pid_tuning_altitude] /drone_control http://itachi-HP-Pavilion-Laptop-15-cc1xx:38407/
[rosmaster.master][INFO] 2019-12-29 03:39:10,371: +SUB [/pid_tuning_pitch] /drone_control http://itachi-HP-Pavilion-Laptop-15-cc1xx:38407/
[rosmaster.master][INFO] 2019-12-29 03:39:10,374: +SUB [/pid_tuning_roll] /drone_control http://itachi-HP-Pavilion-Laptop-15-cc1xx:38407/
[rosmaster.master][INFO] 2019-12-29 03:40:30,906: -PUB [/rosout] /DroneNode http://itachi-HP-Pavilion-Laptop-15-cc1xx:45175/
[rosmaster.master][INFO] 2019-12-29 03:40:30,907: -SUB [/drone_command] /DroneNode http://itachi-HP-Pavilion-Laptop-15-cc1xx:45175/
[rosmaster.master][INFO] 2019-12-29 03:40:30,908: -SERVICE [/DroneNode/get_loggers] /DroneNode rosrpc://itachi-HP-Pavilion-Laptop-15-cc1xx:41563
[rosmaster.master][INFO] 2019-12-29 03:40:30,909: -SERVICE [/DroneNode/set_logger_level] /DroneNode rosrpc://itachi-HP-Pavilion-Laptop-15-cc1xx:41563
[rosmaster.master][INFO] 2019-12-29 03:40:30,921: publisherUpdate[/rosout] -> http://itachi-HP-Pavilion-Laptop-15-cc1xx:34177/ ['http://itachi-HP-Pavilion-Laptop-15-cc1xx:43099/', 'http://itachi-HP-Pavilion-Laptop-15-cc1xx:33703/', 'http://itachi-HP-Pavilion-Laptop-15-cc1xx:34825/', 'http://itachi-HP-Pavilion-Laptop-15-cc1xx:39055/', 'http://itachi-HP-Pavilion-Laptop-15-cc1xx:38407/']
[rosmaster.master][INFO] 2019-12-29 03:40:30,924: publisherUpdate[/rosout] -> http://itachi-HP-Pavilion-Laptop-15-cc1xx:34177/ ['http://itachi-HP-Pavilion-Laptop-15-cc1xx:43099/', 'http://itachi-HP-Pavilion-Laptop-15-cc1xx:33703/', 'http://itachi-HP-Pavilion-Laptop-15-cc1xx:34825/', 'http://itachi-HP-Pavilion-Laptop-15-cc1xx:39055/', 'http://itachi-HP-Pavilion-Laptop-15-cc1xx:38407/']: sec=0.00, result=[1, '', 0]
[rosmaster.master][INFO] 2019-12-29 03:40:31,988: -SUB [/pid_tuning_pitch] /drone_control http://itachi-HP-Pavilion-Laptop-15-cc1xx:38407/
[rosmaster.master][INFO] 2019-12-29 03:40:31,988: -SUB [/pid_tuning_roll] /drone_control http://itachi-HP-Pavilion-Laptop-15-cc1xx:38407/
[rosmaster.master][INFO] 2019-12-29 03:40:31,988: -SUB [/whycon/poses] /drone_control http://itachi-HP-Pavilion-Laptop-15-cc1xx:38407/
[rosmaster.master][INFO] 2019-12-29 03:40:31,988: -SUB [/pid_tuning_altitude] /drone_control http://itachi-HP-Pavilion-Laptop-15-cc1xx:38407/
[rosmaster.master][INFO] 2019-12-29 03:40:31,988: -PUB [/pitch_error] /drone_control http://itachi-HP-Pavilion-Laptop-15-cc1xx:38407/
[rosmaster.master][INFO] 2019-12-29 03:40:31,989: -PUB [/rosout] /drone_control http://itachi-HP-Pavilion-Laptop-15-cc1xx:38407/
[rosmaster.master][INFO] 2019-12-29 03:40:31,989: -PUB [/alt_error] /drone_control http://itachi-HP-Pavilion-Laptop-15-cc1xx:38407/
[rosmaster.master][INFO] 2019-12-29 03:40:31,989: -PUB [/drone_command] /drone_control http://itachi-HP-Pavilion-Laptop-15-cc1xx:38407/
[rosmaster.master][INFO] 2019-12-29 03:40:31,989: -PUB [/error_sample2] /drone_control http://itachi-HP-Pavilion-Laptop-15-cc1xx:38407/
[rosmaster.master][INFO] 2019-12-29 03:40:31,989: -PUB [/error_sample] /drone_control http://itachi-HP-Pavilion-Laptop-15-cc1xx:38407/
[rosmaster.master][INFO] 2019-12-29 03:40:31,989: -PUB [/error_sample1] /drone_control http://itachi-HP-Pavilion-Laptop-15-cc1xx:38407/
[rosmaster.master][INFO] 2019-12-29 03:40:31,989: -PUB [/roll_error] /drone_control http://itachi-HP-Pavilion-Laptop-15-cc1xx:38407/
[rosmaster.master][INFO] 2019-12-29 03:40:31,989: -PUB [/error_sample3] /drone_control http://itachi-HP-Pavilion-Laptop-15-cc1xx:38407/
[rosmaster.master][INFO] 2019-12-29 03:40:31,989: -SERVICE [/drone_control/get_loggers] /drone_control rosrpc://itachi-HP-Pavilion-Laptop-15-cc1xx:46347
[rosmaster.master][INFO] 2019-12-29 03:40:31,989: -SERVICE [/drone_control/set_logger_level] /drone_control rosrpc://itachi-HP-Pavilion-Laptop-15-cc1xx:46347
[rosmaster.master][INFO] 2019-12-29 03:40:32,028: publisherUpdate[/rosout] -> http://itachi-HP-Pavilion-Laptop-15-cc1xx:34177/ ['http://itachi-HP-Pavilion-Laptop-15-cc1xx:43099/', 'http://itachi-HP-Pavilion-Laptop-15-cc1xx:33703/', 'http://itachi-HP-Pavilion-Laptop-15-cc1xx:34825/', 'http://itachi-HP-Pavilion-Laptop-15-cc1xx:39055/']
[rosmaster.master][INFO] 2019-12-29 03:40:32,029: publisherUpdate[/rosout] -> http://itachi-HP-Pavilion-Laptop-15-cc1xx:34177/ ['http://itachi-HP-Pavilion-Laptop-15-cc1xx:43099/', 'http://itachi-HP-Pavilion-Laptop-15-cc1xx:33703/', 'http://itachi-HP-Pavilion-Laptop-15-cc1xx:34825/', 'http://itachi-HP-Pavilion-Laptop-15-cc1xx:39055/']: sec=0.00, result=[1, '', 0]
[rosmaster.master][INFO] 2019-12-29 03:40:33,935: -PUB [/rosout_agg] /rosout http://itachi-HP-Pavilion-Laptop-15-cc1xx:34177/
[rosmaster.master][INFO] 2019-12-29 03:40:33,936: -SUB [/rosout] /rosout http://itachi-HP-Pavilion-Laptop-15-cc1xx:34177/
[rosmaster.master][INFO] 2019-12-29 03:40:33,938: -SERVICE [/rosout/get_loggers] /rosout rosrpc://itachi-HP-Pavilion-Laptop-15-cc1xx:38287
[rosmaster.master][INFO] 2019-12-29 03:40:33,939: -SERVICE [/rosout/set_logger_level] /rosout rosrpc://itachi-HP-Pavilion-Laptop-15-cc1xx:38287
[rosmaster.main][INFO] 2019-12-29 03:40:34,020: keyboard interrupt, will exit
[rosmaster.main][INFO] 2019-12-29 03:40:34,020: stopping master...
[rospy.core][INFO] 2019-12-29 03:40:34,021: signal_shutdown [atexit]
