[rosmaster.main][INFO] 2020-01-30 18:18:00,535: initialization complete, waiting for shutdown
[rosmaster.main][INFO] 2020-01-30 18:18:00,536: Starting ROS Master Node
[xmlrpc][INFO] 2020-01-30 18:18:00,536: XML-RPC server binding to 0.0.0.0:11311
[xmlrpc][INFO] 2020-01-30 18:18:00,537: Started XML-RPC server [http://itachi-HP-Pavilion-Laptop-15-cc1xx:11311/]
[rosmaster.master][INFO] 2020-01-30 18:18:00,537: Master initialized: port[11311], uri[http://itachi-HP-Pavilion-Laptop-15-cc1xx:11311/]
[xmlrpc][INFO] 2020-01-30 18:18:00,537: xml rpc node: starting XML-RPC server
[rosmaster.master][INFO] 2020-01-30 18:18:00,597: +PARAM [/run_id] by /roslaunch
[rosmaster.master][INFO] 2020-01-30 18:18:00,599: +PARAM [/roslaunch/uris/host_itachi_hp_pavilion_laptop_15_cc1xx__38439] by /roslaunch
[rosmaster.master][INFO] 2020-01-30 18:18:00,692: +PARAM [/usb_cam/image_width] by /roslaunch
[rosmaster.master][INFO] 2020-01-30 18:18:00,692: +PARAM [/usb_cam/video_device] by /roslaunch
[rosmaster.master][INFO] 2020-01-30 18:18:00,692: +PARAM [/rosdistro] by /roslaunch
[rosmaster.master][INFO] 2020-01-30 18:18:00,692: +PARAM [/whycon/targets] by /roslaunch
[rosmaster.master][INFO] 2020-01-30 18:18:00,693: +PARAM [/usb_cam/pixel_format] by /roslaunch
[rosmaster.master][INFO] 2020-01-30 18:18:00,693: +PARAM [/usb_cam/io_method] by /roslaunch
[rosmaster.master][INFO] 2020-01-30 18:18:00,693: +PARAM [/usb_cam/camera_frame_id] by /roslaunch
[rosmaster.master][INFO] 2020-01-30 18:18:00,693: +PARAM [/rosversion] by /roslaunch
[rosmaster.master][INFO] 2020-01-30 18:18:00,693: +PARAM [/whycon/outer_diameter] by /roslaunch
[rosmaster.master][INFO] 2020-01-30 18:18:00,693: +PARAM [/usb_cam/image_height] by /roslaunch
[rosmaster.master][INFO] 2020-01-30 18:18:00,693: +PARAM [/whycon/name] by /roslaunch
[rosmaster.master][INFO] 2020-01-30 18:18:00,693: +PARAM [/whycon/inner_diameter] by /roslaunch
[rosmaster.master][INFO] 2020-01-30 18:18:00,695: +SERVICE [/rosout/get_loggers] /rosout http://itachi-HP-Pavilion-Laptop-15-cc1xx:43835/
[rosmaster.master][INFO] 2020-01-30 18:18:00,695: +SERVICE [/rosout/set_logger_level] /rosout http://itachi-HP-Pavilion-Laptop-15-cc1xx:43835/
[rosmaster.master][INFO] 2020-01-30 18:18:00,696: +PUB [/rosout_agg] /rosout http://itachi-HP-Pavilion-Laptop-15-cc1xx:43835/
[rosmaster.master][INFO] 2020-01-30 18:18:00,699: +SUB [/rosout] /rosout http://itachi-HP-Pavilion-Laptop-15-cc1xx:43835/
[rosmaster.master][INFO] 2020-01-30 18:18:00,720: +PUB [/rosout] /usb_cam http://itachi-HP-Pavilion-Laptop-15-cc1xx:41037/
[rosmaster.master][INFO] 2020-01-30 18:18:00,721: +SERVICE [/usb_cam/get_loggers] /usb_cam http://itachi-HP-Pavilion-Laptop-15-cc1xx:41037/
[rosmaster.master][INFO] 2020-01-30 18:18:00,721: +SERVICE [/usb_cam/set_logger_level] /usb_cam http://itachi-HP-Pavilion-Laptop-15-cc1xx:41037/
[rosmaster.master][INFO] 2020-01-30 18:18:00,727: +PUB [/rosout] /usb_cam/image_proc http://itachi-HP-Pavilion-Laptop-15-cc1xx:33779/
[rosmaster.master][INFO] 2020-01-30 18:18:00,728: +SERVICE [/usb_cam/image_proc/get_loggers] /usb_cam/image_proc http://itachi-HP-Pavilion-Laptop-15-cc1xx:33779/
[rosmaster.master][INFO] 2020-01-30 18:18:00,729: +SERVICE [/usb_cam/image_proc/set_logger_level] /usb_cam/image_proc http://itachi-HP-Pavilion-Laptop-15-cc1xx:33779/
[rosmaster.master][INFO] 2020-01-30 18:18:00,736: publisherUpdate[/rosout] -> http://itachi-HP-Pavilion-Laptop-15-cc1xx:43835/ ['http://itachi-HP-Pavilion-Laptop-15-cc1xx:41037/']
[rosmaster.master][INFO] 2020-01-30 18:18:00,738: publisherUpdate[/rosout] -> http://itachi-HP-Pavilion-Laptop-15-cc1xx:43835/ ['http://itachi-HP-Pavilion-Laptop-15-cc1xx:41037/']: sec=0.00, result=[1, '', 0]
[rosmaster.master][INFO] 2020-01-30 18:18:00,739: publisherUpdate[/rosout] -> http://itachi-HP-Pavilion-Laptop-15-cc1xx:43835/ ['http://itachi-HP-Pavilion-Laptop-15-cc1xx:41037/', 'http://itachi-HP-Pavilion-Laptop-15-cc1xx:33779/']
[rosmaster.master][INFO] 2020-01-30 18:18:00,739: publisherUpdate[/rosout] -> http://itachi-HP-Pavilion-Laptop-15-cc1xx:43835/ ['http://itachi-HP-Pavilion-Laptop-15-cc1xx:41037/', 'http://itachi-HP-Pavilion-Laptop-15-cc1xx:33779/']: sec=0.00, result=[1, '', 0]
[rosmaster.master][INFO] 2020-01-30 18:18:00,740: +PUB [/rosout] /whycon http://itachi-HP-Pavilion-Laptop-15-cc1xx:43471/
[rosmaster.master][INFO] 2020-01-30 18:18:00,740: publisherUpdate[/rosout] -> http://itachi-HP-Pavilion-Laptop-15-cc1xx:43835/ ['http://itachi-HP-Pavilion-Laptop-15-cc1xx:41037/', 'http://itachi-HP-Pavilion-Laptop-15-cc1xx:33779/', 'http://itachi-HP-Pavilion-Laptop-15-cc1xx:43471/']
[rosmaster.master][INFO] 2020-01-30 18:18:00,741: publisherUpdate[/rosout] -> http://itachi-HP-Pavilion-Laptop-15-cc1xx:43835/ ['http://itachi-HP-Pavilion-Laptop-15-cc1xx:41037/', 'http://itachi-HP-Pavilion-Laptop-15-cc1xx:33779/', 'http://itachi-HP-Pavilion-Laptop-15-cc1xx:43471/']: sec=0.00, result=[1, '', 0]
[rosmaster.master][INFO] 2020-01-30 18:18:00,741: +SERVICE [/whycon/get_loggers] /whycon http://itachi-HP-Pavilion-Laptop-15-cc1xx:43471/
[rosmaster.master][INFO] 2020-01-30 18:18:00,742: +SERVICE [/whycon/set_logger_level] /whycon http://itachi-HP-Pavilion-Laptop-15-cc1xx:43471/
[rosmaster.master][INFO] 2020-01-30 18:18:00,744: +PUB [/rosout] /whycon_display/image_view http://itachi-HP-Pavilion-Laptop-15-cc1xx:42621/
[rosmaster.master][INFO] 2020-01-30 18:18:00,744: +SERVICE [/whycon_display/image_view/get_loggers] /whycon_display/image_view http://itachi-HP-Pavilion-Laptop-15-cc1xx:42621/
[rosmaster.master][INFO] 2020-01-30 18:18:00,745: +SERVICE [/whycon_display/image_view/set_logger_level] /whycon_display/image_view http://itachi-HP-Pavilion-Laptop-15-cc1xx:42621/
[rosmaster.master][INFO] 2020-01-30 18:18:00,755: +SERVICE [/usb_cam/image_proc_debayer/set_parameters] /usb_cam/image_proc http://itachi-HP-Pavilion-Laptop-15-cc1xx:33779/
[rosmaster.master][INFO] 2020-01-30 18:18:00,756: +PUB [/usb_cam/image_proc_debayer/parameter_descriptions] /usb_cam/image_proc http://itachi-HP-Pavilion-Laptop-15-cc1xx:33779/
[rosmaster.master][INFO] 2020-01-30 18:18:00,757: +PUB [/usb_cam/image_proc_debayer/parameter_updates] /usb_cam/image_proc http://itachi-HP-Pavilion-Laptop-15-cc1xx:33779/
[rosmaster.master][INFO] 2020-01-30 18:18:00,758: +PARAM [/usb_cam/image_proc_debayer/debayer] by /usb_cam/image_proc
[rosmaster.master][INFO] 2020-01-30 18:18:00,758: +PARAM [/usb_cam/image_proc_debayer/debayer] by /usb_cam/image_proc
[rosmaster.master][INFO] 2020-01-30 18:18:00,760: +PUB [/usb_cam/image_mono/compressedDepth] /usb_cam/image_proc http://itachi-HP-Pavilion-Laptop-15-cc1xx:33779/
[rosmaster.master][INFO] 2020-01-30 18:18:00,761: +PUB [/usb_cam/image_raw/compressedDepth] /usb_cam http://itachi-HP-Pavilion-Laptop-15-cc1xx:41037/
[rosmaster.master][INFO] 2020-01-30 18:18:00,761: +SERVICE [/usb_cam/image_mono/compressedDepth/set_parameters] /usb_cam/image_proc http://itachi-HP-Pavilion-Laptop-15-cc1xx:33779/
[rosmaster.master][INFO] 2020-01-30 18:18:00,762: +SERVICE [/usb_cam/image_raw/compressedDepth/set_parameters] /usb_cam http://itachi-HP-Pavilion-Laptop-15-cc1xx:41037/
[rosmaster.master][INFO] 2020-01-30 18:18:00,762: +PUB [/usb_cam/image_mono/compressedDepth/parameter_descriptions] /usb_cam/image_proc http://itachi-HP-Pavilion-Laptop-15-cc1xx:33779/
[rosmaster.master][INFO] 2020-01-30 18:18:00,763: +PUB [/usb_cam/image_raw/compressedDepth/parameter_descriptions] /usb_cam http://itachi-HP-Pavilion-Laptop-15-cc1xx:41037/
[rosmaster.master][INFO] 2020-01-30 18:18:00,764: +PUB [/usb_cam/image_mono/compressedDepth/parameter_updates] /usb_cam/image_proc http://itachi-HP-Pavilion-Laptop-15-cc1xx:33779/
[rosmaster.master][INFO] 2020-01-30 18:18:00,764: +PUB [/usb_cam/image_raw/compressedDepth/parameter_updates] /usb_cam http://itachi-HP-Pavilion-Laptop-15-cc1xx:41037/
[rosmaster.master][INFO] 2020-01-30 18:18:00,767: +PARAM [/usb_cam/image_mono/compressedDepth/depth_max] by /usb_cam/image_proc
[rosmaster.master][INFO] 2020-01-30 18:18:00,768: +PARAM [/usb_cam/image_raw/compressedDepth/depth_max] by /usb_cam
[rosmaster.master][INFO] 2020-01-30 18:18:00,768: +PARAM [/usb_cam/image_mono/compressedDepth/depth_quantization] by /usb_cam/image_proc
[rosmaster.master][INFO] 2020-01-30 18:18:00,769: +PARAM [/usb_cam/image_raw/compressedDepth/depth_quantization] by /usb_cam
[rosmaster.master][INFO] 2020-01-30 18:18:00,769: +PARAM [/usb_cam/image_mono/compressedDepth/png_level] by /usb_cam/image_proc
[rosmaster.master][INFO] 2020-01-30 18:18:00,770: +PARAM [/usb_cam/image_raw/compressedDepth/png_level] by /usb_cam
[rosmaster.master][INFO] 2020-01-30 18:18:00,770: +PARAM [/usb_cam/image_mono/compressedDepth/depth_max] by /usb_cam/image_proc
[rosmaster.master][INFO] 2020-01-30 18:18:00,771: +PARAM [/usb_cam/image_raw/compressedDepth/depth_max] by /usb_cam
[rosmaster.master][INFO] 2020-01-30 18:18:00,771: +PARAM [/usb_cam/image_mono/compressedDepth/depth_quantization] by /usb_cam/image_proc
[rosmaster.master][INFO] 2020-01-30 18:18:00,772: +PARAM [/usb_cam/image_raw/compressedDepth/depth_quantization] by /usb_cam
[rosmaster.master][INFO] 2020-01-30 18:18:00,773: +PARAM [/usb_cam/image_mono/compressedDepth/png_level] by /usb_cam/image_proc
[rosmaster.master][INFO] 2020-01-30 18:18:00,773: +PARAM [/usb_cam/image_raw/compressedDepth/png_level] by /usb_cam
[rosmaster.master][INFO] 2020-01-30 18:18:00,774: +PUB [/usb_cam/image_mono/compressed] /usb_cam/image_proc http://itachi-HP-Pavilion-Laptop-15-cc1xx:33779/
[rosmaster.master][INFO] 2020-01-30 18:18:00,774: +PUB [/usb_cam/image_raw/compressed] /usb_cam http://itachi-HP-Pavilion-Laptop-15-cc1xx:41037/
[rosmaster.master][INFO] 2020-01-30 18:18:00,775: +SERVICE [/usb_cam/image_mono/compressed/set_parameters] /usb_cam/image_proc http://itachi-HP-Pavilion-Laptop-15-cc1xx:33779/
[rosmaster.master][INFO] 2020-01-30 18:18:00,775: +SERVICE [/usb_cam/image_raw/compressed/set_parameters] /usb_cam http://itachi-HP-Pavilion-Laptop-15-cc1xx:41037/
[rosmaster.master][INFO] 2020-01-30 18:18:00,776: +PUB [/usb_cam/image_mono/compressed/parameter_descriptions] /usb_cam/image_proc http://itachi-HP-Pavilion-Laptop-15-cc1xx:33779/
[rosmaster.master][INFO] 2020-01-30 18:18:00,777: +PUB [/usb_cam/image_raw/compressed/parameter_descriptions] /usb_cam http://itachi-HP-Pavilion-Laptop-15-cc1xx:41037/
[rosmaster.master][INFO] 2020-01-30 18:18:00,777: +PUB [/usb_cam/image_mono/compressed/parameter_updates] /usb_cam/image_proc http://itachi-HP-Pavilion-Laptop-15-cc1xx:33779/
[rosmaster.master][INFO] 2020-01-30 18:18:00,778: +PUB [/usb_cam/image_raw/compressed/parameter_updates] /usb_cam http://itachi-HP-Pavilion-Laptop-15-cc1xx:41037/
[rosmaster.master][INFO] 2020-01-30 18:18:00,781: +PARAM [/usb_cam/image_mono/compressed/format] by /usb_cam/image_proc
[rosmaster.master][INFO] 2020-01-30 18:18:00,782: +PARAM [/usb_cam/image_raw/compressed/format] by /usb_cam
[rosmaster.master][INFO] 2020-01-30 18:18:00,783: +PARAM [/usb_cam/image_mono/compressed/jpeg_quality] by /usb_cam/image_proc
[rosmaster.master][INFO] 2020-01-30 18:18:00,784: +PARAM [/usb_cam/image_raw/compressed/jpeg_quality] by /usb_cam
[rosmaster.master][INFO] 2020-01-30 18:18:00,785: +PARAM [/usb_cam/image_mono/compressed/png_level] by /usb_cam/image_proc
[rosmaster.master][INFO] 2020-01-30 18:18:00,786: +PARAM [/usb_cam/image_raw/compressed/png_level] by /usb_cam
[rosmaster.master][INFO] 2020-01-30 18:18:00,787: +PARAM [/usb_cam/image_mono/compressed/format] by /usb_cam/image_proc
[rosmaster.master][INFO] 2020-01-30 18:18:00,787: +PARAM [/usb_cam/image_raw/compressed/format] by /usb_cam
[rosmaster.master][INFO] 2020-01-30 18:18:00,788: +PARAM [/usb_cam/image_mono/compressed/jpeg_quality] by /usb_cam/image_proc
[rosmaster.master][INFO] 2020-01-30 18:18:00,789: +PARAM [/usb_cam/image_raw/compressed/jpeg_quality] by /usb_cam
[rosmaster.master][INFO] 2020-01-30 18:18:00,791: +PARAM [/usb_cam/image_mono/compressed/png_level] by /usb_cam/image_proc
[rosmaster.master][INFO] 2020-01-30 18:18:00,791: +PARAM [/usb_cam/image_raw/compressed/png_level] by /usb_cam
[rosmaster.master][INFO] 2020-01-30 18:18:00,793: +PUB [/usb_cam/image_mono] /usb_cam/image_proc http://itachi-HP-Pavilion-Laptop-15-cc1xx:33779/
[rosmaster.master][INFO] 2020-01-30 18:18:00,794: +PUB [/usb_cam/image_raw] /usb_cam http://itachi-HP-Pavilion-Laptop-15-cc1xx:41037/
[rosmaster.master][INFO] 2020-01-30 18:18:00,795: +PUB [/usb_cam/image_mono/theora] /usb_cam/image_proc http://itachi-HP-Pavilion-Laptop-15-cc1xx:33779/
[rosmaster.master][INFO] 2020-01-30 18:18:00,796: +PUB [/usb_cam/image_raw/theora] /usb_cam http://itachi-HP-Pavilion-Laptop-15-cc1xx:41037/
[rosmaster.master][INFO] 2020-01-30 18:18:00,797: +SERVICE [/usb_cam/image_mono/theora/set_parameters] /usb_cam/image_proc http://itachi-HP-Pavilion-Laptop-15-cc1xx:33779/
[rosmaster.master][INFO] 2020-01-30 18:18:00,798: +SERVICE [/usb_cam/image_raw/theora/set_parameters] /usb_cam http://itachi-HP-Pavilion-Laptop-15-cc1xx:41037/
[rosmaster.master][INFO] 2020-01-30 18:18:00,799: +PUB [/usb_cam/image_mono/theora/parameter_descriptions] /usb_cam/image_proc http://itachi-HP-Pavilion-Laptop-15-cc1xx:33779/
[rosmaster.master][INFO] 2020-01-30 18:18:00,800: +PUB [/usb_cam/image_raw/theora/parameter_descriptions] /usb_cam http://itachi-HP-Pavilion-Laptop-15-cc1xx:41037/
[rosmaster.master][INFO] 2020-01-30 18:18:00,800: +PUB [/usb_cam/image_mono/theora/parameter_updates] /usb_cam/image_proc http://itachi-HP-Pavilion-Laptop-15-cc1xx:33779/
[rosmaster.master][INFO] 2020-01-30 18:18:00,801: +PUB [/tf] /whycon http://itachi-HP-Pavilion-Laptop-15-cc1xx:43471/
[rosmaster.master][INFO] 2020-01-30 18:18:00,802: +PUB [/usb_cam/image_raw/theora/parameter_updates] /usb_cam http://itachi-HP-Pavilion-Laptop-15-cc1xx:41037/
[rosmaster.master][INFO] 2020-01-30 18:18:00,807: +PARAM [/usb_cam/image_mono/theora/optimize_for] by /usb_cam/image_proc
[rosmaster.master][INFO] 2020-01-30 18:18:00,808: +PARAM [/usb_cam/image_raw/theora/optimize_for] by /usb_cam
[rosmaster.master][INFO] 2020-01-30 18:18:00,809: +PARAM [/usb_cam/image_mono/theora/target_bitrate] by /usb_cam/image_proc
[rosmaster.master][INFO] 2020-01-30 18:18:00,810: +PARAM [/usb_cam/image_raw/theora/target_bitrate] by /usb_cam
[rosmaster.master][INFO] 2020-01-30 18:18:00,811: +PARAM [/usb_cam/image_mono/theora/quality] by /usb_cam/image_proc
[rosmaster.master][INFO] 2020-01-30 18:18:00,812: +PARAM [/usb_cam/image_raw/theora/quality] by /usb_cam
[rosmaster.master][INFO] 2020-01-30 18:18:00,812: +SUB [/usb_cam/image_rect_color] /whycon http://itachi-HP-Pavilion-Laptop-15-cc1xx:43471/
[rosmaster.master][INFO] 2020-01-30 18:18:00,813: +PARAM [/usb_cam/image_mono/theora/keyframe_frequency] by /usb_cam/image_proc
[rosmaster.master][INFO] 2020-01-30 18:18:00,814: +PARAM [/usb_cam/image_raw/theora/keyframe_frequency] by /usb_cam
[rosmaster.master][INFO] 2020-01-30 18:18:00,815: +PARAM [/usb_cam/image_mono/theora/optimize_for] by /usb_cam/image_proc
[rosmaster.master][INFO] 2020-01-30 18:18:00,816: +PARAM [/usb_cam/image_raw/theora/optimize_for] by /usb_cam
[rosmaster.master][INFO] 2020-01-30 18:18:00,817: +PARAM [/usb_cam/image_mono/theora/target_bitrate] by /usb_cam/image_proc
[rosmaster.master][INFO] 2020-01-30 18:18:00,818: +PARAM [/usb_cam/image_raw/theora/target_bitrate] by /usb_cam
[rosmaster.master][INFO] 2020-01-30 18:18:00,818: +PARAM [/usb_cam/image_mono/theora/quality] by /usb_cam/image_proc
[rosmaster.master][INFO] 2020-01-30 18:18:00,819: +PARAM [/usb_cam/image_raw/theora/quality] by /usb_cam
[rosmaster.master][INFO] 2020-01-30 18:18:00,820: +PARAM [/usb_cam/image_mono/theora/keyframe_frequency] by /usb_cam/image_proc
[rosmaster.master][INFO] 2020-01-30 18:18:00,821: +PARAM [/usb_cam/image_raw/theora/keyframe_frequency] by /usb_cam
[rosmaster.master][INFO] 2020-01-30 18:18:00,822: +SUB [/usb_cam/camera_info] /whycon http://itachi-HP-Pavilion-Laptop-15-cc1xx:43471/
[rosmaster.master][INFO] 2020-01-30 18:18:00,823: +PUB [/usb_cam/camera_info] /usb_cam http://itachi-HP-Pavilion-Laptop-15-cc1xx:41037/
[rosmaster.master][INFO] 2020-01-30 18:18:00,823: +PUB [/usb_cam/image_color/compressedDepth] /usb_cam/image_proc http://itachi-HP-Pavilion-Laptop-15-cc1xx:33779/
[rosmaster.master][INFO] 2020-01-30 18:18:00,824: +PUB [/whycon/image_out] /whycon http://itachi-HP-Pavilion-Laptop-15-cc1xx:43471/
[rosmaster.master][INFO] 2020-01-30 18:18:00,825: +SERVICE [/usb_cam/image_color/compressedDepth/set_parameters] /usb_cam/image_proc http://itachi-HP-Pavilion-Laptop-15-cc1xx:33779/
[rosmaster.master][INFO] 2020-01-30 18:18:00,826: +PUB [/whycon/poses] /whycon http://itachi-HP-Pavilion-Laptop-15-cc1xx:43471/
[rosmaster.master][INFO] 2020-01-30 18:18:00,827: +PUB [/usb_cam/image_color/compressedDepth/parameter_descriptions] /usb_cam/image_proc http://itachi-HP-Pavilion-Laptop-15-cc1xx:33779/
[rosmaster.master][INFO] 2020-01-30 18:18:00,828: +PUB [/whycon/context] /whycon http://itachi-HP-Pavilion-Laptop-15-cc1xx:43471/
[rosmaster.master][INFO] 2020-01-30 18:18:00,829: +PUB [/usb_cam/image_color/compressedDepth/parameter_updates] /usb_cam/image_proc http://itachi-HP-Pavilion-Laptop-15-cc1xx:33779/
[rosmaster.master][INFO] 2020-01-30 18:18:00,830: +PUB [/whycon/projection] /whycon http://itachi-HP-Pavilion-Laptop-15-cc1xx:43471/
[rosmaster.master][INFO] 2020-01-30 18:18:00,832: +SERVICE [/whycon/reset] /whycon http://itachi-HP-Pavilion-Laptop-15-cc1xx:43471/
[rosmaster.master][INFO] 2020-01-30 18:18:00,835: +PARAM [/usb_cam/image_color/compressedDepth/depth_max] by /usb_cam/image_proc
[rosmaster.master][INFO] 2020-01-30 18:18:00,836: +PARAM [/usb_cam/image_color/compressedDepth/depth_quantization] by /usb_cam/image_proc
[rosmaster.master][INFO] 2020-01-30 18:18:00,837: publisherUpdate[/rosout] -> http://itachi-HP-Pavilion-Laptop-15-cc1xx:43835/ ['http://itachi-HP-Pavilion-Laptop-15-cc1xx:41037/', 'http://itachi-HP-Pavilion-Laptop-15-cc1xx:33779/', 'http://itachi-HP-Pavilion-Laptop-15-cc1xx:43471/', 'http://itachi-HP-Pavilion-Laptop-15-cc1xx:42621/']
[rosmaster.master][INFO] 2020-01-30 18:18:00,837: +PARAM [/usb_cam/image_color/compressedDepth/png_level] by /usb_cam/image_proc
[rosmaster.master][INFO] 2020-01-30 18:18:00,837: publisherUpdate[/usb_cam/camera_info] -> http://itachi-HP-Pavilion-Laptop-15-cc1xx:43471/ ['http://itachi-HP-Pavilion-Laptop-15-cc1xx:41037/']
[rosmaster.master][INFO] 2020-01-30 18:18:00,838: publisherUpdate[/rosout] -> http://itachi-HP-Pavilion-Laptop-15-cc1xx:43835/ ['http://itachi-HP-Pavilion-Laptop-15-cc1xx:41037/', 'http://itachi-HP-Pavilion-Laptop-15-cc1xx:33779/', 'http://itachi-HP-Pavilion-Laptop-15-cc1xx:43471/', 'http://itachi-HP-Pavilion-Laptop-15-cc1xx:42621/']: sec=0.00, result=[1, '', 0]
[rosmaster.master][INFO] 2020-01-30 18:18:00,839: +PARAM [/usb_cam/image_color/compressedDepth/depth_max] by /usb_cam/image_proc
[rosmaster.master][INFO] 2020-01-30 18:18:00,839: publisherUpdate[/usb_cam/camera_info] -> http://itachi-HP-Pavilion-Laptop-15-cc1xx:43471/ ['http://itachi-HP-Pavilion-Laptop-15-cc1xx:41037/']: sec=0.00, result=[1, '', 0]
[rosmaster.master][INFO] 2020-01-30 18:18:00,841: +PARAM [/usb_cam/image_color/compressedDepth/depth_quantization] by /usb_cam/image_proc
[rosmaster.master][INFO] 2020-01-30 18:18:00,842: +PARAM [/usb_cam/image_color/compressedDepth/png_level] by /usb_cam/image_proc
[rosmaster.master][INFO] 2020-01-30 18:18:00,843: +PUB [/usb_cam/image_color/compressed] /usb_cam/image_proc http://itachi-HP-Pavilion-Laptop-15-cc1xx:33779/
[rosmaster.master][INFO] 2020-01-30 18:18:00,844: +SERVICE [/usb_cam/image_color/compressed/set_parameters] /usb_cam/image_proc http://itachi-HP-Pavilion-Laptop-15-cc1xx:33779/
[rosmaster.master][INFO] 2020-01-30 18:18:00,844: +PUB [/usb_cam/image_color/compressed/parameter_descriptions] /usb_cam/image_proc http://itachi-HP-Pavilion-Laptop-15-cc1xx:33779/
[rosmaster.master][INFO] 2020-01-30 18:18:00,845: +PUB [/usb_cam/image_color/compressed/parameter_updates] /usb_cam/image_proc http://itachi-HP-Pavilion-Laptop-15-cc1xx:33779/
[rosmaster.master][INFO] 2020-01-30 18:18:00,849: +PARAM [/usb_cam/image_color/compressed/format] by /usb_cam/image_proc
[rosmaster.master][INFO] 2020-01-30 18:18:00,850: +PARAM [/usb_cam/image_color/compressed/jpeg_quality] by /usb_cam/image_proc
[rosmaster.master][INFO] 2020-01-30 18:18:00,851: +PARAM [/usb_cam/image_color/compressed/png_level] by /usb_cam/image_proc
[rosmaster.master][INFO] 2020-01-30 18:18:00,852: +PARAM [/usb_cam/image_color/compressed/format] by /usb_cam/image_proc
[rosmaster.master][INFO] 2020-01-30 18:18:00,853: +SERVICE [/usb_cam/set_camera_info] /usb_cam http://itachi-HP-Pavilion-Laptop-15-cc1xx:41037/
[rosmaster.master][INFO] 2020-01-30 18:18:00,853: +SERVICE [/usb_cam/start_capture] /usb_cam http://itachi-HP-Pavilion-Laptop-15-cc1xx:41037/
[rosmaster.master][INFO] 2020-01-30 18:18:00,853: +PARAM [/usb_cam/image_color/compressed/jpeg_quality] by /usb_cam/image_proc
[rosmaster.master][INFO] 2020-01-30 18:18:00,854: +SERVICE [/usb_cam/stop_capture] /usb_cam http://itachi-HP-Pavilion-Laptop-15-cc1xx:41037/
[rosmaster.master][INFO] 2020-01-30 18:18:00,855: +PARAM [/usb_cam/image_color/compressed/png_level] by /usb_cam/image_proc
[rosmaster.master][INFO] 2020-01-30 18:18:00,855: +PUB [/usb_cam/image_color] /usb_cam/image_proc http://itachi-HP-Pavilion-Laptop-15-cc1xx:33779/
[rosmaster.master][INFO] 2020-01-30 18:18:00,856: +PUB [/usb_cam/image_color/theora] /usb_cam/image_proc http://itachi-HP-Pavilion-Laptop-15-cc1xx:33779/
[rosmaster.master][INFO] 2020-01-30 18:18:00,857: +SERVICE [/usb_cam/image_color/theora/set_parameters] /usb_cam/image_proc http://itachi-HP-Pavilion-Laptop-15-cc1xx:33779/
[rosmaster.master][INFO] 2020-01-30 18:18:00,858: +PUB [/usb_cam/image_color/theora/parameter_descriptions] /usb_cam/image_proc http://itachi-HP-Pavilion-Laptop-15-cc1xx:33779/
[rosmaster.master][INFO] 2020-01-30 18:18:00,859: +PUB [/usb_cam/image_color/theora/parameter_updates] /usb_cam/image_proc http://itachi-HP-Pavilion-Laptop-15-cc1xx:33779/
[rosmaster.master][INFO] 2020-01-30 18:18:00,862: +PARAM [/usb_cam/image_color/theora/optimize_for] by /usb_cam/image_proc
[rosmaster.master][INFO] 2020-01-30 18:18:00,863: +PARAM [/usb_cam/image_color/theora/target_bitrate] by /usb_cam/image_proc
[rosmaster.master][INFO] 2020-01-30 18:18:00,864: +PARAM [/usb_cam/image_color/theora/quality] by /usb_cam/image_proc
[rosmaster.master][INFO] 2020-01-30 18:18:00,864: +PARAM [/usb_cam/image_color/theora/keyframe_frequency] by /usb_cam/image_proc
[rosmaster.master][INFO] 2020-01-30 18:18:00,865: +PARAM [/usb_cam/image_color/theora/optimize_for] by /usb_cam/image_proc
[rosmaster.master][INFO] 2020-01-30 18:18:00,866: +PARAM [/usb_cam/image_color/theora/target_bitrate] by /usb_cam/image_proc
[rosmaster.master][INFO] 2020-01-30 18:18:00,867: +PARAM [/usb_cam/image_color/theora/quality] by /usb_cam/image_proc
[rosmaster.master][INFO] 2020-01-30 18:18:00,869: +PARAM [/usb_cam/image_color/theora/keyframe_frequency] by /usb_cam/image_proc
[rosmaster.master][INFO] 2020-01-30 18:18:00,872: +SERVICE [/usb_cam/image_proc_rectify_mono/set_parameters] /usb_cam/image_proc http://itachi-HP-Pavilion-Laptop-15-cc1xx:33779/
[rosmaster.master][INFO] 2020-01-30 18:18:00,873: +PUB [/usb_cam/image_proc_rectify_mono/parameter_descriptions] /usb_cam/image_proc http://itachi-HP-Pavilion-Laptop-15-cc1xx:33779/
[rosmaster.master][INFO] 2020-01-30 18:18:00,875: +PUB [/usb_cam/image_proc_rectify_mono/parameter_updates] /usb_cam/image_proc http://itachi-HP-Pavilion-Laptop-15-cc1xx:33779/
[rosmaster.master][INFO] 2020-01-30 18:18:00,878: +PARAM [/usb_cam/image_proc_rectify_mono/interpolation] by /usb_cam/image_proc
[rosmaster.master][INFO] 2020-01-30 18:18:00,878: +PARAM [/usb_cam/image_proc_rectify_mono/interpolation] by /usb_cam/image_proc
[rosmaster.master][INFO] 2020-01-30 18:18:00,880: +PUB [/usb_cam/image_rect/compressedDepth] /usb_cam/image_proc http://itachi-HP-Pavilion-Laptop-15-cc1xx:33779/
[rosmaster.master][INFO] 2020-01-30 18:18:00,880: +SERVICE [/usb_cam/image_rect/compressedDepth/set_parameters] /usb_cam/image_proc http://itachi-HP-Pavilion-Laptop-15-cc1xx:33779/
[rosmaster.master][INFO] 2020-01-30 18:18:00,881: +PUB [/usb_cam/image_rect/compressedDepth/parameter_descriptions] /usb_cam/image_proc http://itachi-HP-Pavilion-Laptop-15-cc1xx:33779/
[rosmaster.master][INFO] 2020-01-30 18:18:00,882: +PUB [/usb_cam/image_rect/compressedDepth/parameter_updates] /usb_cam/image_proc http://itachi-HP-Pavilion-Laptop-15-cc1xx:33779/
[rosmaster.master][INFO] 2020-01-30 18:18:00,884: +PARAM [/usb_cam/image_rect/compressedDepth/depth_max] by /usb_cam/image_proc
[rosmaster.master][INFO] 2020-01-30 18:18:00,884: +PARAM [/usb_cam/image_rect/compressedDepth/depth_quantization] by /usb_cam/image_proc
[rosmaster.master][INFO] 2020-01-30 18:18:00,885: +PARAM [/usb_cam/image_rect/compressedDepth/png_level] by /usb_cam/image_proc
[rosmaster.master][INFO] 2020-01-30 18:18:00,886: +PARAM [/usb_cam/image_rect/compressedDepth/depth_max] by /usb_cam/image_proc
[rosmaster.master][INFO] 2020-01-30 18:18:00,887: +PARAM [/usb_cam/image_rect/compressedDepth/depth_quantization] by /usb_cam/image_proc
[rosmaster.master][INFO] 2020-01-30 18:18:00,888: +PARAM [/usb_cam/image_rect/compressedDepth/png_level] by /usb_cam/image_proc
[rosmaster.master][INFO] 2020-01-30 18:18:00,889: +PUB [/usb_cam/image_rect/compressed] /usb_cam/image_proc http://itachi-HP-Pavilion-Laptop-15-cc1xx:33779/
[rosmaster.master][INFO] 2020-01-30 18:18:00,890: +SERVICE [/usb_cam/image_rect/compressed/set_parameters] /usb_cam/image_proc http://itachi-HP-Pavilion-Laptop-15-cc1xx:33779/
[rosmaster.master][INFO] 2020-01-30 18:18:00,891: +PUB [/usb_cam/image_rect/compressed/parameter_descriptions] /usb_cam/image_proc http://itachi-HP-Pavilion-Laptop-15-cc1xx:33779/
[rosmaster.master][INFO] 2020-01-30 18:18:00,891: +PUB [/usb_cam/image_rect/compressed/parameter_updates] /usb_cam/image_proc http://itachi-HP-Pavilion-Laptop-15-cc1xx:33779/
[rosmaster.master][INFO] 2020-01-30 18:18:00,894: +PARAM [/usb_cam/image_rect/compressed/format] by /usb_cam/image_proc
[rosmaster.master][INFO] 2020-01-30 18:18:00,894: +PARAM [/usb_cam/image_rect/compressed/jpeg_quality] by /usb_cam/image_proc
[rosmaster.master][INFO] 2020-01-30 18:18:00,895: +PARAM [/usb_cam/image_rect/compressed/png_level] by /usb_cam/image_proc
[rosmaster.master][INFO] 2020-01-30 18:18:00,896: +PARAM [/usb_cam/image_rect/compressed/format] by /usb_cam/image_proc
[rosmaster.master][INFO] 2020-01-30 18:18:00,897: +PARAM [/usb_cam/image_rect/compressed/jpeg_quality] by /usb_cam/image_proc
[rosmaster.master][INFO] 2020-01-30 18:18:00,899: +PARAM [/usb_cam/image_rect/compressed/png_level] by /usb_cam/image_proc
[rosmaster.master][INFO] 2020-01-30 18:18:00,900: +PUB [/usb_cam/image_rect] /usb_cam/image_proc http://itachi-HP-Pavilion-Laptop-15-cc1xx:33779/
[rosmaster.master][INFO] 2020-01-30 18:18:00,901: +PUB [/usb_cam/image_rect/theora] /usb_cam/image_proc http://itachi-HP-Pavilion-Laptop-15-cc1xx:33779/
[rosmaster.master][INFO] 2020-01-30 18:18:00,902: +SERVICE [/usb_cam/image_rect/theora/set_parameters] /usb_cam/image_proc http://itachi-HP-Pavilion-Laptop-15-cc1xx:33779/
[rosmaster.master][INFO] 2020-01-30 18:18:00,902: +PUB [/usb_cam/image_rect/theora/parameter_descriptions] /usb_cam/image_proc http://itachi-HP-Pavilion-Laptop-15-cc1xx:33779/
[rosmaster.master][INFO] 2020-01-30 18:18:00,903: +PUB [/usb_cam/image_rect/theora/parameter_updates] /usb_cam/image_proc http://itachi-HP-Pavilion-Laptop-15-cc1xx:33779/
[rosmaster.master][INFO] 2020-01-30 18:18:00,906: +PARAM [/usb_cam/image_rect/theora/optimize_for] by /usb_cam/image_proc
[rosmaster.master][INFO] 2020-01-30 18:18:00,906: +PARAM [/usb_cam/image_rect/theora/target_bitrate] by /usb_cam/image_proc
[rosmaster.master][INFO] 2020-01-30 18:18:00,907: +PARAM [/usb_cam/image_rect/theora/quality] by /usb_cam/image_proc
[rosmaster.master][INFO] 2020-01-30 18:18:00,908: +PARAM [/usb_cam/image_rect/theora/keyframe_frequency] by /usb_cam/image_proc
[rosmaster.master][INFO] 2020-01-30 18:18:00,909: +PARAM [/usb_cam/image_rect/theora/optimize_for] by /usb_cam/image_proc
[rosmaster.master][INFO] 2020-01-30 18:18:00,910: +PARAM [/usb_cam/image_rect/theora/target_bitrate] by /usb_cam/image_proc
[rosmaster.master][INFO] 2020-01-30 18:18:00,911: +SUB [/whycon/image_out] /whycon_display/image_view http://itachi-HP-Pavilion-Laptop-15-cc1xx:42621/
[rosmaster.master][INFO] 2020-01-30 18:18:00,912: +PARAM [/usb_cam/image_rect/theora/quality] by /usb_cam/image_proc
[rosmaster.master][INFO] 2020-01-30 18:18:00,913: +PUB [/whycon_display/image_view/output] /whycon_display/image_view http://itachi-HP-Pavilion-Laptop-15-cc1xx:42621/
[rosmaster.master][INFO] 2020-01-30 18:18:00,916: +PARAM [/usb_cam/image_rect/theora/keyframe_frequency] by /usb_cam/image_proc
[rosmaster.master][INFO] 2020-01-30 18:18:00,916: +SERVICE [/whycon_display/image_view/set_parameters] /whycon_display/image_view http://itachi-HP-Pavilion-Laptop-15-cc1xx:42621/
[rosmaster.master][INFO] 2020-01-30 18:18:00,917: +PUB [/whycon_display/image_view/parameter_descriptions] /whycon_display/image_view http://itachi-HP-Pavilion-Laptop-15-cc1xx:42621/
[rosmaster.master][INFO] 2020-01-30 18:18:00,918: +PUB [/whycon_display/image_view/parameter_updates] /whycon_display/image_view http://itachi-HP-Pavilion-Laptop-15-cc1xx:42621/
[rosmaster.master][INFO] 2020-01-30 18:18:00,919: +SERVICE [/usb_cam/image_proc_rectify_color/set_parameters] /usb_cam/image_proc http://itachi-HP-Pavilion-Laptop-15-cc1xx:33779/
[rosmaster.master][INFO] 2020-01-30 18:18:00,920: +PUB [/usb_cam/image_proc_rectify_color/parameter_descriptions] /usb_cam/image_proc http://itachi-HP-Pavilion-Laptop-15-cc1xx:33779/
[rosmaster.master][INFO] 2020-01-30 18:18:00,921: +PUB [/usb_cam/image_proc_rectify_color/parameter_updates] /usb_cam/image_proc http://itachi-HP-Pavilion-Laptop-15-cc1xx:33779/
[rosmaster.master][INFO] 2020-01-30 18:18:00,923: +PARAM [/whycon_display/image_view/do_dynamic_scaling] by /whycon_display/image_view
[rosmaster.master][INFO] 2020-01-30 18:18:00,923: +PARAM [/usb_cam/image_proc_rectify_color/interpolation] by /usb_cam/image_proc
[rosmaster.master][INFO] 2020-01-30 18:18:00,924: +PARAM [/whycon_display/image_view/colormap] by /whycon_display/image_view
[rosmaster.master][INFO] 2020-01-30 18:18:00,924: +PARAM [/usb_cam/image_proc_rectify_color/interpolation] by /usb_cam/image_proc
[rosmaster.master][INFO] 2020-01-30 18:18:00,925: +PARAM [/whycon_display/image_view/min_image_value] by /whycon_display/image_view
[rosmaster.master][INFO] 2020-01-30 18:18:00,926: +PARAM [/whycon_display/image_view/max_image_value] by /whycon_display/image_view
[rosmaster.master][INFO] 2020-01-30 18:18:00,926: +PUB [/usb_cam/image_rect_color/compressedDepth] /usb_cam/image_proc http://itachi-HP-Pavilion-Laptop-15-cc1xx:33779/
[rosmaster.master][INFO] 2020-01-30 18:18:00,927: +PARAM [/whycon_display/image_view/do_dynamic_scaling] by /whycon_display/image_view
[rosmaster.master][INFO] 2020-01-30 18:18:00,928: +SERVICE [/usb_cam/image_rect_color/compressedDepth/set_parameters] /usb_cam/image_proc http://itachi-HP-Pavilion-Laptop-15-cc1xx:33779/
[rosmaster.master][INFO] 2020-01-30 18:18:00,928: +PARAM [/whycon_display/image_view/colormap] by /whycon_display/image_view
[rosmaster.master][INFO] 2020-01-30 18:18:00,930: +PUB [/usb_cam/image_rect_color/compressedDepth/parameter_descriptions] /usb_cam/image_proc http://itachi-HP-Pavilion-Laptop-15-cc1xx:33779/
[rosmaster.master][INFO] 2020-01-30 18:18:00,931: +PARAM [/whycon_display/image_view/min_image_value] by /whycon_display/image_view
[rosmaster.master][INFO] 2020-01-30 18:18:00,932: +PUB [/usb_cam/image_rect_color/compressedDepth/parameter_updates] /usb_cam/image_proc http://itachi-HP-Pavilion-Laptop-15-cc1xx:33779/
[rosmaster.master][INFO] 2020-01-30 18:18:00,932: +PARAM [/whycon_display/image_view/max_image_value] by /whycon_display/image_view
[rosmaster.master][INFO] 2020-01-30 18:18:00,934: +PARAM [/usb_cam/image_rect_color/compressedDepth/depth_max] by /usb_cam/image_proc
[rosmaster.master][INFO] 2020-01-30 18:18:00,935: +PARAM [/usb_cam/image_rect_color/compressedDepth/depth_quantization] by /usb_cam/image_proc
[rosmaster.master][INFO] 2020-01-30 18:18:00,935: +PARAM [/usb_cam/image_rect_color/compressedDepth/png_level] by /usb_cam/image_proc
[rosmaster.master][INFO] 2020-01-30 18:18:00,936: +PARAM [/usb_cam/image_rect_color/compressedDepth/depth_max] by /usb_cam/image_proc
[rosmaster.master][INFO] 2020-01-30 18:18:00,936: +PARAM [/usb_cam/image_rect_color/compressedDepth/depth_quantization] by /usb_cam/image_proc
[rosmaster.master][INFO] 2020-01-30 18:18:00,937: +PARAM [/usb_cam/image_rect_color/compressedDepth/png_level] by /usb_cam/image_proc
[rosmaster.master][INFO] 2020-01-30 18:18:00,938: +PUB [/usb_cam/image_rect_color/compressed] /usb_cam/image_proc http://itachi-HP-Pavilion-Laptop-15-cc1xx:33779/
[rosmaster.master][INFO] 2020-01-30 18:18:00,939: +SERVICE [/usb_cam/image_rect_color/compressed/set_parameters] /usb_cam/image_proc http://itachi-HP-Pavilion-Laptop-15-cc1xx:33779/
[rosmaster.master][INFO] 2020-01-30 18:18:00,939: +PUB [/usb_cam/image_rect_color/compressed/parameter_descriptions] /usb_cam/image_proc http://itachi-HP-Pavilion-Laptop-15-cc1xx:33779/
[rosmaster.master][INFO] 2020-01-30 18:18:00,940: +PUB [/usb_cam/image_rect_color/compressed/parameter_updates] /usb_cam/image_proc http://itachi-HP-Pavilion-Laptop-15-cc1xx:33779/
[rosmaster.master][INFO] 2020-01-30 18:18:00,942: +PARAM [/usb_cam/image_rect_color/compressed/format] by /usb_cam/image_proc
[rosmaster.master][INFO] 2020-01-30 18:18:00,942: +PARAM [/usb_cam/image_rect_color/compressed/jpeg_quality] by /usb_cam/image_proc
[rosmaster.master][INFO] 2020-01-30 18:18:00,943: +PARAM [/usb_cam/image_rect_color/compressed/png_level] by /usb_cam/image_proc
[rosmaster.master][INFO] 2020-01-30 18:18:00,943: +PARAM [/usb_cam/image_rect_color/compressed/format] by /usb_cam/image_proc
[rosmaster.master][INFO] 2020-01-30 18:18:00,944: +PARAM [/usb_cam/image_rect_color/compressed/jpeg_quality] by /usb_cam/image_proc
[rosmaster.master][INFO] 2020-01-30 18:18:00,944: +PARAM [/usb_cam/image_rect_color/compressed/png_level] by /usb_cam/image_proc
[rosmaster.master][INFO] 2020-01-30 18:18:00,945: +PUB [/usb_cam/image_rect_color] /usb_cam/image_proc http://itachi-HP-Pavilion-Laptop-15-cc1xx:33779/
[rosmaster.master][INFO] 2020-01-30 18:18:00,947: +PUB [/usb_cam/image_rect_color/theora] /usb_cam/image_proc http://itachi-HP-Pavilion-Laptop-15-cc1xx:33779/
[rosmaster.master][INFO] 2020-01-30 18:18:00,948: +SERVICE [/usb_cam/image_rect_color/theora/set_parameters] /usb_cam/image_proc http://itachi-HP-Pavilion-Laptop-15-cc1xx:33779/
[rosmaster.master][INFO] 2020-01-30 18:18:00,948: +PUB [/usb_cam/image_rect_color/theora/parameter_descriptions] /usb_cam/image_proc http://itachi-HP-Pavilion-Laptop-15-cc1xx:33779/
[rosmaster.master][INFO] 2020-01-30 18:18:00,949: +PUB [/usb_cam/image_rect_color/theora/parameter_updates] /usb_cam/image_proc http://itachi-HP-Pavilion-Laptop-15-cc1xx:33779/
[rosmaster.master][INFO] 2020-01-30 18:18:00,951: +PARAM [/usb_cam/image_rect_color/theora/optimize_for] by /usb_cam/image_proc
[rosmaster.master][INFO] 2020-01-30 18:18:00,951: +PARAM [/usb_cam/image_rect_color/theora/target_bitrate] by /usb_cam/image_proc
[rosmaster.master][INFO] 2020-01-30 18:18:00,952: +PARAM [/usb_cam/image_rect_color/theora/quality] by /usb_cam/image_proc
[rosmaster.master][INFO] 2020-01-30 18:18:00,952: +PARAM [/usb_cam/image_rect_color/theora/keyframe_frequency] by /usb_cam/image_proc
[rosmaster.master][INFO] 2020-01-30 18:18:00,953: +PARAM [/usb_cam/image_rect_color/theora/optimize_for] by /usb_cam/image_proc
[rosmaster.master][INFO] 2020-01-30 18:18:00,953: +PARAM [/usb_cam/image_rect_color/theora/target_bitrate] by /usb_cam/image_proc
[rosmaster.master][INFO] 2020-01-30 18:18:00,954: +PARAM [/usb_cam/image_rect_color/theora/quality] by /usb_cam/image_proc
[rosmaster.master][INFO] 2020-01-30 18:18:00,954: +PARAM [/usb_cam/image_rect_color/theora/keyframe_frequency] by /usb_cam/image_proc
[rosmaster.master][INFO] 2020-01-30 18:18:01,039: publisherUpdate[/usb_cam/image_rect_color] -> http://itachi-HP-Pavilion-Laptop-15-cc1xx:43471/ ['http://itachi-HP-Pavilion-Laptop-15-cc1xx:33779/']
[rosmaster.master][INFO] 2020-01-30 18:18:01,041: publisherUpdate[/usb_cam/image_rect_color] -> http://itachi-HP-Pavilion-Laptop-15-cc1xx:43471/ ['http://itachi-HP-Pavilion-Laptop-15-cc1xx:33779/']: sec=0.00, result=[1, '', 0]
[rosmaster.master][INFO] 2020-01-30 18:18:01,257: +SUB [/usb_cam/image_color] /usb_cam/image_proc http://itachi-HP-Pavilion-Laptop-15-cc1xx:33779/
[rosmaster.master][INFO] 2020-01-30 18:18:01,270: +SUB [/usb_cam/camera_info] /usb_cam/image_proc http://itachi-HP-Pavilion-Laptop-15-cc1xx:33779/
[rosmaster.master][INFO] 2020-01-30 18:18:01,282: +SUB [/usb_cam/image_raw] /usb_cam/image_proc http://itachi-HP-Pavilion-Laptop-15-cc1xx:33779/
[rosmaster.master][INFO] 2020-01-30 18:18:07,043: -SERVICE [/usb_cam/get_loggers] /usb_cam rosrpc://itachi-HP-Pavilion-Laptop-15-cc1xx:53631
[rosmaster.master][INFO] 2020-01-30 18:18:07,046: -SERVICE [/usb_cam/set_logger_level] /usb_cam rosrpc://itachi-HP-Pavilion-Laptop-15-cc1xx:53631
[rosmaster.master][INFO] 2020-01-30 18:18:07,049: -SERVICE [/usb_cam/image_raw/compressedDepth/set_parameters] /usb_cam rosrpc://itachi-HP-Pavilion-Laptop-15-cc1xx:53631
[rosmaster.master][INFO] 2020-01-30 18:18:07,052: -SERVICE [/usb_cam/image_raw/compressed/set_parameters] /usb_cam rosrpc://itachi-HP-Pavilion-Laptop-15-cc1xx:53631
[rosmaster.master][INFO] 2020-01-30 18:18:07,054: -SERVICE [/usb_cam/image_raw/theora/set_parameters] /usb_cam rosrpc://itachi-HP-Pavilion-Laptop-15-cc1xx:53631
[rosmaster.master][INFO] 2020-01-30 18:18:07,057: -SERVICE [/usb_cam/set_camera_info] /usb_cam rosrpc://itachi-HP-Pavilion-Laptop-15-cc1xx:53631
[rosmaster.master][INFO] 2020-01-30 18:18:07,060: -SERVICE [/usb_cam/start_capture] /usb_cam rosrpc://itachi-HP-Pavilion-Laptop-15-cc1xx:53631
[rosmaster.master][INFO] 2020-01-30 18:18:07,062: -SERVICE [/usb_cam/stop_capture] /usb_cam rosrpc://itachi-HP-Pavilion-Laptop-15-cc1xx:53631
[rosmaster.master][INFO] 2020-01-30 18:18:07,158: -PUB [/rosout] /usb_cam http://itachi-HP-Pavilion-Laptop-15-cc1xx:41037/
[rosmaster.master][INFO] 2020-01-30 18:18:07,160: -PUB [/usb_cam/image_raw/compressedDepth] /usb_cam http://itachi-HP-Pavilion-Laptop-15-cc1xx:41037/
[rosmaster.master][INFO] 2020-01-30 18:18:07,162: -PUB [/usb_cam/image_raw/compressedDepth/parameter_descriptions] /usb_cam http://itachi-HP-Pavilion-Laptop-15-cc1xx:41037/
[rosmaster.master][INFO] 2020-01-30 18:18:07,165: -PUB [/usb_cam/image_raw/compressedDepth/parameter_updates] /usb_cam http://itachi-HP-Pavilion-Laptop-15-cc1xx:41037/
[rosmaster.master][INFO] 2020-01-30 18:18:07,167: -PUB [/usb_cam/image_raw/compressed] /usb_cam http://itachi-HP-Pavilion-Laptop-15-cc1xx:41037/
[rosmaster.master][INFO] 2020-01-30 18:18:07,169: -PUB [/usb_cam/image_raw/compressed/parameter_descriptions] /usb_cam http://itachi-HP-Pavilion-Laptop-15-cc1xx:41037/
[rosmaster.master][INFO] 2020-01-30 18:18:07,172: -PUB [/usb_cam/image_raw/compressed/parameter_updates] /usb_cam http://itachi-HP-Pavilion-Laptop-15-cc1xx:41037/
[rosmaster.master][INFO] 2020-01-30 18:18:07,175: -PUB [/usb_cam/image_raw] /usb_cam http://itachi-HP-Pavilion-Laptop-15-cc1xx:41037/
[rosmaster.master][INFO] 2020-01-30 18:18:07,177: -PUB [/usb_cam/image_raw/theora] /usb_cam http://itachi-HP-Pavilion-Laptop-15-cc1xx:41037/
[rosmaster.master][INFO] 2020-01-30 18:18:07,180: -PUB [/usb_cam/image_raw/theora/parameter_descriptions] /usb_cam http://itachi-HP-Pavilion-Laptop-15-cc1xx:41037/
[rosmaster.master][INFO] 2020-01-30 18:18:07,182: -PUB [/usb_cam/image_raw/theora/parameter_updates] /usb_cam http://itachi-HP-Pavilion-Laptop-15-cc1xx:41037/
[rosmaster.master][INFO] 2020-01-30 18:18:07,184: -PUB [/usb_cam/camera_info] /usb_cam http://itachi-HP-Pavilion-Laptop-15-cc1xx:41037/
[rosmaster.master][INFO] 2020-01-30 18:18:07,253: publisherUpdate[/rosout] -> http://itachi-HP-Pavilion-Laptop-15-cc1xx:43835/ ['http://itachi-HP-Pavilion-Laptop-15-cc1xx:33779/', 'http://itachi-HP-Pavilion-Laptop-15-cc1xx:43471/', 'http://itachi-HP-Pavilion-Laptop-15-cc1xx:42621/']
[rosmaster.master][INFO] 2020-01-30 18:18:07,254: publisherUpdate[/usb_cam/image_raw] -> http://itachi-HP-Pavilion-Laptop-15-cc1xx:33779/ []
[rosmaster.master][INFO] 2020-01-30 18:18:07,255: publisherUpdate[/usb_cam/camera_info] -> http://itachi-HP-Pavilion-Laptop-15-cc1xx:43471/ []
[rosmaster.master][INFO] 2020-01-30 18:18:07,257: publisherUpdate[/rosout] -> http://itachi-HP-Pavilion-Laptop-15-cc1xx:43835/ ['http://itachi-HP-Pavilion-Laptop-15-cc1xx:33779/', 'http://itachi-HP-Pavilion-Laptop-15-cc1xx:43471/', 'http://itachi-HP-Pavilion-Laptop-15-cc1xx:42621/']: sec=0.00, result=[1, '', 0]
[rosmaster.master][INFO] 2020-01-30 18:18:07,259: publisherUpdate[/usb_cam/camera_info] -> http://itachi-HP-Pavilion-Laptop-15-cc1xx:43471/ []: sec=0.00, result=[1, '', 0]
[rosmaster.master][INFO] 2020-01-30 18:18:07,260: publisherUpdate[/usb_cam/image_raw] -> http://itachi-HP-Pavilion-Laptop-15-cc1xx:33779/ []: sec=0.01, result=[1, '', 0]
[rosmaster.master][INFO] 2020-01-30 18:18:07,261: publisherUpdate[/usb_cam/camera_info] -> http://itachi-HP-Pavilion-Laptop-15-cc1xx:33779/ []
[rosmaster.master][INFO] 2020-01-30 18:18:07,262: publisherUpdate[/usb_cam/camera_info] -> http://itachi-HP-Pavilion-Laptop-15-cc1xx:33779/ []: sec=0.00, result=[1, '', 0]
[rosmaster.master][INFO] 2020-01-30 18:18:08,151: -PUB [/rosout] /whycon_display/image_view http://itachi-HP-Pavilion-Laptop-15-cc1xx:42621/
[rosmaster.master][INFO] 2020-01-30 18:18:08,152: -PUB [/whycon_display/image_view/output] /whycon_display/image_view http://itachi-HP-Pavilion-Laptop-15-cc1xx:42621/
[rosmaster.master][INFO] 2020-01-30 18:18:08,153: -PUB [/whycon_display/image_view/parameter_descriptions] /whycon_display/image_view http://itachi-HP-Pavilion-Laptop-15-cc1xx:42621/
[rosmaster.master][INFO] 2020-01-30 18:18:08,153: -PUB [/whycon_display/image_view/parameter_updates] /whycon_display/image_view http://itachi-HP-Pavilion-Laptop-15-cc1xx:42621/
[rosmaster.master][INFO] 2020-01-30 18:18:08,154: -SUB [/whycon/image_out] /whycon_display/image_view http://itachi-HP-Pavilion-Laptop-15-cc1xx:42621/
[rosmaster.master][INFO] 2020-01-30 18:18:08,154: -SERVICE [/whycon_display/image_view/get_loggers] /whycon_display/image_view rosrpc://itachi-HP-Pavilion-Laptop-15-cc1xx:55165
[rosmaster.master][INFO] 2020-01-30 18:18:08,155: -SERVICE [/whycon_display/image_view/set_logger_level] /whycon_display/image_view rosrpc://itachi-HP-Pavilion-Laptop-15-cc1xx:55165
[rosmaster.master][INFO] 2020-01-30 18:18:08,155: -SERVICE [/whycon_display/image_view/set_parameters] /whycon_display/image_view rosrpc://itachi-HP-Pavilion-Laptop-15-cc1xx:55165
[rosmaster.master][INFO] 2020-01-30 18:18:08,160: -PUB [/rosout] /whycon http://itachi-HP-Pavilion-Laptop-15-cc1xx:43471/
[rosmaster.master][INFO] 2020-01-30 18:18:08,161: -PUB [/tf] /whycon http://itachi-HP-Pavilion-Laptop-15-cc1xx:43471/
[rosmaster.master][INFO] 2020-01-30 18:18:08,161: -PUB [/whycon/image_out] /whycon http://itachi-HP-Pavilion-Laptop-15-cc1xx:43471/
[rosmaster.master][INFO] 2020-01-30 18:18:08,162: -PUB [/whycon/poses] /whycon http://itachi-HP-Pavilion-Laptop-15-cc1xx:43471/
[rosmaster.master][INFO] 2020-01-30 18:18:08,162: publisherUpdate[/rosout] -> http://itachi-HP-Pavilion-Laptop-15-cc1xx:43835/ ['http://itachi-HP-Pavilion-Laptop-15-cc1xx:33779/', 'http://itachi-HP-Pavilion-Laptop-15-cc1xx:43471/']
[rosmaster.master][INFO] 2020-01-30 18:18:08,163: -PUB [/whycon/context] /whycon http://itachi-HP-Pavilion-Laptop-15-cc1xx:43471/
[rosmaster.master][INFO] 2020-01-30 18:18:08,163: publisherUpdate[/rosout] -> http://itachi-HP-Pavilion-Laptop-15-cc1xx:43835/ ['http://itachi-HP-Pavilion-Laptop-15-cc1xx:33779/', 'http://itachi-HP-Pavilion-Laptop-15-cc1xx:43471/']: sec=0.00, result=[1, '', 0]
[rosmaster.master][INFO] 2020-01-30 18:18:08,164: publisherUpdate[/rosout] -> http://itachi-HP-Pavilion-Laptop-15-cc1xx:43835/ ['http://itachi-HP-Pavilion-Laptop-15-cc1xx:33779/']
[rosmaster.master][INFO] 2020-01-30 18:18:08,166: -PUB [/rosout] /usb_cam/image_proc http://itachi-HP-Pavilion-Laptop-15-cc1xx:33779/
[rosmaster.master][INFO] 2020-01-30 18:18:08,166: publisherUpdate[/rosout] -> http://itachi-HP-Pavilion-Laptop-15-cc1xx:43835/ ['http://itachi-HP-Pavilion-Laptop-15-cc1xx:33779/']: sec=0.00, result=[1, '', 0]
[rosmaster.master][INFO] 2020-01-30 18:18:08,167: -PUB [/whycon/projection] /whycon http://itachi-HP-Pavilion-Laptop-15-cc1xx:43471/
[rosmaster.master][INFO] 2020-01-30 18:18:08,167: publisherUpdate[/rosout] -> http://itachi-HP-Pavilion-Laptop-15-cc1xx:43835/ []
[rosmaster.master][INFO] 2020-01-30 18:18:08,167: -PUB [/usb_cam/image_proc_debayer/parameter_descriptions] /usb_cam/image_proc http://itachi-HP-Pavilion-Laptop-15-cc1xx:33779/
[rosmaster.master][INFO] 2020-01-30 18:18:08,168: -SUB [/usb_cam/image_rect_color] /whycon http://itachi-HP-Pavilion-Laptop-15-cc1xx:43471/
[rosmaster.master][INFO] 2020-01-30 18:18:08,170: -PUB [/usb_cam/image_proc_debayer/parameter_updates] /usb_cam/image_proc http://itachi-HP-Pavilion-Laptop-15-cc1xx:33779/
[rosmaster.master][INFO] 2020-01-30 18:18:08,170: publisherUpdate[/rosout] -> http://itachi-HP-Pavilion-Laptop-15-cc1xx:43835/ []: sec=0.00, result=[1, '', 0]
[rosmaster.master][INFO] 2020-01-30 18:18:08,171: -SUB [/usb_cam/camera_info] /whycon http://itachi-HP-Pavilion-Laptop-15-cc1xx:43471/
[rosmaster.master][INFO] 2020-01-30 18:18:08,172: -SERVICE [/whycon/get_loggers] /whycon rosrpc://itachi-HP-Pavilion-Laptop-15-cc1xx:57723
[rosmaster.master][INFO] 2020-01-30 18:18:08,173: -PUB [/usb_cam/image_mono/compressedDepth] /usb_cam/image_proc http://itachi-HP-Pavilion-Laptop-15-cc1xx:33779/
[rosmaster.master][INFO] 2020-01-30 18:18:08,174: -SERVICE [/whycon/set_logger_level] /whycon rosrpc://itachi-HP-Pavilion-Laptop-15-cc1xx:57723
[rosmaster.master][INFO] 2020-01-30 18:18:08,174: -PUB [/usb_cam/image_mono/compressedDepth/parameter_descriptions] /usb_cam/image_proc http://itachi-HP-Pavilion-Laptop-15-cc1xx:33779/
[rosmaster.master][INFO] 2020-01-30 18:18:08,174: -SERVICE [/whycon/reset] /whycon rosrpc://itachi-HP-Pavilion-Laptop-15-cc1xx:57723
[rosmaster.master][INFO] 2020-01-30 18:18:08,175: -PUB [/usb_cam/image_mono/compressedDepth/parameter_updates] /usb_cam/image_proc http://itachi-HP-Pavilion-Laptop-15-cc1xx:33779/
[rosmaster.master][INFO] 2020-01-30 18:18:08,175: -PUB [/usb_cam/image_mono/compressed] /usb_cam/image_proc http://itachi-HP-Pavilion-Laptop-15-cc1xx:33779/
[rosmaster.master][INFO] 2020-01-30 18:18:08,176: -PUB [/usb_cam/image_mono/compressed/parameter_descriptions] /usb_cam/image_proc http://itachi-HP-Pavilion-Laptop-15-cc1xx:33779/
[rosmaster.master][INFO] 2020-01-30 18:18:08,176: -PUB [/usb_cam/image_mono/compressed/parameter_updates] /usb_cam/image_proc http://itachi-HP-Pavilion-Laptop-15-cc1xx:33779/
[rosmaster.master][INFO] 2020-01-30 18:18:08,177: -PUB [/usb_cam/image_mono] /usb_cam/image_proc http://itachi-HP-Pavilion-Laptop-15-cc1xx:33779/
[rosmaster.master][INFO] 2020-01-30 18:18:08,177: -PUB [/usb_cam/image_mono/theora] /usb_cam/image_proc http://itachi-HP-Pavilion-Laptop-15-cc1xx:33779/
[rosmaster.master][INFO] 2020-01-30 18:18:08,178: -PUB [/usb_cam/image_mono/theora/parameter_descriptions] /usb_cam/image_proc http://itachi-HP-Pavilion-Laptop-15-cc1xx:33779/
[rosmaster.master][INFO] 2020-01-30 18:18:08,178: -PUB [/usb_cam/image_mono/theora/parameter_updates] /usb_cam/image_proc http://itachi-HP-Pavilion-Laptop-15-cc1xx:33779/
[rosmaster.master][INFO] 2020-01-30 18:18:08,178: -PUB [/usb_cam/image_color/compressedDepth] /usb_cam/image_proc http://itachi-HP-Pavilion-Laptop-15-cc1xx:33779/
[rosmaster.master][INFO] 2020-01-30 18:18:08,179: -PUB [/usb_cam/image_color/compressedDepth/parameter_descriptions] /usb_cam/image_proc http://itachi-HP-Pavilion-Laptop-15-cc1xx:33779/
[rosmaster.master][INFO] 2020-01-30 18:18:08,179: -PUB [/usb_cam/image_color/compressedDepth/parameter_updates] /usb_cam/image_proc http://itachi-HP-Pavilion-Laptop-15-cc1xx:33779/
[rosmaster.master][INFO] 2020-01-30 18:18:08,180: -PUB [/usb_cam/image_color/compressed] /usb_cam/image_proc http://itachi-HP-Pavilion-Laptop-15-cc1xx:33779/
[rosmaster.master][INFO] 2020-01-30 18:18:08,180: -PUB [/usb_cam/image_color/compressed/parameter_descriptions] /usb_cam/image_proc http://itachi-HP-Pavilion-Laptop-15-cc1xx:33779/
[rosmaster.master][INFO] 2020-01-30 18:18:08,181: -PUB [/usb_cam/image_color/compressed/parameter_updates] /usb_cam/image_proc http://itachi-HP-Pavilion-Laptop-15-cc1xx:33779/
[rosmaster.master][INFO] 2020-01-30 18:18:08,182: -PUB [/usb_cam/image_color] /usb_cam/image_proc http://itachi-HP-Pavilion-Laptop-15-cc1xx:33779/
[rosmaster.master][INFO] 2020-01-30 18:18:08,182: -PUB [/usb_cam/image_color/theora] /usb_cam/image_proc http://itachi-HP-Pavilion-Laptop-15-cc1xx:33779/
[rosmaster.master][INFO] 2020-01-30 18:18:08,183: -PUB [/usb_cam/image_color/theora/parameter_descriptions] /usb_cam/image_proc http://itachi-HP-Pavilion-Laptop-15-cc1xx:33779/
[rosmaster.master][INFO] 2020-01-30 18:18:08,183: -PUB [/usb_cam/image_color/theora/parameter_updates] /usb_cam/image_proc http://itachi-HP-Pavilion-Laptop-15-cc1xx:33779/
[rosmaster.master][INFO] 2020-01-30 18:18:08,184: -PUB [/usb_cam/image_proc_rectify_mono/parameter_descriptions] /usb_cam/image_proc http://itachi-HP-Pavilion-Laptop-15-cc1xx:33779/
[rosmaster.master][INFO] 2020-01-30 18:18:08,184: -PUB [/usb_cam/image_proc_rectify_mono/parameter_updates] /usb_cam/image_proc http://itachi-HP-Pavilion-Laptop-15-cc1xx:33779/
[rosmaster.master][INFO] 2020-01-30 18:18:08,185: -PUB [/usb_cam/image_rect/compressedDepth] /usb_cam/image_proc http://itachi-HP-Pavilion-Laptop-15-cc1xx:33779/
[rosmaster.master][INFO] 2020-01-30 18:18:08,185: -PUB [/usb_cam/image_rect/compressedDepth/parameter_descriptions] /usb_cam/image_proc http://itachi-HP-Pavilion-Laptop-15-cc1xx:33779/
[rosmaster.master][INFO] 2020-01-30 18:18:08,185: -PUB [/usb_cam/image_rect/compressedDepth/parameter_updates] /usb_cam/image_proc http://itachi-HP-Pavilion-Laptop-15-cc1xx:33779/
[rosmaster.master][INFO] 2020-01-30 18:18:08,186: -PUB [/usb_cam/image_rect/compressed] /usb_cam/image_proc http://itachi-HP-Pavilion-Laptop-15-cc1xx:33779/
[rosmaster.master][INFO] 2020-01-30 18:18:08,186: -PUB [/usb_cam/image_rect/compressed/parameter_descriptions] /usb_cam/image_proc http://itachi-HP-Pavilion-Laptop-15-cc1xx:33779/
[rosmaster.master][INFO] 2020-01-30 18:18:08,187: -PUB [/usb_cam/image_rect/compressed/parameter_updates] /usb_cam/image_proc http://itachi-HP-Pavilion-Laptop-15-cc1xx:33779/
[rosmaster.master][INFO] 2020-01-30 18:18:08,187: -PUB [/usb_cam/image_rect] /usb_cam/image_proc http://itachi-HP-Pavilion-Laptop-15-cc1xx:33779/
[rosmaster.master][INFO] 2020-01-30 18:18:08,188: -PUB [/usb_cam/image_rect/theora] /usb_cam/image_proc http://itachi-HP-Pavilion-Laptop-15-cc1xx:33779/
[rosmaster.master][INFO] 2020-01-30 18:18:08,188: -PUB [/usb_cam/image_rect/theora/parameter_descriptions] /usb_cam/image_proc http://itachi-HP-Pavilion-Laptop-15-cc1xx:33779/
[rosmaster.master][INFO] 2020-01-30 18:18:08,188: -PUB [/usb_cam/image_rect/theora/parameter_updates] /usb_cam/image_proc http://itachi-HP-Pavilion-Laptop-15-cc1xx:33779/
[rosmaster.master][INFO] 2020-01-30 18:18:08,189: -PUB [/usb_cam/image_proc_rectify_color/parameter_descriptions] /usb_cam/image_proc http://itachi-HP-Pavilion-Laptop-15-cc1xx:33779/
[rosmaster.master][INFO] 2020-01-30 18:18:08,189: -PUB [/usb_cam/image_proc_rectify_color/parameter_updates] /usb_cam/image_proc http://itachi-HP-Pavilion-Laptop-15-cc1xx:33779/
[rosmaster.master][INFO] 2020-01-30 18:18:08,190: -PUB [/usb_cam/image_rect_color/compressedDepth] /usb_cam/image_proc http://itachi-HP-Pavilion-Laptop-15-cc1xx:33779/
[rosmaster.master][INFO] 2020-01-30 18:18:08,190: -PUB [/usb_cam/image_rect_color/compressedDepth/parameter_descriptions] /usb_cam/image_proc http://itachi-HP-Pavilion-Laptop-15-cc1xx:33779/
[rosmaster.master][INFO] 2020-01-30 18:18:08,191: -PUB [/usb_cam/image_rect_color/compressedDepth/parameter_updates] /usb_cam/image_proc http://itachi-HP-Pavilion-Laptop-15-cc1xx:33779/
[rosmaster.master][INFO] 2020-01-30 18:18:08,191: -PUB [/usb_cam/image_rect_color/compressed] /usb_cam/image_proc http://itachi-HP-Pavilion-Laptop-15-cc1xx:33779/
[rosmaster.master][INFO] 2020-01-30 18:18:08,192: -PUB [/usb_cam/image_rect_color/compressed/parameter_descriptions] /usb_cam/image_proc http://itachi-HP-Pavilion-Laptop-15-cc1xx:33779/
[rosmaster.master][INFO] 2020-01-30 18:18:08,192: -PUB [/usb_cam/image_rect_color/compressed/parameter_updates] /usb_cam/image_proc http://itachi-HP-Pavilion-Laptop-15-cc1xx:33779/
[rosmaster.master][INFO] 2020-01-30 18:18:08,192: -PUB [/usb_cam/image_rect_color] /usb_cam/image_proc http://itachi-HP-Pavilion-Laptop-15-cc1xx:33779/
[rosmaster.master][INFO] 2020-01-30 18:18:08,193: -PUB [/usb_cam/image_rect_color/theora] /usb_cam/image_proc http://itachi-HP-Pavilion-Laptop-15-cc1xx:33779/
[rosmaster.master][INFO] 2020-01-30 18:18:08,193: -PUB [/usb_cam/image_rect_color/theora/parameter_descriptions] /usb_cam/image_proc http://itachi-HP-Pavilion-Laptop-15-cc1xx:33779/
[rosmaster.master][INFO] 2020-01-30 18:18:08,194: -PUB [/usb_cam/image_rect_color/theora/parameter_updates] /usb_cam/image_proc http://itachi-HP-Pavilion-Laptop-15-cc1xx:33779/
[rosmaster.master][INFO] 2020-01-30 18:18:08,194: -SUB [/usb_cam/image_color] /usb_cam/image_proc http://itachi-HP-Pavilion-Laptop-15-cc1xx:33779/
[rosmaster.master][INFO] 2020-01-30 18:18:08,195: -SUB [/usb_cam/camera_info] /usb_cam/image_proc http://itachi-HP-Pavilion-Laptop-15-cc1xx:33779/
[rosmaster.master][INFO] 2020-01-30 18:18:08,195: -SUB [/usb_cam/image_raw] /usb_cam/image_proc http://itachi-HP-Pavilion-Laptop-15-cc1xx:33779/
[rosmaster.master][INFO] 2020-01-30 18:18:08,196: -SERVICE [/usb_cam/image_proc/get_loggers] /usb_cam/image_proc rosrpc://itachi-HP-Pavilion-Laptop-15-cc1xx:57437
[rosmaster.master][INFO] 2020-01-30 18:18:08,196: -SERVICE [/usb_cam/image_proc/set_logger_level] /usb_cam/image_proc rosrpc://itachi-HP-Pavilion-Laptop-15-cc1xx:57437
[rosmaster.master][INFO] 2020-01-30 18:18:08,196: -SERVICE [/usb_cam/image_proc_debayer/set_parameters] /usb_cam/image_proc rosrpc://itachi-HP-Pavilion-Laptop-15-cc1xx:57437
[rosmaster.master][INFO] 2020-01-30 18:18:08,197: -SERVICE [/usb_cam/image_mono/compressedDepth/set_parameters] /usb_cam/image_proc rosrpc://itachi-HP-Pavilion-Laptop-15-cc1xx:57437
[rosmaster.master][INFO] 2020-01-30 18:18:08,197: -SERVICE [/usb_cam/image_mono/compressed/set_parameters] /usb_cam/image_proc rosrpc://itachi-HP-Pavilion-Laptop-15-cc1xx:57437
[rosmaster.master][INFO] 2020-01-30 18:18:08,199: -SERVICE [/usb_cam/image_mono/theora/set_parameters] /usb_cam/image_proc rosrpc://itachi-HP-Pavilion-Laptop-15-cc1xx:57437
[rosmaster.master][INFO] 2020-01-30 18:18:08,199: -SERVICE [/usb_cam/image_color/compressedDepth/set_parameters] /usb_cam/image_proc rosrpc://itachi-HP-Pavilion-Laptop-15-cc1xx:57437
[rosmaster.master][INFO] 2020-01-30 18:18:08,200: -SERVICE [/usb_cam/image_color/compressed/set_parameters] /usb_cam/image_proc rosrpc://itachi-HP-Pavilion-Laptop-15-cc1xx:57437
[rosmaster.master][INFO] 2020-01-30 18:18:08,200: -SERVICE [/usb_cam/image_color/theora/set_parameters] /usb_cam/image_proc rosrpc://itachi-HP-Pavilion-Laptop-15-cc1xx:57437
[rosmaster.master][INFO] 2020-01-30 18:18:08,201: -SERVICE [/usb_cam/image_proc_rectify_mono/set_parameters] /usb_cam/image_proc rosrpc://itachi-HP-Pavilion-Laptop-15-cc1xx:57437
[rosmaster.master][INFO] 2020-01-30 18:18:08,201: -SERVICE [/usb_cam/image_rect/compressedDepth/set_parameters] /usb_cam/image_proc rosrpc://itachi-HP-Pavilion-Laptop-15-cc1xx:57437
[rosmaster.master][INFO] 2020-01-30 18:18:08,202: -SERVICE [/usb_cam/image_rect/compressed/set_parameters] /usb_cam/image_proc rosrpc://itachi-HP-Pavilion-Laptop-15-cc1xx:57437
[rosmaster.master][INFO] 2020-01-30 18:18:08,202: -SERVICE [/usb_cam/image_rect/theora/set_parameters] /usb_cam/image_proc rosrpc://itachi-HP-Pavilion-Laptop-15-cc1xx:57437
[rosmaster.master][INFO] 2020-01-30 18:18:08,202: -SERVICE [/usb_cam/image_proc_rectify_color/set_parameters] /usb_cam/image_proc rosrpc://itachi-HP-Pavilion-Laptop-15-cc1xx:57437
[rosmaster.master][INFO] 2020-01-30 18:18:08,203: -SERVICE [/usb_cam/image_rect_color/compressedDepth/set_parameters] /usb_cam/image_proc rosrpc://itachi-HP-Pavilion-Laptop-15-cc1xx:57437
[rosmaster.master][INFO] 2020-01-30 18:18:08,203: -SERVICE [/usb_cam/image_rect_color/compressed/set_parameters] /usb_cam/image_proc rosrpc://itachi-HP-Pavilion-Laptop-15-cc1xx:57437
[rosmaster.master][INFO] 2020-01-30 18:18:08,204: -SERVICE [/usb_cam/image_rect_color/theora/set_parameters] /usb_cam/image_proc rosrpc://itachi-HP-Pavilion-Laptop-15-cc1xx:57437
[rosmaster.master][INFO] 2020-01-30 18:18:08,263: publisherUpdate[/usb_cam/image_color] -> http://itachi-HP-Pavilion-Laptop-15-cc1xx:33779/ []
[rosmaster.master][INFO] 2020-01-30 18:18:08,263: publisherUpdate[/usb_cam/image_color] -> http://itachi-HP-Pavilion-Laptop-15-cc1xx:33779/ []: sec=0.00, exception=<Fault -1: 'publisherUpdate: unknown method name'>
[rosmaster.threadpool][ERROR] 2020-01-30 18:18:08,264: Traceback (most recent call last):
  File "/opt/ros/kinetic/lib/python2.7/dist-packages/rosmaster/threadpool.py", line 218, in run
    result = cmd(*args)
  File "/opt/ros/kinetic/lib/python2.7/dist-packages/rosmaster/master_api.py", line 210, in publisher_update_task
    ret = xmlrpcapi(api).publisherUpdate('/master', topic, pub_uris)
  File "/usr/lib/python2.7/xmlrpclib.py", line 1243, in __call__
    return self.__send(self.__name, args)
  File "/usr/lib/python2.7/xmlrpclib.py", line 1602, in __request
    verbose=self.__verbose
  File "/usr/lib/python2.7/xmlrpclib.py", line 1283, in request
    return self.single_request(host, handler, request_body, verbose)
  File "/usr/lib/python2.7/xmlrpclib.py", line 1316, in single_request
    return self.parse_response(response)
  File "/usr/lib/python2.7/xmlrpclib.py", line 1493, in parse_response
    return u.close()
  File "/usr/lib/python2.7/xmlrpclib.py", line 800, in close
    raise Fault(**self._stack[0])
Fault: <Fault -1: 'publisherUpdate: unknown method name'>

[rosmaster.master][INFO] 2020-01-30 18:18:08,570: -PUB [/rosout_agg] /rosout http://itachi-HP-Pavilion-Laptop-15-cc1xx:43835/
[rosmaster.master][INFO] 2020-01-30 18:18:08,570: -SUB [/rosout] /rosout http://itachi-HP-Pavilion-Laptop-15-cc1xx:43835/
[rosmaster.master][INFO] 2020-01-30 18:18:08,571: -SERVICE [/rosout/get_loggers] /rosout rosrpc://itachi-HP-Pavilion-Laptop-15-cc1xx:33031
[rosmaster.master][INFO] 2020-01-30 18:18:08,571: -SERVICE [/rosout/set_logger_level] /rosout rosrpc://itachi-HP-Pavilion-Laptop-15-cc1xx:33031
[rosmaster.main][INFO] 2020-01-30 18:18:08,617: keyboard interrupt, will exit
[rosmaster.main][INFO] 2020-01-30 18:18:08,618: stopping master...
[rospy.core][INFO] 2020-01-30 18:18:08,618: signal_shutdown [atexit]
