[rosmaster.main][INFO] 2019-12-28 00:51:33,963: initialization complete, waiting for shutdown
[rosmaster.main][INFO] 2019-12-28 00:51:33,963: Starting ROS Master Node
[xmlrpc][INFO] 2019-12-28 00:51:33,964: XML-RPC server binding to 0.0.0.0:11311
[xmlrpc][INFO] 2019-12-28 00:51:33,964: Started XML-RPC server [http://itachi-HP-Pavilion-Laptop-15-cc1xx:11311/]
[xmlrpc][INFO] 2019-12-28 00:51:33,964: xml rpc node: starting XML-RPC server
[rosmaster.master][INFO] 2019-12-28 00:51:33,964: Master initialized: port[11311], uri[http://itachi-HP-Pavilion-Laptop-15-cc1xx:11311/]
[rosmaster.master][INFO] 2019-12-28 00:51:34,015: +PARAM [/run_id] by /roslaunch
[rosmaster.master][INFO] 2019-12-28 00:51:34,016: +PARAM [/roslaunch/uris/host_itachi_hp_pavilion_laptop_15_cc1xx__43397] by /roslaunch
[rosmaster.master][INFO] 2019-12-28 00:51:34,105: +PARAM [/rosversion] by /roslaunch
[rosmaster.master][INFO] 2019-12-28 00:51:34,105: +PARAM [/rosdistro] by /roslaunch
[rosmaster.master][INFO] 2019-12-28 00:51:34,111: +SERVICE [/rosout/get_loggers] /rosout http://itachi-HP-Pavilion-Laptop-15-cc1xx:40553/
[rosmaster.master][INFO] 2019-12-28 00:51:34,112: +SERVICE [/rosout/set_logger_level] /rosout http://itachi-HP-Pavilion-Laptop-15-cc1xx:40553/
[rosmaster.master][INFO] 2019-12-28 00:51:34,113: +PUB [/rosout_agg] /rosout http://itachi-HP-Pavilion-Laptop-15-cc1xx:40553/
[rosmaster.master][INFO] 2019-12-28 00:51:34,116: +SUB [/rosout] /rosout http://itachi-HP-Pavilion-Laptop-15-cc1xx:40553/
[rosmaster.master][INFO] 2019-12-28 00:51:36,342: +PARAM [/roslaunch/uris/host_itachi_hp_pavilion_laptop_15_cc1xx__42101] by /roslaunch
[rosmaster.master][INFO] 2019-12-28 00:51:36,345: +PARAM [/usb_cam/image_width] by /roslaunch
[rosmaster.master][INFO] 2019-12-28 00:51:36,345: +PARAM [/usb_cam/video_device] by /roslaunch
[rosmaster.master][INFO] 2019-12-28 00:51:36,345: +PARAM [/rosdistro] by /roslaunch
[rosmaster.master][INFO] 2019-12-28 00:51:36,345: +PARAM [/whycon/targets] by /roslaunch
[rosmaster.master][INFO] 2019-12-28 00:51:36,345: +PARAM [/usb_cam/pixel_format] by /roslaunch
[rosmaster.master][INFO] 2019-12-28 00:51:36,345: +PARAM [/usb_cam/io_method] by /roslaunch
[rosmaster.master][INFO] 2019-12-28 00:51:36,345: +PARAM [/usb_cam/camera_frame_id] by /roslaunch
[rosmaster.master][INFO] 2019-12-28 00:51:36,345: +PARAM [/rosversion] by /roslaunch
[rosmaster.master][INFO] 2019-12-28 00:51:36,345: +PARAM [/whycon/outer_diameter] by /roslaunch
[rosmaster.master][INFO] 2019-12-28 00:51:36,345: +PARAM [/usb_cam/image_height] by /roslaunch
[rosmaster.master][INFO] 2019-12-28 00:51:36,345: +PARAM [/whycon/name] by /roslaunch
[rosmaster.master][INFO] 2019-12-28 00:51:36,345: +PARAM [/whycon/inner_diameter] by /roslaunch
[rosmaster.master][INFO] 2019-12-28 00:51:36,428: +PUB [/rosout] /usb_cam http://itachi-HP-Pavilion-Laptop-15-cc1xx:45997/
[rosmaster.master][INFO] 2019-12-28 00:51:36,429: +SERVICE [/usb_cam/get_loggers] /usb_cam http://itachi-HP-Pavilion-Laptop-15-cc1xx:45997/
[rosmaster.master][INFO] 2019-12-28 00:51:36,430: +SERVICE [/usb_cam/set_logger_level] /usb_cam http://itachi-HP-Pavilion-Laptop-15-cc1xx:45997/
[rosmaster.master][INFO] 2019-12-28 00:51:36,438: +PUB [/rosout] /usb_cam/image_proc http://itachi-HP-Pavilion-Laptop-15-cc1xx:40303/
[rosmaster.master][INFO] 2019-12-28 00:51:36,438: +SERVICE [/usb_cam/image_proc/get_loggers] /usb_cam/image_proc http://itachi-HP-Pavilion-Laptop-15-cc1xx:40303/
[rosmaster.master][INFO] 2019-12-28 00:51:36,439: +SERVICE [/usb_cam/image_proc/set_logger_level] /usb_cam/image_proc http://itachi-HP-Pavilion-Laptop-15-cc1xx:40303/
[rosmaster.master][INFO] 2019-12-28 00:51:36,451: +PUB [/rosout] /whycon http://itachi-HP-Pavilion-Laptop-15-cc1xx:36399/
[rosmaster.master][INFO] 2019-12-28 00:51:36,452: +SERVICE [/whycon/get_loggers] /whycon http://itachi-HP-Pavilion-Laptop-15-cc1xx:36399/
[rosmaster.master][INFO] 2019-12-28 00:51:36,453: +SERVICE [/whycon/set_logger_level] /whycon http://itachi-HP-Pavilion-Laptop-15-cc1xx:36399/
[rosmaster.master][INFO] 2019-12-28 00:51:36,460: +PUB [/rosout] /whycon_display/image_view http://itachi-HP-Pavilion-Laptop-15-cc1xx:36435/
[rosmaster.master][INFO] 2019-12-28 00:51:36,461: +SERVICE [/whycon_display/image_view/get_loggers] /whycon_display/image_view http://itachi-HP-Pavilion-Laptop-15-cc1xx:36435/
[rosmaster.master][INFO] 2019-12-28 00:51:36,462: +SERVICE [/whycon_display/image_view/set_logger_level] /whycon_display/image_view http://itachi-HP-Pavilion-Laptop-15-cc1xx:36435/
[rosmaster.master][INFO] 2019-12-28 00:51:36,469: +SERVICE [/usb_cam/image_proc_debayer/set_parameters] /usb_cam/image_proc http://itachi-HP-Pavilion-Laptop-15-cc1xx:40303/
[rosmaster.master][INFO] 2019-12-28 00:51:36,469: publisherUpdate[/rosout] -> http://itachi-HP-Pavilion-Laptop-15-cc1xx:40553/ ['http://itachi-HP-Pavilion-Laptop-15-cc1xx:45997/']
[rosmaster.master][INFO] 2019-12-28 00:51:36,470: +PUB [/usb_cam/image_proc_debayer/parameter_descriptions] /usb_cam/image_proc http://itachi-HP-Pavilion-Laptop-15-cc1xx:40303/
[rosmaster.master][INFO] 2019-12-28 00:51:36,471: publisherUpdate[/rosout] -> http://itachi-HP-Pavilion-Laptop-15-cc1xx:40553/ ['http://itachi-HP-Pavilion-Laptop-15-cc1xx:45997/']: sec=0.00, result=[1, '', 0]
[rosmaster.master][INFO] 2019-12-28 00:51:36,471: +PUB [/usb_cam/image_proc_debayer/parameter_updates] /usb_cam/image_proc http://itachi-HP-Pavilion-Laptop-15-cc1xx:40303/
[rosmaster.master][INFO] 2019-12-28 00:51:36,472: publisherUpdate[/rosout] -> http://itachi-HP-Pavilion-Laptop-15-cc1xx:40553/ ['http://itachi-HP-Pavilion-Laptop-15-cc1xx:45997/', 'http://itachi-HP-Pavilion-Laptop-15-cc1xx:40303/']
[rosmaster.master][INFO] 2019-12-28 00:51:36,472: +PUB [/usb_cam/image_raw/compressedDepth] /usb_cam http://itachi-HP-Pavilion-Laptop-15-cc1xx:45997/
[rosmaster.master][INFO] 2019-12-28 00:51:36,473: publisherUpdate[/rosout] -> http://itachi-HP-Pavilion-Laptop-15-cc1xx:40553/ ['http://itachi-HP-Pavilion-Laptop-15-cc1xx:45997/', 'http://itachi-HP-Pavilion-Laptop-15-cc1xx:40303/']: sec=0.00, result=[1, '', 0]
[rosmaster.master][INFO] 2019-12-28 00:51:36,473: publisherUpdate[/rosout] -> http://itachi-HP-Pavilion-Laptop-15-cc1xx:40553/ ['http://itachi-HP-Pavilion-Laptop-15-cc1xx:45997/', 'http://itachi-HP-Pavilion-Laptop-15-cc1xx:40303/', 'http://itachi-HP-Pavilion-Laptop-15-cc1xx:36399/']
[rosmaster.master][INFO] 2019-12-28 00:51:36,474: +SERVICE [/usb_cam/image_raw/compressedDepth/set_parameters] /usb_cam http://itachi-HP-Pavilion-Laptop-15-cc1xx:45997/
[rosmaster.master][INFO] 2019-12-28 00:51:36,474: publisherUpdate[/rosout] -> http://itachi-HP-Pavilion-Laptop-15-cc1xx:40553/ ['http://itachi-HP-Pavilion-Laptop-15-cc1xx:45997/', 'http://itachi-HP-Pavilion-Laptop-15-cc1xx:40303/', 'http://itachi-HP-Pavilion-Laptop-15-cc1xx:36399/']: sec=0.00, result=[1, '', 0]
[rosmaster.master][INFO] 2019-12-28 00:51:36,475: +PARAM [/usb_cam/image_proc_debayer/debayer] by /usb_cam/image_proc
[rosmaster.master][INFO] 2019-12-28 00:51:36,475: publisherUpdate[/rosout] -> http://itachi-HP-Pavilion-Laptop-15-cc1xx:40553/ ['http://itachi-HP-Pavilion-Laptop-15-cc1xx:45997/', 'http://itachi-HP-Pavilion-Laptop-15-cc1xx:40303/', 'http://itachi-HP-Pavilion-Laptop-15-cc1xx:36399/', 'http://itachi-HP-Pavilion-Laptop-15-cc1xx:36435/']
[rosmaster.master][INFO] 2019-12-28 00:51:36,476: +PUB [/usb_cam/image_raw/compressedDepth/parameter_descriptions] /usb_cam http://itachi-HP-Pavilion-Laptop-15-cc1xx:45997/
[rosmaster.master][INFO] 2019-12-28 00:51:36,477: publisherUpdate[/rosout] -> http://itachi-HP-Pavilion-Laptop-15-cc1xx:40553/ ['http://itachi-HP-Pavilion-Laptop-15-cc1xx:45997/', 'http://itachi-HP-Pavilion-Laptop-15-cc1xx:40303/', 'http://itachi-HP-Pavilion-Laptop-15-cc1xx:36399/', 'http://itachi-HP-Pavilion-Laptop-15-cc1xx:36435/']: sec=0.00, result=[1, '', 0]
[rosmaster.master][INFO] 2019-12-28 00:51:36,477: +PARAM [/usb_cam/image_proc_debayer/debayer] by /usb_cam/image_proc
[rosmaster.master][INFO] 2019-12-28 00:51:36,478: +PUB [/usb_cam/image_raw/compressedDepth/parameter_updates] /usb_cam http://itachi-HP-Pavilion-Laptop-15-cc1xx:45997/
[rosmaster.master][INFO] 2019-12-28 00:51:36,481: +PUB [/usb_cam/image_mono/compressedDepth] /usb_cam/image_proc http://itachi-HP-Pavilion-Laptop-15-cc1xx:40303/
[rosmaster.master][INFO] 2019-12-28 00:51:36,482: +SERVICE [/usb_cam/image_mono/compressedDepth/set_parameters] /usb_cam/image_proc http://itachi-HP-Pavilion-Laptop-15-cc1xx:40303/
[rosmaster.master][INFO] 2019-12-28 00:51:36,484: +PARAM [/usb_cam/image_raw/compressedDepth/depth_max] by /usb_cam
[rosmaster.master][INFO] 2019-12-28 00:51:36,484: +PUB [/usb_cam/image_mono/compressedDepth/parameter_descriptions] /usb_cam/image_proc http://itachi-HP-Pavilion-Laptop-15-cc1xx:40303/
[rosmaster.master][INFO] 2019-12-28 00:51:36,485: +PARAM [/usb_cam/image_raw/compressedDepth/depth_quantization] by /usb_cam
[rosmaster.master][INFO] 2019-12-28 00:51:36,486: +PUB [/usb_cam/image_mono/compressedDepth/parameter_updates] /usb_cam/image_proc http://itachi-HP-Pavilion-Laptop-15-cc1xx:40303/
[rosmaster.master][INFO] 2019-12-28 00:51:36,487: +PARAM [/usb_cam/image_raw/compressedDepth/png_level] by /usb_cam
[rosmaster.master][INFO] 2019-12-28 00:51:36,488: +PARAM [/usb_cam/image_raw/compressedDepth/depth_max] by /usb_cam
[rosmaster.master][INFO] 2019-12-28 00:51:36,490: +PARAM [/usb_cam/image_raw/compressedDepth/depth_quantization] by /usb_cam
[rosmaster.master][INFO] 2019-12-28 00:51:36,491: +PARAM [/usb_cam/image_raw/compressedDepth/png_level] by /usb_cam
[rosmaster.master][INFO] 2019-12-28 00:51:36,492: +PARAM [/usb_cam/image_mono/compressedDepth/depth_max] by /usb_cam/image_proc
[rosmaster.master][INFO] 2019-12-28 00:51:36,492: +PARAM [/usb_cam/image_mono/compressedDepth/depth_quantization] by /usb_cam/image_proc
[rosmaster.master][INFO] 2019-12-28 00:51:36,493: +PUB [/usb_cam/image_raw/compressed] /usb_cam http://itachi-HP-Pavilion-Laptop-15-cc1xx:45997/
[rosmaster.master][INFO] 2019-12-28 00:51:36,494: +PARAM [/usb_cam/image_mono/compressedDepth/png_level] by /usb_cam/image_proc
[rosmaster.master][INFO] 2019-12-28 00:51:36,495: +SERVICE [/usb_cam/image_raw/compressed/set_parameters] /usb_cam http://itachi-HP-Pavilion-Laptop-15-cc1xx:45997/
[rosmaster.master][INFO] 2019-12-28 00:51:36,496: +PARAM [/usb_cam/image_mono/compressedDepth/depth_max] by /usb_cam/image_proc
[rosmaster.master][INFO] 2019-12-28 00:51:36,497: +PUB [/usb_cam/image_raw/compressed/parameter_descriptions] /usb_cam http://itachi-HP-Pavilion-Laptop-15-cc1xx:45997/
[rosmaster.master][INFO] 2019-12-28 00:51:36,498: +PARAM [/usb_cam/image_mono/compressedDepth/depth_quantization] by /usb_cam/image_proc
[rosmaster.master][INFO] 2019-12-28 00:51:36,498: +PUB [/usb_cam/image_raw/compressed/parameter_updates] /usb_cam http://itachi-HP-Pavilion-Laptop-15-cc1xx:45997/
[rosmaster.master][INFO] 2019-12-28 00:51:36,499: +PUB [/tf] /whycon http://itachi-HP-Pavilion-Laptop-15-cc1xx:36399/
[rosmaster.master][INFO] 2019-12-28 00:51:36,501: +PARAM [/usb_cam/image_mono/compressedDepth/png_level] by /usb_cam/image_proc
[rosmaster.master][INFO] 2019-12-28 00:51:36,502: +PUB [/usb_cam/image_mono/compressed] /usb_cam/image_proc http://itachi-HP-Pavilion-Laptop-15-cc1xx:40303/
[rosmaster.master][INFO] 2019-12-28 00:51:36,504: +SERVICE [/usb_cam/image_mono/compressed/set_parameters] /usb_cam/image_proc http://itachi-HP-Pavilion-Laptop-15-cc1xx:40303/
[rosmaster.master][INFO] 2019-12-28 00:51:36,504: +PARAM [/usb_cam/image_raw/compressed/format] by /usb_cam
[rosmaster.master][INFO] 2019-12-28 00:51:36,506: +PUB [/usb_cam/image_mono/compressed/parameter_descriptions] /usb_cam/image_proc http://itachi-HP-Pavilion-Laptop-15-cc1xx:40303/
[rosmaster.master][INFO] 2019-12-28 00:51:36,506: +PARAM [/usb_cam/image_raw/compressed/jpeg_quality] by /usb_cam
[rosmaster.master][INFO] 2019-12-28 00:51:36,507: +PUB [/usb_cam/image_mono/compressed/parameter_updates] /usb_cam/image_proc http://itachi-HP-Pavilion-Laptop-15-cc1xx:40303/
[rosmaster.master][INFO] 2019-12-28 00:51:36,508: +PARAM [/usb_cam/image_raw/compressed/png_level] by /usb_cam
[rosmaster.master][INFO] 2019-12-28 00:51:36,511: +PARAM [/usb_cam/image_raw/compressed/format] by /usb_cam
[rosmaster.master][INFO] 2019-12-28 00:51:36,513: +PARAM [/usb_cam/image_raw/compressed/jpeg_quality] by /usb_cam
[rosmaster.master][INFO] 2019-12-28 00:51:36,514: +SUB [/usb_cam/image_rect_color] /whycon http://itachi-HP-Pavilion-Laptop-15-cc1xx:36399/
[rosmaster.master][INFO] 2019-12-28 00:51:36,515: +PARAM [/usb_cam/image_raw/compressed/png_level] by /usb_cam
[rosmaster.master][INFO] 2019-12-28 00:51:36,516: +PARAM [/usb_cam/image_mono/compressed/format] by /usb_cam/image_proc
[rosmaster.master][INFO] 2019-12-28 00:51:36,518: +PUB [/usb_cam/image_raw] /usb_cam http://itachi-HP-Pavilion-Laptop-15-cc1xx:45997/
[rosmaster.master][INFO] 2019-12-28 00:51:36,518: +PARAM [/usb_cam/image_mono/compressed/jpeg_quality] by /usb_cam/image_proc
[rosmaster.master][INFO] 2019-12-28 00:51:36,520: +PARAM [/usb_cam/image_mono/compressed/png_level] by /usb_cam/image_proc
[rosmaster.master][INFO] 2019-12-28 00:51:36,521: +PUB [/usb_cam/image_raw/theora] /usb_cam http://itachi-HP-Pavilion-Laptop-15-cc1xx:45997/
[rosmaster.master][INFO] 2019-12-28 00:51:36,522: +PARAM [/usb_cam/image_mono/compressed/format] by /usb_cam/image_proc
[rosmaster.master][INFO] 2019-12-28 00:51:36,523: +SERVICE [/usb_cam/image_raw/theora/set_parameters] /usb_cam http://itachi-HP-Pavilion-Laptop-15-cc1xx:45997/
[rosmaster.master][INFO] 2019-12-28 00:51:36,524: +PARAM [/usb_cam/image_mono/compressed/jpeg_quality] by /usb_cam/image_proc
[rosmaster.master][INFO] 2019-12-28 00:51:36,527: +PUB [/usb_cam/image_raw/theora/parameter_descriptions] /usb_cam http://itachi-HP-Pavilion-Laptop-15-cc1xx:45997/
[rosmaster.master][INFO] 2019-12-28 00:51:36,528: +PARAM [/usb_cam/image_mono/compressed/png_level] by /usb_cam/image_proc
[rosmaster.master][INFO] 2019-12-28 00:51:36,529: +SUB [/usb_cam/camera_info] /whycon http://itachi-HP-Pavilion-Laptop-15-cc1xx:36399/
[rosmaster.master][INFO] 2019-12-28 00:51:36,530: +PUB [/usb_cam/image_raw/theora/parameter_updates] /usb_cam http://itachi-HP-Pavilion-Laptop-15-cc1xx:45997/
[rosmaster.master][INFO] 2019-12-28 00:51:36,530: +PUB [/usb_cam/image_mono] /usb_cam/image_proc http://itachi-HP-Pavilion-Laptop-15-cc1xx:40303/
[rosmaster.master][INFO] 2019-12-28 00:51:36,531: +PUB [/whycon/image_out] /whycon http://itachi-HP-Pavilion-Laptop-15-cc1xx:36399/
[rosmaster.master][INFO] 2019-12-28 00:51:36,533: +PUB [/usb_cam/image_mono/theora] /usb_cam/image_proc http://itachi-HP-Pavilion-Laptop-15-cc1xx:40303/
[rosmaster.master][INFO] 2019-12-28 00:51:36,533: +PUB [/whycon/poses] /whycon http://itachi-HP-Pavilion-Laptop-15-cc1xx:36399/
[rosmaster.master][INFO] 2019-12-28 00:51:36,534: +SERVICE [/usb_cam/image_mono/theora/set_parameters] /usb_cam/image_proc http://itachi-HP-Pavilion-Laptop-15-cc1xx:40303/
[rosmaster.master][INFO] 2019-12-28 00:51:36,535: +PUB [/whycon/context] /whycon http://itachi-HP-Pavilion-Laptop-15-cc1xx:36399/
[rosmaster.master][INFO] 2019-12-28 00:51:36,536: +PUB [/usb_cam/image_mono/theora/parameter_descriptions] /usb_cam/image_proc http://itachi-HP-Pavilion-Laptop-15-cc1xx:40303/
[rosmaster.master][INFO] 2019-12-28 00:51:36,537: +PUB [/whycon/projection] /whycon http://itachi-HP-Pavilion-Laptop-15-cc1xx:36399/
[rosmaster.master][INFO] 2019-12-28 00:51:36,538: +PUB [/usb_cam/image_mono/theora/parameter_updates] /usb_cam/image_proc http://itachi-HP-Pavilion-Laptop-15-cc1xx:40303/
[rosmaster.master][INFO] 2019-12-28 00:51:36,539: +PARAM [/usb_cam/image_raw/theora/optimize_for] by /usb_cam
[rosmaster.master][INFO] 2019-12-28 00:51:36,539: +SERVICE [/whycon/reset] /whycon http://itachi-HP-Pavilion-Laptop-15-cc1xx:36399/
[rosmaster.master][INFO] 2019-12-28 00:51:36,541: +PARAM [/usb_cam/image_raw/theora/target_bitrate] by /usb_cam
[rosmaster.master][INFO] 2019-12-28 00:51:36,542: +PARAM [/usb_cam/image_raw/theora/quality] by /usb_cam
[rosmaster.master][INFO] 2019-12-28 00:51:36,543: +PARAM [/usb_cam/image_raw/theora/keyframe_frequency] by /usb_cam
[rosmaster.master][INFO] 2019-12-28 00:51:36,544: +PARAM [/usb_cam/image_mono/theora/optimize_for] by /usb_cam/image_proc
[rosmaster.master][INFO] 2019-12-28 00:51:36,544: +PARAM [/usb_cam/image_raw/theora/optimize_for] by /usb_cam
[rosmaster.master][INFO] 2019-12-28 00:51:36,545: +PARAM [/usb_cam/image_mono/theora/target_bitrate] by /usb_cam/image_proc
[rosmaster.master][INFO] 2019-12-28 00:51:36,546: +PARAM [/usb_cam/image_raw/theora/target_bitrate] by /usb_cam
[rosmaster.master][INFO] 2019-12-28 00:51:36,546: +PARAM [/usb_cam/image_mono/theora/quality] by /usb_cam/image_proc
[rosmaster.master][INFO] 2019-12-28 00:51:36,547: +PARAM [/usb_cam/image_raw/theora/quality] by /usb_cam
[rosmaster.master][INFO] 2019-12-28 00:51:36,548: +PARAM [/usb_cam/image_mono/theora/keyframe_frequency] by /usb_cam/image_proc
[rosmaster.master][INFO] 2019-12-28 00:51:36,549: +PARAM [/usb_cam/image_raw/theora/keyframe_frequency] by /usb_cam
[rosmaster.master][INFO] 2019-12-28 00:51:36,550: +PARAM [/usb_cam/image_mono/theora/optimize_for] by /usb_cam/image_proc
[rosmaster.master][INFO] 2019-12-28 00:51:36,550: +PUB [/usb_cam/camera_info] /usb_cam http://itachi-HP-Pavilion-Laptop-15-cc1xx:45997/
[rosmaster.master][INFO] 2019-12-28 00:51:36,551: +PARAM [/usb_cam/image_mono/theora/target_bitrate] by /usb_cam/image_proc
[rosmaster.master][INFO] 2019-12-28 00:51:36,552: +PARAM [/usb_cam/image_mono/theora/quality] by /usb_cam/image_proc
[rosmaster.master][INFO] 2019-12-28 00:51:36,553: +PARAM [/usb_cam/image_mono/theora/keyframe_frequency] by /usb_cam/image_proc
[rosmaster.master][INFO] 2019-12-28 00:51:36,555: +PUB [/usb_cam/image_color/compressedDepth] /usb_cam/image_proc http://itachi-HP-Pavilion-Laptop-15-cc1xx:40303/
[rosmaster.master][INFO] 2019-12-28 00:51:36,556: +SERVICE [/usb_cam/image_color/compressedDepth/set_parameters] /usb_cam/image_proc http://itachi-HP-Pavilion-Laptop-15-cc1xx:40303/
[rosmaster.master][INFO] 2019-12-28 00:51:36,557: +PUB [/usb_cam/image_color/compressedDepth/parameter_descriptions] /usb_cam/image_proc http://itachi-HP-Pavilion-Laptop-15-cc1xx:40303/
[rosmaster.master][INFO] 2019-12-28 00:51:36,558: +PUB [/usb_cam/image_color/compressedDepth/parameter_updates] /usb_cam/image_proc http://itachi-HP-Pavilion-Laptop-15-cc1xx:40303/
[rosmaster.master][INFO] 2019-12-28 00:51:36,561: +PARAM [/usb_cam/image_color/compressedDepth/depth_max] by /usb_cam/image_proc
[rosmaster.master][INFO] 2019-12-28 00:51:36,562: +PARAM [/usb_cam/image_color/compressedDepth/depth_quantization] by /usb_cam/image_proc
[rosmaster.master][INFO] 2019-12-28 00:51:36,563: +PARAM [/usb_cam/image_color/compressedDepth/png_level] by /usb_cam/image_proc
[rosmaster.master][INFO] 2019-12-28 00:51:36,564: +PARAM [/usb_cam/image_color/compressedDepth/depth_max] by /usb_cam/image_proc
[rosmaster.master][INFO] 2019-12-28 00:51:36,565: +PARAM [/usb_cam/image_color/compressedDepth/depth_quantization] by /usb_cam/image_proc
[rosmaster.master][INFO] 2019-12-28 00:51:36,566: +PARAM [/usb_cam/image_color/compressedDepth/png_level] by /usb_cam/image_proc
[rosmaster.master][INFO] 2019-12-28 00:51:36,567: +PUB [/usb_cam/image_color/compressed] /usb_cam/image_proc http://itachi-HP-Pavilion-Laptop-15-cc1xx:40303/
[rosmaster.master][INFO] 2019-12-28 00:51:36,568: +SERVICE [/usb_cam/image_color/compressed/set_parameters] /usb_cam/image_proc http://itachi-HP-Pavilion-Laptop-15-cc1xx:40303/
[rosmaster.master][INFO] 2019-12-28 00:51:36,569: +PUB [/usb_cam/image_color/compressed/parameter_descriptions] /usb_cam/image_proc http://itachi-HP-Pavilion-Laptop-15-cc1xx:40303/
[rosmaster.master][INFO] 2019-12-28 00:51:36,569: publisherUpdate[/usb_cam/camera_info] -> http://itachi-HP-Pavilion-Laptop-15-cc1xx:36399/ ['http://itachi-HP-Pavilion-Laptop-15-cc1xx:45997/']
[rosmaster.master][INFO] 2019-12-28 00:51:36,570: +PUB [/usb_cam/image_color/compressed/parameter_updates] /usb_cam/image_proc http://itachi-HP-Pavilion-Laptop-15-cc1xx:40303/
[rosmaster.master][INFO] 2019-12-28 00:51:36,570: publisherUpdate[/usb_cam/camera_info] -> http://itachi-HP-Pavilion-Laptop-15-cc1xx:36399/ ['http://itachi-HP-Pavilion-Laptop-15-cc1xx:45997/']: sec=0.00, result=[1, '', 0]
[rosmaster.master][INFO] 2019-12-28 00:51:36,575: +PARAM [/usb_cam/image_color/compressed/format] by /usb_cam/image_proc
[rosmaster.master][INFO] 2019-12-28 00:51:36,576: +PARAM [/usb_cam/image_color/compressed/jpeg_quality] by /usb_cam/image_proc
[rosmaster.master][INFO] 2019-12-28 00:51:36,577: +SERVICE [/usb_cam/set_camera_info] /usb_cam http://itachi-HP-Pavilion-Laptop-15-cc1xx:45997/
[rosmaster.master][INFO] 2019-12-28 00:51:36,578: +PARAM [/usb_cam/image_color/compressed/png_level] by /usb_cam/image_proc
[rosmaster.master][INFO] 2019-12-28 00:51:36,579: +SERVICE [/usb_cam/start_capture] /usb_cam http://itachi-HP-Pavilion-Laptop-15-cc1xx:45997/
[rosmaster.master][INFO] 2019-12-28 00:51:36,580: +PARAM [/usb_cam/image_color/compressed/format] by /usb_cam/image_proc
[rosmaster.master][INFO] 2019-12-28 00:51:36,581: +SERVICE [/usb_cam/stop_capture] /usb_cam http://itachi-HP-Pavilion-Laptop-15-cc1xx:45997/
[rosmaster.master][INFO] 2019-12-28 00:51:36,581: +PARAM [/usb_cam/image_color/compressed/jpeg_quality] by /usb_cam/image_proc
[rosmaster.master][INFO] 2019-12-28 00:51:36,582: +PARAM [/usb_cam/image_color/compressed/png_level] by /usb_cam/image_proc
[rosmaster.master][INFO] 2019-12-28 00:51:36,585: +PUB [/usb_cam/image_color] /usb_cam/image_proc http://itachi-HP-Pavilion-Laptop-15-cc1xx:40303/
[rosmaster.master][INFO] 2019-12-28 00:51:36,586: +PUB [/usb_cam/image_color/theora] /usb_cam/image_proc http://itachi-HP-Pavilion-Laptop-15-cc1xx:40303/
[rosmaster.master][INFO] 2019-12-28 00:51:36,588: +SERVICE [/usb_cam/image_color/theora/set_parameters] /usb_cam/image_proc http://itachi-HP-Pavilion-Laptop-15-cc1xx:40303/
[rosmaster.master][INFO] 2019-12-28 00:51:36,590: +PUB [/usb_cam/image_color/theora/parameter_descriptions] /usb_cam/image_proc http://itachi-HP-Pavilion-Laptop-15-cc1xx:40303/
[rosmaster.master][INFO] 2019-12-28 00:51:36,597: +PUB [/usb_cam/image_color/theora/parameter_updates] /usb_cam/image_proc http://itachi-HP-Pavilion-Laptop-15-cc1xx:40303/
[rosmaster.master][INFO] 2019-12-28 00:51:36,600: +PARAM [/usb_cam/image_color/theora/optimize_for] by /usb_cam/image_proc
[rosmaster.master][INFO] 2019-12-28 00:51:36,602: +PARAM [/usb_cam/image_color/theora/target_bitrate] by /usb_cam/image_proc
[rosmaster.master][INFO] 2019-12-28 00:51:36,603: +PARAM [/usb_cam/image_color/theora/quality] by /usb_cam/image_proc
[rosmaster.master][INFO] 2019-12-28 00:51:36,604: +PARAM [/usb_cam/image_color/theora/keyframe_frequency] by /usb_cam/image_proc
[rosmaster.master][INFO] 2019-12-28 00:51:36,605: +PARAM [/usb_cam/image_color/theora/optimize_for] by /usb_cam/image_proc
[rosmaster.master][INFO] 2019-12-28 00:51:36,605: +PARAM [/usb_cam/image_color/theora/target_bitrate] by /usb_cam/image_proc
[rosmaster.master][INFO] 2019-12-28 00:51:36,606: +PARAM [/usb_cam/image_color/theora/quality] by /usb_cam/image_proc
[rosmaster.master][INFO] 2019-12-28 00:51:36,607: +PARAM [/usb_cam/image_color/theora/keyframe_frequency] by /usb_cam/image_proc
[rosmaster.master][INFO] 2019-12-28 00:51:36,610: +SERVICE [/usb_cam/image_proc_rectify_mono/set_parameters] /usb_cam/image_proc http://itachi-HP-Pavilion-Laptop-15-cc1xx:40303/
[rosmaster.master][INFO] 2019-12-28 00:51:36,610: +PUB [/usb_cam/image_proc_rectify_mono/parameter_descriptions] /usb_cam/image_proc http://itachi-HP-Pavilion-Laptop-15-cc1xx:40303/
[rosmaster.master][INFO] 2019-12-28 00:51:36,611: +PUB [/usb_cam/image_proc_rectify_mono/parameter_updates] /usb_cam/image_proc http://itachi-HP-Pavilion-Laptop-15-cc1xx:40303/
[rosmaster.master][INFO] 2019-12-28 00:51:36,615: +PARAM [/usb_cam/image_proc_rectify_mono/interpolation] by /usb_cam/image_proc
[rosmaster.master][INFO] 2019-12-28 00:51:36,616: +PARAM [/usb_cam/image_proc_rectify_mono/interpolation] by /usb_cam/image_proc
[rosmaster.master][INFO] 2019-12-28 00:51:36,617: +PUB [/usb_cam/image_rect/compressedDepth] /usb_cam/image_proc http://itachi-HP-Pavilion-Laptop-15-cc1xx:40303/
[rosmaster.master][INFO] 2019-12-28 00:51:36,618: +SERVICE [/usb_cam/image_rect/compressedDepth/set_parameters] /usb_cam/image_proc http://itachi-HP-Pavilion-Laptop-15-cc1xx:40303/
[rosmaster.master][INFO] 2019-12-28 00:51:36,619: +PUB [/usb_cam/image_rect/compressedDepth/parameter_descriptions] /usb_cam/image_proc http://itachi-HP-Pavilion-Laptop-15-cc1xx:40303/
[rosmaster.master][INFO] 2019-12-28 00:51:36,619: +PUB [/usb_cam/image_rect/compressedDepth/parameter_updates] /usb_cam/image_proc http://itachi-HP-Pavilion-Laptop-15-cc1xx:40303/
[rosmaster.master][INFO] 2019-12-28 00:51:36,621: +PARAM [/usb_cam/image_rect/compressedDepth/depth_max] by /usb_cam/image_proc
[rosmaster.master][INFO] 2019-12-28 00:51:36,622: +PARAM [/usb_cam/image_rect/compressedDepth/depth_quantization] by /usb_cam/image_proc
[rosmaster.master][INFO] 2019-12-28 00:51:36,622: +PARAM [/usb_cam/image_rect/compressedDepth/png_level] by /usb_cam/image_proc
[rosmaster.master][INFO] 2019-12-28 00:51:36,623: +PARAM [/usb_cam/image_rect/compressedDepth/depth_max] by /usb_cam/image_proc
[rosmaster.master][INFO] 2019-12-28 00:51:36,624: +PARAM [/usb_cam/image_rect/compressedDepth/depth_quantization] by /usb_cam/image_proc
[rosmaster.master][INFO] 2019-12-28 00:51:36,624: +PARAM [/usb_cam/image_rect/compressedDepth/png_level] by /usb_cam/image_proc
[rosmaster.master][INFO] 2019-12-28 00:51:36,625: +PUB [/usb_cam/image_rect/compressed] /usb_cam/image_proc http://itachi-HP-Pavilion-Laptop-15-cc1xx:40303/
[rosmaster.master][INFO] 2019-12-28 00:51:36,626: +SERVICE [/usb_cam/image_rect/compressed/set_parameters] /usb_cam/image_proc http://itachi-HP-Pavilion-Laptop-15-cc1xx:40303/
[rosmaster.master][INFO] 2019-12-28 00:51:36,626: +PUB [/usb_cam/image_rect/compressed/parameter_descriptions] /usb_cam/image_proc http://itachi-HP-Pavilion-Laptop-15-cc1xx:40303/
[rosmaster.master][INFO] 2019-12-28 00:51:36,627: +PUB [/usb_cam/image_rect/compressed/parameter_updates] /usb_cam/image_proc http://itachi-HP-Pavilion-Laptop-15-cc1xx:40303/
[rosmaster.master][INFO] 2019-12-28 00:51:36,632: +PARAM [/usb_cam/image_rect/compressed/format] by /usb_cam/image_proc
[rosmaster.master][INFO] 2019-12-28 00:51:36,633: +PARAM [/usb_cam/image_rect/compressed/jpeg_quality] by /usb_cam/image_proc
[rosmaster.master][INFO] 2019-12-28 00:51:36,634: +PARAM [/usb_cam/image_rect/compressed/png_level] by /usb_cam/image_proc
[rosmaster.master][INFO] 2019-12-28 00:51:36,635: +PARAM [/usb_cam/image_rect/compressed/format] by /usb_cam/image_proc
[rosmaster.master][INFO] 2019-12-28 00:51:36,636: +PARAM [/usb_cam/image_rect/compressed/jpeg_quality] by /usb_cam/image_proc
[rosmaster.master][INFO] 2019-12-28 00:51:36,637: +PARAM [/usb_cam/image_rect/compressed/png_level] by /usb_cam/image_proc
[rosmaster.master][INFO] 2019-12-28 00:51:36,638: +SUB [/whycon/image_out] /whycon_display/image_view http://itachi-HP-Pavilion-Laptop-15-cc1xx:36435/
[rosmaster.master][INFO] 2019-12-28 00:51:36,639: +PUB [/usb_cam/image_rect] /usb_cam/image_proc http://itachi-HP-Pavilion-Laptop-15-cc1xx:40303/
[rosmaster.master][INFO] 2019-12-28 00:51:36,639: +PUB [/whycon_display/image_view/output] /whycon_display/image_view http://itachi-HP-Pavilion-Laptop-15-cc1xx:36435/
[rosmaster.master][INFO] 2019-12-28 00:51:36,640: +PUB [/usb_cam/image_rect/theora] /usb_cam/image_proc http://itachi-HP-Pavilion-Laptop-15-cc1xx:40303/
[rosmaster.master][INFO] 2019-12-28 00:51:36,640: +SERVICE [/whycon_display/image_view/set_parameters] /whycon_display/image_view http://itachi-HP-Pavilion-Laptop-15-cc1xx:36435/
[rosmaster.master][INFO] 2019-12-28 00:51:36,641: +SERVICE [/usb_cam/image_rect/theora/set_parameters] /usb_cam/image_proc http://itachi-HP-Pavilion-Laptop-15-cc1xx:40303/
[rosmaster.master][INFO] 2019-12-28 00:51:36,642: +PUB [/whycon_display/image_view/parameter_descriptions] /whycon_display/image_view http://itachi-HP-Pavilion-Laptop-15-cc1xx:36435/
[rosmaster.master][INFO] 2019-12-28 00:51:36,642: +PUB [/usb_cam/image_rect/theora/parameter_descriptions] /usb_cam/image_proc http://itachi-HP-Pavilion-Laptop-15-cc1xx:40303/
[rosmaster.master][INFO] 2019-12-28 00:51:36,643: +PUB [/whycon_display/image_view/parameter_updates] /whycon_display/image_view http://itachi-HP-Pavilion-Laptop-15-cc1xx:36435/
[rosmaster.master][INFO] 2019-12-28 00:51:36,644: +PUB [/usb_cam/image_rect/theora/parameter_updates] /usb_cam/image_proc http://itachi-HP-Pavilion-Laptop-15-cc1xx:40303/
[rosmaster.master][INFO] 2019-12-28 00:51:36,651: +PARAM [/whycon_display/image_view/do_dynamic_scaling] by /whycon_display/image_view
[rosmaster.master][INFO] 2019-12-28 00:51:36,651: +PARAM [/usb_cam/image_rect/theora/optimize_for] by /usb_cam/image_proc
[rosmaster.master][INFO] 2019-12-28 00:51:36,652: +PARAM [/whycon_display/image_view/colormap] by /whycon_display/image_view
[rosmaster.master][INFO] 2019-12-28 00:51:36,653: +PARAM [/usb_cam/image_rect/theora/target_bitrate] by /usb_cam/image_proc
[rosmaster.master][INFO] 2019-12-28 00:51:36,654: +PARAM [/whycon_display/image_view/min_image_value] by /whycon_display/image_view
[rosmaster.master][INFO] 2019-12-28 00:51:36,654: +PARAM [/usb_cam/image_rect/theora/quality] by /usb_cam/image_proc
[rosmaster.master][INFO] 2019-12-28 00:51:36,655: +PARAM [/whycon_display/image_view/max_image_value] by /whycon_display/image_view
[rosmaster.master][INFO] 2019-12-28 00:51:36,656: +PARAM [/usb_cam/image_rect/theora/keyframe_frequency] by /usb_cam/image_proc
[rosmaster.master][INFO] 2019-12-28 00:51:36,656: +PARAM [/whycon_display/image_view/do_dynamic_scaling] by /whycon_display/image_view
[rosmaster.master][INFO] 2019-12-28 00:51:36,657: +PARAM [/usb_cam/image_rect/theora/optimize_for] by /usb_cam/image_proc
[rosmaster.master][INFO] 2019-12-28 00:51:36,657: +PARAM [/whycon_display/image_view/colormap] by /whycon_display/image_view
[rosmaster.master][INFO] 2019-12-28 00:51:36,658: +PARAM [/usb_cam/image_rect/theora/target_bitrate] by /usb_cam/image_proc
[rosmaster.master][INFO] 2019-12-28 00:51:36,659: +PARAM [/whycon_display/image_view/min_image_value] by /whycon_display/image_view
[rosmaster.master][INFO] 2019-12-28 00:51:36,659: +PARAM [/usb_cam/image_rect/theora/quality] by /usb_cam/image_proc
[rosmaster.master][INFO] 2019-12-28 00:51:36,660: +PARAM [/whycon_display/image_view/max_image_value] by /whycon_display/image_view
[rosmaster.master][INFO] 2019-12-28 00:51:36,661: +PARAM [/usb_cam/image_rect/theora/keyframe_frequency] by /usb_cam/image_proc
[rosmaster.master][INFO] 2019-12-28 00:51:36,664: +SERVICE [/usb_cam/image_proc_rectify_color/set_parameters] /usb_cam/image_proc http://itachi-HP-Pavilion-Laptop-15-cc1xx:40303/
[rosmaster.master][INFO] 2019-12-28 00:51:36,665: +PUB [/usb_cam/image_proc_rectify_color/parameter_descriptions] /usb_cam/image_proc http://itachi-HP-Pavilion-Laptop-15-cc1xx:40303/
[rosmaster.master][INFO] 2019-12-28 00:51:36,665: +PUB [/usb_cam/image_proc_rectify_color/parameter_updates] /usb_cam/image_proc http://itachi-HP-Pavilion-Laptop-15-cc1xx:40303/
[rosmaster.master][INFO] 2019-12-28 00:51:36,666: +PARAM [/usb_cam/image_proc_rectify_color/interpolation] by /usb_cam/image_proc
[rosmaster.master][INFO] 2019-12-28 00:51:36,667: +PARAM [/usb_cam/image_proc_rectify_color/interpolation] by /usb_cam/image_proc
[rosmaster.master][INFO] 2019-12-28 00:51:36,668: +PUB [/usb_cam/image_rect_color/compressedDepth] /usb_cam/image_proc http://itachi-HP-Pavilion-Laptop-15-cc1xx:40303/
[rosmaster.master][INFO] 2019-12-28 00:51:36,669: +SERVICE [/usb_cam/image_rect_color/compressedDepth/set_parameters] /usb_cam/image_proc http://itachi-HP-Pavilion-Laptop-15-cc1xx:40303/
[rosmaster.master][INFO] 2019-12-28 00:51:36,670: +PUB [/usb_cam/image_rect_color/compressedDepth/parameter_descriptions] /usb_cam/image_proc http://itachi-HP-Pavilion-Laptop-15-cc1xx:40303/
[rosmaster.master][INFO] 2019-12-28 00:51:36,670: +PUB [/usb_cam/image_rect_color/compressedDepth/parameter_updates] /usb_cam/image_proc http://itachi-HP-Pavilion-Laptop-15-cc1xx:40303/
[rosmaster.master][INFO] 2019-12-28 00:51:36,672: +PARAM [/usb_cam/image_rect_color/compressedDepth/depth_max] by /usb_cam/image_proc
[rosmaster.master][INFO] 2019-12-28 00:51:36,673: +PARAM [/usb_cam/image_rect_color/compressedDepth/depth_quantization] by /usb_cam/image_proc
[rosmaster.master][INFO] 2019-12-28 00:51:36,673: +PARAM [/usb_cam/image_rect_color/compressedDepth/png_level] by /usb_cam/image_proc
[rosmaster.master][INFO] 2019-12-28 00:51:36,674: +PARAM [/usb_cam/image_rect_color/compressedDepth/depth_max] by /usb_cam/image_proc
[rosmaster.master][INFO] 2019-12-28 00:51:36,675: +PARAM [/usb_cam/image_rect_color/compressedDepth/depth_quantization] by /usb_cam/image_proc
[rosmaster.master][INFO] 2019-12-28 00:51:36,675: +PARAM [/usb_cam/image_rect_color/compressedDepth/png_level] by /usb_cam/image_proc
[rosmaster.master][INFO] 2019-12-28 00:51:36,676: +PUB [/usb_cam/image_rect_color/compressed] /usb_cam/image_proc http://itachi-HP-Pavilion-Laptop-15-cc1xx:40303/
[rosmaster.master][INFO] 2019-12-28 00:51:36,677: +SERVICE [/usb_cam/image_rect_color/compressed/set_parameters] /usb_cam/image_proc http://itachi-HP-Pavilion-Laptop-15-cc1xx:40303/
[rosmaster.master][INFO] 2019-12-28 00:51:36,679: +PUB [/usb_cam/image_rect_color/compressed/parameter_descriptions] /usb_cam/image_proc http://itachi-HP-Pavilion-Laptop-15-cc1xx:40303/
[rosmaster.master][INFO] 2019-12-28 00:51:36,679: +PUB [/usb_cam/image_rect_color/compressed/parameter_updates] /usb_cam/image_proc http://itachi-HP-Pavilion-Laptop-15-cc1xx:40303/
[rosmaster.master][INFO] 2019-12-28 00:51:36,681: +PARAM [/usb_cam/image_rect_color/compressed/format] by /usb_cam/image_proc
[rosmaster.master][INFO] 2019-12-28 00:51:36,682: +PARAM [/usb_cam/image_rect_color/compressed/jpeg_quality] by /usb_cam/image_proc
[rosmaster.master][INFO] 2019-12-28 00:51:36,682: +PARAM [/usb_cam/image_rect_color/compressed/png_level] by /usb_cam/image_proc
[rosmaster.master][INFO] 2019-12-28 00:51:36,683: +PARAM [/usb_cam/image_rect_color/compressed/format] by /usb_cam/image_proc
[rosmaster.master][INFO] 2019-12-28 00:51:36,683: +PARAM [/usb_cam/image_rect_color/compressed/jpeg_quality] by /usb_cam/image_proc
[rosmaster.master][INFO] 2019-12-28 00:51:36,684: +PARAM [/usb_cam/image_rect_color/compressed/png_level] by /usb_cam/image_proc
[rosmaster.master][INFO] 2019-12-28 00:51:36,685: +PUB [/usb_cam/image_rect_color] /usb_cam/image_proc http://itachi-HP-Pavilion-Laptop-15-cc1xx:40303/
[rosmaster.master][INFO] 2019-12-28 00:51:36,685: +PUB [/usb_cam/image_rect_color/theora] /usb_cam/image_proc http://itachi-HP-Pavilion-Laptop-15-cc1xx:40303/
[rosmaster.master][INFO] 2019-12-28 00:51:36,686: +SERVICE [/usb_cam/image_rect_color/theora/set_parameters] /usb_cam/image_proc http://itachi-HP-Pavilion-Laptop-15-cc1xx:40303/
[rosmaster.master][INFO] 2019-12-28 00:51:36,687: +PUB [/usb_cam/image_rect_color/theora/parameter_descriptions] /usb_cam/image_proc http://itachi-HP-Pavilion-Laptop-15-cc1xx:40303/
[rosmaster.master][INFO] 2019-12-28 00:51:36,687: +PUB [/usb_cam/image_rect_color/theora/parameter_updates] /usb_cam/image_proc http://itachi-HP-Pavilion-Laptop-15-cc1xx:40303/
[rosmaster.master][INFO] 2019-12-28 00:51:36,689: +PARAM [/usb_cam/image_rect_color/theora/optimize_for] by /usb_cam/image_proc
[rosmaster.master][INFO] 2019-12-28 00:51:36,690: +PARAM [/usb_cam/image_rect_color/theora/target_bitrate] by /usb_cam/image_proc
[rosmaster.master][INFO] 2019-12-28 00:51:36,691: +PARAM [/usb_cam/image_rect_color/theora/quality] by /usb_cam/image_proc
[rosmaster.master][INFO] 2019-12-28 00:51:36,691: +PARAM [/usb_cam/image_rect_color/theora/keyframe_frequency] by /usb_cam/image_proc
[rosmaster.master][INFO] 2019-12-28 00:51:36,692: +PARAM [/usb_cam/image_rect_color/theora/optimize_for] by /usb_cam/image_proc
[rosmaster.master][INFO] 2019-12-28 00:51:36,692: +PARAM [/usb_cam/image_rect_color/theora/target_bitrate] by /usb_cam/image_proc
[rosmaster.master][INFO] 2019-12-28 00:51:36,693: +PARAM [/usb_cam/image_rect_color/theora/quality] by /usb_cam/image_proc
[rosmaster.master][INFO] 2019-12-28 00:51:36,693: +PARAM [/usb_cam/image_rect_color/theora/keyframe_frequency] by /usb_cam/image_proc
[rosmaster.master][INFO] 2019-12-28 00:51:36,770: publisherUpdate[/usb_cam/image_rect_color] -> http://itachi-HP-Pavilion-Laptop-15-cc1xx:36399/ ['http://itachi-HP-Pavilion-Laptop-15-cc1xx:40303/']
[rosmaster.master][INFO] 2019-12-28 00:51:36,772: publisherUpdate[/usb_cam/image_rect_color] -> http://itachi-HP-Pavilion-Laptop-15-cc1xx:36399/ ['http://itachi-HP-Pavilion-Laptop-15-cc1xx:40303/']: sec=0.00, result=[1, '', 0]
[rosmaster.master][INFO] 2019-12-28 00:51:36,893: +SUB [/usb_cam/image_color] /usb_cam/image_proc http://itachi-HP-Pavilion-Laptop-15-cc1xx:40303/
[rosmaster.master][INFO] 2019-12-28 00:51:36,903: +SUB [/usb_cam/camera_info] /usb_cam/image_proc http://itachi-HP-Pavilion-Laptop-15-cc1xx:40303/
[rosmaster.master][INFO] 2019-12-28 00:51:36,914: +SUB [/usb_cam/image_raw] /usb_cam/image_proc http://itachi-HP-Pavilion-Laptop-15-cc1xx:40303/
[rosmaster.master][INFO] 2019-12-28 00:51:39,104: +PUB [/rosout] /DroneNode http://itachi-HP-Pavilion-Laptop-15-cc1xx:46799/
[rosmaster.master][INFO] 2019-12-28 00:51:39,105: +SERVICE [/DroneNode/get_loggers] /DroneNode http://itachi-HP-Pavilion-Laptop-15-cc1xx:46799/
[rosmaster.master][INFO] 2019-12-28 00:51:39,106: +SERVICE [/DroneNode/set_logger_level] /DroneNode http://itachi-HP-Pavilion-Laptop-15-cc1xx:46799/
[rosmaster.master][INFO] 2019-12-28 00:51:39,110: +SUB [/drone_command] /DroneNode http://itachi-HP-Pavilion-Laptop-15-cc1xx:46799/
[rosmaster.master][INFO] 2019-12-28 00:51:39,176: publisherUpdate[/rosout] -> http://itachi-HP-Pavilion-Laptop-15-cc1xx:40553/ ['http://itachi-HP-Pavilion-Laptop-15-cc1xx:45997/', 'http://itachi-HP-Pavilion-Laptop-15-cc1xx:40303/', 'http://itachi-HP-Pavilion-Laptop-15-cc1xx:36399/', 'http://itachi-HP-Pavilion-Laptop-15-cc1xx:36435/', 'http://itachi-HP-Pavilion-Laptop-15-cc1xx:46799/']
[rosmaster.master][INFO] 2019-12-28 00:51:39,178: publisherUpdate[/rosout] -> http://itachi-HP-Pavilion-Laptop-15-cc1xx:40553/ ['http://itachi-HP-Pavilion-Laptop-15-cc1xx:45997/', 'http://itachi-HP-Pavilion-Laptop-15-cc1xx:40303/', 'http://itachi-HP-Pavilion-Laptop-15-cc1xx:36399/', 'http://itachi-HP-Pavilion-Laptop-15-cc1xx:36435/', 'http://itachi-HP-Pavilion-Laptop-15-cc1xx:46799/']: sec=0.00, result=[1, '', 0]
[rosmaster.master][INFO] 2019-12-28 00:51:44,702: +PUB [/rosout] /drone_control http://itachi-HP-Pavilion-Laptop-15-cc1xx:42989/
[rosmaster.master][INFO] 2019-12-28 00:51:44,705: +SERVICE [/drone_control/get_loggers] /drone_control http://itachi-HP-Pavilion-Laptop-15-cc1xx:42989/
[rosmaster.master][INFO] 2019-12-28 00:51:44,706: +SERVICE [/drone_control/set_logger_level] /drone_control http://itachi-HP-Pavilion-Laptop-15-cc1xx:42989/
[rosmaster.master][INFO] 2019-12-28 00:51:44,709: +PUB [/drone_command] /drone_control http://itachi-HP-Pavilion-Laptop-15-cc1xx:42989/
[rosmaster.master][INFO] 2019-12-28 00:51:44,712: +PUB [/alt_error] /drone_control http://itachi-HP-Pavilion-Laptop-15-cc1xx:42989/
[rosmaster.master][INFO] 2019-12-28 00:51:44,715: +PUB [/pitch_error] /drone_control http://itachi-HP-Pavilion-Laptop-15-cc1xx:42989/
[rosmaster.master][INFO] 2019-12-28 00:51:44,719: +PUB [/roll_error] /drone_control http://itachi-HP-Pavilion-Laptop-15-cc1xx:42989/
[rosmaster.master][INFO] 2019-12-28 00:51:44,720: +PUB [/error_sample] /drone_control http://itachi-HP-Pavilion-Laptop-15-cc1xx:42989/
[rosmaster.master][INFO] 2019-12-28 00:51:44,721: +PUB [/error_sample1] /drone_control http://itachi-HP-Pavilion-Laptop-15-cc1xx:42989/
[rosmaster.master][INFO] 2019-12-28 00:51:44,724: +PUB [/error_sample2] /drone_control http://itachi-HP-Pavilion-Laptop-15-cc1xx:42989/
[rosmaster.master][INFO] 2019-12-28 00:51:44,726: +PUB [/error_sample3] /drone_control http://itachi-HP-Pavilion-Laptop-15-cc1xx:42989/
[rosmaster.master][INFO] 2019-12-28 00:51:44,731: +SUB [/whycon/poses] /drone_control http://itachi-HP-Pavilion-Laptop-15-cc1xx:42989/
[rosmaster.master][INFO] 2019-12-28 00:51:44,735: +SUB [/pid_tuning_altitude] /drone_control http://itachi-HP-Pavilion-Laptop-15-cc1xx:42989/
[rosmaster.master][INFO] 2019-12-28 00:51:44,739: +SUB [/pid_tuning_pitch] /drone_control http://itachi-HP-Pavilion-Laptop-15-cc1xx:42989/
[rosmaster.master][INFO] 2019-12-28 00:51:44,745: +SUB [/pid_tuning_roll] /drone_control http://itachi-HP-Pavilion-Laptop-15-cc1xx:42989/
[rosmaster.master][INFO] 2019-12-28 00:51:44,789: publisherUpdate[/rosout] -> http://itachi-HP-Pavilion-Laptop-15-cc1xx:40553/ ['http://itachi-HP-Pavilion-Laptop-15-cc1xx:45997/', 'http://itachi-HP-Pavilion-Laptop-15-cc1xx:40303/', 'http://itachi-HP-Pavilion-Laptop-15-cc1xx:36399/', 'http://itachi-HP-Pavilion-Laptop-15-cc1xx:36435/', 'http://itachi-HP-Pavilion-Laptop-15-cc1xx:46799/', 'http://itachi-HP-Pavilion-Laptop-15-cc1xx:42989/']
[rosmaster.master][INFO] 2019-12-28 00:51:44,789: publisherUpdate[/drone_command] -> http://itachi-HP-Pavilion-Laptop-15-cc1xx:46799/ ['http://itachi-HP-Pavilion-Laptop-15-cc1xx:42989/']
[rosmaster.master][INFO] 2019-12-28 00:51:44,791: publisherUpdate[/rosout] -> http://itachi-HP-Pavilion-Laptop-15-cc1xx:40553/ ['http://itachi-HP-Pavilion-Laptop-15-cc1xx:45997/', 'http://itachi-HP-Pavilion-Laptop-15-cc1xx:40303/', 'http://itachi-HP-Pavilion-Laptop-15-cc1xx:36399/', 'http://itachi-HP-Pavilion-Laptop-15-cc1xx:36435/', 'http://itachi-HP-Pavilion-Laptop-15-cc1xx:46799/', 'http://itachi-HP-Pavilion-Laptop-15-cc1xx:42989/']: sec=0.00, result=[1, '', 0]
[rosmaster.master][INFO] 2019-12-28 00:51:44,793: publisherUpdate[/drone_command] -> http://itachi-HP-Pavilion-Laptop-15-cc1xx:46799/ ['http://itachi-HP-Pavilion-Laptop-15-cc1xx:42989/']: sec=0.00, result=[1, '', 0]
[rosmaster.master][INFO] 2019-12-28 00:51:46,120: -SERVICE [/DroneNode/get_loggers] /DroneNode rosrpc://itachi-HP-Pavilion-Laptop-15-cc1xx:60677
[rosmaster.master][INFO] 2019-12-28 00:51:46,121: -SERVICE [/DroneNode/set_logger_level] /DroneNode rosrpc://itachi-HP-Pavilion-Laptop-15-cc1xx:60677
[rosmaster.master][INFO] 2019-12-28 00:51:46,197: -PUB [/rosout] /DroneNode http://itachi-HP-Pavilion-Laptop-15-cc1xx:46799/
[rosmaster.master][INFO] 2019-12-28 00:51:46,197: publisherUpdate[/rosout] -> http://itachi-HP-Pavilion-Laptop-15-cc1xx:40553/ ['http://itachi-HP-Pavilion-Laptop-15-cc1xx:45997/', 'http://itachi-HP-Pavilion-Laptop-15-cc1xx:40303/', 'http://itachi-HP-Pavilion-Laptop-15-cc1xx:36399/', 'http://itachi-HP-Pavilion-Laptop-15-cc1xx:36435/', 'http://itachi-HP-Pavilion-Laptop-15-cc1xx:42989/']
[rosmaster.master][INFO] 2019-12-28 00:51:46,199: publisherUpdate[/rosout] -> http://itachi-HP-Pavilion-Laptop-15-cc1xx:40553/ ['http://itachi-HP-Pavilion-Laptop-15-cc1xx:45997/', 'http://itachi-HP-Pavilion-Laptop-15-cc1xx:40303/', 'http://itachi-HP-Pavilion-Laptop-15-cc1xx:36399/', 'http://itachi-HP-Pavilion-Laptop-15-cc1xx:36435/', 'http://itachi-HP-Pavilion-Laptop-15-cc1xx:42989/']: sec=0.00, result=[1, '', 0]
[rosmaster.master][INFO] 2019-12-28 00:51:46,200: -SUB [/drone_command] /DroneNode http://itachi-HP-Pavilion-Laptop-15-cc1xx:46799/
[rosmaster.master][INFO] 2019-12-28 00:51:53,121: -SUB [/pid_tuning_pitch] /drone_control http://itachi-HP-Pavilion-Laptop-15-cc1xx:42989/
[rosmaster.master][INFO] 2019-12-28 00:51:53,121: -SUB [/pid_tuning_roll] /drone_control http://itachi-HP-Pavilion-Laptop-15-cc1xx:42989/
[rosmaster.master][INFO] 2019-12-28 00:51:53,122: -SUB [/whycon/poses] /drone_control http://itachi-HP-Pavilion-Laptop-15-cc1xx:42989/
[rosmaster.master][INFO] 2019-12-28 00:51:53,122: -SUB [/pid_tuning_altitude] /drone_control http://itachi-HP-Pavilion-Laptop-15-cc1xx:42989/
[rosmaster.master][INFO] 2019-12-28 00:51:53,122: -PUB [/pitch_error] /drone_control http://itachi-HP-Pavilion-Laptop-15-cc1xx:42989/
[rosmaster.master][INFO] 2019-12-28 00:51:53,122: -PUB [/rosout] /drone_control http://itachi-HP-Pavilion-Laptop-15-cc1xx:42989/
[rosmaster.master][INFO] 2019-12-28 00:51:53,122: -PUB [/alt_error] /drone_control http://itachi-HP-Pavilion-Laptop-15-cc1xx:42989/
[rosmaster.master][INFO] 2019-12-28 00:51:53,122: -PUB [/drone_command] /drone_control http://itachi-HP-Pavilion-Laptop-15-cc1xx:42989/
[rosmaster.master][INFO] 2019-12-28 00:51:53,122: -PUB [/error_sample2] /drone_control http://itachi-HP-Pavilion-Laptop-15-cc1xx:42989/
[rosmaster.master][INFO] 2019-12-28 00:51:53,123: -PUB [/error_sample] /drone_control http://itachi-HP-Pavilion-Laptop-15-cc1xx:42989/
[rosmaster.master][INFO] 2019-12-28 00:51:53,123: -PUB [/error_sample1] /drone_control http://itachi-HP-Pavilion-Laptop-15-cc1xx:42989/
[rosmaster.master][INFO] 2019-12-28 00:51:53,123: -PUB [/roll_error] /drone_control http://itachi-HP-Pavilion-Laptop-15-cc1xx:42989/
[rosmaster.master][INFO] 2019-12-28 00:51:53,123: -PUB [/error_sample3] /drone_control http://itachi-HP-Pavilion-Laptop-15-cc1xx:42989/
[rosmaster.master][INFO] 2019-12-28 00:51:53,123: -SERVICE [/drone_control/get_loggers] /drone_control rosrpc://itachi-HP-Pavilion-Laptop-15-cc1xx:42903
[rosmaster.master][INFO] 2019-12-28 00:51:53,123: -SERVICE [/drone_control/set_logger_level] /drone_control rosrpc://itachi-HP-Pavilion-Laptop-15-cc1xx:42903
[rosmaster.master][INFO] 2019-12-28 00:51:53,211: publisherUpdate[/rosout] -> http://itachi-HP-Pavilion-Laptop-15-cc1xx:40553/ ['http://itachi-HP-Pavilion-Laptop-15-cc1xx:45997/', 'http://itachi-HP-Pavilion-Laptop-15-cc1xx:40303/', 'http://itachi-HP-Pavilion-Laptop-15-cc1xx:36399/', 'http://itachi-HP-Pavilion-Laptop-15-cc1xx:36435/']
[rosmaster.master][INFO] 2019-12-28 00:51:53,212: publisherUpdate[/rosout] -> http://itachi-HP-Pavilion-Laptop-15-cc1xx:40553/ ['http://itachi-HP-Pavilion-Laptop-15-cc1xx:45997/', 'http://itachi-HP-Pavilion-Laptop-15-cc1xx:40303/', 'http://itachi-HP-Pavilion-Laptop-15-cc1xx:36399/', 'http://itachi-HP-Pavilion-Laptop-15-cc1xx:36435/']: sec=0.00, result=[1, '', 0]
[rosmaster.master][INFO] 2019-12-28 00:52:13,546: -PUB [/rosout] /usb_cam http://itachi-HP-Pavilion-Laptop-15-cc1xx:45997/
[rosmaster.master][INFO] 2019-12-28 00:52:13,547: -PUB [/usb_cam/image_raw/compressedDepth] /usb_cam http://itachi-HP-Pavilion-Laptop-15-cc1xx:45997/
[rosmaster.master][INFO] 2019-12-28 00:52:13,548: -PUB [/usb_cam/image_raw/compressedDepth/parameter_descriptions] /usb_cam http://itachi-HP-Pavilion-Laptop-15-cc1xx:45997/
[rosmaster.master][INFO] 2019-12-28 00:52:13,549: -PUB [/usb_cam/image_raw/compressedDepth/parameter_updates] /usb_cam http://itachi-HP-Pavilion-Laptop-15-cc1xx:45997/
[rosmaster.master][INFO] 2019-12-28 00:52:13,550: -PUB [/usb_cam/image_raw/compressed] /usb_cam http://itachi-HP-Pavilion-Laptop-15-cc1xx:45997/
[rosmaster.master][INFO] 2019-12-28 00:52:13,550: -PUB [/usb_cam/image_raw/compressed/parameter_descriptions] /usb_cam http://itachi-HP-Pavilion-Laptop-15-cc1xx:45997/
[rosmaster.master][INFO] 2019-12-28 00:52:13,551: publisherUpdate[/rosout] -> http://itachi-HP-Pavilion-Laptop-15-cc1xx:40553/ ['http://itachi-HP-Pavilion-Laptop-15-cc1xx:40303/', 'http://itachi-HP-Pavilion-Laptop-15-cc1xx:36399/', 'http://itachi-HP-Pavilion-Laptop-15-cc1xx:36435/']
[rosmaster.master][INFO] 2019-12-28 00:52:13,551: publisherUpdate[/rosout] -> http://itachi-HP-Pavilion-Laptop-15-cc1xx:40553/ ['http://itachi-HP-Pavilion-Laptop-15-cc1xx:40303/', 'http://itachi-HP-Pavilion-Laptop-15-cc1xx:36399/', 'http://itachi-HP-Pavilion-Laptop-15-cc1xx:36435/']: sec=0.00, result=[1, '', 0]
[rosmaster.master][INFO] 2019-12-28 00:52:13,552: -PUB [/usb_cam/image_raw/compressed/parameter_updates] /usb_cam http://itachi-HP-Pavilion-Laptop-15-cc1xx:45997/
[rosmaster.master][INFO] 2019-12-28 00:52:13,552: -PUB [/usb_cam/image_raw] /usb_cam http://itachi-HP-Pavilion-Laptop-15-cc1xx:45997/
[rosmaster.master][INFO] 2019-12-28 00:52:13,553: -PUB [/usb_cam/image_raw/theora] /usb_cam http://itachi-HP-Pavilion-Laptop-15-cc1xx:45997/
[rosmaster.master][INFO] 2019-12-28 00:52:13,554: -PUB [/usb_cam/image_raw/theora/parameter_descriptions] /usb_cam http://itachi-HP-Pavilion-Laptop-15-cc1xx:45997/
[rosmaster.master][INFO] 2019-12-28 00:52:13,555: -PUB [/usb_cam/image_raw/theora/parameter_updates] /usb_cam http://itachi-HP-Pavilion-Laptop-15-cc1xx:45997/
[rosmaster.master][INFO] 2019-12-28 00:52:13,555: -PUB [/usb_cam/camera_info] /usb_cam http://itachi-HP-Pavilion-Laptop-15-cc1xx:45997/
[rosmaster.master][INFO] 2019-12-28 00:52:13,556: -SERVICE [/usb_cam/get_loggers] /usb_cam rosrpc://itachi-HP-Pavilion-Laptop-15-cc1xx:41657
[rosmaster.master][INFO] 2019-12-28 00:52:13,557: -SERVICE [/usb_cam/set_logger_level] /usb_cam rosrpc://itachi-HP-Pavilion-Laptop-15-cc1xx:41657
[rosmaster.master][INFO] 2019-12-28 00:52:13,557: -SERVICE [/usb_cam/image_raw/compressedDepth/set_parameters] /usb_cam rosrpc://itachi-HP-Pavilion-Laptop-15-cc1xx:41657
[rosmaster.master][INFO] 2019-12-28 00:52:13,558: -SERVICE [/usb_cam/image_raw/compressed/set_parameters] /usb_cam rosrpc://itachi-HP-Pavilion-Laptop-15-cc1xx:41657
[rosmaster.master][INFO] 2019-12-28 00:52:13,558: -SERVICE [/usb_cam/image_raw/theora/set_parameters] /usb_cam rosrpc://itachi-HP-Pavilion-Laptop-15-cc1xx:41657
[rosmaster.master][INFO] 2019-12-28 00:52:13,559: -SERVICE [/usb_cam/set_camera_info] /usb_cam rosrpc://itachi-HP-Pavilion-Laptop-15-cc1xx:41657
[rosmaster.master][INFO] 2019-12-28 00:52:13,560: -SERVICE [/usb_cam/start_capture] /usb_cam rosrpc://itachi-HP-Pavilion-Laptop-15-cc1xx:41657
[rosmaster.master][INFO] 2019-12-28 00:52:13,560: -SERVICE [/usb_cam/stop_capture] /usb_cam rosrpc://itachi-HP-Pavilion-Laptop-15-cc1xx:41657
[rosmaster.master][INFO] 2019-12-28 00:52:13,616: -PUB [/rosout] /whycon http://itachi-HP-Pavilion-Laptop-15-cc1xx:36399/
[rosmaster.master][INFO] 2019-12-28 00:52:13,616: -PUB [/tf] /whycon http://itachi-HP-Pavilion-Laptop-15-cc1xx:36399/
[rosmaster.master][INFO] 2019-12-28 00:52:13,617: -PUB [/whycon/image_out] /whycon http://itachi-HP-Pavilion-Laptop-15-cc1xx:36399/
[rosmaster.master][INFO] 2019-12-28 00:52:13,617: -PUB [/whycon/poses] /whycon http://itachi-HP-Pavilion-Laptop-15-cc1xx:36399/
[rosmaster.master][INFO] 2019-12-28 00:52:13,618: -PUB [/whycon/context] /whycon http://itachi-HP-Pavilion-Laptop-15-cc1xx:36399/
[rosmaster.master][INFO] 2019-12-28 00:52:13,618: -PUB [/whycon/projection] /whycon http://itachi-HP-Pavilion-Laptop-15-cc1xx:36399/
[rosmaster.master][INFO] 2019-12-28 00:52:13,619: -SUB [/usb_cam/image_rect_color] /whycon http://itachi-HP-Pavilion-Laptop-15-cc1xx:36399/
[rosmaster.master][INFO] 2019-12-28 00:52:13,619: -SUB [/usb_cam/camera_info] /whycon http://itachi-HP-Pavilion-Laptop-15-cc1xx:36399/
[rosmaster.master][INFO] 2019-12-28 00:52:13,620: -SERVICE [/whycon/get_loggers] /whycon rosrpc://itachi-HP-Pavilion-Laptop-15-cc1xx:37053
[rosmaster.master][INFO] 2019-12-28 00:52:13,621: -SERVICE [/whycon/set_logger_level] /whycon rosrpc://itachi-HP-Pavilion-Laptop-15-cc1xx:37053
[rosmaster.master][INFO] 2019-12-28 00:52:13,621: -SERVICE [/whycon/reset] /whycon rosrpc://itachi-HP-Pavilion-Laptop-15-cc1xx:37053
[rosmaster.master][INFO] 2019-12-28 00:52:13,643: -PUB [/rosout] /usb_cam/image_proc http://itachi-HP-Pavilion-Laptop-15-cc1xx:40303/
[rosmaster.master][INFO] 2019-12-28 00:52:13,644: -PUB [/usb_cam/image_proc_debayer/parameter_descriptions] /usb_cam/image_proc http://itachi-HP-Pavilion-Laptop-15-cc1xx:40303/
[rosmaster.master][INFO] 2019-12-28 00:52:13,645: -PUB [/usb_cam/image_proc_debayer/parameter_updates] /usb_cam/image_proc http://itachi-HP-Pavilion-Laptop-15-cc1xx:40303/
[rosmaster.master][INFO] 2019-12-28 00:52:13,645: -PUB [/usb_cam/image_mono/compressedDepth] /usb_cam/image_proc http://itachi-HP-Pavilion-Laptop-15-cc1xx:40303/
[rosmaster.master][INFO] 2019-12-28 00:52:13,646: -PUB [/usb_cam/image_mono/compressedDepth/parameter_descriptions] /usb_cam/image_proc http://itachi-HP-Pavilion-Laptop-15-cc1xx:40303/
[rosmaster.master][INFO] 2019-12-28 00:52:13,646: -PUB [/usb_cam/image_mono/compressedDepth/parameter_updates] /usb_cam/image_proc http://itachi-HP-Pavilion-Laptop-15-cc1xx:40303/
[rosmaster.master][INFO] 2019-12-28 00:52:13,646: -PUB [/usb_cam/image_mono/compressed] /usb_cam/image_proc http://itachi-HP-Pavilion-Laptop-15-cc1xx:40303/
[rosmaster.master][INFO] 2019-12-28 00:52:13,647: -PUB [/usb_cam/image_mono/compressed/parameter_descriptions] /usb_cam/image_proc http://itachi-HP-Pavilion-Laptop-15-cc1xx:40303/
[rosmaster.master][INFO] 2019-12-28 00:52:13,647: -PUB [/usb_cam/image_mono/compressed/parameter_updates] /usb_cam/image_proc http://itachi-HP-Pavilion-Laptop-15-cc1xx:40303/
[rosmaster.master][INFO] 2019-12-28 00:52:13,648: -PUB [/usb_cam/image_mono] /usb_cam/image_proc http://itachi-HP-Pavilion-Laptop-15-cc1xx:40303/
[rosmaster.master][INFO] 2019-12-28 00:52:13,648: -PUB [/usb_cam/image_mono/theora] /usb_cam/image_proc http://itachi-HP-Pavilion-Laptop-15-cc1xx:40303/
[rosmaster.master][INFO] 2019-12-28 00:52:13,649: -PUB [/usb_cam/image_mono/theora/parameter_descriptions] /usb_cam/image_proc http://itachi-HP-Pavilion-Laptop-15-cc1xx:40303/
[rosmaster.master][INFO] 2019-12-28 00:52:13,649: -PUB [/usb_cam/image_mono/theora/parameter_updates] /usb_cam/image_proc http://itachi-HP-Pavilion-Laptop-15-cc1xx:40303/
[rosmaster.master][INFO] 2019-12-28 00:52:13,650: -PUB [/usb_cam/image_color/compressedDepth] /usb_cam/image_proc http://itachi-HP-Pavilion-Laptop-15-cc1xx:40303/
[rosmaster.master][INFO] 2019-12-28 00:52:13,650: -PUB [/usb_cam/image_color/compressedDepth/parameter_descriptions] /usb_cam/image_proc http://itachi-HP-Pavilion-Laptop-15-cc1xx:40303/
[rosmaster.master][INFO] 2019-12-28 00:52:13,651: -PUB [/usb_cam/image_color/compressedDepth/parameter_updates] /usb_cam/image_proc http://itachi-HP-Pavilion-Laptop-15-cc1xx:40303/
[rosmaster.master][INFO] 2019-12-28 00:52:13,651: publisherUpdate[/usb_cam/image_raw] -> http://itachi-HP-Pavilion-Laptop-15-cc1xx:40303/ []
[rosmaster.master][INFO] 2019-12-28 00:52:13,651: publisherUpdate[/usb_cam/camera_info] -> http://itachi-HP-Pavilion-Laptop-15-cc1xx:36399/ []
[rosmaster.master][INFO] 2019-12-28 00:52:13,652: -PUB [/usb_cam/image_color/compressed] /usb_cam/image_proc http://itachi-HP-Pavilion-Laptop-15-cc1xx:40303/
[rosmaster.master][INFO] 2019-12-28 00:52:13,652: publisherUpdate[/usb_cam/camera_info] -> http://itachi-HP-Pavilion-Laptop-15-cc1xx:36399/ []: sec=0.00, exception=[Errno 111] Connection refused
[rosmaster.master][INFO] 2019-12-28 00:52:13,652: publisherUpdate[/rosout] -> http://itachi-HP-Pavilion-Laptop-15-cc1xx:40553/ ['http://itachi-HP-Pavilion-Laptop-15-cc1xx:40303/', 'http://itachi-HP-Pavilion-Laptop-15-cc1xx:36435/']
[rosmaster.master][INFO] 2019-12-28 00:52:13,653: publisherUpdate[/usb_cam/image_raw] -> http://itachi-HP-Pavilion-Laptop-15-cc1xx:40303/ []: sec=0.00, exception=<Fault -1: 'publisherUpdate: unknown method name'>
[rosmaster.master][INFO] 2019-12-28 00:52:13,653: -PUB [/usb_cam/image_color/compressed/parameter_descriptions] /usb_cam/image_proc http://itachi-HP-Pavilion-Laptop-15-cc1xx:40303/
[rosmaster.master][INFO] 2019-12-28 00:52:13,654: publisherUpdate[/rosout] -> http://itachi-HP-Pavilion-Laptop-15-cc1xx:40553/ ['http://itachi-HP-Pavilion-Laptop-15-cc1xx:40303/', 'http://itachi-HP-Pavilion-Laptop-15-cc1xx:36435/']: sec=0.00, result=[1, '', 0]
[rosmaster.master][INFO] 2019-12-28 00:52:13,654: publisherUpdate[/usb_cam/camera_info] -> http://itachi-HP-Pavilion-Laptop-15-cc1xx:40303/ []
[rosmaster.master][INFO] 2019-12-28 00:52:13,655: -PUB [/usb_cam/image_color/compressed/parameter_updates] /usb_cam/image_proc http://itachi-HP-Pavilion-Laptop-15-cc1xx:40303/
[rosmaster.master][INFO] 2019-12-28 00:52:13,655: publisherUpdate[/usb_cam/camera_info] -> http://itachi-HP-Pavilion-Laptop-15-cc1xx:40303/ []: sec=0.00, exception=<Fault -1: 'publisherUpdate: unknown method name'>
[rosmaster.master][INFO] 2019-12-28 00:52:13,656: -PUB [/usb_cam/image_color] /usb_cam/image_proc http://itachi-HP-Pavilion-Laptop-15-cc1xx:40303/
[rosmaster.threadpool][ERROR] 2019-12-28 00:52:13,656: Traceback (most recent call last):
  File "/opt/ros/kinetic/lib/python2.7/dist-packages/rosmaster/threadpool.py", line 218, in run
    result = cmd(*args)
  File "/opt/ros/kinetic/lib/python2.7/dist-packages/rosmaster/master_api.py", line 210, in publisher_update_task
    ret = xmlrpcapi(api).publisherUpdate('/master', topic, pub_uris)
  File "/usr/lib/python2.7/xmlrpclib.py", line 1243, in __call__
    return self.__send(self.__name, args)
  File "/usr/lib/python2.7/xmlrpclib.py", line 1602, in __request
    verbose=self.__verbose
  File "/usr/lib/python2.7/xmlrpclib.py", line 1283, in request
    return self.single_request(host, handler, request_body, verbose)
  File "/usr/lib/python2.7/xmlrpclib.py", line 1316, in single_request
    return self.parse_response(response)
  File "/usr/lib/python2.7/xmlrpclib.py", line 1493, in parse_response
    return u.close()
  File "/usr/lib/python2.7/xmlrpclib.py", line 800, in close
    raise Fault(**self._stack[0])
Fault: <Fault -1: 'publisherUpdate: unknown method name'>

[rosmaster.threadpool][ERROR] 2019-12-28 00:52:13,656: Traceback (most recent call last):
  File "/opt/ros/kinetic/lib/python2.7/dist-packages/rosmaster/threadpool.py", line 218, in run
    result = cmd(*args)
  File "/opt/ros/kinetic/lib/python2.7/dist-packages/rosmaster/master_api.py", line 210, in publisher_update_task
    ret = xmlrpcapi(api).publisherUpdate('/master', topic, pub_uris)
  File "/usr/lib/python2.7/xmlrpclib.py", line 1243, in __call__
    return self.__send(self.__name, args)
  File "/usr/lib/python2.7/xmlrpclib.py", line 1602, in __request
    verbose=self.__verbose
  File "/usr/lib/python2.7/xmlrpclib.py", line 1283, in request
    return self.single_request(host, handler, request_body, verbose)
  File "/usr/lib/python2.7/xmlrpclib.py", line 1316, in single_request
    return self.parse_response(response)
  File "/usr/lib/python2.7/xmlrpclib.py", line 1493, in parse_response
    return u.close()
  File "/usr/lib/python2.7/xmlrpclib.py", line 800, in close
    raise Fault(**self._stack[0])
Fault: <Fault -1: 'publisherUpdate: unknown method name'>

[rosmaster.master][INFO] 2019-12-28 00:52:13,657: publisherUpdate[/whycon/image_out] -> http://itachi-HP-Pavilion-Laptop-15-cc1xx:36435/ []
[rosmaster.master][INFO] 2019-12-28 00:52:13,657: publisherUpdate[/rosout] -> http://itachi-HP-Pavilion-Laptop-15-cc1xx:40553/ ['http://itachi-HP-Pavilion-Laptop-15-cc1xx:36435/']
[rosmaster.master][INFO] 2019-12-28 00:52:13,657: publisherUpdate[/whycon/image_out] -> http://itachi-HP-Pavilion-Laptop-15-cc1xx:36435/ []: sec=0.00, result=[0, 'Unknown Error', 0]
[rosmaster.master][INFO] 2019-12-28 00:52:13,658: -PUB [/usb_cam/image_color/theora] /usb_cam/image_proc http://itachi-HP-Pavilion-Laptop-15-cc1xx:40303/
[rosmaster.threadpool][ERROR] 2019-12-28 00:52:13,658: Traceback (most recent call last):
  File "/opt/ros/kinetic/lib/python2.7/dist-packages/rosmaster/threadpool.py", line 218, in run
    result = cmd(*args)
  File "/opt/ros/kinetic/lib/python2.7/dist-packages/rosmaster/master_api.py", line 210, in publisher_update_task
    ret = xmlrpcapi(api).publisherUpdate('/master', topic, pub_uris)
  File "/usr/lib/python2.7/xmlrpclib.py", line 1243, in __call__
    return self.__send(self.__name, args)
  File "/usr/lib/python2.7/xmlrpclib.py", line 1602, in __request
    verbose=self.__verbose
  File "/usr/lib/python2.7/xmlrpclib.py", line 1283, in request
    return self.single_request(host, handler, request_body, verbose)
  File "/usr/lib/python2.7/xmlrpclib.py", line 1311, in single_request
    self.send_content(h, request_body)
  File "/usr/lib/python2.7/xmlrpclib.py", line 1459, in send_content
    connection.endheaders(request_body)
  File "/usr/lib/python2.7/httplib.py", line 1069, in endheaders
    self._send_output(message_body)
  File "/usr/lib/python2.7/httplib.py", line 907, in _send_output
    self.send(msg)
  File "/usr/lib/python2.7/httplib.py", line 869, in send
    self.connect()
  File "/usr/lib/python2.7/httplib.py", line 846, in connect
    self.timeout, self.source_address)
  File "/usr/lib/python2.7/socket.py", line 575, in create_connection
    raise err
error: [Errno 111] Connection refused

[rosmaster.master][INFO] 2019-12-28 00:52:13,658: publisherUpdate[/rosout] -> http://itachi-HP-Pavilion-Laptop-15-cc1xx:40553/ ['http://itachi-HP-Pavilion-Laptop-15-cc1xx:36435/']: sec=0.00, result=[1, '', 0]
[rosmaster.master][INFO] 2019-12-28 00:52:13,658: publisherUpdate[/usb_cam/image_color] -> http://itachi-HP-Pavilion-Laptop-15-cc1xx:40303/ []
[rosmaster.master][INFO] 2019-12-28 00:52:13,659: -PUB [/usb_cam/image_color/theora/parameter_descriptions] /usb_cam/image_proc http://itachi-HP-Pavilion-Laptop-15-cc1xx:40303/
[rosmaster.master][INFO] 2019-12-28 00:52:13,659: publisherUpdate[/usb_cam/image_color] -> http://itachi-HP-Pavilion-Laptop-15-cc1xx:40303/ []: sec=0.00, exception=<Fault -1: 'publisherUpdate: unknown method name'>
[rosmaster.master][INFO] 2019-12-28 00:52:13,660: -PUB [/usb_cam/image_color/theora/parameter_updates] /usb_cam/image_proc http://itachi-HP-Pavilion-Laptop-15-cc1xx:40303/
[rosmaster.threadpool][ERROR] 2019-12-28 00:52:13,660: Traceback (most recent call last):
  File "/opt/ros/kinetic/lib/python2.7/dist-packages/rosmaster/threadpool.py", line 218, in run
    result = cmd(*args)
  File "/opt/ros/kinetic/lib/python2.7/dist-packages/rosmaster/master_api.py", line 210, in publisher_update_task
    ret = xmlrpcapi(api).publisherUpdate('/master', topic, pub_uris)
  File "/usr/lib/python2.7/xmlrpclib.py", line 1243, in __call__
    return self.__send(self.__name, args)
  File "/usr/lib/python2.7/xmlrpclib.py", line 1602, in __request
    verbose=self.__verbose
  File "/usr/lib/python2.7/xmlrpclib.py", line 1283, in request
    return self.single_request(host, handler, request_body, verbose)
  File "/usr/lib/python2.7/xmlrpclib.py", line 1316, in single_request
    return self.parse_response(response)
  File "/usr/lib/python2.7/xmlrpclib.py", line 1493, in parse_response
    return u.close()
  File "/usr/lib/python2.7/xmlrpclib.py", line 800, in close
    raise Fault(**self._stack[0])
Fault: <Fault -1: 'publisherUpdate: unknown method name'>

[rosmaster.master][INFO] 2019-12-28 00:52:13,660: -PUB [/usb_cam/image_proc_rectify_mono/parameter_descriptions] /usb_cam/image_proc http://itachi-HP-Pavilion-Laptop-15-cc1xx:40303/
[rosmaster.master][INFO] 2019-12-28 00:52:13,661: -PUB [/usb_cam/image_proc_rectify_mono/parameter_updates] /usb_cam/image_proc http://itachi-HP-Pavilion-Laptop-15-cc1xx:40303/
[rosmaster.master][INFO] 2019-12-28 00:52:13,661: -PUB [/usb_cam/image_rect/compressedDepth] /usb_cam/image_proc http://itachi-HP-Pavilion-Laptop-15-cc1xx:40303/
[rosmaster.master][INFO] 2019-12-28 00:52:13,662: -PUB [/usb_cam/image_rect/compressedDepth/parameter_descriptions] /usb_cam/image_proc http://itachi-HP-Pavilion-Laptop-15-cc1xx:40303/
[rosmaster.master][INFO] 2019-12-28 00:52:13,662: -PUB [/usb_cam/image_rect/compressedDepth/parameter_updates] /usb_cam/image_proc http://itachi-HP-Pavilion-Laptop-15-cc1xx:40303/
[rosmaster.master][INFO] 2019-12-28 00:52:13,662: -PUB [/usb_cam/image_rect/compressed] /usb_cam/image_proc http://itachi-HP-Pavilion-Laptop-15-cc1xx:40303/
[rosmaster.master][INFO] 2019-12-28 00:52:13,663: -PUB [/usb_cam/image_rect/compressed/parameter_descriptions] /usb_cam/image_proc http://itachi-HP-Pavilion-Laptop-15-cc1xx:40303/
[rosmaster.master][INFO] 2019-12-28 00:52:13,663: -PUB [/usb_cam/image_rect/compressed/parameter_updates] /usb_cam/image_proc http://itachi-HP-Pavilion-Laptop-15-cc1xx:40303/
[rosmaster.master][INFO] 2019-12-28 00:52:13,664: -PUB [/usb_cam/image_rect] /usb_cam/image_proc http://itachi-HP-Pavilion-Laptop-15-cc1xx:40303/
[rosmaster.master][INFO] 2019-12-28 00:52:13,664: -PUB [/usb_cam/image_rect/theora] /usb_cam/image_proc http://itachi-HP-Pavilion-Laptop-15-cc1xx:40303/
[rosmaster.master][INFO] 2019-12-28 00:52:13,664: -PUB [/usb_cam/image_rect/theora/parameter_descriptions] /usb_cam/image_proc http://itachi-HP-Pavilion-Laptop-15-cc1xx:40303/
[rosmaster.master][INFO] 2019-12-28 00:52:13,665: -PUB [/usb_cam/image_rect/theora/parameter_updates] /usb_cam/image_proc http://itachi-HP-Pavilion-Laptop-15-cc1xx:40303/
[rosmaster.master][INFO] 2019-12-28 00:52:13,665: -PUB [/usb_cam/image_proc_rectify_color/parameter_descriptions] /usb_cam/image_proc http://itachi-HP-Pavilion-Laptop-15-cc1xx:40303/
[rosmaster.master][INFO] 2019-12-28 00:52:13,666: -PUB [/usb_cam/image_proc_rectify_color/parameter_updates] /usb_cam/image_proc http://itachi-HP-Pavilion-Laptop-15-cc1xx:40303/
[rosmaster.master][INFO] 2019-12-28 00:52:13,666: -PUB [/usb_cam/image_rect_color/compressedDepth] /usb_cam/image_proc http://itachi-HP-Pavilion-Laptop-15-cc1xx:40303/
[rosmaster.master][INFO] 2019-12-28 00:52:13,666: -PUB [/usb_cam/image_rect_color/compressedDepth/parameter_descriptions] /usb_cam/image_proc http://itachi-HP-Pavilion-Laptop-15-cc1xx:40303/
[rosmaster.master][INFO] 2019-12-28 00:52:13,667: -PUB [/usb_cam/image_rect_color/compressedDepth/parameter_updates] /usb_cam/image_proc http://itachi-HP-Pavilion-Laptop-15-cc1xx:40303/
[rosmaster.master][INFO] 2019-12-28 00:52:13,667: -PUB [/usb_cam/image_rect_color/compressed] /usb_cam/image_proc http://itachi-HP-Pavilion-Laptop-15-cc1xx:40303/
[rosmaster.master][INFO] 2019-12-28 00:52:13,668: -PUB [/usb_cam/image_rect_color/compressed/parameter_descriptions] /usb_cam/image_proc http://itachi-HP-Pavilion-Laptop-15-cc1xx:40303/
[rosmaster.master][INFO] 2019-12-28 00:52:13,668: -PUB [/usb_cam/image_rect_color/compressed/parameter_updates] /usb_cam/image_proc http://itachi-HP-Pavilion-Laptop-15-cc1xx:40303/
[rosmaster.master][INFO] 2019-12-28 00:52:13,669: -PUB [/usb_cam/image_rect_color] /usb_cam/image_proc http://itachi-HP-Pavilion-Laptop-15-cc1xx:40303/
[rosmaster.master][INFO] 2019-12-28 00:52:13,669: -PUB [/usb_cam/image_rect_color/theora] /usb_cam/image_proc http://itachi-HP-Pavilion-Laptop-15-cc1xx:40303/
[rosmaster.master][INFO] 2019-12-28 00:52:13,670: -PUB [/usb_cam/image_rect_color/theora/parameter_descriptions] /usb_cam/image_proc http://itachi-HP-Pavilion-Laptop-15-cc1xx:40303/
[rosmaster.master][INFO] 2019-12-28 00:52:13,670: -PUB [/usb_cam/image_rect_color/theora/parameter_updates] /usb_cam/image_proc http://itachi-HP-Pavilion-Laptop-15-cc1xx:40303/
[rosmaster.master][INFO] 2019-12-28 00:52:13,671: -SUB [/usb_cam/image_color] /usb_cam/image_proc http://itachi-HP-Pavilion-Laptop-15-cc1xx:40303/
[rosmaster.master][INFO] 2019-12-28 00:52:13,672: -SUB [/usb_cam/camera_info] /usb_cam/image_proc http://itachi-HP-Pavilion-Laptop-15-cc1xx:40303/
[rosmaster.master][INFO] 2019-12-28 00:52:13,673: -SUB [/usb_cam/image_raw] /usb_cam/image_proc http://itachi-HP-Pavilion-Laptop-15-cc1xx:40303/
[rosmaster.master][INFO] 2019-12-28 00:52:13,673: -SERVICE [/usb_cam/image_proc/get_loggers] /usb_cam/image_proc rosrpc://itachi-HP-Pavilion-Laptop-15-cc1xx:45557
[rosmaster.master][INFO] 2019-12-28 00:52:13,674: -SERVICE [/usb_cam/image_proc/set_logger_level] /usb_cam/image_proc rosrpc://itachi-HP-Pavilion-Laptop-15-cc1xx:45557
[rosmaster.master][INFO] 2019-12-28 00:52:13,674: -SERVICE [/usb_cam/image_proc_debayer/set_parameters] /usb_cam/image_proc rosrpc://itachi-HP-Pavilion-Laptop-15-cc1xx:45557
[rosmaster.master][INFO] 2019-12-28 00:52:13,674: -SERVICE [/usb_cam/image_mono/compressedDepth/set_parameters] /usb_cam/image_proc rosrpc://itachi-HP-Pavilion-Laptop-15-cc1xx:45557
[rosmaster.master][INFO] 2019-12-28 00:52:13,675: -SERVICE [/usb_cam/image_mono/compressed/set_parameters] /usb_cam/image_proc rosrpc://itachi-HP-Pavilion-Laptop-15-cc1xx:45557
[rosmaster.master][INFO] 2019-12-28 00:52:13,675: -SERVICE [/usb_cam/image_mono/theora/set_parameters] /usb_cam/image_proc rosrpc://itachi-HP-Pavilion-Laptop-15-cc1xx:45557
[rosmaster.master][INFO] 2019-12-28 00:52:13,676: -SERVICE [/usb_cam/image_color/compressedDepth/set_parameters] /usb_cam/image_proc rosrpc://itachi-HP-Pavilion-Laptop-15-cc1xx:45557
[rosmaster.master][INFO] 2019-12-28 00:52:13,676: -SERVICE [/usb_cam/image_color/compressed/set_parameters] /usb_cam/image_proc rosrpc://itachi-HP-Pavilion-Laptop-15-cc1xx:45557
[rosmaster.master][INFO] 2019-12-28 00:52:13,676: -SERVICE [/usb_cam/image_color/theora/set_parameters] /usb_cam/image_proc rosrpc://itachi-HP-Pavilion-Laptop-15-cc1xx:45557
[rosmaster.master][INFO] 2019-12-28 00:52:13,677: -SERVICE [/usb_cam/image_proc_rectify_mono/set_parameters] /usb_cam/image_proc rosrpc://itachi-HP-Pavilion-Laptop-15-cc1xx:45557
[rosmaster.master][INFO] 2019-12-28 00:52:13,677: -SERVICE [/usb_cam/image_rect/compressedDepth/set_parameters] /usb_cam/image_proc rosrpc://itachi-HP-Pavilion-Laptop-15-cc1xx:45557
[rosmaster.master][INFO] 2019-12-28 00:52:13,678: -SERVICE [/usb_cam/image_rect/compressed/set_parameters] /usb_cam/image_proc rosrpc://itachi-HP-Pavilion-Laptop-15-cc1xx:45557
[rosmaster.master][INFO] 2019-12-28 00:52:13,678: -SERVICE [/usb_cam/image_rect/theora/set_parameters] /usb_cam/image_proc rosrpc://itachi-HP-Pavilion-Laptop-15-cc1xx:45557
[rosmaster.master][INFO] 2019-12-28 00:52:13,678: -SERVICE [/usb_cam/image_proc_rectify_color/set_parameters] /usb_cam/image_proc rosrpc://itachi-HP-Pavilion-Laptop-15-cc1xx:45557
[rosmaster.master][INFO] 2019-12-28 00:52:13,679: -SERVICE [/usb_cam/image_rect_color/compressedDepth/set_parameters] /usb_cam/image_proc rosrpc://itachi-HP-Pavilion-Laptop-15-cc1xx:45557
[rosmaster.master][INFO] 2019-12-28 00:52:13,679: -SERVICE [/usb_cam/image_rect_color/compressed/set_parameters] /usb_cam/image_proc rosrpc://itachi-HP-Pavilion-Laptop-15-cc1xx:45557
[rosmaster.master][INFO] 2019-12-28 00:52:13,680: -SERVICE [/usb_cam/image_rect_color/theora/set_parameters] /usb_cam/image_proc rosrpc://itachi-HP-Pavilion-Laptop-15-cc1xx:45557
[rosmaster.master][INFO] 2019-12-28 00:52:13,758: -PUB [/rosout] /whycon_display/image_view http://itachi-HP-Pavilion-Laptop-15-cc1xx:36435/
[rosmaster.master][INFO] 2019-12-28 00:52:13,759: publisherUpdate[/rosout] -> http://itachi-HP-Pavilion-Laptop-15-cc1xx:40553/ []
[rosmaster.master][INFO] 2019-12-28 00:52:13,759: -PUB [/whycon_display/image_view/output] /whycon_display/image_view http://itachi-HP-Pavilion-Laptop-15-cc1xx:36435/
[rosmaster.master][INFO] 2019-12-28 00:52:13,759: publisherUpdate[/rosout] -> http://itachi-HP-Pavilion-Laptop-15-cc1xx:40553/ []: sec=0.00, result=[1, '', 0]
[rosmaster.master][INFO] 2019-12-28 00:52:13,760: -PUB [/whycon_display/image_view/parameter_descriptions] /whycon_display/image_view http://itachi-HP-Pavilion-Laptop-15-cc1xx:36435/
[rosmaster.master][INFO] 2019-12-28 00:52:13,760: -PUB [/whycon_display/image_view/parameter_updates] /whycon_display/image_view http://itachi-HP-Pavilion-Laptop-15-cc1xx:36435/
[rosmaster.master][INFO] 2019-12-28 00:52:13,761: -SUB [/whycon/image_out] /whycon_display/image_view http://itachi-HP-Pavilion-Laptop-15-cc1xx:36435/
[rosmaster.master][INFO] 2019-12-28 00:52:13,761: -SERVICE [/whycon_display/image_view/get_loggers] /whycon_display/image_view rosrpc://itachi-HP-Pavilion-Laptop-15-cc1xx:35611
[rosmaster.master][INFO] 2019-12-28 00:52:13,762: -SERVICE [/whycon_display/image_view/set_logger_level] /whycon_display/image_view rosrpc://itachi-HP-Pavilion-Laptop-15-cc1xx:35611
[rosmaster.master][INFO] 2019-12-28 00:52:13,762: -SERVICE [/whycon_display/image_view/set_parameters] /whycon_display/image_view rosrpc://itachi-HP-Pavilion-Laptop-15-cc1xx:35611
[rosmaster.master][INFO] 2019-12-28 00:52:14,961: -PUB [/rosout_agg] /rosout http://itachi-HP-Pavilion-Laptop-15-cc1xx:40553/
[rosmaster.master][INFO] 2019-12-28 00:52:14,962: -SUB [/rosout] /rosout http://itachi-HP-Pavilion-Laptop-15-cc1xx:40553/
[rosmaster.master][INFO] 2019-12-28 00:52:14,963: -SERVICE [/rosout/get_loggers] /rosout rosrpc://itachi-HP-Pavilion-Laptop-15-cc1xx:56097
[rosmaster.master][INFO] 2019-12-28 00:52:14,963: -SERVICE [/rosout/set_logger_level] /rosout rosrpc://itachi-HP-Pavilion-Laptop-15-cc1xx:56097
[rosmaster.main][INFO] 2019-12-28 00:52:15,017: keyboard interrupt, will exit
[rosmaster.main][INFO] 2019-12-28 00:52:15,017: stopping master...
[rospy.core][INFO] 2019-12-28 00:52:15,018: signal_shutdown [atexit]
