[rosmaster.main][INFO] 2020-02-26 21:39:49,275: initialization complete, waiting for shutdown
[rosmaster.main][INFO] 2020-02-26 21:39:49,275: Starting ROS Master Node
[xmlrpc][INFO] 2020-02-26 21:39:49,277: XML-RPC server binding to 0.0.0.0:11311
[xmlrpc][INFO] 2020-02-26 21:39:49,277: Started XML-RPC server [http://itachi-HP-Pavilion-Laptop-15-cc1xx:11311/]
[rosmaster.master][INFO] 2020-02-26 21:39:49,277: Master initialized: port[11311], uri[http://itachi-HP-Pavilion-Laptop-15-cc1xx:11311/]
[xmlrpc][INFO] 2020-02-26 21:39:49,278: xml rpc node: starting XML-RPC server
[rosmaster.master][INFO] 2020-02-26 21:39:49,380: +PARAM [/run_id] by /roslaunch
[rosmaster.master][INFO] 2020-02-26 21:39:49,382: +PARAM [/roslaunch/uris/host_itachi_hp_pavilion_laptop_15_cc1xx__41095] by /roslaunch
[rosmaster.master][INFO] 2020-02-26 21:39:49,516: +PARAM [/usb_cam/image_width] by /roslaunch
[rosmaster.master][INFO] 2020-02-26 21:39:49,517: +PARAM [/usb_cam/video_device] by /roslaunch
[rosmaster.master][INFO] 2020-02-26 21:39:49,517: +PARAM [/rosdistro] by /roslaunch
[rosmaster.master][INFO] 2020-02-26 21:39:49,517: +PARAM [/serial_node/baud] by /roslaunch
[rosmaster.master][INFO] 2020-02-26 21:39:49,517: +PARAM [/whycon/targets] by /roslaunch
[rosmaster.master][INFO] 2020-02-26 21:39:49,517: +PARAM [/usb_cam/pixel_format] by /roslaunch
[rosmaster.master][INFO] 2020-02-26 21:39:49,517: +PARAM [/usb_cam/io_method] by /roslaunch
[rosmaster.master][INFO] 2020-02-26 21:39:49,517: +PARAM [/usb_cam/camera_frame_id] by /roslaunch
[rosmaster.master][INFO] 2020-02-26 21:39:49,517: +PARAM [/whycon/name] by /roslaunch
[rosmaster.master][INFO] 2020-02-26 21:39:49,518: +PARAM [/rosversion] by /roslaunch
[rosmaster.master][INFO] 2020-02-26 21:39:49,518: +PARAM [/whycon/outer_diameter] by /roslaunch
[rosmaster.master][INFO] 2020-02-26 21:39:49,518: +PARAM [/usb_cam/image_height] by /roslaunch
[rosmaster.master][INFO] 2020-02-26 21:39:49,518: +PARAM [/serial_node/port] by /roslaunch
[rosmaster.master][INFO] 2020-02-26 21:39:49,519: +PARAM [/whycon/inner_diameter] by /roslaunch
[rosmaster.master][INFO] 2020-02-26 21:39:49,521: +SERVICE [/rosout/get_loggers] /rosout http://itachi-HP-Pavilion-Laptop-15-cc1xx:35839/
[rosmaster.master][INFO] 2020-02-26 21:39:49,523: +SERVICE [/rosout/set_logger_level] /rosout http://itachi-HP-Pavilion-Laptop-15-cc1xx:35839/
[rosmaster.master][INFO] 2020-02-26 21:39:49,525: +PUB [/rosout_agg] /rosout http://itachi-HP-Pavilion-Laptop-15-cc1xx:35839/
[rosmaster.master][INFO] 2020-02-26 21:39:49,532: +SUB [/rosout] /rosout http://itachi-HP-Pavilion-Laptop-15-cc1xx:35839/
[rosmaster.master][INFO] 2020-02-26 21:39:49,582: +PUB [/rosout] /usb_cam http://itachi-HP-Pavilion-Laptop-15-cc1xx:43999/
[rosmaster.master][INFO] 2020-02-26 21:39:49,584: +SERVICE [/usb_cam/get_loggers] /usb_cam http://itachi-HP-Pavilion-Laptop-15-cc1xx:43999/
[rosmaster.master][INFO] 2020-02-26 21:39:49,586: +SERVICE [/usb_cam/set_logger_level] /usb_cam http://itachi-HP-Pavilion-Laptop-15-cc1xx:43999/
[rosmaster.master][INFO] 2020-02-26 21:39:49,593: +PUB [/rosout] /usb_cam/image_proc http://itachi-HP-Pavilion-Laptop-15-cc1xx:44815/
[rosmaster.master][INFO] 2020-02-26 21:39:49,594: +SERVICE [/usb_cam/image_proc/get_loggers] /usb_cam/image_proc http://itachi-HP-Pavilion-Laptop-15-cc1xx:44815/
[rosmaster.master][INFO] 2020-02-26 21:39:49,595: +SERVICE [/usb_cam/image_proc/set_logger_level] /usb_cam/image_proc http://itachi-HP-Pavilion-Laptop-15-cc1xx:44815/
[rosmaster.master][INFO] 2020-02-26 21:39:49,605: +PUB [/rosout] /whycon http://itachi-HP-Pavilion-Laptop-15-cc1xx:38881/
[rosmaster.master][INFO] 2020-02-26 21:39:49,608: +SERVICE [/whycon/get_loggers] /whycon http://itachi-HP-Pavilion-Laptop-15-cc1xx:38881/
[rosmaster.master][INFO] 2020-02-26 21:39:49,610: +SERVICE [/whycon/set_logger_level] /whycon http://itachi-HP-Pavilion-Laptop-15-cc1xx:38881/
[rosmaster.master][INFO] 2020-02-26 21:39:49,622: +PUB [/rosout] /whycon_display/image_view http://itachi-HP-Pavilion-Laptop-15-cc1xx:33565/
[rosmaster.master][INFO] 2020-02-26 21:39:49,624: +SERVICE [/whycon_display/image_view/get_loggers] /whycon_display/image_view http://itachi-HP-Pavilion-Laptop-15-cc1xx:33565/
[rosmaster.master][INFO] 2020-02-26 21:39:49,625: +SERVICE [/whycon_display/image_view/set_logger_level] /whycon_display/image_view http://itachi-HP-Pavilion-Laptop-15-cc1xx:33565/
[rosmaster.master][INFO] 2020-02-26 21:39:49,655: +SERVICE [/usb_cam/image_proc_debayer/set_parameters] /usb_cam/image_proc http://itachi-HP-Pavilion-Laptop-15-cc1xx:44815/
[rosmaster.master][INFO] 2020-02-26 21:39:49,657: +PUB [/usb_cam/image_proc_debayer/parameter_descriptions] /usb_cam/image_proc http://itachi-HP-Pavilion-Laptop-15-cc1xx:44815/
[rosmaster.master][INFO] 2020-02-26 21:39:49,658: +PUB [/usb_cam/image_proc_debayer/parameter_updates] /usb_cam/image_proc http://itachi-HP-Pavilion-Laptop-15-cc1xx:44815/
[rosmaster.master][INFO] 2020-02-26 21:39:49,661: +PARAM [/usb_cam/image_proc_debayer/debayer] by /usb_cam/image_proc
[rosmaster.master][INFO] 2020-02-26 21:39:49,663: +PARAM [/usb_cam/image_proc_debayer/debayer] by /usb_cam/image_proc
[rosmaster.master][INFO] 2020-02-26 21:39:49,664: +PUB [/usb_cam/image_raw/compressedDepth] /usb_cam http://itachi-HP-Pavilion-Laptop-15-cc1xx:43999/
[rosmaster.master][INFO] 2020-02-26 21:39:49,666: +SERVICE [/usb_cam/image_raw/compressedDepth/set_parameters] /usb_cam http://itachi-HP-Pavilion-Laptop-15-cc1xx:43999/
[rosmaster.master][INFO] 2020-02-26 21:39:49,667: +PUB [/usb_cam/image_mono/compressedDepth] /usb_cam/image_proc http://itachi-HP-Pavilion-Laptop-15-cc1xx:44815/
[rosmaster.master][INFO] 2020-02-26 21:39:49,668: +PUB [/usb_cam/image_raw/compressedDepth/parameter_descriptions] /usb_cam http://itachi-HP-Pavilion-Laptop-15-cc1xx:43999/
[rosmaster.master][INFO] 2020-02-26 21:39:49,669: +SERVICE [/usb_cam/image_mono/compressedDepth/set_parameters] /usb_cam/image_proc http://itachi-HP-Pavilion-Laptop-15-cc1xx:44815/
[rosmaster.master][INFO] 2020-02-26 21:39:49,671: +PUB [/usb_cam/image_raw/compressedDepth/parameter_updates] /usb_cam http://itachi-HP-Pavilion-Laptop-15-cc1xx:43999/
[rosmaster.master][INFO] 2020-02-26 21:39:49,672: +PUB [/usb_cam/image_mono/compressedDepth/parameter_descriptions] /usb_cam/image_proc http://itachi-HP-Pavilion-Laptop-15-cc1xx:44815/
[rosmaster.master][INFO] 2020-02-26 21:39:49,674: +PUB [/usb_cam/image_mono/compressedDepth/parameter_updates] /usb_cam/image_proc http://itachi-HP-Pavilion-Laptop-15-cc1xx:44815/
[rosmaster.master][INFO] 2020-02-26 21:39:49,677: publisherUpdate[/rosout] -> http://itachi-HP-Pavilion-Laptop-15-cc1xx:35839/ ['http://itachi-HP-Pavilion-Laptop-15-cc1xx:43999/']
[rosmaster.master][INFO] 2020-02-26 21:39:49,682: publisherUpdate[/rosout] -> http://itachi-HP-Pavilion-Laptop-15-cc1xx:35839/ ['http://itachi-HP-Pavilion-Laptop-15-cc1xx:43999/']: sec=0.00, result=[1, '', 0]
[rosmaster.master][INFO] 2020-02-26 21:39:49,682: publisherUpdate[/rosout] -> http://itachi-HP-Pavilion-Laptop-15-cc1xx:35839/ ['http://itachi-HP-Pavilion-Laptop-15-cc1xx:43999/', 'http://itachi-HP-Pavilion-Laptop-15-cc1xx:44815/']
[rosmaster.master][INFO] 2020-02-26 21:39:49,683: +PARAM [/usb_cam/image_raw/compressedDepth/depth_max] by /usb_cam
[rosmaster.master][INFO] 2020-02-26 21:39:49,684: publisherUpdate[/rosout] -> http://itachi-HP-Pavilion-Laptop-15-cc1xx:35839/ ['http://itachi-HP-Pavilion-Laptop-15-cc1xx:43999/', 'http://itachi-HP-Pavilion-Laptop-15-cc1xx:44815/']: sec=0.00, result=[1, '', 0]
[rosmaster.master][INFO] 2020-02-26 21:39:49,685: publisherUpdate[/rosout] -> http://itachi-HP-Pavilion-Laptop-15-cc1xx:35839/ ['http://itachi-HP-Pavilion-Laptop-15-cc1xx:43999/', 'http://itachi-HP-Pavilion-Laptop-15-cc1xx:44815/', 'http://itachi-HP-Pavilion-Laptop-15-cc1xx:38881/']
[rosmaster.master][INFO] 2020-02-26 21:39:49,687: publisherUpdate[/rosout] -> http://itachi-HP-Pavilion-Laptop-15-cc1xx:35839/ ['http://itachi-HP-Pavilion-Laptop-15-cc1xx:43999/', 'http://itachi-HP-Pavilion-Laptop-15-cc1xx:44815/', 'http://itachi-HP-Pavilion-Laptop-15-cc1xx:38881/']: sec=0.00, result=[1, '', 0]
[rosmaster.master][INFO] 2020-02-26 21:39:49,688: +PARAM [/usb_cam/image_mono/compressedDepth/depth_max] by /usb_cam/image_proc
[rosmaster.master][INFO] 2020-02-26 21:39:49,689: publisherUpdate[/rosout] -> http://itachi-HP-Pavilion-Laptop-15-cc1xx:35839/ ['http://itachi-HP-Pavilion-Laptop-15-cc1xx:43999/', 'http://itachi-HP-Pavilion-Laptop-15-cc1xx:44815/', 'http://itachi-HP-Pavilion-Laptop-15-cc1xx:38881/', 'http://itachi-HP-Pavilion-Laptop-15-cc1xx:33565/']
[rosmaster.master][INFO] 2020-02-26 21:39:49,690: +PARAM [/usb_cam/image_raw/compressedDepth/depth_quantization] by /usb_cam
[rosmaster.master][INFO] 2020-02-26 21:39:49,693: publisherUpdate[/rosout] -> http://itachi-HP-Pavilion-Laptop-15-cc1xx:35839/ ['http://itachi-HP-Pavilion-Laptop-15-cc1xx:43999/', 'http://itachi-HP-Pavilion-Laptop-15-cc1xx:44815/', 'http://itachi-HP-Pavilion-Laptop-15-cc1xx:38881/', 'http://itachi-HP-Pavilion-Laptop-15-cc1xx:33565/']: sec=0.00, result=[1, '', 0]
[rosmaster.master][INFO] 2020-02-26 21:39:49,694: +PARAM [/usb_cam/image_mono/compressedDepth/depth_quantization] by /usb_cam/image_proc
[rosmaster.master][INFO] 2020-02-26 21:39:49,696: +PARAM [/usb_cam/image_raw/compressedDepth/png_level] by /usb_cam
[rosmaster.master][INFO] 2020-02-26 21:39:49,697: +PARAM [/usb_cam/image_mono/compressedDepth/png_level] by /usb_cam/image_proc
[rosmaster.master][INFO] 2020-02-26 21:39:49,699: +PARAM [/usb_cam/image_raw/compressedDepth/depth_max] by /usb_cam
[rosmaster.master][INFO] 2020-02-26 21:39:49,700: +PARAM [/usb_cam/image_mono/compressedDepth/depth_max] by /usb_cam/image_proc
[rosmaster.master][INFO] 2020-02-26 21:39:49,703: +PARAM [/usb_cam/image_raw/compressedDepth/depth_quantization] by /usb_cam
[rosmaster.master][INFO] 2020-02-26 21:39:49,704: +PARAM [/usb_cam/image_mono/compressedDepth/depth_quantization] by /usb_cam/image_proc
[rosmaster.master][INFO] 2020-02-26 21:39:49,706: +PARAM [/usb_cam/image_raw/compressedDepth/png_level] by /usb_cam
[rosmaster.master][INFO] 2020-02-26 21:39:49,708: +PARAM [/usb_cam/image_mono/compressedDepth/png_level] by /usb_cam/image_proc
[rosmaster.master][INFO] 2020-02-26 21:39:49,710: +PUB [/usb_cam/image_raw/compressed] /usb_cam http://itachi-HP-Pavilion-Laptop-15-cc1xx:43999/
[rosmaster.master][INFO] 2020-02-26 21:39:49,712: +PUB [/usb_cam/image_mono/compressed] /usb_cam/image_proc http://itachi-HP-Pavilion-Laptop-15-cc1xx:44815/
[rosmaster.master][INFO] 2020-02-26 21:39:49,713: +SERVICE [/usb_cam/image_raw/compressed/set_parameters] /usb_cam http://itachi-HP-Pavilion-Laptop-15-cc1xx:43999/
[rosmaster.master][INFO] 2020-02-26 21:39:49,714: +SERVICE [/usb_cam/image_mono/compressed/set_parameters] /usb_cam/image_proc http://itachi-HP-Pavilion-Laptop-15-cc1xx:44815/
[rosmaster.master][INFO] 2020-02-26 21:39:49,715: +PUB [/usb_cam/image_raw/compressed/parameter_descriptions] /usb_cam http://itachi-HP-Pavilion-Laptop-15-cc1xx:43999/
[rosmaster.master][INFO] 2020-02-26 21:39:49,717: +PUB [/usb_cam/image_mono/compressed/parameter_descriptions] /usb_cam/image_proc http://itachi-HP-Pavilion-Laptop-15-cc1xx:44815/
[rosmaster.master][INFO] 2020-02-26 21:39:49,718: +PUB [/usb_cam/image_raw/compressed/parameter_updates] /usb_cam http://itachi-HP-Pavilion-Laptop-15-cc1xx:43999/
[rosmaster.master][INFO] 2020-02-26 21:39:49,719: +PUB [/tf] /whycon http://itachi-HP-Pavilion-Laptop-15-cc1xx:38881/
[rosmaster.master][INFO] 2020-02-26 21:39:49,720: +PUB [/usb_cam/image_mono/compressed/parameter_updates] /usb_cam/image_proc http://itachi-HP-Pavilion-Laptop-15-cc1xx:44815/
[rosmaster.master][INFO] 2020-02-26 21:39:49,726: +PARAM [/usb_cam/image_raw/compressed/format] by /usb_cam
[rosmaster.master][INFO] 2020-02-26 21:39:49,728: +PARAM [/usb_cam/image_mono/compressed/format] by /usb_cam/image_proc
[rosmaster.master][INFO] 2020-02-26 21:39:49,729: +PARAM [/usb_cam/image_raw/compressed/jpeg_quality] by /usb_cam
[rosmaster.master][INFO] 2020-02-26 21:39:49,731: +PARAM [/usb_cam/image_mono/compressed/jpeg_quality] by /usb_cam/image_proc
[rosmaster.master][INFO] 2020-02-26 21:39:49,733: +PARAM [/usb_cam/image_mono/compressed/png_level] by /usb_cam/image_proc
[rosmaster.master][INFO] 2020-02-26 21:39:49,736: +PARAM [/usb_cam/image_mono/compressed/format] by /usb_cam/image_proc
[rosmaster.master][INFO] 2020-02-26 21:39:49,737: +SUB [/usb_cam/image_rect_color] /whycon http://itachi-HP-Pavilion-Laptop-15-cc1xx:38881/
[rosmaster.master][INFO] 2020-02-26 21:39:49,738: +PARAM [/usb_cam/image_raw/compressed/png_level] by /usb_cam
[rosmaster.master][INFO] 2020-02-26 21:39:49,739: +PARAM [/usb_cam/image_mono/compressed/jpeg_quality] by /usb_cam/image_proc
[rosmaster.master][INFO] 2020-02-26 21:39:49,743: +PARAM [/usb_cam/image_raw/compressed/format] by /usb_cam
[rosmaster.master][INFO] 2020-02-26 21:39:49,743: +PARAM [/usb_cam/image_mono/compressed/png_level] by /usb_cam/image_proc
[rosmaster.master][INFO] 2020-02-26 21:39:49,746: +PARAM [/usb_cam/image_raw/compressed/jpeg_quality] by /usb_cam
[rosmaster.master][INFO] 2020-02-26 21:39:49,747: +PUB [/usb_cam/image_mono] /usb_cam/image_proc http://itachi-HP-Pavilion-Laptop-15-cc1xx:44815/
[rosmaster.master][INFO] 2020-02-26 21:39:49,749: +PARAM [/usb_cam/image_raw/compressed/png_level] by /usb_cam
[rosmaster.master][INFO] 2020-02-26 21:39:49,754: +PUB [/usb_cam/image_mono/theora] /usb_cam/image_proc http://itachi-HP-Pavilion-Laptop-15-cc1xx:44815/
[rosmaster.master][INFO] 2020-02-26 21:39:49,755: +PUB [/usb_cam/image_raw] /usb_cam http://itachi-HP-Pavilion-Laptop-15-cc1xx:43999/
[rosmaster.master][INFO] 2020-02-26 21:39:49,757: +SERVICE [/usb_cam/image_mono/theora/set_parameters] /usb_cam/image_proc http://itachi-HP-Pavilion-Laptop-15-cc1xx:44815/
[rosmaster.master][INFO] 2020-02-26 21:39:49,758: +PUB [/usb_cam/image_raw/theora] /usb_cam http://itachi-HP-Pavilion-Laptop-15-cc1xx:43999/
[rosmaster.master][INFO] 2020-02-26 21:39:49,759: +SUB [/usb_cam/camera_info] /whycon http://itachi-HP-Pavilion-Laptop-15-cc1xx:38881/
[rosmaster.master][INFO] 2020-02-26 21:39:49,761: +PUB [/usb_cam/image_mono/theora/parameter_descriptions] /usb_cam/image_proc http://itachi-HP-Pavilion-Laptop-15-cc1xx:44815/
[rosmaster.master][INFO] 2020-02-26 21:39:49,762: +SERVICE [/usb_cam/image_raw/theora/set_parameters] /usb_cam http://itachi-HP-Pavilion-Laptop-15-cc1xx:43999/
[rosmaster.master][INFO] 2020-02-26 21:39:49,763: +PUB [/whycon/image_out] /whycon http://itachi-HP-Pavilion-Laptop-15-cc1xx:38881/
[rosmaster.master][INFO] 2020-02-26 21:39:49,764: +PUB [/usb_cam/image_mono/theora/parameter_updates] /usb_cam/image_proc http://itachi-HP-Pavilion-Laptop-15-cc1xx:44815/
[rosmaster.master][INFO] 2020-02-26 21:39:49,765: +PUB [/usb_cam/image_raw/theora/parameter_descriptions] /usb_cam http://itachi-HP-Pavilion-Laptop-15-cc1xx:43999/
[rosmaster.master][INFO] 2020-02-26 21:39:49,767: +PUB [/whycon/poses] /whycon http://itachi-HP-Pavilion-Laptop-15-cc1xx:38881/
[rosmaster.master][INFO] 2020-02-26 21:39:49,769: +PUB [/usb_cam/image_raw/theora/parameter_updates] /usb_cam http://itachi-HP-Pavilion-Laptop-15-cc1xx:43999/
[rosmaster.master][INFO] 2020-02-26 21:39:49,770: +PUB [/whycon/context] /whycon http://itachi-HP-Pavilion-Laptop-15-cc1xx:38881/
[rosmaster.master][INFO] 2020-02-26 21:39:49,772: +PUB [/whycon/projection] /whycon http://itachi-HP-Pavilion-Laptop-15-cc1xx:38881/
[rosmaster.master][INFO] 2020-02-26 21:39:49,775: +SERVICE [/whycon/reset] /whycon http://itachi-HP-Pavilion-Laptop-15-cc1xx:38881/
[rosmaster.master][INFO] 2020-02-26 21:39:49,777: +PARAM [/usb_cam/image_mono/theora/optimize_for] by /usb_cam/image_proc
[rosmaster.master][INFO] 2020-02-26 21:39:49,779: +PARAM [/usb_cam/image_mono/theora/target_bitrate] by /usb_cam/image_proc
[rosmaster.master][INFO] 2020-02-26 21:39:49,780: +PARAM [/usb_cam/image_raw/theora/optimize_for] by /usb_cam
[rosmaster.master][INFO] 2020-02-26 21:39:49,781: +PARAM [/usb_cam/image_mono/theora/quality] by /usb_cam/image_proc
[rosmaster.master][INFO] 2020-02-26 21:39:49,782: +PARAM [/usb_cam/image_raw/theora/target_bitrate] by /usb_cam
[rosmaster.master][INFO] 2020-02-26 21:39:49,783: +PARAM [/usb_cam/image_mono/theora/keyframe_frequency] by /usb_cam/image_proc
[rosmaster.master][INFO] 2020-02-26 21:39:49,783: +PARAM [/usb_cam/image_raw/theora/quality] by /usb_cam
[rosmaster.master][INFO] 2020-02-26 21:39:49,785: +PARAM [/usb_cam/image_mono/theora/optimize_for] by /usb_cam/image_proc
[rosmaster.master][INFO] 2020-02-26 21:39:49,785: +PARAM [/usb_cam/image_raw/theora/keyframe_frequency] by /usb_cam
[rosmaster.master][INFO] 2020-02-26 21:39:49,786: +PARAM [/usb_cam/image_mono/theora/target_bitrate] by /usb_cam/image_proc
[rosmaster.master][INFO] 2020-02-26 21:39:49,787: +PARAM [/usb_cam/image_raw/theora/optimize_for] by /usb_cam
[rosmaster.master][INFO] 2020-02-26 21:39:49,788: +PARAM [/usb_cam/image_mono/theora/quality] by /usb_cam/image_proc
[rosmaster.master][INFO] 2020-02-26 21:39:49,790: +PARAM [/usb_cam/image_raw/theora/target_bitrate] by /usb_cam
[rosmaster.master][INFO] 2020-02-26 21:39:49,791: +PARAM [/usb_cam/image_mono/theora/keyframe_frequency] by /usb_cam/image_proc
[rosmaster.master][INFO] 2020-02-26 21:39:49,792: +PARAM [/usb_cam/image_raw/theora/quality] by /usb_cam
[rosmaster.master][INFO] 2020-02-26 21:39:49,794: +PARAM [/usb_cam/image_raw/theora/keyframe_frequency] by /usb_cam
[rosmaster.master][INFO] 2020-02-26 21:39:49,795: +PUB [/usb_cam/image_color/compressedDepth] /usb_cam/image_proc http://itachi-HP-Pavilion-Laptop-15-cc1xx:44815/
[rosmaster.master][INFO] 2020-02-26 21:39:49,795: +PUB [/usb_cam/camera_info] /usb_cam http://itachi-HP-Pavilion-Laptop-15-cc1xx:43999/
[rosmaster.master][INFO] 2020-02-26 21:39:49,796: +SERVICE [/usb_cam/image_color/compressedDepth/set_parameters] /usb_cam/image_proc http://itachi-HP-Pavilion-Laptop-15-cc1xx:44815/
[rosmaster.master][INFO] 2020-02-26 21:39:49,798: +PUB [/usb_cam/image_color/compressedDepth/parameter_descriptions] /usb_cam/image_proc http://itachi-HP-Pavilion-Laptop-15-cc1xx:44815/
[rosmaster.master][INFO] 2020-02-26 21:39:49,800: +PUB [/usb_cam/image_color/compressedDepth/parameter_updates] /usb_cam/image_proc http://itachi-HP-Pavilion-Laptop-15-cc1xx:44815/
[rosmaster.master][INFO] 2020-02-26 21:39:49,805: +PARAM [/usb_cam/image_color/compressedDepth/depth_max] by /usb_cam/image_proc
[rosmaster.master][INFO] 2020-02-26 21:39:49,807: +PARAM [/usb_cam/image_color/compressedDepth/depth_quantization] by /usb_cam/image_proc
[rosmaster.master][INFO] 2020-02-26 21:39:49,809: +PARAM [/usb_cam/image_color/compressedDepth/png_level] by /usb_cam/image_proc
[rosmaster.master][INFO] 2020-02-26 21:39:49,810: +PARAM [/usb_cam/image_color/compressedDepth/depth_max] by /usb_cam/image_proc
[rosmaster.master][INFO] 2020-02-26 21:39:49,812: +PARAM [/usb_cam/image_color/compressedDepth/depth_quantization] by /usb_cam/image_proc
[rosmaster.master][INFO] 2020-02-26 21:39:49,814: +PARAM [/usb_cam/image_color/compressedDepth/png_level] by /usb_cam/image_proc
[rosmaster.master][INFO] 2020-02-26 21:39:49,816: +PUB [/usb_cam/image_color/compressed] /usb_cam/image_proc http://itachi-HP-Pavilion-Laptop-15-cc1xx:44815/
[rosmaster.master][INFO] 2020-02-26 21:39:49,824: +SERVICE [/usb_cam/image_color/compressed/set_parameters] /usb_cam/image_proc http://itachi-HP-Pavilion-Laptop-15-cc1xx:44815/
[rosmaster.master][INFO] 2020-02-26 21:39:49,827: +PUB [/usb_cam/image_color/compressed/parameter_descriptions] /usb_cam/image_proc http://itachi-HP-Pavilion-Laptop-15-cc1xx:44815/
[rosmaster.master][INFO] 2020-02-26 21:39:49,839: +PUB [/usb_cam/image_color/compressed/parameter_updates] /usb_cam/image_proc http://itachi-HP-Pavilion-Laptop-15-cc1xx:44815/
[rosmaster.master][INFO] 2020-02-26 21:39:49,871: +PARAM [/usb_cam/image_color/compressed/format] by /usb_cam/image_proc
[rosmaster.master][INFO] 2020-02-26 21:39:49,879: +PARAM [/usb_cam/image_color/compressed/jpeg_quality] by /usb_cam/image_proc
[rosmaster.master][INFO] 2020-02-26 21:39:49,879: publisherUpdate[/usb_cam/camera_info] -> http://itachi-HP-Pavilion-Laptop-15-cc1xx:38881/ ['http://itachi-HP-Pavilion-Laptop-15-cc1xx:43999/']
[rosmaster.master][INFO] 2020-02-26 21:39:49,881: +SERVICE [/usb_cam/set_camera_info] /usb_cam http://itachi-HP-Pavilion-Laptop-15-cc1xx:43999/
[rosmaster.master][INFO] 2020-02-26 21:39:49,882: +PARAM [/usb_cam/image_color/compressed/png_level] by /usb_cam/image_proc
[rosmaster.master][INFO] 2020-02-26 21:39:49,883: publisherUpdate[/usb_cam/camera_info] -> http://itachi-HP-Pavilion-Laptop-15-cc1xx:38881/ ['http://itachi-HP-Pavilion-Laptop-15-cc1xx:43999/']: sec=0.00, result=[1, '', 0]
[rosmaster.master][INFO] 2020-02-26 21:39:49,885: +PARAM [/usb_cam/image_color/compressed/format] by /usb_cam/image_proc
[rosmaster.master][INFO] 2020-02-26 21:39:49,888: +SERVICE [/usb_cam/start_capture] /usb_cam http://itachi-HP-Pavilion-Laptop-15-cc1xx:43999/
[rosmaster.master][INFO] 2020-02-26 21:39:49,891: +PARAM [/usb_cam/image_color/compressed/jpeg_quality] by /usb_cam/image_proc
[rosmaster.master][INFO] 2020-02-26 21:39:49,893: +SERVICE [/usb_cam/stop_capture] /usb_cam http://itachi-HP-Pavilion-Laptop-15-cc1xx:43999/
[rosmaster.master][INFO] 2020-02-26 21:39:49,896: +PARAM [/usb_cam/image_color/compressed/png_level] by /usb_cam/image_proc
[rosmaster.master][INFO] 2020-02-26 21:39:49,898: +PUB [/usb_cam/image_color] /usb_cam/image_proc http://itachi-HP-Pavilion-Laptop-15-cc1xx:44815/
[rosmaster.master][INFO] 2020-02-26 21:39:49,901: +PUB [/usb_cam/image_color/theora] /usb_cam/image_proc http://itachi-HP-Pavilion-Laptop-15-cc1xx:44815/
[rosmaster.master][INFO] 2020-02-26 21:39:49,907: +SERVICE [/usb_cam/image_color/theora/set_parameters] /usb_cam/image_proc http://itachi-HP-Pavilion-Laptop-15-cc1xx:44815/
[rosmaster.master][INFO] 2020-02-26 21:39:49,909: +PUB [/usb_cam/image_color/theora/parameter_descriptions] /usb_cam/image_proc http://itachi-HP-Pavilion-Laptop-15-cc1xx:44815/
[rosmaster.master][INFO] 2020-02-26 21:39:49,911: +PUB [/usb_cam/image_color/theora/parameter_updates] /usb_cam/image_proc http://itachi-HP-Pavilion-Laptop-15-cc1xx:44815/
[rosmaster.master][INFO] 2020-02-26 21:39:49,912: +SUB [/whycon/image_out] /whycon_display/image_view http://itachi-HP-Pavilion-Laptop-15-cc1xx:33565/
[rosmaster.master][INFO] 2020-02-26 21:39:49,914: +PUB [/whycon_display/image_view/output] /whycon_display/image_view http://itachi-HP-Pavilion-Laptop-15-cc1xx:33565/
[rosmaster.master][INFO] 2020-02-26 21:39:49,917: +SERVICE [/whycon_display/image_view/set_parameters] /whycon_display/image_view http://itachi-HP-Pavilion-Laptop-15-cc1xx:33565/
[rosmaster.master][INFO] 2020-02-26 21:39:49,919: +PUB [/whycon_display/image_view/parameter_descriptions] /whycon_display/image_view http://itachi-HP-Pavilion-Laptop-15-cc1xx:33565/
[rosmaster.master][INFO] 2020-02-26 21:39:49,925: +PARAM [/usb_cam/image_color/theora/optimize_for] by /usb_cam/image_proc
[rosmaster.master][INFO] 2020-02-26 21:39:49,926: +PUB [/whycon_display/image_view/parameter_updates] /whycon_display/image_view http://itachi-HP-Pavilion-Laptop-15-cc1xx:33565/
[rosmaster.master][INFO] 2020-02-26 21:39:49,927: +PARAM [/usb_cam/image_color/theora/target_bitrate] by /usb_cam/image_proc
[rosmaster.master][INFO] 2020-02-26 21:39:49,929: +PARAM [/usb_cam/image_color/theora/quality] by /usb_cam/image_proc
[rosmaster.master][INFO] 2020-02-26 21:39:49,931: +PARAM [/usb_cam/image_color/theora/keyframe_frequency] by /usb_cam/image_proc
[rosmaster.master][INFO] 2020-02-26 21:39:49,933: +PARAM [/usb_cam/image_color/theora/optimize_for] by /usb_cam/image_proc
[rosmaster.master][INFO] 2020-02-26 21:39:49,936: +PARAM [/usb_cam/image_color/theora/target_bitrate] by /usb_cam/image_proc
[rosmaster.master][INFO] 2020-02-26 21:39:49,937: +PARAM [/whycon_display/image_view/do_dynamic_scaling] by /whycon_display/image_view
[rosmaster.master][INFO] 2020-02-26 21:39:49,938: +PARAM [/usb_cam/image_color/theora/quality] by /usb_cam/image_proc
[rosmaster.master][INFO] 2020-02-26 21:39:49,939: +PARAM [/whycon_display/image_view/colormap] by /whycon_display/image_view
[rosmaster.master][INFO] 2020-02-26 21:39:49,940: +PARAM [/usb_cam/image_color/theora/keyframe_frequency] by /usb_cam/image_proc
[rosmaster.master][INFO] 2020-02-26 21:39:49,941: +PARAM [/whycon_display/image_view/min_image_value] by /whycon_display/image_view
[rosmaster.master][INFO] 2020-02-26 21:39:49,943: +PARAM [/whycon_display/image_view/max_image_value] by /whycon_display/image_view
[rosmaster.master][INFO] 2020-02-26 21:39:49,944: +PARAM [/whycon_display/image_view/do_dynamic_scaling] by /whycon_display/image_view
[rosmaster.master][INFO] 2020-02-26 21:39:49,945: +SERVICE [/usb_cam/image_proc_rectify_mono/set_parameters] /usb_cam/image_proc http://itachi-HP-Pavilion-Laptop-15-cc1xx:44815/
[rosmaster.master][INFO] 2020-02-26 21:39:49,946: +PARAM [/whycon_display/image_view/colormap] by /whycon_display/image_view
[rosmaster.master][INFO] 2020-02-26 21:39:49,947: +PUB [/usb_cam/image_proc_rectify_mono/parameter_descriptions] /usb_cam/image_proc http://itachi-HP-Pavilion-Laptop-15-cc1xx:44815/
[rosmaster.master][INFO] 2020-02-26 21:39:49,948: +PARAM [/whycon_display/image_view/min_image_value] by /whycon_display/image_view
[rosmaster.master][INFO] 2020-02-26 21:39:49,949: +PUB [/usb_cam/image_proc_rectify_mono/parameter_updates] /usb_cam/image_proc http://itachi-HP-Pavilion-Laptop-15-cc1xx:44815/
[rosmaster.master][INFO] 2020-02-26 21:39:49,950: +PARAM [/whycon_display/image_view/max_image_value] by /whycon_display/image_view
[rosmaster.master][INFO] 2020-02-26 21:39:51,525: +PARAM [/usb_cam/image_proc_rectify_mono/interpolation] by /usb_cam/image_proc
[rosmaster.master][INFO] 2020-02-26 21:39:51,527: +PUB [/rosout] /serial_node http://itachi-HP-Pavilion-Laptop-15-cc1xx:41213/
[rosmaster.master][INFO] 2020-02-26 21:39:51,528: +PARAM [/usb_cam/image_proc_rectify_mono/interpolation] by /usb_cam/image_proc
[rosmaster.master][INFO] 2020-02-26 21:39:51,532: +PUB [/usb_cam/image_rect/compressedDepth] /usb_cam/image_proc http://itachi-HP-Pavilion-Laptop-15-cc1xx:44815/
[rosmaster.master][INFO] 2020-02-26 21:39:51,535: +SERVICE [/usb_cam/image_rect/compressedDepth/set_parameters] /usb_cam/image_proc http://itachi-HP-Pavilion-Laptop-15-cc1xx:44815/
[rosmaster.master][INFO] 2020-02-26 21:39:51,537: +SERVICE [/serial_node/get_loggers] /serial_node http://itachi-HP-Pavilion-Laptop-15-cc1xx:41213/
[rosmaster.master][INFO] 2020-02-26 21:39:51,539: +PUB [/usb_cam/image_rect/compressedDepth/parameter_descriptions] /usb_cam/image_proc http://itachi-HP-Pavilion-Laptop-15-cc1xx:44815/
[rosmaster.master][INFO] 2020-02-26 21:39:51,540: +SERVICE [/serial_node/set_logger_level] /serial_node http://itachi-HP-Pavilion-Laptop-15-cc1xx:41213/
[rosmaster.master][INFO] 2020-02-26 21:39:51,542: +PUB [/usb_cam/image_rect/compressedDepth/parameter_updates] /usb_cam/image_proc http://itachi-HP-Pavilion-Laptop-15-cc1xx:44815/
[rosmaster.master][INFO] 2020-02-26 21:39:51,551: +PARAM [/usb_cam/image_rect/compressedDepth/depth_max] by /usb_cam/image_proc
[rosmaster.master][INFO] 2020-02-26 21:39:51,554: +PARAM [/usb_cam/image_rect/compressedDepth/depth_quantization] by /usb_cam/image_proc
[rosmaster.master][INFO] 2020-02-26 21:39:51,555: +PUB [/diagnostics] /serial_node http://itachi-HP-Pavilion-Laptop-15-cc1xx:41213/
[rosmaster.master][INFO] 2020-02-26 21:39:51,556: +PARAM [/usb_cam/image_rect/compressedDepth/png_level] by /usb_cam/image_proc
[rosmaster.master][INFO] 2020-02-26 21:39:51,557: +PARAM [/usb_cam/image_rect/compressedDepth/depth_max] by /usb_cam/image_proc
[rosmaster.master][INFO] 2020-02-26 21:39:51,558: +PARAM [/usb_cam/image_rect/compressedDepth/depth_quantization] by /usb_cam/image_proc
[rosmaster.master][INFO] 2020-02-26 21:39:51,559: +PARAM [/usb_cam/image_rect/compressedDepth/png_level] by /usb_cam/image_proc
[rosmaster.master][INFO] 2020-02-26 21:39:51,560: +PUB [/usb_cam/image_rect/compressed] /usb_cam/image_proc http://itachi-HP-Pavilion-Laptop-15-cc1xx:44815/
[rosmaster.master][INFO] 2020-02-26 21:39:51,561: +SERVICE [/usb_cam/image_rect/compressed/set_parameters] /usb_cam/image_proc http://itachi-HP-Pavilion-Laptop-15-cc1xx:44815/
[rosmaster.master][INFO] 2020-02-26 21:39:51,561: +PUB [/usb_cam/image_rect/compressed/parameter_descriptions] /usb_cam/image_proc http://itachi-HP-Pavilion-Laptop-15-cc1xx:44815/
[rosmaster.master][INFO] 2020-02-26 21:39:51,562: +PUB [/usb_cam/image_rect/compressed/parameter_updates] /usb_cam/image_proc http://itachi-HP-Pavilion-Laptop-15-cc1xx:44815/
[rosmaster.master][INFO] 2020-02-26 21:39:51,565: +PARAM [/usb_cam/image_rect/compressed/format] by /usb_cam/image_proc
[rosmaster.master][INFO] 2020-02-26 21:39:51,565: +PARAM [/usb_cam/image_rect/compressed/jpeg_quality] by /usb_cam/image_proc
[rosmaster.master][INFO] 2020-02-26 21:39:51,566: +PARAM [/usb_cam/image_rect/compressed/png_level] by /usb_cam/image_proc
[rosmaster.master][INFO] 2020-02-26 21:39:51,567: +PARAM [/usb_cam/image_rect/compressed/format] by /usb_cam/image_proc
[rosmaster.master][INFO] 2020-02-26 21:39:51,567: +PARAM [/usb_cam/image_rect/compressed/jpeg_quality] by /usb_cam/image_proc
[rosmaster.master][INFO] 2020-02-26 21:39:51,568: +PARAM [/usb_cam/image_rect/compressed/png_level] by /usb_cam/image_proc
[rosmaster.master][INFO] 2020-02-26 21:39:51,569: +PUB [/usb_cam/image_rect] /usb_cam/image_proc http://itachi-HP-Pavilion-Laptop-15-cc1xx:44815/
[rosmaster.master][INFO] 2020-02-26 21:39:51,570: +PUB [/usb_cam/image_rect/theora] /usb_cam/image_proc http://itachi-HP-Pavilion-Laptop-15-cc1xx:44815/
[rosmaster.master][INFO] 2020-02-26 21:39:51,570: +SERVICE [/usb_cam/image_rect/theora/set_parameters] /usb_cam/image_proc http://itachi-HP-Pavilion-Laptop-15-cc1xx:44815/
[rosmaster.master][INFO] 2020-02-26 21:39:51,571: +PUB [/usb_cam/image_rect/theora/parameter_descriptions] /usb_cam/image_proc http://itachi-HP-Pavilion-Laptop-15-cc1xx:44815/
[rosmaster.master][INFO] 2020-02-26 21:39:51,572: +PUB [/usb_cam/image_rect/theora/parameter_updates] /usb_cam/image_proc http://itachi-HP-Pavilion-Laptop-15-cc1xx:44815/
[rosmaster.master][INFO] 2020-02-26 21:39:51,575: +PARAM [/usb_cam/image_rect/theora/optimize_for] by /usb_cam/image_proc
[rosmaster.master][INFO] 2020-02-26 21:39:51,576: +PARAM [/usb_cam/image_rect/theora/target_bitrate] by /usb_cam/image_proc
[rosmaster.master][INFO] 2020-02-26 21:39:51,577: +PARAM [/usb_cam/image_rect/theora/quality] by /usb_cam/image_proc
[rosmaster.master][INFO] 2020-02-26 21:39:51,577: +PARAM [/usb_cam/image_rect/theora/keyframe_frequency] by /usb_cam/image_proc
[rosmaster.master][INFO] 2020-02-26 21:39:51,578: +PARAM [/usb_cam/image_rect/theora/optimize_for] by /usb_cam/image_proc
[rosmaster.master][INFO] 2020-02-26 21:39:51,579: +PARAM [/usb_cam/image_rect/theora/target_bitrate] by /usb_cam/image_proc
[rosmaster.master][INFO] 2020-02-26 21:39:51,579: +PARAM [/usb_cam/image_rect/theora/quality] by /usb_cam/image_proc
[rosmaster.master][INFO] 2020-02-26 21:39:51,580: +PARAM [/usb_cam/image_rect/theora/keyframe_frequency] by /usb_cam/image_proc
[rosmaster.master][INFO] 2020-02-26 21:39:51,582: +SERVICE [/usb_cam/image_proc_rectify_color/set_parameters] /usb_cam/image_proc http://itachi-HP-Pavilion-Laptop-15-cc1xx:44815/
[rosmaster.master][INFO] 2020-02-26 21:39:51,583: +PUB [/usb_cam/image_proc_rectify_color/parameter_descriptions] /usb_cam/image_proc http://itachi-HP-Pavilion-Laptop-15-cc1xx:44815/
[rosmaster.master][INFO] 2020-02-26 21:39:51,583: publisherUpdate[/rosout] -> http://itachi-HP-Pavilion-Laptop-15-cc1xx:35839/ ['http://itachi-HP-Pavilion-Laptop-15-cc1xx:43999/', 'http://itachi-HP-Pavilion-Laptop-15-cc1xx:44815/', 'http://itachi-HP-Pavilion-Laptop-15-cc1xx:38881/', 'http://itachi-HP-Pavilion-Laptop-15-cc1xx:33565/', 'http://itachi-HP-Pavilion-Laptop-15-cc1xx:41213/']
[rosmaster.master][INFO] 2020-02-26 21:39:51,584: +PUB [/usb_cam/image_proc_rectify_color/parameter_updates] /usb_cam/image_proc http://itachi-HP-Pavilion-Laptop-15-cc1xx:44815/
[rosmaster.master][INFO] 2020-02-26 21:39:51,584: publisherUpdate[/rosout] -> http://itachi-HP-Pavilion-Laptop-15-cc1xx:35839/ ['http://itachi-HP-Pavilion-Laptop-15-cc1xx:43999/', 'http://itachi-HP-Pavilion-Laptop-15-cc1xx:44815/', 'http://itachi-HP-Pavilion-Laptop-15-cc1xx:38881/', 'http://itachi-HP-Pavilion-Laptop-15-cc1xx:33565/', 'http://itachi-HP-Pavilion-Laptop-15-cc1xx:41213/']: sec=0.00, result=[1, '', 0]
[rosmaster.master][INFO] 2020-02-26 21:39:51,586: +PARAM [/usb_cam/image_proc_rectify_color/interpolation] by /usb_cam/image_proc
[rosmaster.master][INFO] 2020-02-26 21:39:51,586: +PARAM [/usb_cam/image_proc_rectify_color/interpolation] by /usb_cam/image_proc
[rosmaster.master][INFO] 2020-02-26 21:39:51,587: +PUB [/usb_cam/image_rect_color/compressedDepth] /usb_cam/image_proc http://itachi-HP-Pavilion-Laptop-15-cc1xx:44815/
[rosmaster.master][INFO] 2020-02-26 21:39:51,588: +SERVICE [/usb_cam/image_rect_color/compressedDepth/set_parameters] /usb_cam/image_proc http://itachi-HP-Pavilion-Laptop-15-cc1xx:44815/
[rosmaster.master][INFO] 2020-02-26 21:39:51,589: +PUB [/usb_cam/image_rect_color/compressedDepth/parameter_descriptions] /usb_cam/image_proc http://itachi-HP-Pavilion-Laptop-15-cc1xx:44815/
[rosmaster.master][INFO] 2020-02-26 21:39:51,590: +PUB [/usb_cam/image_rect_color/compressedDepth/parameter_updates] /usb_cam/image_proc http://itachi-HP-Pavilion-Laptop-15-cc1xx:44815/
[rosmaster.master][INFO] 2020-02-26 21:39:51,592: +PARAM [/usb_cam/image_rect_color/compressedDepth/depth_max] by /usb_cam/image_proc
[rosmaster.master][INFO] 2020-02-26 21:39:51,592: +PARAM [/usb_cam/image_rect_color/compressedDepth/depth_quantization] by /usb_cam/image_proc
[rosmaster.master][INFO] 2020-02-26 21:39:51,593: +PARAM [/usb_cam/image_rect_color/compressedDepth/png_level] by /usb_cam/image_proc
[rosmaster.master][INFO] 2020-02-26 21:39:51,593: +PARAM [/usb_cam/image_rect_color/compressedDepth/depth_max] by /usb_cam/image_proc
[rosmaster.master][INFO] 2020-02-26 21:39:51,594: +PARAM [/usb_cam/image_rect_color/compressedDepth/depth_quantization] by /usb_cam/image_proc
[rosmaster.master][INFO] 2020-02-26 21:39:51,594: +PARAM [/usb_cam/image_rect_color/compressedDepth/png_level] by /usb_cam/image_proc
[rosmaster.master][INFO] 2020-02-26 21:39:51,595: +PUB [/usb_cam/image_rect_color/compressed] /usb_cam/image_proc http://itachi-HP-Pavilion-Laptop-15-cc1xx:44815/
[rosmaster.master][INFO] 2020-02-26 21:39:51,596: +SERVICE [/usb_cam/image_rect_color/compressed/set_parameters] /usb_cam/image_proc http://itachi-HP-Pavilion-Laptop-15-cc1xx:44815/
[rosmaster.master][INFO] 2020-02-26 21:39:51,596: +PUB [/usb_cam/image_rect_color/compressed/parameter_descriptions] /usb_cam/image_proc http://itachi-HP-Pavilion-Laptop-15-cc1xx:44815/
[rosmaster.master][INFO] 2020-02-26 21:39:51,597: +PUB [/usb_cam/image_rect_color/compressed/parameter_updates] /usb_cam/image_proc http://itachi-HP-Pavilion-Laptop-15-cc1xx:44815/
[rosmaster.master][INFO] 2020-02-26 21:39:51,599: +PARAM [/usb_cam/image_rect_color/compressed/format] by /usb_cam/image_proc
[rosmaster.master][INFO] 2020-02-26 21:39:51,599: +PARAM [/usb_cam/image_rect_color/compressed/jpeg_quality] by /usb_cam/image_proc
[rosmaster.master][INFO] 2020-02-26 21:39:51,600: +PARAM [/usb_cam/image_rect_color/compressed/png_level] by /usb_cam/image_proc
[rosmaster.master][INFO] 2020-02-26 21:39:51,600: +PARAM [/usb_cam/image_rect_color/compressed/format] by /usb_cam/image_proc
[rosmaster.master][INFO] 2020-02-26 21:39:51,601: +PARAM [/usb_cam/image_rect_color/compressed/jpeg_quality] by /usb_cam/image_proc
[rosmaster.master][INFO] 2020-02-26 21:39:51,601: +PARAM [/usb_cam/image_rect_color/compressed/png_level] by /usb_cam/image_proc
[rosmaster.master][INFO] 2020-02-26 21:39:51,602: +PUB [/usb_cam/image_rect_color] /usb_cam/image_proc http://itachi-HP-Pavilion-Laptop-15-cc1xx:44815/
[rosmaster.master][INFO] 2020-02-26 21:39:51,602: +PUB [/usb_cam/image_rect_color/theora] /usb_cam/image_proc http://itachi-HP-Pavilion-Laptop-15-cc1xx:44815/
[rosmaster.master][INFO] 2020-02-26 21:39:51,603: +SERVICE [/usb_cam/image_rect_color/theora/set_parameters] /usb_cam/image_proc http://itachi-HP-Pavilion-Laptop-15-cc1xx:44815/
[rosmaster.master][INFO] 2020-02-26 21:39:51,603: +PUB [/usb_cam/image_rect_color/theora/parameter_descriptions] /usb_cam/image_proc http://itachi-HP-Pavilion-Laptop-15-cc1xx:44815/
[rosmaster.master][INFO] 2020-02-26 21:39:51,604: +PUB [/usb_cam/image_rect_color/theora/parameter_updates] /usb_cam/image_proc http://itachi-HP-Pavilion-Laptop-15-cc1xx:44815/
[rosmaster.master][INFO] 2020-02-26 21:39:51,606: +PARAM [/usb_cam/image_rect_color/theora/optimize_for] by /usb_cam/image_proc
[rosmaster.master][INFO] 2020-02-26 21:39:51,607: +PARAM [/usb_cam/image_rect_color/theora/target_bitrate] by /usb_cam/image_proc
[rosmaster.master][INFO] 2020-02-26 21:39:51,607: +PARAM [/usb_cam/image_rect_color/theora/quality] by /usb_cam/image_proc
[rosmaster.master][INFO] 2020-02-26 21:39:51,608: +PARAM [/usb_cam/image_rect_color/theora/keyframe_frequency] by /usb_cam/image_proc
[rosmaster.master][INFO] 2020-02-26 21:39:51,608: +PARAM [/usb_cam/image_rect_color/theora/optimize_for] by /usb_cam/image_proc
[rosmaster.master][INFO] 2020-02-26 21:39:51,609: +PARAM [/usb_cam/image_rect_color/theora/target_bitrate] by /usb_cam/image_proc
[rosmaster.master][INFO] 2020-02-26 21:39:51,609: +PARAM [/usb_cam/image_rect_color/theora/quality] by /usb_cam/image_proc
[rosmaster.master][INFO] 2020-02-26 21:39:51,610: +PARAM [/usb_cam/image_rect_color/theora/keyframe_frequency] by /usb_cam/image_proc
[rosmaster.master][INFO] 2020-02-26 21:39:51,685: publisherUpdate[/usb_cam/image_rect_color] -> http://itachi-HP-Pavilion-Laptop-15-cc1xx:38881/ ['http://itachi-HP-Pavilion-Laptop-15-cc1xx:44815/']
[rosmaster.master][INFO] 2020-02-26 21:39:51,686: publisherUpdate[/usb_cam/image_rect_color] -> http://itachi-HP-Pavilion-Laptop-15-cc1xx:38881/ ['http://itachi-HP-Pavilion-Laptop-15-cc1xx:44815/']: sec=0.00, result=[1, '', 0]
[rosmaster.master][INFO] 2020-02-26 21:39:51,890: +SUB [/usb_cam/image_color] /usb_cam/image_proc http://itachi-HP-Pavilion-Laptop-15-cc1xx:44815/
[rosmaster.master][INFO] 2020-02-26 21:39:51,892: +SUB [/usb_cam/camera_info] /usb_cam/image_proc http://itachi-HP-Pavilion-Laptop-15-cc1xx:44815/
[rosmaster.master][INFO] 2020-02-26 21:39:51,895: +SUB [/usb_cam/image_raw] /usb_cam/image_proc http://itachi-HP-Pavilion-Laptop-15-cc1xx:44815/
[rosmaster.master][INFO] 2020-02-26 21:39:53,298: -PUB [/diagnostics] /serial_node http://itachi-HP-Pavilion-Laptop-15-cc1xx:41213/
[rosmaster.master][INFO] 2020-02-26 21:39:53,298: -PUB [/rosout] /serial_node http://itachi-HP-Pavilion-Laptop-15-cc1xx:41213/
[rosmaster.master][INFO] 2020-02-26 21:39:53,298: -SERVICE [/serial_node/get_loggers] /serial_node rosrpc://itachi-HP-Pavilion-Laptop-15-cc1xx:39271
[rosmaster.master][INFO] 2020-02-26 21:39:53,299: -SERVICE [/serial_node/set_logger_level] /serial_node rosrpc://itachi-HP-Pavilion-Laptop-15-cc1xx:39271
[rosmaster.master][INFO] 2020-02-26 21:39:53,303: publisherUpdate[/rosout] -> http://itachi-HP-Pavilion-Laptop-15-cc1xx:35839/ ['http://itachi-HP-Pavilion-Laptop-15-cc1xx:43999/', 'http://itachi-HP-Pavilion-Laptop-15-cc1xx:44815/', 'http://itachi-HP-Pavilion-Laptop-15-cc1xx:38881/', 'http://itachi-HP-Pavilion-Laptop-15-cc1xx:33565/']
[rosmaster.master][INFO] 2020-02-26 21:39:53,304: publisherUpdate[/rosout] -> http://itachi-HP-Pavilion-Laptop-15-cc1xx:35839/ ['http://itachi-HP-Pavilion-Laptop-15-cc1xx:43999/', 'http://itachi-HP-Pavilion-Laptop-15-cc1xx:44815/', 'http://itachi-HP-Pavilion-Laptop-15-cc1xx:38881/', 'http://itachi-HP-Pavilion-Laptop-15-cc1xx:33565/']: sec=0.00, result=[1, '', 0]
[rosmaster.master][INFO] 2020-02-26 21:39:53,389: -PUB [/rosout] /usb_cam/image_proc http://itachi-HP-Pavilion-Laptop-15-cc1xx:44815/
[rosmaster.master][INFO] 2020-02-26 21:39:53,390: -PUB [/usb_cam/image_proc_debayer/parameter_descriptions] /usb_cam/image_proc http://itachi-HP-Pavilion-Laptop-15-cc1xx:44815/
[rosmaster.master][INFO] 2020-02-26 21:39:53,391: -PUB [/usb_cam/image_proc_debayer/parameter_updates] /usb_cam/image_proc http://itachi-HP-Pavilion-Laptop-15-cc1xx:44815/
[rosmaster.master][INFO] 2020-02-26 21:39:53,391: publisherUpdate[/rosout] -> http://itachi-HP-Pavilion-Laptop-15-cc1xx:35839/ ['http://itachi-HP-Pavilion-Laptop-15-cc1xx:43999/', 'http://itachi-HP-Pavilion-Laptop-15-cc1xx:38881/', 'http://itachi-HP-Pavilion-Laptop-15-cc1xx:33565/']
[rosmaster.master][INFO] 2020-02-26 21:39:53,392: -PUB [/usb_cam/image_mono/compressedDepth] /usb_cam/image_proc http://itachi-HP-Pavilion-Laptop-15-cc1xx:44815/
[rosmaster.master][INFO] 2020-02-26 21:39:53,392: publisherUpdate[/rosout] -> http://itachi-HP-Pavilion-Laptop-15-cc1xx:35839/ ['http://itachi-HP-Pavilion-Laptop-15-cc1xx:43999/', 'http://itachi-HP-Pavilion-Laptop-15-cc1xx:38881/', 'http://itachi-HP-Pavilion-Laptop-15-cc1xx:33565/']: sec=0.00, result=[1, '', 0]
[rosmaster.master][INFO] 2020-02-26 21:39:53,393: -PUB [/usb_cam/image_mono/compressedDepth/parameter_descriptions] /usb_cam/image_proc http://itachi-HP-Pavilion-Laptop-15-cc1xx:44815/
[rosmaster.master][INFO] 2020-02-26 21:39:53,393: -PUB [/usb_cam/image_mono/compressedDepth/parameter_updates] /usb_cam/image_proc http://itachi-HP-Pavilion-Laptop-15-cc1xx:44815/
[rosmaster.master][INFO] 2020-02-26 21:39:53,394: -PUB [/usb_cam/image_mono/compressed] /usb_cam/image_proc http://itachi-HP-Pavilion-Laptop-15-cc1xx:44815/
[rosmaster.master][INFO] 2020-02-26 21:39:53,394: -PUB [/usb_cam/image_mono/compressed/parameter_descriptions] /usb_cam/image_proc http://itachi-HP-Pavilion-Laptop-15-cc1xx:44815/
[rosmaster.master][INFO] 2020-02-26 21:39:53,395: -PUB [/usb_cam/image_mono/compressed/parameter_updates] /usb_cam/image_proc http://itachi-HP-Pavilion-Laptop-15-cc1xx:44815/
[rosmaster.master][INFO] 2020-02-26 21:39:53,395: -PUB [/usb_cam/image_mono] /usb_cam/image_proc http://itachi-HP-Pavilion-Laptop-15-cc1xx:44815/
[rosmaster.master][INFO] 2020-02-26 21:39:53,396: -PUB [/usb_cam/image_mono/theora] /usb_cam/image_proc http://itachi-HP-Pavilion-Laptop-15-cc1xx:44815/
[rosmaster.master][INFO] 2020-02-26 21:39:53,396: -PUB [/usb_cam/image_mono/theora/parameter_descriptions] /usb_cam/image_proc http://itachi-HP-Pavilion-Laptop-15-cc1xx:44815/
[rosmaster.master][INFO] 2020-02-26 21:39:53,397: -PUB [/usb_cam/image_mono/theora/parameter_updates] /usb_cam/image_proc http://itachi-HP-Pavilion-Laptop-15-cc1xx:44815/
[rosmaster.master][INFO] 2020-02-26 21:39:53,397: -PUB [/usb_cam/image_color/compressedDepth] /usb_cam/image_proc http://itachi-HP-Pavilion-Laptop-15-cc1xx:44815/
[rosmaster.master][INFO] 2020-02-26 21:39:53,398: -PUB [/usb_cam/image_color/compressedDepth/parameter_descriptions] /usb_cam/image_proc http://itachi-HP-Pavilion-Laptop-15-cc1xx:44815/
[rosmaster.master][INFO] 2020-02-26 21:39:53,398: -PUB [/usb_cam/image_color/compressedDepth/parameter_updates] /usb_cam/image_proc http://itachi-HP-Pavilion-Laptop-15-cc1xx:44815/
[rosmaster.master][INFO] 2020-02-26 21:39:53,399: -PUB [/usb_cam/image_color/compressed] /usb_cam/image_proc http://itachi-HP-Pavilion-Laptop-15-cc1xx:44815/
[rosmaster.master][INFO] 2020-02-26 21:39:53,399: -PUB [/usb_cam/image_color/compressed/parameter_descriptions] /usb_cam/image_proc http://itachi-HP-Pavilion-Laptop-15-cc1xx:44815/
[rosmaster.master][INFO] 2020-02-26 21:39:53,400: -PUB [/usb_cam/image_color/compressed/parameter_updates] /usb_cam/image_proc http://itachi-HP-Pavilion-Laptop-15-cc1xx:44815/
[rosmaster.master][INFO] 2020-02-26 21:39:53,400: -PUB [/usb_cam/image_color] /usb_cam/image_proc http://itachi-HP-Pavilion-Laptop-15-cc1xx:44815/
[rosmaster.master][INFO] 2020-02-26 21:39:53,401: -PUB [/usb_cam/image_color/theora] /usb_cam/image_proc http://itachi-HP-Pavilion-Laptop-15-cc1xx:44815/
[rosmaster.master][INFO] 2020-02-26 21:39:53,402: -PUB [/usb_cam/image_color/theora/parameter_descriptions] /usb_cam/image_proc http://itachi-HP-Pavilion-Laptop-15-cc1xx:44815/
[rosmaster.master][INFO] 2020-02-26 21:39:53,402: -PUB [/usb_cam/image_color/theora/parameter_updates] /usb_cam/image_proc http://itachi-HP-Pavilion-Laptop-15-cc1xx:44815/
[rosmaster.master][INFO] 2020-02-26 21:39:53,403: -PUB [/usb_cam/image_proc_rectify_mono/parameter_descriptions] /usb_cam/image_proc http://itachi-HP-Pavilion-Laptop-15-cc1xx:44815/
[rosmaster.master][INFO] 2020-02-26 21:39:53,403: -PUB [/usb_cam/image_proc_rectify_mono/parameter_updates] /usb_cam/image_proc http://itachi-HP-Pavilion-Laptop-15-cc1xx:44815/
[rosmaster.master][INFO] 2020-02-26 21:39:53,404: publisherUpdate[/usb_cam/image_color] -> http://itachi-HP-Pavilion-Laptop-15-cc1xx:44815/ []
[rosmaster.master][INFO] 2020-02-26 21:39:53,404: -PUB [/usb_cam/image_rect/compressedDepth] /usb_cam/image_proc http://itachi-HP-Pavilion-Laptop-15-cc1xx:44815/
[rosmaster.master][INFO] 2020-02-26 21:39:53,405: publisherUpdate[/usb_cam/image_color] -> http://itachi-HP-Pavilion-Laptop-15-cc1xx:44815/ []: sec=0.00, exception=<Fault -1: 'publisherUpdate: unknown method name'>
[rosmaster.master][INFO] 2020-02-26 21:39:53,406: -PUB [/usb_cam/image_rect/compressedDepth/parameter_descriptions] /usb_cam/image_proc http://itachi-HP-Pavilion-Laptop-15-cc1xx:44815/
[rosmaster.master][INFO] 2020-02-26 21:39:53,407: -PUB [/usb_cam/image_rect/compressedDepth/parameter_updates] /usb_cam/image_proc http://itachi-HP-Pavilion-Laptop-15-cc1xx:44815/
[rosmaster.master][INFO] 2020-02-26 21:39:53,408: -PUB [/usb_cam/image_rect/compressed] /usb_cam/image_proc http://itachi-HP-Pavilion-Laptop-15-cc1xx:44815/
[rosmaster.threadpool][ERROR] 2020-02-26 21:39:53,409: Traceback (most recent call last):
  File "/opt/ros/kinetic/lib/python2.7/dist-packages/rosmaster/threadpool.py", line 218, in run
    result = cmd(*args)
  File "/opt/ros/kinetic/lib/python2.7/dist-packages/rosmaster/master_api.py", line 210, in publisher_update_task
    ret = xmlrpcapi(api).publisherUpdate('/master', topic, pub_uris)
  File "/usr/lib/python2.7/xmlrpclib.py", line 1243, in __call__
    return self.__send(self.__name, args)
  File "/usr/lib/python2.7/xmlrpclib.py", line 1602, in __request
    verbose=self.__verbose
  File "/usr/lib/python2.7/xmlrpclib.py", line 1283, in request
    return self.single_request(host, handler, request_body, verbose)
  File "/usr/lib/python2.7/xmlrpclib.py", line 1316, in single_request
    return self.parse_response(response)
  File "/usr/lib/python2.7/xmlrpclib.py", line 1493, in parse_response
    return u.close()
  File "/usr/lib/python2.7/xmlrpclib.py", line 800, in close
    raise Fault(**self._stack[0])
Fault: <Fault -1: 'publisherUpdate: unknown method name'>

[rosmaster.master][INFO] 2020-02-26 21:39:53,409: -PUB [/usb_cam/image_rect/compressed/parameter_descriptions] /usb_cam/image_proc http://itachi-HP-Pavilion-Laptop-15-cc1xx:44815/
[rosmaster.master][INFO] 2020-02-26 21:39:53,410: -PUB [/usb_cam/image_rect/compressed/parameter_updates] /usb_cam/image_proc http://itachi-HP-Pavilion-Laptop-15-cc1xx:44815/
[rosmaster.master][INFO] 2020-02-26 21:39:53,410: -PUB [/usb_cam/image_rect] /usb_cam/image_proc http://itachi-HP-Pavilion-Laptop-15-cc1xx:44815/
[rosmaster.master][INFO] 2020-02-26 21:39:53,411: -PUB [/usb_cam/image_rect/theora] /usb_cam/image_proc http://itachi-HP-Pavilion-Laptop-15-cc1xx:44815/
[rosmaster.master][INFO] 2020-02-26 21:39:53,412: -PUB [/usb_cam/image_rect/theora/parameter_descriptions] /usb_cam/image_proc http://itachi-HP-Pavilion-Laptop-15-cc1xx:44815/
[rosmaster.master][INFO] 2020-02-26 21:39:53,413: -PUB [/usb_cam/image_rect/theora/parameter_updates] /usb_cam/image_proc http://itachi-HP-Pavilion-Laptop-15-cc1xx:44815/
[rosmaster.master][INFO] 2020-02-26 21:39:53,414: -PUB [/usb_cam/image_proc_rectify_color/parameter_descriptions] /usb_cam/image_proc http://itachi-HP-Pavilion-Laptop-15-cc1xx:44815/
[rosmaster.master][INFO] 2020-02-26 21:39:53,414: -PUB [/usb_cam/image_proc_rectify_color/parameter_updates] /usb_cam/image_proc http://itachi-HP-Pavilion-Laptop-15-cc1xx:44815/
[rosmaster.master][INFO] 2020-02-26 21:39:53,415: -PUB [/usb_cam/image_rect_color/compressedDepth] /usb_cam/image_proc http://itachi-HP-Pavilion-Laptop-15-cc1xx:44815/
[rosmaster.master][INFO] 2020-02-26 21:39:53,416: -PUB [/usb_cam/image_rect_color/compressedDepth/parameter_descriptions] /usb_cam/image_proc http://itachi-HP-Pavilion-Laptop-15-cc1xx:44815/
[rosmaster.master][INFO] 2020-02-26 21:39:53,416: -PUB [/usb_cam/image_rect_color/compressedDepth/parameter_updates] /usb_cam/image_proc http://itachi-HP-Pavilion-Laptop-15-cc1xx:44815/
[rosmaster.master][INFO] 2020-02-26 21:39:53,417: -PUB [/usb_cam/image_rect_color/compressed] /usb_cam/image_proc http://itachi-HP-Pavilion-Laptop-15-cc1xx:44815/
[rosmaster.master][INFO] 2020-02-26 21:39:53,418: -PUB [/usb_cam/image_rect_color/compressed/parameter_descriptions] /usb_cam/image_proc http://itachi-HP-Pavilion-Laptop-15-cc1xx:44815/
[rosmaster.master][INFO] 2020-02-26 21:39:53,418: -PUB [/usb_cam/image_rect_color/compressed/parameter_updates] /usb_cam/image_proc http://itachi-HP-Pavilion-Laptop-15-cc1xx:44815/
[rosmaster.master][INFO] 2020-02-26 21:39:53,419: -PUB [/usb_cam/image_rect_color] /usb_cam/image_proc http://itachi-HP-Pavilion-Laptop-15-cc1xx:44815/
[rosmaster.master][INFO] 2020-02-26 21:39:53,420: -PUB [/usb_cam/image_rect_color/theora] /usb_cam/image_proc http://itachi-HP-Pavilion-Laptop-15-cc1xx:44815/
[rosmaster.master][INFO] 2020-02-26 21:39:53,420: -PUB [/usb_cam/image_rect_color/theora/parameter_descriptions] /usb_cam/image_proc http://itachi-HP-Pavilion-Laptop-15-cc1xx:44815/
[rosmaster.master][INFO] 2020-02-26 21:39:53,421: -PUB [/usb_cam/image_rect_color/theora/parameter_updates] /usb_cam/image_proc http://itachi-HP-Pavilion-Laptop-15-cc1xx:44815/
[rosmaster.master][INFO] 2020-02-26 21:39:53,423: -SUB [/usb_cam/image_color] /usb_cam/image_proc http://itachi-HP-Pavilion-Laptop-15-cc1xx:44815/
[rosmaster.master][INFO] 2020-02-26 21:39:53,423: -SUB [/usb_cam/camera_info] /usb_cam/image_proc http://itachi-HP-Pavilion-Laptop-15-cc1xx:44815/
[rosmaster.master][INFO] 2020-02-26 21:39:53,424: -SUB [/usb_cam/image_raw] /usb_cam/image_proc http://itachi-HP-Pavilion-Laptop-15-cc1xx:44815/
[rosmaster.master][INFO] 2020-02-26 21:39:53,424: -SERVICE [/usb_cam/image_proc/get_loggers] /usb_cam/image_proc rosrpc://itachi-HP-Pavilion-Laptop-15-cc1xx:37995
[rosmaster.master][INFO] 2020-02-26 21:39:53,425: -SERVICE [/usb_cam/image_proc/set_logger_level] /usb_cam/image_proc rosrpc://itachi-HP-Pavilion-Laptop-15-cc1xx:37995
[rosmaster.master][INFO] 2020-02-26 21:39:53,426: -SERVICE [/usb_cam/image_proc_debayer/set_parameters] /usb_cam/image_proc rosrpc://itachi-HP-Pavilion-Laptop-15-cc1xx:37995
[rosmaster.master][INFO] 2020-02-26 21:39:53,427: -SERVICE [/usb_cam/image_mono/compressedDepth/set_parameters] /usb_cam/image_proc rosrpc://itachi-HP-Pavilion-Laptop-15-cc1xx:37995
[rosmaster.master][INFO] 2020-02-26 21:39:53,427: -SERVICE [/usb_cam/image_mono/compressed/set_parameters] /usb_cam/image_proc rosrpc://itachi-HP-Pavilion-Laptop-15-cc1xx:37995
[rosmaster.master][INFO] 2020-02-26 21:39:53,428: -SERVICE [/usb_cam/image_mono/theora/set_parameters] /usb_cam/image_proc rosrpc://itachi-HP-Pavilion-Laptop-15-cc1xx:37995
[rosmaster.master][INFO] 2020-02-26 21:39:53,428: -SERVICE [/usb_cam/image_color/compressedDepth/set_parameters] /usb_cam/image_proc rosrpc://itachi-HP-Pavilion-Laptop-15-cc1xx:37995
[rosmaster.master][INFO] 2020-02-26 21:39:53,429: -SERVICE [/usb_cam/image_color/compressed/set_parameters] /usb_cam/image_proc rosrpc://itachi-HP-Pavilion-Laptop-15-cc1xx:37995
[rosmaster.master][INFO] 2020-02-26 21:39:53,429: -SERVICE [/usb_cam/image_color/theora/set_parameters] /usb_cam/image_proc rosrpc://itachi-HP-Pavilion-Laptop-15-cc1xx:37995
[rosmaster.master][INFO] 2020-02-26 21:39:53,429: -SERVICE [/usb_cam/image_proc_rectify_mono/set_parameters] /usb_cam/image_proc rosrpc://itachi-HP-Pavilion-Laptop-15-cc1xx:37995
[rosmaster.master][INFO] 2020-02-26 21:39:53,430: -SERVICE [/usb_cam/image_rect/compressedDepth/set_parameters] /usb_cam/image_proc rosrpc://itachi-HP-Pavilion-Laptop-15-cc1xx:37995
[rosmaster.master][INFO] 2020-02-26 21:39:53,430: -SERVICE [/usb_cam/image_rect/compressed/set_parameters] /usb_cam/image_proc rosrpc://itachi-HP-Pavilion-Laptop-15-cc1xx:37995
[rosmaster.master][INFO] 2020-02-26 21:39:53,431: -SERVICE [/usb_cam/image_rect/theora/set_parameters] /usb_cam/image_proc rosrpc://itachi-HP-Pavilion-Laptop-15-cc1xx:37995
[rosmaster.master][INFO] 2020-02-26 21:39:53,431: -SERVICE [/usb_cam/image_proc_rectify_color/set_parameters] /usb_cam/image_proc rosrpc://itachi-HP-Pavilion-Laptop-15-cc1xx:37995
[rosmaster.master][INFO] 2020-02-26 21:39:53,432: -SERVICE [/usb_cam/image_rect_color/compressedDepth/set_parameters] /usb_cam/image_proc rosrpc://itachi-HP-Pavilion-Laptop-15-cc1xx:37995
[rosmaster.master][INFO] 2020-02-26 21:39:53,433: -SERVICE [/usb_cam/image_rect_color/compressed/set_parameters] /usb_cam/image_proc rosrpc://itachi-HP-Pavilion-Laptop-15-cc1xx:37995
[rosmaster.master][INFO] 2020-02-26 21:39:53,433: -SERVICE [/usb_cam/image_rect_color/theora/set_parameters] /usb_cam/image_proc rosrpc://itachi-HP-Pavilion-Laptop-15-cc1xx:37995
[rosmaster.master][INFO] 2020-02-26 21:39:53,489: publisherUpdate[/usb_cam/image_rect_color] -> http://itachi-HP-Pavilion-Laptop-15-cc1xx:38881/ []
[rosmaster.master][INFO] 2020-02-26 21:39:53,489: -PUB [/rosout] /whycon http://itachi-HP-Pavilion-Laptop-15-cc1xx:38881/
[rosmaster.master][INFO] 2020-02-26 21:39:53,490: -PUB [/rosout] /usb_cam http://itachi-HP-Pavilion-Laptop-15-cc1xx:43999/
[rosmaster.master][INFO] 2020-02-26 21:39:53,490: -PUB [/tf] /whycon http://itachi-HP-Pavilion-Laptop-15-cc1xx:38881/
[rosmaster.master][INFO] 2020-02-26 21:39:53,491: -PUB [/usb_cam/image_raw/compressedDepth] /usb_cam http://itachi-HP-Pavilion-Laptop-15-cc1xx:43999/
[rosmaster.master][INFO] 2020-02-26 21:39:53,492: -PUB [/whycon/image_out] /whycon http://itachi-HP-Pavilion-Laptop-15-cc1xx:38881/
[rosmaster.master][INFO] 2020-02-26 21:39:53,492: -PUB [/usb_cam/image_raw/compressedDepth/parameter_descriptions] /usb_cam http://itachi-HP-Pavilion-Laptop-15-cc1xx:43999/
[rosmaster.master][INFO] 2020-02-26 21:39:53,493: publisherUpdate[/rosout] -> http://itachi-HP-Pavilion-Laptop-15-cc1xx:35839/ ['http://itachi-HP-Pavilion-Laptop-15-cc1xx:43999/', 'http://itachi-HP-Pavilion-Laptop-15-cc1xx:33565/']
[rosmaster.master][INFO] 2020-02-26 21:39:53,494: -PUB [/whycon/poses] /whycon http://itachi-HP-Pavilion-Laptop-15-cc1xx:38881/
[rosmaster.master][INFO] 2020-02-26 21:39:53,494: publisherUpdate[/rosout] -> http://itachi-HP-Pavilion-Laptop-15-cc1xx:35839/ ['http://itachi-HP-Pavilion-Laptop-15-cc1xx:43999/', 'http://itachi-HP-Pavilion-Laptop-15-cc1xx:33565/']: sec=0.00, result=[1, '', 0]
[rosmaster.master][INFO] 2020-02-26 21:39:53,494: -PUB [/usb_cam/image_raw/compressedDepth/parameter_updates] /usb_cam http://itachi-HP-Pavilion-Laptop-15-cc1xx:43999/
[rosmaster.master][INFO] 2020-02-26 21:39:53,495: publisherUpdate[/rosout] -> http://itachi-HP-Pavilion-Laptop-15-cc1xx:35839/ ['http://itachi-HP-Pavilion-Laptop-15-cc1xx:33565/']
[rosmaster.master][INFO] 2020-02-26 21:39:53,495: publisherUpdate[/rosout] -> http://itachi-HP-Pavilion-Laptop-15-cc1xx:35839/ ['http://itachi-HP-Pavilion-Laptop-15-cc1xx:33565/']: sec=0.00, result=[1, '', 0]
[rosmaster.master][INFO] 2020-02-26 21:39:53,496: -PUB [/whycon/context] /whycon http://itachi-HP-Pavilion-Laptop-15-cc1xx:38881/
[rosmaster.master][INFO] 2020-02-26 21:39:53,496: publisherUpdate[/whycon/image_out] -> http://itachi-HP-Pavilion-Laptop-15-cc1xx:33565/ []
[rosmaster.master][INFO] 2020-02-26 21:39:53,496: -PUB [/usb_cam/image_raw/compressed] /usb_cam http://itachi-HP-Pavilion-Laptop-15-cc1xx:43999/
[rosmaster.master][INFO] 2020-02-26 21:39:53,497: publisherUpdate[/whycon/image_out] -> http://itachi-HP-Pavilion-Laptop-15-cc1xx:33565/ []: sec=0.00, result=[0, 'Unknown Error', 0]
[rosmaster.master][INFO] 2020-02-26 21:39:53,498: -PUB [/whycon/projection] /whycon http://itachi-HP-Pavilion-Laptop-15-cc1xx:38881/
[rosmaster.master][INFO] 2020-02-26 21:39:53,499: publisherUpdate[/usb_cam/image_rect_color] -> http://itachi-HP-Pavilion-Laptop-15-cc1xx:38881/ []: sec=0.01, exception=<Fault -1: 'publisherUpdate: unknown method name'>
[rosmaster.master][INFO] 2020-02-26 21:39:53,499: -PUB [/usb_cam/image_raw/compressed/parameter_descriptions] /usb_cam http://itachi-HP-Pavilion-Laptop-15-cc1xx:43999/
[rosmaster.master][INFO] 2020-02-26 21:39:53,499: -SUB [/usb_cam/image_rect_color] /whycon http://itachi-HP-Pavilion-Laptop-15-cc1xx:38881/
[rosmaster.threadpool][ERROR] 2020-02-26 21:39:53,500: Traceback (most recent call last):
  File "/opt/ros/kinetic/lib/python2.7/dist-packages/rosmaster/threadpool.py", line 218, in run
    result = cmd(*args)
  File "/opt/ros/kinetic/lib/python2.7/dist-packages/rosmaster/master_api.py", line 210, in publisher_update_task
    ret = xmlrpcapi(api).publisherUpdate('/master', topic, pub_uris)
  File "/usr/lib/python2.7/xmlrpclib.py", line 1243, in __call__
    return self.__send(self.__name, args)
  File "/usr/lib/python2.7/xmlrpclib.py", line 1602, in __request
    verbose=self.__verbose
  File "/usr/lib/python2.7/xmlrpclib.py", line 1283, in request
    return self.single_request(host, handler, request_body, verbose)
  File "/usr/lib/python2.7/xmlrpclib.py", line 1316, in single_request
    return self.parse_response(response)
  File "/usr/lib/python2.7/xmlrpclib.py", line 1493, in parse_response
    return u.close()
  File "/usr/lib/python2.7/xmlrpclib.py", line 800, in close
    raise Fault(**self._stack[0])
Fault: <Fault -1: 'publisherUpdate: unknown method name'>

[rosmaster.master][INFO] 2020-02-26 21:39:53,500: -PUB [/usb_cam/image_raw/compressed/parameter_updates] /usb_cam http://itachi-HP-Pavilion-Laptop-15-cc1xx:43999/
[rosmaster.master][INFO] 2020-02-26 21:39:53,501: -SUB [/usb_cam/camera_info] /whycon http://itachi-HP-Pavilion-Laptop-15-cc1xx:38881/
[rosmaster.master][INFO] 2020-02-26 21:39:53,502: -PUB [/usb_cam/image_raw] /usb_cam http://itachi-HP-Pavilion-Laptop-15-cc1xx:43999/
[rosmaster.master][INFO] 2020-02-26 21:39:53,505: -SERVICE [/whycon/get_loggers] /whycon rosrpc://itachi-HP-Pavilion-Laptop-15-cc1xx:52167
[rosmaster.master][INFO] 2020-02-26 21:39:53,505: -PUB [/usb_cam/image_raw/theora] /usb_cam http://itachi-HP-Pavilion-Laptop-15-cc1xx:43999/
[rosmaster.master][INFO] 2020-02-26 21:39:53,506: -SERVICE [/whycon/set_logger_level] /whycon rosrpc://itachi-HP-Pavilion-Laptop-15-cc1xx:52167
[rosmaster.master][INFO] 2020-02-26 21:39:53,507: -PUB [/usb_cam/image_raw/theora/parameter_descriptions] /usb_cam http://itachi-HP-Pavilion-Laptop-15-cc1xx:43999/
[rosmaster.master][INFO] 2020-02-26 21:39:53,507: -SERVICE [/whycon/reset] /whycon rosrpc://itachi-HP-Pavilion-Laptop-15-cc1xx:52167
[rosmaster.master][INFO] 2020-02-26 21:39:53,508: -PUB [/usb_cam/image_raw/theora/parameter_updates] /usb_cam http://itachi-HP-Pavilion-Laptop-15-cc1xx:43999/
[rosmaster.master][INFO] 2020-02-26 21:39:53,508: -PUB [/usb_cam/camera_info] /usb_cam http://itachi-HP-Pavilion-Laptop-15-cc1xx:43999/
[rosmaster.master][INFO] 2020-02-26 21:39:53,509: -SERVICE [/usb_cam/get_loggers] /usb_cam rosrpc://itachi-HP-Pavilion-Laptop-15-cc1xx:41489
[rosmaster.master][INFO] 2020-02-26 21:39:53,510: -SERVICE [/usb_cam/set_logger_level] /usb_cam rosrpc://itachi-HP-Pavilion-Laptop-15-cc1xx:41489
[rosmaster.master][INFO] 2020-02-26 21:39:53,510: -SERVICE [/usb_cam/image_raw/compressedDepth/set_parameters] /usb_cam rosrpc://itachi-HP-Pavilion-Laptop-15-cc1xx:41489
[rosmaster.master][INFO] 2020-02-26 21:39:53,511: -SERVICE [/usb_cam/image_raw/compressed/set_parameters] /usb_cam rosrpc://itachi-HP-Pavilion-Laptop-15-cc1xx:41489
[rosmaster.master][INFO] 2020-02-26 21:39:53,512: -SERVICE [/usb_cam/image_raw/theora/set_parameters] /usb_cam rosrpc://itachi-HP-Pavilion-Laptop-15-cc1xx:41489
[rosmaster.master][INFO] 2020-02-26 21:39:53,512: -SERVICE [/usb_cam/set_camera_info] /usb_cam rosrpc://itachi-HP-Pavilion-Laptop-15-cc1xx:41489
[rosmaster.master][INFO] 2020-02-26 21:39:53,513: -SERVICE [/usb_cam/start_capture] /usb_cam rosrpc://itachi-HP-Pavilion-Laptop-15-cc1xx:41489
[rosmaster.master][INFO] 2020-02-26 21:39:53,513: -SERVICE [/usb_cam/stop_capture] /usb_cam rosrpc://itachi-HP-Pavilion-Laptop-15-cc1xx:41489
[rosmaster.master][INFO] 2020-02-26 21:39:53,598: -PUB [/rosout] /whycon_display/image_view http://itachi-HP-Pavilion-Laptop-15-cc1xx:33565/
[rosmaster.master][INFO] 2020-02-26 21:39:53,598: publisherUpdate[/rosout] -> http://itachi-HP-Pavilion-Laptop-15-cc1xx:35839/ []
[rosmaster.master][INFO] 2020-02-26 21:39:53,599: -PUB [/whycon_display/image_view/output] /whycon_display/image_view http://itachi-HP-Pavilion-Laptop-15-cc1xx:33565/
[rosmaster.master][INFO] 2020-02-26 21:39:53,599: publisherUpdate[/rosout] -> http://itachi-HP-Pavilion-Laptop-15-cc1xx:35839/ []: sec=0.00, result=[1, '', 0]
[rosmaster.master][INFO] 2020-02-26 21:39:53,600: -PUB [/whycon_display/image_view/parameter_descriptions] /whycon_display/image_view http://itachi-HP-Pavilion-Laptop-15-cc1xx:33565/
[rosmaster.master][INFO] 2020-02-26 21:39:53,600: -PUB [/whycon_display/image_view/parameter_updates] /whycon_display/image_view http://itachi-HP-Pavilion-Laptop-15-cc1xx:33565/
[rosmaster.master][INFO] 2020-02-26 21:39:53,601: -SUB [/whycon/image_out] /whycon_display/image_view http://itachi-HP-Pavilion-Laptop-15-cc1xx:33565/
[rosmaster.master][INFO] 2020-02-26 21:39:53,601: -SERVICE [/whycon_display/image_view/get_loggers] /whycon_display/image_view rosrpc://itachi-HP-Pavilion-Laptop-15-cc1xx:57553
[rosmaster.master][INFO] 2020-02-26 21:39:53,602: -SERVICE [/whycon_display/image_view/set_logger_level] /whycon_display/image_view rosrpc://itachi-HP-Pavilion-Laptop-15-cc1xx:57553
[rosmaster.master][INFO] 2020-02-26 21:39:53,602: -SERVICE [/whycon_display/image_view/set_parameters] /whycon_display/image_view rosrpc://itachi-HP-Pavilion-Laptop-15-cc1xx:57553
[rosmaster.master][INFO] 2020-02-26 21:39:53,799: -PUB [/rosout_agg] /rosout http://itachi-HP-Pavilion-Laptop-15-cc1xx:35839/
[rosmaster.master][INFO] 2020-02-26 21:39:53,800: -SUB [/rosout] /rosout http://itachi-HP-Pavilion-Laptop-15-cc1xx:35839/
[rosmaster.master][INFO] 2020-02-26 21:39:53,800: -SERVICE [/rosout/get_loggers] /rosout rosrpc://itachi-HP-Pavilion-Laptop-15-cc1xx:37971
[rosmaster.master][INFO] 2020-02-26 21:39:53,801: -SERVICE [/rosout/set_logger_level] /rosout rosrpc://itachi-HP-Pavilion-Laptop-15-cc1xx:37971
[rosmaster.main][INFO] 2020-02-26 21:39:53,898: keyboard interrupt, will exit
[rosmaster.main][INFO] 2020-02-26 21:39:53,898: stopping master...
[rospy.core][INFO] 2020-02-26 21:39:53,898: signal_shutdown [atexit]
