[rospy.client][INFO] 2019-12-24 02:22:15,250: init_node, name[/edrone/joint_state_publisher], pid[3472]
[xmlrpc][INFO] 2019-12-24 02:22:15,250: XML-RPC server binding to 0.0.0.0:0
[xmlrpc][INFO] 2019-12-24 02:22:15,250: Started XML-RPC server [http://itachi-HP-Pavilion-Laptop-15-cc1xx:39235/]
[rospy.init][INFO] 2019-12-24 02:22:15,250: ROS Slave URI: [http://itachi-HP-Pavilion-Laptop-15-cc1xx:39235/]
[rospy.impl.masterslave][INFO] 2019-12-24 02:22:15,250: _ready: http://itachi-HP-Pavilion-Laptop-15-cc1xx:39235/
[rospy.registration][INFO] 2019-12-24 02:22:15,251: Registering with master node http://localhost:11311
[xmlrpc][INFO] 2019-12-24 02:22:15,251: xml rpc node: starting XML-RPC server
[rospy.init][INFO] 2019-12-24 02:22:15,351: registered with master
[rospy.rosout][INFO] 2019-12-24 02:22:15,351: initializing /rosout core topic
[rospy.rosout][INFO] 2019-12-24 02:22:15,353: connected to core topic /rosout
[rospy.simtime][INFO] 2019-12-24 02:22:15,354: initializing /clock core topic
[rospy.simtime][INFO] 2019-12-24 02:22:15,355: connected to core topic /clock
[rospy.internal][INFO] 2019-12-24 02:22:15,464: topic[/rosout] adding connection to [/rosout], count 0
[rospy.internal][INFO] 2019-12-24 02:22:15,597: topic[/edrone/joint_states] adding connection to [/edrone/robot_state_publisher], count 0
[rospy.internal][INFO] 2019-12-24 02:22:18,131: topic[/clock] adding connection to [http://itachi-HP-Pavilion-Laptop-15-cc1xx:43481/], count 0
[rosout][ERROR] 2019-12-24 02:41:05,893: ROS time moved backwards: 288.6s
[rospy.core][INFO] 2019-12-24 02:41:34,209: signal_shutdown [signal-2]
[rospy.internal][INFO] 2019-12-24 02:41:34,213: topic[/edrone/joint_states] removing connection to /edrone/robot_state_publisher
[rospy.internal][INFO] 2019-12-24 02:41:34,213: topic[/rosout] removing connection to /rosout
[rospy.internal][INFO] 2019-12-24 02:41:34,214: topic[/clock] removing connection to http://itachi-HP-Pavilion-Laptop-15-cc1xx:43481/
[rospy.internal][WARNING] 2019-12-24 02:41:34,214: Unknown error initiating TCP/IP socket to itachi-HP-Pavilion-Laptop-15-cc1xx:52419 (http://itachi-HP-Pavilion-Laptop-15-cc1xx:43481/): Traceback (most recent call last):
  File "/opt/ros/kinetic/lib/python2.7/dist-packages/rospy/impl/tcpros_base.py", line 557, in connect
    self.read_header()
  File "/opt/ros/kinetic/lib/python2.7/dist-packages/rospy/impl/tcpros_base.py", line 650, in read_header
    self._validate_header(read_ros_handshake_header(sock, self.read_buff, self.protocol.buff_size))
AttributeError: 'NoneType' object has no attribute 'buff_size'

[rospy.topics][ERROR] 2019-12-24 02:41:34,215: Traceback (most recent call last):
  File "/opt/ros/kinetic/lib/python2.7/dist-packages/rospy/topics.py", line 326, in close
    c.close()
  File "/opt/ros/kinetic/lib/python2.7/dist-packages/rospy/impl/tcpros_base.py", line 838, in close
    self.socket.close()
AttributeError: 'NoneType' object has no attribute 'close'

[rospy.impl.masterslave][INFO] 2019-12-24 02:41:34,215: signal-2
[rospy.core][INFO] 2019-12-24 02:41:34,410: signal_shutdown [atexit]
