[rospy.client][INFO] 2019-11-07 00:11:35,319: init_node, name[/edrone/joint_state_publisher], pid[6704]
[xmlrpc][INFO] 2019-11-07 00:11:35,320: XML-RPC server binding to 0.0.0.0:0
[xmlrpc][INFO] 2019-11-07 00:11:35,320: Started XML-RPC server [http://itachi-HP-Pavilion-Laptop-15-cc1xx:33891/]
[rospy.init][INFO] 2019-11-07 00:11:35,320: ROS Slave URI: [http://itachi-HP-Pavilion-Laptop-15-cc1xx:33891/]
[rospy.impl.masterslave][INFO] 2019-11-07 00:11:35,320: _ready: http://itachi-HP-Pavilion-Laptop-15-cc1xx:33891/
[rospy.registration][INFO] 2019-11-07 00:11:35,321: Registering with master node http://localhost:11311
[xmlrpc][INFO] 2019-11-07 00:11:35,321: xml rpc node: starting XML-RPC server
[rospy.init][INFO] 2019-11-07 00:11:35,421: registered with master
[rospy.rosout][INFO] 2019-11-07 00:11:35,421: initializing /rosout core topic
[rospy.rosout][INFO] 2019-11-07 00:11:35,428: connected to core topic /rosout
[rospy.simtime][INFO] 2019-11-07 00:11:35,431: initializing /clock core topic
[rospy.simtime][INFO] 2019-11-07 00:11:35,439: connected to core topic /clock
[rospy.internal][INFO] 2019-11-07 00:11:35,657: topic[/rosout] adding connection to [/rosout], count 0
[rospy.internal][INFO] 2019-11-07 00:11:35,758: topic[/edrone/joint_states] adding connection to [/edrone/robot_state_publisher], count 0
[rospy.internal][INFO] 2019-11-07 00:11:38,490: topic[/clock] adding connection to [http://itachi-HP-Pavilion-Laptop-15-cc1xx:38593/], count 0
[rospy.internal][INFO] 2019-11-07 00:15:13,188: topic[/rosout] removing connection to /rosout
[rospy.core][INFO] 2019-11-07 00:15:13,818: signal_shutdown [signal-2]
[rospy.registration][WARNING] 2019-11-07 00:15:13,819: cannot unregister with master due to network issues
[rospy.internal][INFO] 2019-11-07 00:15:13,820: topic[/edrone/joint_states] removing connection to /edrone/robot_state_publisher
[rospy.internal][INFO] 2019-11-07 00:15:13,820: topic[/clock] removing connection to http://itachi-HP-Pavilion-Laptop-15-cc1xx:38593/
[rospy.internal][WARNING] 2019-11-07 00:15:13,822: Unknown error initiating TCP/IP socket to itachi-HP-Pavilion-Laptop-15-cc1xx:52953 (http://itachi-HP-Pavilion-Laptop-15-cc1xx:38593/): Traceback (most recent call last):
  File "/opt/ros/kinetic/lib/python2.7/dist-packages/rospy/impl/tcpros_base.py", line 557, in connect
    self.read_header()
  File "/opt/ros/kinetic/lib/python2.7/dist-packages/rospy/impl/tcpros_base.py", line 650, in read_header
    self._validate_header(read_ros_handshake_header(sock, self.read_buff, self.protocol.buff_size))
AttributeError: 'NoneType' object has no attribute 'buff_size'

[rospy.topics][ERROR] 2019-11-07 00:15:13,822: Traceback (most recent call last):
  File "/opt/ros/kinetic/lib/python2.7/dist-packages/rospy/topics.py", line 326, in close
    c.close()
  File "/opt/ros/kinetic/lib/python2.7/dist-packages/rospy/impl/tcpros_base.py", line 838, in close
    self.socket.close()
AttributeError: 'NoneType' object has no attribute 'close'

[rospy.impl.masterslave][INFO] 2019-11-07 00:15:13,822: signal-2
[rospy.core][INFO] 2019-11-07 00:15:14,306: signal_shutdown [atexit]
