[rosmaster.main][INFO] 2019-12-16 00:38:15,598: initialization complete, waiting for shutdown
[rosmaster.main][INFO] 2019-12-16 00:38:15,598: Starting ROS Master Node
[xmlrpc][INFO] 2019-12-16 00:38:15,599: XML-RPC server binding to 0.0.0.0:11311
[xmlrpc][INFO] 2019-12-16 00:38:15,599: Started XML-RPC server [http://itachi-HP-Pavilion-Laptop-15-cc1xx:11311/]
[xmlrpc][INFO] 2019-12-16 00:38:15,599: xml rpc node: starting XML-RPC server
[rosmaster.master][INFO] 2019-12-16 00:38:15,599: Master initialized: port[11311], uri[http://itachi-HP-Pavilion-Laptop-15-cc1xx:11311/]
[rosmaster.master][INFO] 2019-12-16 00:38:15,637: +PARAM [/run_id] by /roslaunch
[rosmaster.master][INFO] 2019-12-16 00:38:15,638: +PARAM [/roslaunch/uris/host_itachi_hp_pavilion_laptop_15_cc1xx__38039] by /roslaunch
[rosmaster.master][INFO] 2019-12-16 00:38:15,712: +PARAM [/rosversion] by /roslaunch
[rosmaster.master][INFO] 2019-12-16 00:38:15,712: +PARAM [/rosdistro] by /roslaunch
[rosmaster.master][INFO] 2019-12-16 00:38:15,717: +SERVICE [/rosout/get_loggers] /rosout http://itachi-HP-Pavilion-Laptop-15-cc1xx:34155/
[rosmaster.master][INFO] 2019-12-16 00:38:15,717: +SERVICE [/rosout/set_logger_level] /rosout http://itachi-HP-Pavilion-Laptop-15-cc1xx:34155/
[rosmaster.master][INFO] 2019-12-16 00:38:15,719: +PUB [/rosout_agg] /rosout http://itachi-HP-Pavilion-Laptop-15-cc1xx:34155/
[rosmaster.master][INFO] 2019-12-16 00:38:15,721: +SUB [/rosout] /rosout http://itachi-HP-Pavilion-Laptop-15-cc1xx:34155/
[rosmaster.master][INFO] 2019-12-16 00:41:19,232: +PARAM [/roslaunch/uris/host_itachi_hp_pavilion_laptop_15_cc1xx__45989] by /roslaunch
[rosmaster.master][INFO] 2019-12-16 00:41:19,234: +PARAM [/usb_cam/image_width] by /roslaunch
[rosmaster.master][INFO] 2019-12-16 00:41:19,234: +PARAM [/usb_cam/video_device] by /roslaunch
[rosmaster.master][INFO] 2019-12-16 00:41:19,234: +PARAM [/rosdistro] by /roslaunch
[rosmaster.master][INFO] 2019-12-16 00:41:19,234: +PARAM [/usb_cam/pixel_format] by /roslaunch
[rosmaster.master][INFO] 2019-12-16 00:41:19,234: +PARAM [/usb_cam/io_method] by /roslaunch
[rosmaster.master][INFO] 2019-12-16 00:41:19,235: +PARAM [/usb_cam/camera_frame_id] by /roslaunch
[rosmaster.master][INFO] 2019-12-16 00:41:19,235: +PARAM [/rosversion] by /roslaunch
[rosmaster.master][INFO] 2019-12-16 00:41:19,235: +PARAM [/usb_cam/image_height] by /roslaunch
[rosmaster.master][INFO] 2019-12-16 00:41:19,315: +PUB [/rosout] /usb_cam http://itachi-HP-Pavilion-Laptop-15-cc1xx:39597/
[rosmaster.master][INFO] 2019-12-16 00:41:19,316: +SERVICE [/usb_cam/get_loggers] /usb_cam http://itachi-HP-Pavilion-Laptop-15-cc1xx:39597/
[rosmaster.master][INFO] 2019-12-16 00:41:19,317: +SERVICE [/usb_cam/set_logger_level] /usb_cam http://itachi-HP-Pavilion-Laptop-15-cc1xx:39597/
[rosmaster.master][INFO] 2019-12-16 00:41:19,325: +PUB [/rosout] /usb_cam_display/image_view http://itachi-HP-Pavilion-Laptop-15-cc1xx:34185/
[rosmaster.master][INFO] 2019-12-16 00:41:19,326: +SERVICE [/usb_cam_display/image_view/get_loggers] /usb_cam_display/image_view http://itachi-HP-Pavilion-Laptop-15-cc1xx:34185/
[rosmaster.master][INFO] 2019-12-16 00:41:19,326: +SERVICE [/usb_cam_display/image_view/set_logger_level] /usb_cam_display/image_view http://itachi-HP-Pavilion-Laptop-15-cc1xx:34185/
[rosmaster.master][INFO] 2019-12-16 00:41:19,348: +PUB [/usb_cam/image_raw/compressedDepth] /usb_cam http://itachi-HP-Pavilion-Laptop-15-cc1xx:39597/
[rosmaster.master][INFO] 2019-12-16 00:41:19,349: +SERVICE [/usb_cam/image_raw/compressedDepth/set_parameters] /usb_cam http://itachi-HP-Pavilion-Laptop-15-cc1xx:39597/
[rosmaster.master][INFO] 2019-12-16 00:41:19,349: +PUB [/usb_cam/image_raw/compressedDepth/parameter_descriptions] /usb_cam http://itachi-HP-Pavilion-Laptop-15-cc1xx:39597/
[rosmaster.master][INFO] 2019-12-16 00:41:19,350: +PUB [/usb_cam/image_raw/compressedDepth/parameter_updates] /usb_cam http://itachi-HP-Pavilion-Laptop-15-cc1xx:39597/
[rosmaster.master][INFO] 2019-12-16 00:41:19,352: +PARAM [/usb_cam/image_raw/compressedDepth/depth_max] by /usb_cam
[rosmaster.master][INFO] 2019-12-16 00:41:19,353: +PARAM [/usb_cam/image_raw/compressedDepth/depth_quantization] by /usb_cam
[rosmaster.master][INFO] 2019-12-16 00:41:19,353: +PARAM [/usb_cam/image_raw/compressedDepth/png_level] by /usb_cam
[rosmaster.master][INFO] 2019-12-16 00:41:19,354: +PARAM [/usb_cam/image_raw/compressedDepth/depth_max] by /usb_cam
[rosmaster.master][INFO] 2019-12-16 00:41:19,354: +PARAM [/usb_cam/image_raw/compressedDepth/depth_quantization] by /usb_cam
[rosmaster.master][INFO] 2019-12-16 00:41:19,355: +PARAM [/usb_cam/image_raw/compressedDepth/png_level] by /usb_cam
[rosmaster.master][INFO] 2019-12-16 00:41:19,356: +PUB [/usb_cam/image_raw/compressed] /usb_cam http://itachi-HP-Pavilion-Laptop-15-cc1xx:39597/
[rosmaster.master][INFO] 2019-12-16 00:41:19,356: +SERVICE [/usb_cam/image_raw/compressed/set_parameters] /usb_cam http://itachi-HP-Pavilion-Laptop-15-cc1xx:39597/
[rosmaster.master][INFO] 2019-12-16 00:41:19,357: +PUB [/usb_cam/image_raw/compressed/parameter_descriptions] /usb_cam http://itachi-HP-Pavilion-Laptop-15-cc1xx:39597/
[rosmaster.master][INFO] 2019-12-16 00:41:19,357: +PUB [/usb_cam/image_raw/compressed/parameter_updates] /usb_cam http://itachi-HP-Pavilion-Laptop-15-cc1xx:39597/
[rosmaster.master][INFO] 2019-12-16 00:41:19,359: +PARAM [/usb_cam/image_raw/compressed/format] by /usb_cam
[rosmaster.master][INFO] 2019-12-16 00:41:19,360: +PARAM [/usb_cam/image_raw/compressed/jpeg_quality] by /usb_cam
[rosmaster.master][INFO] 2019-12-16 00:41:19,361: +PARAM [/usb_cam/image_raw/compressed/png_level] by /usb_cam
[rosmaster.master][INFO] 2019-12-16 00:41:19,361: +PARAM [/usb_cam/image_raw/compressed/format] by /usb_cam
[rosmaster.master][INFO] 2019-12-16 00:41:19,362: +PARAM [/usb_cam/image_raw/compressed/jpeg_quality] by /usb_cam
[rosmaster.master][INFO] 2019-12-16 00:41:19,362: +PARAM [/usb_cam/image_raw/compressed/png_level] by /usb_cam
[rosmaster.master][INFO] 2019-12-16 00:41:19,364: +PUB [/usb_cam/image_raw] /usb_cam http://itachi-HP-Pavilion-Laptop-15-cc1xx:39597/
[rosmaster.master][INFO] 2019-12-16 00:41:19,365: +PUB [/usb_cam/image_raw/theora] /usb_cam http://itachi-HP-Pavilion-Laptop-15-cc1xx:39597/
[rosmaster.master][INFO] 2019-12-16 00:41:19,366: +SERVICE [/usb_cam/image_raw/theora/set_parameters] /usb_cam http://itachi-HP-Pavilion-Laptop-15-cc1xx:39597/
[rosmaster.master][INFO] 2019-12-16 00:41:19,366: +PUB [/usb_cam/image_raw/theora/parameter_descriptions] /usb_cam http://itachi-HP-Pavilion-Laptop-15-cc1xx:39597/
[rosmaster.master][INFO] 2019-12-16 00:41:19,367: +PUB [/usb_cam/image_raw/theora/parameter_updates] /usb_cam http://itachi-HP-Pavilion-Laptop-15-cc1xx:39597/
[rosmaster.master][INFO] 2019-12-16 00:41:19,370: +PARAM [/usb_cam/image_raw/theora/optimize_for] by /usb_cam
[rosmaster.master][INFO] 2019-12-16 00:41:19,371: +PARAM [/usb_cam/image_raw/theora/target_bitrate] by /usb_cam
[rosmaster.master][INFO] 2019-12-16 00:41:19,371: +PARAM [/usb_cam/image_raw/theora/quality] by /usb_cam
[rosmaster.master][INFO] 2019-12-16 00:41:19,372: +PARAM [/usb_cam/image_raw/theora/keyframe_frequency] by /usb_cam
[rosmaster.master][INFO] 2019-12-16 00:41:19,373: +PARAM [/usb_cam/image_raw/theora/optimize_for] by /usb_cam
[rosmaster.master][INFO] 2019-12-16 00:41:19,373: +PARAM [/usb_cam/image_raw/theora/target_bitrate] by /usb_cam
[rosmaster.master][INFO] 2019-12-16 00:41:19,374: +PARAM [/usb_cam/image_raw/theora/quality] by /usb_cam
[rosmaster.master][INFO] 2019-12-16 00:41:19,374: +PARAM [/usb_cam/image_raw/theora/keyframe_frequency] by /usb_cam
[rosmaster.master][INFO] 2019-12-16 00:41:19,375: +PUB [/usb_cam/camera_info] /usb_cam http://itachi-HP-Pavilion-Laptop-15-cc1xx:39597/
[rosmaster.master][INFO] 2019-12-16 00:41:19,384: publisherUpdate[/rosout] -> http://itachi-HP-Pavilion-Laptop-15-cc1xx:34155/ ['http://itachi-HP-Pavilion-Laptop-15-cc1xx:39597/']
[rosmaster.master][INFO] 2019-12-16 00:41:19,386: publisherUpdate[/rosout] -> http://itachi-HP-Pavilion-Laptop-15-cc1xx:34155/ ['http://itachi-HP-Pavilion-Laptop-15-cc1xx:39597/']: sec=0.00, result=[1, '', 0]
[rosmaster.master][INFO] 2019-12-16 00:41:19,386: publisherUpdate[/rosout] -> http://itachi-HP-Pavilion-Laptop-15-cc1xx:34155/ ['http://itachi-HP-Pavilion-Laptop-15-cc1xx:39597/', 'http://itachi-HP-Pavilion-Laptop-15-cc1xx:34185/']
[rosmaster.master][INFO] 2019-12-16 00:41:19,387: publisherUpdate[/rosout] -> http://itachi-HP-Pavilion-Laptop-15-cc1xx:34155/ ['http://itachi-HP-Pavilion-Laptop-15-cc1xx:39597/', 'http://itachi-HP-Pavilion-Laptop-15-cc1xx:34185/']: sec=0.00, result=[1, '', 0]
[rosmaster.master][INFO] 2019-12-16 00:41:19,388: +SERVICE [/usb_cam/set_camera_info] /usb_cam http://itachi-HP-Pavilion-Laptop-15-cc1xx:39597/
[rosmaster.master][INFO] 2019-12-16 00:41:19,389: +SERVICE [/usb_cam/start_capture] /usb_cam http://itachi-HP-Pavilion-Laptop-15-cc1xx:39597/
[rosmaster.master][INFO] 2019-12-16 00:41:19,389: +SERVICE [/usb_cam/stop_capture] /usb_cam http://itachi-HP-Pavilion-Laptop-15-cc1xx:39597/
[rosmaster.master][INFO] 2019-12-16 00:41:19,392: -SERVICE [/usb_cam/get_loggers] /usb_cam rosrpc://itachi-HP-Pavilion-Laptop-15-cc1xx:51167
[rosmaster.master][INFO] 2019-12-16 00:41:19,393: -SERVICE [/usb_cam/set_logger_level] /usb_cam rosrpc://itachi-HP-Pavilion-Laptop-15-cc1xx:51167
[rosmaster.master][INFO] 2019-12-16 00:41:19,394: -SERVICE [/usb_cam/image_raw/compressedDepth/set_parameters] /usb_cam rosrpc://itachi-HP-Pavilion-Laptop-15-cc1xx:51167
[rosmaster.master][INFO] 2019-12-16 00:41:19,395: -SERVICE [/usb_cam/image_raw/compressed/set_parameters] /usb_cam rosrpc://itachi-HP-Pavilion-Laptop-15-cc1xx:51167
[rosmaster.master][INFO] 2019-12-16 00:41:19,396: -SERVICE [/usb_cam/image_raw/theora/set_parameters] /usb_cam rosrpc://itachi-HP-Pavilion-Laptop-15-cc1xx:51167
[rosmaster.master][INFO] 2019-12-16 00:41:19,398: -SERVICE [/usb_cam/set_camera_info] /usb_cam rosrpc://itachi-HP-Pavilion-Laptop-15-cc1xx:51167
[rosmaster.master][INFO] 2019-12-16 00:41:19,399: -SERVICE [/usb_cam/start_capture] /usb_cam rosrpc://itachi-HP-Pavilion-Laptop-15-cc1xx:51167
[rosmaster.master][INFO] 2019-12-16 00:41:19,399: -SERVICE [/usb_cam/stop_capture] /usb_cam rosrpc://itachi-HP-Pavilion-Laptop-15-cc1xx:51167
[rosmaster.master][INFO] 2019-12-16 00:41:19,477: +SUB [/usb_cam/image_raw] /usb_cam_display/image_view http://itachi-HP-Pavilion-Laptop-15-cc1xx:34185/
[rosmaster.master][INFO] 2019-12-16 00:41:19,478: +PUB [/usb_cam_display/image_view/output] /usb_cam_display/image_view http://itachi-HP-Pavilion-Laptop-15-cc1xx:34185/
[rosmaster.master][INFO] 2019-12-16 00:41:19,479: +SERVICE [/usb_cam_display/image_view/set_parameters] /usb_cam_display/image_view http://itachi-HP-Pavilion-Laptop-15-cc1xx:34185/
[rosmaster.master][INFO] 2019-12-16 00:41:19,480: +PUB [/usb_cam_display/image_view/parameter_descriptions] /usb_cam_display/image_view http://itachi-HP-Pavilion-Laptop-15-cc1xx:34185/
[rosmaster.master][INFO] 2019-12-16 00:41:19,480: +PUB [/usb_cam_display/image_view/parameter_updates] /usb_cam_display/image_view http://itachi-HP-Pavilion-Laptop-15-cc1xx:34185/
[rosmaster.master][INFO] 2019-12-16 00:41:19,483: +PARAM [/usb_cam_display/image_view/do_dynamic_scaling] by /usb_cam_display/image_view
[rosmaster.master][INFO] 2019-12-16 00:41:19,484: +PARAM [/usb_cam_display/image_view/colormap] by /usb_cam_display/image_view
[rosmaster.master][INFO] 2019-12-16 00:41:19,484: +PARAM [/usb_cam_display/image_view/min_image_value] by /usb_cam_display/image_view
[rosmaster.master][INFO] 2019-12-16 00:41:19,485: +PARAM [/usb_cam_display/image_view/max_image_value] by /usb_cam_display/image_view
[rosmaster.master][INFO] 2019-12-16 00:41:19,485: +PARAM [/usb_cam_display/image_view/do_dynamic_scaling] by /usb_cam_display/image_view
[rosmaster.master][INFO] 2019-12-16 00:41:19,486: +PARAM [/usb_cam_display/image_view/colormap] by /usb_cam_display/image_view
[rosmaster.master][INFO] 2019-12-16 00:41:19,487: +PARAM [/usb_cam_display/image_view/min_image_value] by /usb_cam_display/image_view
[rosmaster.master][INFO] 2019-12-16 00:41:19,487: +PARAM [/usb_cam_display/image_view/max_image_value] by /usb_cam_display/image_view
[rosmaster.master][INFO] 2019-12-16 00:41:19,589: -PUB [/rosout] /usb_cam http://itachi-HP-Pavilion-Laptop-15-cc1xx:39597/
[rosmaster.master][INFO] 2019-12-16 00:41:19,592: -PUB [/usb_cam/image_raw/compressedDepth] /usb_cam http://itachi-HP-Pavilion-Laptop-15-cc1xx:39597/
[rosmaster.master][INFO] 2019-12-16 00:41:19,594: -PUB [/usb_cam/image_raw/compressedDepth/parameter_descriptions] /usb_cam http://itachi-HP-Pavilion-Laptop-15-cc1xx:39597/
[rosmaster.master][INFO] 2019-12-16 00:41:19,597: -PUB [/usb_cam/image_raw/compressedDepth/parameter_updates] /usb_cam http://itachi-HP-Pavilion-Laptop-15-cc1xx:39597/
[rosmaster.master][INFO] 2019-12-16 00:41:19,600: -PUB [/usb_cam/image_raw/compressed] /usb_cam http://itachi-HP-Pavilion-Laptop-15-cc1xx:39597/
[rosmaster.master][INFO] 2019-12-16 00:41:19,602: -PUB [/usb_cam/image_raw/compressed/parameter_descriptions] /usb_cam http://itachi-HP-Pavilion-Laptop-15-cc1xx:39597/
[rosmaster.master][INFO] 2019-12-16 00:41:19,604: -PUB [/usb_cam/image_raw/compressed/parameter_updates] /usb_cam http://itachi-HP-Pavilion-Laptop-15-cc1xx:39597/
[rosmaster.master][INFO] 2019-12-16 00:41:19,606: -PUB [/usb_cam/image_raw] /usb_cam http://itachi-HP-Pavilion-Laptop-15-cc1xx:39597/
[rosmaster.master][INFO] 2019-12-16 00:41:19,608: -PUB [/usb_cam/image_raw/theora] /usb_cam http://itachi-HP-Pavilion-Laptop-15-cc1xx:39597/
[rosmaster.master][INFO] 2019-12-16 00:41:19,610: -PUB [/usb_cam/image_raw/theora/parameter_descriptions] /usb_cam http://itachi-HP-Pavilion-Laptop-15-cc1xx:39597/
[rosmaster.master][INFO] 2019-12-16 00:41:19,613: -PUB [/usb_cam/image_raw/theora/parameter_updates] /usb_cam http://itachi-HP-Pavilion-Laptop-15-cc1xx:39597/
[rosmaster.master][INFO] 2019-12-16 00:41:19,615: -PUB [/usb_cam/camera_info] /usb_cam http://itachi-HP-Pavilion-Laptop-15-cc1xx:39597/
[rosmaster.master][INFO] 2019-12-16 00:41:19,685: publisherUpdate[/rosout] -> http://itachi-HP-Pavilion-Laptop-15-cc1xx:34155/ ['http://itachi-HP-Pavilion-Laptop-15-cc1xx:34185/']
[rosmaster.master][INFO] 2019-12-16 00:41:19,685: publisherUpdate[/usb_cam/image_raw] -> http://itachi-HP-Pavilion-Laptop-15-cc1xx:34185/ []
[rosmaster.master][INFO] 2019-12-16 00:41:19,688: publisherUpdate[/rosout] -> http://itachi-HP-Pavilion-Laptop-15-cc1xx:34155/ ['http://itachi-HP-Pavilion-Laptop-15-cc1xx:34185/']: sec=0.00, result=[1, '', 0]
[rosmaster.master][INFO] 2019-12-16 00:41:19,689: publisherUpdate[/usb_cam/image_raw] -> http://itachi-HP-Pavilion-Laptop-15-cc1xx:34185/ []: sec=0.00, result=[1, '', 0]
[rosmaster.master][INFO] 2019-12-16 00:41:34,519: -PUB [/rosout] /usb_cam_display/image_view http://itachi-HP-Pavilion-Laptop-15-cc1xx:34185/
[rosmaster.master][INFO] 2019-12-16 00:41:34,520: -PUB [/usb_cam_display/image_view/output] /usb_cam_display/image_view http://itachi-HP-Pavilion-Laptop-15-cc1xx:34185/
[rosmaster.master][INFO] 2019-12-16 00:41:34,521: -PUB [/usb_cam_display/image_view/parameter_descriptions] /usb_cam_display/image_view http://itachi-HP-Pavilion-Laptop-15-cc1xx:34185/
[rosmaster.master][INFO] 2019-12-16 00:41:34,521: -PUB [/usb_cam_display/image_view/parameter_updates] /usb_cam_display/image_view http://itachi-HP-Pavilion-Laptop-15-cc1xx:34185/
[rosmaster.master][INFO] 2019-12-16 00:41:34,522: -SUB [/usb_cam/image_raw] /usb_cam_display/image_view http://itachi-HP-Pavilion-Laptop-15-cc1xx:34185/
[rosmaster.master][INFO] 2019-12-16 00:41:34,522: -SERVICE [/usb_cam_display/image_view/get_loggers] /usb_cam_display/image_view rosrpc://itachi-HP-Pavilion-Laptop-15-cc1xx:58481
[rosmaster.master][INFO] 2019-12-16 00:41:34,523: -SERVICE [/usb_cam_display/image_view/set_logger_level] /usb_cam_display/image_view rosrpc://itachi-HP-Pavilion-Laptop-15-cc1xx:58481
[rosmaster.master][INFO] 2019-12-16 00:41:34,523: -SERVICE [/usb_cam_display/image_view/set_parameters] /usb_cam_display/image_view rosrpc://itachi-HP-Pavilion-Laptop-15-cc1xx:58481
[rosmaster.master][INFO] 2019-12-16 00:41:34,525: publisherUpdate[/rosout] -> http://itachi-HP-Pavilion-Laptop-15-cc1xx:34155/ []
[rosmaster.master][INFO] 2019-12-16 00:41:34,525: publisherUpdate[/rosout] -> http://itachi-HP-Pavilion-Laptop-15-cc1xx:34155/ []: sec=0.00, result=[1, '', 0]
[rosmaster.master][INFO] 2019-12-16 00:41:45,435: +PUB [/rosout] /usb_cam http://itachi-HP-Pavilion-Laptop-15-cc1xx:43027/
[rosmaster.master][INFO] 2019-12-16 00:41:45,436: +SERVICE [/usb_cam/get_loggers] /usb_cam http://itachi-HP-Pavilion-Laptop-15-cc1xx:43027/
[rosmaster.master][INFO] 2019-12-16 00:41:45,436: +SERVICE [/usb_cam/set_logger_level] /usb_cam http://itachi-HP-Pavilion-Laptop-15-cc1xx:43027/
[rosmaster.master][INFO] 2019-12-16 00:41:45,452: publisherUpdate[/rosout] -> http://itachi-HP-Pavilion-Laptop-15-cc1xx:34155/ ['http://itachi-HP-Pavilion-Laptop-15-cc1xx:43027/']
[rosmaster.master][INFO] 2019-12-16 00:41:45,453: publisherUpdate[/rosout] -> http://itachi-HP-Pavilion-Laptop-15-cc1xx:34155/ ['http://itachi-HP-Pavilion-Laptop-15-cc1xx:43027/']: sec=0.00, result=[1, '', 0]
[rosmaster.master][INFO] 2019-12-16 00:41:45,474: +PUB [/usb_cam/image_raw/compressedDepth] /usb_cam http://itachi-HP-Pavilion-Laptop-15-cc1xx:43027/
[rosmaster.master][INFO] 2019-12-16 00:41:45,474: +SERVICE [/usb_cam/image_raw/compressedDepth/set_parameters] /usb_cam http://itachi-HP-Pavilion-Laptop-15-cc1xx:43027/
[rosmaster.master][INFO] 2019-12-16 00:41:45,475: +PUB [/usb_cam/image_raw/compressedDepth/parameter_descriptions] /usb_cam http://itachi-HP-Pavilion-Laptop-15-cc1xx:43027/
[rosmaster.master][INFO] 2019-12-16 00:41:45,475: +PUB [/usb_cam/image_raw/compressedDepth/parameter_updates] /usb_cam http://itachi-HP-Pavilion-Laptop-15-cc1xx:43027/
[rosmaster.master][INFO] 2019-12-16 00:41:45,477: +PARAM [/usb_cam/image_raw/compressedDepth/depth_max] by /usb_cam
[rosmaster.master][INFO] 2019-12-16 00:41:45,478: +PARAM [/usb_cam/image_raw/compressedDepth/depth_quantization] by /usb_cam
[rosmaster.master][INFO] 2019-12-16 00:41:45,478: +PARAM [/usb_cam/image_raw/compressedDepth/png_level] by /usb_cam
[rosmaster.master][INFO] 2019-12-16 00:41:45,479: +PARAM [/usb_cam/image_raw/compressedDepth/depth_max] by /usb_cam
[rosmaster.master][INFO] 2019-12-16 00:41:45,479: +PARAM [/usb_cam/image_raw/compressedDepth/depth_quantization] by /usb_cam
[rosmaster.master][INFO] 2019-12-16 00:41:45,479: +PARAM [/usb_cam/image_raw/compressedDepth/png_level] by /usb_cam
[rosmaster.master][INFO] 2019-12-16 00:41:45,481: +PUB [/usb_cam/image_raw/compressed] /usb_cam http://itachi-HP-Pavilion-Laptop-15-cc1xx:43027/
[rosmaster.master][INFO] 2019-12-16 00:41:45,481: +SERVICE [/usb_cam/image_raw/compressed/set_parameters] /usb_cam http://itachi-HP-Pavilion-Laptop-15-cc1xx:43027/
[rosmaster.master][INFO] 2019-12-16 00:41:45,482: +PUB [/usb_cam/image_raw/compressed/parameter_descriptions] /usb_cam http://itachi-HP-Pavilion-Laptop-15-cc1xx:43027/
[rosmaster.master][INFO] 2019-12-16 00:41:45,482: +PUB [/usb_cam/image_raw/compressed/parameter_updates] /usb_cam http://itachi-HP-Pavilion-Laptop-15-cc1xx:43027/
[rosmaster.master][INFO] 2019-12-16 00:41:45,484: +PARAM [/usb_cam/image_raw/compressed/format] by /usb_cam
[rosmaster.master][INFO] 2019-12-16 00:41:45,484: +PARAM [/usb_cam/image_raw/compressed/jpeg_quality] by /usb_cam
[rosmaster.master][INFO] 2019-12-16 00:41:45,485: +PARAM [/usb_cam/image_raw/compressed/png_level] by /usb_cam
[rosmaster.master][INFO] 2019-12-16 00:41:45,485: +PARAM [/usb_cam/image_raw/compressed/format] by /usb_cam
[rosmaster.master][INFO] 2019-12-16 00:41:45,485: +PARAM [/usb_cam/image_raw/compressed/jpeg_quality] by /usb_cam
[rosmaster.master][INFO] 2019-12-16 00:41:45,486: +PARAM [/usb_cam/image_raw/compressed/png_level] by /usb_cam
[rosmaster.master][INFO] 2019-12-16 00:41:45,487: +PUB [/usb_cam/image_raw] /usb_cam http://itachi-HP-Pavilion-Laptop-15-cc1xx:43027/
[rosmaster.master][INFO] 2019-12-16 00:41:45,489: +PUB [/usb_cam/image_raw/theora] /usb_cam http://itachi-HP-Pavilion-Laptop-15-cc1xx:43027/
[rosmaster.master][INFO] 2019-12-16 00:41:45,489: +SERVICE [/usb_cam/image_raw/theora/set_parameters] /usb_cam http://itachi-HP-Pavilion-Laptop-15-cc1xx:43027/
[rosmaster.master][INFO] 2019-12-16 00:41:45,490: +PUB [/usb_cam/image_raw/theora/parameter_descriptions] /usb_cam http://itachi-HP-Pavilion-Laptop-15-cc1xx:43027/
[rosmaster.master][INFO] 2019-12-16 00:41:45,490: +PUB [/usb_cam/image_raw/theora/parameter_updates] /usb_cam http://itachi-HP-Pavilion-Laptop-15-cc1xx:43027/
[rosmaster.master][INFO] 2019-12-16 00:41:45,493: +PARAM [/usb_cam/image_raw/theora/optimize_for] by /usb_cam
[rosmaster.master][INFO] 2019-12-16 00:41:45,493: +PARAM [/usb_cam/image_raw/theora/target_bitrate] by /usb_cam
[rosmaster.master][INFO] 2019-12-16 00:41:45,494: +PARAM [/usb_cam/image_raw/theora/quality] by /usb_cam
[rosmaster.master][INFO] 2019-12-16 00:41:45,494: +PARAM [/usb_cam/image_raw/theora/keyframe_frequency] by /usb_cam
[rosmaster.master][INFO] 2019-12-16 00:41:45,495: +PARAM [/usb_cam/image_raw/theora/optimize_for] by /usb_cam
[rosmaster.master][INFO] 2019-12-16 00:41:45,495: +PARAM [/usb_cam/image_raw/theora/target_bitrate] by /usb_cam
[rosmaster.master][INFO] 2019-12-16 00:41:45,496: +PARAM [/usb_cam/image_raw/theora/quality] by /usb_cam
[rosmaster.master][INFO] 2019-12-16 00:41:45,497: +PARAM [/usb_cam/image_raw/theora/keyframe_frequency] by /usb_cam
[rosmaster.master][INFO] 2019-12-16 00:41:45,497: +PUB [/usb_cam/camera_info] /usb_cam http://itachi-HP-Pavilion-Laptop-15-cc1xx:43027/
[rosmaster.master][INFO] 2019-12-16 00:41:45,507: +SERVICE [/usb_cam/set_camera_info] /usb_cam http://itachi-HP-Pavilion-Laptop-15-cc1xx:43027/
[rosmaster.master][INFO] 2019-12-16 00:41:45,508: +SERVICE [/usb_cam/start_capture] /usb_cam http://itachi-HP-Pavilion-Laptop-15-cc1xx:43027/
[rosmaster.master][INFO] 2019-12-16 00:41:45,509: +SERVICE [/usb_cam/stop_capture] /usb_cam http://itachi-HP-Pavilion-Laptop-15-cc1xx:43027/
[rosmaster.master][INFO] 2019-12-16 00:42:14,707: +PUB [/rosout] /cameracalibrator http://itachi-HP-Pavilion-Laptop-15-cc1xx:33553/
[rosmaster.master][INFO] 2019-12-16 00:42:14,710: +SERVICE [/cameracalibrator/get_loggers] /cameracalibrator http://itachi-HP-Pavilion-Laptop-15-cc1xx:33553/
[rosmaster.master][INFO] 2019-12-16 00:42:14,711: +SERVICE [/cameracalibrator/set_logger_level] /cameracalibrator http://itachi-HP-Pavilion-Laptop-15-cc1xx:33553/
[rosmaster.master][INFO] 2019-12-16 00:42:14,713: +SUB [/left] /cameracalibrator http://itachi-HP-Pavilion-Laptop-15-cc1xx:33553/
[rosmaster.master][INFO] 2019-12-16 00:42:14,715: +SUB [/right] /cameracalibrator http://itachi-HP-Pavilion-Laptop-15-cc1xx:33553/
[rosmaster.master][INFO] 2019-12-16 00:42:14,717: +SUB [/usb_cam/image_raw] /cameracalibrator http://itachi-HP-Pavilion-Laptop-15-cc1xx:33553/
[rosmaster.master][INFO] 2019-12-16 00:42:14,798: publisherUpdate[/rosout] -> http://itachi-HP-Pavilion-Laptop-15-cc1xx:34155/ ['http://itachi-HP-Pavilion-Laptop-15-cc1xx:43027/', 'http://itachi-HP-Pavilion-Laptop-15-cc1xx:33553/']
[rosmaster.master][INFO] 2019-12-16 00:42:14,799: publisherUpdate[/rosout] -> http://itachi-HP-Pavilion-Laptop-15-cc1xx:34155/ ['http://itachi-HP-Pavilion-Laptop-15-cc1xx:43027/', 'http://itachi-HP-Pavilion-Laptop-15-cc1xx:33553/']: sec=0.00, result=[1, '', 0]
[rosmaster.master][INFO] 2019-12-16 00:43:12,521: -SUB [/usb_cam/image_raw] /cameracalibrator http://itachi-HP-Pavilion-Laptop-15-cc1xx:33553/
[rosmaster.master][INFO] 2019-12-16 00:43:12,521: -SUB [/right] /cameracalibrator http://itachi-HP-Pavilion-Laptop-15-cc1xx:33553/
[rosmaster.master][INFO] 2019-12-16 00:43:12,521: -SUB [/left] /cameracalibrator http://itachi-HP-Pavilion-Laptop-15-cc1xx:33553/
[rosmaster.master][INFO] 2019-12-16 00:43:12,521: -PUB [/rosout] /cameracalibrator http://itachi-HP-Pavilion-Laptop-15-cc1xx:33553/
[rosmaster.master][INFO] 2019-12-16 00:43:12,521: -SERVICE [/cameracalibrator/set_logger_level] /cameracalibrator rosrpc://itachi-HP-Pavilion-Laptop-15-cc1xx:46177
[rosmaster.master][INFO] 2019-12-16 00:43:12,521: -SERVICE [/cameracalibrator/get_loggers] /cameracalibrator rosrpc://itachi-HP-Pavilion-Laptop-15-cc1xx:46177
[rosmaster.master][INFO] 2019-12-16 00:43:12,602: publisherUpdate[/rosout] -> http://itachi-HP-Pavilion-Laptop-15-cc1xx:34155/ ['http://itachi-HP-Pavilion-Laptop-15-cc1xx:43027/']
[rosmaster.master][INFO] 2019-12-16 00:43:12,603: publisherUpdate[/rosout] -> http://itachi-HP-Pavilion-Laptop-15-cc1xx:34155/ ['http://itachi-HP-Pavilion-Laptop-15-cc1xx:43027/']: sec=0.00, result=[1, '', 0]
[rosmaster.master][INFO] 2019-12-16 00:43:26,700: +PUB [/rosout] /cameracalibrator http://itachi-HP-Pavilion-Laptop-15-cc1xx:39507/
[rosmaster.master][INFO] 2019-12-16 00:43:26,703: +SERVICE [/cameracalibrator/get_loggers] /cameracalibrator http://itachi-HP-Pavilion-Laptop-15-cc1xx:39507/
[rosmaster.master][INFO] 2019-12-16 00:43:26,704: +SERVICE [/cameracalibrator/set_logger_level] /cameracalibrator http://itachi-HP-Pavilion-Laptop-15-cc1xx:39507/
[rosmaster.master][INFO] 2019-12-16 00:43:26,707: +SUB [/left] /cameracalibrator http://itachi-HP-Pavilion-Laptop-15-cc1xx:39507/
[rosmaster.master][INFO] 2019-12-16 00:43:26,710: +SUB [/right] /cameracalibrator http://itachi-HP-Pavilion-Laptop-15-cc1xx:39507/
[rosmaster.master][INFO] 2019-12-16 00:43:26,712: +SUB [/usb_cam/image_raw] /cameracalibrator http://itachi-HP-Pavilion-Laptop-15-cc1xx:39507/
[rosmaster.master][INFO] 2019-12-16 00:43:26,727: publisherUpdate[/rosout] -> http://itachi-HP-Pavilion-Laptop-15-cc1xx:34155/ ['http://itachi-HP-Pavilion-Laptop-15-cc1xx:43027/', 'http://itachi-HP-Pavilion-Laptop-15-cc1xx:39507/']
[rosmaster.master][INFO] 2019-12-16 00:43:26,728: publisherUpdate[/rosout] -> http://itachi-HP-Pavilion-Laptop-15-cc1xx:34155/ ['http://itachi-HP-Pavilion-Laptop-15-cc1xx:43027/', 'http://itachi-HP-Pavilion-Laptop-15-cc1xx:39507/']: sec=0.00, result=[1, '', 0]
[rosmaster.master][INFO] 2019-12-16 00:44:37,456: -SUB [/usb_cam/image_raw] /cameracalibrator http://itachi-HP-Pavilion-Laptop-15-cc1xx:39507/
[rosmaster.master][INFO] 2019-12-16 00:44:37,457: -SUB [/right] /cameracalibrator http://itachi-HP-Pavilion-Laptop-15-cc1xx:39507/
[rosmaster.master][INFO] 2019-12-16 00:44:37,457: -SUB [/left] /cameracalibrator http://itachi-HP-Pavilion-Laptop-15-cc1xx:39507/
[rosmaster.master][INFO] 2019-12-16 00:44:37,457: -PUB [/rosout] /cameracalibrator http://itachi-HP-Pavilion-Laptop-15-cc1xx:39507/
[rosmaster.master][INFO] 2019-12-16 00:44:37,457: -SERVICE [/cameracalibrator/set_logger_level] /cameracalibrator rosrpc://itachi-HP-Pavilion-Laptop-15-cc1xx:40459
[rosmaster.master][INFO] 2019-12-16 00:44:37,458: -SERVICE [/cameracalibrator/get_loggers] /cameracalibrator rosrpc://itachi-HP-Pavilion-Laptop-15-cc1xx:40459
[rosmaster.master][INFO] 2019-12-16 00:44:37,549: publisherUpdate[/rosout] -> http://itachi-HP-Pavilion-Laptop-15-cc1xx:34155/ ['http://itachi-HP-Pavilion-Laptop-15-cc1xx:43027/']
[rosmaster.master][INFO] 2019-12-16 00:44:37,550: publisherUpdate[/rosout] -> http://itachi-HP-Pavilion-Laptop-15-cc1xx:34155/ ['http://itachi-HP-Pavilion-Laptop-15-cc1xx:43027/']: sec=0.00, result=[1, '', 0]
[rosmaster.master][INFO] 2019-12-16 00:45:43,763: +PUB [/rosout] /cameracalibrator http://itachi-HP-Pavilion-Laptop-15-cc1xx:33729/
[rosmaster.master][INFO] 2019-12-16 00:45:43,765: +SERVICE [/cameracalibrator/get_loggers] /cameracalibrator http://itachi-HP-Pavilion-Laptop-15-cc1xx:33729/
[rosmaster.master][INFO] 2019-12-16 00:45:43,766: +SERVICE [/cameracalibrator/set_logger_level] /cameracalibrator http://itachi-HP-Pavilion-Laptop-15-cc1xx:33729/
[rosmaster.master][INFO] 2019-12-16 00:45:43,768: +SUB [/left] /cameracalibrator http://itachi-HP-Pavilion-Laptop-15-cc1xx:33729/
[rosmaster.master][INFO] 2019-12-16 00:45:43,770: +SUB [/right] /cameracalibrator http://itachi-HP-Pavilion-Laptop-15-cc1xx:33729/
[rosmaster.master][INFO] 2019-12-16 00:45:43,772: +SUB [/usb_cam/image_raw] /cameracalibrator http://itachi-HP-Pavilion-Laptop-15-cc1xx:33729/
[rosmaster.master][INFO] 2019-12-16 00:45:43,852: publisherUpdate[/rosout] -> http://itachi-HP-Pavilion-Laptop-15-cc1xx:34155/ ['http://itachi-HP-Pavilion-Laptop-15-cc1xx:43027/', 'http://itachi-HP-Pavilion-Laptop-15-cc1xx:33729/']
[rosmaster.master][INFO] 2019-12-16 00:45:43,853: publisherUpdate[/rosout] -> http://itachi-HP-Pavilion-Laptop-15-cc1xx:34155/ ['http://itachi-HP-Pavilion-Laptop-15-cc1xx:43027/', 'http://itachi-HP-Pavilion-Laptop-15-cc1xx:33729/']: sec=0.00, result=[1, '', 0]
[rosmaster.master][INFO] 2019-12-16 00:45:52,490: -SUB [/usb_cam/image_raw] /cameracalibrator http://itachi-HP-Pavilion-Laptop-15-cc1xx:33729/
[rosmaster.master][INFO] 2019-12-16 00:45:52,491: -SUB [/right] /cameracalibrator http://itachi-HP-Pavilion-Laptop-15-cc1xx:33729/
[rosmaster.master][INFO] 2019-12-16 00:45:52,491: -SUB [/left] /cameracalibrator http://itachi-HP-Pavilion-Laptop-15-cc1xx:33729/
[rosmaster.master][INFO] 2019-12-16 00:45:52,491: -PUB [/rosout] /cameracalibrator http://itachi-HP-Pavilion-Laptop-15-cc1xx:33729/
[rosmaster.master][INFO] 2019-12-16 00:45:52,491: -SERVICE [/cameracalibrator/set_logger_level] /cameracalibrator rosrpc://itachi-HP-Pavilion-Laptop-15-cc1xx:46653
[rosmaster.master][INFO] 2019-12-16 00:45:52,491: -SERVICE [/cameracalibrator/get_loggers] /cameracalibrator rosrpc://itachi-HP-Pavilion-Laptop-15-cc1xx:46653
[rosmaster.master][INFO] 2019-12-16 00:45:52,565: publisherUpdate[/rosout] -> http://itachi-HP-Pavilion-Laptop-15-cc1xx:34155/ ['http://itachi-HP-Pavilion-Laptop-15-cc1xx:43027/']
[rosmaster.master][INFO] 2019-12-16 00:45:52,566: publisherUpdate[/rosout] -> http://itachi-HP-Pavilion-Laptop-15-cc1xx:34155/ ['http://itachi-HP-Pavilion-Laptop-15-cc1xx:43027/']: sec=0.00, result=[1, '', 0]
[rosmaster.master][INFO] 2019-12-16 00:46:01,803: -PUB [/rosout] /usb_cam http://itachi-HP-Pavilion-Laptop-15-cc1xx:43027/
[rosmaster.master][INFO] 2019-12-16 00:46:01,804: -PUB [/usb_cam/image_raw/compressedDepth] /usb_cam http://itachi-HP-Pavilion-Laptop-15-cc1xx:43027/
[rosmaster.master][INFO] 2019-12-16 00:46:01,804: -PUB [/usb_cam/image_raw/compressedDepth/parameter_descriptions] /usb_cam http://itachi-HP-Pavilion-Laptop-15-cc1xx:43027/
[rosmaster.master][INFO] 2019-12-16 00:46:01,805: -PUB [/usb_cam/image_raw/compressedDepth/parameter_updates] /usb_cam http://itachi-HP-Pavilion-Laptop-15-cc1xx:43027/
[rosmaster.master][INFO] 2019-12-16 00:46:01,806: -PUB [/usb_cam/image_raw/compressed] /usb_cam http://itachi-HP-Pavilion-Laptop-15-cc1xx:43027/
[rosmaster.master][INFO] 2019-12-16 00:46:01,807: -PUB [/usb_cam/image_raw/compressed/parameter_descriptions] /usb_cam http://itachi-HP-Pavilion-Laptop-15-cc1xx:43027/
[rosmaster.master][INFO] 2019-12-16 00:46:01,808: -PUB [/usb_cam/image_raw/compressed/parameter_updates] /usb_cam http://itachi-HP-Pavilion-Laptop-15-cc1xx:43027/
[rosmaster.master][INFO] 2019-12-16 00:46:01,808: -PUB [/usb_cam/image_raw] /usb_cam http://itachi-HP-Pavilion-Laptop-15-cc1xx:43027/
[rosmaster.master][INFO] 2019-12-16 00:46:01,809: -PUB [/usb_cam/image_raw/theora] /usb_cam http://itachi-HP-Pavilion-Laptop-15-cc1xx:43027/
[rosmaster.master][INFO] 2019-12-16 00:46:01,810: -PUB [/usb_cam/image_raw/theora/parameter_descriptions] /usb_cam http://itachi-HP-Pavilion-Laptop-15-cc1xx:43027/
[rosmaster.master][INFO] 2019-12-16 00:46:01,810: -PUB [/usb_cam/image_raw/theora/parameter_updates] /usb_cam http://itachi-HP-Pavilion-Laptop-15-cc1xx:43027/
[rosmaster.master][INFO] 2019-12-16 00:46:01,811: -PUB [/usb_cam/camera_info] /usb_cam http://itachi-HP-Pavilion-Laptop-15-cc1xx:43027/
[rosmaster.master][INFO] 2019-12-16 00:46:01,812: -SERVICE [/usb_cam/get_loggers] /usb_cam rosrpc://itachi-HP-Pavilion-Laptop-15-cc1xx:37575
[rosmaster.master][INFO] 2019-12-16 00:46:01,812: -SERVICE [/usb_cam/set_logger_level] /usb_cam rosrpc://itachi-HP-Pavilion-Laptop-15-cc1xx:37575
[rosmaster.master][INFO] 2019-12-16 00:46:01,813: -SERVICE [/usb_cam/image_raw/compressedDepth/set_parameters] /usb_cam rosrpc://itachi-HP-Pavilion-Laptop-15-cc1xx:37575
[rosmaster.master][INFO] 2019-12-16 00:46:01,814: -SERVICE [/usb_cam/image_raw/compressed/set_parameters] /usb_cam rosrpc://itachi-HP-Pavilion-Laptop-15-cc1xx:37575
[rosmaster.master][INFO] 2019-12-16 00:46:01,814: -SERVICE [/usb_cam/image_raw/theora/set_parameters] /usb_cam rosrpc://itachi-HP-Pavilion-Laptop-15-cc1xx:37575
[rosmaster.master][INFO] 2019-12-16 00:46:01,815: -SERVICE [/usb_cam/set_camera_info] /usb_cam rosrpc://itachi-HP-Pavilion-Laptop-15-cc1xx:37575
[rosmaster.master][INFO] 2019-12-16 00:46:01,816: -SERVICE [/usb_cam/start_capture] /usb_cam rosrpc://itachi-HP-Pavilion-Laptop-15-cc1xx:37575
[rosmaster.master][INFO] 2019-12-16 00:46:01,816: -SERVICE [/usb_cam/stop_capture] /usb_cam rosrpc://itachi-HP-Pavilion-Laptop-15-cc1xx:37575
[rosmaster.master][INFO] 2019-12-16 00:46:01,879: publisherUpdate[/rosout] -> http://itachi-HP-Pavilion-Laptop-15-cc1xx:34155/ []
[rosmaster.master][INFO] 2019-12-16 00:46:01,881: publisherUpdate[/rosout] -> http://itachi-HP-Pavilion-Laptop-15-cc1xx:34155/ []: sec=0.00, result=[1, '', 0]
[rosmaster.master][INFO] 2019-12-16 00:46:03,160: +PUB [/rosout] /usb_cam http://itachi-HP-Pavilion-Laptop-15-cc1xx:39737/
[rosmaster.master][INFO] 2019-12-16 00:46:03,161: +SERVICE [/usb_cam/get_loggers] /usb_cam http://itachi-HP-Pavilion-Laptop-15-cc1xx:39737/
[rosmaster.master][INFO] 2019-12-16 00:46:03,162: +SERVICE [/usb_cam/set_logger_level] /usb_cam http://itachi-HP-Pavilion-Laptop-15-cc1xx:39737/
[rosmaster.master][INFO] 2019-12-16 00:46:03,183: publisherUpdate[/rosout] -> http://itachi-HP-Pavilion-Laptop-15-cc1xx:34155/ ['http://itachi-HP-Pavilion-Laptop-15-cc1xx:39737/']
[rosmaster.master][INFO] 2019-12-16 00:46:03,184: publisherUpdate[/rosout] -> http://itachi-HP-Pavilion-Laptop-15-cc1xx:34155/ ['http://itachi-HP-Pavilion-Laptop-15-cc1xx:39737/']: sec=0.00, result=[1, '', 0]
[rosmaster.master][INFO] 2019-12-16 00:46:03,198: +PUB [/usb_cam/image_raw/compressedDepth] /usb_cam http://itachi-HP-Pavilion-Laptop-15-cc1xx:39737/
[rosmaster.master][INFO] 2019-12-16 00:46:03,199: +SERVICE [/usb_cam/image_raw/compressedDepth/set_parameters] /usb_cam http://itachi-HP-Pavilion-Laptop-15-cc1xx:39737/
[rosmaster.master][INFO] 2019-12-16 00:46:03,199: +PUB [/usb_cam/image_raw/compressedDepth/parameter_descriptions] /usb_cam http://itachi-HP-Pavilion-Laptop-15-cc1xx:39737/
[rosmaster.master][INFO] 2019-12-16 00:46:03,200: +PUB [/usb_cam/image_raw/compressedDepth/parameter_updates] /usb_cam http://itachi-HP-Pavilion-Laptop-15-cc1xx:39737/
[rosmaster.master][INFO] 2019-12-16 00:46:03,202: +PARAM [/usb_cam/image_raw/compressedDepth/depth_max] by /usb_cam
[rosmaster.master][INFO] 2019-12-16 00:46:03,203: +PARAM [/usb_cam/image_raw/compressedDepth/depth_quantization] by /usb_cam
[rosmaster.master][INFO] 2019-12-16 00:46:03,203: +PARAM [/usb_cam/image_raw/compressedDepth/png_level] by /usb_cam
[rosmaster.master][INFO] 2019-12-16 00:46:03,204: +PARAM [/usb_cam/image_raw/compressedDepth/depth_max] by /usb_cam
[rosmaster.master][INFO] 2019-12-16 00:46:03,204: +PARAM [/usb_cam/image_raw/compressedDepth/depth_quantization] by /usb_cam
[rosmaster.master][INFO] 2019-12-16 00:46:03,205: +PARAM [/usb_cam/image_raw/compressedDepth/png_level] by /usb_cam
[rosmaster.master][INFO] 2019-12-16 00:46:03,206: +PUB [/usb_cam/image_raw/compressed] /usb_cam http://itachi-HP-Pavilion-Laptop-15-cc1xx:39737/
[rosmaster.master][INFO] 2019-12-16 00:46:03,206: +SERVICE [/usb_cam/image_raw/compressed/set_parameters] /usb_cam http://itachi-HP-Pavilion-Laptop-15-cc1xx:39737/
[rosmaster.master][INFO] 2019-12-16 00:46:03,207: +PUB [/usb_cam/image_raw/compressed/parameter_descriptions] /usb_cam http://itachi-HP-Pavilion-Laptop-15-cc1xx:39737/
[rosmaster.master][INFO] 2019-12-16 00:46:03,208: +PUB [/usb_cam/image_raw/compressed/parameter_updates] /usb_cam http://itachi-HP-Pavilion-Laptop-15-cc1xx:39737/
[rosmaster.master][INFO] 2019-12-16 00:46:03,210: +PARAM [/usb_cam/image_raw/compressed/format] by /usb_cam
[rosmaster.master][INFO] 2019-12-16 00:46:03,210: +PARAM [/usb_cam/image_raw/compressed/jpeg_quality] by /usb_cam
[rosmaster.master][INFO] 2019-12-16 00:46:03,211: +PARAM [/usb_cam/image_raw/compressed/png_level] by /usb_cam
[rosmaster.master][INFO] 2019-12-16 00:46:03,211: +PARAM [/usb_cam/image_raw/compressed/format] by /usb_cam
[rosmaster.master][INFO] 2019-12-16 00:46:03,212: +PARAM [/usb_cam/image_raw/compressed/jpeg_quality] by /usb_cam
[rosmaster.master][INFO] 2019-12-16 00:46:03,212: +PARAM [/usb_cam/image_raw/compressed/png_level] by /usb_cam
[rosmaster.master][INFO] 2019-12-16 00:46:03,214: +PUB [/usb_cam/image_raw] /usb_cam http://itachi-HP-Pavilion-Laptop-15-cc1xx:39737/
[rosmaster.master][INFO] 2019-12-16 00:46:03,215: +PUB [/usb_cam/image_raw/theora] /usb_cam http://itachi-HP-Pavilion-Laptop-15-cc1xx:39737/
[rosmaster.master][INFO] 2019-12-16 00:46:03,215: +SERVICE [/usb_cam/image_raw/theora/set_parameters] /usb_cam http://itachi-HP-Pavilion-Laptop-15-cc1xx:39737/
[rosmaster.master][INFO] 2019-12-16 00:46:03,216: +PUB [/usb_cam/image_raw/theora/parameter_descriptions] /usb_cam http://itachi-HP-Pavilion-Laptop-15-cc1xx:39737/
[rosmaster.master][INFO] 2019-12-16 00:46:03,216: +PUB [/usb_cam/image_raw/theora/parameter_updates] /usb_cam http://itachi-HP-Pavilion-Laptop-15-cc1xx:39737/
[rosmaster.master][INFO] 2019-12-16 00:46:03,218: +PARAM [/usb_cam/image_raw/theora/optimize_for] by /usb_cam
[rosmaster.master][INFO] 2019-12-16 00:46:03,219: +PARAM [/usb_cam/image_raw/theora/target_bitrate] by /usb_cam
[rosmaster.master][INFO] 2019-12-16 00:46:03,219: +PARAM [/usb_cam/image_raw/theora/quality] by /usb_cam
[rosmaster.master][INFO] 2019-12-16 00:46:03,220: +PARAM [/usb_cam/image_raw/theora/keyframe_frequency] by /usb_cam
[rosmaster.master][INFO] 2019-12-16 00:46:03,220: +PARAM [/usb_cam/image_raw/theora/optimize_for] by /usb_cam
[rosmaster.master][INFO] 2019-12-16 00:46:03,221: +PARAM [/usb_cam/image_raw/theora/target_bitrate] by /usb_cam
[rosmaster.master][INFO] 2019-12-16 00:46:03,221: +PARAM [/usb_cam/image_raw/theora/quality] by /usb_cam
[rosmaster.master][INFO] 2019-12-16 00:46:03,222: +PARAM [/usb_cam/image_raw/theora/keyframe_frequency] by /usb_cam
[rosmaster.master][INFO] 2019-12-16 00:46:03,222: +PUB [/usb_cam/camera_info] /usb_cam http://itachi-HP-Pavilion-Laptop-15-cc1xx:39737/
[rosmaster.master][INFO] 2019-12-16 00:46:03,232: +SERVICE [/usb_cam/set_camera_info] /usb_cam http://itachi-HP-Pavilion-Laptop-15-cc1xx:39737/
[rosmaster.master][INFO] 2019-12-16 00:46:03,232: +SERVICE [/usb_cam/start_capture] /usb_cam http://itachi-HP-Pavilion-Laptop-15-cc1xx:39737/
[rosmaster.master][INFO] 2019-12-16 00:46:03,233: +SERVICE [/usb_cam/stop_capture] /usb_cam http://itachi-HP-Pavilion-Laptop-15-cc1xx:39737/
[rosmaster.master][INFO] 2019-12-16 00:46:04,788: -PUB [/rosout] /usb_cam http://itachi-HP-Pavilion-Laptop-15-cc1xx:39737/
[rosmaster.master][INFO] 2019-12-16 00:46:04,789: -PUB [/usb_cam/image_raw/compressedDepth] /usb_cam http://itachi-HP-Pavilion-Laptop-15-cc1xx:39737/
[rosmaster.master][INFO] 2019-12-16 00:46:04,790: -PUB [/usb_cam/image_raw/compressedDepth/parameter_descriptions] /usb_cam http://itachi-HP-Pavilion-Laptop-15-cc1xx:39737/
[rosmaster.master][INFO] 2019-12-16 00:46:04,791: -PUB [/usb_cam/image_raw/compressedDepth/parameter_updates] /usb_cam http://itachi-HP-Pavilion-Laptop-15-cc1xx:39737/
[rosmaster.master][INFO] 2019-12-16 00:46:04,792: -PUB [/usb_cam/image_raw/compressed] /usb_cam http://itachi-HP-Pavilion-Laptop-15-cc1xx:39737/
[rosmaster.master][INFO] 2019-12-16 00:46:04,792: -PUB [/usb_cam/image_raw/compressed/parameter_descriptions] /usb_cam http://itachi-HP-Pavilion-Laptop-15-cc1xx:39737/
[rosmaster.master][INFO] 2019-12-16 00:46:04,793: -PUB [/usb_cam/image_raw/compressed/parameter_updates] /usb_cam http://itachi-HP-Pavilion-Laptop-15-cc1xx:39737/
[rosmaster.master][INFO] 2019-12-16 00:46:04,794: -PUB [/usb_cam/image_raw] /usb_cam http://itachi-HP-Pavilion-Laptop-15-cc1xx:39737/
[rosmaster.master][INFO] 2019-12-16 00:46:04,794: -PUB [/usb_cam/image_raw/theora] /usb_cam http://itachi-HP-Pavilion-Laptop-15-cc1xx:39737/
[rosmaster.master][INFO] 2019-12-16 00:46:04,795: -PUB [/usb_cam/image_raw/theora/parameter_descriptions] /usb_cam http://itachi-HP-Pavilion-Laptop-15-cc1xx:39737/
[rosmaster.master][INFO] 2019-12-16 00:46:04,796: -PUB [/usb_cam/image_raw/theora/parameter_updates] /usb_cam http://itachi-HP-Pavilion-Laptop-15-cc1xx:39737/
[rosmaster.master][INFO] 2019-12-16 00:46:04,796: -PUB [/usb_cam/camera_info] /usb_cam http://itachi-HP-Pavilion-Laptop-15-cc1xx:39737/
[rosmaster.master][INFO] 2019-12-16 00:46:04,797: -SERVICE [/usb_cam/get_loggers] /usb_cam rosrpc://itachi-HP-Pavilion-Laptop-15-cc1xx:53103
[rosmaster.master][INFO] 2019-12-16 00:46:04,798: -SERVICE [/usb_cam/set_logger_level] /usb_cam rosrpc://itachi-HP-Pavilion-Laptop-15-cc1xx:53103
[rosmaster.master][INFO] 2019-12-16 00:46:04,798: -SERVICE [/usb_cam/image_raw/compressedDepth/set_parameters] /usb_cam rosrpc://itachi-HP-Pavilion-Laptop-15-cc1xx:53103
[rosmaster.master][INFO] 2019-12-16 00:46:04,799: -SERVICE [/usb_cam/image_raw/compressed/set_parameters] /usb_cam rosrpc://itachi-HP-Pavilion-Laptop-15-cc1xx:53103
[rosmaster.master][INFO] 2019-12-16 00:46:04,800: -SERVICE [/usb_cam/image_raw/theora/set_parameters] /usb_cam rosrpc://itachi-HP-Pavilion-Laptop-15-cc1xx:53103
[rosmaster.master][INFO] 2019-12-16 00:46:04,800: -SERVICE [/usb_cam/set_camera_info] /usb_cam rosrpc://itachi-HP-Pavilion-Laptop-15-cc1xx:53103
[rosmaster.master][INFO] 2019-12-16 00:46:04,801: -SERVICE [/usb_cam/start_capture] /usb_cam rosrpc://itachi-HP-Pavilion-Laptop-15-cc1xx:53103
[rosmaster.master][INFO] 2019-12-16 00:46:04,802: -SERVICE [/usb_cam/stop_capture] /usb_cam rosrpc://itachi-HP-Pavilion-Laptop-15-cc1xx:53103
[rosmaster.master][INFO] 2019-12-16 00:46:04,886: publisherUpdate[/rosout] -> http://itachi-HP-Pavilion-Laptop-15-cc1xx:34155/ []
[rosmaster.master][INFO] 2019-12-16 00:46:04,887: publisherUpdate[/rosout] -> http://itachi-HP-Pavilion-Laptop-15-cc1xx:34155/ []: sec=0.00, result=[1, '', 0]
[rosmaster.master][INFO] 2019-12-16 00:46:09,516: +PARAM [/roslaunch/uris/host_itachi_hp_pavilion_laptop_15_cc1xx__39493] by /roslaunch
[rosmaster.master][INFO] 2019-12-16 00:46:09,520: +PARAM [/usb_cam/image_width] by /roslaunch
[rosmaster.master][INFO] 2019-12-16 00:46:09,521: +PARAM [/usb_cam/video_device] by /roslaunch
[rosmaster.master][INFO] 2019-12-16 00:46:09,521: +PARAM [/rosdistro] by /roslaunch
[rosmaster.master][INFO] 2019-12-16 00:46:09,521: +PARAM [/usb_cam/pixel_format] by /roslaunch
[rosmaster.master][INFO] 2019-12-16 00:46:09,521: +PARAM [/usb_cam/io_method] by /roslaunch
[rosmaster.master][INFO] 2019-12-16 00:46:09,521: +PARAM [/usb_cam/camera_frame_id] by /roslaunch
[rosmaster.master][INFO] 2019-12-16 00:46:09,521: +PARAM [/rosversion] by /roslaunch
[rosmaster.master][INFO] 2019-12-16 00:46:09,521: +PARAM [/usb_cam/image_height] by /roslaunch
[rosmaster.master][INFO] 2019-12-16 00:46:09,605: +PUB [/rosout] /usb_cam http://itachi-HP-Pavilion-Laptop-15-cc1xx:38033/
[rosmaster.master][INFO] 2019-12-16 00:46:09,606: +SERVICE [/usb_cam/get_loggers] /usb_cam http://itachi-HP-Pavilion-Laptop-15-cc1xx:38033/
[rosmaster.master][INFO] 2019-12-16 00:46:09,607: +SERVICE [/usb_cam/set_logger_level] /usb_cam http://itachi-HP-Pavilion-Laptop-15-cc1xx:38033/
[rosmaster.master][INFO] 2019-12-16 00:46:09,615: +PUB [/rosout] /usb_cam_display/image_view http://itachi-HP-Pavilion-Laptop-15-cc1xx:40669/
[rosmaster.master][INFO] 2019-12-16 00:46:09,616: +SERVICE [/usb_cam_display/image_view/get_loggers] /usb_cam_display/image_view http://itachi-HP-Pavilion-Laptop-15-cc1xx:40669/
[rosmaster.master][INFO] 2019-12-16 00:46:09,616: +SERVICE [/usb_cam_display/image_view/set_logger_level] /usb_cam_display/image_view http://itachi-HP-Pavilion-Laptop-15-cc1xx:40669/
[rosmaster.master][INFO] 2019-12-16 00:46:09,646: +PUB [/usb_cam/image_raw/compressedDepth] /usb_cam http://itachi-HP-Pavilion-Laptop-15-cc1xx:38033/
[rosmaster.master][INFO] 2019-12-16 00:46:09,647: +SERVICE [/usb_cam/image_raw/compressedDepth/set_parameters] /usb_cam http://itachi-HP-Pavilion-Laptop-15-cc1xx:38033/
[rosmaster.master][INFO] 2019-12-16 00:46:09,647: +PUB [/usb_cam/image_raw/compressedDepth/parameter_descriptions] /usb_cam http://itachi-HP-Pavilion-Laptop-15-cc1xx:38033/
[rosmaster.master][INFO] 2019-12-16 00:46:09,648: +PUB [/usb_cam/image_raw/compressedDepth/parameter_updates] /usb_cam http://itachi-HP-Pavilion-Laptop-15-cc1xx:38033/
[rosmaster.master][INFO] 2019-12-16 00:46:09,651: +PARAM [/usb_cam/image_raw/compressedDepth/depth_max] by /usb_cam
[rosmaster.master][INFO] 2019-12-16 00:46:09,651: +PARAM [/usb_cam/image_raw/compressedDepth/depth_quantization] by /usb_cam
[rosmaster.master][INFO] 2019-12-16 00:46:09,652: +PARAM [/usb_cam/image_raw/compressedDepth/png_level] by /usb_cam
[rosmaster.master][INFO] 2019-12-16 00:46:09,652: +PARAM [/usb_cam/image_raw/compressedDepth/depth_max] by /usb_cam
[rosmaster.master][INFO] 2019-12-16 00:46:09,653: +PARAM [/usb_cam/image_raw/compressedDepth/depth_quantization] by /usb_cam
[rosmaster.master][INFO] 2019-12-16 00:46:09,654: +PARAM [/usb_cam/image_raw/compressedDepth/png_level] by /usb_cam
[rosmaster.master][INFO] 2019-12-16 00:46:09,655: +PUB [/usb_cam/image_raw/compressed] /usb_cam http://itachi-HP-Pavilion-Laptop-15-cc1xx:38033/
[rosmaster.master][INFO] 2019-12-16 00:46:09,656: +SERVICE [/usb_cam/image_raw/compressed/set_parameters] /usb_cam http://itachi-HP-Pavilion-Laptop-15-cc1xx:38033/
[rosmaster.master][INFO] 2019-12-16 00:46:09,657: +PUB [/usb_cam/image_raw/compressed/parameter_descriptions] /usb_cam http://itachi-HP-Pavilion-Laptop-15-cc1xx:38033/
[rosmaster.master][INFO] 2019-12-16 00:46:09,657: +PUB [/usb_cam/image_raw/compressed/parameter_updates] /usb_cam http://itachi-HP-Pavilion-Laptop-15-cc1xx:38033/
[rosmaster.master][INFO] 2019-12-16 00:46:09,659: +PARAM [/usb_cam/image_raw/compressed/format] by /usb_cam
[rosmaster.master][INFO] 2019-12-16 00:46:09,660: +PARAM [/usb_cam/image_raw/compressed/jpeg_quality] by /usb_cam
[rosmaster.master][INFO] 2019-12-16 00:46:09,660: +PARAM [/usb_cam/image_raw/compressed/png_level] by /usb_cam
[rosmaster.master][INFO] 2019-12-16 00:46:09,661: +PARAM [/usb_cam/image_raw/compressed/format] by /usb_cam
[rosmaster.master][INFO] 2019-12-16 00:46:09,662: +PARAM [/usb_cam/image_raw/compressed/jpeg_quality] by /usb_cam
[rosmaster.master][INFO] 2019-12-16 00:46:09,662: +PARAM [/usb_cam/image_raw/compressed/png_level] by /usb_cam
[rosmaster.master][INFO] 2019-12-16 00:46:09,663: +PUB [/usb_cam/image_raw] /usb_cam http://itachi-HP-Pavilion-Laptop-15-cc1xx:38033/
[rosmaster.master][INFO] 2019-12-16 00:46:09,664: +PUB [/usb_cam/image_raw/theora] /usb_cam http://itachi-HP-Pavilion-Laptop-15-cc1xx:38033/
[rosmaster.master][INFO] 2019-12-16 00:46:09,665: +SERVICE [/usb_cam/image_raw/theora/set_parameters] /usb_cam http://itachi-HP-Pavilion-Laptop-15-cc1xx:38033/
[rosmaster.master][INFO] 2019-12-16 00:46:09,665: +PUB [/usb_cam/image_raw/theora/parameter_descriptions] /usb_cam http://itachi-HP-Pavilion-Laptop-15-cc1xx:38033/
[rosmaster.master][INFO] 2019-12-16 00:46:09,666: +PUB [/usb_cam/image_raw/theora/parameter_updates] /usb_cam http://itachi-HP-Pavilion-Laptop-15-cc1xx:38033/
[rosmaster.master][INFO] 2019-12-16 00:46:09,668: +PARAM [/usb_cam/image_raw/theora/optimize_for] by /usb_cam
[rosmaster.master][INFO] 2019-12-16 00:46:09,669: +PARAM [/usb_cam/image_raw/theora/target_bitrate] by /usb_cam
[rosmaster.master][INFO] 2019-12-16 00:46:09,669: +PARAM [/usb_cam/image_raw/theora/quality] by /usb_cam
[rosmaster.master][INFO] 2019-12-16 00:46:09,670: +PARAM [/usb_cam/image_raw/theora/keyframe_frequency] by /usb_cam
[rosmaster.master][INFO] 2019-12-16 00:46:09,670: +PARAM [/usb_cam/image_raw/theora/optimize_for] by /usb_cam
[rosmaster.master][INFO] 2019-12-16 00:46:09,671: +PARAM [/usb_cam/image_raw/theora/target_bitrate] by /usb_cam
[rosmaster.master][INFO] 2019-12-16 00:46:09,671: +PARAM [/usb_cam/image_raw/theora/quality] by /usb_cam
[rosmaster.master][INFO] 2019-12-16 00:46:09,672: +PARAM [/usb_cam/image_raw/theora/keyframe_frequency] by /usb_cam
[rosmaster.master][INFO] 2019-12-16 00:46:09,672: +PUB [/usb_cam/camera_info] /usb_cam http://itachi-HP-Pavilion-Laptop-15-cc1xx:38033/
[rosmaster.master][INFO] 2019-12-16 00:46:09,687: +SERVICE [/usb_cam/set_camera_info] /usb_cam http://itachi-HP-Pavilion-Laptop-15-cc1xx:38033/
[rosmaster.master][INFO] 2019-12-16 00:46:09,687: +SERVICE [/usb_cam/start_capture] /usb_cam http://itachi-HP-Pavilion-Laptop-15-cc1xx:38033/
[rosmaster.master][INFO] 2019-12-16 00:46:09,688: +SERVICE [/usb_cam/stop_capture] /usb_cam http://itachi-HP-Pavilion-Laptop-15-cc1xx:38033/
[rosmaster.master][INFO] 2019-12-16 00:46:09,698: publisherUpdate[/rosout] -> http://itachi-HP-Pavilion-Laptop-15-cc1xx:34155/ ['http://itachi-HP-Pavilion-Laptop-15-cc1xx:38033/']
[rosmaster.master][INFO] 2019-12-16 00:46:09,699: publisherUpdate[/rosout] -> http://itachi-HP-Pavilion-Laptop-15-cc1xx:34155/ ['http://itachi-HP-Pavilion-Laptop-15-cc1xx:38033/']: sec=0.00, result=[1, '', 0]
[rosmaster.master][INFO] 2019-12-16 00:46:09,699: publisherUpdate[/rosout] -> http://itachi-HP-Pavilion-Laptop-15-cc1xx:34155/ ['http://itachi-HP-Pavilion-Laptop-15-cc1xx:38033/', 'http://itachi-HP-Pavilion-Laptop-15-cc1xx:40669/']
[rosmaster.master][INFO] 2019-12-16 00:46:09,700: publisherUpdate[/rosout] -> http://itachi-HP-Pavilion-Laptop-15-cc1xx:34155/ ['http://itachi-HP-Pavilion-Laptop-15-cc1xx:38033/', 'http://itachi-HP-Pavilion-Laptop-15-cc1xx:40669/']: sec=0.00, result=[1, '', 0]
[rosmaster.master][INFO] 2019-12-16 00:46:09,769: +SUB [/usb_cam/image_raw] /usb_cam_display/image_view http://itachi-HP-Pavilion-Laptop-15-cc1xx:40669/
[rosmaster.master][INFO] 2019-12-16 00:46:09,770: +PUB [/usb_cam_display/image_view/output] /usb_cam_display/image_view http://itachi-HP-Pavilion-Laptop-15-cc1xx:40669/
[rosmaster.master][INFO] 2019-12-16 00:46:09,770: +SERVICE [/usb_cam_display/image_view/set_parameters] /usb_cam_display/image_view http://itachi-HP-Pavilion-Laptop-15-cc1xx:40669/
[rosmaster.master][INFO] 2019-12-16 00:46:09,771: +PUB [/usb_cam_display/image_view/parameter_descriptions] /usb_cam_display/image_view http://itachi-HP-Pavilion-Laptop-15-cc1xx:40669/
[rosmaster.master][INFO] 2019-12-16 00:46:09,772: +PUB [/usb_cam_display/image_view/parameter_updates] /usb_cam_display/image_view http://itachi-HP-Pavilion-Laptop-15-cc1xx:40669/
[rosmaster.master][INFO] 2019-12-16 00:46:09,774: +PARAM [/usb_cam_display/image_view/do_dynamic_scaling] by /usb_cam_display/image_view
[rosmaster.master][INFO] 2019-12-16 00:46:09,775: +PARAM [/usb_cam_display/image_view/colormap] by /usb_cam_display/image_view
[rosmaster.master][INFO] 2019-12-16 00:46:09,775: +PARAM [/usb_cam_display/image_view/min_image_value] by /usb_cam_display/image_view
[rosmaster.master][INFO] 2019-12-16 00:46:09,776: +PARAM [/usb_cam_display/image_view/max_image_value] by /usb_cam_display/image_view
[rosmaster.master][INFO] 2019-12-16 00:46:09,776: +PARAM [/usb_cam_display/image_view/do_dynamic_scaling] by /usb_cam_display/image_view
[rosmaster.master][INFO] 2019-12-16 00:46:09,777: +PARAM [/usb_cam_display/image_view/colormap] by /usb_cam_display/image_view
[rosmaster.master][INFO] 2019-12-16 00:46:09,777: +PARAM [/usb_cam_display/image_view/min_image_value] by /usb_cam_display/image_view
[rosmaster.master][INFO] 2019-12-16 00:46:09,778: +PARAM [/usb_cam_display/image_view/max_image_value] by /usb_cam_display/image_view
[rosmaster.master][INFO] 2019-12-16 00:47:17,286: +PUB [/rosout] /cameracalibrator http://itachi-HP-Pavilion-Laptop-15-cc1xx:44739/
[rosmaster.master][INFO] 2019-12-16 00:47:17,288: +SERVICE [/cameracalibrator/get_loggers] /cameracalibrator http://itachi-HP-Pavilion-Laptop-15-cc1xx:44739/
[rosmaster.master][INFO] 2019-12-16 00:47:17,289: +SERVICE [/cameracalibrator/set_logger_level] /cameracalibrator http://itachi-HP-Pavilion-Laptop-15-cc1xx:44739/
[rosmaster.master][INFO] 2019-12-16 00:47:17,312: publisherUpdate[/rosout] -> http://itachi-HP-Pavilion-Laptop-15-cc1xx:34155/ ['http://itachi-HP-Pavilion-Laptop-15-cc1xx:38033/', 'http://itachi-HP-Pavilion-Laptop-15-cc1xx:40669/', 'http://itachi-HP-Pavilion-Laptop-15-cc1xx:44739/']
[rosmaster.master][INFO] 2019-12-16 00:47:17,314: publisherUpdate[/rosout] -> http://itachi-HP-Pavilion-Laptop-15-cc1xx:34155/ ['http://itachi-HP-Pavilion-Laptop-15-cc1xx:38033/', 'http://itachi-HP-Pavilion-Laptop-15-cc1xx:40669/', 'http://itachi-HP-Pavilion-Laptop-15-cc1xx:44739/']: sec=0.00, result=[1, '', 0]
[rosmaster.master][INFO] 2019-12-16 00:47:22,418: -PUB [/rosout] /cameracalibrator http://itachi-HP-Pavilion-Laptop-15-cc1xx:44739/
[rosmaster.master][INFO] 2019-12-16 00:47:22,418: -SERVICE [/cameracalibrator/set_logger_level] /cameracalibrator rosrpc://itachi-HP-Pavilion-Laptop-15-cc1xx:43283
[rosmaster.master][INFO] 2019-12-16 00:47:22,418: -SERVICE [/cameracalibrator/get_loggers] /cameracalibrator rosrpc://itachi-HP-Pavilion-Laptop-15-cc1xx:43283
[rosmaster.master][INFO] 2019-12-16 00:47:22,422: publisherUpdate[/rosout] -> http://itachi-HP-Pavilion-Laptop-15-cc1xx:34155/ ['http://itachi-HP-Pavilion-Laptop-15-cc1xx:38033/', 'http://itachi-HP-Pavilion-Laptop-15-cc1xx:40669/']
[rosmaster.master][INFO] 2019-12-16 00:47:22,423: publisherUpdate[/rosout] -> http://itachi-HP-Pavilion-Laptop-15-cc1xx:34155/ ['http://itachi-HP-Pavilion-Laptop-15-cc1xx:38033/', 'http://itachi-HP-Pavilion-Laptop-15-cc1xx:40669/']: sec=0.00, result=[1, '', 0]
[rosmaster.master][INFO] 2019-12-16 00:47:37,691: +PUB [/rosout] /cameracalibrator http://itachi-HP-Pavilion-Laptop-15-cc1xx:38067/
[rosmaster.master][INFO] 2019-12-16 00:47:37,694: +SERVICE [/cameracalibrator/get_loggers] /cameracalibrator http://itachi-HP-Pavilion-Laptop-15-cc1xx:38067/
[rosmaster.master][INFO] 2019-12-16 00:47:37,696: +SERVICE [/cameracalibrator/set_logger_level] /cameracalibrator http://itachi-HP-Pavilion-Laptop-15-cc1xx:38067/
[rosmaster.master][INFO] 2019-12-16 00:47:37,698: +SUB [/left] /cameracalibrator http://itachi-HP-Pavilion-Laptop-15-cc1xx:38067/
[rosmaster.master][INFO] 2019-12-16 00:47:37,700: +SUB [/right] /cameracalibrator http://itachi-HP-Pavilion-Laptop-15-cc1xx:38067/
[rosmaster.master][INFO] 2019-12-16 00:47:37,702: +SUB [/usb_cam/image_raw] /cameracalibrator http://itachi-HP-Pavilion-Laptop-15-cc1xx:38067/
[rosmaster.master][INFO] 2019-12-16 00:47:37,746: publisherUpdate[/rosout] -> http://itachi-HP-Pavilion-Laptop-15-cc1xx:34155/ ['http://itachi-HP-Pavilion-Laptop-15-cc1xx:38033/', 'http://itachi-HP-Pavilion-Laptop-15-cc1xx:40669/', 'http://itachi-HP-Pavilion-Laptop-15-cc1xx:38067/']
[rosmaster.master][INFO] 2019-12-16 00:47:37,747: publisherUpdate[/rosout] -> http://itachi-HP-Pavilion-Laptop-15-cc1xx:34155/ ['http://itachi-HP-Pavilion-Laptop-15-cc1xx:38033/', 'http://itachi-HP-Pavilion-Laptop-15-cc1xx:40669/', 'http://itachi-HP-Pavilion-Laptop-15-cc1xx:38067/']: sec=0.00, result=[1, '', 0]
[rosmaster.master][INFO] 2019-12-16 01:24:34,502: -SUB [/usb_cam/image_raw] /cameracalibrator http://itachi-HP-Pavilion-Laptop-15-cc1xx:38067/
[rosmaster.master][INFO] 2019-12-16 01:24:34,502: -SUB [/right] /cameracalibrator http://itachi-HP-Pavilion-Laptop-15-cc1xx:38067/
[rosmaster.master][INFO] 2019-12-16 01:24:34,503: -SUB [/left] /cameracalibrator http://itachi-HP-Pavilion-Laptop-15-cc1xx:38067/
[rosmaster.master][INFO] 2019-12-16 01:24:34,503: -PUB [/rosout] /cameracalibrator http://itachi-HP-Pavilion-Laptop-15-cc1xx:38067/
[rosmaster.master][INFO] 2019-12-16 01:24:34,503: -SERVICE [/cameracalibrator/set_logger_level] /cameracalibrator rosrpc://itachi-HP-Pavilion-Laptop-15-cc1xx:46611
[rosmaster.master][INFO] 2019-12-16 01:24:34,503: -SERVICE [/cameracalibrator/get_loggers] /cameracalibrator rosrpc://itachi-HP-Pavilion-Laptop-15-cc1xx:46611
[rosmaster.master][INFO] 2019-12-16 01:24:34,565: publisherUpdate[/rosout] -> http://itachi-HP-Pavilion-Laptop-15-cc1xx:34155/ ['http://itachi-HP-Pavilion-Laptop-15-cc1xx:38033/', 'http://itachi-HP-Pavilion-Laptop-15-cc1xx:40669/']
[rosmaster.master][INFO] 2019-12-16 01:24:34,567: publisherUpdate[/rosout] -> http://itachi-HP-Pavilion-Laptop-15-cc1xx:34155/ ['http://itachi-HP-Pavilion-Laptop-15-cc1xx:38033/', 'http://itachi-HP-Pavilion-Laptop-15-cc1xx:40669/']: sec=0.00, result=[1, '', 0]
[rosmaster.master][INFO] 2019-12-16 01:24:39,201: +PUB [/rosout] /cameracalibrator http://itachi-HP-Pavilion-Laptop-15-cc1xx:35337/
[rosmaster.master][INFO] 2019-12-16 01:24:39,203: +SERVICE [/cameracalibrator/get_loggers] /cameracalibrator http://itachi-HP-Pavilion-Laptop-15-cc1xx:35337/
[rosmaster.master][INFO] 2019-12-16 01:24:39,204: publisherUpdate[/rosout] -> http://itachi-HP-Pavilion-Laptop-15-cc1xx:34155/ ['http://itachi-HP-Pavilion-Laptop-15-cc1xx:38033/', 'http://itachi-HP-Pavilion-Laptop-15-cc1xx:40669/', 'http://itachi-HP-Pavilion-Laptop-15-cc1xx:35337/']
[rosmaster.master][INFO] 2019-12-16 01:24:39,204: +SERVICE [/cameracalibrator/set_logger_level] /cameracalibrator http://itachi-HP-Pavilion-Laptop-15-cc1xx:35337/
[rosmaster.master][INFO] 2019-12-16 01:24:39,205: publisherUpdate[/rosout] -> http://itachi-HP-Pavilion-Laptop-15-cc1xx:34155/ ['http://itachi-HP-Pavilion-Laptop-15-cc1xx:38033/', 'http://itachi-HP-Pavilion-Laptop-15-cc1xx:40669/', 'http://itachi-HP-Pavilion-Laptop-15-cc1xx:35337/']: sec=0.00, result=[1, '', 0]
[rosmaster.master][INFO] 2019-12-16 01:24:39,208: +SUB [/left] /cameracalibrator http://itachi-HP-Pavilion-Laptop-15-cc1xx:35337/
[rosmaster.master][INFO] 2019-12-16 01:24:39,211: +SUB [/right] /cameracalibrator http://itachi-HP-Pavilion-Laptop-15-cc1xx:35337/
[rosmaster.master][INFO] 2019-12-16 01:24:39,213: +SUB [/usb_cam/image_raw] /cameracalibrator http://itachi-HP-Pavilion-Laptop-15-cc1xx:35337/
[rosmaster.master][INFO] 2019-12-16 01:28:17,398: -SUB [/usb_cam/image_raw] /cameracalibrator http://itachi-HP-Pavilion-Laptop-15-cc1xx:35337/
[rosmaster.master][INFO] 2019-12-16 01:28:17,399: -SUB [/right] /cameracalibrator http://itachi-HP-Pavilion-Laptop-15-cc1xx:35337/
[rosmaster.master][INFO] 2019-12-16 01:28:17,399: -SUB [/left] /cameracalibrator http://itachi-HP-Pavilion-Laptop-15-cc1xx:35337/
[rosmaster.master][INFO] 2019-12-16 01:28:17,399: -PUB [/rosout] /cameracalibrator http://itachi-HP-Pavilion-Laptop-15-cc1xx:35337/
[rosmaster.master][INFO] 2019-12-16 01:28:17,399: -SERVICE [/cameracalibrator/set_logger_level] /cameracalibrator rosrpc://itachi-HP-Pavilion-Laptop-15-cc1xx:35445
[rosmaster.master][INFO] 2019-12-16 01:28:17,399: -SERVICE [/cameracalibrator/get_loggers] /cameracalibrator rosrpc://itachi-HP-Pavilion-Laptop-15-cc1xx:35445
[rosmaster.master][INFO] 2019-12-16 01:28:17,405: publisherUpdate[/rosout] -> http://itachi-HP-Pavilion-Laptop-15-cc1xx:34155/ ['http://itachi-HP-Pavilion-Laptop-15-cc1xx:38033/', 'http://itachi-HP-Pavilion-Laptop-15-cc1xx:40669/']
[rosmaster.master][INFO] 2019-12-16 01:28:17,407: publisherUpdate[/rosout] -> http://itachi-HP-Pavilion-Laptop-15-cc1xx:34155/ ['http://itachi-HP-Pavilion-Laptop-15-cc1xx:38033/', 'http://itachi-HP-Pavilion-Laptop-15-cc1xx:40669/']: sec=0.00, result=[1, '', 0]
[rosmaster.master][INFO] 2019-12-16 01:42:03,917: +PUB [/rosout] /cameracalibrator http://itachi-HP-Pavilion-Laptop-15-cc1xx:43537/
[rosmaster.master][INFO] 2019-12-16 01:42:03,920: +SERVICE [/cameracalibrator/get_loggers] /cameracalibrator http://itachi-HP-Pavilion-Laptop-15-cc1xx:43537/
[rosmaster.master][INFO] 2019-12-16 01:42:03,921: +SERVICE [/cameracalibrator/set_logger_level] /cameracalibrator http://itachi-HP-Pavilion-Laptop-15-cc1xx:43537/
[rosmaster.master][INFO] 2019-12-16 01:42:03,924: +SUB [/left] /cameracalibrator http://itachi-HP-Pavilion-Laptop-15-cc1xx:43537/
[rosmaster.master][INFO] 2019-12-16 01:42:03,926: +SUB [/right] /cameracalibrator http://itachi-HP-Pavilion-Laptop-15-cc1xx:43537/
[rosmaster.master][INFO] 2019-12-16 01:42:03,928: +SUB [/usb_cam/image_raw] /cameracalibrator http://itachi-HP-Pavilion-Laptop-15-cc1xx:43537/
[rosmaster.master][INFO] 2019-12-16 01:42:03,980: publisherUpdate[/rosout] -> http://itachi-HP-Pavilion-Laptop-15-cc1xx:34155/ ['http://itachi-HP-Pavilion-Laptop-15-cc1xx:38033/', 'http://itachi-HP-Pavilion-Laptop-15-cc1xx:40669/', 'http://itachi-HP-Pavilion-Laptop-15-cc1xx:43537/']
[rosmaster.master][INFO] 2019-12-16 01:42:03,981: publisherUpdate[/rosout] -> http://itachi-HP-Pavilion-Laptop-15-cc1xx:34155/ ['http://itachi-HP-Pavilion-Laptop-15-cc1xx:38033/', 'http://itachi-HP-Pavilion-Laptop-15-cc1xx:40669/', 'http://itachi-HP-Pavilion-Laptop-15-cc1xx:43537/']: sec=0.00, result=[1, '', 0]
[rosmaster.master][INFO] 2019-12-16 02:27:21,693: -PUB [/rosout] /usb_cam http://itachi-HP-Pavilion-Laptop-15-cc1xx:38033/
[rosmaster.master][INFO] 2019-12-16 02:27:21,694: -PUB [/usb_cam/image_raw/compressedDepth] /usb_cam http://itachi-HP-Pavilion-Laptop-15-cc1xx:38033/
[rosmaster.master][INFO] 2019-12-16 02:27:21,695: -PUB [/usb_cam/image_raw/compressedDepth/parameter_descriptions] /usb_cam http://itachi-HP-Pavilion-Laptop-15-cc1xx:38033/
[rosmaster.master][INFO] 2019-12-16 02:27:21,696: -PUB [/usb_cam/image_raw/compressedDepth/parameter_updates] /usb_cam http://itachi-HP-Pavilion-Laptop-15-cc1xx:38033/
[rosmaster.master][INFO] 2019-12-16 02:27:21,697: -PUB [/usb_cam/image_raw/compressed] /usb_cam http://itachi-HP-Pavilion-Laptop-15-cc1xx:38033/
[rosmaster.master][INFO] 2019-12-16 02:27:21,697: -PUB [/usb_cam/image_raw/compressed/parameter_descriptions] /usb_cam http://itachi-HP-Pavilion-Laptop-15-cc1xx:38033/
[rosmaster.master][INFO] 2019-12-16 02:27:21,698: -PUB [/usb_cam/image_raw/compressed/parameter_updates] /usb_cam http://itachi-HP-Pavilion-Laptop-15-cc1xx:38033/
[rosmaster.master][INFO] 2019-12-16 02:27:21,698: -PUB [/usb_cam/image_raw] /usb_cam http://itachi-HP-Pavilion-Laptop-15-cc1xx:38033/
[rosmaster.master][INFO] 2019-12-16 02:27:21,699: -PUB [/usb_cam/image_raw/theora] /usb_cam http://itachi-HP-Pavilion-Laptop-15-cc1xx:38033/
[rosmaster.master][INFO] 2019-12-16 02:27:21,700: -PUB [/usb_cam/image_raw/theora/parameter_descriptions] /usb_cam http://itachi-HP-Pavilion-Laptop-15-cc1xx:38033/
[rosmaster.master][INFO] 2019-12-16 02:27:21,700: -PUB [/usb_cam/image_raw/theora/parameter_updates] /usb_cam http://itachi-HP-Pavilion-Laptop-15-cc1xx:38033/
[rosmaster.master][INFO] 2019-12-16 02:27:21,701: -PUB [/usb_cam/camera_info] /usb_cam http://itachi-HP-Pavilion-Laptop-15-cc1xx:38033/
[rosmaster.master][INFO] 2019-12-16 02:27:21,702: -SERVICE [/usb_cam/get_loggers] /usb_cam rosrpc://itachi-HP-Pavilion-Laptop-15-cc1xx:35773
[rosmaster.master][INFO] 2019-12-16 02:27:21,703: -SERVICE [/usb_cam/set_logger_level] /usb_cam rosrpc://itachi-HP-Pavilion-Laptop-15-cc1xx:35773
[rosmaster.master][INFO] 2019-12-16 02:27:21,703: publisherUpdate[/rosout] -> http://itachi-HP-Pavilion-Laptop-15-cc1xx:34155/ ['http://itachi-HP-Pavilion-Laptop-15-cc1xx:40669/', 'http://itachi-HP-Pavilion-Laptop-15-cc1xx:43537/']
[rosmaster.master][INFO] 2019-12-16 02:27:21,704: publisherUpdate[/rosout] -> http://itachi-HP-Pavilion-Laptop-15-cc1xx:34155/ ['http://itachi-HP-Pavilion-Laptop-15-cc1xx:40669/', 'http://itachi-HP-Pavilion-Laptop-15-cc1xx:43537/']: sec=0.00, result=[1, '', 0]
[rosmaster.master][INFO] 2019-12-16 02:27:21,704: publisherUpdate[/usb_cam/image_raw] -> http://itachi-HP-Pavilion-Laptop-15-cc1xx:40669/ []
[rosmaster.master][INFO] 2019-12-16 02:27:21,705: publisherUpdate[/usb_cam/image_raw] -> http://itachi-HP-Pavilion-Laptop-15-cc1xx:40669/ []: sec=0.00, result=[1, '', 0]
[rosmaster.master][INFO] 2019-12-16 02:27:21,706: -SERVICE [/usb_cam/image_raw/compressedDepth/set_parameters] /usb_cam rosrpc://itachi-HP-Pavilion-Laptop-15-cc1xx:35773
[rosmaster.master][INFO] 2019-12-16 02:27:21,706: publisherUpdate[/usb_cam/image_raw] -> http://itachi-HP-Pavilion-Laptop-15-cc1xx:43537/ []
[rosmaster.master][INFO] 2019-12-16 02:27:21,708: -SERVICE [/usb_cam/image_raw/compressed/set_parameters] /usb_cam rosrpc://itachi-HP-Pavilion-Laptop-15-cc1xx:35773
[rosmaster.master][INFO] 2019-12-16 02:27:21,708: publisherUpdate[/usb_cam/image_raw] -> http://itachi-HP-Pavilion-Laptop-15-cc1xx:43537/ []: sec=0.00, result=[1, '', 0]
[rosmaster.master][INFO] 2019-12-16 02:27:21,710: -SERVICE [/usb_cam/image_raw/theora/set_parameters] /usb_cam rosrpc://itachi-HP-Pavilion-Laptop-15-cc1xx:35773
[rosmaster.master][INFO] 2019-12-16 02:27:21,711: -SERVICE [/usb_cam/set_camera_info] /usb_cam rosrpc://itachi-HP-Pavilion-Laptop-15-cc1xx:35773
[rosmaster.master][INFO] 2019-12-16 02:27:21,712: -SERVICE [/usb_cam/start_capture] /usb_cam rosrpc://itachi-HP-Pavilion-Laptop-15-cc1xx:35773
[rosmaster.master][INFO] 2019-12-16 02:27:21,712: -SERVICE [/usb_cam/stop_capture] /usb_cam rosrpc://itachi-HP-Pavilion-Laptop-15-cc1xx:35773
[rosmaster.master][INFO] 2019-12-16 02:27:21,806: -PUB [/rosout] /usb_cam_display/image_view http://itachi-HP-Pavilion-Laptop-15-cc1xx:40669/
[rosmaster.master][INFO] 2019-12-16 02:27:21,807: -PUB [/usb_cam_display/image_view/output] /usb_cam_display/image_view http://itachi-HP-Pavilion-Laptop-15-cc1xx:40669/
[rosmaster.master][INFO] 2019-12-16 02:27:21,807: -PUB [/usb_cam_display/image_view/parameter_descriptions] /usb_cam_display/image_view http://itachi-HP-Pavilion-Laptop-15-cc1xx:40669/
[rosmaster.master][INFO] 2019-12-16 02:27:21,808: -PUB [/usb_cam_display/image_view/parameter_updates] /usb_cam_display/image_view http://itachi-HP-Pavilion-Laptop-15-cc1xx:40669/
[rosmaster.master][INFO] 2019-12-16 02:27:21,809: publisherUpdate[/rosout] -> http://itachi-HP-Pavilion-Laptop-15-cc1xx:34155/ ['http://itachi-HP-Pavilion-Laptop-15-cc1xx:43537/']
[rosmaster.master][INFO] 2019-12-16 02:27:21,809: -SUB [/usb_cam/image_raw] /usb_cam_display/image_view http://itachi-HP-Pavilion-Laptop-15-cc1xx:40669/
[rosmaster.master][INFO] 2019-12-16 02:27:21,810: publisherUpdate[/rosout] -> http://itachi-HP-Pavilion-Laptop-15-cc1xx:34155/ ['http://itachi-HP-Pavilion-Laptop-15-cc1xx:43537/']: sec=0.00, result=[1, '', 0]
[rosmaster.master][INFO] 2019-12-16 02:27:21,810: -SERVICE [/usb_cam_display/image_view/get_loggers] /usb_cam_display/image_view rosrpc://itachi-HP-Pavilion-Laptop-15-cc1xx:58733
[rosmaster.master][INFO] 2019-12-16 02:27:21,811: -SERVICE [/usb_cam_display/image_view/set_logger_level] /usb_cam_display/image_view rosrpc://itachi-HP-Pavilion-Laptop-15-cc1xx:58733
[rosmaster.master][INFO] 2019-12-16 02:27:21,812: -SERVICE [/usb_cam_display/image_view/set_parameters] /usb_cam_display/image_view rosrpc://itachi-HP-Pavilion-Laptop-15-cc1xx:58733
[rosmaster.master][INFO] 2019-12-16 02:29:00,516: +PARAM [/roslaunch/uris/host_itachi_hp_pavilion_laptop_15_cc1xx__35737] by /roslaunch
[rosmaster.master][INFO] 2019-12-16 02:29:00,518: +PARAM [/usb_cam/image_width] by /roslaunch
[rosmaster.master][INFO] 2019-12-16 02:29:00,519: +PARAM [/usb_cam/video_device] by /roslaunch
[rosmaster.master][INFO] 2019-12-16 02:29:00,519: +PARAM [/rosdistro] by /roslaunch
[rosmaster.master][INFO] 2019-12-16 02:29:00,519: +PARAM [/usb_cam/pixel_format] by /roslaunch
[rosmaster.master][INFO] 2019-12-16 02:29:00,519: +PARAM [/usb_cam/io_method] by /roslaunch
[rosmaster.master][INFO] 2019-12-16 02:29:00,519: +PARAM [/usb_cam/camera_frame_id] by /roslaunch
[rosmaster.master][INFO] 2019-12-16 02:29:00,519: +PARAM [/rosversion] by /roslaunch
[rosmaster.master][INFO] 2019-12-16 02:29:00,519: +PARAM [/usb_cam/image_height] by /roslaunch
[rosmaster.master][INFO] 2019-12-16 02:29:00,627: +PUB [/rosout] /usb_cam http://itachi-HP-Pavilion-Laptop-15-cc1xx:35355/
[rosmaster.master][INFO] 2019-12-16 02:29:00,628: +SERVICE [/usb_cam/get_loggers] /usb_cam http://itachi-HP-Pavilion-Laptop-15-cc1xx:35355/
[rosmaster.master][INFO] 2019-12-16 02:29:00,629: +SERVICE [/usb_cam/set_logger_level] /usb_cam http://itachi-HP-Pavilion-Laptop-15-cc1xx:35355/
[rosmaster.master][INFO] 2019-12-16 02:29:00,641: +PUB [/rosout] /usb_cam_display/image_view http://itachi-HP-Pavilion-Laptop-15-cc1xx:33217/
[rosmaster.master][INFO] 2019-12-16 02:29:00,642: +SERVICE [/usb_cam_display/image_view/get_loggers] /usb_cam_display/image_view http://itachi-HP-Pavilion-Laptop-15-cc1xx:33217/
[rosmaster.master][INFO] 2019-12-16 02:29:00,643: +SERVICE [/usb_cam_display/image_view/set_logger_level] /usb_cam_display/image_view http://itachi-HP-Pavilion-Laptop-15-cc1xx:33217/
[rosmaster.master][INFO] 2019-12-16 02:29:00,649: publisherUpdate[/rosout] -> http://itachi-HP-Pavilion-Laptop-15-cc1xx:34155/ ['http://itachi-HP-Pavilion-Laptop-15-cc1xx:43537/', 'http://itachi-HP-Pavilion-Laptop-15-cc1xx:35355/']
[rosmaster.master][INFO] 2019-12-16 02:29:00,650: publisherUpdate[/rosout] -> http://itachi-HP-Pavilion-Laptop-15-cc1xx:34155/ ['http://itachi-HP-Pavilion-Laptop-15-cc1xx:43537/', 'http://itachi-HP-Pavilion-Laptop-15-cc1xx:35355/']: sec=0.00, result=[1, '', 0]
[rosmaster.master][INFO] 2019-12-16 02:29:00,650: publisherUpdate[/rosout] -> http://itachi-HP-Pavilion-Laptop-15-cc1xx:34155/ ['http://itachi-HP-Pavilion-Laptop-15-cc1xx:43537/', 'http://itachi-HP-Pavilion-Laptop-15-cc1xx:35355/', 'http://itachi-HP-Pavilion-Laptop-15-cc1xx:33217/']
[rosmaster.master][INFO] 2019-12-16 02:29:00,651: publisherUpdate[/rosout] -> http://itachi-HP-Pavilion-Laptop-15-cc1xx:34155/ ['http://itachi-HP-Pavilion-Laptop-15-cc1xx:43537/', 'http://itachi-HP-Pavilion-Laptop-15-cc1xx:35355/', 'http://itachi-HP-Pavilion-Laptop-15-cc1xx:33217/']: sec=0.00, result=[1, '', 0]
[rosmaster.master][INFO] 2019-12-16 02:29:00,667: +PUB [/usb_cam/image_raw/compressedDepth] /usb_cam http://itachi-HP-Pavilion-Laptop-15-cc1xx:35355/
[rosmaster.master][INFO] 2019-12-16 02:29:00,668: +SERVICE [/usb_cam/image_raw/compressedDepth/set_parameters] /usb_cam http://itachi-HP-Pavilion-Laptop-15-cc1xx:35355/
[rosmaster.master][INFO] 2019-12-16 02:29:00,668: +PUB [/usb_cam/image_raw/compressedDepth/parameter_descriptions] /usb_cam http://itachi-HP-Pavilion-Laptop-15-cc1xx:35355/
[rosmaster.master][INFO] 2019-12-16 02:29:00,669: +PUB [/usb_cam/image_raw/compressedDepth/parameter_updates] /usb_cam http://itachi-HP-Pavilion-Laptop-15-cc1xx:35355/
[rosmaster.master][INFO] 2019-12-16 02:29:00,671: +PARAM [/usb_cam/image_raw/compressedDepth/depth_max] by /usb_cam
[rosmaster.master][INFO] 2019-12-16 02:29:00,672: +PARAM [/usb_cam/image_raw/compressedDepth/depth_quantization] by /usb_cam
[rosmaster.master][INFO] 2019-12-16 02:29:00,673: +PARAM [/usb_cam/image_raw/compressedDepth/png_level] by /usb_cam
[rosmaster.master][INFO] 2019-12-16 02:29:00,673: +PARAM [/usb_cam/image_raw/compressedDepth/depth_max] by /usb_cam
[rosmaster.master][INFO] 2019-12-16 02:29:00,674: +PARAM [/usb_cam/image_raw/compressedDepth/depth_quantization] by /usb_cam
[rosmaster.master][INFO] 2019-12-16 02:29:00,674: +PARAM [/usb_cam/image_raw/compressedDepth/png_level] by /usb_cam
[rosmaster.master][INFO] 2019-12-16 02:29:00,676: +PUB [/usb_cam/image_raw/compressed] /usb_cam http://itachi-HP-Pavilion-Laptop-15-cc1xx:35355/
[rosmaster.master][INFO] 2019-12-16 02:29:00,676: +SERVICE [/usb_cam/image_raw/compressed/set_parameters] /usb_cam http://itachi-HP-Pavilion-Laptop-15-cc1xx:35355/
[rosmaster.master][INFO] 2019-12-16 02:29:00,677: +PUB [/usb_cam/image_raw/compressed/parameter_descriptions] /usb_cam http://itachi-HP-Pavilion-Laptop-15-cc1xx:35355/
[rosmaster.master][INFO] 2019-12-16 02:29:00,680: +PUB [/usb_cam/image_raw/compressed/parameter_updates] /usb_cam http://itachi-HP-Pavilion-Laptop-15-cc1xx:35355/
[rosmaster.master][INFO] 2019-12-16 02:29:00,683: +PARAM [/usb_cam/image_raw/compressed/format] by /usb_cam
[rosmaster.master][INFO] 2019-12-16 02:29:00,684: +PARAM [/usb_cam/image_raw/compressed/jpeg_quality] by /usb_cam
[rosmaster.master][INFO] 2019-12-16 02:29:00,685: +PARAM [/usb_cam/image_raw/compressed/png_level] by /usb_cam
[rosmaster.master][INFO] 2019-12-16 02:29:00,686: +PARAM [/usb_cam/image_raw/compressed/format] by /usb_cam
[rosmaster.master][INFO] 2019-12-16 02:29:00,688: +PARAM [/usb_cam/image_raw/compressed/jpeg_quality] by /usb_cam
[rosmaster.master][INFO] 2019-12-16 02:29:00,689: +PARAM [/usb_cam/image_raw/compressed/png_level] by /usb_cam
[rosmaster.master][INFO] 2019-12-16 02:29:00,691: +PUB [/usb_cam/image_raw] /usb_cam http://itachi-HP-Pavilion-Laptop-15-cc1xx:35355/
[rosmaster.master][INFO] 2019-12-16 02:29:00,693: +PUB [/usb_cam/image_raw/theora] /usb_cam http://itachi-HP-Pavilion-Laptop-15-cc1xx:35355/
[rosmaster.master][INFO] 2019-12-16 02:29:00,694: +SERVICE [/usb_cam/image_raw/theora/set_parameters] /usb_cam http://itachi-HP-Pavilion-Laptop-15-cc1xx:35355/
[rosmaster.master][INFO] 2019-12-16 02:29:00,694: +PUB [/usb_cam/image_raw/theora/parameter_descriptions] /usb_cam http://itachi-HP-Pavilion-Laptop-15-cc1xx:35355/
[rosmaster.master][INFO] 2019-12-16 02:29:00,695: +PUB [/usb_cam/image_raw/theora/parameter_updates] /usb_cam http://itachi-HP-Pavilion-Laptop-15-cc1xx:35355/
[rosmaster.master][INFO] 2019-12-16 02:29:00,699: +PARAM [/usb_cam/image_raw/theora/optimize_for] by /usb_cam
[rosmaster.master][INFO] 2019-12-16 02:29:00,699: +PARAM [/usb_cam/image_raw/theora/target_bitrate] by /usb_cam
[rosmaster.master][INFO] 2019-12-16 02:29:00,700: +PARAM [/usb_cam/image_raw/theora/quality] by /usb_cam
[rosmaster.master][INFO] 2019-12-16 02:29:00,701: +PARAM [/usb_cam/image_raw/theora/keyframe_frequency] by /usb_cam
[rosmaster.master][INFO] 2019-12-16 02:29:00,702: +PARAM [/usb_cam/image_raw/theora/optimize_for] by /usb_cam
[rosmaster.master][INFO] 2019-12-16 02:29:00,703: +PARAM [/usb_cam/image_raw/theora/target_bitrate] by /usb_cam
[rosmaster.master][INFO] 2019-12-16 02:29:00,704: +PARAM [/usb_cam/image_raw/theora/quality] by /usb_cam
[rosmaster.master][INFO] 2019-12-16 02:29:00,705: +PARAM [/usb_cam/image_raw/theora/keyframe_frequency] by /usb_cam
[rosmaster.master][INFO] 2019-12-16 02:29:00,706: +PUB [/usb_cam/camera_info] /usb_cam http://itachi-HP-Pavilion-Laptop-15-cc1xx:35355/
[rosmaster.master][INFO] 2019-12-16 02:29:00,715: publisherUpdate[/usb_cam/image_raw] -> http://itachi-HP-Pavilion-Laptop-15-cc1xx:43537/ ['http://itachi-HP-Pavilion-Laptop-15-cc1xx:35355/']
[rosmaster.master][INFO] 2019-12-16 02:29:00,716: publisherUpdate[/usb_cam/image_raw] -> http://itachi-HP-Pavilion-Laptop-15-cc1xx:43537/ ['http://itachi-HP-Pavilion-Laptop-15-cc1xx:35355/']: sec=0.00, result=[1, '', 0]
[rosmaster.master][INFO] 2019-12-16 02:29:00,722: +SERVICE [/usb_cam/set_camera_info] /usb_cam http://itachi-HP-Pavilion-Laptop-15-cc1xx:35355/
[rosmaster.master][INFO] 2019-12-16 02:29:00,723: +SERVICE [/usb_cam/start_capture] /usb_cam http://itachi-HP-Pavilion-Laptop-15-cc1xx:35355/
[rosmaster.master][INFO] 2019-12-16 02:29:00,724: +SERVICE [/usb_cam/stop_capture] /usb_cam http://itachi-HP-Pavilion-Laptop-15-cc1xx:35355/
[rosmaster.master][INFO] 2019-12-16 02:29:00,837: +SUB [/usb_cam/image_raw] /usb_cam_display/image_view http://itachi-HP-Pavilion-Laptop-15-cc1xx:33217/
[rosmaster.master][INFO] 2019-12-16 02:29:00,838: +PUB [/usb_cam_display/image_view/output] /usb_cam_display/image_view http://itachi-HP-Pavilion-Laptop-15-cc1xx:33217/
[rosmaster.master][INFO] 2019-12-16 02:29:00,839: +SERVICE [/usb_cam_display/image_view/set_parameters] /usb_cam_display/image_view http://itachi-HP-Pavilion-Laptop-15-cc1xx:33217/
[rosmaster.master][INFO] 2019-12-16 02:29:00,840: +PUB [/usb_cam_display/image_view/parameter_descriptions] /usb_cam_display/image_view http://itachi-HP-Pavilion-Laptop-15-cc1xx:33217/
[rosmaster.master][INFO] 2019-12-16 02:29:00,841: +PUB [/usb_cam_display/image_view/parameter_updates] /usb_cam_display/image_view http://itachi-HP-Pavilion-Laptop-15-cc1xx:33217/
[rosmaster.master][INFO] 2019-12-16 02:29:00,844: +PARAM [/usb_cam_display/image_view/do_dynamic_scaling] by /usb_cam_display/image_view
[rosmaster.master][INFO] 2019-12-16 02:29:00,845: +PARAM [/usb_cam_display/image_view/colormap] by /usb_cam_display/image_view
[rosmaster.master][INFO] 2019-12-16 02:29:00,846: +PARAM [/usb_cam_display/image_view/min_image_value] by /usb_cam_display/image_view
[rosmaster.master][INFO] 2019-12-16 02:29:00,847: +PARAM [/usb_cam_display/image_view/max_image_value] by /usb_cam_display/image_view
[rosmaster.master][INFO] 2019-12-16 02:29:00,849: +PARAM [/usb_cam_display/image_view/do_dynamic_scaling] by /usb_cam_display/image_view
[rosmaster.master][INFO] 2019-12-16 02:29:00,850: +PARAM [/usb_cam_display/image_view/colormap] by /usb_cam_display/image_view
[rosmaster.master][INFO] 2019-12-16 02:29:00,851: +PARAM [/usb_cam_display/image_view/min_image_value] by /usb_cam_display/image_view
[rosmaster.master][INFO] 2019-12-16 02:29:00,852: +PARAM [/usb_cam_display/image_view/max_image_value] by /usb_cam_display/image_view
[rosmaster.master][INFO] 2019-12-16 02:31:20,550: -SUB [/usb_cam/image_raw] /cameracalibrator http://itachi-HP-Pavilion-Laptop-15-cc1xx:43537/
[rosmaster.master][INFO] 2019-12-16 02:31:20,551: -SUB [/right] /cameracalibrator http://itachi-HP-Pavilion-Laptop-15-cc1xx:43537/
[rosmaster.master][INFO] 2019-12-16 02:31:20,551: -SUB [/left] /cameracalibrator http://itachi-HP-Pavilion-Laptop-15-cc1xx:43537/
[rosmaster.master][INFO] 2019-12-16 02:31:20,551: -PUB [/rosout] /cameracalibrator http://itachi-HP-Pavilion-Laptop-15-cc1xx:43537/
[rosmaster.master][INFO] 2019-12-16 02:31:20,551: -SERVICE [/cameracalibrator/set_logger_level] /cameracalibrator rosrpc://itachi-HP-Pavilion-Laptop-15-cc1xx:35801
[rosmaster.master][INFO] 2019-12-16 02:31:20,551: -SERVICE [/cameracalibrator/get_loggers] /cameracalibrator rosrpc://itachi-HP-Pavilion-Laptop-15-cc1xx:35801
[rosmaster.master][INFO] 2019-12-16 02:31:20,568: publisherUpdate[/rosout] -> http://itachi-HP-Pavilion-Laptop-15-cc1xx:34155/ ['http://itachi-HP-Pavilion-Laptop-15-cc1xx:35355/', 'http://itachi-HP-Pavilion-Laptop-15-cc1xx:33217/']
[rosmaster.master][INFO] 2019-12-16 02:31:20,569: publisherUpdate[/rosout] -> http://itachi-HP-Pavilion-Laptop-15-cc1xx:34155/ ['http://itachi-HP-Pavilion-Laptop-15-cc1xx:35355/', 'http://itachi-HP-Pavilion-Laptop-15-cc1xx:33217/']: sec=0.00, result=[1, '', 0]
[rosmaster.master][INFO] 2019-12-16 16:01:45,973: -SERVICE [/usb_cam/get_loggers] /usb_cam rosrpc://itachi-HP-Pavilion-Laptop-15-cc1xx:41907
[rosmaster.master][INFO] 2019-12-16 16:01:45,975: -SERVICE [/usb_cam/set_logger_level] /usb_cam rosrpc://itachi-HP-Pavilion-Laptop-15-cc1xx:41907
[rosmaster.master][INFO] 2019-12-16 16:01:45,979: -SERVICE [/usb_cam/image_raw/compressedDepth/set_parameters] /usb_cam rosrpc://itachi-HP-Pavilion-Laptop-15-cc1xx:41907
[rosmaster.master][INFO] 2019-12-16 16:01:45,981: -SERVICE [/usb_cam/image_raw/compressed/set_parameters] /usb_cam rosrpc://itachi-HP-Pavilion-Laptop-15-cc1xx:41907
[rosmaster.master][INFO] 2019-12-16 16:01:45,985: -SERVICE [/usb_cam/image_raw/theora/set_parameters] /usb_cam rosrpc://itachi-HP-Pavilion-Laptop-15-cc1xx:41907
[rosmaster.master][INFO] 2019-12-16 16:01:45,988: -SERVICE [/usb_cam/set_camera_info] /usb_cam rosrpc://itachi-HP-Pavilion-Laptop-15-cc1xx:41907
[rosmaster.master][INFO] 2019-12-16 16:01:45,991: -SERVICE [/usb_cam/start_capture] /usb_cam rosrpc://itachi-HP-Pavilion-Laptop-15-cc1xx:41907
[rosmaster.master][INFO] 2019-12-16 16:01:45,995: -SERVICE [/usb_cam/stop_capture] /usb_cam rosrpc://itachi-HP-Pavilion-Laptop-15-cc1xx:41907
[rosmaster.master][INFO] 2019-12-16 16:01:46,169: -PUB [/rosout] /usb_cam http://itachi-HP-Pavilion-Laptop-15-cc1xx:35355/
[rosmaster.master][INFO] 2019-12-16 16:01:46,169: publisherUpdate[/rosout] -> http://itachi-HP-Pavilion-Laptop-15-cc1xx:34155/ ['http://itachi-HP-Pavilion-Laptop-15-cc1xx:33217/']
[rosmaster.master][INFO] 2019-12-16 16:01:46,173: publisherUpdate[/rosout] -> http://itachi-HP-Pavilion-Laptop-15-cc1xx:34155/ ['http://itachi-HP-Pavilion-Laptop-15-cc1xx:33217/']: sec=0.00, result=[1, '', 0]
[rosmaster.master][INFO] 2019-12-16 16:01:46,175: -PUB [/usb_cam/image_raw/compressedDepth] /usb_cam http://itachi-HP-Pavilion-Laptop-15-cc1xx:35355/
[rosmaster.master][INFO] 2019-12-16 16:01:46,177: -PUB [/usb_cam/image_raw/compressedDepth/parameter_descriptions] /usb_cam http://itachi-HP-Pavilion-Laptop-15-cc1xx:35355/
[rosmaster.master][INFO] 2019-12-16 16:01:46,180: -PUB [/usb_cam/image_raw/compressedDepth/parameter_updates] /usb_cam http://itachi-HP-Pavilion-Laptop-15-cc1xx:35355/
[rosmaster.master][INFO] 2019-12-16 16:01:46,182: -PUB [/usb_cam/image_raw/compressed] /usb_cam http://itachi-HP-Pavilion-Laptop-15-cc1xx:35355/
[rosmaster.master][INFO] 2019-12-16 16:01:46,185: -PUB [/usb_cam/image_raw/compressed/parameter_descriptions] /usb_cam http://itachi-HP-Pavilion-Laptop-15-cc1xx:35355/
[rosmaster.master][INFO] 2019-12-16 16:01:46,187: -PUB [/usb_cam/image_raw/compressed/parameter_updates] /usb_cam http://itachi-HP-Pavilion-Laptop-15-cc1xx:35355/
[rosmaster.master][INFO] 2019-12-16 16:01:46,190: -PUB [/usb_cam/image_raw] /usb_cam http://itachi-HP-Pavilion-Laptop-15-cc1xx:35355/
[rosmaster.master][INFO] 2019-12-16 16:01:46,192: -PUB [/usb_cam/image_raw/theora] /usb_cam http://itachi-HP-Pavilion-Laptop-15-cc1xx:35355/
[rosmaster.master][INFO] 2019-12-16 16:01:46,195: -PUB [/usb_cam/image_raw/theora/parameter_descriptions] /usb_cam http://itachi-HP-Pavilion-Laptop-15-cc1xx:35355/
[rosmaster.master][INFO] 2019-12-16 16:01:46,197: -PUB [/usb_cam/image_raw/theora/parameter_updates] /usb_cam http://itachi-HP-Pavilion-Laptop-15-cc1xx:35355/
[rosmaster.master][INFO] 2019-12-16 16:01:46,200: -PUB [/usb_cam/camera_info] /usb_cam http://itachi-HP-Pavilion-Laptop-15-cc1xx:35355/
[rosmaster.master][INFO] 2019-12-16 16:01:46,227: publisherUpdate[/usb_cam/image_raw] -> http://itachi-HP-Pavilion-Laptop-15-cc1xx:33217/ []
[rosmaster.master][INFO] 2019-12-16 16:01:46,231: publisherUpdate[/usb_cam/image_raw] -> http://itachi-HP-Pavilion-Laptop-15-cc1xx:33217/ []: sec=0.00, result=[1, '', 0]
