[rosmaster.main][INFO] 2019-12-18 01:28:41,441: initialization complete, waiting for shutdown
[rosmaster.main][INFO] 2019-12-18 01:28:41,441: Starting ROS Master Node
[xmlrpc][INFO] 2019-12-18 01:28:41,442: XML-RPC server binding to 0.0.0.0:11311
[xmlrpc][INFO] 2019-12-18 01:28:41,442: Started XML-RPC server [http://itachi-HP-Pavilion-Laptop-15-cc1xx:11311/]
[rosmaster.master][INFO] 2019-12-18 01:28:41,442: Master initialized: port[11311], uri[http://itachi-HP-Pavilion-Laptop-15-cc1xx:11311/]
[xmlrpc][INFO] 2019-12-18 01:28:41,442: xml rpc node: starting XML-RPC server
[rosmaster.master][INFO] 2019-12-18 01:28:41,468: +PARAM [/run_id] by /roslaunch
[rosmaster.master][INFO] 2019-12-18 01:28:41,469: +PARAM [/roslaunch/uris/host_itachi_hp_pavilion_laptop_15_cc1xx__45861] by /roslaunch
[rosmaster.master][INFO] 2019-12-18 01:28:41,551: +PARAM [/usb_cam/image_width] by /roslaunch
[rosmaster.master][INFO] 2019-12-18 01:28:41,551: +PARAM [/usb_cam/video_device] by /roslaunch
[rosmaster.master][INFO] 2019-12-18 01:28:41,551: +PARAM [/rosdistro] by /roslaunch
[rosmaster.master][INFO] 2019-12-18 01:28:41,551: +PARAM [/usb_cam/pixel_format] by /roslaunch
[rosmaster.master][INFO] 2019-12-18 01:28:41,551: +PARAM [/usb_cam/io_method] by /roslaunch
[rosmaster.master][INFO] 2019-12-18 01:28:41,551: +PARAM [/usb_cam/camera_frame_id] by /roslaunch
[rosmaster.master][INFO] 2019-12-18 01:28:41,551: +PARAM [/rosversion] by /roslaunch
[rosmaster.master][INFO] 2019-12-18 01:28:41,551: +PARAM [/usb_cam/image_height] by /roslaunch
[rosmaster.master][INFO] 2019-12-18 01:28:41,555: +SERVICE [/rosout/get_loggers] /rosout http://itachi-HP-Pavilion-Laptop-15-cc1xx:43117/
[rosmaster.master][INFO] 2019-12-18 01:28:41,555: +SERVICE [/rosout/set_logger_level] /rosout http://itachi-HP-Pavilion-Laptop-15-cc1xx:43117/
[rosmaster.master][INFO] 2019-12-18 01:28:41,558: +PUB [/rosout_agg] /rosout http://itachi-HP-Pavilion-Laptop-15-cc1xx:43117/
[rosmaster.master][INFO] 2019-12-18 01:28:41,563: +SUB [/rosout] /rosout http://itachi-HP-Pavilion-Laptop-15-cc1xx:43117/
[rosmaster.master][INFO] 2019-12-18 01:28:41,581: +PUB [/rosout] /usb_cam http://itachi-HP-Pavilion-Laptop-15-cc1xx:40513/
[rosmaster.master][INFO] 2019-12-18 01:28:41,582: +SERVICE [/usb_cam/get_loggers] /usb_cam http://itachi-HP-Pavilion-Laptop-15-cc1xx:40513/
[rosmaster.master][INFO] 2019-12-18 01:28:41,583: +SERVICE [/usb_cam/set_logger_level] /usb_cam http://itachi-HP-Pavilion-Laptop-15-cc1xx:40513/
[rosmaster.master][INFO] 2019-12-18 01:28:41,594: +PUB [/rosout] /usb_cam_display/image_view http://itachi-HP-Pavilion-Laptop-15-cc1xx:45205/
[rosmaster.master][INFO] 2019-12-18 01:28:41,594: +SERVICE [/usb_cam_display/image_view/get_loggers] /usb_cam_display/image_view http://itachi-HP-Pavilion-Laptop-15-cc1xx:45205/
[rosmaster.master][INFO] 2019-12-18 01:28:41,595: +SERVICE [/usb_cam_display/image_view/set_logger_level] /usb_cam_display/image_view http://itachi-HP-Pavilion-Laptop-15-cc1xx:45205/
[rosmaster.master][INFO] 2019-12-18 01:28:41,623: +PUB [/usb_cam/image_raw/compressedDepth] /usb_cam http://itachi-HP-Pavilion-Laptop-15-cc1xx:40513/
[rosmaster.master][INFO] 2019-12-18 01:28:41,624: +SERVICE [/usb_cam/image_raw/compressedDepth/set_parameters] /usb_cam http://itachi-HP-Pavilion-Laptop-15-cc1xx:40513/
[rosmaster.master][INFO] 2019-12-18 01:28:41,625: +PUB [/usb_cam/image_raw/compressedDepth/parameter_descriptions] /usb_cam http://itachi-HP-Pavilion-Laptop-15-cc1xx:40513/
[rosmaster.master][INFO] 2019-12-18 01:28:41,625: +PUB [/usb_cam/image_raw/compressedDepth/parameter_updates] /usb_cam http://itachi-HP-Pavilion-Laptop-15-cc1xx:40513/
[rosmaster.master][INFO] 2019-12-18 01:28:41,628: +PARAM [/usb_cam/image_raw/compressedDepth/depth_max] by /usb_cam
[rosmaster.master][INFO] 2019-12-18 01:28:41,628: +PARAM [/usb_cam/image_raw/compressedDepth/depth_quantization] by /usb_cam
[rosmaster.master][INFO] 2019-12-18 01:28:41,629: +PARAM [/usb_cam/image_raw/compressedDepth/png_level] by /usb_cam
[rosmaster.master][INFO] 2019-12-18 01:28:41,630: +PARAM [/usb_cam/image_raw/compressedDepth/depth_max] by /usb_cam
[rosmaster.master][INFO] 2019-12-18 01:28:41,631: +PARAM [/usb_cam/image_raw/compressedDepth/depth_quantization] by /usb_cam
[rosmaster.master][INFO] 2019-12-18 01:28:41,632: +PARAM [/usb_cam/image_raw/compressedDepth/png_level] by /usb_cam
[rosmaster.master][INFO] 2019-12-18 01:28:41,633: +PUB [/usb_cam/image_raw/compressed] /usb_cam http://itachi-HP-Pavilion-Laptop-15-cc1xx:40513/
[rosmaster.master][INFO] 2019-12-18 01:28:41,633: +SERVICE [/usb_cam/image_raw/compressed/set_parameters] /usb_cam http://itachi-HP-Pavilion-Laptop-15-cc1xx:40513/
[rosmaster.master][INFO] 2019-12-18 01:28:41,634: +PUB [/usb_cam/image_raw/compressed/parameter_descriptions] /usb_cam http://itachi-HP-Pavilion-Laptop-15-cc1xx:40513/
[rosmaster.master][INFO] 2019-12-18 01:28:41,634: +PUB [/usb_cam/image_raw/compressed/parameter_updates] /usb_cam http://itachi-HP-Pavilion-Laptop-15-cc1xx:40513/
[rosmaster.master][INFO] 2019-12-18 01:28:41,636: +PARAM [/usb_cam/image_raw/compressed/format] by /usb_cam
[rosmaster.master][INFO] 2019-12-18 01:28:41,637: +PARAM [/usb_cam/image_raw/compressed/jpeg_quality] by /usb_cam
[rosmaster.master][INFO] 2019-12-18 01:28:41,638: +PARAM [/usb_cam/image_raw/compressed/png_level] by /usb_cam
[rosmaster.master][INFO] 2019-12-18 01:28:41,638: +PARAM [/usb_cam/image_raw/compressed/format] by /usb_cam
[rosmaster.master][INFO] 2019-12-18 01:28:41,639: +PARAM [/usb_cam/image_raw/compressed/jpeg_quality] by /usb_cam
[rosmaster.master][INFO] 2019-12-18 01:28:41,640: +PARAM [/usb_cam/image_raw/compressed/png_level] by /usb_cam
[rosmaster.master][INFO] 2019-12-18 01:28:41,641: +PUB [/usb_cam/image_raw] /usb_cam http://itachi-HP-Pavilion-Laptop-15-cc1xx:40513/
[rosmaster.master][INFO] 2019-12-18 01:28:41,642: publisherUpdate[/rosout] -> http://itachi-HP-Pavilion-Laptop-15-cc1xx:43117/ ['http://itachi-HP-Pavilion-Laptop-15-cc1xx:40513/']
[rosmaster.master][INFO] 2019-12-18 01:28:41,644: +PUB [/usb_cam/image_raw/theora] /usb_cam http://itachi-HP-Pavilion-Laptop-15-cc1xx:40513/
[rosmaster.master][INFO] 2019-12-18 01:28:41,645: publisherUpdate[/rosout] -> http://itachi-HP-Pavilion-Laptop-15-cc1xx:43117/ ['http://itachi-HP-Pavilion-Laptop-15-cc1xx:40513/']: sec=0.00, result=[1, '', 0]
[rosmaster.master][INFO] 2019-12-18 01:28:41,645: +SERVICE [/usb_cam/image_raw/theora/set_parameters] /usb_cam http://itachi-HP-Pavilion-Laptop-15-cc1xx:40513/
[rosmaster.master][INFO] 2019-12-18 01:28:41,645: publisherUpdate[/rosout] -> http://itachi-HP-Pavilion-Laptop-15-cc1xx:43117/ ['http://itachi-HP-Pavilion-Laptop-15-cc1xx:40513/', 'http://itachi-HP-Pavilion-Laptop-15-cc1xx:45205/']
[rosmaster.master][INFO] 2019-12-18 01:28:41,646: +PUB [/usb_cam/image_raw/theora/parameter_descriptions] /usb_cam http://itachi-HP-Pavilion-Laptop-15-cc1xx:40513/
[rosmaster.master][INFO] 2019-12-18 01:28:41,647: publisherUpdate[/rosout] -> http://itachi-HP-Pavilion-Laptop-15-cc1xx:43117/ ['http://itachi-HP-Pavilion-Laptop-15-cc1xx:40513/', 'http://itachi-HP-Pavilion-Laptop-15-cc1xx:45205/']: sec=0.00, result=[1, '', 0]
[rosmaster.master][INFO] 2019-12-18 01:28:41,647: +PUB [/usb_cam/image_raw/theora/parameter_updates] /usb_cam http://itachi-HP-Pavilion-Laptop-15-cc1xx:40513/
[rosmaster.master][INFO] 2019-12-18 01:28:41,651: +PARAM [/usb_cam/image_raw/theora/optimize_for] by /usb_cam
[rosmaster.master][INFO] 2019-12-18 01:28:41,652: +PARAM [/usb_cam/image_raw/theora/target_bitrate] by /usb_cam
[rosmaster.master][INFO] 2019-12-18 01:28:41,653: +PARAM [/usb_cam/image_raw/theora/quality] by /usb_cam
[rosmaster.master][INFO] 2019-12-18 01:28:41,654: +PARAM [/usb_cam/image_raw/theora/keyframe_frequency] by /usb_cam
[rosmaster.master][INFO] 2019-12-18 01:28:41,655: +PARAM [/usb_cam/image_raw/theora/optimize_for] by /usb_cam
[rosmaster.master][INFO] 2019-12-18 01:28:41,656: +PARAM [/usb_cam/image_raw/theora/target_bitrate] by /usb_cam
[rosmaster.master][INFO] 2019-12-18 01:28:41,656: +PARAM [/usb_cam/image_raw/theora/quality] by /usb_cam
[rosmaster.master][INFO] 2019-12-18 01:28:41,657: +PARAM [/usb_cam/image_raw/theora/keyframe_frequency] by /usb_cam
[rosmaster.master][INFO] 2019-12-18 01:28:41,658: +PUB [/usb_cam/camera_info] /usb_cam http://itachi-HP-Pavilion-Laptop-15-cc1xx:40513/
[rosmaster.master][INFO] 2019-12-18 01:28:41,670: +SERVICE [/usb_cam/set_camera_info] /usb_cam http://itachi-HP-Pavilion-Laptop-15-cc1xx:40513/
[rosmaster.master][INFO] 2019-12-18 01:28:41,671: +SERVICE [/usb_cam/start_capture] /usb_cam http://itachi-HP-Pavilion-Laptop-15-cc1xx:40513/
[rosmaster.master][INFO] 2019-12-18 01:28:41,672: +SERVICE [/usb_cam/stop_capture] /usb_cam http://itachi-HP-Pavilion-Laptop-15-cc1xx:40513/
[rosmaster.master][INFO] 2019-12-18 01:28:41,785: +SUB [/usb_cam/image_raw] /usb_cam_display/image_view http://itachi-HP-Pavilion-Laptop-15-cc1xx:45205/
[rosmaster.master][INFO] 2019-12-18 01:28:41,786: +PUB [/usb_cam_display/image_view/output] /usb_cam_display/image_view http://itachi-HP-Pavilion-Laptop-15-cc1xx:45205/
[rosmaster.master][INFO] 2019-12-18 01:28:41,787: +SERVICE [/usb_cam_display/image_view/set_parameters] /usb_cam_display/image_view http://itachi-HP-Pavilion-Laptop-15-cc1xx:45205/
[rosmaster.master][INFO] 2019-12-18 01:28:41,787: +PUB [/usb_cam_display/image_view/parameter_descriptions] /usb_cam_display/image_view http://itachi-HP-Pavilion-Laptop-15-cc1xx:45205/
[rosmaster.master][INFO] 2019-12-18 01:28:41,788: +PUB [/usb_cam_display/image_view/parameter_updates] /usb_cam_display/image_view http://itachi-HP-Pavilion-Laptop-15-cc1xx:45205/
[rosmaster.master][INFO] 2019-12-18 01:28:41,791: +PARAM [/usb_cam_display/image_view/do_dynamic_scaling] by /usb_cam_display/image_view
[rosmaster.master][INFO] 2019-12-18 01:28:41,792: +PARAM [/usb_cam_display/image_view/colormap] by /usb_cam_display/image_view
[rosmaster.master][INFO] 2019-12-18 01:28:41,794: +PARAM [/usb_cam_display/image_view/min_image_value] by /usb_cam_display/image_view
[rosmaster.master][INFO] 2019-12-18 01:28:41,795: +PARAM [/usb_cam_display/image_view/max_image_value] by /usb_cam_display/image_view
[rosmaster.master][INFO] 2019-12-18 01:28:41,796: +PARAM [/usb_cam_display/image_view/do_dynamic_scaling] by /usb_cam_display/image_view
[rosmaster.master][INFO] 2019-12-18 01:28:41,797: +PARAM [/usb_cam_display/image_view/colormap] by /usb_cam_display/image_view
[rosmaster.master][INFO] 2019-12-18 01:28:41,798: +PARAM [/usb_cam_display/image_view/min_image_value] by /usb_cam_display/image_view
[rosmaster.master][INFO] 2019-12-18 01:28:41,798: +PARAM [/usb_cam_display/image_view/max_image_value] by /usb_cam_display/image_view
[rosmaster.master][INFO] 2019-12-18 01:29:51,056: -PUB [/rosout] /usb_cam http://itachi-HP-Pavilion-Laptop-15-cc1xx:40513/
[rosmaster.master][INFO] 2019-12-18 01:29:51,057: -PUB [/usb_cam/image_raw/compressedDepth] /usb_cam http://itachi-HP-Pavilion-Laptop-15-cc1xx:40513/
[rosmaster.master][INFO] 2019-12-18 01:29:51,057: -PUB [/usb_cam/image_raw/compressedDepth/parameter_descriptions] /usb_cam http://itachi-HP-Pavilion-Laptop-15-cc1xx:40513/
[rosmaster.master][INFO] 2019-12-18 01:29:51,058: -PUB [/usb_cam/image_raw/compressedDepth/parameter_updates] /usb_cam http://itachi-HP-Pavilion-Laptop-15-cc1xx:40513/
[rosmaster.master][INFO] 2019-12-18 01:29:51,058: -PUB [/usb_cam/image_raw/compressed] /usb_cam http://itachi-HP-Pavilion-Laptop-15-cc1xx:40513/
[rosmaster.master][INFO] 2019-12-18 01:29:51,059: -PUB [/usb_cam/image_raw/compressed/parameter_descriptions] /usb_cam http://itachi-HP-Pavilion-Laptop-15-cc1xx:40513/
[rosmaster.master][INFO] 2019-12-18 01:29:51,060: -PUB [/usb_cam/image_raw/compressed/parameter_updates] /usb_cam http://itachi-HP-Pavilion-Laptop-15-cc1xx:40513/
[rosmaster.master][INFO] 2019-12-18 01:29:51,060: -PUB [/usb_cam/image_raw] /usb_cam http://itachi-HP-Pavilion-Laptop-15-cc1xx:40513/
[rosmaster.master][INFO] 2019-12-18 01:29:51,061: -PUB [/usb_cam/image_raw/theora] /usb_cam http://itachi-HP-Pavilion-Laptop-15-cc1xx:40513/
[rosmaster.master][INFO] 2019-12-18 01:29:51,062: -PUB [/usb_cam/image_raw/theora/parameter_descriptions] /usb_cam http://itachi-HP-Pavilion-Laptop-15-cc1xx:40513/
[rosmaster.master][INFO] 2019-12-18 01:29:51,062: -PUB [/usb_cam/image_raw/theora/parameter_updates] /usb_cam http://itachi-HP-Pavilion-Laptop-15-cc1xx:40513/
[rosmaster.master][INFO] 2019-12-18 01:29:51,063: -PUB [/usb_cam/camera_info] /usb_cam http://itachi-HP-Pavilion-Laptop-15-cc1xx:40513/
[rosmaster.master][INFO] 2019-12-18 01:29:51,064: -SERVICE [/usb_cam/get_loggers] /usb_cam rosrpc://itachi-HP-Pavilion-Laptop-15-cc1xx:59639
[rosmaster.master][INFO] 2019-12-18 01:29:51,064: -SERVICE [/usb_cam/set_logger_level] /usb_cam rosrpc://itachi-HP-Pavilion-Laptop-15-cc1xx:59639
[rosmaster.master][INFO] 2019-12-18 01:29:51,065: -SERVICE [/usb_cam/image_raw/compressedDepth/set_parameters] /usb_cam rosrpc://itachi-HP-Pavilion-Laptop-15-cc1xx:59639
[rosmaster.master][INFO] 2019-12-18 01:29:51,065: -SERVICE [/usb_cam/image_raw/compressed/set_parameters] /usb_cam rosrpc://itachi-HP-Pavilion-Laptop-15-cc1xx:59639
[rosmaster.master][INFO] 2019-12-18 01:29:51,066: -SERVICE [/usb_cam/image_raw/theora/set_parameters] /usb_cam rosrpc://itachi-HP-Pavilion-Laptop-15-cc1xx:59639
[rosmaster.master][INFO] 2019-12-18 01:29:51,067: -SERVICE [/usb_cam/set_camera_info] /usb_cam rosrpc://itachi-HP-Pavilion-Laptop-15-cc1xx:59639
[rosmaster.master][INFO] 2019-12-18 01:29:51,067: -SERVICE [/usb_cam/start_capture] /usb_cam rosrpc://itachi-HP-Pavilion-Laptop-15-cc1xx:59639
[rosmaster.master][INFO] 2019-12-18 01:29:51,067: publisherUpdate[/rosout] -> http://itachi-HP-Pavilion-Laptop-15-cc1xx:43117/ ['http://itachi-HP-Pavilion-Laptop-15-cc1xx:45205/']
[rosmaster.master][INFO] 2019-12-18 01:29:51,067: publisherUpdate[/usb_cam/image_raw] -> http://itachi-HP-Pavilion-Laptop-15-cc1xx:45205/ []
[rosmaster.master][INFO] 2019-12-18 01:29:51,068: publisherUpdate[/rosout] -> http://itachi-HP-Pavilion-Laptop-15-cc1xx:43117/ ['http://itachi-HP-Pavilion-Laptop-15-cc1xx:45205/']: sec=0.00, result=[1, '', 0]
[rosmaster.master][INFO] 2019-12-18 01:29:51,068: -SERVICE [/usb_cam/stop_capture] /usb_cam rosrpc://itachi-HP-Pavilion-Laptop-15-cc1xx:59639
[rosmaster.master][INFO] 2019-12-18 01:29:51,069: publisherUpdate[/usb_cam/image_raw] -> http://itachi-HP-Pavilion-Laptop-15-cc1xx:45205/ []: sec=0.00, result=[1, '', 0]
[rosmaster.master][INFO] 2019-12-18 01:29:51,169: -PUB [/rosout] /usb_cam_display/image_view http://itachi-HP-Pavilion-Laptop-15-cc1xx:45205/
[rosmaster.master][INFO] 2019-12-18 01:29:51,169: publisherUpdate[/rosout] -> http://itachi-HP-Pavilion-Laptop-15-cc1xx:43117/ []
[rosmaster.master][INFO] 2019-12-18 01:29:51,170: publisherUpdate[/rosout] -> http://itachi-HP-Pavilion-Laptop-15-cc1xx:43117/ []: sec=0.00, result=[1, '', 0]
[rosmaster.master][INFO] 2019-12-18 01:29:51,170: -PUB [/usb_cam_display/image_view/output] /usb_cam_display/image_view http://itachi-HP-Pavilion-Laptop-15-cc1xx:45205/
[rosmaster.master][INFO] 2019-12-18 01:29:51,171: -PUB [/usb_cam_display/image_view/parameter_descriptions] /usb_cam_display/image_view http://itachi-HP-Pavilion-Laptop-15-cc1xx:45205/
[rosmaster.master][INFO] 2019-12-18 01:29:51,171: -PUB [/usb_cam_display/image_view/parameter_updates] /usb_cam_display/image_view http://itachi-HP-Pavilion-Laptop-15-cc1xx:45205/
[rosmaster.master][INFO] 2019-12-18 01:29:51,172: -SUB [/usb_cam/image_raw] /usb_cam_display/image_view http://itachi-HP-Pavilion-Laptop-15-cc1xx:45205/
[rosmaster.master][INFO] 2019-12-18 01:29:51,172: -SERVICE [/usb_cam_display/image_view/get_loggers] /usb_cam_display/image_view rosrpc://itachi-HP-Pavilion-Laptop-15-cc1xx:58137
[rosmaster.master][INFO] 2019-12-18 01:29:51,172: -SERVICE [/usb_cam_display/image_view/set_logger_level] /usb_cam_display/image_view rosrpc://itachi-HP-Pavilion-Laptop-15-cc1xx:58137
[rosmaster.master][INFO] 2019-12-18 01:29:51,173: -SERVICE [/usb_cam_display/image_view/set_parameters] /usb_cam_display/image_view rosrpc://itachi-HP-Pavilion-Laptop-15-cc1xx:58137
[rosmaster.master][INFO] 2019-12-18 01:29:51,571: -PUB [/rosout_agg] /rosout http://itachi-HP-Pavilion-Laptop-15-cc1xx:43117/
[rosmaster.master][INFO] 2019-12-18 01:29:51,572: -SUB [/rosout] /rosout http://itachi-HP-Pavilion-Laptop-15-cc1xx:43117/
[rosmaster.master][INFO] 2019-12-18 01:29:51,572: -SERVICE [/rosout/get_loggers] /rosout rosrpc://itachi-HP-Pavilion-Laptop-15-cc1xx:42635
[rosmaster.master][INFO] 2019-12-18 01:29:51,573: -SERVICE [/rosout/set_logger_level] /rosout rosrpc://itachi-HP-Pavilion-Laptop-15-cc1xx:42635
[rosmaster.main][INFO] 2019-12-18 01:29:51,642: keyboard interrupt, will exit
[rosmaster.main][INFO] 2019-12-18 01:29:51,642: stopping master...
[rospy.core][INFO] 2019-12-18 01:29:51,643: signal_shutdown [atexit]
