[rosmaster.main][INFO] 2019-12-28 00:44:34,918: initialization complete, waiting for shutdown
[rosmaster.main][INFO] 2019-12-28 00:44:34,918: Starting ROS Master Node
[xmlrpc][INFO] 2019-12-28 00:44:34,919: XML-RPC server binding to 0.0.0.0:11311
[xmlrpc][INFO] 2019-12-28 00:44:34,919: Started XML-RPC server [http://itachi-HP-Pavilion-Laptop-15-cc1xx:11311/]
[rosmaster.master][INFO] 2019-12-28 00:44:34,919: Master initialized: port[11311], uri[http://itachi-HP-Pavilion-Laptop-15-cc1xx:11311/]
[xmlrpc][INFO] 2019-12-28 00:44:34,919: xml rpc node: starting XML-RPC server
[rosmaster.master][INFO] 2019-12-28 00:44:34,977: +PARAM [/run_id] by /roslaunch
[rosmaster.master][INFO] 2019-12-28 00:44:34,979: +PARAM [/roslaunch/uris/host_itachi_hp_pavilion_laptop_15_cc1xx__41471] by /roslaunch
[rosmaster.master][INFO] 2019-12-28 00:44:35,063: +PARAM [/rosversion] by /roslaunch
[rosmaster.master][INFO] 2019-12-28 00:44:35,064: +PARAM [/rosdistro] by /roslaunch
[rosmaster.master][INFO] 2019-12-28 00:44:35,068: +SERVICE [/rosout/get_loggers] /rosout http://itachi-HP-Pavilion-Laptop-15-cc1xx:38027/
[rosmaster.master][INFO] 2019-12-28 00:44:35,069: +SERVICE [/rosout/set_logger_level] /rosout http://itachi-HP-Pavilion-Laptop-15-cc1xx:38027/
[rosmaster.master][INFO] 2019-12-28 00:44:35,070: +PUB [/rosout_agg] /rosout http://itachi-HP-Pavilion-Laptop-15-cc1xx:38027/
[rosmaster.master][INFO] 2019-12-28 00:44:35,073: +SUB [/rosout] /rosout http://itachi-HP-Pavilion-Laptop-15-cc1xx:38027/
[rosmaster.master][INFO] 2019-12-28 00:44:37,844: +PARAM [/roslaunch/uris/host_itachi_hp_pavilion_laptop_15_cc1xx__39707] by /roslaunch
[rosmaster.master][INFO] 2019-12-28 00:44:37,846: +PARAM [/usb_cam/image_width] by /roslaunch
[rosmaster.master][INFO] 2019-12-28 00:44:37,846: +PARAM [/usb_cam/video_device] by /roslaunch
[rosmaster.master][INFO] 2019-12-28 00:44:37,847: +PARAM [/rosdistro] by /roslaunch
[rosmaster.master][INFO] 2019-12-28 00:44:37,847: +PARAM [/whycon/targets] by /roslaunch
[rosmaster.master][INFO] 2019-12-28 00:44:37,847: +PARAM [/usb_cam/pixel_format] by /roslaunch
[rosmaster.master][INFO] 2019-12-28 00:44:37,847: +PARAM [/usb_cam/io_method] by /roslaunch
[rosmaster.master][INFO] 2019-12-28 00:44:37,847: +PARAM [/usb_cam/camera_frame_id] by /roslaunch
[rosmaster.master][INFO] 2019-12-28 00:44:37,847: +PARAM [/rosversion] by /roslaunch
[rosmaster.master][INFO] 2019-12-28 00:44:37,847: +PARAM [/whycon/outer_diameter] by /roslaunch
[rosmaster.master][INFO] 2019-12-28 00:44:37,847: +PARAM [/usb_cam/image_height] by /roslaunch
[rosmaster.master][INFO] 2019-12-28 00:44:37,847: +PARAM [/whycon/name] by /roslaunch
[rosmaster.master][INFO] 2019-12-28 00:44:37,847: +PARAM [/whycon/inner_diameter] by /roslaunch
[rosmaster.master][INFO] 2019-12-28 00:44:37,928: +PUB [/rosout] /usb_cam http://itachi-HP-Pavilion-Laptop-15-cc1xx:40885/
[rosmaster.master][INFO] 2019-12-28 00:44:37,929: +SERVICE [/usb_cam/get_loggers] /usb_cam http://itachi-HP-Pavilion-Laptop-15-cc1xx:40885/
[rosmaster.master][INFO] 2019-12-28 00:44:37,930: +SERVICE [/usb_cam/set_logger_level] /usb_cam http://itachi-HP-Pavilion-Laptop-15-cc1xx:40885/
[rosmaster.master][INFO] 2019-12-28 00:44:37,938: +PUB [/rosout] /usb_cam/image_proc http://itachi-HP-Pavilion-Laptop-15-cc1xx:46317/
[rosmaster.master][INFO] 2019-12-28 00:44:37,939: +SERVICE [/usb_cam/image_proc/get_loggers] /usb_cam/image_proc http://itachi-HP-Pavilion-Laptop-15-cc1xx:46317/
[rosmaster.master][INFO] 2019-12-28 00:44:37,940: +SERVICE [/usb_cam/image_proc/set_logger_level] /usb_cam/image_proc http://itachi-HP-Pavilion-Laptop-15-cc1xx:46317/
[rosmaster.master][INFO] 2019-12-28 00:44:37,949: +PUB [/rosout] /whycon http://itachi-HP-Pavilion-Laptop-15-cc1xx:35471/
[rosmaster.master][INFO] 2019-12-28 00:44:37,950: +SERVICE [/whycon/get_loggers] /whycon http://itachi-HP-Pavilion-Laptop-15-cc1xx:35471/
[rosmaster.master][INFO] 2019-12-28 00:44:37,951: +SERVICE [/whycon/set_logger_level] /whycon http://itachi-HP-Pavilion-Laptop-15-cc1xx:35471/
[rosmaster.master][INFO] 2019-12-28 00:44:37,953: +PUB [/rosout] /whycon_display/image_view http://itachi-HP-Pavilion-Laptop-15-cc1xx:34083/
[rosmaster.master][INFO] 2019-12-28 00:44:37,953: +SERVICE [/whycon_display/image_view/get_loggers] /whycon_display/image_view http://itachi-HP-Pavilion-Laptop-15-cc1xx:34083/
[rosmaster.master][INFO] 2019-12-28 00:44:37,954: +SERVICE [/whycon_display/image_view/set_logger_level] /whycon_display/image_view http://itachi-HP-Pavilion-Laptop-15-cc1xx:34083/
[rosmaster.master][INFO] 2019-12-28 00:44:37,963: +SERVICE [/usb_cam/image_proc_debayer/set_parameters] /usb_cam/image_proc http://itachi-HP-Pavilion-Laptop-15-cc1xx:46317/
[rosmaster.master][INFO] 2019-12-28 00:44:37,964: +PUB [/usb_cam/image_proc_debayer/parameter_descriptions] /usb_cam/image_proc http://itachi-HP-Pavilion-Laptop-15-cc1xx:46317/
[rosmaster.master][INFO] 2019-12-28 00:44:37,966: +PUB [/usb_cam/image_proc_debayer/parameter_updates] /usb_cam/image_proc http://itachi-HP-Pavilion-Laptop-15-cc1xx:46317/
[rosmaster.master][INFO] 2019-12-28 00:44:37,967: +PARAM [/usb_cam/image_proc_debayer/debayer] by /usb_cam/image_proc
[rosmaster.master][INFO] 2019-12-28 00:44:37,968: +PARAM [/usb_cam/image_proc_debayer/debayer] by /usb_cam/image_proc
[rosmaster.master][INFO] 2019-12-28 00:44:37,970: +PUB [/usb_cam/image_mono/compressedDepth] /usb_cam/image_proc http://itachi-HP-Pavilion-Laptop-15-cc1xx:46317/
[rosmaster.master][INFO] 2019-12-28 00:44:37,970: +SERVICE [/usb_cam/image_mono/compressedDepth/set_parameters] /usb_cam/image_proc http://itachi-HP-Pavilion-Laptop-15-cc1xx:46317/
[rosmaster.master][INFO] 2019-12-28 00:44:37,971: +PUB [/usb_cam/image_mono/compressedDepth/parameter_descriptions] /usb_cam/image_proc http://itachi-HP-Pavilion-Laptop-15-cc1xx:46317/
[rosmaster.master][INFO] 2019-12-28 00:44:37,972: +PUB [/usb_cam/image_mono/compressedDepth/parameter_updates] /usb_cam/image_proc http://itachi-HP-Pavilion-Laptop-15-cc1xx:46317/
[rosmaster.master][INFO] 2019-12-28 00:44:37,974: +PARAM [/usb_cam/image_mono/compressedDepth/depth_max] by /usb_cam/image_proc
[rosmaster.master][INFO] 2019-12-28 00:44:37,975: +PARAM [/usb_cam/image_mono/compressedDepth/depth_quantization] by /usb_cam/image_proc
[rosmaster.master][INFO] 2019-12-28 00:44:37,977: +PUB [/usb_cam/image_raw/compressedDepth] /usb_cam http://itachi-HP-Pavilion-Laptop-15-cc1xx:40885/
[rosmaster.master][INFO] 2019-12-28 00:44:37,978: +PARAM [/usb_cam/image_mono/compressedDepth/png_level] by /usb_cam/image_proc
[rosmaster.master][INFO] 2019-12-28 00:44:37,979: +SERVICE [/usb_cam/image_raw/compressedDepth/set_parameters] /usb_cam http://itachi-HP-Pavilion-Laptop-15-cc1xx:40885/
[rosmaster.master][INFO] 2019-12-28 00:44:37,980: +PARAM [/usb_cam/image_mono/compressedDepth/depth_max] by /usb_cam/image_proc
[rosmaster.master][INFO] 2019-12-28 00:44:37,980: +PUB [/usb_cam/image_raw/compressedDepth/parameter_descriptions] /usb_cam http://itachi-HP-Pavilion-Laptop-15-cc1xx:40885/
[rosmaster.master][INFO] 2019-12-28 00:44:37,982: +PARAM [/usb_cam/image_mono/compressedDepth/depth_quantization] by /usb_cam/image_proc
[rosmaster.master][INFO] 2019-12-28 00:44:37,982: +PUB [/usb_cam/image_raw/compressedDepth/parameter_updates] /usb_cam http://itachi-HP-Pavilion-Laptop-15-cc1xx:40885/
[rosmaster.master][INFO] 2019-12-28 00:44:37,983: +PARAM [/usb_cam/image_mono/compressedDepth/png_level] by /usb_cam/image_proc
[rosmaster.master][INFO] 2019-12-28 00:44:37,985: +PUB [/usb_cam/image_mono/compressed] /usb_cam/image_proc http://itachi-HP-Pavilion-Laptop-15-cc1xx:46317/
[rosmaster.master][INFO] 2019-12-28 00:44:37,986: +SERVICE [/usb_cam/image_mono/compressed/set_parameters] /usb_cam/image_proc http://itachi-HP-Pavilion-Laptop-15-cc1xx:46317/
[rosmaster.master][INFO] 2019-12-28 00:44:37,987: +PARAM [/usb_cam/image_raw/compressedDepth/depth_max] by /usb_cam
[rosmaster.master][INFO] 2019-12-28 00:44:37,988: +PUB [/usb_cam/image_mono/compressed/parameter_descriptions] /usb_cam/image_proc http://itachi-HP-Pavilion-Laptop-15-cc1xx:46317/
[rosmaster.master][INFO] 2019-12-28 00:44:37,989: +PARAM [/usb_cam/image_raw/compressedDepth/depth_quantization] by /usb_cam
[rosmaster.master][INFO] 2019-12-28 00:44:37,990: +PUB [/usb_cam/image_mono/compressed/parameter_updates] /usb_cam/image_proc http://itachi-HP-Pavilion-Laptop-15-cc1xx:46317/
[rosmaster.master][INFO] 2019-12-28 00:44:37,990: +PARAM [/usb_cam/image_raw/compressedDepth/png_level] by /usb_cam
[rosmaster.master][INFO] 2019-12-28 00:44:37,992: +PARAM [/usb_cam/image_raw/compressedDepth/depth_max] by /usb_cam
[rosmaster.master][INFO] 2019-12-28 00:44:37,993: +PARAM [/usb_cam/image_raw/compressedDepth/depth_quantization] by /usb_cam
[rosmaster.master][INFO] 2019-12-28 00:44:37,995: +PARAM [/usb_cam/image_raw/compressedDepth/png_level] by /usb_cam
[rosmaster.master][INFO] 2019-12-28 00:44:37,996: +PARAM [/usb_cam/image_mono/compressed/format] by /usb_cam/image_proc
[rosmaster.master][INFO] 2019-12-28 00:44:37,997: +PUB [/usb_cam/image_raw/compressed] /usb_cam http://itachi-HP-Pavilion-Laptop-15-cc1xx:40885/
[rosmaster.master][INFO] 2019-12-28 00:44:37,998: +PARAM [/usb_cam/image_mono/compressed/jpeg_quality] by /usb_cam/image_proc
[rosmaster.master][INFO] 2019-12-28 00:44:37,999: +SERVICE [/usb_cam/image_raw/compressed/set_parameters] /usb_cam http://itachi-HP-Pavilion-Laptop-15-cc1xx:40885/
[rosmaster.master][INFO] 2019-12-28 00:44:38,000: +PARAM [/usb_cam/image_mono/compressed/png_level] by /usb_cam/image_proc
[rosmaster.master][INFO] 2019-12-28 00:44:38,001: +PUB [/usb_cam/image_raw/compressed/parameter_descriptions] /usb_cam http://itachi-HP-Pavilion-Laptop-15-cc1xx:40885/
[rosmaster.master][INFO] 2019-12-28 00:44:38,001: +PUB [/tf] /whycon http://itachi-HP-Pavilion-Laptop-15-cc1xx:35471/
[rosmaster.master][INFO] 2019-12-28 00:44:38,002: +PUB [/usb_cam/image_raw/compressed/parameter_updates] /usb_cam http://itachi-HP-Pavilion-Laptop-15-cc1xx:40885/
[rosmaster.master][INFO] 2019-12-28 00:44:38,003: +PARAM [/usb_cam/image_mono/compressed/format] by /usb_cam/image_proc
[rosmaster.master][INFO] 2019-12-28 00:44:38,004: +PARAM [/usb_cam/image_mono/compressed/jpeg_quality] by /usb_cam/image_proc
[rosmaster.master][INFO] 2019-12-28 00:44:38,006: +PARAM [/usb_cam/image_mono/compressed/png_level] by /usb_cam/image_proc
[rosmaster.master][INFO] 2019-12-28 00:44:38,007: +PARAM [/usb_cam/image_raw/compressed/format] by /usb_cam
[rosmaster.master][INFO] 2019-12-28 00:44:38,008: +PUB [/usb_cam/image_mono] /usb_cam/image_proc http://itachi-HP-Pavilion-Laptop-15-cc1xx:46317/
[rosmaster.master][INFO] 2019-12-28 00:44:38,009: +PARAM [/usb_cam/image_raw/compressed/jpeg_quality] by /usb_cam
[rosmaster.master][INFO] 2019-12-28 00:44:38,010: +PUB [/usb_cam/image_mono/theora] /usb_cam/image_proc http://itachi-HP-Pavilion-Laptop-15-cc1xx:46317/
[rosmaster.master][INFO] 2019-12-28 00:44:38,011: +PARAM [/usb_cam/image_raw/compressed/png_level] by /usb_cam
[rosmaster.master][INFO] 2019-12-28 00:44:38,012: +SERVICE [/usb_cam/image_mono/theora/set_parameters] /usb_cam/image_proc http://itachi-HP-Pavilion-Laptop-15-cc1xx:46317/
[rosmaster.master][INFO] 2019-12-28 00:44:38,013: +SUB [/usb_cam/image_rect_color] /whycon http://itachi-HP-Pavilion-Laptop-15-cc1xx:35471/
[rosmaster.master][INFO] 2019-12-28 00:44:38,014: +PARAM [/usb_cam/image_raw/compressed/format] by /usb_cam
[rosmaster.master][INFO] 2019-12-28 00:44:38,014: +PUB [/usb_cam/image_mono/theora/parameter_descriptions] /usb_cam/image_proc http://itachi-HP-Pavilion-Laptop-15-cc1xx:46317/
[rosmaster.master][INFO] 2019-12-28 00:44:38,016: +PARAM [/usb_cam/image_raw/compressed/jpeg_quality] by /usb_cam
[rosmaster.master][INFO] 2019-12-28 00:44:38,016: +PUB [/usb_cam/image_mono/theora/parameter_updates] /usb_cam/image_proc http://itachi-HP-Pavilion-Laptop-15-cc1xx:46317/
[rosmaster.master][INFO] 2019-12-28 00:44:38,017: +PARAM [/usb_cam/image_raw/compressed/png_level] by /usb_cam
[rosmaster.master][INFO] 2019-12-28 00:44:38,019: +PUB [/usb_cam/image_raw] /usb_cam http://itachi-HP-Pavilion-Laptop-15-cc1xx:40885/
[rosmaster.master][INFO] 2019-12-28 00:44:38,021: +SUB [/usb_cam/camera_info] /whycon http://itachi-HP-Pavilion-Laptop-15-cc1xx:35471/
[rosmaster.master][INFO] 2019-12-28 00:44:38,021: +PUB [/usb_cam/image_raw/theora] /usb_cam http://itachi-HP-Pavilion-Laptop-15-cc1xx:40885/
[rosmaster.master][INFO] 2019-12-28 00:44:38,022: +PUB [/whycon/image_out] /whycon http://itachi-HP-Pavilion-Laptop-15-cc1xx:35471/
[rosmaster.master][INFO] 2019-12-28 00:44:38,023: +SERVICE [/usb_cam/image_raw/theora/set_parameters] /usb_cam http://itachi-HP-Pavilion-Laptop-15-cc1xx:40885/
[rosmaster.master][INFO] 2019-12-28 00:44:38,024: +PARAM [/usb_cam/image_mono/theora/optimize_for] by /usb_cam/image_proc
[rosmaster.master][INFO] 2019-12-28 00:44:38,024: +PUB [/whycon/poses] /whycon http://itachi-HP-Pavilion-Laptop-15-cc1xx:35471/
[rosmaster.master][INFO] 2019-12-28 00:44:38,025: +PUB [/usb_cam/image_raw/theora/parameter_descriptions] /usb_cam http://itachi-HP-Pavilion-Laptop-15-cc1xx:40885/
[rosmaster.master][INFO] 2019-12-28 00:44:38,025: +PARAM [/usb_cam/image_mono/theora/target_bitrate] by /usb_cam/image_proc
[rosmaster.master][INFO] 2019-12-28 00:44:38,026: +PUB [/whycon/context] /whycon http://itachi-HP-Pavilion-Laptop-15-cc1xx:35471/
[rosmaster.master][INFO] 2019-12-28 00:44:38,026: publisherUpdate[/rosout] -> http://itachi-HP-Pavilion-Laptop-15-cc1xx:38027/ ['http://itachi-HP-Pavilion-Laptop-15-cc1xx:40885/']
[rosmaster.master][INFO] 2019-12-28 00:44:38,027: +PUB [/usb_cam/image_raw/theora/parameter_updates] /usb_cam http://itachi-HP-Pavilion-Laptop-15-cc1xx:40885/
[rosmaster.master][INFO] 2019-12-28 00:44:38,028: publisherUpdate[/rosout] -> http://itachi-HP-Pavilion-Laptop-15-cc1xx:38027/ ['http://itachi-HP-Pavilion-Laptop-15-cc1xx:40885/']: sec=0.00, result=[1, '', 0]
[rosmaster.master][INFO] 2019-12-28 00:44:38,028: publisherUpdate[/rosout] -> http://itachi-HP-Pavilion-Laptop-15-cc1xx:38027/ ['http://itachi-HP-Pavilion-Laptop-15-cc1xx:40885/', 'http://itachi-HP-Pavilion-Laptop-15-cc1xx:46317/']
[rosmaster.master][INFO] 2019-12-28 00:44:38,029: +PARAM [/usb_cam/image_mono/theora/quality] by /usb_cam/image_proc
[rosmaster.master][INFO] 2019-12-28 00:44:38,029: publisherUpdate[/rosout] -> http://itachi-HP-Pavilion-Laptop-15-cc1xx:38027/ ['http://itachi-HP-Pavilion-Laptop-15-cc1xx:40885/', 'http://itachi-HP-Pavilion-Laptop-15-cc1xx:46317/']: sec=0.00, result=[1, '', 0]
[rosmaster.master][INFO] 2019-12-28 00:44:38,030: +PUB [/whycon/projection] /whycon http://itachi-HP-Pavilion-Laptop-15-cc1xx:35471/
[rosmaster.master][INFO] 2019-12-28 00:44:38,030: publisherUpdate[/rosout] -> http://itachi-HP-Pavilion-Laptop-15-cc1xx:38027/ ['http://itachi-HP-Pavilion-Laptop-15-cc1xx:40885/', 'http://itachi-HP-Pavilion-Laptop-15-cc1xx:46317/', 'http://itachi-HP-Pavilion-Laptop-15-cc1xx:35471/']
[rosmaster.master][INFO] 2019-12-28 00:44:38,032: +PARAM [/usb_cam/image_mono/theora/keyframe_frequency] by /usb_cam/image_proc
[rosmaster.master][INFO] 2019-12-28 00:44:38,033: publisherUpdate[/rosout] -> http://itachi-HP-Pavilion-Laptop-15-cc1xx:38027/ ['http://itachi-HP-Pavilion-Laptop-15-cc1xx:40885/', 'http://itachi-HP-Pavilion-Laptop-15-cc1xx:46317/', 'http://itachi-HP-Pavilion-Laptop-15-cc1xx:35471/']: sec=0.00, result=[1, '', 0]
[rosmaster.master][INFO] 2019-12-28 00:44:38,033: +SERVICE [/whycon/reset] /whycon http://itachi-HP-Pavilion-Laptop-15-cc1xx:35471/
[rosmaster.master][INFO] 2019-12-28 00:44:38,034: publisherUpdate[/rosout] -> http://itachi-HP-Pavilion-Laptop-15-cc1xx:38027/ ['http://itachi-HP-Pavilion-Laptop-15-cc1xx:40885/', 'http://itachi-HP-Pavilion-Laptop-15-cc1xx:46317/', 'http://itachi-HP-Pavilion-Laptop-15-cc1xx:35471/', 'http://itachi-HP-Pavilion-Laptop-15-cc1xx:34083/']
[rosmaster.master][INFO] 2019-12-28 00:44:38,036: +PARAM [/usb_cam/image_mono/theora/optimize_for] by /usb_cam/image_proc
[rosmaster.master][INFO] 2019-12-28 00:44:38,036: publisherUpdate[/rosout] -> http://itachi-HP-Pavilion-Laptop-15-cc1xx:38027/ ['http://itachi-HP-Pavilion-Laptop-15-cc1xx:40885/', 'http://itachi-HP-Pavilion-Laptop-15-cc1xx:46317/', 'http://itachi-HP-Pavilion-Laptop-15-cc1xx:35471/', 'http://itachi-HP-Pavilion-Laptop-15-cc1xx:34083/']: sec=0.00, result=[1, '', 0]
[rosmaster.master][INFO] 2019-12-28 00:44:38,037: +PARAM [/usb_cam/image_mono/theora/target_bitrate] by /usb_cam/image_proc
[rosmaster.master][INFO] 2019-12-28 00:44:38,038: +PARAM [/usb_cam/image_raw/theora/optimize_for] by /usb_cam
[rosmaster.master][INFO] 2019-12-28 00:44:38,038: +PARAM [/usb_cam/image_mono/theora/quality] by /usb_cam/image_proc
[rosmaster.master][INFO] 2019-12-28 00:44:38,039: +PARAM [/usb_cam/image_raw/theora/target_bitrate] by /usb_cam
[rosmaster.master][INFO] 2019-12-28 00:44:38,040: +PARAM [/usb_cam/image_mono/theora/keyframe_frequency] by /usb_cam/image_proc
[rosmaster.master][INFO] 2019-12-28 00:44:38,040: +PARAM [/usb_cam/image_raw/theora/quality] by /usb_cam
[rosmaster.master][INFO] 2019-12-28 00:44:38,041: +PARAM [/usb_cam/image_raw/theora/keyframe_frequency] by /usb_cam
[rosmaster.master][INFO] 2019-12-28 00:44:38,041: +PUB [/usb_cam/image_color/compressedDepth] /usb_cam/image_proc http://itachi-HP-Pavilion-Laptop-15-cc1xx:46317/
[rosmaster.master][INFO] 2019-12-28 00:44:38,042: +PARAM [/usb_cam/image_raw/theora/optimize_for] by /usb_cam
[rosmaster.master][INFO] 2019-12-28 00:44:38,043: +SERVICE [/usb_cam/image_color/compressedDepth/set_parameters] /usb_cam/image_proc http://itachi-HP-Pavilion-Laptop-15-cc1xx:46317/
[rosmaster.master][INFO] 2019-12-28 00:44:38,044: +PARAM [/usb_cam/image_raw/theora/target_bitrate] by /usb_cam
[rosmaster.master][INFO] 2019-12-28 00:44:38,044: +PUB [/usb_cam/image_color/compressedDepth/parameter_descriptions] /usb_cam/image_proc http://itachi-HP-Pavilion-Laptop-15-cc1xx:46317/
[rosmaster.master][INFO] 2019-12-28 00:44:38,045: +PARAM [/usb_cam/image_raw/theora/quality] by /usb_cam
[rosmaster.master][INFO] 2019-12-28 00:44:38,046: +PUB [/usb_cam/image_color/compressedDepth/parameter_updates] /usb_cam/image_proc http://itachi-HP-Pavilion-Laptop-15-cc1xx:46317/
[rosmaster.master][INFO] 2019-12-28 00:44:38,046: +PARAM [/usb_cam/image_raw/theora/keyframe_frequency] by /usb_cam
[rosmaster.master][INFO] 2019-12-28 00:44:38,047: +PUB [/usb_cam/camera_info] /usb_cam http://itachi-HP-Pavilion-Laptop-15-cc1xx:40885/
[rosmaster.master][INFO] 2019-12-28 00:44:38,050: +PARAM [/usb_cam/image_color/compressedDepth/depth_max] by /usb_cam/image_proc
[rosmaster.master][INFO] 2019-12-28 00:44:38,051: +PARAM [/usb_cam/image_color/compressedDepth/depth_quantization] by /usb_cam/image_proc
[rosmaster.master][INFO] 2019-12-28 00:44:38,052: +PARAM [/usb_cam/image_color/compressedDepth/png_level] by /usb_cam/image_proc
[rosmaster.master][INFO] 2019-12-28 00:44:38,053: +PARAM [/usb_cam/image_color/compressedDepth/depth_max] by /usb_cam/image_proc
[rosmaster.master][INFO] 2019-12-28 00:44:38,054: +PARAM [/usb_cam/image_color/compressedDepth/depth_quantization] by /usb_cam/image_proc
[rosmaster.master][INFO] 2019-12-28 00:44:38,055: +PARAM [/usb_cam/image_color/compressedDepth/png_level] by /usb_cam/image_proc
[rosmaster.master][INFO] 2019-12-28 00:44:38,057: +PUB [/usb_cam/image_color/compressed] /usb_cam/image_proc http://itachi-HP-Pavilion-Laptop-15-cc1xx:46317/
[rosmaster.master][INFO] 2019-12-28 00:44:38,058: +SERVICE [/usb_cam/image_color/compressed/set_parameters] /usb_cam/image_proc http://itachi-HP-Pavilion-Laptop-15-cc1xx:46317/
[rosmaster.master][INFO] 2019-12-28 00:44:38,059: +PUB [/usb_cam/image_color/compressed/parameter_descriptions] /usb_cam/image_proc http://itachi-HP-Pavilion-Laptop-15-cc1xx:46317/
[rosmaster.master][INFO] 2019-12-28 00:44:38,060: +PUB [/usb_cam/image_color/compressed/parameter_updates] /usb_cam/image_proc http://itachi-HP-Pavilion-Laptop-15-cc1xx:46317/
[rosmaster.master][INFO] 2019-12-28 00:44:38,064: +PARAM [/usb_cam/image_color/compressed/format] by /usb_cam/image_proc
[rosmaster.master][INFO] 2019-12-28 00:44:38,065: +PARAM [/usb_cam/image_color/compressed/jpeg_quality] by /usb_cam/image_proc
[rosmaster.master][INFO] 2019-12-28 00:44:38,066: +PARAM [/usb_cam/image_color/compressed/png_level] by /usb_cam/image_proc
[rosmaster.master][INFO] 2019-12-28 00:44:38,067: +PARAM [/usb_cam/image_color/compressed/format] by /usb_cam/image_proc
[rosmaster.master][INFO] 2019-12-28 00:44:38,069: +PARAM [/usb_cam/image_color/compressed/jpeg_quality] by /usb_cam/image_proc
[rosmaster.master][INFO] 2019-12-28 00:44:38,071: +PARAM [/usb_cam/image_color/compressed/png_level] by /usb_cam/image_proc
[rosmaster.master][INFO] 2019-12-28 00:44:38,074: +SERVICE [/usb_cam/set_camera_info] /usb_cam http://itachi-HP-Pavilion-Laptop-15-cc1xx:40885/
[rosmaster.master][INFO] 2019-12-28 00:44:38,075: +PUB [/usb_cam/image_color] /usb_cam/image_proc http://itachi-HP-Pavilion-Laptop-15-cc1xx:46317/
[rosmaster.master][INFO] 2019-12-28 00:44:38,077: +SERVICE [/usb_cam/start_capture] /usb_cam http://itachi-HP-Pavilion-Laptop-15-cc1xx:40885/
[rosmaster.master][INFO] 2019-12-28 00:44:38,079: +PUB [/usb_cam/image_color/theora] /usb_cam/image_proc http://itachi-HP-Pavilion-Laptop-15-cc1xx:46317/
[rosmaster.master][INFO] 2019-12-28 00:44:38,080: +SERVICE [/usb_cam/stop_capture] /usb_cam http://itachi-HP-Pavilion-Laptop-15-cc1xx:40885/
[rosmaster.master][INFO] 2019-12-28 00:44:38,081: +SERVICE [/usb_cam/image_color/theora/set_parameters] /usb_cam/image_proc http://itachi-HP-Pavilion-Laptop-15-cc1xx:46317/
[rosmaster.master][INFO] 2019-12-28 00:44:38,081: +PUB [/usb_cam/image_color/theora/parameter_descriptions] /usb_cam/image_proc http://itachi-HP-Pavilion-Laptop-15-cc1xx:46317/
[rosmaster.master][INFO] 2019-12-28 00:44:38,084: +PUB [/usb_cam/image_color/theora/parameter_updates] /usb_cam/image_proc http://itachi-HP-Pavilion-Laptop-15-cc1xx:46317/
[rosmaster.master][INFO] 2019-12-28 00:44:38,088: +PARAM [/usb_cam/image_color/theora/optimize_for] by /usb_cam/image_proc
[rosmaster.master][INFO] 2019-12-28 00:44:38,089: +PARAM [/usb_cam/image_color/theora/target_bitrate] by /usb_cam/image_proc
[rosmaster.master][INFO] 2019-12-28 00:44:38,090: +PARAM [/usb_cam/image_color/theora/quality] by /usb_cam/image_proc
[rosmaster.master][INFO] 2019-12-28 00:44:38,090: +PARAM [/usb_cam/image_color/theora/keyframe_frequency] by /usb_cam/image_proc
[rosmaster.master][INFO] 2019-12-28 00:44:38,091: +PARAM [/usb_cam/image_color/theora/optimize_for] by /usb_cam/image_proc
[rosmaster.master][INFO] 2019-12-28 00:44:38,092: +PARAM [/usb_cam/image_color/theora/target_bitrate] by /usb_cam/image_proc
[rosmaster.master][INFO] 2019-12-28 00:44:38,092: +PARAM [/usb_cam/image_color/theora/quality] by /usb_cam/image_proc
[rosmaster.master][INFO] 2019-12-28 00:44:38,093: +PARAM [/usb_cam/image_color/theora/keyframe_frequency] by /usb_cam/image_proc
[rosmaster.master][INFO] 2019-12-28 00:44:38,096: +SERVICE [/usb_cam/image_proc_rectify_mono/set_parameters] /usb_cam/image_proc http://itachi-HP-Pavilion-Laptop-15-cc1xx:46317/
[rosmaster.master][INFO] 2019-12-28 00:44:38,097: +PUB [/usb_cam/image_proc_rectify_mono/parameter_descriptions] /usb_cam/image_proc http://itachi-HP-Pavilion-Laptop-15-cc1xx:46317/
[rosmaster.master][INFO] 2019-12-28 00:44:38,098: +PUB [/usb_cam/image_proc_rectify_mono/parameter_updates] /usb_cam/image_proc http://itachi-HP-Pavilion-Laptop-15-cc1xx:46317/
[rosmaster.master][INFO] 2019-12-28 00:44:38,100: +PARAM [/usb_cam/image_proc_rectify_mono/interpolation] by /usb_cam/image_proc
[rosmaster.master][INFO] 2019-12-28 00:44:38,101: +PARAM [/usb_cam/image_proc_rectify_mono/interpolation] by /usb_cam/image_proc
[rosmaster.master][INFO] 2019-12-28 00:44:38,106: +PUB [/usb_cam/image_rect/compressedDepth] /usb_cam/image_proc http://itachi-HP-Pavilion-Laptop-15-cc1xx:46317/
[rosmaster.master][INFO] 2019-12-28 00:44:38,107: +SERVICE [/usb_cam/image_rect/compressedDepth/set_parameters] /usb_cam/image_proc http://itachi-HP-Pavilion-Laptop-15-cc1xx:46317/
[rosmaster.master][INFO] 2019-12-28 00:44:38,108: +PUB [/usb_cam/image_rect/compressedDepth/parameter_descriptions] /usb_cam/image_proc http://itachi-HP-Pavilion-Laptop-15-cc1xx:46317/
[rosmaster.master][INFO] 2019-12-28 00:44:38,109: +PUB [/usb_cam/image_rect/compressedDepth/parameter_updates] /usb_cam/image_proc http://itachi-HP-Pavilion-Laptop-15-cc1xx:46317/
[rosmaster.master][INFO] 2019-12-28 00:44:38,112: +PARAM [/usb_cam/image_rect/compressedDepth/depth_max] by /usb_cam/image_proc
[rosmaster.master][INFO] 2019-12-28 00:44:38,113: +PARAM [/usb_cam/image_rect/compressedDepth/depth_quantization] by /usb_cam/image_proc
[rosmaster.master][INFO] 2019-12-28 00:44:38,113: +PARAM [/usb_cam/image_rect/compressedDepth/png_level] by /usb_cam/image_proc
[rosmaster.master][INFO] 2019-12-28 00:44:38,114: +PARAM [/usb_cam/image_rect/compressedDepth/depth_max] by /usb_cam/image_proc
[rosmaster.master][INFO] 2019-12-28 00:44:38,114: +PARAM [/usb_cam/image_rect/compressedDepth/depth_quantization] by /usb_cam/image_proc
[rosmaster.master][INFO] 2019-12-28 00:44:38,115: +PARAM [/usb_cam/image_rect/compressedDepth/png_level] by /usb_cam/image_proc
[rosmaster.master][INFO] 2019-12-28 00:44:38,116: +PUB [/usb_cam/image_rect/compressed] /usb_cam/image_proc http://itachi-HP-Pavilion-Laptop-15-cc1xx:46317/
[rosmaster.master][INFO] 2019-12-28 00:44:38,117: +SERVICE [/usb_cam/image_rect/compressed/set_parameters] /usb_cam/image_proc http://itachi-HP-Pavilion-Laptop-15-cc1xx:46317/
[rosmaster.master][INFO] 2019-12-28 00:44:38,117: +PUB [/usb_cam/image_rect/compressed/parameter_descriptions] /usb_cam/image_proc http://itachi-HP-Pavilion-Laptop-15-cc1xx:46317/
[rosmaster.master][INFO] 2019-12-28 00:44:38,118: +PUB [/usb_cam/image_rect/compressed/parameter_updates] /usb_cam/image_proc http://itachi-HP-Pavilion-Laptop-15-cc1xx:46317/
[rosmaster.master][INFO] 2019-12-28 00:44:38,123: +PARAM [/usb_cam/image_rect/compressed/format] by /usb_cam/image_proc
[rosmaster.master][INFO] 2019-12-28 00:44:38,124: +PARAM [/usb_cam/image_rect/compressed/jpeg_quality] by /usb_cam/image_proc
[rosmaster.master][INFO] 2019-12-28 00:44:38,125: +PARAM [/usb_cam/image_rect/compressed/png_level] by /usb_cam/image_proc
[rosmaster.master][INFO] 2019-12-28 00:44:38,126: +PARAM [/usb_cam/image_rect/compressed/format] by /usb_cam/image_proc
[rosmaster.master][INFO] 2019-12-28 00:44:38,126: publisherUpdate[/usb_cam/camera_info] -> http://itachi-HP-Pavilion-Laptop-15-cc1xx:35471/ ['http://itachi-HP-Pavilion-Laptop-15-cc1xx:40885/']
[rosmaster.master][INFO] 2019-12-28 00:44:38,128: +PARAM [/usb_cam/image_rect/compressed/jpeg_quality] by /usb_cam/image_proc
[rosmaster.master][INFO] 2019-12-28 00:44:38,128: publisherUpdate[/usb_cam/camera_info] -> http://itachi-HP-Pavilion-Laptop-15-cc1xx:35471/ ['http://itachi-HP-Pavilion-Laptop-15-cc1xx:40885/']: sec=0.00, result=[1, '', 0]
[rosmaster.master][INFO] 2019-12-28 00:44:38,129: +PARAM [/usb_cam/image_rect/compressed/png_level] by /usb_cam/image_proc
[rosmaster.master][INFO] 2019-12-28 00:44:38,130: +PUB [/usb_cam/image_rect] /usb_cam/image_proc http://itachi-HP-Pavilion-Laptop-15-cc1xx:46317/
[rosmaster.master][INFO] 2019-12-28 00:44:38,131: +SUB [/whycon/image_out] /whycon_display/image_view http://itachi-HP-Pavilion-Laptop-15-cc1xx:34083/
[rosmaster.master][INFO] 2019-12-28 00:44:38,132: +PUB [/usb_cam/image_rect/theora] /usb_cam/image_proc http://itachi-HP-Pavilion-Laptop-15-cc1xx:46317/
[rosmaster.master][INFO] 2019-12-28 00:44:38,132: +PUB [/whycon_display/image_view/output] /whycon_display/image_view http://itachi-HP-Pavilion-Laptop-15-cc1xx:34083/
[rosmaster.master][INFO] 2019-12-28 00:44:38,133: +SERVICE [/usb_cam/image_rect/theora/set_parameters] /usb_cam/image_proc http://itachi-HP-Pavilion-Laptop-15-cc1xx:46317/
[rosmaster.master][INFO] 2019-12-28 00:44:38,135: +SERVICE [/whycon_display/image_view/set_parameters] /whycon_display/image_view http://itachi-HP-Pavilion-Laptop-15-cc1xx:34083/
[rosmaster.master][INFO] 2019-12-28 00:44:38,136: +PUB [/usb_cam/image_rect/theora/parameter_descriptions] /usb_cam/image_proc http://itachi-HP-Pavilion-Laptop-15-cc1xx:46317/
[rosmaster.master][INFO] 2019-12-28 00:44:38,137: +PUB [/whycon_display/image_view/parameter_descriptions] /whycon_display/image_view http://itachi-HP-Pavilion-Laptop-15-cc1xx:34083/
[rosmaster.master][INFO] 2019-12-28 00:44:38,137: +PUB [/usb_cam/image_rect/theora/parameter_updates] /usb_cam/image_proc http://itachi-HP-Pavilion-Laptop-15-cc1xx:46317/
[rosmaster.master][INFO] 2019-12-28 00:44:38,138: +PUB [/whycon_display/image_view/parameter_updates] /whycon_display/image_view http://itachi-HP-Pavilion-Laptop-15-cc1xx:34083/
[rosmaster.master][INFO] 2019-12-28 00:44:38,142: +PARAM [/whycon_display/image_view/do_dynamic_scaling] by /whycon_display/image_view
[rosmaster.master][INFO] 2019-12-28 00:44:38,143: +PARAM [/usb_cam/image_rect/theora/optimize_for] by /usb_cam/image_proc
[rosmaster.master][INFO] 2019-12-28 00:44:38,144: +PARAM [/whycon_display/image_view/colormap] by /whycon_display/image_view
[rosmaster.master][INFO] 2019-12-28 00:44:38,144: +PARAM [/usb_cam/image_rect/theora/target_bitrate] by /usb_cam/image_proc
[rosmaster.master][INFO] 2019-12-28 00:44:38,145: +PARAM [/whycon_display/image_view/min_image_value] by /whycon_display/image_view
[rosmaster.master][INFO] 2019-12-28 00:44:38,145: +PARAM [/usb_cam/image_rect/theora/quality] by /usb_cam/image_proc
[rosmaster.master][INFO] 2019-12-28 00:44:38,146: +PARAM [/whycon_display/image_view/max_image_value] by /whycon_display/image_view
[rosmaster.master][INFO] 2019-12-28 00:44:38,146: +PARAM [/usb_cam/image_rect/theora/keyframe_frequency] by /usb_cam/image_proc
[rosmaster.master][INFO] 2019-12-28 00:44:38,147: +PARAM [/whycon_display/image_view/do_dynamic_scaling] by /whycon_display/image_view
[rosmaster.master][INFO] 2019-12-28 00:44:38,148: +PARAM [/usb_cam/image_rect/theora/optimize_for] by /usb_cam/image_proc
[rosmaster.master][INFO] 2019-12-28 00:44:38,148: +PARAM [/whycon_display/image_view/colormap] by /whycon_display/image_view
[rosmaster.master][INFO] 2019-12-28 00:44:38,149: +PARAM [/usb_cam/image_rect/theora/target_bitrate] by /usb_cam/image_proc
[rosmaster.master][INFO] 2019-12-28 00:44:38,149: +PARAM [/whycon_display/image_view/min_image_value] by /whycon_display/image_view
[rosmaster.master][INFO] 2019-12-28 00:44:38,151: +PARAM [/usb_cam/image_rect/theora/quality] by /usb_cam/image_proc
[rosmaster.master][INFO] 2019-12-28 00:44:38,152: +PARAM [/whycon_display/image_view/max_image_value] by /whycon_display/image_view
[rosmaster.master][INFO] 2019-12-28 00:44:38,152: +PARAM [/usb_cam/image_rect/theora/keyframe_frequency] by /usb_cam/image_proc
[rosmaster.master][INFO] 2019-12-28 00:44:38,154: +SERVICE [/usb_cam/image_proc_rectify_color/set_parameters] /usb_cam/image_proc http://itachi-HP-Pavilion-Laptop-15-cc1xx:46317/
[rosmaster.master][INFO] 2019-12-28 00:44:38,155: +PUB [/usb_cam/image_proc_rectify_color/parameter_descriptions] /usb_cam/image_proc http://itachi-HP-Pavilion-Laptop-15-cc1xx:46317/
[rosmaster.master][INFO] 2019-12-28 00:44:38,156: +PUB [/usb_cam/image_proc_rectify_color/parameter_updates] /usb_cam/image_proc http://itachi-HP-Pavilion-Laptop-15-cc1xx:46317/
[rosmaster.master][INFO] 2019-12-28 00:44:38,157: +PARAM [/usb_cam/image_proc_rectify_color/interpolation] by /usb_cam/image_proc
[rosmaster.master][INFO] 2019-12-28 00:44:38,157: +PARAM [/usb_cam/image_proc_rectify_color/interpolation] by /usb_cam/image_proc
[rosmaster.master][INFO] 2019-12-28 00:44:38,158: +PUB [/usb_cam/image_rect_color/compressedDepth] /usb_cam/image_proc http://itachi-HP-Pavilion-Laptop-15-cc1xx:46317/
[rosmaster.master][INFO] 2019-12-28 00:44:38,159: +SERVICE [/usb_cam/image_rect_color/compressedDepth/set_parameters] /usb_cam/image_proc http://itachi-HP-Pavilion-Laptop-15-cc1xx:46317/
[rosmaster.master][INFO] 2019-12-28 00:44:38,160: +PUB [/usb_cam/image_rect_color/compressedDepth/parameter_descriptions] /usb_cam/image_proc http://itachi-HP-Pavilion-Laptop-15-cc1xx:46317/
[rosmaster.master][INFO] 2019-12-28 00:44:38,160: +PUB [/usb_cam/image_rect_color/compressedDepth/parameter_updates] /usb_cam/image_proc http://itachi-HP-Pavilion-Laptop-15-cc1xx:46317/
[rosmaster.master][INFO] 2019-12-28 00:44:38,162: +PARAM [/usb_cam/image_rect_color/compressedDepth/depth_max] by /usb_cam/image_proc
[rosmaster.master][INFO] 2019-12-28 00:44:38,163: +PARAM [/usb_cam/image_rect_color/compressedDepth/depth_quantization] by /usb_cam/image_proc
[rosmaster.master][INFO] 2019-12-28 00:44:38,163: +PARAM [/usb_cam/image_rect_color/compressedDepth/png_level] by /usb_cam/image_proc
[rosmaster.master][INFO] 2019-12-28 00:44:38,164: +PARAM [/usb_cam/image_rect_color/compressedDepth/depth_max] by /usb_cam/image_proc
[rosmaster.master][INFO] 2019-12-28 00:44:38,164: +PARAM [/usb_cam/image_rect_color/compressedDepth/depth_quantization] by /usb_cam/image_proc
[rosmaster.master][INFO] 2019-12-28 00:44:38,165: +PARAM [/usb_cam/image_rect_color/compressedDepth/png_level] by /usb_cam/image_proc
[rosmaster.master][INFO] 2019-12-28 00:44:38,166: +PUB [/usb_cam/image_rect_color/compressed] /usb_cam/image_proc http://itachi-HP-Pavilion-Laptop-15-cc1xx:46317/
[rosmaster.master][INFO] 2019-12-28 00:44:38,167: +SERVICE [/usb_cam/image_rect_color/compressed/set_parameters] /usb_cam/image_proc http://itachi-HP-Pavilion-Laptop-15-cc1xx:46317/
[rosmaster.master][INFO] 2019-12-28 00:44:38,168: +PUB [/usb_cam/image_rect_color/compressed/parameter_descriptions] /usb_cam/image_proc http://itachi-HP-Pavilion-Laptop-15-cc1xx:46317/
[rosmaster.master][INFO] 2019-12-28 00:44:38,168: +PUB [/usb_cam/image_rect_color/compressed/parameter_updates] /usb_cam/image_proc http://itachi-HP-Pavilion-Laptop-15-cc1xx:46317/
[rosmaster.master][INFO] 2019-12-28 00:44:38,170: +PARAM [/usb_cam/image_rect_color/compressed/format] by /usb_cam/image_proc
[rosmaster.master][INFO] 2019-12-28 00:44:38,171: +PARAM [/usb_cam/image_rect_color/compressed/jpeg_quality] by /usb_cam/image_proc
[rosmaster.master][INFO] 2019-12-28 00:44:38,172: +PARAM [/usb_cam/image_rect_color/compressed/png_level] by /usb_cam/image_proc
[rosmaster.master][INFO] 2019-12-28 00:44:38,172: +PARAM [/usb_cam/image_rect_color/compressed/format] by /usb_cam/image_proc
[rosmaster.master][INFO] 2019-12-28 00:44:38,173: +PARAM [/usb_cam/image_rect_color/compressed/jpeg_quality] by /usb_cam/image_proc
[rosmaster.master][INFO] 2019-12-28 00:44:38,174: +PARAM [/usb_cam/image_rect_color/compressed/png_level] by /usb_cam/image_proc
[rosmaster.master][INFO] 2019-12-28 00:44:38,175: +PUB [/usb_cam/image_rect_color] /usb_cam/image_proc http://itachi-HP-Pavilion-Laptop-15-cc1xx:46317/
[rosmaster.master][INFO] 2019-12-28 00:44:38,175: +PUB [/usb_cam/image_rect_color/theora] /usb_cam/image_proc http://itachi-HP-Pavilion-Laptop-15-cc1xx:46317/
[rosmaster.master][INFO] 2019-12-28 00:44:38,176: +SERVICE [/usb_cam/image_rect_color/theora/set_parameters] /usb_cam/image_proc http://itachi-HP-Pavilion-Laptop-15-cc1xx:46317/
[rosmaster.master][INFO] 2019-12-28 00:44:38,177: +PUB [/usb_cam/image_rect_color/theora/parameter_descriptions] /usb_cam/image_proc http://itachi-HP-Pavilion-Laptop-15-cc1xx:46317/
[rosmaster.master][INFO] 2019-12-28 00:44:38,177: +PUB [/usb_cam/image_rect_color/theora/parameter_updates] /usb_cam/image_proc http://itachi-HP-Pavilion-Laptop-15-cc1xx:46317/
[rosmaster.master][INFO] 2019-12-28 00:44:38,180: +PARAM [/usb_cam/image_rect_color/theora/optimize_for] by /usb_cam/image_proc
[rosmaster.master][INFO] 2019-12-28 00:44:38,181: +PARAM [/usb_cam/image_rect_color/theora/target_bitrate] by /usb_cam/image_proc
[rosmaster.master][INFO] 2019-12-28 00:44:38,182: +PARAM [/usb_cam/image_rect_color/theora/quality] by /usb_cam/image_proc
[rosmaster.master][INFO] 2019-12-28 00:44:38,182: +PARAM [/usb_cam/image_rect_color/theora/keyframe_frequency] by /usb_cam/image_proc
[rosmaster.master][INFO] 2019-12-28 00:44:38,183: +PARAM [/usb_cam/image_rect_color/theora/optimize_for] by /usb_cam/image_proc
[rosmaster.master][INFO] 2019-12-28 00:44:38,184: +PARAM [/usb_cam/image_rect_color/theora/target_bitrate] by /usb_cam/image_proc
[rosmaster.master][INFO] 2019-12-28 00:44:38,184: +PARAM [/usb_cam/image_rect_color/theora/quality] by /usb_cam/image_proc
[rosmaster.master][INFO] 2019-12-28 00:44:38,185: +PARAM [/usb_cam/image_rect_color/theora/keyframe_frequency] by /usb_cam/image_proc
[rosmaster.master][INFO] 2019-12-28 00:44:38,227: publisherUpdate[/usb_cam/image_rect_color] -> http://itachi-HP-Pavilion-Laptop-15-cc1xx:35471/ ['http://itachi-HP-Pavilion-Laptop-15-cc1xx:46317/']
[rosmaster.master][INFO] 2019-12-28 00:44:38,229: publisherUpdate[/usb_cam/image_rect_color] -> http://itachi-HP-Pavilion-Laptop-15-cc1xx:35471/ ['http://itachi-HP-Pavilion-Laptop-15-cc1xx:46317/']: sec=0.00, result=[1, '', 0]
[rosmaster.master][INFO] 2019-12-28 00:44:38,346: +SUB [/usb_cam/image_color] /usb_cam/image_proc http://itachi-HP-Pavilion-Laptop-15-cc1xx:46317/
[rosmaster.master][INFO] 2019-12-28 00:44:38,350: +SUB [/usb_cam/camera_info] /usb_cam/image_proc http://itachi-HP-Pavilion-Laptop-15-cc1xx:46317/
[rosmaster.master][INFO] 2019-12-28 00:44:38,354: +SUB [/usb_cam/image_raw] /usb_cam/image_proc http://itachi-HP-Pavilion-Laptop-15-cc1xx:46317/
[rosmaster.master][INFO] 2019-12-28 00:44:40,336: +PUB [/rosout] /DroneNode http://itachi-HP-Pavilion-Laptop-15-cc1xx:43235/
[rosmaster.master][INFO] 2019-12-28 00:44:40,337: +SERVICE [/DroneNode/get_loggers] /DroneNode http://itachi-HP-Pavilion-Laptop-15-cc1xx:43235/
[rosmaster.master][INFO] 2019-12-28 00:44:40,338: +SERVICE [/DroneNode/set_logger_level] /DroneNode http://itachi-HP-Pavilion-Laptop-15-cc1xx:43235/
[rosmaster.master][INFO] 2019-12-28 00:44:40,341: publisherUpdate[/rosout] -> http://itachi-HP-Pavilion-Laptop-15-cc1xx:38027/ ['http://itachi-HP-Pavilion-Laptop-15-cc1xx:40885/', 'http://itachi-HP-Pavilion-Laptop-15-cc1xx:46317/', 'http://itachi-HP-Pavilion-Laptop-15-cc1xx:35471/', 'http://itachi-HP-Pavilion-Laptop-15-cc1xx:34083/', 'http://itachi-HP-Pavilion-Laptop-15-cc1xx:43235/']
[rosmaster.master][INFO] 2019-12-28 00:44:40,342: publisherUpdate[/rosout] -> http://itachi-HP-Pavilion-Laptop-15-cc1xx:38027/ ['http://itachi-HP-Pavilion-Laptop-15-cc1xx:40885/', 'http://itachi-HP-Pavilion-Laptop-15-cc1xx:46317/', 'http://itachi-HP-Pavilion-Laptop-15-cc1xx:35471/', 'http://itachi-HP-Pavilion-Laptop-15-cc1xx:34083/', 'http://itachi-HP-Pavilion-Laptop-15-cc1xx:43235/']: sec=0.00, result=[1, '', 0]
[rosmaster.master][INFO] 2019-12-28 00:44:40,347: +SUB [/drone_command] /DroneNode http://itachi-HP-Pavilion-Laptop-15-cc1xx:43235/
[rosmaster.master][INFO] 2019-12-28 00:44:43,196: +PUB [/rosout] /drone_control http://itachi-HP-Pavilion-Laptop-15-cc1xx:45663/
[rosmaster.master][INFO] 2019-12-28 00:44:43,200: +SERVICE [/drone_control/get_loggers] /drone_control http://itachi-HP-Pavilion-Laptop-15-cc1xx:45663/
[rosmaster.master][INFO] 2019-12-28 00:44:43,202: +SERVICE [/drone_control/set_logger_level] /drone_control http://itachi-HP-Pavilion-Laptop-15-cc1xx:45663/
[rosmaster.master][INFO] 2019-12-28 00:44:43,202: +PUB [/drone_command] /drone_control http://itachi-HP-Pavilion-Laptop-15-cc1xx:45663/
[rosmaster.master][INFO] 2019-12-28 00:44:43,203: +PUB [/alt_error] /drone_control http://itachi-HP-Pavilion-Laptop-15-cc1xx:45663/
[rosmaster.master][INFO] 2019-12-28 00:44:43,205: +PUB [/pitch_error] /drone_control http://itachi-HP-Pavilion-Laptop-15-cc1xx:45663/
[rosmaster.master][INFO] 2019-12-28 00:44:43,208: +PUB [/roll_error] /drone_control http://itachi-HP-Pavilion-Laptop-15-cc1xx:45663/
[rosmaster.master][INFO] 2019-12-28 00:44:43,210: +PUB [/error_sample] /drone_control http://itachi-HP-Pavilion-Laptop-15-cc1xx:45663/
[rosmaster.master][INFO] 2019-12-28 00:44:43,211: +PUB [/error_sample1] /drone_control http://itachi-HP-Pavilion-Laptop-15-cc1xx:45663/
[rosmaster.master][INFO] 2019-12-28 00:44:43,212: +PUB [/error_sample2] /drone_control http://itachi-HP-Pavilion-Laptop-15-cc1xx:45663/
[rosmaster.master][INFO] 2019-12-28 00:44:43,213: +PUB [/error_sample3] /drone_control http://itachi-HP-Pavilion-Laptop-15-cc1xx:45663/
[rosmaster.master][INFO] 2019-12-28 00:44:43,216: +SUB [/whycon/poses] /drone_control http://itachi-HP-Pavilion-Laptop-15-cc1xx:45663/
[rosmaster.master][INFO] 2019-12-28 00:44:43,218: +SUB [/pid_tuning_altitude] /drone_control http://itachi-HP-Pavilion-Laptop-15-cc1xx:45663/
[rosmaster.master][INFO] 2019-12-28 00:44:43,221: +SUB [/pid_tuning_pitch] /drone_control http://itachi-HP-Pavilion-Laptop-15-cc1xx:45663/
[rosmaster.master][INFO] 2019-12-28 00:44:43,227: +SUB [/pid_tuning_roll] /drone_control http://itachi-HP-Pavilion-Laptop-15-cc1xx:45663/
[rosmaster.master][INFO] 2019-12-28 00:44:43,238: publisherUpdate[/rosout] -> http://itachi-HP-Pavilion-Laptop-15-cc1xx:38027/ ['http://itachi-HP-Pavilion-Laptop-15-cc1xx:40885/', 'http://itachi-HP-Pavilion-Laptop-15-cc1xx:46317/', 'http://itachi-HP-Pavilion-Laptop-15-cc1xx:35471/', 'http://itachi-HP-Pavilion-Laptop-15-cc1xx:34083/', 'http://itachi-HP-Pavilion-Laptop-15-cc1xx:43235/', 'http://itachi-HP-Pavilion-Laptop-15-cc1xx:45663/']
[rosmaster.master][INFO] 2019-12-28 00:44:43,238: publisherUpdate[/drone_command] -> http://itachi-HP-Pavilion-Laptop-15-cc1xx:43235/ ['http://itachi-HP-Pavilion-Laptop-15-cc1xx:45663/']
[rosmaster.master][INFO] 2019-12-28 00:44:43,239: publisherUpdate[/rosout] -> http://itachi-HP-Pavilion-Laptop-15-cc1xx:38027/ ['http://itachi-HP-Pavilion-Laptop-15-cc1xx:40885/', 'http://itachi-HP-Pavilion-Laptop-15-cc1xx:46317/', 'http://itachi-HP-Pavilion-Laptop-15-cc1xx:35471/', 'http://itachi-HP-Pavilion-Laptop-15-cc1xx:34083/', 'http://itachi-HP-Pavilion-Laptop-15-cc1xx:43235/', 'http://itachi-HP-Pavilion-Laptop-15-cc1xx:45663/']: sec=0.00, result=[1, '', 0]
[rosmaster.master][INFO] 2019-12-28 00:44:43,240: publisherUpdate[/drone_command] -> http://itachi-HP-Pavilion-Laptop-15-cc1xx:43235/ ['http://itachi-HP-Pavilion-Laptop-15-cc1xx:45663/']: sec=0.00, result=[1, '', 0]
[rosmaster.master][INFO] 2019-12-28 00:45:43,332: -SUB [/pid_tuning_pitch] /drone_control http://itachi-HP-Pavilion-Laptop-15-cc1xx:45663/
[rosmaster.master][INFO] 2019-12-28 00:45:43,332: -SUB [/pid_tuning_roll] /drone_control http://itachi-HP-Pavilion-Laptop-15-cc1xx:45663/
[rosmaster.master][INFO] 2019-12-28 00:45:43,332: -SUB [/whycon/poses] /drone_control http://itachi-HP-Pavilion-Laptop-15-cc1xx:45663/
[rosmaster.master][INFO] 2019-12-28 00:45:43,332: -SUB [/pid_tuning_altitude] /drone_control http://itachi-HP-Pavilion-Laptop-15-cc1xx:45663/
[rosmaster.master][INFO] 2019-12-28 00:45:43,332: -PUB [/pitch_error] /drone_control http://itachi-HP-Pavilion-Laptop-15-cc1xx:45663/
[rosmaster.master][INFO] 2019-12-28 00:45:43,333: -PUB [/rosout] /drone_control http://itachi-HP-Pavilion-Laptop-15-cc1xx:45663/
[rosmaster.master][INFO] 2019-12-28 00:45:43,333: -PUB [/alt_error] /drone_control http://itachi-HP-Pavilion-Laptop-15-cc1xx:45663/
[rosmaster.master][INFO] 2019-12-28 00:45:43,333: -PUB [/drone_command] /drone_control http://itachi-HP-Pavilion-Laptop-15-cc1xx:45663/
[rosmaster.master][INFO] 2019-12-28 00:45:43,333: -PUB [/error_sample2] /drone_control http://itachi-HP-Pavilion-Laptop-15-cc1xx:45663/
[rosmaster.master][INFO] 2019-12-28 00:45:43,333: -PUB [/error_sample] /drone_control http://itachi-HP-Pavilion-Laptop-15-cc1xx:45663/
[rosmaster.master][INFO] 2019-12-28 00:45:43,333: -PUB [/error_sample1] /drone_control http://itachi-HP-Pavilion-Laptop-15-cc1xx:45663/
[rosmaster.master][INFO] 2019-12-28 00:45:43,333: -PUB [/roll_error] /drone_control http://itachi-HP-Pavilion-Laptop-15-cc1xx:45663/
[rosmaster.master][INFO] 2019-12-28 00:45:43,334: -PUB [/error_sample3] /drone_control http://itachi-HP-Pavilion-Laptop-15-cc1xx:45663/
[rosmaster.master][INFO] 2019-12-28 00:45:43,334: -SERVICE [/drone_control/get_loggers] /drone_control rosrpc://itachi-HP-Pavilion-Laptop-15-cc1xx:35679
[rosmaster.master][INFO] 2019-12-28 00:45:43,334: -SERVICE [/drone_control/set_logger_level] /drone_control rosrpc://itachi-HP-Pavilion-Laptop-15-cc1xx:35679
[rosmaster.master][INFO] 2019-12-28 00:45:43,370: publisherUpdate[/rosout] -> http://itachi-HP-Pavilion-Laptop-15-cc1xx:38027/ ['http://itachi-HP-Pavilion-Laptop-15-cc1xx:40885/', 'http://itachi-HP-Pavilion-Laptop-15-cc1xx:46317/', 'http://itachi-HP-Pavilion-Laptop-15-cc1xx:35471/', 'http://itachi-HP-Pavilion-Laptop-15-cc1xx:34083/', 'http://itachi-HP-Pavilion-Laptop-15-cc1xx:43235/']
[rosmaster.master][INFO] 2019-12-28 00:45:43,373: publisherUpdate[/rosout] -> http://itachi-HP-Pavilion-Laptop-15-cc1xx:38027/ ['http://itachi-HP-Pavilion-Laptop-15-cc1xx:40885/', 'http://itachi-HP-Pavilion-Laptop-15-cc1xx:46317/', 'http://itachi-HP-Pavilion-Laptop-15-cc1xx:35471/', 'http://itachi-HP-Pavilion-Laptop-15-cc1xx:34083/', 'http://itachi-HP-Pavilion-Laptop-15-cc1xx:43235/']: sec=0.00, result=[1, '', 0]
[rosmaster.master][INFO] 2019-12-28 00:45:43,374: publisherUpdate[/drone_command] -> http://itachi-HP-Pavilion-Laptop-15-cc1xx:43235/ []
[rosmaster.master][INFO] 2019-12-28 00:45:43,374: publisherUpdate[/drone_command] -> http://itachi-HP-Pavilion-Laptop-15-cc1xx:43235/ []: sec=0.00, result=[1, '', 0]
[rosmaster.master][INFO] 2019-12-28 00:45:44,677: -PUB [/rosout] /DroneNode http://itachi-HP-Pavilion-Laptop-15-cc1xx:43235/
[rosmaster.master][INFO] 2019-12-28 00:45:44,677: publisherUpdate[/rosout] -> http://itachi-HP-Pavilion-Laptop-15-cc1xx:38027/ ['http://itachi-HP-Pavilion-Laptop-15-cc1xx:40885/', 'http://itachi-HP-Pavilion-Laptop-15-cc1xx:46317/', 'http://itachi-HP-Pavilion-Laptop-15-cc1xx:35471/', 'http://itachi-HP-Pavilion-Laptop-15-cc1xx:34083/']
[rosmaster.master][INFO] 2019-12-28 00:45:44,678: publisherUpdate[/rosout] -> http://itachi-HP-Pavilion-Laptop-15-cc1xx:38027/ ['http://itachi-HP-Pavilion-Laptop-15-cc1xx:40885/', 'http://itachi-HP-Pavilion-Laptop-15-cc1xx:46317/', 'http://itachi-HP-Pavilion-Laptop-15-cc1xx:35471/', 'http://itachi-HP-Pavilion-Laptop-15-cc1xx:34083/']: sec=0.00, result=[1, '', 0]
[rosmaster.master][INFO] 2019-12-28 00:45:44,678: -SUB [/drone_command] /DroneNode http://itachi-HP-Pavilion-Laptop-15-cc1xx:43235/
[rosmaster.master][INFO] 2019-12-28 00:45:44,679: -SERVICE [/DroneNode/get_loggers] /DroneNode rosrpc://itachi-HP-Pavilion-Laptop-15-cc1xx:35053
[rosmaster.master][INFO] 2019-12-28 00:45:44,680: -SERVICE [/DroneNode/set_logger_level] /DroneNode rosrpc://itachi-HP-Pavilion-Laptop-15-cc1xx:35053
[rosmaster.master][INFO] 2019-12-28 00:45:50,466: +PUB [/rosout] /DroneNode http://itachi-HP-Pavilion-Laptop-15-cc1xx:37585/
[rosmaster.master][INFO] 2019-12-28 00:45:50,468: +SERVICE [/DroneNode/get_loggers] /DroneNode http://itachi-HP-Pavilion-Laptop-15-cc1xx:37585/
[rosmaster.master][INFO] 2019-12-28 00:45:50,469: +SERVICE [/DroneNode/set_logger_level] /DroneNode http://itachi-HP-Pavilion-Laptop-15-cc1xx:37585/
[rosmaster.master][INFO] 2019-12-28 00:45:50,477: +SUB [/drone_command] /DroneNode http://itachi-HP-Pavilion-Laptop-15-cc1xx:37585/
[rosmaster.master][INFO] 2019-12-28 00:45:50,490: publisherUpdate[/rosout] -> http://itachi-HP-Pavilion-Laptop-15-cc1xx:38027/ ['http://itachi-HP-Pavilion-Laptop-15-cc1xx:40885/', 'http://itachi-HP-Pavilion-Laptop-15-cc1xx:46317/', 'http://itachi-HP-Pavilion-Laptop-15-cc1xx:35471/', 'http://itachi-HP-Pavilion-Laptop-15-cc1xx:34083/', 'http://itachi-HP-Pavilion-Laptop-15-cc1xx:37585/']
[rosmaster.master][INFO] 2019-12-28 00:45:50,491: publisherUpdate[/rosout] -> http://itachi-HP-Pavilion-Laptop-15-cc1xx:38027/ ['http://itachi-HP-Pavilion-Laptop-15-cc1xx:40885/', 'http://itachi-HP-Pavilion-Laptop-15-cc1xx:46317/', 'http://itachi-HP-Pavilion-Laptop-15-cc1xx:35471/', 'http://itachi-HP-Pavilion-Laptop-15-cc1xx:34083/', 'http://itachi-HP-Pavilion-Laptop-15-cc1xx:37585/']: sec=0.00, result=[1, '', 0]
[rosmaster.master][INFO] 2019-12-28 00:46:45,688: +PUB [/rosout] /drone_control http://itachi-HP-Pavilion-Laptop-15-cc1xx:40989/
[rosmaster.master][INFO] 2019-12-28 00:46:45,692: +SERVICE [/drone_control/get_loggers] /drone_control http://itachi-HP-Pavilion-Laptop-15-cc1xx:40989/
[rosmaster.master][INFO] 2019-12-28 00:46:45,693: +SERVICE [/drone_control/set_logger_level] /drone_control http://itachi-HP-Pavilion-Laptop-15-cc1xx:40989/
[rosmaster.master][INFO] 2019-12-28 00:46:45,694: +PUB [/drone_command] /drone_control http://itachi-HP-Pavilion-Laptop-15-cc1xx:40989/
[rosmaster.master][INFO] 2019-12-28 00:46:45,695: +PUB [/alt_error] /drone_control http://itachi-HP-Pavilion-Laptop-15-cc1xx:40989/
[rosmaster.master][INFO] 2019-12-28 00:46:45,698: +PUB [/pitch_error] /drone_control http://itachi-HP-Pavilion-Laptop-15-cc1xx:40989/
[rosmaster.master][INFO] 2019-12-28 00:46:45,701: +PUB [/roll_error] /drone_control http://itachi-HP-Pavilion-Laptop-15-cc1xx:40989/
[rosmaster.master][INFO] 2019-12-28 00:46:45,706: +PUB [/error_sample] /drone_control http://itachi-HP-Pavilion-Laptop-15-cc1xx:40989/
[rosmaster.master][INFO] 2019-12-28 00:46:45,706: publisherUpdate[/rosout] -> http://itachi-HP-Pavilion-Laptop-15-cc1xx:38027/ ['http://itachi-HP-Pavilion-Laptop-15-cc1xx:40885/', 'http://itachi-HP-Pavilion-Laptop-15-cc1xx:46317/', 'http://itachi-HP-Pavilion-Laptop-15-cc1xx:35471/', 'http://itachi-HP-Pavilion-Laptop-15-cc1xx:34083/', 'http://itachi-HP-Pavilion-Laptop-15-cc1xx:37585/', 'http://itachi-HP-Pavilion-Laptop-15-cc1xx:40989/']
[rosmaster.master][INFO] 2019-12-28 00:46:45,708: publisherUpdate[/rosout] -> http://itachi-HP-Pavilion-Laptop-15-cc1xx:38027/ ['http://itachi-HP-Pavilion-Laptop-15-cc1xx:40885/', 'http://itachi-HP-Pavilion-Laptop-15-cc1xx:46317/', 'http://itachi-HP-Pavilion-Laptop-15-cc1xx:35471/', 'http://itachi-HP-Pavilion-Laptop-15-cc1xx:34083/', 'http://itachi-HP-Pavilion-Laptop-15-cc1xx:37585/', 'http://itachi-HP-Pavilion-Laptop-15-cc1xx:40989/']: sec=0.00, result=[1, '', 0]
[rosmaster.master][INFO] 2019-12-28 00:46:45,709: publisherUpdate[/drone_command] -> http://itachi-HP-Pavilion-Laptop-15-cc1xx:37585/ ['http://itachi-HP-Pavilion-Laptop-15-cc1xx:40989/']
[rosmaster.master][INFO] 2019-12-28 00:46:45,709: +PUB [/error_sample1] /drone_control http://itachi-HP-Pavilion-Laptop-15-cc1xx:40989/
[rosmaster.master][INFO] 2019-12-28 00:46:45,711: publisherUpdate[/drone_command] -> http://itachi-HP-Pavilion-Laptop-15-cc1xx:37585/ ['http://itachi-HP-Pavilion-Laptop-15-cc1xx:40989/']: sec=0.00, result=[1, '', 0]
[rosmaster.master][INFO] 2019-12-28 00:46:45,717: +PUB [/error_sample2] /drone_control http://itachi-HP-Pavilion-Laptop-15-cc1xx:40989/
[rosmaster.master][INFO] 2019-12-28 00:46:45,720: +PUB [/error_sample3] /drone_control http://itachi-HP-Pavilion-Laptop-15-cc1xx:40989/
[rosmaster.master][INFO] 2019-12-28 00:46:45,723: +SUB [/whycon/poses] /drone_control http://itachi-HP-Pavilion-Laptop-15-cc1xx:40989/
[rosmaster.master][INFO] 2019-12-28 00:46:45,726: +SUB [/pid_tuning_altitude] /drone_control http://itachi-HP-Pavilion-Laptop-15-cc1xx:40989/
[rosmaster.master][INFO] 2019-12-28 00:46:45,730: +SUB [/pid_tuning_pitch] /drone_control http://itachi-HP-Pavilion-Laptop-15-cc1xx:40989/
[rosmaster.master][INFO] 2019-12-28 00:46:45,735: +SUB [/pid_tuning_roll] /drone_control http://itachi-HP-Pavilion-Laptop-15-cc1xx:40989/
[rosmaster.master][INFO] 2019-12-28 00:47:01,444: -PUB [/rosout] /DroneNode http://itachi-HP-Pavilion-Laptop-15-cc1xx:37585/
[rosmaster.master][INFO] 2019-12-28 00:47:01,446: -SUB [/drone_command] /DroneNode http://itachi-HP-Pavilion-Laptop-15-cc1xx:37585/
[rosmaster.master][INFO] 2019-12-28 00:47:01,446: publisherUpdate[/rosout] -> http://itachi-HP-Pavilion-Laptop-15-cc1xx:38027/ ['http://itachi-HP-Pavilion-Laptop-15-cc1xx:40885/', 'http://itachi-HP-Pavilion-Laptop-15-cc1xx:46317/', 'http://itachi-HP-Pavilion-Laptop-15-cc1xx:35471/', 'http://itachi-HP-Pavilion-Laptop-15-cc1xx:34083/', 'http://itachi-HP-Pavilion-Laptop-15-cc1xx:40989/']
[rosmaster.master][INFO] 2019-12-28 00:47:01,447: publisherUpdate[/rosout] -> http://itachi-HP-Pavilion-Laptop-15-cc1xx:38027/ ['http://itachi-HP-Pavilion-Laptop-15-cc1xx:40885/', 'http://itachi-HP-Pavilion-Laptop-15-cc1xx:46317/', 'http://itachi-HP-Pavilion-Laptop-15-cc1xx:35471/', 'http://itachi-HP-Pavilion-Laptop-15-cc1xx:34083/', 'http://itachi-HP-Pavilion-Laptop-15-cc1xx:40989/']: sec=0.00, result=[1, '', 0]
[rosmaster.master][INFO] 2019-12-28 00:47:01,448: -SERVICE [/DroneNode/get_loggers] /DroneNode rosrpc://itachi-HP-Pavilion-Laptop-15-cc1xx:43189
[rosmaster.master][INFO] 2019-12-28 00:47:01,449: -SERVICE [/DroneNode/set_logger_level] /DroneNode rosrpc://itachi-HP-Pavilion-Laptop-15-cc1xx:43189
[rosmaster.master][INFO] 2019-12-28 00:47:04,095: -SUB [/pid_tuning_pitch] /drone_control http://itachi-HP-Pavilion-Laptop-15-cc1xx:40989/
[rosmaster.master][INFO] 2019-12-28 00:47:04,096: -SUB [/pid_tuning_roll] /drone_control http://itachi-HP-Pavilion-Laptop-15-cc1xx:40989/
[rosmaster.master][INFO] 2019-12-28 00:47:04,096: -SUB [/whycon/poses] /drone_control http://itachi-HP-Pavilion-Laptop-15-cc1xx:40989/
[rosmaster.master][INFO] 2019-12-28 00:47:04,096: -SUB [/pid_tuning_altitude] /drone_control http://itachi-HP-Pavilion-Laptop-15-cc1xx:40989/
[rosmaster.master][INFO] 2019-12-28 00:47:04,096: -PUB [/pitch_error] /drone_control http://itachi-HP-Pavilion-Laptop-15-cc1xx:40989/
[rosmaster.master][INFO] 2019-12-28 00:47:04,096: -PUB [/rosout] /drone_control http://itachi-HP-Pavilion-Laptop-15-cc1xx:40989/
[rosmaster.master][INFO] 2019-12-28 00:47:04,097: -PUB [/alt_error] /drone_control http://itachi-HP-Pavilion-Laptop-15-cc1xx:40989/
[rosmaster.master][INFO] 2019-12-28 00:47:04,097: -PUB [/drone_command] /drone_control http://itachi-HP-Pavilion-Laptop-15-cc1xx:40989/
[rosmaster.master][INFO] 2019-12-28 00:47:04,097: -PUB [/error_sample2] /drone_control http://itachi-HP-Pavilion-Laptop-15-cc1xx:40989/
[rosmaster.master][INFO] 2019-12-28 00:47:04,097: -PUB [/error_sample] /drone_control http://itachi-HP-Pavilion-Laptop-15-cc1xx:40989/
[rosmaster.master][INFO] 2019-12-28 00:47:04,097: -PUB [/error_sample1] /drone_control http://itachi-HP-Pavilion-Laptop-15-cc1xx:40989/
[rosmaster.master][INFO] 2019-12-28 00:47:04,097: -PUB [/roll_error] /drone_control http://itachi-HP-Pavilion-Laptop-15-cc1xx:40989/
[rosmaster.master][INFO] 2019-12-28 00:47:04,098: -PUB [/error_sample3] /drone_control http://itachi-HP-Pavilion-Laptop-15-cc1xx:40989/
[rosmaster.master][INFO] 2019-12-28 00:47:04,098: -SERVICE [/drone_control/get_loggers] /drone_control rosrpc://itachi-HP-Pavilion-Laptop-15-cc1xx:34471
[rosmaster.master][INFO] 2019-12-28 00:47:04,098: -SERVICE [/drone_control/set_logger_level] /drone_control rosrpc://itachi-HP-Pavilion-Laptop-15-cc1xx:34471
[rosmaster.master][INFO] 2019-12-28 00:47:04,152: publisherUpdate[/rosout] -> http://itachi-HP-Pavilion-Laptop-15-cc1xx:38027/ ['http://itachi-HP-Pavilion-Laptop-15-cc1xx:40885/', 'http://itachi-HP-Pavilion-Laptop-15-cc1xx:46317/', 'http://itachi-HP-Pavilion-Laptop-15-cc1xx:35471/', 'http://itachi-HP-Pavilion-Laptop-15-cc1xx:34083/']
[rosmaster.master][INFO] 2019-12-28 00:47:04,153: publisherUpdate[/rosout] -> http://itachi-HP-Pavilion-Laptop-15-cc1xx:38027/ ['http://itachi-HP-Pavilion-Laptop-15-cc1xx:40885/', 'http://itachi-HP-Pavilion-Laptop-15-cc1xx:46317/', 'http://itachi-HP-Pavilion-Laptop-15-cc1xx:35471/', 'http://itachi-HP-Pavilion-Laptop-15-cc1xx:34083/']: sec=0.00, result=[1, '', 0]
[rosmaster.master][INFO] 2019-12-28 00:47:09,786: +PUB [/rosout] /DroneNode http://itachi-HP-Pavilion-Laptop-15-cc1xx:44839/
[rosmaster.master][INFO] 2019-12-28 00:47:09,788: +SERVICE [/DroneNode/get_loggers] /DroneNode http://itachi-HP-Pavilion-Laptop-15-cc1xx:44839/
[rosmaster.master][INFO] 2019-12-28 00:47:09,789: +SERVICE [/DroneNode/set_logger_level] /DroneNode http://itachi-HP-Pavilion-Laptop-15-cc1xx:44839/
[rosmaster.master][INFO] 2019-12-28 00:47:09,796: +SUB [/drone_command] /DroneNode http://itachi-HP-Pavilion-Laptop-15-cc1xx:44839/
[rosmaster.master][INFO] 2019-12-28 00:47:09,803: publisherUpdate[/rosout] -> http://itachi-HP-Pavilion-Laptop-15-cc1xx:38027/ ['http://itachi-HP-Pavilion-Laptop-15-cc1xx:40885/', 'http://itachi-HP-Pavilion-Laptop-15-cc1xx:46317/', 'http://itachi-HP-Pavilion-Laptop-15-cc1xx:35471/', 'http://itachi-HP-Pavilion-Laptop-15-cc1xx:34083/', 'http://itachi-HP-Pavilion-Laptop-15-cc1xx:44839/']
[rosmaster.master][INFO] 2019-12-28 00:47:09,804: publisherUpdate[/rosout] -> http://itachi-HP-Pavilion-Laptop-15-cc1xx:38027/ ['http://itachi-HP-Pavilion-Laptop-15-cc1xx:40885/', 'http://itachi-HP-Pavilion-Laptop-15-cc1xx:46317/', 'http://itachi-HP-Pavilion-Laptop-15-cc1xx:35471/', 'http://itachi-HP-Pavilion-Laptop-15-cc1xx:34083/', 'http://itachi-HP-Pavilion-Laptop-15-cc1xx:44839/']: sec=0.00, result=[1, '', 0]
[rosmaster.master][INFO] 2019-12-28 00:48:14,247: +PUB [/rosout] /drone_control http://itachi-HP-Pavilion-Laptop-15-cc1xx:43151/
[rosmaster.master][INFO] 2019-12-28 00:48:14,254: +SERVICE [/drone_control/get_loggers] /drone_control http://itachi-HP-Pavilion-Laptop-15-cc1xx:43151/
[rosmaster.master][INFO] 2019-12-28 00:48:14,259: +SERVICE [/drone_control/set_logger_level] /drone_control http://itachi-HP-Pavilion-Laptop-15-cc1xx:43151/
[rosmaster.master][INFO] 2019-12-28 00:48:14,261: +PUB [/drone_command] /drone_control http://itachi-HP-Pavilion-Laptop-15-cc1xx:43151/
[rosmaster.master][INFO] 2019-12-28 00:48:14,263: +PUB [/alt_error] /drone_control http://itachi-HP-Pavilion-Laptop-15-cc1xx:43151/
[rosmaster.master][INFO] 2019-12-28 00:48:14,265: +PUB [/pitch_error] /drone_control http://itachi-HP-Pavilion-Laptop-15-cc1xx:43151/
[rosmaster.master][INFO] 2019-12-28 00:48:14,266: +PUB [/roll_error] /drone_control http://itachi-HP-Pavilion-Laptop-15-cc1xx:43151/
[rosmaster.master][INFO] 2019-12-28 00:48:14,269: +PUB [/error_sample] /drone_control http://itachi-HP-Pavilion-Laptop-15-cc1xx:43151/
[rosmaster.master][INFO] 2019-12-28 00:48:14,271: +PUB [/error_sample1] /drone_control http://itachi-HP-Pavilion-Laptop-15-cc1xx:43151/
[rosmaster.master][INFO] 2019-12-28 00:48:14,273: +PUB [/error_sample2] /drone_control http://itachi-HP-Pavilion-Laptop-15-cc1xx:43151/
[rosmaster.master][INFO] 2019-12-28 00:48:14,274: +PUB [/error_sample3] /drone_control http://itachi-HP-Pavilion-Laptop-15-cc1xx:43151/
[rosmaster.master][INFO] 2019-12-28 00:48:14,280: +SUB [/whycon/poses] /drone_control http://itachi-HP-Pavilion-Laptop-15-cc1xx:43151/
[rosmaster.master][INFO] 2019-12-28 00:48:14,286: +SUB [/pid_tuning_altitude] /drone_control http://itachi-HP-Pavilion-Laptop-15-cc1xx:43151/
[rosmaster.master][INFO] 2019-12-28 00:48:14,292: +SUB [/pid_tuning_pitch] /drone_control http://itachi-HP-Pavilion-Laptop-15-cc1xx:43151/
[rosmaster.master][INFO] 2019-12-28 00:48:14,295: +SUB [/pid_tuning_roll] /drone_control http://itachi-HP-Pavilion-Laptop-15-cc1xx:43151/
[rosmaster.master][INFO] 2019-12-28 00:48:14,310: publisherUpdate[/rosout] -> http://itachi-HP-Pavilion-Laptop-15-cc1xx:38027/ ['http://itachi-HP-Pavilion-Laptop-15-cc1xx:40885/', 'http://itachi-HP-Pavilion-Laptop-15-cc1xx:46317/', 'http://itachi-HP-Pavilion-Laptop-15-cc1xx:35471/', 'http://itachi-HP-Pavilion-Laptop-15-cc1xx:34083/', 'http://itachi-HP-Pavilion-Laptop-15-cc1xx:44839/', 'http://itachi-HP-Pavilion-Laptop-15-cc1xx:43151/']
[rosmaster.master][INFO] 2019-12-28 00:48:14,312: publisherUpdate[/rosout] -> http://itachi-HP-Pavilion-Laptop-15-cc1xx:38027/ ['http://itachi-HP-Pavilion-Laptop-15-cc1xx:40885/', 'http://itachi-HP-Pavilion-Laptop-15-cc1xx:46317/', 'http://itachi-HP-Pavilion-Laptop-15-cc1xx:35471/', 'http://itachi-HP-Pavilion-Laptop-15-cc1xx:34083/', 'http://itachi-HP-Pavilion-Laptop-15-cc1xx:44839/', 'http://itachi-HP-Pavilion-Laptop-15-cc1xx:43151/']: sec=0.00, result=[1, '', 0]
[rosmaster.master][INFO] 2019-12-28 00:48:14,313: publisherUpdate[/drone_command] -> http://itachi-HP-Pavilion-Laptop-15-cc1xx:44839/ ['http://itachi-HP-Pavilion-Laptop-15-cc1xx:43151/']
[rosmaster.master][INFO] 2019-12-28 00:48:14,315: publisherUpdate[/drone_command] -> http://itachi-HP-Pavilion-Laptop-15-cc1xx:44839/ ['http://itachi-HP-Pavilion-Laptop-15-cc1xx:43151/']: sec=0.00, result=[1, '', 0]
[rosmaster.master][INFO] 2019-12-28 00:48:49,550: -SUB [/pid_tuning_pitch] /drone_control http://itachi-HP-Pavilion-Laptop-15-cc1xx:43151/
[rosmaster.master][INFO] 2019-12-28 00:48:49,550: -SUB [/pid_tuning_roll] /drone_control http://itachi-HP-Pavilion-Laptop-15-cc1xx:43151/
[rosmaster.master][INFO] 2019-12-28 00:48:49,550: -SUB [/whycon/poses] /drone_control http://itachi-HP-Pavilion-Laptop-15-cc1xx:43151/
[rosmaster.master][INFO] 2019-12-28 00:48:49,550: -SUB [/pid_tuning_altitude] /drone_control http://itachi-HP-Pavilion-Laptop-15-cc1xx:43151/
[rosmaster.master][INFO] 2019-12-28 00:48:49,550: -PUB [/pitch_error] /drone_control http://itachi-HP-Pavilion-Laptop-15-cc1xx:43151/
[rosmaster.master][INFO] 2019-12-28 00:48:49,550: -PUB [/rosout] /drone_control http://itachi-HP-Pavilion-Laptop-15-cc1xx:43151/
[rosmaster.master][INFO] 2019-12-28 00:48:49,550: -PUB [/alt_error] /drone_control http://itachi-HP-Pavilion-Laptop-15-cc1xx:43151/
[rosmaster.master][INFO] 2019-12-28 00:48:49,550: -PUB [/drone_command] /drone_control http://itachi-HP-Pavilion-Laptop-15-cc1xx:43151/
[rosmaster.master][INFO] 2019-12-28 00:48:49,550: -PUB [/error_sample2] /drone_control http://itachi-HP-Pavilion-Laptop-15-cc1xx:43151/
[rosmaster.master][INFO] 2019-12-28 00:48:49,551: -PUB [/error_sample] /drone_control http://itachi-HP-Pavilion-Laptop-15-cc1xx:43151/
[rosmaster.master][INFO] 2019-12-28 00:48:49,551: -PUB [/error_sample1] /drone_control http://itachi-HP-Pavilion-Laptop-15-cc1xx:43151/
[rosmaster.master][INFO] 2019-12-28 00:48:49,551: -PUB [/roll_error] /drone_control http://itachi-HP-Pavilion-Laptop-15-cc1xx:43151/
[rosmaster.master][INFO] 2019-12-28 00:48:49,551: -PUB [/error_sample3] /drone_control http://itachi-HP-Pavilion-Laptop-15-cc1xx:43151/
[rosmaster.master][INFO] 2019-12-28 00:48:49,551: -SERVICE [/drone_control/get_loggers] /drone_control rosrpc://itachi-HP-Pavilion-Laptop-15-cc1xx:40399
[rosmaster.master][INFO] 2019-12-28 00:48:49,551: -SERVICE [/drone_control/set_logger_level] /drone_control rosrpc://itachi-HP-Pavilion-Laptop-15-cc1xx:40399
[rosmaster.master][INFO] 2019-12-28 00:48:49,589: publisherUpdate[/rosout] -> http://itachi-HP-Pavilion-Laptop-15-cc1xx:38027/ ['http://itachi-HP-Pavilion-Laptop-15-cc1xx:40885/', 'http://itachi-HP-Pavilion-Laptop-15-cc1xx:46317/', 'http://itachi-HP-Pavilion-Laptop-15-cc1xx:35471/', 'http://itachi-HP-Pavilion-Laptop-15-cc1xx:34083/', 'http://itachi-HP-Pavilion-Laptop-15-cc1xx:44839/']
[rosmaster.master][INFO] 2019-12-28 00:48:49,592: publisherUpdate[/rosout] -> http://itachi-HP-Pavilion-Laptop-15-cc1xx:38027/ ['http://itachi-HP-Pavilion-Laptop-15-cc1xx:40885/', 'http://itachi-HP-Pavilion-Laptop-15-cc1xx:46317/', 'http://itachi-HP-Pavilion-Laptop-15-cc1xx:35471/', 'http://itachi-HP-Pavilion-Laptop-15-cc1xx:34083/', 'http://itachi-HP-Pavilion-Laptop-15-cc1xx:44839/']: sec=0.00, result=[1, '', 0]
[rosmaster.master][INFO] 2019-12-28 00:48:49,592: publisherUpdate[/drone_command] -> http://itachi-HP-Pavilion-Laptop-15-cc1xx:44839/ []
[rosmaster.master][INFO] 2019-12-28 00:48:49,593: publisherUpdate[/drone_command] -> http://itachi-HP-Pavilion-Laptop-15-cc1xx:44839/ []: sec=0.00, result=[1, '', 0]
[rosmaster.master][INFO] 2019-12-28 00:48:51,097: -PUB [/rosout] /DroneNode http://itachi-HP-Pavilion-Laptop-15-cc1xx:44839/
[rosmaster.master][INFO] 2019-12-28 00:48:51,097: publisherUpdate[/rosout] -> http://itachi-HP-Pavilion-Laptop-15-cc1xx:38027/ ['http://itachi-HP-Pavilion-Laptop-15-cc1xx:40885/', 'http://itachi-HP-Pavilion-Laptop-15-cc1xx:46317/', 'http://itachi-HP-Pavilion-Laptop-15-cc1xx:35471/', 'http://itachi-HP-Pavilion-Laptop-15-cc1xx:34083/']
[rosmaster.master][INFO] 2019-12-28 00:48:51,100: -SUB [/drone_command] /DroneNode http://itachi-HP-Pavilion-Laptop-15-cc1xx:44839/
[rosmaster.master][INFO] 2019-12-28 00:48:51,101: publisherUpdate[/rosout] -> http://itachi-HP-Pavilion-Laptop-15-cc1xx:38027/ ['http://itachi-HP-Pavilion-Laptop-15-cc1xx:40885/', 'http://itachi-HP-Pavilion-Laptop-15-cc1xx:46317/', 'http://itachi-HP-Pavilion-Laptop-15-cc1xx:35471/', 'http://itachi-HP-Pavilion-Laptop-15-cc1xx:34083/']: sec=0.00, result=[1, '', 0]
[rosmaster.master][INFO] 2019-12-28 00:48:51,102: -SERVICE [/DroneNode/get_loggers] /DroneNode rosrpc://itachi-HP-Pavilion-Laptop-15-cc1xx:45021
[rosmaster.master][INFO] 2019-12-28 00:48:51,103: -SERVICE [/DroneNode/set_logger_level] /DroneNode rosrpc://itachi-HP-Pavilion-Laptop-15-cc1xx:45021
[rosmaster.master][INFO] 2019-12-28 00:48:52,132: +PUB [/rosout] /DroneNode http://itachi-HP-Pavilion-Laptop-15-cc1xx:42079/
[rosmaster.master][INFO] 2019-12-28 00:48:52,133: +SERVICE [/DroneNode/get_loggers] /DroneNode http://itachi-HP-Pavilion-Laptop-15-cc1xx:42079/
[rosmaster.master][INFO] 2019-12-28 00:48:52,134: +SERVICE [/DroneNode/set_logger_level] /DroneNode http://itachi-HP-Pavilion-Laptop-15-cc1xx:42079/
[rosmaster.master][INFO] 2019-12-28 00:48:52,137: +SUB [/drone_command] /DroneNode http://itachi-HP-Pavilion-Laptop-15-cc1xx:42079/
[rosmaster.master][INFO] 2019-12-28 00:48:52,200: publisherUpdate[/rosout] -> http://itachi-HP-Pavilion-Laptop-15-cc1xx:38027/ ['http://itachi-HP-Pavilion-Laptop-15-cc1xx:40885/', 'http://itachi-HP-Pavilion-Laptop-15-cc1xx:46317/', 'http://itachi-HP-Pavilion-Laptop-15-cc1xx:35471/', 'http://itachi-HP-Pavilion-Laptop-15-cc1xx:34083/', 'http://itachi-HP-Pavilion-Laptop-15-cc1xx:42079/']
[rosmaster.master][INFO] 2019-12-28 00:48:52,201: publisherUpdate[/rosout] -> http://itachi-HP-Pavilion-Laptop-15-cc1xx:38027/ ['http://itachi-HP-Pavilion-Laptop-15-cc1xx:40885/', 'http://itachi-HP-Pavilion-Laptop-15-cc1xx:46317/', 'http://itachi-HP-Pavilion-Laptop-15-cc1xx:35471/', 'http://itachi-HP-Pavilion-Laptop-15-cc1xx:34083/', 'http://itachi-HP-Pavilion-Laptop-15-cc1xx:42079/']: sec=0.00, result=[1, '', 0]
[rosmaster.master][INFO] 2019-12-28 00:49:09,330: -PUB [/rosout_agg] /rosout http://itachi-HP-Pavilion-Laptop-15-cc1xx:38027/
[rosmaster.master][INFO] 2019-12-28 00:49:09,331: -SUB [/rosout] /rosout http://itachi-HP-Pavilion-Laptop-15-cc1xx:38027/
[rosmaster.master][INFO] 2019-12-28 00:49:09,332: -SERVICE [/rosout/get_loggers] /rosout rosrpc://itachi-HP-Pavilion-Laptop-15-cc1xx:38269
[rosmaster.master][INFO] 2019-12-28 00:49:09,333: -SERVICE [/rosout/set_logger_level] /rosout rosrpc://itachi-HP-Pavilion-Laptop-15-cc1xx:38269
[rosmaster.main][INFO] 2019-12-28 00:49:09,428: keyboard interrupt, will exit
[rosmaster.main][INFO] 2019-12-28 00:49:09,429: stopping master...
[rospy.core][INFO] 2019-12-28 00:49:09,429: signal_shutdown [atexit]
