[rospy.client][INFO] 2019-12-25 20:19:14,996: init_node, name[/edrone/spawn_edrone], pid[3283]
[xmlrpc][INFO] 2019-12-25 20:19:14,996: XML-RPC server binding to 0.0.0.0:0
[xmlrpc][INFO] 2019-12-25 20:19:14,997: Started XML-RPC server [http://itachi-HP-Pavilion-Laptop-15-cc1xx:44137/]
[rospy.init][INFO] 2019-12-25 20:19:14,997: ROS Slave URI: [http://itachi-HP-Pavilion-Laptop-15-cc1xx:44137/]
[rospy.impl.masterslave][INFO] 2019-12-25 20:19:14,997: _ready: http://itachi-HP-Pavilion-Laptop-15-cc1xx:44137/
[rospy.registration][INFO] 2019-12-25 20:19:14,998: Registering with master node http://localhost:11311
[xmlrpc][INFO] 2019-12-25 20:19:14,998: xml rpc node: starting XML-RPC server
[rospy.init][INFO] 2019-12-25 20:19:15,097: registered with master
[rospy.rosout][INFO] 2019-12-25 20:19:15,098: initializing /rosout core topic
[rospy.rosout][INFO] 2019-12-25 20:19:15,101: connected to core topic /rosout
[rospy.simtime][INFO] 2019-12-25 20:19:15,104: initializing /clock core topic
[rospy.simtime][INFO] 2019-12-25 20:19:15,110: connected to core topic /clock
[rosout][INFO] 2019-12-25 20:19:15,118: Loading model XML from ros parameter
[rosout][INFO] 2019-12-25 20:19:15,130: Waiting for service /gazebo/spawn_urdf_model
[rospy.internal][INFO] 2019-12-25 20:19:15,359: topic[/rosout] adding connection to [/rosout], count 0
[rospy.internal][INFO] 2019-12-25 20:19:15,877: topic[/clock] adding connection to [http://itachi-HP-Pavilion-Laptop-15-cc1xx:43649/], count 0
[rosout][INFO] 2019-12-25 20:19:16,040: Calling service /gazebo/spawn_urdf_model
[rosout][INFO] 2019-12-25 20:19:16,278: Spawn status: SpawnModel: Successfully spawned entity
[rospy.core][INFO] 2019-12-25 20:19:16,279: signal_shutdown [atexit]
[rospy.internal][INFO] 2019-12-25 20:19:16,282: topic[/rosout] removing connection to /rosout
[rospy.internal][INFO] 2019-12-25 20:19:16,282: topic[/clock] removing connection to http://itachi-HP-Pavilion-Laptop-15-cc1xx:43649/
[rospy.impl.masterslave][INFO] 2019-12-25 20:19:16,282: atexit
