[rosmaster.main][INFO] 2019-12-20 00:19:17,536: initialization complete, waiting for shutdown
[rosmaster.main][INFO] 2019-12-20 00:19:17,536: Starting ROS Master Node
[xmlrpc][INFO] 2019-12-20 00:19:17,537: XML-RPC server binding to 0.0.0.0:11311
[xmlrpc][INFO] 2019-12-20 00:19:17,537: Started XML-RPC server [http://itachi-HP-Pavilion-Laptop-15-cc1xx:11311/]
[rosmaster.master][INFO] 2019-12-20 00:19:17,537: Master initialized: port[11311], uri[http://itachi-HP-Pavilion-Laptop-15-cc1xx:11311/]
[xmlrpc][INFO] 2019-12-20 00:19:17,537: xml rpc node: starting XML-RPC server
[rosmaster.master][INFO] 2019-12-20 00:19:17,593: +PARAM [/run_id] by /roslaunch
[rosmaster.master][INFO] 2019-12-20 00:19:17,594: +PARAM [/roslaunch/uris/host_itachi_hp_pavilion_laptop_15_cc1xx__39139] by /roslaunch
[rosmaster.master][INFO] 2019-12-20 00:19:17,672: +PARAM [/rosversion] by /roslaunch
[rosmaster.master][INFO] 2019-12-20 00:19:17,672: +PARAM [/rosdistro] by /roslaunch
[rosmaster.master][INFO] 2019-12-20 00:19:17,677: +SERVICE [/rosout/get_loggers] /rosout http://itachi-HP-Pavilion-Laptop-15-cc1xx:43251/
[rosmaster.master][INFO] 2019-12-20 00:19:17,678: +SERVICE [/rosout/set_logger_level] /rosout http://itachi-HP-Pavilion-Laptop-15-cc1xx:43251/
[rosmaster.master][INFO] 2019-12-20 00:19:17,679: +PUB [/rosout_agg] /rosout http://itachi-HP-Pavilion-Laptop-15-cc1xx:43251/
[rosmaster.master][INFO] 2019-12-20 00:19:17,682: +SUB [/rosout] /rosout http://itachi-HP-Pavilion-Laptop-15-cc1xx:43251/
[rosmaster.master][INFO] 2019-12-20 00:19:23,400: +PARAM [/roslaunch/uris/host_itachi_hp_pavilion_laptop_15_cc1xx__34525] by /roslaunch
[rosmaster.master][INFO] 2019-12-20 00:19:23,402: +PARAM [/usb_cam/image_width] by /roslaunch
[rosmaster.master][INFO] 2019-12-20 00:19:23,402: +PARAM [/usb_cam/video_device] by /roslaunch
[rosmaster.master][INFO] 2019-12-20 00:19:23,402: +PARAM [/rosdistro] by /roslaunch
[rosmaster.master][INFO] 2019-12-20 00:19:23,402: +PARAM [/usb_cam/pixel_format] by /roslaunch
[rosmaster.master][INFO] 2019-12-20 00:19:23,402: +PARAM [/usb_cam/io_method] by /roslaunch
[rosmaster.master][INFO] 2019-12-20 00:19:23,402: +PARAM [/usb_cam/camera_frame_id] by /roslaunch
[rosmaster.master][INFO] 2019-12-20 00:19:23,403: +PARAM [/rosversion] by /roslaunch
[rosmaster.master][INFO] 2019-12-20 00:19:23,403: +PARAM [/usb_cam/image_height] by /roslaunch
[rosmaster.master][INFO] 2019-12-20 00:19:23,491: +PUB [/rosout] /usb_cam http://itachi-HP-Pavilion-Laptop-15-cc1xx:44337/
[rosmaster.master][INFO] 2019-12-20 00:19:23,491: +SERVICE [/usb_cam/get_loggers] /usb_cam http://itachi-HP-Pavilion-Laptop-15-cc1xx:44337/
[rosmaster.master][INFO] 2019-12-20 00:19:23,492: +SERVICE [/usb_cam/set_logger_level] /usb_cam http://itachi-HP-Pavilion-Laptop-15-cc1xx:44337/
[rosmaster.master][INFO] 2019-12-20 00:19:23,500: +PUB [/rosout] /usb_cam_display/image_view http://itachi-HP-Pavilion-Laptop-15-cc1xx:37505/
[rosmaster.master][INFO] 2019-12-20 00:19:23,500: +SERVICE [/usb_cam_display/image_view/get_loggers] /usb_cam_display/image_view http://itachi-HP-Pavilion-Laptop-15-cc1xx:37505/
[rosmaster.master][INFO] 2019-12-20 00:19:23,501: +SERVICE [/usb_cam_display/image_view/set_logger_level] /usb_cam_display/image_view http://itachi-HP-Pavilion-Laptop-15-cc1xx:37505/
[rosmaster.master][INFO] 2019-12-20 00:19:23,524: +PUB [/usb_cam/image_raw/compressedDepth] /usb_cam http://itachi-HP-Pavilion-Laptop-15-cc1xx:44337/
[rosmaster.master][INFO] 2019-12-20 00:19:23,524: +SERVICE [/usb_cam/image_raw/compressedDepth/set_parameters] /usb_cam http://itachi-HP-Pavilion-Laptop-15-cc1xx:44337/
[rosmaster.master][INFO] 2019-12-20 00:19:23,525: +PUB [/usb_cam/image_raw/compressedDepth/parameter_descriptions] /usb_cam http://itachi-HP-Pavilion-Laptop-15-cc1xx:44337/
[rosmaster.master][INFO] 2019-12-20 00:19:23,525: +PUB [/usb_cam/image_raw/compressedDepth/parameter_updates] /usb_cam http://itachi-HP-Pavilion-Laptop-15-cc1xx:44337/
[rosmaster.master][INFO] 2019-12-20 00:19:23,527: +PARAM [/usb_cam/image_raw/compressedDepth/depth_max] by /usb_cam
[rosmaster.master][INFO] 2019-12-20 00:19:23,528: +PARAM [/usb_cam/image_raw/compressedDepth/depth_quantization] by /usb_cam
[rosmaster.master][INFO] 2019-12-20 00:19:23,528: +PARAM [/usb_cam/image_raw/compressedDepth/png_level] by /usb_cam
[rosmaster.master][INFO] 2019-12-20 00:19:23,529: +PARAM [/usb_cam/image_raw/compressedDepth/depth_max] by /usb_cam
[rosmaster.master][INFO] 2019-12-20 00:19:23,529: +PARAM [/usb_cam/image_raw/compressedDepth/depth_quantization] by /usb_cam
[rosmaster.master][INFO] 2019-12-20 00:19:23,530: +PARAM [/usb_cam/image_raw/compressedDepth/png_level] by /usb_cam
[rosmaster.master][INFO] 2019-12-20 00:19:23,531: +PUB [/usb_cam/image_raw/compressed] /usb_cam http://itachi-HP-Pavilion-Laptop-15-cc1xx:44337/
[rosmaster.master][INFO] 2019-12-20 00:19:23,531: +SERVICE [/usb_cam/image_raw/compressed/set_parameters] /usb_cam http://itachi-HP-Pavilion-Laptop-15-cc1xx:44337/
[rosmaster.master][INFO] 2019-12-20 00:19:23,532: +PUB [/usb_cam/image_raw/compressed/parameter_descriptions] /usb_cam http://itachi-HP-Pavilion-Laptop-15-cc1xx:44337/
[rosmaster.master][INFO] 2019-12-20 00:19:23,532: +PUB [/usb_cam/image_raw/compressed/parameter_updates] /usb_cam http://itachi-HP-Pavilion-Laptop-15-cc1xx:44337/
[rosmaster.master][INFO] 2019-12-20 00:19:23,534: +PARAM [/usb_cam/image_raw/compressed/format] by /usb_cam
[rosmaster.master][INFO] 2019-12-20 00:19:23,535: +PARAM [/usb_cam/image_raw/compressed/jpeg_quality] by /usb_cam
[rosmaster.master][INFO] 2019-12-20 00:19:23,535: +PARAM [/usb_cam/image_raw/compressed/png_level] by /usb_cam
[rosmaster.master][INFO] 2019-12-20 00:19:23,536: +PARAM [/usb_cam/image_raw/compressed/format] by /usb_cam
[rosmaster.master][INFO] 2019-12-20 00:19:23,537: +PARAM [/usb_cam/image_raw/compressed/jpeg_quality] by /usb_cam
[rosmaster.master][INFO] 2019-12-20 00:19:23,538: +PARAM [/usb_cam/image_raw/compressed/png_level] by /usb_cam
[rosmaster.master][INFO] 2019-12-20 00:19:23,539: +PUB [/usb_cam/image_raw] /usb_cam http://itachi-HP-Pavilion-Laptop-15-cc1xx:44337/
[rosmaster.master][INFO] 2019-12-20 00:19:23,540: +PUB [/usb_cam/image_raw/theora] /usb_cam http://itachi-HP-Pavilion-Laptop-15-cc1xx:44337/
[rosmaster.master][INFO] 2019-12-20 00:19:23,541: +SERVICE [/usb_cam/image_raw/theora/set_parameters] /usb_cam http://itachi-HP-Pavilion-Laptop-15-cc1xx:44337/
[rosmaster.master][INFO] 2019-12-20 00:19:23,542: +PUB [/usb_cam/image_raw/theora/parameter_descriptions] /usb_cam http://itachi-HP-Pavilion-Laptop-15-cc1xx:44337/
[rosmaster.master][INFO] 2019-12-20 00:19:23,542: +PUB [/usb_cam/image_raw/theora/parameter_updates] /usb_cam http://itachi-HP-Pavilion-Laptop-15-cc1xx:44337/
[rosmaster.master][INFO] 2019-12-20 00:19:23,545: +PARAM [/usb_cam/image_raw/theora/optimize_for] by /usb_cam
[rosmaster.master][INFO] 2019-12-20 00:19:23,545: +PARAM [/usb_cam/image_raw/theora/target_bitrate] by /usb_cam
[rosmaster.master][INFO] 2019-12-20 00:19:23,546: +PARAM [/usb_cam/image_raw/theora/quality] by /usb_cam
[rosmaster.master][INFO] 2019-12-20 00:19:23,546: +PARAM [/usb_cam/image_raw/theora/keyframe_frequency] by /usb_cam
[rosmaster.master][INFO] 2019-12-20 00:19:23,547: +PARAM [/usb_cam/image_raw/theora/optimize_for] by /usb_cam
[rosmaster.master][INFO] 2019-12-20 00:19:23,547: +PARAM [/usb_cam/image_raw/theora/target_bitrate] by /usb_cam
[rosmaster.master][INFO] 2019-12-20 00:19:23,548: +PARAM [/usb_cam/image_raw/theora/quality] by /usb_cam
[rosmaster.master][INFO] 2019-12-20 00:19:23,548: +PARAM [/usb_cam/image_raw/theora/keyframe_frequency] by /usb_cam
[rosmaster.master][INFO] 2019-12-20 00:19:23,549: +PUB [/usb_cam/camera_info] /usb_cam http://itachi-HP-Pavilion-Laptop-15-cc1xx:44337/
[rosmaster.master][INFO] 2019-12-20 00:19:23,549: publisherUpdate[/rosout] -> http://itachi-HP-Pavilion-Laptop-15-cc1xx:43251/ ['http://itachi-HP-Pavilion-Laptop-15-cc1xx:44337/']
[rosmaster.master][INFO] 2019-12-20 00:19:23,551: publisherUpdate[/rosout] -> http://itachi-HP-Pavilion-Laptop-15-cc1xx:43251/ ['http://itachi-HP-Pavilion-Laptop-15-cc1xx:44337/']: sec=0.00, result=[1, '', 0]
[rosmaster.master][INFO] 2019-12-20 00:19:23,551: publisherUpdate[/rosout] -> http://itachi-HP-Pavilion-Laptop-15-cc1xx:43251/ ['http://itachi-HP-Pavilion-Laptop-15-cc1xx:44337/', 'http://itachi-HP-Pavilion-Laptop-15-cc1xx:37505/']
[rosmaster.master][INFO] 2019-12-20 00:19:23,552: publisherUpdate[/rosout] -> http://itachi-HP-Pavilion-Laptop-15-cc1xx:43251/ ['http://itachi-HP-Pavilion-Laptop-15-cc1xx:44337/', 'http://itachi-HP-Pavilion-Laptop-15-cc1xx:37505/']: sec=0.00, result=[1, '', 0]
[rosmaster.master][INFO] 2019-12-20 00:19:23,561: +SERVICE [/usb_cam/set_camera_info] /usb_cam http://itachi-HP-Pavilion-Laptop-15-cc1xx:44337/
[rosmaster.master][INFO] 2019-12-20 00:19:23,561: +SERVICE [/usb_cam/start_capture] /usb_cam http://itachi-HP-Pavilion-Laptop-15-cc1xx:44337/
[rosmaster.master][INFO] 2019-12-20 00:19:23,562: +SERVICE [/usb_cam/stop_capture] /usb_cam http://itachi-HP-Pavilion-Laptop-15-cc1xx:44337/
[rosmaster.master][INFO] 2019-12-20 00:19:23,651: +SUB [/usb_cam/image_raw] /usb_cam_display/image_view http://itachi-HP-Pavilion-Laptop-15-cc1xx:37505/
[rosmaster.master][INFO] 2019-12-20 00:19:23,652: +PUB [/usb_cam_display/image_view/output] /usb_cam_display/image_view http://itachi-HP-Pavilion-Laptop-15-cc1xx:37505/
[rosmaster.master][INFO] 2019-12-20 00:19:23,652: +SERVICE [/usb_cam_display/image_view/set_parameters] /usb_cam_display/image_view http://itachi-HP-Pavilion-Laptop-15-cc1xx:37505/
[rosmaster.master][INFO] 2019-12-20 00:19:23,653: +PUB [/usb_cam_display/image_view/parameter_descriptions] /usb_cam_display/image_view http://itachi-HP-Pavilion-Laptop-15-cc1xx:37505/
[rosmaster.master][INFO] 2019-12-20 00:19:23,654: +PUB [/usb_cam_display/image_view/parameter_updates] /usb_cam_display/image_view http://itachi-HP-Pavilion-Laptop-15-cc1xx:37505/
[rosmaster.master][INFO] 2019-12-20 00:19:23,656: +PARAM [/usb_cam_display/image_view/do_dynamic_scaling] by /usb_cam_display/image_view
[rosmaster.master][INFO] 2019-12-20 00:19:23,656: +PARAM [/usb_cam_display/image_view/colormap] by /usb_cam_display/image_view
[rosmaster.master][INFO] 2019-12-20 00:19:23,657: +PARAM [/usb_cam_display/image_view/min_image_value] by /usb_cam_display/image_view
[rosmaster.master][INFO] 2019-12-20 00:19:23,658: +PARAM [/usb_cam_display/image_view/max_image_value] by /usb_cam_display/image_view
[rosmaster.master][INFO] 2019-12-20 00:19:23,660: +PARAM [/usb_cam_display/image_view/do_dynamic_scaling] by /usb_cam_display/image_view
[rosmaster.master][INFO] 2019-12-20 00:19:23,661: +PARAM [/usb_cam_display/image_view/colormap] by /usb_cam_display/image_view
[rosmaster.master][INFO] 2019-12-20 00:19:23,662: +PARAM [/usb_cam_display/image_view/min_image_value] by /usb_cam_display/image_view
[rosmaster.master][INFO] 2019-12-20 00:19:23,662: +PARAM [/usb_cam_display/image_view/max_image_value] by /usb_cam_display/image_view
[rosmaster.master][INFO] 2019-12-20 00:19:32,019: +PARAM [/roslaunch/uris/host_itachi_hp_pavilion_laptop_15_cc1xx__35047] by /roslaunch
[rosmaster.master][INFO] 2019-12-20 00:19:32,024: +PARAM [/rosversion] by /roslaunch
[rosmaster.master][INFO] 2019-12-20 00:19:32,024: +PARAM [/rosdistro] by /roslaunch
[rosmaster.master][INFO] 2019-12-20 00:19:32,134: +PUB [/rosout] /edroneclient http://itachi-HP-Pavilion-Laptop-15-cc1xx:44971/
[rosmaster.master][INFO] 2019-12-20 00:19:32,135: +SERVICE [/edroneclient/get_loggers] /edroneclient http://itachi-HP-Pavilion-Laptop-15-cc1xx:44971/
[rosmaster.master][INFO] 2019-12-20 00:19:32,136: +SERVICE [/edroneclient/set_logger_level] /edroneclient http://itachi-HP-Pavilion-Laptop-15-cc1xx:44971/
[rosmaster.master][INFO] 2019-12-20 00:19:32,142: +SUB [/drone_command] /edroneclient http://itachi-HP-Pavilion-Laptop-15-cc1xx:44971/
[rosmaster.master][INFO] 2019-12-20 00:19:32,164: publisherUpdate[/rosout] -> http://itachi-HP-Pavilion-Laptop-15-cc1xx:43251/ ['http://itachi-HP-Pavilion-Laptop-15-cc1xx:44337/', 'http://itachi-HP-Pavilion-Laptop-15-cc1xx:37505/', 'http://itachi-HP-Pavilion-Laptop-15-cc1xx:44971/']
[rosmaster.master][INFO] 2019-12-20 00:19:32,165: publisherUpdate[/rosout] -> http://itachi-HP-Pavilion-Laptop-15-cc1xx:43251/ ['http://itachi-HP-Pavilion-Laptop-15-cc1xx:44337/', 'http://itachi-HP-Pavilion-Laptop-15-cc1xx:37505/', 'http://itachi-HP-Pavilion-Laptop-15-cc1xx:44971/']: sec=0.00, result=[1, '', 0]
[rosmaster.master][INFO] 2019-12-20 00:19:32,454: +PUB [/rosout] /drone_teleop http://itachi-HP-Pavilion-Laptop-15-cc1xx:41137/
[rosmaster.master][INFO] 2019-12-20 00:19:32,457: +SERVICE [/drone_teleop/get_loggers] /drone_teleop http://itachi-HP-Pavilion-Laptop-15-cc1xx:41137/
[rosmaster.master][INFO] 2019-12-20 00:19:32,458: +SERVICE [/drone_teleop/set_logger_level] /drone_teleop http://itachi-HP-Pavilion-Laptop-15-cc1xx:41137/
[rosmaster.master][INFO] 2019-12-20 00:19:32,460: +PUB [/drone_command] /drone_teleop http://itachi-HP-Pavilion-Laptop-15-cc1xx:41137/
[rosmaster.master][INFO] 2019-12-20 00:19:32,465: publisherUpdate[/rosout] -> http://itachi-HP-Pavilion-Laptop-15-cc1xx:43251/ ['http://itachi-HP-Pavilion-Laptop-15-cc1xx:44337/', 'http://itachi-HP-Pavilion-Laptop-15-cc1xx:37505/', 'http://itachi-HP-Pavilion-Laptop-15-cc1xx:44971/', 'http://itachi-HP-Pavilion-Laptop-15-cc1xx:41137/']
[rosmaster.master][INFO] 2019-12-20 00:19:32,466: publisherUpdate[/rosout] -> http://itachi-HP-Pavilion-Laptop-15-cc1xx:43251/ ['http://itachi-HP-Pavilion-Laptop-15-cc1xx:44337/', 'http://itachi-HP-Pavilion-Laptop-15-cc1xx:37505/', 'http://itachi-HP-Pavilion-Laptop-15-cc1xx:44971/', 'http://itachi-HP-Pavilion-Laptop-15-cc1xx:41137/']: sec=0.00, result=[1, '', 0]
[rosmaster.master][INFO] 2019-12-20 00:19:32,466: publisherUpdate[/drone_command] -> http://itachi-HP-Pavilion-Laptop-15-cc1xx:44971/ ['http://itachi-HP-Pavilion-Laptop-15-cc1xx:41137/']
[rosmaster.master][INFO] 2019-12-20 00:19:32,467: publisherUpdate[/drone_command] -> http://itachi-HP-Pavilion-Laptop-15-cc1xx:44971/ ['http://itachi-HP-Pavilion-Laptop-15-cc1xx:41137/']: sec=0.00, result=[1, '', 0]
[rosmaster.master][INFO] 2019-12-20 00:19:59,796: -PUB [/rosout] /drone_teleop http://itachi-HP-Pavilion-Laptop-15-cc1xx:41137/
[rosmaster.master][INFO] 2019-12-20 00:19:59,796: -PUB [/drone_command] /drone_teleop http://itachi-HP-Pavilion-Laptop-15-cc1xx:41137/
[rosmaster.master][INFO] 2019-12-20 00:19:59,796: -SERVICE [/drone_teleop/set_logger_level] /drone_teleop rosrpc://itachi-HP-Pavilion-Laptop-15-cc1xx:36713
[rosmaster.master][INFO] 2019-12-20 00:19:59,797: -SERVICE [/drone_teleop/get_loggers] /drone_teleop rosrpc://itachi-HP-Pavilion-Laptop-15-cc1xx:36713
[rosmaster.master][INFO] 2019-12-20 00:19:59,807: publisherUpdate[/rosout] -> http://itachi-HP-Pavilion-Laptop-15-cc1xx:43251/ ['http://itachi-HP-Pavilion-Laptop-15-cc1xx:44337/', 'http://itachi-HP-Pavilion-Laptop-15-cc1xx:37505/', 'http://itachi-HP-Pavilion-Laptop-15-cc1xx:44971/']
[rosmaster.master][INFO] 2019-12-20 00:19:59,807: publisherUpdate[/drone_command] -> http://itachi-HP-Pavilion-Laptop-15-cc1xx:44971/ []
[rosmaster.master][INFO] 2019-12-20 00:19:59,808: publisherUpdate[/rosout] -> http://itachi-HP-Pavilion-Laptop-15-cc1xx:43251/ ['http://itachi-HP-Pavilion-Laptop-15-cc1xx:44337/', 'http://itachi-HP-Pavilion-Laptop-15-cc1xx:37505/', 'http://itachi-HP-Pavilion-Laptop-15-cc1xx:44971/']: sec=0.00, result=[1, '', 0]
[rosmaster.master][INFO] 2019-12-20 00:19:59,808: publisherUpdate[/drone_command] -> http://itachi-HP-Pavilion-Laptop-15-cc1xx:44971/ []: sec=0.00, result=[1, '', 0]
[rosmaster.master][INFO] 2019-12-20 00:20:02,209: -PUB [/rosout] /usb_cam http://itachi-HP-Pavilion-Laptop-15-cc1xx:44337/
[rosmaster.master][INFO] 2019-12-20 00:20:02,209: -PUB [/usb_cam/image_raw/compressedDepth] /usb_cam http://itachi-HP-Pavilion-Laptop-15-cc1xx:44337/
[rosmaster.master][INFO] 2019-12-20 00:20:02,210: -PUB [/usb_cam/image_raw/compressedDepth/parameter_descriptions] /usb_cam http://itachi-HP-Pavilion-Laptop-15-cc1xx:44337/
[rosmaster.master][INFO] 2019-12-20 00:20:02,210: -PUB [/usb_cam/image_raw/compressedDepth/parameter_updates] /usb_cam http://itachi-HP-Pavilion-Laptop-15-cc1xx:44337/
[rosmaster.master][INFO] 2019-12-20 00:20:02,210: -PUB [/usb_cam/image_raw/compressed] /usb_cam http://itachi-HP-Pavilion-Laptop-15-cc1xx:44337/
[rosmaster.master][INFO] 2019-12-20 00:20:02,211: -PUB [/usb_cam/image_raw/compressed/parameter_descriptions] /usb_cam http://itachi-HP-Pavilion-Laptop-15-cc1xx:44337/
[rosmaster.master][INFO] 2019-12-20 00:20:02,211: publisherUpdate[/rosout] -> http://itachi-HP-Pavilion-Laptop-15-cc1xx:43251/ ['http://itachi-HP-Pavilion-Laptop-15-cc1xx:37505/', 'http://itachi-HP-Pavilion-Laptop-15-cc1xx:44971/']
[rosmaster.master][INFO] 2019-12-20 00:20:02,212: publisherUpdate[/rosout] -> http://itachi-HP-Pavilion-Laptop-15-cc1xx:43251/ ['http://itachi-HP-Pavilion-Laptop-15-cc1xx:37505/', 'http://itachi-HP-Pavilion-Laptop-15-cc1xx:44971/']: sec=0.00, result=[1, '', 0]
[rosmaster.master][INFO] 2019-12-20 00:20:02,212: -PUB [/usb_cam/image_raw/compressed/parameter_updates] /usb_cam http://itachi-HP-Pavilion-Laptop-15-cc1xx:44337/
[rosmaster.master][INFO] 2019-12-20 00:20:02,213: -PUB [/usb_cam/image_raw] /usb_cam http://itachi-HP-Pavilion-Laptop-15-cc1xx:44337/
[rosmaster.master][INFO] 2019-12-20 00:20:02,213: -PUB [/usb_cam/image_raw/theora] /usb_cam http://itachi-HP-Pavilion-Laptop-15-cc1xx:44337/
[rosmaster.master][INFO] 2019-12-20 00:20:02,213: -PUB [/usb_cam/image_raw/theora/parameter_descriptions] /usb_cam http://itachi-HP-Pavilion-Laptop-15-cc1xx:44337/
[rosmaster.master][INFO] 2019-12-20 00:20:02,214: -PUB [/usb_cam/image_raw/theora/parameter_updates] /usb_cam http://itachi-HP-Pavilion-Laptop-15-cc1xx:44337/
[rosmaster.master][INFO] 2019-12-20 00:20:02,214: -PUB [/usb_cam/camera_info] /usb_cam http://itachi-HP-Pavilion-Laptop-15-cc1xx:44337/
[rosmaster.master][INFO] 2019-12-20 00:20:02,215: -SERVICE [/usb_cam/get_loggers] /usb_cam rosrpc://itachi-HP-Pavilion-Laptop-15-cc1xx:58389
[rosmaster.master][INFO] 2019-12-20 00:20:02,216: -SERVICE [/usb_cam/set_logger_level] /usb_cam rosrpc://itachi-HP-Pavilion-Laptop-15-cc1xx:58389
[rosmaster.master][INFO] 2019-12-20 00:20:02,216: -SERVICE [/usb_cam/image_raw/compressedDepth/set_parameters] /usb_cam rosrpc://itachi-HP-Pavilion-Laptop-15-cc1xx:58389
[rosmaster.master][INFO] 2019-12-20 00:20:02,217: -SERVICE [/usb_cam/image_raw/compressed/set_parameters] /usb_cam rosrpc://itachi-HP-Pavilion-Laptop-15-cc1xx:58389
[rosmaster.master][INFO] 2019-12-20 00:20:02,217: -SERVICE [/usb_cam/image_raw/theora/set_parameters] /usb_cam rosrpc://itachi-HP-Pavilion-Laptop-15-cc1xx:58389
[rosmaster.master][INFO] 2019-12-20 00:20:02,218: -SERVICE [/usb_cam/set_camera_info] /usb_cam rosrpc://itachi-HP-Pavilion-Laptop-15-cc1xx:58389
[rosmaster.master][INFO] 2019-12-20 00:20:02,218: -SERVICE [/usb_cam/start_capture] /usb_cam rosrpc://itachi-HP-Pavilion-Laptop-15-cc1xx:58389
[rosmaster.master][INFO] 2019-12-20 00:20:02,218: -SERVICE [/usb_cam/stop_capture] /usb_cam rosrpc://itachi-HP-Pavilion-Laptop-15-cc1xx:58389
[rosmaster.master][INFO] 2019-12-20 00:20:02,308: -PUB [/rosout] /usb_cam_display/image_view http://itachi-HP-Pavilion-Laptop-15-cc1xx:37505/
[rosmaster.master][INFO] 2019-12-20 00:20:02,309: -PUB [/usb_cam_display/image_view/output] /usb_cam_display/image_view http://itachi-HP-Pavilion-Laptop-15-cc1xx:37505/
[rosmaster.master][INFO] 2019-12-20 00:20:02,310: -PUB [/usb_cam_display/image_view/parameter_descriptions] /usb_cam_display/image_view http://itachi-HP-Pavilion-Laptop-15-cc1xx:37505/
[rosmaster.master][INFO] 2019-12-20 00:20:02,310: -PUB [/usb_cam_display/image_view/parameter_updates] /usb_cam_display/image_view http://itachi-HP-Pavilion-Laptop-15-cc1xx:37505/
[rosmaster.master][INFO] 2019-12-20 00:20:02,311: -SUB [/usb_cam/image_raw] /usb_cam_display/image_view http://itachi-HP-Pavilion-Laptop-15-cc1xx:37505/
[rosmaster.master][INFO] 2019-12-20 00:20:02,311: -SERVICE [/usb_cam_display/image_view/get_loggers] /usb_cam_display/image_view rosrpc://itachi-HP-Pavilion-Laptop-15-cc1xx:44187
[rosmaster.master][INFO] 2019-12-20 00:20:02,312: -SERVICE [/usb_cam_display/image_view/set_logger_level] /usb_cam_display/image_view rosrpc://itachi-HP-Pavilion-Laptop-15-cc1xx:44187
[rosmaster.master][INFO] 2019-12-20 00:20:02,312: publisherUpdate[/usb_cam/image_raw] -> http://itachi-HP-Pavilion-Laptop-15-cc1xx:37505/ []
[rosmaster.master][INFO] 2019-12-20 00:20:02,312: publisherUpdate[/rosout] -> http://itachi-HP-Pavilion-Laptop-15-cc1xx:43251/ ['http://itachi-HP-Pavilion-Laptop-15-cc1xx:44971/']
[rosmaster.master][INFO] 2019-12-20 00:20:02,313: publisherUpdate[/rosout] -> http://itachi-HP-Pavilion-Laptop-15-cc1xx:43251/ ['http://itachi-HP-Pavilion-Laptop-15-cc1xx:44971/']: sec=0.00, result=[1, '', 0]
[rosmaster.master][INFO] 2019-12-20 00:20:02,313: -SERVICE [/usb_cam_display/image_view/set_parameters] /usb_cam_display/image_view rosrpc://itachi-HP-Pavilion-Laptop-15-cc1xx:44187
[rosmaster.master][INFO] 2019-12-20 00:20:02,317: publisherUpdate[/usb_cam/image_raw] -> http://itachi-HP-Pavilion-Laptop-15-cc1xx:37505/ []: sec=0.00, exception=[Errno 111] Connection refused
[rosmaster.threadpool][ERROR] 2019-12-20 00:20:02,318: Traceback (most recent call last):
  File "/opt/ros/kinetic/lib/python2.7/dist-packages/rosmaster/threadpool.py", line 218, in run
    result = cmd(*args)
  File "/opt/ros/kinetic/lib/python2.7/dist-packages/rosmaster/master_api.py", line 210, in publisher_update_task
    ret = xmlrpcapi(api).publisherUpdate('/master', topic, pub_uris)
  File "/usr/lib/python2.7/xmlrpclib.py", line 1243, in __call__
    return self.__send(self.__name, args)
  File "/usr/lib/python2.7/xmlrpclib.py", line 1602, in __request
    verbose=self.__verbose
  File "/usr/lib/python2.7/xmlrpclib.py", line 1283, in request
    return self.single_request(host, handler, request_body, verbose)
  File "/usr/lib/python2.7/xmlrpclib.py", line 1311, in single_request
    self.send_content(h, request_body)
  File "/usr/lib/python2.7/xmlrpclib.py", line 1459, in send_content
    connection.endheaders(request_body)
  File "/usr/lib/python2.7/httplib.py", line 1069, in endheaders
    self._send_output(message_body)
  File "/usr/lib/python2.7/httplib.py", line 907, in _send_output
    self.send(msg)
  File "/usr/lib/python2.7/httplib.py", line 869, in send
    self.connect()
  File "/usr/lib/python2.7/httplib.py", line 846, in connect
    self.timeout, self.source_address)
  File "/usr/lib/python2.7/socket.py", line 575, in create_connection
    raise err
error: [Errno 111] Connection refused

[rosmaster.master][INFO] 2019-12-20 00:20:05,717: -PUB [/rosout] /edroneclient http://itachi-HP-Pavilion-Laptop-15-cc1xx:44971/
[rosmaster.master][INFO] 2019-12-20 00:20:05,717: -SUB [/drone_command] /edroneclient http://itachi-HP-Pavilion-Laptop-15-cc1xx:44971/
[rosmaster.master][INFO] 2019-12-20 00:20:05,718: publisherUpdate[/rosout] -> http://itachi-HP-Pavilion-Laptop-15-cc1xx:43251/ []
[rosmaster.master][INFO] 2019-12-20 00:20:05,718: publisherUpdate[/rosout] -> http://itachi-HP-Pavilion-Laptop-15-cc1xx:43251/ []: sec=0.00, result=[1, '', 0]
[rosmaster.master][INFO] 2019-12-20 00:20:05,719: -SERVICE [/edroneclient/get_loggers] /edroneclient rosrpc://itachi-HP-Pavilion-Laptop-15-cc1xx:42359
[rosmaster.master][INFO] 2019-12-20 00:20:05,719: -SERVICE [/edroneclient/set_logger_level] /edroneclient rosrpc://itachi-HP-Pavilion-Laptop-15-cc1xx:42359
[rosmaster.master][INFO] 2019-12-20 00:20:08,824: -PUB [/rosout_agg] /rosout http://itachi-HP-Pavilion-Laptop-15-cc1xx:43251/
[rosmaster.master][INFO] 2019-12-20 00:20:08,825: -SUB [/rosout] /rosout http://itachi-HP-Pavilion-Laptop-15-cc1xx:43251/
[rosmaster.master][INFO] 2019-12-20 00:20:08,826: -SERVICE [/rosout/get_loggers] /rosout rosrpc://itachi-HP-Pavilion-Laptop-15-cc1xx:46601
[rosmaster.master][INFO] 2019-12-20 00:20:08,827: -SERVICE [/rosout/set_logger_level] /rosout rosrpc://itachi-HP-Pavilion-Laptop-15-cc1xx:46601
[rosmaster.main][INFO] 2019-12-20 00:20:08,888: keyboard interrupt, will exit
[rosmaster.main][INFO] 2019-12-20 00:20:08,888: stopping master...
[rospy.core][INFO] 2019-12-20 00:20:08,888: signal_shutdown [atexit]
