[rosmaster.main][INFO] 2019-12-29 03:19:30,581: initialization complete, waiting for shutdown
[rosmaster.main][INFO] 2019-12-29 03:19:30,581: Starting ROS Master Node
[xmlrpc][INFO] 2019-12-29 03:19:30,582: XML-RPC server binding to 0.0.0.0:11311
[xmlrpc][INFO] 2019-12-29 03:19:30,582: Started XML-RPC server [http://itachi-HP-Pavilion-Laptop-15-cc1xx:11311/]
[rosmaster.master][INFO] 2019-12-29 03:19:30,582: Master initialized: port[11311], uri[http://itachi-HP-Pavilion-Laptop-15-cc1xx:11311/]
[xmlrpc][INFO] 2019-12-29 03:19:30,583: xml rpc node: starting XML-RPC server
[rosmaster.master][INFO] 2019-12-29 03:19:30,640: +PARAM [/run_id] by /roslaunch
[rosmaster.master][INFO] 2019-12-29 03:19:30,644: +PARAM [/roslaunch/uris/host_itachi_hp_pavilion_laptop_15_cc1xx__44333] by /roslaunch
[rosmaster.master][INFO] 2019-12-29 03:19:30,751: +PARAM [/rosversion] by /roslaunch
[rosmaster.master][INFO] 2019-12-29 03:19:30,751: +PARAM [/rosdistro] by /roslaunch
[rosmaster.master][INFO] 2019-12-29 03:19:30,756: +SERVICE [/rosout/get_loggers] /rosout http://itachi-HP-Pavilion-Laptop-15-cc1xx:38503/
[rosmaster.master][INFO] 2019-12-29 03:19:30,756: +SERVICE [/rosout/set_logger_level] /rosout http://itachi-HP-Pavilion-Laptop-15-cc1xx:38503/
[rosmaster.master][INFO] 2019-12-29 03:19:30,758: +PUB [/rosout_agg] /rosout http://itachi-HP-Pavilion-Laptop-15-cc1xx:38503/
[rosmaster.master][INFO] 2019-12-29 03:19:30,760: +SUB [/rosout] /rosout http://itachi-HP-Pavilion-Laptop-15-cc1xx:38503/
[rosmaster.master][INFO] 2019-12-29 03:19:32,793: +PARAM [/roslaunch/uris/host_itachi_hp_pavilion_laptop_15_cc1xx__39197] by /roslaunch
[rosmaster.master][INFO] 2019-12-29 03:19:32,796: +PARAM [/usb_cam/image_width] by /roslaunch
[rosmaster.master][INFO] 2019-12-29 03:19:32,796: +PARAM [/usb_cam/video_device] by /roslaunch
[rosmaster.master][INFO] 2019-12-29 03:19:32,796: +PARAM [/rosdistro] by /roslaunch
[rosmaster.master][INFO] 2019-12-29 03:19:32,796: +PARAM [/whycon/targets] by /roslaunch
[rosmaster.master][INFO] 2019-12-29 03:19:32,796: +PARAM [/usb_cam/pixel_format] by /roslaunch
[rosmaster.master][INFO] 2019-12-29 03:19:32,796: +PARAM [/usb_cam/io_method] by /roslaunch
[rosmaster.master][INFO] 2019-12-29 03:19:32,796: +PARAM [/usb_cam/camera_frame_id] by /roslaunch
[rosmaster.master][INFO] 2019-12-29 03:19:32,796: +PARAM [/rosversion] by /roslaunch
[rosmaster.master][INFO] 2019-12-29 03:19:32,797: +PARAM [/whycon/outer_diameter] by /roslaunch
[rosmaster.master][INFO] 2019-12-29 03:19:32,797: +PARAM [/usb_cam/image_height] by /roslaunch
[rosmaster.master][INFO] 2019-12-29 03:19:32,797: +PARAM [/whycon/name] by /roslaunch
[rosmaster.master][INFO] 2019-12-29 03:19:32,797: +PARAM [/whycon/inner_diameter] by /roslaunch
[rosmaster.master][INFO] 2019-12-29 03:19:32,885: +PUB [/rosout] /usb_cam http://itachi-HP-Pavilion-Laptop-15-cc1xx:41965/
[rosmaster.master][INFO] 2019-12-29 03:19:32,886: +SERVICE [/usb_cam/get_loggers] /usb_cam http://itachi-HP-Pavilion-Laptop-15-cc1xx:41965/
[rosmaster.master][INFO] 2019-12-29 03:19:32,886: +SERVICE [/usb_cam/set_logger_level] /usb_cam http://itachi-HP-Pavilion-Laptop-15-cc1xx:41965/
[rosmaster.master][INFO] 2019-12-29 03:19:32,887: publisherUpdate[/rosout] -> http://itachi-HP-Pavilion-Laptop-15-cc1xx:38503/ ['http://itachi-HP-Pavilion-Laptop-15-cc1xx:41965/']
[rosmaster.master][INFO] 2019-12-29 03:19:32,889: publisherUpdate[/rosout] -> http://itachi-HP-Pavilion-Laptop-15-cc1xx:38503/ ['http://itachi-HP-Pavilion-Laptop-15-cc1xx:41965/']: sec=0.00, result=[1, '', 0]
[rosmaster.master][INFO] 2019-12-29 03:19:32,894: +PUB [/rosout] /usb_cam/image_proc http://itachi-HP-Pavilion-Laptop-15-cc1xx:45977/
[rosmaster.master][INFO] 2019-12-29 03:19:32,894: +SERVICE [/usb_cam/image_proc/get_loggers] /usb_cam/image_proc http://itachi-HP-Pavilion-Laptop-15-cc1xx:45977/
[rosmaster.master][INFO] 2019-12-29 03:19:32,895: +SERVICE [/usb_cam/image_proc/set_logger_level] /usb_cam/image_proc http://itachi-HP-Pavilion-Laptop-15-cc1xx:45977/
[rosmaster.master][INFO] 2019-12-29 03:19:32,900: +PUB [/rosout] /whycon http://itachi-HP-Pavilion-Laptop-15-cc1xx:33609/
[rosmaster.master][INFO] 2019-12-29 03:19:32,901: +SERVICE [/whycon/get_loggers] /whycon http://itachi-HP-Pavilion-Laptop-15-cc1xx:33609/
[rosmaster.master][INFO] 2019-12-29 03:19:32,901: +SERVICE [/whycon/set_logger_level] /whycon http://itachi-HP-Pavilion-Laptop-15-cc1xx:33609/
[rosmaster.master][INFO] 2019-12-29 03:19:32,914: +PUB [/rosout] /whycon_display/image_view http://itachi-HP-Pavilion-Laptop-15-cc1xx:38233/
[rosmaster.master][INFO] 2019-12-29 03:19:32,914: +SERVICE [/whycon_display/image_view/get_loggers] /whycon_display/image_view http://itachi-HP-Pavilion-Laptop-15-cc1xx:38233/
[rosmaster.master][INFO] 2019-12-29 03:19:32,915: +SERVICE [/whycon_display/image_view/set_logger_level] /whycon_display/image_view http://itachi-HP-Pavilion-Laptop-15-cc1xx:38233/
[rosmaster.master][INFO] 2019-12-29 03:19:32,922: +PUB [/usb_cam/image_raw/compressedDepth] /usb_cam http://itachi-HP-Pavilion-Laptop-15-cc1xx:41965/
[rosmaster.master][INFO] 2019-12-29 03:19:32,923: +SERVICE [/usb_cam/image_raw/compressedDepth/set_parameters] /usb_cam http://itachi-HP-Pavilion-Laptop-15-cc1xx:41965/
[rosmaster.master][INFO] 2019-12-29 03:19:32,925: +PUB [/usb_cam/image_raw/compressedDepth/parameter_descriptions] /usb_cam http://itachi-HP-Pavilion-Laptop-15-cc1xx:41965/
[rosmaster.master][INFO] 2019-12-29 03:19:32,925: +SERVICE [/usb_cam/image_proc_debayer/set_parameters] /usb_cam/image_proc http://itachi-HP-Pavilion-Laptop-15-cc1xx:45977/
[rosmaster.master][INFO] 2019-12-29 03:19:32,926: +PUB [/usb_cam/image_raw/compressedDepth/parameter_updates] /usb_cam http://itachi-HP-Pavilion-Laptop-15-cc1xx:41965/
[rosmaster.master][INFO] 2019-12-29 03:19:32,927: +PUB [/usb_cam/image_proc_debayer/parameter_descriptions] /usb_cam/image_proc http://itachi-HP-Pavilion-Laptop-15-cc1xx:45977/
[rosmaster.master][INFO] 2019-12-29 03:19:32,928: +PUB [/usb_cam/image_proc_debayer/parameter_updates] /usb_cam/image_proc http://itachi-HP-Pavilion-Laptop-15-cc1xx:45977/
[rosmaster.master][INFO] 2019-12-29 03:19:32,931: +PARAM [/usb_cam/image_proc_debayer/debayer] by /usb_cam/image_proc
[rosmaster.master][INFO] 2019-12-29 03:19:32,932: +PARAM [/usb_cam/image_raw/compressedDepth/depth_max] by /usb_cam
[rosmaster.master][INFO] 2019-12-29 03:19:32,933: +PARAM [/usb_cam/image_proc_debayer/debayer] by /usb_cam/image_proc
[rosmaster.master][INFO] 2019-12-29 03:19:32,934: +PARAM [/usb_cam/image_raw/compressedDepth/depth_quantization] by /usb_cam
[rosmaster.master][INFO] 2019-12-29 03:19:32,935: +PARAM [/usb_cam/image_raw/compressedDepth/png_level] by /usb_cam
[rosmaster.master][INFO] 2019-12-29 03:19:32,936: +PUB [/usb_cam/image_mono/compressedDepth] /usb_cam/image_proc http://itachi-HP-Pavilion-Laptop-15-cc1xx:45977/
[rosmaster.master][INFO] 2019-12-29 03:19:32,937: +PARAM [/usb_cam/image_raw/compressedDepth/depth_max] by /usb_cam
[rosmaster.master][INFO] 2019-12-29 03:19:32,938: +SERVICE [/usb_cam/image_mono/compressedDepth/set_parameters] /usb_cam/image_proc http://itachi-HP-Pavilion-Laptop-15-cc1xx:45977/
[rosmaster.master][INFO] 2019-12-29 03:19:32,938: +PARAM [/usb_cam/image_raw/compressedDepth/depth_quantization] by /usb_cam
[rosmaster.master][INFO] 2019-12-29 03:19:32,939: +PUB [/usb_cam/image_mono/compressedDepth/parameter_descriptions] /usb_cam/image_proc http://itachi-HP-Pavilion-Laptop-15-cc1xx:45977/
[rosmaster.master][INFO] 2019-12-29 03:19:32,940: +PARAM [/usb_cam/image_raw/compressedDepth/png_level] by /usb_cam
[rosmaster.master][INFO] 2019-12-29 03:19:32,941: +PUB [/usb_cam/image_mono/compressedDepth/parameter_updates] /usb_cam/image_proc http://itachi-HP-Pavilion-Laptop-15-cc1xx:45977/
[rosmaster.master][INFO] 2019-12-29 03:19:32,942: +PUB [/usb_cam/image_raw/compressed] /usb_cam http://itachi-HP-Pavilion-Laptop-15-cc1xx:41965/
[rosmaster.master][INFO] 2019-12-29 03:19:32,943: +SERVICE [/usb_cam/image_raw/compressed/set_parameters] /usb_cam http://itachi-HP-Pavilion-Laptop-15-cc1xx:41965/
[rosmaster.master][INFO] 2019-12-29 03:19:32,944: +PUB [/tf] /whycon http://itachi-HP-Pavilion-Laptop-15-cc1xx:33609/
[rosmaster.master][INFO] 2019-12-29 03:19:32,945: +PUB [/usb_cam/image_raw/compressed/parameter_descriptions] /usb_cam http://itachi-HP-Pavilion-Laptop-15-cc1xx:41965/
[rosmaster.master][INFO] 2019-12-29 03:19:32,946: +PUB [/usb_cam/image_raw/compressed/parameter_updates] /usb_cam http://itachi-HP-Pavilion-Laptop-15-cc1xx:41965/
[rosmaster.master][INFO] 2019-12-29 03:19:32,947: +PARAM [/usb_cam/image_mono/compressedDepth/depth_max] by /usb_cam/image_proc
[rosmaster.master][INFO] 2019-12-29 03:19:32,948: +PARAM [/usb_cam/image_mono/compressedDepth/depth_quantization] by /usb_cam/image_proc
[rosmaster.master][INFO] 2019-12-29 03:19:32,950: +PARAM [/usb_cam/image_mono/compressedDepth/png_level] by /usb_cam/image_proc
[rosmaster.master][INFO] 2019-12-29 03:19:32,951: +PARAM [/usb_cam/image_raw/compressed/format] by /usb_cam
[rosmaster.master][INFO] 2019-12-29 03:19:32,952: +PARAM [/usb_cam/image_mono/compressedDepth/depth_max] by /usb_cam/image_proc
[rosmaster.master][INFO] 2019-12-29 03:19:32,953: +PARAM [/usb_cam/image_raw/compressed/jpeg_quality] by /usb_cam
[rosmaster.master][INFO] 2019-12-29 03:19:32,954: +PARAM [/usb_cam/image_mono/compressedDepth/depth_quantization] by /usb_cam/image_proc
[rosmaster.master][INFO] 2019-12-29 03:19:32,955: +PARAM [/usb_cam/image_raw/compressed/png_level] by /usb_cam
[rosmaster.master][INFO] 2019-12-29 03:19:32,957: +PARAM [/usb_cam/image_mono/compressedDepth/png_level] by /usb_cam/image_proc
[rosmaster.master][INFO] 2019-12-29 03:19:32,957: +SUB [/usb_cam/image_rect_color] /whycon http://itachi-HP-Pavilion-Laptop-15-cc1xx:33609/
[rosmaster.master][INFO] 2019-12-29 03:19:32,958: +PARAM [/usb_cam/image_raw/compressed/format] by /usb_cam
[rosmaster.master][INFO] 2019-12-29 03:19:32,959: +PUB [/usb_cam/image_mono/compressed] /usb_cam/image_proc http://itachi-HP-Pavilion-Laptop-15-cc1xx:45977/
[rosmaster.master][INFO] 2019-12-29 03:19:32,960: +PARAM [/usb_cam/image_raw/compressed/jpeg_quality] by /usb_cam
[rosmaster.master][INFO] 2019-12-29 03:19:32,961: +SERVICE [/usb_cam/image_mono/compressed/set_parameters] /usb_cam/image_proc http://itachi-HP-Pavilion-Laptop-15-cc1xx:45977/
[rosmaster.master][INFO] 2019-12-29 03:19:32,961: +PARAM [/usb_cam/image_raw/compressed/png_level] by /usb_cam
[rosmaster.master][INFO] 2019-12-29 03:19:32,962: +PUB [/usb_cam/image_mono/compressed/parameter_descriptions] /usb_cam/image_proc http://itachi-HP-Pavilion-Laptop-15-cc1xx:45977/
[rosmaster.master][INFO] 2019-12-29 03:19:32,964: +PUB [/usb_cam/image_raw] /usb_cam http://itachi-HP-Pavilion-Laptop-15-cc1xx:41965/
[rosmaster.master][INFO] 2019-12-29 03:19:32,964: +PUB [/usb_cam/image_mono/compressed/parameter_updates] /usb_cam/image_proc http://itachi-HP-Pavilion-Laptop-15-cc1xx:45977/
[rosmaster.master][INFO] 2019-12-29 03:19:32,965: +SUB [/usb_cam/camera_info] /whycon http://itachi-HP-Pavilion-Laptop-15-cc1xx:33609/
[rosmaster.master][INFO] 2019-12-29 03:19:32,965: +PUB [/usb_cam/image_raw/theora] /usb_cam http://itachi-HP-Pavilion-Laptop-15-cc1xx:41965/
[rosmaster.master][INFO] 2019-12-29 03:19:32,966: +PUB [/whycon/image_out] /whycon http://itachi-HP-Pavilion-Laptop-15-cc1xx:33609/
[rosmaster.master][INFO] 2019-12-29 03:19:32,967: +SERVICE [/usb_cam/image_raw/theora/set_parameters] /usb_cam http://itachi-HP-Pavilion-Laptop-15-cc1xx:41965/
[rosmaster.master][INFO] 2019-12-29 03:19:32,968: +PUB [/whycon/poses] /whycon http://itachi-HP-Pavilion-Laptop-15-cc1xx:33609/
[rosmaster.master][INFO] 2019-12-29 03:19:32,969: +PUB [/usb_cam/image_raw/theora/parameter_descriptions] /usb_cam http://itachi-HP-Pavilion-Laptop-15-cc1xx:41965/
[rosmaster.master][INFO] 2019-12-29 03:19:32,970: +PUB [/whycon/context] /whycon http://itachi-HP-Pavilion-Laptop-15-cc1xx:33609/
[rosmaster.master][INFO] 2019-12-29 03:19:32,971: +PUB [/usb_cam/image_raw/theora/parameter_updates] /usb_cam http://itachi-HP-Pavilion-Laptop-15-cc1xx:41965/
[rosmaster.master][INFO] 2019-12-29 03:19:32,971: +PARAM [/usb_cam/image_mono/compressed/format] by /usb_cam/image_proc
[rosmaster.master][INFO] 2019-12-29 03:19:32,972: +PUB [/whycon/projection] /whycon http://itachi-HP-Pavilion-Laptop-15-cc1xx:33609/
[rosmaster.master][INFO] 2019-12-29 03:19:32,974: +PARAM [/usb_cam/image_mono/compressed/jpeg_quality] by /usb_cam/image_proc
[rosmaster.master][INFO] 2019-12-29 03:19:32,974: +SERVICE [/whycon/reset] /whycon http://itachi-HP-Pavilion-Laptop-15-cc1xx:33609/
[rosmaster.master][INFO] 2019-12-29 03:19:32,975: +PARAM [/usb_cam/image_mono/compressed/png_level] by /usb_cam/image_proc
[rosmaster.master][INFO] 2019-12-29 03:19:32,977: +PARAM [/usb_cam/image_mono/compressed/format] by /usb_cam/image_proc
[rosmaster.master][INFO] 2019-12-29 03:19:32,977: +PARAM [/usb_cam/image_raw/theora/optimize_for] by /usb_cam
[rosmaster.master][INFO] 2019-12-29 03:19:32,978: +PARAM [/usb_cam/image_mono/compressed/jpeg_quality] by /usb_cam/image_proc
[rosmaster.master][INFO] 2019-12-29 03:19:32,978: +PARAM [/usb_cam/image_raw/theora/target_bitrate] by /usb_cam
[rosmaster.master][INFO] 2019-12-29 03:19:32,979: +PARAM [/usb_cam/image_mono/compressed/png_level] by /usb_cam/image_proc
[rosmaster.master][INFO] 2019-12-29 03:19:32,979: +PARAM [/usb_cam/image_raw/theora/quality] by /usb_cam
[rosmaster.master][INFO] 2019-12-29 03:19:32,980: +PARAM [/usb_cam/image_raw/theora/keyframe_frequency] by /usb_cam
[rosmaster.master][INFO] 2019-12-29 03:19:32,980: +PUB [/usb_cam/image_mono] /usb_cam/image_proc http://itachi-HP-Pavilion-Laptop-15-cc1xx:45977/
[rosmaster.master][INFO] 2019-12-29 03:19:32,981: +PARAM [/usb_cam/image_raw/theora/optimize_for] by /usb_cam
[rosmaster.master][INFO] 2019-12-29 03:19:32,981: +PARAM [/usb_cam/image_raw/theora/target_bitrate] by /usb_cam
[rosmaster.master][INFO] 2019-12-29 03:19:32,982: +PARAM [/usb_cam/image_raw/theora/quality] by /usb_cam
[rosmaster.master][INFO] 2019-12-29 03:19:32,983: +PUB [/usb_cam/image_mono/theora] /usb_cam/image_proc http://itachi-HP-Pavilion-Laptop-15-cc1xx:45977/
[rosmaster.master][INFO] 2019-12-29 03:19:32,983: +PARAM [/usb_cam/image_raw/theora/keyframe_frequency] by /usb_cam
[rosmaster.master][INFO] 2019-12-29 03:19:32,983: +SERVICE [/usb_cam/image_mono/theora/set_parameters] /usb_cam/image_proc http://itachi-HP-Pavilion-Laptop-15-cc1xx:45977/
[rosmaster.master][INFO] 2019-12-29 03:19:32,984: +PUB [/usb_cam/camera_info] /usb_cam http://itachi-HP-Pavilion-Laptop-15-cc1xx:41965/
[rosmaster.master][INFO] 2019-12-29 03:19:32,985: +PUB [/usb_cam/image_mono/theora/parameter_descriptions] /usb_cam/image_proc http://itachi-HP-Pavilion-Laptop-15-cc1xx:45977/
[rosmaster.master][INFO] 2019-12-29 03:19:32,986: +PUB [/usb_cam/image_mono/theora/parameter_updates] /usb_cam/image_proc http://itachi-HP-Pavilion-Laptop-15-cc1xx:45977/
[rosmaster.master][INFO] 2019-12-29 03:19:32,987: publisherUpdate[/rosout] -> http://itachi-HP-Pavilion-Laptop-15-cc1xx:38503/ ['http://itachi-HP-Pavilion-Laptop-15-cc1xx:41965/', 'http://itachi-HP-Pavilion-Laptop-15-cc1xx:45977/']
[rosmaster.master][INFO] 2019-12-29 03:19:32,987: publisherUpdate[/usb_cam/camera_info] -> http://itachi-HP-Pavilion-Laptop-15-cc1xx:33609/ ['http://itachi-HP-Pavilion-Laptop-15-cc1xx:41965/']
[rosmaster.master][INFO] 2019-12-29 03:19:32,988: publisherUpdate[/rosout] -> http://itachi-HP-Pavilion-Laptop-15-cc1xx:38503/ ['http://itachi-HP-Pavilion-Laptop-15-cc1xx:41965/', 'http://itachi-HP-Pavilion-Laptop-15-cc1xx:45977/']: sec=0.00, result=[1, '', 0]
[rosmaster.master][INFO] 2019-12-29 03:19:32,989: publisherUpdate[/rosout] -> http://itachi-HP-Pavilion-Laptop-15-cc1xx:38503/ ['http://itachi-HP-Pavilion-Laptop-15-cc1xx:41965/', 'http://itachi-HP-Pavilion-Laptop-15-cc1xx:45977/', 'http://itachi-HP-Pavilion-Laptop-15-cc1xx:33609/']
[rosmaster.master][INFO] 2019-12-29 03:19:32,989: publisherUpdate[/usb_cam/camera_info] -> http://itachi-HP-Pavilion-Laptop-15-cc1xx:33609/ ['http://itachi-HP-Pavilion-Laptop-15-cc1xx:41965/']: sec=0.00, result=[1, '', 0]
[rosmaster.master][INFO] 2019-12-29 03:19:32,989: publisherUpdate[/rosout] -> http://itachi-HP-Pavilion-Laptop-15-cc1xx:38503/ ['http://itachi-HP-Pavilion-Laptop-15-cc1xx:41965/', 'http://itachi-HP-Pavilion-Laptop-15-cc1xx:45977/', 'http://itachi-HP-Pavilion-Laptop-15-cc1xx:33609/']: sec=0.00, result=[1, '', 0]
[rosmaster.master][INFO] 2019-12-29 03:19:32,990: publisherUpdate[/rosout] -> http://itachi-HP-Pavilion-Laptop-15-cc1xx:38503/ ['http://itachi-HP-Pavilion-Laptop-15-cc1xx:41965/', 'http://itachi-HP-Pavilion-Laptop-15-cc1xx:45977/', 'http://itachi-HP-Pavilion-Laptop-15-cc1xx:33609/', 'http://itachi-HP-Pavilion-Laptop-15-cc1xx:38233/']
[rosmaster.master][INFO] 2019-12-29 03:19:32,991: publisherUpdate[/rosout] -> http://itachi-HP-Pavilion-Laptop-15-cc1xx:38503/ ['http://itachi-HP-Pavilion-Laptop-15-cc1xx:41965/', 'http://itachi-HP-Pavilion-Laptop-15-cc1xx:45977/', 'http://itachi-HP-Pavilion-Laptop-15-cc1xx:33609/', 'http://itachi-HP-Pavilion-Laptop-15-cc1xx:38233/']: sec=0.00, result=[1, '', 0]
[rosmaster.master][INFO] 2019-12-29 03:19:32,993: +PARAM [/usb_cam/image_mono/theora/optimize_for] by /usb_cam/image_proc
[rosmaster.master][INFO] 2019-12-29 03:19:32,994: +PARAM [/usb_cam/image_mono/theora/target_bitrate] by /usb_cam/image_proc
[rosmaster.master][INFO] 2019-12-29 03:19:32,996: +PARAM [/usb_cam/image_mono/theora/quality] by /usb_cam/image_proc
[rosmaster.master][INFO] 2019-12-29 03:19:32,999: +PARAM [/usb_cam/image_mono/theora/keyframe_frequency] by /usb_cam/image_proc
[rosmaster.master][INFO] 2019-12-29 03:19:33,000: +PARAM [/usb_cam/image_mono/theora/optimize_for] by /usb_cam/image_proc
[rosmaster.master][INFO] 2019-12-29 03:19:33,002: +PARAM [/usb_cam/image_mono/theora/target_bitrate] by /usb_cam/image_proc
[rosmaster.master][INFO] 2019-12-29 03:19:33,003: +PARAM [/usb_cam/image_mono/theora/quality] by /usb_cam/image_proc
[rosmaster.master][INFO] 2019-12-29 03:19:33,004: +PARAM [/usb_cam/image_mono/theora/keyframe_frequency] by /usb_cam/image_proc
[rosmaster.master][INFO] 2019-12-29 03:19:33,006: +PUB [/usb_cam/image_color/compressedDepth] /usb_cam/image_proc http://itachi-HP-Pavilion-Laptop-15-cc1xx:45977/
[rosmaster.master][INFO] 2019-12-29 03:19:33,011: +SERVICE [/usb_cam/image_color/compressedDepth/set_parameters] /usb_cam/image_proc http://itachi-HP-Pavilion-Laptop-15-cc1xx:45977/
[rosmaster.master][INFO] 2019-12-29 03:19:33,012: +PUB [/usb_cam/image_color/compressedDepth/parameter_descriptions] /usb_cam/image_proc http://itachi-HP-Pavilion-Laptop-15-cc1xx:45977/
[rosmaster.master][INFO] 2019-12-29 03:19:33,013: +PUB [/usb_cam/image_color/compressedDepth/parameter_updates] /usb_cam/image_proc http://itachi-HP-Pavilion-Laptop-15-cc1xx:45977/
[rosmaster.master][INFO] 2019-12-29 03:19:33,015: +SERVICE [/usb_cam/set_camera_info] /usb_cam http://itachi-HP-Pavilion-Laptop-15-cc1xx:41965/
[rosmaster.master][INFO] 2019-12-29 03:19:33,017: +SERVICE [/usb_cam/start_capture] /usb_cam http://itachi-HP-Pavilion-Laptop-15-cc1xx:41965/
[rosmaster.master][INFO] 2019-12-29 03:19:33,017: +SERVICE [/usb_cam/stop_capture] /usb_cam http://itachi-HP-Pavilion-Laptop-15-cc1xx:41965/
[rosmaster.master][INFO] 2019-12-29 03:19:33,018: +PARAM [/usb_cam/image_color/compressedDepth/depth_max] by /usb_cam/image_proc
[rosmaster.master][INFO] 2019-12-29 03:19:33,019: +PARAM [/usb_cam/image_color/compressedDepth/depth_quantization] by /usb_cam/image_proc
[rosmaster.master][INFO] 2019-12-29 03:19:33,019: +PARAM [/usb_cam/image_color/compressedDepth/png_level] by /usb_cam/image_proc
[rosmaster.master][INFO] 2019-12-29 03:19:33,020: +PARAM [/usb_cam/image_color/compressedDepth/depth_max] by /usb_cam/image_proc
[rosmaster.master][INFO] 2019-12-29 03:19:33,020: +PARAM [/usb_cam/image_color/compressedDepth/depth_quantization] by /usb_cam/image_proc
[rosmaster.master][INFO] 2019-12-29 03:19:33,021: +PARAM [/usb_cam/image_color/compressedDepth/png_level] by /usb_cam/image_proc
[rosmaster.master][INFO] 2019-12-29 03:19:33,021: +PUB [/usb_cam/image_color/compressed] /usb_cam/image_proc http://itachi-HP-Pavilion-Laptop-15-cc1xx:45977/
[rosmaster.master][INFO] 2019-12-29 03:19:33,022: +SERVICE [/usb_cam/image_color/compressed/set_parameters] /usb_cam/image_proc http://itachi-HP-Pavilion-Laptop-15-cc1xx:45977/
[rosmaster.master][INFO] 2019-12-29 03:19:33,022: +PUB [/usb_cam/image_color/compressed/parameter_descriptions] /usb_cam/image_proc http://itachi-HP-Pavilion-Laptop-15-cc1xx:45977/
[rosmaster.master][INFO] 2019-12-29 03:19:33,023: +PUB [/usb_cam/image_color/compressed/parameter_updates] /usb_cam/image_proc http://itachi-HP-Pavilion-Laptop-15-cc1xx:45977/
[rosmaster.master][INFO] 2019-12-29 03:19:33,025: +PARAM [/usb_cam/image_color/compressed/format] by /usb_cam/image_proc
[rosmaster.master][INFO] 2019-12-29 03:19:33,026: +PARAM [/usb_cam/image_color/compressed/jpeg_quality] by /usb_cam/image_proc
[rosmaster.master][INFO] 2019-12-29 03:19:33,029: +PARAM [/usb_cam/image_color/compressed/png_level] by /usb_cam/image_proc
[rosmaster.master][INFO] 2019-12-29 03:19:33,031: +PARAM [/usb_cam/image_color/compressed/format] by /usb_cam/image_proc
[rosmaster.master][INFO] 2019-12-29 03:19:33,032: +PARAM [/usb_cam/image_color/compressed/jpeg_quality] by /usb_cam/image_proc
[rosmaster.master][INFO] 2019-12-29 03:19:33,033: +PARAM [/usb_cam/image_color/compressed/png_level] by /usb_cam/image_proc
[rosmaster.master][INFO] 2019-12-29 03:19:33,034: +PUB [/usb_cam/image_color] /usb_cam/image_proc http://itachi-HP-Pavilion-Laptop-15-cc1xx:45977/
[rosmaster.master][INFO] 2019-12-29 03:19:33,040: +PUB [/usb_cam/image_color/theora] /usb_cam/image_proc http://itachi-HP-Pavilion-Laptop-15-cc1xx:45977/
[rosmaster.master][INFO] 2019-12-29 03:19:33,041: +SERVICE [/usb_cam/image_color/theora/set_parameters] /usb_cam/image_proc http://itachi-HP-Pavilion-Laptop-15-cc1xx:45977/
[rosmaster.master][INFO] 2019-12-29 03:19:33,042: +PUB [/usb_cam/image_color/theora/parameter_descriptions] /usb_cam/image_proc http://itachi-HP-Pavilion-Laptop-15-cc1xx:45977/
[rosmaster.master][INFO] 2019-12-29 03:19:33,042: +PUB [/usb_cam/image_color/theora/parameter_updates] /usb_cam/image_proc http://itachi-HP-Pavilion-Laptop-15-cc1xx:45977/
[rosmaster.master][INFO] 2019-12-29 03:19:33,045: +PARAM [/usb_cam/image_color/theora/optimize_for] by /usb_cam/image_proc
[rosmaster.master][INFO] 2019-12-29 03:19:33,046: +PARAM [/usb_cam/image_color/theora/target_bitrate] by /usb_cam/image_proc
[rosmaster.master][INFO] 2019-12-29 03:19:33,047: +PARAM [/usb_cam/image_color/theora/quality] by /usb_cam/image_proc
[rosmaster.master][INFO] 2019-12-29 03:19:33,048: +PARAM [/usb_cam/image_color/theora/keyframe_frequency] by /usb_cam/image_proc
[rosmaster.master][INFO] 2019-12-29 03:19:33,048: +PARAM [/usb_cam/image_color/theora/optimize_for] by /usb_cam/image_proc
[rosmaster.master][INFO] 2019-12-29 03:19:33,049: +PARAM [/usb_cam/image_color/theora/target_bitrate] by /usb_cam/image_proc
[rosmaster.master][INFO] 2019-12-29 03:19:33,050: +PARAM [/usb_cam/image_color/theora/quality] by /usb_cam/image_proc
[rosmaster.master][INFO] 2019-12-29 03:19:33,050: +PARAM [/usb_cam/image_color/theora/keyframe_frequency] by /usb_cam/image_proc
[rosmaster.master][INFO] 2019-12-29 03:19:33,053: +SERVICE [/usb_cam/image_proc_rectify_mono/set_parameters] /usb_cam/image_proc http://itachi-HP-Pavilion-Laptop-15-cc1xx:45977/
[rosmaster.master][INFO] 2019-12-29 03:19:33,055: +PUB [/usb_cam/image_proc_rectify_mono/parameter_descriptions] /usb_cam/image_proc http://itachi-HP-Pavilion-Laptop-15-cc1xx:45977/
[rosmaster.master][INFO] 2019-12-29 03:19:33,056: +PUB [/usb_cam/image_proc_rectify_mono/parameter_updates] /usb_cam/image_proc http://itachi-HP-Pavilion-Laptop-15-cc1xx:45977/
[rosmaster.master][INFO] 2019-12-29 03:19:33,057: +PARAM [/usb_cam/image_proc_rectify_mono/interpolation] by /usb_cam/image_proc
[rosmaster.master][INFO] 2019-12-29 03:19:33,058: +PARAM [/usb_cam/image_proc_rectify_mono/interpolation] by /usb_cam/image_proc
[rosmaster.master][INFO] 2019-12-29 03:19:33,059: +PUB [/usb_cam/image_rect/compressedDepth] /usb_cam/image_proc http://itachi-HP-Pavilion-Laptop-15-cc1xx:45977/
[rosmaster.master][INFO] 2019-12-29 03:19:33,059: +SERVICE [/usb_cam/image_rect/compressedDepth/set_parameters] /usb_cam/image_proc http://itachi-HP-Pavilion-Laptop-15-cc1xx:45977/
[rosmaster.master][INFO] 2019-12-29 03:19:33,060: +PUB [/usb_cam/image_rect/compressedDepth/parameter_descriptions] /usb_cam/image_proc http://itachi-HP-Pavilion-Laptop-15-cc1xx:45977/
[rosmaster.master][INFO] 2019-12-29 03:19:33,061: +PUB [/usb_cam/image_rect/compressedDepth/parameter_updates] /usb_cam/image_proc http://itachi-HP-Pavilion-Laptop-15-cc1xx:45977/
[rosmaster.master][INFO] 2019-12-29 03:19:33,062: +PARAM [/usb_cam/image_rect/compressedDepth/depth_max] by /usb_cam/image_proc
[rosmaster.master][INFO] 2019-12-29 03:19:33,063: +PARAM [/usb_cam/image_rect/compressedDepth/depth_quantization] by /usb_cam/image_proc
[rosmaster.master][INFO] 2019-12-29 03:19:33,064: +PARAM [/usb_cam/image_rect/compressedDepth/png_level] by /usb_cam/image_proc
[rosmaster.master][INFO] 2019-12-29 03:19:33,064: +PARAM [/usb_cam/image_rect/compressedDepth/depth_max] by /usb_cam/image_proc
[rosmaster.master][INFO] 2019-12-29 03:19:33,065: +PARAM [/usb_cam/image_rect/compressedDepth/depth_quantization] by /usb_cam/image_proc
[rosmaster.master][INFO] 2019-12-29 03:19:33,065: +PARAM [/usb_cam/image_rect/compressedDepth/png_level] by /usb_cam/image_proc
[rosmaster.master][INFO] 2019-12-29 03:19:33,066: +PUB [/usb_cam/image_rect/compressed] /usb_cam/image_proc http://itachi-HP-Pavilion-Laptop-15-cc1xx:45977/
[rosmaster.master][INFO] 2019-12-29 03:19:33,067: +SERVICE [/usb_cam/image_rect/compressed/set_parameters] /usb_cam/image_proc http://itachi-HP-Pavilion-Laptop-15-cc1xx:45977/
[rosmaster.master][INFO] 2019-12-29 03:19:33,067: +PUB [/usb_cam/image_rect/compressed/parameter_descriptions] /usb_cam/image_proc http://itachi-HP-Pavilion-Laptop-15-cc1xx:45977/
[rosmaster.master][INFO] 2019-12-29 03:19:33,069: +PUB [/usb_cam/image_rect/compressed/parameter_updates] /usb_cam/image_proc http://itachi-HP-Pavilion-Laptop-15-cc1xx:45977/
[rosmaster.master][INFO] 2019-12-29 03:19:33,075: +PARAM [/usb_cam/image_rect/compressed/format] by /usb_cam/image_proc
[rosmaster.master][INFO] 2019-12-29 03:19:33,079: +PARAM [/usb_cam/image_rect/compressed/jpeg_quality] by /usb_cam/image_proc
[rosmaster.master][INFO] 2019-12-29 03:19:33,080: +PARAM [/usb_cam/image_rect/compressed/png_level] by /usb_cam/image_proc
[rosmaster.master][INFO] 2019-12-29 03:19:33,080: +SUB [/whycon/image_out] /whycon_display/image_view http://itachi-HP-Pavilion-Laptop-15-cc1xx:38233/
[rosmaster.master][INFO] 2019-12-29 03:19:33,081: +PARAM [/usb_cam/image_rect/compressed/format] by /usb_cam/image_proc
[rosmaster.master][INFO] 2019-12-29 03:19:33,081: +PUB [/whycon_display/image_view/output] /whycon_display/image_view http://itachi-HP-Pavilion-Laptop-15-cc1xx:38233/
[rosmaster.master][INFO] 2019-12-29 03:19:33,082: +PARAM [/usb_cam/image_rect/compressed/jpeg_quality] by /usb_cam/image_proc
[rosmaster.master][INFO] 2019-12-29 03:19:33,083: +SERVICE [/whycon_display/image_view/set_parameters] /whycon_display/image_view http://itachi-HP-Pavilion-Laptop-15-cc1xx:38233/
[rosmaster.master][INFO] 2019-12-29 03:19:33,083: +PARAM [/usb_cam/image_rect/compressed/png_level] by /usb_cam/image_proc
[rosmaster.master][INFO] 2019-12-29 03:19:33,084: +PUB [/whycon_display/image_view/parameter_descriptions] /whycon_display/image_view http://itachi-HP-Pavilion-Laptop-15-cc1xx:38233/
[rosmaster.master][INFO] 2019-12-29 03:19:33,085: +PUB [/usb_cam/image_rect] /usb_cam/image_proc http://itachi-HP-Pavilion-Laptop-15-cc1xx:45977/
[rosmaster.master][INFO] 2019-12-29 03:19:33,086: +PUB [/whycon_display/image_view/parameter_updates] /whycon_display/image_view http://itachi-HP-Pavilion-Laptop-15-cc1xx:38233/
[rosmaster.master][INFO] 2019-12-29 03:19:33,088: +PUB [/usb_cam/image_rect/theora] /usb_cam/image_proc http://itachi-HP-Pavilion-Laptop-15-cc1xx:45977/
[rosmaster.master][INFO] 2019-12-29 03:19:33,089: +SERVICE [/usb_cam/image_rect/theora/set_parameters] /usb_cam/image_proc http://itachi-HP-Pavilion-Laptop-15-cc1xx:45977/
[rosmaster.master][INFO] 2019-12-29 03:19:33,091: +PUB [/usb_cam/image_rect/theora/parameter_descriptions] /usb_cam/image_proc http://itachi-HP-Pavilion-Laptop-15-cc1xx:45977/
[rosmaster.master][INFO] 2019-12-29 03:19:33,092: +PUB [/usb_cam/image_rect/theora/parameter_updates] /usb_cam/image_proc http://itachi-HP-Pavilion-Laptop-15-cc1xx:45977/
[rosmaster.master][INFO] 2019-12-29 03:19:33,092: +PARAM [/whycon_display/image_view/do_dynamic_scaling] by /whycon_display/image_view
[rosmaster.master][INFO] 2019-12-29 03:19:33,093: +PARAM [/whycon_display/image_view/colormap] by /whycon_display/image_view
[rosmaster.master][INFO] 2019-12-29 03:19:33,094: +PARAM [/whycon_display/image_view/min_image_value] by /whycon_display/image_view
[rosmaster.master][INFO] 2019-12-29 03:19:33,095: +PARAM [/whycon_display/image_view/max_image_value] by /whycon_display/image_view
[rosmaster.master][INFO] 2019-12-29 03:19:33,096: +PARAM [/whycon_display/image_view/do_dynamic_scaling] by /whycon_display/image_view
[rosmaster.master][INFO] 2019-12-29 03:19:33,097: +PARAM [/usb_cam/image_rect/theora/optimize_for] by /usb_cam/image_proc
[rosmaster.master][INFO] 2019-12-29 03:19:33,097: +PARAM [/whycon_display/image_view/colormap] by /whycon_display/image_view
[rosmaster.master][INFO] 2019-12-29 03:19:33,098: +PARAM [/usb_cam/image_rect/theora/target_bitrate] by /usb_cam/image_proc
[rosmaster.master][INFO] 2019-12-29 03:19:33,099: +PARAM [/whycon_display/image_view/min_image_value] by /whycon_display/image_view
[rosmaster.master][INFO] 2019-12-29 03:19:33,099: +PARAM [/usb_cam/image_rect/theora/quality] by /usb_cam/image_proc
[rosmaster.master][INFO] 2019-12-29 03:19:33,100: +PARAM [/whycon_display/image_view/max_image_value] by /whycon_display/image_view
[rosmaster.master][INFO] 2019-12-29 03:19:33,100: +PARAM [/usb_cam/image_rect/theora/keyframe_frequency] by /usb_cam/image_proc
[rosmaster.master][INFO] 2019-12-29 03:19:33,101: +PARAM [/usb_cam/image_rect/theora/optimize_for] by /usb_cam/image_proc
[rosmaster.master][INFO] 2019-12-29 03:19:33,102: +PARAM [/usb_cam/image_rect/theora/target_bitrate] by /usb_cam/image_proc
[rosmaster.master][INFO] 2019-12-29 03:19:33,103: +PARAM [/usb_cam/image_rect/theora/quality] by /usb_cam/image_proc
[rosmaster.master][INFO] 2019-12-29 03:19:33,104: +PARAM [/usb_cam/image_rect/theora/keyframe_frequency] by /usb_cam/image_proc
[rosmaster.master][INFO] 2019-12-29 03:19:33,106: +SERVICE [/usb_cam/image_proc_rectify_color/set_parameters] /usb_cam/image_proc http://itachi-HP-Pavilion-Laptop-15-cc1xx:45977/
[rosmaster.master][INFO] 2019-12-29 03:19:33,107: +PUB [/usb_cam/image_proc_rectify_color/parameter_descriptions] /usb_cam/image_proc http://itachi-HP-Pavilion-Laptop-15-cc1xx:45977/
[rosmaster.master][INFO] 2019-12-29 03:19:33,107: +PUB [/usb_cam/image_proc_rectify_color/parameter_updates] /usb_cam/image_proc http://itachi-HP-Pavilion-Laptop-15-cc1xx:45977/
[rosmaster.master][INFO] 2019-12-29 03:19:33,108: +PARAM [/usb_cam/image_proc_rectify_color/interpolation] by /usb_cam/image_proc
[rosmaster.master][INFO] 2019-12-29 03:19:33,109: +PARAM [/usb_cam/image_proc_rectify_color/interpolation] by /usb_cam/image_proc
[rosmaster.master][INFO] 2019-12-29 03:19:33,110: +PUB [/usb_cam/image_rect_color/compressedDepth] /usb_cam/image_proc http://itachi-HP-Pavilion-Laptop-15-cc1xx:45977/
[rosmaster.master][INFO] 2019-12-29 03:19:33,111: +SERVICE [/usb_cam/image_rect_color/compressedDepth/set_parameters] /usb_cam/image_proc http://itachi-HP-Pavilion-Laptop-15-cc1xx:45977/
[rosmaster.master][INFO] 2019-12-29 03:19:33,112: +PUB [/usb_cam/image_rect_color/compressedDepth/parameter_descriptions] /usb_cam/image_proc http://itachi-HP-Pavilion-Laptop-15-cc1xx:45977/
[rosmaster.master][INFO] 2019-12-29 03:19:33,112: +PUB [/usb_cam/image_rect_color/compressedDepth/parameter_updates] /usb_cam/image_proc http://itachi-HP-Pavilion-Laptop-15-cc1xx:45977/
[rosmaster.master][INFO] 2019-12-29 03:19:33,114: +PARAM [/usb_cam/image_rect_color/compressedDepth/depth_max] by /usb_cam/image_proc
[rosmaster.master][INFO] 2019-12-29 03:19:33,115: +PARAM [/usb_cam/image_rect_color/compressedDepth/depth_quantization] by /usb_cam/image_proc
[rosmaster.master][INFO] 2019-12-29 03:19:33,116: +PARAM [/usb_cam/image_rect_color/compressedDepth/png_level] by /usb_cam/image_proc
[rosmaster.master][INFO] 2019-12-29 03:19:33,116: +PARAM [/usb_cam/image_rect_color/compressedDepth/depth_max] by /usb_cam/image_proc
[rosmaster.master][INFO] 2019-12-29 03:19:33,117: +PARAM [/usb_cam/image_rect_color/compressedDepth/depth_quantization] by /usb_cam/image_proc
[rosmaster.master][INFO] 2019-12-29 03:19:33,117: +PARAM [/usb_cam/image_rect_color/compressedDepth/png_level] by /usb_cam/image_proc
[rosmaster.master][INFO] 2019-12-29 03:19:33,118: +PUB [/usb_cam/image_rect_color/compressed] /usb_cam/image_proc http://itachi-HP-Pavilion-Laptop-15-cc1xx:45977/
[rosmaster.master][INFO] 2019-12-29 03:19:33,120: +SERVICE [/usb_cam/image_rect_color/compressed/set_parameters] /usb_cam/image_proc http://itachi-HP-Pavilion-Laptop-15-cc1xx:45977/
[rosmaster.master][INFO] 2019-12-29 03:19:33,121: +PUB [/usb_cam/image_rect_color/compressed/parameter_descriptions] /usb_cam/image_proc http://itachi-HP-Pavilion-Laptop-15-cc1xx:45977/
[rosmaster.master][INFO] 2019-12-29 03:19:33,121: +PUB [/usb_cam/image_rect_color/compressed/parameter_updates] /usb_cam/image_proc http://itachi-HP-Pavilion-Laptop-15-cc1xx:45977/
[rosmaster.master][INFO] 2019-12-29 03:19:33,123: +PARAM [/usb_cam/image_rect_color/compressed/format] by /usb_cam/image_proc
[rosmaster.master][INFO] 2019-12-29 03:19:33,124: +PARAM [/usb_cam/image_rect_color/compressed/jpeg_quality] by /usb_cam/image_proc
[rosmaster.master][INFO] 2019-12-29 03:19:33,124: +PARAM [/usb_cam/image_rect_color/compressed/png_level] by /usb_cam/image_proc
[rosmaster.master][INFO] 2019-12-29 03:19:33,125: +PARAM [/usb_cam/image_rect_color/compressed/format] by /usb_cam/image_proc
[rosmaster.master][INFO] 2019-12-29 03:19:33,125: +PARAM [/usb_cam/image_rect_color/compressed/jpeg_quality] by /usb_cam/image_proc
[rosmaster.master][INFO] 2019-12-29 03:19:33,126: +PARAM [/usb_cam/image_rect_color/compressed/png_level] by /usb_cam/image_proc
[rosmaster.master][INFO] 2019-12-29 03:19:33,127: +PUB [/usb_cam/image_rect_color] /usb_cam/image_proc http://itachi-HP-Pavilion-Laptop-15-cc1xx:45977/
[rosmaster.master][INFO] 2019-12-29 03:19:33,128: +PUB [/usb_cam/image_rect_color/theora] /usb_cam/image_proc http://itachi-HP-Pavilion-Laptop-15-cc1xx:45977/
[rosmaster.master][INFO] 2019-12-29 03:19:33,128: +SERVICE [/usb_cam/image_rect_color/theora/set_parameters] /usb_cam/image_proc http://itachi-HP-Pavilion-Laptop-15-cc1xx:45977/
[rosmaster.master][INFO] 2019-12-29 03:19:33,129: +PUB [/usb_cam/image_rect_color/theora/parameter_descriptions] /usb_cam/image_proc http://itachi-HP-Pavilion-Laptop-15-cc1xx:45977/
[rosmaster.master][INFO] 2019-12-29 03:19:33,130: +PUB [/usb_cam/image_rect_color/theora/parameter_updates] /usb_cam/image_proc http://itachi-HP-Pavilion-Laptop-15-cc1xx:45977/
[rosmaster.master][INFO] 2019-12-29 03:19:33,133: +PARAM [/usb_cam/image_rect_color/theora/optimize_for] by /usb_cam/image_proc
[rosmaster.master][INFO] 2019-12-29 03:19:33,134: +PARAM [/usb_cam/image_rect_color/theora/target_bitrate] by /usb_cam/image_proc
[rosmaster.master][INFO] 2019-12-29 03:19:33,134: +PARAM [/usb_cam/image_rect_color/theora/quality] by /usb_cam/image_proc
[rosmaster.master][INFO] 2019-12-29 03:19:33,135: +PARAM [/usb_cam/image_rect_color/theora/keyframe_frequency] by /usb_cam/image_proc
[rosmaster.master][INFO] 2019-12-29 03:19:33,136: +PARAM [/usb_cam/image_rect_color/theora/optimize_for] by /usb_cam/image_proc
[rosmaster.master][INFO] 2019-12-29 03:19:33,137: +PARAM [/usb_cam/image_rect_color/theora/target_bitrate] by /usb_cam/image_proc
[rosmaster.master][INFO] 2019-12-29 03:19:33,138: +PARAM [/usb_cam/image_rect_color/theora/quality] by /usb_cam/image_proc
[rosmaster.master][INFO] 2019-12-29 03:19:33,138: +PARAM [/usb_cam/image_rect_color/theora/keyframe_frequency] by /usb_cam/image_proc
[rosmaster.master][INFO] 2019-12-29 03:19:33,190: publisherUpdate[/usb_cam/image_rect_color] -> http://itachi-HP-Pavilion-Laptop-15-cc1xx:33609/ ['http://itachi-HP-Pavilion-Laptop-15-cc1xx:45977/']
[rosmaster.master][INFO] 2019-12-29 03:19:33,191: publisherUpdate[/usb_cam/image_rect_color] -> http://itachi-HP-Pavilion-Laptop-15-cc1xx:33609/ ['http://itachi-HP-Pavilion-Laptop-15-cc1xx:45977/']: sec=0.00, result=[1, '', 0]
[rosmaster.master][INFO] 2019-12-29 03:19:33,308: +SUB [/usb_cam/image_color] /usb_cam/image_proc http://itachi-HP-Pavilion-Laptop-15-cc1xx:45977/
[rosmaster.master][INFO] 2019-12-29 03:19:33,319: +SUB [/usb_cam/camera_info] /usb_cam/image_proc http://itachi-HP-Pavilion-Laptop-15-cc1xx:45977/
[rosmaster.master][INFO] 2019-12-29 03:19:33,325: +SUB [/usb_cam/image_raw] /usb_cam/image_proc http://itachi-HP-Pavilion-Laptop-15-cc1xx:45977/
[rosmaster.master][INFO] 2019-12-29 03:19:34,789: +PUB [/rosout] /DroneNode http://itachi-HP-Pavilion-Laptop-15-cc1xx:37313/
[rosmaster.master][INFO] 2019-12-29 03:19:34,792: +SERVICE [/DroneNode/get_loggers] /DroneNode http://itachi-HP-Pavilion-Laptop-15-cc1xx:37313/
[rosmaster.master][INFO] 2019-12-29 03:19:34,793: +SERVICE [/DroneNode/set_logger_level] /DroneNode http://itachi-HP-Pavilion-Laptop-15-cc1xx:37313/
[rosmaster.master][INFO] 2019-12-29 03:19:34,793: publisherUpdate[/rosout] -> http://itachi-HP-Pavilion-Laptop-15-cc1xx:38503/ ['http://itachi-HP-Pavilion-Laptop-15-cc1xx:41965/', 'http://itachi-HP-Pavilion-Laptop-15-cc1xx:45977/', 'http://itachi-HP-Pavilion-Laptop-15-cc1xx:33609/', 'http://itachi-HP-Pavilion-Laptop-15-cc1xx:38233/', 'http://itachi-HP-Pavilion-Laptop-15-cc1xx:37313/']
[rosmaster.master][INFO] 2019-12-29 03:19:34,795: publisherUpdate[/rosout] -> http://itachi-HP-Pavilion-Laptop-15-cc1xx:38503/ ['http://itachi-HP-Pavilion-Laptop-15-cc1xx:41965/', 'http://itachi-HP-Pavilion-Laptop-15-cc1xx:45977/', 'http://itachi-HP-Pavilion-Laptop-15-cc1xx:33609/', 'http://itachi-HP-Pavilion-Laptop-15-cc1xx:38233/', 'http://itachi-HP-Pavilion-Laptop-15-cc1xx:37313/']: sec=0.00, result=[1, '', 0]
[rosmaster.master][INFO] 2019-12-29 03:19:34,799: +SUB [/drone_command] /DroneNode http://itachi-HP-Pavilion-Laptop-15-cc1xx:37313/
[rosmaster.master][INFO] 2019-12-29 03:19:39,455: +PUB [/rosout] /drone_control http://itachi-HP-Pavilion-Laptop-15-cc1xx:35695/
[rosmaster.master][INFO] 2019-12-29 03:19:39,460: +SERVICE [/drone_control/get_loggers] /drone_control http://itachi-HP-Pavilion-Laptop-15-cc1xx:35695/
[rosmaster.master][INFO] 2019-12-29 03:19:39,462: +SERVICE [/drone_control/set_logger_level] /drone_control http://itachi-HP-Pavilion-Laptop-15-cc1xx:35695/
[rosmaster.master][INFO] 2019-12-29 03:19:39,464: +PUB [/drone_command] /drone_control http://itachi-HP-Pavilion-Laptop-15-cc1xx:35695/
[rosmaster.master][INFO] 2019-12-29 03:19:39,465: +PUB [/alt_error] /drone_control http://itachi-HP-Pavilion-Laptop-15-cc1xx:35695/
[rosmaster.master][INFO] 2019-12-29 03:19:39,468: +PUB [/pitch_error] /drone_control http://itachi-HP-Pavilion-Laptop-15-cc1xx:35695/
[rosmaster.master][INFO] 2019-12-29 03:19:39,470: +PUB [/roll_error] /drone_control http://itachi-HP-Pavilion-Laptop-15-cc1xx:35695/
[rosmaster.master][INFO] 2019-12-29 03:19:39,472: +PUB [/error_sample] /drone_control http://itachi-HP-Pavilion-Laptop-15-cc1xx:35695/
[rosmaster.master][INFO] 2019-12-29 03:19:39,475: +PUB [/error_sample1] /drone_control http://itachi-HP-Pavilion-Laptop-15-cc1xx:35695/
[rosmaster.master][INFO] 2019-12-29 03:19:39,478: +PUB [/error_sample2] /drone_control http://itachi-HP-Pavilion-Laptop-15-cc1xx:35695/
[rosmaster.master][INFO] 2019-12-29 03:19:39,480: +PUB [/error_sample3] /drone_control http://itachi-HP-Pavilion-Laptop-15-cc1xx:35695/
[rosmaster.master][INFO] 2019-12-29 03:19:39,487: +SUB [/whycon/poses] /drone_control http://itachi-HP-Pavilion-Laptop-15-cc1xx:35695/
[rosmaster.master][INFO] 2019-12-29 03:19:39,491: +SUB [/pid_tuning_altitude] /drone_control http://itachi-HP-Pavilion-Laptop-15-cc1xx:35695/
[rosmaster.master][INFO] 2019-12-29 03:19:39,497: +SUB [/pid_tuning_pitch] /drone_control http://itachi-HP-Pavilion-Laptop-15-cc1xx:35695/
[rosmaster.master][INFO] 2019-12-29 03:19:39,502: +SUB [/pid_tuning_roll] /drone_control http://itachi-HP-Pavilion-Laptop-15-cc1xx:35695/
[rosmaster.master][INFO] 2019-12-29 03:19:39,503: publisherUpdate[/rosout] -> http://itachi-HP-Pavilion-Laptop-15-cc1xx:38503/ ['http://itachi-HP-Pavilion-Laptop-15-cc1xx:41965/', 'http://itachi-HP-Pavilion-Laptop-15-cc1xx:45977/', 'http://itachi-HP-Pavilion-Laptop-15-cc1xx:33609/', 'http://itachi-HP-Pavilion-Laptop-15-cc1xx:38233/', 'http://itachi-HP-Pavilion-Laptop-15-cc1xx:37313/', 'http://itachi-HP-Pavilion-Laptop-15-cc1xx:35695/']
[rosmaster.master][INFO] 2019-12-29 03:19:39,503: publisherUpdate[/drone_command] -> http://itachi-HP-Pavilion-Laptop-15-cc1xx:37313/ ['http://itachi-HP-Pavilion-Laptop-15-cc1xx:35695/']
[rosmaster.master][INFO] 2019-12-29 03:19:39,504: publisherUpdate[/rosout] -> http://itachi-HP-Pavilion-Laptop-15-cc1xx:38503/ ['http://itachi-HP-Pavilion-Laptop-15-cc1xx:41965/', 'http://itachi-HP-Pavilion-Laptop-15-cc1xx:45977/', 'http://itachi-HP-Pavilion-Laptop-15-cc1xx:33609/', 'http://itachi-HP-Pavilion-Laptop-15-cc1xx:38233/', 'http://itachi-HP-Pavilion-Laptop-15-cc1xx:37313/', 'http://itachi-HP-Pavilion-Laptop-15-cc1xx:35695/']: sec=0.00, result=[1, '', 0]
[rosmaster.master][INFO] 2019-12-29 03:19:39,505: publisherUpdate[/drone_command] -> http://itachi-HP-Pavilion-Laptop-15-cc1xx:37313/ ['http://itachi-HP-Pavilion-Laptop-15-cc1xx:35695/']: sec=0.00, result=[1, '', 0]
[rosmaster.master][INFO] 2019-12-29 03:20:27,870: -SUB [/pid_tuning_pitch] /drone_control http://itachi-HP-Pavilion-Laptop-15-cc1xx:35695/
[rosmaster.master][INFO] 2019-12-29 03:20:27,871: -SUB [/pid_tuning_roll] /drone_control http://itachi-HP-Pavilion-Laptop-15-cc1xx:35695/
[rosmaster.master][INFO] 2019-12-29 03:20:27,871: -SUB [/whycon/poses] /drone_control http://itachi-HP-Pavilion-Laptop-15-cc1xx:35695/
[rosmaster.master][INFO] 2019-12-29 03:20:27,871: -SUB [/pid_tuning_altitude] /drone_control http://itachi-HP-Pavilion-Laptop-15-cc1xx:35695/
[rosmaster.master][INFO] 2019-12-29 03:20:27,872: -PUB [/pitch_error] /drone_control http://itachi-HP-Pavilion-Laptop-15-cc1xx:35695/
[rosmaster.master][INFO] 2019-12-29 03:20:27,872: -PUB [/rosout] /drone_control http://itachi-HP-Pavilion-Laptop-15-cc1xx:35695/
[rosmaster.master][INFO] 2019-12-29 03:20:27,872: -PUB [/alt_error] /drone_control http://itachi-HP-Pavilion-Laptop-15-cc1xx:35695/
[rosmaster.master][INFO] 2019-12-29 03:20:27,872: -PUB [/drone_command] /drone_control http://itachi-HP-Pavilion-Laptop-15-cc1xx:35695/
[rosmaster.master][INFO] 2019-12-29 03:20:27,872: -PUB [/error_sample2] /drone_control http://itachi-HP-Pavilion-Laptop-15-cc1xx:35695/
[rosmaster.master][INFO] 2019-12-29 03:20:27,872: -PUB [/error_sample] /drone_control http://itachi-HP-Pavilion-Laptop-15-cc1xx:35695/
[rosmaster.master][INFO] 2019-12-29 03:20:27,873: -PUB [/error_sample1] /drone_control http://itachi-HP-Pavilion-Laptop-15-cc1xx:35695/
[rosmaster.master][INFO] 2019-12-29 03:20:27,873: -PUB [/roll_error] /drone_control http://itachi-HP-Pavilion-Laptop-15-cc1xx:35695/
[rosmaster.master][INFO] 2019-12-29 03:20:27,873: -PUB [/error_sample3] /drone_control http://itachi-HP-Pavilion-Laptop-15-cc1xx:35695/
[rosmaster.master][INFO] 2019-12-29 03:20:27,873: -SERVICE [/drone_control/get_loggers] /drone_control rosrpc://itachi-HP-Pavilion-Laptop-15-cc1xx:35981
[rosmaster.master][INFO] 2019-12-29 03:20:27,873: -SERVICE [/drone_control/set_logger_level] /drone_control rosrpc://itachi-HP-Pavilion-Laptop-15-cc1xx:35981
[rosmaster.master][INFO] 2019-12-29 03:20:27,905: publisherUpdate[/rosout] -> http://itachi-HP-Pavilion-Laptop-15-cc1xx:38503/ ['http://itachi-HP-Pavilion-Laptop-15-cc1xx:41965/', 'http://itachi-HP-Pavilion-Laptop-15-cc1xx:45977/', 'http://itachi-HP-Pavilion-Laptop-15-cc1xx:33609/', 'http://itachi-HP-Pavilion-Laptop-15-cc1xx:38233/', 'http://itachi-HP-Pavilion-Laptop-15-cc1xx:37313/']
[rosmaster.master][INFO] 2019-12-29 03:20:27,907: publisherUpdate[/rosout] -> http://itachi-HP-Pavilion-Laptop-15-cc1xx:38503/ ['http://itachi-HP-Pavilion-Laptop-15-cc1xx:41965/', 'http://itachi-HP-Pavilion-Laptop-15-cc1xx:45977/', 'http://itachi-HP-Pavilion-Laptop-15-cc1xx:33609/', 'http://itachi-HP-Pavilion-Laptop-15-cc1xx:38233/', 'http://itachi-HP-Pavilion-Laptop-15-cc1xx:37313/']: sec=0.00, result=[1, '', 0]
[rosmaster.master][INFO] 2019-12-29 03:20:27,908: publisherUpdate[/drone_command] -> http://itachi-HP-Pavilion-Laptop-15-cc1xx:37313/ []
[rosmaster.master][INFO] 2019-12-29 03:20:27,910: publisherUpdate[/drone_command] -> http://itachi-HP-Pavilion-Laptop-15-cc1xx:37313/ []: sec=0.00, result=[1, '', 0]
[rosmaster.master][INFO] 2019-12-29 03:20:31,216: -PUB [/rosout] /DroneNode http://itachi-HP-Pavilion-Laptop-15-cc1xx:37313/
[rosmaster.master][INFO] 2019-12-29 03:20:31,218: -SUB [/drone_command] /DroneNode http://itachi-HP-Pavilion-Laptop-15-cc1xx:37313/
[rosmaster.master][INFO] 2019-12-29 03:20:31,218: publisherUpdate[/rosout] -> http://itachi-HP-Pavilion-Laptop-15-cc1xx:38503/ ['http://itachi-HP-Pavilion-Laptop-15-cc1xx:41965/', 'http://itachi-HP-Pavilion-Laptop-15-cc1xx:45977/', 'http://itachi-HP-Pavilion-Laptop-15-cc1xx:33609/', 'http://itachi-HP-Pavilion-Laptop-15-cc1xx:38233/']
[rosmaster.master][INFO] 2019-12-29 03:20:31,219: publisherUpdate[/rosout] -> http://itachi-HP-Pavilion-Laptop-15-cc1xx:38503/ ['http://itachi-HP-Pavilion-Laptop-15-cc1xx:41965/', 'http://itachi-HP-Pavilion-Laptop-15-cc1xx:45977/', 'http://itachi-HP-Pavilion-Laptop-15-cc1xx:33609/', 'http://itachi-HP-Pavilion-Laptop-15-cc1xx:38233/']: sec=0.00, result=[1, '', 0]
[rosmaster.master][INFO] 2019-12-29 03:20:31,219: -SERVICE [/DroneNode/get_loggers] /DroneNode rosrpc://itachi-HP-Pavilion-Laptop-15-cc1xx:52609
[rosmaster.master][INFO] 2019-12-29 03:20:31,221: -SERVICE [/DroneNode/set_logger_level] /DroneNode rosrpc://itachi-HP-Pavilion-Laptop-15-cc1xx:52609
[rosmaster.master][INFO] 2019-12-29 03:20:32,851: +PUB [/rosout] /DroneNode http://itachi-HP-Pavilion-Laptop-15-cc1xx:37993/
[rosmaster.master][INFO] 2019-12-29 03:20:32,852: +SERVICE [/DroneNode/get_loggers] /DroneNode http://itachi-HP-Pavilion-Laptop-15-cc1xx:37993/
[rosmaster.master][INFO] 2019-12-29 03:20:32,853: +SERVICE [/DroneNode/set_logger_level] /DroneNode http://itachi-HP-Pavilion-Laptop-15-cc1xx:37993/
[rosmaster.master][INFO] 2019-12-29 03:20:32,860: +SUB [/drone_command] /DroneNode http://itachi-HP-Pavilion-Laptop-15-cc1xx:37993/
[rosmaster.master][INFO] 2019-12-29 03:20:32,922: publisherUpdate[/rosout] -> http://itachi-HP-Pavilion-Laptop-15-cc1xx:38503/ ['http://itachi-HP-Pavilion-Laptop-15-cc1xx:41965/', 'http://itachi-HP-Pavilion-Laptop-15-cc1xx:45977/', 'http://itachi-HP-Pavilion-Laptop-15-cc1xx:33609/', 'http://itachi-HP-Pavilion-Laptop-15-cc1xx:38233/', 'http://itachi-HP-Pavilion-Laptop-15-cc1xx:37993/']
[rosmaster.master][INFO] 2019-12-29 03:20:32,925: publisherUpdate[/rosout] -> http://itachi-HP-Pavilion-Laptop-15-cc1xx:38503/ ['http://itachi-HP-Pavilion-Laptop-15-cc1xx:41965/', 'http://itachi-HP-Pavilion-Laptop-15-cc1xx:45977/', 'http://itachi-HP-Pavilion-Laptop-15-cc1xx:33609/', 'http://itachi-HP-Pavilion-Laptop-15-cc1xx:38233/', 'http://itachi-HP-Pavilion-Laptop-15-cc1xx:37993/']: sec=0.00, result=[1, '', 0]
[rosmaster.master][INFO] 2019-12-29 03:20:47,689: +PUB [/rosout] /drone_control http://itachi-HP-Pavilion-Laptop-15-cc1xx:37325/
[rosmaster.master][INFO] 2019-12-29 03:20:47,693: +SERVICE [/drone_control/get_loggers] /drone_control http://itachi-HP-Pavilion-Laptop-15-cc1xx:37325/
[rosmaster.master][INFO] 2019-12-29 03:20:47,695: +SERVICE [/drone_control/set_logger_level] /drone_control http://itachi-HP-Pavilion-Laptop-15-cc1xx:37325/
[rosmaster.master][INFO] 2019-12-29 03:20:47,697: +PUB [/drone_command] /drone_control http://itachi-HP-Pavilion-Laptop-15-cc1xx:37325/
[rosmaster.master][INFO] 2019-12-29 03:20:47,698: +PUB [/alt_error] /drone_control http://itachi-HP-Pavilion-Laptop-15-cc1xx:37325/
[rosmaster.master][INFO] 2019-12-29 03:20:47,700: +PUB [/pitch_error] /drone_control http://itachi-HP-Pavilion-Laptop-15-cc1xx:37325/
[rosmaster.master][INFO] 2019-12-29 03:20:47,701: +PUB [/roll_error] /drone_control http://itachi-HP-Pavilion-Laptop-15-cc1xx:37325/
[rosmaster.master][INFO] 2019-12-29 03:20:47,704: +PUB [/error_sample] /drone_control http://itachi-HP-Pavilion-Laptop-15-cc1xx:37325/
[rosmaster.master][INFO] 2019-12-29 03:20:47,706: +PUB [/error_sample1] /drone_control http://itachi-HP-Pavilion-Laptop-15-cc1xx:37325/
[rosmaster.master][INFO] 2019-12-29 03:20:47,707: +PUB [/error_sample2] /drone_control http://itachi-HP-Pavilion-Laptop-15-cc1xx:37325/
[rosmaster.master][INFO] 2019-12-29 03:20:47,709: +PUB [/error_sample3] /drone_control http://itachi-HP-Pavilion-Laptop-15-cc1xx:37325/
[rosmaster.master][INFO] 2019-12-29 03:20:47,720: +SUB [/whycon/poses] /drone_control http://itachi-HP-Pavilion-Laptop-15-cc1xx:37325/
[rosmaster.master][INFO] 2019-12-29 03:20:47,722: +SUB [/pid_tuning_altitude] /drone_control http://itachi-HP-Pavilion-Laptop-15-cc1xx:37325/
[rosmaster.master][INFO] 2019-12-29 03:20:47,726: +SUB [/pid_tuning_pitch] /drone_control http://itachi-HP-Pavilion-Laptop-15-cc1xx:37325/
[rosmaster.master][INFO] 2019-12-29 03:20:47,728: +SUB [/pid_tuning_roll] /drone_control http://itachi-HP-Pavilion-Laptop-15-cc1xx:37325/
[rosmaster.master][INFO] 2019-12-29 03:20:47,751: publisherUpdate[/rosout] -> http://itachi-HP-Pavilion-Laptop-15-cc1xx:38503/ ['http://itachi-HP-Pavilion-Laptop-15-cc1xx:41965/', 'http://itachi-HP-Pavilion-Laptop-15-cc1xx:45977/', 'http://itachi-HP-Pavilion-Laptop-15-cc1xx:33609/', 'http://itachi-HP-Pavilion-Laptop-15-cc1xx:38233/', 'http://itachi-HP-Pavilion-Laptop-15-cc1xx:37993/', 'http://itachi-HP-Pavilion-Laptop-15-cc1xx:37325/']
[rosmaster.master][INFO] 2019-12-29 03:20:47,752: publisherUpdate[/rosout] -> http://itachi-HP-Pavilion-Laptop-15-cc1xx:38503/ ['http://itachi-HP-Pavilion-Laptop-15-cc1xx:41965/', 'http://itachi-HP-Pavilion-Laptop-15-cc1xx:45977/', 'http://itachi-HP-Pavilion-Laptop-15-cc1xx:33609/', 'http://itachi-HP-Pavilion-Laptop-15-cc1xx:38233/', 'http://itachi-HP-Pavilion-Laptop-15-cc1xx:37993/', 'http://itachi-HP-Pavilion-Laptop-15-cc1xx:37325/']: sec=0.00, result=[1, '', 0]
[rosmaster.master][INFO] 2019-12-29 03:20:47,752: publisherUpdate[/drone_command] -> http://itachi-HP-Pavilion-Laptop-15-cc1xx:37993/ ['http://itachi-HP-Pavilion-Laptop-15-cc1xx:37325/']
[rosmaster.master][INFO] 2019-12-29 03:20:47,755: publisherUpdate[/drone_command] -> http://itachi-HP-Pavilion-Laptop-15-cc1xx:37993/ ['http://itachi-HP-Pavilion-Laptop-15-cc1xx:37325/']: sec=0.00, result=[1, '', 0]
[rosmaster.master][INFO] 2019-12-29 03:21:44,090: -SUB [/pid_tuning_pitch] /drone_control http://itachi-HP-Pavilion-Laptop-15-cc1xx:37325/
[rosmaster.master][INFO] 2019-12-29 03:21:44,091: -SUB [/pid_tuning_roll] /drone_control http://itachi-HP-Pavilion-Laptop-15-cc1xx:37325/
[rosmaster.master][INFO] 2019-12-29 03:21:44,091: -SUB [/whycon/poses] /drone_control http://itachi-HP-Pavilion-Laptop-15-cc1xx:37325/
[rosmaster.master][INFO] 2019-12-29 03:21:44,091: -SUB [/pid_tuning_altitude] /drone_control http://itachi-HP-Pavilion-Laptop-15-cc1xx:37325/
[rosmaster.master][INFO] 2019-12-29 03:21:44,092: -PUB [/pitch_error] /drone_control http://itachi-HP-Pavilion-Laptop-15-cc1xx:37325/
[rosmaster.master][INFO] 2019-12-29 03:21:44,092: -PUB [/rosout] /drone_control http://itachi-HP-Pavilion-Laptop-15-cc1xx:37325/
[rosmaster.master][INFO] 2019-12-29 03:21:44,092: -PUB [/alt_error] /drone_control http://itachi-HP-Pavilion-Laptop-15-cc1xx:37325/
[rosmaster.master][INFO] 2019-12-29 03:21:44,092: -PUB [/drone_command] /drone_control http://itachi-HP-Pavilion-Laptop-15-cc1xx:37325/
[rosmaster.master][INFO] 2019-12-29 03:21:44,093: -PUB [/error_sample2] /drone_control http://itachi-HP-Pavilion-Laptop-15-cc1xx:37325/
[rosmaster.master][INFO] 2019-12-29 03:21:44,093: -PUB [/error_sample] /drone_control http://itachi-HP-Pavilion-Laptop-15-cc1xx:37325/
[rosmaster.master][INFO] 2019-12-29 03:21:44,093: -PUB [/error_sample1] /drone_control http://itachi-HP-Pavilion-Laptop-15-cc1xx:37325/
[rosmaster.master][INFO] 2019-12-29 03:21:44,093: -PUB [/roll_error] /drone_control http://itachi-HP-Pavilion-Laptop-15-cc1xx:37325/
[rosmaster.master][INFO] 2019-12-29 03:21:44,093: -PUB [/error_sample3] /drone_control http://itachi-HP-Pavilion-Laptop-15-cc1xx:37325/
[rosmaster.master][INFO] 2019-12-29 03:21:44,093: -SERVICE [/drone_control/get_loggers] /drone_control rosrpc://itachi-HP-Pavilion-Laptop-15-cc1xx:45995
[rosmaster.master][INFO] 2019-12-29 03:21:44,094: -SERVICE [/drone_control/set_logger_level] /drone_control rosrpc://itachi-HP-Pavilion-Laptop-15-cc1xx:45995
[rosmaster.master][INFO] 2019-12-29 03:21:44,170: publisherUpdate[/rosout] -> http://itachi-HP-Pavilion-Laptop-15-cc1xx:38503/ ['http://itachi-HP-Pavilion-Laptop-15-cc1xx:41965/', 'http://itachi-HP-Pavilion-Laptop-15-cc1xx:45977/', 'http://itachi-HP-Pavilion-Laptop-15-cc1xx:33609/', 'http://itachi-HP-Pavilion-Laptop-15-cc1xx:38233/', 'http://itachi-HP-Pavilion-Laptop-15-cc1xx:37993/']
[rosmaster.master][INFO] 2019-12-29 03:21:44,171: publisherUpdate[/rosout] -> http://itachi-HP-Pavilion-Laptop-15-cc1xx:38503/ ['http://itachi-HP-Pavilion-Laptop-15-cc1xx:41965/', 'http://itachi-HP-Pavilion-Laptop-15-cc1xx:45977/', 'http://itachi-HP-Pavilion-Laptop-15-cc1xx:33609/', 'http://itachi-HP-Pavilion-Laptop-15-cc1xx:38233/', 'http://itachi-HP-Pavilion-Laptop-15-cc1xx:37993/']: sec=0.00, result=[1, '', 0]
[rosmaster.master][INFO] 2019-12-29 03:21:44,171: publisherUpdate[/drone_command] -> http://itachi-HP-Pavilion-Laptop-15-cc1xx:37993/ []
[rosmaster.master][INFO] 2019-12-29 03:21:44,172: publisherUpdate[/drone_command] -> http://itachi-HP-Pavilion-Laptop-15-cc1xx:37993/ []: sec=0.00, result=[1, '', 0]
[rosmaster.master][INFO] 2019-12-29 03:21:45,975: -PUB [/rosout] /DroneNode http://itachi-HP-Pavilion-Laptop-15-cc1xx:37993/
[rosmaster.master][INFO] 2019-12-29 03:21:45,975: publisherUpdate[/rosout] -> http://itachi-HP-Pavilion-Laptop-15-cc1xx:38503/ ['http://itachi-HP-Pavilion-Laptop-15-cc1xx:41965/', 'http://itachi-HP-Pavilion-Laptop-15-cc1xx:45977/', 'http://itachi-HP-Pavilion-Laptop-15-cc1xx:33609/', 'http://itachi-HP-Pavilion-Laptop-15-cc1xx:38233/']
[rosmaster.master][INFO] 2019-12-29 03:21:45,976: publisherUpdate[/rosout] -> http://itachi-HP-Pavilion-Laptop-15-cc1xx:38503/ ['http://itachi-HP-Pavilion-Laptop-15-cc1xx:41965/', 'http://itachi-HP-Pavilion-Laptop-15-cc1xx:45977/', 'http://itachi-HP-Pavilion-Laptop-15-cc1xx:33609/', 'http://itachi-HP-Pavilion-Laptop-15-cc1xx:38233/']: sec=0.00, result=[1, '', 0]
[rosmaster.master][INFO] 2019-12-29 03:21:45,977: -SUB [/drone_command] /DroneNode http://itachi-HP-Pavilion-Laptop-15-cc1xx:37993/
[rosmaster.master][INFO] 2019-12-29 03:21:45,977: -SERVICE [/DroneNode/get_loggers] /DroneNode rosrpc://itachi-HP-Pavilion-Laptop-15-cc1xx:34387
[rosmaster.master][INFO] 2019-12-29 03:21:45,978: -SERVICE [/DroneNode/set_logger_level] /DroneNode rosrpc://itachi-HP-Pavilion-Laptop-15-cc1xx:34387
[rosmaster.master][INFO] 2019-12-29 03:21:48,199: +PUB [/rosout] /DroneNode http://itachi-HP-Pavilion-Laptop-15-cc1xx:38633/
[rosmaster.master][INFO] 2019-12-29 03:21:48,201: +SERVICE [/DroneNode/get_loggers] /DroneNode http://itachi-HP-Pavilion-Laptop-15-cc1xx:38633/
[rosmaster.master][INFO] 2019-12-29 03:21:48,202: +SERVICE [/DroneNode/set_logger_level] /DroneNode http://itachi-HP-Pavilion-Laptop-15-cc1xx:38633/
[rosmaster.master][INFO] 2019-12-29 03:21:48,210: +SUB [/drone_command] /DroneNode http://itachi-HP-Pavilion-Laptop-15-cc1xx:38633/
[rosmaster.master][INFO] 2019-12-29 03:21:48,281: publisherUpdate[/rosout] -> http://itachi-HP-Pavilion-Laptop-15-cc1xx:38503/ ['http://itachi-HP-Pavilion-Laptop-15-cc1xx:41965/', 'http://itachi-HP-Pavilion-Laptop-15-cc1xx:45977/', 'http://itachi-HP-Pavilion-Laptop-15-cc1xx:33609/', 'http://itachi-HP-Pavilion-Laptop-15-cc1xx:38233/', 'http://itachi-HP-Pavilion-Laptop-15-cc1xx:38633/']
[rosmaster.master][INFO] 2019-12-29 03:21:48,284: publisherUpdate[/rosout] -> http://itachi-HP-Pavilion-Laptop-15-cc1xx:38503/ ['http://itachi-HP-Pavilion-Laptop-15-cc1xx:41965/', 'http://itachi-HP-Pavilion-Laptop-15-cc1xx:45977/', 'http://itachi-HP-Pavilion-Laptop-15-cc1xx:33609/', 'http://itachi-HP-Pavilion-Laptop-15-cc1xx:38233/', 'http://itachi-HP-Pavilion-Laptop-15-cc1xx:38633/']: sec=0.00, result=[1, '', 0]
[rosmaster.master][INFO] 2019-12-29 03:21:51,292: -PUB [/rosout_agg] /rosout http://itachi-HP-Pavilion-Laptop-15-cc1xx:38503/
[rosmaster.master][INFO] 2019-12-29 03:21:51,293: -SUB [/rosout] /rosout http://itachi-HP-Pavilion-Laptop-15-cc1xx:38503/
[rosmaster.master][INFO] 2019-12-29 03:21:51,294: -SERVICE [/rosout/get_loggers] /rosout rosrpc://itachi-HP-Pavilion-Laptop-15-cc1xx:52583
[rosmaster.master][INFO] 2019-12-29 03:21:51,296: -SERVICE [/rosout/set_logger_level] /rosout rosrpc://itachi-HP-Pavilion-Laptop-15-cc1xx:52583
[rosmaster.main][INFO] 2019-12-29 03:21:51,342: keyboard interrupt, will exit
[rosmaster.main][INFO] 2019-12-29 03:21:51,342: stopping master...
[rospy.core][INFO] 2019-12-29 03:21:51,342: signal_shutdown [atexit]
