[rosmaster.main][INFO] 2019-11-26 18:17:13,721: initialization complete, waiting for shutdown
[rosmaster.main][INFO] 2019-11-26 18:17:13,722: Starting ROS Master Node
[xmlrpc][INFO] 2019-11-26 18:17:13,722: XML-RPC server binding to 0.0.0.0:11311
[xmlrpc][INFO] 2019-11-26 18:17:13,723: Started XML-RPC server [http://itachi-HP-Pavilion-Laptop-15-cc1xx:11311/]
[xmlrpc][INFO] 2019-11-26 18:17:13,723: xml rpc node: starting XML-RPC server
[rosmaster.master][INFO] 2019-11-26 18:17:13,723: Master initialized: port[11311], uri[http://itachi-HP-Pavilion-Laptop-15-cc1xx:11311/]
[rosmaster.master][INFO] 2019-11-26 18:17:13,791: +PARAM [/run_id] by /roslaunch
[rosmaster.master][INFO] 2019-11-26 18:17:13,794: +PARAM [/roslaunch/uris/host_itachi_hp_pavilion_laptop_15_cc1xx__43819] by /roslaunch
[rosmaster.master][INFO] 2019-11-26 18:17:13,895: +PARAM [/use_sim_time] by /roslaunch
[rosmaster.master][INFO] 2019-11-26 18:17:13,895: +PARAM [/edrone/roll_pitch_yawrate_thrust_controller_node/angular_rate_gain/z] by /roslaunch
[rosmaster.master][INFO] 2019-11-26 18:17:13,895: +PARAM [/edrone/roll_pitch_yawrate_thrust_controller_node/angular_rate_gain/x] by /roslaunch
[rosmaster.master][INFO] 2019-11-26 18:17:13,895: +PARAM [/edrone/roll_pitch_yawrate_thrust_controller_node/angular_rate_gain/y] by /roslaunch
[rosmaster.master][INFO] 2019-11-26 18:17:13,895: +PARAM [/edrone/roll_pitch_yawrate_thrust_controller_node/inertia/yy] by /roslaunch
[rosmaster.master][INFO] 2019-11-26 18:17:13,896: +PARAM [/edrone/roll_pitch_yawrate_thrust_controller_node/rotor_configuration/2/arm_length] by /roslaunch
[rosmaster.master][INFO] 2019-11-26 18:17:13,896: +PARAM [/edrone/roll_pitch_yawrate_thrust_controller_node/attitude_gain/y] by /roslaunch
[rosmaster.master][INFO] 2019-11-26 18:17:13,896: +PARAM [/edrone/roll_pitch_yawrate_thrust_controller_node/attitude_gain/x] by /roslaunch
[rosmaster.master][INFO] 2019-11-26 18:17:13,896: +PARAM [/edrone/roll_pitch_yawrate_thrust_controller_node/rotor_configuration/1/rotor_force_constant] by /roslaunch
[rosmaster.master][INFO] 2019-11-26 18:17:13,896: +PARAM [/edrone/roll_pitch_yawrate_thrust_controller_node/attitude_gain/z] by /roslaunch
[rosmaster.master][INFO] 2019-11-26 18:17:13,896: +PARAM [/edrone/roll_pitch_yawrate_thrust_controller_node/rotor_configuration/3/rotor_force_constant] by /roslaunch
[rosmaster.master][INFO] 2019-11-26 18:17:13,896: +PARAM [/edrone/roll_pitch_yawrate_thrust_controller_node/rotor_configuration/1/arm_length] by /roslaunch
[rosmaster.master][INFO] 2019-11-26 18:17:13,896: +PARAM [/edrone/roll_pitch_yawrate_thrust_controller_node/rotor_configuration/1/angle] by /roslaunch
[rosmaster.master][INFO] 2019-11-26 18:17:13,896: +PARAM [/edrone/roll_pitch_yawrate_thrust_controller_node/rotor_configuration/3/rotor_moment_constant] by /roslaunch
[rosmaster.master][INFO] 2019-11-26 18:17:13,897: +SERVICE [/rosout/get_loggers] /rosout http://itachi-HP-Pavilion-Laptop-15-cc1xx:41645/
[rosmaster.master][INFO] 2019-11-26 18:17:13,897: +PARAM [/edrone/roll_pitch_yawrate_thrust_controller_node/inertia/yz] by /roslaunch
[rosmaster.master][INFO] 2019-11-26 18:17:13,897: +PARAM [/edrone/roll_pitch_yawrate_thrust_controller_node/rotor_configuration/3/angle] by /roslaunch
[rosmaster.master][INFO] 2019-11-26 18:17:13,897: +SERVICE [/rosout/set_logger_level] /rosout http://itachi-HP-Pavilion-Laptop-15-cc1xx:41645/
[rosmaster.master][INFO] 2019-11-26 18:17:13,898: +PARAM [/edrone/roll_pitch_yawrate_thrust_controller_node/rotor_configuration/0/angle] by /roslaunch
[rosmaster.master][INFO] 2019-11-26 18:17:13,898: +PARAM [/edrone/tf_prefix] by /roslaunch
[rosmaster.master][INFO] 2019-11-26 18:17:13,898: +PARAM [/edrone/roll_pitch_yawrate_thrust_controller_node/rotor_configuration/0/direction] by /roslaunch
[rosmaster.master][INFO] 2019-11-26 18:17:13,898: +PARAM [/edrone/roll_pitch_yawrate_thrust_controller_node/rotor_configuration/1/direction] by /roslaunch
[rosmaster.master][INFO] 2019-11-26 18:17:13,899: +PARAM [/edrone/roll_pitch_yawrate_thrust_controller_node/rotor_configuration/2/rotor_moment_constant] by /roslaunch
[rosmaster.master][INFO] 2019-11-26 18:17:13,899: +PARAM [/whycon/inner_diameter] by /roslaunch
[rosmaster.master][INFO] 2019-11-26 18:17:13,899: +PARAM [/edrone/roll_pitch_yawrate_thrust_controller_node/rotor_configuration/3/arm_length] by /roslaunch
[rosmaster.master][INFO] 2019-11-26 18:17:13,899: +PARAM [/edrone/roll_pitch_yawrate_thrust_controller_node/rotor_configuration/0/rotor_force_constant] by /roslaunch
[rosmaster.master][INFO] 2019-11-26 18:17:13,900: +PARAM [/edrone/roll_pitch_yawrate_thrust_controller_node/rotor_configuration/2/rotor_force_constant] by /roslaunch
[rosmaster.master][INFO] 2019-11-26 18:17:13,900: +PARAM [/rosdistro] by /roslaunch
[rosmaster.master][INFO] 2019-11-26 18:17:13,900: +PARAM [/edrone/roll_pitch_yawrate_thrust_controller_node/rotor_configuration/3/direction] by /roslaunch
[rosmaster.master][INFO] 2019-11-26 18:17:13,900: +PARAM [/edrone/roll_pitch_yawrate_thrust_controller_node/mass] by /roslaunch
[rosmaster.master][INFO] 2019-11-26 18:17:13,901: +PARAM [/rosversion] by /roslaunch
[rosmaster.master][INFO] 2019-11-26 18:17:13,901: +PARAM [/edrone/roll_pitch_yawrate_thrust_controller_node/rotor_configuration/0/rotor_moment_constant] by /roslaunch
[rosmaster.master][INFO] 2019-11-26 18:17:13,901: +PARAM [/edrone/roll_pitch_yawrate_thrust_controller_node/rotor_configuration/2/direction] by /roslaunch
[rosmaster.master][INFO] 2019-11-26 18:17:13,902: +PARAM [/edrone/robot_description] by /roslaunch
[rosmaster.master][INFO] 2019-11-26 18:17:13,902: +PARAM [/whycon/name] by /roslaunch
[rosmaster.master][INFO] 2019-11-26 18:17:13,902: +PARAM [/whycon/targets] by /roslaunch
[rosmaster.master][INFO] 2019-11-26 18:17:13,902: +PARAM [/edrone/roll_pitch_yawrate_thrust_controller_node/inertia/xz] by /roslaunch
[rosmaster.master][INFO] 2019-11-26 18:17:13,903: +PARAM [/edrone/roll_pitch_yawrate_thrust_controller_node/rotor_configuration/0/arm_length] by /roslaunch
[rosmaster.master][INFO] 2019-11-26 18:17:13,903: +PARAM [/edrone/roll_pitch_yawrate_thrust_controller_node/inertia/xx] by /roslaunch
[rosmaster.master][INFO] 2019-11-26 18:17:13,903: +PARAM [/edrone/roll_pitch_yawrate_thrust_controller_node/inertia/xy] by /roslaunch
[rosmaster.master][INFO] 2019-11-26 18:17:13,903: +PARAM [/edrone/roll_pitch_yawrate_thrust_controller_node/inertia/zz] by /roslaunch
[rosmaster.master][INFO] 2019-11-26 18:17:13,903: +SUB [/clock] /rosout http://itachi-HP-Pavilion-Laptop-15-cc1xx:41645/
[rosmaster.master][INFO] 2019-11-26 18:17:13,904: +PARAM [/edrone/roll_pitch_yawrate_thrust_controller_node/rotor_configuration/2/angle] by /roslaunch
[rosmaster.master][INFO] 2019-11-26 18:17:13,904: +PARAM [/whycon/outer_diameter] by /roslaunch
[rosmaster.master][INFO] 2019-11-26 18:17:13,904: +PARAM [/edrone/roll_pitch_yawrate_thrust_controller_node/rotor_configuration/1/rotor_moment_constant] by /roslaunch
[rosmaster.master][INFO] 2019-11-26 18:17:13,905: +PUB [/rosout_agg] /rosout http://itachi-HP-Pavilion-Laptop-15-cc1xx:41645/
[rosmaster.master][INFO] 2019-11-26 18:17:13,907: +SUB [/rosout] /rosout http://itachi-HP-Pavilion-Laptop-15-cc1xx:41645/
[rosmaster.master][INFO] 2019-11-26 18:17:13,940: +PUB [/rosout] /edrone/rotors_edrone_interface http://itachi-HP-Pavilion-Laptop-15-cc1xx:38387/
[rosmaster.master][INFO] 2019-11-26 18:17:13,941: +SERVICE [/edrone/rotors_edrone_interface/get_loggers] /edrone/rotors_edrone_interface http://itachi-HP-Pavilion-Laptop-15-cc1xx:38387/
[rosmaster.master][INFO] 2019-11-26 18:17:13,941: +SERVICE [/edrone/rotors_edrone_interface/set_logger_level] /edrone/rotors_edrone_interface http://itachi-HP-Pavilion-Laptop-15-cc1xx:38387/
[rosmaster.master][INFO] 2019-11-26 18:17:13,948: +SUB [/clock] /edrone/rotors_edrone_interface http://itachi-HP-Pavilion-Laptop-15-cc1xx:38387/
[rosmaster.master][INFO] 2019-11-26 18:17:13,950: +PUB [/edrone/command/roll_pitch_yawrate_thrust] /edrone/rotors_edrone_interface http://itachi-HP-Pavilion-Laptop-15-cc1xx:38387/
[rosmaster.master][INFO] 2019-11-26 18:17:13,956: +PUB [/rosout] /edrone/roll_pitch_yawrate_thrust_controller_node http://itachi-HP-Pavilion-Laptop-15-cc1xx:32789/
[rosmaster.master][INFO] 2019-11-26 18:17:13,958: +SERVICE [/edrone/roll_pitch_yawrate_thrust_controller_node/get_loggers] /edrone/roll_pitch_yawrate_thrust_controller_node http://itachi-HP-Pavilion-Laptop-15-cc1xx:32789/
[rosmaster.master][INFO] 2019-11-26 18:17:13,960: +SERVICE [/edrone/roll_pitch_yawrate_thrust_controller_node/set_logger_level] /edrone/roll_pitch_yawrate_thrust_controller_node http://itachi-HP-Pavilion-Laptop-15-cc1xx:32789/
[rosmaster.master][INFO] 2019-11-26 18:17:13,973: +SUB [/clock] /edrone/roll_pitch_yawrate_thrust_controller_node http://itachi-HP-Pavilion-Laptop-15-cc1xx:32789/
[rosmaster.master][INFO] 2019-11-26 18:17:13,987: +SUB [/drone_command] /edrone/rotors_edrone_interface http://itachi-HP-Pavilion-Laptop-15-cc1xx:38387/
[rosmaster.master][INFO] 2019-11-26 18:17:13,988: +PUB [/rosout] /edrone/robot_state_publisher http://itachi-HP-Pavilion-Laptop-15-cc1xx:45915/
[rosmaster.master][INFO] 2019-11-26 18:17:13,990: +SERVICE [/edrone/robot_state_publisher/get_loggers] /edrone/robot_state_publisher http://itachi-HP-Pavilion-Laptop-15-cc1xx:45915/
[rosmaster.master][INFO] 2019-11-26 18:17:13,992: +SERVICE [/edrone/robot_state_publisher/set_logger_level] /edrone/robot_state_publisher http://itachi-HP-Pavilion-Laptop-15-cc1xx:45915/
[rosmaster.master][INFO] 2019-11-26 18:17:14,011: +PUB [/rosout] /whycon http://itachi-HP-Pavilion-Laptop-15-cc1xx:33237/
[rosmaster.master][INFO] 2019-11-26 18:17:14,012: +SUB [/clock] /edrone/robot_state_publisher http://itachi-HP-Pavilion-Laptop-15-cc1xx:45915/
[rosmaster.master][INFO] 2019-11-26 18:17:14,014: +SERVICE [/whycon/get_loggers] /whycon http://itachi-HP-Pavilion-Laptop-15-cc1xx:33237/
[rosmaster.master][INFO] 2019-11-26 18:17:14,021: +SERVICE [/whycon/set_logger_level] /whycon http://itachi-HP-Pavilion-Laptop-15-cc1xx:33237/
[rosmaster.master][INFO] 2019-11-26 18:17:14,022: publisherUpdate[/rosout] -> http://itachi-HP-Pavilion-Laptop-15-cc1xx:41645/ ['http://itachi-HP-Pavilion-Laptop-15-cc1xx:38387/']
[rosmaster.master][INFO] 2019-11-26 18:17:14,026: publisherUpdate[/rosout] -> http://itachi-HP-Pavilion-Laptop-15-cc1xx:41645/ ['http://itachi-HP-Pavilion-Laptop-15-cc1xx:38387/']: sec=0.00, result=[1, '', 0]
[rosmaster.master][INFO] 2019-11-26 18:17:14,026: publisherUpdate[/rosout] -> http://itachi-HP-Pavilion-Laptop-15-cc1xx:41645/ ['http://itachi-HP-Pavilion-Laptop-15-cc1xx:38387/', 'http://itachi-HP-Pavilion-Laptop-15-cc1xx:32789/']
[rosmaster.master][INFO] 2019-11-26 18:17:14,027: +PUB [/rosout] /whycon_display/image_view http://itachi-HP-Pavilion-Laptop-15-cc1xx:42103/
[rosmaster.master][INFO] 2019-11-26 18:17:14,028: publisherUpdate[/rosout] -> http://itachi-HP-Pavilion-Laptop-15-cc1xx:41645/ ['http://itachi-HP-Pavilion-Laptop-15-cc1xx:38387/', 'http://itachi-HP-Pavilion-Laptop-15-cc1xx:32789/']: sec=0.00, result=[1, '', 0]
[rosmaster.master][INFO] 2019-11-26 18:17:14,028: publisherUpdate[/rosout] -> http://itachi-HP-Pavilion-Laptop-15-cc1xx:41645/ ['http://itachi-HP-Pavilion-Laptop-15-cc1xx:38387/', 'http://itachi-HP-Pavilion-Laptop-15-cc1xx:32789/', 'http://itachi-HP-Pavilion-Laptop-15-cc1xx:45915/']
[rosmaster.master][INFO] 2019-11-26 18:17:14,030: publisherUpdate[/rosout] -> http://itachi-HP-Pavilion-Laptop-15-cc1xx:41645/ ['http://itachi-HP-Pavilion-Laptop-15-cc1xx:38387/', 'http://itachi-HP-Pavilion-Laptop-15-cc1xx:32789/', 'http://itachi-HP-Pavilion-Laptop-15-cc1xx:45915/']: sec=0.00, result=[1, '', 0]
[rosmaster.master][INFO] 2019-11-26 18:17:14,031: publisherUpdate[/rosout] -> http://itachi-HP-Pavilion-Laptop-15-cc1xx:41645/ ['http://itachi-HP-Pavilion-Laptop-15-cc1xx:38387/', 'http://itachi-HP-Pavilion-Laptop-15-cc1xx:32789/', 'http://itachi-HP-Pavilion-Laptop-15-cc1xx:45915/', 'http://itachi-HP-Pavilion-Laptop-15-cc1xx:33237/']
[rosmaster.master][INFO] 2019-11-26 18:17:14,031: +PUB [/tf] /edrone/robot_state_publisher http://itachi-HP-Pavilion-Laptop-15-cc1xx:45915/
[rosmaster.master][INFO] 2019-11-26 18:17:14,032: publisherUpdate[/rosout] -> http://itachi-HP-Pavilion-Laptop-15-cc1xx:41645/ ['http://itachi-HP-Pavilion-Laptop-15-cc1xx:38387/', 'http://itachi-HP-Pavilion-Laptop-15-cc1xx:32789/', 'http://itachi-HP-Pavilion-Laptop-15-cc1xx:45915/', 'http://itachi-HP-Pavilion-Laptop-15-cc1xx:33237/']: sec=0.00, result=[1, '', 0]
[rosmaster.master][INFO] 2019-11-26 18:17:14,033: +SERVICE [/whycon_display/image_view/get_loggers] /whycon_display/image_view http://itachi-HP-Pavilion-Laptop-15-cc1xx:42103/
[rosmaster.master][INFO] 2019-11-26 18:17:14,033: publisherUpdate[/rosout] -> http://itachi-HP-Pavilion-Laptop-15-cc1xx:41645/ ['http://itachi-HP-Pavilion-Laptop-15-cc1xx:38387/', 'http://itachi-HP-Pavilion-Laptop-15-cc1xx:32789/', 'http://itachi-HP-Pavilion-Laptop-15-cc1xx:45915/', 'http://itachi-HP-Pavilion-Laptop-15-cc1xx:33237/', 'http://itachi-HP-Pavilion-Laptop-15-cc1xx:42103/']
[rosmaster.master][INFO] 2019-11-26 18:17:14,035: publisherUpdate[/rosout] -> http://itachi-HP-Pavilion-Laptop-15-cc1xx:41645/ ['http://itachi-HP-Pavilion-Laptop-15-cc1xx:38387/', 'http://itachi-HP-Pavilion-Laptop-15-cc1xx:32789/', 'http://itachi-HP-Pavilion-Laptop-15-cc1xx:45915/', 'http://itachi-HP-Pavilion-Laptop-15-cc1xx:33237/', 'http://itachi-HP-Pavilion-Laptop-15-cc1xx:42103/']: sec=0.00, result=[1, '', 0]
[rosmaster.master][INFO] 2019-11-26 18:17:14,036: +PUB [/tf_static] /edrone/robot_state_publisher http://itachi-HP-Pavilion-Laptop-15-cc1xx:45915/
[rosmaster.master][INFO] 2019-11-26 18:17:14,038: +SERVICE [/whycon_display/image_view/set_logger_level] /whycon_display/image_view http://itachi-HP-Pavilion-Laptop-15-cc1xx:42103/
[rosmaster.master][INFO] 2019-11-26 18:17:14,048: +SUB [/clock] /whycon http://itachi-HP-Pavilion-Laptop-15-cc1xx:33237/
[rosmaster.master][INFO] 2019-11-26 18:17:14,057: +SUB [/clock] /whycon_display/image_view http://itachi-HP-Pavilion-Laptop-15-cc1xx:42103/
[rosmaster.master][INFO] 2019-11-26 18:17:14,062: +SUB [/edrone/joint_states] /edrone/robot_state_publisher http://itachi-HP-Pavilion-Laptop-15-cc1xx:45915/
[rosmaster.master][INFO] 2019-11-26 18:17:14,099: +PUB [/tf] /whycon http://itachi-HP-Pavilion-Laptop-15-cc1xx:33237/
[rosmaster.master][INFO] 2019-11-26 18:17:14,107: +SUB [/gazebo/overhead_cam/image_rect_color] /whycon http://itachi-HP-Pavilion-Laptop-15-cc1xx:33237/
[rosmaster.master][INFO] 2019-11-26 18:17:14,115: +SUB [/gazebo/overhead_cam/camera_info] /whycon http://itachi-HP-Pavilion-Laptop-15-cc1xx:33237/
[rosmaster.master][INFO] 2019-11-26 18:17:14,116: +PUB [/whycon/image_out] /whycon http://itachi-HP-Pavilion-Laptop-15-cc1xx:33237/
[rosmaster.master][INFO] 2019-11-26 18:17:14,117: +PUB [/whycon/poses] /whycon http://itachi-HP-Pavilion-Laptop-15-cc1xx:33237/
[rosmaster.master][INFO] 2019-11-26 18:17:14,118: +PUB [/whycon/context] /whycon http://itachi-HP-Pavilion-Laptop-15-cc1xx:33237/
[rosmaster.master][INFO] 2019-11-26 18:17:14,119: +PUB [/whycon/projection] /whycon http://itachi-HP-Pavilion-Laptop-15-cc1xx:33237/
[rosmaster.master][INFO] 2019-11-26 18:17:14,120: +SERVICE [/whycon/reset] /whycon http://itachi-HP-Pavilion-Laptop-15-cc1xx:33237/
[rosmaster.master][INFO] 2019-11-26 18:17:14,298: +SUB [/whycon/image_out] /whycon_display/image_view http://itachi-HP-Pavilion-Laptop-15-cc1xx:42103/
[rosmaster.master][INFO] 2019-11-26 18:17:14,299: +PUB [/whycon_display/image_view/output] /whycon_display/image_view http://itachi-HP-Pavilion-Laptop-15-cc1xx:42103/
[rosmaster.master][INFO] 2019-11-26 18:17:14,300: +SERVICE [/whycon_display/image_view/set_parameters] /whycon_display/image_view http://itachi-HP-Pavilion-Laptop-15-cc1xx:42103/
[rosmaster.master][INFO] 2019-11-26 18:17:14,300: +PUB [/whycon_display/image_view/parameter_descriptions] /whycon_display/image_view http://itachi-HP-Pavilion-Laptop-15-cc1xx:42103/
[rosmaster.master][INFO] 2019-11-26 18:17:14,301: +PUB [/whycon_display/image_view/parameter_updates] /whycon_display/image_view http://itachi-HP-Pavilion-Laptop-15-cc1xx:42103/
[rosmaster.master][INFO] 2019-11-26 18:17:14,304: +PARAM [/whycon_display/image_view/do_dynamic_scaling] by /whycon_display/image_view
[rosmaster.master][INFO] 2019-11-26 18:17:14,304: +PARAM [/whycon_display/image_view/colormap] by /whycon_display/image_view
[rosmaster.master][INFO] 2019-11-26 18:17:14,305: +PARAM [/whycon_display/image_view/min_image_value] by /whycon_display/image_view
[rosmaster.master][INFO] 2019-11-26 18:17:14,306: +PARAM [/whycon_display/image_view/max_image_value] by /whycon_display/image_view
[rosmaster.master][INFO] 2019-11-26 18:17:14,306: +PARAM [/whycon_display/image_view/do_dynamic_scaling] by /whycon_display/image_view
[rosmaster.master][INFO] 2019-11-26 18:17:14,307: +PARAM [/whycon_display/image_view/colormap] by /whycon_display/image_view
[rosmaster.master][INFO] 2019-11-26 18:17:14,308: +PARAM [/whycon_display/image_view/min_image_value] by /whycon_display/image_view
[rosmaster.master][INFO] 2019-11-26 18:17:14,308: +PARAM [/whycon_display/image_view/max_image_value] by /whycon_display/image_view
[rosmaster.master][INFO] 2019-11-26 18:17:14,338: -PUB [/rosout] /edrone/roll_pitch_yawrate_thrust_controller_node http://itachi-HP-Pavilion-Laptop-15-cc1xx:32789/
[rosmaster.master][INFO] 2019-11-26 18:17:14,338: -SUB [/clock] /edrone/roll_pitch_yawrate_thrust_controller_node http://itachi-HP-Pavilion-Laptop-15-cc1xx:32789/
[rosmaster.master][INFO] 2019-11-26 18:17:14,339: -SERVICE [/edrone/roll_pitch_yawrate_thrust_controller_node/get_loggers] /edrone/roll_pitch_yawrate_thrust_controller_node rosrpc://itachi-HP-Pavilion-Laptop-15-cc1xx:60117
[rosmaster.master][INFO] 2019-11-26 18:17:14,340: -SERVICE [/edrone/roll_pitch_yawrate_thrust_controller_node/set_logger_level] /edrone/roll_pitch_yawrate_thrust_controller_node rosrpc://itachi-HP-Pavilion-Laptop-15-cc1xx:60117
[rosmaster.master][INFO] 2019-11-26 18:17:14,349: +PUB [/rosout] /edrone/roll_pitch_yawrate_thrust_controller_node http://itachi-HP-Pavilion-Laptop-15-cc1xx:43339/
[rosmaster.master][INFO] 2019-11-26 18:17:14,349: +SERVICE [/edrone/roll_pitch_yawrate_thrust_controller_node/get_loggers] /edrone/roll_pitch_yawrate_thrust_controller_node http://itachi-HP-Pavilion-Laptop-15-cc1xx:43339/
[rosmaster.master][INFO] 2019-11-26 18:17:14,350: +SERVICE [/edrone/roll_pitch_yawrate_thrust_controller_node/set_logger_level] /edrone/roll_pitch_yawrate_thrust_controller_node http://itachi-HP-Pavilion-Laptop-15-cc1xx:43339/
[rosmaster.master][INFO] 2019-11-26 18:17:14,354: +SUB [/clock] /edrone/roll_pitch_yawrate_thrust_controller_node http://itachi-HP-Pavilion-Laptop-15-cc1xx:43339/
[rosmaster.master][INFO] 2019-11-26 18:17:14,357: +SUB [/edrone/command/roll_pitch_yawrate_thrust] /edrone/roll_pitch_yawrate_thrust_controller_node http://itachi-HP-Pavilion-Laptop-15-cc1xx:43339/
[rosmaster.master][INFO] 2019-11-26 18:17:14,362: +SUB [/edrone/odometry_sensor1/odometry] /edrone/roll_pitch_yawrate_thrust_controller_node http://itachi-HP-Pavilion-Laptop-15-cc1xx:43339/
[rosmaster.master][INFO] 2019-11-26 18:17:14,363: +PUB [/edrone/command/motor_speed] /edrone/roll_pitch_yawrate_thrust_controller_node http://itachi-HP-Pavilion-Laptop-15-cc1xx:43339/
[rosmaster.master][INFO] 2019-11-26 18:17:14,389: +PUB [/rosout] /edrone/joint_state_publisher http://itachi-HP-Pavilion-Laptop-15-cc1xx:32929/
[rosmaster.master][INFO] 2019-11-26 18:17:14,394: +PUB [/rosout] /edrone/spawn_edrone http://itachi-HP-Pavilion-Laptop-15-cc1xx:33819/
[rosmaster.master][INFO] 2019-11-26 18:17:14,395: +SUB [/clock] /edrone/joint_state_publisher http://itachi-HP-Pavilion-Laptop-15-cc1xx:32929/
[rosmaster.master][INFO] 2019-11-26 18:17:14,397: +SERVICE [/edrone/joint_state_publisher/get_loggers] /edrone/joint_state_publisher http://itachi-HP-Pavilion-Laptop-15-cc1xx:32929/
[rosmaster.master][INFO] 2019-11-26 18:17:14,398: +SERVICE [/edrone/joint_state_publisher/set_logger_level] /edrone/joint_state_publisher http://itachi-HP-Pavilion-Laptop-15-cc1xx:32929/
[rosmaster.master][INFO] 2019-11-26 18:17:14,399: +SUB [/clock] /edrone/spawn_edrone http://itachi-HP-Pavilion-Laptop-15-cc1xx:33819/
[rosmaster.master][INFO] 2019-11-26 18:17:14,401: +SERVICE [/edrone/spawn_edrone/get_loggers] /edrone/spawn_edrone http://itachi-HP-Pavilion-Laptop-15-cc1xx:33819/
[rosmaster.master][INFO] 2019-11-26 18:17:14,402: +SERVICE [/edrone/spawn_edrone/set_logger_level] /edrone/spawn_edrone http://itachi-HP-Pavilion-Laptop-15-cc1xx:33819/
[rosmaster.master][INFO] 2019-11-26 18:17:14,408: +PUB [/rosout] /gazebo http://itachi-HP-Pavilion-Laptop-15-cc1xx:40977/
[rosmaster.master][INFO] 2019-11-26 18:17:14,410: +SERVICE [/gazebo/get_loggers] /gazebo http://itachi-HP-Pavilion-Laptop-15-cc1xx:40977/
[rosmaster.master][INFO] 2019-11-26 18:17:14,412: +SERVICE [/gazebo/set_logger_level] /gazebo http://itachi-HP-Pavilion-Laptop-15-cc1xx:40977/
[rosmaster.master][INFO] 2019-11-26 18:17:14,419: +SUB [/clock] /gazebo http://itachi-HP-Pavilion-Laptop-15-cc1xx:40977/
[rosmaster.master][INFO] 2019-11-26 18:17:14,423: publisherUpdate[/rosout] -> http://itachi-HP-Pavilion-Laptop-15-cc1xx:41645/ ['http://itachi-HP-Pavilion-Laptop-15-cc1xx:38387/', 'http://itachi-HP-Pavilion-Laptop-15-cc1xx:45915/', 'http://itachi-HP-Pavilion-Laptop-15-cc1xx:33237/', 'http://itachi-HP-Pavilion-Laptop-15-cc1xx:42103/']
[rosmaster.master][INFO] 2019-11-26 18:17:14,424: publisherUpdate[/rosout] -> http://itachi-HP-Pavilion-Laptop-15-cc1xx:41645/ ['http://itachi-HP-Pavilion-Laptop-15-cc1xx:38387/', 'http://itachi-HP-Pavilion-Laptop-15-cc1xx:45915/', 'http://itachi-HP-Pavilion-Laptop-15-cc1xx:33237/', 'http://itachi-HP-Pavilion-Laptop-15-cc1xx:42103/']: sec=0.00, result=[1, '', 0]
[rosmaster.master][INFO] 2019-11-26 18:17:14,424: publisherUpdate[/rosout] -> http://itachi-HP-Pavilion-Laptop-15-cc1xx:41645/ ['http://itachi-HP-Pavilion-Laptop-15-cc1xx:38387/', 'http://itachi-HP-Pavilion-Laptop-15-cc1xx:45915/', 'http://itachi-HP-Pavilion-Laptop-15-cc1xx:33237/', 'http://itachi-HP-Pavilion-Laptop-15-cc1xx:42103/', 'http://itachi-HP-Pavilion-Laptop-15-cc1xx:43339/']
[rosmaster.master][INFO] 2019-11-26 18:17:14,425: publisherUpdate[/rosout] -> http://itachi-HP-Pavilion-Laptop-15-cc1xx:41645/ ['http://itachi-HP-Pavilion-Laptop-15-cc1xx:38387/', 'http://itachi-HP-Pavilion-Laptop-15-cc1xx:45915/', 'http://itachi-HP-Pavilion-Laptop-15-cc1xx:33237/', 'http://itachi-HP-Pavilion-Laptop-15-cc1xx:42103/', 'http://itachi-HP-Pavilion-Laptop-15-cc1xx:43339/']: sec=0.00, result=[1, '', 0]
[rosmaster.master][INFO] 2019-11-26 18:17:14,425: publisherUpdate[/rosout] -> http://itachi-HP-Pavilion-Laptop-15-cc1xx:41645/ ['http://itachi-HP-Pavilion-Laptop-15-cc1xx:38387/', 'http://itachi-HP-Pavilion-Laptop-15-cc1xx:45915/', 'http://itachi-HP-Pavilion-Laptop-15-cc1xx:33237/', 'http://itachi-HP-Pavilion-Laptop-15-cc1xx:42103/', 'http://itachi-HP-Pavilion-Laptop-15-cc1xx:43339/', 'http://itachi-HP-Pavilion-Laptop-15-cc1xx:32929/']
[rosmaster.master][INFO] 2019-11-26 18:17:14,426: publisherUpdate[/rosout] -> http://itachi-HP-Pavilion-Laptop-15-cc1xx:41645/ ['http://itachi-HP-Pavilion-Laptop-15-cc1xx:38387/', 'http://itachi-HP-Pavilion-Laptop-15-cc1xx:45915/', 'http://itachi-HP-Pavilion-Laptop-15-cc1xx:33237/', 'http://itachi-HP-Pavilion-Laptop-15-cc1xx:42103/', 'http://itachi-HP-Pavilion-Laptop-15-cc1xx:43339/', 'http://itachi-HP-Pavilion-Laptop-15-cc1xx:32929/']: sec=0.00, result=[1, '', 0]
[rosmaster.master][INFO] 2019-11-26 18:17:14,426: publisherUpdate[/rosout] -> http://itachi-HP-Pavilion-Laptop-15-cc1xx:41645/ ['http://itachi-HP-Pavilion-Laptop-15-cc1xx:38387/', 'http://itachi-HP-Pavilion-Laptop-15-cc1xx:45915/', 'http://itachi-HP-Pavilion-Laptop-15-cc1xx:33237/', 'http://itachi-HP-Pavilion-Laptop-15-cc1xx:42103/', 'http://itachi-HP-Pavilion-Laptop-15-cc1xx:43339/', 'http://itachi-HP-Pavilion-Laptop-15-cc1xx:32929/', 'http://itachi-HP-Pavilion-Laptop-15-cc1xx:33819/']
[rosmaster.master][INFO] 2019-11-26 18:17:14,427: publisherUpdate[/rosout] -> http://itachi-HP-Pavilion-Laptop-15-cc1xx:41645/ ['http://itachi-HP-Pavilion-Laptop-15-cc1xx:38387/', 'http://itachi-HP-Pavilion-Laptop-15-cc1xx:45915/', 'http://itachi-HP-Pavilion-Laptop-15-cc1xx:33237/', 'http://itachi-HP-Pavilion-Laptop-15-cc1xx:42103/', 'http://itachi-HP-Pavilion-Laptop-15-cc1xx:43339/', 'http://itachi-HP-Pavilion-Laptop-15-cc1xx:32929/', 'http://itachi-HP-Pavilion-Laptop-15-cc1xx:33819/']: sec=0.00, result=[1, '', 0]
[rosmaster.master][INFO] 2019-11-26 18:17:14,427: publisherUpdate[/rosout] -> http://itachi-HP-Pavilion-Laptop-15-cc1xx:41645/ ['http://itachi-HP-Pavilion-Laptop-15-cc1xx:38387/', 'http://itachi-HP-Pavilion-Laptop-15-cc1xx:45915/', 'http://itachi-HP-Pavilion-Laptop-15-cc1xx:33237/', 'http://itachi-HP-Pavilion-Laptop-15-cc1xx:42103/', 'http://itachi-HP-Pavilion-Laptop-15-cc1xx:43339/', 'http://itachi-HP-Pavilion-Laptop-15-cc1xx:32929/', 'http://itachi-HP-Pavilion-Laptop-15-cc1xx:33819/', 'http://itachi-HP-Pavilion-Laptop-15-cc1xx:40977/']
[rosmaster.master][INFO] 2019-11-26 18:17:14,428: publisherUpdate[/rosout] -> http://itachi-HP-Pavilion-Laptop-15-cc1xx:41645/ ['http://itachi-HP-Pavilion-Laptop-15-cc1xx:38387/', 'http://itachi-HP-Pavilion-Laptop-15-cc1xx:45915/', 'http://itachi-HP-Pavilion-Laptop-15-cc1xx:33237/', 'http://itachi-HP-Pavilion-Laptop-15-cc1xx:42103/', 'http://itachi-HP-Pavilion-Laptop-15-cc1xx:43339/', 'http://itachi-HP-Pavilion-Laptop-15-cc1xx:32929/', 'http://itachi-HP-Pavilion-Laptop-15-cc1xx:33819/', 'http://itachi-HP-Pavilion-Laptop-15-cc1xx:40977/']: sec=0.00, result=[1, '', 0]
[rosmaster.master][INFO] 2019-11-26 18:17:14,440: +PUB [/edrone/joint_states] /edrone/joint_state_publisher http://itachi-HP-Pavilion-Laptop-15-cc1xx:32929/
[rosmaster.master][INFO] 2019-11-26 18:17:14,445: +PUB [/rosout] /gazebo_gui http://itachi-HP-Pavilion-Laptop-15-cc1xx:34995/
[rosmaster.master][INFO] 2019-11-26 18:17:14,447: +SERVICE [/gazebo_gui/get_loggers] /gazebo_gui http://itachi-HP-Pavilion-Laptop-15-cc1xx:34995/
[rosmaster.master][INFO] 2019-11-26 18:17:14,447: +SERVICE [/gazebo_gui/set_logger_level] /gazebo_gui http://itachi-HP-Pavilion-Laptop-15-cc1xx:34995/
[rosmaster.master][INFO] 2019-11-26 18:17:14,451: +SUB [/clock] /gazebo_gui http://itachi-HP-Pavilion-Laptop-15-cc1xx:34995/
[rosmaster.master][INFO] 2019-11-26 18:17:14,525: publisherUpdate[/edrone/joint_states] -> http://itachi-HP-Pavilion-Laptop-15-cc1xx:45915/ ['http://itachi-HP-Pavilion-Laptop-15-cc1xx:32929/']
[rosmaster.master][INFO] 2019-11-26 18:17:14,526: publisherUpdate[/edrone/joint_states] -> http://itachi-HP-Pavilion-Laptop-15-cc1xx:45915/ ['http://itachi-HP-Pavilion-Laptop-15-cc1xx:32929/']: sec=0.00, result=[1, '', 0]
[rosmaster.master][INFO] 2019-11-26 18:17:14,527: publisherUpdate[/rosout] -> http://itachi-HP-Pavilion-Laptop-15-cc1xx:41645/ ['http://itachi-HP-Pavilion-Laptop-15-cc1xx:38387/', 'http://itachi-HP-Pavilion-Laptop-15-cc1xx:45915/', 'http://itachi-HP-Pavilion-Laptop-15-cc1xx:33237/', 'http://itachi-HP-Pavilion-Laptop-15-cc1xx:42103/', 'http://itachi-HP-Pavilion-Laptop-15-cc1xx:43339/', 'http://itachi-HP-Pavilion-Laptop-15-cc1xx:32929/', 'http://itachi-HP-Pavilion-Laptop-15-cc1xx:33819/', 'http://itachi-HP-Pavilion-Laptop-15-cc1xx:40977/', 'http://itachi-HP-Pavilion-Laptop-15-cc1xx:34995/']
[rosmaster.master][INFO] 2019-11-26 18:17:14,527: publisherUpdate[/rosout] -> http://itachi-HP-Pavilion-Laptop-15-cc1xx:41645/ ['http://itachi-HP-Pavilion-Laptop-15-cc1xx:38387/', 'http://itachi-HP-Pavilion-Laptop-15-cc1xx:45915/', 'http://itachi-HP-Pavilion-Laptop-15-cc1xx:33237/', 'http://itachi-HP-Pavilion-Laptop-15-cc1xx:42103/', 'http://itachi-HP-Pavilion-Laptop-15-cc1xx:43339/', 'http://itachi-HP-Pavilion-Laptop-15-cc1xx:32929/', 'http://itachi-HP-Pavilion-Laptop-15-cc1xx:33819/', 'http://itachi-HP-Pavilion-Laptop-15-cc1xx:40977/', 'http://itachi-HP-Pavilion-Laptop-15-cc1xx:34995/']: sec=0.00, result=[1, '', 0]
[rosmaster.master][INFO] 2019-11-26 18:17:14,714: +PUB [/clock] /gazebo http://itachi-HP-Pavilion-Laptop-15-cc1xx:40977/
[rosmaster.master][INFO] 2019-11-26 18:17:14,714: +SERVICE [/gazebo/spawn_sdf_model] /gazebo http://itachi-HP-Pavilion-Laptop-15-cc1xx:40977/
[rosmaster.master][INFO] 2019-11-26 18:17:14,715: +SERVICE [/gazebo/spawn_urdf_model] /gazebo http://itachi-HP-Pavilion-Laptop-15-cc1xx:40977/
[rosmaster.master][INFO] 2019-11-26 18:17:14,715: +SERVICE [/gazebo/delete_model] /gazebo http://itachi-HP-Pavilion-Laptop-15-cc1xx:40977/
[rosmaster.master][INFO] 2019-11-26 18:17:14,716: +SERVICE [/gazebo/delete_light] /gazebo http://itachi-HP-Pavilion-Laptop-15-cc1xx:40977/
[rosmaster.master][INFO] 2019-11-26 18:17:14,717: +SERVICE [/gazebo/get_model_properties] /gazebo http://itachi-HP-Pavilion-Laptop-15-cc1xx:40977/
[rosmaster.master][INFO] 2019-11-26 18:17:14,717: +SERVICE [/gazebo/get_model_state] /gazebo http://itachi-HP-Pavilion-Laptop-15-cc1xx:40977/
[rosmaster.master][INFO] 2019-11-26 18:17:14,718: +SERVICE [/gazebo/get_world_properties] /gazebo http://itachi-HP-Pavilion-Laptop-15-cc1xx:40977/
[rosmaster.master][INFO] 2019-11-26 18:17:14,718: +SERVICE [/gazebo/get_joint_properties] /gazebo http://itachi-HP-Pavilion-Laptop-15-cc1xx:40977/
[rosmaster.master][INFO] 2019-11-26 18:17:14,719: +SERVICE [/gazebo/get_link_properties] /gazebo http://itachi-HP-Pavilion-Laptop-15-cc1xx:40977/
[rosmaster.master][INFO] 2019-11-26 18:17:14,719: +SERVICE [/gazebo/get_link_state] /gazebo http://itachi-HP-Pavilion-Laptop-15-cc1xx:40977/
[rosmaster.master][INFO] 2019-11-26 18:17:14,720: +SERVICE [/gazebo/get_light_properties] /gazebo http://itachi-HP-Pavilion-Laptop-15-cc1xx:40977/
[rosmaster.master][INFO] 2019-11-26 18:17:14,720: +SERVICE [/gazebo/set_light_properties] /gazebo http://itachi-HP-Pavilion-Laptop-15-cc1xx:40977/
[rosmaster.master][INFO] 2019-11-26 18:17:14,721: +SERVICE [/gazebo/get_physics_properties] /gazebo http://itachi-HP-Pavilion-Laptop-15-cc1xx:40977/
[rosmaster.master][INFO] 2019-11-26 18:17:14,721: +PUB [/gazebo/link_states] /gazebo http://itachi-HP-Pavilion-Laptop-15-cc1xx:40977/
[rosmaster.master][INFO] 2019-11-26 18:17:14,722: +PUB [/gazebo/model_states] /gazebo http://itachi-HP-Pavilion-Laptop-15-cc1xx:40977/
[rosmaster.master][INFO] 2019-11-26 18:17:14,722: +SERVICE [/gazebo/set_link_properties] /gazebo http://itachi-HP-Pavilion-Laptop-15-cc1xx:40977/
[rosmaster.master][INFO] 2019-11-26 18:17:14,723: +SERVICE [/gazebo/set_physics_properties] /gazebo http://itachi-HP-Pavilion-Laptop-15-cc1xx:40977/
[rosmaster.master][INFO] 2019-11-26 18:17:14,723: +SERVICE [/gazebo/set_model_state] /gazebo http://itachi-HP-Pavilion-Laptop-15-cc1xx:40977/
[rosmaster.master][INFO] 2019-11-26 18:17:14,724: +SERVICE [/gazebo/set_model_configuration] /gazebo http://itachi-HP-Pavilion-Laptop-15-cc1xx:40977/
[rosmaster.master][INFO] 2019-11-26 18:17:14,724: +SERVICE [/gazebo/set_joint_properties] /gazebo http://itachi-HP-Pavilion-Laptop-15-cc1xx:40977/
[rosmaster.master][INFO] 2019-11-26 18:17:14,725: +SERVICE [/gazebo/set_link_state] /gazebo http://itachi-HP-Pavilion-Laptop-15-cc1xx:40977/
[rosmaster.master][INFO] 2019-11-26 18:17:14,727: +SUB [/gazebo/set_link_state] /gazebo http://itachi-HP-Pavilion-Laptop-15-cc1xx:40977/
[rosmaster.master][INFO] 2019-11-26 18:17:14,728: publisherUpdate[/clock] -> http://itachi-HP-Pavilion-Laptop-15-cc1xx:41645/ ['http://itachi-HP-Pavilion-Laptop-15-cc1xx:40977/']
[rosmaster.master][INFO] 2019-11-26 18:17:14,728: publisherUpdate[/clock] -> http://itachi-HP-Pavilion-Laptop-15-cc1xx:38387/ ['http://itachi-HP-Pavilion-Laptop-15-cc1xx:40977/']
[rosmaster.master][INFO] 2019-11-26 18:17:14,729: publisherUpdate[/clock] -> http://itachi-HP-Pavilion-Laptop-15-cc1xx:41645/ ['http://itachi-HP-Pavilion-Laptop-15-cc1xx:40977/']: sec=0.00, result=[1, '', 0]
[rosmaster.master][INFO] 2019-11-26 18:17:14,729: publisherUpdate[/clock] -> http://itachi-HP-Pavilion-Laptop-15-cc1xx:45915/ ['http://itachi-HP-Pavilion-Laptop-15-cc1xx:40977/']
[rosmaster.master][INFO] 2019-11-26 18:17:14,729: publisherUpdate[/clock] -> http://itachi-HP-Pavilion-Laptop-15-cc1xx:38387/ ['http://itachi-HP-Pavilion-Laptop-15-cc1xx:40977/']: sec=0.00, result=[1, '', 0]
[rosmaster.master][INFO] 2019-11-26 18:17:14,730: publisherUpdate[/clock] -> http://itachi-HP-Pavilion-Laptop-15-cc1xx:45915/ ['http://itachi-HP-Pavilion-Laptop-15-cc1xx:40977/']: sec=0.00, result=[1, '', 0]
[rosmaster.master][INFO] 2019-11-26 18:17:14,730: publisherUpdate[/clock] -> http://itachi-HP-Pavilion-Laptop-15-cc1xx:33237/ ['http://itachi-HP-Pavilion-Laptop-15-cc1xx:40977/']
[rosmaster.master][INFO] 2019-11-26 18:17:14,731: publisherUpdate[/clock] -> http://itachi-HP-Pavilion-Laptop-15-cc1xx:42103/ ['http://itachi-HP-Pavilion-Laptop-15-cc1xx:40977/']
[rosmaster.master][INFO] 2019-11-26 18:17:14,732: publisherUpdate[/clock] -> http://itachi-HP-Pavilion-Laptop-15-cc1xx:33237/ ['http://itachi-HP-Pavilion-Laptop-15-cc1xx:40977/']: sec=0.00, result=[1, '', 0]
[rosmaster.master][INFO] 2019-11-26 18:17:14,732: publisherUpdate[/clock] -> http://itachi-HP-Pavilion-Laptop-15-cc1xx:42103/ ['http://itachi-HP-Pavilion-Laptop-15-cc1xx:40977/']: sec=0.00, result=[1, '', 0]
[rosmaster.master][INFO] 2019-11-26 18:17:14,732: publisherUpdate[/clock] -> http://itachi-HP-Pavilion-Laptop-15-cc1xx:43339/ ['http://itachi-HP-Pavilion-Laptop-15-cc1xx:40977/']
[rosmaster.master][INFO] 2019-11-26 18:17:14,732: publisherUpdate[/clock] -> http://itachi-HP-Pavilion-Laptop-15-cc1xx:32929/ ['http://itachi-HP-Pavilion-Laptop-15-cc1xx:40977/']
[rosmaster.master][INFO] 2019-11-26 18:17:14,733: +SUB [/gazebo/set_model_state] /gazebo http://itachi-HP-Pavilion-Laptop-15-cc1xx:40977/
[rosmaster.master][INFO] 2019-11-26 18:17:14,733: publisherUpdate[/clock] -> http://itachi-HP-Pavilion-Laptop-15-cc1xx:43339/ ['http://itachi-HP-Pavilion-Laptop-15-cc1xx:40977/']: sec=0.00, result=[1, '', 0]
[rosmaster.master][INFO] 2019-11-26 18:17:14,734: publisherUpdate[/clock] -> http://itachi-HP-Pavilion-Laptop-15-cc1xx:33819/ ['http://itachi-HP-Pavilion-Laptop-15-cc1xx:40977/']
[rosmaster.master][INFO] 2019-11-26 18:17:14,734: +SERVICE [/gazebo/pause_physics] /gazebo http://itachi-HP-Pavilion-Laptop-15-cc1xx:40977/
[rosmaster.master][INFO] 2019-11-26 18:17:14,735: publisherUpdate[/clock] -> http://itachi-HP-Pavilion-Laptop-15-cc1xx:32929/ ['http://itachi-HP-Pavilion-Laptop-15-cc1xx:40977/']: sec=0.00, result=[1, '', 0]
[rosmaster.master][INFO] 2019-11-26 18:17:14,735: publisherUpdate[/clock] -> http://itachi-HP-Pavilion-Laptop-15-cc1xx:40977/ ['http://itachi-HP-Pavilion-Laptop-15-cc1xx:40977/']
[rosmaster.master][INFO] 2019-11-26 18:17:14,735: publisherUpdate[/clock] -> http://itachi-HP-Pavilion-Laptop-15-cc1xx:33819/ ['http://itachi-HP-Pavilion-Laptop-15-cc1xx:40977/']: sec=0.00, result=[1, '', 0]
[rosmaster.master][INFO] 2019-11-26 18:17:14,736: +SERVICE [/gazebo/unpause_physics] /gazebo http://itachi-HP-Pavilion-Laptop-15-cc1xx:40977/
[rosmaster.master][INFO] 2019-11-26 18:17:14,736: publisherUpdate[/clock] -> http://itachi-HP-Pavilion-Laptop-15-cc1xx:40977/ ['http://itachi-HP-Pavilion-Laptop-15-cc1xx:40977/']: sec=0.00, result=[1, '', 0]
[rosmaster.master][INFO] 2019-11-26 18:17:14,736: publisherUpdate[/clock] -> http://itachi-HP-Pavilion-Laptop-15-cc1xx:34995/ ['http://itachi-HP-Pavilion-Laptop-15-cc1xx:40977/']
[rosmaster.master][INFO] 2019-11-26 18:17:14,737: +SERVICE [/gazebo/apply_body_wrench] /gazebo http://itachi-HP-Pavilion-Laptop-15-cc1xx:40977/
[rosmaster.master][INFO] 2019-11-26 18:17:14,738: +SERVICE [/gazebo/apply_joint_effort] /gazebo http://itachi-HP-Pavilion-Laptop-15-cc1xx:40977/
[rosmaster.master][INFO] 2019-11-26 18:17:14,738: publisherUpdate[/clock] -> http://itachi-HP-Pavilion-Laptop-15-cc1xx:34995/ ['http://itachi-HP-Pavilion-Laptop-15-cc1xx:40977/']: sec=0.00, result=[1, '', 0]
[rosmaster.master][INFO] 2019-11-26 18:17:14,738: +SERVICE [/gazebo/clear_joint_forces] /gazebo http://itachi-HP-Pavilion-Laptop-15-cc1xx:40977/
[rosmaster.master][INFO] 2019-11-26 18:17:14,739: +SERVICE [/gazebo/clear_body_wrenches] /gazebo http://itachi-HP-Pavilion-Laptop-15-cc1xx:40977/
[rosmaster.master][INFO] 2019-11-26 18:17:14,739: +SERVICE [/gazebo/reset_simulation] /gazebo http://itachi-HP-Pavilion-Laptop-15-cc1xx:40977/
[rosmaster.master][INFO] 2019-11-26 18:17:14,740: +SERVICE [/gazebo/reset_world] /gazebo http://itachi-HP-Pavilion-Laptop-15-cc1xx:40977/
[rosmaster.master][INFO] 2019-11-26 18:17:14,976: +SERVICE [/gazebo/overhead_cam/set_camera_info] /gazebo http://itachi-HP-Pavilion-Laptop-15-cc1xx:40977/
[rosmaster.master][INFO] 2019-11-26 18:17:14,980: +SERVICE [/gazebo/overhead_cam/set_parameters] /gazebo http://itachi-HP-Pavilion-Laptop-15-cc1xx:40977/
[rosmaster.master][INFO] 2019-11-26 18:17:14,981: +PUB [/gazebo/overhead_cam/parameter_descriptions] /gazebo http://itachi-HP-Pavilion-Laptop-15-cc1xx:40977/
[rosmaster.master][INFO] 2019-11-26 18:17:14,983: +PUB [/gazebo/overhead_cam/parameter_updates] /gazebo http://itachi-HP-Pavilion-Laptop-15-cc1xx:40977/
[rosmaster.master][INFO] 2019-11-26 18:17:14,984: +PARAM [/gazebo/overhead_cam/imager_rate] by /gazebo
[rosmaster.master][INFO] 2019-11-26 18:17:14,986: +PARAM [/gazebo/overhead_cam/imager_rate] by /gazebo
[rosmaster.master][INFO] 2019-11-26 18:17:14,997: +PUB [/tf] /gazebo http://itachi-HP-Pavilion-Laptop-15-cc1xx:40977/
[rosmaster.master][INFO] 2019-11-26 18:17:15,030: +SERVICE [/gazebo/set_parameters] /gazebo http://itachi-HP-Pavilion-Laptop-15-cc1xx:40977/
[rosmaster.master][INFO] 2019-11-26 18:17:15,033: +PUB [/gazebo/parameter_descriptions] /gazebo http://itachi-HP-Pavilion-Laptop-15-cc1xx:40977/
[rosmaster.master][INFO] 2019-11-26 18:17:15,035: +SERVICE [/gazebo_gui/set_parameters] /gazebo_gui http://itachi-HP-Pavilion-Laptop-15-cc1xx:34995/
[rosmaster.master][INFO] 2019-11-26 18:17:15,036: +PUB [/gazebo/parameter_updates] /gazebo http://itachi-HP-Pavilion-Laptop-15-cc1xx:40977/
[rosmaster.master][INFO] 2019-11-26 18:17:15,037: +PUB [/gazebo_gui/parameter_descriptions] /gazebo_gui http://itachi-HP-Pavilion-Laptop-15-cc1xx:34995/
[rosmaster.master][INFO] 2019-11-26 18:17:15,039: +PUB [/gazebo_gui/parameter_updates] /gazebo_gui http://itachi-HP-Pavilion-Laptop-15-cc1xx:34995/
[rosmaster.master][INFO] 2019-11-26 18:17:15,063: +PUB [/gazebo/overhead_cam/image_rect_color/compressedDepth] /gazebo http://itachi-HP-Pavilion-Laptop-15-cc1xx:40977/
[rosmaster.master][INFO] 2019-11-26 18:17:15,065: +SERVICE [/gazebo/overhead_cam/image_rect_color/compressedDepth/set_parameters] /gazebo http://itachi-HP-Pavilion-Laptop-15-cc1xx:40977/
[rosmaster.master][INFO] 2019-11-26 18:17:15,066: +PARAM [/gazebo/time_step] by /gazebo
[rosmaster.master][INFO] 2019-11-26 18:17:15,070: +PUB [/gazebo/overhead_cam/image_rect_color/compressedDepth/parameter_descriptions] /gazebo http://itachi-HP-Pavilion-Laptop-15-cc1xx:40977/
[rosmaster.master][INFO] 2019-11-26 18:17:15,071: +PARAM [/gazebo/max_update_rate] by /gazebo
[rosmaster.master][INFO] 2019-11-26 18:17:15,072: +PUB [/gazebo/overhead_cam/image_rect_color/compressedDepth/parameter_updates] /gazebo http://itachi-HP-Pavilion-Laptop-15-cc1xx:40977/
[rosmaster.master][INFO] 2019-11-26 18:17:15,073: +PARAM [/gazebo/gravity_x] by /gazebo
[rosmaster.master][INFO] 2019-11-26 18:17:15,076: +PARAM [/gazebo_gui/time_step] by /gazebo_gui
[rosmaster.master][INFO] 2019-11-26 18:17:15,077: +PARAM [/gazebo/gravity_y] by /gazebo
[rosmaster.master][INFO] 2019-11-26 18:17:15,078: +PARAM [/gazebo_gui/max_update_rate] by /gazebo_gui
[rosmaster.master][INFO] 2019-11-26 18:17:15,079: +PARAM [/gazebo/gravity_z] by /gazebo
[rosmaster.master][INFO] 2019-11-26 18:17:15,080: +PARAM [/gazebo_gui/gravity_x] by /gazebo_gui
[rosmaster.master][INFO] 2019-11-26 18:17:15,081: +PARAM [/gazebo/auto_disable_bodies] by /gazebo
[rosmaster.master][INFO] 2019-11-26 18:17:15,082: +PARAM [/gazebo_gui/gravity_y] by /gazebo_gui
[rosmaster.master][INFO] 2019-11-26 18:17:15,082: +PARAM [/gazebo/overhead_cam/image_rect_color/compressedDepth/depth_max] by /gazebo
[rosmaster.master][INFO] 2019-11-26 18:17:15,083: +PARAM [/gazebo_gui/gravity_z] by /gazebo_gui
[rosmaster.master][INFO] 2019-11-26 18:17:15,084: +PARAM [/gazebo/sor_pgs_precon_iters] by /gazebo
[rosmaster.master][INFO] 2019-11-26 18:17:15,084: +PARAM [/gazebo_gui/auto_disable_bodies] by /gazebo_gui
[rosmaster.master][INFO] 2019-11-26 18:17:15,085: +PARAM [/gazebo/overhead_cam/image_rect_color/compressedDepth/depth_quantization] by /gazebo
[rosmaster.master][INFO] 2019-11-26 18:17:15,085: +PARAM [/gazebo_gui/sor_pgs_precon_iters] by /gazebo_gui
[rosmaster.master][INFO] 2019-11-26 18:17:15,086: +PARAM [/gazebo/sor_pgs_iters] by /gazebo
[rosmaster.master][INFO] 2019-11-26 18:17:15,087: +PARAM [/gazebo_gui/sor_pgs_iters] by /gazebo_gui
[rosmaster.master][INFO] 2019-11-26 18:17:15,087: +PARAM [/gazebo/overhead_cam/image_rect_color/compressedDepth/png_level] by /gazebo
[rosmaster.master][INFO] 2019-11-26 18:17:15,088: +PARAM [/gazebo_gui/sor_pgs_w] by /gazebo_gui
[rosmaster.master][INFO] 2019-11-26 18:17:15,089: +PARAM [/gazebo/sor_pgs_w] by /gazebo
[rosmaster.master][INFO] 2019-11-26 18:17:15,090: +PARAM [/gazebo_gui/sor_pgs_rms_error_tol] by /gazebo_gui
[rosmaster.master][INFO] 2019-11-26 18:17:15,090: +PARAM [/gazebo/overhead_cam/image_rect_color/compressedDepth/depth_max] by /gazebo
[rosmaster.master][INFO] 2019-11-26 18:17:15,092: +PARAM [/gazebo_gui/cfm] by /gazebo_gui
[rosmaster.master][INFO] 2019-11-26 18:17:15,093: +PARAM [/gazebo/sor_pgs_rms_error_tol] by /gazebo
[rosmaster.master][INFO] 2019-11-26 18:17:15,094: +PARAM [/gazebo_gui/erp] by /gazebo_gui
[rosmaster.master][INFO] 2019-11-26 18:17:15,095: +PARAM [/gazebo/overhead_cam/image_rect_color/compressedDepth/depth_quantization] by /gazebo
[rosmaster.master][INFO] 2019-11-26 18:17:15,095: +PARAM [/gazebo_gui/contact_surface_layer] by /gazebo_gui
[rosmaster.master][INFO] 2019-11-26 18:17:15,096: +PARAM [/gazebo/cfm] by /gazebo
[rosmaster.master][INFO] 2019-11-26 18:17:15,096: +PARAM [/gazebo_gui/contact_max_correcting_vel] by /gazebo_gui
[rosmaster.master][INFO] 2019-11-26 18:17:15,097: +PARAM [/gazebo/overhead_cam/image_rect_color/compressedDepth/png_level] by /gazebo
[rosmaster.master][INFO] 2019-11-26 18:17:15,098: +PARAM [/gazebo_gui/max_contacts] by /gazebo_gui
[rosmaster.master][INFO] 2019-11-26 18:17:15,099: +PARAM [/gazebo/erp] by /gazebo
[rosmaster.master][INFO] 2019-11-26 18:17:15,100: +PARAM [/gazebo/contact_surface_layer] by /gazebo
[rosmaster.master][INFO] 2019-11-26 18:17:15,101: +PUB [/gazebo/overhead_cam/image_rect_color/compressed] /gazebo http://itachi-HP-Pavilion-Laptop-15-cc1xx:40977/
[rosmaster.master][INFO] 2019-11-26 18:17:15,101: +PARAM [/gazebo/contact_max_correcting_vel] by /gazebo
[rosmaster.master][INFO] 2019-11-26 18:17:15,102: +SERVICE [/gazebo/overhead_cam/image_rect_color/compressed/set_parameters] /gazebo http://itachi-HP-Pavilion-Laptop-15-cc1xx:40977/
[rosmaster.master][INFO] 2019-11-26 18:17:15,103: +PARAM [/gazebo/max_contacts] by /gazebo
[rosmaster.master][INFO] 2019-11-26 18:17:15,104: +PUB [/gazebo/overhead_cam/image_rect_color/compressed/parameter_descriptions] /gazebo http://itachi-HP-Pavilion-Laptop-15-cc1xx:40977/
[rosmaster.master][INFO] 2019-11-26 18:17:15,105: +PUB [/gazebo/overhead_cam/image_rect_color/compressed/parameter_updates] /gazebo http://itachi-HP-Pavilion-Laptop-15-cc1xx:40977/
[rosmaster.master][INFO] 2019-11-26 18:17:15,108: +PARAM [/gazebo/overhead_cam/image_rect_color/compressed/format] by /gazebo
[rosmaster.master][INFO] 2019-11-26 18:17:15,109: +PARAM [/gazebo/overhead_cam/image_rect_color/compressed/jpeg_quality] by /gazebo
[rosmaster.master][INFO] 2019-11-26 18:17:15,109: +PARAM [/gazebo/overhead_cam/image_rect_color/compressed/png_level] by /gazebo
[rosmaster.master][INFO] 2019-11-26 18:17:15,110: +PARAM [/gazebo/overhead_cam/image_rect_color/compressed/format] by /gazebo
[rosmaster.master][INFO] 2019-11-26 18:17:15,111: +PARAM [/gazebo/overhead_cam/image_rect_color/compressed/jpeg_quality] by /gazebo
[rosmaster.master][INFO] 2019-11-26 18:17:15,111: +PARAM [/gazebo/overhead_cam/image_rect_color/compressed/png_level] by /gazebo
[rosmaster.master][INFO] 2019-11-26 18:17:15,114: +PUB [/gazebo/overhead_cam/image_rect_color] /gazebo http://itachi-HP-Pavilion-Laptop-15-cc1xx:40977/
[rosmaster.master][INFO] 2019-11-26 18:17:15,117: +PUB [/gazebo/overhead_cam/image_rect_color/theora] /gazebo http://itachi-HP-Pavilion-Laptop-15-cc1xx:40977/
[rosmaster.master][INFO] 2019-11-26 18:17:15,117: +SERVICE [/gazebo/overhead_cam/image_rect_color/theora/set_parameters] /gazebo http://itachi-HP-Pavilion-Laptop-15-cc1xx:40977/
[rosmaster.master][INFO] 2019-11-26 18:17:15,118: +PUB [/gazebo/overhead_cam/image_rect_color/theora/parameter_descriptions] /gazebo http://itachi-HP-Pavilion-Laptop-15-cc1xx:40977/
[rosmaster.master][INFO] 2019-11-26 18:17:15,119: +PUB [/gazebo/overhead_cam/image_rect_color/theora/parameter_updates] /gazebo http://itachi-HP-Pavilion-Laptop-15-cc1xx:40977/
[rosmaster.master][INFO] 2019-11-26 18:17:15,122: +PARAM [/gazebo/overhead_cam/image_rect_color/theora/optimize_for] by /gazebo
[rosmaster.master][INFO] 2019-11-26 18:17:15,123: +PARAM [/gazebo/overhead_cam/image_rect_color/theora/target_bitrate] by /gazebo
[rosmaster.master][INFO] 2019-11-26 18:17:15,124: +PARAM [/gazebo/overhead_cam/image_rect_color/theora/quality] by /gazebo
[rosmaster.master][INFO] 2019-11-26 18:17:15,124: +PARAM [/gazebo/overhead_cam/image_rect_color/theora/keyframe_frequency] by /gazebo
[rosmaster.master][INFO] 2019-11-26 18:17:15,125: +PARAM [/gazebo/overhead_cam/image_rect_color/theora/optimize_for] by /gazebo
[rosmaster.master][INFO] 2019-11-26 18:17:15,126: +PARAM [/gazebo/overhead_cam/image_rect_color/theora/target_bitrate] by /gazebo
[rosmaster.master][INFO] 2019-11-26 18:17:15,126: +PARAM [/gazebo/overhead_cam/image_rect_color/theora/quality] by /gazebo
[rosmaster.master][INFO] 2019-11-26 18:17:15,127: +PARAM [/gazebo/overhead_cam/image_rect_color/theora/keyframe_frequency] by /gazebo
[rosmaster.master][INFO] 2019-11-26 18:17:15,128: +PUB [/gazebo/overhead_cam/camera_info] /gazebo http://itachi-HP-Pavilion-Laptop-15-cc1xx:40977/
[rosmaster.master][INFO] 2019-11-26 18:17:15,137: publisherUpdate[/gazebo/overhead_cam/image_rect_color] -> http://itachi-HP-Pavilion-Laptop-15-cc1xx:33237/ ['http://itachi-HP-Pavilion-Laptop-15-cc1xx:40977/']
[rosmaster.master][INFO] 2019-11-26 18:17:15,138: publisherUpdate[/gazebo/overhead_cam/image_rect_color] -> http://itachi-HP-Pavilion-Laptop-15-cc1xx:33237/ ['http://itachi-HP-Pavilion-Laptop-15-cc1xx:40977/']: sec=0.00, result=[1, '', 0]
[rosmaster.master][INFO] 2019-11-26 18:17:15,138: publisherUpdate[/gazebo/overhead_cam/camera_info] -> http://itachi-HP-Pavilion-Laptop-15-cc1xx:33237/ ['http://itachi-HP-Pavilion-Laptop-15-cc1xx:40977/']
[rosmaster.master][INFO] 2019-11-26 18:17:15,139: publisherUpdate[/gazebo/overhead_cam/camera_info] -> http://itachi-HP-Pavilion-Laptop-15-cc1xx:33237/ ['http://itachi-HP-Pavilion-Laptop-15-cc1xx:40977/']: sec=0.00, result=[1, '', 0]
[rosmaster.master][INFO] 2019-11-26 18:17:15,304: -SUB [/clock] /edrone/spawn_edrone http://itachi-HP-Pavilion-Laptop-15-cc1xx:33819/
[rosmaster.master][INFO] 2019-11-26 18:17:15,304: -PUB [/rosout] /edrone/spawn_edrone http://itachi-HP-Pavilion-Laptop-15-cc1xx:33819/
[rosmaster.master][INFO] 2019-11-26 18:17:15,305: +PARAM [/gazebo/time_step] by /gazebo
[rosmaster.master][INFO] 2019-11-26 18:17:15,305: -SERVICE [/edrone/spawn_edrone/set_logger_level] /edrone/spawn_edrone rosrpc://itachi-HP-Pavilion-Laptop-15-cc1xx:33985
[rosmaster.master][INFO] 2019-11-26 18:17:15,306: +PARAM [/gazebo_gui/time_step] by /gazebo_gui
[rosmaster.master][INFO] 2019-11-26 18:17:15,306: -SERVICE [/edrone/spawn_edrone/get_loggers] /edrone/spawn_edrone rosrpc://itachi-HP-Pavilion-Laptop-15-cc1xx:33985
[rosmaster.master][INFO] 2019-11-26 18:17:15,307: +PARAM [/gazebo/max_update_rate] by /gazebo
[rosmaster.master][INFO] 2019-11-26 18:17:15,308: +PARAM [/gazebo_gui/max_update_rate] by /gazebo_gui
[rosmaster.master][INFO] 2019-11-26 18:17:15,309: +PARAM [/gazebo/gravity_x] by /gazebo
[rosmaster.master][INFO] 2019-11-26 18:17:15,310: +PARAM [/gazebo_gui/gravity_x] by /gazebo_gui
[rosmaster.master][INFO] 2019-11-26 18:17:15,311: +PARAM [/gazebo/gravity_y] by /gazebo
[rosmaster.master][INFO] 2019-11-26 18:17:15,313: +PARAM [/gazebo_gui/gravity_y] by /gazebo_gui
[rosmaster.master][INFO] 2019-11-26 18:17:15,315: +PARAM [/gazebo/gravity_z] by /gazebo
[rosmaster.master][INFO] 2019-11-26 18:17:15,319: +PARAM [/gazebo_gui/gravity_z] by /gazebo_gui
[rosmaster.master][INFO] 2019-11-26 18:17:15,319: +PARAM [/gazebo/auto_disable_bodies] by /gazebo
[rosmaster.master][INFO] 2019-11-26 18:17:15,321: +PARAM [/gazebo_gui/auto_disable_bodies] by /gazebo_gui
[rosmaster.master][INFO] 2019-11-26 18:17:15,322: +PARAM [/gazebo/sor_pgs_precon_iters] by /gazebo
[rosmaster.master][INFO] 2019-11-26 18:17:15,322: +PARAM [/gazebo_gui/sor_pgs_precon_iters] by /gazebo_gui
[rosmaster.master][INFO] 2019-11-26 18:17:15,323: +PARAM [/gazebo/sor_pgs_iters] by /gazebo
[rosmaster.master][INFO] 2019-11-26 18:17:15,324: +PARAM [/gazebo_gui/sor_pgs_iters] by /gazebo_gui
[rosmaster.master][INFO] 2019-11-26 18:17:15,325: +PARAM [/gazebo/sor_pgs_w] by /gazebo
[rosmaster.master][INFO] 2019-11-26 18:17:15,326: +PARAM [/gazebo_gui/sor_pgs_w] by /gazebo_gui
[rosmaster.master][INFO] 2019-11-26 18:17:15,327: +PARAM [/gazebo/sor_pgs_rms_error_tol] by /gazebo
[rosmaster.master][INFO] 2019-11-26 18:17:15,328: +PARAM [/gazebo_gui/sor_pgs_rms_error_tol] by /gazebo_gui
[rosmaster.master][INFO] 2019-11-26 18:17:15,329: +PARAM [/gazebo/cfm] by /gazebo
[rosmaster.master][INFO] 2019-11-26 18:17:15,331: +PARAM [/gazebo_gui/cfm] by /gazebo_gui
[rosmaster.master][INFO] 2019-11-26 18:17:15,332: +PARAM [/gazebo/erp] by /gazebo
[rosmaster.master][INFO] 2019-11-26 18:17:15,333: +PARAM [/gazebo_gui/erp] by /gazebo_gui
[rosmaster.master][INFO] 2019-11-26 18:17:15,334: +PARAM [/gazebo/contact_surface_layer] by /gazebo
[rosmaster.master][INFO] 2019-11-26 18:17:15,336: +PARAM [/gazebo_gui/contact_surface_layer] by /gazebo_gui
[rosmaster.master][INFO] 2019-11-26 18:17:15,336: +PARAM [/gazebo/contact_max_correcting_vel] by /gazebo
[rosmaster.master][INFO] 2019-11-26 18:17:15,337: +PUB [/edrone/motor_speed] /gazebo http://itachi-HP-Pavilion-Laptop-15-cc1xx:40977/
[rosmaster.master][INFO] 2019-11-26 18:17:15,338: +PARAM [/gazebo_gui/contact_max_correcting_vel] by /gazebo_gui
[rosmaster.master][INFO] 2019-11-26 18:17:15,338: publisherUpdate[/rosout] -> http://itachi-HP-Pavilion-Laptop-15-cc1xx:41645/ ['http://itachi-HP-Pavilion-Laptop-15-cc1xx:38387/', 'http://itachi-HP-Pavilion-Laptop-15-cc1xx:45915/', 'http://itachi-HP-Pavilion-Laptop-15-cc1xx:33237/', 'http://itachi-HP-Pavilion-Laptop-15-cc1xx:42103/', 'http://itachi-HP-Pavilion-Laptop-15-cc1xx:43339/', 'http://itachi-HP-Pavilion-Laptop-15-cc1xx:32929/', 'http://itachi-HP-Pavilion-Laptop-15-cc1xx:40977/', 'http://itachi-HP-Pavilion-Laptop-15-cc1xx:34995/']
[rosmaster.master][INFO] 2019-11-26 18:17:15,339: +PARAM [/gazebo/max_contacts] by /gazebo
[rosmaster.master][INFO] 2019-11-26 18:17:15,340: publisherUpdate[/rosout] -> http://itachi-HP-Pavilion-Laptop-15-cc1xx:41645/ ['http://itachi-HP-Pavilion-Laptop-15-cc1xx:38387/', 'http://itachi-HP-Pavilion-Laptop-15-cc1xx:45915/', 'http://itachi-HP-Pavilion-Laptop-15-cc1xx:33237/', 'http://itachi-HP-Pavilion-Laptop-15-cc1xx:42103/', 'http://itachi-HP-Pavilion-Laptop-15-cc1xx:43339/', 'http://itachi-HP-Pavilion-Laptop-15-cc1xx:32929/', 'http://itachi-HP-Pavilion-Laptop-15-cc1xx:40977/', 'http://itachi-HP-Pavilion-Laptop-15-cc1xx:34995/']: sec=0.00, result=[1, '', 0]
[rosmaster.master][INFO] 2019-11-26 18:17:15,340: +PARAM [/gazebo_gui/max_contacts] by /gazebo_gui
[rosmaster.master][INFO] 2019-11-26 18:17:15,341: +PUB [/edrone/joint_states] /gazebo http://itachi-HP-Pavilion-Laptop-15-cc1xx:40977/
[rosmaster.master][INFO] 2019-11-26 18:17:15,344: +PUB [/edrone/motor_speed/0] /gazebo http://itachi-HP-Pavilion-Laptop-15-cc1xx:40977/
[rosmaster.master][INFO] 2019-11-26 18:17:15,353: +SUB [/edrone/gazebo/command/motor_speed] /gazebo http://itachi-HP-Pavilion-Laptop-15-cc1xx:40977/
[rosmaster.master][INFO] 2019-11-26 18:17:15,357: +SUB [/edrone/wind_speed] /gazebo http://itachi-HP-Pavilion-Laptop-15-cc1xx:40977/
[rosmaster.master][INFO] 2019-11-26 18:17:15,358: +PUB [/edrone/motor_speed/1] /gazebo http://itachi-HP-Pavilion-Laptop-15-cc1xx:40977/
[rosmaster.master][INFO] 2019-11-26 18:17:15,368: +PUB [/edrone/motor_speed/2] /gazebo http://itachi-HP-Pavilion-Laptop-15-cc1xx:40977/
[rosmaster.master][INFO] 2019-11-26 18:17:15,374: +PUB [/edrone/motor_speed/3] /gazebo http://itachi-HP-Pavilion-Laptop-15-cc1xx:40977/
[rosmaster.master][INFO] 2019-11-26 18:17:15,382: +PUB [/edrone/gazebo/command/motor_speed] /gazebo http://itachi-HP-Pavilion-Laptop-15-cc1xx:40977/
[rosmaster.master][INFO] 2019-11-26 18:17:15,387: +SUB [/edrone/command/motor_speed] /gazebo http://itachi-HP-Pavilion-Laptop-15-cc1xx:40977/
[rosmaster.master][INFO] 2019-11-26 18:17:15,389: +PUB [/edrone/imu] /gazebo http://itachi-HP-Pavilion-Laptop-15-cc1xx:40977/
[rosmaster.master][INFO] 2019-11-26 18:17:15,391: +PUB [/edrone/ground_truth/imu] /gazebo http://itachi-HP-Pavilion-Laptop-15-cc1xx:40977/
[rosmaster.master][INFO] 2019-11-26 18:17:15,393: +PUB [/edrone/ground_truth/pose] /gazebo http://itachi-HP-Pavilion-Laptop-15-cc1xx:40977/
[rosmaster.master][INFO] 2019-11-26 18:17:15,396: +PUB [/edrone/ground_truth/pose_with_covariance] /gazebo http://itachi-HP-Pavilion-Laptop-15-cc1xx:40977/
[rosmaster.master][INFO] 2019-11-26 18:17:15,398: +PUB [/edrone/ground_truth/position] /gazebo http://itachi-HP-Pavilion-Laptop-15-cc1xx:40977/
[rosmaster.master][INFO] 2019-11-26 18:17:15,399: +PUB [/edrone/ground_truth/odometry] /gazebo http://itachi-HP-Pavilion-Laptop-15-cc1xx:40977/
[rosmaster.master][INFO] 2019-11-26 18:17:15,401: +PUB [/edrone/ground_truth/transform] /gazebo http://itachi-HP-Pavilion-Laptop-15-cc1xx:40977/
[rosmaster.master][INFO] 2019-11-26 18:17:15,406: +PUB [/edrone/odometry_sensor1/pose] /gazebo http://itachi-HP-Pavilion-Laptop-15-cc1xx:40977/
[rosmaster.master][INFO] 2019-11-26 18:17:15,408: +PUB [/edrone/odometry_sensor1/pose_with_covariance] /gazebo http://itachi-HP-Pavilion-Laptop-15-cc1xx:40977/
[rosmaster.master][INFO] 2019-11-26 18:17:15,409: +PUB [/edrone/odometry_sensor1/position] /gazebo http://itachi-HP-Pavilion-Laptop-15-cc1xx:40977/
[rosmaster.master][INFO] 2019-11-26 18:17:15,410: +PUB [/edrone/odometry_sensor1/odometry] /gazebo http://itachi-HP-Pavilion-Laptop-15-cc1xx:40977/
[rosmaster.master][INFO] 2019-11-26 18:17:15,411: +PUB [/edrone/odometry_sensor1/transform] /gazebo http://itachi-HP-Pavilion-Laptop-15-cc1xx:40977/
[rosmaster.master][INFO] 2019-11-26 18:17:15,439: publisherUpdate[/edrone/joint_states] -> http://itachi-HP-Pavilion-Laptop-15-cc1xx:45915/ ['http://itachi-HP-Pavilion-Laptop-15-cc1xx:32929/', 'http://itachi-HP-Pavilion-Laptop-15-cc1xx:40977/']
[rosmaster.master][INFO] 2019-11-26 18:17:15,440: publisherUpdate[/edrone/joint_states] -> http://itachi-HP-Pavilion-Laptop-15-cc1xx:45915/ ['http://itachi-HP-Pavilion-Laptop-15-cc1xx:32929/', 'http://itachi-HP-Pavilion-Laptop-15-cc1xx:40977/']: sec=0.00, result=[1, '', 0]
[rosmaster.master][INFO] 2019-11-26 18:17:15,440: publisherUpdate[/edrone/gazebo/command/motor_speed] -> http://itachi-HP-Pavilion-Laptop-15-cc1xx:40977/ ['http://itachi-HP-Pavilion-Laptop-15-cc1xx:40977/']
[rosmaster.master][INFO] 2019-11-26 18:17:15,440: publisherUpdate[/edrone/odometry_sensor1/odometry] -> http://itachi-HP-Pavilion-Laptop-15-cc1xx:43339/ ['http://itachi-HP-Pavilion-Laptop-15-cc1xx:40977/']
[rosmaster.master][INFO] 2019-11-26 18:17:15,441: publisherUpdate[/edrone/gazebo/command/motor_speed] -> http://itachi-HP-Pavilion-Laptop-15-cc1xx:40977/ ['http://itachi-HP-Pavilion-Laptop-15-cc1xx:40977/']: sec=0.00, result=[1, '', 0]
[rosmaster.master][INFO] 2019-11-26 18:17:15,442: publisherUpdate[/edrone/odometry_sensor1/odometry] -> http://itachi-HP-Pavilion-Laptop-15-cc1xx:43339/ ['http://itachi-HP-Pavilion-Laptop-15-cc1xx:40977/']: sec=0.00, result=[1, '', 0]
[rosmaster.master][INFO] 2019-11-26 18:17:26,924: +PUB [/rosout] /drone_control http://itachi-HP-Pavilion-Laptop-15-cc1xx:42429/
[rosmaster.master][INFO] 2019-11-26 18:17:26,931: +SUB [/clock] /drone_control http://itachi-HP-Pavilion-Laptop-15-cc1xx:42429/
[rosmaster.master][INFO] 2019-11-26 18:17:26,936: +SERVICE [/drone_control/get_loggers] /drone_control http://itachi-HP-Pavilion-Laptop-15-cc1xx:42429/
[rosmaster.master][INFO] 2019-11-26 18:17:26,938: +SERVICE [/drone_control/set_logger_level] /drone_control http://itachi-HP-Pavilion-Laptop-15-cc1xx:42429/
[rosmaster.master][INFO] 2019-11-26 18:17:26,940: +PUB [/drone_command] /drone_control http://itachi-HP-Pavilion-Laptop-15-cc1xx:42429/
[rosmaster.master][INFO] 2019-11-26 18:17:26,943: +PUB [/alt_error] /drone_control http://itachi-HP-Pavilion-Laptop-15-cc1xx:42429/
[rosmaster.master][INFO] 2019-11-26 18:17:26,945: +PUB [/pitch_error] /drone_control http://itachi-HP-Pavilion-Laptop-15-cc1xx:42429/
[rosmaster.master][INFO] 2019-11-26 18:17:26,947: +PUB [/roll_error] /drone_control http://itachi-HP-Pavilion-Laptop-15-cc1xx:42429/
[rosmaster.master][INFO] 2019-11-26 18:17:26,951: +SUB [/whycon/poses] /drone_control http://itachi-HP-Pavilion-Laptop-15-cc1xx:42429/
[rosmaster.master][INFO] 2019-11-26 18:17:26,957: +SUB [/pid_tuning_altitude] /drone_control http://itachi-HP-Pavilion-Laptop-15-cc1xx:42429/
[rosmaster.master][INFO] 2019-11-26 18:17:26,962: publisherUpdate[/rosout] -> http://itachi-HP-Pavilion-Laptop-15-cc1xx:41645/ ['http://itachi-HP-Pavilion-Laptop-15-cc1xx:38387/', 'http://itachi-HP-Pavilion-Laptop-15-cc1xx:45915/', 'http://itachi-HP-Pavilion-Laptop-15-cc1xx:33237/', 'http://itachi-HP-Pavilion-Laptop-15-cc1xx:42103/', 'http://itachi-HP-Pavilion-Laptop-15-cc1xx:43339/', 'http://itachi-HP-Pavilion-Laptop-15-cc1xx:32929/', 'http://itachi-HP-Pavilion-Laptop-15-cc1xx:40977/', 'http://itachi-HP-Pavilion-Laptop-15-cc1xx:34995/', 'http://itachi-HP-Pavilion-Laptop-15-cc1xx:42429/']
[rosmaster.master][INFO] 2019-11-26 18:17:26,962: publisherUpdate[/drone_command] -> http://itachi-HP-Pavilion-Laptop-15-cc1xx:38387/ ['http://itachi-HP-Pavilion-Laptop-15-cc1xx:42429/']
[rosmaster.master][INFO] 2019-11-26 18:17:26,963: +SUB [/pid_tuning_pitch] /drone_control http://itachi-HP-Pavilion-Laptop-15-cc1xx:42429/
[rosmaster.master][INFO] 2019-11-26 18:17:26,963: publisherUpdate[/rosout] -> http://itachi-HP-Pavilion-Laptop-15-cc1xx:41645/ ['http://itachi-HP-Pavilion-Laptop-15-cc1xx:38387/', 'http://itachi-HP-Pavilion-Laptop-15-cc1xx:45915/', 'http://itachi-HP-Pavilion-Laptop-15-cc1xx:33237/', 'http://itachi-HP-Pavilion-Laptop-15-cc1xx:42103/', 'http://itachi-HP-Pavilion-Laptop-15-cc1xx:43339/', 'http://itachi-HP-Pavilion-Laptop-15-cc1xx:32929/', 'http://itachi-HP-Pavilion-Laptop-15-cc1xx:40977/', 'http://itachi-HP-Pavilion-Laptop-15-cc1xx:34995/', 'http://itachi-HP-Pavilion-Laptop-15-cc1xx:42429/']: sec=0.00, result=[1, '', 0]
[rosmaster.master][INFO] 2019-11-26 18:17:26,964: publisherUpdate[/drone_command] -> http://itachi-HP-Pavilion-Laptop-15-cc1xx:38387/ ['http://itachi-HP-Pavilion-Laptop-15-cc1xx:42429/']: sec=0.00, result=[1, '', 0]
[rosmaster.master][INFO] 2019-11-26 18:17:26,967: +SUB [/pid_tuning_roll] /drone_control http://itachi-HP-Pavilion-Laptop-15-cc1xx:42429/
[rosmaster.master][INFO] 2019-11-26 18:18:48,989: -SUB [/pid_tuning_pitch] /drone_control http://itachi-HP-Pavilion-Laptop-15-cc1xx:42429/
[rosmaster.master][INFO] 2019-11-26 18:18:48,989: -SUB [/clock] /drone_control http://itachi-HP-Pavilion-Laptop-15-cc1xx:42429/
[rosmaster.master][INFO] 2019-11-26 18:18:48,990: -SUB [/whycon/poses] /drone_control http://itachi-HP-Pavilion-Laptop-15-cc1xx:42429/
[rosmaster.master][INFO] 2019-11-26 18:18:48,991: -SUB [/pid_tuning_roll] /drone_control http://itachi-HP-Pavilion-Laptop-15-cc1xx:42429/
[rosmaster.master][INFO] 2019-11-26 18:18:48,991: -SUB [/pid_tuning_altitude] /drone_control http://itachi-HP-Pavilion-Laptop-15-cc1xx:42429/
[rosmaster.master][INFO] 2019-11-26 18:18:48,991: -PUB [/pitch_error] /drone_control http://itachi-HP-Pavilion-Laptop-15-cc1xx:42429/
[rosmaster.master][INFO] 2019-11-26 18:18:48,991: -PUB [/roll_error] /drone_control http://itachi-HP-Pavilion-Laptop-15-cc1xx:42429/
[rosmaster.master][INFO] 2019-11-26 18:18:48,992: -PUB [/rosout] /drone_control http://itachi-HP-Pavilion-Laptop-15-cc1xx:42429/
[rosmaster.master][INFO] 2019-11-26 18:18:48,992: -PUB [/alt_error] /drone_control http://itachi-HP-Pavilion-Laptop-15-cc1xx:42429/
[rosmaster.master][INFO] 2019-11-26 18:18:48,992: -PUB [/drone_command] /drone_control http://itachi-HP-Pavilion-Laptop-15-cc1xx:42429/
[rosmaster.master][INFO] 2019-11-26 18:18:48,992: -SERVICE [/drone_control/get_loggers] /drone_control rosrpc://itachi-HP-Pavilion-Laptop-15-cc1xx:39547
[rosmaster.master][INFO] 2019-11-26 18:18:48,992: -SERVICE [/drone_control/set_logger_level] /drone_control rosrpc://itachi-HP-Pavilion-Laptop-15-cc1xx:39547
[rosmaster.master][INFO] 2019-11-26 18:18:49,015: publisherUpdate[/rosout] -> http://itachi-HP-Pavilion-Laptop-15-cc1xx:41645/ ['http://itachi-HP-Pavilion-Laptop-15-cc1xx:38387/', 'http://itachi-HP-Pavilion-Laptop-15-cc1xx:45915/', 'http://itachi-HP-Pavilion-Laptop-15-cc1xx:33237/', 'http://itachi-HP-Pavilion-Laptop-15-cc1xx:42103/', 'http://itachi-HP-Pavilion-Laptop-15-cc1xx:43339/', 'http://itachi-HP-Pavilion-Laptop-15-cc1xx:32929/', 'http://itachi-HP-Pavilion-Laptop-15-cc1xx:40977/', 'http://itachi-HP-Pavilion-Laptop-15-cc1xx:34995/']
[rosmaster.master][INFO] 2019-11-26 18:18:49,016: publisherUpdate[/drone_command] -> http://itachi-HP-Pavilion-Laptop-15-cc1xx:38387/ []
[rosmaster.master][INFO] 2019-11-26 18:18:49,017: publisherUpdate[/rosout] -> http://itachi-HP-Pavilion-Laptop-15-cc1xx:41645/ ['http://itachi-HP-Pavilion-Laptop-15-cc1xx:38387/', 'http://itachi-HP-Pavilion-Laptop-15-cc1xx:45915/', 'http://itachi-HP-Pavilion-Laptop-15-cc1xx:33237/', 'http://itachi-HP-Pavilion-Laptop-15-cc1xx:42103/', 'http://itachi-HP-Pavilion-Laptop-15-cc1xx:43339/', 'http://itachi-HP-Pavilion-Laptop-15-cc1xx:32929/', 'http://itachi-HP-Pavilion-Laptop-15-cc1xx:40977/', 'http://itachi-HP-Pavilion-Laptop-15-cc1xx:34995/']: sec=0.00, result=[1, '', 0]
[rosmaster.master][INFO] 2019-11-26 18:18:49,018: publisherUpdate[/drone_command] -> http://itachi-HP-Pavilion-Laptop-15-cc1xx:38387/ []: sec=0.00, result=[1, '', 0]
[rosmaster.master][INFO] 2019-11-26 18:18:54,600: -PUB [/rosout] /whycon_display/image_view http://itachi-HP-Pavilion-Laptop-15-cc1xx:42103/
[rosmaster.master][INFO] 2019-11-26 18:18:54,601: -PUB [/whycon_display/image_view/output] /whycon_display/image_view http://itachi-HP-Pavilion-Laptop-15-cc1xx:42103/
[rosmaster.master][INFO] 2019-11-26 18:18:54,603: -PUB [/whycon_display/image_view/parameter_descriptions] /whycon_display/image_view http://itachi-HP-Pavilion-Laptop-15-cc1xx:42103/
[rosmaster.master][INFO] 2019-11-26 18:18:54,606: -PUB [/whycon_display/image_view/parameter_updates] /whycon_display/image_view http://itachi-HP-Pavilion-Laptop-15-cc1xx:42103/
[rosmaster.master][INFO] 2019-11-26 18:18:54,608: -SUB [/clock] /whycon_display/image_view http://itachi-HP-Pavilion-Laptop-15-cc1xx:42103/
[rosmaster.master][INFO] 2019-11-26 18:18:54,609: -SUB [/whycon/image_out] /whycon_display/image_view http://itachi-HP-Pavilion-Laptop-15-cc1xx:42103/
[rosmaster.master][INFO] 2019-11-26 18:18:54,610: -SERVICE [/whycon_display/image_view/get_loggers] /whycon_display/image_view rosrpc://itachi-HP-Pavilion-Laptop-15-cc1xx:50901
[rosmaster.master][INFO] 2019-11-26 18:18:54,611: -SERVICE [/whycon_display/image_view/set_logger_level] /whycon_display/image_view rosrpc://itachi-HP-Pavilion-Laptop-15-cc1xx:50901
[rosmaster.master][INFO] 2019-11-26 18:18:54,614: -SUB [/clock] /edrone/joint_state_publisher http://itachi-HP-Pavilion-Laptop-15-cc1xx:32929/
[rosmaster.master][INFO] 2019-11-26 18:18:54,615: -PUB [/edrone/joint_states] /edrone/joint_state_publisher http://itachi-HP-Pavilion-Laptop-15-cc1xx:32929/
[rosmaster.master][INFO] 2019-11-26 18:18:54,615: -PUB [/rosout] /edrone/joint_state_publisher http://itachi-HP-Pavilion-Laptop-15-cc1xx:32929/
[rosmaster.master][INFO] 2019-11-26 18:18:54,616: -SERVICE [/whycon_display/image_view/set_parameters] /whycon_display/image_view rosrpc://itachi-HP-Pavilion-Laptop-15-cc1xx:50901
[rosmaster.master][INFO] 2019-11-26 18:18:54,616: -SERVICE [/edrone/joint_state_publisher/set_logger_level] /edrone/joint_state_publisher rosrpc://itachi-HP-Pavilion-Laptop-15-cc1xx:34715
[rosmaster.master][INFO] 2019-11-26 18:18:54,617: -SERVICE [/edrone/joint_state_publisher/get_loggers] /edrone/joint_state_publisher rosrpc://itachi-HP-Pavilion-Laptop-15-cc1xx:34715
[rosmaster.master][INFO] 2019-11-26 18:18:54,630: publisherUpdate[/rosout] -> http://itachi-HP-Pavilion-Laptop-15-cc1xx:41645/ ['http://itachi-HP-Pavilion-Laptop-15-cc1xx:38387/', 'http://itachi-HP-Pavilion-Laptop-15-cc1xx:45915/', 'http://itachi-HP-Pavilion-Laptop-15-cc1xx:33237/', 'http://itachi-HP-Pavilion-Laptop-15-cc1xx:43339/', 'http://itachi-HP-Pavilion-Laptop-15-cc1xx:32929/', 'http://itachi-HP-Pavilion-Laptop-15-cc1xx:40977/', 'http://itachi-HP-Pavilion-Laptop-15-cc1xx:34995/']
[rosmaster.master][INFO] 2019-11-26 18:18:54,630: publisherUpdate[/edrone/joint_states] -> http://itachi-HP-Pavilion-Laptop-15-cc1xx:45915/ ['http://itachi-HP-Pavilion-Laptop-15-cc1xx:40977/']
[rosmaster.master][INFO] 2019-11-26 18:18:54,631: publisherUpdate[/rosout] -> http://itachi-HP-Pavilion-Laptop-15-cc1xx:41645/ ['http://itachi-HP-Pavilion-Laptop-15-cc1xx:38387/', 'http://itachi-HP-Pavilion-Laptop-15-cc1xx:45915/', 'http://itachi-HP-Pavilion-Laptop-15-cc1xx:33237/', 'http://itachi-HP-Pavilion-Laptop-15-cc1xx:43339/', 'http://itachi-HP-Pavilion-Laptop-15-cc1xx:32929/', 'http://itachi-HP-Pavilion-Laptop-15-cc1xx:40977/', 'http://itachi-HP-Pavilion-Laptop-15-cc1xx:34995/']: sec=0.00, result=[1, '', 0]
[rosmaster.master][INFO] 2019-11-26 18:18:54,631: publisherUpdate[/edrone/joint_states] -> http://itachi-HP-Pavilion-Laptop-15-cc1xx:45915/ ['http://itachi-HP-Pavilion-Laptop-15-cc1xx:40977/']: sec=0.00, result=[1, '', 0]
[rosmaster.master][INFO] 2019-11-26 18:18:54,631: publisherUpdate[/rosout] -> http://itachi-HP-Pavilion-Laptop-15-cc1xx:41645/ ['http://itachi-HP-Pavilion-Laptop-15-cc1xx:38387/', 'http://itachi-HP-Pavilion-Laptop-15-cc1xx:45915/', 'http://itachi-HP-Pavilion-Laptop-15-cc1xx:33237/', 'http://itachi-HP-Pavilion-Laptop-15-cc1xx:43339/', 'http://itachi-HP-Pavilion-Laptop-15-cc1xx:40977/', 'http://itachi-HP-Pavilion-Laptop-15-cc1xx:34995/']
[rosmaster.master][INFO] 2019-11-26 18:18:54,632: publisherUpdate[/rosout] -> http://itachi-HP-Pavilion-Laptop-15-cc1xx:41645/ ['http://itachi-HP-Pavilion-Laptop-15-cc1xx:38387/', 'http://itachi-HP-Pavilion-Laptop-15-cc1xx:45915/', 'http://itachi-HP-Pavilion-Laptop-15-cc1xx:33237/', 'http://itachi-HP-Pavilion-Laptop-15-cc1xx:43339/', 'http://itachi-HP-Pavilion-Laptop-15-cc1xx:40977/', 'http://itachi-HP-Pavilion-Laptop-15-cc1xx:34995/']: sec=0.00, result=[1, '', 0]
[rosmaster.master][INFO] 2019-11-26 18:18:54,692: -PUB [/rosout] /whycon http://itachi-HP-Pavilion-Laptop-15-cc1xx:33237/
[rosmaster.master][INFO] 2019-11-26 18:18:54,693: -PUB [/tf] /whycon http://itachi-HP-Pavilion-Laptop-15-cc1xx:33237/
[rosmaster.master][INFO] 2019-11-26 18:18:54,693: -PUB [/whycon/image_out] /whycon http://itachi-HP-Pavilion-Laptop-15-cc1xx:33237/
[rosmaster.master][INFO] 2019-11-26 18:18:54,694: -PUB [/whycon/poses] /whycon http://itachi-HP-Pavilion-Laptop-15-cc1xx:33237/
[rosmaster.master][INFO] 2019-11-26 18:18:54,695: -PUB [/whycon/context] /whycon http://itachi-HP-Pavilion-Laptop-15-cc1xx:33237/
[rosmaster.master][INFO] 2019-11-26 18:18:54,696: -PUB [/whycon/projection] /whycon http://itachi-HP-Pavilion-Laptop-15-cc1xx:33237/
[rosmaster.master][INFO] 2019-11-26 18:18:54,696: -SUB [/clock] /whycon http://itachi-HP-Pavilion-Laptop-15-cc1xx:33237/
[rosmaster.master][INFO] 2019-11-26 18:18:54,697: -SUB [/gazebo/overhead_cam/image_rect_color] /whycon http://itachi-HP-Pavilion-Laptop-15-cc1xx:33237/
[rosmaster.master][INFO] 2019-11-26 18:18:54,698: -SUB [/gazebo/overhead_cam/camera_info] /whycon http://itachi-HP-Pavilion-Laptop-15-cc1xx:33237/
[rosmaster.master][INFO] 2019-11-26 18:18:54,699: -SERVICE [/whycon/get_loggers] /whycon rosrpc://itachi-HP-Pavilion-Laptop-15-cc1xx:36543
[rosmaster.master][INFO] 2019-11-26 18:18:54,700: -SERVICE [/whycon/set_logger_level] /whycon rosrpc://itachi-HP-Pavilion-Laptop-15-cc1xx:36543
[rosmaster.master][INFO] 2019-11-26 18:18:54,700: -SERVICE [/whycon/reset] /whycon rosrpc://itachi-HP-Pavilion-Laptop-15-cc1xx:36543
[rosmaster.master][INFO] 2019-11-26 18:18:54,732: publisherUpdate[/rosout] -> http://itachi-HP-Pavilion-Laptop-15-cc1xx:41645/ ['http://itachi-HP-Pavilion-Laptop-15-cc1xx:38387/', 'http://itachi-HP-Pavilion-Laptop-15-cc1xx:45915/', 'http://itachi-HP-Pavilion-Laptop-15-cc1xx:43339/', 'http://itachi-HP-Pavilion-Laptop-15-cc1xx:40977/', 'http://itachi-HP-Pavilion-Laptop-15-cc1xx:34995/']
[rosmaster.master][INFO] 2019-11-26 18:18:54,732: -PUB [/rosout] /edrone/robot_state_publisher http://itachi-HP-Pavilion-Laptop-15-cc1xx:45915/
[rosmaster.master][INFO] 2019-11-26 18:18:54,733: publisherUpdate[/rosout] -> http://itachi-HP-Pavilion-Laptop-15-cc1xx:41645/ ['http://itachi-HP-Pavilion-Laptop-15-cc1xx:38387/', 'http://itachi-HP-Pavilion-Laptop-15-cc1xx:45915/', 'http://itachi-HP-Pavilion-Laptop-15-cc1xx:43339/', 'http://itachi-HP-Pavilion-Laptop-15-cc1xx:40977/', 'http://itachi-HP-Pavilion-Laptop-15-cc1xx:34995/']: sec=0.00, result=[1, '', 0]
[rosmaster.master][INFO] 2019-11-26 18:18:54,733: publisherUpdate[/rosout] -> http://itachi-HP-Pavilion-Laptop-15-cc1xx:41645/ ['http://itachi-HP-Pavilion-Laptop-15-cc1xx:38387/', 'http://itachi-HP-Pavilion-Laptop-15-cc1xx:43339/', 'http://itachi-HP-Pavilion-Laptop-15-cc1xx:40977/', 'http://itachi-HP-Pavilion-Laptop-15-cc1xx:34995/']
[rosmaster.master][INFO] 2019-11-26 18:18:54,734: -PUB [/tf] /edrone/robot_state_publisher http://itachi-HP-Pavilion-Laptop-15-cc1xx:45915/
[rosmaster.master][INFO] 2019-11-26 18:18:54,734: publisherUpdate[/rosout] -> http://itachi-HP-Pavilion-Laptop-15-cc1xx:41645/ ['http://itachi-HP-Pavilion-Laptop-15-cc1xx:38387/', 'http://itachi-HP-Pavilion-Laptop-15-cc1xx:43339/', 'http://itachi-HP-Pavilion-Laptop-15-cc1xx:40977/', 'http://itachi-HP-Pavilion-Laptop-15-cc1xx:34995/']: sec=0.00, result=[1, '', 0]
[rosmaster.master][INFO] 2019-11-26 18:18:54,735: -PUB [/tf_static] /edrone/robot_state_publisher http://itachi-HP-Pavilion-Laptop-15-cc1xx:45915/
[rosmaster.master][INFO] 2019-11-26 18:18:54,736: -SUB [/clock] /edrone/robot_state_publisher http://itachi-HP-Pavilion-Laptop-15-cc1xx:45915/
[rosmaster.master][INFO] 2019-11-26 18:18:54,736: -SUB [/edrone/joint_states] /edrone/robot_state_publisher http://itachi-HP-Pavilion-Laptop-15-cc1xx:45915/
[rosmaster.master][INFO] 2019-11-26 18:18:54,737: -SERVICE [/edrone/robot_state_publisher/get_loggers] /edrone/robot_state_publisher rosrpc://itachi-HP-Pavilion-Laptop-15-cc1xx:41499
[rosmaster.master][INFO] 2019-11-26 18:18:54,738: -SERVICE [/edrone/robot_state_publisher/set_logger_level] /edrone/robot_state_publisher rosrpc://itachi-HP-Pavilion-Laptop-15-cc1xx:41499
[rosmaster.master][INFO] 2019-11-26 18:18:54,771: -PUB [/gazebo_gui/parameter_descriptions] /gazebo_gui http://itachi-HP-Pavilion-Laptop-15-cc1xx:34995/
[rosmaster.master][INFO] 2019-11-26 18:18:54,772: -PUB [/gazebo_gui/parameter_updates] /gazebo_gui http://itachi-HP-Pavilion-Laptop-15-cc1xx:34995/
[rosmaster.master][INFO] 2019-11-26 18:18:54,773: -SERVICE [/gazebo_gui/set_parameters] /gazebo_gui rosrpc://itachi-HP-Pavilion-Laptop-15-cc1xx:53879
[rosmaster.master][INFO] 2019-11-26 18:18:54,799: -PUB [/rosout] /edrone/roll_pitch_yawrate_thrust_controller_node http://itachi-HP-Pavilion-Laptop-15-cc1xx:43339/
[rosmaster.master][INFO] 2019-11-26 18:18:54,800: -PUB [/edrone/command/motor_speed] /edrone/roll_pitch_yawrate_thrust_controller_node http://itachi-HP-Pavilion-Laptop-15-cc1xx:43339/
[rosmaster.master][INFO] 2019-11-26 18:18:54,801: -SUB [/clock] /edrone/roll_pitch_yawrate_thrust_controller_node http://itachi-HP-Pavilion-Laptop-15-cc1xx:43339/
[rosmaster.master][INFO] 2019-11-26 18:18:54,802: -SUB [/edrone/command/roll_pitch_yawrate_thrust] /edrone/roll_pitch_yawrate_thrust_controller_node http://itachi-HP-Pavilion-Laptop-15-cc1xx:43339/
[rosmaster.master][INFO] 2019-11-26 18:18:54,802: -SUB [/edrone/odometry_sensor1/odometry] /edrone/roll_pitch_yawrate_thrust_controller_node http://itachi-HP-Pavilion-Laptop-15-cc1xx:43339/
[rosmaster.master][INFO] 2019-11-26 18:18:54,803: -SERVICE [/edrone/roll_pitch_yawrate_thrust_controller_node/get_loggers] /edrone/roll_pitch_yawrate_thrust_controller_node rosrpc://itachi-HP-Pavilion-Laptop-15-cc1xx:35271
[rosmaster.master][INFO] 2019-11-26 18:18:54,804: -SERVICE [/edrone/roll_pitch_yawrate_thrust_controller_node/set_logger_level] /edrone/roll_pitch_yawrate_thrust_controller_node rosrpc://itachi-HP-Pavilion-Laptop-15-cc1xx:35271
[rosmaster.master][INFO] 2019-11-26 18:18:54,816: -SUB [/gazebo/set_link_state] /gazebo http://itachi-HP-Pavilion-Laptop-15-cc1xx:40977/
[rosmaster.master][INFO] 2019-11-26 18:18:54,817: -SUB [/gazebo/set_model_state] /gazebo http://itachi-HP-Pavilion-Laptop-15-cc1xx:40977/
[rosmaster.master][INFO] 2019-11-26 18:18:54,817: -PUB [/clock] /gazebo http://itachi-HP-Pavilion-Laptop-15-cc1xx:40977/
[rosmaster.master][INFO] 2019-11-26 18:18:54,818: -PUB [/gazebo/link_states] /gazebo http://itachi-HP-Pavilion-Laptop-15-cc1xx:40977/
[rosmaster.master][INFO] 2019-11-26 18:18:54,819: -PUB [/gazebo/model_states] /gazebo http://itachi-HP-Pavilion-Laptop-15-cc1xx:40977/
[rosmaster.master][INFO] 2019-11-26 18:18:54,819: -SERVICE [/gazebo/spawn_sdf_model] /gazebo rosrpc://itachi-HP-Pavilion-Laptop-15-cc1xx:40013
[rosmaster.master][INFO] 2019-11-26 18:18:54,820: -SERVICE [/gazebo/spawn_urdf_model] /gazebo rosrpc://itachi-HP-Pavilion-Laptop-15-cc1xx:40013
[rosmaster.master][INFO] 2019-11-26 18:18:54,820: -SERVICE [/gazebo/delete_model] /gazebo rosrpc://itachi-HP-Pavilion-Laptop-15-cc1xx:40013
[rosmaster.master][INFO] 2019-11-26 18:18:54,821: -SERVICE [/gazebo/delete_light] /gazebo rosrpc://itachi-HP-Pavilion-Laptop-15-cc1xx:40013
[rosmaster.master][INFO] 2019-11-26 18:18:54,821: -SERVICE [/gazebo/get_model_properties] /gazebo rosrpc://itachi-HP-Pavilion-Laptop-15-cc1xx:40013
[rosmaster.master][INFO] 2019-11-26 18:18:54,822: -SERVICE [/gazebo/get_model_state] /gazebo rosrpc://itachi-HP-Pavilion-Laptop-15-cc1xx:40013
[rosmaster.master][INFO] 2019-11-26 18:18:54,822: -SERVICE [/gazebo/get_world_properties] /gazebo rosrpc://itachi-HP-Pavilion-Laptop-15-cc1xx:40013
[rosmaster.master][INFO] 2019-11-26 18:18:54,823: -SERVICE [/gazebo/get_joint_properties] /gazebo rosrpc://itachi-HP-Pavilion-Laptop-15-cc1xx:40013
[rosmaster.master][INFO] 2019-11-26 18:18:54,823: -SERVICE [/gazebo/get_link_properties] /gazebo rosrpc://itachi-HP-Pavilion-Laptop-15-cc1xx:40013
[rosmaster.master][INFO] 2019-11-26 18:18:54,824: -SERVICE [/gazebo/get_link_state] /gazebo rosrpc://itachi-HP-Pavilion-Laptop-15-cc1xx:40013
[rosmaster.master][INFO] 2019-11-26 18:18:54,824: -SERVICE [/gazebo/get_light_properties] /gazebo rosrpc://itachi-HP-Pavilion-Laptop-15-cc1xx:40013
[rosmaster.master][INFO] 2019-11-26 18:18:54,825: -SERVICE [/gazebo/set_light_properties] /gazebo rosrpc://itachi-HP-Pavilion-Laptop-15-cc1xx:40013
[rosmaster.master][INFO] 2019-11-26 18:18:54,825: -SERVICE [/gazebo/get_physics_properties] /gazebo rosrpc://itachi-HP-Pavilion-Laptop-15-cc1xx:40013
[rosmaster.master][INFO] 2019-11-26 18:18:54,826: -SERVICE [/gazebo/set_link_properties] /gazebo rosrpc://itachi-HP-Pavilion-Laptop-15-cc1xx:40013
[rosmaster.master][INFO] 2019-11-26 18:18:54,827: -PUB [/rosout] /edrone/rotors_edrone_interface http://itachi-HP-Pavilion-Laptop-15-cc1xx:38387/
[rosmaster.master][INFO] 2019-11-26 18:18:54,827: -SERVICE [/gazebo/set_physics_properties] /gazebo rosrpc://itachi-HP-Pavilion-Laptop-15-cc1xx:40013
[rosmaster.master][INFO] 2019-11-26 18:18:54,828: -PUB [/edrone/command/roll_pitch_yawrate_thrust] /edrone/rotors_edrone_interface http://itachi-HP-Pavilion-Laptop-15-cc1xx:38387/
[rosmaster.master][INFO] 2019-11-26 18:18:54,829: -SERVICE [/gazebo/set_model_state] /gazebo rosrpc://itachi-HP-Pavilion-Laptop-15-cc1xx:40013
[rosmaster.master][INFO] 2019-11-26 18:18:54,830: -SUB [/clock] /edrone/rotors_edrone_interface http://itachi-HP-Pavilion-Laptop-15-cc1xx:38387/
[rosmaster.master][INFO] 2019-11-26 18:18:54,831: -SERVICE [/gazebo/set_model_configuration] /gazebo rosrpc://itachi-HP-Pavilion-Laptop-15-cc1xx:40013
[rosmaster.master][INFO] 2019-11-26 18:18:54,831: -SUB [/drone_command] /edrone/rotors_edrone_interface http://itachi-HP-Pavilion-Laptop-15-cc1xx:38387/
[rosmaster.master][INFO] 2019-11-26 18:18:54,832: -SERVICE [/gazebo/set_joint_properties] /gazebo rosrpc://itachi-HP-Pavilion-Laptop-15-cc1xx:40013
[rosmaster.master][INFO] 2019-11-26 18:18:54,832: publisherUpdate[/rosout] -> http://itachi-HP-Pavilion-Laptop-15-cc1xx:41645/ ['http://itachi-HP-Pavilion-Laptop-15-cc1xx:38387/', 'http://itachi-HP-Pavilion-Laptop-15-cc1xx:40977/', 'http://itachi-HP-Pavilion-Laptop-15-cc1xx:34995/']
[rosmaster.master][INFO] 2019-11-26 18:18:54,833: publisherUpdate[/edrone/command/motor_speed] -> http://itachi-HP-Pavilion-Laptop-15-cc1xx:40977/ []
[rosmaster.master][INFO] 2019-11-26 18:18:54,833: publisherUpdate[/rosout] -> http://itachi-HP-Pavilion-Laptop-15-cc1xx:41645/ ['http://itachi-HP-Pavilion-Laptop-15-cc1xx:38387/', 'http://itachi-HP-Pavilion-Laptop-15-cc1xx:40977/', 'http://itachi-HP-Pavilion-Laptop-15-cc1xx:34995/']: sec=0.00, result=[1, '', 0]
[rosmaster.master][INFO] 2019-11-26 18:18:54,834: -SERVICE [/edrone/rotors_edrone_interface/get_loggers] /edrone/rotors_edrone_interface rosrpc://itachi-HP-Pavilion-Laptop-15-cc1xx:58839
[rosmaster.master][INFO] 2019-11-26 18:18:54,834: publisherUpdate[/clock] -> http://itachi-HP-Pavilion-Laptop-15-cc1xx:41645/ []
[rosmaster.master][INFO] 2019-11-26 18:18:54,834: publisherUpdate[/edrone/command/motor_speed] -> http://itachi-HP-Pavilion-Laptop-15-cc1xx:40977/ []: sec=0.00, result=[1, '', 0]
[rosmaster.master][INFO] 2019-11-26 18:18:54,834: -SERVICE [/gazebo/set_link_state] /gazebo rosrpc://itachi-HP-Pavilion-Laptop-15-cc1xx:40013
[rosmaster.master][INFO] 2019-11-26 18:18:54,835: publisherUpdate[/clock] -> http://itachi-HP-Pavilion-Laptop-15-cc1xx:38387/ []
[rosmaster.master][INFO] 2019-11-26 18:18:54,835: publisherUpdate[/clock] -> http://itachi-HP-Pavilion-Laptop-15-cc1xx:41645/ []: sec=0.00, result=[1, '', 0]
[rosmaster.master][INFO] 2019-11-26 18:18:54,835: publisherUpdate[/clock] -> http://itachi-HP-Pavilion-Laptop-15-cc1xx:40977/ []
[rosmaster.master][INFO] 2019-11-26 18:18:54,835: -SERVICE [/edrone/rotors_edrone_interface/set_logger_level] /edrone/rotors_edrone_interface rosrpc://itachi-HP-Pavilion-Laptop-15-cc1xx:58839
[rosmaster.master][INFO] 2019-11-26 18:18:54,836: publisherUpdate[/clock] -> http://itachi-HP-Pavilion-Laptop-15-cc1xx:34995/ []
[rosmaster.master][INFO] 2019-11-26 18:18:54,836: publisherUpdate[/clock] -> http://itachi-HP-Pavilion-Laptop-15-cc1xx:40977/ []: sec=0.00, result=[1, '', 0]
[rosmaster.master][INFO] 2019-11-26 18:18:54,837: publisherUpdate[/clock] -> http://itachi-HP-Pavilion-Laptop-15-cc1xx:38387/ []: sec=0.00, exception=<Fault -1: 'publisherUpdate: unknown method name'>
[rosmaster.master][INFO] 2019-11-26 18:18:54,837: -SERVICE [/gazebo/pause_physics] /gazebo rosrpc://itachi-HP-Pavilion-Laptop-15-cc1xx:40013
[rosmaster.master][INFO] 2019-11-26 18:18:54,837: publisherUpdate[/rosout] -> http://itachi-HP-Pavilion-Laptop-15-cc1xx:41645/ ['http://itachi-HP-Pavilion-Laptop-15-cc1xx:40977/', 'http://itachi-HP-Pavilion-Laptop-15-cc1xx:34995/']
[rosmaster.master][INFO] 2019-11-26 18:18:54,838: publisherUpdate[/clock] -> http://itachi-HP-Pavilion-Laptop-15-cc1xx:34995/ []: sec=0.00, result=[0, 'Unknown Error', 0]
[rosmaster.master][INFO] 2019-11-26 18:18:54,838: publisherUpdate[/rosout] -> http://itachi-HP-Pavilion-Laptop-15-cc1xx:41645/ ['http://itachi-HP-Pavilion-Laptop-15-cc1xx:40977/', 'http://itachi-HP-Pavilion-Laptop-15-cc1xx:34995/']: sec=0.00, result=[1, '', 0]
[rosmaster.master][INFO] 2019-11-26 18:18:54,839: -SERVICE [/gazebo/unpause_physics] /gazebo rosrpc://itachi-HP-Pavilion-Laptop-15-cc1xx:40013
[rosmaster.master][INFO] 2019-11-26 18:18:54,840: -SERVICE [/gazebo/apply_body_wrench] /gazebo rosrpc://itachi-HP-Pavilion-Laptop-15-cc1xx:40013
[rosmaster.threadpool][ERROR] 2019-11-26 18:18:54,840: Traceback (most recent call last):
  File "/opt/ros/kinetic/lib/python2.7/dist-packages/rosmaster/threadpool.py", line 218, in run
    result = cmd(*args)
  File "/opt/ros/kinetic/lib/python2.7/dist-packages/rosmaster/master_api.py", line 210, in publisher_update_task
    ret = xmlrpcapi(api).publisherUpdate('/master', topic, pub_uris)
  File "/usr/lib/python2.7/xmlrpclib.py", line 1243, in __call__
    return self.__send(self.__name, args)
  File "/usr/lib/python2.7/xmlrpclib.py", line 1602, in __request
    verbose=self.__verbose
  File "/usr/lib/python2.7/xmlrpclib.py", line 1283, in request
    return self.single_request(host, handler, request_body, verbose)
  File "/usr/lib/python2.7/xmlrpclib.py", line 1316, in single_request
    return self.parse_response(response)
  File "/usr/lib/python2.7/xmlrpclib.py", line 1493, in parse_response
    return u.close()
  File "/usr/lib/python2.7/xmlrpclib.py", line 800, in close
    raise Fault(**self._stack[0])
Fault: <Fault -1: 'publisherUpdate: unknown method name'>

[rosmaster.master][INFO] 2019-11-26 18:18:54,840: -SERVICE [/gazebo/apply_joint_effort] /gazebo rosrpc://itachi-HP-Pavilion-Laptop-15-cc1xx:40013
[rosmaster.master][INFO] 2019-11-26 18:18:54,841: -SERVICE [/gazebo/clear_joint_forces] /gazebo rosrpc://itachi-HP-Pavilion-Laptop-15-cc1xx:40013
[rosmaster.master][INFO] 2019-11-26 18:18:54,841: -SERVICE [/gazebo/clear_body_wrenches] /gazebo rosrpc://itachi-HP-Pavilion-Laptop-15-cc1xx:40013
[rosmaster.master][INFO] 2019-11-26 18:18:54,842: -SERVICE [/gazebo/reset_simulation] /gazebo rosrpc://itachi-HP-Pavilion-Laptop-15-cc1xx:40013
[rosmaster.master][INFO] 2019-11-26 18:18:54,842: -SERVICE [/gazebo/reset_world] /gazebo rosrpc://itachi-HP-Pavilion-Laptop-15-cc1xx:40013
[rosmaster.master][INFO] 2019-11-26 18:18:54,844: -PUB [/gazebo/parameter_descriptions] /gazebo http://itachi-HP-Pavilion-Laptop-15-cc1xx:40977/
[rosmaster.master][INFO] 2019-11-26 18:18:54,845: -PUB [/gazebo/parameter_updates] /gazebo http://itachi-HP-Pavilion-Laptop-15-cc1xx:40977/
[rosmaster.master][INFO] 2019-11-26 18:18:54,846: -SERVICE [/gazebo/set_parameters] /gazebo rosrpc://itachi-HP-Pavilion-Laptop-15-cc1xx:40013
[rosmaster.master][INFO] 2019-11-26 18:18:54,847: -SUB [/edrone/gazebo/command/motor_speed] /gazebo http://itachi-HP-Pavilion-Laptop-15-cc1xx:40977/
[rosmaster.master][INFO] 2019-11-26 18:18:54,848: -SUB [/edrone/wind_speed] /gazebo http://itachi-HP-Pavilion-Laptop-15-cc1xx:40977/
[rosmaster.master][INFO] 2019-11-26 18:18:54,848: -SUB [/edrone/command/motor_speed] /gazebo http://itachi-HP-Pavilion-Laptop-15-cc1xx:40977/
[rosmaster.master][INFO] 2019-11-26 18:18:54,849: -PUB [/edrone/motor_speed] /gazebo http://itachi-HP-Pavilion-Laptop-15-cc1xx:40977/
[rosmaster.master][INFO] 2019-11-26 18:18:54,850: -PUB [/edrone/joint_states] /gazebo http://itachi-HP-Pavilion-Laptop-15-cc1xx:40977/
[rosmaster.master][INFO] 2019-11-26 18:18:54,851: -PUB [/edrone/motor_speed/0] /gazebo http://itachi-HP-Pavilion-Laptop-15-cc1xx:40977/
[rosmaster.master][INFO] 2019-11-26 18:18:54,851: -PUB [/edrone/motor_speed/1] /gazebo http://itachi-HP-Pavilion-Laptop-15-cc1xx:40977/
[rosmaster.master][INFO] 2019-11-26 18:18:54,852: -PUB [/edrone/motor_speed/2] /gazebo http://itachi-HP-Pavilion-Laptop-15-cc1xx:40977/
[rosmaster.master][INFO] 2019-11-26 18:18:54,852: -PUB [/edrone/motor_speed/3] /gazebo http://itachi-HP-Pavilion-Laptop-15-cc1xx:40977/
[rosmaster.master][INFO] 2019-11-26 18:18:54,853: -PUB [/edrone/gazebo/command/motor_speed] /gazebo http://itachi-HP-Pavilion-Laptop-15-cc1xx:40977/
[rosmaster.master][INFO] 2019-11-26 18:18:54,853: -PUB [/edrone/imu] /gazebo http://itachi-HP-Pavilion-Laptop-15-cc1xx:40977/
[rosmaster.master][INFO] 2019-11-26 18:18:54,854: -PUB [/edrone/ground_truth/imu] /gazebo http://itachi-HP-Pavilion-Laptop-15-cc1xx:40977/
[rosmaster.master][INFO] 2019-11-26 18:18:54,854: -PUB [/edrone/ground_truth/pose] /gazebo http://itachi-HP-Pavilion-Laptop-15-cc1xx:40977/
[rosmaster.master][INFO] 2019-11-26 18:18:54,855: -PUB [/edrone/ground_truth/pose_with_covariance] /gazebo http://itachi-HP-Pavilion-Laptop-15-cc1xx:40977/
[rosmaster.master][INFO] 2019-11-26 18:18:54,855: -PUB [/edrone/ground_truth/position] /gazebo http://itachi-HP-Pavilion-Laptop-15-cc1xx:40977/
[rosmaster.master][INFO] 2019-11-26 18:18:54,856: -PUB [/edrone/ground_truth/odometry] /gazebo http://itachi-HP-Pavilion-Laptop-15-cc1xx:40977/
[rosmaster.master][INFO] 2019-11-26 18:18:54,856: -PUB [/edrone/ground_truth/transform] /gazebo http://itachi-HP-Pavilion-Laptop-15-cc1xx:40977/
[rosmaster.master][INFO] 2019-11-26 18:18:54,857: -PUB [/edrone/odometry_sensor1/pose] /gazebo http://itachi-HP-Pavilion-Laptop-15-cc1xx:40977/
[rosmaster.master][INFO] 2019-11-26 18:18:54,857: -PUB [/edrone/odometry_sensor1/pose_with_covariance] /gazebo http://itachi-HP-Pavilion-Laptop-15-cc1xx:40977/
[rosmaster.master][INFO] 2019-11-26 18:18:54,858: -PUB [/edrone/odometry_sensor1/position] /gazebo http://itachi-HP-Pavilion-Laptop-15-cc1xx:40977/
[rosmaster.master][INFO] 2019-11-26 18:18:54,858: -PUB [/edrone/odometry_sensor1/odometry] /gazebo http://itachi-HP-Pavilion-Laptop-15-cc1xx:40977/
[rosmaster.master][INFO] 2019-11-26 18:18:54,859: -PUB [/edrone/odometry_sensor1/transform] /gazebo http://itachi-HP-Pavilion-Laptop-15-cc1xx:40977/
[rosmaster.master][INFO] 2019-11-26 18:18:54,859: -PUB [/tf] /gazebo http://itachi-HP-Pavilion-Laptop-15-cc1xx:40977/
[rosmaster.master][INFO] 2019-11-26 18:18:54,938: -PUB [/rosout] /gazebo_gui http://itachi-HP-Pavilion-Laptop-15-cc1xx:34995/
[rosmaster.master][INFO] 2019-11-26 18:18:54,939: -SUB [/clock] /gazebo_gui http://itachi-HP-Pavilion-Laptop-15-cc1xx:34995/
[rosmaster.master][INFO] 2019-11-26 18:18:54,939: publisherUpdate[/rosout] -> http://itachi-HP-Pavilion-Laptop-15-cc1xx:41645/ ['http://itachi-HP-Pavilion-Laptop-15-cc1xx:40977/']
[rosmaster.master][INFO] 2019-11-26 18:18:54,939: publisherUpdate[/rosout] -> http://itachi-HP-Pavilion-Laptop-15-cc1xx:41645/ ['http://itachi-HP-Pavilion-Laptop-15-cc1xx:40977/']: sec=0.00, result=[1, '', 0]
[rosmaster.master][INFO] 2019-11-26 18:18:54,940: -SERVICE [/gazebo_gui/get_loggers] /gazebo_gui rosrpc://itachi-HP-Pavilion-Laptop-15-cc1xx:53879
[rosmaster.master][INFO] 2019-11-26 18:18:54,940: -SERVICE [/gazebo_gui/set_logger_level] /gazebo_gui rosrpc://itachi-HP-Pavilion-Laptop-15-cc1xx:53879
[rosmaster.master][INFO] 2019-11-26 18:19:09,773: -PUB [/rosout_agg] /rosout http://itachi-HP-Pavilion-Laptop-15-cc1xx:41645/
[rosmaster.master][INFO] 2019-11-26 18:19:09,773: -SUB [/clock] /rosout http://itachi-HP-Pavilion-Laptop-15-cc1xx:41645/
[rosmaster.master][INFO] 2019-11-26 18:19:09,774: -SUB [/rosout] /rosout http://itachi-HP-Pavilion-Laptop-15-cc1xx:41645/
[rosmaster.master][INFO] 2019-11-26 18:19:09,775: -SERVICE [/rosout/get_loggers] /rosout rosrpc://itachi-HP-Pavilion-Laptop-15-cc1xx:43169
[rosmaster.master][INFO] 2019-11-26 18:19:09,775: -SERVICE [/rosout/set_logger_level] /rosout rosrpc://itachi-HP-Pavilion-Laptop-15-cc1xx:43169
[rosmaster.main][INFO] 2019-11-26 18:19:09,857: keyboard interrupt, will exit
[rosmaster.main][INFO] 2019-11-26 18:19:09,858: stopping master...
[rospy.core][INFO] 2019-11-26 18:19:09,858: signal_shutdown [atexit]
