[rospy.client][INFO] 2020-02-26 21:55:47,711: init_node, name[/sr_beacon_detector], pid[9885]
[xmlrpc][INFO] 2020-02-26 21:55:47,712: XML-RPC server binding to 0.0.0.0:0
[xmlrpc][INFO] 2020-02-26 21:55:47,712: Started XML-RPC server [http://itachi-HP-Pavilion-Laptop-15-cc1xx:33031/]
[rospy.init][INFO] 2020-02-26 21:55:47,712: ROS Slave URI: [http://itachi-HP-Pavilion-Laptop-15-cc1xx:33031/]
[rospy.impl.masterslave][INFO] 2020-02-26 21:55:47,712: _ready: http://itachi-HP-Pavilion-Laptop-15-cc1xx:33031/
[rospy.registration][INFO] 2020-02-26 21:55:47,713: Registering with master node http://localhost:11311
[xmlrpc][INFO] 2020-02-26 21:55:47,713: xml rpc node: starting XML-RPC server
[rospy.init][INFO] 2020-02-26 21:55:47,813: registered with master
[rospy.rosout][INFO] 2020-02-26 21:55:47,813: initializing /rosout core topic
[rospy.rosout][INFO] 2020-02-26 21:55:47,816: connected to core topic /rosout
[rospy.simtime][INFO] 2020-02-26 21:55:47,818: /use_sim_time is not set, will not subscribe to simulated time [/clock] topic
[rospy.internal][INFO] 2020-02-26 21:55:47,879: topic[/usb_cam/image_rect_color] adding connection to [http://itachi-HP-Pavilion-Laptop-15-cc1xx:38427/], count 0
[rospy.internal][INFO] 2020-02-26 21:55:47,899: topic[/detection_info] adding connection to [/monitor_org_config], count 0
[rospy.internal][INFO] 2020-02-26 21:55:47,904: topic[/detection_info] adding connection to [/scheduler], count 1
[rospy.internal][INFO] 2020-02-26 21:55:48,084: topic[/rosout] adding connection to [/rosout], count 0
[rospy.internal][INFO] 2020-02-26 21:56:52,260: topic[/detection_info] adding connection to [/rostopic_10083_1582734412041], count 2
[rospy.core][INFO] 2020-02-26 21:56:54,164: signal_shutdown [signal-2]
[rospy.internal][INFO] 2020-02-26 21:56:54,170: topic[/detection_info] removing connection to /monitor_org_config
[rospy.internal][INFO] 2020-02-26 21:56:54,170: topic[/detection_info] removing connection to /scheduler
[rospy.internal][INFO] 2020-02-26 21:56:54,171: topic[/detection_info] removing connection to /rostopic_10083_1582734412041
[rospy.internal][INFO] 2020-02-26 21:56:54,171: topic[/rosout] removing connection to /rosout
[rospy.internal][INFO] 2020-02-26 21:56:54,171: topic[/usb_cam/image_rect_color] removing connection to http://itachi-HP-Pavilion-Laptop-15-cc1xx:38427/
[rospy.impl.masterslave][INFO] 2020-02-26 21:56:54,172: signal-2
[rospy.core][INFO] 2020-02-26 21:56:54,337: signal_shutdown [atexit]
[rospy.client][INFO] 2020-02-26 21:57:16,848: init_node, name[/sr_beacon_detector], pid[10181]
[xmlrpc][INFO] 2020-02-26 21:57:16,848: XML-RPC server binding to 0.0.0.0:0
[xmlrpc][INFO] 2020-02-26 21:57:16,850: Started XML-RPC server [http://itachi-HP-Pavilion-Laptop-15-cc1xx:42625/]
[rospy.init][INFO] 2020-02-26 21:57:16,850: ROS Slave URI: [http://itachi-HP-Pavilion-Laptop-15-cc1xx:42625/]
[rospy.impl.masterslave][INFO] 2020-02-26 21:57:16,850: _ready: http://itachi-HP-Pavilion-Laptop-15-cc1xx:42625/
[rospy.registration][INFO] 2020-02-26 21:57:16,853: Registering with master node http://localhost:11311
[xmlrpc][INFO] 2020-02-26 21:57:16,853: xml rpc node: starting XML-RPC server
[rospy.init][INFO] 2020-02-26 21:57:16,950: registered with master
[rospy.rosout][INFO] 2020-02-26 21:57:16,951: initializing /rosout core topic
[rospy.rosout][INFO] 2020-02-26 21:57:16,954: connected to core topic /rosout
[rospy.simtime][INFO] 2020-02-26 21:57:16,957: /use_sim_time is not set, will not subscribe to simulated time [/clock] topic
[rospy.internal][INFO] 2020-02-26 21:57:16,987: topic[/detection_info] adding connection to [/rostopic_10083_1582734412041], count 0
[rospy.internal][INFO] 2020-02-26 21:57:16,988: topic[/detection_info] adding connection to [/scheduler], count 1
[rospy.internal][INFO] 2020-02-26 21:57:17,011: topic[/detection_info] adding connection to [/monitor_org_config], count 2
[rospy.internal][INFO] 2020-02-26 21:57:17,020: topic[/usb_cam/image_rect_color] adding connection to [http://itachi-HP-Pavilion-Laptop-15-cc1xx:38427/], count 0
[rospy.internal][INFO] 2020-02-26 21:57:17,180: topic[/rosout] adding connection to [/rosout], count 0
[rospy.internal][INFO] 2020-02-26 22:00:22,654: topic[/detection_info] removing connection to /monitor_org_config
[rosout][WARNING] 2020-02-26 22:00:23,304: Inbound TCP/IP connection failed: connection from sender terminated before handshake header received. 0 bytes were received. Please check sender for additional details.
[rospy.internal][ERROR] 2020-02-26 22:00:23,305: Inbound TCP/IP connection failed:
Traceback (most recent call last):
  File "/opt/ros/kinetic/lib/python2.7/dist-packages/rospy/impl/tcpros_base.py", line 321, in _tcp_server_callback
    header = read_ros_handshake_header(sock, StringIO(), buff_size)
  File "/opt/ros/kinetic/lib/python2.7/dist-packages/rosgraph/network.py", line 364, in read_ros_handshake_header
    raise ROSHandshakeException("connection from sender terminated before handshake header received. %s bytes were received. Please check sender for additional details."%b.tell())
ROSHandshakeException: connection from sender terminated before handshake header received. 0 bytes were received. Please check sender for additional details.

[rospy.core][INFO] 2020-02-26 22:01:09,549: signal_shutdown [signal-2]
[rospy.internal][INFO] 2020-02-26 22:01:09,556: topic[/detection_info] removing connection to /rostopic_10083_1582734412041
[rospy.internal][INFO] 2020-02-26 22:01:09,556: topic[/detection_info] removing connection to /scheduler
[rospy.internal][INFO] 2020-02-26 22:01:09,557: topic[/rosout] removing connection to /rosout
[rospy.internal][INFO] 2020-02-26 22:01:09,557: topic[/usb_cam/image_rect_color] removing connection to http://itachi-HP-Pavilion-Laptop-15-cc1xx:38427/
[rospy.impl.masterslave][INFO] 2020-02-26 22:01:09,557: signal-2
[rospy.core][INFO] 2020-02-26 22:01:10,173: signal_shutdown [atexit]
[rospy.client][INFO] 2020-02-26 22:01:22,928: init_node, name[/sr_beacon_detector], pid[10426]
[xmlrpc][INFO] 2020-02-26 22:01:22,929: XML-RPC server binding to 0.0.0.0:0
[xmlrpc][INFO] 2020-02-26 22:01:22,929: Started XML-RPC server [http://itachi-HP-Pavilion-Laptop-15-cc1xx:33239/]
[rospy.init][INFO] 2020-02-26 22:01:22,929: ROS Slave URI: [http://itachi-HP-Pavilion-Laptop-15-cc1xx:33239/]
[rospy.impl.masterslave][INFO] 2020-02-26 22:01:22,929: _ready: http://itachi-HP-Pavilion-Laptop-15-cc1xx:33239/
[xmlrpc][INFO] 2020-02-26 22:01:22,931: xml rpc node: starting XML-RPC server
[rospy.registration][INFO] 2020-02-26 22:01:22,931: Registering with master node http://localhost:11311
[rospy.init][INFO] 2020-02-26 22:01:23,030: registered with master
[rospy.rosout][INFO] 2020-02-26 22:01:23,031: initializing /rosout core topic
[rospy.rosout][INFO] 2020-02-26 22:01:23,036: connected to core topic /rosout
[rospy.simtime][INFO] 2020-02-26 22:01:23,039: /use_sim_time is not set, will not subscribe to simulated time [/clock] topic
[rospy.internal][INFO] 2020-02-26 22:01:23,082: topic[/detection_info] adding connection to [/monitor_org_config], count 0
[rospy.internal][INFO] 2020-02-26 22:01:23,083: topic[/detection_info] adding connection to [/rostopic_10083_1582734412041], count 1
[rospy.internal][INFO] 2020-02-26 22:01:23,089: topic[/detection_info] adding connection to [/scheduler], count 2
[rospy.internal][INFO] 2020-02-26 22:01:23,097: topic[/usb_cam/image_rect_color] adding connection to [http://itachi-HP-Pavilion-Laptop-15-cc1xx:38427/], count 0
[rospy.internal][INFO] 2020-02-26 22:01:23,170: topic[/rosout] adding connection to [/rosout], count 0
[rospy.internal][INFO] 2020-02-26 22:04:28,744: topic[/detection_info] removing connection to /monitor_org_config
[rosout][WARNING] 2020-02-26 22:06:24,180: Inbound TCP/IP connection failed: connection from sender terminated before handshake header received. 0 bytes were received. Please check sender for additional details.
[rospy.internal][ERROR] 2020-02-26 22:06:24,181: Inbound TCP/IP connection failed:
Traceback (most recent call last):
  File "/opt/ros/kinetic/lib/python2.7/dist-packages/rospy/impl/tcpros_base.py", line 321, in _tcp_server_callback
    header = read_ros_handshake_header(sock, StringIO(), buff_size)
  File "/opt/ros/kinetic/lib/python2.7/dist-packages/rosgraph/network.py", line 364, in read_ros_handshake_header
    raise ROSHandshakeException("connection from sender terminated before handshake header received. %s bytes were received. Please check sender for additional details."%b.tell())
ROSHandshakeException: connection from sender terminated before handshake header received. 0 bytes were received. Please check sender for additional details.

[rospy.internal][INFO] 2020-02-26 22:06:24,335: topic[/detection_info] removing connection to /rostopic_10083_1582734412041
[rospy.internal][INFO] 2020-02-26 22:06:36,648: topic[/detection_info] adding connection to [/rostopic_10856_1582734996427], count 1
[rospy.core][INFO] 2020-02-26 22:06:44,443: signal_shutdown [signal-2]
[rospy.internal][INFO] 2020-02-26 22:06:44,449: topic[/detection_info] removing connection to /scheduler
[rospy.internal][INFO] 2020-02-26 22:06:44,449: topic[/detection_info] removing connection to /rostopic_10856_1582734996427
[rospy.internal][INFO] 2020-02-26 22:06:44,449: topic[/rosout] removing connection to /rosout
[rospy.internal][INFO] 2020-02-26 22:06:44,450: topic[/usb_cam/image_rect_color] removing connection to http://itachi-HP-Pavilion-Laptop-15-cc1xx:38427/
[rospy.impl.masterslave][INFO] 2020-02-26 22:06:44,450: signal-2
[rospy.core][INFO] 2020-02-26 22:06:44,566: signal_shutdown [atexit]
[rospy.client][INFO] 2020-02-26 22:06:48,046: init_node, name[/sr_beacon_detector], pid[10945]
[xmlrpc][INFO] 2020-02-26 22:06:48,047: XML-RPC server binding to 0.0.0.0:0
[xmlrpc][INFO] 2020-02-26 22:06:48,048: Started XML-RPC server [http://itachi-HP-Pavilion-Laptop-15-cc1xx:33999/]
[rospy.init][INFO] 2020-02-26 22:06:48,048: ROS Slave URI: [http://itachi-HP-Pavilion-Laptop-15-cc1xx:33999/]
[rospy.impl.masterslave][INFO] 2020-02-26 22:06:48,049: _ready: http://itachi-HP-Pavilion-Laptop-15-cc1xx:33999/
[rospy.registration][INFO] 2020-02-26 22:06:48,050: Registering with master node http://localhost:11311
[xmlrpc][INFO] 2020-02-26 22:06:48,050: xml rpc node: starting XML-RPC server
[rospy.init][INFO] 2020-02-26 22:06:48,149: registered with master
[rospy.rosout][INFO] 2020-02-26 22:06:48,149: initializing /rosout core topic
[rospy.rosout][INFO] 2020-02-26 22:06:48,154: connected to core topic /rosout
[rospy.simtime][INFO] 2020-02-26 22:06:48,156: /use_sim_time is not set, will not subscribe to simulated time [/clock] topic
[rospy.internal][INFO] 2020-02-26 22:06:48,220: topic[/usb_cam/image_rect_color] adding connection to [http://itachi-HP-Pavilion-Laptop-15-cc1xx:38427/], count 0
[rospy.internal][INFO] 2020-02-26 22:06:48,253: topic[/detection_info] adding connection to [/monitor_org_config], count 0
[rospy.internal][INFO] 2020-02-26 22:06:48,267: topic[/detection_info] adding connection to [/rostopic_10856_1582734996427], count 1
[rospy.internal][INFO] 2020-02-26 22:06:48,276: topic[/detection_info] adding connection to [/scheduler], count 2
[rospy.internal][INFO] 2020-02-26 22:06:48,440: topic[/rosout] adding connection to [/rosout], count 0
[rospy.core][INFO] 2020-02-26 22:07:13,135: signal_shutdown [signal-2]
[rospy.internal][INFO] 2020-02-26 22:07:13,143: topic[/detection_info] removing connection to /monitor_org_config
[rospy.internal][INFO] 2020-02-26 22:07:13,145: topic[/detection_info] removing connection to /rostopic_10856_1582734996427
[rospy.internal][INFO] 2020-02-26 22:07:13,145: topic[/detection_info] removing connection to /scheduler
[rospy.internal][INFO] 2020-02-26 22:07:13,147: topic[/rosout] removing connection to /rosout
[rospy.internal][INFO] 2020-02-26 22:07:13,147: topic[/usb_cam/image_rect_color] removing connection to http://itachi-HP-Pavilion-Laptop-15-cc1xx:38427/
[rospy.impl.masterslave][INFO] 2020-02-26 22:07:13,147: signal-2
[rospy.core][INFO] 2020-02-26 22:07:13,263: signal_shutdown [atexit]
[rospy.client][INFO] 2020-02-26 22:07:44,383: init_node, name[/sr_beacon_detector], pid[11158]
[xmlrpc][INFO] 2020-02-26 22:07:44,384: XML-RPC server binding to 0.0.0.0:0
[xmlrpc][INFO] 2020-02-26 22:07:44,384: Started XML-RPC server [http://itachi-HP-Pavilion-Laptop-15-cc1xx:38383/]
[rospy.init][INFO] 2020-02-26 22:07:44,384: ROS Slave URI: [http://itachi-HP-Pavilion-Laptop-15-cc1xx:38383/]
[rospy.impl.masterslave][INFO] 2020-02-26 22:07:44,385: _ready: http://itachi-HP-Pavilion-Laptop-15-cc1xx:38383/
[rospy.registration][INFO] 2020-02-26 22:07:44,385: Registering with master node http://localhost:11311
[xmlrpc][INFO] 2020-02-26 22:07:44,386: xml rpc node: starting XML-RPC server
[rospy.init][INFO] 2020-02-26 22:07:44,485: registered with master
[rospy.rosout][INFO] 2020-02-26 22:07:44,485: initializing /rosout core topic
[rospy.rosout][INFO] 2020-02-26 22:07:44,489: connected to core topic /rosout
[rospy.simtime][INFO] 2020-02-26 22:07:44,490: /use_sim_time is not set, will not subscribe to simulated time [/clock] topic
[rospy.internal][INFO] 2020-02-26 22:07:44,550: topic[/usb_cam/image_rect_color] adding connection to [http://itachi-HP-Pavilion-Laptop-15-cc1xx:38427/], count 0
[rospy.internal][INFO] 2020-02-26 22:07:44,613: topic[/detection_info] adding connection to [/monitor_org_config], count 0
[rospy.internal][INFO] 2020-02-26 22:07:44,616: topic[/detection_info] adding connection to [/rostopic_10856_1582734996427], count 1
[rospy.internal][INFO] 2020-02-26 22:07:44,618: topic[/detection_info] adding connection to [/scheduler], count 2
[rospy.internal][INFO] 2020-02-26 22:07:44,766: topic[/rosout] adding connection to [/rosout], count 0
[rospy.core][INFO] 2020-02-26 22:08:32,052: signal_shutdown [signal-2]
[rospy.internal][INFO] 2020-02-26 22:08:32,065: topic[/detection_info] removing connection to /monitor_org_config
[rospy.internal][INFO] 2020-02-26 22:08:32,070: topic[/detection_info] removing connection to /rostopic_10856_1582734996427
[rospy.internal][INFO] 2020-02-26 22:08:32,070: topic[/detection_info] removing connection to /scheduler
[rospy.internal][INFO] 2020-02-26 22:08:32,071: topic[/rosout] removing connection to /rosout
[rospy.internal][INFO] 2020-02-26 22:08:32,071: topic[/usb_cam/image_rect_color] removing connection to http://itachi-HP-Pavilion-Laptop-15-cc1xx:38427/
[rospy.impl.masterslave][INFO] 2020-02-26 22:08:32,071: signal-2
[rospy.core][INFO] 2020-02-26 22:08:32,689: signal_shutdown [atexit]
[rospy.client][INFO] 2020-02-26 22:08:38,025: init_node, name[/sr_beacon_detector], pid[11383]
[xmlrpc][INFO] 2020-02-26 22:08:38,026: XML-RPC server binding to 0.0.0.0:0
[xmlrpc][INFO] 2020-02-26 22:08:38,026: Started XML-RPC server [http://itachi-HP-Pavilion-Laptop-15-cc1xx:32891/]
[rospy.impl.masterslave][INFO] 2020-02-26 22:08:38,026: _ready: http://itachi-HP-Pavilion-Laptop-15-cc1xx:32891/
[rospy.init][INFO] 2020-02-26 22:08:38,027: ROS Slave URI: [http://itachi-HP-Pavilion-Laptop-15-cc1xx:32891/]
[xmlrpc][INFO] 2020-02-26 22:08:38,032: xml rpc node: starting XML-RPC server
[rospy.registration][INFO] 2020-02-26 22:08:38,033: Registering with master node http://localhost:11311
[rospy.init][INFO] 2020-02-26 22:08:38,127: registered with master
[rospy.rosout][INFO] 2020-02-26 22:08:38,127: initializing /rosout core topic
[rospy.rosout][INFO] 2020-02-26 22:08:38,130: connected to core topic /rosout
[rospy.simtime][INFO] 2020-02-26 22:08:38,131: /use_sim_time is not set, will not subscribe to simulated time [/clock] topic
[rospy.internal][INFO] 2020-02-26 22:08:38,148: topic[/usb_cam/image_rect_color] adding connection to [http://itachi-HP-Pavilion-Laptop-15-cc1xx:38427/], count 0
[rospy.internal][INFO] 2020-02-26 22:08:38,206: topic[/detection_info] adding connection to [/rostopic_10856_1582734996427], count 0
[rospy.internal][INFO] 2020-02-26 22:08:38,208: topic[/detection_info] adding connection to [/monitor_org_config], count 1
[rospy.internal][INFO] 2020-02-26 22:08:38,212: topic[/detection_info] adding connection to [/scheduler], count 2
[rospy.internal][INFO] 2020-02-26 22:08:38,293: topic[/rosout] adding connection to [/rosout], count 0
[rospy.internal][INFO] 2020-02-26 22:11:43,293: topic[/detection_info] removing connection to /monitor_org_config
[rospy.internal][WARNING] 2020-02-26 22:12:35,796: Unknown error initiating TCP/IP socket to itachi-HP-Pavilion-Laptop-15-cc1xx:41387 (http://itachi-HP-Pavilion-Laptop-15-cc1xx:38427/): Traceback (most recent call last):
  File "/opt/ros/kinetic/lib/python2.7/dist-packages/rospy/impl/tcpros_base.py", line 557, in connect
    self.read_header()
  File "/opt/ros/kinetic/lib/python2.7/dist-packages/rospy/impl/tcpros_base.py", line 650, in read_header
    self._validate_header(read_ros_handshake_header(sock, self.read_buff, self.protocol.buff_size))
  File "/opt/ros/kinetic/lib/python2.7/dist-packages/rosgraph/network.py", line 362, in read_ros_handshake_header
    d = sock.recv(buff_size)
error: [Errno 104] Connection reset by peer

[rospy.internal][INFO] 2020-02-26 22:12:35,796: topic[/usb_cam/image_rect_color] removing connection to http://itachi-HP-Pavilion-Laptop-15-cc1xx:38427/
[rospy.internal][INFO] 2020-02-26 22:12:36,324: topic[/rosout] removing connection to /rosout
[rospy.core][INFO] 2020-02-26 22:12:39,476: signal_shutdown [signal-2]
[rospy.registration][WARNING] 2020-02-26 22:12:39,477: cannot unregister with master due to network issues
[rospy.internal][INFO] 2020-02-26 22:12:39,478: topic[/detection_info] removing connection to /rostopic_10856_1582734996427
[rospy.internal][INFO] 2020-02-26 22:12:39,478: topic[/detection_info] removing connection to /scheduler
[rospy.impl.masterslave][INFO] 2020-02-26 22:12:39,480: signal-2
[rospy.core][INFO] 2020-02-26 22:12:39,597: signal_shutdown [atexit]
