[rosmaster.main][INFO] 2019-11-24 21:32:51,307: initialization complete, waiting for shutdown
[rosmaster.main][INFO] 2019-11-24 21:32:51,307: Starting ROS Master Node
[xmlrpc][INFO] 2019-11-24 21:32:51,308: XML-RPC server binding to 0.0.0.0:11311
[xmlrpc][INFO] 2019-11-24 21:32:51,308: Started XML-RPC server [http://itachi-HP-Pavilion-Laptop-15-cc1xx:11311/]
[rosmaster.master][INFO] 2019-11-24 21:32:51,308: Master initialized: port[11311], uri[http://itachi-HP-Pavilion-Laptop-15-cc1xx:11311/]
[xmlrpc][INFO] 2019-11-24 21:32:51,308: xml rpc node: starting XML-RPC server
[rosmaster.master][INFO] 2019-11-24 21:32:51,359: +PARAM [/run_id] by /roslaunch
[rosmaster.master][INFO] 2019-11-24 21:32:51,360: +PARAM [/roslaunch/uris/host_itachi_hp_pavilion_laptop_15_cc1xx__43083] by /roslaunch
[rosmaster.master][INFO] 2019-11-24 21:32:51,451: +PARAM [/use_sim_time] by /roslaunch
[rosmaster.master][INFO] 2019-11-24 21:32:51,451: +PARAM [/edrone/roll_pitch_yawrate_thrust_controller_node/angular_rate_gain/z] by /roslaunch
[rosmaster.master][INFO] 2019-11-24 21:32:51,451: +PARAM [/edrone/roll_pitch_yawrate_thrust_controller_node/angular_rate_gain/x] by /roslaunch
[rosmaster.master][INFO] 2019-11-24 21:32:51,451: +PARAM [/edrone/roll_pitch_yawrate_thrust_controller_node/angular_rate_gain/y] by /roslaunch
[rosmaster.master][INFO] 2019-11-24 21:32:51,451: +PARAM [/edrone/roll_pitch_yawrate_thrust_controller_node/inertia/yy] by /roslaunch
[rosmaster.master][INFO] 2019-11-24 21:32:51,451: +PARAM [/edrone/roll_pitch_yawrate_thrust_controller_node/rotor_configuration/2/arm_length] by /roslaunch
[rosmaster.master][INFO] 2019-11-24 21:32:51,451: +PARAM [/edrone/roll_pitch_yawrate_thrust_controller_node/attitude_gain/y] by /roslaunch
[rosmaster.master][INFO] 2019-11-24 21:32:51,452: +PARAM [/edrone/roll_pitch_yawrate_thrust_controller_node/attitude_gain/x] by /roslaunch
[rosmaster.master][INFO] 2019-11-24 21:32:51,452: +PARAM [/edrone/roll_pitch_yawrate_thrust_controller_node/rotor_configuration/1/rotor_force_constant] by /roslaunch
[rosmaster.master][INFO] 2019-11-24 21:32:51,452: +SERVICE [/rosout/get_loggers] /rosout http://itachi-HP-Pavilion-Laptop-15-cc1xx:44101/
[rosmaster.master][INFO] 2019-11-24 21:32:51,452: +PARAM [/edrone/roll_pitch_yawrate_thrust_controller_node/attitude_gain/z] by /roslaunch
[rosmaster.master][INFO] 2019-11-24 21:32:51,453: +PARAM [/edrone/roll_pitch_yawrate_thrust_controller_node/rotor_configuration/3/rotor_force_constant] by /roslaunch
[rosmaster.master][INFO] 2019-11-24 21:32:51,453: +PARAM [/edrone/roll_pitch_yawrate_thrust_controller_node/rotor_configuration/1/arm_length] by /roslaunch
[rosmaster.master][INFO] 2019-11-24 21:32:51,453: +SERVICE [/rosout/set_logger_level] /rosout http://itachi-HP-Pavilion-Laptop-15-cc1xx:44101/
[rosmaster.master][INFO] 2019-11-24 21:32:51,453: +PARAM [/edrone/roll_pitch_yawrate_thrust_controller_node/rotor_configuration/1/angle] by /roslaunch
[rosmaster.master][INFO] 2019-11-24 21:32:51,453: +PARAM [/edrone/roll_pitch_yawrate_thrust_controller_node/rotor_configuration/3/rotor_moment_constant] by /roslaunch
[rosmaster.master][INFO] 2019-11-24 21:32:51,454: +PARAM [/edrone/roll_pitch_yawrate_thrust_controller_node/inertia/yz] by /roslaunch
[rosmaster.master][INFO] 2019-11-24 21:32:51,454: +PARAM [/edrone/roll_pitch_yawrate_thrust_controller_node/rotor_configuration/3/angle] by /roslaunch
[rosmaster.master][INFO] 2019-11-24 21:32:51,455: +PARAM [/edrone/roll_pitch_yawrate_thrust_controller_node/rotor_configuration/0/angle] by /roslaunch
[rosmaster.master][INFO] 2019-11-24 21:32:51,455: +PARAM [/edrone/tf_prefix] by /roslaunch
[rosmaster.master][INFO] 2019-11-24 21:32:51,455: +PARAM [/edrone/roll_pitch_yawrate_thrust_controller_node/rotor_configuration/0/direction] by /roslaunch
[rosmaster.master][INFO] 2019-11-24 21:32:51,455: +PARAM [/edrone/roll_pitch_yawrate_thrust_controller_node/rotor_configuration/1/direction] by /roslaunch
[rosmaster.master][INFO] 2019-11-24 21:32:51,456: +PARAM [/edrone/roll_pitch_yawrate_thrust_controller_node/rotor_configuration/2/rotor_moment_constant] by /roslaunch
[rosmaster.master][INFO] 2019-11-24 21:32:51,456: +PARAM [/whycon/inner_diameter] by /roslaunch
[rosmaster.master][INFO] 2019-11-24 21:32:51,457: +PARAM [/edrone/roll_pitch_yawrate_thrust_controller_node/rotor_configuration/3/arm_length] by /roslaunch
[rosmaster.master][INFO] 2019-11-24 21:32:51,457: +PARAM [/edrone/roll_pitch_yawrate_thrust_controller_node/rotor_configuration/0/rotor_force_constant] by /roslaunch
[rosmaster.master][INFO] 2019-11-24 21:32:51,458: +PARAM [/edrone/roll_pitch_yawrate_thrust_controller_node/rotor_configuration/2/rotor_force_constant] by /roslaunch
[rosmaster.master][INFO] 2019-11-24 21:32:51,458: +PARAM [/rosdistro] by /roslaunch
[rosmaster.master][INFO] 2019-11-24 21:32:51,458: +PARAM [/edrone/roll_pitch_yawrate_thrust_controller_node/rotor_configuration/3/direction] by /roslaunch
[rosmaster.master][INFO] 2019-11-24 21:32:51,459: +PARAM [/edrone/roll_pitch_yawrate_thrust_controller_node/mass] by /roslaunch
[rosmaster.master][INFO] 2019-11-24 21:32:51,459: +PARAM [/rosversion] by /roslaunch
[rosmaster.master][INFO] 2019-11-24 21:32:51,459: +PARAM [/edrone/roll_pitch_yawrate_thrust_controller_node/rotor_configuration/0/rotor_moment_constant] by /roslaunch
[rosmaster.master][INFO] 2019-11-24 21:32:51,459: +PARAM [/edrone/roll_pitch_yawrate_thrust_controller_node/rotor_configuration/2/direction] by /roslaunch
[rosmaster.master][INFO] 2019-11-24 21:32:51,460: +SUB [/clock] /rosout http://itachi-HP-Pavilion-Laptop-15-cc1xx:44101/
[rosmaster.master][INFO] 2019-11-24 21:32:51,460: +PARAM [/edrone/robot_description] by /roslaunch
[rosmaster.master][INFO] 2019-11-24 21:32:51,460: +PARAM [/whycon/name] by /roslaunch
[rosmaster.master][INFO] 2019-11-24 21:32:51,460: +PARAM [/whycon/targets] by /roslaunch
[rosmaster.master][INFO] 2019-11-24 21:32:51,460: +PARAM [/edrone/roll_pitch_yawrate_thrust_controller_node/inertia/xz] by /roslaunch
[rosmaster.master][INFO] 2019-11-24 21:32:51,460: +PARAM [/edrone/roll_pitch_yawrate_thrust_controller_node/rotor_configuration/0/arm_length] by /roslaunch
[rosmaster.master][INFO] 2019-11-24 21:32:51,461: +PUB [/rosout_agg] /rosout http://itachi-HP-Pavilion-Laptop-15-cc1xx:44101/
[rosmaster.master][INFO] 2019-11-24 21:32:51,461: +PARAM [/edrone/roll_pitch_yawrate_thrust_controller_node/inertia/xx] by /roslaunch
[rosmaster.master][INFO] 2019-11-24 21:32:51,461: +PARAM [/edrone/roll_pitch_yawrate_thrust_controller_node/inertia/xy] by /roslaunch
[rosmaster.master][INFO] 2019-11-24 21:32:51,461: +PARAM [/edrone/roll_pitch_yawrate_thrust_controller_node/inertia/zz] by /roslaunch
[rosmaster.master][INFO] 2019-11-24 21:32:51,462: +PARAM [/edrone/roll_pitch_yawrate_thrust_controller_node/rotor_configuration/2/angle] by /roslaunch
[rosmaster.master][INFO] 2019-11-24 21:32:51,462: +PARAM [/whycon/outer_diameter] by /roslaunch
[rosmaster.master][INFO] 2019-11-24 21:32:51,462: +PARAM [/edrone/roll_pitch_yawrate_thrust_controller_node/rotor_configuration/1/rotor_moment_constant] by /roslaunch
[rosmaster.master][INFO] 2019-11-24 21:32:51,465: +SUB [/rosout] /rosout http://itachi-HP-Pavilion-Laptop-15-cc1xx:44101/
[rosmaster.master][INFO] 2019-11-24 21:32:51,498: +PUB [/rosout] /edrone/rotors_edrone_interface http://itachi-HP-Pavilion-Laptop-15-cc1xx:36065/
[rosmaster.master][INFO] 2019-11-24 21:32:51,499: +SERVICE [/edrone/rotors_edrone_interface/get_loggers] /edrone/rotors_edrone_interface http://itachi-HP-Pavilion-Laptop-15-cc1xx:36065/
[rosmaster.master][INFO] 2019-11-24 21:32:51,499: +SERVICE [/edrone/rotors_edrone_interface/set_logger_level] /edrone/rotors_edrone_interface http://itachi-HP-Pavilion-Laptop-15-cc1xx:36065/
[rosmaster.master][INFO] 2019-11-24 21:32:51,508: +SUB [/clock] /edrone/rotors_edrone_interface http://itachi-HP-Pavilion-Laptop-15-cc1xx:36065/
[rosmaster.master][INFO] 2019-11-24 21:32:51,508: publisherUpdate[/rosout] -> http://itachi-HP-Pavilion-Laptop-15-cc1xx:44101/ ['http://itachi-HP-Pavilion-Laptop-15-cc1xx:36065/']
[rosmaster.master][INFO] 2019-11-24 21:32:51,512: +PUB [/edrone/command/roll_pitch_yawrate_thrust] /edrone/rotors_edrone_interface http://itachi-HP-Pavilion-Laptop-15-cc1xx:36065/
[rosmaster.master][INFO] 2019-11-24 21:32:51,513: publisherUpdate[/rosout] -> http://itachi-HP-Pavilion-Laptop-15-cc1xx:44101/ ['http://itachi-HP-Pavilion-Laptop-15-cc1xx:36065/']: sec=0.00, result=[1, '', 0]
[rosmaster.master][INFO] 2019-11-24 21:32:51,516: +PUB [/rosout] /edrone/roll_pitch_yawrate_thrust_controller_node http://itachi-HP-Pavilion-Laptop-15-cc1xx:36589/
[rosmaster.master][INFO] 2019-11-24 21:32:51,518: +SERVICE [/edrone/roll_pitch_yawrate_thrust_controller_node/get_loggers] /edrone/roll_pitch_yawrate_thrust_controller_node http://itachi-HP-Pavilion-Laptop-15-cc1xx:36589/
[rosmaster.master][INFO] 2019-11-24 21:32:51,521: +SERVICE [/edrone/roll_pitch_yawrate_thrust_controller_node/set_logger_level] /edrone/roll_pitch_yawrate_thrust_controller_node http://itachi-HP-Pavilion-Laptop-15-cc1xx:36589/
[rosmaster.master][INFO] 2019-11-24 21:32:51,538: +PUB [/rosout] /edrone/robot_state_publisher http://itachi-HP-Pavilion-Laptop-15-cc1xx:45633/
[rosmaster.master][INFO] 2019-11-24 21:32:51,541: +SERVICE [/edrone/robot_state_publisher/get_loggers] /edrone/robot_state_publisher http://itachi-HP-Pavilion-Laptop-15-cc1xx:45633/
[rosmaster.master][INFO] 2019-11-24 21:32:51,544: +SERVICE [/edrone/robot_state_publisher/set_logger_level] /edrone/robot_state_publisher http://itachi-HP-Pavilion-Laptop-15-cc1xx:45633/
[rosmaster.master][INFO] 2019-11-24 21:32:51,553: +SUB [/clock] /edrone/roll_pitch_yawrate_thrust_controller_node http://itachi-HP-Pavilion-Laptop-15-cc1xx:36589/
[rosmaster.master][INFO] 2019-11-24 21:32:51,575: +PUB [/rosout] /whycon http://itachi-HP-Pavilion-Laptop-15-cc1xx:35917/
[rosmaster.master][INFO] 2019-11-24 21:32:51,578: +SERVICE [/whycon/get_loggers] /whycon http://itachi-HP-Pavilion-Laptop-15-cc1xx:35917/
[rosmaster.master][INFO] 2019-11-24 21:32:51,582: +SERVICE [/whycon/set_logger_level] /whycon http://itachi-HP-Pavilion-Laptop-15-cc1xx:35917/
[rosmaster.master][INFO] 2019-11-24 21:32:51,583: +SUB [/clock] /edrone/robot_state_publisher http://itachi-HP-Pavilion-Laptop-15-cc1xx:45633/
[rosmaster.master][INFO] 2019-11-24 21:32:51,585: +PUB [/rosout] /whycon_display/image_view http://itachi-HP-Pavilion-Laptop-15-cc1xx:39615/
[rosmaster.master][INFO] 2019-11-24 21:32:51,591: +SUB [/drone_command] /edrone/rotors_edrone_interface http://itachi-HP-Pavilion-Laptop-15-cc1xx:36065/
[rosmaster.master][INFO] 2019-11-24 21:32:51,592: +SERVICE [/whycon_display/image_view/get_loggers] /whycon_display/image_view http://itachi-HP-Pavilion-Laptop-15-cc1xx:39615/
[rosmaster.master][INFO] 2019-11-24 21:32:51,595: +SERVICE [/whycon_display/image_view/set_logger_level] /whycon_display/image_view http://itachi-HP-Pavilion-Laptop-15-cc1xx:39615/
[rosmaster.master][INFO] 2019-11-24 21:32:51,599: +PUB [/tf] /edrone/robot_state_publisher http://itachi-HP-Pavilion-Laptop-15-cc1xx:45633/
[rosmaster.master][INFO] 2019-11-24 21:32:51,602: +PUB [/tf_static] /edrone/robot_state_publisher http://itachi-HP-Pavilion-Laptop-15-cc1xx:45633/
[rosmaster.master][INFO] 2019-11-24 21:32:51,608: publisherUpdate[/rosout] -> http://itachi-HP-Pavilion-Laptop-15-cc1xx:44101/ ['http://itachi-HP-Pavilion-Laptop-15-cc1xx:36065/', 'http://itachi-HP-Pavilion-Laptop-15-cc1xx:36589/']
[rosmaster.master][INFO] 2019-11-24 21:32:51,610: publisherUpdate[/rosout] -> http://itachi-HP-Pavilion-Laptop-15-cc1xx:44101/ ['http://itachi-HP-Pavilion-Laptop-15-cc1xx:36065/', 'http://itachi-HP-Pavilion-Laptop-15-cc1xx:36589/']: sec=0.00, result=[1, '', 0]
[rosmaster.master][INFO] 2019-11-24 21:32:51,610: publisherUpdate[/rosout] -> http://itachi-HP-Pavilion-Laptop-15-cc1xx:44101/ ['http://itachi-HP-Pavilion-Laptop-15-cc1xx:36065/', 'http://itachi-HP-Pavilion-Laptop-15-cc1xx:36589/', 'http://itachi-HP-Pavilion-Laptop-15-cc1xx:45633/']
[rosmaster.master][INFO] 2019-11-24 21:32:51,611: publisherUpdate[/rosout] -> http://itachi-HP-Pavilion-Laptop-15-cc1xx:44101/ ['http://itachi-HP-Pavilion-Laptop-15-cc1xx:36065/', 'http://itachi-HP-Pavilion-Laptop-15-cc1xx:36589/', 'http://itachi-HP-Pavilion-Laptop-15-cc1xx:45633/']: sec=0.00, result=[1, '', 0]
[rosmaster.master][INFO] 2019-11-24 21:32:51,611: publisherUpdate[/rosout] -> http://itachi-HP-Pavilion-Laptop-15-cc1xx:44101/ ['http://itachi-HP-Pavilion-Laptop-15-cc1xx:36065/', 'http://itachi-HP-Pavilion-Laptop-15-cc1xx:36589/', 'http://itachi-HP-Pavilion-Laptop-15-cc1xx:45633/', 'http://itachi-HP-Pavilion-Laptop-15-cc1xx:35917/']
[rosmaster.master][INFO] 2019-11-24 21:32:51,612: publisherUpdate[/rosout] -> http://itachi-HP-Pavilion-Laptop-15-cc1xx:44101/ ['http://itachi-HP-Pavilion-Laptop-15-cc1xx:36065/', 'http://itachi-HP-Pavilion-Laptop-15-cc1xx:36589/', 'http://itachi-HP-Pavilion-Laptop-15-cc1xx:45633/', 'http://itachi-HP-Pavilion-Laptop-15-cc1xx:35917/']: sec=0.00, result=[1, '', 0]
[rosmaster.master][INFO] 2019-11-24 21:32:51,612: publisherUpdate[/rosout] -> http://itachi-HP-Pavilion-Laptop-15-cc1xx:44101/ ['http://itachi-HP-Pavilion-Laptop-15-cc1xx:36065/', 'http://itachi-HP-Pavilion-Laptop-15-cc1xx:36589/', 'http://itachi-HP-Pavilion-Laptop-15-cc1xx:45633/', 'http://itachi-HP-Pavilion-Laptop-15-cc1xx:35917/', 'http://itachi-HP-Pavilion-Laptop-15-cc1xx:39615/']
[rosmaster.master][INFO] 2019-11-24 21:32:51,613: publisherUpdate[/rosout] -> http://itachi-HP-Pavilion-Laptop-15-cc1xx:44101/ ['http://itachi-HP-Pavilion-Laptop-15-cc1xx:36065/', 'http://itachi-HP-Pavilion-Laptop-15-cc1xx:36589/', 'http://itachi-HP-Pavilion-Laptop-15-cc1xx:45633/', 'http://itachi-HP-Pavilion-Laptop-15-cc1xx:35917/', 'http://itachi-HP-Pavilion-Laptop-15-cc1xx:39615/']: sec=0.00, result=[1, '', 0]
[rosmaster.master][INFO] 2019-11-24 21:32:51,621: +SUB [/clock] /whycon http://itachi-HP-Pavilion-Laptop-15-cc1xx:35917/
[rosmaster.master][INFO] 2019-11-24 21:32:51,630: +SUB [/clock] /whycon_display/image_view http://itachi-HP-Pavilion-Laptop-15-cc1xx:39615/
[rosmaster.master][INFO] 2019-11-24 21:32:51,632: +SUB [/edrone/joint_states] /edrone/robot_state_publisher http://itachi-HP-Pavilion-Laptop-15-cc1xx:45633/
[rosmaster.master][INFO] 2019-11-24 21:32:51,668: +PUB [/tf] /whycon http://itachi-HP-Pavilion-Laptop-15-cc1xx:35917/
[rosmaster.master][INFO] 2019-11-24 21:32:51,685: +SUB [/gazebo/overhead_cam/image_rect_color] /whycon http://itachi-HP-Pavilion-Laptop-15-cc1xx:35917/
[rosmaster.master][INFO] 2019-11-24 21:32:51,688: +SUB [/gazebo/overhead_cam/camera_info] /whycon http://itachi-HP-Pavilion-Laptop-15-cc1xx:35917/
[rosmaster.master][INFO] 2019-11-24 21:32:51,689: +PUB [/whycon/image_out] /whycon http://itachi-HP-Pavilion-Laptop-15-cc1xx:35917/
[rosmaster.master][INFO] 2019-11-24 21:32:51,689: +PUB [/whycon/poses] /whycon http://itachi-HP-Pavilion-Laptop-15-cc1xx:35917/
[rosmaster.master][INFO] 2019-11-24 21:32:51,690: +PUB [/whycon/context] /whycon http://itachi-HP-Pavilion-Laptop-15-cc1xx:35917/
[rosmaster.master][INFO] 2019-11-24 21:32:51,691: +PUB [/whycon/projection] /whycon http://itachi-HP-Pavilion-Laptop-15-cc1xx:35917/
[rosmaster.master][INFO] 2019-11-24 21:32:51,691: +SERVICE [/whycon/reset] /whycon http://itachi-HP-Pavilion-Laptop-15-cc1xx:35917/
[rosmaster.master][INFO] 2019-11-24 21:32:51,815: -PUB [/rosout] /edrone/roll_pitch_yawrate_thrust_controller_node http://itachi-HP-Pavilion-Laptop-15-cc1xx:36589/
[rosmaster.master][INFO] 2019-11-24 21:32:51,816: -SUB [/clock] /edrone/roll_pitch_yawrate_thrust_controller_node http://itachi-HP-Pavilion-Laptop-15-cc1xx:36589/
[rosmaster.master][INFO] 2019-11-24 21:32:51,818: -SERVICE [/edrone/roll_pitch_yawrate_thrust_controller_node/get_loggers] /edrone/roll_pitch_yawrate_thrust_controller_node rosrpc://itachi-HP-Pavilion-Laptop-15-cc1xx:50653
[rosmaster.master][INFO] 2019-11-24 21:32:51,821: -SERVICE [/edrone/roll_pitch_yawrate_thrust_controller_node/set_logger_level] /edrone/roll_pitch_yawrate_thrust_controller_node rosrpc://itachi-HP-Pavilion-Laptop-15-cc1xx:50653
[rosmaster.master][INFO] 2019-11-24 21:32:51,829: +PUB [/rosout] /edrone/roll_pitch_yawrate_thrust_controller_node http://itachi-HP-Pavilion-Laptop-15-cc1xx:44661/
[rosmaster.master][INFO] 2019-11-24 21:32:51,830: +SERVICE [/edrone/roll_pitch_yawrate_thrust_controller_node/get_loggers] /edrone/roll_pitch_yawrate_thrust_controller_node http://itachi-HP-Pavilion-Laptop-15-cc1xx:44661/
[rosmaster.master][INFO] 2019-11-24 21:32:51,831: +SERVICE [/edrone/roll_pitch_yawrate_thrust_controller_node/set_logger_level] /edrone/roll_pitch_yawrate_thrust_controller_node http://itachi-HP-Pavilion-Laptop-15-cc1xx:44661/
[rosmaster.master][INFO] 2019-11-24 21:32:51,838: +SUB [/clock] /edrone/roll_pitch_yawrate_thrust_controller_node http://itachi-HP-Pavilion-Laptop-15-cc1xx:44661/
[rosmaster.master][INFO] 2019-11-24 21:32:51,844: +SUB [/edrone/command/roll_pitch_yawrate_thrust] /edrone/roll_pitch_yawrate_thrust_controller_node http://itachi-HP-Pavilion-Laptop-15-cc1xx:44661/
[rosmaster.master][INFO] 2019-11-24 21:32:51,849: +SUB [/edrone/odometry_sensor1/odometry] /edrone/roll_pitch_yawrate_thrust_controller_node http://itachi-HP-Pavilion-Laptop-15-cc1xx:44661/
[rosmaster.master][INFO] 2019-11-24 21:32:51,850: +PUB [/edrone/command/motor_speed] /edrone/roll_pitch_yawrate_thrust_controller_node http://itachi-HP-Pavilion-Laptop-15-cc1xx:44661/
[rosmaster.master][INFO] 2019-11-24 21:32:51,860: +SUB [/whycon/image_out] /whycon_display/image_view http://itachi-HP-Pavilion-Laptop-15-cc1xx:39615/
[rosmaster.master][INFO] 2019-11-24 21:32:51,861: +PUB [/whycon_display/image_view/output] /whycon_display/image_view http://itachi-HP-Pavilion-Laptop-15-cc1xx:39615/
[rosmaster.master][INFO] 2019-11-24 21:32:51,862: +SERVICE [/whycon_display/image_view/set_parameters] /whycon_display/image_view http://itachi-HP-Pavilion-Laptop-15-cc1xx:39615/
[rosmaster.master][INFO] 2019-11-24 21:32:51,862: +PUB [/whycon_display/image_view/parameter_descriptions] /whycon_display/image_view http://itachi-HP-Pavilion-Laptop-15-cc1xx:39615/
[rosmaster.master][INFO] 2019-11-24 21:32:51,863: +PUB [/whycon_display/image_view/parameter_updates] /whycon_display/image_view http://itachi-HP-Pavilion-Laptop-15-cc1xx:39615/
[rosmaster.master][INFO] 2019-11-24 21:32:51,867: +PARAM [/whycon_display/image_view/do_dynamic_scaling] by /whycon_display/image_view
[rosmaster.master][INFO] 2019-11-24 21:32:51,868: +PARAM [/whycon_display/image_view/colormap] by /whycon_display/image_view
[rosmaster.master][INFO] 2019-11-24 21:32:51,869: +PARAM [/whycon_display/image_view/min_image_value] by /whycon_display/image_view
[rosmaster.master][INFO] 2019-11-24 21:32:51,870: +PARAM [/whycon_display/image_view/max_image_value] by /whycon_display/image_view
[rosmaster.master][INFO] 2019-11-24 21:32:51,871: +PARAM [/whycon_display/image_view/do_dynamic_scaling] by /whycon_display/image_view
[rosmaster.master][INFO] 2019-11-24 21:32:51,874: +PARAM [/whycon_display/image_view/colormap] by /whycon_display/image_view
[rosmaster.master][INFO] 2019-11-24 21:32:51,875: +PARAM [/whycon_display/image_view/min_image_value] by /whycon_display/image_view
[rosmaster.master][INFO] 2019-11-24 21:32:51,876: +PARAM [/whycon_display/image_view/max_image_value] by /whycon_display/image_view
[rosmaster.master][INFO] 2019-11-24 21:32:51,896: +PUB [/rosout] /edrone/spawn_edrone http://itachi-HP-Pavilion-Laptop-15-cc1xx:43661/
[rosmaster.master][INFO] 2019-11-24 21:32:51,899: +SUB [/clock] /edrone/spawn_edrone http://itachi-HP-Pavilion-Laptop-15-cc1xx:43661/
[rosmaster.master][INFO] 2019-11-24 21:32:51,900: +SERVICE [/edrone/spawn_edrone/get_loggers] /edrone/spawn_edrone http://itachi-HP-Pavilion-Laptop-15-cc1xx:43661/
[rosmaster.master][INFO] 2019-11-24 21:32:51,901: +SERVICE [/edrone/spawn_edrone/set_logger_level] /edrone/spawn_edrone http://itachi-HP-Pavilion-Laptop-15-cc1xx:43661/
[rosmaster.master][INFO] 2019-11-24 21:32:51,909: publisherUpdate[/rosout] -> http://itachi-HP-Pavilion-Laptop-15-cc1xx:44101/ ['http://itachi-HP-Pavilion-Laptop-15-cc1xx:36065/', 'http://itachi-HP-Pavilion-Laptop-15-cc1xx:45633/', 'http://itachi-HP-Pavilion-Laptop-15-cc1xx:35917/', 'http://itachi-HP-Pavilion-Laptop-15-cc1xx:39615/']
[rosmaster.master][INFO] 2019-11-24 21:32:51,910: publisherUpdate[/rosout] -> http://itachi-HP-Pavilion-Laptop-15-cc1xx:44101/ ['http://itachi-HP-Pavilion-Laptop-15-cc1xx:36065/', 'http://itachi-HP-Pavilion-Laptop-15-cc1xx:45633/', 'http://itachi-HP-Pavilion-Laptop-15-cc1xx:35917/', 'http://itachi-HP-Pavilion-Laptop-15-cc1xx:39615/']: sec=0.00, result=[1, '', 0]
[rosmaster.master][INFO] 2019-11-24 21:32:51,910: publisherUpdate[/rosout] -> http://itachi-HP-Pavilion-Laptop-15-cc1xx:44101/ ['http://itachi-HP-Pavilion-Laptop-15-cc1xx:36065/', 'http://itachi-HP-Pavilion-Laptop-15-cc1xx:45633/', 'http://itachi-HP-Pavilion-Laptop-15-cc1xx:35917/', 'http://itachi-HP-Pavilion-Laptop-15-cc1xx:39615/', 'http://itachi-HP-Pavilion-Laptop-15-cc1xx:44661/']
[rosmaster.master][INFO] 2019-11-24 21:32:51,911: publisherUpdate[/rosout] -> http://itachi-HP-Pavilion-Laptop-15-cc1xx:44101/ ['http://itachi-HP-Pavilion-Laptop-15-cc1xx:36065/', 'http://itachi-HP-Pavilion-Laptop-15-cc1xx:45633/', 'http://itachi-HP-Pavilion-Laptop-15-cc1xx:35917/', 'http://itachi-HP-Pavilion-Laptop-15-cc1xx:39615/', 'http://itachi-HP-Pavilion-Laptop-15-cc1xx:44661/']: sec=0.00, result=[1, '', 0]
[rosmaster.master][INFO] 2019-11-24 21:32:51,911: publisherUpdate[/rosout] -> http://itachi-HP-Pavilion-Laptop-15-cc1xx:44101/ ['http://itachi-HP-Pavilion-Laptop-15-cc1xx:36065/', 'http://itachi-HP-Pavilion-Laptop-15-cc1xx:45633/', 'http://itachi-HP-Pavilion-Laptop-15-cc1xx:35917/', 'http://itachi-HP-Pavilion-Laptop-15-cc1xx:39615/', 'http://itachi-HP-Pavilion-Laptop-15-cc1xx:44661/', 'http://itachi-HP-Pavilion-Laptop-15-cc1xx:43661/']
[rosmaster.master][INFO] 2019-11-24 21:32:51,911: publisherUpdate[/rosout] -> http://itachi-HP-Pavilion-Laptop-15-cc1xx:44101/ ['http://itachi-HP-Pavilion-Laptop-15-cc1xx:36065/', 'http://itachi-HP-Pavilion-Laptop-15-cc1xx:45633/', 'http://itachi-HP-Pavilion-Laptop-15-cc1xx:35917/', 'http://itachi-HP-Pavilion-Laptop-15-cc1xx:39615/', 'http://itachi-HP-Pavilion-Laptop-15-cc1xx:44661/', 'http://itachi-HP-Pavilion-Laptop-15-cc1xx:43661/']: sec=0.00, result=[1, '', 0]
[rosmaster.master][INFO] 2019-11-24 21:32:51,924: +PUB [/rosout] /gazebo http://itachi-HP-Pavilion-Laptop-15-cc1xx:41115/
[rosmaster.master][INFO] 2019-11-24 21:32:51,925: +SERVICE [/gazebo/get_loggers] /gazebo http://itachi-HP-Pavilion-Laptop-15-cc1xx:41115/
[rosmaster.master][INFO] 2019-11-24 21:32:51,926: +PUB [/rosout] /gazebo_gui http://itachi-HP-Pavilion-Laptop-15-cc1xx:42411/
[rosmaster.master][INFO] 2019-11-24 21:32:51,927: +SERVICE [/gazebo/set_logger_level] /gazebo http://itachi-HP-Pavilion-Laptop-15-cc1xx:41115/
[rosmaster.master][INFO] 2019-11-24 21:32:51,928: +SERVICE [/gazebo_gui/get_loggers] /gazebo_gui http://itachi-HP-Pavilion-Laptop-15-cc1xx:42411/
[rosmaster.master][INFO] 2019-11-24 21:32:51,929: +SERVICE [/gazebo_gui/set_logger_level] /gazebo_gui http://itachi-HP-Pavilion-Laptop-15-cc1xx:42411/
[rosmaster.master][INFO] 2019-11-24 21:32:51,935: +SUB [/clock] /gazebo http://itachi-HP-Pavilion-Laptop-15-cc1xx:41115/
[rosmaster.master][INFO] 2019-11-24 21:32:51,939: +SUB [/clock] /gazebo_gui http://itachi-HP-Pavilion-Laptop-15-cc1xx:42411/
[rosmaster.master][INFO] 2019-11-24 21:32:51,958: +PUB [/rosout] /edrone/joint_state_publisher http://itachi-HP-Pavilion-Laptop-15-cc1xx:34839/
[rosmaster.master][INFO] 2019-11-24 21:32:51,962: +SUB [/clock] /edrone/joint_state_publisher http://itachi-HP-Pavilion-Laptop-15-cc1xx:34839/
[rosmaster.master][INFO] 2019-11-24 21:32:51,964: +SERVICE [/edrone/joint_state_publisher/get_loggers] /edrone/joint_state_publisher http://itachi-HP-Pavilion-Laptop-15-cc1xx:34839/
[rosmaster.master][INFO] 2019-11-24 21:32:51,965: +SERVICE [/edrone/joint_state_publisher/set_logger_level] /edrone/joint_state_publisher http://itachi-HP-Pavilion-Laptop-15-cc1xx:34839/
[rosmaster.master][INFO] 2019-11-24 21:32:51,993: +PUB [/edrone/joint_states] /edrone/joint_state_publisher http://itachi-HP-Pavilion-Laptop-15-cc1xx:34839/
[rosmaster.master][INFO] 2019-11-24 21:32:52,012: publisherUpdate[/rosout] -> http://itachi-HP-Pavilion-Laptop-15-cc1xx:44101/ ['http://itachi-HP-Pavilion-Laptop-15-cc1xx:36065/', 'http://itachi-HP-Pavilion-Laptop-15-cc1xx:45633/', 'http://itachi-HP-Pavilion-Laptop-15-cc1xx:35917/', 'http://itachi-HP-Pavilion-Laptop-15-cc1xx:39615/', 'http://itachi-HP-Pavilion-Laptop-15-cc1xx:44661/', 'http://itachi-HP-Pavilion-Laptop-15-cc1xx:43661/', 'http://itachi-HP-Pavilion-Laptop-15-cc1xx:41115/']
[rosmaster.master][INFO] 2019-11-24 21:32:52,013: publisherUpdate[/rosout] -> http://itachi-HP-Pavilion-Laptop-15-cc1xx:44101/ ['http://itachi-HP-Pavilion-Laptop-15-cc1xx:36065/', 'http://itachi-HP-Pavilion-Laptop-15-cc1xx:45633/', 'http://itachi-HP-Pavilion-Laptop-15-cc1xx:35917/', 'http://itachi-HP-Pavilion-Laptop-15-cc1xx:39615/', 'http://itachi-HP-Pavilion-Laptop-15-cc1xx:44661/', 'http://itachi-HP-Pavilion-Laptop-15-cc1xx:43661/', 'http://itachi-HP-Pavilion-Laptop-15-cc1xx:41115/']: sec=0.00, result=[1, '', 0]
[rosmaster.master][INFO] 2019-11-24 21:32:52,013: publisherUpdate[/rosout] -> http://itachi-HP-Pavilion-Laptop-15-cc1xx:44101/ ['http://itachi-HP-Pavilion-Laptop-15-cc1xx:36065/', 'http://itachi-HP-Pavilion-Laptop-15-cc1xx:45633/', 'http://itachi-HP-Pavilion-Laptop-15-cc1xx:35917/', 'http://itachi-HP-Pavilion-Laptop-15-cc1xx:39615/', 'http://itachi-HP-Pavilion-Laptop-15-cc1xx:44661/', 'http://itachi-HP-Pavilion-Laptop-15-cc1xx:43661/', 'http://itachi-HP-Pavilion-Laptop-15-cc1xx:41115/', 'http://itachi-HP-Pavilion-Laptop-15-cc1xx:42411/']
[rosmaster.master][INFO] 2019-11-24 21:32:52,014: publisherUpdate[/rosout] -> http://itachi-HP-Pavilion-Laptop-15-cc1xx:44101/ ['http://itachi-HP-Pavilion-Laptop-15-cc1xx:36065/', 'http://itachi-HP-Pavilion-Laptop-15-cc1xx:45633/', 'http://itachi-HP-Pavilion-Laptop-15-cc1xx:35917/', 'http://itachi-HP-Pavilion-Laptop-15-cc1xx:39615/', 'http://itachi-HP-Pavilion-Laptop-15-cc1xx:44661/', 'http://itachi-HP-Pavilion-Laptop-15-cc1xx:43661/', 'http://itachi-HP-Pavilion-Laptop-15-cc1xx:41115/', 'http://itachi-HP-Pavilion-Laptop-15-cc1xx:42411/']: sec=0.00, result=[1, '', 0]
[rosmaster.master][INFO] 2019-11-24 21:32:52,015: publisherUpdate[/edrone/joint_states] -> http://itachi-HP-Pavilion-Laptop-15-cc1xx:45633/ ['http://itachi-HP-Pavilion-Laptop-15-cc1xx:34839/']
[rosmaster.master][INFO] 2019-11-24 21:32:52,015: publisherUpdate[/rosout] -> http://itachi-HP-Pavilion-Laptop-15-cc1xx:44101/ ['http://itachi-HP-Pavilion-Laptop-15-cc1xx:36065/', 'http://itachi-HP-Pavilion-Laptop-15-cc1xx:45633/', 'http://itachi-HP-Pavilion-Laptop-15-cc1xx:35917/', 'http://itachi-HP-Pavilion-Laptop-15-cc1xx:39615/', 'http://itachi-HP-Pavilion-Laptop-15-cc1xx:44661/', 'http://itachi-HP-Pavilion-Laptop-15-cc1xx:43661/', 'http://itachi-HP-Pavilion-Laptop-15-cc1xx:41115/', 'http://itachi-HP-Pavilion-Laptop-15-cc1xx:42411/', 'http://itachi-HP-Pavilion-Laptop-15-cc1xx:34839/']
[rosmaster.master][INFO] 2019-11-24 21:32:52,016: publisherUpdate[/edrone/joint_states] -> http://itachi-HP-Pavilion-Laptop-15-cc1xx:45633/ ['http://itachi-HP-Pavilion-Laptop-15-cc1xx:34839/']: sec=0.00, result=[1, '', 0]
[rosmaster.master][INFO] 2019-11-24 21:32:52,017: publisherUpdate[/rosout] -> http://itachi-HP-Pavilion-Laptop-15-cc1xx:44101/ ['http://itachi-HP-Pavilion-Laptop-15-cc1xx:36065/', 'http://itachi-HP-Pavilion-Laptop-15-cc1xx:45633/', 'http://itachi-HP-Pavilion-Laptop-15-cc1xx:35917/', 'http://itachi-HP-Pavilion-Laptop-15-cc1xx:39615/', 'http://itachi-HP-Pavilion-Laptop-15-cc1xx:44661/', 'http://itachi-HP-Pavilion-Laptop-15-cc1xx:43661/', 'http://itachi-HP-Pavilion-Laptop-15-cc1xx:41115/', 'http://itachi-HP-Pavilion-Laptop-15-cc1xx:42411/', 'http://itachi-HP-Pavilion-Laptop-15-cc1xx:34839/']: sec=0.00, result=[1, '', 0]
[rosmaster.master][INFO] 2019-11-24 21:32:52,241: +PUB [/clock] /gazebo http://itachi-HP-Pavilion-Laptop-15-cc1xx:41115/
[rosmaster.master][INFO] 2019-11-24 21:32:52,242: +SERVICE [/gazebo/spawn_sdf_model] /gazebo http://itachi-HP-Pavilion-Laptop-15-cc1xx:41115/
[rosmaster.master][INFO] 2019-11-24 21:32:52,242: +SERVICE [/gazebo/spawn_urdf_model] /gazebo http://itachi-HP-Pavilion-Laptop-15-cc1xx:41115/
[rosmaster.master][INFO] 2019-11-24 21:32:52,243: +SERVICE [/gazebo/delete_model] /gazebo http://itachi-HP-Pavilion-Laptop-15-cc1xx:41115/
[rosmaster.master][INFO] 2019-11-24 21:32:52,243: +SERVICE [/gazebo/delete_light] /gazebo http://itachi-HP-Pavilion-Laptop-15-cc1xx:41115/
[rosmaster.master][INFO] 2019-11-24 21:32:52,244: +SERVICE [/gazebo/get_model_properties] /gazebo http://itachi-HP-Pavilion-Laptop-15-cc1xx:41115/
[rosmaster.master][INFO] 2019-11-24 21:32:52,244: +SERVICE [/gazebo/get_model_state] /gazebo http://itachi-HP-Pavilion-Laptop-15-cc1xx:41115/
[rosmaster.master][INFO] 2019-11-24 21:32:52,245: +SERVICE [/gazebo/get_world_properties] /gazebo http://itachi-HP-Pavilion-Laptop-15-cc1xx:41115/
[rosmaster.master][INFO] 2019-11-24 21:32:52,246: +SERVICE [/gazebo/get_joint_properties] /gazebo http://itachi-HP-Pavilion-Laptop-15-cc1xx:41115/
[rosmaster.master][INFO] 2019-11-24 21:32:52,246: +SERVICE [/gazebo/get_link_properties] /gazebo http://itachi-HP-Pavilion-Laptop-15-cc1xx:41115/
[rosmaster.master][INFO] 2019-11-24 21:32:52,247: +SERVICE [/gazebo/get_link_state] /gazebo http://itachi-HP-Pavilion-Laptop-15-cc1xx:41115/
[rosmaster.master][INFO] 2019-11-24 21:32:52,247: +SERVICE [/gazebo/get_light_properties] /gazebo http://itachi-HP-Pavilion-Laptop-15-cc1xx:41115/
[rosmaster.master][INFO] 2019-11-24 21:32:52,248: +SERVICE [/gazebo/set_light_properties] /gazebo http://itachi-HP-Pavilion-Laptop-15-cc1xx:41115/
[rosmaster.master][INFO] 2019-11-24 21:32:52,249: +SERVICE [/gazebo/get_physics_properties] /gazebo http://itachi-HP-Pavilion-Laptop-15-cc1xx:41115/
[rosmaster.master][INFO] 2019-11-24 21:32:52,249: +PUB [/gazebo/link_states] /gazebo http://itachi-HP-Pavilion-Laptop-15-cc1xx:41115/
[rosmaster.master][INFO] 2019-11-24 21:32:52,250: +PUB [/gazebo/model_states] /gazebo http://itachi-HP-Pavilion-Laptop-15-cc1xx:41115/
[rosmaster.master][INFO] 2019-11-24 21:32:52,250: +SERVICE [/gazebo/set_link_properties] /gazebo http://itachi-HP-Pavilion-Laptop-15-cc1xx:41115/
[rosmaster.master][INFO] 2019-11-24 21:32:52,251: +SERVICE [/gazebo/set_physics_properties] /gazebo http://itachi-HP-Pavilion-Laptop-15-cc1xx:41115/
[rosmaster.master][INFO] 2019-11-24 21:32:52,251: +SERVICE [/gazebo/set_model_state] /gazebo http://itachi-HP-Pavilion-Laptop-15-cc1xx:41115/
[rosmaster.master][INFO] 2019-11-24 21:32:52,252: +SERVICE [/gazebo/set_model_configuration] /gazebo http://itachi-HP-Pavilion-Laptop-15-cc1xx:41115/
[rosmaster.master][INFO] 2019-11-24 21:32:52,252: +SERVICE [/gazebo/set_joint_properties] /gazebo http://itachi-HP-Pavilion-Laptop-15-cc1xx:41115/
[rosmaster.master][INFO] 2019-11-24 21:32:52,253: +SERVICE [/gazebo/set_link_state] /gazebo http://itachi-HP-Pavilion-Laptop-15-cc1xx:41115/
[rosmaster.master][INFO] 2019-11-24 21:32:52,255: +SUB [/gazebo/set_link_state] /gazebo http://itachi-HP-Pavilion-Laptop-15-cc1xx:41115/
[rosmaster.master][INFO] 2019-11-24 21:32:52,258: +SUB [/gazebo/set_model_state] /gazebo http://itachi-HP-Pavilion-Laptop-15-cc1xx:41115/
[rosmaster.master][INFO] 2019-11-24 21:32:52,259: +SERVICE [/gazebo/pause_physics] /gazebo http://itachi-HP-Pavilion-Laptop-15-cc1xx:41115/
[rosmaster.master][INFO] 2019-11-24 21:32:52,259: +SERVICE [/gazebo/unpause_physics] /gazebo http://itachi-HP-Pavilion-Laptop-15-cc1xx:41115/
[rosmaster.master][INFO] 2019-11-24 21:32:52,260: +SERVICE [/gazebo/apply_body_wrench] /gazebo http://itachi-HP-Pavilion-Laptop-15-cc1xx:41115/
[rosmaster.master][INFO] 2019-11-24 21:32:52,260: +SERVICE [/gazebo/apply_joint_effort] /gazebo http://itachi-HP-Pavilion-Laptop-15-cc1xx:41115/
[rosmaster.master][INFO] 2019-11-24 21:32:52,261: +SERVICE [/gazebo/clear_joint_forces] /gazebo http://itachi-HP-Pavilion-Laptop-15-cc1xx:41115/
[rosmaster.master][INFO] 2019-11-24 21:32:52,261: +SERVICE [/gazebo/clear_body_wrenches] /gazebo http://itachi-HP-Pavilion-Laptop-15-cc1xx:41115/
[rosmaster.master][INFO] 2019-11-24 21:32:52,263: +SERVICE [/gazebo/reset_simulation] /gazebo http://itachi-HP-Pavilion-Laptop-15-cc1xx:41115/
[rosmaster.master][INFO] 2019-11-24 21:32:52,263: +SERVICE [/gazebo/reset_world] /gazebo http://itachi-HP-Pavilion-Laptop-15-cc1xx:41115/
[rosmaster.master][INFO] 2019-11-24 21:32:52,315: publisherUpdate[/clock] -> http://itachi-HP-Pavilion-Laptop-15-cc1xx:44101/ ['http://itachi-HP-Pavilion-Laptop-15-cc1xx:41115/']
[rosmaster.master][INFO] 2019-11-24 21:32:52,316: publisherUpdate[/clock] -> http://itachi-HP-Pavilion-Laptop-15-cc1xx:44101/ ['http://itachi-HP-Pavilion-Laptop-15-cc1xx:41115/']: sec=0.00, result=[1, '', 0]
[rosmaster.master][INFO] 2019-11-24 21:32:52,316: publisherUpdate[/clock] -> http://itachi-HP-Pavilion-Laptop-15-cc1xx:36065/ ['http://itachi-HP-Pavilion-Laptop-15-cc1xx:41115/']
[rosmaster.master][INFO] 2019-11-24 21:32:52,317: publisherUpdate[/clock] -> http://itachi-HP-Pavilion-Laptop-15-cc1xx:36065/ ['http://itachi-HP-Pavilion-Laptop-15-cc1xx:41115/']: sec=0.00, result=[1, '', 0]
[rosmaster.master][INFO] 2019-11-24 21:32:52,317: publisherUpdate[/clock] -> http://itachi-HP-Pavilion-Laptop-15-cc1xx:45633/ ['http://itachi-HP-Pavilion-Laptop-15-cc1xx:41115/']
[rosmaster.master][INFO] 2019-11-24 21:32:52,317: publisherUpdate[/clock] -> http://itachi-HP-Pavilion-Laptop-15-cc1xx:35917/ ['http://itachi-HP-Pavilion-Laptop-15-cc1xx:41115/']
[rosmaster.master][INFO] 2019-11-24 21:32:52,317: publisherUpdate[/clock] -> http://itachi-HP-Pavilion-Laptop-15-cc1xx:39615/ ['http://itachi-HP-Pavilion-Laptop-15-cc1xx:41115/']
[rosmaster.master][INFO] 2019-11-24 21:32:52,317: publisherUpdate[/clock] -> http://itachi-HP-Pavilion-Laptop-15-cc1xx:45633/ ['http://itachi-HP-Pavilion-Laptop-15-cc1xx:41115/']: sec=0.00, result=[1, '', 0]
[rosmaster.master][INFO] 2019-11-24 21:32:52,318: publisherUpdate[/clock] -> http://itachi-HP-Pavilion-Laptop-15-cc1xx:44661/ ['http://itachi-HP-Pavilion-Laptop-15-cc1xx:41115/']
[rosmaster.master][INFO] 2019-11-24 21:32:52,318: publisherUpdate[/clock] -> http://itachi-HP-Pavilion-Laptop-15-cc1xx:35917/ ['http://itachi-HP-Pavilion-Laptop-15-cc1xx:41115/']: sec=0.00, result=[1, '', 0]
[rosmaster.master][INFO] 2019-11-24 21:32:52,319: publisherUpdate[/clock] -> http://itachi-HP-Pavilion-Laptop-15-cc1xx:39615/ ['http://itachi-HP-Pavilion-Laptop-15-cc1xx:41115/']: sec=0.00, result=[1, '', 0]
[rosmaster.master][INFO] 2019-11-24 21:32:52,319: publisherUpdate[/clock] -> http://itachi-HP-Pavilion-Laptop-15-cc1xx:43661/ ['http://itachi-HP-Pavilion-Laptop-15-cc1xx:41115/']
[rosmaster.master][INFO] 2019-11-24 21:32:52,319: publisherUpdate[/clock] -> http://itachi-HP-Pavilion-Laptop-15-cc1xx:41115/ ['http://itachi-HP-Pavilion-Laptop-15-cc1xx:41115/']
[rosmaster.master][INFO] 2019-11-24 21:32:52,320: publisherUpdate[/clock] -> http://itachi-HP-Pavilion-Laptop-15-cc1xx:44661/ ['http://itachi-HP-Pavilion-Laptop-15-cc1xx:41115/']: sec=0.00, result=[1, '', 0]
[rosmaster.master][INFO] 2019-11-24 21:32:52,320: publisherUpdate[/clock] -> http://itachi-HP-Pavilion-Laptop-15-cc1xx:42411/ ['http://itachi-HP-Pavilion-Laptop-15-cc1xx:41115/']
[rosmaster.master][INFO] 2019-11-24 21:32:52,321: publisherUpdate[/clock] -> http://itachi-HP-Pavilion-Laptop-15-cc1xx:41115/ ['http://itachi-HP-Pavilion-Laptop-15-cc1xx:41115/']: sec=0.00, result=[1, '', 0]
[rosmaster.master][INFO] 2019-11-24 21:32:52,321: publisherUpdate[/clock] -> http://itachi-HP-Pavilion-Laptop-15-cc1xx:42411/ ['http://itachi-HP-Pavilion-Laptop-15-cc1xx:41115/']: sec=0.00, result=[1, '', 0]
[rosmaster.master][INFO] 2019-11-24 21:32:52,322: publisherUpdate[/clock] -> http://itachi-HP-Pavilion-Laptop-15-cc1xx:43661/ ['http://itachi-HP-Pavilion-Laptop-15-cc1xx:41115/']: sec=0.00, result=[1, '', 0]
[rosmaster.master][INFO] 2019-11-24 21:32:52,322: publisherUpdate[/clock] -> http://itachi-HP-Pavilion-Laptop-15-cc1xx:34839/ ['http://itachi-HP-Pavilion-Laptop-15-cc1xx:41115/']
[rosmaster.master][INFO] 2019-11-24 21:32:52,323: publisherUpdate[/clock] -> http://itachi-HP-Pavilion-Laptop-15-cc1xx:34839/ ['http://itachi-HP-Pavilion-Laptop-15-cc1xx:41115/']: sec=0.00, result=[1, '', 0]
[rosmaster.master][INFO] 2019-11-24 21:32:52,528: +SERVICE [/gazebo/overhead_cam/set_camera_info] /gazebo http://itachi-HP-Pavilion-Laptop-15-cc1xx:41115/
[rosmaster.master][INFO] 2019-11-24 21:32:52,535: +SERVICE [/gazebo/overhead_cam/set_parameters] /gazebo http://itachi-HP-Pavilion-Laptop-15-cc1xx:41115/
[rosmaster.master][INFO] 2019-11-24 21:32:52,537: +PUB [/gazebo/overhead_cam/parameter_descriptions] /gazebo http://itachi-HP-Pavilion-Laptop-15-cc1xx:41115/
[rosmaster.master][INFO] 2019-11-24 21:32:52,538: +PUB [/gazebo/overhead_cam/parameter_updates] /gazebo http://itachi-HP-Pavilion-Laptop-15-cc1xx:41115/
[rosmaster.master][INFO] 2019-11-24 21:32:52,540: +PARAM [/gazebo/overhead_cam/imager_rate] by /gazebo
[rosmaster.master][INFO] 2019-11-24 21:32:52,542: +PARAM [/gazebo/overhead_cam/imager_rate] by /gazebo
[rosmaster.master][INFO] 2019-11-24 21:32:52,550: +PUB [/tf] /gazebo http://itachi-HP-Pavilion-Laptop-15-cc1xx:41115/
[rosmaster.master][INFO] 2019-11-24 21:32:52,588: +PUB [/gazebo/overhead_cam/image_rect_color/compressedDepth] /gazebo http://itachi-HP-Pavilion-Laptop-15-cc1xx:41115/
[rosmaster.master][INFO] 2019-11-24 21:32:52,589: +SERVICE [/gazebo/overhead_cam/image_rect_color/compressedDepth/set_parameters] /gazebo http://itachi-HP-Pavilion-Laptop-15-cc1xx:41115/
[rosmaster.master][INFO] 2019-11-24 21:32:52,590: +PUB [/gazebo/overhead_cam/image_rect_color/compressedDepth/parameter_descriptions] /gazebo http://itachi-HP-Pavilion-Laptop-15-cc1xx:41115/
[rosmaster.master][INFO] 2019-11-24 21:32:52,590: +PUB [/gazebo/overhead_cam/image_rect_color/compressedDepth/parameter_updates] /gazebo http://itachi-HP-Pavilion-Laptop-15-cc1xx:41115/
[rosmaster.master][INFO] 2019-11-24 21:32:52,592: +PARAM [/gazebo/overhead_cam/image_rect_color/compressedDepth/depth_max] by /gazebo
[rosmaster.master][INFO] 2019-11-24 21:32:52,593: +PARAM [/gazebo/overhead_cam/image_rect_color/compressedDepth/depth_quantization] by /gazebo
[rosmaster.master][INFO] 2019-11-24 21:32:52,594: +PARAM [/gazebo/overhead_cam/image_rect_color/compressedDepth/png_level] by /gazebo
[rosmaster.master][INFO] 2019-11-24 21:32:52,594: +PARAM [/gazebo/overhead_cam/image_rect_color/compressedDepth/depth_max] by /gazebo
[rosmaster.master][INFO] 2019-11-24 21:32:52,595: +PARAM [/gazebo/overhead_cam/image_rect_color/compressedDepth/depth_quantization] by /gazebo
[rosmaster.master][INFO] 2019-11-24 21:32:52,596: +PARAM [/gazebo/overhead_cam/image_rect_color/compressedDepth/png_level] by /gazebo
[rosmaster.master][INFO] 2019-11-24 21:32:52,599: +PUB [/gazebo/overhead_cam/image_rect_color/compressed] /gazebo http://itachi-HP-Pavilion-Laptop-15-cc1xx:41115/
[rosmaster.master][INFO] 2019-11-24 21:32:52,600: +SERVICE [/gazebo/overhead_cam/image_rect_color/compressed/set_parameters] /gazebo http://itachi-HP-Pavilion-Laptop-15-cc1xx:41115/
[rosmaster.master][INFO] 2019-11-24 21:32:52,601: +PUB [/gazebo/overhead_cam/image_rect_color/compressed/parameter_descriptions] /gazebo http://itachi-HP-Pavilion-Laptop-15-cc1xx:41115/
[rosmaster.master][INFO] 2019-11-24 21:32:52,601: +PUB [/gazebo/overhead_cam/image_rect_color/compressed/parameter_updates] /gazebo http://itachi-HP-Pavilion-Laptop-15-cc1xx:41115/
[rosmaster.master][INFO] 2019-11-24 21:32:52,603: +PARAM [/gazebo/overhead_cam/image_rect_color/compressed/format] by /gazebo
[rosmaster.master][INFO] 2019-11-24 21:32:52,604: +PARAM [/gazebo/overhead_cam/image_rect_color/compressed/jpeg_quality] by /gazebo
[rosmaster.master][INFO] 2019-11-24 21:32:52,604: +PARAM [/gazebo/overhead_cam/image_rect_color/compressed/png_level] by /gazebo
[rosmaster.master][INFO] 2019-11-24 21:32:52,605: +PARAM [/gazebo/overhead_cam/image_rect_color/compressed/format] by /gazebo
[rosmaster.master][INFO] 2019-11-24 21:32:52,605: +PARAM [/gazebo/overhead_cam/image_rect_color/compressed/jpeg_quality] by /gazebo
[rosmaster.master][INFO] 2019-11-24 21:32:52,606: +PARAM [/gazebo/overhead_cam/image_rect_color/compressed/png_level] by /gazebo
[rosmaster.master][INFO] 2019-11-24 21:32:52,609: +PUB [/gazebo/overhead_cam/image_rect_color] /gazebo http://itachi-HP-Pavilion-Laptop-15-cc1xx:41115/
[rosmaster.master][INFO] 2019-11-24 21:32:52,611: +PUB [/gazebo/overhead_cam/image_rect_color/theora] /gazebo http://itachi-HP-Pavilion-Laptop-15-cc1xx:41115/
[rosmaster.master][INFO] 2019-11-24 21:32:52,612: +SERVICE [/gazebo/overhead_cam/image_rect_color/theora/set_parameters] /gazebo http://itachi-HP-Pavilion-Laptop-15-cc1xx:41115/
[rosmaster.master][INFO] 2019-11-24 21:32:52,613: +PUB [/gazebo/overhead_cam/image_rect_color/theora/parameter_descriptions] /gazebo http://itachi-HP-Pavilion-Laptop-15-cc1xx:41115/
[rosmaster.master][INFO] 2019-11-24 21:32:52,614: +PUB [/gazebo/overhead_cam/image_rect_color/theora/parameter_updates] /gazebo http://itachi-HP-Pavilion-Laptop-15-cc1xx:41115/
[rosmaster.master][INFO] 2019-11-24 21:32:52,617: +PARAM [/gazebo/overhead_cam/image_rect_color/theora/optimize_for] by /gazebo
[rosmaster.master][INFO] 2019-11-24 21:32:52,617: +PARAM [/gazebo/overhead_cam/image_rect_color/theora/target_bitrate] by /gazebo
[rosmaster.master][INFO] 2019-11-24 21:32:52,618: +PARAM [/gazebo/overhead_cam/image_rect_color/theora/quality] by /gazebo
[rosmaster.master][INFO] 2019-11-24 21:32:52,619: +PARAM [/gazebo/overhead_cam/image_rect_color/theora/keyframe_frequency] by /gazebo
[rosmaster.master][INFO] 2019-11-24 21:32:52,619: +PARAM [/gazebo/overhead_cam/image_rect_color/theora/optimize_for] by /gazebo
[rosmaster.master][INFO] 2019-11-24 21:32:52,620: +PARAM [/gazebo/overhead_cam/image_rect_color/theora/target_bitrate] by /gazebo
[rosmaster.master][INFO] 2019-11-24 21:32:52,620: +PARAM [/gazebo/overhead_cam/image_rect_color/theora/quality] by /gazebo
[rosmaster.master][INFO] 2019-11-24 21:32:52,621: +PARAM [/gazebo/overhead_cam/image_rect_color/theora/keyframe_frequency] by /gazebo
[rosmaster.master][INFO] 2019-11-24 21:32:52,622: +PUB [/gazebo/overhead_cam/camera_info] /gazebo http://itachi-HP-Pavilion-Laptop-15-cc1xx:41115/
[rosmaster.master][INFO] 2019-11-24 21:32:52,622: publisherUpdate[/gazebo/overhead_cam/image_rect_color] -> http://itachi-HP-Pavilion-Laptop-15-cc1xx:35917/ ['http://itachi-HP-Pavilion-Laptop-15-cc1xx:41115/']
[rosmaster.master][INFO] 2019-11-24 21:32:52,623: publisherUpdate[/gazebo/overhead_cam/image_rect_color] -> http://itachi-HP-Pavilion-Laptop-15-cc1xx:35917/ ['http://itachi-HP-Pavilion-Laptop-15-cc1xx:41115/']: sec=0.00, result=[1, '', 0]
[rosmaster.master][INFO] 2019-11-24 21:32:52,623: publisherUpdate[/gazebo/overhead_cam/camera_info] -> http://itachi-HP-Pavilion-Laptop-15-cc1xx:35917/ ['http://itachi-HP-Pavilion-Laptop-15-cc1xx:41115/']
[rosmaster.master][INFO] 2019-11-24 21:32:52,624: publisherUpdate[/gazebo/overhead_cam/camera_info] -> http://itachi-HP-Pavilion-Laptop-15-cc1xx:35917/ ['http://itachi-HP-Pavilion-Laptop-15-cc1xx:41115/']: sec=0.00, result=[1, '', 0]
[rosmaster.master][INFO] 2019-11-24 21:32:52,674: -SUB [/clock] /edrone/spawn_edrone http://itachi-HP-Pavilion-Laptop-15-cc1xx:43661/
[rosmaster.master][INFO] 2019-11-24 21:32:52,675: -PUB [/rosout] /edrone/spawn_edrone http://itachi-HP-Pavilion-Laptop-15-cc1xx:43661/
[rosmaster.master][INFO] 2019-11-24 21:32:52,675: -SERVICE [/edrone/spawn_edrone/set_logger_level] /edrone/spawn_edrone rosrpc://itachi-HP-Pavilion-Laptop-15-cc1xx:35933
[rosmaster.master][INFO] 2019-11-24 21:32:52,675: -SERVICE [/edrone/spawn_edrone/get_loggers] /edrone/spawn_edrone rosrpc://itachi-HP-Pavilion-Laptop-15-cc1xx:35933
[rosmaster.master][INFO] 2019-11-24 21:32:52,697: +PUB [/edrone/motor_speed] /gazebo http://itachi-HP-Pavilion-Laptop-15-cc1xx:41115/
[rosmaster.master][INFO] 2019-11-24 21:32:52,700: +PUB [/edrone/joint_states] /gazebo http://itachi-HP-Pavilion-Laptop-15-cc1xx:41115/
[rosmaster.master][INFO] 2019-11-24 21:32:52,702: +PUB [/edrone/motor_speed/0] /gazebo http://itachi-HP-Pavilion-Laptop-15-cc1xx:41115/
[rosmaster.master][INFO] 2019-11-24 21:32:52,707: +SUB [/edrone/gazebo/command/motor_speed] /gazebo http://itachi-HP-Pavilion-Laptop-15-cc1xx:41115/
[rosmaster.master][INFO] 2019-11-24 21:32:52,714: +SUB [/edrone/wind_speed] /gazebo http://itachi-HP-Pavilion-Laptop-15-cc1xx:41115/
[rosmaster.master][INFO] 2019-11-24 21:32:52,715: +PUB [/edrone/motor_speed/1] /gazebo http://itachi-HP-Pavilion-Laptop-15-cc1xx:41115/
[rosmaster.master][INFO] 2019-11-24 21:32:52,722: +PUB [/edrone/motor_speed/2] /gazebo http://itachi-HP-Pavilion-Laptop-15-cc1xx:41115/
[rosmaster.master][INFO] 2019-11-24 21:32:52,723: publisherUpdate[/rosout] -> http://itachi-HP-Pavilion-Laptop-15-cc1xx:44101/ ['http://itachi-HP-Pavilion-Laptop-15-cc1xx:36065/', 'http://itachi-HP-Pavilion-Laptop-15-cc1xx:45633/', 'http://itachi-HP-Pavilion-Laptop-15-cc1xx:35917/', 'http://itachi-HP-Pavilion-Laptop-15-cc1xx:39615/', 'http://itachi-HP-Pavilion-Laptop-15-cc1xx:44661/', 'http://itachi-HP-Pavilion-Laptop-15-cc1xx:41115/', 'http://itachi-HP-Pavilion-Laptop-15-cc1xx:42411/', 'http://itachi-HP-Pavilion-Laptop-15-cc1xx:34839/']
[rosmaster.master][INFO] 2019-11-24 21:32:52,724: publisherUpdate[/rosout] -> http://itachi-HP-Pavilion-Laptop-15-cc1xx:44101/ ['http://itachi-HP-Pavilion-Laptop-15-cc1xx:36065/', 'http://itachi-HP-Pavilion-Laptop-15-cc1xx:45633/', 'http://itachi-HP-Pavilion-Laptop-15-cc1xx:35917/', 'http://itachi-HP-Pavilion-Laptop-15-cc1xx:39615/', 'http://itachi-HP-Pavilion-Laptop-15-cc1xx:44661/', 'http://itachi-HP-Pavilion-Laptop-15-cc1xx:41115/', 'http://itachi-HP-Pavilion-Laptop-15-cc1xx:42411/', 'http://itachi-HP-Pavilion-Laptop-15-cc1xx:34839/']: sec=0.00, result=[1, '', 0]
[rosmaster.master][INFO] 2019-11-24 21:32:52,724: publisherUpdate[/edrone/joint_states] -> http://itachi-HP-Pavilion-Laptop-15-cc1xx:45633/ ['http://itachi-HP-Pavilion-Laptop-15-cc1xx:34839/', 'http://itachi-HP-Pavilion-Laptop-15-cc1xx:41115/']
[rosmaster.master][INFO] 2019-11-24 21:32:52,725: publisherUpdate[/edrone/joint_states] -> http://itachi-HP-Pavilion-Laptop-15-cc1xx:45633/ ['http://itachi-HP-Pavilion-Laptop-15-cc1xx:34839/', 'http://itachi-HP-Pavilion-Laptop-15-cc1xx:41115/']: sec=0.00, result=[1, '', 0]
[rosmaster.master][INFO] 2019-11-24 21:32:52,737: +PUB [/edrone/motor_speed/3] /gazebo http://itachi-HP-Pavilion-Laptop-15-cc1xx:41115/
[rosmaster.master][INFO] 2019-11-24 21:32:52,747: +PUB [/edrone/gazebo/command/motor_speed] /gazebo http://itachi-HP-Pavilion-Laptop-15-cc1xx:41115/
[rosmaster.master][INFO] 2019-11-24 21:32:52,751: +SUB [/edrone/command/motor_speed] /gazebo http://itachi-HP-Pavilion-Laptop-15-cc1xx:41115/
[rosmaster.master][INFO] 2019-11-24 21:32:52,752: +PUB [/edrone/imu] /gazebo http://itachi-HP-Pavilion-Laptop-15-cc1xx:41115/
[rosmaster.master][INFO] 2019-11-24 21:32:52,754: +PUB [/edrone/ground_truth/imu] /gazebo http://itachi-HP-Pavilion-Laptop-15-cc1xx:41115/
[rosmaster.master][INFO] 2019-11-24 21:32:52,755: +PUB [/edrone/ground_truth/pose] /gazebo http://itachi-HP-Pavilion-Laptop-15-cc1xx:41115/
[rosmaster.master][INFO] 2019-11-24 21:32:52,757: +PUB [/edrone/ground_truth/pose_with_covariance] /gazebo http://itachi-HP-Pavilion-Laptop-15-cc1xx:41115/
[rosmaster.master][INFO] 2019-11-24 21:32:52,758: +PUB [/edrone/ground_truth/position] /gazebo http://itachi-HP-Pavilion-Laptop-15-cc1xx:41115/
[rosmaster.master][INFO] 2019-11-24 21:32:52,760: +PUB [/edrone/ground_truth/odometry] /gazebo http://itachi-HP-Pavilion-Laptop-15-cc1xx:41115/
[rosmaster.master][INFO] 2019-11-24 21:32:52,763: +PUB [/edrone/ground_truth/transform] /gazebo http://itachi-HP-Pavilion-Laptop-15-cc1xx:41115/
[rosmaster.master][INFO] 2019-11-24 21:32:52,767: +PUB [/edrone/odometry_sensor1/pose] /gazebo http://itachi-HP-Pavilion-Laptop-15-cc1xx:41115/
[rosmaster.master][INFO] 2019-11-24 21:32:52,768: +PUB [/edrone/odometry_sensor1/pose_with_covariance] /gazebo http://itachi-HP-Pavilion-Laptop-15-cc1xx:41115/
[rosmaster.master][INFO] 2019-11-24 21:32:52,769: +PUB [/edrone/odometry_sensor1/position] /gazebo http://itachi-HP-Pavilion-Laptop-15-cc1xx:41115/
[rosmaster.master][INFO] 2019-11-24 21:32:52,770: +PUB [/edrone/odometry_sensor1/odometry] /gazebo http://itachi-HP-Pavilion-Laptop-15-cc1xx:41115/
[rosmaster.master][INFO] 2019-11-24 21:32:52,771: +PUB [/edrone/odometry_sensor1/transform] /gazebo http://itachi-HP-Pavilion-Laptop-15-cc1xx:41115/
[rosmaster.master][INFO] 2019-11-24 21:32:52,825: publisherUpdate[/edrone/gazebo/command/motor_speed] -> http://itachi-HP-Pavilion-Laptop-15-cc1xx:41115/ ['http://itachi-HP-Pavilion-Laptop-15-cc1xx:41115/']
[rosmaster.master][INFO] 2019-11-24 21:32:52,825: publisherUpdate[/edrone/odometry_sensor1/odometry] -> http://itachi-HP-Pavilion-Laptop-15-cc1xx:44661/ ['http://itachi-HP-Pavilion-Laptop-15-cc1xx:41115/']
[rosmaster.master][INFO] 2019-11-24 21:32:52,825: publisherUpdate[/edrone/gazebo/command/motor_speed] -> http://itachi-HP-Pavilion-Laptop-15-cc1xx:41115/ ['http://itachi-HP-Pavilion-Laptop-15-cc1xx:41115/']: sec=0.00, result=[1, '', 0]
[rosmaster.master][INFO] 2019-11-24 21:32:52,826: publisherUpdate[/edrone/odometry_sensor1/odometry] -> http://itachi-HP-Pavilion-Laptop-15-cc1xx:44661/ ['http://itachi-HP-Pavilion-Laptop-15-cc1xx:41115/']: sec=0.00, result=[1, '', 0]
[rosmaster.master][INFO] 2019-11-24 21:32:52,833: +SERVICE [/gazebo_gui/set_parameters] /gazebo_gui http://itachi-HP-Pavilion-Laptop-15-cc1xx:42411/
[rosmaster.master][INFO] 2019-11-24 21:32:52,833: +SERVICE [/gazebo/set_parameters] /gazebo http://itachi-HP-Pavilion-Laptop-15-cc1xx:41115/
[rosmaster.master][INFO] 2019-11-24 21:32:52,834: +PUB [/gazebo_gui/parameter_descriptions] /gazebo_gui http://itachi-HP-Pavilion-Laptop-15-cc1xx:42411/
[rosmaster.master][INFO] 2019-11-24 21:32:52,834: +PUB [/gazebo/parameter_descriptions] /gazebo http://itachi-HP-Pavilion-Laptop-15-cc1xx:41115/
[rosmaster.master][INFO] 2019-11-24 21:32:52,835: +PUB [/gazebo_gui/parameter_updates] /gazebo_gui http://itachi-HP-Pavilion-Laptop-15-cc1xx:42411/
[rosmaster.master][INFO] 2019-11-24 21:32:52,835: +PUB [/gazebo/parameter_updates] /gazebo http://itachi-HP-Pavilion-Laptop-15-cc1xx:41115/
[rosmaster.master][INFO] 2019-11-24 21:32:52,851: +PARAM [/gazebo_gui/time_step] by /gazebo_gui
[rosmaster.master][INFO] 2019-11-24 21:32:52,851: +PARAM [/gazebo_gui/max_update_rate] by /gazebo_gui
[rosmaster.master][INFO] 2019-11-24 21:32:52,852: +PARAM [/gazebo/time_step] by /gazebo
[rosmaster.master][INFO] 2019-11-24 21:32:52,855: +PARAM [/gazebo_gui/gravity_x] by /gazebo_gui
[rosmaster.master][INFO] 2019-11-24 21:32:52,856: +PARAM [/gazebo/max_update_rate] by /gazebo
[rosmaster.master][INFO] 2019-11-24 21:32:52,856: +PARAM [/gazebo_gui/gravity_y] by /gazebo_gui
[rosmaster.master][INFO] 2019-11-24 21:32:52,858: +PARAM [/gazebo/gravity_x] by /gazebo
[rosmaster.master][INFO] 2019-11-24 21:32:52,858: +PARAM [/gazebo_gui/gravity_z] by /gazebo_gui
[rosmaster.master][INFO] 2019-11-24 21:32:52,860: +PARAM [/gazebo/gravity_y] by /gazebo
[rosmaster.master][INFO] 2019-11-24 21:32:52,860: +PARAM [/gazebo_gui/auto_disable_bodies] by /gazebo_gui
[rosmaster.master][INFO] 2019-11-24 21:32:52,862: +PARAM [/gazebo/gravity_z] by /gazebo
[rosmaster.master][INFO] 2019-11-24 21:32:52,862: +PARAM [/gazebo_gui/sor_pgs_precon_iters] by /gazebo_gui
[rosmaster.master][INFO] 2019-11-24 21:32:52,863: +PARAM [/gazebo/auto_disable_bodies] by /gazebo
[rosmaster.master][INFO] 2019-11-24 21:32:52,864: +PARAM [/gazebo_gui/sor_pgs_iters] by /gazebo_gui
[rosmaster.master][INFO] 2019-11-24 21:32:52,864: +PARAM [/gazebo/sor_pgs_precon_iters] by /gazebo
[rosmaster.master][INFO] 2019-11-24 21:32:52,865: +PARAM [/gazebo_gui/sor_pgs_w] by /gazebo_gui
[rosmaster.master][INFO] 2019-11-24 21:32:52,867: +PARAM [/gazebo/sor_pgs_iters] by /gazebo
[rosmaster.master][INFO] 2019-11-24 21:32:52,867: +PARAM [/gazebo_gui/sor_pgs_rms_error_tol] by /gazebo_gui
[rosmaster.master][INFO] 2019-11-24 21:32:52,868: +PARAM [/gazebo_gui/cfm] by /gazebo_gui
[rosmaster.master][INFO] 2019-11-24 21:32:52,869: +PARAM [/gazebo/sor_pgs_w] by /gazebo
[rosmaster.master][INFO] 2019-11-24 21:32:52,870: +PARAM [/gazebo_gui/erp] by /gazebo_gui
[rosmaster.master][INFO] 2019-11-24 21:32:52,870: +PARAM [/gazebo_gui/contact_surface_layer] by /gazebo_gui
[rosmaster.master][INFO] 2019-11-24 21:32:52,871: +PARAM [/gazebo/sor_pgs_rms_error_tol] by /gazebo
[rosmaster.master][INFO] 2019-11-24 21:32:52,872: +PARAM [/gazebo_gui/contact_max_correcting_vel] by /gazebo_gui
[rosmaster.master][INFO] 2019-11-24 21:32:52,873: +PARAM [/gazebo/cfm] by /gazebo
[rosmaster.master][INFO] 2019-11-24 21:32:52,873: +PARAM [/gazebo_gui/max_contacts] by /gazebo_gui
[rosmaster.master][INFO] 2019-11-24 21:32:52,874: +PARAM [/gazebo/erp] by /gazebo
[rosmaster.master][INFO] 2019-11-24 21:32:52,877: +PARAM [/gazebo/contact_surface_layer] by /gazebo
[rosmaster.master][INFO] 2019-11-24 21:32:52,879: +PARAM [/gazebo_gui/time_step] by /gazebo_gui
[rosmaster.master][INFO] 2019-11-24 21:32:52,880: +PARAM [/gazebo/contact_max_correcting_vel] by /gazebo
[rosmaster.master][INFO] 2019-11-24 21:32:52,881: +PARAM [/gazebo_gui/max_update_rate] by /gazebo_gui
[rosmaster.master][INFO] 2019-11-24 21:32:52,882: +PARAM [/gazebo/max_contacts] by /gazebo
[rosmaster.master][INFO] 2019-11-24 21:32:52,884: +PARAM [/gazebo_gui/gravity_x] by /gazebo_gui
[rosmaster.master][INFO] 2019-11-24 21:32:52,885: +PARAM [/gazebo_gui/gravity_y] by /gazebo_gui
[rosmaster.master][INFO] 2019-11-24 21:32:52,886: +PARAM [/gazebo_gui/gravity_z] by /gazebo_gui
[rosmaster.master][INFO] 2019-11-24 21:32:52,887: +PARAM [/gazebo/time_step] by /gazebo
[rosmaster.master][INFO] 2019-11-24 21:32:52,888: +PARAM [/gazebo_gui/auto_disable_bodies] by /gazebo_gui
[rosmaster.master][INFO] 2019-11-24 21:32:52,888: +PARAM [/gazebo/max_update_rate] by /gazebo
[rosmaster.master][INFO] 2019-11-24 21:32:52,889: +PARAM [/gazebo_gui/sor_pgs_precon_iters] by /gazebo_gui
[rosmaster.master][INFO] 2019-11-24 21:32:52,890: +PARAM [/gazebo/gravity_x] by /gazebo
[rosmaster.master][INFO] 2019-11-24 21:32:52,890: +PARAM [/gazebo_gui/sor_pgs_iters] by /gazebo_gui
[rosmaster.master][INFO] 2019-11-24 21:32:52,891: +PARAM [/gazebo/gravity_y] by /gazebo
[rosmaster.master][INFO] 2019-11-24 21:32:52,891: +PARAM [/gazebo_gui/sor_pgs_w] by /gazebo_gui
[rosmaster.master][INFO] 2019-11-24 21:32:52,892: +PARAM [/gazebo/gravity_z] by /gazebo
[rosmaster.master][INFO] 2019-11-24 21:32:52,893: +PARAM [/gazebo_gui/sor_pgs_rms_error_tol] by /gazebo_gui
[rosmaster.master][INFO] 2019-11-24 21:32:52,893: +PARAM [/gazebo/auto_disable_bodies] by /gazebo
[rosmaster.master][INFO] 2019-11-24 21:32:52,894: +PARAM [/gazebo_gui/cfm] by /gazebo_gui
[rosmaster.master][INFO] 2019-11-24 21:32:52,895: +PARAM [/gazebo/sor_pgs_precon_iters] by /gazebo
[rosmaster.master][INFO] 2019-11-24 21:32:52,895: +PARAM [/gazebo_gui/erp] by /gazebo_gui
[rosmaster.master][INFO] 2019-11-24 21:32:52,896: +PARAM [/gazebo/sor_pgs_iters] by /gazebo
[rosmaster.master][INFO] 2019-11-24 21:32:52,896: +PARAM [/gazebo_gui/contact_surface_layer] by /gazebo_gui
[rosmaster.master][INFO] 2019-11-24 21:32:52,897: +PARAM [/gazebo/sor_pgs_w] by /gazebo
[rosmaster.master][INFO] 2019-11-24 21:32:52,898: +PARAM [/gazebo_gui/contact_max_correcting_vel] by /gazebo_gui
[rosmaster.master][INFO] 2019-11-24 21:32:52,898: +PARAM [/gazebo/sor_pgs_rms_error_tol] by /gazebo
[rosmaster.master][INFO] 2019-11-24 21:32:52,899: +PARAM [/gazebo_gui/max_contacts] by /gazebo_gui
[rosmaster.master][INFO] 2019-11-24 21:32:52,900: +PARAM [/gazebo/cfm] by /gazebo
[rosmaster.master][INFO] 2019-11-24 21:32:52,900: +PARAM [/gazebo/erp] by /gazebo
[rosmaster.master][INFO] 2019-11-24 21:32:52,901: +PARAM [/gazebo/contact_surface_layer] by /gazebo
[rosmaster.master][INFO] 2019-11-24 21:32:52,902: +PARAM [/gazebo/contact_max_correcting_vel] by /gazebo
[rosmaster.master][INFO] 2019-11-24 21:32:52,902: +PARAM [/gazebo/max_contacts] by /gazebo
[rosmaster.master][INFO] 2019-11-24 21:33:06,947: +PUB [/rosout] /drone_control http://itachi-HP-Pavilion-Laptop-15-cc1xx:33185/
[rosmaster.master][INFO] 2019-11-24 21:33:06,949: publisherUpdate[/rosout] -> http://itachi-HP-Pavilion-Laptop-15-cc1xx:44101/ ['http://itachi-HP-Pavilion-Laptop-15-cc1xx:36065/', 'http://itachi-HP-Pavilion-Laptop-15-cc1xx:45633/', 'http://itachi-HP-Pavilion-Laptop-15-cc1xx:35917/', 'http://itachi-HP-Pavilion-Laptop-15-cc1xx:39615/', 'http://itachi-HP-Pavilion-Laptop-15-cc1xx:44661/', 'http://itachi-HP-Pavilion-Laptop-15-cc1xx:41115/', 'http://itachi-HP-Pavilion-Laptop-15-cc1xx:42411/', 'http://itachi-HP-Pavilion-Laptop-15-cc1xx:34839/', 'http://itachi-HP-Pavilion-Laptop-15-cc1xx:33185/']
[rosmaster.master][INFO] 2019-11-24 21:33:06,950: publisherUpdate[/rosout] -> http://itachi-HP-Pavilion-Laptop-15-cc1xx:44101/ ['http://itachi-HP-Pavilion-Laptop-15-cc1xx:36065/', 'http://itachi-HP-Pavilion-Laptop-15-cc1xx:45633/', 'http://itachi-HP-Pavilion-Laptop-15-cc1xx:35917/', 'http://itachi-HP-Pavilion-Laptop-15-cc1xx:39615/', 'http://itachi-HP-Pavilion-Laptop-15-cc1xx:44661/', 'http://itachi-HP-Pavilion-Laptop-15-cc1xx:41115/', 'http://itachi-HP-Pavilion-Laptop-15-cc1xx:42411/', 'http://itachi-HP-Pavilion-Laptop-15-cc1xx:34839/', 'http://itachi-HP-Pavilion-Laptop-15-cc1xx:33185/']: sec=0.00, result=[1, '', 0]
[rosmaster.master][INFO] 2019-11-24 21:33:06,952: +SUB [/clock] /drone_control http://itachi-HP-Pavilion-Laptop-15-cc1xx:33185/
[rosmaster.master][INFO] 2019-11-24 21:33:06,954: +SERVICE [/drone_control/get_loggers] /drone_control http://itachi-HP-Pavilion-Laptop-15-cc1xx:33185/
[rosmaster.master][INFO] 2019-11-24 21:33:06,956: +SERVICE [/drone_control/set_logger_level] /drone_control http://itachi-HP-Pavilion-Laptop-15-cc1xx:33185/
[rosmaster.master][INFO] 2019-11-24 21:33:06,958: +PUB [/drone_command] /drone_control http://itachi-HP-Pavilion-Laptop-15-cc1xx:33185/
[rosmaster.master][INFO] 2019-11-24 21:33:06,959: +PUB [/alt_error] /drone_control http://itachi-HP-Pavilion-Laptop-15-cc1xx:33185/
[rosmaster.master][INFO] 2019-11-24 21:33:06,961: +PUB [/pitch_error] /drone_control http://itachi-HP-Pavilion-Laptop-15-cc1xx:33185/
[rosmaster.master][INFO] 2019-11-24 21:33:06,962: +PUB [/roll_error] /drone_control http://itachi-HP-Pavilion-Laptop-15-cc1xx:33185/
[rosmaster.master][INFO] 2019-11-24 21:33:06,965: +SUB [/whycon/poses] /drone_control http://itachi-HP-Pavilion-Laptop-15-cc1xx:33185/
[rosmaster.master][INFO] 2019-11-24 21:33:06,967: +SUB [/pid_tuning_altitude] /drone_control http://itachi-HP-Pavilion-Laptop-15-cc1xx:33185/
[rosmaster.master][INFO] 2019-11-24 21:33:06,970: +SUB [/pid_tuning_pitch] /drone_control http://itachi-HP-Pavilion-Laptop-15-cc1xx:33185/
[rosmaster.master][INFO] 2019-11-24 21:33:06,973: +SUB [/pid_tuning_roll] /drone_control http://itachi-HP-Pavilion-Laptop-15-cc1xx:33185/
[rosmaster.master][INFO] 2019-11-24 21:33:07,049: publisherUpdate[/drone_command] -> http://itachi-HP-Pavilion-Laptop-15-cc1xx:36065/ ['http://itachi-HP-Pavilion-Laptop-15-cc1xx:33185/']
[rosmaster.master][INFO] 2019-11-24 21:33:07,050: publisherUpdate[/drone_command] -> http://itachi-HP-Pavilion-Laptop-15-cc1xx:36065/ ['http://itachi-HP-Pavilion-Laptop-15-cc1xx:33185/']: sec=0.00, result=[1, '', 0]
[rosmaster.master][INFO] 2019-11-24 21:35:06,962: +PUB [/rosout] /PlotJugglerListener_1574611506956889325 http://localhost:46859/
[rosmaster.master][INFO] 2019-11-24 21:35:06,967: +SERVICE [/PlotJugglerListener_1574611506956889325/get_loggers] /PlotJugglerListener_1574611506956889325 http://localhost:46859/
[rosmaster.master][INFO] 2019-11-24 21:35:06,968: publisherUpdate[/rosout] -> http://itachi-HP-Pavilion-Laptop-15-cc1xx:44101/ ['http://itachi-HP-Pavilion-Laptop-15-cc1xx:36065/', 'http://itachi-HP-Pavilion-Laptop-15-cc1xx:45633/', 'http://itachi-HP-Pavilion-Laptop-15-cc1xx:35917/', 'http://itachi-HP-Pavilion-Laptop-15-cc1xx:39615/', 'http://itachi-HP-Pavilion-Laptop-15-cc1xx:44661/', 'http://itachi-HP-Pavilion-Laptop-15-cc1xx:41115/', 'http://itachi-HP-Pavilion-Laptop-15-cc1xx:42411/', 'http://itachi-HP-Pavilion-Laptop-15-cc1xx:34839/', 'http://itachi-HP-Pavilion-Laptop-15-cc1xx:33185/', 'http://localhost:46859/']
[rosmaster.master][INFO] 2019-11-24 21:35:06,970: +SERVICE [/PlotJugglerListener_1574611506956889325/set_logger_level] /PlotJugglerListener_1574611506956889325 http://localhost:46859/
[rosmaster.master][INFO] 2019-11-24 21:35:06,970: publisherUpdate[/rosout] -> http://itachi-HP-Pavilion-Laptop-15-cc1xx:44101/ ['http://itachi-HP-Pavilion-Laptop-15-cc1xx:36065/', 'http://itachi-HP-Pavilion-Laptop-15-cc1xx:45633/', 'http://itachi-HP-Pavilion-Laptop-15-cc1xx:35917/', 'http://itachi-HP-Pavilion-Laptop-15-cc1xx:39615/', 'http://itachi-HP-Pavilion-Laptop-15-cc1xx:44661/', 'http://itachi-HP-Pavilion-Laptop-15-cc1xx:41115/', 'http://itachi-HP-Pavilion-Laptop-15-cc1xx:42411/', 'http://itachi-HP-Pavilion-Laptop-15-cc1xx:34839/', 'http://itachi-HP-Pavilion-Laptop-15-cc1xx:33185/', 'http://localhost:46859/']: sec=0.00, result=[1, '', 0]
[rosmaster.master][INFO] 2019-11-24 21:35:06,976: +SUB [/clock] /PlotJugglerListener_1574611506956889325 http://localhost:46859/
[rosmaster.master][INFO] 2019-11-24 21:35:09,047: +SUB [/alt_error] /PlotJugglerListener_1574611506956889325 http://localhost:46859/
[rosmaster.master][INFO] 2019-11-24 21:35:09,060: +SUB [/pitch_error] /PlotJugglerListener_1574611506956889325 http://localhost:46859/
[rosmaster.master][INFO] 2019-11-24 21:35:09,064: +SUB [/roll_error] /PlotJugglerListener_1574611506956889325 http://localhost:46859/
[rosmaster.master][INFO] 2019-11-24 21:35:27,713: -SUB [/pid_tuning_pitch] /drone_control http://itachi-HP-Pavilion-Laptop-15-cc1xx:33185/
[rosmaster.master][INFO] 2019-11-24 21:35:27,713: -SUB [/clock] /drone_control http://itachi-HP-Pavilion-Laptop-15-cc1xx:33185/
[rosmaster.master][INFO] 2019-11-24 21:35:27,713: -SUB [/whycon/poses] /drone_control http://itachi-HP-Pavilion-Laptop-15-cc1xx:33185/
[rosmaster.master][INFO] 2019-11-24 21:35:27,713: -SUB [/pid_tuning_roll] /drone_control http://itachi-HP-Pavilion-Laptop-15-cc1xx:33185/
[rosmaster.master][INFO] 2019-11-24 21:35:27,714: -SUB [/pid_tuning_altitude] /drone_control http://itachi-HP-Pavilion-Laptop-15-cc1xx:33185/
[rosmaster.master][INFO] 2019-11-24 21:35:27,714: -PUB [/pitch_error] /drone_control http://itachi-HP-Pavilion-Laptop-15-cc1xx:33185/
[rosmaster.master][INFO] 2019-11-24 21:35:27,714: -PUB [/roll_error] /drone_control http://itachi-HP-Pavilion-Laptop-15-cc1xx:33185/
[rosmaster.master][INFO] 2019-11-24 21:35:27,714: -PUB [/rosout] /drone_control http://itachi-HP-Pavilion-Laptop-15-cc1xx:33185/
[rosmaster.master][INFO] 2019-11-24 21:35:27,714: -PUB [/alt_error] /drone_control http://itachi-HP-Pavilion-Laptop-15-cc1xx:33185/
[rosmaster.master][INFO] 2019-11-24 21:35:27,714: -PUB [/drone_command] /drone_control http://itachi-HP-Pavilion-Laptop-15-cc1xx:33185/
[rosmaster.master][INFO] 2019-11-24 21:35:27,714: -SERVICE [/drone_control/get_loggers] /drone_control rosrpc://itachi-HP-Pavilion-Laptop-15-cc1xx:43285
[rosmaster.master][INFO] 2019-11-24 21:35:27,714: publisherUpdate[/pitch_error] -> http://localhost:46859/ []
[rosmaster.master][INFO] 2019-11-24 21:35:27,715: -SERVICE [/drone_control/set_logger_level] /drone_control rosrpc://itachi-HP-Pavilion-Laptop-15-cc1xx:43285
[rosmaster.master][INFO] 2019-11-24 21:35:27,717: publisherUpdate[/pitch_error] -> http://localhost:46859/ []: sec=0.00, result=[1, '', 0]
[rosmaster.master][INFO] 2019-11-24 21:35:27,718: publisherUpdate[/roll_error] -> http://localhost:46859/ []
[rosmaster.master][INFO] 2019-11-24 21:35:27,719: publisherUpdate[/roll_error] -> http://localhost:46859/ []: sec=0.00, result=[1, '', 0]
[rosmaster.master][INFO] 2019-11-24 21:35:27,719: publisherUpdate[/rosout] -> http://itachi-HP-Pavilion-Laptop-15-cc1xx:44101/ ['http://itachi-HP-Pavilion-Laptop-15-cc1xx:36065/', 'http://itachi-HP-Pavilion-Laptop-15-cc1xx:45633/', 'http://itachi-HP-Pavilion-Laptop-15-cc1xx:35917/', 'http://itachi-HP-Pavilion-Laptop-15-cc1xx:39615/', 'http://itachi-HP-Pavilion-Laptop-15-cc1xx:44661/', 'http://itachi-HP-Pavilion-Laptop-15-cc1xx:41115/', 'http://itachi-HP-Pavilion-Laptop-15-cc1xx:42411/', 'http://itachi-HP-Pavilion-Laptop-15-cc1xx:34839/', 'http://localhost:46859/']
[rosmaster.master][INFO] 2019-11-24 21:35:27,720: publisherUpdate[/rosout] -> http://itachi-HP-Pavilion-Laptop-15-cc1xx:44101/ ['http://itachi-HP-Pavilion-Laptop-15-cc1xx:36065/', 'http://itachi-HP-Pavilion-Laptop-15-cc1xx:45633/', 'http://itachi-HP-Pavilion-Laptop-15-cc1xx:35917/', 'http://itachi-HP-Pavilion-Laptop-15-cc1xx:39615/', 'http://itachi-HP-Pavilion-Laptop-15-cc1xx:44661/', 'http://itachi-HP-Pavilion-Laptop-15-cc1xx:41115/', 'http://itachi-HP-Pavilion-Laptop-15-cc1xx:42411/', 'http://itachi-HP-Pavilion-Laptop-15-cc1xx:34839/', 'http://localhost:46859/']: sec=0.00, result=[1, '', 0]
[rosmaster.master][INFO] 2019-11-24 21:35:27,720: publisherUpdate[/alt_error] -> http://localhost:46859/ []
[rosmaster.master][INFO] 2019-11-24 21:35:27,723: publisherUpdate[/alt_error] -> http://localhost:46859/ []: sec=0.00, result=[1, '', 0]
[rosmaster.master][INFO] 2019-11-24 21:35:27,723: publisherUpdate[/drone_command] -> http://itachi-HP-Pavilion-Laptop-15-cc1xx:36065/ []
[rosmaster.master][INFO] 2019-11-24 21:35:27,724: publisherUpdate[/drone_command] -> http://itachi-HP-Pavilion-Laptop-15-cc1xx:36065/ []: sec=0.00, result=[1, '', 0]
[rosmaster.master][INFO] 2019-11-24 21:35:38,124: +PUB [/rosout] /drone_control http://itachi-HP-Pavilion-Laptop-15-cc1xx:38761/
[rosmaster.master][INFO] 2019-11-24 21:35:38,128: publisherUpdate[/rosout] -> http://itachi-HP-Pavilion-Laptop-15-cc1xx:44101/ ['http://itachi-HP-Pavilion-Laptop-15-cc1xx:36065/', 'http://itachi-HP-Pavilion-Laptop-15-cc1xx:45633/', 'http://itachi-HP-Pavilion-Laptop-15-cc1xx:35917/', 'http://itachi-HP-Pavilion-Laptop-15-cc1xx:39615/', 'http://itachi-HP-Pavilion-Laptop-15-cc1xx:44661/', 'http://itachi-HP-Pavilion-Laptop-15-cc1xx:41115/', 'http://itachi-HP-Pavilion-Laptop-15-cc1xx:42411/', 'http://itachi-HP-Pavilion-Laptop-15-cc1xx:34839/', 'http://localhost:46859/', 'http://itachi-HP-Pavilion-Laptop-15-cc1xx:38761/']
[rosmaster.master][INFO] 2019-11-24 21:35:38,129: +SUB [/clock] /drone_control http://itachi-HP-Pavilion-Laptop-15-cc1xx:38761/
[rosmaster.master][INFO] 2019-11-24 21:35:38,129: publisherUpdate[/rosout] -> http://itachi-HP-Pavilion-Laptop-15-cc1xx:44101/ ['http://itachi-HP-Pavilion-Laptop-15-cc1xx:36065/', 'http://itachi-HP-Pavilion-Laptop-15-cc1xx:45633/', 'http://itachi-HP-Pavilion-Laptop-15-cc1xx:35917/', 'http://itachi-HP-Pavilion-Laptop-15-cc1xx:39615/', 'http://itachi-HP-Pavilion-Laptop-15-cc1xx:44661/', 'http://itachi-HP-Pavilion-Laptop-15-cc1xx:41115/', 'http://itachi-HP-Pavilion-Laptop-15-cc1xx:42411/', 'http://itachi-HP-Pavilion-Laptop-15-cc1xx:34839/', 'http://localhost:46859/', 'http://itachi-HP-Pavilion-Laptop-15-cc1xx:38761/']: sec=0.00, result=[1, '', 0]
[rosmaster.master][INFO] 2019-11-24 21:35:38,132: +SERVICE [/drone_control/get_loggers] /drone_control http://itachi-HP-Pavilion-Laptop-15-cc1xx:38761/
[rosmaster.master][INFO] 2019-11-24 21:35:38,133: +SERVICE [/drone_control/set_logger_level] /drone_control http://itachi-HP-Pavilion-Laptop-15-cc1xx:38761/
[rosmaster.master][INFO] 2019-11-24 21:35:38,135: +PUB [/drone_command] /drone_control http://itachi-HP-Pavilion-Laptop-15-cc1xx:38761/
[rosmaster.master][INFO] 2019-11-24 21:35:38,137: +PUB [/alt_error] /drone_control http://itachi-HP-Pavilion-Laptop-15-cc1xx:38761/
[rosmaster.master][INFO] 2019-11-24 21:35:38,140: +PUB [/pitch_error] /drone_control http://itachi-HP-Pavilion-Laptop-15-cc1xx:38761/
[rosmaster.master][INFO] 2019-11-24 21:35:38,143: +PUB [/roll_error] /drone_control http://itachi-HP-Pavilion-Laptop-15-cc1xx:38761/
[rosmaster.master][INFO] 2019-11-24 21:35:38,146: publisherUpdate[/drone_command] -> http://itachi-HP-Pavilion-Laptop-15-cc1xx:36065/ ['http://itachi-HP-Pavilion-Laptop-15-cc1xx:38761/']
[rosmaster.master][INFO] 2019-11-24 21:35:38,146: +SUB [/whycon/poses] /drone_control http://itachi-HP-Pavilion-Laptop-15-cc1xx:38761/
[rosmaster.master][INFO] 2019-11-24 21:35:38,147: publisherUpdate[/drone_command] -> http://itachi-HP-Pavilion-Laptop-15-cc1xx:36065/ ['http://itachi-HP-Pavilion-Laptop-15-cc1xx:38761/']: sec=0.00, result=[1, '', 0]
[rosmaster.master][INFO] 2019-11-24 21:35:38,147: publisherUpdate[/alt_error] -> http://localhost:46859/ ['http://itachi-HP-Pavilion-Laptop-15-cc1xx:38761/']
[rosmaster.master][INFO] 2019-11-24 21:35:38,148: publisherUpdate[/alt_error] -> http://localhost:46859/ ['http://itachi-HP-Pavilion-Laptop-15-cc1xx:38761/']: sec=0.00, result=[1, '', 0]
[rosmaster.master][INFO] 2019-11-24 21:35:38,148: publisherUpdate[/pitch_error] -> http://localhost:46859/ ['http://itachi-HP-Pavilion-Laptop-15-cc1xx:38761/']
[rosmaster.master][INFO] 2019-11-24 21:35:38,149: publisherUpdate[/pitch_error] -> http://localhost:46859/ ['http://itachi-HP-Pavilion-Laptop-15-cc1xx:38761/']: sec=0.00, result=[1, '', 0]
[rosmaster.master][INFO] 2019-11-24 21:35:38,150: publisherUpdate[/roll_error] -> http://localhost:46859/ ['http://itachi-HP-Pavilion-Laptop-15-cc1xx:38761/']
[rosmaster.master][INFO] 2019-11-24 21:35:38,151: publisherUpdate[/roll_error] -> http://localhost:46859/ ['http://itachi-HP-Pavilion-Laptop-15-cc1xx:38761/']: sec=0.00, result=[1, '', 0]
[rosmaster.master][INFO] 2019-11-24 21:35:38,152: +SUB [/pid_tuning_altitude] /drone_control http://itachi-HP-Pavilion-Laptop-15-cc1xx:38761/
[rosmaster.master][INFO] 2019-11-24 21:35:38,159: +SUB [/pid_tuning_pitch] /drone_control http://itachi-HP-Pavilion-Laptop-15-cc1xx:38761/
[rosmaster.master][INFO] 2019-11-24 21:35:38,163: +SUB [/pid_tuning_roll] /drone_control http://itachi-HP-Pavilion-Laptop-15-cc1xx:38761/
[rosmaster.master][INFO] 2019-11-24 21:38:34,167: -SUB [/alt_error] /PlotJugglerListener_1574611506956889325 http://localhost:46859/
[rosmaster.master][INFO] 2019-11-24 21:38:34,170: -SUB [/pitch_error] /PlotJugglerListener_1574611506956889325 http://localhost:46859/
[rosmaster.master][INFO] 2019-11-24 21:38:34,171: -SUB [/roll_error] /PlotJugglerListener_1574611506956889325 http://localhost:46859/
[rosmaster.master][INFO] 2019-11-24 21:38:34,198: -SERVICE [/PlotJugglerListener_1574611506956889325/get_loggers] /PlotJugglerListener_1574611506956889325 rosrpc://localhost:40963
[rosmaster.master][INFO] 2019-11-24 21:38:34,199: -SERVICE [/PlotJugglerListener_1574611506956889325/set_logger_level] /PlotJugglerListener_1574611506956889325 rosrpc://localhost:40963
[rosmaster.master][INFO] 2019-11-24 21:38:34,234: -PUB [/rosout] /PlotJugglerListener_1574611506956889325 http://localhost:46859/
[rosmaster.master][INFO] 2019-11-24 21:38:34,236: -SUB [/clock] /PlotJugglerListener_1574611506956889325 http://localhost:46859/
[rosmaster.master][INFO] 2019-11-24 21:38:34,263: publisherUpdate[/rosout] -> http://itachi-HP-Pavilion-Laptop-15-cc1xx:44101/ ['http://itachi-HP-Pavilion-Laptop-15-cc1xx:36065/', 'http://itachi-HP-Pavilion-Laptop-15-cc1xx:45633/', 'http://itachi-HP-Pavilion-Laptop-15-cc1xx:35917/', 'http://itachi-HP-Pavilion-Laptop-15-cc1xx:39615/', 'http://itachi-HP-Pavilion-Laptop-15-cc1xx:44661/', 'http://itachi-HP-Pavilion-Laptop-15-cc1xx:41115/', 'http://itachi-HP-Pavilion-Laptop-15-cc1xx:42411/', 'http://itachi-HP-Pavilion-Laptop-15-cc1xx:34839/', 'http://itachi-HP-Pavilion-Laptop-15-cc1xx:38761/']
[rosmaster.master][INFO] 2019-11-24 21:38:34,265: publisherUpdate[/rosout] -> http://itachi-HP-Pavilion-Laptop-15-cc1xx:44101/ ['http://itachi-HP-Pavilion-Laptop-15-cc1xx:36065/', 'http://itachi-HP-Pavilion-Laptop-15-cc1xx:45633/', 'http://itachi-HP-Pavilion-Laptop-15-cc1xx:35917/', 'http://itachi-HP-Pavilion-Laptop-15-cc1xx:39615/', 'http://itachi-HP-Pavilion-Laptop-15-cc1xx:44661/', 'http://itachi-HP-Pavilion-Laptop-15-cc1xx:41115/', 'http://itachi-HP-Pavilion-Laptop-15-cc1xx:42411/', 'http://itachi-HP-Pavilion-Laptop-15-cc1xx:34839/', 'http://itachi-HP-Pavilion-Laptop-15-cc1xx:38761/']: sec=0.00, result=[1, '', 0]
[rosmaster.master][INFO] 2019-11-24 21:38:41,057: -SUB [/pid_tuning_pitch] /drone_control http://itachi-HP-Pavilion-Laptop-15-cc1xx:38761/
[rosmaster.master][INFO] 2019-11-24 21:38:41,057: -SUB [/clock] /drone_control http://itachi-HP-Pavilion-Laptop-15-cc1xx:38761/
[rosmaster.master][INFO] 2019-11-24 21:38:41,057: -SUB [/whycon/poses] /drone_control http://itachi-HP-Pavilion-Laptop-15-cc1xx:38761/
[rosmaster.master][INFO] 2019-11-24 21:38:41,058: -SUB [/pid_tuning_roll] /drone_control http://itachi-HP-Pavilion-Laptop-15-cc1xx:38761/
[rosmaster.master][INFO] 2019-11-24 21:38:41,058: -SUB [/pid_tuning_altitude] /drone_control http://itachi-HP-Pavilion-Laptop-15-cc1xx:38761/
[rosmaster.master][INFO] 2019-11-24 21:38:41,058: -PUB [/pitch_error] /drone_control http://itachi-HP-Pavilion-Laptop-15-cc1xx:38761/
[rosmaster.master][INFO] 2019-11-24 21:38:41,058: -PUB [/roll_error] /drone_control http://itachi-HP-Pavilion-Laptop-15-cc1xx:38761/
[rosmaster.master][INFO] 2019-11-24 21:38:41,058: -PUB [/rosout] /drone_control http://itachi-HP-Pavilion-Laptop-15-cc1xx:38761/
[rosmaster.master][INFO] 2019-11-24 21:38:41,058: -PUB [/alt_error] /drone_control http://itachi-HP-Pavilion-Laptop-15-cc1xx:38761/
[rosmaster.master][INFO] 2019-11-24 21:38:41,058: -PUB [/drone_command] /drone_control http://itachi-HP-Pavilion-Laptop-15-cc1xx:38761/
[rosmaster.master][INFO] 2019-11-24 21:38:41,058: -SERVICE [/drone_control/get_loggers] /drone_control rosrpc://itachi-HP-Pavilion-Laptop-15-cc1xx:42849
[rosmaster.master][INFO] 2019-11-24 21:38:41,058: -SERVICE [/drone_control/set_logger_level] /drone_control rosrpc://itachi-HP-Pavilion-Laptop-15-cc1xx:42849
[rosmaster.master][INFO] 2019-11-24 21:38:41,078: publisherUpdate[/rosout] -> http://itachi-HP-Pavilion-Laptop-15-cc1xx:44101/ ['http://itachi-HP-Pavilion-Laptop-15-cc1xx:36065/', 'http://itachi-HP-Pavilion-Laptop-15-cc1xx:45633/', 'http://itachi-HP-Pavilion-Laptop-15-cc1xx:35917/', 'http://itachi-HP-Pavilion-Laptop-15-cc1xx:39615/', 'http://itachi-HP-Pavilion-Laptop-15-cc1xx:44661/', 'http://itachi-HP-Pavilion-Laptop-15-cc1xx:41115/', 'http://itachi-HP-Pavilion-Laptop-15-cc1xx:42411/', 'http://itachi-HP-Pavilion-Laptop-15-cc1xx:34839/']
[rosmaster.master][INFO] 2019-11-24 21:38:41,080: publisherUpdate[/rosout] -> http://itachi-HP-Pavilion-Laptop-15-cc1xx:44101/ ['http://itachi-HP-Pavilion-Laptop-15-cc1xx:36065/', 'http://itachi-HP-Pavilion-Laptop-15-cc1xx:45633/', 'http://itachi-HP-Pavilion-Laptop-15-cc1xx:35917/', 'http://itachi-HP-Pavilion-Laptop-15-cc1xx:39615/', 'http://itachi-HP-Pavilion-Laptop-15-cc1xx:44661/', 'http://itachi-HP-Pavilion-Laptop-15-cc1xx:41115/', 'http://itachi-HP-Pavilion-Laptop-15-cc1xx:42411/', 'http://itachi-HP-Pavilion-Laptop-15-cc1xx:34839/']: sec=0.00, result=[1, '', 0]
[rosmaster.master][INFO] 2019-11-24 21:38:41,080: publisherUpdate[/drone_command] -> http://itachi-HP-Pavilion-Laptop-15-cc1xx:36065/ []
[rosmaster.master][INFO] 2019-11-24 21:38:41,081: publisherUpdate[/drone_command] -> http://itachi-HP-Pavilion-Laptop-15-cc1xx:36065/ []: sec=0.00, result=[1, '', 0]
[rosmaster.master][INFO] 2019-11-24 21:38:43,955: -SUB [/clock] /edrone/joint_state_publisher http://itachi-HP-Pavilion-Laptop-15-cc1xx:34839/
[rosmaster.master][INFO] 2019-11-24 21:38:43,955: -PUB [/edrone/joint_states] /edrone/joint_state_publisher http://itachi-HP-Pavilion-Laptop-15-cc1xx:34839/
[rosmaster.master][INFO] 2019-11-24 21:38:43,955: -PUB [/rosout] /edrone/joint_state_publisher http://itachi-HP-Pavilion-Laptop-15-cc1xx:34839/
[rosmaster.master][INFO] 2019-11-24 21:38:43,955: -SERVICE [/edrone/joint_state_publisher/set_logger_level] /edrone/joint_state_publisher rosrpc://itachi-HP-Pavilion-Laptop-15-cc1xx:36177
[rosmaster.master][INFO] 2019-11-24 21:38:43,955: -SERVICE [/edrone/joint_state_publisher/get_loggers] /edrone/joint_state_publisher rosrpc://itachi-HP-Pavilion-Laptop-15-cc1xx:36177
[rosmaster.master][INFO] 2019-11-24 21:38:43,976: -PUB [/rosout] /edrone/roll_pitch_yawrate_thrust_controller_node http://itachi-HP-Pavilion-Laptop-15-cc1xx:44661/
[rosmaster.master][INFO] 2019-11-24 21:38:43,977: -PUB [/edrone/command/motor_speed] /edrone/roll_pitch_yawrate_thrust_controller_node http://itachi-HP-Pavilion-Laptop-15-cc1xx:44661/
[rosmaster.master][INFO] 2019-11-24 21:38:43,978: -SUB [/clock] /edrone/roll_pitch_yawrate_thrust_controller_node http://itachi-HP-Pavilion-Laptop-15-cc1xx:44661/
[rosmaster.master][INFO] 2019-11-24 21:38:43,979: -SUB [/edrone/command/roll_pitch_yawrate_thrust] /edrone/roll_pitch_yawrate_thrust_controller_node http://itachi-HP-Pavilion-Laptop-15-cc1xx:44661/
[rosmaster.master][INFO] 2019-11-24 21:38:43,980: -SUB [/edrone/odometry_sensor1/odometry] /edrone/roll_pitch_yawrate_thrust_controller_node http://itachi-HP-Pavilion-Laptop-15-cc1xx:44661/
[rosmaster.master][INFO] 2019-11-24 21:38:43,981: -SERVICE [/edrone/roll_pitch_yawrate_thrust_controller_node/get_loggers] /edrone/roll_pitch_yawrate_thrust_controller_node rosrpc://itachi-HP-Pavilion-Laptop-15-cc1xx:44299
[rosmaster.master][INFO] 2019-11-24 21:38:43,982: -SERVICE [/edrone/roll_pitch_yawrate_thrust_controller_node/set_logger_level] /edrone/roll_pitch_yawrate_thrust_controller_node rosrpc://itachi-HP-Pavilion-Laptop-15-cc1xx:44299
[rosmaster.master][INFO] 2019-11-24 21:38:43,985: -PUB [/rosout] /edrone/rotors_edrone_interface http://itachi-HP-Pavilion-Laptop-15-cc1xx:36065/
[rosmaster.master][INFO] 2019-11-24 21:38:43,987: -PUB [/edrone/command/roll_pitch_yawrate_thrust] /edrone/rotors_edrone_interface http://itachi-HP-Pavilion-Laptop-15-cc1xx:36065/
[rosmaster.master][INFO] 2019-11-24 21:38:43,987: publisherUpdate[/edrone/joint_states] -> http://itachi-HP-Pavilion-Laptop-15-cc1xx:45633/ ['http://itachi-HP-Pavilion-Laptop-15-cc1xx:41115/']
[rosmaster.master][INFO] 2019-11-24 21:38:43,988: publisherUpdate[/edrone/joint_states] -> http://itachi-HP-Pavilion-Laptop-15-cc1xx:45633/ ['http://itachi-HP-Pavilion-Laptop-15-cc1xx:41115/']: sec=0.00, result=[0, 'Unknown Error', 0]
[rosmaster.master][INFO] 2019-11-24 21:38:43,989: -SUB [/clock] /edrone/rotors_edrone_interface http://itachi-HP-Pavilion-Laptop-15-cc1xx:36065/
[rosmaster.master][INFO] 2019-11-24 21:38:43,989: publisherUpdate[/rosout] -> http://itachi-HP-Pavilion-Laptop-15-cc1xx:44101/ ['http://itachi-HP-Pavilion-Laptop-15-cc1xx:36065/', 'http://itachi-HP-Pavilion-Laptop-15-cc1xx:45633/', 'http://itachi-HP-Pavilion-Laptop-15-cc1xx:35917/', 'http://itachi-HP-Pavilion-Laptop-15-cc1xx:39615/', 'http://itachi-HP-Pavilion-Laptop-15-cc1xx:44661/', 'http://itachi-HP-Pavilion-Laptop-15-cc1xx:41115/', 'http://itachi-HP-Pavilion-Laptop-15-cc1xx:42411/']
[rosmaster.master][INFO] 2019-11-24 21:38:43,990: -SUB [/drone_command] /edrone/rotors_edrone_interface http://itachi-HP-Pavilion-Laptop-15-cc1xx:36065/
[rosmaster.master][INFO] 2019-11-24 21:38:43,990: publisherUpdate[/rosout] -> http://itachi-HP-Pavilion-Laptop-15-cc1xx:44101/ ['http://itachi-HP-Pavilion-Laptop-15-cc1xx:36065/', 'http://itachi-HP-Pavilion-Laptop-15-cc1xx:45633/', 'http://itachi-HP-Pavilion-Laptop-15-cc1xx:35917/', 'http://itachi-HP-Pavilion-Laptop-15-cc1xx:39615/', 'http://itachi-HP-Pavilion-Laptop-15-cc1xx:44661/', 'http://itachi-HP-Pavilion-Laptop-15-cc1xx:41115/', 'http://itachi-HP-Pavilion-Laptop-15-cc1xx:42411/']: sec=0.00, result=[1, '', 0]
[rosmaster.master][INFO] 2019-11-24 21:38:43,991: publisherUpdate[/rosout] -> http://itachi-HP-Pavilion-Laptop-15-cc1xx:44101/ ['http://itachi-HP-Pavilion-Laptop-15-cc1xx:36065/', 'http://itachi-HP-Pavilion-Laptop-15-cc1xx:45633/', 'http://itachi-HP-Pavilion-Laptop-15-cc1xx:35917/', 'http://itachi-HP-Pavilion-Laptop-15-cc1xx:39615/', 'http://itachi-HP-Pavilion-Laptop-15-cc1xx:41115/', 'http://itachi-HP-Pavilion-Laptop-15-cc1xx:42411/']
[rosmaster.master][INFO] 2019-11-24 21:38:43,992: -SERVICE [/edrone/rotors_edrone_interface/get_loggers] /edrone/rotors_edrone_interface rosrpc://itachi-HP-Pavilion-Laptop-15-cc1xx:60775
[rosmaster.master][INFO] 2019-11-24 21:38:43,992: publisherUpdate[/rosout] -> http://itachi-HP-Pavilion-Laptop-15-cc1xx:44101/ ['http://itachi-HP-Pavilion-Laptop-15-cc1xx:36065/', 'http://itachi-HP-Pavilion-Laptop-15-cc1xx:45633/', 'http://itachi-HP-Pavilion-Laptop-15-cc1xx:35917/', 'http://itachi-HP-Pavilion-Laptop-15-cc1xx:39615/', 'http://itachi-HP-Pavilion-Laptop-15-cc1xx:41115/', 'http://itachi-HP-Pavilion-Laptop-15-cc1xx:42411/']: sec=0.00, result=[1, '', 0]
[rosmaster.master][INFO] 2019-11-24 21:38:43,993: publisherUpdate[/edrone/command/motor_speed] -> http://itachi-HP-Pavilion-Laptop-15-cc1xx:41115/ []
[rosmaster.master][INFO] 2019-11-24 21:38:43,993: -SERVICE [/edrone/rotors_edrone_interface/set_logger_level] /edrone/rotors_edrone_interface rosrpc://itachi-HP-Pavilion-Laptop-15-cc1xx:60775
[rosmaster.master][INFO] 2019-11-24 21:38:43,994: publisherUpdate[/edrone/command/motor_speed] -> http://itachi-HP-Pavilion-Laptop-15-cc1xx:41115/ []: sec=0.00, result=[1, '', 0]
[rosmaster.master][INFO] 2019-11-24 21:38:43,994: publisherUpdate[/rosout] -> http://itachi-HP-Pavilion-Laptop-15-cc1xx:44101/ ['http://itachi-HP-Pavilion-Laptop-15-cc1xx:45633/', 'http://itachi-HP-Pavilion-Laptop-15-cc1xx:35917/', 'http://itachi-HP-Pavilion-Laptop-15-cc1xx:39615/', 'http://itachi-HP-Pavilion-Laptop-15-cc1xx:41115/', 'http://itachi-HP-Pavilion-Laptop-15-cc1xx:42411/']
[rosmaster.master][INFO] 2019-11-24 21:38:43,995: publisherUpdate[/rosout] -> http://itachi-HP-Pavilion-Laptop-15-cc1xx:44101/ ['http://itachi-HP-Pavilion-Laptop-15-cc1xx:45633/', 'http://itachi-HP-Pavilion-Laptop-15-cc1xx:35917/', 'http://itachi-HP-Pavilion-Laptop-15-cc1xx:39615/', 'http://itachi-HP-Pavilion-Laptop-15-cc1xx:41115/', 'http://itachi-HP-Pavilion-Laptop-15-cc1xx:42411/']: sec=0.00, result=[1, '', 0]
[rosmaster.master][INFO] 2019-11-24 21:38:44,024: -PUB [/gazebo_gui/parameter_descriptions] /gazebo_gui http://itachi-HP-Pavilion-Laptop-15-cc1xx:42411/
[rosmaster.master][INFO] 2019-11-24 21:38:44,025: -PUB [/gazebo_gui/parameter_updates] /gazebo_gui http://itachi-HP-Pavilion-Laptop-15-cc1xx:42411/
[rosmaster.master][INFO] 2019-11-24 21:38:44,026: -SERVICE [/gazebo_gui/set_parameters] /gazebo_gui rosrpc://itachi-HP-Pavilion-Laptop-15-cc1xx:51795
[rosmaster.master][INFO] 2019-11-24 21:38:44,044: -PUB [/rosout] /whycon_display/image_view http://itachi-HP-Pavilion-Laptop-15-cc1xx:39615/
[rosmaster.master][INFO] 2019-11-24 21:38:44,045: -PUB [/whycon_display/image_view/output] /whycon_display/image_view http://itachi-HP-Pavilion-Laptop-15-cc1xx:39615/
[rosmaster.master][INFO] 2019-11-24 21:38:44,046: -PUB [/whycon_display/image_view/parameter_descriptions] /whycon_display/image_view http://itachi-HP-Pavilion-Laptop-15-cc1xx:39615/
[rosmaster.master][INFO] 2019-11-24 21:38:44,047: -PUB [/whycon_display/image_view/parameter_updates] /whycon_display/image_view http://itachi-HP-Pavilion-Laptop-15-cc1xx:39615/
[rosmaster.master][INFO] 2019-11-24 21:38:44,047: publisherUpdate[/rosout] -> http://itachi-HP-Pavilion-Laptop-15-cc1xx:44101/ ['http://itachi-HP-Pavilion-Laptop-15-cc1xx:45633/', 'http://itachi-HP-Pavilion-Laptop-15-cc1xx:35917/', 'http://itachi-HP-Pavilion-Laptop-15-cc1xx:41115/', 'http://itachi-HP-Pavilion-Laptop-15-cc1xx:42411/']
[rosmaster.master][INFO] 2019-11-24 21:38:44,048: -SUB [/clock] /whycon_display/image_view http://itachi-HP-Pavilion-Laptop-15-cc1xx:39615/
[rosmaster.master][INFO] 2019-11-24 21:38:44,048: publisherUpdate[/rosout] -> http://itachi-HP-Pavilion-Laptop-15-cc1xx:44101/ ['http://itachi-HP-Pavilion-Laptop-15-cc1xx:45633/', 'http://itachi-HP-Pavilion-Laptop-15-cc1xx:35917/', 'http://itachi-HP-Pavilion-Laptop-15-cc1xx:41115/', 'http://itachi-HP-Pavilion-Laptop-15-cc1xx:42411/']: sec=0.00, result=[1, '', 0]
[rosmaster.master][INFO] 2019-11-24 21:38:44,049: -SUB [/whycon/image_out] /whycon_display/image_view http://itachi-HP-Pavilion-Laptop-15-cc1xx:39615/
[rosmaster.master][INFO] 2019-11-24 21:38:44,050: -SERVICE [/whycon_display/image_view/get_loggers] /whycon_display/image_view rosrpc://itachi-HP-Pavilion-Laptop-15-cc1xx:38039
[rosmaster.master][INFO] 2019-11-24 21:38:44,050: -SERVICE [/whycon_display/image_view/set_logger_level] /whycon_display/image_view rosrpc://itachi-HP-Pavilion-Laptop-15-cc1xx:38039
[rosmaster.master][INFO] 2019-11-24 21:38:44,051: -SERVICE [/whycon_display/image_view/set_parameters] /whycon_display/image_view rosrpc://itachi-HP-Pavilion-Laptop-15-cc1xx:38039
[rosmaster.master][INFO] 2019-11-24 21:38:44,089: -PUB [/rosout] /edrone/robot_state_publisher http://itachi-HP-Pavilion-Laptop-15-cc1xx:45633/
[rosmaster.master][INFO] 2019-11-24 21:38:44,090: -PUB [/tf] /edrone/robot_state_publisher http://itachi-HP-Pavilion-Laptop-15-cc1xx:45633/
[rosmaster.master][INFO] 2019-11-24 21:38:44,091: -PUB [/tf_static] /edrone/robot_state_publisher http://itachi-HP-Pavilion-Laptop-15-cc1xx:45633/
[rosmaster.master][INFO] 2019-11-24 21:38:44,092: -SUB [/clock] /edrone/robot_state_publisher http://itachi-HP-Pavilion-Laptop-15-cc1xx:45633/
[rosmaster.master][INFO] 2019-11-24 21:38:44,093: -SUB [/edrone/joint_states] /edrone/robot_state_publisher http://itachi-HP-Pavilion-Laptop-15-cc1xx:45633/
[rosmaster.master][INFO] 2019-11-24 21:38:44,094: -SERVICE [/edrone/robot_state_publisher/get_loggers] /edrone/robot_state_publisher rosrpc://itachi-HP-Pavilion-Laptop-15-cc1xx:56219
[rosmaster.master][INFO] 2019-11-24 21:38:44,095: -SERVICE [/edrone/robot_state_publisher/set_logger_level] /edrone/robot_state_publisher rosrpc://itachi-HP-Pavilion-Laptop-15-cc1xx:56219
[rosmaster.master][INFO] 2019-11-24 21:38:44,095: publisherUpdate[/rosout] -> http://itachi-HP-Pavilion-Laptop-15-cc1xx:44101/ ['http://itachi-HP-Pavilion-Laptop-15-cc1xx:35917/', 'http://itachi-HP-Pavilion-Laptop-15-cc1xx:41115/', 'http://itachi-HP-Pavilion-Laptop-15-cc1xx:42411/']
[rosmaster.master][INFO] 2019-11-24 21:38:44,096: publisherUpdate[/rosout] -> http://itachi-HP-Pavilion-Laptop-15-cc1xx:44101/ ['http://itachi-HP-Pavilion-Laptop-15-cc1xx:35917/', 'http://itachi-HP-Pavilion-Laptop-15-cc1xx:41115/', 'http://itachi-HP-Pavilion-Laptop-15-cc1xx:42411/']: sec=0.00, result=[1, '', 0]
[rosmaster.master][INFO] 2019-11-24 21:38:44,127: -PUB [/rosout] /whycon http://itachi-HP-Pavilion-Laptop-15-cc1xx:35917/
[rosmaster.master][INFO] 2019-11-24 21:38:44,128: -PUB [/tf] /whycon http://itachi-HP-Pavilion-Laptop-15-cc1xx:35917/
[rosmaster.master][INFO] 2019-11-24 21:38:44,129: publisherUpdate[/rosout] -> http://itachi-HP-Pavilion-Laptop-15-cc1xx:44101/ ['http://itachi-HP-Pavilion-Laptop-15-cc1xx:41115/', 'http://itachi-HP-Pavilion-Laptop-15-cc1xx:42411/']
[rosmaster.master][INFO] 2019-11-24 21:38:44,129: -PUB [/whycon/image_out] /whycon http://itachi-HP-Pavilion-Laptop-15-cc1xx:35917/
[rosmaster.master][INFO] 2019-11-24 21:38:44,130: publisherUpdate[/rosout] -> http://itachi-HP-Pavilion-Laptop-15-cc1xx:44101/ ['http://itachi-HP-Pavilion-Laptop-15-cc1xx:41115/', 'http://itachi-HP-Pavilion-Laptop-15-cc1xx:42411/']: sec=0.00, result=[1, '', 0]
[rosmaster.master][INFO] 2019-11-24 21:38:44,130: -PUB [/whycon/poses] /whycon http://itachi-HP-Pavilion-Laptop-15-cc1xx:35917/
[rosmaster.master][INFO] 2019-11-24 21:38:44,131: -PUB [/whycon/context] /whycon http://itachi-HP-Pavilion-Laptop-15-cc1xx:35917/
[rosmaster.master][INFO] 2019-11-24 21:38:44,132: -PUB [/whycon/projection] /whycon http://itachi-HP-Pavilion-Laptop-15-cc1xx:35917/
[rosmaster.master][INFO] 2019-11-24 21:38:44,132: -SUB [/clock] /whycon http://itachi-HP-Pavilion-Laptop-15-cc1xx:35917/
[rosmaster.master][INFO] 2019-11-24 21:38:44,133: -SUB [/gazebo/overhead_cam/image_rect_color] /whycon http://itachi-HP-Pavilion-Laptop-15-cc1xx:35917/
[rosmaster.master][INFO] 2019-11-24 21:38:44,134: -SUB [/gazebo/overhead_cam/camera_info] /whycon http://itachi-HP-Pavilion-Laptop-15-cc1xx:35917/
[rosmaster.master][INFO] 2019-11-24 21:38:44,134: -SERVICE [/whycon/get_loggers] /whycon rosrpc://itachi-HP-Pavilion-Laptop-15-cc1xx:37369
[rosmaster.master][INFO] 2019-11-24 21:38:44,135: -SERVICE [/whycon/set_logger_level] /whycon rosrpc://itachi-HP-Pavilion-Laptop-15-cc1xx:37369
[rosmaster.master][INFO] 2019-11-24 21:38:44,136: -SERVICE [/whycon/reset] /whycon rosrpc://itachi-HP-Pavilion-Laptop-15-cc1xx:37369
[rosmaster.master][INFO] 2019-11-24 21:38:44,181: -SUB [/gazebo/set_link_state] /gazebo http://itachi-HP-Pavilion-Laptop-15-cc1xx:41115/
[rosmaster.master][INFO] 2019-11-24 21:38:44,182: -SUB [/gazebo/set_model_state] /gazebo http://itachi-HP-Pavilion-Laptop-15-cc1xx:41115/
[rosmaster.master][INFO] 2019-11-24 21:38:44,183: -PUB [/clock] /gazebo http://itachi-HP-Pavilion-Laptop-15-cc1xx:41115/
[rosmaster.master][INFO] 2019-11-24 21:38:44,183: -PUB [/gazebo/link_states] /gazebo http://itachi-HP-Pavilion-Laptop-15-cc1xx:41115/
[rosmaster.master][INFO] 2019-11-24 21:38:44,184: -PUB [/gazebo/model_states] /gazebo http://itachi-HP-Pavilion-Laptop-15-cc1xx:41115/
[rosmaster.master][INFO] 2019-11-24 21:38:44,185: -SERVICE [/gazebo/spawn_sdf_model] /gazebo rosrpc://itachi-HP-Pavilion-Laptop-15-cc1xx:48771
[rosmaster.master][INFO] 2019-11-24 21:38:44,186: -SERVICE [/gazebo/spawn_urdf_model] /gazebo rosrpc://itachi-HP-Pavilion-Laptop-15-cc1xx:48771
[rosmaster.master][INFO] 2019-11-24 21:38:44,187: -SERVICE [/gazebo/delete_model] /gazebo rosrpc://itachi-HP-Pavilion-Laptop-15-cc1xx:48771
[rosmaster.master][INFO] 2019-11-24 21:38:44,187: -SERVICE [/gazebo/delete_light] /gazebo rosrpc://itachi-HP-Pavilion-Laptop-15-cc1xx:48771
[rosmaster.master][INFO] 2019-11-24 21:38:44,188: -SERVICE [/gazebo/get_model_properties] /gazebo rosrpc://itachi-HP-Pavilion-Laptop-15-cc1xx:48771
[rosmaster.master][INFO] 2019-11-24 21:38:44,188: -SERVICE [/gazebo/get_model_state] /gazebo rosrpc://itachi-HP-Pavilion-Laptop-15-cc1xx:48771
[rosmaster.master][INFO] 2019-11-24 21:38:44,189: -SERVICE [/gazebo/get_world_properties] /gazebo rosrpc://itachi-HP-Pavilion-Laptop-15-cc1xx:48771
[rosmaster.master][INFO] 2019-11-24 21:38:44,190: -SERVICE [/gazebo/get_joint_properties] /gazebo rosrpc://itachi-HP-Pavilion-Laptop-15-cc1xx:48771
[rosmaster.master][INFO] 2019-11-24 21:38:44,191: -SERVICE [/gazebo/get_link_properties] /gazebo rosrpc://itachi-HP-Pavilion-Laptop-15-cc1xx:48771
[rosmaster.master][INFO] 2019-11-24 21:38:44,192: -SERVICE [/gazebo/get_link_state] /gazebo rosrpc://itachi-HP-Pavilion-Laptop-15-cc1xx:48771
[rosmaster.master][INFO] 2019-11-24 21:38:44,193: -SERVICE [/gazebo/get_light_properties] /gazebo rosrpc://itachi-HP-Pavilion-Laptop-15-cc1xx:48771
[rosmaster.master][INFO] 2019-11-24 21:38:44,193: -SERVICE [/gazebo/set_light_properties] /gazebo rosrpc://itachi-HP-Pavilion-Laptop-15-cc1xx:48771
[rosmaster.master][INFO] 2019-11-24 21:38:44,194: -SERVICE [/gazebo/get_physics_properties] /gazebo rosrpc://itachi-HP-Pavilion-Laptop-15-cc1xx:48771
[rosmaster.master][INFO] 2019-11-24 21:38:44,195: -SERVICE [/gazebo/set_link_properties] /gazebo rosrpc://itachi-HP-Pavilion-Laptop-15-cc1xx:48771
[rosmaster.master][INFO] 2019-11-24 21:38:44,195: -SERVICE [/gazebo/set_physics_properties] /gazebo rosrpc://itachi-HP-Pavilion-Laptop-15-cc1xx:48771
[rosmaster.master][INFO] 2019-11-24 21:38:44,196: publisherUpdate[/clock] -> http://itachi-HP-Pavilion-Laptop-15-cc1xx:44101/ []
[rosmaster.master][INFO] 2019-11-24 21:38:44,196: -SERVICE [/gazebo/set_model_state] /gazebo rosrpc://itachi-HP-Pavilion-Laptop-15-cc1xx:48771
[rosmaster.master][INFO] 2019-11-24 21:38:44,197: publisherUpdate[/clock] -> http://itachi-HP-Pavilion-Laptop-15-cc1xx:44101/ []: sec=0.00, result=[1, '', 0]
[rosmaster.master][INFO] 2019-11-24 21:38:44,197: publisherUpdate[/clock] -> http://itachi-HP-Pavilion-Laptop-15-cc1xx:41115/ []
[rosmaster.master][INFO] 2019-11-24 21:38:44,198: -SERVICE [/gazebo/set_model_configuration] /gazebo rosrpc://itachi-HP-Pavilion-Laptop-15-cc1xx:48771
[rosmaster.master][INFO] 2019-11-24 21:38:44,198: publisherUpdate[/clock] -> http://itachi-HP-Pavilion-Laptop-15-cc1xx:41115/ []: sec=0.00, result=[1, '', 0]
[rosmaster.master][INFO] 2019-11-24 21:38:44,198: publisherUpdate[/clock] -> http://itachi-HP-Pavilion-Laptop-15-cc1xx:42411/ []
[rosmaster.master][INFO] 2019-11-24 21:38:44,199: -SERVICE [/gazebo/set_joint_properties] /gazebo rosrpc://itachi-HP-Pavilion-Laptop-15-cc1xx:48771
[rosmaster.master][INFO] 2019-11-24 21:38:44,199: publisherUpdate[/clock] -> http://itachi-HP-Pavilion-Laptop-15-cc1xx:42411/ []: sec=0.00, result=[0, 'Unknown Error', 0]
[rosmaster.master][INFO] 2019-11-24 21:38:44,200: -SERVICE [/gazebo/set_link_state] /gazebo rosrpc://itachi-HP-Pavilion-Laptop-15-cc1xx:48771
[rosmaster.master][INFO] 2019-11-24 21:38:44,200: -SERVICE [/gazebo/pause_physics] /gazebo rosrpc://itachi-HP-Pavilion-Laptop-15-cc1xx:48771
[rosmaster.master][INFO] 2019-11-24 21:38:44,201: -SERVICE [/gazebo/unpause_physics] /gazebo rosrpc://itachi-HP-Pavilion-Laptop-15-cc1xx:48771
[rosmaster.master][INFO] 2019-11-24 21:38:44,202: -SERVICE [/gazebo/apply_body_wrench] /gazebo rosrpc://itachi-HP-Pavilion-Laptop-15-cc1xx:48771
[rosmaster.master][INFO] 2019-11-24 21:38:44,202: -SERVICE [/gazebo/apply_joint_effort] /gazebo rosrpc://itachi-HP-Pavilion-Laptop-15-cc1xx:48771
[rosmaster.master][INFO] 2019-11-24 21:38:44,203: -SERVICE [/gazebo/clear_joint_forces] /gazebo rosrpc://itachi-HP-Pavilion-Laptop-15-cc1xx:48771
[rosmaster.master][INFO] 2019-11-24 21:38:44,203: -SERVICE [/gazebo/clear_body_wrenches] /gazebo rosrpc://itachi-HP-Pavilion-Laptop-15-cc1xx:48771
[rosmaster.master][INFO] 2019-11-24 21:38:44,204: -SERVICE [/gazebo/reset_simulation] /gazebo rosrpc://itachi-HP-Pavilion-Laptop-15-cc1xx:48771
[rosmaster.master][INFO] 2019-11-24 21:38:44,205: -SERVICE [/gazebo/reset_world] /gazebo rosrpc://itachi-HP-Pavilion-Laptop-15-cc1xx:48771
[rosmaster.master][INFO] 2019-11-24 21:38:44,206: -PUB [/gazebo/parameter_descriptions] /gazebo http://itachi-HP-Pavilion-Laptop-15-cc1xx:41115/
[rosmaster.master][INFO] 2019-11-24 21:38:44,207: -PUB [/gazebo/parameter_updates] /gazebo http://itachi-HP-Pavilion-Laptop-15-cc1xx:41115/
[rosmaster.master][INFO] 2019-11-24 21:38:44,208: -SERVICE [/gazebo/set_parameters] /gazebo rosrpc://itachi-HP-Pavilion-Laptop-15-cc1xx:48771
[rosmaster.master][INFO] 2019-11-24 21:38:44,209: -SUB [/edrone/gazebo/command/motor_speed] /gazebo http://itachi-HP-Pavilion-Laptop-15-cc1xx:41115/
[rosmaster.master][INFO] 2019-11-24 21:38:44,210: -SUB [/edrone/wind_speed] /gazebo http://itachi-HP-Pavilion-Laptop-15-cc1xx:41115/
[rosmaster.master][INFO] 2019-11-24 21:38:44,211: -SUB [/edrone/command/motor_speed] /gazebo http://itachi-HP-Pavilion-Laptop-15-cc1xx:41115/
[rosmaster.master][INFO] 2019-11-24 21:38:44,212: -PUB [/edrone/motor_speed] /gazebo http://itachi-HP-Pavilion-Laptop-15-cc1xx:41115/
[rosmaster.master][INFO] 2019-11-24 21:38:44,212: -PUB [/edrone/joint_states] /gazebo http://itachi-HP-Pavilion-Laptop-15-cc1xx:41115/
[rosmaster.master][INFO] 2019-11-24 21:38:44,214: -PUB [/edrone/motor_speed/0] /gazebo http://itachi-HP-Pavilion-Laptop-15-cc1xx:41115/
[rosmaster.master][INFO] 2019-11-24 21:38:44,215: -PUB [/edrone/motor_speed/1] /gazebo http://itachi-HP-Pavilion-Laptop-15-cc1xx:41115/
[rosmaster.master][INFO] 2019-11-24 21:38:44,215: -PUB [/edrone/motor_speed/2] /gazebo http://itachi-HP-Pavilion-Laptop-15-cc1xx:41115/
[rosmaster.master][INFO] 2019-11-24 21:38:44,216: -PUB [/edrone/motor_speed/3] /gazebo http://itachi-HP-Pavilion-Laptop-15-cc1xx:41115/
[rosmaster.master][INFO] 2019-11-24 21:38:44,218: -PUB [/edrone/gazebo/command/motor_speed] /gazebo http://itachi-HP-Pavilion-Laptop-15-cc1xx:41115/
[rosmaster.master][INFO] 2019-11-24 21:38:44,219: -PUB [/edrone/imu] /gazebo http://itachi-HP-Pavilion-Laptop-15-cc1xx:41115/
[rosmaster.master][INFO] 2019-11-24 21:38:44,220: -PUB [/edrone/ground_truth/imu] /gazebo http://itachi-HP-Pavilion-Laptop-15-cc1xx:41115/
[rosmaster.master][INFO] 2019-11-24 21:38:44,220: -PUB [/edrone/ground_truth/pose] /gazebo http://itachi-HP-Pavilion-Laptop-15-cc1xx:41115/
[rosmaster.master][INFO] 2019-11-24 21:38:44,221: -PUB [/edrone/ground_truth/pose_with_covariance] /gazebo http://itachi-HP-Pavilion-Laptop-15-cc1xx:41115/
[rosmaster.master][INFO] 2019-11-24 21:38:44,222: -PUB [/edrone/ground_truth/position] /gazebo http://itachi-HP-Pavilion-Laptop-15-cc1xx:41115/
[rosmaster.master][INFO] 2019-11-24 21:38:44,223: -PUB [/edrone/ground_truth/odometry] /gazebo http://itachi-HP-Pavilion-Laptop-15-cc1xx:41115/
[rosmaster.master][INFO] 2019-11-24 21:38:44,224: -PUB [/edrone/ground_truth/transform] /gazebo http://itachi-HP-Pavilion-Laptop-15-cc1xx:41115/
[rosmaster.master][INFO] 2019-11-24 21:38:44,225: -PUB [/edrone/odometry_sensor1/pose] /gazebo http://itachi-HP-Pavilion-Laptop-15-cc1xx:41115/
[rosmaster.master][INFO] 2019-11-24 21:38:44,226: -PUB [/edrone/odometry_sensor1/pose_with_covariance] /gazebo http://itachi-HP-Pavilion-Laptop-15-cc1xx:41115/
[rosmaster.master][INFO] 2019-11-24 21:38:44,227: -PUB [/edrone/odometry_sensor1/position] /gazebo http://itachi-HP-Pavilion-Laptop-15-cc1xx:41115/
[rosmaster.master][INFO] 2019-11-24 21:38:44,227: -PUB [/edrone/odometry_sensor1/odometry] /gazebo http://itachi-HP-Pavilion-Laptop-15-cc1xx:41115/
[rosmaster.master][INFO] 2019-11-24 21:38:44,228: -PUB [/edrone/odometry_sensor1/transform] /gazebo http://itachi-HP-Pavilion-Laptop-15-cc1xx:41115/
[rosmaster.master][INFO] 2019-11-24 21:38:44,229: -PUB [/tf] /gazebo http://itachi-HP-Pavilion-Laptop-15-cc1xx:41115/
[rosmaster.master][INFO] 2019-11-24 21:38:44,301: -PUB [/rosout] /gazebo_gui http://itachi-HP-Pavilion-Laptop-15-cc1xx:42411/
[rosmaster.master][INFO] 2019-11-24 21:38:44,303: -SUB [/clock] /gazebo_gui http://itachi-HP-Pavilion-Laptop-15-cc1xx:42411/
[rosmaster.master][INFO] 2019-11-24 21:38:44,306: -SERVICE [/gazebo_gui/get_loggers] /gazebo_gui rosrpc://itachi-HP-Pavilion-Laptop-15-cc1xx:51795
[rosmaster.master][INFO] 2019-11-24 21:38:44,308: -SERVICE [/gazebo_gui/set_logger_level] /gazebo_gui rosrpc://itachi-HP-Pavilion-Laptop-15-cc1xx:51795
[rosmaster.master][INFO] 2019-11-24 21:38:44,330: publisherUpdate[/rosout] -> http://itachi-HP-Pavilion-Laptop-15-cc1xx:44101/ ['http://itachi-HP-Pavilion-Laptop-15-cc1xx:41115/']
[rosmaster.master][INFO] 2019-11-24 21:38:44,332: publisherUpdate[/rosout] -> http://itachi-HP-Pavilion-Laptop-15-cc1xx:44101/ ['http://itachi-HP-Pavilion-Laptop-15-cc1xx:41115/']: sec=0.00, result=[1, '', 0]
[rosmaster.master][INFO] 2019-11-24 21:38:59,165: -PUB [/rosout_agg] /rosout http://itachi-HP-Pavilion-Laptop-15-cc1xx:44101/
[rosmaster.master][INFO] 2019-11-24 21:38:59,166: -SUB [/clock] /rosout http://itachi-HP-Pavilion-Laptop-15-cc1xx:44101/
[rosmaster.master][INFO] 2019-11-24 21:38:59,167: -SUB [/rosout] /rosout http://itachi-HP-Pavilion-Laptop-15-cc1xx:44101/
[rosmaster.master][INFO] 2019-11-24 21:38:59,167: -SERVICE [/rosout/get_loggers] /rosout rosrpc://itachi-HP-Pavilion-Laptop-15-cc1xx:44215
[rosmaster.master][INFO] 2019-11-24 21:38:59,168: -SERVICE [/rosout/set_logger_level] /rosout rosrpc://itachi-HP-Pavilion-Laptop-15-cc1xx:44215
[rosmaster.main][INFO] 2019-11-24 21:38:59,222: keyboard interrupt, will exit
[rosmaster.main][INFO] 2019-11-24 21:38:59,223: stopping master...
[rospy.core][INFO] 2019-11-24 21:38:59,223: signal_shutdown [atexit]
