[rospy.client][INFO] 2020-02-27 15:11:46,822: init_node, name[/monitor_org_config], pid[27113]
[xmlrpc][INFO] 2020-02-27 15:11:46,822: XML-RPC server binding to 0.0.0.0:0
[xmlrpc][INFO] 2020-02-27 15:11:46,823: Started XML-RPC server [http://itachi-HP-Pavilion-Laptop-15-cc1xx:40941/]
[rospy.init][INFO] 2020-02-27 15:11:46,823: ROS Slave URI: [http://itachi-HP-Pavilion-Laptop-15-cc1xx:40941/]
[rospy.impl.masterslave][INFO] 2020-02-27 15:11:46,823: _ready: http://itachi-HP-Pavilion-Laptop-15-cc1xx:40941/
[rospy.registration][INFO] 2020-02-27 15:11:46,824: Registering with master node http://localhost:11311
[xmlrpc][INFO] 2020-02-27 15:11:46,825: xml rpc node: starting XML-RPC server
[rospy.init][INFO] 2020-02-27 15:11:46,924: registered with master
[rospy.rosout][INFO] 2020-02-27 15:11:46,924: initializing /rosout core topic
[rospy.rosout][INFO] 2020-02-27 15:11:46,929: connected to core topic /rosout
[rospy.simtime][INFO] 2020-02-27 15:11:46,930: /use_sim_time is not set, will not subscribe to simulated time [/clock] topic
[rospy.internal][INFO] 2020-02-27 15:11:46,996: topic[/whycon/poses] adding connection to [http://itachi-HP-Pavilion-Laptop-15-cc1xx:38061/], count 0
[rospy.internal][INFO] 2020-02-27 15:11:47,049: topic[/stats_sr] adding connection to [/rostopic_25852_1582796435938], count 0
[rospy.internal][INFO] 2020-02-27 15:11:47,054: topic[/led_control_topic] adding connection to [/serial_node], count 0
[rospy.internal][INFO] 2020-02-27 15:11:47,164: topic[/detection_info] adding connection to [http://itachi-HP-Pavilion-Laptop-15-cc1xx:45075/], count 0
[rospy.internal][INFO] 2020-02-27 15:11:47,229: topic[/rosout] adding connection to [/rosout], count 0
[rospy.internal][INFO] 2020-02-27 15:11:49,119: topic[/serviced_info] adding connection to [/sr_scheduler], count 0
[rospy.internal][INFO] 2020-02-27 15:11:49,170: topic[/decision_info] adding connection to [http://itachi-HP-Pavilion-Laptop-15-cc1xx:33757/], count 0
[rospy.internal][INFO] 2020-02-27 15:12:55,511: topic[/serviced_info] adding connection to [/rostopic_27313_1582796575284], count 1
[rospy.core][INFO] 2020-02-27 15:12:59,868: signal_shutdown [signal-2]
[rospy.internal][WARNING] 2020-02-27 15:12:59,877: Unknown error initiating TCP/IP socket to itachi-HP-Pavilion-Laptop-15-cc1xx:44253 (http://itachi-HP-Pavilion-Laptop-15-cc1xx:45075/): Traceback (most recent call last):
  File "/opt/ros/kinetic/lib/python2.7/dist-packages/rospy/impl/tcpros_base.py", line 557, in connect
    self.read_header()
  File "/opt/ros/kinetic/lib/python2.7/dist-packages/rospy/impl/tcpros_base.py", line 650, in read_header
    self._validate_header(read_ros_handshake_header(sock, self.read_buff, self.protocol.buff_size))
  File "/opt/ros/kinetic/lib/python2.7/dist-packages/rosgraph/network.py", line 362, in read_ros_handshake_header
    d = sock.recv(buff_size)
error: [Errno 104] Connection reset by peer

[rospy.internal][INFO] 2020-02-27 15:12:59,878: topic[/detection_info] removing connection to http://itachi-HP-Pavilion-Laptop-15-cc1xx:45075/
[rospy.internal][INFO] 2020-02-27 15:13:00,033: topic[/serviced_info] removing connection to /sr_scheduler
[rospy.internal][INFO] 2020-02-27 15:13:00,033: topic[/serviced_info] removing connection to /rostopic_27313_1582796575284
[rospy.internal][INFO] 2020-02-27 15:13:00,034: topic[/rosout] removing connection to /rosout
[rospy.internal][INFO] 2020-02-27 15:13:00,034: topic[/stats_sr] removing connection to /rostopic_25852_1582796435938
[rospy.internal][INFO] 2020-02-27 15:13:00,034: topic[/led_control_topic] removing connection to /serial_node
[rospy.internal][INFO] 2020-02-27 15:13:00,034: topic[/whycon/poses] removing connection to http://itachi-HP-Pavilion-Laptop-15-cc1xx:38061/
[rospy.internal][INFO] 2020-02-27 15:13:00,037: topic[/decision_info] removing connection to http://itachi-HP-Pavilion-Laptop-15-cc1xx:33757/
[rospy.impl.masterslave][INFO] 2020-02-27 15:13:00,037: signal-2
[rospy.core][INFO] 2020-02-27 15:13:00,202: signal_shutdown [atexit]
[rospy.client][INFO] 2020-02-27 15:13:24,073: init_node, name[/monitor_org_config], pid[27430]
[xmlrpc][INFO] 2020-02-27 15:13:24,074: XML-RPC server binding to 0.0.0.0:0
[xmlrpc][INFO] 2020-02-27 15:13:24,075: Started XML-RPC server [http://itachi-HP-Pavilion-Laptop-15-cc1xx:34735/]
[rospy.init][INFO] 2020-02-27 15:13:24,075: ROS Slave URI: [http://itachi-HP-Pavilion-Laptop-15-cc1xx:34735/]
[rospy.impl.masterslave][INFO] 2020-02-27 15:13:24,075: _ready: http://itachi-HP-Pavilion-Laptop-15-cc1xx:34735/
[rospy.registration][INFO] 2020-02-27 15:13:24,076: Registering with master node http://localhost:11311
[xmlrpc][INFO] 2020-02-27 15:13:24,076: xml rpc node: starting XML-RPC server
[rospy.init][INFO] 2020-02-27 15:13:24,176: registered with master
[rospy.rosout][INFO] 2020-02-27 15:13:24,176: initializing /rosout core topic
[rospy.rosout][INFO] 2020-02-27 15:13:24,184: connected to core topic /rosout
[rospy.simtime][INFO] 2020-02-27 15:13:24,186: /use_sim_time is not set, will not subscribe to simulated time [/clock] topic
[rospy.internal][INFO] 2020-02-27 15:13:24,292: topic[/whycon/poses] adding connection to [http://itachi-HP-Pavilion-Laptop-15-cc1xx:38061/], count 0
[rospy.internal][INFO] 2020-02-27 15:13:24,362: topic[/detection_info] adding connection to [http://itachi-HP-Pavilion-Laptop-15-cc1xx:38003/], count 0
[rospy.internal][INFO] 2020-02-27 15:13:24,367: topic[/led_control_topic] adding connection to [/serial_node], count 0
[rospy.internal][INFO] 2020-02-27 15:13:24,379: topic[/serviced_info] adding connection to [/rostopic_27377_1582796593800], count 0
[rospy.internal][INFO] 2020-02-27 15:13:24,383: topic[/stats_sr] adding connection to [/rostopic_27396_1582796598205], count 0
[rospy.internal][INFO] 2020-02-27 15:13:24,451: topic[/rosout] adding connection to [/rosout], count 0
[rospy.internal][INFO] 2020-02-27 15:13:29,595: topic[/serviced_info] adding connection to [/sr_scheduler], count 1
[rospy.internal][INFO] 2020-02-27 15:13:29,689: topic[/decision_info] adding connection to [http://itachi-HP-Pavilion-Laptop-15-cc1xx:38537/], count 0
[rospy.core][INFO] 2020-02-27 15:16:29,874: signal_shutdown [signal-2]
[rospy.internal][INFO] 2020-02-27 15:16:30,033: topic[/serviced_info] removing connection to /rostopic_27377_1582796593800
[rospy.internal][INFO] 2020-02-27 15:16:30,034: topic[/serviced_info] removing connection to /sr_scheduler
[rospy.internal][INFO] 2020-02-27 15:16:30,035: topic[/rosout] removing connection to /rosout
[rospy.internal][INFO] 2020-02-27 15:16:30,035: topic[/stats_sr] removing connection to /rostopic_27396_1582796598205
[rospy.internal][INFO] 2020-02-27 15:16:30,036: topic[/led_control_topic] removing connection to /serial_node
[rospy.internal][INFO] 2020-02-27 15:16:30,036: topic[/whycon/poses] removing connection to http://itachi-HP-Pavilion-Laptop-15-cc1xx:38061/
[rospy.internal][INFO] 2020-02-27 15:16:30,036: topic[/detection_info] removing connection to http://itachi-HP-Pavilion-Laptop-15-cc1xx:38003/
[rospy.internal][INFO] 2020-02-27 15:16:30,037: topic[/decision_info] removing connection to http://itachi-HP-Pavilion-Laptop-15-cc1xx:38537/
[rospy.impl.masterslave][INFO] 2020-02-27 15:16:30,037: signal-2
[rospy.internal][WARNING] 2020-02-27 15:16:30,041: Unknown error initiating TCP/IP socket to itachi-HP-Pavilion-Laptop-15-cc1xx:41829 (http://itachi-HP-Pavilion-Laptop-15-cc1xx:38061/): Traceback (most recent call last):
  File "/opt/ros/kinetic/lib/python2.7/dist-packages/rospy/impl/tcpros_base.py", line 558, in connect
    self.local_endpoint = self.socket.getsockname()
AttributeError: 'NoneType' object has no attribute 'getsockname'

[rospy.core][INFO] 2020-02-27 15:16:30,173: signal_shutdown [atexit]
[rospy.client][INFO] 2020-02-27 15:18:11,337: init_node, name[/monitor_org_config], pid[27943]
[xmlrpc][INFO] 2020-02-27 15:18:11,338: XML-RPC server binding to 0.0.0.0:0
[xmlrpc][INFO] 2020-02-27 15:18:11,338: Started XML-RPC server [http://itachi-HP-Pavilion-Laptop-15-cc1xx:42557/]
[rospy.init][INFO] 2020-02-27 15:18:11,338: ROS Slave URI: [http://itachi-HP-Pavilion-Laptop-15-cc1xx:42557/]
[rospy.impl.masterslave][INFO] 2020-02-27 15:18:11,338: _ready: http://itachi-HP-Pavilion-Laptop-15-cc1xx:42557/
[rospy.registration][INFO] 2020-02-27 15:18:11,339: Registering with master node http://localhost:11311
[xmlrpc][INFO] 2020-02-27 15:18:11,339: xml rpc node: starting XML-RPC server
[rospy.init][INFO] 2020-02-27 15:18:11,439: registered with master
[rospy.rosout][INFO] 2020-02-27 15:18:11,439: initializing /rosout core topic
[rospy.rosout][INFO] 2020-02-27 15:18:11,444: connected to core topic /rosout
[rospy.simtime][INFO] 2020-02-27 15:18:11,446: /use_sim_time is not set, will not subscribe to simulated time [/clock] topic
[rospy.internal][INFO] 2020-02-27 15:18:11,513: topic[/whycon/poses] adding connection to [http://itachi-HP-Pavilion-Laptop-15-cc1xx:38061/], count 0
[rospy.internal][INFO] 2020-02-27 15:18:11,572: topic[/stats_sr] adding connection to [/rostopic_27396_1582796598205], count 0
[rospy.internal][INFO] 2020-02-27 15:18:11,574: topic[/led_control_topic] adding connection to [/serial_node], count 0
[rospy.internal][INFO] 2020-02-27 15:18:11,575: topic[/serviced_info] adding connection to [/rostopic_27887_1582796868842], count 0
[rospy.internal][INFO] 2020-02-27 15:18:11,654: topic[/rosout] adding connection to [/rosout], count 0
[rospy.internal][INFO] 2020-02-27 15:18:11,680: topic[/detection_info] adding connection to [http://itachi-HP-Pavilion-Laptop-15-cc1xx:34569/], count 0
[rospy.internal][INFO] 2020-02-27 15:18:47,122: topic[/stats_sr] removing connection to /rostopic_27396_1582796598205
[rospy.core][INFO] 2020-02-27 15:21:17,131: signal_shutdown [signal-2]
[rospy.internal][INFO] 2020-02-27 15:21:17,289: topic[/serviced_info] removing connection to /rostopic_27887_1582796868842
[rospy.internal][INFO] 2020-02-27 15:21:17,289: topic[/rosout] removing connection to /rosout
[rospy.internal][INFO] 2020-02-27 15:21:17,290: topic[/led_control_topic] removing connection to /serial_node
[rospy.internal][INFO] 2020-02-27 15:21:17,290: topic[/whycon/poses] removing connection to http://itachi-HP-Pavilion-Laptop-15-cc1xx:38061/
[rospy.internal][INFO] 2020-02-27 15:21:17,290: topic[/detection_info] removing connection to http://itachi-HP-Pavilion-Laptop-15-cc1xx:34569/
[rospy.internal][WARNING] 2020-02-27 15:21:17,291: Unknown error initiating TCP/IP socket to itachi-HP-Pavilion-Laptop-15-cc1xx:34813 (http://itachi-HP-Pavilion-Laptop-15-cc1xx:34569/): Traceback (most recent call last):
  File "/opt/ros/kinetic/lib/python2.7/dist-packages/rospy/impl/tcpros_base.py", line 557, in connect
    self.read_header()
  File "/opt/ros/kinetic/lib/python2.7/dist-packages/rospy/impl/tcpros_base.py", line 650, in read_header
    self._validate_header(read_ros_handshake_header(sock, self.read_buff, self.protocol.buff_size))
AttributeError: 'NoneType' object has no attribute 'buff_size'

[rospy.topics][ERROR] 2020-02-27 15:21:17,291: Traceback (most recent call last):
  File "/opt/ros/kinetic/lib/python2.7/dist-packages/rospy/topics.py", line 326, in close
    c.close()
  File "/opt/ros/kinetic/lib/python2.7/dist-packages/rospy/impl/tcpros_base.py", line 838, in close
    self.socket.close()
AttributeError: 'NoneType' object has no attribute 'close'

[rospy.impl.masterslave][INFO] 2020-02-27 15:21:17,292: signal-2
[rospy.core][INFO] 2020-02-27 15:21:17,906: signal_shutdown [atexit]
[rospy.client][INFO] 2020-02-27 15:21:36,778: init_node, name[/monitor_org_config], pid[28235]
[xmlrpc][INFO] 2020-02-27 15:21:36,779: XML-RPC server binding to 0.0.0.0:0
[xmlrpc][INFO] 2020-02-27 15:21:36,779: Started XML-RPC server [http://itachi-HP-Pavilion-Laptop-15-cc1xx:39523/]
[rospy.init][INFO] 2020-02-27 15:21:36,779: ROS Slave URI: [http://itachi-HP-Pavilion-Laptop-15-cc1xx:39523/]
[rospy.impl.masterslave][INFO] 2020-02-27 15:21:36,779: _ready: http://itachi-HP-Pavilion-Laptop-15-cc1xx:39523/
[rospy.registration][INFO] 2020-02-27 15:21:36,781: Registering with master node http://localhost:11311
[xmlrpc][INFO] 2020-02-27 15:21:36,781: xml rpc node: starting XML-RPC server
[rospy.init][INFO] 2020-02-27 15:21:36,880: registered with master
[rospy.rosout][INFO] 2020-02-27 15:21:36,880: initializing /rosout core topic
[rospy.rosout][INFO] 2020-02-27 15:21:36,886: connected to core topic /rosout
[rospy.simtime][INFO] 2020-02-27 15:21:36,888: /use_sim_time is not set, will not subscribe to simulated time [/clock] topic
[rospy.internal][INFO] 2020-02-27 15:21:36,998: topic[/whycon/poses] adding connection to [http://itachi-HP-Pavilion-Laptop-15-cc1xx:38061/], count 0
[rospy.internal][INFO] 2020-02-27 15:21:37,041: topic[/rosout] adding connection to [/rosout], count 0
[rospy.internal][INFO] 2020-02-27 15:21:37,044: topic[/stats_sr] adding connection to [/rostopic_28187_1582797088718], count 0
[rospy.internal][INFO] 2020-02-27 15:21:37,061: topic[/led_control_topic] adding connection to [/serial_node], count 0
[rospy.internal][INFO] 2020-02-27 15:21:37,092: topic[/serviced_info] adding connection to [/rostopic_27887_1582796868842], count 0
[rospy.internal][INFO] 2020-02-27 15:21:37,168: topic[/detection_info] adding connection to [http://itachi-HP-Pavilion-Laptop-15-cc1xx:41531/], count 0
[rospy.core][INFO] 2020-02-27 15:23:59,955: signal_shutdown [signal-2]
[rospy.internal][ERROR] 2020-02-27 15:23:59,960: Unable to initiate TCP/IP socket to itachi-HP-Pavilion-Laptop-15-cc1xx:44167 (http://itachi-HP-Pavilion-Laptop-15-cc1xx:41531/): Traceback (most recent call last):
  File "/opt/ros/kinetic/lib/python2.7/dist-packages/rospy/impl/tcpros_base.py", line 557, in connect
    self.read_header()
  File "/opt/ros/kinetic/lib/python2.7/dist-packages/rospy/impl/tcpros_base.py", line 650, in read_header
    self._validate_header(read_ros_handshake_header(sock, self.read_buff, self.protocol.buff_size))
  File "/opt/ros/kinetic/lib/python2.7/dist-packages/rospy/impl/tcpros_base.py", line 593, in _validate_header
    raise TransportInitError("remote error reported: %s"%header['error'])
TransportInitError: remote error reported: node shutting down

[rospy.internal][INFO] 2020-02-27 15:24:00,124: topic[/serviced_info] removing connection to /rostopic_27887_1582796868842
[rospy.internal][INFO] 2020-02-27 15:24:00,125: topic[/rosout] removing connection to /rosout
[rospy.internal][INFO] 2020-02-27 15:24:00,125: topic[/stats_sr] removing connection to /rostopic_28187_1582797088718
[rospy.internal][INFO] 2020-02-27 15:24:00,125: topic[/led_control_topic] removing connection to /serial_node
[rospy.internal][INFO] 2020-02-27 15:24:00,126: topic[/whycon/poses] removing connection to http://itachi-HP-Pavilion-Laptop-15-cc1xx:38061/
[rospy.internal][INFO] 2020-02-27 15:24:00,127: topic[/detection_info] removing connection to http://itachi-HP-Pavilion-Laptop-15-cc1xx:41531/
[rospy.impl.masterslave][INFO] 2020-02-27 15:24:00,127: signal-2
[rospy.core][INFO] 2020-02-27 15:24:00,291: signal_shutdown [atexit]
[rospy.client][INFO] 2020-02-27 15:24:02,864: init_node, name[/monitor_org_config], pid[28451]
[xmlrpc][INFO] 2020-02-27 15:24:02,865: XML-RPC server binding to 0.0.0.0:0
[xmlrpc][INFO] 2020-02-27 15:24:02,866: Started XML-RPC server [http://itachi-HP-Pavilion-Laptop-15-cc1xx:34885/]
[rospy.init][INFO] 2020-02-27 15:24:02,866: ROS Slave URI: [http://itachi-HP-Pavilion-Laptop-15-cc1xx:34885/]
[rospy.impl.masterslave][INFO] 2020-02-27 15:24:02,866: _ready: http://itachi-HP-Pavilion-Laptop-15-cc1xx:34885/
[rospy.registration][INFO] 2020-02-27 15:24:02,867: Registering with master node http://localhost:11311
[xmlrpc][INFO] 2020-02-27 15:24:02,867: xml rpc node: starting XML-RPC server
[rospy.init][INFO] 2020-02-27 15:24:02,967: registered with master
[rospy.rosout][INFO] 2020-02-27 15:24:02,967: initializing /rosout core topic
[rospy.rosout][INFO] 2020-02-27 15:24:02,975: connected to core topic /rosout
[rospy.simtime][INFO] 2020-02-27 15:24:02,976: /use_sim_time is not set, will not subscribe to simulated time [/clock] topic
[rospy.internal][INFO] 2020-02-27 15:24:03,042: topic[/whycon/poses] adding connection to [http://itachi-HP-Pavilion-Laptop-15-cc1xx:38061/], count 0
[rospy.internal][INFO] 2020-02-27 15:24:03,078: topic[/serviced_info] adding connection to [/rostopic_27887_1582796868842], count 0
[rospy.internal][INFO] 2020-02-27 15:24:03,090: topic[/stats_sr] adding connection to [/rostopic_28187_1582797088718], count 0
[rospy.internal][INFO] 2020-02-27 15:24:03,100: topic[/led_control_topic] adding connection to [/serial_node], count 0
[rospy.internal][INFO] 2020-02-27 15:24:03,160: topic[/detection_info] adding connection to [http://itachi-HP-Pavilion-Laptop-15-cc1xx:45345/], count 0
[rospy.internal][INFO] 2020-02-27 15:24:03,225: topic[/rosout] adding connection to [/rosout], count 0
[rospy.core][INFO] 2020-02-27 15:24:32,576: signal_shutdown [signal-2]
[rospy.internal][ERROR] 2020-02-27 15:24:32,582: Unable to initiate TCP/IP socket to itachi-HP-Pavilion-Laptop-15-cc1xx:42981 (http://itachi-HP-Pavilion-Laptop-15-cc1xx:45345/): Traceback (most recent call last):
  File "/opt/ros/kinetic/lib/python2.7/dist-packages/rospy/impl/tcpros_base.py", line 557, in connect
    self.read_header()
  File "/opt/ros/kinetic/lib/python2.7/dist-packages/rospy/impl/tcpros_base.py", line 650, in read_header
    self._validate_header(read_ros_handshake_header(sock, self.read_buff, self.protocol.buff_size))
  File "/opt/ros/kinetic/lib/python2.7/dist-packages/rospy/impl/tcpros_base.py", line 593, in _validate_header
    raise TransportInitError("remote error reported: %s"%header['error'])
TransportInitError: remote error reported: node shutting down

[rospy.internal][INFO] 2020-02-27 15:24:32,736: topic[/serviced_info] removing connection to /rostopic_27887_1582796868842
[rospy.internal][INFO] 2020-02-27 15:24:32,736: topic[/rosout] removing connection to /rosout
[rospy.internal][INFO] 2020-02-27 15:24:32,737: topic[/stats_sr] removing connection to /rostopic_28187_1582797088718
[rospy.internal][INFO] 2020-02-27 15:24:32,738: topic[/led_control_topic] removing connection to /serial_node
[rospy.internal][INFO] 2020-02-27 15:24:32,738: topic[/whycon/poses] removing connection to http://itachi-HP-Pavilion-Laptop-15-cc1xx:38061/
[rospy.internal][WARNING] 2020-02-27 15:24:32,739: Unknown error initiating TCP/IP socket to itachi-HP-Pavilion-Laptop-15-cc1xx:41829 (http://itachi-HP-Pavilion-Laptop-15-cc1xx:38061/): Traceback (most recent call last):
  File "/opt/ros/kinetic/lib/python2.7/dist-packages/rospy/impl/tcpros_base.py", line 557, in connect
    self.read_header()
  File "/opt/ros/kinetic/lib/python2.7/dist-packages/rospy/impl/tcpros_base.py", line 650, in read_header
    self._validate_header(read_ros_handshake_header(sock, self.read_buff, self.protocol.buff_size))
AttributeError: 'NoneType' object has no attribute 'buff_size'

[rospy.topics][ERROR] 2020-02-27 15:24:32,740: Traceback (most recent call last):
  File "/opt/ros/kinetic/lib/python2.7/dist-packages/rospy/topics.py", line 326, in close
    c.close()
  File "/opt/ros/kinetic/lib/python2.7/dist-packages/rospy/impl/tcpros_base.py", line 838, in close
    self.socket.close()
AttributeError: 'NoneType' object has no attribute 'close'

[rospy.internal][INFO] 2020-02-27 15:24:32,740: topic[/detection_info] removing connection to http://itachi-HP-Pavilion-Laptop-15-cc1xx:45345/
[rospy.impl.masterslave][INFO] 2020-02-27 15:24:32,740: signal-2
[rospy.core][INFO] 2020-02-27 15:24:32,842: signal_shutdown [atexit]
[rospy.client][INFO] 2020-02-27 15:25:22,133: init_node, name[/monitor_org_config], pid[28672]
[xmlrpc][INFO] 2020-02-27 15:25:22,134: XML-RPC server binding to 0.0.0.0:0
[xmlrpc][INFO] 2020-02-27 15:25:22,137: Started XML-RPC server [http://itachi-HP-Pavilion-Laptop-15-cc1xx:41931/]
[rospy.impl.masterslave][INFO] 2020-02-27 15:25:22,138: _ready: http://itachi-HP-Pavilion-Laptop-15-cc1xx:41931/
[rospy.init][INFO] 2020-02-27 15:25:22,138: ROS Slave URI: [http://itachi-HP-Pavilion-Laptop-15-cc1xx:41931/]
[rospy.registration][INFO] 2020-02-27 15:25:22,140: Registering with master node http://localhost:11311
[xmlrpc][INFO] 2020-02-27 15:25:22,141: xml rpc node: starting XML-RPC server
[rospy.init][INFO] 2020-02-27 15:25:22,241: registered with master
[rospy.rosout][INFO] 2020-02-27 15:25:22,241: initializing /rosout core topic
[rospy.rosout][INFO] 2020-02-27 15:25:22,246: connected to core topic /rosout
[rospy.simtime][INFO] 2020-02-27 15:25:22,248: /use_sim_time is not set, will not subscribe to simulated time [/clock] topic
[rospy.internal][INFO] 2020-02-27 15:25:22,357: topic[/whycon/poses] adding connection to [http://itachi-HP-Pavilion-Laptop-15-cc1xx:38061/], count 0
[rospy.internal][INFO] 2020-02-27 15:25:22,384: topic[/serviced_info] adding connection to [/rostopic_27887_1582796868842], count 0
[rospy.internal][INFO] 2020-02-27 15:25:22,393: topic[/stats_sr] adding connection to [/rostopic_28187_1582797088718], count 0
[rospy.internal][INFO] 2020-02-27 15:25:22,410: topic[/led_control_topic] adding connection to [/serial_node], count 0
[rospy.internal][INFO] 2020-02-27 15:25:22,476: topic[/detection_info] adding connection to [http://itachi-HP-Pavilion-Laptop-15-cc1xx:34777/], count 0
[rospy.internal][INFO] 2020-02-27 15:25:22,520: topic[/rosout] adding connection to [/rosout], count 0
[rospy.internal][INFO] 2020-02-27 15:26:51,026: topic[/serviced_info] removing connection to /rostopic_27887_1582796868842
[rospy.core][INFO] 2020-02-27 15:26:59,093: signal_shutdown [signal-2]
[rospy.internal][ERROR] 2020-02-27 15:26:59,099: Unable to initiate TCP/IP socket to itachi-HP-Pavilion-Laptop-15-cc1xx:40293 (http://itachi-HP-Pavilion-Laptop-15-cc1xx:34777/): Traceback (most recent call last):
  File "/opt/ros/kinetic/lib/python2.7/dist-packages/rospy/impl/tcpros_base.py", line 557, in connect
    self.read_header()
  File "/opt/ros/kinetic/lib/python2.7/dist-packages/rospy/impl/tcpros_base.py", line 650, in read_header
    self._validate_header(read_ros_handshake_header(sock, self.read_buff, self.protocol.buff_size))
  File "/opt/ros/kinetic/lib/python2.7/dist-packages/rospy/impl/tcpros_base.py", line 593, in _validate_header
    raise TransportInitError("remote error reported: %s"%header['error'])
TransportInitError: remote error reported: node shutting down

[rospy.internal][INFO] 2020-02-27 15:26:59,259: topic[/rosout] removing connection to /rosout
[rospy.internal][INFO] 2020-02-27 15:26:59,260: topic[/stats_sr] removing connection to /rostopic_28187_1582797088718
[rospy.internal][INFO] 2020-02-27 15:26:59,260: topic[/led_control_topic] removing connection to /serial_node
[rospy.internal][INFO] 2020-02-27 15:26:59,262: topic[/whycon/poses] removing connection to http://itachi-HP-Pavilion-Laptop-15-cc1xx:38061/
[rospy.internal][INFO] 2020-02-27 15:26:59,263: topic[/detection_info] removing connection to http://itachi-HP-Pavilion-Laptop-15-cc1xx:34777/
[rospy.impl.masterslave][INFO] 2020-02-27 15:26:59,265: signal-2
[rospy.core][INFO] 2020-02-27 15:26:59,397: signal_shutdown [atexit]
[rospy.client][INFO] 2020-02-27 15:27:01,493: init_node, name[/monitor_org_config], pid[28856]
[xmlrpc][INFO] 2020-02-27 15:27:01,494: XML-RPC server binding to 0.0.0.0:0
[xmlrpc][INFO] 2020-02-27 15:27:01,494: Started XML-RPC server [http://itachi-HP-Pavilion-Laptop-15-cc1xx:41395/]
[rospy.init][INFO] 2020-02-27 15:27:01,494: ROS Slave URI: [http://itachi-HP-Pavilion-Laptop-15-cc1xx:41395/]
[rospy.impl.masterslave][INFO] 2020-02-27 15:27:01,495: _ready: http://itachi-HP-Pavilion-Laptop-15-cc1xx:41395/
[xmlrpc][INFO] 2020-02-27 15:27:01,496: xml rpc node: starting XML-RPC server
[rospy.registration][INFO] 2020-02-27 15:27:01,496: Registering with master node http://localhost:11311
[rospy.init][INFO] 2020-02-27 15:27:01,595: registered with master
[rospy.rosout][INFO] 2020-02-27 15:27:01,595: initializing /rosout core topic
[rospy.rosout][INFO] 2020-02-27 15:27:01,601: connected to core topic /rosout
[rospy.simtime][INFO] 2020-02-27 15:27:01,604: /use_sim_time is not set, will not subscribe to simulated time [/clock] topic
[rospy.internal][INFO] 2020-02-27 15:27:01,712: topic[/whycon/poses] adding connection to [http://itachi-HP-Pavilion-Laptop-15-cc1xx:38061/], count 0
[rospy.internal][INFO] 2020-02-27 15:27:01,717: topic[/stats_sr] adding connection to [/rostopic_28187_1582797088718], count 0
[rospy.internal][INFO] 2020-02-27 15:27:01,721: topic[/led_control_topic] adding connection to [/serial_node], count 0
[rospy.internal][INFO] 2020-02-27 15:27:01,810: topic[/rosout] adding connection to [/rosout], count 0
[rospy.internal][INFO] 2020-02-27 15:27:01,828: topic[/detection_info] adding connection to [http://itachi-HP-Pavilion-Laptop-15-cc1xx:45291/], count 0
[rospy.internal][INFO] 2020-02-27 15:28:19,368: topic[/led_control_topic] removing connection to /serial_node
[rospy.internal][WARNING] 2020-02-27 15:28:33,660: Unknown error initiating TCP/IP socket to itachi-HP-Pavilion-Laptop-15-cc1xx:41829 (http://itachi-HP-Pavilion-Laptop-15-cc1xx:38061/): Traceback (most recent call last):
  File "/opt/ros/kinetic/lib/python2.7/dist-packages/rospy/impl/tcpros_base.py", line 557, in connect
    self.read_header()
  File "/opt/ros/kinetic/lib/python2.7/dist-packages/rospy/impl/tcpros_base.py", line 650, in read_header
    self._validate_header(read_ros_handshake_header(sock, self.read_buff, self.protocol.buff_size))
  File "/opt/ros/kinetic/lib/python2.7/dist-packages/rosgraph/network.py", line 362, in read_ros_handshake_header
    d = sock.recv(buff_size)
error: [Errno 104] Connection reset by peer

[rospy.internal][INFO] 2020-02-27 15:28:33,660: topic[/whycon/poses] removing connection to http://itachi-HP-Pavilion-Laptop-15-cc1xx:38061/
[rospy.internal][INFO] 2020-02-27 15:28:34,381: topic[/rosout] removing connection to /rosout
[rospy.internal][WARNING] 2020-02-27 15:28:37,894: Unknown error initiating TCP/IP socket to itachi-HP-Pavilion-Laptop-15-cc1xx:36227 (http://itachi-HP-Pavilion-Laptop-15-cc1xx:45291/): Traceback (most recent call last):
  File "/opt/ros/kinetic/lib/python2.7/dist-packages/rospy/impl/tcpros_base.py", line 557, in connect
    self.read_header()
  File "/opt/ros/kinetic/lib/python2.7/dist-packages/rospy/impl/tcpros_base.py", line 650, in read_header
    self._validate_header(read_ros_handshake_header(sock, self.read_buff, self.protocol.buff_size))
  File "/opt/ros/kinetic/lib/python2.7/dist-packages/rosgraph/network.py", line 362, in read_ros_handshake_header
    d = sock.recv(buff_size)
error: [Errno 104] Connection reset by peer

[rospy.internal][INFO] 2020-02-27 15:28:37,895: topic[/detection_info] removing connection to http://itachi-HP-Pavilion-Laptop-15-cc1xx:45291/
[rospy.core][INFO] 2020-02-27 15:28:37,895: signal_shutdown [signal-2]
[rospy.registration][WARNING] 2020-02-27 15:28:38,056: cannot unregister with master due to network issues
[rospy.internal][INFO] 2020-02-27 15:28:38,057: topic[/stats_sr] removing connection to /rostopic_28187_1582797088718
[rospy.impl.masterslave][INFO] 2020-02-27 15:28:38,057: signal-2
[rospy.core][INFO] 2020-02-27 15:28:38,221: signal_shutdown [atexit]
