[rosmaster.main][INFO] 2020-01-30 20:01:56,756: initialization complete, waiting for shutdown
[rosmaster.main][INFO] 2020-01-30 20:01:56,756: Starting ROS Master Node
[xmlrpc][INFO] 2020-01-30 20:01:56,756: XML-RPC server binding to 0.0.0.0:11311
[xmlrpc][INFO] 2020-01-30 20:01:56,757: Started XML-RPC server [http://itachi-HP-Pavilion-Laptop-15-cc1xx:11311/]
[xmlrpc][INFO] 2020-01-30 20:01:56,757: xml rpc node: starting XML-RPC server
[rosmaster.master][INFO] 2020-01-30 20:01:56,757: Master initialized: port[11311], uri[http://itachi-HP-Pavilion-Laptop-15-cc1xx:11311/]
[rosmaster.master][INFO] 2020-01-30 20:01:56,824: +PARAM [/run_id] by /roslaunch
[rosmaster.master][INFO] 2020-01-30 20:01:56,828: +PARAM [/roslaunch/uris/host_itachi_hp_pavilion_laptop_15_cc1xx__42019] by /roslaunch
[rosmaster.master][INFO] 2020-01-30 20:01:56,925: +PARAM [/usb_cam/image_width] by /roslaunch
[rosmaster.master][INFO] 2020-01-30 20:01:56,925: +PARAM [/usb_cam/video_device] by /roslaunch
[rosmaster.master][INFO] 2020-01-30 20:01:56,925: +PARAM [/rosdistro] by /roslaunch
[rosmaster.master][INFO] 2020-01-30 20:01:56,925: +PARAM [/whycon/targets] by /roslaunch
[rosmaster.master][INFO] 2020-01-30 20:01:56,925: +PARAM [/usb_cam/pixel_format] by /roslaunch
[rosmaster.master][INFO] 2020-01-30 20:01:56,925: +PARAM [/usb_cam/io_method] by /roslaunch
[rosmaster.master][INFO] 2020-01-30 20:01:56,925: +PARAM [/usb_cam/camera_frame_id] by /roslaunch
[rosmaster.master][INFO] 2020-01-30 20:01:56,925: +PARAM [/rosversion] by /roslaunch
[rosmaster.master][INFO] 2020-01-30 20:01:56,925: +PARAM [/whycon/outer_diameter] by /roslaunch
[rosmaster.master][INFO] 2020-01-30 20:01:56,925: +PARAM [/usb_cam/image_height] by /roslaunch
[rosmaster.master][INFO] 2020-01-30 20:01:56,926: +PARAM [/whycon/name] by /roslaunch
[rosmaster.master][INFO] 2020-01-30 20:01:56,926: +PARAM [/whycon/inner_diameter] by /roslaunch
[rosmaster.master][INFO] 2020-01-30 20:01:56,927: +SERVICE [/rosout/get_loggers] /rosout http://itachi-HP-Pavilion-Laptop-15-cc1xx:35859/
[rosmaster.master][INFO] 2020-01-30 20:01:56,928: +SERVICE [/rosout/set_logger_level] /rosout http://itachi-HP-Pavilion-Laptop-15-cc1xx:35859/
[rosmaster.master][INFO] 2020-01-30 20:01:56,929: +PUB [/rosout_agg] /rosout http://itachi-HP-Pavilion-Laptop-15-cc1xx:35859/
[rosmaster.master][INFO] 2020-01-30 20:01:56,932: +SUB [/rosout] /rosout http://itachi-HP-Pavilion-Laptop-15-cc1xx:35859/
[rosmaster.master][INFO] 2020-01-30 20:01:56,948: +PUB [/rosout] /usb_cam http://itachi-HP-Pavilion-Laptop-15-cc1xx:35985/
[rosmaster.master][INFO] 2020-01-30 20:01:56,949: +SERVICE [/usb_cam/get_loggers] /usb_cam http://itachi-HP-Pavilion-Laptop-15-cc1xx:35985/
[rosmaster.master][INFO] 2020-01-30 20:01:56,949: +SERVICE [/usb_cam/set_logger_level] /usb_cam http://itachi-HP-Pavilion-Laptop-15-cc1xx:35985/
[rosmaster.master][INFO] 2020-01-30 20:01:56,956: +PUB [/rosout] /usb_cam/image_proc http://itachi-HP-Pavilion-Laptop-15-cc1xx:38131/
[rosmaster.master][INFO] 2020-01-30 20:01:56,956: publisherUpdate[/rosout] -> http://itachi-HP-Pavilion-Laptop-15-cc1xx:35859/ ['http://itachi-HP-Pavilion-Laptop-15-cc1xx:35985/']
[rosmaster.master][INFO] 2020-01-30 20:01:56,957: +SERVICE [/usb_cam/image_proc/get_loggers] /usb_cam/image_proc http://itachi-HP-Pavilion-Laptop-15-cc1xx:38131/
[rosmaster.master][INFO] 2020-01-30 20:01:56,958: publisherUpdate[/rosout] -> http://itachi-HP-Pavilion-Laptop-15-cc1xx:35859/ ['http://itachi-HP-Pavilion-Laptop-15-cc1xx:35985/']: sec=0.00, result=[1, '', 0]
[rosmaster.master][INFO] 2020-01-30 20:01:56,958: +SERVICE [/usb_cam/image_proc/set_logger_level] /usb_cam/image_proc http://itachi-HP-Pavilion-Laptop-15-cc1xx:38131/
[rosmaster.master][INFO] 2020-01-30 20:01:56,959: publisherUpdate[/rosout] -> http://itachi-HP-Pavilion-Laptop-15-cc1xx:35859/ ['http://itachi-HP-Pavilion-Laptop-15-cc1xx:35985/', 'http://itachi-HP-Pavilion-Laptop-15-cc1xx:38131/']
[rosmaster.master][INFO] 2020-01-30 20:01:56,960: publisherUpdate[/rosout] -> http://itachi-HP-Pavilion-Laptop-15-cc1xx:35859/ ['http://itachi-HP-Pavilion-Laptop-15-cc1xx:35985/', 'http://itachi-HP-Pavilion-Laptop-15-cc1xx:38131/']: sec=0.00, result=[1, '', 0]
[rosmaster.master][INFO] 2020-01-30 20:01:56,966: +PUB [/rosout] /whycon http://itachi-HP-Pavilion-Laptop-15-cc1xx:40923/
[rosmaster.master][INFO] 2020-01-30 20:01:56,966: +SERVICE [/whycon/get_loggers] /whycon http://itachi-HP-Pavilion-Laptop-15-cc1xx:40923/
[rosmaster.master][INFO] 2020-01-30 20:01:56,967: +SERVICE [/whycon/set_logger_level] /whycon http://itachi-HP-Pavilion-Laptop-15-cc1xx:40923/
[rosmaster.master][INFO] 2020-01-30 20:01:56,982: +PUB [/rosout] /whycon_display/image_view http://itachi-HP-Pavilion-Laptop-15-cc1xx:38109/
[rosmaster.master][INFO] 2020-01-30 20:01:56,983: +SERVICE [/whycon_display/image_view/get_loggers] /whycon_display/image_view http://itachi-HP-Pavilion-Laptop-15-cc1xx:38109/
[rosmaster.master][INFO] 2020-01-30 20:01:56,984: +SERVICE [/whycon_display/image_view/set_logger_level] /whycon_display/image_view http://itachi-HP-Pavilion-Laptop-15-cc1xx:38109/
[rosmaster.master][INFO] 2020-01-30 20:01:56,989: +SERVICE [/usb_cam/image_proc_debayer/set_parameters] /usb_cam/image_proc http://itachi-HP-Pavilion-Laptop-15-cc1xx:38131/
[rosmaster.master][INFO] 2020-01-30 20:01:56,989: +PUB [/usb_cam/image_proc_debayer/parameter_descriptions] /usb_cam/image_proc http://itachi-HP-Pavilion-Laptop-15-cc1xx:38131/
[rosmaster.master][INFO] 2020-01-30 20:01:56,990: +PUB [/usb_cam/image_proc_debayer/parameter_updates] /usb_cam/image_proc http://itachi-HP-Pavilion-Laptop-15-cc1xx:38131/
[rosmaster.master][INFO] 2020-01-30 20:01:56,991: +PARAM [/usb_cam/image_proc_debayer/debayer] by /usb_cam/image_proc
[rosmaster.master][INFO] 2020-01-30 20:01:56,991: +PARAM [/usb_cam/image_proc_debayer/debayer] by /usb_cam/image_proc
[rosmaster.master][INFO] 2020-01-30 20:01:56,994: +PUB [/usb_cam/image_mono/compressedDepth] /usb_cam/image_proc http://itachi-HP-Pavilion-Laptop-15-cc1xx:38131/
[rosmaster.master][INFO] 2020-01-30 20:01:56,994: +PUB [/usb_cam/image_raw/compressedDepth] /usb_cam http://itachi-HP-Pavilion-Laptop-15-cc1xx:35985/
[rosmaster.master][INFO] 2020-01-30 20:01:56,995: +SERVICE [/usb_cam/image_mono/compressedDepth/set_parameters] /usb_cam/image_proc http://itachi-HP-Pavilion-Laptop-15-cc1xx:38131/
[rosmaster.master][INFO] 2020-01-30 20:01:56,996: +SERVICE [/usb_cam/image_raw/compressedDepth/set_parameters] /usb_cam http://itachi-HP-Pavilion-Laptop-15-cc1xx:35985/
[rosmaster.master][INFO] 2020-01-30 20:01:56,997: +PUB [/usb_cam/image_mono/compressedDepth/parameter_descriptions] /usb_cam/image_proc http://itachi-HP-Pavilion-Laptop-15-cc1xx:38131/
[rosmaster.master][INFO] 2020-01-30 20:01:56,998: +PUB [/usb_cam/image_raw/compressedDepth/parameter_descriptions] /usb_cam http://itachi-HP-Pavilion-Laptop-15-cc1xx:35985/
[rosmaster.master][INFO] 2020-01-30 20:01:56,999: +PUB [/usb_cam/image_mono/compressedDepth/parameter_updates] /usb_cam/image_proc http://itachi-HP-Pavilion-Laptop-15-cc1xx:38131/
[rosmaster.master][INFO] 2020-01-30 20:01:56,999: +PUB [/usb_cam/image_raw/compressedDepth/parameter_updates] /usb_cam http://itachi-HP-Pavilion-Laptop-15-cc1xx:35985/
[rosmaster.master][INFO] 2020-01-30 20:01:57,004: +PARAM [/usb_cam/image_mono/compressedDepth/depth_max] by /usb_cam/image_proc
[rosmaster.master][INFO] 2020-01-30 20:01:57,005: +PARAM [/usb_cam/image_raw/compressedDepth/depth_max] by /usb_cam
[rosmaster.master][INFO] 2020-01-30 20:01:57,005: +PARAM [/usb_cam/image_mono/compressedDepth/depth_quantization] by /usb_cam/image_proc
[rosmaster.master][INFO] 2020-01-30 20:01:57,006: +PARAM [/usb_cam/image_raw/compressedDepth/depth_quantization] by /usb_cam
[rosmaster.master][INFO] 2020-01-30 20:01:57,007: +PARAM [/usb_cam/image_mono/compressedDepth/png_level] by /usb_cam/image_proc
[rosmaster.master][INFO] 2020-01-30 20:01:57,008: +PARAM [/usb_cam/image_raw/compressedDepth/png_level] by /usb_cam
[rosmaster.master][INFO] 2020-01-30 20:01:57,009: +PARAM [/usb_cam/image_mono/compressedDepth/depth_max] by /usb_cam/image_proc
[rosmaster.master][INFO] 2020-01-30 20:01:57,009: +PARAM [/usb_cam/image_raw/compressedDepth/depth_max] by /usb_cam
[rosmaster.master][INFO] 2020-01-30 20:01:57,010: +PARAM [/usb_cam/image_mono/compressedDepth/depth_quantization] by /usb_cam/image_proc
[rosmaster.master][INFO] 2020-01-30 20:01:57,011: +PARAM [/usb_cam/image_raw/compressedDepth/depth_quantization] by /usb_cam
[rosmaster.master][INFO] 2020-01-30 20:01:57,012: +PARAM [/usb_cam/image_mono/compressedDepth/png_level] by /usb_cam/image_proc
[rosmaster.master][INFO] 2020-01-30 20:01:57,013: +PARAM [/usb_cam/image_raw/compressedDepth/png_level] by /usb_cam
[rosmaster.master][INFO] 2020-01-30 20:01:57,014: +PUB [/usb_cam/image_mono/compressed] /usb_cam/image_proc http://itachi-HP-Pavilion-Laptop-15-cc1xx:38131/
[rosmaster.master][INFO] 2020-01-30 20:01:57,015: +PUB [/usb_cam/image_raw/compressed] /usb_cam http://itachi-HP-Pavilion-Laptop-15-cc1xx:35985/
[rosmaster.master][INFO] 2020-01-30 20:01:57,015: +SERVICE [/usb_cam/image_mono/compressed/set_parameters] /usb_cam/image_proc http://itachi-HP-Pavilion-Laptop-15-cc1xx:38131/
[rosmaster.master][INFO] 2020-01-30 20:01:57,016: +SERVICE [/usb_cam/image_raw/compressed/set_parameters] /usb_cam http://itachi-HP-Pavilion-Laptop-15-cc1xx:35985/
[rosmaster.master][INFO] 2020-01-30 20:01:57,017: +PUB [/usb_cam/image_mono/compressed/parameter_descriptions] /usb_cam/image_proc http://itachi-HP-Pavilion-Laptop-15-cc1xx:38131/
[rosmaster.master][INFO] 2020-01-30 20:01:57,018: +PUB [/tf] /whycon http://itachi-HP-Pavilion-Laptop-15-cc1xx:40923/
[rosmaster.master][INFO] 2020-01-30 20:01:57,018: +PUB [/usb_cam/image_raw/compressed/parameter_descriptions] /usb_cam http://itachi-HP-Pavilion-Laptop-15-cc1xx:35985/
[rosmaster.master][INFO] 2020-01-30 20:01:57,019: +PUB [/usb_cam/image_mono/compressed/parameter_updates] /usb_cam/image_proc http://itachi-HP-Pavilion-Laptop-15-cc1xx:38131/
[rosmaster.master][INFO] 2020-01-30 20:01:57,020: +PUB [/usb_cam/image_raw/compressed/parameter_updates] /usb_cam http://itachi-HP-Pavilion-Laptop-15-cc1xx:35985/
[rosmaster.master][INFO] 2020-01-30 20:01:57,025: +PARAM [/usb_cam/image_mono/compressed/format] by /usb_cam/image_proc
[rosmaster.master][INFO] 2020-01-30 20:01:57,026: +PARAM [/usb_cam/image_raw/compressed/format] by /usb_cam
[rosmaster.master][INFO] 2020-01-30 20:01:57,027: +PARAM [/usb_cam/image_mono/compressed/jpeg_quality] by /usb_cam/image_proc
[rosmaster.master][INFO] 2020-01-30 20:01:57,027: +PARAM [/usb_cam/image_raw/compressed/jpeg_quality] by /usb_cam
[rosmaster.master][INFO] 2020-01-30 20:01:57,029: +PARAM [/usb_cam/image_mono/compressed/png_level] by /usb_cam/image_proc
[rosmaster.master][INFO] 2020-01-30 20:01:57,029: +PARAM [/usb_cam/image_raw/compressed/png_level] by /usb_cam
[rosmaster.master][INFO] 2020-01-30 20:01:57,031: +PARAM [/usb_cam/image_mono/compressed/format] by /usb_cam/image_proc
[rosmaster.master][INFO] 2020-01-30 20:01:57,031: +PARAM [/usb_cam/image_raw/compressed/format] by /usb_cam
[rosmaster.master][INFO] 2020-01-30 20:01:57,032: +SUB [/usb_cam/image_rect_color] /whycon http://itachi-HP-Pavilion-Laptop-15-cc1xx:40923/
[rosmaster.master][INFO] 2020-01-30 20:01:57,032: +PARAM [/usb_cam/image_mono/compressed/jpeg_quality] by /usb_cam/image_proc
[rosmaster.master][INFO] 2020-01-30 20:01:57,033: +PARAM [/usb_cam/image_raw/compressed/jpeg_quality] by /usb_cam
[rosmaster.master][INFO] 2020-01-30 20:01:57,034: +PARAM [/usb_cam/image_mono/compressed/png_level] by /usb_cam/image_proc
[rosmaster.master][INFO] 2020-01-30 20:01:57,035: +PARAM [/usb_cam/image_raw/compressed/png_level] by /usb_cam
[rosmaster.master][INFO] 2020-01-30 20:01:57,036: +PUB [/usb_cam/image_mono] /usb_cam/image_proc http://itachi-HP-Pavilion-Laptop-15-cc1xx:38131/
[rosmaster.master][INFO] 2020-01-30 20:01:57,037: +PUB [/usb_cam/image_raw] /usb_cam http://itachi-HP-Pavilion-Laptop-15-cc1xx:35985/
[rosmaster.master][INFO] 2020-01-30 20:01:57,039: +PUB [/usb_cam/image_mono/theora] /usb_cam/image_proc http://itachi-HP-Pavilion-Laptop-15-cc1xx:38131/
[rosmaster.master][INFO] 2020-01-30 20:01:57,039: +SUB [/usb_cam/camera_info] /whycon http://itachi-HP-Pavilion-Laptop-15-cc1xx:40923/
[rosmaster.master][INFO] 2020-01-30 20:01:57,040: +PUB [/usb_cam/image_raw/theora] /usb_cam http://itachi-HP-Pavilion-Laptop-15-cc1xx:35985/
[rosmaster.master][INFO] 2020-01-30 20:01:57,040: +SERVICE [/usb_cam/image_mono/theora/set_parameters] /usb_cam/image_proc http://itachi-HP-Pavilion-Laptop-15-cc1xx:38131/
[rosmaster.master][INFO] 2020-01-30 20:01:57,041: +PUB [/whycon/image_out] /whycon http://itachi-HP-Pavilion-Laptop-15-cc1xx:40923/
[rosmaster.master][INFO] 2020-01-30 20:01:57,042: +SERVICE [/usb_cam/image_raw/theora/set_parameters] /usb_cam http://itachi-HP-Pavilion-Laptop-15-cc1xx:35985/
[rosmaster.master][INFO] 2020-01-30 20:01:57,042: +PUB [/usb_cam/image_mono/theora/parameter_descriptions] /usb_cam/image_proc http://itachi-HP-Pavilion-Laptop-15-cc1xx:38131/
[rosmaster.master][INFO] 2020-01-30 20:01:57,043: +PUB [/whycon/poses] /whycon http://itachi-HP-Pavilion-Laptop-15-cc1xx:40923/
[rosmaster.master][INFO] 2020-01-30 20:01:57,044: +PUB [/usb_cam/image_raw/theora/parameter_descriptions] /usb_cam http://itachi-HP-Pavilion-Laptop-15-cc1xx:35985/
[rosmaster.master][INFO] 2020-01-30 20:01:57,044: +PUB [/usb_cam/image_mono/theora/parameter_updates] /usb_cam/image_proc http://itachi-HP-Pavilion-Laptop-15-cc1xx:38131/
[rosmaster.master][INFO] 2020-01-30 20:01:57,045: +PUB [/whycon/context] /whycon http://itachi-HP-Pavilion-Laptop-15-cc1xx:40923/
[rosmaster.master][INFO] 2020-01-30 20:01:57,045: +PUB [/usb_cam/image_raw/theora/parameter_updates] /usb_cam http://itachi-HP-Pavilion-Laptop-15-cc1xx:35985/
[rosmaster.master][INFO] 2020-01-30 20:01:57,046: +PUB [/whycon/projection] /whycon http://itachi-HP-Pavilion-Laptop-15-cc1xx:40923/
[rosmaster.master][INFO] 2020-01-30 20:01:57,048: +SERVICE [/whycon/reset] /whycon http://itachi-HP-Pavilion-Laptop-15-cc1xx:40923/
[rosmaster.master][INFO] 2020-01-30 20:01:57,050: +PARAM [/usb_cam/image_mono/theora/optimize_for] by /usb_cam/image_proc
[rosmaster.master][INFO] 2020-01-30 20:01:57,051: +PARAM [/usb_cam/image_raw/theora/optimize_for] by /usb_cam
[rosmaster.master][INFO] 2020-01-30 20:01:57,052: +PARAM [/usb_cam/image_mono/theora/target_bitrate] by /usb_cam/image_proc
[rosmaster.master][INFO] 2020-01-30 20:01:57,052: +PARAM [/usb_cam/image_raw/theora/target_bitrate] by /usb_cam
[rosmaster.master][INFO] 2020-01-30 20:01:57,053: +PARAM [/usb_cam/image_mono/theora/quality] by /usb_cam/image_proc
[rosmaster.master][INFO] 2020-01-30 20:01:57,053: +PARAM [/usb_cam/image_raw/theora/quality] by /usb_cam
[rosmaster.master][INFO] 2020-01-30 20:01:57,055: +PARAM [/usb_cam/image_mono/theora/keyframe_frequency] by /usb_cam/image_proc
[rosmaster.master][INFO] 2020-01-30 20:01:57,055: +PARAM [/usb_cam/image_raw/theora/keyframe_frequency] by /usb_cam
[rosmaster.master][INFO] 2020-01-30 20:01:57,056: +PARAM [/usb_cam/image_mono/theora/optimize_for] by /usb_cam/image_proc
[rosmaster.master][INFO] 2020-01-30 20:01:57,057: +PARAM [/usb_cam/image_raw/theora/optimize_for] by /usb_cam
[rosmaster.master][INFO] 2020-01-30 20:01:57,057: publisherUpdate[/rosout] -> http://itachi-HP-Pavilion-Laptop-15-cc1xx:35859/ ['http://itachi-HP-Pavilion-Laptop-15-cc1xx:35985/', 'http://itachi-HP-Pavilion-Laptop-15-cc1xx:38131/', 'http://itachi-HP-Pavilion-Laptop-15-cc1xx:40923/']
[rosmaster.master][INFO] 2020-01-30 20:01:57,057: +PARAM [/usb_cam/image_mono/theora/target_bitrate] by /usb_cam/image_proc
[rosmaster.master][INFO] 2020-01-30 20:01:57,058: publisherUpdate[/rosout] -> http://itachi-HP-Pavilion-Laptop-15-cc1xx:35859/ ['http://itachi-HP-Pavilion-Laptop-15-cc1xx:35985/', 'http://itachi-HP-Pavilion-Laptop-15-cc1xx:38131/', 'http://itachi-HP-Pavilion-Laptop-15-cc1xx:40923/']: sec=0.00, result=[1, '', 0]
[rosmaster.master][INFO] 2020-01-30 20:01:57,059: +PARAM [/usb_cam/image_raw/theora/target_bitrate] by /usb_cam
[rosmaster.master][INFO] 2020-01-30 20:01:57,059: publisherUpdate[/rosout] -> http://itachi-HP-Pavilion-Laptop-15-cc1xx:35859/ ['http://itachi-HP-Pavilion-Laptop-15-cc1xx:35985/', 'http://itachi-HP-Pavilion-Laptop-15-cc1xx:38131/', 'http://itachi-HP-Pavilion-Laptop-15-cc1xx:40923/', 'http://itachi-HP-Pavilion-Laptop-15-cc1xx:38109/']
[rosmaster.master][INFO] 2020-01-30 20:01:57,059: +PARAM [/usb_cam/image_mono/theora/quality] by /usb_cam/image_proc
[rosmaster.master][INFO] 2020-01-30 20:01:57,060: publisherUpdate[/rosout] -> http://itachi-HP-Pavilion-Laptop-15-cc1xx:35859/ ['http://itachi-HP-Pavilion-Laptop-15-cc1xx:35985/', 'http://itachi-HP-Pavilion-Laptop-15-cc1xx:38131/', 'http://itachi-HP-Pavilion-Laptop-15-cc1xx:40923/', 'http://itachi-HP-Pavilion-Laptop-15-cc1xx:38109/']: sec=0.00, result=[1, '', 0]
[rosmaster.master][INFO] 2020-01-30 20:01:57,060: +PARAM [/usb_cam/image_raw/theora/quality] by /usb_cam
[rosmaster.master][INFO] 2020-01-30 20:01:57,061: +PARAM [/usb_cam/image_mono/theora/keyframe_frequency] by /usb_cam/image_proc
[rosmaster.master][INFO] 2020-01-30 20:01:57,062: +PARAM [/usb_cam/image_raw/theora/keyframe_frequency] by /usb_cam
[rosmaster.master][INFO] 2020-01-30 20:01:57,062: +PUB [/usb_cam/camera_info] /usb_cam http://itachi-HP-Pavilion-Laptop-15-cc1xx:35985/
[rosmaster.master][INFO] 2020-01-30 20:01:57,063: +PUB [/usb_cam/image_color/compressedDepth] /usb_cam/image_proc http://itachi-HP-Pavilion-Laptop-15-cc1xx:38131/
[rosmaster.master][INFO] 2020-01-30 20:01:57,064: +SERVICE [/usb_cam/image_color/compressedDepth/set_parameters] /usb_cam/image_proc http://itachi-HP-Pavilion-Laptop-15-cc1xx:38131/
[rosmaster.master][INFO] 2020-01-30 20:01:57,065: +PUB [/usb_cam/image_color/compressedDepth/parameter_descriptions] /usb_cam/image_proc http://itachi-HP-Pavilion-Laptop-15-cc1xx:38131/
[rosmaster.master][INFO] 2020-01-30 20:01:57,066: +PUB [/usb_cam/image_color/compressedDepth/parameter_updates] /usb_cam/image_proc http://itachi-HP-Pavilion-Laptop-15-cc1xx:38131/
[rosmaster.master][INFO] 2020-01-30 20:01:57,070: +PARAM [/usb_cam/image_color/compressedDepth/depth_max] by /usb_cam/image_proc
[rosmaster.master][INFO] 2020-01-30 20:01:57,071: +PARAM [/usb_cam/image_color/compressedDepth/depth_quantization] by /usb_cam/image_proc
[rosmaster.master][INFO] 2020-01-30 20:01:57,072: +PARAM [/usb_cam/image_color/compressedDepth/png_level] by /usb_cam/image_proc
[rosmaster.master][INFO] 2020-01-30 20:01:57,073: +PARAM [/usb_cam/image_color/compressedDepth/depth_max] by /usb_cam/image_proc
[rosmaster.master][INFO] 2020-01-30 20:01:57,074: +PARAM [/usb_cam/image_color/compressedDepth/depth_quantization] by /usb_cam/image_proc
[rosmaster.master][INFO] 2020-01-30 20:01:57,075: +PARAM [/usb_cam/image_color/compressedDepth/png_level] by /usb_cam/image_proc
[rosmaster.master][INFO] 2020-01-30 20:01:57,076: +PUB [/usb_cam/image_color/compressed] /usb_cam/image_proc http://itachi-HP-Pavilion-Laptop-15-cc1xx:38131/
[rosmaster.master][INFO] 2020-01-30 20:01:57,077: +SERVICE [/usb_cam/image_color/compressed/set_parameters] /usb_cam/image_proc http://itachi-HP-Pavilion-Laptop-15-cc1xx:38131/
[rosmaster.master][INFO] 2020-01-30 20:01:57,079: +PUB [/usb_cam/image_color/compressed/parameter_descriptions] /usb_cam/image_proc http://itachi-HP-Pavilion-Laptop-15-cc1xx:38131/
[rosmaster.master][INFO] 2020-01-30 20:01:57,080: +PUB [/usb_cam/image_color/compressed/parameter_updates] /usb_cam/image_proc http://itachi-HP-Pavilion-Laptop-15-cc1xx:38131/
[rosmaster.master][INFO] 2020-01-30 20:01:57,084: +PARAM [/usb_cam/image_color/compressed/format] by /usb_cam/image_proc
[rosmaster.master][INFO] 2020-01-30 20:01:57,086: +PARAM [/usb_cam/image_color/compressed/jpeg_quality] by /usb_cam/image_proc
[rosmaster.master][INFO] 2020-01-30 20:01:57,087: +SERVICE [/usb_cam/set_camera_info] /usb_cam http://itachi-HP-Pavilion-Laptop-15-cc1xx:35985/
[rosmaster.master][INFO] 2020-01-30 20:01:57,087: +PARAM [/usb_cam/image_color/compressed/png_level] by /usb_cam/image_proc
[rosmaster.master][INFO] 2020-01-30 20:01:57,088: +SERVICE [/usb_cam/start_capture] /usb_cam http://itachi-HP-Pavilion-Laptop-15-cc1xx:35985/
[rosmaster.master][INFO] 2020-01-30 20:01:57,088: +PARAM [/usb_cam/image_color/compressed/format] by /usb_cam/image_proc
[rosmaster.master][INFO] 2020-01-30 20:01:57,089: +SERVICE [/usb_cam/stop_capture] /usb_cam http://itachi-HP-Pavilion-Laptop-15-cc1xx:35985/
[rosmaster.master][INFO] 2020-01-30 20:01:57,090: +PARAM [/usb_cam/image_color/compressed/jpeg_quality] by /usb_cam/image_proc
[rosmaster.master][INFO] 2020-01-30 20:01:57,091: +PARAM [/usb_cam/image_color/compressed/png_level] by /usb_cam/image_proc
[rosmaster.master][INFO] 2020-01-30 20:01:57,092: +PUB [/usb_cam/image_color] /usb_cam/image_proc http://itachi-HP-Pavilion-Laptop-15-cc1xx:38131/
[rosmaster.master][INFO] 2020-01-30 20:01:57,093: +PUB [/usb_cam/image_color/theora] /usb_cam/image_proc http://itachi-HP-Pavilion-Laptop-15-cc1xx:38131/
[rosmaster.master][INFO] 2020-01-30 20:01:57,094: +SERVICE [/usb_cam/image_color/theora/set_parameters] /usb_cam/image_proc http://itachi-HP-Pavilion-Laptop-15-cc1xx:38131/
[rosmaster.master][INFO] 2020-01-30 20:01:57,095: +PUB [/usb_cam/image_color/theora/parameter_descriptions] /usb_cam/image_proc http://itachi-HP-Pavilion-Laptop-15-cc1xx:38131/
[rosmaster.master][INFO] 2020-01-30 20:01:57,096: +PUB [/usb_cam/image_color/theora/parameter_updates] /usb_cam/image_proc http://itachi-HP-Pavilion-Laptop-15-cc1xx:38131/
[rosmaster.master][INFO] 2020-01-30 20:01:57,100: +PARAM [/usb_cam/image_color/theora/optimize_for] by /usb_cam/image_proc
[rosmaster.master][INFO] 2020-01-30 20:01:57,101: +PARAM [/usb_cam/image_color/theora/target_bitrate] by /usb_cam/image_proc
[rosmaster.master][INFO] 2020-01-30 20:01:57,102: +PARAM [/usb_cam/image_color/theora/quality] by /usb_cam/image_proc
[rosmaster.master][INFO] 2020-01-30 20:01:57,102: +PARAM [/usb_cam/image_color/theora/keyframe_frequency] by /usb_cam/image_proc
[rosmaster.master][INFO] 2020-01-30 20:01:57,103: +PARAM [/usb_cam/image_color/theora/optimize_for] by /usb_cam/image_proc
[rosmaster.master][INFO] 2020-01-30 20:01:57,104: +PARAM [/usb_cam/image_color/theora/target_bitrate] by /usb_cam/image_proc
[rosmaster.master][INFO] 2020-01-30 20:01:57,107: +PARAM [/usb_cam/image_color/theora/quality] by /usb_cam/image_proc
[rosmaster.master][INFO] 2020-01-30 20:01:57,108: +PARAM [/usb_cam/image_color/theora/keyframe_frequency] by /usb_cam/image_proc
[rosmaster.master][INFO] 2020-01-30 20:01:57,111: +SERVICE [/usb_cam/image_proc_rectify_mono/set_parameters] /usb_cam/image_proc http://itachi-HP-Pavilion-Laptop-15-cc1xx:38131/
[rosmaster.master][INFO] 2020-01-30 20:01:57,112: +PUB [/usb_cam/image_proc_rectify_mono/parameter_descriptions] /usb_cam/image_proc http://itachi-HP-Pavilion-Laptop-15-cc1xx:38131/
[rosmaster.master][INFO] 2020-01-30 20:01:57,112: +PUB [/usb_cam/image_proc_rectify_mono/parameter_updates] /usb_cam/image_proc http://itachi-HP-Pavilion-Laptop-15-cc1xx:38131/
[rosmaster.master][INFO] 2020-01-30 20:01:57,114: +PARAM [/usb_cam/image_proc_rectify_mono/interpolation] by /usb_cam/image_proc
[rosmaster.master][INFO] 2020-01-30 20:01:57,115: +PARAM [/usb_cam/image_proc_rectify_mono/interpolation] by /usb_cam/image_proc
[rosmaster.master][INFO] 2020-01-30 20:01:57,116: +PUB [/usb_cam/image_rect/compressedDepth] /usb_cam/image_proc http://itachi-HP-Pavilion-Laptop-15-cc1xx:38131/
[rosmaster.master][INFO] 2020-01-30 20:01:57,117: +SERVICE [/usb_cam/image_rect/compressedDepth/set_parameters] /usb_cam/image_proc http://itachi-HP-Pavilion-Laptop-15-cc1xx:38131/
[rosmaster.master][INFO] 2020-01-30 20:01:57,118: +PUB [/usb_cam/image_rect/compressedDepth/parameter_descriptions] /usb_cam/image_proc http://itachi-HP-Pavilion-Laptop-15-cc1xx:38131/
[rosmaster.master][INFO] 2020-01-30 20:01:57,118: +PUB [/usb_cam/image_rect/compressedDepth/parameter_updates] /usb_cam/image_proc http://itachi-HP-Pavilion-Laptop-15-cc1xx:38131/
[rosmaster.master][INFO] 2020-01-30 20:01:57,123: +PARAM [/usb_cam/image_rect/compressedDepth/depth_max] by /usb_cam/image_proc
[rosmaster.master][INFO] 2020-01-30 20:01:57,123: +PARAM [/usb_cam/image_rect/compressedDepth/depth_quantization] by /usb_cam/image_proc
[rosmaster.master][INFO] 2020-01-30 20:01:57,124: +PARAM [/usb_cam/image_rect/compressedDepth/png_level] by /usb_cam/image_proc
[rosmaster.master][INFO] 2020-01-30 20:01:57,125: +PARAM [/usb_cam/image_rect/compressedDepth/depth_max] by /usb_cam/image_proc
[rosmaster.master][INFO] 2020-01-30 20:01:57,125: +PARAM [/usb_cam/image_rect/compressedDepth/depth_quantization] by /usb_cam/image_proc
[rosmaster.master][INFO] 2020-01-30 20:01:57,126: +PARAM [/usb_cam/image_rect/compressedDepth/png_level] by /usb_cam/image_proc
[rosmaster.master][INFO] 2020-01-30 20:01:57,127: +PUB [/usb_cam/image_rect/compressed] /usb_cam/image_proc http://itachi-HP-Pavilion-Laptop-15-cc1xx:38131/
[rosmaster.master][INFO] 2020-01-30 20:01:57,127: +SERVICE [/usb_cam/image_rect/compressed/set_parameters] /usb_cam/image_proc http://itachi-HP-Pavilion-Laptop-15-cc1xx:38131/
[rosmaster.master][INFO] 2020-01-30 20:01:57,128: +PUB [/usb_cam/image_rect/compressed/parameter_descriptions] /usb_cam/image_proc http://itachi-HP-Pavilion-Laptop-15-cc1xx:38131/
[rosmaster.master][INFO] 2020-01-30 20:01:57,128: +PUB [/usb_cam/image_rect/compressed/parameter_updates] /usb_cam/image_proc http://itachi-HP-Pavilion-Laptop-15-cc1xx:38131/
[rosmaster.master][INFO] 2020-01-30 20:01:57,130: +PARAM [/usb_cam/image_rect/compressed/format] by /usb_cam/image_proc
[rosmaster.master][INFO] 2020-01-30 20:01:57,131: +PARAM [/usb_cam/image_rect/compressed/jpeg_quality] by /usb_cam/image_proc
[rosmaster.master][INFO] 2020-01-30 20:01:57,131: +PARAM [/usb_cam/image_rect/compressed/png_level] by /usb_cam/image_proc
[rosmaster.master][INFO] 2020-01-30 20:01:57,132: +PARAM [/usb_cam/image_rect/compressed/format] by /usb_cam/image_proc
[rosmaster.master][INFO] 2020-01-30 20:01:57,132: +PARAM [/usb_cam/image_rect/compressed/jpeg_quality] by /usb_cam/image_proc
[rosmaster.master][INFO] 2020-01-30 20:01:57,133: +PARAM [/usb_cam/image_rect/compressed/png_level] by /usb_cam/image_proc
[rosmaster.master][INFO] 2020-01-30 20:01:57,134: +PUB [/usb_cam/image_rect] /usb_cam/image_proc http://itachi-HP-Pavilion-Laptop-15-cc1xx:38131/
[rosmaster.master][INFO] 2020-01-30 20:01:57,134: +PUB [/usb_cam/image_rect/theora] /usb_cam/image_proc http://itachi-HP-Pavilion-Laptop-15-cc1xx:38131/
[rosmaster.master][INFO] 2020-01-30 20:01:57,135: +SERVICE [/usb_cam/image_rect/theora/set_parameters] /usb_cam/image_proc http://itachi-HP-Pavilion-Laptop-15-cc1xx:38131/
[rosmaster.master][INFO] 2020-01-30 20:01:57,136: +PUB [/usb_cam/image_rect/theora/parameter_descriptions] /usb_cam/image_proc http://itachi-HP-Pavilion-Laptop-15-cc1xx:38131/
[rosmaster.master][INFO] 2020-01-30 20:01:57,139: +PUB [/usb_cam/image_rect/theora/parameter_updates] /usb_cam/image_proc http://itachi-HP-Pavilion-Laptop-15-cc1xx:38131/
[rosmaster.master][INFO] 2020-01-30 20:01:57,143: +SUB [/whycon/image_out] /whycon_display/image_view http://itachi-HP-Pavilion-Laptop-15-cc1xx:38109/
[rosmaster.master][INFO] 2020-01-30 20:01:57,144: +PUB [/whycon_display/image_view/output] /whycon_display/image_view http://itachi-HP-Pavilion-Laptop-15-cc1xx:38109/
[rosmaster.master][INFO] 2020-01-30 20:01:57,145: +PARAM [/usb_cam/image_rect/theora/optimize_for] by /usb_cam/image_proc
[rosmaster.master][INFO] 2020-01-30 20:01:57,145: +SERVICE [/whycon_display/image_view/set_parameters] /whycon_display/image_view http://itachi-HP-Pavilion-Laptop-15-cc1xx:38109/
[rosmaster.master][INFO] 2020-01-30 20:01:57,146: +PARAM [/usb_cam/image_rect/theora/target_bitrate] by /usb_cam/image_proc
[rosmaster.master][INFO] 2020-01-30 20:01:57,146: +PUB [/whycon_display/image_view/parameter_descriptions] /whycon_display/image_view http://itachi-HP-Pavilion-Laptop-15-cc1xx:38109/
[rosmaster.master][INFO] 2020-01-30 20:01:57,147: +PARAM [/usb_cam/image_rect/theora/quality] by /usb_cam/image_proc
[rosmaster.master][INFO] 2020-01-30 20:01:57,147: +PUB [/whycon_display/image_view/parameter_updates] /whycon_display/image_view http://itachi-HP-Pavilion-Laptop-15-cc1xx:38109/
[rosmaster.master][INFO] 2020-01-30 20:01:57,148: +PARAM [/usb_cam/image_rect/theora/keyframe_frequency] by /usb_cam/image_proc
[rosmaster.master][INFO] 2020-01-30 20:01:57,149: +PARAM [/usb_cam/image_rect/theora/optimize_for] by /usb_cam/image_proc
[rosmaster.master][INFO] 2020-01-30 20:01:57,150: +PARAM [/usb_cam/image_rect/theora/target_bitrate] by /usb_cam/image_proc
[rosmaster.master][INFO] 2020-01-30 20:01:57,151: +PARAM [/usb_cam/image_rect/theora/quality] by /usb_cam/image_proc
[rosmaster.master][INFO] 2020-01-30 20:01:57,152: +PARAM [/whycon_display/image_view/do_dynamic_scaling] by /whycon_display/image_view
[rosmaster.master][INFO] 2020-01-30 20:01:57,152: +PARAM [/usb_cam/image_rect/theora/keyframe_frequency] by /usb_cam/image_proc
[rosmaster.master][INFO] 2020-01-30 20:01:57,153: +PARAM [/whycon_display/image_view/colormap] by /whycon_display/image_view
[rosmaster.master][INFO] 2020-01-30 20:01:57,154: +PARAM [/whycon_display/image_view/min_image_value] by /whycon_display/image_view
[rosmaster.master][INFO] 2020-01-30 20:01:57,156: +PARAM [/whycon_display/image_view/max_image_value] by /whycon_display/image_view
[rosmaster.master][INFO] 2020-01-30 20:01:57,157: +SERVICE [/usb_cam/image_proc_rectify_color/set_parameters] /usb_cam/image_proc http://itachi-HP-Pavilion-Laptop-15-cc1xx:38131/
[rosmaster.master][INFO] 2020-01-30 20:01:57,157: +PARAM [/whycon_display/image_view/do_dynamic_scaling] by /whycon_display/image_view
[rosmaster.master][INFO] 2020-01-30 20:01:57,157: publisherUpdate[/usb_cam/camera_info] -> http://itachi-HP-Pavilion-Laptop-15-cc1xx:40923/ ['http://itachi-HP-Pavilion-Laptop-15-cc1xx:35985/']
[rosmaster.master][INFO] 2020-01-30 20:01:57,158: +PUB [/usb_cam/image_proc_rectify_color/parameter_descriptions] /usb_cam/image_proc http://itachi-HP-Pavilion-Laptop-15-cc1xx:38131/
[rosmaster.master][INFO] 2020-01-30 20:01:57,159: +PARAM [/whycon_display/image_view/colormap] by /whycon_display/image_view
[rosmaster.master][INFO] 2020-01-30 20:01:57,159: +PUB [/usb_cam/image_proc_rectify_color/parameter_updates] /usb_cam/image_proc http://itachi-HP-Pavilion-Laptop-15-cc1xx:38131/
[rosmaster.master][INFO] 2020-01-30 20:01:57,160: publisherUpdate[/usb_cam/camera_info] -> http://itachi-HP-Pavilion-Laptop-15-cc1xx:40923/ ['http://itachi-HP-Pavilion-Laptop-15-cc1xx:35985/']: sec=0.00, result=[1, '', 0]
[rosmaster.master][INFO] 2020-01-30 20:01:57,160: +PARAM [/whycon_display/image_view/min_image_value] by /whycon_display/image_view
[rosmaster.master][INFO] 2020-01-30 20:01:57,161: +PARAM [/usb_cam/image_proc_rectify_color/interpolation] by /usb_cam/image_proc
[rosmaster.master][INFO] 2020-01-30 20:01:57,162: +PARAM [/whycon_display/image_view/max_image_value] by /whycon_display/image_view
[rosmaster.master][INFO] 2020-01-30 20:01:57,162: +PARAM [/usb_cam/image_proc_rectify_color/interpolation] by /usb_cam/image_proc
[rosmaster.master][INFO] 2020-01-30 20:01:57,164: +PUB [/usb_cam/image_rect_color/compressedDepth] /usb_cam/image_proc http://itachi-HP-Pavilion-Laptop-15-cc1xx:38131/
[rosmaster.master][INFO] 2020-01-30 20:01:57,164: +SERVICE [/usb_cam/image_rect_color/compressedDepth/set_parameters] /usb_cam/image_proc http://itachi-HP-Pavilion-Laptop-15-cc1xx:38131/
[rosmaster.master][INFO] 2020-01-30 20:01:57,165: +PUB [/usb_cam/image_rect_color/compressedDepth/parameter_descriptions] /usb_cam/image_proc http://itachi-HP-Pavilion-Laptop-15-cc1xx:38131/
[rosmaster.master][INFO] 2020-01-30 20:01:57,165: +PUB [/usb_cam/image_rect_color/compressedDepth/parameter_updates] /usb_cam/image_proc http://itachi-HP-Pavilion-Laptop-15-cc1xx:38131/
[rosmaster.master][INFO] 2020-01-30 20:01:57,167: +PARAM [/usb_cam/image_rect_color/compressedDepth/depth_max] by /usb_cam/image_proc
[rosmaster.master][INFO] 2020-01-30 20:01:57,167: +PARAM [/usb_cam/image_rect_color/compressedDepth/depth_quantization] by /usb_cam/image_proc
[rosmaster.master][INFO] 2020-01-30 20:01:57,168: +PARAM [/usb_cam/image_rect_color/compressedDepth/png_level] by /usb_cam/image_proc
[rosmaster.master][INFO] 2020-01-30 20:01:57,169: +PARAM [/usb_cam/image_rect_color/compressedDepth/depth_max] by /usb_cam/image_proc
[rosmaster.master][INFO] 2020-01-30 20:01:57,169: +PARAM [/usb_cam/image_rect_color/compressedDepth/depth_quantization] by /usb_cam/image_proc
[rosmaster.master][INFO] 2020-01-30 20:01:57,170: +PARAM [/usb_cam/image_rect_color/compressedDepth/png_level] by /usb_cam/image_proc
[rosmaster.master][INFO] 2020-01-30 20:01:57,172: +PUB [/usb_cam/image_rect_color/compressed] /usb_cam/image_proc http://itachi-HP-Pavilion-Laptop-15-cc1xx:38131/
[rosmaster.master][INFO] 2020-01-30 20:01:57,173: +SERVICE [/usb_cam/image_rect_color/compressed/set_parameters] /usb_cam/image_proc http://itachi-HP-Pavilion-Laptop-15-cc1xx:38131/
[rosmaster.master][INFO] 2020-01-30 20:01:57,173: +PUB [/usb_cam/image_rect_color/compressed/parameter_descriptions] /usb_cam/image_proc http://itachi-HP-Pavilion-Laptop-15-cc1xx:38131/
[rosmaster.master][INFO] 2020-01-30 20:01:57,174: +PUB [/usb_cam/image_rect_color/compressed/parameter_updates] /usb_cam/image_proc http://itachi-HP-Pavilion-Laptop-15-cc1xx:38131/
[rosmaster.master][INFO] 2020-01-30 20:01:57,175: +PARAM [/usb_cam/image_rect_color/compressed/format] by /usb_cam/image_proc
[rosmaster.master][INFO] 2020-01-30 20:01:57,176: +PARAM [/usb_cam/image_rect_color/compressed/jpeg_quality] by /usb_cam/image_proc
[rosmaster.master][INFO] 2020-01-30 20:01:57,176: +PARAM [/usb_cam/image_rect_color/compressed/png_level] by /usb_cam/image_proc
[rosmaster.master][INFO] 2020-01-30 20:01:57,177: +PARAM [/usb_cam/image_rect_color/compressed/format] by /usb_cam/image_proc
[rosmaster.master][INFO] 2020-01-30 20:01:57,177: +PARAM [/usb_cam/image_rect_color/compressed/jpeg_quality] by /usb_cam/image_proc
[rosmaster.master][INFO] 2020-01-30 20:01:57,178: +PARAM [/usb_cam/image_rect_color/compressed/png_level] by /usb_cam/image_proc
[rosmaster.master][INFO] 2020-01-30 20:01:57,178: +PUB [/usb_cam/image_rect_color] /usb_cam/image_proc http://itachi-HP-Pavilion-Laptop-15-cc1xx:38131/
[rosmaster.master][INFO] 2020-01-30 20:01:57,179: +PUB [/usb_cam/image_rect_color/theora] /usb_cam/image_proc http://itachi-HP-Pavilion-Laptop-15-cc1xx:38131/
[rosmaster.master][INFO] 2020-01-30 20:01:57,180: +SERVICE [/usb_cam/image_rect_color/theora/set_parameters] /usb_cam/image_proc http://itachi-HP-Pavilion-Laptop-15-cc1xx:38131/
[rosmaster.master][INFO] 2020-01-30 20:01:57,180: +PUB [/usb_cam/image_rect_color/theora/parameter_descriptions] /usb_cam/image_proc http://itachi-HP-Pavilion-Laptop-15-cc1xx:38131/
[rosmaster.master][INFO] 2020-01-30 20:01:57,181: +PUB [/usb_cam/image_rect_color/theora/parameter_updates] /usb_cam/image_proc http://itachi-HP-Pavilion-Laptop-15-cc1xx:38131/
[rosmaster.master][INFO] 2020-01-30 20:01:57,183: +PARAM [/usb_cam/image_rect_color/theora/optimize_for] by /usb_cam/image_proc
[rosmaster.master][INFO] 2020-01-30 20:01:57,183: +PARAM [/usb_cam/image_rect_color/theora/target_bitrate] by /usb_cam/image_proc
[rosmaster.master][INFO] 2020-01-30 20:01:57,184: +PARAM [/usb_cam/image_rect_color/theora/quality] by /usb_cam/image_proc
[rosmaster.master][INFO] 2020-01-30 20:01:57,184: +PARAM [/usb_cam/image_rect_color/theora/keyframe_frequency] by /usb_cam/image_proc
[rosmaster.master][INFO] 2020-01-30 20:01:57,185: +PARAM [/usb_cam/image_rect_color/theora/optimize_for] by /usb_cam/image_proc
[rosmaster.master][INFO] 2020-01-30 20:01:57,185: +PARAM [/usb_cam/image_rect_color/theora/target_bitrate] by /usb_cam/image_proc
[rosmaster.master][INFO] 2020-01-30 20:01:57,186: +PARAM [/usb_cam/image_rect_color/theora/quality] by /usb_cam/image_proc
[rosmaster.master][INFO] 2020-01-30 20:01:57,186: +PARAM [/usb_cam/image_rect_color/theora/keyframe_frequency] by /usb_cam/image_proc
[rosmaster.master][INFO] 2020-01-30 20:01:57,261: publisherUpdate[/usb_cam/image_rect_color] -> http://itachi-HP-Pavilion-Laptop-15-cc1xx:40923/ ['http://itachi-HP-Pavilion-Laptop-15-cc1xx:38131/']
[rosmaster.master][INFO] 2020-01-30 20:01:57,263: publisherUpdate[/usb_cam/image_rect_color] -> http://itachi-HP-Pavilion-Laptop-15-cc1xx:40923/ ['http://itachi-HP-Pavilion-Laptop-15-cc1xx:38131/']: sec=0.00, result=[1, '', 0]
[rosmaster.master][INFO] 2020-01-30 20:01:57,480: +SUB [/usb_cam/image_color] /usb_cam/image_proc http://itachi-HP-Pavilion-Laptop-15-cc1xx:38131/
[rosmaster.master][INFO] 2020-01-30 20:01:57,494: +SUB [/usb_cam/camera_info] /usb_cam/image_proc http://itachi-HP-Pavilion-Laptop-15-cc1xx:38131/
[rosmaster.master][INFO] 2020-01-30 20:01:57,505: +SUB [/usb_cam/image_raw] /usb_cam/image_proc http://itachi-HP-Pavilion-Laptop-15-cc1xx:38131/
[rosmaster.master][INFO] 2020-01-30 20:02:02,771: -SERVICE [/usb_cam/get_loggers] /usb_cam rosrpc://itachi-HP-Pavilion-Laptop-15-cc1xx:41065
[rosmaster.master][INFO] 2020-01-30 20:02:02,774: -SERVICE [/usb_cam/set_logger_level] /usb_cam rosrpc://itachi-HP-Pavilion-Laptop-15-cc1xx:41065
[rosmaster.master][INFO] 2020-01-30 20:02:02,776: -SERVICE [/usb_cam/image_raw/compressedDepth/set_parameters] /usb_cam rosrpc://itachi-HP-Pavilion-Laptop-15-cc1xx:41065
[rosmaster.master][INFO] 2020-01-30 20:02:02,778: -SERVICE [/usb_cam/image_raw/compressed/set_parameters] /usb_cam rosrpc://itachi-HP-Pavilion-Laptop-15-cc1xx:41065
[rosmaster.master][INFO] 2020-01-30 20:02:02,781: -SERVICE [/usb_cam/image_raw/theora/set_parameters] /usb_cam rosrpc://itachi-HP-Pavilion-Laptop-15-cc1xx:41065
[rosmaster.master][INFO] 2020-01-30 20:02:02,783: -SERVICE [/usb_cam/set_camera_info] /usb_cam rosrpc://itachi-HP-Pavilion-Laptop-15-cc1xx:41065
[rosmaster.master][INFO] 2020-01-30 20:02:02,786: -SERVICE [/usb_cam/start_capture] /usb_cam rosrpc://itachi-HP-Pavilion-Laptop-15-cc1xx:41065
[rosmaster.master][INFO] 2020-01-30 20:02:02,789: -SERVICE [/usb_cam/stop_capture] /usb_cam rosrpc://itachi-HP-Pavilion-Laptop-15-cc1xx:41065
[rosmaster.master][INFO] 2020-01-30 20:02:02,879: -PUB [/rosout] /usb_cam http://itachi-HP-Pavilion-Laptop-15-cc1xx:35985/
[rosmaster.master][INFO] 2020-01-30 20:02:02,882: -PUB [/usb_cam/image_raw/compressedDepth] /usb_cam http://itachi-HP-Pavilion-Laptop-15-cc1xx:35985/
[rosmaster.master][INFO] 2020-01-30 20:02:02,884: -PUB [/usb_cam/image_raw/compressedDepth/parameter_descriptions] /usb_cam http://itachi-HP-Pavilion-Laptop-15-cc1xx:35985/
[rosmaster.master][INFO] 2020-01-30 20:02:02,888: -PUB [/usb_cam/image_raw/compressedDepth/parameter_updates] /usb_cam http://itachi-HP-Pavilion-Laptop-15-cc1xx:35985/
[rosmaster.master][INFO] 2020-01-30 20:02:02,890: -PUB [/usb_cam/image_raw/compressed] /usb_cam http://itachi-HP-Pavilion-Laptop-15-cc1xx:35985/
[rosmaster.master][INFO] 2020-01-30 20:02:02,893: -PUB [/usb_cam/image_raw/compressed/parameter_descriptions] /usb_cam http://itachi-HP-Pavilion-Laptop-15-cc1xx:35985/
[rosmaster.master][INFO] 2020-01-30 20:02:02,895: -PUB [/usb_cam/image_raw/compressed/parameter_updates] /usb_cam http://itachi-HP-Pavilion-Laptop-15-cc1xx:35985/
[rosmaster.master][INFO] 2020-01-30 20:02:02,897: -PUB [/usb_cam/image_raw] /usb_cam http://itachi-HP-Pavilion-Laptop-15-cc1xx:35985/
[rosmaster.master][INFO] 2020-01-30 20:02:02,900: -PUB [/usb_cam/image_raw/theora] /usb_cam http://itachi-HP-Pavilion-Laptop-15-cc1xx:35985/
[rosmaster.master][INFO] 2020-01-30 20:02:02,902: -PUB [/usb_cam/image_raw/theora/parameter_descriptions] /usb_cam http://itachi-HP-Pavilion-Laptop-15-cc1xx:35985/
[rosmaster.master][INFO] 2020-01-30 20:02:02,905: -PUB [/usb_cam/image_raw/theora/parameter_updates] /usb_cam http://itachi-HP-Pavilion-Laptop-15-cc1xx:35985/
[rosmaster.master][INFO] 2020-01-30 20:02:02,907: -PUB [/usb_cam/camera_info] /usb_cam http://itachi-HP-Pavilion-Laptop-15-cc1xx:35985/
[rosmaster.master][INFO] 2020-01-30 20:02:02,972: publisherUpdate[/rosout] -> http://itachi-HP-Pavilion-Laptop-15-cc1xx:35859/ ['http://itachi-HP-Pavilion-Laptop-15-cc1xx:38131/', 'http://itachi-HP-Pavilion-Laptop-15-cc1xx:40923/', 'http://itachi-HP-Pavilion-Laptop-15-cc1xx:38109/']
[rosmaster.master][INFO] 2020-01-30 20:02:02,973: publisherUpdate[/usb_cam/image_raw] -> http://itachi-HP-Pavilion-Laptop-15-cc1xx:38131/ []
[rosmaster.master][INFO] 2020-01-30 20:02:02,975: publisherUpdate[/rosout] -> http://itachi-HP-Pavilion-Laptop-15-cc1xx:35859/ ['http://itachi-HP-Pavilion-Laptop-15-cc1xx:38131/', 'http://itachi-HP-Pavilion-Laptop-15-cc1xx:40923/', 'http://itachi-HP-Pavilion-Laptop-15-cc1xx:38109/']: sec=0.00, result=[1, '', 0]
[rosmaster.master][INFO] 2020-01-30 20:02:02,976: publisherUpdate[/usb_cam/camera_info] -> http://itachi-HP-Pavilion-Laptop-15-cc1xx:40923/ []
[rosmaster.master][INFO] 2020-01-30 20:02:02,977: publisherUpdate[/usb_cam/image_raw] -> http://itachi-HP-Pavilion-Laptop-15-cc1xx:38131/ []: sec=0.00, result=[1, '', 0]
[rosmaster.master][INFO] 2020-01-30 20:02:02,979: publisherUpdate[/usb_cam/camera_info] -> http://itachi-HP-Pavilion-Laptop-15-cc1xx:40923/ []: sec=0.00, result=[1, '', 0]
[rosmaster.master][INFO] 2020-01-30 20:02:02,979: publisherUpdate[/usb_cam/camera_info] -> http://itachi-HP-Pavilion-Laptop-15-cc1xx:38131/ []
[rosmaster.master][INFO] 2020-01-30 20:02:02,981: publisherUpdate[/usb_cam/camera_info] -> http://itachi-HP-Pavilion-Laptop-15-cc1xx:38131/ []: sec=0.00, result=[1, '', 0]
[rosmaster.master][INFO] 2020-01-30 20:02:11,790: -PUB [/rosout] /whycon_display/image_view http://itachi-HP-Pavilion-Laptop-15-cc1xx:38109/
[rosmaster.master][INFO] 2020-01-30 20:02:11,790: -PUB [/whycon_display/image_view/output] /whycon_display/image_view http://itachi-HP-Pavilion-Laptop-15-cc1xx:38109/
[rosmaster.master][INFO] 2020-01-30 20:02:11,791: -PUB [/whycon_display/image_view/parameter_descriptions] /whycon_display/image_view http://itachi-HP-Pavilion-Laptop-15-cc1xx:38109/
[rosmaster.master][INFO] 2020-01-30 20:02:11,791: -PUB [/whycon_display/image_view/parameter_updates] /whycon_display/image_view http://itachi-HP-Pavilion-Laptop-15-cc1xx:38109/
[rosmaster.master][INFO] 2020-01-30 20:02:11,792: -SUB [/whycon/image_out] /whycon_display/image_view http://itachi-HP-Pavilion-Laptop-15-cc1xx:38109/
[rosmaster.master][INFO] 2020-01-30 20:02:11,792: -SERVICE [/whycon_display/image_view/get_loggers] /whycon_display/image_view rosrpc://itachi-HP-Pavilion-Laptop-15-cc1xx:33181
[rosmaster.master][INFO] 2020-01-30 20:02:11,793: -SERVICE [/whycon_display/image_view/set_logger_level] /whycon_display/image_view rosrpc://itachi-HP-Pavilion-Laptop-15-cc1xx:33181
[rosmaster.master][INFO] 2020-01-30 20:02:11,793: -SERVICE [/whycon_display/image_view/set_parameters] /whycon_display/image_view rosrpc://itachi-HP-Pavilion-Laptop-15-cc1xx:33181
[rosmaster.master][INFO] 2020-01-30 20:02:11,795: -PUB [/rosout] /whycon http://itachi-HP-Pavilion-Laptop-15-cc1xx:40923/
[rosmaster.master][INFO] 2020-01-30 20:02:11,796: -PUB [/tf] /whycon http://itachi-HP-Pavilion-Laptop-15-cc1xx:40923/
[rosmaster.master][INFO] 2020-01-30 20:02:11,796: -PUB [/whycon/image_out] /whycon http://itachi-HP-Pavilion-Laptop-15-cc1xx:40923/
[rosmaster.master][INFO] 2020-01-30 20:02:11,796: -PUB [/whycon/poses] /whycon http://itachi-HP-Pavilion-Laptop-15-cc1xx:40923/
[rosmaster.master][INFO] 2020-01-30 20:02:11,797: publisherUpdate[/rosout] -> http://itachi-HP-Pavilion-Laptop-15-cc1xx:35859/ ['http://itachi-HP-Pavilion-Laptop-15-cc1xx:38131/', 'http://itachi-HP-Pavilion-Laptop-15-cc1xx:40923/']
[rosmaster.master][INFO] 2020-01-30 20:02:11,797: -PUB [/whycon/context] /whycon http://itachi-HP-Pavilion-Laptop-15-cc1xx:40923/
[rosmaster.master][INFO] 2020-01-30 20:02:11,798: publisherUpdate[/rosout] -> http://itachi-HP-Pavilion-Laptop-15-cc1xx:35859/ ['http://itachi-HP-Pavilion-Laptop-15-cc1xx:38131/', 'http://itachi-HP-Pavilion-Laptop-15-cc1xx:40923/']: sec=0.00, result=[1, '', 0]
[rosmaster.master][INFO] 2020-01-30 20:02:11,798: -PUB [/rosout] /usb_cam/image_proc http://itachi-HP-Pavilion-Laptop-15-cc1xx:38131/
[rosmaster.master][INFO] 2020-01-30 20:02:11,798: publisherUpdate[/rosout] -> http://itachi-HP-Pavilion-Laptop-15-cc1xx:35859/ ['http://itachi-HP-Pavilion-Laptop-15-cc1xx:38131/']
[rosmaster.master][INFO] 2020-01-30 20:02:11,799: -PUB [/whycon/projection] /whycon http://itachi-HP-Pavilion-Laptop-15-cc1xx:40923/
[rosmaster.master][INFO] 2020-01-30 20:02:11,799: publisherUpdate[/rosout] -> http://itachi-HP-Pavilion-Laptop-15-cc1xx:35859/ ['http://itachi-HP-Pavilion-Laptop-15-cc1xx:38131/']: sec=0.00, result=[1, '', 0]
[rosmaster.master][INFO] 2020-01-30 20:02:11,800: publisherUpdate[/rosout] -> http://itachi-HP-Pavilion-Laptop-15-cc1xx:35859/ []
[rosmaster.master][INFO] 2020-01-30 20:02:11,800: publisherUpdate[/rosout] -> http://itachi-HP-Pavilion-Laptop-15-cc1xx:35859/ []: sec=0.00, result=[1, '', 0]
[rosmaster.master][INFO] 2020-01-30 20:02:11,800: -PUB [/usb_cam/image_proc_debayer/parameter_descriptions] /usb_cam/image_proc http://itachi-HP-Pavilion-Laptop-15-cc1xx:38131/
[rosmaster.master][INFO] 2020-01-30 20:02:11,801: -SUB [/usb_cam/image_rect_color] /whycon http://itachi-HP-Pavilion-Laptop-15-cc1xx:40923/
[rosmaster.master][INFO] 2020-01-30 20:02:11,802: -PUB [/usb_cam/image_proc_debayer/parameter_updates] /usb_cam/image_proc http://itachi-HP-Pavilion-Laptop-15-cc1xx:38131/
[rosmaster.master][INFO] 2020-01-30 20:02:11,805: -SUB [/usb_cam/camera_info] /whycon http://itachi-HP-Pavilion-Laptop-15-cc1xx:40923/
[rosmaster.master][INFO] 2020-01-30 20:02:11,806: -PUB [/usb_cam/image_mono/compressedDepth] /usb_cam/image_proc http://itachi-HP-Pavilion-Laptop-15-cc1xx:38131/
[rosmaster.master][INFO] 2020-01-30 20:02:11,808: -SERVICE [/whycon/get_loggers] /whycon rosrpc://itachi-HP-Pavilion-Laptop-15-cc1xx:41215
[rosmaster.master][INFO] 2020-01-30 20:02:11,809: -PUB [/usb_cam/image_mono/compressedDepth/parameter_descriptions] /usb_cam/image_proc http://itachi-HP-Pavilion-Laptop-15-cc1xx:38131/
[rosmaster.master][INFO] 2020-01-30 20:02:11,809: -SERVICE [/whycon/set_logger_level] /whycon rosrpc://itachi-HP-Pavilion-Laptop-15-cc1xx:41215
[rosmaster.master][INFO] 2020-01-30 20:02:11,810: -PUB [/usb_cam/image_mono/compressedDepth/parameter_updates] /usb_cam/image_proc http://itachi-HP-Pavilion-Laptop-15-cc1xx:38131/
[rosmaster.master][INFO] 2020-01-30 20:02:11,811: -SERVICE [/whycon/reset] /whycon rosrpc://itachi-HP-Pavilion-Laptop-15-cc1xx:41215
[rosmaster.master][INFO] 2020-01-30 20:02:11,812: -PUB [/usb_cam/image_mono/compressed] /usb_cam/image_proc http://itachi-HP-Pavilion-Laptop-15-cc1xx:38131/
[rosmaster.master][INFO] 2020-01-30 20:02:11,812: -PUB [/usb_cam/image_mono/compressed/parameter_descriptions] /usb_cam/image_proc http://itachi-HP-Pavilion-Laptop-15-cc1xx:38131/
[rosmaster.master][INFO] 2020-01-30 20:02:11,813: -PUB [/usb_cam/image_mono/compressed/parameter_updates] /usb_cam/image_proc http://itachi-HP-Pavilion-Laptop-15-cc1xx:38131/
[rosmaster.master][INFO] 2020-01-30 20:02:11,813: -PUB [/usb_cam/image_mono] /usb_cam/image_proc http://itachi-HP-Pavilion-Laptop-15-cc1xx:38131/
[rosmaster.master][INFO] 2020-01-30 20:02:11,814: -PUB [/usb_cam/image_mono/theora] /usb_cam/image_proc http://itachi-HP-Pavilion-Laptop-15-cc1xx:38131/
[rosmaster.master][INFO] 2020-01-30 20:02:11,814: -PUB [/usb_cam/image_mono/theora/parameter_descriptions] /usb_cam/image_proc http://itachi-HP-Pavilion-Laptop-15-cc1xx:38131/
[rosmaster.master][INFO] 2020-01-30 20:02:11,815: -PUB [/usb_cam/image_mono/theora/parameter_updates] /usb_cam/image_proc http://itachi-HP-Pavilion-Laptop-15-cc1xx:38131/
[rosmaster.master][INFO] 2020-01-30 20:02:11,815: -PUB [/usb_cam/image_color/compressedDepth] /usb_cam/image_proc http://itachi-HP-Pavilion-Laptop-15-cc1xx:38131/
[rosmaster.master][INFO] 2020-01-30 20:02:11,816: -PUB [/usb_cam/image_color/compressedDepth/parameter_descriptions] /usb_cam/image_proc http://itachi-HP-Pavilion-Laptop-15-cc1xx:38131/
[rosmaster.master][INFO] 2020-01-30 20:02:11,816: -PUB [/usb_cam/image_color/compressedDepth/parameter_updates] /usb_cam/image_proc http://itachi-HP-Pavilion-Laptop-15-cc1xx:38131/
[rosmaster.master][INFO] 2020-01-30 20:02:11,817: -PUB [/usb_cam/image_color/compressed] /usb_cam/image_proc http://itachi-HP-Pavilion-Laptop-15-cc1xx:38131/
[rosmaster.master][INFO] 2020-01-30 20:02:11,817: -PUB [/usb_cam/image_color/compressed/parameter_descriptions] /usb_cam/image_proc http://itachi-HP-Pavilion-Laptop-15-cc1xx:38131/
[rosmaster.master][INFO] 2020-01-30 20:02:11,818: -PUB [/usb_cam/image_color/compressed/parameter_updates] /usb_cam/image_proc http://itachi-HP-Pavilion-Laptop-15-cc1xx:38131/
[rosmaster.master][INFO] 2020-01-30 20:02:11,818: -PUB [/usb_cam/image_color] /usb_cam/image_proc http://itachi-HP-Pavilion-Laptop-15-cc1xx:38131/
[rosmaster.master][INFO] 2020-01-30 20:02:11,818: -PUB [/usb_cam/image_color/theora] /usb_cam/image_proc http://itachi-HP-Pavilion-Laptop-15-cc1xx:38131/
[rosmaster.master][INFO] 2020-01-30 20:02:11,819: -PUB [/usb_cam/image_color/theora/parameter_descriptions] /usb_cam/image_proc http://itachi-HP-Pavilion-Laptop-15-cc1xx:38131/
[rosmaster.master][INFO] 2020-01-30 20:02:11,820: -PUB [/usb_cam/image_color/theora/parameter_updates] /usb_cam/image_proc http://itachi-HP-Pavilion-Laptop-15-cc1xx:38131/
[rosmaster.master][INFO] 2020-01-30 20:02:11,820: -PUB [/usb_cam/image_proc_rectify_mono/parameter_descriptions] /usb_cam/image_proc http://itachi-HP-Pavilion-Laptop-15-cc1xx:38131/
[rosmaster.master][INFO] 2020-01-30 20:02:11,821: -PUB [/usb_cam/image_proc_rectify_mono/parameter_updates] /usb_cam/image_proc http://itachi-HP-Pavilion-Laptop-15-cc1xx:38131/
[rosmaster.master][INFO] 2020-01-30 20:02:11,821: -PUB [/usb_cam/image_rect/compressedDepth] /usb_cam/image_proc http://itachi-HP-Pavilion-Laptop-15-cc1xx:38131/
[rosmaster.master][INFO] 2020-01-30 20:02:11,822: -PUB [/usb_cam/image_rect/compressedDepth/parameter_descriptions] /usb_cam/image_proc http://itachi-HP-Pavilion-Laptop-15-cc1xx:38131/
[rosmaster.master][INFO] 2020-01-30 20:02:11,822: -PUB [/usb_cam/image_rect/compressedDepth/parameter_updates] /usb_cam/image_proc http://itachi-HP-Pavilion-Laptop-15-cc1xx:38131/
[rosmaster.master][INFO] 2020-01-30 20:02:11,823: -PUB [/usb_cam/image_rect/compressed] /usb_cam/image_proc http://itachi-HP-Pavilion-Laptop-15-cc1xx:38131/
[rosmaster.master][INFO] 2020-01-30 20:02:11,823: -PUB [/usb_cam/image_rect/compressed/parameter_descriptions] /usb_cam/image_proc http://itachi-HP-Pavilion-Laptop-15-cc1xx:38131/
[rosmaster.master][INFO] 2020-01-30 20:02:11,823: -PUB [/usb_cam/image_rect/compressed/parameter_updates] /usb_cam/image_proc http://itachi-HP-Pavilion-Laptop-15-cc1xx:38131/
[rosmaster.master][INFO] 2020-01-30 20:02:11,824: -PUB [/usb_cam/image_rect] /usb_cam/image_proc http://itachi-HP-Pavilion-Laptop-15-cc1xx:38131/
[rosmaster.master][INFO] 2020-01-30 20:02:11,824: -PUB [/usb_cam/image_rect/theora] /usb_cam/image_proc http://itachi-HP-Pavilion-Laptop-15-cc1xx:38131/
[rosmaster.master][INFO] 2020-01-30 20:02:11,825: -PUB [/usb_cam/image_rect/theora/parameter_descriptions] /usb_cam/image_proc http://itachi-HP-Pavilion-Laptop-15-cc1xx:38131/
[rosmaster.master][INFO] 2020-01-30 20:02:11,825: -PUB [/usb_cam/image_rect/theora/parameter_updates] /usb_cam/image_proc http://itachi-HP-Pavilion-Laptop-15-cc1xx:38131/
[rosmaster.master][INFO] 2020-01-30 20:02:11,825: -PUB [/usb_cam/image_proc_rectify_color/parameter_descriptions] /usb_cam/image_proc http://itachi-HP-Pavilion-Laptop-15-cc1xx:38131/
[rosmaster.master][INFO] 2020-01-30 20:02:11,826: -PUB [/usb_cam/image_proc_rectify_color/parameter_updates] /usb_cam/image_proc http://itachi-HP-Pavilion-Laptop-15-cc1xx:38131/
[rosmaster.master][INFO] 2020-01-30 20:02:11,826: -PUB [/usb_cam/image_rect_color/compressedDepth] /usb_cam/image_proc http://itachi-HP-Pavilion-Laptop-15-cc1xx:38131/
[rosmaster.master][INFO] 2020-01-30 20:02:11,827: -PUB [/usb_cam/image_rect_color/compressedDepth/parameter_descriptions] /usb_cam/image_proc http://itachi-HP-Pavilion-Laptop-15-cc1xx:38131/
[rosmaster.master][INFO] 2020-01-30 20:02:11,827: -PUB [/usb_cam/image_rect_color/compressedDepth/parameter_updates] /usb_cam/image_proc http://itachi-HP-Pavilion-Laptop-15-cc1xx:38131/
[rosmaster.master][INFO] 2020-01-30 20:02:11,827: -PUB [/usb_cam/image_rect_color/compressed] /usb_cam/image_proc http://itachi-HP-Pavilion-Laptop-15-cc1xx:38131/
[rosmaster.master][INFO] 2020-01-30 20:02:11,828: -PUB [/usb_cam/image_rect_color/compressed/parameter_descriptions] /usb_cam/image_proc http://itachi-HP-Pavilion-Laptop-15-cc1xx:38131/
[rosmaster.master][INFO] 2020-01-30 20:02:11,828: -PUB [/usb_cam/image_rect_color/compressed/parameter_updates] /usb_cam/image_proc http://itachi-HP-Pavilion-Laptop-15-cc1xx:38131/
[rosmaster.master][INFO] 2020-01-30 20:02:11,829: -PUB [/usb_cam/image_rect_color] /usb_cam/image_proc http://itachi-HP-Pavilion-Laptop-15-cc1xx:38131/
[rosmaster.master][INFO] 2020-01-30 20:02:11,829: -PUB [/usb_cam/image_rect_color/theora] /usb_cam/image_proc http://itachi-HP-Pavilion-Laptop-15-cc1xx:38131/
[rosmaster.master][INFO] 2020-01-30 20:02:11,829: -PUB [/usb_cam/image_rect_color/theora/parameter_descriptions] /usb_cam/image_proc http://itachi-HP-Pavilion-Laptop-15-cc1xx:38131/
[rosmaster.master][INFO] 2020-01-30 20:02:11,830: -PUB [/usb_cam/image_rect_color/theora/parameter_updates] /usb_cam/image_proc http://itachi-HP-Pavilion-Laptop-15-cc1xx:38131/
[rosmaster.master][INFO] 2020-01-30 20:02:11,830: -SUB [/usb_cam/image_color] /usb_cam/image_proc http://itachi-HP-Pavilion-Laptop-15-cc1xx:38131/
[rosmaster.master][INFO] 2020-01-30 20:02:11,831: -SUB [/usb_cam/camera_info] /usb_cam/image_proc http://itachi-HP-Pavilion-Laptop-15-cc1xx:38131/
[rosmaster.master][INFO] 2020-01-30 20:02:11,831: -SUB [/usb_cam/image_raw] /usb_cam/image_proc http://itachi-HP-Pavilion-Laptop-15-cc1xx:38131/
[rosmaster.master][INFO] 2020-01-30 20:02:11,832: -SERVICE [/usb_cam/image_proc/get_loggers] /usb_cam/image_proc rosrpc://itachi-HP-Pavilion-Laptop-15-cc1xx:45289
[rosmaster.master][INFO] 2020-01-30 20:02:11,832: -SERVICE [/usb_cam/image_proc/set_logger_level] /usb_cam/image_proc rosrpc://itachi-HP-Pavilion-Laptop-15-cc1xx:45289
[rosmaster.master][INFO] 2020-01-30 20:02:11,832: -SERVICE [/usb_cam/image_proc_debayer/set_parameters] /usb_cam/image_proc rosrpc://itachi-HP-Pavilion-Laptop-15-cc1xx:45289
[rosmaster.master][INFO] 2020-01-30 20:02:11,833: -SERVICE [/usb_cam/image_mono/compressedDepth/set_parameters] /usb_cam/image_proc rosrpc://itachi-HP-Pavilion-Laptop-15-cc1xx:45289
[rosmaster.master][INFO] 2020-01-30 20:02:11,833: -SERVICE [/usb_cam/image_mono/compressed/set_parameters] /usb_cam/image_proc rosrpc://itachi-HP-Pavilion-Laptop-15-cc1xx:45289
[rosmaster.master][INFO] 2020-01-30 20:02:11,834: -SERVICE [/usb_cam/image_mono/theora/set_parameters] /usb_cam/image_proc rosrpc://itachi-HP-Pavilion-Laptop-15-cc1xx:45289
[rosmaster.master][INFO] 2020-01-30 20:02:11,834: -SERVICE [/usb_cam/image_color/compressedDepth/set_parameters] /usb_cam/image_proc rosrpc://itachi-HP-Pavilion-Laptop-15-cc1xx:45289
[rosmaster.master][INFO] 2020-01-30 20:02:11,834: -SERVICE [/usb_cam/image_color/compressed/set_parameters] /usb_cam/image_proc rosrpc://itachi-HP-Pavilion-Laptop-15-cc1xx:45289
[rosmaster.master][INFO] 2020-01-30 20:02:11,835: -SERVICE [/usb_cam/image_color/theora/set_parameters] /usb_cam/image_proc rosrpc://itachi-HP-Pavilion-Laptop-15-cc1xx:45289
[rosmaster.master][INFO] 2020-01-30 20:02:11,835: -SERVICE [/usb_cam/image_proc_rectify_mono/set_parameters] /usb_cam/image_proc rosrpc://itachi-HP-Pavilion-Laptop-15-cc1xx:45289
[rosmaster.master][INFO] 2020-01-30 20:02:11,836: -SERVICE [/usb_cam/image_rect/compressedDepth/set_parameters] /usb_cam/image_proc rosrpc://itachi-HP-Pavilion-Laptop-15-cc1xx:45289
[rosmaster.master][INFO] 2020-01-30 20:02:11,837: -SERVICE [/usb_cam/image_rect/compressed/set_parameters] /usb_cam/image_proc rosrpc://itachi-HP-Pavilion-Laptop-15-cc1xx:45289
[rosmaster.master][INFO] 2020-01-30 20:02:11,838: -SERVICE [/usb_cam/image_rect/theora/set_parameters] /usb_cam/image_proc rosrpc://itachi-HP-Pavilion-Laptop-15-cc1xx:45289
[rosmaster.master][INFO] 2020-01-30 20:02:11,838: -SERVICE [/usb_cam/image_proc_rectify_color/set_parameters] /usb_cam/image_proc rosrpc://itachi-HP-Pavilion-Laptop-15-cc1xx:45289
[rosmaster.master][INFO] 2020-01-30 20:02:11,839: -SERVICE [/usb_cam/image_rect_color/compressedDepth/set_parameters] /usb_cam/image_proc rosrpc://itachi-HP-Pavilion-Laptop-15-cc1xx:45289
[rosmaster.master][INFO] 2020-01-30 20:02:11,839: -SERVICE [/usb_cam/image_rect_color/compressed/set_parameters] /usb_cam/image_proc rosrpc://itachi-HP-Pavilion-Laptop-15-cc1xx:45289
[rosmaster.master][INFO] 2020-01-30 20:02:11,840: -SERVICE [/usb_cam/image_rect_color/theora/set_parameters] /usb_cam/image_proc rosrpc://itachi-HP-Pavilion-Laptop-15-cc1xx:45289
[rosmaster.master][INFO] 2020-01-30 20:02:11,898: publisherUpdate[/usb_cam/image_color] -> http://itachi-HP-Pavilion-Laptop-15-cc1xx:38131/ []
[rosmaster.master][INFO] 2020-01-30 20:02:11,898: publisherUpdate[/usb_cam/image_color] -> http://itachi-HP-Pavilion-Laptop-15-cc1xx:38131/ []: sec=0.00, exception=<Fault -1: 'publisherUpdate: unknown method name'>
[rosmaster.threadpool][ERROR] 2020-01-30 20:02:11,899: Traceback (most recent call last):
  File "/opt/ros/kinetic/lib/python2.7/dist-packages/rosmaster/threadpool.py", line 218, in run
    result = cmd(*args)
  File "/opt/ros/kinetic/lib/python2.7/dist-packages/rosmaster/master_api.py", line 210, in publisher_update_task
    ret = xmlrpcapi(api).publisherUpdate('/master', topic, pub_uris)
  File "/usr/lib/python2.7/xmlrpclib.py", line 1243, in __call__
    return self.__send(self.__name, args)
  File "/usr/lib/python2.7/xmlrpclib.py", line 1602, in __request
    verbose=self.__verbose
  File "/usr/lib/python2.7/xmlrpclib.py", line 1283, in request
    return self.single_request(host, handler, request_body, verbose)
  File "/usr/lib/python2.7/xmlrpclib.py", line 1316, in single_request
    return self.parse_response(response)
  File "/usr/lib/python2.7/xmlrpclib.py", line 1493, in parse_response
    return u.close()
  File "/usr/lib/python2.7/xmlrpclib.py", line 800, in close
    raise Fault(**self._stack[0])
Fault: <Fault -1: 'publisherUpdate: unknown method name'>

[rosmaster.master][INFO] 2020-01-30 20:02:12,201: -PUB [/rosout_agg] /rosout http://itachi-HP-Pavilion-Laptop-15-cc1xx:35859/
[rosmaster.master][INFO] 2020-01-30 20:02:12,202: -SUB [/rosout] /rosout http://itachi-HP-Pavilion-Laptop-15-cc1xx:35859/
[rosmaster.master][INFO] 2020-01-30 20:02:12,202: -SERVICE [/rosout/get_loggers] /rosout rosrpc://itachi-HP-Pavilion-Laptop-15-cc1xx:38715
[rosmaster.master][INFO] 2020-01-30 20:02:12,203: -SERVICE [/rosout/set_logger_level] /rosout rosrpc://itachi-HP-Pavilion-Laptop-15-cc1xx:38715
[rosmaster.main][INFO] 2020-01-30 20:02:12,260: keyboard interrupt, will exit
[rosmaster.main][INFO] 2020-01-30 20:02:12,260: stopping master...
[rospy.core][INFO] 2020-01-30 20:02:12,261: signal_shutdown [atexit]
