[rosmaster.main][INFO] 2020-02-28 20:23:00,958: initialization complete, waiting for shutdown
[rosmaster.main][INFO] 2020-02-28 20:23:00,958: Starting ROS Master Node
[xmlrpc][INFO] 2020-02-28 20:23:00,958: XML-RPC server binding to 0.0.0.0:11311
[xmlrpc][INFO] 2020-02-28 20:23:00,959: Started XML-RPC server [http://itachi-HP-Pavilion-Laptop-15-cc1xx:11311/]
[xmlrpc][INFO] 2020-02-28 20:23:00,959: xml rpc node: starting XML-RPC server
[rosmaster.master][INFO] 2020-02-28 20:23:00,959: Master initialized: port[11311], uri[http://itachi-HP-Pavilion-Laptop-15-cc1xx:11311/]
[rosmaster.master][INFO] 2020-02-28 20:23:00,995: +PARAM [/run_id] by /roslaunch
[rosmaster.master][INFO] 2020-02-28 20:23:00,996: +PARAM [/roslaunch/uris/host_itachi_hp_pavilion_laptop_15_cc1xx__35145] by /roslaunch
[rosmaster.master][INFO] 2020-02-28 20:23:01,085: +PARAM [/usb_cam/image_width] by /roslaunch
[rosmaster.master][INFO] 2020-02-28 20:23:01,085: +PARAM [/usb_cam/video_device] by /roslaunch
[rosmaster.master][INFO] 2020-02-28 20:23:01,085: +PARAM [/rosdistro] by /roslaunch
[rosmaster.master][INFO] 2020-02-28 20:23:01,085: +PARAM [/serial_node/baud] by /roslaunch
[rosmaster.master][INFO] 2020-02-28 20:23:01,085: +PARAM [/whycon/targets] by /roslaunch
[rosmaster.master][INFO] 2020-02-28 20:23:01,085: +PARAM [/usb_cam/pixel_format] by /roslaunch
[rosmaster.master][INFO] 2020-02-28 20:23:01,085: +PARAM [/usb_cam/io_method] by /roslaunch
[rosmaster.master][INFO] 2020-02-28 20:23:01,086: +PARAM [/usb_cam/camera_frame_id] by /roslaunch
[rosmaster.master][INFO] 2020-02-28 20:23:01,086: +PARAM [/whycon/name] by /roslaunch
[rosmaster.master][INFO] 2020-02-28 20:23:01,086: +PARAM [/rosversion] by /roslaunch
[rosmaster.master][INFO] 2020-02-28 20:23:01,086: +PARAM [/whycon/outer_diameter] by /roslaunch
[rosmaster.master][INFO] 2020-02-28 20:23:01,086: +PARAM [/usb_cam/image_height] by /roslaunch
[rosmaster.master][INFO] 2020-02-28 20:23:01,086: +PARAM [/serial_node/port] by /roslaunch
[rosmaster.master][INFO] 2020-02-28 20:23:01,086: +PARAM [/whycon/inner_diameter] by /roslaunch
[rosmaster.master][INFO] 2020-02-28 20:23:01,088: +SERVICE [/rosout/get_loggers] /rosout http://itachi-HP-Pavilion-Laptop-15-cc1xx:41005/
[rosmaster.master][INFO] 2020-02-28 20:23:01,088: +SERVICE [/rosout/set_logger_level] /rosout http://itachi-HP-Pavilion-Laptop-15-cc1xx:41005/
[rosmaster.master][INFO] 2020-02-28 20:23:01,089: +PUB [/rosout_agg] /rosout http://itachi-HP-Pavilion-Laptop-15-cc1xx:41005/
[rosmaster.master][INFO] 2020-02-28 20:23:01,092: +SUB [/rosout] /rosout http://itachi-HP-Pavilion-Laptop-15-cc1xx:41005/
[rosmaster.master][INFO] 2020-02-28 20:23:01,122: +PUB [/rosout] /usb_cam http://itachi-HP-Pavilion-Laptop-15-cc1xx:45217/
[rosmaster.master][INFO] 2020-02-28 20:23:01,124: +SERVICE [/usb_cam/get_loggers] /usb_cam http://itachi-HP-Pavilion-Laptop-15-cc1xx:45217/
[rosmaster.master][INFO] 2020-02-28 20:23:01,125: +SERVICE [/usb_cam/set_logger_level] /usb_cam http://itachi-HP-Pavilion-Laptop-15-cc1xx:45217/
[rosmaster.master][INFO] 2020-02-28 20:23:01,134: +PUB [/rosout] /usb_cam/image_proc http://itachi-HP-Pavilion-Laptop-15-cc1xx:39337/
[rosmaster.master][INFO] 2020-02-28 20:23:01,135: +SERVICE [/usb_cam/image_proc/get_loggers] /usb_cam/image_proc http://itachi-HP-Pavilion-Laptop-15-cc1xx:39337/
[rosmaster.master][INFO] 2020-02-28 20:23:01,135: +SERVICE [/usb_cam/image_proc/set_logger_level] /usb_cam/image_proc http://itachi-HP-Pavilion-Laptop-15-cc1xx:39337/
[rosmaster.master][INFO] 2020-02-28 20:23:01,152: +PUB [/rosout] /whycon http://itachi-HP-Pavilion-Laptop-15-cc1xx:43365/
[rosmaster.master][INFO] 2020-02-28 20:23:01,153: +SERVICE [/whycon/get_loggers] /whycon http://itachi-HP-Pavilion-Laptop-15-cc1xx:43365/
[rosmaster.master][INFO] 2020-02-28 20:23:01,154: +SERVICE [/whycon/set_logger_level] /whycon http://itachi-HP-Pavilion-Laptop-15-cc1xx:43365/
[rosmaster.master][INFO] 2020-02-28 20:23:01,158: publisherUpdate[/rosout] -> http://itachi-HP-Pavilion-Laptop-15-cc1xx:41005/ ['http://itachi-HP-Pavilion-Laptop-15-cc1xx:45217/']
[rosmaster.master][INFO] 2020-02-28 20:23:01,160: publisherUpdate[/rosout] -> http://itachi-HP-Pavilion-Laptop-15-cc1xx:41005/ ['http://itachi-HP-Pavilion-Laptop-15-cc1xx:45217/']: sec=0.00, result=[1, '', 0]
[rosmaster.master][INFO] 2020-02-28 20:23:01,160: publisherUpdate[/rosout] -> http://itachi-HP-Pavilion-Laptop-15-cc1xx:41005/ ['http://itachi-HP-Pavilion-Laptop-15-cc1xx:45217/', 'http://itachi-HP-Pavilion-Laptop-15-cc1xx:39337/']
[rosmaster.master][INFO] 2020-02-28 20:23:01,161: publisherUpdate[/rosout] -> http://itachi-HP-Pavilion-Laptop-15-cc1xx:41005/ ['http://itachi-HP-Pavilion-Laptop-15-cc1xx:45217/', 'http://itachi-HP-Pavilion-Laptop-15-cc1xx:39337/']: sec=0.00, result=[1, '', 0]
[rosmaster.master][INFO] 2020-02-28 20:23:01,161: publisherUpdate[/rosout] -> http://itachi-HP-Pavilion-Laptop-15-cc1xx:41005/ ['http://itachi-HP-Pavilion-Laptop-15-cc1xx:45217/', 'http://itachi-HP-Pavilion-Laptop-15-cc1xx:39337/', 'http://itachi-HP-Pavilion-Laptop-15-cc1xx:43365/']
[rosmaster.master][INFO] 2020-02-28 20:23:01,161: publisherUpdate[/rosout] -> http://itachi-HP-Pavilion-Laptop-15-cc1xx:41005/ ['http://itachi-HP-Pavilion-Laptop-15-cc1xx:45217/', 'http://itachi-HP-Pavilion-Laptop-15-cc1xx:39337/', 'http://itachi-HP-Pavilion-Laptop-15-cc1xx:43365/']: sec=0.00, result=[1, '', 0]
[rosmaster.master][INFO] 2020-02-28 20:23:01,165: +PUB [/rosout] /whycon_display/image_view http://itachi-HP-Pavilion-Laptop-15-cc1xx:38905/
[rosmaster.master][INFO] 2020-02-28 20:23:01,166: +SERVICE [/whycon_display/image_view/get_loggers] /whycon_display/image_view http://itachi-HP-Pavilion-Laptop-15-cc1xx:38905/
[rosmaster.master][INFO] 2020-02-28 20:23:01,167: +SERVICE [/whycon_display/image_view/set_logger_level] /whycon_display/image_view http://itachi-HP-Pavilion-Laptop-15-cc1xx:38905/
[rosmaster.master][INFO] 2020-02-28 20:23:01,176: +SERVICE [/usb_cam/image_proc_debayer/set_parameters] /usb_cam/image_proc http://itachi-HP-Pavilion-Laptop-15-cc1xx:39337/
[rosmaster.master][INFO] 2020-02-28 20:23:01,177: +PUB [/usb_cam/image_proc_debayer/parameter_descriptions] /usb_cam/image_proc http://itachi-HP-Pavilion-Laptop-15-cc1xx:39337/
[rosmaster.master][INFO] 2020-02-28 20:23:01,178: +PUB [/usb_cam/image_proc_debayer/parameter_updates] /usb_cam/image_proc http://itachi-HP-Pavilion-Laptop-15-cc1xx:39337/
[rosmaster.master][INFO] 2020-02-28 20:23:01,180: +PARAM [/usb_cam/image_proc_debayer/debayer] by /usb_cam/image_proc
[rosmaster.master][INFO] 2020-02-28 20:23:01,180: +PARAM [/usb_cam/image_proc_debayer/debayer] by /usb_cam/image_proc
[rosmaster.master][INFO] 2020-02-28 20:23:01,182: +PUB [/usb_cam/image_mono/compressedDepth] /usb_cam/image_proc http://itachi-HP-Pavilion-Laptop-15-cc1xx:39337/
[rosmaster.master][INFO] 2020-02-28 20:23:01,183: +SERVICE [/usb_cam/image_mono/compressedDepth/set_parameters] /usb_cam/image_proc http://itachi-HP-Pavilion-Laptop-15-cc1xx:39337/
[rosmaster.master][INFO] 2020-02-28 20:23:01,184: +PUB [/usb_cam/image_mono/compressedDepth/parameter_descriptions] /usb_cam/image_proc http://itachi-HP-Pavilion-Laptop-15-cc1xx:39337/
[rosmaster.master][INFO] 2020-02-28 20:23:01,185: +PUB [/usb_cam/image_mono/compressedDepth/parameter_updates] /usb_cam/image_proc http://itachi-HP-Pavilion-Laptop-15-cc1xx:39337/
[rosmaster.master][INFO] 2020-02-28 20:23:01,188: +PARAM [/usb_cam/image_mono/compressedDepth/depth_max] by /usb_cam/image_proc
[rosmaster.master][INFO] 2020-02-28 20:23:01,188: +PARAM [/usb_cam/image_mono/compressedDepth/depth_quantization] by /usb_cam/image_proc
[rosmaster.master][INFO] 2020-02-28 20:23:01,189: +PARAM [/usb_cam/image_mono/compressedDepth/png_level] by /usb_cam/image_proc
[rosmaster.master][INFO] 2020-02-28 20:23:01,190: +PARAM [/usb_cam/image_mono/compressedDepth/depth_max] by /usb_cam/image_proc
[rosmaster.master][INFO] 2020-02-28 20:23:01,191: +PARAM [/usb_cam/image_mono/compressedDepth/depth_quantization] by /usb_cam/image_proc
[rosmaster.master][INFO] 2020-02-28 20:23:01,191: +PARAM [/usb_cam/image_mono/compressedDepth/png_level] by /usb_cam/image_proc
[rosmaster.master][INFO] 2020-02-28 20:23:01,193: +PUB [/usb_cam/image_mono/compressed] /usb_cam/image_proc http://itachi-HP-Pavilion-Laptop-15-cc1xx:39337/
[rosmaster.master][INFO] 2020-02-28 20:23:01,193: +SERVICE [/usb_cam/image_mono/compressed/set_parameters] /usb_cam/image_proc http://itachi-HP-Pavilion-Laptop-15-cc1xx:39337/
[rosmaster.master][INFO] 2020-02-28 20:23:01,194: +PUB [/usb_cam/image_mono/compressed/parameter_descriptions] /usb_cam/image_proc http://itachi-HP-Pavilion-Laptop-15-cc1xx:39337/
[rosmaster.master][INFO] 2020-02-28 20:23:01,194: +PUB [/usb_cam/image_mono/compressed/parameter_updates] /usb_cam/image_proc http://itachi-HP-Pavilion-Laptop-15-cc1xx:39337/
[rosmaster.master][INFO] 2020-02-28 20:23:01,196: +PUB [/usb_cam/image_raw/compressedDepth] /usb_cam http://itachi-HP-Pavilion-Laptop-15-cc1xx:45217/
[rosmaster.master][INFO] 2020-02-28 20:23:01,197: +PARAM [/usb_cam/image_mono/compressed/format] by /usb_cam/image_proc
[rosmaster.master][INFO] 2020-02-28 20:23:01,198: +SERVICE [/usb_cam/image_raw/compressedDepth/set_parameters] /usb_cam http://itachi-HP-Pavilion-Laptop-15-cc1xx:45217/
[rosmaster.master][INFO] 2020-02-28 20:23:01,198: +PARAM [/usb_cam/image_mono/compressed/jpeg_quality] by /usb_cam/image_proc
[rosmaster.master][INFO] 2020-02-28 20:23:01,199: +PUB [/usb_cam/image_raw/compressedDepth/parameter_descriptions] /usb_cam http://itachi-HP-Pavilion-Laptop-15-cc1xx:45217/
[rosmaster.master][INFO] 2020-02-28 20:23:01,200: +PARAM [/usb_cam/image_mono/compressed/png_level] by /usb_cam/image_proc
[rosmaster.master][INFO] 2020-02-28 20:23:01,200: +PUB [/usb_cam/image_raw/compressedDepth/parameter_updates] /usb_cam http://itachi-HP-Pavilion-Laptop-15-cc1xx:45217/
[rosmaster.master][INFO] 2020-02-28 20:23:01,201: +PARAM [/usb_cam/image_mono/compressed/format] by /usb_cam/image_proc
[rosmaster.master][INFO] 2020-02-28 20:23:01,203: +PARAM [/usb_cam/image_mono/compressed/jpeg_quality] by /usb_cam/image_proc
[rosmaster.master][INFO] 2020-02-28 20:23:01,204: +PARAM [/usb_cam/image_mono/compressed/png_level] by /usb_cam/image_proc
[rosmaster.master][INFO] 2020-02-28 20:23:01,206: +PARAM [/usb_cam/image_raw/compressedDepth/depth_max] by /usb_cam
[rosmaster.master][INFO] 2020-02-28 20:23:01,207: +PUB [/usb_cam/image_mono] /usb_cam/image_proc http://itachi-HP-Pavilion-Laptop-15-cc1xx:39337/
[rosmaster.master][INFO] 2020-02-28 20:23:01,208: +PARAM [/usb_cam/image_raw/compressedDepth/depth_quantization] by /usb_cam
[rosmaster.master][INFO] 2020-02-28 20:23:01,209: +PUB [/usb_cam/image_mono/theora] /usb_cam/image_proc http://itachi-HP-Pavilion-Laptop-15-cc1xx:39337/
[rosmaster.master][INFO] 2020-02-28 20:23:01,212: +PARAM [/usb_cam/image_raw/compressedDepth/png_level] by /usb_cam
[rosmaster.master][INFO] 2020-02-28 20:23:01,214: +SERVICE [/usb_cam/image_mono/theora/set_parameters] /usb_cam/image_proc http://itachi-HP-Pavilion-Laptop-15-cc1xx:39337/
[rosmaster.master][INFO] 2020-02-28 20:23:01,214: +PARAM [/usb_cam/image_raw/compressedDepth/depth_max] by /usb_cam
[rosmaster.master][INFO] 2020-02-28 20:23:01,215: +PUB [/usb_cam/image_mono/theora/parameter_descriptions] /usb_cam/image_proc http://itachi-HP-Pavilion-Laptop-15-cc1xx:39337/
[rosmaster.master][INFO] 2020-02-28 20:23:01,217: +PARAM [/usb_cam/image_raw/compressedDepth/depth_quantization] by /usb_cam
[rosmaster.master][INFO] 2020-02-28 20:23:01,217: +PUB [/usb_cam/image_mono/theora/parameter_updates] /usb_cam/image_proc http://itachi-HP-Pavilion-Laptop-15-cc1xx:39337/
[rosmaster.master][INFO] 2020-02-28 20:23:01,219: +PARAM [/usb_cam/image_raw/compressedDepth/png_level] by /usb_cam
[rosmaster.master][INFO] 2020-02-28 20:23:01,222: +PUB [/usb_cam/image_raw/compressed] /usb_cam http://itachi-HP-Pavilion-Laptop-15-cc1xx:45217/
[rosmaster.master][INFO] 2020-02-28 20:23:01,224: +SERVICE [/usb_cam/image_raw/compressed/set_parameters] /usb_cam http://itachi-HP-Pavilion-Laptop-15-cc1xx:45217/
[rosmaster.master][INFO] 2020-02-28 20:23:01,226: +PUB [/usb_cam/image_raw/compressed/parameter_descriptions] /usb_cam http://itachi-HP-Pavilion-Laptop-15-cc1xx:45217/
[rosmaster.master][INFO] 2020-02-28 20:23:01,227: +PARAM [/usb_cam/image_mono/theora/optimize_for] by /usb_cam/image_proc
[rosmaster.master][INFO] 2020-02-28 20:23:01,230: +PUB [/usb_cam/image_raw/compressed/parameter_updates] /usb_cam http://itachi-HP-Pavilion-Laptop-15-cc1xx:45217/
[rosmaster.master][INFO] 2020-02-28 20:23:01,232: +PARAM [/usb_cam/image_mono/theora/target_bitrate] by /usb_cam/image_proc
[rosmaster.master][INFO] 2020-02-28 20:23:01,232: +PUB [/tf] /whycon http://itachi-HP-Pavilion-Laptop-15-cc1xx:43365/
[rosmaster.master][INFO] 2020-02-28 20:23:01,234: +PARAM [/usb_cam/image_mono/theora/quality] by /usb_cam/image_proc
[rosmaster.master][INFO] 2020-02-28 20:23:01,235: +PARAM [/usb_cam/image_mono/theora/keyframe_frequency] by /usb_cam/image_proc
[rosmaster.master][INFO] 2020-02-28 20:23:01,236: +PARAM [/usb_cam/image_raw/compressed/format] by /usb_cam
[rosmaster.master][INFO] 2020-02-28 20:23:01,237: +PARAM [/usb_cam/image_mono/theora/optimize_for] by /usb_cam/image_proc
[rosmaster.master][INFO] 2020-02-28 20:23:01,238: +PARAM [/usb_cam/image_raw/compressed/jpeg_quality] by /usb_cam
[rosmaster.master][INFO] 2020-02-28 20:23:01,239: +PARAM [/usb_cam/image_mono/theora/target_bitrate] by /usb_cam/image_proc
[rosmaster.master][INFO] 2020-02-28 20:23:01,240: +PARAM [/usb_cam/image_raw/compressed/png_level] by /usb_cam
[rosmaster.master][INFO] 2020-02-28 20:23:01,241: +PARAM [/usb_cam/image_mono/theora/quality] by /usb_cam/image_proc
[rosmaster.master][INFO] 2020-02-28 20:23:01,242: +PARAM [/usb_cam/image_raw/compressed/format] by /usb_cam
[rosmaster.master][INFO] 2020-02-28 20:23:01,243: +PARAM [/usb_cam/image_mono/theora/keyframe_frequency] by /usb_cam/image_proc
[rosmaster.master][INFO] 2020-02-28 20:23:01,244: +PARAM [/usb_cam/image_raw/compressed/jpeg_quality] by /usb_cam
[rosmaster.master][INFO] 2020-02-28 20:23:01,249: +PARAM [/usb_cam/image_raw/compressed/png_level] by /usb_cam
[rosmaster.master][INFO] 2020-02-28 20:23:01,250: +PUB [/usb_cam/image_color/compressedDepth] /usb_cam/image_proc http://itachi-HP-Pavilion-Laptop-15-cc1xx:39337/
[rosmaster.master][INFO] 2020-02-28 20:23:01,251: +SUB [/usb_cam/image_rect_color] /whycon http://itachi-HP-Pavilion-Laptop-15-cc1xx:43365/
[rosmaster.master][INFO] 2020-02-28 20:23:01,251: +SERVICE [/usb_cam/image_color/compressedDepth/set_parameters] /usb_cam/image_proc http://itachi-HP-Pavilion-Laptop-15-cc1xx:39337/
[rosmaster.master][INFO] 2020-02-28 20:23:01,252: +PUB [/usb_cam/image_raw] /usb_cam http://itachi-HP-Pavilion-Laptop-15-cc1xx:45217/
[rosmaster.master][INFO] 2020-02-28 20:23:01,254: +PUB [/usb_cam/image_color/compressedDepth/parameter_descriptions] /usb_cam/image_proc http://itachi-HP-Pavilion-Laptop-15-cc1xx:39337/
[rosmaster.master][INFO] 2020-02-28 20:23:01,255: +PUB [/usb_cam/image_raw/theora] /usb_cam http://itachi-HP-Pavilion-Laptop-15-cc1xx:45217/
[rosmaster.master][INFO] 2020-02-28 20:23:01,256: +PUB [/usb_cam/image_color/compressedDepth/parameter_updates] /usb_cam/image_proc http://itachi-HP-Pavilion-Laptop-15-cc1xx:39337/
[rosmaster.master][INFO] 2020-02-28 20:23:01,258: +SERVICE [/usb_cam/image_raw/theora/set_parameters] /usb_cam http://itachi-HP-Pavilion-Laptop-15-cc1xx:45217/
[rosmaster.master][INFO] 2020-02-28 20:23:01,259: publisherUpdate[/rosout] -> http://itachi-HP-Pavilion-Laptop-15-cc1xx:41005/ ['http://itachi-HP-Pavilion-Laptop-15-cc1xx:45217/', 'http://itachi-HP-Pavilion-Laptop-15-cc1xx:39337/', 'http://itachi-HP-Pavilion-Laptop-15-cc1xx:43365/', 'http://itachi-HP-Pavilion-Laptop-15-cc1xx:38905/']
[rosmaster.master][INFO] 2020-02-28 20:23:01,260: publisherUpdate[/rosout] -> http://itachi-HP-Pavilion-Laptop-15-cc1xx:41005/ ['http://itachi-HP-Pavilion-Laptop-15-cc1xx:45217/', 'http://itachi-HP-Pavilion-Laptop-15-cc1xx:39337/', 'http://itachi-HP-Pavilion-Laptop-15-cc1xx:43365/', 'http://itachi-HP-Pavilion-Laptop-15-cc1xx:38905/']: sec=0.00, result=[1, '', 0]
[rosmaster.master][INFO] 2020-02-28 20:23:01,262: +PUB [/usb_cam/image_raw/theora/parameter_descriptions] /usb_cam http://itachi-HP-Pavilion-Laptop-15-cc1xx:45217/
[rosmaster.master][INFO] 2020-02-28 20:23:01,266: +SUB [/usb_cam/camera_info] /whycon http://itachi-HP-Pavilion-Laptop-15-cc1xx:43365/
[rosmaster.master][INFO] 2020-02-28 20:23:01,267: +PUB [/usb_cam/image_raw/theora/parameter_updates] /usb_cam http://itachi-HP-Pavilion-Laptop-15-cc1xx:45217/
[rosmaster.master][INFO] 2020-02-28 20:23:01,268: +PUB [/whycon/image_out] /whycon http://itachi-HP-Pavilion-Laptop-15-cc1xx:43365/
[rosmaster.master][INFO] 2020-02-28 20:23:01,269: +PARAM [/usb_cam/image_color/compressedDepth/depth_max] by /usb_cam/image_proc
[rosmaster.master][INFO] 2020-02-28 20:23:01,271: +PUB [/whycon/poses] /whycon http://itachi-HP-Pavilion-Laptop-15-cc1xx:43365/
[rosmaster.master][INFO] 2020-02-28 20:23:01,271: +PARAM [/usb_cam/image_color/compressedDepth/depth_quantization] by /usb_cam/image_proc
[rosmaster.master][INFO] 2020-02-28 20:23:01,273: +PUB [/whycon/context] /whycon http://itachi-HP-Pavilion-Laptop-15-cc1xx:43365/
[rosmaster.master][INFO] 2020-02-28 20:23:01,274: +PARAM [/usb_cam/image_color/compressedDepth/png_level] by /usb_cam/image_proc
[rosmaster.master][INFO] 2020-02-28 20:23:01,275: +PUB [/whycon/projection] /whycon http://itachi-HP-Pavilion-Laptop-15-cc1xx:43365/
[rosmaster.master][INFO] 2020-02-28 20:23:01,276: +PARAM [/usb_cam/image_color/compressedDepth/depth_max] by /usb_cam/image_proc
[rosmaster.master][INFO] 2020-02-28 20:23:01,277: +SERVICE [/whycon/reset] /whycon http://itachi-HP-Pavilion-Laptop-15-cc1xx:43365/
[rosmaster.master][INFO] 2020-02-28 20:23:01,279: +PARAM [/usb_cam/image_color/compressedDepth/depth_quantization] by /usb_cam/image_proc
[rosmaster.master][INFO] 2020-02-28 20:23:01,282: +PARAM [/usb_cam/image_raw/theora/optimize_for] by /usb_cam
[rosmaster.master][INFO] 2020-02-28 20:23:01,282: +PARAM [/usb_cam/image_color/compressedDepth/png_level] by /usb_cam/image_proc
[rosmaster.master][INFO] 2020-02-28 20:23:01,283: +PARAM [/usb_cam/image_raw/theora/target_bitrate] by /usb_cam
[rosmaster.master][INFO] 2020-02-28 20:23:01,284: +PUB [/usb_cam/image_color/compressed] /usb_cam/image_proc http://itachi-HP-Pavilion-Laptop-15-cc1xx:39337/
[rosmaster.master][INFO] 2020-02-28 20:23:01,284: +PARAM [/usb_cam/image_raw/theora/quality] by /usb_cam
[rosmaster.master][INFO] 2020-02-28 20:23:01,285: +SERVICE [/usb_cam/image_color/compressed/set_parameters] /usb_cam/image_proc http://itachi-HP-Pavilion-Laptop-15-cc1xx:39337/
[rosmaster.master][INFO] 2020-02-28 20:23:01,286: +PARAM [/usb_cam/image_raw/theora/keyframe_frequency] by /usb_cam
[rosmaster.master][INFO] 2020-02-28 20:23:01,287: +PUB [/usb_cam/image_color/compressed/parameter_descriptions] /usb_cam/image_proc http://itachi-HP-Pavilion-Laptop-15-cc1xx:39337/
[rosmaster.master][INFO] 2020-02-28 20:23:01,287: +PARAM [/usb_cam/image_raw/theora/optimize_for] by /usb_cam
[rosmaster.master][INFO] 2020-02-28 20:23:01,288: +PUB [/usb_cam/image_color/compressed/parameter_updates] /usb_cam/image_proc http://itachi-HP-Pavilion-Laptop-15-cc1xx:39337/
[rosmaster.master][INFO] 2020-02-28 20:23:01,289: +PARAM [/usb_cam/image_raw/theora/target_bitrate] by /usb_cam
[rosmaster.master][INFO] 2020-02-28 20:23:01,290: +PARAM [/usb_cam/image_raw/theora/quality] by /usb_cam
[rosmaster.master][INFO] 2020-02-28 20:23:01,291: +PARAM [/usb_cam/image_raw/theora/keyframe_frequency] by /usb_cam
[rosmaster.master][INFO] 2020-02-28 20:23:01,292: +PUB [/usb_cam/camera_info] /usb_cam http://itachi-HP-Pavilion-Laptop-15-cc1xx:45217/
[rosmaster.master][INFO] 2020-02-28 20:23:01,293: +PARAM [/usb_cam/image_color/compressed/format] by /usb_cam/image_proc
[rosmaster.master][INFO] 2020-02-28 20:23:01,294: +PARAM [/usb_cam/image_color/compressed/jpeg_quality] by /usb_cam/image_proc
[rosmaster.master][INFO] 2020-02-28 20:23:01,295: +PARAM [/usb_cam/image_color/compressed/png_level] by /usb_cam/image_proc
[rosmaster.master][INFO] 2020-02-28 20:23:01,296: +PARAM [/usb_cam/image_color/compressed/format] by /usb_cam/image_proc
[rosmaster.master][INFO] 2020-02-28 20:23:01,297: +PARAM [/usb_cam/image_color/compressed/jpeg_quality] by /usb_cam/image_proc
[rosmaster.master][INFO] 2020-02-28 20:23:01,299: +PARAM [/usb_cam/image_color/compressed/png_level] by /usb_cam/image_proc
[rosmaster.master][INFO] 2020-02-28 20:23:01,300: +PUB [/usb_cam/image_color] /usb_cam/image_proc http://itachi-HP-Pavilion-Laptop-15-cc1xx:39337/
[rosmaster.master][INFO] 2020-02-28 20:23:01,301: +PUB [/usb_cam/image_color/theora] /usb_cam/image_proc http://itachi-HP-Pavilion-Laptop-15-cc1xx:39337/
[rosmaster.master][INFO] 2020-02-28 20:23:01,302: +SERVICE [/usb_cam/image_color/theora/set_parameters] /usb_cam/image_proc http://itachi-HP-Pavilion-Laptop-15-cc1xx:39337/
[rosmaster.master][INFO] 2020-02-28 20:23:01,303: +PUB [/usb_cam/image_color/theora/parameter_descriptions] /usb_cam/image_proc http://itachi-HP-Pavilion-Laptop-15-cc1xx:39337/
[rosmaster.master][INFO] 2020-02-28 20:23:01,304: +PUB [/usb_cam/image_color/theora/parameter_updates] /usb_cam/image_proc http://itachi-HP-Pavilion-Laptop-15-cc1xx:39337/
[rosmaster.master][INFO] 2020-02-28 20:23:01,312: +PARAM [/usb_cam/image_color/theora/optimize_for] by /usb_cam/image_proc
[rosmaster.master][INFO] 2020-02-28 20:23:01,314: +PARAM [/usb_cam/image_color/theora/target_bitrate] by /usb_cam/image_proc
[rosmaster.master][INFO] 2020-02-28 20:23:01,316: +PARAM [/usb_cam/image_color/theora/quality] by /usb_cam/image_proc
[rosmaster.master][INFO] 2020-02-28 20:23:01,318: +PARAM [/usb_cam/image_color/theora/keyframe_frequency] by /usb_cam/image_proc
[rosmaster.master][INFO] 2020-02-28 20:23:01,321: +PARAM [/usb_cam/image_color/theora/optimize_for] by /usb_cam/image_proc
[rosmaster.master][INFO] 2020-02-28 20:23:01,322: +PARAM [/usb_cam/image_color/theora/target_bitrate] by /usb_cam/image_proc
[rosmaster.master][INFO] 2020-02-28 20:23:01,324: +PARAM [/usb_cam/image_color/theora/quality] by /usb_cam/image_proc
[rosmaster.master][INFO] 2020-02-28 20:23:01,329: +PARAM [/usb_cam/image_color/theora/keyframe_frequency] by /usb_cam/image_proc
[rosmaster.master][INFO] 2020-02-28 20:23:01,330: +SERVICE [/usb_cam/set_camera_info] /usb_cam http://itachi-HP-Pavilion-Laptop-15-cc1xx:45217/
[rosmaster.master][INFO] 2020-02-28 20:23:01,330: +SERVICE [/usb_cam/start_capture] /usb_cam http://itachi-HP-Pavilion-Laptop-15-cc1xx:45217/
[rosmaster.master][INFO] 2020-02-28 20:23:01,332: +SERVICE [/usb_cam/stop_capture] /usb_cam http://itachi-HP-Pavilion-Laptop-15-cc1xx:45217/
[rosmaster.master][INFO] 2020-02-28 20:23:01,333: +SERVICE [/usb_cam/image_proc_rectify_mono/set_parameters] /usb_cam/image_proc http://itachi-HP-Pavilion-Laptop-15-cc1xx:39337/
[rosmaster.master][INFO] 2020-02-28 20:23:01,334: +PUB [/usb_cam/image_proc_rectify_mono/parameter_descriptions] /usb_cam/image_proc http://itachi-HP-Pavilion-Laptop-15-cc1xx:39337/
[rosmaster.master][INFO] 2020-02-28 20:23:01,335: +PUB [/usb_cam/image_proc_rectify_mono/parameter_updates] /usb_cam/image_proc http://itachi-HP-Pavilion-Laptop-15-cc1xx:39337/
[rosmaster.master][INFO] 2020-02-28 20:23:01,336: +PARAM [/usb_cam/image_proc_rectify_mono/interpolation] by /usb_cam/image_proc
[rosmaster.master][INFO] 2020-02-28 20:23:01,337: +PARAM [/usb_cam/image_proc_rectify_mono/interpolation] by /usb_cam/image_proc
[rosmaster.master][INFO] 2020-02-28 20:23:01,339: +PUB [/usb_cam/image_rect/compressedDepth] /usb_cam/image_proc http://itachi-HP-Pavilion-Laptop-15-cc1xx:39337/
[rosmaster.master][INFO] 2020-02-28 20:23:01,340: +SERVICE [/usb_cam/image_rect/compressedDepth/set_parameters] /usb_cam/image_proc http://itachi-HP-Pavilion-Laptop-15-cc1xx:39337/
[rosmaster.master][INFO] 2020-02-28 20:23:01,340: +PUB [/usb_cam/image_rect/compressedDepth/parameter_descriptions] /usb_cam/image_proc http://itachi-HP-Pavilion-Laptop-15-cc1xx:39337/
[rosmaster.master][INFO] 2020-02-28 20:23:01,341: +PUB [/usb_cam/image_rect/compressedDepth/parameter_updates] /usb_cam/image_proc http://itachi-HP-Pavilion-Laptop-15-cc1xx:39337/
[rosmaster.master][INFO] 2020-02-28 20:23:01,347: +PARAM [/usb_cam/image_rect/compressedDepth/depth_max] by /usb_cam/image_proc
[rosmaster.master][INFO] 2020-02-28 20:23:01,348: +PARAM [/usb_cam/image_rect/compressedDepth/depth_quantization] by /usb_cam/image_proc
[rosmaster.master][INFO] 2020-02-28 20:23:01,349: +PARAM [/usb_cam/image_rect/compressedDepth/png_level] by /usb_cam/image_proc
[rosmaster.master][INFO] 2020-02-28 20:23:01,350: +PARAM [/usb_cam/image_rect/compressedDepth/depth_max] by /usb_cam/image_proc
[rosmaster.master][INFO] 2020-02-28 20:23:01,350: +PARAM [/usb_cam/image_rect/compressedDepth/depth_quantization] by /usb_cam/image_proc
[rosmaster.master][INFO] 2020-02-28 20:23:01,351: +PARAM [/usb_cam/image_rect/compressedDepth/png_level] by /usb_cam/image_proc
[rosmaster.master][INFO] 2020-02-28 20:23:01,352: +PUB [/usb_cam/image_rect/compressed] /usb_cam/image_proc http://itachi-HP-Pavilion-Laptop-15-cc1xx:39337/
[rosmaster.master][INFO] 2020-02-28 20:23:01,352: +SERVICE [/usb_cam/image_rect/compressed/set_parameters] /usb_cam/image_proc http://itachi-HP-Pavilion-Laptop-15-cc1xx:39337/
[rosmaster.master][INFO] 2020-02-28 20:23:01,353: +PUB [/usb_cam/image_rect/compressed/parameter_descriptions] /usb_cam/image_proc http://itachi-HP-Pavilion-Laptop-15-cc1xx:39337/
[rosmaster.master][INFO] 2020-02-28 20:23:01,354: +PUB [/usb_cam/image_rect/compressed/parameter_updates] /usb_cam/image_proc http://itachi-HP-Pavilion-Laptop-15-cc1xx:39337/
[rosmaster.master][INFO] 2020-02-28 20:23:01,356: +PARAM [/usb_cam/image_rect/compressed/format] by /usb_cam/image_proc
[rosmaster.master][INFO] 2020-02-28 20:23:01,356: +PARAM [/usb_cam/image_rect/compressed/jpeg_quality] by /usb_cam/image_proc
[rosmaster.master][INFO] 2020-02-28 20:23:01,357: +PARAM [/usb_cam/image_rect/compressed/png_level] by /usb_cam/image_proc
[rosmaster.master][INFO] 2020-02-28 20:23:01,357: +PARAM [/usb_cam/image_rect/compressed/format] by /usb_cam/image_proc
[rosmaster.master][INFO] 2020-02-28 20:23:01,358: +PARAM [/usb_cam/image_rect/compressed/jpeg_quality] by /usb_cam/image_proc
[rosmaster.master][INFO] 2020-02-28 20:23:01,358: +PARAM [/usb_cam/image_rect/compressed/png_level] by /usb_cam/image_proc
[rosmaster.master][INFO] 2020-02-28 20:23:01,360: +PUB [/usb_cam/image_rect] /usb_cam/image_proc http://itachi-HP-Pavilion-Laptop-15-cc1xx:39337/
[rosmaster.master][INFO] 2020-02-28 20:23:01,360: publisherUpdate[/usb_cam/camera_info] -> http://itachi-HP-Pavilion-Laptop-15-cc1xx:43365/ ['http://itachi-HP-Pavilion-Laptop-15-cc1xx:45217/']
[rosmaster.master][INFO] 2020-02-28 20:23:01,362: +PUB [/usb_cam/image_rect/theora] /usb_cam/image_proc http://itachi-HP-Pavilion-Laptop-15-cc1xx:39337/
[rosmaster.master][INFO] 2020-02-28 20:23:01,363: publisherUpdate[/usb_cam/camera_info] -> http://itachi-HP-Pavilion-Laptop-15-cc1xx:43365/ ['http://itachi-HP-Pavilion-Laptop-15-cc1xx:45217/']: sec=0.00, result=[1, '', 0]
[rosmaster.master][INFO] 2020-02-28 20:23:01,366: +SERVICE [/usb_cam/image_rect/theora/set_parameters] /usb_cam/image_proc http://itachi-HP-Pavilion-Laptop-15-cc1xx:39337/
[rosmaster.master][INFO] 2020-02-28 20:23:01,367: +PUB [/usb_cam/image_rect/theora/parameter_descriptions] /usb_cam/image_proc http://itachi-HP-Pavilion-Laptop-15-cc1xx:39337/
[rosmaster.master][INFO] 2020-02-28 20:23:01,368: +PUB [/usb_cam/image_rect/theora/parameter_updates] /usb_cam/image_proc http://itachi-HP-Pavilion-Laptop-15-cc1xx:39337/
[rosmaster.master][INFO] 2020-02-28 20:23:01,371: +SUB [/whycon/image_out] /whycon_display/image_view http://itachi-HP-Pavilion-Laptop-15-cc1xx:38905/
[rosmaster.master][INFO] 2020-02-28 20:23:01,372: +PUB [/whycon_display/image_view/output] /whycon_display/image_view http://itachi-HP-Pavilion-Laptop-15-cc1xx:38905/
[rosmaster.master][INFO] 2020-02-28 20:23:01,373: +PARAM [/usb_cam/image_rect/theora/optimize_for] by /usb_cam/image_proc
[rosmaster.master][INFO] 2020-02-28 20:23:01,374: +SERVICE [/whycon_display/image_view/set_parameters] /whycon_display/image_view http://itachi-HP-Pavilion-Laptop-15-cc1xx:38905/
[rosmaster.master][INFO] 2020-02-28 20:23:01,374: +PARAM [/usb_cam/image_rect/theora/target_bitrate] by /usb_cam/image_proc
[rosmaster.master][INFO] 2020-02-28 20:23:01,375: +PUB [/whycon_display/image_view/parameter_descriptions] /whycon_display/image_view http://itachi-HP-Pavilion-Laptop-15-cc1xx:38905/
[rosmaster.master][INFO] 2020-02-28 20:23:01,376: +PARAM [/usb_cam/image_rect/theora/quality] by /usb_cam/image_proc
[rosmaster.master][INFO] 2020-02-28 20:23:01,376: +PUB [/whycon_display/image_view/parameter_updates] /whycon_display/image_view http://itachi-HP-Pavilion-Laptop-15-cc1xx:38905/
[rosmaster.master][INFO] 2020-02-28 20:23:01,377: +PARAM [/usb_cam/image_rect/theora/keyframe_frequency] by /usb_cam/image_proc
[rosmaster.master][INFO] 2020-02-28 20:23:01,382: +PARAM [/usb_cam/image_rect/theora/optimize_for] by /usb_cam/image_proc
[rosmaster.master][INFO] 2020-02-28 20:23:01,383: +PARAM [/usb_cam/image_rect/theora/target_bitrate] by /usb_cam/image_proc
[rosmaster.master][INFO] 2020-02-28 20:23:01,384: +PARAM [/whycon_display/image_view/do_dynamic_scaling] by /whycon_display/image_view
[rosmaster.master][INFO] 2020-02-28 20:23:01,385: +PARAM [/usb_cam/image_rect/theora/quality] by /usb_cam/image_proc
[rosmaster.master][INFO] 2020-02-28 20:23:01,386: +PARAM [/whycon_display/image_view/colormap] by /whycon_display/image_view
[rosmaster.master][INFO] 2020-02-28 20:23:01,386: +PARAM [/usb_cam/image_rect/theora/keyframe_frequency] by /usb_cam/image_proc
[rosmaster.master][INFO] 2020-02-28 20:23:01,387: +PARAM [/whycon_display/image_view/min_image_value] by /whycon_display/image_view
[rosmaster.master][INFO] 2020-02-28 20:23:01,388: +PARAM [/whycon_display/image_view/max_image_value] by /whycon_display/image_view
[rosmaster.master][INFO] 2020-02-28 20:23:01,389: +PARAM [/whycon_display/image_view/do_dynamic_scaling] by /whycon_display/image_view
[rosmaster.master][INFO] 2020-02-28 20:23:01,390: +SERVICE [/usb_cam/image_proc_rectify_color/set_parameters] /usb_cam/image_proc http://itachi-HP-Pavilion-Laptop-15-cc1xx:39337/
[rosmaster.master][INFO] 2020-02-28 20:23:01,390: +PARAM [/whycon_display/image_view/colormap] by /whycon_display/image_view
[rosmaster.master][INFO] 2020-02-28 20:23:01,391: +PUB [/usb_cam/image_proc_rectify_color/parameter_descriptions] /usb_cam/image_proc http://itachi-HP-Pavilion-Laptop-15-cc1xx:39337/
[rosmaster.master][INFO] 2020-02-28 20:23:01,392: +PARAM [/whycon_display/image_view/min_image_value] by /whycon_display/image_view
[rosmaster.master][INFO] 2020-02-28 20:23:01,392: +PUB [/usb_cam/image_proc_rectify_color/parameter_updates] /usb_cam/image_proc http://itachi-HP-Pavilion-Laptop-15-cc1xx:39337/
[rosmaster.master][INFO] 2020-02-28 20:23:01,393: +PARAM [/whycon_display/image_view/max_image_value] by /whycon_display/image_view
[rosmaster.master][INFO] 2020-02-28 20:23:01,394: +PARAM [/usb_cam/image_proc_rectify_color/interpolation] by /usb_cam/image_proc
[rosmaster.master][INFO] 2020-02-28 20:23:01,397: +PARAM [/usb_cam/image_proc_rectify_color/interpolation] by /usb_cam/image_proc
[rosmaster.master][INFO] 2020-02-28 20:23:01,400: +PUB [/usb_cam/image_rect_color/compressedDepth] /usb_cam/image_proc http://itachi-HP-Pavilion-Laptop-15-cc1xx:39337/
[rosmaster.master][INFO] 2020-02-28 20:23:01,400: +SERVICE [/usb_cam/image_rect_color/compressedDepth/set_parameters] /usb_cam/image_proc http://itachi-HP-Pavilion-Laptop-15-cc1xx:39337/
[rosmaster.master][INFO] 2020-02-28 20:23:01,401: +PUB [/usb_cam/image_rect_color/compressedDepth/parameter_descriptions] /usb_cam/image_proc http://itachi-HP-Pavilion-Laptop-15-cc1xx:39337/
[rosmaster.master][INFO] 2020-02-28 20:23:01,402: +PUB [/usb_cam/image_rect_color/compressedDepth/parameter_updates] /usb_cam/image_proc http://itachi-HP-Pavilion-Laptop-15-cc1xx:39337/
[rosmaster.master][INFO] 2020-02-28 20:23:01,404: +PARAM [/usb_cam/image_rect_color/compressedDepth/depth_max] by /usb_cam/image_proc
[rosmaster.master][INFO] 2020-02-28 20:23:01,405: +PARAM [/usb_cam/image_rect_color/compressedDepth/depth_quantization] by /usb_cam/image_proc
[rosmaster.master][INFO] 2020-02-28 20:23:01,405: +PARAM [/usb_cam/image_rect_color/compressedDepth/png_level] by /usb_cam/image_proc
[rosmaster.master][INFO] 2020-02-28 20:23:01,406: +PARAM [/usb_cam/image_rect_color/compressedDepth/depth_max] by /usb_cam/image_proc
[rosmaster.master][INFO] 2020-02-28 20:23:01,407: +PARAM [/usb_cam/image_rect_color/compressedDepth/depth_quantization] by /usb_cam/image_proc
[rosmaster.master][INFO] 2020-02-28 20:23:01,407: +PARAM [/usb_cam/image_rect_color/compressedDepth/png_level] by /usb_cam/image_proc
[rosmaster.master][INFO] 2020-02-28 20:23:01,408: +PUB [/usb_cam/image_rect_color/compressed] /usb_cam/image_proc http://itachi-HP-Pavilion-Laptop-15-cc1xx:39337/
[rosmaster.master][INFO] 2020-02-28 20:23:01,409: +SERVICE [/usb_cam/image_rect_color/compressed/set_parameters] /usb_cam/image_proc http://itachi-HP-Pavilion-Laptop-15-cc1xx:39337/
[rosmaster.master][INFO] 2020-02-28 20:23:01,409: +PUB [/usb_cam/image_rect_color/compressed/parameter_descriptions] /usb_cam/image_proc http://itachi-HP-Pavilion-Laptop-15-cc1xx:39337/
[rosmaster.master][INFO] 2020-02-28 20:23:01,410: +PUB [/usb_cam/image_rect_color/compressed/parameter_updates] /usb_cam/image_proc http://itachi-HP-Pavilion-Laptop-15-cc1xx:39337/
[rosmaster.master][INFO] 2020-02-28 20:23:01,416: +PARAM [/usb_cam/image_rect_color/compressed/format] by /usb_cam/image_proc
[rosmaster.master][INFO] 2020-02-28 20:23:01,416: +PARAM [/usb_cam/image_rect_color/compressed/jpeg_quality] by /usb_cam/image_proc
[rosmaster.master][INFO] 2020-02-28 20:23:01,417: +PARAM [/usb_cam/image_rect_color/compressed/png_level] by /usb_cam/image_proc
[rosmaster.master][INFO] 2020-02-28 20:23:01,418: +PARAM [/usb_cam/image_rect_color/compressed/format] by /usb_cam/image_proc
[rosmaster.master][INFO] 2020-02-28 20:23:01,418: +PARAM [/usb_cam/image_rect_color/compressed/jpeg_quality] by /usb_cam/image_proc
[rosmaster.master][INFO] 2020-02-28 20:23:01,419: +PARAM [/usb_cam/image_rect_color/compressed/png_level] by /usb_cam/image_proc
[rosmaster.master][INFO] 2020-02-28 20:23:01,420: +PUB [/usb_cam/image_rect_color] /usb_cam/image_proc http://itachi-HP-Pavilion-Laptop-15-cc1xx:39337/
[rosmaster.master][INFO] 2020-02-28 20:23:01,420: +PUB [/usb_cam/image_rect_color/theora] /usb_cam/image_proc http://itachi-HP-Pavilion-Laptop-15-cc1xx:39337/
[rosmaster.master][INFO] 2020-02-28 20:23:01,421: +SERVICE [/usb_cam/image_rect_color/theora/set_parameters] /usb_cam/image_proc http://itachi-HP-Pavilion-Laptop-15-cc1xx:39337/
[rosmaster.master][INFO] 2020-02-28 20:23:01,422: +PUB [/usb_cam/image_rect_color/theora/parameter_descriptions] /usb_cam/image_proc http://itachi-HP-Pavilion-Laptop-15-cc1xx:39337/
[rosmaster.master][INFO] 2020-02-28 20:23:01,423: +PUB [/usb_cam/image_rect_color/theora/parameter_updates] /usb_cam/image_proc http://itachi-HP-Pavilion-Laptop-15-cc1xx:39337/
[rosmaster.master][INFO] 2020-02-28 20:23:01,424: +PUB [/rosout] /serial_node http://itachi-HP-Pavilion-Laptop-15-cc1xx:33585/
[rosmaster.master][INFO] 2020-02-28 20:23:01,427: +PARAM [/usb_cam/image_rect_color/theora/optimize_for] by /usb_cam/image_proc
[rosmaster.master][INFO] 2020-02-28 20:23:01,430: +SERVICE [/serial_node/get_loggers] /serial_node http://itachi-HP-Pavilion-Laptop-15-cc1xx:33585/
[rosmaster.master][INFO] 2020-02-28 20:23:01,432: +PARAM [/usb_cam/image_rect_color/theora/target_bitrate] by /usb_cam/image_proc
[rosmaster.master][INFO] 2020-02-28 20:23:01,432: +SERVICE [/serial_node/set_logger_level] /serial_node http://itachi-HP-Pavilion-Laptop-15-cc1xx:33585/
[rosmaster.master][INFO] 2020-02-28 20:23:01,433: +PARAM [/usb_cam/image_rect_color/theora/quality] by /usb_cam/image_proc
[rosmaster.master][INFO] 2020-02-28 20:23:01,434: +PARAM [/usb_cam/image_rect_color/theora/keyframe_frequency] by /usb_cam/image_proc
[rosmaster.master][INFO] 2020-02-28 20:23:01,435: +PARAM [/usb_cam/image_rect_color/theora/optimize_for] by /usb_cam/image_proc
[rosmaster.master][INFO] 2020-02-28 20:23:01,436: +PARAM [/usb_cam/image_rect_color/theora/target_bitrate] by /usb_cam/image_proc
[rosmaster.master][INFO] 2020-02-28 20:23:01,437: +PARAM [/usb_cam/image_rect_color/theora/quality] by /usb_cam/image_proc
[rosmaster.master][INFO] 2020-02-28 20:23:01,439: +PARAM [/usb_cam/image_rect_color/theora/keyframe_frequency] by /usb_cam/image_proc
[rosmaster.master][INFO] 2020-02-28 20:23:01,441: +PUB [/diagnostics] /serial_node http://itachi-HP-Pavilion-Laptop-15-cc1xx:33585/
[rosmaster.master][INFO] 2020-02-28 20:23:01,464: publisherUpdate[/usb_cam/image_rect_color] -> http://itachi-HP-Pavilion-Laptop-15-cc1xx:43365/ ['http://itachi-HP-Pavilion-Laptop-15-cc1xx:39337/']
[rosmaster.master][INFO] 2020-02-28 20:23:01,465: publisherUpdate[/rosout] -> http://itachi-HP-Pavilion-Laptop-15-cc1xx:41005/ ['http://itachi-HP-Pavilion-Laptop-15-cc1xx:45217/', 'http://itachi-HP-Pavilion-Laptop-15-cc1xx:39337/', 'http://itachi-HP-Pavilion-Laptop-15-cc1xx:43365/', 'http://itachi-HP-Pavilion-Laptop-15-cc1xx:38905/', 'http://itachi-HP-Pavilion-Laptop-15-cc1xx:33585/']
[rosmaster.master][INFO] 2020-02-28 20:23:01,465: publisherUpdate[/usb_cam/image_rect_color] -> http://itachi-HP-Pavilion-Laptop-15-cc1xx:43365/ ['http://itachi-HP-Pavilion-Laptop-15-cc1xx:39337/']: sec=0.00, result=[1, '', 0]
[rosmaster.master][INFO] 2020-02-28 20:23:01,466: publisherUpdate[/rosout] -> http://itachi-HP-Pavilion-Laptop-15-cc1xx:41005/ ['http://itachi-HP-Pavilion-Laptop-15-cc1xx:45217/', 'http://itachi-HP-Pavilion-Laptop-15-cc1xx:39337/', 'http://itachi-HP-Pavilion-Laptop-15-cc1xx:43365/', 'http://itachi-HP-Pavilion-Laptop-15-cc1xx:38905/', 'http://itachi-HP-Pavilion-Laptop-15-cc1xx:33585/']: sec=0.00, result=[1, '', 0]
[rosmaster.master][INFO] 2020-02-28 20:23:01,681: +SUB [/usb_cam/image_color] /usb_cam/image_proc http://itachi-HP-Pavilion-Laptop-15-cc1xx:39337/
[rosmaster.master][INFO] 2020-02-28 20:23:01,694: +SUB [/usb_cam/camera_info] /usb_cam/image_proc http://itachi-HP-Pavilion-Laptop-15-cc1xx:39337/
[rosmaster.master][INFO] 2020-02-28 20:23:01,706: +SUB [/usb_cam/image_raw] /usb_cam/image_proc http://itachi-HP-Pavilion-Laptop-15-cc1xx:39337/
[rosmaster.master][INFO] 2020-02-28 20:23:03,560: +SUB [/led_control_topic] /serial_node http://itachi-HP-Pavilion-Laptop-15-cc1xx:33585/
[rosmaster.master][INFO] 2020-02-28 20:23:04,765: -SUB [/whycon/poses] /monitor http://itachi-HP-Pavilion-Laptop-15-cc1xx:34931/
[rosmaster.master][INFO] 2020-02-28 20:23:04,765: -SUB [/detection_info] /monitor http://itachi-HP-Pavilion-Laptop-15-cc1xx:34931/
[rosmaster.master][INFO] 2020-02-28 20:23:04,765: -SUB [/decision_info] /monitor http://itachi-HP-Pavilion-Laptop-15-cc1xx:34931/
[rosmaster.master][INFO] 2020-02-28 20:23:04,766: -SUB [/arm_status] /monitor http://itachi-HP-Pavilion-Laptop-15-cc1xx:34931/
[rosmaster.master][INFO] 2020-02-28 20:23:04,766: -PUB [/serviced_info] /monitor http://itachi-HP-Pavilion-Laptop-15-cc1xx:34931/
[rosmaster.master][INFO] 2020-02-28 20:23:04,766: -PUB [/rosout] /monitor http://itachi-HP-Pavilion-Laptop-15-cc1xx:34931/
[rosmaster.master][INFO] 2020-02-28 20:23:04,766: -PUB [/stats_sr] /monitor http://itachi-HP-Pavilion-Laptop-15-cc1xx:34931/
[rosmaster.master][INFO] 2020-02-28 20:23:04,766: -PUB [/led_control_topic] /monitor http://itachi-HP-Pavilion-Laptop-15-cc1xx:34931/
[rosmaster.master][INFO] 2020-02-28 20:23:04,766: -PUB [/base_cell_int_topic] /monitor http://itachi-HP-Pavilion-Laptop-15-cc1xx:34931/
[rosmaster.master][INFO] 2020-02-28 20:23:04,766: -SERVICE [/monitor/set_logger_level] /monitor rosrpc://itachi-HP-Pavilion-Laptop-15-cc1xx:39081
[rosmaster.master][INFO] 2020-02-28 20:23:04,766: -SERVICE [/monitor/get_loggers] /monitor rosrpc://itachi-HP-Pavilion-Laptop-15-cc1xx:39081
[rosmaster.master][INFO] 2020-02-28 20:23:06,096: -SUB [/serviced_info] /sr_scheduler http://itachi-HP-Pavilion-Laptop-15-cc1xx:42237/
[rosmaster.master][INFO] 2020-02-28 20:23:06,096: -SUB [/detection_info] /sr_scheduler http://itachi-HP-Pavilion-Laptop-15-cc1xx:42237/
[rosmaster.master][INFO] 2020-02-28 20:23:06,096: -PUB [/stop_info] /sr_scheduler http://itachi-HP-Pavilion-Laptop-15-cc1xx:42237/
[rosmaster.master][INFO] 2020-02-28 20:23:06,096: -PUB [/rosout] /sr_scheduler http://itachi-HP-Pavilion-Laptop-15-cc1xx:42237/
[rosmaster.master][INFO] 2020-02-28 20:23:06,096: -PUB [/decision_info] /sr_scheduler http://itachi-HP-Pavilion-Laptop-15-cc1xx:42237/
[rosmaster.master][INFO] 2020-02-28 20:23:06,096: -SERVICE [/sr_scheduler/set_logger_level] /sr_scheduler rosrpc://itachi-HP-Pavilion-Laptop-15-cc1xx:35617
[rosmaster.master][INFO] 2020-02-28 20:23:06,097: -SERVICE [/sr_scheduler/get_loggers] /sr_scheduler rosrpc://itachi-HP-Pavilion-Laptop-15-cc1xx:35617
[rosmaster.master][INFO] 2020-02-28 20:23:09,433: +PUB [/rosout] /monitor http://itachi-HP-Pavilion-Laptop-15-cc1xx:37439/
[rosmaster.master][INFO] 2020-02-28 20:23:09,443: +SERVICE [/monitor/get_loggers] /monitor http://itachi-HP-Pavilion-Laptop-15-cc1xx:37439/
[rosmaster.master][INFO] 2020-02-28 20:23:09,445: +SERVICE [/monitor/set_logger_level] /monitor http://itachi-HP-Pavilion-Laptop-15-cc1xx:37439/
[rosmaster.master][INFO] 2020-02-28 20:23:09,482: publisherUpdate[/rosout] -> http://itachi-HP-Pavilion-Laptop-15-cc1xx:41005/ ['http://itachi-HP-Pavilion-Laptop-15-cc1xx:45217/', 'http://itachi-HP-Pavilion-Laptop-15-cc1xx:39337/', 'http://itachi-HP-Pavilion-Laptop-15-cc1xx:43365/', 'http://itachi-HP-Pavilion-Laptop-15-cc1xx:38905/', 'http://itachi-HP-Pavilion-Laptop-15-cc1xx:33585/', 'http://itachi-HP-Pavilion-Laptop-15-cc1xx:37439/']
[rosmaster.master][INFO] 2020-02-28 20:23:09,486: publisherUpdate[/rosout] -> http://itachi-HP-Pavilion-Laptop-15-cc1xx:41005/ ['http://itachi-HP-Pavilion-Laptop-15-cc1xx:45217/', 'http://itachi-HP-Pavilion-Laptop-15-cc1xx:39337/', 'http://itachi-HP-Pavilion-Laptop-15-cc1xx:43365/', 'http://itachi-HP-Pavilion-Laptop-15-cc1xx:38905/', 'http://itachi-HP-Pavilion-Laptop-15-cc1xx:33585/', 'http://itachi-HP-Pavilion-Laptop-15-cc1xx:37439/']: sec=0.00, result=[1, '', 0]
[rosmaster.master][INFO] 2020-02-28 20:23:09,509: +SUB [/whycon/poses] /monitor http://itachi-HP-Pavilion-Laptop-15-cc1xx:37439/
[rosmaster.master][INFO] 2020-02-28 20:23:09,512: +SUB [/decision_info] /monitor http://itachi-HP-Pavilion-Laptop-15-cc1xx:37439/
[rosmaster.master][INFO] 2020-02-28 20:23:09,516: +SUB [/detection_info] /monitor http://itachi-HP-Pavilion-Laptop-15-cc1xx:37439/
[rosmaster.master][INFO] 2020-02-28 20:23:09,522: +SUB [/arm_status] /monitor http://itachi-HP-Pavilion-Laptop-15-cc1xx:37439/
[rosmaster.master][INFO] 2020-02-28 20:23:09,523: +PUB [/stats_sr] /monitor http://itachi-HP-Pavilion-Laptop-15-cc1xx:37439/
[rosmaster.master][INFO] 2020-02-28 20:23:09,525: +PUB [/serviced_info] /monitor http://itachi-HP-Pavilion-Laptop-15-cc1xx:37439/
[rosmaster.master][INFO] 2020-02-28 20:23:09,526: +PUB [/led_control_topic] /monitor http://itachi-HP-Pavilion-Laptop-15-cc1xx:37439/
[rosmaster.master][INFO] 2020-02-28 20:23:09,527: +PUB [/base_cell_int_topic] /monitor http://itachi-HP-Pavilion-Laptop-15-cc1xx:37439/
[rosmaster.master][INFO] 2020-02-28 20:23:09,583: publisherUpdate[/led_control_topic] -> http://itachi-HP-Pavilion-Laptop-15-cc1xx:33585/ ['http://itachi-HP-Pavilion-Laptop-15-cc1xx:37439/']
[rosmaster.master][INFO] 2020-02-28 20:23:09,584: publisherUpdate[/led_control_topic] -> http://itachi-HP-Pavilion-Laptop-15-cc1xx:33585/ ['http://itachi-HP-Pavilion-Laptop-15-cc1xx:37439/']: sec=0.00, result=[1, '', 0]
[rosmaster.master][INFO] 2020-02-28 20:23:17,840: -SUB [/usb_cam/image_rect_color] /sr_determine_colors http://itachi-HP-Pavilion-Laptop-15-cc1xx:40317/
[rosmaster.master][INFO] 2020-02-28 20:23:17,840: -PUB [/detection_info] /sr_determine_colors http://itachi-HP-Pavilion-Laptop-15-cc1xx:40317/
[rosmaster.master][INFO] 2020-02-28 20:23:17,840: -PUB [/rosout] /sr_determine_colors http://itachi-HP-Pavilion-Laptop-15-cc1xx:40317/
[rosmaster.master][INFO] 2020-02-28 20:23:17,840: -SERVICE [/sr_determine_colors/set_logger_level] /sr_determine_colors rosrpc://itachi-HP-Pavilion-Laptop-15-cc1xx:45339
[rosmaster.master][INFO] 2020-02-28 20:23:17,840: -SERVICE [/sr_determine_colors/get_loggers] /sr_determine_colors rosrpc://itachi-HP-Pavilion-Laptop-15-cc1xx:45339
[rosmaster.master][INFO] 2020-02-28 20:23:19,564: +PUB [/rosout] /sr_determine_colors http://itachi-HP-Pavilion-Laptop-15-cc1xx:37831/
[rosmaster.master][INFO] 2020-02-28 20:23:19,571: +SERVICE [/sr_determine_colors/get_loggers] /sr_determine_colors http://itachi-HP-Pavilion-Laptop-15-cc1xx:37831/
[rosmaster.master][INFO] 2020-02-28 20:23:19,574: +SERVICE [/sr_determine_colors/set_logger_level] /sr_determine_colors http://itachi-HP-Pavilion-Laptop-15-cc1xx:37831/
[rosmaster.master][INFO] 2020-02-28 20:23:19,575: +PUB [/detection_info] /sr_determine_colors http://itachi-HP-Pavilion-Laptop-15-cc1xx:37831/
[rosmaster.master][INFO] 2020-02-28 20:23:19,578: +SUB [/usb_cam/image_rect_color] /sr_determine_colors http://itachi-HP-Pavilion-Laptop-15-cc1xx:37831/
[rosmaster.master][INFO] 2020-02-28 20:23:19,600: publisherUpdate[/rosout] -> http://itachi-HP-Pavilion-Laptop-15-cc1xx:41005/ ['http://itachi-HP-Pavilion-Laptop-15-cc1xx:45217/', 'http://itachi-HP-Pavilion-Laptop-15-cc1xx:39337/', 'http://itachi-HP-Pavilion-Laptop-15-cc1xx:43365/', 'http://itachi-HP-Pavilion-Laptop-15-cc1xx:38905/', 'http://itachi-HP-Pavilion-Laptop-15-cc1xx:33585/', 'http://itachi-HP-Pavilion-Laptop-15-cc1xx:37439/', 'http://itachi-HP-Pavilion-Laptop-15-cc1xx:37831/']
[rosmaster.master][INFO] 2020-02-28 20:23:19,602: publisherUpdate[/rosout] -> http://itachi-HP-Pavilion-Laptop-15-cc1xx:41005/ ['http://itachi-HP-Pavilion-Laptop-15-cc1xx:45217/', 'http://itachi-HP-Pavilion-Laptop-15-cc1xx:39337/', 'http://itachi-HP-Pavilion-Laptop-15-cc1xx:43365/', 'http://itachi-HP-Pavilion-Laptop-15-cc1xx:38905/', 'http://itachi-HP-Pavilion-Laptop-15-cc1xx:33585/', 'http://itachi-HP-Pavilion-Laptop-15-cc1xx:37439/', 'http://itachi-HP-Pavilion-Laptop-15-cc1xx:37831/']: sec=0.00, result=[1, '', 0]
[rosmaster.master][INFO] 2020-02-28 20:23:19,602: publisherUpdate[/detection_info] -> http://itachi-HP-Pavilion-Laptop-15-cc1xx:37439/ ['http://itachi-HP-Pavilion-Laptop-15-cc1xx:37831/']
[rosmaster.master][INFO] 2020-02-28 20:23:19,607: publisherUpdate[/detection_info] -> http://itachi-HP-Pavilion-Laptop-15-cc1xx:37439/ ['http://itachi-HP-Pavilion-Laptop-15-cc1xx:37831/']: sec=0.01, result=[1, '', 0]
[rosmaster.master][INFO] 2020-02-28 20:23:25,028: +PUB [/stop_info] /sr_scheduler http://itachi-HP-Pavilion-Laptop-15-cc1xx:44187/
[rosmaster.master][INFO] 2020-02-28 20:23:25,030: +PUB [/decision_info] /sr_scheduler http://itachi-HP-Pavilion-Laptop-15-cc1xx:44187/
[rosmaster.master][INFO] 2020-02-28 20:23:25,032: +SUB [/serviced_info] /sr_scheduler http://itachi-HP-Pavilion-Laptop-15-cc1xx:44187/
[rosmaster.master][INFO] 2020-02-28 20:23:25,034: +SUB [/detection_info] /sr_scheduler http://itachi-HP-Pavilion-Laptop-15-cc1xx:44187/
[rosmaster.master][INFO] 2020-02-28 20:23:25,115: publisherUpdate[/decision_info] -> http://itachi-HP-Pavilion-Laptop-15-cc1xx:37439/ ['http://itachi-HP-Pavilion-Laptop-15-cc1xx:44187/']
[rosmaster.master][INFO] 2020-02-28 20:23:25,117: publisherUpdate[/decision_info] -> http://itachi-HP-Pavilion-Laptop-15-cc1xx:37439/ ['http://itachi-HP-Pavilion-Laptop-15-cc1xx:44187/']: sec=0.00, result=[1, '', 0]
[rosmaster.master][INFO] 2020-02-28 20:23:25,125: +PUB [/rosout] /sr_scheduler http://itachi-HP-Pavilion-Laptop-15-cc1xx:44187/
[rosmaster.master][INFO] 2020-02-28 20:23:25,133: +SERVICE [/sr_scheduler/get_loggers] /sr_scheduler http://itachi-HP-Pavilion-Laptop-15-cc1xx:44187/
[rosmaster.master][INFO] 2020-02-28 20:23:25,135: +SERVICE [/sr_scheduler/set_logger_level] /sr_scheduler http://itachi-HP-Pavilion-Laptop-15-cc1xx:44187/
[rosmaster.master][INFO] 2020-02-28 20:23:25,217: publisherUpdate[/rosout] -> http://itachi-HP-Pavilion-Laptop-15-cc1xx:41005/ ['http://itachi-HP-Pavilion-Laptop-15-cc1xx:45217/', 'http://itachi-HP-Pavilion-Laptop-15-cc1xx:39337/', 'http://itachi-HP-Pavilion-Laptop-15-cc1xx:43365/', 'http://itachi-HP-Pavilion-Laptop-15-cc1xx:38905/', 'http://itachi-HP-Pavilion-Laptop-15-cc1xx:33585/', 'http://itachi-HP-Pavilion-Laptop-15-cc1xx:37439/', 'http://itachi-HP-Pavilion-Laptop-15-cc1xx:37831/', 'http://itachi-HP-Pavilion-Laptop-15-cc1xx:44187/']
[rosmaster.master][INFO] 2020-02-28 20:23:25,220: publisherUpdate[/rosout] -> http://itachi-HP-Pavilion-Laptop-15-cc1xx:41005/ ['http://itachi-HP-Pavilion-Laptop-15-cc1xx:45217/', 'http://itachi-HP-Pavilion-Laptop-15-cc1xx:39337/', 'http://itachi-HP-Pavilion-Laptop-15-cc1xx:43365/', 'http://itachi-HP-Pavilion-Laptop-15-cc1xx:38905/', 'http://itachi-HP-Pavilion-Laptop-15-cc1xx:33585/', 'http://itachi-HP-Pavilion-Laptop-15-cc1xx:37439/', 'http://itachi-HP-Pavilion-Laptop-15-cc1xx:37831/', 'http://itachi-HP-Pavilion-Laptop-15-cc1xx:44187/']: sec=0.00, result=[1, '', 0]
[rosmaster.master][INFO] 2020-02-28 20:23:58,679: -SUB [/serviced_info] /sr_scheduler http://itachi-HP-Pavilion-Laptop-15-cc1xx:44187/
[rosmaster.master][INFO] 2020-02-28 20:23:58,679: -SUB [/detection_info] /sr_scheduler http://itachi-HP-Pavilion-Laptop-15-cc1xx:44187/
[rosmaster.master][INFO] 2020-02-28 20:23:58,679: -PUB [/stop_info] /sr_scheduler http://itachi-HP-Pavilion-Laptop-15-cc1xx:44187/
[rosmaster.master][INFO] 2020-02-28 20:23:58,679: -PUB [/rosout] /sr_scheduler http://itachi-HP-Pavilion-Laptop-15-cc1xx:44187/
[rosmaster.master][INFO] 2020-02-28 20:23:58,679: -PUB [/decision_info] /sr_scheduler http://itachi-HP-Pavilion-Laptop-15-cc1xx:44187/
[rosmaster.master][INFO] 2020-02-28 20:23:58,680: -SERVICE [/sr_scheduler/set_logger_level] /sr_scheduler rosrpc://itachi-HP-Pavilion-Laptop-15-cc1xx:38049
[rosmaster.master][INFO] 2020-02-28 20:23:58,680: -SERVICE [/sr_scheduler/get_loggers] /sr_scheduler rosrpc://itachi-HP-Pavilion-Laptop-15-cc1xx:38049
[rosmaster.master][INFO] 2020-02-28 20:23:58,680: publisherUpdate[/rosout] -> http://itachi-HP-Pavilion-Laptop-15-cc1xx:41005/ ['http://itachi-HP-Pavilion-Laptop-15-cc1xx:45217/', 'http://itachi-HP-Pavilion-Laptop-15-cc1xx:39337/', 'http://itachi-HP-Pavilion-Laptop-15-cc1xx:43365/', 'http://itachi-HP-Pavilion-Laptop-15-cc1xx:38905/', 'http://itachi-HP-Pavilion-Laptop-15-cc1xx:33585/', 'http://itachi-HP-Pavilion-Laptop-15-cc1xx:37439/', 'http://itachi-HP-Pavilion-Laptop-15-cc1xx:37831/']
[rosmaster.master][INFO] 2020-02-28 20:23:58,682: publisherUpdate[/rosout] -> http://itachi-HP-Pavilion-Laptop-15-cc1xx:41005/ ['http://itachi-HP-Pavilion-Laptop-15-cc1xx:45217/', 'http://itachi-HP-Pavilion-Laptop-15-cc1xx:39337/', 'http://itachi-HP-Pavilion-Laptop-15-cc1xx:43365/', 'http://itachi-HP-Pavilion-Laptop-15-cc1xx:38905/', 'http://itachi-HP-Pavilion-Laptop-15-cc1xx:33585/', 'http://itachi-HP-Pavilion-Laptop-15-cc1xx:37439/', 'http://itachi-HP-Pavilion-Laptop-15-cc1xx:37831/']: sec=0.00, result=[1, '', 0]
[rosmaster.master][INFO] 2020-02-28 20:23:58,682: publisherUpdate[/decision_info] -> http://itachi-HP-Pavilion-Laptop-15-cc1xx:37439/ []
[rosmaster.master][INFO] 2020-02-28 20:23:58,686: publisherUpdate[/decision_info] -> http://itachi-HP-Pavilion-Laptop-15-cc1xx:37439/ []: sec=0.00, result=[1, '', 0]
[rosmaster.master][INFO] 2020-02-28 20:24:05,885: -SUB [/led_control_topic] /serial_node http://itachi-HP-Pavilion-Laptop-15-cc1xx:33585/
[rosmaster.master][INFO] 2020-02-28 20:24:05,885: -PUB [/diagnostics] /serial_node http://itachi-HP-Pavilion-Laptop-15-cc1xx:33585/
[rosmaster.master][INFO] 2020-02-28 20:24:05,886: -PUB [/rosout] /serial_node http://itachi-HP-Pavilion-Laptop-15-cc1xx:33585/
[rosmaster.master][INFO] 2020-02-28 20:24:05,886: -SERVICE [/serial_node/get_loggers] /serial_node rosrpc://itachi-HP-Pavilion-Laptop-15-cc1xx:43323
[rosmaster.master][INFO] 2020-02-28 20:24:05,886: -SERVICE [/serial_node/set_logger_level] /serial_node rosrpc://itachi-HP-Pavilion-Laptop-15-cc1xx:43323
[rosmaster.master][INFO] 2020-02-28 20:24:05,892: publisherUpdate[/rosout] -> http://itachi-HP-Pavilion-Laptop-15-cc1xx:41005/ ['http://itachi-HP-Pavilion-Laptop-15-cc1xx:45217/', 'http://itachi-HP-Pavilion-Laptop-15-cc1xx:39337/', 'http://itachi-HP-Pavilion-Laptop-15-cc1xx:43365/', 'http://itachi-HP-Pavilion-Laptop-15-cc1xx:38905/', 'http://itachi-HP-Pavilion-Laptop-15-cc1xx:37439/', 'http://itachi-HP-Pavilion-Laptop-15-cc1xx:37831/']
[rosmaster.master][INFO] 2020-02-28 20:24:05,894: publisherUpdate[/rosout] -> http://itachi-HP-Pavilion-Laptop-15-cc1xx:41005/ ['http://itachi-HP-Pavilion-Laptop-15-cc1xx:45217/', 'http://itachi-HP-Pavilion-Laptop-15-cc1xx:39337/', 'http://itachi-HP-Pavilion-Laptop-15-cc1xx:43365/', 'http://itachi-HP-Pavilion-Laptop-15-cc1xx:38905/', 'http://itachi-HP-Pavilion-Laptop-15-cc1xx:37439/', 'http://itachi-HP-Pavilion-Laptop-15-cc1xx:37831/']: sec=0.00, result=[1, '', 0]
[rosmaster.master][INFO] 2020-02-28 20:25:36,680: +PUB [/stop_info] /sr_scheduler http://itachi-HP-Pavilion-Laptop-15-cc1xx:36739/
[rosmaster.master][INFO] 2020-02-28 20:25:36,683: +PUB [/decision_info] /sr_scheduler http://itachi-HP-Pavilion-Laptop-15-cc1xx:36739/
[rosmaster.master][INFO] 2020-02-28 20:25:36,689: +SUB [/serviced_info] /sr_scheduler http://itachi-HP-Pavilion-Laptop-15-cc1xx:36739/
[rosmaster.master][INFO] 2020-02-28 20:25:36,691: +SUB [/detection_info] /sr_scheduler http://itachi-HP-Pavilion-Laptop-15-cc1xx:36739/
[rosmaster.master][INFO] 2020-02-28 20:25:36,693: publisherUpdate[/decision_info] -> http://itachi-HP-Pavilion-Laptop-15-cc1xx:37439/ ['http://itachi-HP-Pavilion-Laptop-15-cc1xx:36739/']
[rosmaster.master][INFO] 2020-02-28 20:25:36,696: publisherUpdate[/decision_info] -> http://itachi-HP-Pavilion-Laptop-15-cc1xx:37439/ ['http://itachi-HP-Pavilion-Laptop-15-cc1xx:36739/']: sec=0.00, result=[1, '', 0]
[rosmaster.master][INFO] 2020-02-28 20:25:36,781: +PUB [/rosout] /sr_scheduler http://itachi-HP-Pavilion-Laptop-15-cc1xx:36739/
[rosmaster.master][INFO] 2020-02-28 20:25:36,782: publisherUpdate[/rosout] -> http://itachi-HP-Pavilion-Laptop-15-cc1xx:41005/ ['http://itachi-HP-Pavilion-Laptop-15-cc1xx:45217/', 'http://itachi-HP-Pavilion-Laptop-15-cc1xx:39337/', 'http://itachi-HP-Pavilion-Laptop-15-cc1xx:43365/', 'http://itachi-HP-Pavilion-Laptop-15-cc1xx:38905/', 'http://itachi-HP-Pavilion-Laptop-15-cc1xx:37439/', 'http://itachi-HP-Pavilion-Laptop-15-cc1xx:37831/', 'http://itachi-HP-Pavilion-Laptop-15-cc1xx:36739/']
[rosmaster.master][INFO] 2020-02-28 20:25:36,783: publisherUpdate[/rosout] -> http://itachi-HP-Pavilion-Laptop-15-cc1xx:41005/ ['http://itachi-HP-Pavilion-Laptop-15-cc1xx:45217/', 'http://itachi-HP-Pavilion-Laptop-15-cc1xx:39337/', 'http://itachi-HP-Pavilion-Laptop-15-cc1xx:43365/', 'http://itachi-HP-Pavilion-Laptop-15-cc1xx:38905/', 'http://itachi-HP-Pavilion-Laptop-15-cc1xx:37439/', 'http://itachi-HP-Pavilion-Laptop-15-cc1xx:37831/', 'http://itachi-HP-Pavilion-Laptop-15-cc1xx:36739/']: sec=0.00, result=[1, '', 0]
[rosmaster.master][INFO] 2020-02-28 20:25:36,787: +SERVICE [/sr_scheduler/get_loggers] /sr_scheduler http://itachi-HP-Pavilion-Laptop-15-cc1xx:36739/
[rosmaster.master][INFO] 2020-02-28 20:25:36,790: +SERVICE [/sr_scheduler/set_logger_level] /sr_scheduler http://itachi-HP-Pavilion-Laptop-15-cc1xx:36739/
[rosmaster.master][INFO] 2020-02-28 20:25:38,154: -SUB [/whycon/poses] /monitor http://itachi-HP-Pavilion-Laptop-15-cc1xx:37439/
[rosmaster.master][INFO] 2020-02-28 20:25:38,154: -SUB [/detection_info] /monitor http://itachi-HP-Pavilion-Laptop-15-cc1xx:37439/
[rosmaster.master][INFO] 2020-02-28 20:25:38,154: -SUB [/decision_info] /monitor http://itachi-HP-Pavilion-Laptop-15-cc1xx:37439/
[rosmaster.master][INFO] 2020-02-28 20:25:38,155: -SUB [/arm_status] /monitor http://itachi-HP-Pavilion-Laptop-15-cc1xx:37439/
[rosmaster.master][INFO] 2020-02-28 20:25:38,155: -PUB [/serviced_info] /monitor http://itachi-HP-Pavilion-Laptop-15-cc1xx:37439/
[rosmaster.master][INFO] 2020-02-28 20:25:38,155: -PUB [/rosout] /monitor http://itachi-HP-Pavilion-Laptop-15-cc1xx:37439/
[rosmaster.master][INFO] 2020-02-28 20:25:38,155: -PUB [/stats_sr] /monitor http://itachi-HP-Pavilion-Laptop-15-cc1xx:37439/
[rosmaster.master][INFO] 2020-02-28 20:25:38,155: -PUB [/led_control_topic] /monitor http://itachi-HP-Pavilion-Laptop-15-cc1xx:37439/
[rosmaster.master][INFO] 2020-02-28 20:25:38,155: -PUB [/base_cell_int_topic] /monitor http://itachi-HP-Pavilion-Laptop-15-cc1xx:37439/
[rosmaster.master][INFO] 2020-02-28 20:25:38,155: -SERVICE [/monitor/set_logger_level] /monitor rosrpc://itachi-HP-Pavilion-Laptop-15-cc1xx:38325
[rosmaster.master][INFO] 2020-02-28 20:25:38,155: -SERVICE [/monitor/get_loggers] /monitor rosrpc://itachi-HP-Pavilion-Laptop-15-cc1xx:38325
[rosmaster.master][INFO] 2020-02-28 20:25:38,187: publisherUpdate[/serviced_info] -> http://itachi-HP-Pavilion-Laptop-15-cc1xx:36739/ []
[rosmaster.master][INFO] 2020-02-28 20:25:38,189: publisherUpdate[/serviced_info] -> http://itachi-HP-Pavilion-Laptop-15-cc1xx:36739/ []: sec=0.00, result=[1, '', 0]
[rosmaster.master][INFO] 2020-02-28 20:25:38,189: publisherUpdate[/rosout] -> http://itachi-HP-Pavilion-Laptop-15-cc1xx:41005/ ['http://itachi-HP-Pavilion-Laptop-15-cc1xx:45217/', 'http://itachi-HP-Pavilion-Laptop-15-cc1xx:39337/', 'http://itachi-HP-Pavilion-Laptop-15-cc1xx:43365/', 'http://itachi-HP-Pavilion-Laptop-15-cc1xx:38905/', 'http://itachi-HP-Pavilion-Laptop-15-cc1xx:37831/', 'http://itachi-HP-Pavilion-Laptop-15-cc1xx:36739/']
[rosmaster.master][INFO] 2020-02-28 20:25:38,190: publisherUpdate[/rosout] -> http://itachi-HP-Pavilion-Laptop-15-cc1xx:41005/ ['http://itachi-HP-Pavilion-Laptop-15-cc1xx:45217/', 'http://itachi-HP-Pavilion-Laptop-15-cc1xx:39337/', 'http://itachi-HP-Pavilion-Laptop-15-cc1xx:43365/', 'http://itachi-HP-Pavilion-Laptop-15-cc1xx:38905/', 'http://itachi-HP-Pavilion-Laptop-15-cc1xx:37831/', 'http://itachi-HP-Pavilion-Laptop-15-cc1xx:36739/']: sec=0.00, result=[1, '', 0]
[rosmaster.master][INFO] 2020-02-28 20:25:40,994: +PUB [/rosout] /monitor http://itachi-HP-Pavilion-Laptop-15-cc1xx:41007/
[rosmaster.master][INFO] 2020-02-28 20:25:40,999: publisherUpdate[/rosout] -> http://itachi-HP-Pavilion-Laptop-15-cc1xx:41005/ ['http://itachi-HP-Pavilion-Laptop-15-cc1xx:45217/', 'http://itachi-HP-Pavilion-Laptop-15-cc1xx:39337/', 'http://itachi-HP-Pavilion-Laptop-15-cc1xx:43365/', 'http://itachi-HP-Pavilion-Laptop-15-cc1xx:38905/', 'http://itachi-HP-Pavilion-Laptop-15-cc1xx:37831/', 'http://itachi-HP-Pavilion-Laptop-15-cc1xx:36739/', 'http://itachi-HP-Pavilion-Laptop-15-cc1xx:41007/']
[rosmaster.master][INFO] 2020-02-28 20:25:40,999: +SERVICE [/monitor/get_loggers] /monitor http://itachi-HP-Pavilion-Laptop-15-cc1xx:41007/
[rosmaster.master][INFO] 2020-02-28 20:25:41,002: publisherUpdate[/rosout] -> http://itachi-HP-Pavilion-Laptop-15-cc1xx:41005/ ['http://itachi-HP-Pavilion-Laptop-15-cc1xx:45217/', 'http://itachi-HP-Pavilion-Laptop-15-cc1xx:39337/', 'http://itachi-HP-Pavilion-Laptop-15-cc1xx:43365/', 'http://itachi-HP-Pavilion-Laptop-15-cc1xx:38905/', 'http://itachi-HP-Pavilion-Laptop-15-cc1xx:37831/', 'http://itachi-HP-Pavilion-Laptop-15-cc1xx:36739/', 'http://itachi-HP-Pavilion-Laptop-15-cc1xx:41007/']: sec=0.00, result=[1, '', 0]
[rosmaster.master][INFO] 2020-02-28 20:25:41,004: +SERVICE [/monitor/set_logger_level] /monitor http://itachi-HP-Pavilion-Laptop-15-cc1xx:41007/
[rosmaster.master][INFO] 2020-02-28 20:25:41,069: +SUB [/whycon/poses] /monitor http://itachi-HP-Pavilion-Laptop-15-cc1xx:41007/
[rosmaster.master][INFO] 2020-02-28 20:25:41,072: +SUB [/decision_info] /monitor http://itachi-HP-Pavilion-Laptop-15-cc1xx:41007/
[rosmaster.master][INFO] 2020-02-28 20:25:41,076: +SUB [/detection_info] /monitor http://itachi-HP-Pavilion-Laptop-15-cc1xx:41007/
[rosmaster.master][INFO] 2020-02-28 20:25:41,080: +SUB [/arm_status] /monitor http://itachi-HP-Pavilion-Laptop-15-cc1xx:41007/
[rosmaster.master][INFO] 2020-02-28 20:25:41,087: +PUB [/stats_sr] /monitor http://itachi-HP-Pavilion-Laptop-15-cc1xx:41007/
[rosmaster.master][INFO] 2020-02-28 20:25:41,089: +PUB [/serviced_info] /monitor http://itachi-HP-Pavilion-Laptop-15-cc1xx:41007/
[rosmaster.master][INFO] 2020-02-28 20:25:41,090: +PUB [/led_control_topic] /monitor http://itachi-HP-Pavilion-Laptop-15-cc1xx:41007/
[rosmaster.master][INFO] 2020-02-28 20:25:41,092: +PUB [/base_cell_int_topic] /monitor http://itachi-HP-Pavilion-Laptop-15-cc1xx:41007/
[rosmaster.master][INFO] 2020-02-28 20:25:41,102: publisherUpdate[/serviced_info] -> http://itachi-HP-Pavilion-Laptop-15-cc1xx:36739/ ['http://itachi-HP-Pavilion-Laptop-15-cc1xx:41007/']
[rosmaster.master][INFO] 2020-02-28 20:25:41,105: publisherUpdate[/serviced_info] -> http://itachi-HP-Pavilion-Laptop-15-cc1xx:36739/ ['http://itachi-HP-Pavilion-Laptop-15-cc1xx:41007/']: sec=0.00, result=[1, '', 0]
[rosmaster.master][INFO] 2020-02-28 20:25:45,060: -SUB [/whycon/poses] /monitor http://itachi-HP-Pavilion-Laptop-15-cc1xx:41007/
[rosmaster.master][INFO] 2020-02-28 20:25:45,060: -SUB [/detection_info] /monitor http://itachi-HP-Pavilion-Laptop-15-cc1xx:41007/
[rosmaster.master][INFO] 2020-02-28 20:25:45,060: -SUB [/decision_info] /monitor http://itachi-HP-Pavilion-Laptop-15-cc1xx:41007/
[rosmaster.master][INFO] 2020-02-28 20:25:45,061: -SUB [/arm_status] /monitor http://itachi-HP-Pavilion-Laptop-15-cc1xx:41007/
[rosmaster.master][INFO] 2020-02-28 20:25:45,061: -PUB [/serviced_info] /monitor http://itachi-HP-Pavilion-Laptop-15-cc1xx:41007/
[rosmaster.master][INFO] 2020-02-28 20:25:45,061: -PUB [/rosout] /monitor http://itachi-HP-Pavilion-Laptop-15-cc1xx:41007/
[rosmaster.master][INFO] 2020-02-28 20:25:45,061: -PUB [/stats_sr] /monitor http://itachi-HP-Pavilion-Laptop-15-cc1xx:41007/
[rosmaster.master][INFO] 2020-02-28 20:25:45,061: -PUB [/led_control_topic] /monitor http://itachi-HP-Pavilion-Laptop-15-cc1xx:41007/
[rosmaster.master][INFO] 2020-02-28 20:25:45,061: -PUB [/base_cell_int_topic] /monitor http://itachi-HP-Pavilion-Laptop-15-cc1xx:41007/
[rosmaster.master][INFO] 2020-02-28 20:25:45,062: -SERVICE [/monitor/set_logger_level] /monitor rosrpc://itachi-HP-Pavilion-Laptop-15-cc1xx:46023
[rosmaster.master][INFO] 2020-02-28 20:25:45,062: -SERVICE [/monitor/get_loggers] /monitor rosrpc://itachi-HP-Pavilion-Laptop-15-cc1xx:46023
[rosmaster.master][INFO] 2020-02-28 20:25:45,112: publisherUpdate[/serviced_info] -> http://itachi-HP-Pavilion-Laptop-15-cc1xx:36739/ []
[rosmaster.master][INFO] 2020-02-28 20:25:45,112: publisherUpdate[/rosout] -> http://itachi-HP-Pavilion-Laptop-15-cc1xx:41005/ ['http://itachi-HP-Pavilion-Laptop-15-cc1xx:45217/', 'http://itachi-HP-Pavilion-Laptop-15-cc1xx:39337/', 'http://itachi-HP-Pavilion-Laptop-15-cc1xx:43365/', 'http://itachi-HP-Pavilion-Laptop-15-cc1xx:38905/', 'http://itachi-HP-Pavilion-Laptop-15-cc1xx:37831/', 'http://itachi-HP-Pavilion-Laptop-15-cc1xx:36739/']
[rosmaster.master][INFO] 2020-02-28 20:25:45,113: publisherUpdate[/rosout] -> http://itachi-HP-Pavilion-Laptop-15-cc1xx:41005/ ['http://itachi-HP-Pavilion-Laptop-15-cc1xx:45217/', 'http://itachi-HP-Pavilion-Laptop-15-cc1xx:39337/', 'http://itachi-HP-Pavilion-Laptop-15-cc1xx:43365/', 'http://itachi-HP-Pavilion-Laptop-15-cc1xx:38905/', 'http://itachi-HP-Pavilion-Laptop-15-cc1xx:37831/', 'http://itachi-HP-Pavilion-Laptop-15-cc1xx:36739/']: sec=0.00, result=[1, '', 0]
[rosmaster.master][INFO] 2020-02-28 20:25:45,114: publisherUpdate[/serviced_info] -> http://itachi-HP-Pavilion-Laptop-15-cc1xx:36739/ []: sec=0.00, result=[1, '', 0]
[rosmaster.master][INFO] 2020-02-28 20:25:48,113: -SERVICE [/usb_cam/get_loggers] /usb_cam rosrpc://itachi-HP-Pavilion-Laptop-15-cc1xx:43519
[rosmaster.master][INFO] 2020-02-28 20:25:48,114: -SERVICE [/usb_cam/set_logger_level] /usb_cam rosrpc://itachi-HP-Pavilion-Laptop-15-cc1xx:43519
[rosmaster.master][INFO] 2020-02-28 20:25:48,115: -SERVICE [/usb_cam/image_raw/compressedDepth/set_parameters] /usb_cam rosrpc://itachi-HP-Pavilion-Laptop-15-cc1xx:43519
[rosmaster.master][INFO] 2020-02-28 20:25:48,115: -SERVICE [/usb_cam/image_raw/compressed/set_parameters] /usb_cam rosrpc://itachi-HP-Pavilion-Laptop-15-cc1xx:43519
[rosmaster.master][INFO] 2020-02-28 20:25:48,117: -SERVICE [/usb_cam/image_raw/theora/set_parameters] /usb_cam rosrpc://itachi-HP-Pavilion-Laptop-15-cc1xx:43519
[rosmaster.master][INFO] 2020-02-28 20:25:48,118: -SERVICE [/usb_cam/set_camera_info] /usb_cam rosrpc://itachi-HP-Pavilion-Laptop-15-cc1xx:43519
[rosmaster.master][INFO] 2020-02-28 20:25:48,118: -SERVICE [/usb_cam/start_capture] /usb_cam rosrpc://itachi-HP-Pavilion-Laptop-15-cc1xx:43519
[rosmaster.master][INFO] 2020-02-28 20:25:48,119: -SERVICE [/usb_cam/stop_capture] /usb_cam rosrpc://itachi-HP-Pavilion-Laptop-15-cc1xx:43519
[rosmaster.master][INFO] 2020-02-28 20:25:48,230: -PUB [/rosout] /usb_cam http://itachi-HP-Pavilion-Laptop-15-cc1xx:45217/
[rosmaster.master][INFO] 2020-02-28 20:25:48,231: -PUB [/usb_cam/image_raw/compressedDepth] /usb_cam http://itachi-HP-Pavilion-Laptop-15-cc1xx:45217/
[rosmaster.master][INFO] 2020-02-28 20:25:48,231: -PUB [/usb_cam/image_raw/compressedDepth/parameter_descriptions] /usb_cam http://itachi-HP-Pavilion-Laptop-15-cc1xx:45217/
[rosmaster.master][INFO] 2020-02-28 20:25:48,232: -PUB [/usb_cam/image_raw/compressedDepth/parameter_updates] /usb_cam http://itachi-HP-Pavilion-Laptop-15-cc1xx:45217/
[rosmaster.master][INFO] 2020-02-28 20:25:48,233: -PUB [/usb_cam/image_raw/compressed] /usb_cam http://itachi-HP-Pavilion-Laptop-15-cc1xx:45217/
[rosmaster.master][INFO] 2020-02-28 20:25:48,233: -PUB [/usb_cam/image_raw/compressed/parameter_descriptions] /usb_cam http://itachi-HP-Pavilion-Laptop-15-cc1xx:45217/
[rosmaster.master][INFO] 2020-02-28 20:25:48,234: -PUB [/usb_cam/image_raw/compressed/parameter_updates] /usb_cam http://itachi-HP-Pavilion-Laptop-15-cc1xx:45217/
[rosmaster.master][INFO] 2020-02-28 20:25:48,235: -PUB [/usb_cam/image_raw] /usb_cam http://itachi-HP-Pavilion-Laptop-15-cc1xx:45217/
[rosmaster.master][INFO] 2020-02-28 20:25:48,235: -PUB [/usb_cam/image_raw/theora] /usb_cam http://itachi-HP-Pavilion-Laptop-15-cc1xx:45217/
[rosmaster.master][INFO] 2020-02-28 20:25:48,236: -PUB [/usb_cam/image_raw/theora/parameter_descriptions] /usb_cam http://itachi-HP-Pavilion-Laptop-15-cc1xx:45217/
[rosmaster.master][INFO] 2020-02-28 20:25:48,237: -PUB [/usb_cam/image_raw/theora/parameter_updates] /usb_cam http://itachi-HP-Pavilion-Laptop-15-cc1xx:45217/
[rosmaster.master][INFO] 2020-02-28 20:25:48,237: -PUB [/usb_cam/camera_info] /usb_cam http://itachi-HP-Pavilion-Laptop-15-cc1xx:45217/
[rosmaster.master][INFO] 2020-02-28 20:25:48,319: publisherUpdate[/rosout] -> http://itachi-HP-Pavilion-Laptop-15-cc1xx:41005/ ['http://itachi-HP-Pavilion-Laptop-15-cc1xx:39337/', 'http://itachi-HP-Pavilion-Laptop-15-cc1xx:43365/', 'http://itachi-HP-Pavilion-Laptop-15-cc1xx:38905/', 'http://itachi-HP-Pavilion-Laptop-15-cc1xx:37831/', 'http://itachi-HP-Pavilion-Laptop-15-cc1xx:36739/']
[rosmaster.master][INFO] 2020-02-28 20:25:48,319: publisherUpdate[/usb_cam/image_raw] -> http://itachi-HP-Pavilion-Laptop-15-cc1xx:39337/ []
[rosmaster.master][INFO] 2020-02-28 20:25:48,320: publisherUpdate[/rosout] -> http://itachi-HP-Pavilion-Laptop-15-cc1xx:41005/ ['http://itachi-HP-Pavilion-Laptop-15-cc1xx:39337/', 'http://itachi-HP-Pavilion-Laptop-15-cc1xx:43365/', 'http://itachi-HP-Pavilion-Laptop-15-cc1xx:38905/', 'http://itachi-HP-Pavilion-Laptop-15-cc1xx:37831/', 'http://itachi-HP-Pavilion-Laptop-15-cc1xx:36739/']: sec=0.00, result=[1, '', 0]
[rosmaster.master][INFO] 2020-02-28 20:25:48,320: publisherUpdate[/usb_cam/image_raw] -> http://itachi-HP-Pavilion-Laptop-15-cc1xx:39337/ []: sec=0.00, result=[1, '', 0]
[rosmaster.master][INFO] 2020-02-28 20:25:48,320: publisherUpdate[/usb_cam/camera_info] -> http://itachi-HP-Pavilion-Laptop-15-cc1xx:43365/ []
[rosmaster.master][INFO] 2020-02-28 20:25:48,320: publisherUpdate[/usb_cam/camera_info] -> http://itachi-HP-Pavilion-Laptop-15-cc1xx:39337/ []
[rosmaster.master][INFO] 2020-02-28 20:25:48,321: publisherUpdate[/usb_cam/camera_info] -> http://itachi-HP-Pavilion-Laptop-15-cc1xx:39337/ []: sec=0.00, result=[1, '', 0]
[rosmaster.master][INFO] 2020-02-28 20:25:48,321: publisherUpdate[/usb_cam/camera_info] -> http://itachi-HP-Pavilion-Laptop-15-cc1xx:43365/ []: sec=0.00, result=[1, '', 0]
[rosmaster.master][INFO] 2020-02-28 20:25:53,715: -PUB [/rosout] /whycon_display/image_view http://itachi-HP-Pavilion-Laptop-15-cc1xx:38905/
[rosmaster.master][INFO] 2020-02-28 20:25:53,716: -PUB [/whycon_display/image_view/output] /whycon_display/image_view http://itachi-HP-Pavilion-Laptop-15-cc1xx:38905/
[rosmaster.master][INFO] 2020-02-28 20:25:53,716: -PUB [/whycon_display/image_view/parameter_descriptions] /whycon_display/image_view http://itachi-HP-Pavilion-Laptop-15-cc1xx:38905/
[rosmaster.master][INFO] 2020-02-28 20:25:53,717: -PUB [/whycon_display/image_view/parameter_updates] /whycon_display/image_view http://itachi-HP-Pavilion-Laptop-15-cc1xx:38905/
[rosmaster.master][INFO] 2020-02-28 20:25:53,717: -SUB [/whycon/image_out] /whycon_display/image_view http://itachi-HP-Pavilion-Laptop-15-cc1xx:38905/
[rosmaster.master][INFO] 2020-02-28 20:25:53,718: -SERVICE [/whycon_display/image_view/get_loggers] /whycon_display/image_view rosrpc://itachi-HP-Pavilion-Laptop-15-cc1xx:43757
[rosmaster.master][INFO] 2020-02-28 20:25:53,718: -SERVICE [/whycon_display/image_view/set_logger_level] /whycon_display/image_view rosrpc://itachi-HP-Pavilion-Laptop-15-cc1xx:43757
[rosmaster.master][INFO] 2020-02-28 20:25:53,719: -SERVICE [/whycon_display/image_view/set_parameters] /whycon_display/image_view rosrpc://itachi-HP-Pavilion-Laptop-15-cc1xx:43757
[rosmaster.master][INFO] 2020-02-28 20:25:53,732: -PUB [/rosout] /whycon http://itachi-HP-Pavilion-Laptop-15-cc1xx:43365/
[rosmaster.master][INFO] 2020-02-28 20:25:53,732: publisherUpdate[/rosout] -> http://itachi-HP-Pavilion-Laptop-15-cc1xx:41005/ ['http://itachi-HP-Pavilion-Laptop-15-cc1xx:39337/', 'http://itachi-HP-Pavilion-Laptop-15-cc1xx:43365/', 'http://itachi-HP-Pavilion-Laptop-15-cc1xx:37831/', 'http://itachi-HP-Pavilion-Laptop-15-cc1xx:36739/']
[rosmaster.master][INFO] 2020-02-28 20:25:53,733: -PUB [/rosout] /usb_cam/image_proc http://itachi-HP-Pavilion-Laptop-15-cc1xx:39337/
[rosmaster.master][INFO] 2020-02-28 20:25:53,735: -PUB [/tf] /whycon http://itachi-HP-Pavilion-Laptop-15-cc1xx:43365/
[rosmaster.master][INFO] 2020-02-28 20:25:53,735: publisherUpdate[/rosout] -> http://itachi-HP-Pavilion-Laptop-15-cc1xx:41005/ ['http://itachi-HP-Pavilion-Laptop-15-cc1xx:39337/', 'http://itachi-HP-Pavilion-Laptop-15-cc1xx:43365/', 'http://itachi-HP-Pavilion-Laptop-15-cc1xx:37831/', 'http://itachi-HP-Pavilion-Laptop-15-cc1xx:36739/']: sec=0.00, result=[1, '', 0]
[rosmaster.master][INFO] 2020-02-28 20:25:53,735: publisherUpdate[/rosout] -> http://itachi-HP-Pavilion-Laptop-15-cc1xx:41005/ ['http://itachi-HP-Pavilion-Laptop-15-cc1xx:39337/', 'http://itachi-HP-Pavilion-Laptop-15-cc1xx:37831/', 'http://itachi-HP-Pavilion-Laptop-15-cc1xx:36739/']
[rosmaster.master][INFO] 2020-02-28 20:25:53,736: publisherUpdate[/rosout] -> http://itachi-HP-Pavilion-Laptop-15-cc1xx:41005/ ['http://itachi-HP-Pavilion-Laptop-15-cc1xx:39337/', 'http://itachi-HP-Pavilion-Laptop-15-cc1xx:37831/', 'http://itachi-HP-Pavilion-Laptop-15-cc1xx:36739/']: sec=0.00, result=[1, '', 0]
[rosmaster.master][INFO] 2020-02-28 20:25:53,736: publisherUpdate[/rosout] -> http://itachi-HP-Pavilion-Laptop-15-cc1xx:41005/ ['http://itachi-HP-Pavilion-Laptop-15-cc1xx:37831/', 'http://itachi-HP-Pavilion-Laptop-15-cc1xx:36739/']
[rosmaster.master][INFO] 2020-02-28 20:25:53,737: publisherUpdate[/rosout] -> http://itachi-HP-Pavilion-Laptop-15-cc1xx:41005/ ['http://itachi-HP-Pavilion-Laptop-15-cc1xx:37831/', 'http://itachi-HP-Pavilion-Laptop-15-cc1xx:36739/']: sec=0.00, result=[1, '', 0]
[rosmaster.master][INFO] 2020-02-28 20:25:53,737: -PUB [/usb_cam/image_proc_debayer/parameter_descriptions] /usb_cam/image_proc http://itachi-HP-Pavilion-Laptop-15-cc1xx:39337/
[rosmaster.master][INFO] 2020-02-28 20:25:53,738: -PUB [/whycon/image_out] /whycon http://itachi-HP-Pavilion-Laptop-15-cc1xx:43365/
[rosmaster.master][INFO] 2020-02-28 20:25:53,739: -PUB [/usb_cam/image_proc_debayer/parameter_updates] /usb_cam/image_proc http://itachi-HP-Pavilion-Laptop-15-cc1xx:39337/
[rosmaster.master][INFO] 2020-02-28 20:25:53,740: -PUB [/whycon/poses] /whycon http://itachi-HP-Pavilion-Laptop-15-cc1xx:43365/
[rosmaster.master][INFO] 2020-02-28 20:25:53,740: -PUB [/usb_cam/image_mono/compressedDepth] /usb_cam/image_proc http://itachi-HP-Pavilion-Laptop-15-cc1xx:39337/
[rosmaster.master][INFO] 2020-02-28 20:25:53,741: -PUB [/whycon/context] /whycon http://itachi-HP-Pavilion-Laptop-15-cc1xx:43365/
[rosmaster.master][INFO] 2020-02-28 20:25:53,742: -PUB [/usb_cam/image_mono/compressedDepth/parameter_descriptions] /usb_cam/image_proc http://itachi-HP-Pavilion-Laptop-15-cc1xx:39337/
[rosmaster.master][INFO] 2020-02-28 20:25:53,742: -PUB [/whycon/projection] /whycon http://itachi-HP-Pavilion-Laptop-15-cc1xx:43365/
[rosmaster.master][INFO] 2020-02-28 20:25:53,743: -PUB [/usb_cam/image_mono/compressedDepth/parameter_updates] /usb_cam/image_proc http://itachi-HP-Pavilion-Laptop-15-cc1xx:39337/
[rosmaster.master][INFO] 2020-02-28 20:25:53,743: -SUB [/usb_cam/image_rect_color] /whycon http://itachi-HP-Pavilion-Laptop-15-cc1xx:43365/
[rosmaster.master][INFO] 2020-02-28 20:25:53,744: -PUB [/usb_cam/image_mono/compressed] /usb_cam/image_proc http://itachi-HP-Pavilion-Laptop-15-cc1xx:39337/
[rosmaster.master][INFO] 2020-02-28 20:25:53,745: -SUB [/usb_cam/camera_info] /whycon http://itachi-HP-Pavilion-Laptop-15-cc1xx:43365/
[rosmaster.master][INFO] 2020-02-28 20:25:53,748: -PUB [/usb_cam/image_mono/compressed/parameter_descriptions] /usb_cam/image_proc http://itachi-HP-Pavilion-Laptop-15-cc1xx:39337/
[rosmaster.master][INFO] 2020-02-28 20:25:53,748: -SERVICE [/whycon/get_loggers] /whycon rosrpc://itachi-HP-Pavilion-Laptop-15-cc1xx:39257
[rosmaster.master][INFO] 2020-02-28 20:25:53,749: -PUB [/usb_cam/image_mono/compressed/parameter_updates] /usb_cam/image_proc http://itachi-HP-Pavilion-Laptop-15-cc1xx:39337/
[rosmaster.master][INFO] 2020-02-28 20:25:53,750: -SERVICE [/whycon/set_logger_level] /whycon rosrpc://itachi-HP-Pavilion-Laptop-15-cc1xx:39257
[rosmaster.master][INFO] 2020-02-28 20:25:53,750: -PUB [/usb_cam/image_mono] /usb_cam/image_proc http://itachi-HP-Pavilion-Laptop-15-cc1xx:39337/
[rosmaster.master][INFO] 2020-02-28 20:25:53,751: -SERVICE [/whycon/reset] /whycon rosrpc://itachi-HP-Pavilion-Laptop-15-cc1xx:39257
[rosmaster.master][INFO] 2020-02-28 20:25:53,751: -PUB [/usb_cam/image_mono/theora] /usb_cam/image_proc http://itachi-HP-Pavilion-Laptop-15-cc1xx:39337/
[rosmaster.master][INFO] 2020-02-28 20:25:53,752: -PUB [/usb_cam/image_mono/theora/parameter_descriptions] /usb_cam/image_proc http://itachi-HP-Pavilion-Laptop-15-cc1xx:39337/
[rosmaster.master][INFO] 2020-02-28 20:25:53,752: -PUB [/usb_cam/image_mono/theora/parameter_updates] /usb_cam/image_proc http://itachi-HP-Pavilion-Laptop-15-cc1xx:39337/
[rosmaster.master][INFO] 2020-02-28 20:25:53,752: -PUB [/usb_cam/image_color/compressedDepth] /usb_cam/image_proc http://itachi-HP-Pavilion-Laptop-15-cc1xx:39337/
[rosmaster.master][INFO] 2020-02-28 20:25:53,753: -PUB [/usb_cam/image_color/compressedDepth/parameter_descriptions] /usb_cam/image_proc http://itachi-HP-Pavilion-Laptop-15-cc1xx:39337/
[rosmaster.master][INFO] 2020-02-28 20:25:53,753: -PUB [/usb_cam/image_color/compressedDepth/parameter_updates] /usb_cam/image_proc http://itachi-HP-Pavilion-Laptop-15-cc1xx:39337/
[rosmaster.master][INFO] 2020-02-28 20:25:53,754: -PUB [/usb_cam/image_color/compressed] /usb_cam/image_proc http://itachi-HP-Pavilion-Laptop-15-cc1xx:39337/
[rosmaster.master][INFO] 2020-02-28 20:25:53,754: -PUB [/usb_cam/image_color/compressed/parameter_descriptions] /usb_cam/image_proc http://itachi-HP-Pavilion-Laptop-15-cc1xx:39337/
[rosmaster.master][INFO] 2020-02-28 20:25:53,755: -PUB [/usb_cam/image_color/compressed/parameter_updates] /usb_cam/image_proc http://itachi-HP-Pavilion-Laptop-15-cc1xx:39337/
[rosmaster.master][INFO] 2020-02-28 20:25:53,755: -PUB [/usb_cam/image_color] /usb_cam/image_proc http://itachi-HP-Pavilion-Laptop-15-cc1xx:39337/
[rosmaster.master][INFO] 2020-02-28 20:25:53,756: -PUB [/usb_cam/image_color/theora] /usb_cam/image_proc http://itachi-HP-Pavilion-Laptop-15-cc1xx:39337/
[rosmaster.master][INFO] 2020-02-28 20:25:53,756: -PUB [/usb_cam/image_color/theora/parameter_descriptions] /usb_cam/image_proc http://itachi-HP-Pavilion-Laptop-15-cc1xx:39337/
[rosmaster.master][INFO] 2020-02-28 20:25:53,756: -PUB [/usb_cam/image_color/theora/parameter_updates] /usb_cam/image_proc http://itachi-HP-Pavilion-Laptop-15-cc1xx:39337/
[rosmaster.master][INFO] 2020-02-28 20:25:53,757: -PUB [/usb_cam/image_proc_rectify_mono/parameter_descriptions] /usb_cam/image_proc http://itachi-HP-Pavilion-Laptop-15-cc1xx:39337/
[rosmaster.master][INFO] 2020-02-28 20:25:53,757: -PUB [/usb_cam/image_proc_rectify_mono/parameter_updates] /usb_cam/image_proc http://itachi-HP-Pavilion-Laptop-15-cc1xx:39337/
[rosmaster.master][INFO] 2020-02-28 20:25:53,758: -PUB [/usb_cam/image_rect/compressedDepth] /usb_cam/image_proc http://itachi-HP-Pavilion-Laptop-15-cc1xx:39337/
[rosmaster.master][INFO] 2020-02-28 20:25:53,758: -PUB [/usb_cam/image_rect/compressedDepth/parameter_descriptions] /usb_cam/image_proc http://itachi-HP-Pavilion-Laptop-15-cc1xx:39337/
[rosmaster.master][INFO] 2020-02-28 20:25:53,759: -PUB [/usb_cam/image_rect/compressedDepth/parameter_updates] /usb_cam/image_proc http://itachi-HP-Pavilion-Laptop-15-cc1xx:39337/
[rosmaster.master][INFO] 2020-02-28 20:25:53,759: -PUB [/usb_cam/image_rect/compressed] /usb_cam/image_proc http://itachi-HP-Pavilion-Laptop-15-cc1xx:39337/
[rosmaster.master][INFO] 2020-02-28 20:25:53,760: -PUB [/usb_cam/image_rect/compressed/parameter_descriptions] /usb_cam/image_proc http://itachi-HP-Pavilion-Laptop-15-cc1xx:39337/
[rosmaster.master][INFO] 2020-02-28 20:25:53,760: -PUB [/usb_cam/image_rect/compressed/parameter_updates] /usb_cam/image_proc http://itachi-HP-Pavilion-Laptop-15-cc1xx:39337/
[rosmaster.master][INFO] 2020-02-28 20:25:53,761: -PUB [/usb_cam/image_rect] /usb_cam/image_proc http://itachi-HP-Pavilion-Laptop-15-cc1xx:39337/
[rosmaster.master][INFO] 2020-02-28 20:25:53,764: -PUB [/usb_cam/image_rect/theora] /usb_cam/image_proc http://itachi-HP-Pavilion-Laptop-15-cc1xx:39337/
[rosmaster.master][INFO] 2020-02-28 20:25:53,766: -PUB [/usb_cam/image_rect/theora/parameter_descriptions] /usb_cam/image_proc http://itachi-HP-Pavilion-Laptop-15-cc1xx:39337/
[rosmaster.master][INFO] 2020-02-28 20:25:53,766: -PUB [/usb_cam/image_rect/theora/parameter_updates] /usb_cam/image_proc http://itachi-HP-Pavilion-Laptop-15-cc1xx:39337/
[rosmaster.master][INFO] 2020-02-28 20:25:53,767: -PUB [/usb_cam/image_proc_rectify_color/parameter_descriptions] /usb_cam/image_proc http://itachi-HP-Pavilion-Laptop-15-cc1xx:39337/
[rosmaster.master][INFO] 2020-02-28 20:25:53,768: -PUB [/usb_cam/image_proc_rectify_color/parameter_updates] /usb_cam/image_proc http://itachi-HP-Pavilion-Laptop-15-cc1xx:39337/
[rosmaster.master][INFO] 2020-02-28 20:25:53,768: -PUB [/usb_cam/image_rect_color/compressedDepth] /usb_cam/image_proc http://itachi-HP-Pavilion-Laptop-15-cc1xx:39337/
[rosmaster.master][INFO] 2020-02-28 20:25:53,768: -PUB [/usb_cam/image_rect_color/compressedDepth/parameter_descriptions] /usb_cam/image_proc http://itachi-HP-Pavilion-Laptop-15-cc1xx:39337/
[rosmaster.master][INFO] 2020-02-28 20:25:53,769: -PUB [/usb_cam/image_rect_color/compressedDepth/parameter_updates] /usb_cam/image_proc http://itachi-HP-Pavilion-Laptop-15-cc1xx:39337/
[rosmaster.master][INFO] 2020-02-28 20:25:53,770: -PUB [/usb_cam/image_rect_color/compressed] /usb_cam/image_proc http://itachi-HP-Pavilion-Laptop-15-cc1xx:39337/
[rosmaster.master][INFO] 2020-02-28 20:25:53,770: -PUB [/usb_cam/image_rect_color/compressed/parameter_descriptions] /usb_cam/image_proc http://itachi-HP-Pavilion-Laptop-15-cc1xx:39337/
[rosmaster.master][INFO] 2020-02-28 20:25:53,770: -PUB [/usb_cam/image_rect_color/compressed/parameter_updates] /usb_cam/image_proc http://itachi-HP-Pavilion-Laptop-15-cc1xx:39337/
[rosmaster.master][INFO] 2020-02-28 20:25:53,771: -PUB [/usb_cam/image_rect_color] /usb_cam/image_proc http://itachi-HP-Pavilion-Laptop-15-cc1xx:39337/
[rosmaster.master][INFO] 2020-02-28 20:25:53,771: -PUB [/usb_cam/image_rect_color/theora] /usb_cam/image_proc http://itachi-HP-Pavilion-Laptop-15-cc1xx:39337/
[rosmaster.master][INFO] 2020-02-28 20:25:53,772: -PUB [/usb_cam/image_rect_color/theora/parameter_descriptions] /usb_cam/image_proc http://itachi-HP-Pavilion-Laptop-15-cc1xx:39337/
[rosmaster.master][INFO] 2020-02-28 20:25:53,772: -PUB [/usb_cam/image_rect_color/theora/parameter_updates] /usb_cam/image_proc http://itachi-HP-Pavilion-Laptop-15-cc1xx:39337/
[rosmaster.master][INFO] 2020-02-28 20:25:53,773: -SUB [/usb_cam/image_color] /usb_cam/image_proc http://itachi-HP-Pavilion-Laptop-15-cc1xx:39337/
[rosmaster.master][INFO] 2020-02-28 20:25:53,773: -SUB [/usb_cam/camera_info] /usb_cam/image_proc http://itachi-HP-Pavilion-Laptop-15-cc1xx:39337/
[rosmaster.master][INFO] 2020-02-28 20:25:53,774: -SUB [/usb_cam/image_raw] /usb_cam/image_proc http://itachi-HP-Pavilion-Laptop-15-cc1xx:39337/
[rosmaster.master][INFO] 2020-02-28 20:25:53,774: -SERVICE [/usb_cam/image_proc/get_loggers] /usb_cam/image_proc rosrpc://itachi-HP-Pavilion-Laptop-15-cc1xx:56261
[rosmaster.master][INFO] 2020-02-28 20:25:53,775: -SERVICE [/usb_cam/image_proc/set_logger_level] /usb_cam/image_proc rosrpc://itachi-HP-Pavilion-Laptop-15-cc1xx:56261
[rosmaster.master][INFO] 2020-02-28 20:25:53,775: -SERVICE [/usb_cam/image_proc_debayer/set_parameters] /usb_cam/image_proc rosrpc://itachi-HP-Pavilion-Laptop-15-cc1xx:56261
[rosmaster.master][INFO] 2020-02-28 20:25:53,776: -SERVICE [/usb_cam/image_mono/compressedDepth/set_parameters] /usb_cam/image_proc rosrpc://itachi-HP-Pavilion-Laptop-15-cc1xx:56261
[rosmaster.master][INFO] 2020-02-28 20:25:53,776: -SERVICE [/usb_cam/image_mono/compressed/set_parameters] /usb_cam/image_proc rosrpc://itachi-HP-Pavilion-Laptop-15-cc1xx:56261
[rosmaster.master][INFO] 2020-02-28 20:25:53,777: -SERVICE [/usb_cam/image_mono/theora/set_parameters] /usb_cam/image_proc rosrpc://itachi-HP-Pavilion-Laptop-15-cc1xx:56261
[rosmaster.master][INFO] 2020-02-28 20:25:53,777: -SERVICE [/usb_cam/image_color/compressedDepth/set_parameters] /usb_cam/image_proc rosrpc://itachi-HP-Pavilion-Laptop-15-cc1xx:56261
[rosmaster.master][INFO] 2020-02-28 20:25:53,779: -SERVICE [/usb_cam/image_color/compressed/set_parameters] /usb_cam/image_proc rosrpc://itachi-HP-Pavilion-Laptop-15-cc1xx:56261
[rosmaster.master][INFO] 2020-02-28 20:25:53,781: -SERVICE [/usb_cam/image_color/theora/set_parameters] /usb_cam/image_proc rosrpc://itachi-HP-Pavilion-Laptop-15-cc1xx:56261
[rosmaster.master][INFO] 2020-02-28 20:25:53,782: -SERVICE [/usb_cam/image_proc_rectify_mono/set_parameters] /usb_cam/image_proc rosrpc://itachi-HP-Pavilion-Laptop-15-cc1xx:56261
[rosmaster.master][INFO] 2020-02-28 20:25:53,783: -SERVICE [/usb_cam/image_rect/compressedDepth/set_parameters] /usb_cam/image_proc rosrpc://itachi-HP-Pavilion-Laptop-15-cc1xx:56261
[rosmaster.master][INFO] 2020-02-28 20:25:53,783: -SERVICE [/usb_cam/image_rect/compressed/set_parameters] /usb_cam/image_proc rosrpc://itachi-HP-Pavilion-Laptop-15-cc1xx:56261
[rosmaster.master][INFO] 2020-02-28 20:25:53,784: -SERVICE [/usb_cam/image_rect/theora/set_parameters] /usb_cam/image_proc rosrpc://itachi-HP-Pavilion-Laptop-15-cc1xx:56261
[rosmaster.master][INFO] 2020-02-28 20:25:53,784: -SERVICE [/usb_cam/image_proc_rectify_color/set_parameters] /usb_cam/image_proc rosrpc://itachi-HP-Pavilion-Laptop-15-cc1xx:56261
[rosmaster.master][INFO] 2020-02-28 20:25:53,784: -SERVICE [/usb_cam/image_rect_color/compressedDepth/set_parameters] /usb_cam/image_proc rosrpc://itachi-HP-Pavilion-Laptop-15-cc1xx:56261
[rosmaster.master][INFO] 2020-02-28 20:25:53,785: -SERVICE [/usb_cam/image_rect_color/compressed/set_parameters] /usb_cam/image_proc rosrpc://itachi-HP-Pavilion-Laptop-15-cc1xx:56261
[rosmaster.master][INFO] 2020-02-28 20:25:53,785: -SERVICE [/usb_cam/image_rect_color/theora/set_parameters] /usb_cam/image_proc rosrpc://itachi-HP-Pavilion-Laptop-15-cc1xx:56261
[rosmaster.master][INFO] 2020-02-28 20:25:53,836: publisherUpdate[/usb_cam/image_color] -> http://itachi-HP-Pavilion-Laptop-15-cc1xx:39337/ []
[rosmaster.master][INFO] 2020-02-28 20:25:53,836: publisherUpdate[/usb_cam/image_rect_color] -> http://itachi-HP-Pavilion-Laptop-15-cc1xx:37831/ []
[rosmaster.master][INFO] 2020-02-28 20:25:53,837: publisherUpdate[/usb_cam/image_color] -> http://itachi-HP-Pavilion-Laptop-15-cc1xx:39337/ []: sec=0.00, exception=<Fault -1: 'publisherUpdate: unknown method name'>
[rosmaster.threadpool][ERROR] 2020-02-28 20:25:53,837: Traceback (most recent call last):
  File "/opt/ros/kinetic/lib/python2.7/dist-packages/rosmaster/threadpool.py", line 218, in run
    result = cmd(*args)
  File "/opt/ros/kinetic/lib/python2.7/dist-packages/rosmaster/master_api.py", line 210, in publisher_update_task
    ret = xmlrpcapi(api).publisherUpdate('/master', topic, pub_uris)
  File "/usr/lib/python2.7/xmlrpclib.py", line 1243, in __call__
    return self.__send(self.__name, args)
  File "/usr/lib/python2.7/xmlrpclib.py", line 1602, in __request
    verbose=self.__verbose
  File "/usr/lib/python2.7/xmlrpclib.py", line 1283, in request
    return self.single_request(host, handler, request_body, verbose)
  File "/usr/lib/python2.7/xmlrpclib.py", line 1316, in single_request
    return self.parse_response(response)
  File "/usr/lib/python2.7/xmlrpclib.py", line 1493, in parse_response
    return u.close()
  File "/usr/lib/python2.7/xmlrpclib.py", line 800, in close
    raise Fault(**self._stack[0])
Fault: <Fault -1: 'publisherUpdate: unknown method name'>

[rosmaster.master][INFO] 2020-02-28 20:25:53,838: publisherUpdate[/usb_cam/image_rect_color] -> http://itachi-HP-Pavilion-Laptop-15-cc1xx:37831/ []: sec=0.00, result=[1, '', 0]
[rosmaster.master][INFO] 2020-02-28 20:25:54,138: -PUB [/rosout_agg] /rosout http://itachi-HP-Pavilion-Laptop-15-cc1xx:41005/
[rosmaster.master][INFO] 2020-02-28 20:25:54,139: -SUB [/rosout] /rosout http://itachi-HP-Pavilion-Laptop-15-cc1xx:41005/
[rosmaster.master][INFO] 2020-02-28 20:25:54,139: -SERVICE [/rosout/get_loggers] /rosout rosrpc://itachi-HP-Pavilion-Laptop-15-cc1xx:43871
[rosmaster.master][INFO] 2020-02-28 20:25:54,140: -SERVICE [/rosout/set_logger_level] /rosout rosrpc://itachi-HP-Pavilion-Laptop-15-cc1xx:43871
[rosmaster.main][INFO] 2020-02-28 20:25:54,232: keyboard interrupt, will exit
[rosmaster.main][INFO] 2020-02-28 20:25:54,232: stopping master...
[rospy.core][INFO] 2020-02-28 20:25:54,233: signal_shutdown [atexit]
