[rospy.client][INFO] 2019-11-22 15:54:10,953: init_node, name[/edrone/joint_state_publisher], pid[2507]
[xmlrpc][INFO] 2019-11-22 15:54:10,953: XML-RPC server binding to 0.0.0.0:0
[xmlrpc][INFO] 2019-11-22 15:54:10,954: Started XML-RPC server [http://itachi-HP-Pavilion-Laptop-15-cc1xx:43463/]
[rospy.init][INFO] 2019-11-22 15:54:10,954: ROS Slave URI: [http://itachi-HP-Pavilion-Laptop-15-cc1xx:43463/]
[rospy.impl.masterslave][INFO] 2019-11-22 15:54:10,954: _ready: http://itachi-HP-Pavilion-Laptop-15-cc1xx:43463/
[rospy.registration][INFO] 2019-11-22 15:54:10,955: Registering with master node http://localhost:11311
[xmlrpc][INFO] 2019-11-22 15:54:10,956: xml rpc node: starting XML-RPC server
[rospy.init][INFO] 2019-11-22 15:54:11,055: registered with master
[rospy.rosout][INFO] 2019-11-22 15:54:11,056: initializing /rosout core topic
[rospy.rosout][INFO] 2019-11-22 15:54:11,058: connected to core topic /rosout
[rospy.simtime][INFO] 2019-11-22 15:54:11,059: initializing /clock core topic
[rospy.simtime][INFO] 2019-11-22 15:54:11,061: connected to core topic /clock
[rospy.internal][INFO] 2019-11-22 15:54:11,266: topic[/rosout] adding connection to [/rosout], count 0
[rospy.internal][INFO] 2019-11-22 15:54:11,366: topic[/edrone/joint_states] adding connection to [/edrone/robot_state_publisher], count 0
[rospy.internal][INFO] 2019-11-22 15:54:14,387: topic[/clock] adding connection to [http://itachi-HP-Pavilion-Laptop-15-cc1xx:36773/], count 0
[rospy.core][INFO] 2019-11-22 15:59:06,178: signal_shutdown [signal-2]
[rospy.internal][INFO] 2019-11-22 15:59:06,181: topic[/edrone/joint_states] removing connection to /edrone/robot_state_publisher
[rospy.internal][INFO] 2019-11-22 15:59:06,182: topic[/rosout] removing connection to /rosout
[rospy.internal][INFO] 2019-11-22 15:59:06,182: topic[/clock] removing connection to http://itachi-HP-Pavilion-Laptop-15-cc1xx:36773/
[rospy.impl.masterslave][INFO] 2019-11-22 15:59:06,182: signal-2
[rospy.core][INFO] 2019-11-22 15:59:06,314: signal_shutdown [atexit]
