[rospy.client][INFO] 2019-11-08 00:21:07,995: init_node, name[/edrone/joint_state_publisher], pid[9114]
[xmlrpc][INFO] 2019-11-08 00:21:07,995: XML-RPC server binding to 0.0.0.0:0
[xmlrpc][INFO] 2019-11-08 00:21:07,995: Started XML-RPC server [http://itachi-HP-Pavilion-Laptop-15-cc1xx:40981/]
[rospy.init][INFO] 2019-11-08 00:21:07,995: ROS Slave URI: [http://itachi-HP-Pavilion-Laptop-15-cc1xx:40981/]
[rospy.impl.masterslave][INFO] 2019-11-08 00:21:07,996: _ready: http://itachi-HP-Pavilion-Laptop-15-cc1xx:40981/
[xmlrpc][INFO] 2019-11-08 00:21:07,996: xml rpc node: starting XML-RPC server
[rospy.registration][INFO] 2019-11-08 00:21:07,996: Registering with master node http://localhost:11311
[rospy.init][INFO] 2019-11-08 00:21:08,096: registered with master
[rospy.rosout][INFO] 2019-11-08 00:21:08,096: initializing /rosout core topic
[rospy.rosout][INFO] 2019-11-08 00:21:08,098: connected to core topic /rosout
[rospy.simtime][INFO] 2019-11-08 00:21:08,099: initializing /clock core topic
[rospy.simtime][INFO] 2019-11-08 00:21:08,101: connected to core topic /clock
[rospy.internal][INFO] 2019-11-08 00:21:08,318: topic[/rosout] adding connection to [/rosout], count 0
[rospy.internal][INFO] 2019-11-08 00:21:08,418: topic[/edrone/joint_states] adding connection to [/edrone/robot_state_publisher], count 0
[rospy.internal][INFO] 2019-11-08 00:21:08,432: topic[/clock] adding connection to [http://itachi-HP-Pavilion-Laptop-15-cc1xx:42335/], count 0
[rosout][ERROR] 2019-11-08 01:59:17,491: ROS time moved backwards: 1471.4s
[rospy.internal][INFO] 2019-11-08 01:59:42,031: topic[/rosout] removing connection to /rosout
[rospy.core][INFO] 2019-11-08 01:59:57,510: signal_shutdown [signal-2]
[rospy.registration][WARNING] 2019-11-08 01:59:57,512: cannot unregister with master due to network issues
[rospy.internal][INFO] 2019-11-08 01:59:57,512: topic[/edrone/joint_states] removing connection to /edrone/robot_state_publisher
[rospy.internal][INFO] 2019-11-08 01:59:57,513: topic[/clock] removing connection to http://itachi-HP-Pavilion-Laptop-15-cc1xx:42335/
[rospy.impl.masterslave][INFO] 2019-11-08 01:59:57,513: signal-2
[rospy.core][INFO] 2019-11-08 01:59:57,723: signal_shutdown [atexit]
