[rosmaster.main][INFO] 2019-11-14 20:19:59,476: initialization complete, waiting for shutdown
[rosmaster.main][INFO] 2019-11-14 20:19:59,476: Starting ROS Master Node
[xmlrpc][INFO] 2019-11-14 20:19:59,477: XML-RPC server binding to 0.0.0.0:11311
[xmlrpc][INFO] 2019-11-14 20:19:59,477: Started XML-RPC server [http://itachi-HP-Pavilion-Laptop-15-cc1xx:11311/]
[rosmaster.master][INFO] 2019-11-14 20:19:59,477: Master initialized: port[11311], uri[http://itachi-HP-Pavilion-Laptop-15-cc1xx:11311/]
[xmlrpc][INFO] 2019-11-14 20:19:59,477: xml rpc node: starting XML-RPC server
[rosmaster.master][INFO] 2019-11-14 20:19:59,544: +PARAM [/run_id] by /roslaunch
[rosmaster.master][INFO] 2019-11-14 20:19:59,548: +PARAM [/roslaunch/uris/host_itachi_hp_pavilion_laptop_15_cc1xx__40129] by /roslaunch
[rosmaster.master][INFO] 2019-11-14 20:19:59,644: +PARAM [/rosversion] by /roslaunch
[rosmaster.master][INFO] 2019-11-14 20:19:59,644: +PARAM [/rosdistro] by /roslaunch
[rosmaster.master][INFO] 2019-11-14 20:19:59,649: +SERVICE [/rosout/get_loggers] /rosout http://itachi-HP-Pavilion-Laptop-15-cc1xx:39521/
[rosmaster.master][INFO] 2019-11-14 20:19:59,650: +SERVICE [/rosout/set_logger_level] /rosout http://itachi-HP-Pavilion-Laptop-15-cc1xx:39521/
[rosmaster.master][INFO] 2019-11-14 20:19:59,651: +PUB [/rosout_agg] /rosout http://itachi-HP-Pavilion-Laptop-15-cc1xx:39521/
[rosmaster.master][INFO] 2019-11-14 20:19:59,654: +SUB [/rosout] /rosout http://itachi-HP-Pavilion-Laptop-15-cc1xx:39521/
[rosmaster.master][INFO] 2019-11-14 20:19:59,660: +PUB [/rosout] /rosbag_record_position_hold http://itachi-HP-Pavilion-Laptop-15-cc1xx:45751/
[rosmaster.master][INFO] 2019-11-14 20:19:59,661: +SERVICE [/rosbag_record_position_hold/get_loggers] /rosbag_record_position_hold http://itachi-HP-Pavilion-Laptop-15-cc1xx:45751/
[rosmaster.master][INFO] 2019-11-14 20:19:59,661: +SERVICE [/rosbag_record_position_hold/set_logger_level] /rosbag_record_position_hold http://itachi-HP-Pavilion-Laptop-15-cc1xx:45751/
[rosmaster.master][INFO] 2019-11-14 20:19:59,664: +SUB [/whycon/poses] /rosbag_record_position_hold http://itachi-HP-Pavilion-Laptop-15-cc1xx:45751/
[rosmaster.master][INFO] 2019-11-14 20:19:59,667: +SUB [/record] /rosbag_record_position_hold http://itachi-HP-Pavilion-Laptop-15-cc1xx:45751/
[rosmaster.master][INFO] 2019-11-14 20:19:59,677: publisherUpdate[/rosout] -> http://itachi-HP-Pavilion-Laptop-15-cc1xx:39521/ ['http://itachi-HP-Pavilion-Laptop-15-cc1xx:45751/']
[rosmaster.master][INFO] 2019-11-14 20:19:59,678: publisherUpdate[/rosout] -> http://itachi-HP-Pavilion-Laptop-15-cc1xx:39521/ ['http://itachi-HP-Pavilion-Laptop-15-cc1xx:45751/']: sec=0.00, result=[1, '', 0]
[rosmaster.master][INFO] 2019-11-14 20:19:59,910: +PUB [/rosout] /position_hold_gazebo http://itachi-HP-Pavilion-Laptop-15-cc1xx:42513/
[rosmaster.master][INFO] 2019-11-14 20:19:59,918: +SERVICE [/position_hold_gazebo/get_loggers] /position_hold_gazebo http://itachi-HP-Pavilion-Laptop-15-cc1xx:42513/
[rosmaster.master][INFO] 2019-11-14 20:19:59,922: +SERVICE [/position_hold_gazebo/set_logger_level] /position_hold_gazebo http://itachi-HP-Pavilion-Laptop-15-cc1xx:42513/
[rosmaster.master][INFO] 2019-11-14 20:19:59,925: +PUB [/drone_command] /position_hold_gazebo http://itachi-HP-Pavilion-Laptop-15-cc1xx:42513/
[rosmaster.master][INFO] 2019-11-14 20:19:59,928: +PUB [/alt_error] /position_hold_gazebo http://itachi-HP-Pavilion-Laptop-15-cc1xx:42513/
[rosmaster.master][INFO] 2019-11-14 20:19:59,931: +PUB [/pitch_error] /position_hold_gazebo http://itachi-HP-Pavilion-Laptop-15-cc1xx:42513/
[rosmaster.master][INFO] 2019-11-14 20:19:59,935: +PUB [/roll_error] /position_hold_gazebo http://itachi-HP-Pavilion-Laptop-15-cc1xx:42513/
[rosmaster.master][INFO] 2019-11-14 20:19:59,940: +SUB [/whycon/poses] /position_hold_gazebo http://itachi-HP-Pavilion-Laptop-15-cc1xx:42513/
[rosmaster.master][INFO] 2019-11-14 20:19:59,946: +SUB [/pid_tuning_altitude] /position_hold_gazebo http://itachi-HP-Pavilion-Laptop-15-cc1xx:42513/
[rosmaster.master][INFO] 2019-11-14 20:19:59,952: +SUB [/pid_tuning_pitch] /position_hold_gazebo http://itachi-HP-Pavilion-Laptop-15-cc1xx:42513/
[rosmaster.master][INFO] 2019-11-14 20:19:59,958: +SUB [/pid_tuning_roll] /position_hold_gazebo http://itachi-HP-Pavilion-Laptop-15-cc1xx:42513/
[rosmaster.master][INFO] 2019-11-14 20:19:59,978: publisherUpdate[/rosout] -> http://itachi-HP-Pavilion-Laptop-15-cc1xx:39521/ ['http://itachi-HP-Pavilion-Laptop-15-cc1xx:45751/', 'http://itachi-HP-Pavilion-Laptop-15-cc1xx:42513/']
[rosmaster.master][INFO] 2019-11-14 20:19:59,980: publisherUpdate[/rosout] -> http://itachi-HP-Pavilion-Laptop-15-cc1xx:39521/ ['http://itachi-HP-Pavilion-Laptop-15-cc1xx:45751/', 'http://itachi-HP-Pavilion-Laptop-15-cc1xx:42513/']: sec=0.00, result=[1, '', 0]
[rosmaster.master][INFO] 2019-11-14 20:20:19,825: -PUB [/rosout] /rosbag_record_position_hold http://itachi-HP-Pavilion-Laptop-15-cc1xx:45751/
[rosmaster.master][INFO] 2019-11-14 20:20:19,826: -SUB [/whycon/poses] /rosbag_record_position_hold http://itachi-HP-Pavilion-Laptop-15-cc1xx:45751/
[rosmaster.master][INFO] 2019-11-14 20:20:19,827: -SUB [/record] /rosbag_record_position_hold http://itachi-HP-Pavilion-Laptop-15-cc1xx:45751/
[rosmaster.master][INFO] 2019-11-14 20:20:19,827: -SERVICE [/rosbag_record_position_hold/get_loggers] /rosbag_record_position_hold rosrpc://itachi-HP-Pavilion-Laptop-15-cc1xx:57753
[rosmaster.master][INFO] 2019-11-14 20:20:19,828: -SERVICE [/rosbag_record_position_hold/set_logger_level] /rosbag_record_position_hold rosrpc://itachi-HP-Pavilion-Laptop-15-cc1xx:57753
[rosmaster.master][INFO] 2019-11-14 20:20:19,830: publisherUpdate[/rosout] -> http://itachi-HP-Pavilion-Laptop-15-cc1xx:39521/ ['http://itachi-HP-Pavilion-Laptop-15-cc1xx:42513/']
[rosmaster.master][INFO] 2019-11-14 20:20:19,830: publisherUpdate[/rosout] -> http://itachi-HP-Pavilion-Laptop-15-cc1xx:39521/ ['http://itachi-HP-Pavilion-Laptop-15-cc1xx:42513/']: sec=0.00, result=[1, '', 0]
[rosmaster.master][INFO] 2019-11-14 20:21:57,973: +PARAM [/roslaunch/uris/host_itachi_hp_pavilion_laptop_15_cc1xx__38429] by /roslaunch
[rosmaster.master][INFO] 2019-11-14 20:21:57,975: +PARAM [/rosversion] by /roslaunch
[rosmaster.master][INFO] 2019-11-14 20:21:57,975: +PARAM [/rosdistro] by /roslaunch
[rosmaster.master][INFO] 2019-11-14 20:21:58,045: +PUB [/rosout] /rosbag_record_position_hold http://itachi-HP-Pavilion-Laptop-15-cc1xx:35631/
[rosmaster.master][INFO] 2019-11-14 20:21:58,045: +SERVICE [/rosbag_record_position_hold/get_loggers] /rosbag_record_position_hold http://itachi-HP-Pavilion-Laptop-15-cc1xx:35631/
[rosmaster.master][INFO] 2019-11-14 20:21:58,046: +SERVICE [/rosbag_record_position_hold/set_logger_level] /rosbag_record_position_hold http://itachi-HP-Pavilion-Laptop-15-cc1xx:35631/
[rosmaster.master][INFO] 2019-11-14 20:21:58,049: +SUB [/whycon/poses] /rosbag_record_position_hold http://itachi-HP-Pavilion-Laptop-15-cc1xx:35631/
[rosmaster.master][INFO] 2019-11-14 20:21:58,052: +SUB [/record] /rosbag_record_position_hold http://itachi-HP-Pavilion-Laptop-15-cc1xx:35631/
[rosmaster.master][INFO] 2019-11-14 20:21:58,119: publisherUpdate[/rosout] -> http://itachi-HP-Pavilion-Laptop-15-cc1xx:39521/ ['http://itachi-HP-Pavilion-Laptop-15-cc1xx:42513/', 'http://itachi-HP-Pavilion-Laptop-15-cc1xx:35631/']
[rosmaster.master][INFO] 2019-11-14 20:21:58,120: publisherUpdate[/rosout] -> http://itachi-HP-Pavilion-Laptop-15-cc1xx:39521/ ['http://itachi-HP-Pavilion-Laptop-15-cc1xx:42513/', 'http://itachi-HP-Pavilion-Laptop-15-cc1xx:35631/']: sec=0.00, result=[1, '', 0]
[rosmaster.master][INFO] 2019-11-14 20:21:58,293: +PUB [/rosout] /position_hold_gazebo http://itachi-HP-Pavilion-Laptop-15-cc1xx:36585/
[rosmaster.master][INFO] 2019-11-14 20:21:58,301: +SERVICE [/position_hold_gazebo/get_loggers] /position_hold_gazebo http://itachi-HP-Pavilion-Laptop-15-cc1xx:36585/
[rosmaster.master][INFO] 2019-11-14 20:21:58,305: +SERVICE [/position_hold_gazebo/set_logger_level] /position_hold_gazebo http://itachi-HP-Pavilion-Laptop-15-cc1xx:36585/
[rosmaster.master][INFO] 2019-11-14 20:21:58,308: +PUB [/drone_command] /position_hold_gazebo http://itachi-HP-Pavilion-Laptop-15-cc1xx:36585/
[rosmaster.master][INFO] 2019-11-14 20:21:58,311: +PUB [/alt_error] /position_hold_gazebo http://itachi-HP-Pavilion-Laptop-15-cc1xx:36585/
[rosmaster.master][INFO] 2019-11-14 20:21:58,315: +PUB [/pitch_error] /position_hold_gazebo http://itachi-HP-Pavilion-Laptop-15-cc1xx:36585/
[rosmaster.master][INFO] 2019-11-14 20:21:58,318: +PUB [/roll_error] /position_hold_gazebo http://itachi-HP-Pavilion-Laptop-15-cc1xx:36585/
[rosmaster.master][INFO] 2019-11-14 20:21:58,321: publisherUpdate[/rosout] -> http://itachi-HP-Pavilion-Laptop-15-cc1xx:39521/ ['http://itachi-HP-Pavilion-Laptop-15-cc1xx:35631/', 'http://itachi-HP-Pavilion-Laptop-15-cc1xx:36585/']
[rosmaster.master][INFO] 2019-11-14 20:21:58,323: publisherUpdate[/rosout] -> http://itachi-HP-Pavilion-Laptop-15-cc1xx:39521/ ['http://itachi-HP-Pavilion-Laptop-15-cc1xx:35631/', 'http://itachi-HP-Pavilion-Laptop-15-cc1xx:36585/']: sec=0.00, result=[1, '', 0]
[rosmaster.master][INFO] 2019-11-14 20:21:58,329: -SUB [/pid_tuning_pitch] /position_hold_gazebo http://itachi-HP-Pavilion-Laptop-15-cc1xx:42513/
[rosmaster.master][INFO] 2019-11-14 20:21:58,330: -SUB [/pid_tuning_roll] /position_hold_gazebo http://itachi-HP-Pavilion-Laptop-15-cc1xx:42513/
[rosmaster.master][INFO] 2019-11-14 20:21:58,332: +SUB [/whycon/poses] /position_hold_gazebo http://itachi-HP-Pavilion-Laptop-15-cc1xx:36585/
[rosmaster.master][INFO] 2019-11-14 20:21:58,332: -SUB [/whycon/poses] /position_hold_gazebo http://itachi-HP-Pavilion-Laptop-15-cc1xx:42513/
[rosmaster.master][INFO] 2019-11-14 20:21:58,333: -SUB [/pid_tuning_altitude] /position_hold_gazebo http://itachi-HP-Pavilion-Laptop-15-cc1xx:42513/
[rosmaster.master][INFO] 2019-11-14 20:21:58,333: -PUB [/pitch_error] /position_hold_gazebo http://itachi-HP-Pavilion-Laptop-15-cc1xx:42513/
[rosmaster.master][INFO] 2019-11-14 20:21:58,334: -PUB [/roll_error] /position_hold_gazebo http://itachi-HP-Pavilion-Laptop-15-cc1xx:42513/
[rosmaster.master][INFO] 2019-11-14 20:21:58,334: -PUB [/rosout] /position_hold_gazebo http://itachi-HP-Pavilion-Laptop-15-cc1xx:42513/
[rosmaster.master][INFO] 2019-11-14 20:21:58,336: -PUB [/alt_error] /position_hold_gazebo http://itachi-HP-Pavilion-Laptop-15-cc1xx:42513/
[rosmaster.master][INFO] 2019-11-14 20:21:58,337: -PUB [/drone_command] /position_hold_gazebo http://itachi-HP-Pavilion-Laptop-15-cc1xx:42513/
[rosmaster.master][INFO] 2019-11-14 20:21:58,337: -SERVICE [/position_hold_gazebo/get_loggers] /position_hold_gazebo rosrpc://itachi-HP-Pavilion-Laptop-15-cc1xx:41229
[rosmaster.master][INFO] 2019-11-14 20:21:58,337: -SERVICE [/position_hold_gazebo/set_logger_level] /position_hold_gazebo rosrpc://itachi-HP-Pavilion-Laptop-15-cc1xx:41229
[rosmaster.master][INFO] 2019-11-14 20:21:58,340: +SUB [/pid_tuning_altitude] /position_hold_gazebo http://itachi-HP-Pavilion-Laptop-15-cc1xx:36585/
[rosmaster.master][INFO] 2019-11-14 20:21:58,346: +SUB [/pid_tuning_pitch] /position_hold_gazebo http://itachi-HP-Pavilion-Laptop-15-cc1xx:36585/
[rosmaster.master][INFO] 2019-11-14 20:21:58,352: +SUB [/pid_tuning_roll] /position_hold_gazebo http://itachi-HP-Pavilion-Laptop-15-cc1xx:36585/
[rosmaster.master][INFO] 2019-11-14 20:22:18,278: -PUB [/rosout] /rosbag_record_position_hold http://itachi-HP-Pavilion-Laptop-15-cc1xx:35631/
[rosmaster.master][INFO] 2019-11-14 20:22:18,279: -SUB [/whycon/poses] /rosbag_record_position_hold http://itachi-HP-Pavilion-Laptop-15-cc1xx:35631/
[rosmaster.master][INFO] 2019-11-14 20:22:18,280: -SUB [/record] /rosbag_record_position_hold http://itachi-HP-Pavilion-Laptop-15-cc1xx:35631/
[rosmaster.master][INFO] 2019-11-14 20:22:18,280: -SERVICE [/rosbag_record_position_hold/get_loggers] /rosbag_record_position_hold rosrpc://itachi-HP-Pavilion-Laptop-15-cc1xx:52271
[rosmaster.master][INFO] 2019-11-14 20:22:18,281: -SERVICE [/rosbag_record_position_hold/set_logger_level] /rosbag_record_position_hold rosrpc://itachi-HP-Pavilion-Laptop-15-cc1xx:52271
[rosmaster.master][INFO] 2019-11-14 20:22:18,283: publisherUpdate[/rosout] -> http://itachi-HP-Pavilion-Laptop-15-cc1xx:39521/ ['http://itachi-HP-Pavilion-Laptop-15-cc1xx:36585/']
[rosmaster.master][INFO] 2019-11-14 20:22:18,284: publisherUpdate[/rosout] -> http://itachi-HP-Pavilion-Laptop-15-cc1xx:39521/ ['http://itachi-HP-Pavilion-Laptop-15-cc1xx:36585/']: sec=0.00, result=[1, '', 0]
[rosmaster.master][INFO] 2019-11-14 20:24:54,400: -SUB [/pid_tuning_pitch] /position_hold_gazebo http://itachi-HP-Pavilion-Laptop-15-cc1xx:36585/
[rosmaster.master][INFO] 2019-11-14 20:24:54,400: -SUB [/pid_tuning_roll] /position_hold_gazebo http://itachi-HP-Pavilion-Laptop-15-cc1xx:36585/
[rosmaster.master][INFO] 2019-11-14 20:24:54,400: -SUB [/whycon/poses] /position_hold_gazebo http://itachi-HP-Pavilion-Laptop-15-cc1xx:36585/
[rosmaster.master][INFO] 2019-11-14 20:24:54,400: -SUB [/pid_tuning_altitude] /position_hold_gazebo http://itachi-HP-Pavilion-Laptop-15-cc1xx:36585/
[rosmaster.master][INFO] 2019-11-14 20:24:54,400: -PUB [/pitch_error] /position_hold_gazebo http://itachi-HP-Pavilion-Laptop-15-cc1xx:36585/
[rosmaster.master][INFO] 2019-11-14 20:24:54,400: -PUB [/roll_error] /position_hold_gazebo http://itachi-HP-Pavilion-Laptop-15-cc1xx:36585/
[rosmaster.master][INFO] 2019-11-14 20:24:54,401: -PUB [/rosout] /position_hold_gazebo http://itachi-HP-Pavilion-Laptop-15-cc1xx:36585/
[rosmaster.master][INFO] 2019-11-14 20:24:54,401: -PUB [/alt_error] /position_hold_gazebo http://itachi-HP-Pavilion-Laptop-15-cc1xx:36585/
[rosmaster.master][INFO] 2019-11-14 20:24:54,401: -PUB [/drone_command] /position_hold_gazebo http://itachi-HP-Pavilion-Laptop-15-cc1xx:36585/
[rosmaster.master][INFO] 2019-11-14 20:24:54,401: -SERVICE [/position_hold_gazebo/get_loggers] /position_hold_gazebo rosrpc://itachi-HP-Pavilion-Laptop-15-cc1xx:41927
[rosmaster.master][INFO] 2019-11-14 20:24:54,401: -SERVICE [/position_hold_gazebo/set_logger_level] /position_hold_gazebo rosrpc://itachi-HP-Pavilion-Laptop-15-cc1xx:41927
[rosmaster.master][INFO] 2019-11-14 20:24:54,484: publisherUpdate[/rosout] -> http://itachi-HP-Pavilion-Laptop-15-cc1xx:39521/ []
[rosmaster.master][INFO] 2019-11-14 20:24:54,486: publisherUpdate[/rosout] -> http://itachi-HP-Pavilion-Laptop-15-cc1xx:39521/ []: sec=0.00, result=[1, '', 0]
[rosmaster.master][INFO] 2019-11-14 20:28:37,544: -PUB [/rosout_agg] /rosout http://itachi-HP-Pavilion-Laptop-15-cc1xx:39521/
[rosmaster.master][INFO] 2019-11-14 20:28:37,544: -SUB [/rosout] /rosout http://itachi-HP-Pavilion-Laptop-15-cc1xx:39521/
[rosmaster.master][INFO] 2019-11-14 20:28:37,545: -SERVICE [/rosout/get_loggers] /rosout rosrpc://itachi-HP-Pavilion-Laptop-15-cc1xx:36283
[rosmaster.master][INFO] 2019-11-14 20:28:37,546: -SERVICE [/rosout/set_logger_level] /rosout rosrpc://itachi-HP-Pavilion-Laptop-15-cc1xx:36283
[rosmaster.main][INFO] 2019-11-14 20:28:37,621: keyboard interrupt, will exit
[rosmaster.main][INFO] 2019-11-14 20:28:37,621: stopping master...
[rospy.core][INFO] 2019-11-14 20:28:37,621: signal_shutdown [atexit]
