[rospy.client][INFO] 2020-02-28 19:09:44,183: init_node, name[/monitor_org_config], pid[6356]
[xmlrpc][INFO] 2020-02-28 19:09:44,184: XML-RPC server binding to 0.0.0.0:0
[xmlrpc][INFO] 2020-02-28 19:09:44,185: Started XML-RPC server [http://itachi-HP-Pavilion-Laptop-15-cc1xx:36451/]
[rospy.init][INFO] 2020-02-28 19:09:44,185: ROS Slave URI: [http://itachi-HP-Pavilion-Laptop-15-cc1xx:36451/]
[rospy.impl.masterslave][INFO] 2020-02-28 19:09:44,185: _ready: http://itachi-HP-Pavilion-Laptop-15-cc1xx:36451/
[xmlrpc][INFO] 2020-02-28 19:09:44,188: xml rpc node: starting XML-RPC server
[rospy.registration][INFO] 2020-02-28 19:09:44,190: Registering with master node http://localhost:11311
[rospy.init][INFO] 2020-02-28 19:09:44,287: registered with master
[rospy.rosout][INFO] 2020-02-28 19:09:44,287: initializing /rosout core topic
[rospy.rosout][INFO] 2020-02-28 19:09:44,292: connected to core topic /rosout
[rospy.simtime][INFO] 2020-02-28 19:09:44,294: /use_sim_time is not set, will not subscribe to simulated time [/clock] topic
[rospy.internal][INFO] 2020-02-28 19:09:44,390: topic[/serviced_info] adding connection to [/sr_scheduler], count 0
[rospy.internal][INFO] 2020-02-28 19:09:44,412: topic[/decision_info] adding connection to [http://itachi-HP-Pavilion-Laptop-15-cc1xx:36353/], count 0
[rospy.internal][INFO] 2020-02-28 19:09:44,413: topic[/whycon/poses] adding connection to [http://itachi-HP-Pavilion-Laptop-15-cc1xx:33389/], count 0
[rospy.internal][INFO] 2020-02-28 19:09:44,429: topic[/led_control_topic] adding connection to [/serial_node], count 0
[rospy.internal][INFO] 2020-02-28 19:09:44,581: topic[/detection_info] adding connection to [http://itachi-HP-Pavilion-Laptop-15-cc1xx:34681/], count 0
[rospy.internal][INFO] 2020-02-28 19:09:44,669: topic[/rosout] adding connection to [/rosout], count 0
[rospy.core][INFO] 2020-02-28 19:10:38,424: signal_shutdown [signal-2]
[rospy.internal][ERROR] 2020-02-28 19:10:38,430: Unable to initiate TCP/IP socket to itachi-HP-Pavilion-Laptop-15-cc1xx:41665 (http://itachi-HP-Pavilion-Laptop-15-cc1xx:34681/): Traceback (most recent call last):
  File "/opt/ros/kinetic/lib/python2.7/dist-packages/rospy/impl/tcpros_base.py", line 557, in connect
    self.read_header()
  File "/opt/ros/kinetic/lib/python2.7/dist-packages/rospy/impl/tcpros_base.py", line 650, in read_header
    self._validate_header(read_ros_handshake_header(sock, self.read_buff, self.protocol.buff_size))
  File "/opt/ros/kinetic/lib/python2.7/dist-packages/rospy/impl/tcpros_base.py", line 593, in _validate_header
    raise TransportInitError("remote error reported: %s"%header['error'])
TransportInitError: remote error reported: node shutting down

[rospy.internal][INFO] 2020-02-28 19:10:38,590: topic[/serviced_info] removing connection to /sr_scheduler
[rospy.internal][INFO] 2020-02-28 19:10:38,591: topic[/rosout] removing connection to /rosout
[rospy.internal][INFO] 2020-02-28 19:10:38,591: topic[/led_control_topic] removing connection to /serial_node
[rospy.internal][INFO] 2020-02-28 19:10:38,591: topic[/whycon/poses] removing connection to http://itachi-HP-Pavilion-Laptop-15-cc1xx:33389/
[rospy.internal][INFO] 2020-02-28 19:10:38,592: topic[/detection_info] removing connection to http://itachi-HP-Pavilion-Laptop-15-cc1xx:34681/
[rospy.internal][INFO] 2020-02-28 19:10:38,592: topic[/decision_info] removing connection to http://itachi-HP-Pavilion-Laptop-15-cc1xx:36353/
[rospy.impl.masterslave][INFO] 2020-02-28 19:10:38,592: signal-2
[rospy.core][INFO] 2020-02-28 19:10:38,724: signal_shutdown [atexit]
[rospy.client][INFO] 2020-02-28 19:23:17,626: init_node, name[/monitor_org_config], pid[8074]
[xmlrpc][INFO] 2020-02-28 19:23:17,627: XML-RPC server binding to 0.0.0.0:0
[xmlrpc][INFO] 2020-02-28 19:23:17,627: Started XML-RPC server [http://itachi-HP-Pavilion-Laptop-15-cc1xx:43283/]
[rospy.init][INFO] 2020-02-28 19:23:17,627: ROS Slave URI: [http://itachi-HP-Pavilion-Laptop-15-cc1xx:43283/]
[rospy.impl.masterslave][INFO] 2020-02-28 19:23:17,628: _ready: http://itachi-HP-Pavilion-Laptop-15-cc1xx:43283/
[xmlrpc][INFO] 2020-02-28 19:23:17,628: xml rpc node: starting XML-RPC server
[rospy.registration][INFO] 2020-02-28 19:23:17,629: Registering with master node http://localhost:11311
[rospy.init][INFO] 2020-02-28 19:23:17,728: registered with master
[rospy.rosout][INFO] 2020-02-28 19:23:17,728: initializing /rosout core topic
[rospy.rosout][INFO] 2020-02-28 19:23:17,733: connected to core topic /rosout
[rospy.simtime][INFO] 2020-02-28 19:23:17,735: /use_sim_time is not set, will not subscribe to simulated time [/clock] topic
[rospy.internal][INFO] 2020-02-28 19:23:17,800: topic[/whycon/poses] adding connection to [http://itachi-HP-Pavilion-Laptop-15-cc1xx:33389/], count 0
[rospy.internal][INFO] 2020-02-28 19:23:17,805: topic[/decision_info] adding connection to [http://itachi-HP-Pavilion-Laptop-15-cc1xx:46295/], count 0
[rospy.internal][INFO] 2020-02-28 19:23:17,816: topic[/detection_info] adding connection to [http://itachi-HP-Pavilion-Laptop-15-cc1xx:45593/], count 0
[rospy.internal][INFO] 2020-02-28 19:23:17,897: topic[/rosout] adding connection to [/rosout], count 0
[rospy.internal][INFO] 2020-02-28 19:23:17,924: topic[/serviced_info] adding connection to [/sr_scheduler], count 0
[rospy.internal][INFO] 2020-02-28 19:23:17,943: topic[/led_control_topic] adding connection to [/serial_node], count 0
[rospy.internal][INFO] 2020-02-28 19:23:21,292: topic[/serviced_info] adding connection to [/drone_control], count 1
[rospy.core][INFO] 2020-02-28 19:26:28,706: signal_shutdown [signal-2]
[rospy.internal][INFO] 2020-02-28 19:26:28,861: topic[/serviced_info] removing connection to /sr_scheduler
[rospy.internal][INFO] 2020-02-28 19:26:28,861: topic[/serviced_info] removing connection to /drone_control
[rospy.internal][INFO] 2020-02-28 19:26:28,862: topic[/rosout] removing connection to /rosout
[rospy.internal][INFO] 2020-02-28 19:26:28,862: topic[/led_control_topic] removing connection to /serial_node
[rospy.internal][INFO] 2020-02-28 19:26:28,863: topic[/whycon/poses] removing connection to http://itachi-HP-Pavilion-Laptop-15-cc1xx:33389/
[rospy.internal][INFO] 2020-02-28 19:26:28,863: topic[/detection_info] removing connection to http://itachi-HP-Pavilion-Laptop-15-cc1xx:45593/
[rospy.internal][INFO] 2020-02-28 19:26:28,864: topic[/decision_info] removing connection to http://itachi-HP-Pavilion-Laptop-15-cc1xx:46295/
[rospy.impl.masterslave][INFO] 2020-02-28 19:26:28,865: signal-2
[rospy.internal][WARNING] 2020-02-28 19:26:28,866: Unknown error initiating TCP/IP socket to itachi-HP-Pavilion-Laptop-15-cc1xx:46807 (http://itachi-HP-Pavilion-Laptop-15-cc1xx:46295/): Traceback (most recent call last):
  File "/opt/ros/kinetic/lib/python2.7/dist-packages/rospy/impl/tcpros_base.py", line 558, in connect
    self.local_endpoint = self.socket.getsockname()
AttributeError: 'NoneType' object has no attribute 'getsockname'

[rospy.core][INFO] 2020-02-28 19:26:28,997: signal_shutdown [atexit]
