[rosmaster.main][INFO] 2019-12-15 00:45:10,337: initialization complete, waiting for shutdown
[rosmaster.main][INFO] 2019-12-15 00:45:10,338: Starting ROS Master Node
[xmlrpc][INFO] 2019-12-15 00:45:10,338: XML-RPC server binding to 0.0.0.0:11311
[xmlrpc][INFO] 2019-12-15 00:45:10,339: Started XML-RPC server [http://itachi-HP-Pavilion-Laptop-15-cc1xx:11311/]
[rosmaster.master][INFO] 2019-12-15 00:45:10,339: Master initialized: port[11311], uri[http://itachi-HP-Pavilion-Laptop-15-cc1xx:11311/]
[xmlrpc][INFO] 2019-12-15 00:45:10,339: xml rpc node: starting XML-RPC server
[rosmaster.master][INFO] 2019-12-15 00:45:10,407: +PARAM [/run_id] by /roslaunch
[rosmaster.master][INFO] 2019-12-15 00:45:10,411: +PARAM [/roslaunch/uris/host_itachi_hp_pavilion_laptop_15_cc1xx__37075] by /roslaunch
[rosmaster.master][INFO] 2019-12-15 00:45:10,513: +PARAM [/rosversion] by /roslaunch
[rosmaster.master][INFO] 2019-12-15 00:45:10,513: +PARAM [/rosdistro] by /roslaunch
[rosmaster.master][INFO] 2019-12-15 00:45:10,518: +SERVICE [/rosout/get_loggers] /rosout http://itachi-HP-Pavilion-Laptop-15-cc1xx:35805/
[rosmaster.master][INFO] 2019-12-15 00:45:10,519: +SERVICE [/rosout/set_logger_level] /rosout http://itachi-HP-Pavilion-Laptop-15-cc1xx:35805/
[rosmaster.master][INFO] 2019-12-15 00:45:10,520: +PUB [/rosout_agg] /rosout http://itachi-HP-Pavilion-Laptop-15-cc1xx:35805/
[rosmaster.master][INFO] 2019-12-15 00:45:10,523: +SUB [/rosout] /rosout http://itachi-HP-Pavilion-Laptop-15-cc1xx:35805/
[rosmaster.master][INFO] 2019-12-15 00:45:10,528: +PUB [/rosout] /edroneclient http://itachi-HP-Pavilion-Laptop-15-cc1xx:38301/
[rosmaster.master][INFO] 2019-12-15 00:45:10,529: +SERVICE [/edroneclient/get_loggers] /edroneclient http://itachi-HP-Pavilion-Laptop-15-cc1xx:38301/
[rosmaster.master][INFO] 2019-12-15 00:45:10,530: +SERVICE [/edroneclient/set_logger_level] /edroneclient http://itachi-HP-Pavilion-Laptop-15-cc1xx:38301/
[rosmaster.master][INFO] 2019-12-15 00:45:10,533: +SUB [/drone_command] /edroneclient http://itachi-HP-Pavilion-Laptop-15-cc1xx:38301/
[rosmaster.master][INFO] 2019-12-15 00:45:10,538: publisherUpdate[/rosout] -> http://itachi-HP-Pavilion-Laptop-15-cc1xx:35805/ ['http://itachi-HP-Pavilion-Laptop-15-cc1xx:38301/']
[rosmaster.master][INFO] 2019-12-15 00:45:10,540: publisherUpdate[/rosout] -> http://itachi-HP-Pavilion-Laptop-15-cc1xx:35805/ ['http://itachi-HP-Pavilion-Laptop-15-cc1xx:38301/']: sec=0.00, result=[1, '', 0]
[rosmaster.master][INFO] 2019-12-15 00:45:10,772: +PUB [/rosout] /drone_teleop http://itachi-HP-Pavilion-Laptop-15-cc1xx:43235/
[rosmaster.master][INFO] 2019-12-15 00:45:10,774: +SERVICE [/drone_teleop/get_loggers] /drone_teleop http://itachi-HP-Pavilion-Laptop-15-cc1xx:43235/
[rosmaster.master][INFO] 2019-12-15 00:45:10,775: +SERVICE [/drone_teleop/set_logger_level] /drone_teleop http://itachi-HP-Pavilion-Laptop-15-cc1xx:43235/
[rosmaster.master][INFO] 2019-12-15 00:45:10,775: +PUB [/drone_command] /drone_teleop http://itachi-HP-Pavilion-Laptop-15-cc1xx:43235/
[rosmaster.master][INFO] 2019-12-15 00:45:10,840: publisherUpdate[/rosout] -> http://itachi-HP-Pavilion-Laptop-15-cc1xx:35805/ ['http://itachi-HP-Pavilion-Laptop-15-cc1xx:38301/', 'http://itachi-HP-Pavilion-Laptop-15-cc1xx:43235/']
[rosmaster.master][INFO] 2019-12-15 00:45:10,840: publisherUpdate[/drone_command] -> http://itachi-HP-Pavilion-Laptop-15-cc1xx:38301/ ['http://itachi-HP-Pavilion-Laptop-15-cc1xx:43235/']
[rosmaster.master][INFO] 2019-12-15 00:45:10,840: publisherUpdate[/rosout] -> http://itachi-HP-Pavilion-Laptop-15-cc1xx:35805/ ['http://itachi-HP-Pavilion-Laptop-15-cc1xx:38301/', 'http://itachi-HP-Pavilion-Laptop-15-cc1xx:43235/']: sec=0.00, result=[1, '', 0]
[rosmaster.master][INFO] 2019-12-15 00:45:10,841: publisherUpdate[/drone_command] -> http://itachi-HP-Pavilion-Laptop-15-cc1xx:38301/ ['http://itachi-HP-Pavilion-Laptop-15-cc1xx:43235/']: sec=0.00, result=[1, '', 0]
[rosmaster.master][INFO] 2019-12-15 00:47:50,500: -PUB [/rosout] /drone_teleop http://itachi-HP-Pavilion-Laptop-15-cc1xx:43235/
[rosmaster.master][INFO] 2019-12-15 00:47:50,500: -PUB [/drone_command] /drone_teleop http://itachi-HP-Pavilion-Laptop-15-cc1xx:43235/
[rosmaster.master][INFO] 2019-12-15 00:47:50,500: -SERVICE [/drone_teleop/set_logger_level] /drone_teleop rosrpc://itachi-HP-Pavilion-Laptop-15-cc1xx:40725
[rosmaster.master][INFO] 2019-12-15 00:47:50,500: -SERVICE [/drone_teleop/get_loggers] /drone_teleop rosrpc://itachi-HP-Pavilion-Laptop-15-cc1xx:40725
[rosmaster.master][INFO] 2019-12-15 00:47:50,577: publisherUpdate[/rosout] -> http://itachi-HP-Pavilion-Laptop-15-cc1xx:35805/ ['http://itachi-HP-Pavilion-Laptop-15-cc1xx:38301/']
[rosmaster.master][INFO] 2019-12-15 00:47:50,577: publisherUpdate[/rosout] -> http://itachi-HP-Pavilion-Laptop-15-cc1xx:35805/ ['http://itachi-HP-Pavilion-Laptop-15-cc1xx:38301/']: sec=0.00, result=[1, '', 0]
[rosmaster.master][INFO] 2019-12-15 00:47:50,578: publisherUpdate[/drone_command] -> http://itachi-HP-Pavilion-Laptop-15-cc1xx:38301/ []
[rosmaster.master][INFO] 2019-12-15 00:47:50,578: publisherUpdate[/drone_command] -> http://itachi-HP-Pavilion-Laptop-15-cc1xx:38301/ []: sec=0.00, result=[1, '', 0]
[rosmaster.master][INFO] 2019-12-15 00:48:05,600: -PUB [/rosout] /edroneclient http://itachi-HP-Pavilion-Laptop-15-cc1xx:38301/
[rosmaster.master][INFO] 2019-12-15 00:48:05,601: -SUB [/drone_command] /edroneclient http://itachi-HP-Pavilion-Laptop-15-cc1xx:38301/
[rosmaster.master][INFO] 2019-12-15 00:48:05,602: -SERVICE [/edroneclient/get_loggers] /edroneclient rosrpc://itachi-HP-Pavilion-Laptop-15-cc1xx:49283
[rosmaster.master][INFO] 2019-12-15 00:48:05,602: -SERVICE [/edroneclient/set_logger_level] /edroneclient rosrpc://itachi-HP-Pavilion-Laptop-15-cc1xx:49283
[rosmaster.master][INFO] 2019-12-15 00:48:05,700: publisherUpdate[/rosout] -> http://itachi-HP-Pavilion-Laptop-15-cc1xx:35805/ []
[rosmaster.master][INFO] 2019-12-15 00:48:05,702: publisherUpdate[/rosout] -> http://itachi-HP-Pavilion-Laptop-15-cc1xx:35805/ []: sec=0.00, result=[1, '', 0]
[rosmaster.master][INFO] 2019-12-15 00:48:06,003: -PUB [/rosout_agg] /rosout http://itachi-HP-Pavilion-Laptop-15-cc1xx:35805/
[rosmaster.master][INFO] 2019-12-15 00:48:06,003: -SUB [/rosout] /rosout http://itachi-HP-Pavilion-Laptop-15-cc1xx:35805/
[rosmaster.master][INFO] 2019-12-15 00:48:06,004: -SERVICE [/rosout/get_loggers] /rosout rosrpc://itachi-HP-Pavilion-Laptop-15-cc1xx:41229
[rosmaster.master][INFO] 2019-12-15 00:48:06,005: -SERVICE [/rosout/set_logger_level] /rosout rosrpc://itachi-HP-Pavilion-Laptop-15-cc1xx:41229
[rosmaster.main][INFO] 2019-12-15 00:48:06,107: keyboard interrupt, will exit
[rosmaster.main][INFO] 2019-12-15 00:48:06,107: stopping master...
[rospy.core][INFO] 2019-12-15 00:48:06,107: signal_shutdown [atexit]
