[rospy.client][INFO] 2019-11-26 16:11:57,279: init_node, name[/edrone/joint_state_publisher], pid[2884]
[xmlrpc][INFO] 2019-11-26 16:11:57,279: XML-RPC server binding to 0.0.0.0:0
[xmlrpc][INFO] 2019-11-26 16:11:57,280: Started XML-RPC server [http://itachi-HP-Pavilion-Laptop-15-cc1xx:37275/]
[rospy.init][INFO] 2019-11-26 16:11:57,280: ROS Slave URI: [http://itachi-HP-Pavilion-Laptop-15-cc1xx:37275/]
[rospy.impl.masterslave][INFO] 2019-11-26 16:11:57,280: _ready: http://itachi-HP-Pavilion-Laptop-15-cc1xx:37275/
[rospy.registration][INFO] 2019-11-26 16:11:57,281: Registering with master node http://localhost:11311
[xmlrpc][INFO] 2019-11-26 16:11:57,281: xml rpc node: starting XML-RPC server
[rospy.init][INFO] 2019-11-26 16:11:57,382: registered with master
[rospy.rosout][INFO] 2019-11-26 16:11:57,382: initializing /rosout core topic
[rospy.rosout][INFO] 2019-11-26 16:11:57,383: connected to core topic /rosout
[rospy.simtime][INFO] 2019-11-26 16:11:57,384: initializing /clock core topic
[rospy.simtime][INFO] 2019-11-26 16:11:57,386: connected to core topic /clock
[rospy.internal][INFO] 2019-11-26 16:11:57,595: topic[/rosout] adding connection to [/rosout], count 0
[rospy.internal][INFO] 2019-11-26 16:11:57,636: topic[/edrone/joint_states] adding connection to [/edrone/robot_state_publisher], count 0
[rospy.internal][INFO] 2019-11-26 16:12:02,363: topic[/clock] adding connection to [http://itachi-HP-Pavilion-Laptop-15-cc1xx:33453/], count 0
[rospy.core][INFO] 2019-11-26 16:21:31,969: signal_shutdown [signal-2]
[rospy.internal][INFO] 2019-11-26 16:21:31,974: topic[/edrone/joint_states] removing connection to /edrone/robot_state_publisher
[rospy.internal][INFO] 2019-11-26 16:21:31,974: topic[/rosout] removing connection to /rosout
[rospy.internal][INFO] 2019-11-26 16:21:31,975: topic[/clock] removing connection to http://itachi-HP-Pavilion-Laptop-15-cc1xx:33453/
[rospy.impl.masterslave][INFO] 2019-11-26 16:21:31,975: signal-2
[rospy.core][INFO] 2019-11-26 16:21:32,469: signal_shutdown [atexit]
