[rosmaster.main][INFO] 2019-12-31 19:18:30,651: initialization complete, waiting for shutdown
[rosmaster.main][INFO] 2019-12-31 19:18:30,651: Starting ROS Master Node
[xmlrpc][INFO] 2019-12-31 19:18:30,652: XML-RPC server binding to 0.0.0.0:11311
[xmlrpc][INFO] 2019-12-31 19:18:30,652: Started XML-RPC server [http://itachi-HP-Pavilion-Laptop-15-cc1xx:11311/]
[rosmaster.master][INFO] 2019-12-31 19:18:30,652: Master initialized: port[11311], uri[http://itachi-HP-Pavilion-Laptop-15-cc1xx:11311/]
[xmlrpc][INFO] 2019-12-31 19:18:30,652: xml rpc node: starting XML-RPC server
[rosmaster.master][INFO] 2019-12-31 19:18:30,699: +PARAM [/run_id] by /roslaunch
[rosmaster.master][INFO] 2019-12-31 19:18:30,701: +PARAM [/roslaunch/uris/host_itachi_hp_pavilion_laptop_15_cc1xx__39997] by /roslaunch
[rosmaster.master][INFO] 2019-12-31 19:18:30,783: +PARAM [/rosversion] by /roslaunch
[rosmaster.master][INFO] 2019-12-31 19:18:30,784: +PARAM [/rosdistro] by /roslaunch
[rosmaster.master][INFO] 2019-12-31 19:18:30,789: +SERVICE [/rosout/get_loggers] /rosout http://itachi-HP-Pavilion-Laptop-15-cc1xx:46201/
[rosmaster.master][INFO] 2019-12-31 19:18:30,789: +SERVICE [/rosout/set_logger_level] /rosout http://itachi-HP-Pavilion-Laptop-15-cc1xx:46201/
[rosmaster.master][INFO] 2019-12-31 19:18:30,791: +PUB [/rosout_agg] /rosout http://itachi-HP-Pavilion-Laptop-15-cc1xx:46201/
[rosmaster.master][INFO] 2019-12-31 19:18:30,794: +SUB [/rosout] /rosout http://itachi-HP-Pavilion-Laptop-15-cc1xx:46201/
[rosmaster.master][INFO] 2019-12-31 19:18:33,329: +PARAM [/roslaunch/uris/host_itachi_hp_pavilion_laptop_15_cc1xx__43341] by /roslaunch
[rosmaster.master][INFO] 2019-12-31 19:18:33,332: +PARAM [/usb_cam/image_width] by /roslaunch
[rosmaster.master][INFO] 2019-12-31 19:18:33,332: +PARAM [/usb_cam/video_device] by /roslaunch
[rosmaster.master][INFO] 2019-12-31 19:18:33,332: +PARAM [/rosdistro] by /roslaunch
[rosmaster.master][INFO] 2019-12-31 19:18:33,332: +PARAM [/whycon/targets] by /roslaunch
[rosmaster.master][INFO] 2019-12-31 19:18:33,332: +PARAM [/usb_cam/pixel_format] by /roslaunch
[rosmaster.master][INFO] 2019-12-31 19:18:33,332: +PARAM [/usb_cam/io_method] by /roslaunch
[rosmaster.master][INFO] 2019-12-31 19:18:33,332: +PARAM [/usb_cam/camera_frame_id] by /roslaunch
[rosmaster.master][INFO] 2019-12-31 19:18:33,332: +PARAM [/rosversion] by /roslaunch
[rosmaster.master][INFO] 2019-12-31 19:18:33,332: +PARAM [/whycon/outer_diameter] by /roslaunch
[rosmaster.master][INFO] 2019-12-31 19:18:33,332: +PARAM [/usb_cam/image_height] by /roslaunch
[rosmaster.master][INFO] 2019-12-31 19:18:33,332: +PARAM [/whycon/name] by /roslaunch
[rosmaster.master][INFO] 2019-12-31 19:18:33,333: +PARAM [/whycon/inner_diameter] by /roslaunch
[rosmaster.master][INFO] 2019-12-31 19:18:33,414: +PUB [/rosout] /usb_cam http://itachi-HP-Pavilion-Laptop-15-cc1xx:37377/
[rosmaster.master][INFO] 2019-12-31 19:18:33,414: +SERVICE [/usb_cam/get_loggers] /usb_cam http://itachi-HP-Pavilion-Laptop-15-cc1xx:37377/
[rosmaster.master][INFO] 2019-12-31 19:18:33,415: +SERVICE [/usb_cam/set_logger_level] /usb_cam http://itachi-HP-Pavilion-Laptop-15-cc1xx:37377/
[rosmaster.master][INFO] 2019-12-31 19:18:33,420: +PUB [/rosout] /usb_cam/image_proc http://itachi-HP-Pavilion-Laptop-15-cc1xx:43399/
[rosmaster.master][INFO] 2019-12-31 19:18:33,421: +SERVICE [/usb_cam/image_proc/get_loggers] /usb_cam/image_proc http://itachi-HP-Pavilion-Laptop-15-cc1xx:43399/
[rosmaster.master][INFO] 2019-12-31 19:18:33,422: +SERVICE [/usb_cam/image_proc/set_logger_level] /usb_cam/image_proc http://itachi-HP-Pavilion-Laptop-15-cc1xx:43399/
[rosmaster.master][INFO] 2019-12-31 19:18:33,429: +PUB [/rosout] /whycon http://itachi-HP-Pavilion-Laptop-15-cc1xx:37257/
[rosmaster.master][INFO] 2019-12-31 19:18:33,430: +SERVICE [/whycon/get_loggers] /whycon http://itachi-HP-Pavilion-Laptop-15-cc1xx:37257/
[rosmaster.master][INFO] 2019-12-31 19:18:33,431: +SERVICE [/whycon/set_logger_level] /whycon http://itachi-HP-Pavilion-Laptop-15-cc1xx:37257/
[rosmaster.master][INFO] 2019-12-31 19:18:33,445: +PUB [/rosout] /whycon_display/image_view http://itachi-HP-Pavilion-Laptop-15-cc1xx:33549/
[rosmaster.master][INFO] 2019-12-31 19:18:33,445: +SERVICE [/whycon_display/image_view/get_loggers] /whycon_display/image_view http://itachi-HP-Pavilion-Laptop-15-cc1xx:33549/
[rosmaster.master][INFO] 2019-12-31 19:18:33,446: +SERVICE [/whycon_display/image_view/set_logger_level] /whycon_display/image_view http://itachi-HP-Pavilion-Laptop-15-cc1xx:33549/
[rosmaster.master][INFO] 2019-12-31 19:18:33,452: +SERVICE [/usb_cam/image_proc_debayer/set_parameters] /usb_cam/image_proc http://itachi-HP-Pavilion-Laptop-15-cc1xx:43399/
[rosmaster.master][INFO] 2019-12-31 19:18:33,453: +PUB [/usb_cam/image_proc_debayer/parameter_descriptions] /usb_cam/image_proc http://itachi-HP-Pavilion-Laptop-15-cc1xx:43399/
[rosmaster.master][INFO] 2019-12-31 19:18:33,453: +PUB [/usb_cam/image_proc_debayer/parameter_updates] /usb_cam/image_proc http://itachi-HP-Pavilion-Laptop-15-cc1xx:43399/
[rosmaster.master][INFO] 2019-12-31 19:18:33,455: +PARAM [/usb_cam/image_proc_debayer/debayer] by /usb_cam/image_proc
[rosmaster.master][INFO] 2019-12-31 19:18:33,456: +PARAM [/usb_cam/image_proc_debayer/debayer] by /usb_cam/image_proc
[rosmaster.master][INFO] 2019-12-31 19:18:33,458: publisherUpdate[/rosout] -> http://itachi-HP-Pavilion-Laptop-15-cc1xx:46201/ ['http://itachi-HP-Pavilion-Laptop-15-cc1xx:37377/']
[rosmaster.master][INFO] 2019-12-31 19:18:33,459: +PUB [/usb_cam/image_raw/compressedDepth] /usb_cam http://itachi-HP-Pavilion-Laptop-15-cc1xx:37377/
[rosmaster.master][INFO] 2019-12-31 19:18:33,460: +PUB [/usb_cam/image_mono/compressedDepth] /usb_cam/image_proc http://itachi-HP-Pavilion-Laptop-15-cc1xx:43399/
[rosmaster.master][INFO] 2019-12-31 19:18:33,460: publisherUpdate[/rosout] -> http://itachi-HP-Pavilion-Laptop-15-cc1xx:46201/ ['http://itachi-HP-Pavilion-Laptop-15-cc1xx:37377/']: sec=0.00, result=[1, '', 0]
[rosmaster.master][INFO] 2019-12-31 19:18:33,461: publisherUpdate[/rosout] -> http://itachi-HP-Pavilion-Laptop-15-cc1xx:46201/ ['http://itachi-HP-Pavilion-Laptop-15-cc1xx:37377/', 'http://itachi-HP-Pavilion-Laptop-15-cc1xx:43399/']
[rosmaster.master][INFO] 2019-12-31 19:18:33,462: publisherUpdate[/rosout] -> http://itachi-HP-Pavilion-Laptop-15-cc1xx:46201/ ['http://itachi-HP-Pavilion-Laptop-15-cc1xx:37377/', 'http://itachi-HP-Pavilion-Laptop-15-cc1xx:43399/']: sec=0.00, result=[1, '', 0]
[rosmaster.master][INFO] 2019-12-31 19:18:33,462: publisherUpdate[/rosout] -> http://itachi-HP-Pavilion-Laptop-15-cc1xx:46201/ ['http://itachi-HP-Pavilion-Laptop-15-cc1xx:37377/', 'http://itachi-HP-Pavilion-Laptop-15-cc1xx:43399/', 'http://itachi-HP-Pavilion-Laptop-15-cc1xx:37257/']
[rosmaster.master][INFO] 2019-12-31 19:18:33,462: publisherUpdate[/rosout] -> http://itachi-HP-Pavilion-Laptop-15-cc1xx:46201/ ['http://itachi-HP-Pavilion-Laptop-15-cc1xx:37377/', 'http://itachi-HP-Pavilion-Laptop-15-cc1xx:43399/', 'http://itachi-HP-Pavilion-Laptop-15-cc1xx:37257/']: sec=0.00, result=[1, '', 0]
[rosmaster.master][INFO] 2019-12-31 19:18:33,462: publisherUpdate[/rosout] -> http://itachi-HP-Pavilion-Laptop-15-cc1xx:46201/ ['http://itachi-HP-Pavilion-Laptop-15-cc1xx:37377/', 'http://itachi-HP-Pavilion-Laptop-15-cc1xx:43399/', 'http://itachi-HP-Pavilion-Laptop-15-cc1xx:37257/', 'http://itachi-HP-Pavilion-Laptop-15-cc1xx:33549/']
[rosmaster.master][INFO] 2019-12-31 19:18:33,463: +SERVICE [/usb_cam/image_raw/compressedDepth/set_parameters] /usb_cam http://itachi-HP-Pavilion-Laptop-15-cc1xx:37377/
[rosmaster.master][INFO] 2019-12-31 19:18:33,463: publisherUpdate[/rosout] -> http://itachi-HP-Pavilion-Laptop-15-cc1xx:46201/ ['http://itachi-HP-Pavilion-Laptop-15-cc1xx:37377/', 'http://itachi-HP-Pavilion-Laptop-15-cc1xx:43399/', 'http://itachi-HP-Pavilion-Laptop-15-cc1xx:37257/', 'http://itachi-HP-Pavilion-Laptop-15-cc1xx:33549/']: sec=0.00, result=[1, '', 0]
[rosmaster.master][INFO] 2019-12-31 19:18:33,464: +SERVICE [/usb_cam/image_mono/compressedDepth/set_parameters] /usb_cam/image_proc http://itachi-HP-Pavilion-Laptop-15-cc1xx:43399/
[rosmaster.master][INFO] 2019-12-31 19:18:33,466: +PUB [/usb_cam/image_raw/compressedDepth/parameter_descriptions] /usb_cam http://itachi-HP-Pavilion-Laptop-15-cc1xx:37377/
[rosmaster.master][INFO] 2019-12-31 19:18:33,467: +PUB [/usb_cam/image_mono/compressedDepth/parameter_descriptions] /usb_cam/image_proc http://itachi-HP-Pavilion-Laptop-15-cc1xx:43399/
[rosmaster.master][INFO] 2019-12-31 19:18:33,468: +PUB [/usb_cam/image_raw/compressedDepth/parameter_updates] /usb_cam http://itachi-HP-Pavilion-Laptop-15-cc1xx:37377/
[rosmaster.master][INFO] 2019-12-31 19:18:33,469: +PUB [/usb_cam/image_mono/compressedDepth/parameter_updates] /usb_cam/image_proc http://itachi-HP-Pavilion-Laptop-15-cc1xx:43399/
[rosmaster.master][INFO] 2019-12-31 19:18:33,473: +PARAM [/usb_cam/image_raw/compressedDepth/depth_max] by /usb_cam
[rosmaster.master][INFO] 2019-12-31 19:18:33,474: +PARAM [/usb_cam/image_mono/compressedDepth/depth_max] by /usb_cam/image_proc
[rosmaster.master][INFO] 2019-12-31 19:18:33,475: +PARAM [/usb_cam/image_raw/compressedDepth/depth_quantization] by /usb_cam
[rosmaster.master][INFO] 2019-12-31 19:18:33,475: +PARAM [/usb_cam/image_mono/compressedDepth/depth_quantization] by /usb_cam/image_proc
[rosmaster.master][INFO] 2019-12-31 19:18:33,476: +PARAM [/usb_cam/image_raw/compressedDepth/png_level] by /usb_cam
[rosmaster.master][INFO] 2019-12-31 19:18:33,477: +PARAM [/usb_cam/image_mono/compressedDepth/png_level] by /usb_cam/image_proc
[rosmaster.master][INFO] 2019-12-31 19:18:33,477: +PARAM [/usb_cam/image_raw/compressedDepth/depth_max] by /usb_cam
[rosmaster.master][INFO] 2019-12-31 19:18:33,479: +PARAM [/usb_cam/image_mono/compressedDepth/depth_max] by /usb_cam/image_proc
[rosmaster.master][INFO] 2019-12-31 19:18:33,480: +PARAM [/usb_cam/image_raw/compressedDepth/depth_quantization] by /usb_cam
[rosmaster.master][INFO] 2019-12-31 19:18:33,480: +PARAM [/usb_cam/image_mono/compressedDepth/depth_quantization] by /usb_cam/image_proc
[rosmaster.master][INFO] 2019-12-31 19:18:33,482: +PARAM [/usb_cam/image_raw/compressedDepth/png_level] by /usb_cam
[rosmaster.master][INFO] 2019-12-31 19:18:33,482: +PARAM [/usb_cam/image_mono/compressedDepth/png_level] by /usb_cam/image_proc
[rosmaster.master][INFO] 2019-12-31 19:18:33,483: +PUB [/usb_cam/image_raw/compressed] /usb_cam http://itachi-HP-Pavilion-Laptop-15-cc1xx:37377/
[rosmaster.master][INFO] 2019-12-31 19:18:33,484: +PUB [/usb_cam/image_mono/compressed] /usb_cam/image_proc http://itachi-HP-Pavilion-Laptop-15-cc1xx:43399/
[rosmaster.master][INFO] 2019-12-31 19:18:33,485: +SERVICE [/usb_cam/image_raw/compressed/set_parameters] /usb_cam http://itachi-HP-Pavilion-Laptop-15-cc1xx:37377/
[rosmaster.master][INFO] 2019-12-31 19:18:33,486: +SERVICE [/usb_cam/image_mono/compressed/set_parameters] /usb_cam/image_proc http://itachi-HP-Pavilion-Laptop-15-cc1xx:43399/
[rosmaster.master][INFO] 2019-12-31 19:18:33,486: +PUB [/usb_cam/image_raw/compressed/parameter_descriptions] /usb_cam http://itachi-HP-Pavilion-Laptop-15-cc1xx:37377/
[rosmaster.master][INFO] 2019-12-31 19:18:33,487: +PUB [/tf] /whycon http://itachi-HP-Pavilion-Laptop-15-cc1xx:37257/
[rosmaster.master][INFO] 2019-12-31 19:18:33,487: +PUB [/usb_cam/image_mono/compressed/parameter_descriptions] /usb_cam/image_proc http://itachi-HP-Pavilion-Laptop-15-cc1xx:43399/
[rosmaster.master][INFO] 2019-12-31 19:18:33,489: +PUB [/usb_cam/image_raw/compressed/parameter_updates] /usb_cam http://itachi-HP-Pavilion-Laptop-15-cc1xx:37377/
[rosmaster.master][INFO] 2019-12-31 19:18:33,490: +PUB [/usb_cam/image_mono/compressed/parameter_updates] /usb_cam/image_proc http://itachi-HP-Pavilion-Laptop-15-cc1xx:43399/
[rosmaster.master][INFO] 2019-12-31 19:18:33,494: +PARAM [/usb_cam/image_raw/compressed/format] by /usb_cam
[rosmaster.master][INFO] 2019-12-31 19:18:33,495: +PARAM [/usb_cam/image_mono/compressed/format] by /usb_cam/image_proc
[rosmaster.master][INFO] 2019-12-31 19:18:33,496: +PARAM [/usb_cam/image_raw/compressed/jpeg_quality] by /usb_cam
[rosmaster.master][INFO] 2019-12-31 19:18:33,496: +PARAM [/usb_cam/image_mono/compressed/jpeg_quality] by /usb_cam/image_proc
[rosmaster.master][INFO] 2019-12-31 19:18:33,497: +PARAM [/usb_cam/image_raw/compressed/png_level] by /usb_cam
[rosmaster.master][INFO] 2019-12-31 19:18:33,498: +PARAM [/usb_cam/image_mono/compressed/png_level] by /usb_cam/image_proc
[rosmaster.master][INFO] 2019-12-31 19:18:33,498: +SUB [/usb_cam/image_rect_color] /whycon http://itachi-HP-Pavilion-Laptop-15-cc1xx:37257/
[rosmaster.master][INFO] 2019-12-31 19:18:33,499: +PARAM [/usb_cam/image_raw/compressed/format] by /usb_cam
[rosmaster.master][INFO] 2019-12-31 19:18:33,500: +PARAM [/usb_cam/image_mono/compressed/format] by /usb_cam/image_proc
[rosmaster.master][INFO] 2019-12-31 19:18:33,501: +PARAM [/usb_cam/image_raw/compressed/jpeg_quality] by /usb_cam
[rosmaster.master][INFO] 2019-12-31 19:18:33,501: +PARAM [/usb_cam/image_mono/compressed/jpeg_quality] by /usb_cam/image_proc
[rosmaster.master][INFO] 2019-12-31 19:18:33,502: +PARAM [/usb_cam/image_raw/compressed/png_level] by /usb_cam
[rosmaster.master][INFO] 2019-12-31 19:18:33,503: +PARAM [/usb_cam/image_mono/compressed/png_level] by /usb_cam/image_proc
[rosmaster.master][INFO] 2019-12-31 19:18:33,504: +PUB [/usb_cam/image_raw] /usb_cam http://itachi-HP-Pavilion-Laptop-15-cc1xx:37377/
[rosmaster.master][INFO] 2019-12-31 19:18:33,505: +PUB [/usb_cam/image_mono] /usb_cam/image_proc http://itachi-HP-Pavilion-Laptop-15-cc1xx:43399/
[rosmaster.master][INFO] 2019-12-31 19:18:33,506: +SUB [/usb_cam/camera_info] /whycon http://itachi-HP-Pavilion-Laptop-15-cc1xx:37257/
[rosmaster.master][INFO] 2019-12-31 19:18:33,506: +PUB [/usb_cam/image_raw/theora] /usb_cam http://itachi-HP-Pavilion-Laptop-15-cc1xx:37377/
[rosmaster.master][INFO] 2019-12-31 19:18:33,507: +PUB [/whycon/image_out] /whycon http://itachi-HP-Pavilion-Laptop-15-cc1xx:37257/
[rosmaster.master][INFO] 2019-12-31 19:18:33,507: +PUB [/usb_cam/image_mono/theora] /usb_cam/image_proc http://itachi-HP-Pavilion-Laptop-15-cc1xx:43399/
[rosmaster.master][INFO] 2019-12-31 19:18:33,508: +SERVICE [/usb_cam/image_raw/theora/set_parameters] /usb_cam http://itachi-HP-Pavilion-Laptop-15-cc1xx:37377/
[rosmaster.master][INFO] 2019-12-31 19:18:33,509: +PUB [/whycon/poses] /whycon http://itachi-HP-Pavilion-Laptop-15-cc1xx:37257/
[rosmaster.master][INFO] 2019-12-31 19:18:33,509: +SERVICE [/usb_cam/image_mono/theora/set_parameters] /usb_cam/image_proc http://itachi-HP-Pavilion-Laptop-15-cc1xx:43399/
[rosmaster.master][INFO] 2019-12-31 19:18:33,510: +PUB [/usb_cam/image_raw/theora/parameter_descriptions] /usb_cam http://itachi-HP-Pavilion-Laptop-15-cc1xx:37377/
[rosmaster.master][INFO] 2019-12-31 19:18:33,511: +PUB [/whycon/context] /whycon http://itachi-HP-Pavilion-Laptop-15-cc1xx:37257/
[rosmaster.master][INFO] 2019-12-31 19:18:33,511: +PUB [/usb_cam/image_mono/theora/parameter_descriptions] /usb_cam/image_proc http://itachi-HP-Pavilion-Laptop-15-cc1xx:43399/
[rosmaster.master][INFO] 2019-12-31 19:18:33,512: +PUB [/usb_cam/image_raw/theora/parameter_updates] /usb_cam http://itachi-HP-Pavilion-Laptop-15-cc1xx:37377/
[rosmaster.master][INFO] 2019-12-31 19:18:33,513: +PUB [/whycon/projection] /whycon http://itachi-HP-Pavilion-Laptop-15-cc1xx:37257/
[rosmaster.master][INFO] 2019-12-31 19:18:33,513: +PUB [/usb_cam/image_mono/theora/parameter_updates] /usb_cam/image_proc http://itachi-HP-Pavilion-Laptop-15-cc1xx:43399/
[rosmaster.master][INFO] 2019-12-31 19:18:33,515: +SERVICE [/whycon/reset] /whycon http://itachi-HP-Pavilion-Laptop-15-cc1xx:37257/
[rosmaster.master][INFO] 2019-12-31 19:18:33,519: +PARAM [/usb_cam/image_raw/theora/optimize_for] by /usb_cam
[rosmaster.master][INFO] 2019-12-31 19:18:33,520: +PARAM [/usb_cam/image_raw/theora/target_bitrate] by /usb_cam
[rosmaster.master][INFO] 2019-12-31 19:18:33,522: +PARAM [/usb_cam/image_raw/theora/quality] by /usb_cam
[rosmaster.master][INFO] 2019-12-31 19:18:33,522: +PARAM [/usb_cam/image_mono/theora/optimize_for] by /usb_cam/image_proc
[rosmaster.master][INFO] 2019-12-31 19:18:33,523: +PARAM [/usb_cam/image_raw/theora/keyframe_frequency] by /usb_cam
[rosmaster.master][INFO] 2019-12-31 19:18:33,523: +PARAM [/usb_cam/image_mono/theora/target_bitrate] by /usb_cam/image_proc
[rosmaster.master][INFO] 2019-12-31 19:18:33,524: +PARAM [/usb_cam/image_raw/theora/optimize_for] by /usb_cam
[rosmaster.master][INFO] 2019-12-31 19:18:33,524: +PARAM [/usb_cam/image_mono/theora/quality] by /usb_cam/image_proc
[rosmaster.master][INFO] 2019-12-31 19:18:33,525: +PARAM [/usb_cam/image_raw/theora/target_bitrate] by /usb_cam
[rosmaster.master][INFO] 2019-12-31 19:18:33,527: +PARAM [/usb_cam/image_raw/theora/quality] by /usb_cam
[rosmaster.master][INFO] 2019-12-31 19:18:33,527: +PARAM [/usb_cam/image_raw/theora/keyframe_frequency] by /usb_cam
[rosmaster.master][INFO] 2019-12-31 19:18:33,528: +PARAM [/usb_cam/image_mono/theora/keyframe_frequency] by /usb_cam/image_proc
[rosmaster.master][INFO] 2019-12-31 19:18:33,529: +PUB [/usb_cam/camera_info] /usb_cam http://itachi-HP-Pavilion-Laptop-15-cc1xx:37377/
[rosmaster.master][INFO] 2019-12-31 19:18:33,530: +PARAM [/usb_cam/image_mono/theora/optimize_for] by /usb_cam/image_proc
[rosmaster.master][INFO] 2019-12-31 19:18:33,531: +PARAM [/usb_cam/image_mono/theora/target_bitrate] by /usb_cam/image_proc
[rosmaster.master][INFO] 2019-12-31 19:18:33,533: +PARAM [/usb_cam/image_mono/theora/quality] by /usb_cam/image_proc
[rosmaster.master][INFO] 2019-12-31 19:18:33,535: +PARAM [/usb_cam/image_mono/theora/keyframe_frequency] by /usb_cam/image_proc
[rosmaster.master][INFO] 2019-12-31 19:18:33,537: +PUB [/usb_cam/image_color/compressedDepth] /usb_cam/image_proc http://itachi-HP-Pavilion-Laptop-15-cc1xx:43399/
[rosmaster.master][INFO] 2019-12-31 19:18:33,538: +SERVICE [/usb_cam/image_color/compressedDepth/set_parameters] /usb_cam/image_proc http://itachi-HP-Pavilion-Laptop-15-cc1xx:43399/
[rosmaster.master][INFO] 2019-12-31 19:18:33,539: +PUB [/usb_cam/image_color/compressedDepth/parameter_descriptions] /usb_cam/image_proc http://itachi-HP-Pavilion-Laptop-15-cc1xx:43399/
[rosmaster.master][INFO] 2019-12-31 19:18:33,540: +PUB [/usb_cam/image_color/compressedDepth/parameter_updates] /usb_cam/image_proc http://itachi-HP-Pavilion-Laptop-15-cc1xx:43399/
[rosmaster.master][INFO] 2019-12-31 19:18:33,544: +PARAM [/usb_cam/image_color/compressedDepth/depth_max] by /usb_cam/image_proc
[rosmaster.master][INFO] 2019-12-31 19:18:33,545: +PARAM [/usb_cam/image_color/compressedDepth/depth_quantization] by /usb_cam/image_proc
[rosmaster.master][INFO] 2019-12-31 19:18:33,546: +PARAM [/usb_cam/image_color/compressedDepth/png_level] by /usb_cam/image_proc
[rosmaster.master][INFO] 2019-12-31 19:18:33,547: +PARAM [/usb_cam/image_color/compressedDepth/depth_max] by /usb_cam/image_proc
[rosmaster.master][INFO] 2019-12-31 19:18:33,548: +PARAM [/usb_cam/image_color/compressedDepth/depth_quantization] by /usb_cam/image_proc
[rosmaster.master][INFO] 2019-12-31 19:18:33,549: +PARAM [/usb_cam/image_color/compressedDepth/png_level] by /usb_cam/image_proc
[rosmaster.master][INFO] 2019-12-31 19:18:33,550: +PUB [/usb_cam/image_color/compressed] /usb_cam/image_proc http://itachi-HP-Pavilion-Laptop-15-cc1xx:43399/
[rosmaster.master][INFO] 2019-12-31 19:18:33,551: +SERVICE [/usb_cam/image_color/compressed/set_parameters] /usb_cam/image_proc http://itachi-HP-Pavilion-Laptop-15-cc1xx:43399/
[rosmaster.master][INFO] 2019-12-31 19:18:33,552: +PUB [/usb_cam/image_color/compressed/parameter_descriptions] /usb_cam/image_proc http://itachi-HP-Pavilion-Laptop-15-cc1xx:43399/
[rosmaster.master][INFO] 2019-12-31 19:18:33,553: +PUB [/usb_cam/image_color/compressed/parameter_updates] /usb_cam/image_proc http://itachi-HP-Pavilion-Laptop-15-cc1xx:43399/
[rosmaster.master][INFO] 2019-12-31 19:18:33,555: +SERVICE [/usb_cam/set_camera_info] /usb_cam http://itachi-HP-Pavilion-Laptop-15-cc1xx:37377/
[rosmaster.master][INFO] 2019-12-31 19:18:33,558: publisherUpdate[/usb_cam/camera_info] -> http://itachi-HP-Pavilion-Laptop-15-cc1xx:37257/ ['http://itachi-HP-Pavilion-Laptop-15-cc1xx:37377/']
[rosmaster.master][INFO] 2019-12-31 19:18:33,559: publisherUpdate[/usb_cam/camera_info] -> http://itachi-HP-Pavilion-Laptop-15-cc1xx:37257/ ['http://itachi-HP-Pavilion-Laptop-15-cc1xx:37377/']: sec=0.00, result=[1, '', 0]
[rosmaster.master][INFO] 2019-12-31 19:18:33,561: +SERVICE [/usb_cam/start_capture] /usb_cam http://itachi-HP-Pavilion-Laptop-15-cc1xx:37377/
[rosmaster.master][INFO] 2019-12-31 19:18:33,564: +PARAM [/usb_cam/image_color/compressed/format] by /usb_cam/image_proc
[rosmaster.master][INFO] 2019-12-31 19:18:33,565: +SERVICE [/usb_cam/stop_capture] /usb_cam http://itachi-HP-Pavilion-Laptop-15-cc1xx:37377/
[rosmaster.master][INFO] 2019-12-31 19:18:33,566: +PARAM [/usb_cam/image_color/compressed/jpeg_quality] by /usb_cam/image_proc
[rosmaster.master][INFO] 2019-12-31 19:18:33,567: +PARAM [/usb_cam/image_color/compressed/png_level] by /usb_cam/image_proc
[rosmaster.master][INFO] 2019-12-31 19:18:33,568: +PARAM [/usb_cam/image_color/compressed/format] by /usb_cam/image_proc
[rosmaster.master][INFO] 2019-12-31 19:18:33,571: +PARAM [/usb_cam/image_color/compressed/jpeg_quality] by /usb_cam/image_proc
[rosmaster.master][INFO] 2019-12-31 19:18:33,572: +PARAM [/usb_cam/image_color/compressed/png_level] by /usb_cam/image_proc
[rosmaster.master][INFO] 2019-12-31 19:18:33,573: +PUB [/usb_cam/image_color] /usb_cam/image_proc http://itachi-HP-Pavilion-Laptop-15-cc1xx:43399/
[rosmaster.master][INFO] 2019-12-31 19:18:33,574: +PUB [/usb_cam/image_color/theora] /usb_cam/image_proc http://itachi-HP-Pavilion-Laptop-15-cc1xx:43399/
[rosmaster.master][INFO] 2019-12-31 19:18:33,575: +SERVICE [/usb_cam/image_color/theora/set_parameters] /usb_cam/image_proc http://itachi-HP-Pavilion-Laptop-15-cc1xx:43399/
[rosmaster.master][INFO] 2019-12-31 19:18:33,575: +PUB [/usb_cam/image_color/theora/parameter_descriptions] /usb_cam/image_proc http://itachi-HP-Pavilion-Laptop-15-cc1xx:43399/
[rosmaster.master][INFO] 2019-12-31 19:18:33,576: +PUB [/usb_cam/image_color/theora/parameter_updates] /usb_cam/image_proc http://itachi-HP-Pavilion-Laptop-15-cc1xx:43399/
[rosmaster.master][INFO] 2019-12-31 19:18:33,582: +PARAM [/usb_cam/image_color/theora/optimize_for] by /usb_cam/image_proc
[rosmaster.master][INFO] 2019-12-31 19:18:33,583: +PARAM [/usb_cam/image_color/theora/target_bitrate] by /usb_cam/image_proc
[rosmaster.master][INFO] 2019-12-31 19:18:33,584: +PARAM [/usb_cam/image_color/theora/quality] by /usb_cam/image_proc
[rosmaster.master][INFO] 2019-12-31 19:18:33,584: +PARAM [/usb_cam/image_color/theora/keyframe_frequency] by /usb_cam/image_proc
[rosmaster.master][INFO] 2019-12-31 19:18:33,585: +PARAM [/usb_cam/image_color/theora/optimize_for] by /usb_cam/image_proc
[rosmaster.master][INFO] 2019-12-31 19:18:33,588: +PARAM [/usb_cam/image_color/theora/target_bitrate] by /usb_cam/image_proc
[rosmaster.master][INFO] 2019-12-31 19:18:33,589: +PARAM [/usb_cam/image_color/theora/quality] by /usb_cam/image_proc
[rosmaster.master][INFO] 2019-12-31 19:18:33,590: +PARAM [/usb_cam/image_color/theora/keyframe_frequency] by /usb_cam/image_proc
[rosmaster.master][INFO] 2019-12-31 19:18:33,592: +SERVICE [/usb_cam/image_proc_rectify_mono/set_parameters] /usb_cam/image_proc http://itachi-HP-Pavilion-Laptop-15-cc1xx:43399/
[rosmaster.master][INFO] 2019-12-31 19:18:33,593: +PUB [/usb_cam/image_proc_rectify_mono/parameter_descriptions] /usb_cam/image_proc http://itachi-HP-Pavilion-Laptop-15-cc1xx:43399/
[rosmaster.master][INFO] 2019-12-31 19:18:33,594: +PUB [/usb_cam/image_proc_rectify_mono/parameter_updates] /usb_cam/image_proc http://itachi-HP-Pavilion-Laptop-15-cc1xx:43399/
[rosmaster.master][INFO] 2019-12-31 19:18:33,597: +PARAM [/usb_cam/image_proc_rectify_mono/interpolation] by /usb_cam/image_proc
[rosmaster.master][INFO] 2019-12-31 19:18:33,598: +PARAM [/usb_cam/image_proc_rectify_mono/interpolation] by /usb_cam/image_proc
[rosmaster.master][INFO] 2019-12-31 19:18:33,599: +PUB [/usb_cam/image_rect/compressedDepth] /usb_cam/image_proc http://itachi-HP-Pavilion-Laptop-15-cc1xx:43399/
[rosmaster.master][INFO] 2019-12-31 19:18:33,600: +SERVICE [/usb_cam/image_rect/compressedDepth/set_parameters] /usb_cam/image_proc http://itachi-HP-Pavilion-Laptop-15-cc1xx:43399/
[rosmaster.master][INFO] 2019-12-31 19:18:33,600: +PUB [/usb_cam/image_rect/compressedDepth/parameter_descriptions] /usb_cam/image_proc http://itachi-HP-Pavilion-Laptop-15-cc1xx:43399/
[rosmaster.master][INFO] 2019-12-31 19:18:33,601: +PUB [/usb_cam/image_rect/compressedDepth/parameter_updates] /usb_cam/image_proc http://itachi-HP-Pavilion-Laptop-15-cc1xx:43399/
[rosmaster.master][INFO] 2019-12-31 19:18:33,606: +PARAM [/usb_cam/image_rect/compressedDepth/depth_max] by /usb_cam/image_proc
[rosmaster.master][INFO] 2019-12-31 19:18:33,607: +PARAM [/usb_cam/image_rect/compressedDepth/depth_quantization] by /usb_cam/image_proc
[rosmaster.master][INFO] 2019-12-31 19:18:33,608: +PARAM [/usb_cam/image_rect/compressedDepth/png_level] by /usb_cam/image_proc
[rosmaster.master][INFO] 2019-12-31 19:18:33,609: +PARAM [/usb_cam/image_rect/compressedDepth/depth_max] by /usb_cam/image_proc
[rosmaster.master][INFO] 2019-12-31 19:18:33,610: +PARAM [/usb_cam/image_rect/compressedDepth/depth_quantization] by /usb_cam/image_proc
[rosmaster.master][INFO] 2019-12-31 19:18:33,612: +PARAM [/usb_cam/image_rect/compressedDepth/png_level] by /usb_cam/image_proc
[rosmaster.master][INFO] 2019-12-31 19:18:33,613: +PUB [/usb_cam/image_rect/compressed] /usb_cam/image_proc http://itachi-HP-Pavilion-Laptop-15-cc1xx:43399/
[rosmaster.master][INFO] 2019-12-31 19:18:33,613: +SERVICE [/usb_cam/image_rect/compressed/set_parameters] /usb_cam/image_proc http://itachi-HP-Pavilion-Laptop-15-cc1xx:43399/
[rosmaster.master][INFO] 2019-12-31 19:18:33,614: +SUB [/whycon/image_out] /whycon_display/image_view http://itachi-HP-Pavilion-Laptop-15-cc1xx:33549/
[rosmaster.master][INFO] 2019-12-31 19:18:33,614: +PUB [/usb_cam/image_rect/compressed/parameter_descriptions] /usb_cam/image_proc http://itachi-HP-Pavilion-Laptop-15-cc1xx:43399/
[rosmaster.master][INFO] 2019-12-31 19:18:33,615: +PUB [/whycon_display/image_view/output] /whycon_display/image_view http://itachi-HP-Pavilion-Laptop-15-cc1xx:33549/
[rosmaster.master][INFO] 2019-12-31 19:18:33,616: +PUB [/usb_cam/image_rect/compressed/parameter_updates] /usb_cam/image_proc http://itachi-HP-Pavilion-Laptop-15-cc1xx:43399/
[rosmaster.master][INFO] 2019-12-31 19:18:33,616: +SERVICE [/whycon_display/image_view/set_parameters] /whycon_display/image_view http://itachi-HP-Pavilion-Laptop-15-cc1xx:33549/
[rosmaster.master][INFO] 2019-12-31 19:18:33,617: +PUB [/whycon_display/image_view/parameter_descriptions] /whycon_display/image_view http://itachi-HP-Pavilion-Laptop-15-cc1xx:33549/
[rosmaster.master][INFO] 2019-12-31 19:18:33,621: +PUB [/whycon_display/image_view/parameter_updates] /whycon_display/image_view http://itachi-HP-Pavilion-Laptop-15-cc1xx:33549/
[rosmaster.master][INFO] 2019-12-31 19:18:33,622: +PARAM [/usb_cam/image_rect/compressed/format] by /usb_cam/image_proc
[rosmaster.master][INFO] 2019-12-31 19:18:33,623: +PARAM [/usb_cam/image_rect/compressed/jpeg_quality] by /usb_cam/image_proc
[rosmaster.master][INFO] 2019-12-31 19:18:33,625: +PARAM [/usb_cam/image_rect/compressed/png_level] by /usb_cam/image_proc
[rosmaster.master][INFO] 2019-12-31 19:18:33,626: +PARAM [/usb_cam/image_rect/compressed/format] by /usb_cam/image_proc
[rosmaster.master][INFO] 2019-12-31 19:18:33,626: +PARAM [/whycon_display/image_view/do_dynamic_scaling] by /whycon_display/image_view
[rosmaster.master][INFO] 2019-12-31 19:18:33,627: +PARAM [/usb_cam/image_rect/compressed/jpeg_quality] by /usb_cam/image_proc
[rosmaster.master][INFO] 2019-12-31 19:18:33,627: +PARAM [/whycon_display/image_view/colormap] by /whycon_display/image_view
[rosmaster.master][INFO] 2019-12-31 19:18:33,628: +PARAM [/usb_cam/image_rect/compressed/png_level] by /usb_cam/image_proc
[rosmaster.master][INFO] 2019-12-31 19:18:33,628: +PARAM [/whycon_display/image_view/min_image_value] by /whycon_display/image_view
[rosmaster.master][INFO] 2019-12-31 19:18:33,629: +PUB [/usb_cam/image_rect] /usb_cam/image_proc http://itachi-HP-Pavilion-Laptop-15-cc1xx:43399/
[rosmaster.master][INFO] 2019-12-31 19:18:33,630: +PARAM [/whycon_display/image_view/max_image_value] by /whycon_display/image_view
[rosmaster.master][INFO] 2019-12-31 19:18:33,630: +PUB [/usb_cam/image_rect/theora] /usb_cam/image_proc http://itachi-HP-Pavilion-Laptop-15-cc1xx:43399/
[rosmaster.master][INFO] 2019-12-31 19:18:33,631: +PARAM [/whycon_display/image_view/do_dynamic_scaling] by /whycon_display/image_view
[rosmaster.master][INFO] 2019-12-31 19:18:33,631: +SERVICE [/usb_cam/image_rect/theora/set_parameters] /usb_cam/image_proc http://itachi-HP-Pavilion-Laptop-15-cc1xx:43399/
[rosmaster.master][INFO] 2019-12-31 19:18:33,632: +PARAM [/whycon_display/image_view/colormap] by /whycon_display/image_view
[rosmaster.master][INFO] 2019-12-31 19:18:33,633: +PUB [/usb_cam/image_rect/theora/parameter_descriptions] /usb_cam/image_proc http://itachi-HP-Pavilion-Laptop-15-cc1xx:43399/
[rosmaster.master][INFO] 2019-12-31 19:18:33,633: +PARAM [/whycon_display/image_view/min_image_value] by /whycon_display/image_view
[rosmaster.master][INFO] 2019-12-31 19:18:33,634: +PUB [/usb_cam/image_rect/theora/parameter_updates] /usb_cam/image_proc http://itachi-HP-Pavilion-Laptop-15-cc1xx:43399/
[rosmaster.master][INFO] 2019-12-31 19:18:33,634: +PARAM [/whycon_display/image_view/max_image_value] by /whycon_display/image_view
[rosmaster.master][INFO] 2019-12-31 19:18:33,638: +PARAM [/usb_cam/image_rect/theora/optimize_for] by /usb_cam/image_proc
[rosmaster.master][INFO] 2019-12-31 19:18:33,639: +PARAM [/usb_cam/image_rect/theora/target_bitrate] by /usb_cam/image_proc
[rosmaster.master][INFO] 2019-12-31 19:18:33,639: +PARAM [/usb_cam/image_rect/theora/quality] by /usb_cam/image_proc
[rosmaster.master][INFO] 2019-12-31 19:18:33,640: +PARAM [/usb_cam/image_rect/theora/keyframe_frequency] by /usb_cam/image_proc
[rosmaster.master][INFO] 2019-12-31 19:18:33,641: +PARAM [/usb_cam/image_rect/theora/optimize_for] by /usb_cam/image_proc
[rosmaster.master][INFO] 2019-12-31 19:18:33,641: +PARAM [/usb_cam/image_rect/theora/target_bitrate] by /usb_cam/image_proc
[rosmaster.master][INFO] 2019-12-31 19:18:33,642: +PARAM [/usb_cam/image_rect/theora/quality] by /usb_cam/image_proc
[rosmaster.master][INFO] 2019-12-31 19:18:33,642: +PARAM [/usb_cam/image_rect/theora/keyframe_frequency] by /usb_cam/image_proc
[rosmaster.master][INFO] 2019-12-31 19:18:33,644: +SERVICE [/usb_cam/image_proc_rectify_color/set_parameters] /usb_cam/image_proc http://itachi-HP-Pavilion-Laptop-15-cc1xx:43399/
[rosmaster.master][INFO] 2019-12-31 19:18:33,645: +PUB [/usb_cam/image_proc_rectify_color/parameter_descriptions] /usb_cam/image_proc http://itachi-HP-Pavilion-Laptop-15-cc1xx:43399/
[rosmaster.master][INFO] 2019-12-31 19:18:33,646: +PUB [/usb_cam/image_proc_rectify_color/parameter_updates] /usb_cam/image_proc http://itachi-HP-Pavilion-Laptop-15-cc1xx:43399/
[rosmaster.master][INFO] 2019-12-31 19:18:33,647: +PARAM [/usb_cam/image_proc_rectify_color/interpolation] by /usb_cam/image_proc
[rosmaster.master][INFO] 2019-12-31 19:18:33,648: +PARAM [/usb_cam/image_proc_rectify_color/interpolation] by /usb_cam/image_proc
[rosmaster.master][INFO] 2019-12-31 19:18:33,649: +PUB [/usb_cam/image_rect_color/compressedDepth] /usb_cam/image_proc http://itachi-HP-Pavilion-Laptop-15-cc1xx:43399/
[rosmaster.master][INFO] 2019-12-31 19:18:33,650: +SERVICE [/usb_cam/image_rect_color/compressedDepth/set_parameters] /usb_cam/image_proc http://itachi-HP-Pavilion-Laptop-15-cc1xx:43399/
[rosmaster.master][INFO] 2019-12-31 19:18:33,650: +PUB [/usb_cam/image_rect_color/compressedDepth/parameter_descriptions] /usb_cam/image_proc http://itachi-HP-Pavilion-Laptop-15-cc1xx:43399/
[rosmaster.master][INFO] 2019-12-31 19:18:33,651: +PUB [/usb_cam/image_rect_color/compressedDepth/parameter_updates] /usb_cam/image_proc http://itachi-HP-Pavilion-Laptop-15-cc1xx:43399/
[rosmaster.master][INFO] 2019-12-31 19:18:33,653: +PARAM [/usb_cam/image_rect_color/compressedDepth/depth_max] by /usb_cam/image_proc
[rosmaster.master][INFO] 2019-12-31 19:18:33,654: +PARAM [/usb_cam/image_rect_color/compressedDepth/depth_quantization] by /usb_cam/image_proc
[rosmaster.master][INFO] 2019-12-31 19:18:33,655: +PARAM [/usb_cam/image_rect_color/compressedDepth/png_level] by /usb_cam/image_proc
[rosmaster.master][INFO] 2019-12-31 19:18:33,656: +PARAM [/usb_cam/image_rect_color/compressedDepth/depth_max] by /usb_cam/image_proc
[rosmaster.master][INFO] 2019-12-31 19:18:33,656: +PARAM [/usb_cam/image_rect_color/compressedDepth/depth_quantization] by /usb_cam/image_proc
[rosmaster.master][INFO] 2019-12-31 19:18:33,657: +PARAM [/usb_cam/image_rect_color/compressedDepth/png_level] by /usb_cam/image_proc
[rosmaster.master][INFO] 2019-12-31 19:18:33,658: +PUB [/usb_cam/image_rect_color/compressed] /usb_cam/image_proc http://itachi-HP-Pavilion-Laptop-15-cc1xx:43399/
[rosmaster.master][INFO] 2019-12-31 19:18:33,658: +SERVICE [/usb_cam/image_rect_color/compressed/set_parameters] /usb_cam/image_proc http://itachi-HP-Pavilion-Laptop-15-cc1xx:43399/
[rosmaster.master][INFO] 2019-12-31 19:18:33,659: +PUB [/usb_cam/image_rect_color/compressed/parameter_descriptions] /usb_cam/image_proc http://itachi-HP-Pavilion-Laptop-15-cc1xx:43399/
[rosmaster.master][INFO] 2019-12-31 19:18:33,660: +PUB [/usb_cam/image_rect_color/compressed/parameter_updates] /usb_cam/image_proc http://itachi-HP-Pavilion-Laptop-15-cc1xx:43399/
[rosmaster.master][INFO] 2019-12-31 19:18:33,662: +PARAM [/usb_cam/image_rect_color/compressed/format] by /usb_cam/image_proc
[rosmaster.master][INFO] 2019-12-31 19:18:33,663: +PARAM [/usb_cam/image_rect_color/compressed/jpeg_quality] by /usb_cam/image_proc
[rosmaster.master][INFO] 2019-12-31 19:18:33,663: +PARAM [/usb_cam/image_rect_color/compressed/png_level] by /usb_cam/image_proc
[rosmaster.master][INFO] 2019-12-31 19:18:33,664: +PARAM [/usb_cam/image_rect_color/compressed/format] by /usb_cam/image_proc
[rosmaster.master][INFO] 2019-12-31 19:18:33,665: +PARAM [/usb_cam/image_rect_color/compressed/jpeg_quality] by /usb_cam/image_proc
[rosmaster.master][INFO] 2019-12-31 19:18:33,666: +PARAM [/usb_cam/image_rect_color/compressed/png_level] by /usb_cam/image_proc
[rosmaster.master][INFO] 2019-12-31 19:18:33,667: +PUB [/usb_cam/image_rect_color] /usb_cam/image_proc http://itachi-HP-Pavilion-Laptop-15-cc1xx:43399/
[rosmaster.master][INFO] 2019-12-31 19:18:33,668: +PUB [/usb_cam/image_rect_color/theora] /usb_cam/image_proc http://itachi-HP-Pavilion-Laptop-15-cc1xx:43399/
[rosmaster.master][INFO] 2019-12-31 19:18:33,669: +SERVICE [/usb_cam/image_rect_color/theora/set_parameters] /usb_cam/image_proc http://itachi-HP-Pavilion-Laptop-15-cc1xx:43399/
[rosmaster.master][INFO] 2019-12-31 19:18:33,670: +PUB [/usb_cam/image_rect_color/theora/parameter_descriptions] /usb_cam/image_proc http://itachi-HP-Pavilion-Laptop-15-cc1xx:43399/
[rosmaster.master][INFO] 2019-12-31 19:18:33,670: +PUB [/usb_cam/image_rect_color/theora/parameter_updates] /usb_cam/image_proc http://itachi-HP-Pavilion-Laptop-15-cc1xx:43399/
[rosmaster.master][INFO] 2019-12-31 19:18:33,673: +PARAM [/usb_cam/image_rect_color/theora/optimize_for] by /usb_cam/image_proc
[rosmaster.master][INFO] 2019-12-31 19:18:33,674: +PARAM [/usb_cam/image_rect_color/theora/target_bitrate] by /usb_cam/image_proc
[rosmaster.master][INFO] 2019-12-31 19:18:33,674: +PARAM [/usb_cam/image_rect_color/theora/quality] by /usb_cam/image_proc
[rosmaster.master][INFO] 2019-12-31 19:18:33,675: +PARAM [/usb_cam/image_rect_color/theora/keyframe_frequency] by /usb_cam/image_proc
[rosmaster.master][INFO] 2019-12-31 19:18:33,675: +PARAM [/usb_cam/image_rect_color/theora/optimize_for] by /usb_cam/image_proc
[rosmaster.master][INFO] 2019-12-31 19:18:33,676: +PARAM [/usb_cam/image_rect_color/theora/target_bitrate] by /usb_cam/image_proc
[rosmaster.master][INFO] 2019-12-31 19:18:33,676: +PARAM [/usb_cam/image_rect_color/theora/quality] by /usb_cam/image_proc
[rosmaster.master][INFO] 2019-12-31 19:18:33,677: +PARAM [/usb_cam/image_rect_color/theora/keyframe_frequency] by /usb_cam/image_proc
[rosmaster.master][INFO] 2019-12-31 19:18:33,759: publisherUpdate[/usb_cam/image_rect_color] -> http://itachi-HP-Pavilion-Laptop-15-cc1xx:37257/ ['http://itachi-HP-Pavilion-Laptop-15-cc1xx:43399/']
[rosmaster.master][INFO] 2019-12-31 19:18:33,760: publisherUpdate[/usb_cam/image_rect_color] -> http://itachi-HP-Pavilion-Laptop-15-cc1xx:37257/ ['http://itachi-HP-Pavilion-Laptop-15-cc1xx:43399/']: sec=0.00, result=[1, '', 0]
[rosmaster.master][INFO] 2019-12-31 19:18:33,871: +SUB [/usb_cam/image_color] /usb_cam/image_proc http://itachi-HP-Pavilion-Laptop-15-cc1xx:43399/
[rosmaster.master][INFO] 2019-12-31 19:18:33,874: +SUB [/usb_cam/camera_info] /usb_cam/image_proc http://itachi-HP-Pavilion-Laptop-15-cc1xx:43399/
[rosmaster.master][INFO] 2019-12-31 19:18:33,877: +SUB [/usb_cam/image_raw] /usb_cam/image_proc http://itachi-HP-Pavilion-Laptop-15-cc1xx:43399/
[rosmaster.master][INFO] 2019-12-31 19:18:38,496: +PUB [/rosout] /DroneNode http://itachi-HP-Pavilion-Laptop-15-cc1xx:39401/
[rosmaster.master][INFO] 2019-12-31 19:18:38,497: +SERVICE [/DroneNode/get_loggers] /DroneNode http://itachi-HP-Pavilion-Laptop-15-cc1xx:39401/
[rosmaster.master][INFO] 2019-12-31 19:18:38,498: +SERVICE [/DroneNode/set_logger_level] /DroneNode http://itachi-HP-Pavilion-Laptop-15-cc1xx:39401/
[rosmaster.master][INFO] 2019-12-31 19:18:38,503: +SUB [/drone_command] /DroneNode http://itachi-HP-Pavilion-Laptop-15-cc1xx:39401/
[rosmaster.master][INFO] 2019-12-31 19:18:38,568: publisherUpdate[/rosout] -> http://itachi-HP-Pavilion-Laptop-15-cc1xx:46201/ ['http://itachi-HP-Pavilion-Laptop-15-cc1xx:37377/', 'http://itachi-HP-Pavilion-Laptop-15-cc1xx:43399/', 'http://itachi-HP-Pavilion-Laptop-15-cc1xx:37257/', 'http://itachi-HP-Pavilion-Laptop-15-cc1xx:33549/', 'http://itachi-HP-Pavilion-Laptop-15-cc1xx:39401/']
[rosmaster.master][INFO] 2019-12-31 19:18:38,568: publisherUpdate[/rosout] -> http://itachi-HP-Pavilion-Laptop-15-cc1xx:46201/ ['http://itachi-HP-Pavilion-Laptop-15-cc1xx:37377/', 'http://itachi-HP-Pavilion-Laptop-15-cc1xx:43399/', 'http://itachi-HP-Pavilion-Laptop-15-cc1xx:37257/', 'http://itachi-HP-Pavilion-Laptop-15-cc1xx:33549/', 'http://itachi-HP-Pavilion-Laptop-15-cc1xx:39401/']: sec=0.00, result=[1, '', 0]
[rosmaster.master][INFO] 2019-12-31 19:18:44,066: +PUB [/rosout] /drone_control http://itachi-HP-Pavilion-Laptop-15-cc1xx:40125/
[rosmaster.master][INFO] 2019-12-31 19:18:44,070: +SERVICE [/drone_control/get_loggers] /drone_control http://itachi-HP-Pavilion-Laptop-15-cc1xx:40125/
[rosmaster.master][INFO] 2019-12-31 19:18:44,073: +SERVICE [/drone_control/set_logger_level] /drone_control http://itachi-HP-Pavilion-Laptop-15-cc1xx:40125/
[rosmaster.master][INFO] 2019-12-31 19:18:44,074: +PUB [/drone_command] /drone_control http://itachi-HP-Pavilion-Laptop-15-cc1xx:40125/
[rosmaster.master][INFO] 2019-12-31 19:18:44,076: +PUB [/alt_error] /drone_control http://itachi-HP-Pavilion-Laptop-15-cc1xx:40125/
[rosmaster.master][INFO] 2019-12-31 19:18:44,077: publisherUpdate[/rosout] -> http://itachi-HP-Pavilion-Laptop-15-cc1xx:46201/ ['http://itachi-HP-Pavilion-Laptop-15-cc1xx:37377/', 'http://itachi-HP-Pavilion-Laptop-15-cc1xx:43399/', 'http://itachi-HP-Pavilion-Laptop-15-cc1xx:37257/', 'http://itachi-HP-Pavilion-Laptop-15-cc1xx:33549/', 'http://itachi-HP-Pavilion-Laptop-15-cc1xx:39401/', 'http://itachi-HP-Pavilion-Laptop-15-cc1xx:40125/']
[rosmaster.master][INFO] 2019-12-31 19:18:44,078: publisherUpdate[/rosout] -> http://itachi-HP-Pavilion-Laptop-15-cc1xx:46201/ ['http://itachi-HP-Pavilion-Laptop-15-cc1xx:37377/', 'http://itachi-HP-Pavilion-Laptop-15-cc1xx:43399/', 'http://itachi-HP-Pavilion-Laptop-15-cc1xx:37257/', 'http://itachi-HP-Pavilion-Laptop-15-cc1xx:33549/', 'http://itachi-HP-Pavilion-Laptop-15-cc1xx:39401/', 'http://itachi-HP-Pavilion-Laptop-15-cc1xx:40125/']: sec=0.00, result=[1, '', 0]
[rosmaster.master][INFO] 2019-12-31 19:18:44,079: +PUB [/pitch_error] /drone_control http://itachi-HP-Pavilion-Laptop-15-cc1xx:40125/
[rosmaster.master][INFO] 2019-12-31 19:18:44,079: publisherUpdate[/drone_command] -> http://itachi-HP-Pavilion-Laptop-15-cc1xx:39401/ ['http://itachi-HP-Pavilion-Laptop-15-cc1xx:40125/']
[rosmaster.master][INFO] 2019-12-31 19:18:44,080: publisherUpdate[/drone_command] -> http://itachi-HP-Pavilion-Laptop-15-cc1xx:39401/ ['http://itachi-HP-Pavilion-Laptop-15-cc1xx:40125/']: sec=0.00, result=[1, '', 0]
[rosmaster.master][INFO] 2019-12-31 19:18:44,081: +PUB [/roll_error] /drone_control http://itachi-HP-Pavilion-Laptop-15-cc1xx:40125/
[rosmaster.master][INFO] 2019-12-31 19:18:44,085: +PUB [/error_sample] /drone_control http://itachi-HP-Pavilion-Laptop-15-cc1xx:40125/
[rosmaster.master][INFO] 2019-12-31 19:18:44,089: +PUB [/error_sample1] /drone_control http://itachi-HP-Pavilion-Laptop-15-cc1xx:40125/
[rosmaster.master][INFO] 2019-12-31 19:18:44,090: +PUB [/error_sample2] /drone_control http://itachi-HP-Pavilion-Laptop-15-cc1xx:40125/
[rosmaster.master][INFO] 2019-12-31 19:18:44,091: +PUB [/error_sample3] /drone_control http://itachi-HP-Pavilion-Laptop-15-cc1xx:40125/
[rosmaster.master][INFO] 2019-12-31 19:18:44,094: +SUB [/whycon/poses] /drone_control http://itachi-HP-Pavilion-Laptop-15-cc1xx:40125/
[rosmaster.master][INFO] 2019-12-31 19:18:44,096: +SUB [/pid_tuning_altitude] /drone_control http://itachi-HP-Pavilion-Laptop-15-cc1xx:40125/
[rosmaster.master][INFO] 2019-12-31 19:18:44,098: +SUB [/pid_tuning_pitch] /drone_control http://itachi-HP-Pavilion-Laptop-15-cc1xx:40125/
[rosmaster.master][INFO] 2019-12-31 19:18:44,101: +SUB [/pid_tuning_roll] /drone_control http://itachi-HP-Pavilion-Laptop-15-cc1xx:40125/
[rosmaster.master][INFO] 2019-12-31 19:20:01,760: -PUB [/rosout] /DroneNode http://itachi-HP-Pavilion-Laptop-15-cc1xx:39401/
[rosmaster.master][INFO] 2019-12-31 19:20:01,763: -SUB [/drone_command] /DroneNode http://itachi-HP-Pavilion-Laptop-15-cc1xx:39401/
[rosmaster.master][INFO] 2019-12-31 19:20:01,764: -SERVICE [/DroneNode/get_loggers] /DroneNode rosrpc://itachi-HP-Pavilion-Laptop-15-cc1xx:59091
[rosmaster.master][INFO] 2019-12-31 19:20:01,765: -SERVICE [/DroneNode/set_logger_level] /DroneNode rosrpc://itachi-HP-Pavilion-Laptop-15-cc1xx:59091
[rosmaster.master][INFO] 2019-12-31 19:20:01,840: publisherUpdate[/rosout] -> http://itachi-HP-Pavilion-Laptop-15-cc1xx:46201/ ['http://itachi-HP-Pavilion-Laptop-15-cc1xx:37377/', 'http://itachi-HP-Pavilion-Laptop-15-cc1xx:43399/', 'http://itachi-HP-Pavilion-Laptop-15-cc1xx:37257/', 'http://itachi-HP-Pavilion-Laptop-15-cc1xx:33549/', 'http://itachi-HP-Pavilion-Laptop-15-cc1xx:40125/']
[rosmaster.master][INFO] 2019-12-31 19:20:01,841: publisherUpdate[/rosout] -> http://itachi-HP-Pavilion-Laptop-15-cc1xx:46201/ ['http://itachi-HP-Pavilion-Laptop-15-cc1xx:37377/', 'http://itachi-HP-Pavilion-Laptop-15-cc1xx:43399/', 'http://itachi-HP-Pavilion-Laptop-15-cc1xx:37257/', 'http://itachi-HP-Pavilion-Laptop-15-cc1xx:33549/', 'http://itachi-HP-Pavilion-Laptop-15-cc1xx:40125/']: sec=0.00, result=[1, '', 0]
[rosmaster.master][INFO] 2019-12-31 19:20:03,099: -SUB [/pid_tuning_pitch] /drone_control http://itachi-HP-Pavilion-Laptop-15-cc1xx:40125/
[rosmaster.master][INFO] 2019-12-31 19:20:03,099: -SUB [/pid_tuning_roll] /drone_control http://itachi-HP-Pavilion-Laptop-15-cc1xx:40125/
[rosmaster.master][INFO] 2019-12-31 19:20:03,100: -SUB [/whycon/poses] /drone_control http://itachi-HP-Pavilion-Laptop-15-cc1xx:40125/
[rosmaster.master][INFO] 2019-12-31 19:20:03,100: -SUB [/pid_tuning_altitude] /drone_control http://itachi-HP-Pavilion-Laptop-15-cc1xx:40125/
[rosmaster.master][INFO] 2019-12-31 19:20:03,100: -PUB [/pitch_error] /drone_control http://itachi-HP-Pavilion-Laptop-15-cc1xx:40125/
[rosmaster.master][INFO] 2019-12-31 19:20:03,100: -PUB [/rosout] /drone_control http://itachi-HP-Pavilion-Laptop-15-cc1xx:40125/
[rosmaster.master][INFO] 2019-12-31 19:20:03,100: -PUB [/alt_error] /drone_control http://itachi-HP-Pavilion-Laptop-15-cc1xx:40125/
[rosmaster.master][INFO] 2019-12-31 19:20:03,100: -PUB [/drone_command] /drone_control http://itachi-HP-Pavilion-Laptop-15-cc1xx:40125/
[rosmaster.master][INFO] 2019-12-31 19:20:03,100: -PUB [/error_sample2] /drone_control http://itachi-HP-Pavilion-Laptop-15-cc1xx:40125/
[rosmaster.master][INFO] 2019-12-31 19:20:03,100: -PUB [/error_sample] /drone_control http://itachi-HP-Pavilion-Laptop-15-cc1xx:40125/
[rosmaster.master][INFO] 2019-12-31 19:20:03,100: -PUB [/error_sample1] /drone_control http://itachi-HP-Pavilion-Laptop-15-cc1xx:40125/
[rosmaster.master][INFO] 2019-12-31 19:20:03,101: -PUB [/roll_error] /drone_control http://itachi-HP-Pavilion-Laptop-15-cc1xx:40125/
[rosmaster.master][INFO] 2019-12-31 19:20:03,101: -PUB [/error_sample3] /drone_control http://itachi-HP-Pavilion-Laptop-15-cc1xx:40125/
[rosmaster.master][INFO] 2019-12-31 19:20:03,101: -SERVICE [/drone_control/get_loggers] /drone_control rosrpc://itachi-HP-Pavilion-Laptop-15-cc1xx:35421
[rosmaster.master][INFO] 2019-12-31 19:20:03,101: -SERVICE [/drone_control/set_logger_level] /drone_control rosrpc://itachi-HP-Pavilion-Laptop-15-cc1xx:35421
[rosmaster.master][INFO] 2019-12-31 19:20:03,148: publisherUpdate[/rosout] -> http://itachi-HP-Pavilion-Laptop-15-cc1xx:46201/ ['http://itachi-HP-Pavilion-Laptop-15-cc1xx:37377/', 'http://itachi-HP-Pavilion-Laptop-15-cc1xx:43399/', 'http://itachi-HP-Pavilion-Laptop-15-cc1xx:37257/', 'http://itachi-HP-Pavilion-Laptop-15-cc1xx:33549/']
[rosmaster.master][INFO] 2019-12-31 19:20:03,150: publisherUpdate[/rosout] -> http://itachi-HP-Pavilion-Laptop-15-cc1xx:46201/ ['http://itachi-HP-Pavilion-Laptop-15-cc1xx:37377/', 'http://itachi-HP-Pavilion-Laptop-15-cc1xx:43399/', 'http://itachi-HP-Pavilion-Laptop-15-cc1xx:37257/', 'http://itachi-HP-Pavilion-Laptop-15-cc1xx:33549/']: sec=0.00, result=[1, '', 0]
[rosmaster.master][INFO] 2019-12-31 19:20:17,273: -PUB [/rosout_agg] /rosout http://itachi-HP-Pavilion-Laptop-15-cc1xx:46201/
[rosmaster.master][INFO] 2019-12-31 19:20:17,274: -SUB [/rosout] /rosout http://itachi-HP-Pavilion-Laptop-15-cc1xx:46201/
[rosmaster.master][INFO] 2019-12-31 19:20:17,275: -SERVICE [/rosout/get_loggers] /rosout rosrpc://itachi-HP-Pavilion-Laptop-15-cc1xx:47985
[rosmaster.master][INFO] 2019-12-31 19:20:17,276: -SERVICE [/rosout/set_logger_level] /rosout rosrpc://itachi-HP-Pavilion-Laptop-15-cc1xx:47985
[rosmaster.main][INFO] 2019-12-31 19:20:17,397: keyboard interrupt, will exit
[rosmaster.main][INFO] 2019-12-31 19:20:17,397: stopping master...
[rospy.core][INFO] 2019-12-31 19:20:17,397: signal_shutdown [atexit]
