[rospy.client][INFO] 2020-02-26 19:47:55,360: init_node, name[/sr_beacon_detector], pid[5376]
[xmlrpc][INFO] 2020-02-26 19:47:55,361: XML-RPC server binding to 0.0.0.0:0
[xmlrpc][INFO] 2020-02-26 19:47:55,361: Started XML-RPC server [http://itachi-HP-Pavilion-Laptop-15-cc1xx:35719/]
[rospy.init][INFO] 2020-02-26 19:47:55,361: ROS Slave URI: [http://itachi-HP-Pavilion-Laptop-15-cc1xx:35719/]
[rospy.impl.masterslave][INFO] 2020-02-26 19:47:55,361: _ready: http://itachi-HP-Pavilion-Laptop-15-cc1xx:35719/
[rospy.registration][INFO] 2020-02-26 19:47:55,362: Registering with master node http://localhost:11311
[xmlrpc][INFO] 2020-02-26 19:47:55,362: xml rpc node: starting XML-RPC server
[rospy.init][INFO] 2020-02-26 19:47:55,461: registered with master
[rospy.rosout][INFO] 2020-02-26 19:47:55,462: initializing /rosout core topic
[rospy.rosout][INFO] 2020-02-26 19:47:55,467: connected to core topic /rosout
[rospy.simtime][INFO] 2020-02-26 19:47:55,471: /use_sim_time is not set, will not subscribe to simulated time [/clock] topic
[rospy.internal][INFO] 2020-02-26 19:47:55,565: topic[/detection_info] adding connection to [/rostopic_5088_1582726656698], count 0
[rospy.internal][INFO] 2020-02-26 19:47:55,568: topic[/detection_info] adding connection to [/monitor], count 1
[rospy.internal][INFO] 2020-02-26 19:47:55,735: topic[/rosout] adding connection to [/rosout], count 0
[rospy.core][INFO] 2020-02-26 19:48:01,352: signal_shutdown [signal-2]
[rospy.internal][INFO] 2020-02-26 19:48:01,361: topic[/detection_info] removing connection to /rostopic_5088_1582726656698
[rospy.internal][INFO] 2020-02-26 19:48:01,363: topic[/detection_info] removing connection to /monitor
[rospy.internal][INFO] 2020-02-26 19:48:01,364: topic[/rosout] removing connection to /rosout
[rospy.impl.masterslave][INFO] 2020-02-26 19:48:01,365: signal-2
[rospy.core][INFO] 2020-02-26 19:48:01,498: signal_shutdown [atexit]
[rospy.client][INFO] 2020-02-26 19:48:22,041: init_node, name[/sr_beacon_detector], pid[6107]
[xmlrpc][INFO] 2020-02-26 19:48:22,042: XML-RPC server binding to 0.0.0.0:0
[xmlrpc][INFO] 2020-02-26 19:48:22,042: Started XML-RPC server [http://itachi-HP-Pavilion-Laptop-15-cc1xx:37433/]
[rospy.init][INFO] 2020-02-26 19:48:22,043: ROS Slave URI: [http://itachi-HP-Pavilion-Laptop-15-cc1xx:37433/]
[rospy.impl.masterslave][INFO] 2020-02-26 19:48:22,043: _ready: http://itachi-HP-Pavilion-Laptop-15-cc1xx:37433/
[rospy.registration][INFO] 2020-02-26 19:48:22,044: Registering with master node http://localhost:11311
[xmlrpc][INFO] 2020-02-26 19:48:22,044: xml rpc node: starting XML-RPC server
[rospy.init][INFO] 2020-02-26 19:48:22,143: registered with master
[rospy.rosout][INFO] 2020-02-26 19:48:22,143: initializing /rosout core topic
[rospy.rosout][INFO] 2020-02-26 19:48:22,146: connected to core topic /rosout
[rospy.simtime][INFO] 2020-02-26 19:48:22,147: /use_sim_time is not set, will not subscribe to simulated time [/clock] topic
[rospy.internal][INFO] 2020-02-26 19:48:22,159: topic[/usb_cam/image_rect_color] adding connection to [http://itachi-HP-Pavilion-Laptop-15-cc1xx:37945/], count 0
[rospy.internal][INFO] 2020-02-26 19:48:22,214: topic[/detection_info] adding connection to [/monitor], count 0
[rospy.internal][INFO] 2020-02-26 19:48:22,238: topic[/detection_info] adding connection to [/rostopic_5088_1582726656698], count 1
[rospy.internal][INFO] 2020-02-26 19:48:22,404: topic[/rosout] adding connection to [/rosout], count 0
[rospy.core][INFO] 2020-02-26 19:48:47,202: signal_shutdown [signal-2]
[rospy.internal][INFO] 2020-02-26 19:48:47,206: topic[/detection_info] removing connection to /monitor
[rospy.internal][INFO] 2020-02-26 19:48:47,207: topic[/detection_info] removing connection to /rostopic_5088_1582726656698
[rospy.internal][INFO] 2020-02-26 19:48:47,207: topic[/rosout] removing connection to /rosout
[rospy.internal][INFO] 2020-02-26 19:48:47,208: topic[/usb_cam/image_rect_color] removing connection to http://itachi-HP-Pavilion-Laptop-15-cc1xx:37945/
[rospy.impl.masterslave][INFO] 2020-02-26 19:48:47,208: signal-2
[rospy.core][INFO] 2020-02-26 19:48:47,823: signal_shutdown [atexit]
[rospy.client][INFO] 2020-02-26 19:48:51,673: init_node, name[/sr_beacon_detector], pid[6234]
[xmlrpc][INFO] 2020-02-26 19:48:51,673: XML-RPC server binding to 0.0.0.0:0
[xmlrpc][INFO] 2020-02-26 19:48:51,674: Started XML-RPC server [http://itachi-HP-Pavilion-Laptop-15-cc1xx:33893/]
[rospy.init][INFO] 2020-02-26 19:48:51,674: ROS Slave URI: [http://itachi-HP-Pavilion-Laptop-15-cc1xx:33893/]
[rospy.impl.masterslave][INFO] 2020-02-26 19:48:51,674: _ready: http://itachi-HP-Pavilion-Laptop-15-cc1xx:33893/
[xmlrpc][INFO] 2020-02-26 19:48:51,675: xml rpc node: starting XML-RPC server
[rospy.registration][INFO] 2020-02-26 19:48:51,675: Registering with master node http://localhost:11311
[rospy.init][INFO] 2020-02-26 19:48:51,775: registered with master
[rospy.rosout][INFO] 2020-02-26 19:48:51,775: initializing /rosout core topic
[rospy.rosout][INFO] 2020-02-26 19:48:51,778: connected to core topic /rosout
[rospy.simtime][INFO] 2020-02-26 19:48:51,780: /use_sim_time is not set, will not subscribe to simulated time [/clock] topic
[rospy.internal][INFO] 2020-02-26 19:48:51,842: topic[/usb_cam/image_rect_color] adding connection to [http://itachi-HP-Pavilion-Laptop-15-cc1xx:37945/], count 0
[rospy.internal][INFO] 2020-02-26 19:48:51,878: topic[/detection_info] adding connection to [/monitor], count 0
[rospy.internal][INFO] 2020-02-26 19:48:51,917: topic[/detection_info] adding connection to [/rostopic_5088_1582726656698], count 1
[rospy.internal][INFO] 2020-02-26 19:48:52,070: topic[/rosout] adding connection to [/rosout], count 0
[rospy.core][INFO] 2020-02-26 19:49:10,791: signal_shutdown [signal-2]
[rospy.internal][INFO] 2020-02-26 19:49:10,796: topic[/detection_info] removing connection to /monitor
[rospy.internal][INFO] 2020-02-26 19:49:10,798: topic[/detection_info] removing connection to /rostopic_5088_1582726656698
[rospy.internal][INFO] 2020-02-26 19:49:10,798: topic[/rosout] removing connection to /rosout
[rospy.internal][INFO] 2020-02-26 19:49:10,799: topic[/usb_cam/image_rect_color] removing connection to http://itachi-HP-Pavilion-Laptop-15-cc1xx:37945/
[rospy.impl.masterslave][INFO] 2020-02-26 19:49:10,799: signal-2
[rospy.core][INFO] 2020-02-26 19:49:10,931: signal_shutdown [atexit]
[rospy.client][INFO] 2020-02-26 19:49:14,613: init_node, name[/sr_beacon_detector], pid[6355]
[xmlrpc][INFO] 2020-02-26 19:49:14,614: XML-RPC server binding to 0.0.0.0:0
[xmlrpc][INFO] 2020-02-26 19:49:14,616: Started XML-RPC server [http://itachi-HP-Pavilion-Laptop-15-cc1xx:46433/]
[rospy.init][INFO] 2020-02-26 19:49:14,616: ROS Slave URI: [http://itachi-HP-Pavilion-Laptop-15-cc1xx:46433/]
[rospy.impl.masterslave][INFO] 2020-02-26 19:49:14,616: _ready: http://itachi-HP-Pavilion-Laptop-15-cc1xx:46433/
[rospy.registration][INFO] 2020-02-26 19:49:14,617: Registering with master node http://localhost:11311
[xmlrpc][INFO] 2020-02-26 19:49:14,618: xml rpc node: starting XML-RPC server
[rospy.init][INFO] 2020-02-26 19:49:14,717: registered with master
[rospy.rosout][INFO] 2020-02-26 19:49:14,717: initializing /rosout core topic
[rospy.rosout][INFO] 2020-02-26 19:49:14,721: connected to core topic /rosout
[rospy.simtime][INFO] 2020-02-26 19:49:14,722: /use_sim_time is not set, will not subscribe to simulated time [/clock] topic
[rospy.internal][INFO] 2020-02-26 19:49:14,734: topic[/usb_cam/image_rect_color] adding connection to [http://itachi-HP-Pavilion-Laptop-15-cc1xx:37945/], count 0
[rospy.internal][INFO] 2020-02-26 19:49:14,844: topic[/detection_info] adding connection to [/rostopic_5088_1582726656698], count 0
[rospy.internal][INFO] 2020-02-26 19:49:14,844: topic[/detection_info] adding connection to [/monitor], count 1
[rospy.internal][INFO] 2020-02-26 19:49:14,930: topic[/rosout] adding connection to [/rosout], count 0
[rospy.core][INFO] 2020-02-26 19:49:57,164: signal_shutdown [signal-2]
[rospy.internal][INFO] 2020-02-26 19:49:57,170: topic[/detection_info] removing connection to /rostopic_5088_1582726656698
[rospy.internal][INFO] 2020-02-26 19:49:57,172: topic[/detection_info] removing connection to /monitor
[rospy.internal][INFO] 2020-02-26 19:49:57,173: topic[/rosout] removing connection to /rosout
[rospy.internal][INFO] 2020-02-26 19:49:57,173: topic[/usb_cam/image_rect_color] removing connection to http://itachi-HP-Pavilion-Laptop-15-cc1xx:37945/
[rospy.impl.masterslave][INFO] 2020-02-26 19:49:57,174: signal-2
[rospy.core][INFO] 2020-02-26 19:49:57,275: signal_shutdown [atexit]
[rospy.client][INFO] 2020-02-26 19:50:13,202: init_node, name[/sr_beacon_detector], pid[6486]
[xmlrpc][INFO] 2020-02-26 19:50:13,203: XML-RPC server binding to 0.0.0.0:0
[xmlrpc][INFO] 2020-02-26 19:50:13,203: Started XML-RPC server [http://itachi-HP-Pavilion-Laptop-15-cc1xx:35897/]
[rospy.init][INFO] 2020-02-26 19:50:13,204: ROS Slave URI: [http://itachi-HP-Pavilion-Laptop-15-cc1xx:35897/]
[rospy.impl.masterslave][INFO] 2020-02-26 19:50:13,204: _ready: http://itachi-HP-Pavilion-Laptop-15-cc1xx:35897/
[rospy.registration][INFO] 2020-02-26 19:50:13,205: Registering with master node http://localhost:11311
[xmlrpc][INFO] 2020-02-26 19:50:13,205: xml rpc node: starting XML-RPC server
[rospy.init][INFO] 2020-02-26 19:50:13,304: registered with master
[rospy.rosout][INFO] 2020-02-26 19:50:13,304: initializing /rosout core topic
[rospy.rosout][INFO] 2020-02-26 19:50:13,307: connected to core topic /rosout
[rospy.simtime][INFO] 2020-02-26 19:50:13,309: /use_sim_time is not set, will not subscribe to simulated time [/clock] topic
[rospy.internal][INFO] 2020-02-26 19:50:13,320: topic[/usb_cam/image_rect_color] adding connection to [http://itachi-HP-Pavilion-Laptop-15-cc1xx:37945/], count 0
[rospy.internal][INFO] 2020-02-26 19:50:13,335: topic[/detection_info] adding connection to [/rostopic_5088_1582726656698], count 0
[rospy.internal][INFO] 2020-02-26 19:50:13,367: topic[/detection_info] adding connection to [/monitor], count 1
[rospy.internal][INFO] 2020-02-26 19:50:13,537: topic[/rosout] adding connection to [/rosout], count 0
[rospy.core][INFO] 2020-02-26 19:50:27,605: signal_shutdown [signal-2]
[rospy.internal][INFO] 2020-02-26 19:50:27,609: topic[/detection_info] removing connection to /rostopic_5088_1582726656698
[rospy.internal][INFO] 2020-02-26 19:50:27,609: topic[/detection_info] removing connection to /monitor
[rospy.internal][INFO] 2020-02-26 19:50:27,610: topic[/rosout] removing connection to /rosout
[rospy.internal][INFO] 2020-02-26 19:50:27,610: topic[/usb_cam/image_rect_color] removing connection to http://itachi-HP-Pavilion-Laptop-15-cc1xx:37945/
[rospy.impl.masterslave][INFO] 2020-02-26 19:50:27,611: signal-2
[rospy.core][INFO] 2020-02-26 19:50:27,742: signal_shutdown [atexit]
[rospy.client][INFO] 2020-02-26 19:50:35,075: init_node, name[/sr_beacon_detector], pid[6612]
[xmlrpc][INFO] 2020-02-26 19:50:35,076: XML-RPC server binding to 0.0.0.0:0
[xmlrpc][INFO] 2020-02-26 19:50:35,076: Started XML-RPC server [http://itachi-HP-Pavilion-Laptop-15-cc1xx:34243/]
[rospy.init][INFO] 2020-02-26 19:50:35,076: ROS Slave URI: [http://itachi-HP-Pavilion-Laptop-15-cc1xx:34243/]
[rospy.impl.masterslave][INFO] 2020-02-26 19:50:35,076: _ready: http://itachi-HP-Pavilion-Laptop-15-cc1xx:34243/
[rospy.registration][INFO] 2020-02-26 19:50:35,077: Registering with master node http://localhost:11311
[xmlrpc][INFO] 2020-02-26 19:50:35,078: xml rpc node: starting XML-RPC server
[rospy.init][INFO] 2020-02-26 19:50:35,177: registered with master
[rospy.rosout][INFO] 2020-02-26 19:50:35,177: initializing /rosout core topic
[rospy.rosout][INFO] 2020-02-26 19:50:35,181: connected to core topic /rosout
[rospy.simtime][INFO] 2020-02-26 19:50:35,183: /use_sim_time is not set, will not subscribe to simulated time [/clock] topic
[rospy.internal][INFO] 2020-02-26 19:50:35,194: topic[/usb_cam/image_rect_color] adding connection to [http://itachi-HP-Pavilion-Laptop-15-cc1xx:37945/], count 0
[rospy.internal][INFO] 2020-02-26 19:50:35,293: topic[/detection_info] adding connection to [/monitor], count 0
[rospy.internal][INFO] 2020-02-26 19:50:35,313: topic[/detection_info] adding connection to [/rostopic_5088_1582726656698], count 1
[rospy.internal][INFO] 2020-02-26 19:50:35,481: topic[/rosout] adding connection to [/rosout], count 0
[rospy.internal][INFO] 2020-02-26 19:53:35,843: topic[/detection_info] removing connection to /monitor
[rospy.core][INFO] 2020-02-26 19:55:28,687: signal_shutdown [signal-2]
[rospy.internal][INFO] 2020-02-26 19:55:28,695: topic[/detection_info] removing connection to /rostopic_5088_1582726656698
[rospy.internal][INFO] 2020-02-26 19:55:28,695: topic[/rosout] removing connection to /rosout
[rospy.internal][INFO] 2020-02-26 19:55:28,696: topic[/usb_cam/image_rect_color] removing connection to http://itachi-HP-Pavilion-Laptop-15-cc1xx:37945/
[rospy.impl.masterslave][INFO] 2020-02-26 19:55:28,696: signal-2
[rospy.core][INFO] 2020-02-26 19:55:28,800: signal_shutdown [atexit]
[rospy.client][INFO] 2020-02-26 19:55:31,636: init_node, name[/sr_beacon_detector], pid[6991]
[xmlrpc][INFO] 2020-02-26 19:55:31,637: XML-RPC server binding to 0.0.0.0:0
[xmlrpc][INFO] 2020-02-26 19:55:31,637: Started XML-RPC server [http://itachi-HP-Pavilion-Laptop-15-cc1xx:43757/]
[rospy.init][INFO] 2020-02-26 19:55:31,637: ROS Slave URI: [http://itachi-HP-Pavilion-Laptop-15-cc1xx:43757/]
[rospy.impl.masterslave][INFO] 2020-02-26 19:55:31,638: _ready: http://itachi-HP-Pavilion-Laptop-15-cc1xx:43757/
[rospy.registration][INFO] 2020-02-26 19:55:31,639: Registering with master node http://localhost:11311
[xmlrpc][INFO] 2020-02-26 19:55:31,639: xml rpc node: starting XML-RPC server
[rospy.init][INFO] 2020-02-26 19:55:31,738: registered with master
[rospy.rosout][INFO] 2020-02-26 19:55:31,738: initializing /rosout core topic
[rospy.rosout][INFO] 2020-02-26 19:55:31,741: connected to core topic /rosout
[rospy.simtime][INFO] 2020-02-26 19:55:31,744: /use_sim_time is not set, will not subscribe to simulated time [/clock] topic
[rospy.internal][INFO] 2020-02-26 19:55:31,805: topic[/usb_cam/image_rect_color] adding connection to [http://itachi-HP-Pavilion-Laptop-15-cc1xx:37945/], count 0
[rospy.internal][INFO] 2020-02-26 19:55:31,810: topic[/detection_info] adding connection to [/monitor], count 0
[rospy.internal][INFO] 2020-02-26 19:55:31,854: topic[/detection_info] adding connection to [/rostopic_5088_1582726656698], count 1
[rospy.internal][INFO] 2020-02-26 19:55:32,000: topic[/rosout] adding connection to [/rosout], count 0
[rospy.internal][INFO] 2020-02-26 19:58:32,429: topic[/detection_info] removing connection to /monitor
[rospy.core][INFO] 2020-02-26 19:59:12,956: signal_shutdown [signal-2]
[rospy.internal][INFO] 2020-02-26 19:59:12,962: topic[/detection_info] removing connection to /rostopic_5088_1582726656698
[rospy.internal][INFO] 2020-02-26 19:59:12,963: topic[/rosout] removing connection to /rosout
[rospy.internal][INFO] 2020-02-26 19:59:12,969: topic[/usb_cam/image_rect_color] removing connection to http://itachi-HP-Pavilion-Laptop-15-cc1xx:37945/
[rospy.impl.masterslave][INFO] 2020-02-26 19:59:12,970: signal-2
[rospy.core][INFO] 2020-02-26 19:59:13,071: signal_shutdown [atexit]
