[rospy.client][INFO] 2019-11-07 23:07:41,403: init_node, name[/edrone/joint_state_publisher], pid[2673]
[xmlrpc][INFO] 2019-11-07 23:07:41,403: XML-RPC server binding to 0.0.0.0:0
[xmlrpc][INFO] 2019-11-07 23:07:41,403: Started XML-RPC server [http://itachi-HP-Pavilion-Laptop-15-cc1xx:43133/]
[rospy.init][INFO] 2019-11-07 23:07:41,404: ROS Slave URI: [http://itachi-HP-Pavilion-Laptop-15-cc1xx:43133/]
[rospy.impl.masterslave][INFO] 2019-11-07 23:07:41,404: _ready: http://itachi-HP-Pavilion-Laptop-15-cc1xx:43133/
[rospy.registration][INFO] 2019-11-07 23:07:41,404: Registering with master node http://localhost:11311
[xmlrpc][INFO] 2019-11-07 23:07:41,404: xml rpc node: starting XML-RPC server
[rospy.init][INFO] 2019-11-07 23:07:41,504: registered with master
[rospy.rosout][INFO] 2019-11-07 23:07:41,505: initializing /rosout core topic
[rospy.rosout][INFO] 2019-11-07 23:07:41,513: connected to core topic /rosout
[rospy.simtime][INFO] 2019-11-07 23:07:41,523: initializing /clock core topic
[rospy.simtime][INFO] 2019-11-07 23:07:41,540: connected to core topic /clock
[rospy.internal][INFO] 2019-11-07 23:07:41,737: topic[/rosout] adding connection to [/rosout], count 0
[rospy.internal][INFO] 2019-11-07 23:07:41,838: topic[/edrone/joint_states] adding connection to [/edrone/robot_state_publisher], count 0
[rospy.internal][INFO] 2019-11-07 23:07:42,490: topic[/clock] adding connection to [http://itachi-HP-Pavilion-Laptop-15-cc1xx:45329/], count 0
[rospy.core][INFO] 2019-11-08 00:07:32,679: signal_shutdown [signal-2]
[rospy.internal][INFO] 2019-11-08 00:07:32,684: topic[/edrone/joint_states] removing connection to /edrone/robot_state_publisher
[rospy.internal][INFO] 2019-11-08 00:07:32,684: topic[/rosout] removing connection to /rosout
[rospy.internal][INFO] 2019-11-08 00:07:32,684: topic[/clock] removing connection to http://itachi-HP-Pavilion-Laptop-15-cc1xx:45329/
[rospy.internal][WARNING] 2019-11-08 00:07:32,685: Unknown error initiating TCP/IP socket to itachi-HP-Pavilion-Laptop-15-cc1xx:57291 (http://itachi-HP-Pavilion-Laptop-15-cc1xx:45329/): Traceback (most recent call last):
  File "/opt/ros/kinetic/lib/python2.7/dist-packages/rospy/impl/tcpros_base.py", line 557, in connect
    self.read_header()
  File "/opt/ros/kinetic/lib/python2.7/dist-packages/rospy/impl/tcpros_base.py", line 650, in read_header
    self._validate_header(read_ros_handshake_header(sock, self.read_buff, self.protocol.buff_size))
AttributeError: 'NoneType' object has no attribute 'buff_size'

[rospy.topics][ERROR] 2019-11-08 00:07:32,685: Traceback (most recent call last):
  File "/opt/ros/kinetic/lib/python2.7/dist-packages/rospy/topics.py", line 326, in close
    c.close()
  File "/opt/ros/kinetic/lib/python2.7/dist-packages/rospy/impl/tcpros_base.py", line 838, in close
    self.socket.close()
AttributeError: 'NoneType' object has no attribute 'close'

[rospy.impl.masterslave][INFO] 2019-11-08 00:07:32,686: signal-2
[rospy.core][INFO] 2019-11-08 00:07:32,802: signal_shutdown [atexit]
