[rospy.client][INFO] 2019-11-15 14:50:05,284: init_node, name[/tune_pid_drone], pid[10622]
[xmlrpc][INFO] 2019-11-15 14:50:05,285: XML-RPC server binding to 0.0.0.0:0
[xmlrpc][INFO] 2019-11-15 14:50:05,285: Started XML-RPC server [http://itachi-HP-Pavilion-Laptop-15-cc1xx:34207/]
[rospy.init][INFO] 2019-11-15 14:50:05,285: ROS Slave URI: [http://itachi-HP-Pavilion-Laptop-15-cc1xx:34207/]
[rospy.impl.masterslave][INFO] 2019-11-15 14:50:05,285: _ready: http://itachi-HP-Pavilion-Laptop-15-cc1xx:34207/
[xmlrpc][INFO] 2019-11-15 14:50:05,286: xml rpc node: starting XML-RPC server
[rospy.registration][INFO] 2019-11-15 14:50:05,288: Registering with master node http://localhost:11311
[rospy.init][INFO] 2019-11-15 14:50:05,386: registered with master
[rospy.rosout][INFO] 2019-11-15 14:50:05,386: initializing /rosout core topic
[rospy.rosout][INFO] 2019-11-15 14:50:05,392: connected to core topic /rosout
[rospy.simtime][INFO] 2019-11-15 14:50:05,394: initializing /clock core topic
[rospy.simtime][INFO] 2019-11-15 14:50:05,401: connected to core topic /clock
[rospy.internal][INFO] 2019-11-15 14:50:05,406: topic[/clock] adding connection to [http://itachi-HP-Pavilion-Laptop-15-cc1xx:36539/], count 0
[rospy.internal][INFO] 2019-11-15 14:50:05,536: topic[/pid_tuning_pitch] adding connection to [/drone_control], count 0
[rospy.internal][INFO] 2019-11-15 14:50:05,626: topic[/pid_tuning_roll] adding connection to [/drone_control], count 0
[rospy.internal][INFO] 2019-11-15 14:50:05,676: topic[/rosout] adding connection to [/rosout], count 0
[rospy.internal][INFO] 2019-11-15 14:50:05,716: topic[/pid_tuning_altitude] adding connection to [/drone_control], count 0
[rospy.core][INFO] 2019-11-15 14:56:47,208: signal_shutdown [atexit]
[rospy.internal][INFO] 2019-11-15 14:56:47,214: topic[/pid_tuning_pitch] removing connection to /drone_control
[rospy.internal][INFO] 2019-11-15 14:56:47,215: topic[/pid_tuning_roll] removing connection to /drone_control
[rospy.internal][INFO] 2019-11-15 14:56:47,215: topic[/rosout] removing connection to /rosout
[rospy.internal][INFO] 2019-11-15 14:56:47,215: topic[/pid_tuning_altitude] removing connection to /drone_control
[rospy.internal][INFO] 2019-11-15 14:56:47,217: topic[/clock] removing connection to http://itachi-HP-Pavilion-Laptop-15-cc1xx:36539/
[rospy.impl.masterslave][INFO] 2019-11-15 14:56:47,217: atexit
