[rosmaster.main][INFO] 2020-02-29 00:01:02,278: initialization complete, waiting for shutdown
[rosmaster.main][INFO] 2020-02-29 00:01:02,279: Starting ROS Master Node
[xmlrpc][INFO] 2020-02-29 00:01:02,279: XML-RPC server binding to 0.0.0.0:11311
[xmlrpc][INFO] 2020-02-29 00:01:02,280: Started XML-RPC server [http://itachi-HP-Pavilion-Laptop-15-cc1xx:11311/]
[rosmaster.master][INFO] 2020-02-29 00:01:02,280: Master initialized: port[11311], uri[http://itachi-HP-Pavilion-Laptop-15-cc1xx:11311/]
[xmlrpc][INFO] 2020-02-29 00:01:02,280: xml rpc node: starting XML-RPC server
[rosmaster.master][INFO] 2020-02-29 00:01:02,343: +PARAM [/run_id] by /roslaunch
[rosmaster.master][INFO] 2020-02-29 00:01:02,344: +PARAM [/roslaunch/uris/host_itachi_hp_pavilion_laptop_15_cc1xx__46357] by /roslaunch
[rosmaster.master][INFO] 2020-02-29 00:01:02,407: +PARAM [/usb_cam/image_width] by /roslaunch
[rosmaster.master][INFO] 2020-02-29 00:01:02,407: +PARAM [/usb_cam/video_device] by /roslaunch
[rosmaster.master][INFO] 2020-02-29 00:01:02,408: +PARAM [/rosdistro] by /roslaunch
[rosmaster.master][INFO] 2020-02-29 00:01:02,408: +PARAM [/serial_node/baud] by /roslaunch
[rosmaster.master][INFO] 2020-02-29 00:01:02,408: +PARAM [/whycon/targets] by /roslaunch
[rosmaster.master][INFO] 2020-02-29 00:01:02,408: +PARAM [/usb_cam/pixel_format] by /roslaunch
[rosmaster.master][INFO] 2020-02-29 00:01:02,408: +PARAM [/usb_cam/io_method] by /roslaunch
[rosmaster.master][INFO] 2020-02-29 00:01:02,408: +PARAM [/usb_cam/camera_frame_id] by /roslaunch
[rosmaster.master][INFO] 2020-02-29 00:01:02,408: +PARAM [/whycon/name] by /roslaunch
[rosmaster.master][INFO] 2020-02-29 00:01:02,408: +PARAM [/rosversion] by /roslaunch
[rosmaster.master][INFO] 2020-02-29 00:01:02,408: +PARAM [/whycon/outer_diameter] by /roslaunch
[rosmaster.master][INFO] 2020-02-29 00:01:02,408: +PARAM [/usb_cam/image_height] by /roslaunch
[rosmaster.master][INFO] 2020-02-29 00:01:02,408: +PARAM [/serial_node/port] by /roslaunch
[rosmaster.master][INFO] 2020-02-29 00:01:02,408: +PARAM [/whycon/inner_diameter] by /roslaunch
[rosmaster.master][INFO] 2020-02-29 00:01:02,410: +SERVICE [/rosout/get_loggers] /rosout http://itachi-HP-Pavilion-Laptop-15-cc1xx:41665/
[rosmaster.master][INFO] 2020-02-29 00:01:02,410: +SERVICE [/rosout/set_logger_level] /rosout http://itachi-HP-Pavilion-Laptop-15-cc1xx:41665/
[rosmaster.master][INFO] 2020-02-29 00:01:02,411: +PUB [/rosout_agg] /rosout http://itachi-HP-Pavilion-Laptop-15-cc1xx:41665/
[rosmaster.master][INFO] 2020-02-29 00:01:02,414: +SUB [/rosout] /rosout http://itachi-HP-Pavilion-Laptop-15-cc1xx:41665/
[rosmaster.master][INFO] 2020-02-29 00:01:02,445: +PUB [/rosout] /usb_cam http://itachi-HP-Pavilion-Laptop-15-cc1xx:45575/
[rosmaster.master][INFO] 2020-02-29 00:01:02,447: +SERVICE [/usb_cam/get_loggers] /usb_cam http://itachi-HP-Pavilion-Laptop-15-cc1xx:45575/
[rosmaster.master][INFO] 2020-02-29 00:01:02,448: +PUB [/rosout] /usb_cam/image_proc http://itachi-HP-Pavilion-Laptop-15-cc1xx:36263/
[rosmaster.master][INFO] 2020-02-29 00:01:02,449: +SERVICE [/usb_cam/set_logger_level] /usb_cam http://itachi-HP-Pavilion-Laptop-15-cc1xx:45575/
[rosmaster.master][INFO] 2020-02-29 00:01:02,452: +SERVICE [/usb_cam/image_proc/get_loggers] /usb_cam/image_proc http://itachi-HP-Pavilion-Laptop-15-cc1xx:36263/
[rosmaster.master][INFO] 2020-02-29 00:01:02,454: +SERVICE [/usb_cam/image_proc/set_logger_level] /usb_cam/image_proc http://itachi-HP-Pavilion-Laptop-15-cc1xx:36263/
[rosmaster.master][INFO] 2020-02-29 00:01:02,455: +PUB [/rosout] /whycon http://itachi-HP-Pavilion-Laptop-15-cc1xx:46861/
[rosmaster.master][INFO] 2020-02-29 00:01:02,456: +SERVICE [/whycon/get_loggers] /whycon http://itachi-HP-Pavilion-Laptop-15-cc1xx:46861/
[rosmaster.master][INFO] 2020-02-29 00:01:02,457: +SERVICE [/whycon/set_logger_level] /whycon http://itachi-HP-Pavilion-Laptop-15-cc1xx:46861/
[rosmaster.master][INFO] 2020-02-29 00:01:02,468: +PUB [/rosout] /whycon_display/image_view http://itachi-HP-Pavilion-Laptop-15-cc1xx:43753/
[rosmaster.master][INFO] 2020-02-29 00:01:02,469: +SERVICE [/whycon_display/image_view/get_loggers] /whycon_display/image_view http://itachi-HP-Pavilion-Laptop-15-cc1xx:43753/
[rosmaster.master][INFO] 2020-02-29 00:01:02,469: +SERVICE [/whycon_display/image_view/set_logger_level] /whycon_display/image_view http://itachi-HP-Pavilion-Laptop-15-cc1xx:43753/
[rosmaster.master][INFO] 2020-02-29 00:01:02,479: publisherUpdate[/rosout] -> http://itachi-HP-Pavilion-Laptop-15-cc1xx:41665/ ['http://itachi-HP-Pavilion-Laptop-15-cc1xx:45575/']
[rosmaster.master][INFO] 2020-02-29 00:01:02,481: publisherUpdate[/rosout] -> http://itachi-HP-Pavilion-Laptop-15-cc1xx:41665/ ['http://itachi-HP-Pavilion-Laptop-15-cc1xx:45575/']: sec=0.00, result=[1, '', 0]
[rosmaster.master][INFO] 2020-02-29 00:01:02,481: publisherUpdate[/rosout] -> http://itachi-HP-Pavilion-Laptop-15-cc1xx:41665/ ['http://itachi-HP-Pavilion-Laptop-15-cc1xx:45575/', 'http://itachi-HP-Pavilion-Laptop-15-cc1xx:36263/']
[rosmaster.master][INFO] 2020-02-29 00:01:02,482: publisherUpdate[/rosout] -> http://itachi-HP-Pavilion-Laptop-15-cc1xx:41665/ ['http://itachi-HP-Pavilion-Laptop-15-cc1xx:45575/', 'http://itachi-HP-Pavilion-Laptop-15-cc1xx:36263/']: sec=0.00, result=[1, '', 0]
[rosmaster.master][INFO] 2020-02-29 00:01:02,482: publisherUpdate[/rosout] -> http://itachi-HP-Pavilion-Laptop-15-cc1xx:41665/ ['http://itachi-HP-Pavilion-Laptop-15-cc1xx:45575/', 'http://itachi-HP-Pavilion-Laptop-15-cc1xx:36263/', 'http://itachi-HP-Pavilion-Laptop-15-cc1xx:46861/']
[rosmaster.master][INFO] 2020-02-29 00:01:02,482: publisherUpdate[/rosout] -> http://itachi-HP-Pavilion-Laptop-15-cc1xx:41665/ ['http://itachi-HP-Pavilion-Laptop-15-cc1xx:45575/', 'http://itachi-HP-Pavilion-Laptop-15-cc1xx:36263/', 'http://itachi-HP-Pavilion-Laptop-15-cc1xx:46861/']: sec=0.00, result=[1, '', 0]
[rosmaster.master][INFO] 2020-02-29 00:01:02,482: publisherUpdate[/rosout] -> http://itachi-HP-Pavilion-Laptop-15-cc1xx:41665/ ['http://itachi-HP-Pavilion-Laptop-15-cc1xx:45575/', 'http://itachi-HP-Pavilion-Laptop-15-cc1xx:36263/', 'http://itachi-HP-Pavilion-Laptop-15-cc1xx:46861/', 'http://itachi-HP-Pavilion-Laptop-15-cc1xx:43753/']
[rosmaster.master][INFO] 2020-02-29 00:01:02,483: publisherUpdate[/rosout] -> http://itachi-HP-Pavilion-Laptop-15-cc1xx:41665/ ['http://itachi-HP-Pavilion-Laptop-15-cc1xx:45575/', 'http://itachi-HP-Pavilion-Laptop-15-cc1xx:36263/', 'http://itachi-HP-Pavilion-Laptop-15-cc1xx:46861/', 'http://itachi-HP-Pavilion-Laptop-15-cc1xx:43753/']: sec=0.00, result=[1, '', 0]
[rosmaster.master][INFO] 2020-02-29 00:01:02,507: +PUB [/tf] /whycon http://itachi-HP-Pavilion-Laptop-15-cc1xx:46861/
[rosmaster.master][INFO] 2020-02-29 00:01:02,509: +SERVICE [/usb_cam/image_proc_debayer/set_parameters] /usb_cam/image_proc http://itachi-HP-Pavilion-Laptop-15-cc1xx:36263/
[rosmaster.master][INFO] 2020-02-29 00:01:02,510: +PUB [/usb_cam/image_raw/compressedDepth] /usb_cam http://itachi-HP-Pavilion-Laptop-15-cc1xx:45575/
[rosmaster.master][INFO] 2020-02-29 00:01:02,510: +PUB [/usb_cam/image_proc_debayer/parameter_descriptions] /usb_cam/image_proc http://itachi-HP-Pavilion-Laptop-15-cc1xx:36263/
[rosmaster.master][INFO] 2020-02-29 00:01:02,511: +SERVICE [/usb_cam/image_raw/compressedDepth/set_parameters] /usb_cam http://itachi-HP-Pavilion-Laptop-15-cc1xx:45575/
[rosmaster.master][INFO] 2020-02-29 00:01:02,513: +PUB [/usb_cam/image_proc_debayer/parameter_updates] /usb_cam/image_proc http://itachi-HP-Pavilion-Laptop-15-cc1xx:36263/
[rosmaster.master][INFO] 2020-02-29 00:01:02,514: +PUB [/usb_cam/image_raw/compressedDepth/parameter_descriptions] /usb_cam http://itachi-HP-Pavilion-Laptop-15-cc1xx:45575/
[rosmaster.master][INFO] 2020-02-29 00:01:02,515: +PUB [/usb_cam/image_raw/compressedDepth/parameter_updates] /usb_cam http://itachi-HP-Pavilion-Laptop-15-cc1xx:45575/
[rosmaster.master][INFO] 2020-02-29 00:01:02,517: +PARAM [/usb_cam/image_proc_debayer/debayer] by /usb_cam/image_proc
[rosmaster.master][INFO] 2020-02-29 00:01:02,518: +PARAM [/usb_cam/image_proc_debayer/debayer] by /usb_cam/image_proc
[rosmaster.master][INFO] 2020-02-29 00:01:02,519: +SUB [/usb_cam/image_rect_color] /whycon http://itachi-HP-Pavilion-Laptop-15-cc1xx:46861/
[rosmaster.master][INFO] 2020-02-29 00:01:02,521: +PARAM [/usb_cam/image_raw/compressedDepth/depth_max] by /usb_cam
[rosmaster.master][INFO] 2020-02-29 00:01:02,521: +PUB [/usb_cam/image_mono/compressedDepth] /usb_cam/image_proc http://itachi-HP-Pavilion-Laptop-15-cc1xx:36263/
[rosmaster.master][INFO] 2020-02-29 00:01:02,522: +PARAM [/usb_cam/image_raw/compressedDepth/depth_quantization] by /usb_cam
[rosmaster.master][INFO] 2020-02-29 00:01:02,523: +SERVICE [/usb_cam/image_mono/compressedDepth/set_parameters] /usb_cam/image_proc http://itachi-HP-Pavilion-Laptop-15-cc1xx:36263/
[rosmaster.master][INFO] 2020-02-29 00:01:02,524: +PARAM [/usb_cam/image_raw/compressedDepth/png_level] by /usb_cam
[rosmaster.master][INFO] 2020-02-29 00:01:02,525: +PUB [/usb_cam/image_mono/compressedDepth/parameter_descriptions] /usb_cam/image_proc http://itachi-HP-Pavilion-Laptop-15-cc1xx:36263/
[rosmaster.master][INFO] 2020-02-29 00:01:02,527: +PARAM [/usb_cam/image_raw/compressedDepth/depth_max] by /usb_cam
[rosmaster.master][INFO] 2020-02-29 00:01:02,527: +PUB [/usb_cam/image_mono/compressedDepth/parameter_updates] /usb_cam/image_proc http://itachi-HP-Pavilion-Laptop-15-cc1xx:36263/
[rosmaster.master][INFO] 2020-02-29 00:01:02,528: +SUB [/usb_cam/camera_info] /whycon http://itachi-HP-Pavilion-Laptop-15-cc1xx:46861/
[rosmaster.master][INFO] 2020-02-29 00:01:02,530: +PARAM [/usb_cam/image_raw/compressedDepth/depth_quantization] by /usb_cam
[rosmaster.master][INFO] 2020-02-29 00:01:02,531: +PUB [/whycon/image_out] /whycon http://itachi-HP-Pavilion-Laptop-15-cc1xx:46861/
[rosmaster.master][INFO] 2020-02-29 00:01:02,531: +PARAM [/usb_cam/image_raw/compressedDepth/png_level] by /usb_cam
[rosmaster.master][INFO] 2020-02-29 00:01:02,533: +PUB [/whycon/poses] /whycon http://itachi-HP-Pavilion-Laptop-15-cc1xx:46861/
[rosmaster.master][INFO] 2020-02-29 00:01:02,533: +PUB [/usb_cam/image_raw/compressed] /usb_cam http://itachi-HP-Pavilion-Laptop-15-cc1xx:45575/
[rosmaster.master][INFO] 2020-02-29 00:01:02,534: +PARAM [/usb_cam/image_mono/compressedDepth/depth_max] by /usb_cam/image_proc
[rosmaster.master][INFO] 2020-02-29 00:01:02,535: +PUB [/whycon/context] /whycon http://itachi-HP-Pavilion-Laptop-15-cc1xx:46861/
[rosmaster.master][INFO] 2020-02-29 00:01:02,535: +SERVICE [/usb_cam/image_raw/compressed/set_parameters] /usb_cam http://itachi-HP-Pavilion-Laptop-15-cc1xx:45575/
[rosmaster.master][INFO] 2020-02-29 00:01:02,536: +PARAM [/usb_cam/image_mono/compressedDepth/depth_quantization] by /usb_cam/image_proc
[rosmaster.master][INFO] 2020-02-29 00:01:02,537: +PUB [/whycon/projection] /whycon http://itachi-HP-Pavilion-Laptop-15-cc1xx:46861/
[rosmaster.master][INFO] 2020-02-29 00:01:02,537: +PUB [/usb_cam/image_raw/compressed/parameter_descriptions] /usb_cam http://itachi-HP-Pavilion-Laptop-15-cc1xx:45575/
[rosmaster.master][INFO] 2020-02-29 00:01:02,538: +PARAM [/usb_cam/image_mono/compressedDepth/png_level] by /usb_cam/image_proc
[rosmaster.master][INFO] 2020-02-29 00:01:02,539: +SERVICE [/whycon/reset] /whycon http://itachi-HP-Pavilion-Laptop-15-cc1xx:46861/
[rosmaster.master][INFO] 2020-02-29 00:01:02,539: +PUB [/usb_cam/image_raw/compressed/parameter_updates] /usb_cam http://itachi-HP-Pavilion-Laptop-15-cc1xx:45575/
[rosmaster.master][INFO] 2020-02-29 00:01:02,540: +PARAM [/usb_cam/image_mono/compressedDepth/depth_max] by /usb_cam/image_proc
[rosmaster.master][INFO] 2020-02-29 00:01:02,542: +PARAM [/usb_cam/image_mono/compressedDepth/depth_quantization] by /usb_cam/image_proc
[rosmaster.master][INFO] 2020-02-29 00:01:02,543: +PARAM [/usb_cam/image_mono/compressedDepth/png_level] by /usb_cam/image_proc
[rosmaster.master][INFO] 2020-02-29 00:01:02,543: +PARAM [/usb_cam/image_raw/compressed/format] by /usb_cam
[rosmaster.master][INFO] 2020-02-29 00:01:02,544: +PUB [/usb_cam/image_mono/compressed] /usb_cam/image_proc http://itachi-HP-Pavilion-Laptop-15-cc1xx:36263/
[rosmaster.master][INFO] 2020-02-29 00:01:02,544: +PARAM [/usb_cam/image_raw/compressed/jpeg_quality] by /usb_cam
[rosmaster.master][INFO] 2020-02-29 00:01:02,545: +SERVICE [/usb_cam/image_mono/compressed/set_parameters] /usb_cam/image_proc http://itachi-HP-Pavilion-Laptop-15-cc1xx:36263/
[rosmaster.master][INFO] 2020-02-29 00:01:02,546: +PARAM [/usb_cam/image_raw/compressed/png_level] by /usb_cam
[rosmaster.master][INFO] 2020-02-29 00:01:02,547: +PUB [/usb_cam/image_mono/compressed/parameter_descriptions] /usb_cam/image_proc http://itachi-HP-Pavilion-Laptop-15-cc1xx:36263/
[rosmaster.master][INFO] 2020-02-29 00:01:02,548: +PARAM [/usb_cam/image_raw/compressed/format] by /usb_cam
[rosmaster.master][INFO] 2020-02-29 00:01:02,548: +PUB [/usb_cam/image_mono/compressed/parameter_updates] /usb_cam/image_proc http://itachi-HP-Pavilion-Laptop-15-cc1xx:36263/
[rosmaster.master][INFO] 2020-02-29 00:01:02,549: +PARAM [/usb_cam/image_raw/compressed/jpeg_quality] by /usb_cam
[rosmaster.master][INFO] 2020-02-29 00:01:02,550: +PARAM [/usb_cam/image_raw/compressed/png_level] by /usb_cam
[rosmaster.master][INFO] 2020-02-29 00:01:02,551: +PARAM [/usb_cam/image_mono/compressed/format] by /usb_cam/image_proc
[rosmaster.master][INFO] 2020-02-29 00:01:02,552: +PUB [/usb_cam/image_raw] /usb_cam http://itachi-HP-Pavilion-Laptop-15-cc1xx:45575/
[rosmaster.master][INFO] 2020-02-29 00:01:02,553: +PARAM [/usb_cam/image_mono/compressed/jpeg_quality] by /usb_cam/image_proc
[rosmaster.master][INFO] 2020-02-29 00:01:02,553: +PARAM [/usb_cam/image_mono/compressed/png_level] by /usb_cam/image_proc
[rosmaster.master][INFO] 2020-02-29 00:01:02,554: +PUB [/usb_cam/image_raw/theora] /usb_cam http://itachi-HP-Pavilion-Laptop-15-cc1xx:45575/
[rosmaster.master][INFO] 2020-02-29 00:01:02,555: +PARAM [/usb_cam/image_mono/compressed/format] by /usb_cam/image_proc
[rosmaster.master][INFO] 2020-02-29 00:01:02,555: +SERVICE [/usb_cam/image_raw/theora/set_parameters] /usb_cam http://itachi-HP-Pavilion-Laptop-15-cc1xx:45575/
[rosmaster.master][INFO] 2020-02-29 00:01:02,556: +PARAM [/usb_cam/image_mono/compressed/jpeg_quality] by /usb_cam/image_proc
[rosmaster.master][INFO] 2020-02-29 00:01:02,557: +PUB [/usb_cam/image_raw/theora/parameter_descriptions] /usb_cam http://itachi-HP-Pavilion-Laptop-15-cc1xx:45575/
[rosmaster.master][INFO] 2020-02-29 00:01:02,558: +PARAM [/usb_cam/image_mono/compressed/png_level] by /usb_cam/image_proc
[rosmaster.master][INFO] 2020-02-29 00:01:02,558: +PUB [/usb_cam/image_raw/theora/parameter_updates] /usb_cam http://itachi-HP-Pavilion-Laptop-15-cc1xx:45575/
[rosmaster.master][INFO] 2020-02-29 00:01:02,560: +PUB [/usb_cam/image_mono] /usb_cam/image_proc http://itachi-HP-Pavilion-Laptop-15-cc1xx:36263/
[rosmaster.master][INFO] 2020-02-29 00:01:02,562: +PUB [/usb_cam/image_mono/theora] /usb_cam/image_proc http://itachi-HP-Pavilion-Laptop-15-cc1xx:36263/
[rosmaster.master][INFO] 2020-02-29 00:01:02,563: +PARAM [/usb_cam/image_raw/theora/optimize_for] by /usb_cam
[rosmaster.master][INFO] 2020-02-29 00:01:02,563: +SERVICE [/usb_cam/image_mono/theora/set_parameters] /usb_cam/image_proc http://itachi-HP-Pavilion-Laptop-15-cc1xx:36263/
[rosmaster.master][INFO] 2020-02-29 00:01:02,564: +PARAM [/usb_cam/image_raw/theora/target_bitrate] by /usb_cam
[rosmaster.master][INFO] 2020-02-29 00:01:02,566: +PUB [/usb_cam/image_mono/theora/parameter_descriptions] /usb_cam/image_proc http://itachi-HP-Pavilion-Laptop-15-cc1xx:36263/
[rosmaster.master][INFO] 2020-02-29 00:01:02,566: +PARAM [/usb_cam/image_raw/theora/quality] by /usb_cam
[rosmaster.master][INFO] 2020-02-29 00:01:02,567: +PUB [/usb_cam/image_mono/theora/parameter_updates] /usb_cam/image_proc http://itachi-HP-Pavilion-Laptop-15-cc1xx:36263/
[rosmaster.master][INFO] 2020-02-29 00:01:02,568: +PARAM [/usb_cam/image_raw/theora/keyframe_frequency] by /usb_cam
[rosmaster.master][INFO] 2020-02-29 00:01:02,569: +PARAM [/usb_cam/image_raw/theora/optimize_for] by /usb_cam
[rosmaster.master][INFO] 2020-02-29 00:01:02,570: +PARAM [/usb_cam/image_raw/theora/target_bitrate] by /usb_cam
[rosmaster.master][INFO] 2020-02-29 00:01:02,572: +PARAM [/usb_cam/image_raw/theora/quality] by /usb_cam
[rosmaster.master][INFO] 2020-02-29 00:01:02,572: +PARAM [/usb_cam/image_mono/theora/optimize_for] by /usb_cam/image_proc
[rosmaster.master][INFO] 2020-02-29 00:01:02,573: +PARAM [/usb_cam/image_raw/theora/keyframe_frequency] by /usb_cam
[rosmaster.master][INFO] 2020-02-29 00:01:02,574: +PARAM [/usb_cam/image_mono/theora/target_bitrate] by /usb_cam/image_proc
[rosmaster.master][INFO] 2020-02-29 00:01:02,574: +PUB [/usb_cam/camera_info] /usb_cam http://itachi-HP-Pavilion-Laptop-15-cc1xx:45575/
[rosmaster.master][INFO] 2020-02-29 00:01:02,575: +PARAM [/usb_cam/image_mono/theora/quality] by /usb_cam/image_proc
[rosmaster.master][INFO] 2020-02-29 00:01:02,576: +PARAM [/usb_cam/image_mono/theora/keyframe_frequency] by /usb_cam/image_proc
[rosmaster.master][INFO] 2020-02-29 00:01:02,577: +PARAM [/usb_cam/image_mono/theora/optimize_for] by /usb_cam/image_proc
[rosmaster.master][INFO] 2020-02-29 00:01:02,578: +PARAM [/usb_cam/image_mono/theora/target_bitrate] by /usb_cam/image_proc
[rosmaster.master][INFO] 2020-02-29 00:01:02,580: publisherUpdate[/usb_cam/camera_info] -> http://itachi-HP-Pavilion-Laptop-15-cc1xx:46861/ ['http://itachi-HP-Pavilion-Laptop-15-cc1xx:45575/']
[rosmaster.master][INFO] 2020-02-29 00:01:02,580: +PARAM [/usb_cam/image_mono/theora/quality] by /usb_cam/image_proc
[rosmaster.master][INFO] 2020-02-29 00:01:02,583: publisherUpdate[/usb_cam/camera_info] -> http://itachi-HP-Pavilion-Laptop-15-cc1xx:46861/ ['http://itachi-HP-Pavilion-Laptop-15-cc1xx:45575/']: sec=0.00, result=[1, '', 0]
[rosmaster.master][INFO] 2020-02-29 00:01:02,584: +PARAM [/usb_cam/image_mono/theora/keyframe_frequency] by /usb_cam/image_proc
[rosmaster.master][INFO] 2020-02-29 00:01:02,586: +PUB [/usb_cam/image_color/compressedDepth] /usb_cam/image_proc http://itachi-HP-Pavilion-Laptop-15-cc1xx:36263/
[rosmaster.master][INFO] 2020-02-29 00:01:02,587: +SERVICE [/usb_cam/image_color/compressedDepth/set_parameters] /usb_cam/image_proc http://itachi-HP-Pavilion-Laptop-15-cc1xx:36263/
[rosmaster.master][INFO] 2020-02-29 00:01:02,587: +PUB [/usb_cam/image_color/compressedDepth/parameter_descriptions] /usb_cam/image_proc http://itachi-HP-Pavilion-Laptop-15-cc1xx:36263/
[rosmaster.master][INFO] 2020-02-29 00:01:02,589: +PUB [/usb_cam/image_color/compressedDepth/parameter_updates] /usb_cam/image_proc http://itachi-HP-Pavilion-Laptop-15-cc1xx:36263/
[rosmaster.master][INFO] 2020-02-29 00:01:02,593: +PARAM [/usb_cam/image_color/compressedDepth/depth_max] by /usb_cam/image_proc
[rosmaster.master][INFO] 2020-02-29 00:01:02,594: +PARAM [/usb_cam/image_color/compressedDepth/depth_quantization] by /usb_cam/image_proc
[rosmaster.master][INFO] 2020-02-29 00:01:02,595: +PARAM [/usb_cam/image_color/compressedDepth/png_level] by /usb_cam/image_proc
[rosmaster.master][INFO] 2020-02-29 00:01:02,596: +PARAM [/usb_cam/image_color/compressedDepth/depth_max] by /usb_cam/image_proc
[rosmaster.master][INFO] 2020-02-29 00:01:02,597: +PARAM [/usb_cam/image_color/compressedDepth/depth_quantization] by /usb_cam/image_proc
[rosmaster.master][INFO] 2020-02-29 00:01:02,599: +PARAM [/usb_cam/image_color/compressedDepth/png_level] by /usb_cam/image_proc
[rosmaster.master][INFO] 2020-02-29 00:01:02,601: +PUB [/usb_cam/image_color/compressed] /usb_cam/image_proc http://itachi-HP-Pavilion-Laptop-15-cc1xx:36263/
[rosmaster.master][INFO] 2020-02-29 00:01:02,602: +SERVICE [/usb_cam/image_color/compressed/set_parameters] /usb_cam/image_proc http://itachi-HP-Pavilion-Laptop-15-cc1xx:36263/
[rosmaster.master][INFO] 2020-02-29 00:01:02,605: +SERVICE [/usb_cam/set_camera_info] /usb_cam http://itachi-HP-Pavilion-Laptop-15-cc1xx:45575/
[rosmaster.master][INFO] 2020-02-29 00:01:02,606: +PUB [/usb_cam/image_color/compressed/parameter_descriptions] /usb_cam/image_proc http://itachi-HP-Pavilion-Laptop-15-cc1xx:36263/
[rosmaster.master][INFO] 2020-02-29 00:01:02,607: +SERVICE [/usb_cam/start_capture] /usb_cam http://itachi-HP-Pavilion-Laptop-15-cc1xx:45575/
[rosmaster.master][INFO] 2020-02-29 00:01:02,608: +PUB [/usb_cam/image_color/compressed/parameter_updates] /usb_cam/image_proc http://itachi-HP-Pavilion-Laptop-15-cc1xx:36263/
[rosmaster.master][INFO] 2020-02-29 00:01:02,608: +SERVICE [/usb_cam/stop_capture] /usb_cam http://itachi-HP-Pavilion-Laptop-15-cc1xx:45575/
[rosmaster.master][INFO] 2020-02-29 00:01:02,613: +PARAM [/usb_cam/image_color/compressed/format] by /usb_cam/image_proc
[rosmaster.master][INFO] 2020-02-29 00:01:02,614: +PARAM [/usb_cam/image_color/compressed/jpeg_quality] by /usb_cam/image_proc
[rosmaster.master][INFO] 2020-02-29 00:01:02,614: -SERVICE [/usb_cam/get_loggers] /usb_cam rosrpc://itachi-HP-Pavilion-Laptop-15-cc1xx:54773
[rosmaster.master][INFO] 2020-02-29 00:01:02,616: +PARAM [/usb_cam/image_color/compressed/png_level] by /usb_cam/image_proc
[rosmaster.master][INFO] 2020-02-29 00:01:02,617: -SERVICE [/usb_cam/set_logger_level] /usb_cam rosrpc://itachi-HP-Pavilion-Laptop-15-cc1xx:54773
[rosmaster.master][INFO] 2020-02-29 00:01:02,617: +PARAM [/usb_cam/image_color/compressed/format] by /usb_cam/image_proc
[rosmaster.master][INFO] 2020-02-29 00:01:02,621: -SERVICE [/usb_cam/image_raw/compressedDepth/set_parameters] /usb_cam rosrpc://itachi-HP-Pavilion-Laptop-15-cc1xx:54773
[rosmaster.master][INFO] 2020-02-29 00:01:02,621: +PARAM [/usb_cam/image_color/compressed/jpeg_quality] by /usb_cam/image_proc
[rosmaster.master][INFO] 2020-02-29 00:01:02,622: -SERVICE [/usb_cam/image_raw/compressed/set_parameters] /usb_cam rosrpc://itachi-HP-Pavilion-Laptop-15-cc1xx:54773
[rosmaster.master][INFO] 2020-02-29 00:01:02,623: +PARAM [/usb_cam/image_color/compressed/png_level] by /usb_cam/image_proc
[rosmaster.master][INFO] 2020-02-29 00:01:02,624: +PUB [/usb_cam/image_color] /usb_cam/image_proc http://itachi-HP-Pavilion-Laptop-15-cc1xx:36263/
[rosmaster.master][INFO] 2020-02-29 00:01:02,625: +PUB [/usb_cam/image_color/theora] /usb_cam/image_proc http://itachi-HP-Pavilion-Laptop-15-cc1xx:36263/
[rosmaster.master][INFO] 2020-02-29 00:01:02,625: -SERVICE [/usb_cam/image_raw/theora/set_parameters] /usb_cam rosrpc://itachi-HP-Pavilion-Laptop-15-cc1xx:54773
[rosmaster.master][INFO] 2020-02-29 00:01:02,626: +SERVICE [/usb_cam/image_color/theora/set_parameters] /usb_cam/image_proc http://itachi-HP-Pavilion-Laptop-15-cc1xx:36263/
[rosmaster.master][INFO] 2020-02-29 00:01:02,627: -SERVICE [/usb_cam/set_camera_info] /usb_cam rosrpc://itachi-HP-Pavilion-Laptop-15-cc1xx:54773
[rosmaster.master][INFO] 2020-02-29 00:01:02,628: +PUB [/usb_cam/image_color/theora/parameter_descriptions] /usb_cam/image_proc http://itachi-HP-Pavilion-Laptop-15-cc1xx:36263/
[rosmaster.master][INFO] 2020-02-29 00:01:02,629: +PUB [/usb_cam/image_color/theora/parameter_updates] /usb_cam/image_proc http://itachi-HP-Pavilion-Laptop-15-cc1xx:36263/
[rosmaster.master][INFO] 2020-02-29 00:01:02,629: -SERVICE [/usb_cam/start_capture] /usb_cam rosrpc://itachi-HP-Pavilion-Laptop-15-cc1xx:54773
[rosmaster.master][INFO] 2020-02-29 00:01:02,631: -SERVICE [/usb_cam/stop_capture] /usb_cam rosrpc://itachi-HP-Pavilion-Laptop-15-cc1xx:54773
[rosmaster.master][INFO] 2020-02-29 00:01:02,633: +PARAM [/usb_cam/image_color/theora/optimize_for] by /usb_cam/image_proc
[rosmaster.master][INFO] 2020-02-29 00:01:02,634: +PARAM [/usb_cam/image_color/theora/target_bitrate] by /usb_cam/image_proc
[rosmaster.master][INFO] 2020-02-29 00:01:02,635: +PARAM [/usb_cam/image_color/theora/quality] by /usb_cam/image_proc
[rosmaster.master][INFO] 2020-02-29 00:01:02,635: +PARAM [/usb_cam/image_color/theora/keyframe_frequency] by /usb_cam/image_proc
[rosmaster.master][INFO] 2020-02-29 00:01:02,637: +PARAM [/usb_cam/image_color/theora/optimize_for] by /usb_cam/image_proc
[rosmaster.master][INFO] 2020-02-29 00:01:02,640: +PARAM [/usb_cam/image_color/theora/target_bitrate] by /usb_cam/image_proc
[rosmaster.master][INFO] 2020-02-29 00:01:02,640: +PARAM [/usb_cam/image_color/theora/quality] by /usb_cam/image_proc
[rosmaster.master][INFO] 2020-02-29 00:01:02,641: +PARAM [/usb_cam/image_color/theora/keyframe_frequency] by /usb_cam/image_proc
[rosmaster.master][INFO] 2020-02-29 00:01:02,643: +SERVICE [/usb_cam/image_proc_rectify_mono/set_parameters] /usb_cam/image_proc http://itachi-HP-Pavilion-Laptop-15-cc1xx:36263/
[rosmaster.master][INFO] 2020-02-29 00:01:02,643: +PUB [/usb_cam/image_proc_rectify_mono/parameter_descriptions] /usb_cam/image_proc http://itachi-HP-Pavilion-Laptop-15-cc1xx:36263/
[rosmaster.master][INFO] 2020-02-29 00:01:02,644: +PUB [/usb_cam/image_proc_rectify_mono/parameter_updates] /usb_cam/image_proc http://itachi-HP-Pavilion-Laptop-15-cc1xx:36263/
[rosmaster.master][INFO] 2020-02-29 00:01:02,645: +PARAM [/usb_cam/image_proc_rectify_mono/interpolation] by /usb_cam/image_proc
[rosmaster.master][INFO] 2020-02-29 00:01:02,646: +PARAM [/usb_cam/image_proc_rectify_mono/interpolation] by /usb_cam/image_proc
[rosmaster.master][INFO] 2020-02-29 00:01:02,647: +PUB [/usb_cam/image_rect/compressedDepth] /usb_cam/image_proc http://itachi-HP-Pavilion-Laptop-15-cc1xx:36263/
[rosmaster.master][INFO] 2020-02-29 00:01:02,647: +SERVICE [/usb_cam/image_rect/compressedDepth/set_parameters] /usb_cam/image_proc http://itachi-HP-Pavilion-Laptop-15-cc1xx:36263/
[rosmaster.master][INFO] 2020-02-29 00:01:02,648: +PUB [/usb_cam/image_rect/compressedDepth/parameter_descriptions] /usb_cam/image_proc http://itachi-HP-Pavilion-Laptop-15-cc1xx:36263/
[rosmaster.master][INFO] 2020-02-29 00:01:02,648: +PUB [/usb_cam/image_rect/compressedDepth/parameter_updates] /usb_cam/image_proc http://itachi-HP-Pavilion-Laptop-15-cc1xx:36263/
[rosmaster.master][INFO] 2020-02-29 00:01:02,651: +PARAM [/usb_cam/image_rect/compressedDepth/depth_max] by /usb_cam/image_proc
[rosmaster.master][INFO] 2020-02-29 00:01:02,652: +PARAM [/usb_cam/image_rect/compressedDepth/depth_quantization] by /usb_cam/image_proc
[rosmaster.master][INFO] 2020-02-29 00:01:02,655: +PARAM [/usb_cam/image_rect/compressedDepth/png_level] by /usb_cam/image_proc
[rosmaster.master][INFO] 2020-02-29 00:01:02,656: +PARAM [/usb_cam/image_rect/compressedDepth/depth_max] by /usb_cam/image_proc
[rosmaster.master][INFO] 2020-02-29 00:01:02,657: +SUB [/whycon/image_out] /whycon_display/image_view http://itachi-HP-Pavilion-Laptop-15-cc1xx:43753/
[rosmaster.master][INFO] 2020-02-29 00:01:02,657: +PARAM [/usb_cam/image_rect/compressedDepth/depth_quantization] by /usb_cam/image_proc
[rosmaster.master][INFO] 2020-02-29 00:01:02,658: +PUB [/whycon_display/image_view/output] /whycon_display/image_view http://itachi-HP-Pavilion-Laptop-15-cc1xx:43753/
[rosmaster.master][INFO] 2020-02-29 00:01:02,658: +PARAM [/usb_cam/image_rect/compressedDepth/png_level] by /usb_cam/image_proc
[rosmaster.master][INFO] 2020-02-29 00:01:02,659: +SERVICE [/whycon_display/image_view/set_parameters] /whycon_display/image_view http://itachi-HP-Pavilion-Laptop-15-cc1xx:43753/
[rosmaster.master][INFO] 2020-02-29 00:01:02,660: +PUB [/whycon_display/image_view/parameter_descriptions] /whycon_display/image_view http://itachi-HP-Pavilion-Laptop-15-cc1xx:43753/
[rosmaster.master][INFO] 2020-02-29 00:01:02,660: +PUB [/usb_cam/image_rect/compressed] /usb_cam/image_proc http://itachi-HP-Pavilion-Laptop-15-cc1xx:36263/
[rosmaster.master][INFO] 2020-02-29 00:01:02,661: +PUB [/whycon_display/image_view/parameter_updates] /whycon_display/image_view http://itachi-HP-Pavilion-Laptop-15-cc1xx:43753/
[rosmaster.master][INFO] 2020-02-29 00:01:02,661: +SERVICE [/usb_cam/image_rect/compressed/set_parameters] /usb_cam/image_proc http://itachi-HP-Pavilion-Laptop-15-cc1xx:36263/
[rosmaster.master][INFO] 2020-02-29 00:01:02,662: +PUB [/usb_cam/image_rect/compressed/parameter_descriptions] /usb_cam/image_proc http://itachi-HP-Pavilion-Laptop-15-cc1xx:36263/
[rosmaster.master][INFO] 2020-02-29 00:01:02,663: +PUB [/usb_cam/image_rect/compressed/parameter_updates] /usb_cam/image_proc http://itachi-HP-Pavilion-Laptop-15-cc1xx:36263/
[rosmaster.master][INFO] 2020-02-29 00:01:02,665: +PARAM [/whycon_display/image_view/do_dynamic_scaling] by /whycon_display/image_view
[rosmaster.master][INFO] 2020-02-29 00:01:02,666: +PARAM [/whycon_display/image_view/colormap] by /whycon_display/image_view
[rosmaster.master][INFO] 2020-02-29 00:01:02,667: +PARAM [/usb_cam/image_rect/compressed/format] by /usb_cam/image_proc
[rosmaster.master][INFO] 2020-02-29 00:01:02,667: +PARAM [/whycon_display/image_view/min_image_value] by /whycon_display/image_view
[rosmaster.master][INFO] 2020-02-29 00:01:02,668: +PARAM [/usb_cam/image_rect/compressed/jpeg_quality] by /usb_cam/image_proc
[rosmaster.master][INFO] 2020-02-29 00:01:02,669: +PARAM [/whycon_display/image_view/max_image_value] by /whycon_display/image_view
[rosmaster.master][INFO] 2020-02-29 00:01:02,670: +PARAM [/usb_cam/image_rect/compressed/png_level] by /usb_cam/image_proc
[rosmaster.master][INFO] 2020-02-29 00:01:02,671: +PARAM [/whycon_display/image_view/do_dynamic_scaling] by /whycon_display/image_view
[rosmaster.master][INFO] 2020-02-29 00:01:02,671: +PARAM [/usb_cam/image_rect/compressed/format] by /usb_cam/image_proc
[rosmaster.master][INFO] 2020-02-29 00:01:02,672: +PARAM [/whycon_display/image_view/colormap] by /whycon_display/image_view
[rosmaster.master][INFO] 2020-02-29 00:01:02,673: +PARAM [/usb_cam/image_rect/compressed/jpeg_quality] by /usb_cam/image_proc
[rosmaster.master][INFO] 2020-02-29 00:01:02,673: +PARAM [/whycon_display/image_view/min_image_value] by /whycon_display/image_view
[rosmaster.master][INFO] 2020-02-29 00:01:02,674: +PARAM [/usb_cam/image_rect/compressed/png_level] by /usb_cam/image_proc
[rosmaster.master][INFO] 2020-02-29 00:01:02,674: +PARAM [/whycon_display/image_view/max_image_value] by /whycon_display/image_view
[rosmaster.master][INFO] 2020-02-29 00:01:02,675: +PUB [/usb_cam/image_rect] /usb_cam/image_proc http://itachi-HP-Pavilion-Laptop-15-cc1xx:36263/
[rosmaster.master][INFO] 2020-02-29 00:01:02,675: +PUB [/usb_cam/image_rect/theora] /usb_cam/image_proc http://itachi-HP-Pavilion-Laptop-15-cc1xx:36263/
[rosmaster.master][INFO] 2020-02-29 00:01:02,676: +SERVICE [/usb_cam/image_rect/theora/set_parameters] /usb_cam/image_proc http://itachi-HP-Pavilion-Laptop-15-cc1xx:36263/
[rosmaster.master][INFO] 2020-02-29 00:01:02,677: +PUB [/usb_cam/image_rect/theora/parameter_descriptions] /usb_cam/image_proc http://itachi-HP-Pavilion-Laptop-15-cc1xx:36263/
[rosmaster.master][INFO] 2020-02-29 00:01:02,677: +PUB [/usb_cam/image_rect/theora/parameter_updates] /usb_cam/image_proc http://itachi-HP-Pavilion-Laptop-15-cc1xx:36263/
[rosmaster.master][INFO] 2020-02-29 00:01:02,679: +PARAM [/usb_cam/image_rect/theora/optimize_for] by /usb_cam/image_proc
[rosmaster.master][INFO] 2020-02-29 00:01:02,679: +PARAM [/usb_cam/image_rect/theora/target_bitrate] by /usb_cam/image_proc
[rosmaster.master][INFO] 2020-02-29 00:01:02,680: +PARAM [/usb_cam/image_rect/theora/quality] by /usb_cam/image_proc
[rosmaster.master][INFO] 2020-02-29 00:01:02,680: +PARAM [/usb_cam/image_rect/theora/keyframe_frequency] by /usb_cam/image_proc
[rosmaster.master][INFO] 2020-02-29 00:01:02,681: +PARAM [/usb_cam/image_rect/theora/optimize_for] by /usb_cam/image_proc
[rosmaster.master][INFO] 2020-02-29 00:01:02,681: +PARAM [/usb_cam/image_rect/theora/target_bitrate] by /usb_cam/image_proc
[rosmaster.master][INFO] 2020-02-29 00:01:02,682: +PARAM [/usb_cam/image_rect/theora/quality] by /usb_cam/image_proc
[rosmaster.master][INFO] 2020-02-29 00:01:02,682: +PARAM [/usb_cam/image_rect/theora/keyframe_frequency] by /usb_cam/image_proc
[rosmaster.master][INFO] 2020-02-29 00:01:02,686: +SERVICE [/usb_cam/image_proc_rectify_color/set_parameters] /usb_cam/image_proc http://itachi-HP-Pavilion-Laptop-15-cc1xx:36263/
[rosmaster.master][INFO] 2020-02-29 00:01:02,687: +PUB [/usb_cam/image_proc_rectify_color/parameter_descriptions] /usb_cam/image_proc http://itachi-HP-Pavilion-Laptop-15-cc1xx:36263/
[rosmaster.master][INFO] 2020-02-29 00:01:02,687: +PUB [/usb_cam/image_proc_rectify_color/parameter_updates] /usb_cam/image_proc http://itachi-HP-Pavilion-Laptop-15-cc1xx:36263/
[rosmaster.master][INFO] 2020-02-29 00:01:02,688: +PARAM [/usb_cam/image_proc_rectify_color/interpolation] by /usb_cam/image_proc
[rosmaster.master][INFO] 2020-02-29 00:01:02,689: +PARAM [/usb_cam/image_proc_rectify_color/interpolation] by /usb_cam/image_proc
[rosmaster.master][INFO] 2020-02-29 00:01:02,690: +PUB [/usb_cam/image_rect_color/compressedDepth] /usb_cam/image_proc http://itachi-HP-Pavilion-Laptop-15-cc1xx:36263/
[rosmaster.master][INFO] 2020-02-29 00:01:02,690: +SERVICE [/usb_cam/image_rect_color/compressedDepth/set_parameters] /usb_cam/image_proc http://itachi-HP-Pavilion-Laptop-15-cc1xx:36263/
[rosmaster.master][INFO] 2020-02-29 00:01:02,691: +PUB [/usb_cam/image_rect_color/compressedDepth/parameter_descriptions] /usb_cam/image_proc http://itachi-HP-Pavilion-Laptop-15-cc1xx:36263/
[rosmaster.master][INFO] 2020-02-29 00:01:02,691: +PUB [/usb_cam/image_rect_color/compressedDepth/parameter_updates] /usb_cam/image_proc http://itachi-HP-Pavilion-Laptop-15-cc1xx:36263/
[rosmaster.master][INFO] 2020-02-29 00:01:02,693: +PARAM [/usb_cam/image_rect_color/compressedDepth/depth_max] by /usb_cam/image_proc
[rosmaster.master][INFO] 2020-02-29 00:01:02,694: +PARAM [/usb_cam/image_rect_color/compressedDepth/depth_quantization] by /usb_cam/image_proc
[rosmaster.master][INFO] 2020-02-29 00:01:02,694: +PARAM [/usb_cam/image_rect_color/compressedDepth/png_level] by /usb_cam/image_proc
[rosmaster.master][INFO] 2020-02-29 00:01:02,695: +PARAM [/usb_cam/image_rect_color/compressedDepth/depth_max] by /usb_cam/image_proc
[rosmaster.master][INFO] 2020-02-29 00:01:02,695: +PARAM [/usb_cam/image_rect_color/compressedDepth/depth_quantization] by /usb_cam/image_proc
[rosmaster.master][INFO] 2020-02-29 00:01:02,696: +PARAM [/usb_cam/image_rect_color/compressedDepth/png_level] by /usb_cam/image_proc
[rosmaster.master][INFO] 2020-02-29 00:01:02,696: +PUB [/usb_cam/image_rect_color/compressed] /usb_cam/image_proc http://itachi-HP-Pavilion-Laptop-15-cc1xx:36263/
[rosmaster.master][INFO] 2020-02-29 00:01:02,697: +SERVICE [/usb_cam/image_rect_color/compressed/set_parameters] /usb_cam/image_proc http://itachi-HP-Pavilion-Laptop-15-cc1xx:36263/
[rosmaster.master][INFO] 2020-02-29 00:01:02,697: +PUB [/usb_cam/image_rect_color/compressed/parameter_descriptions] /usb_cam/image_proc http://itachi-HP-Pavilion-Laptop-15-cc1xx:36263/
[rosmaster.master][INFO] 2020-02-29 00:01:02,698: +PUB [/usb_cam/image_rect_color/compressed/parameter_updates] /usb_cam/image_proc http://itachi-HP-Pavilion-Laptop-15-cc1xx:36263/
[rosmaster.master][INFO] 2020-02-29 00:01:02,699: +PARAM [/usb_cam/image_rect_color/compressed/format] by /usb_cam/image_proc
[rosmaster.master][INFO] 2020-02-29 00:01:02,700: +PARAM [/usb_cam/image_rect_color/compressed/jpeg_quality] by /usb_cam/image_proc
[rosmaster.master][INFO] 2020-02-29 00:01:02,700: +PARAM [/usb_cam/image_rect_color/compressed/png_level] by /usb_cam/image_proc
[rosmaster.master][INFO] 2020-02-29 00:01:02,701: +PARAM [/usb_cam/image_rect_color/compressed/format] by /usb_cam/image_proc
[rosmaster.master][INFO] 2020-02-29 00:01:02,701: +PARAM [/usb_cam/image_rect_color/compressed/jpeg_quality] by /usb_cam/image_proc
[rosmaster.master][INFO] 2020-02-29 00:01:02,702: +PARAM [/usb_cam/image_rect_color/compressed/png_level] by /usb_cam/image_proc
[rosmaster.master][INFO] 2020-02-29 00:01:02,703: +PUB [/usb_cam/image_rect_color] /usb_cam/image_proc http://itachi-HP-Pavilion-Laptop-15-cc1xx:36263/
[rosmaster.master][INFO] 2020-02-29 00:01:02,704: +PUB [/usb_cam/image_rect_color/theora] /usb_cam/image_proc http://itachi-HP-Pavilion-Laptop-15-cc1xx:36263/
[rosmaster.master][INFO] 2020-02-29 00:01:02,704: +SERVICE [/usb_cam/image_rect_color/theora/set_parameters] /usb_cam/image_proc http://itachi-HP-Pavilion-Laptop-15-cc1xx:36263/
[rosmaster.master][INFO] 2020-02-29 00:01:02,705: +PUB [/usb_cam/image_rect_color/theora/parameter_descriptions] /usb_cam/image_proc http://itachi-HP-Pavilion-Laptop-15-cc1xx:36263/
[rosmaster.master][INFO] 2020-02-29 00:01:02,706: +PUB [/usb_cam/image_rect_color/theora/parameter_updates] /usb_cam/image_proc http://itachi-HP-Pavilion-Laptop-15-cc1xx:36263/
[rosmaster.master][INFO] 2020-02-29 00:01:02,707: +PARAM [/usb_cam/image_rect_color/theora/optimize_for] by /usb_cam/image_proc
[rosmaster.master][INFO] 2020-02-29 00:01:02,708: +PARAM [/usb_cam/image_rect_color/theora/target_bitrate] by /usb_cam/image_proc
[rosmaster.master][INFO] 2020-02-29 00:01:02,708: +PARAM [/usb_cam/image_rect_color/theora/quality] by /usb_cam/image_proc
[rosmaster.master][INFO] 2020-02-29 00:01:02,709: +PARAM [/usb_cam/image_rect_color/theora/keyframe_frequency] by /usb_cam/image_proc
[rosmaster.master][INFO] 2020-02-29 00:01:02,709: +PARAM [/usb_cam/image_rect_color/theora/optimize_for] by /usb_cam/image_proc
[rosmaster.master][INFO] 2020-02-29 00:01:02,709: +PARAM [/usb_cam/image_rect_color/theora/target_bitrate] by /usb_cam/image_proc
[rosmaster.master][INFO] 2020-02-29 00:01:02,710: +PARAM [/usb_cam/image_rect_color/theora/quality] by /usb_cam/image_proc
[rosmaster.master][INFO] 2020-02-29 00:01:02,710: +PARAM [/usb_cam/image_rect_color/theora/keyframe_frequency] by /usb_cam/image_proc
[rosmaster.master][INFO] 2020-02-29 00:01:02,712: +PUB [/rosout] /serial_node http://itachi-HP-Pavilion-Laptop-15-cc1xx:45207/
[rosmaster.master][INFO] 2020-02-29 00:01:02,713: +SERVICE [/serial_node/get_loggers] /serial_node http://itachi-HP-Pavilion-Laptop-15-cc1xx:45207/
[rosmaster.master][INFO] 2020-02-29 00:01:02,714: +SERVICE [/serial_node/set_logger_level] /serial_node http://itachi-HP-Pavilion-Laptop-15-cc1xx:45207/
[rosmaster.master][INFO] 2020-02-29 00:01:02,721: +PUB [/diagnostics] /serial_node http://itachi-HP-Pavilion-Laptop-15-cc1xx:45207/
[rosmaster.master][INFO] 2020-02-29 00:01:02,723: -PUB [/diagnostics] /serial_node http://itachi-HP-Pavilion-Laptop-15-cc1xx:45207/
[rosmaster.master][INFO] 2020-02-29 00:01:02,723: -PUB [/rosout] /serial_node http://itachi-HP-Pavilion-Laptop-15-cc1xx:45207/
[rosmaster.master][INFO] 2020-02-29 00:01:02,723: -SERVICE [/serial_node/get_loggers] /serial_node rosrpc://itachi-HP-Pavilion-Laptop-15-cc1xx:38609
[rosmaster.master][INFO] 2020-02-29 00:01:02,723: -SERVICE [/serial_node/set_logger_level] /serial_node rosrpc://itachi-HP-Pavilion-Laptop-15-cc1xx:38609
[rosmaster.master][INFO] 2020-02-29 00:01:02,780: publisherUpdate[/usb_cam/image_rect_color] -> http://itachi-HP-Pavilion-Laptop-15-cc1xx:46861/ ['http://itachi-HP-Pavilion-Laptop-15-cc1xx:36263/']
[rosmaster.master][INFO] 2020-02-29 00:01:02,781: publisherUpdate[/usb_cam/image_rect_color] -> http://itachi-HP-Pavilion-Laptop-15-cc1xx:46861/ ['http://itachi-HP-Pavilion-Laptop-15-cc1xx:36263/']: sec=0.00, result=[1, '', 0]
[rosmaster.master][INFO] 2020-02-29 00:01:02,781: publisherUpdate[/rosout] -> http://itachi-HP-Pavilion-Laptop-15-cc1xx:41665/ ['http://itachi-HP-Pavilion-Laptop-15-cc1xx:45575/', 'http://itachi-HP-Pavilion-Laptop-15-cc1xx:36263/', 'http://itachi-HP-Pavilion-Laptop-15-cc1xx:46861/', 'http://itachi-HP-Pavilion-Laptop-15-cc1xx:43753/', 'http://itachi-HP-Pavilion-Laptop-15-cc1xx:45207/']
[rosmaster.master][INFO] 2020-02-29 00:01:02,782: publisherUpdate[/rosout] -> http://itachi-HP-Pavilion-Laptop-15-cc1xx:41665/ ['http://itachi-HP-Pavilion-Laptop-15-cc1xx:45575/', 'http://itachi-HP-Pavilion-Laptop-15-cc1xx:36263/', 'http://itachi-HP-Pavilion-Laptop-15-cc1xx:46861/', 'http://itachi-HP-Pavilion-Laptop-15-cc1xx:43753/', 'http://itachi-HP-Pavilion-Laptop-15-cc1xx:45207/']: sec=0.00, result=[1, '', 0]
[rosmaster.master][INFO] 2020-02-29 00:01:02,782: publisherUpdate[/rosout] -> http://itachi-HP-Pavilion-Laptop-15-cc1xx:41665/ ['http://itachi-HP-Pavilion-Laptop-15-cc1xx:45575/', 'http://itachi-HP-Pavilion-Laptop-15-cc1xx:36263/', 'http://itachi-HP-Pavilion-Laptop-15-cc1xx:46861/', 'http://itachi-HP-Pavilion-Laptop-15-cc1xx:43753/']
[rosmaster.master][INFO] 2020-02-29 00:01:02,782: publisherUpdate[/rosout] -> http://itachi-HP-Pavilion-Laptop-15-cc1xx:41665/ ['http://itachi-HP-Pavilion-Laptop-15-cc1xx:45575/', 'http://itachi-HP-Pavilion-Laptop-15-cc1xx:36263/', 'http://itachi-HP-Pavilion-Laptop-15-cc1xx:46861/', 'http://itachi-HP-Pavilion-Laptop-15-cc1xx:43753/']: sec=0.00, result=[1, '', 0]
[rosmaster.master][INFO] 2020-02-29 00:01:02,785: -PUB [/rosout] /usb_cam http://itachi-HP-Pavilion-Laptop-15-cc1xx:45575/
[rosmaster.master][INFO] 2020-02-29 00:01:02,786: -PUB [/usb_cam/image_raw/compressedDepth] /usb_cam http://itachi-HP-Pavilion-Laptop-15-cc1xx:45575/
[rosmaster.master][INFO] 2020-02-29 00:01:02,787: -PUB [/usb_cam/image_raw/compressedDepth/parameter_descriptions] /usb_cam http://itachi-HP-Pavilion-Laptop-15-cc1xx:45575/
[rosmaster.master][INFO] 2020-02-29 00:01:02,788: -PUB [/usb_cam/image_raw/compressedDepth/parameter_updates] /usb_cam http://itachi-HP-Pavilion-Laptop-15-cc1xx:45575/
[rosmaster.master][INFO] 2020-02-29 00:01:02,788: -PUB [/usb_cam/image_raw/compressed] /usb_cam http://itachi-HP-Pavilion-Laptop-15-cc1xx:45575/
[rosmaster.master][INFO] 2020-02-29 00:01:02,789: -PUB [/usb_cam/image_raw/compressed/parameter_descriptions] /usb_cam http://itachi-HP-Pavilion-Laptop-15-cc1xx:45575/
[rosmaster.master][INFO] 2020-02-29 00:01:02,789: -PUB [/usb_cam/image_raw/compressed/parameter_updates] /usb_cam http://itachi-HP-Pavilion-Laptop-15-cc1xx:45575/
[rosmaster.master][INFO] 2020-02-29 00:01:02,790: -PUB [/usb_cam/image_raw] /usb_cam http://itachi-HP-Pavilion-Laptop-15-cc1xx:45575/
[rosmaster.master][INFO] 2020-02-29 00:01:02,790: -PUB [/usb_cam/image_raw/theora] /usb_cam http://itachi-HP-Pavilion-Laptop-15-cc1xx:45575/
[rosmaster.master][INFO] 2020-02-29 00:01:02,791: -PUB [/usb_cam/image_raw/theora/parameter_descriptions] /usb_cam http://itachi-HP-Pavilion-Laptop-15-cc1xx:45575/
[rosmaster.master][INFO] 2020-02-29 00:01:02,791: -PUB [/usb_cam/image_raw/theora/parameter_updates] /usb_cam http://itachi-HP-Pavilion-Laptop-15-cc1xx:45575/
[rosmaster.master][INFO] 2020-02-29 00:01:02,792: -PUB [/usb_cam/camera_info] /usb_cam http://itachi-HP-Pavilion-Laptop-15-cc1xx:45575/
[rosmaster.master][INFO] 2020-02-29 00:01:02,882: publisherUpdate[/rosout] -> http://itachi-HP-Pavilion-Laptop-15-cc1xx:41665/ ['http://itachi-HP-Pavilion-Laptop-15-cc1xx:36263/', 'http://itachi-HP-Pavilion-Laptop-15-cc1xx:46861/', 'http://itachi-HP-Pavilion-Laptop-15-cc1xx:43753/']
[rosmaster.master][INFO] 2020-02-29 00:01:02,883: publisherUpdate[/rosout] -> http://itachi-HP-Pavilion-Laptop-15-cc1xx:41665/ ['http://itachi-HP-Pavilion-Laptop-15-cc1xx:36263/', 'http://itachi-HP-Pavilion-Laptop-15-cc1xx:46861/', 'http://itachi-HP-Pavilion-Laptop-15-cc1xx:43753/']: sec=0.00, result=[1, '', 0]
[rosmaster.master][INFO] 2020-02-29 00:01:02,883: publisherUpdate[/usb_cam/camera_info] -> http://itachi-HP-Pavilion-Laptop-15-cc1xx:46861/ []
[rosmaster.master][INFO] 2020-02-29 00:01:02,883: publisherUpdate[/usb_cam/camera_info] -> http://itachi-HP-Pavilion-Laptop-15-cc1xx:46861/ []: sec=0.00, result=[1, '', 0]
[rosmaster.master][INFO] 2020-02-29 00:01:02,987: +SUB [/usb_cam/image_color] /usb_cam/image_proc http://itachi-HP-Pavilion-Laptop-15-cc1xx:36263/
[rosmaster.master][INFO] 2020-02-29 00:01:02,990: +SUB [/usb_cam/camera_info] /usb_cam/image_proc http://itachi-HP-Pavilion-Laptop-15-cc1xx:36263/
[rosmaster.master][INFO] 2020-02-29 00:01:02,992: +SUB [/usb_cam/image_raw] /usb_cam/image_proc http://itachi-HP-Pavilion-Laptop-15-cc1xx:36263/
[rosmaster.master][INFO] 2020-02-29 00:01:08,692: -PUB [/rosout] /usb_cam/image_proc http://itachi-HP-Pavilion-Laptop-15-cc1xx:36263/
[rosmaster.master][INFO] 2020-02-29 00:01:08,693: -PUB [/rosout] /whycon http://itachi-HP-Pavilion-Laptop-15-cc1xx:46861/
[rosmaster.master][INFO] 2020-02-29 00:01:08,694: -PUB [/usb_cam/image_proc_debayer/parameter_descriptions] /usb_cam/image_proc http://itachi-HP-Pavilion-Laptop-15-cc1xx:36263/
[rosmaster.master][INFO] 2020-02-29 00:01:08,694: -PUB [/rosout] /whycon_display/image_view http://itachi-HP-Pavilion-Laptop-15-cc1xx:43753/
[rosmaster.master][INFO] 2020-02-29 00:01:08,695: -PUB [/tf] /whycon http://itachi-HP-Pavilion-Laptop-15-cc1xx:46861/
[rosmaster.master][INFO] 2020-02-29 00:01:08,696: -PUB [/usb_cam/image_proc_debayer/parameter_updates] /usb_cam/image_proc http://itachi-HP-Pavilion-Laptop-15-cc1xx:36263/
[rosmaster.master][INFO] 2020-02-29 00:01:08,696: -PUB [/whycon_display/image_view/output] /whycon_display/image_view http://itachi-HP-Pavilion-Laptop-15-cc1xx:43753/
[rosmaster.master][INFO] 2020-02-29 00:01:08,697: -PUB [/whycon/image_out] /whycon http://itachi-HP-Pavilion-Laptop-15-cc1xx:46861/
[rosmaster.master][INFO] 2020-02-29 00:01:08,698: -PUB [/usb_cam/image_mono/compressedDepth] /usb_cam/image_proc http://itachi-HP-Pavilion-Laptop-15-cc1xx:36263/
[rosmaster.master][INFO] 2020-02-29 00:01:08,699: -PUB [/whycon_display/image_view/parameter_descriptions] /whycon_display/image_view http://itachi-HP-Pavilion-Laptop-15-cc1xx:43753/
[rosmaster.master][INFO] 2020-02-29 00:01:08,699: -PUB [/whycon/poses] /whycon http://itachi-HP-Pavilion-Laptop-15-cc1xx:46861/
[rosmaster.master][INFO] 2020-02-29 00:01:08,700: -PUB [/usb_cam/image_mono/compressedDepth/parameter_descriptions] /usb_cam/image_proc http://itachi-HP-Pavilion-Laptop-15-cc1xx:36263/
[rosmaster.master][INFO] 2020-02-29 00:01:08,701: -PUB [/whycon_display/image_view/parameter_updates] /whycon_display/image_view http://itachi-HP-Pavilion-Laptop-15-cc1xx:43753/
[rosmaster.master][INFO] 2020-02-29 00:01:08,701: -PUB [/whycon/context] /whycon http://itachi-HP-Pavilion-Laptop-15-cc1xx:46861/
[rosmaster.master][INFO] 2020-02-29 00:01:08,702: -PUB [/usb_cam/image_mono/compressedDepth/parameter_updates] /usb_cam/image_proc http://itachi-HP-Pavilion-Laptop-15-cc1xx:36263/
[rosmaster.master][INFO] 2020-02-29 00:01:08,703: -SUB [/whycon/image_out] /whycon_display/image_view http://itachi-HP-Pavilion-Laptop-15-cc1xx:43753/
[rosmaster.master][INFO] 2020-02-29 00:01:08,703: -PUB [/whycon/projection] /whycon http://itachi-HP-Pavilion-Laptop-15-cc1xx:46861/
[rosmaster.master][INFO] 2020-02-29 00:01:08,704: -PUB [/usb_cam/image_mono/compressed] /usb_cam/image_proc http://itachi-HP-Pavilion-Laptop-15-cc1xx:36263/
[rosmaster.master][INFO] 2020-02-29 00:01:08,705: -SERVICE [/whycon_display/image_view/get_loggers] /whycon_display/image_view rosrpc://itachi-HP-Pavilion-Laptop-15-cc1xx:47035
[rosmaster.master][INFO] 2020-02-29 00:01:08,705: -SUB [/usb_cam/image_rect_color] /whycon http://itachi-HP-Pavilion-Laptop-15-cc1xx:46861/
[rosmaster.master][INFO] 2020-02-29 00:01:08,706: -PUB [/usb_cam/image_mono/compressed/parameter_descriptions] /usb_cam/image_proc http://itachi-HP-Pavilion-Laptop-15-cc1xx:36263/
[rosmaster.master][INFO] 2020-02-29 00:01:08,707: -SERVICE [/whycon_display/image_view/set_logger_level] /whycon_display/image_view rosrpc://itachi-HP-Pavilion-Laptop-15-cc1xx:47035
[rosmaster.master][INFO] 2020-02-29 00:01:08,707: -SUB [/usb_cam/camera_info] /whycon http://itachi-HP-Pavilion-Laptop-15-cc1xx:46861/
[rosmaster.master][INFO] 2020-02-29 00:01:08,708: -PUB [/usb_cam/image_mono/compressed/parameter_updates] /usb_cam/image_proc http://itachi-HP-Pavilion-Laptop-15-cc1xx:36263/
[rosmaster.master][INFO] 2020-02-29 00:01:08,709: -SERVICE [/whycon_display/image_view/set_parameters] /whycon_display/image_view rosrpc://itachi-HP-Pavilion-Laptop-15-cc1xx:47035
[rosmaster.master][INFO] 2020-02-29 00:01:08,709: -SERVICE [/whycon/get_loggers] /whycon rosrpc://itachi-HP-Pavilion-Laptop-15-cc1xx:53105
[rosmaster.master][INFO] 2020-02-29 00:01:08,710: -PUB [/usb_cam/image_mono] /usb_cam/image_proc http://itachi-HP-Pavilion-Laptop-15-cc1xx:36263/
[rosmaster.master][INFO] 2020-02-29 00:01:08,711: -SERVICE [/whycon/set_logger_level] /whycon rosrpc://itachi-HP-Pavilion-Laptop-15-cc1xx:53105
[rosmaster.master][INFO] 2020-02-29 00:01:08,712: -PUB [/usb_cam/image_mono/theora] /usb_cam/image_proc http://itachi-HP-Pavilion-Laptop-15-cc1xx:36263/
[rosmaster.master][INFO] 2020-02-29 00:01:08,712: -SERVICE [/whycon/reset] /whycon rosrpc://itachi-HP-Pavilion-Laptop-15-cc1xx:53105
[rosmaster.master][INFO] 2020-02-29 00:01:08,713: -PUB [/usb_cam/image_mono/theora/parameter_descriptions] /usb_cam/image_proc http://itachi-HP-Pavilion-Laptop-15-cc1xx:36263/
[rosmaster.master][INFO] 2020-02-29 00:01:08,714: -PUB [/usb_cam/image_mono/theora/parameter_updates] /usb_cam/image_proc http://itachi-HP-Pavilion-Laptop-15-cc1xx:36263/
[rosmaster.master][INFO] 2020-02-29 00:01:08,714: -PUB [/usb_cam/image_color/compressedDepth] /usb_cam/image_proc http://itachi-HP-Pavilion-Laptop-15-cc1xx:36263/
[rosmaster.master][INFO] 2020-02-29 00:01:08,715: -PUB [/usb_cam/image_color/compressedDepth/parameter_descriptions] /usb_cam/image_proc http://itachi-HP-Pavilion-Laptop-15-cc1xx:36263/
[rosmaster.master][INFO] 2020-02-29 00:01:08,716: -PUB [/usb_cam/image_color/compressedDepth/parameter_updates] /usb_cam/image_proc http://itachi-HP-Pavilion-Laptop-15-cc1xx:36263/
[rosmaster.master][INFO] 2020-02-29 00:01:08,716: -PUB [/usb_cam/image_color/compressed] /usb_cam/image_proc http://itachi-HP-Pavilion-Laptop-15-cc1xx:36263/
[rosmaster.master][INFO] 2020-02-29 00:01:08,717: -PUB [/usb_cam/image_color/compressed/parameter_descriptions] /usb_cam/image_proc http://itachi-HP-Pavilion-Laptop-15-cc1xx:36263/
[rosmaster.master][INFO] 2020-02-29 00:01:08,718: -PUB [/usb_cam/image_color/compressed/parameter_updates] /usb_cam/image_proc http://itachi-HP-Pavilion-Laptop-15-cc1xx:36263/
[rosmaster.master][INFO] 2020-02-29 00:01:08,718: -PUB [/usb_cam/image_color] /usb_cam/image_proc http://itachi-HP-Pavilion-Laptop-15-cc1xx:36263/
[rosmaster.master][INFO] 2020-02-29 00:01:08,719: -PUB [/usb_cam/image_color/theora] /usb_cam/image_proc http://itachi-HP-Pavilion-Laptop-15-cc1xx:36263/
[rosmaster.master][INFO] 2020-02-29 00:01:08,719: -PUB [/usb_cam/image_color/theora/parameter_descriptions] /usb_cam/image_proc http://itachi-HP-Pavilion-Laptop-15-cc1xx:36263/
[rosmaster.master][INFO] 2020-02-29 00:01:08,720: -PUB [/usb_cam/image_color/theora/parameter_updates] /usb_cam/image_proc http://itachi-HP-Pavilion-Laptop-15-cc1xx:36263/
[rosmaster.master][INFO] 2020-02-29 00:01:08,721: -PUB [/usb_cam/image_proc_rectify_mono/parameter_descriptions] /usb_cam/image_proc http://itachi-HP-Pavilion-Laptop-15-cc1xx:36263/
[rosmaster.master][INFO] 2020-02-29 00:01:08,721: -PUB [/usb_cam/image_proc_rectify_mono/parameter_updates] /usb_cam/image_proc http://itachi-HP-Pavilion-Laptop-15-cc1xx:36263/
[rosmaster.master][INFO] 2020-02-29 00:01:08,722: -PUB [/usb_cam/image_rect/compressedDepth] /usb_cam/image_proc http://itachi-HP-Pavilion-Laptop-15-cc1xx:36263/
[rosmaster.master][INFO] 2020-02-29 00:01:08,723: -PUB [/usb_cam/image_rect/compressedDepth/parameter_descriptions] /usb_cam/image_proc http://itachi-HP-Pavilion-Laptop-15-cc1xx:36263/
[rosmaster.master][INFO] 2020-02-29 00:01:08,724: -PUB [/usb_cam/image_rect/compressedDepth/parameter_updates] /usb_cam/image_proc http://itachi-HP-Pavilion-Laptop-15-cc1xx:36263/
[rosmaster.master][INFO] 2020-02-29 00:01:08,724: -PUB [/usb_cam/image_rect/compressed] /usb_cam/image_proc http://itachi-HP-Pavilion-Laptop-15-cc1xx:36263/
[rosmaster.master][INFO] 2020-02-29 00:01:08,725: -PUB [/usb_cam/image_rect/compressed/parameter_descriptions] /usb_cam/image_proc http://itachi-HP-Pavilion-Laptop-15-cc1xx:36263/
[rosmaster.master][INFO] 2020-02-29 00:01:08,725: -PUB [/usb_cam/image_rect/compressed/parameter_updates] /usb_cam/image_proc http://itachi-HP-Pavilion-Laptop-15-cc1xx:36263/
[rosmaster.master][INFO] 2020-02-29 00:01:08,726: -PUB [/usb_cam/image_rect] /usb_cam/image_proc http://itachi-HP-Pavilion-Laptop-15-cc1xx:36263/
[rosmaster.master][INFO] 2020-02-29 00:01:08,727: -PUB [/usb_cam/image_rect/theora] /usb_cam/image_proc http://itachi-HP-Pavilion-Laptop-15-cc1xx:36263/
[rosmaster.master][INFO] 2020-02-29 00:01:08,727: -PUB [/usb_cam/image_rect/theora/parameter_descriptions] /usb_cam/image_proc http://itachi-HP-Pavilion-Laptop-15-cc1xx:36263/
[rosmaster.master][INFO] 2020-02-29 00:01:08,728: -PUB [/usb_cam/image_rect/theora/parameter_updates] /usb_cam/image_proc http://itachi-HP-Pavilion-Laptop-15-cc1xx:36263/
[rosmaster.master][INFO] 2020-02-29 00:01:08,729: -PUB [/usb_cam/image_proc_rectify_color/parameter_descriptions] /usb_cam/image_proc http://itachi-HP-Pavilion-Laptop-15-cc1xx:36263/
[rosmaster.master][INFO] 2020-02-29 00:01:08,729: -PUB [/usb_cam/image_proc_rectify_color/parameter_updates] /usb_cam/image_proc http://itachi-HP-Pavilion-Laptop-15-cc1xx:36263/
[rosmaster.master][INFO] 2020-02-29 00:01:08,730: -PUB [/usb_cam/image_rect_color/compressedDepth] /usb_cam/image_proc http://itachi-HP-Pavilion-Laptop-15-cc1xx:36263/
[rosmaster.master][INFO] 2020-02-29 00:01:08,730: -PUB [/usb_cam/image_rect_color/compressedDepth/parameter_descriptions] /usb_cam/image_proc http://itachi-HP-Pavilion-Laptop-15-cc1xx:36263/
[rosmaster.master][INFO] 2020-02-29 00:01:08,731: -PUB [/usb_cam/image_rect_color/compressedDepth/parameter_updates] /usb_cam/image_proc http://itachi-HP-Pavilion-Laptop-15-cc1xx:36263/
[rosmaster.master][INFO] 2020-02-29 00:01:08,731: -PUB [/usb_cam/image_rect_color/compressed] /usb_cam/image_proc http://itachi-HP-Pavilion-Laptop-15-cc1xx:36263/
[rosmaster.master][INFO] 2020-02-29 00:01:08,732: -PUB [/usb_cam/image_rect_color/compressed/parameter_descriptions] /usb_cam/image_proc http://itachi-HP-Pavilion-Laptop-15-cc1xx:36263/
[rosmaster.master][INFO] 2020-02-29 00:01:08,733: -PUB [/usb_cam/image_rect_color/compressed/parameter_updates] /usb_cam/image_proc http://itachi-HP-Pavilion-Laptop-15-cc1xx:36263/
[rosmaster.master][INFO] 2020-02-29 00:01:08,733: -PUB [/usb_cam/image_rect_color] /usb_cam/image_proc http://itachi-HP-Pavilion-Laptop-15-cc1xx:36263/
[rosmaster.master][INFO] 2020-02-29 00:01:08,734: -PUB [/usb_cam/image_rect_color/theora] /usb_cam/image_proc http://itachi-HP-Pavilion-Laptop-15-cc1xx:36263/
[rosmaster.master][INFO] 2020-02-29 00:01:08,734: -PUB [/usb_cam/image_rect_color/theora/parameter_descriptions] /usb_cam/image_proc http://itachi-HP-Pavilion-Laptop-15-cc1xx:36263/
[rosmaster.master][INFO] 2020-02-29 00:01:08,735: -PUB [/usb_cam/image_rect_color/theora/parameter_updates] /usb_cam/image_proc http://itachi-HP-Pavilion-Laptop-15-cc1xx:36263/
[rosmaster.master][INFO] 2020-02-29 00:01:08,736: -SUB [/usb_cam/image_color] /usb_cam/image_proc http://itachi-HP-Pavilion-Laptop-15-cc1xx:36263/
[rosmaster.master][INFO] 2020-02-29 00:01:08,736: -SUB [/usb_cam/camera_info] /usb_cam/image_proc http://itachi-HP-Pavilion-Laptop-15-cc1xx:36263/
[rosmaster.master][INFO] 2020-02-29 00:01:08,737: -SUB [/usb_cam/image_raw] /usb_cam/image_proc http://itachi-HP-Pavilion-Laptop-15-cc1xx:36263/
[rosmaster.master][INFO] 2020-02-29 00:01:08,738: -SERVICE [/usb_cam/image_proc/get_loggers] /usb_cam/image_proc rosrpc://itachi-HP-Pavilion-Laptop-15-cc1xx:53841
[rosmaster.master][INFO] 2020-02-29 00:01:08,738: -SERVICE [/usb_cam/image_proc/set_logger_level] /usb_cam/image_proc rosrpc://itachi-HP-Pavilion-Laptop-15-cc1xx:53841
[rosmaster.master][INFO] 2020-02-29 00:01:08,739: -SERVICE [/usb_cam/image_proc_debayer/set_parameters] /usb_cam/image_proc rosrpc://itachi-HP-Pavilion-Laptop-15-cc1xx:53841
[rosmaster.master][INFO] 2020-02-29 00:01:08,739: -SERVICE [/usb_cam/image_mono/compressedDepth/set_parameters] /usb_cam/image_proc rosrpc://itachi-HP-Pavilion-Laptop-15-cc1xx:53841
[rosmaster.master][INFO] 2020-02-29 00:01:08,740: -SERVICE [/usb_cam/image_mono/compressed/set_parameters] /usb_cam/image_proc rosrpc://itachi-HP-Pavilion-Laptop-15-cc1xx:53841
[rosmaster.master][INFO] 2020-02-29 00:01:08,741: -SERVICE [/usb_cam/image_mono/theora/set_parameters] /usb_cam/image_proc rosrpc://itachi-HP-Pavilion-Laptop-15-cc1xx:53841
[rosmaster.master][INFO] 2020-02-29 00:01:08,741: -SERVICE [/usb_cam/image_color/compressedDepth/set_parameters] /usb_cam/image_proc rosrpc://itachi-HP-Pavilion-Laptop-15-cc1xx:53841
[rosmaster.master][INFO] 2020-02-29 00:01:08,742: -SERVICE [/usb_cam/image_color/compressed/set_parameters] /usb_cam/image_proc rosrpc://itachi-HP-Pavilion-Laptop-15-cc1xx:53841
[rosmaster.master][INFO] 2020-02-29 00:01:08,742: -SERVICE [/usb_cam/image_color/theora/set_parameters] /usb_cam/image_proc rosrpc://itachi-HP-Pavilion-Laptop-15-cc1xx:53841
[rosmaster.master][INFO] 2020-02-29 00:01:08,743: -SERVICE [/usb_cam/image_proc_rectify_mono/set_parameters] /usb_cam/image_proc rosrpc://itachi-HP-Pavilion-Laptop-15-cc1xx:53841
[rosmaster.master][INFO] 2020-02-29 00:01:08,744: -SERVICE [/usb_cam/image_rect/compressedDepth/set_parameters] /usb_cam/image_proc rosrpc://itachi-HP-Pavilion-Laptop-15-cc1xx:53841
[rosmaster.master][INFO] 2020-02-29 00:01:08,744: -SERVICE [/usb_cam/image_rect/compressed/set_parameters] /usb_cam/image_proc rosrpc://itachi-HP-Pavilion-Laptop-15-cc1xx:53841
[rosmaster.master][INFO] 2020-02-29 00:01:08,745: -SERVICE [/usb_cam/image_rect/theora/set_parameters] /usb_cam/image_proc rosrpc://itachi-HP-Pavilion-Laptop-15-cc1xx:53841
[rosmaster.master][INFO] 2020-02-29 00:01:08,745: -SERVICE [/usb_cam/image_proc_rectify_color/set_parameters] /usb_cam/image_proc rosrpc://itachi-HP-Pavilion-Laptop-15-cc1xx:53841
[rosmaster.master][INFO] 2020-02-29 00:01:08,746: -SERVICE [/usb_cam/image_rect_color/compressedDepth/set_parameters] /usb_cam/image_proc rosrpc://itachi-HP-Pavilion-Laptop-15-cc1xx:53841
[rosmaster.master][INFO] 2020-02-29 00:01:08,747: -SERVICE [/usb_cam/image_rect_color/compressed/set_parameters] /usb_cam/image_proc rosrpc://itachi-HP-Pavilion-Laptop-15-cc1xx:53841
[rosmaster.master][INFO] 2020-02-29 00:01:08,747: -SERVICE [/usb_cam/image_rect_color/theora/set_parameters] /usb_cam/image_proc rosrpc://itachi-HP-Pavilion-Laptop-15-cc1xx:53841
[rosmaster.master][INFO] 2020-02-29 00:01:08,791: publisherUpdate[/rosout] -> http://itachi-HP-Pavilion-Laptop-15-cc1xx:41665/ ['http://itachi-HP-Pavilion-Laptop-15-cc1xx:46861/', 'http://itachi-HP-Pavilion-Laptop-15-cc1xx:43753/']
[rosmaster.master][INFO] 2020-02-29 00:01:08,792: publisherUpdate[/whycon/image_out] -> http://itachi-HP-Pavilion-Laptop-15-cc1xx:43753/ []
[rosmaster.master][INFO] 2020-02-29 00:01:08,792: publisherUpdate[/usb_cam/image_color] -> http://itachi-HP-Pavilion-Laptop-15-cc1xx:36263/ []
[rosmaster.master][INFO] 2020-02-29 00:01:08,792: publisherUpdate[/rosout] -> http://itachi-HP-Pavilion-Laptop-15-cc1xx:41665/ ['http://itachi-HP-Pavilion-Laptop-15-cc1xx:46861/', 'http://itachi-HP-Pavilion-Laptop-15-cc1xx:43753/']: sec=0.00, result=[1, '', 0]
[rosmaster.master][INFO] 2020-02-29 00:01:08,793: publisherUpdate[/rosout] -> http://itachi-HP-Pavilion-Laptop-15-cc1xx:41665/ ['http://itachi-HP-Pavilion-Laptop-15-cc1xx:43753/']
[rosmaster.master][INFO] 2020-02-29 00:01:08,793: publisherUpdate[/whycon/image_out] -> http://itachi-HP-Pavilion-Laptop-15-cc1xx:43753/ []: sec=0.00, exception=<Fault -1: 'publisherUpdate: unknown method name'>
[rosmaster.master][INFO] 2020-02-29 00:01:08,794: publisherUpdate[/rosout] -> http://itachi-HP-Pavilion-Laptop-15-cc1xx:41665/ ['http://itachi-HP-Pavilion-Laptop-15-cc1xx:43753/']: sec=0.00, result=[1, '', 0]
[rosmaster.master][INFO] 2020-02-29 00:01:08,794: publisherUpdate[/usb_cam/image_color] -> http://itachi-HP-Pavilion-Laptop-15-cc1xx:36263/ []: sec=0.00, exception=<Fault -1: 'publisherUpdate: unknown method name'>
[rosmaster.master][INFO] 2020-02-29 00:01:08,794: publisherUpdate[/rosout] -> http://itachi-HP-Pavilion-Laptop-15-cc1xx:41665/ []
[rosmaster.master][INFO] 2020-02-29 00:01:08,795: publisherUpdate[/rosout] -> http://itachi-HP-Pavilion-Laptop-15-cc1xx:41665/ []: sec=0.00, result=[1, '', 0]
[rosmaster.threadpool][ERROR] 2020-02-29 00:01:08,796: Traceback (most recent call last):
  File "/opt/ros/kinetic/lib/python2.7/dist-packages/rosmaster/threadpool.py", line 218, in run
    result = cmd(*args)
  File "/opt/ros/kinetic/lib/python2.7/dist-packages/rosmaster/master_api.py", line 210, in publisher_update_task
    ret = xmlrpcapi(api).publisherUpdate('/master', topic, pub_uris)
  File "/usr/lib/python2.7/xmlrpclib.py", line 1243, in __call__
    return self.__send(self.__name, args)
  File "/usr/lib/python2.7/xmlrpclib.py", line 1602, in __request
    verbose=self.__verbose
  File "/usr/lib/python2.7/xmlrpclib.py", line 1283, in request
    return self.single_request(host, handler, request_body, verbose)
  File "/usr/lib/python2.7/xmlrpclib.py", line 1316, in single_request
    return self.parse_response(response)
  File "/usr/lib/python2.7/xmlrpclib.py", line 1493, in parse_response
    return u.close()
  File "/usr/lib/python2.7/xmlrpclib.py", line 800, in close
    raise Fault(**self._stack[0])
Fault: <Fault -1: 'publisherUpdate: unknown method name'>

[rosmaster.threadpool][ERROR] 2020-02-29 00:01:08,796: Traceback (most recent call last):
  File "/opt/ros/kinetic/lib/python2.7/dist-packages/rosmaster/threadpool.py", line 218, in run
    result = cmd(*args)
  File "/opt/ros/kinetic/lib/python2.7/dist-packages/rosmaster/master_api.py", line 210, in publisher_update_task
    ret = xmlrpcapi(api).publisherUpdate('/master', topic, pub_uris)
  File "/usr/lib/python2.7/xmlrpclib.py", line 1243, in __call__
    return self.__send(self.__name, args)
  File "/usr/lib/python2.7/xmlrpclib.py", line 1602, in __request
    verbose=self.__verbose
  File "/usr/lib/python2.7/xmlrpclib.py", line 1283, in request
    return self.single_request(host, handler, request_body, verbose)
  File "/usr/lib/python2.7/xmlrpclib.py", line 1316, in single_request
    return self.parse_response(response)
  File "/usr/lib/python2.7/xmlrpclib.py", line 1493, in parse_response
    return u.close()
  File "/usr/lib/python2.7/xmlrpclib.py", line 800, in close
    raise Fault(**self._stack[0])
Fault: <Fault -1: 'publisherUpdate: unknown method name'>

[rosmaster.master][INFO] 2020-02-29 00:01:09,096: -PUB [/rosout_agg] /rosout http://itachi-HP-Pavilion-Laptop-15-cc1xx:41665/
[rosmaster.master][INFO] 2020-02-29 00:01:09,097: -SUB [/rosout] /rosout http://itachi-HP-Pavilion-Laptop-15-cc1xx:41665/
[rosmaster.master][INFO] 2020-02-29 00:01:09,097: -SERVICE [/rosout/get_loggers] /rosout rosrpc://itachi-HP-Pavilion-Laptop-15-cc1xx:38223
[rosmaster.master][INFO] 2020-02-29 00:01:09,098: -SERVICE [/rosout/set_logger_level] /rosout rosrpc://itachi-HP-Pavilion-Laptop-15-cc1xx:38223
[rosmaster.main][INFO] 2020-02-29 00:01:09,141: keyboard interrupt, will exit
[rosmaster.main][INFO] 2020-02-29 00:01:09,141: stopping master...
[rospy.core][INFO] 2020-02-29 00:01:09,141: signal_shutdown [atexit]
