[rospy.client][INFO] 2019-12-21 11:35:52,468: init_node, name[/tune_pid_drone], pid[13030]
[xmlrpc][INFO] 2019-12-21 11:35:52,468: XML-RPC server binding to 0.0.0.0:0
[xmlrpc][INFO] 2019-12-21 11:35:52,469: Started XML-RPC server [http://itachi-HP-Pavilion-Laptop-15-cc1xx:42333/]
[rospy.init][INFO] 2019-12-21 11:35:52,469: ROS Slave URI: [http://itachi-HP-Pavilion-Laptop-15-cc1xx:42333/]
[rospy.impl.masterslave][INFO] 2019-12-21 11:35:52,469: _ready: http://itachi-HP-Pavilion-Laptop-15-cc1xx:42333/
[rospy.registration][INFO] 2019-12-21 11:35:52,469: Registering with master node http://localhost:11311
[xmlrpc][INFO] 2019-12-21 11:35:52,469: xml rpc node: starting XML-RPC server
[rospy.init][INFO] 2019-12-21 11:35:52,569: registered with master
[rospy.rosout][INFO] 2019-12-21 11:35:52,569: initializing /rosout core topic
[rospy.rosout][INFO] 2019-12-21 11:35:52,571: connected to core topic /rosout
[rospy.simtime][INFO] 2019-12-21 11:35:52,571: /use_sim_time is not set, will not subscribe to simulated time [/clock] topic
[rospy.internal][INFO] 2019-12-21 11:35:52,639: topic[/pid_tuning_roll] adding connection to [/drone_control], count 0
[rospy.internal][INFO] 2019-12-21 11:35:52,639: topic[/pid_tuning_pitch] adding connection to [/drone_control], count 0
[rospy.internal][INFO] 2019-12-21 11:35:52,661: topic[/pid_tuning_altitude] adding connection to [/drone_control], count 0
[rospy.internal][INFO] 2019-12-21 11:35:52,816: topic[/rosout] adding connection to [/rosout], count 0
[rospy.core][INFO] 2019-12-21 11:36:37,938: signal_shutdown [signal-2]
[rospy.internal][INFO] 2019-12-21 11:36:37,940: topic[/pid_tuning_pitch] removing connection to /drone_control
[rospy.internal][INFO] 2019-12-21 11:36:37,941: topic[/pid_tuning_roll] removing connection to /drone_control
[rospy.internal][INFO] 2019-12-21 11:36:37,941: topic[/rosout] removing connection to /rosout
[rospy.internal][INFO] 2019-12-21 11:36:37,941: topic[/pid_tuning_altitude] removing connection to /drone_control
[rospy.impl.masterslave][INFO] 2019-12-21 11:36:37,941: signal-2
[rospy.core][INFO] 2019-12-21 11:36:41,051: signal_shutdown [atexit]
[rospy.client][INFO] 2019-12-21 11:36:43,339: init_node, name[/tune_pid_drone], pid[13125]
[xmlrpc][INFO] 2019-12-21 11:36:43,340: XML-RPC server binding to 0.0.0.0:0
[xmlrpc][INFO] 2019-12-21 11:36:43,340: Started XML-RPC server [http://itachi-HP-Pavilion-Laptop-15-cc1xx:41743/]
[rospy.init][INFO] 2019-12-21 11:36:43,340: ROS Slave URI: [http://itachi-HP-Pavilion-Laptop-15-cc1xx:41743/]
[rospy.impl.masterslave][INFO] 2019-12-21 11:36:43,340: _ready: http://itachi-HP-Pavilion-Laptop-15-cc1xx:41743/
[rospy.registration][INFO] 2019-12-21 11:36:43,341: Registering with master node http://localhost:11311
[xmlrpc][INFO] 2019-12-21 11:36:43,341: xml rpc node: starting XML-RPC server
[rospy.init][INFO] 2019-12-21 11:36:43,440: registered with master
[rospy.rosout][INFO] 2019-12-21 11:36:43,441: initializing /rosout core topic
[rospy.rosout][INFO] 2019-12-21 11:36:43,442: connected to core topic /rosout
[rospy.simtime][INFO] 2019-12-21 11:36:43,443: /use_sim_time is not set, will not subscribe to simulated time [/clock] topic
[rospy.internal][INFO] 2019-12-21 11:36:43,494: topic[/pid_tuning_pitch] adding connection to [/drone_control], count 0
[rospy.internal][INFO] 2019-12-21 11:36:43,495: topic[/pid_tuning_roll] adding connection to [/drone_control], count 0
[rospy.internal][INFO] 2019-12-21 11:36:43,553: topic[/pid_tuning_altitude] adding connection to [/drone_control], count 0
[rospy.internal][INFO] 2019-12-21 11:36:43,683: topic[/rosout] adding connection to [/rosout], count 0
[rospy.core][INFO] 2019-12-21 11:37:00,052: signal_shutdown [signal-2]
[rospy.internal][INFO] 2019-12-21 11:37:00,054: topic[/pid_tuning_pitch] removing connection to /drone_control
[rospy.internal][INFO] 2019-12-21 11:37:00,055: topic[/pid_tuning_roll] removing connection to /drone_control
[rospy.internal][INFO] 2019-12-21 11:37:00,055: topic[/rosout] removing connection to /rosout
[rospy.internal][INFO] 2019-12-21 11:37:00,055: topic[/pid_tuning_altitude] removing connection to /drone_control
[rospy.impl.masterslave][INFO] 2019-12-21 11:37:00,055: signal-2
[rospy.client][INFO] 2019-12-21 11:38:27,678: init_node, name[/tune_pid_drone], pid[13330]
[xmlrpc][INFO] 2019-12-21 11:38:27,679: XML-RPC server binding to 0.0.0.0:0
[xmlrpc][INFO] 2019-12-21 11:38:27,679: Started XML-RPC server [http://itachi-HP-Pavilion-Laptop-15-cc1xx:43105/]
[rospy.init][INFO] 2019-12-21 11:38:27,679: ROS Slave URI: [http://itachi-HP-Pavilion-Laptop-15-cc1xx:43105/]
[rospy.impl.masterslave][INFO] 2019-12-21 11:38:27,679: _ready: http://itachi-HP-Pavilion-Laptop-15-cc1xx:43105/
[rospy.registration][INFO] 2019-12-21 11:38:27,680: Registering with master node http://localhost:11311
[xmlrpc][INFO] 2019-12-21 11:38:27,680: xml rpc node: starting XML-RPC server
[rospy.init][INFO] 2019-12-21 11:38:27,779: registered with master
[rospy.rosout][INFO] 2019-12-21 11:38:27,779: initializing /rosout core topic
[rospy.rosout][INFO] 2019-12-21 11:38:27,781: connected to core topic /rosout
[rospy.simtime][INFO] 2019-12-21 11:38:27,782: /use_sim_time is not set, will not subscribe to simulated time [/clock] topic
[rospy.internal][INFO] 2019-12-21 11:38:27,833: topic[/pid_tuning_pitch] adding connection to [/drone_control], count 0
[rospy.internal][INFO] 2019-12-21 11:38:27,869: topic[/pid_tuning_altitude] adding connection to [/drone_control], count 0
[rospy.internal][INFO] 2019-12-21 11:38:27,870: topic[/pid_tuning_roll] adding connection to [/drone_control], count 0
[rospy.internal][INFO] 2019-12-21 11:38:27,995: topic[/rosout] adding connection to [/rosout], count 0
[rospy.internal][INFO] 2019-12-21 11:39:01,193: topic[/pid_tuning_pitch] removing connection to /drone_control
[rospy.internal][INFO] 2019-12-21 11:39:01,194: topic[/pid_tuning_roll] removing connection to /drone_control
[rospy.internal][INFO] 2019-12-21 11:39:01,195: topic[/pid_tuning_altitude] removing connection to /drone_control
[rospy.core][INFO] 2019-12-21 11:39:03,608: signal_shutdown [signal-2]
[rospy.internal][INFO] 2019-12-21 11:39:03,617: topic[/rosout] removing connection to /rosout
[rospy.impl.masterslave][INFO] 2019-12-21 11:39:03,617: signal-2
[rospy.core][INFO] 2019-12-21 11:39:06,155: signal_shutdown [atexit]
[rospy.client][INFO] 2019-12-21 11:45:07,467: init_node, name[/tune_pid_drone], pid[13679]
[xmlrpc][INFO] 2019-12-21 11:45:07,467: XML-RPC server binding to 0.0.0.0:0
[xmlrpc][INFO] 2019-12-21 11:45:07,468: Started XML-RPC server [http://itachi-HP-Pavilion-Laptop-15-cc1xx:36703/]
[rospy.init][INFO] 2019-12-21 11:45:07,468: ROS Slave URI: [http://itachi-HP-Pavilion-Laptop-15-cc1xx:36703/]
[rospy.impl.masterslave][INFO] 2019-12-21 11:45:07,468: _ready: http://itachi-HP-Pavilion-Laptop-15-cc1xx:36703/
[rospy.registration][INFO] 2019-12-21 11:45:07,468: Registering with master node http://localhost:11311
[xmlrpc][INFO] 2019-12-21 11:45:07,468: xml rpc node: starting XML-RPC server
[rospy.init][INFO] 2019-12-21 11:45:07,568: registered with master
[rospy.rosout][INFO] 2019-12-21 11:45:07,568: initializing /rosout core topic
[rospy.rosout][INFO] 2019-12-21 11:45:07,570: connected to core topic /rosout
[rospy.simtime][INFO] 2019-12-21 11:45:07,570: /use_sim_time is not set, will not subscribe to simulated time [/clock] topic
[rospy.internal][INFO] 2019-12-21 11:45:07,619: topic[/pid_tuning_pitch] adding connection to [/drone_control], count 0
[rospy.internal][INFO] 2019-12-21 11:45:07,672: topic[/pid_tuning_altitude] adding connection to [/drone_control], count 0
[rospy.internal][INFO] 2019-12-21 11:45:07,672: topic[/pid_tuning_roll] adding connection to [/drone_control], count 0
[rospy.internal][INFO] 2019-12-21 11:45:07,799: topic[/rosout] adding connection to [/rosout], count 0
[rospy.internal][INFO] 2019-12-21 11:45:49,483: topic[/pid_tuning_pitch] removing connection to /drone_control
[rospy.internal][INFO] 2019-12-21 11:45:49,485: topic[/pid_tuning_roll] removing connection to /drone_control
[rospy.internal][INFO] 2019-12-21 11:45:49,486: topic[/pid_tuning_altitude] removing connection to /drone_control
