[rosmaster.main][INFO] 2020-02-28 19:41:49,273: initialization complete, waiting for shutdown
[rosmaster.main][INFO] 2020-02-28 19:41:49,273: Starting ROS Master Node
[xmlrpc][INFO] 2020-02-28 19:41:49,274: XML-RPC server binding to 0.0.0.0:11311
[xmlrpc][INFO] 2020-02-28 19:41:49,274: Started XML-RPC server [http://itachi-HP-Pavilion-Laptop-15-cc1xx:11311/]
[rosmaster.master][INFO] 2020-02-28 19:41:49,274: Master initialized: port[11311], uri[http://itachi-HP-Pavilion-Laptop-15-cc1xx:11311/]
[xmlrpc][INFO] 2020-02-28 19:41:49,274: xml rpc node: starting XML-RPC server
[rosmaster.master][INFO] 2020-02-28 19:41:49,321: +PARAM [/run_id] by /roslaunch
[rosmaster.master][INFO] 2020-02-28 19:41:49,322: +PARAM [/roslaunch/uris/host_itachi_hp_pavilion_laptop_15_cc1xx__43823] by /roslaunch
[rosmaster.master][INFO] 2020-02-28 19:41:49,410: +PARAM [/usb_cam/image_width] by /roslaunch
[rosmaster.master][INFO] 2020-02-28 19:41:49,411: +PARAM [/usb_cam/video_device] by /roslaunch
[rosmaster.master][INFO] 2020-02-28 19:41:49,411: +PARAM [/rosdistro] by /roslaunch
[rosmaster.master][INFO] 2020-02-28 19:41:49,411: +PARAM [/serial_node/baud] by /roslaunch
[rosmaster.master][INFO] 2020-02-28 19:41:49,411: +PARAM [/whycon/targets] by /roslaunch
[rosmaster.master][INFO] 2020-02-28 19:41:49,411: +PARAM [/usb_cam/pixel_format] by /roslaunch
[rosmaster.master][INFO] 2020-02-28 19:41:49,411: +PARAM [/usb_cam/io_method] by /roslaunch
[rosmaster.master][INFO] 2020-02-28 19:41:49,411: +PARAM [/usb_cam/camera_frame_id] by /roslaunch
[rosmaster.master][INFO] 2020-02-28 19:41:49,411: +PARAM [/whycon/name] by /roslaunch
[rosmaster.master][INFO] 2020-02-28 19:41:49,411: +PARAM [/rosversion] by /roslaunch
[rosmaster.master][INFO] 2020-02-28 19:41:49,411: +PARAM [/whycon/outer_diameter] by /roslaunch
[rosmaster.master][INFO] 2020-02-28 19:41:49,411: +PARAM [/usb_cam/image_height] by /roslaunch
[rosmaster.master][INFO] 2020-02-28 19:41:49,411: +PARAM [/serial_node/port] by /roslaunch
[rosmaster.master][INFO] 2020-02-28 19:41:49,411: +PARAM [/whycon/inner_diameter] by /roslaunch
[rosmaster.master][INFO] 2020-02-28 19:41:49,413: +SERVICE [/rosout/get_loggers] /rosout http://itachi-HP-Pavilion-Laptop-15-cc1xx:39839/
[rosmaster.master][INFO] 2020-02-28 19:41:49,414: +SERVICE [/rosout/set_logger_level] /rosout http://itachi-HP-Pavilion-Laptop-15-cc1xx:39839/
[rosmaster.master][INFO] 2020-02-28 19:41:49,415: +PUB [/rosout_agg] /rosout http://itachi-HP-Pavilion-Laptop-15-cc1xx:39839/
[rosmaster.master][INFO] 2020-02-28 19:41:49,418: +SUB [/rosout] /rosout http://itachi-HP-Pavilion-Laptop-15-cc1xx:39839/
[rosmaster.master][INFO] 2020-02-28 19:41:49,444: +PUB [/rosout] /usb_cam http://itachi-HP-Pavilion-Laptop-15-cc1xx:43085/
[rosmaster.master][INFO] 2020-02-28 19:41:49,445: +SERVICE [/usb_cam/get_loggers] /usb_cam http://itachi-HP-Pavilion-Laptop-15-cc1xx:43085/
[rosmaster.master][INFO] 2020-02-28 19:41:49,445: +SERVICE [/usb_cam/set_logger_level] /usb_cam http://itachi-HP-Pavilion-Laptop-15-cc1xx:43085/
[rosmaster.master][INFO] 2020-02-28 19:41:49,456: +PUB [/rosout] /usb_cam/image_proc http://itachi-HP-Pavilion-Laptop-15-cc1xx:34461/
[rosmaster.master][INFO] 2020-02-28 19:41:49,457: +SERVICE [/usb_cam/image_proc/get_loggers] /usb_cam/image_proc http://itachi-HP-Pavilion-Laptop-15-cc1xx:34461/
[rosmaster.master][INFO] 2020-02-28 19:41:49,458: +SERVICE [/usb_cam/image_proc/set_logger_level] /usb_cam/image_proc http://itachi-HP-Pavilion-Laptop-15-cc1xx:34461/
[rosmaster.master][INFO] 2020-02-28 19:41:49,467: +PUB [/rosout] /whycon http://itachi-HP-Pavilion-Laptop-15-cc1xx:38323/
[rosmaster.master][INFO] 2020-02-28 19:41:49,468: +SERVICE [/whycon/get_loggers] /whycon http://itachi-HP-Pavilion-Laptop-15-cc1xx:38323/
[rosmaster.master][INFO] 2020-02-28 19:41:49,468: +SERVICE [/whycon/set_logger_level] /whycon http://itachi-HP-Pavilion-Laptop-15-cc1xx:38323/
[rosmaster.master][INFO] 2020-02-28 19:41:49,473: publisherUpdate[/rosout] -> http://itachi-HP-Pavilion-Laptop-15-cc1xx:39839/ ['http://itachi-HP-Pavilion-Laptop-15-cc1xx:43085/']
[rosmaster.master][INFO] 2020-02-28 19:41:49,475: publisherUpdate[/rosout] -> http://itachi-HP-Pavilion-Laptop-15-cc1xx:39839/ ['http://itachi-HP-Pavilion-Laptop-15-cc1xx:43085/']: sec=0.00, result=[1, '', 0]
[rosmaster.master][INFO] 2020-02-28 19:41:49,475: publisherUpdate[/rosout] -> http://itachi-HP-Pavilion-Laptop-15-cc1xx:39839/ ['http://itachi-HP-Pavilion-Laptop-15-cc1xx:43085/', 'http://itachi-HP-Pavilion-Laptop-15-cc1xx:34461/']
[rosmaster.master][INFO] 2020-02-28 19:41:49,476: publisherUpdate[/rosout] -> http://itachi-HP-Pavilion-Laptop-15-cc1xx:39839/ ['http://itachi-HP-Pavilion-Laptop-15-cc1xx:43085/', 'http://itachi-HP-Pavilion-Laptop-15-cc1xx:34461/']: sec=0.00, result=[1, '', 0]
[rosmaster.master][INFO] 2020-02-28 19:41:49,476: publisherUpdate[/rosout] -> http://itachi-HP-Pavilion-Laptop-15-cc1xx:39839/ ['http://itachi-HP-Pavilion-Laptop-15-cc1xx:43085/', 'http://itachi-HP-Pavilion-Laptop-15-cc1xx:34461/', 'http://itachi-HP-Pavilion-Laptop-15-cc1xx:38323/']
[rosmaster.master][INFO] 2020-02-28 19:41:49,477: +PUB [/rosout] /whycon_display/image_view http://itachi-HP-Pavilion-Laptop-15-cc1xx:43741/
[rosmaster.master][INFO] 2020-02-28 19:41:49,477: publisherUpdate[/rosout] -> http://itachi-HP-Pavilion-Laptop-15-cc1xx:39839/ ['http://itachi-HP-Pavilion-Laptop-15-cc1xx:43085/', 'http://itachi-HP-Pavilion-Laptop-15-cc1xx:34461/', 'http://itachi-HP-Pavilion-Laptop-15-cc1xx:38323/']: sec=0.00, result=[1, '', 0]
[rosmaster.master][INFO] 2020-02-28 19:41:49,478: publisherUpdate[/rosout] -> http://itachi-HP-Pavilion-Laptop-15-cc1xx:39839/ ['http://itachi-HP-Pavilion-Laptop-15-cc1xx:43085/', 'http://itachi-HP-Pavilion-Laptop-15-cc1xx:34461/', 'http://itachi-HP-Pavilion-Laptop-15-cc1xx:38323/', 'http://itachi-HP-Pavilion-Laptop-15-cc1xx:43741/']
[rosmaster.master][INFO] 2020-02-28 19:41:49,478: publisherUpdate[/rosout] -> http://itachi-HP-Pavilion-Laptop-15-cc1xx:39839/ ['http://itachi-HP-Pavilion-Laptop-15-cc1xx:43085/', 'http://itachi-HP-Pavilion-Laptop-15-cc1xx:34461/', 'http://itachi-HP-Pavilion-Laptop-15-cc1xx:38323/', 'http://itachi-HP-Pavilion-Laptop-15-cc1xx:43741/']: sec=0.00, result=[1, '', 0]
[rosmaster.master][INFO] 2020-02-28 19:41:49,478: +SERVICE [/whycon_display/image_view/get_loggers] /whycon_display/image_view http://itachi-HP-Pavilion-Laptop-15-cc1xx:43741/
[rosmaster.master][INFO] 2020-02-28 19:41:49,479: +SERVICE [/whycon_display/image_view/set_logger_level] /whycon_display/image_view http://itachi-HP-Pavilion-Laptop-15-cc1xx:43741/
[rosmaster.master][INFO] 2020-02-28 19:41:49,488: +PUB [/usb_cam/image_raw/compressedDepth] /usb_cam http://itachi-HP-Pavilion-Laptop-15-cc1xx:43085/
[rosmaster.master][INFO] 2020-02-28 19:41:49,489: +SERVICE [/usb_cam/image_raw/compressedDepth/set_parameters] /usb_cam http://itachi-HP-Pavilion-Laptop-15-cc1xx:43085/
[rosmaster.master][INFO] 2020-02-28 19:41:49,490: +PUB [/usb_cam/image_raw/compressedDepth/parameter_descriptions] /usb_cam http://itachi-HP-Pavilion-Laptop-15-cc1xx:43085/
[rosmaster.master][INFO] 2020-02-28 19:41:49,491: +PUB [/usb_cam/image_raw/compressedDepth/parameter_updates] /usb_cam http://itachi-HP-Pavilion-Laptop-15-cc1xx:43085/
[rosmaster.master][INFO] 2020-02-28 19:41:49,493: +SERVICE [/usb_cam/image_proc_debayer/set_parameters] /usb_cam/image_proc http://itachi-HP-Pavilion-Laptop-15-cc1xx:34461/
[rosmaster.master][INFO] 2020-02-28 19:41:49,494: +PUB [/usb_cam/image_proc_debayer/parameter_descriptions] /usb_cam/image_proc http://itachi-HP-Pavilion-Laptop-15-cc1xx:34461/
[rosmaster.master][INFO] 2020-02-28 19:41:49,495: +PARAM [/usb_cam/image_raw/compressedDepth/depth_max] by /usb_cam
[rosmaster.master][INFO] 2020-02-28 19:41:49,496: +PUB [/usb_cam/image_proc_debayer/parameter_updates] /usb_cam/image_proc http://itachi-HP-Pavilion-Laptop-15-cc1xx:34461/
[rosmaster.master][INFO] 2020-02-28 19:41:49,497: +PARAM [/usb_cam/image_raw/compressedDepth/depth_quantization] by /usb_cam
[rosmaster.master][INFO] 2020-02-28 19:41:49,498: +PARAM [/usb_cam/image_raw/compressedDepth/png_level] by /usb_cam
[rosmaster.master][INFO] 2020-02-28 19:41:49,498: +PARAM [/usb_cam/image_proc_debayer/debayer] by /usb_cam/image_proc
[rosmaster.master][INFO] 2020-02-28 19:41:49,499: +PARAM [/usb_cam/image_raw/compressedDepth/depth_max] by /usb_cam
[rosmaster.master][INFO] 2020-02-28 19:41:49,500: +PARAM [/usb_cam/image_proc_debayer/debayer] by /usb_cam/image_proc
[rosmaster.master][INFO] 2020-02-28 19:41:49,500: +PARAM [/usb_cam/image_raw/compressedDepth/depth_quantization] by /usb_cam
[rosmaster.master][INFO] 2020-02-28 19:41:49,501: +PARAM [/usb_cam/image_raw/compressedDepth/png_level] by /usb_cam
[rosmaster.master][INFO] 2020-02-28 19:41:49,502: +PUB [/usb_cam/image_mono/compressedDepth] /usb_cam/image_proc http://itachi-HP-Pavilion-Laptop-15-cc1xx:34461/
[rosmaster.master][INFO] 2020-02-28 19:41:49,503: +PUB [/usb_cam/image_raw/compressed] /usb_cam http://itachi-HP-Pavilion-Laptop-15-cc1xx:43085/
[rosmaster.master][INFO] 2020-02-28 19:41:49,504: +SERVICE [/usb_cam/image_mono/compressedDepth/set_parameters] /usb_cam/image_proc http://itachi-HP-Pavilion-Laptop-15-cc1xx:34461/
[rosmaster.master][INFO] 2020-02-28 19:41:49,504: +SERVICE [/usb_cam/image_raw/compressed/set_parameters] /usb_cam http://itachi-HP-Pavilion-Laptop-15-cc1xx:43085/
[rosmaster.master][INFO] 2020-02-28 19:41:49,505: +PUB [/usb_cam/image_mono/compressedDepth/parameter_descriptions] /usb_cam/image_proc http://itachi-HP-Pavilion-Laptop-15-cc1xx:34461/
[rosmaster.master][INFO] 2020-02-28 19:41:49,506: +PUB [/usb_cam/image_raw/compressed/parameter_descriptions] /usb_cam http://itachi-HP-Pavilion-Laptop-15-cc1xx:43085/
[rosmaster.master][INFO] 2020-02-28 19:41:49,506: +PUB [/usb_cam/image_mono/compressedDepth/parameter_updates] /usb_cam/image_proc http://itachi-HP-Pavilion-Laptop-15-cc1xx:34461/
[rosmaster.master][INFO] 2020-02-28 19:41:49,507: +PUB [/usb_cam/image_raw/compressed/parameter_updates] /usb_cam http://itachi-HP-Pavilion-Laptop-15-cc1xx:43085/
[rosmaster.master][INFO] 2020-02-28 19:41:49,510: +PARAM [/usb_cam/image_mono/compressedDepth/depth_max] by /usb_cam/image_proc
[rosmaster.master][INFO] 2020-02-28 19:41:49,511: +PARAM [/usb_cam/image_mono/compressedDepth/depth_quantization] by /usb_cam/image_proc
[rosmaster.master][INFO] 2020-02-28 19:41:49,512: +PARAM [/usb_cam/image_raw/compressed/format] by /usb_cam
[rosmaster.master][INFO] 2020-02-28 19:41:49,513: +PARAM [/usb_cam/image_mono/compressedDepth/png_level] by /usb_cam/image_proc
[rosmaster.master][INFO] 2020-02-28 19:41:49,514: +PARAM [/usb_cam/image_raw/compressed/jpeg_quality] by /usb_cam
[rosmaster.master][INFO] 2020-02-28 19:41:49,515: +PARAM [/usb_cam/image_mono/compressedDepth/depth_max] by /usb_cam/image_proc
[rosmaster.master][INFO] 2020-02-28 19:41:49,517: +PARAM [/usb_cam/image_raw/compressed/png_level] by /usb_cam
[rosmaster.master][INFO] 2020-02-28 19:41:49,518: +PARAM [/usb_cam/image_mono/compressedDepth/depth_quantization] by /usb_cam/image_proc
[rosmaster.master][INFO] 2020-02-28 19:41:49,519: +PARAM [/usb_cam/image_raw/compressed/format] by /usb_cam
[rosmaster.master][INFO] 2020-02-28 19:41:49,519: +PARAM [/usb_cam/image_mono/compressedDepth/png_level] by /usb_cam/image_proc
[rosmaster.master][INFO] 2020-02-28 19:41:49,521: +PARAM [/usb_cam/image_raw/compressed/jpeg_quality] by /usb_cam
[rosmaster.master][INFO] 2020-02-28 19:41:49,521: +PUB [/usb_cam/image_mono/compressed] /usb_cam/image_proc http://itachi-HP-Pavilion-Laptop-15-cc1xx:34461/
[rosmaster.master][INFO] 2020-02-28 19:41:49,522: +PARAM [/usb_cam/image_raw/compressed/png_level] by /usb_cam
[rosmaster.master][INFO] 2020-02-28 19:41:49,523: +SERVICE [/usb_cam/image_mono/compressed/set_parameters] /usb_cam/image_proc http://itachi-HP-Pavilion-Laptop-15-cc1xx:34461/
[rosmaster.master][INFO] 2020-02-28 19:41:49,524: +PUB [/usb_cam/image_mono/compressed/parameter_descriptions] /usb_cam/image_proc http://itachi-HP-Pavilion-Laptop-15-cc1xx:34461/
[rosmaster.master][INFO] 2020-02-28 19:41:49,525: +PUB [/usb_cam/image_raw] /usb_cam http://itachi-HP-Pavilion-Laptop-15-cc1xx:43085/
[rosmaster.master][INFO] 2020-02-28 19:41:49,527: +PUB [/usb_cam/image_mono/compressed/parameter_updates] /usb_cam/image_proc http://itachi-HP-Pavilion-Laptop-15-cc1xx:34461/
[rosmaster.master][INFO] 2020-02-28 19:41:49,528: +PUB [/usb_cam/image_raw/theora] /usb_cam http://itachi-HP-Pavilion-Laptop-15-cc1xx:43085/
[rosmaster.master][INFO] 2020-02-28 19:41:49,529: +SERVICE [/usb_cam/image_raw/theora/set_parameters] /usb_cam http://itachi-HP-Pavilion-Laptop-15-cc1xx:43085/
[rosmaster.master][INFO] 2020-02-28 19:41:49,531: +PUB [/usb_cam/image_raw/theora/parameter_descriptions] /usb_cam http://itachi-HP-Pavilion-Laptop-15-cc1xx:43085/
[rosmaster.master][INFO] 2020-02-28 19:41:49,533: +PUB [/usb_cam/image_raw/theora/parameter_updates] /usb_cam http://itachi-HP-Pavilion-Laptop-15-cc1xx:43085/
[rosmaster.master][INFO] 2020-02-28 19:41:49,534: +PARAM [/usb_cam/image_mono/compressed/format] by /usb_cam/image_proc
[rosmaster.master][INFO] 2020-02-28 19:41:49,535: +PUB [/tf] /whycon http://itachi-HP-Pavilion-Laptop-15-cc1xx:38323/
[rosmaster.master][INFO] 2020-02-28 19:41:49,535: +PARAM [/usb_cam/image_mono/compressed/jpeg_quality] by /usb_cam/image_proc
[rosmaster.master][INFO] 2020-02-28 19:41:49,538: +PARAM [/usb_cam/image_mono/compressed/png_level] by /usb_cam/image_proc
[rosmaster.master][INFO] 2020-02-28 19:41:49,539: +PARAM [/usb_cam/image_mono/compressed/format] by /usb_cam/image_proc
[rosmaster.master][INFO] 2020-02-28 19:41:49,540: +PARAM [/usb_cam/image_raw/theora/optimize_for] by /usb_cam
[rosmaster.master][INFO] 2020-02-28 19:41:49,541: +PARAM [/usb_cam/image_mono/compressed/jpeg_quality] by /usb_cam/image_proc
[rosmaster.master][INFO] 2020-02-28 19:41:49,542: +PARAM [/usb_cam/image_raw/theora/target_bitrate] by /usb_cam
[rosmaster.master][INFO] 2020-02-28 19:41:49,543: +PARAM [/usb_cam/image_mono/compressed/png_level] by /usb_cam/image_proc
[rosmaster.master][INFO] 2020-02-28 19:41:49,543: +PARAM [/usb_cam/image_raw/theora/quality] by /usb_cam
[rosmaster.master][INFO] 2020-02-28 19:41:49,545: +PARAM [/usb_cam/image_raw/theora/keyframe_frequency] by /usb_cam
[rosmaster.master][INFO] 2020-02-28 19:41:49,545: +PUB [/usb_cam/image_mono] /usb_cam/image_proc http://itachi-HP-Pavilion-Laptop-15-cc1xx:34461/
[rosmaster.master][INFO] 2020-02-28 19:41:49,547: +PARAM [/usb_cam/image_raw/theora/optimize_for] by /usb_cam
[rosmaster.master][INFO] 2020-02-28 19:41:49,548: +PUB [/usb_cam/image_mono/theora] /usb_cam/image_proc http://itachi-HP-Pavilion-Laptop-15-cc1xx:34461/
[rosmaster.master][INFO] 2020-02-28 19:41:49,549: +PARAM [/usb_cam/image_raw/theora/target_bitrate] by /usb_cam
[rosmaster.master][INFO] 2020-02-28 19:41:49,550: +SUB [/usb_cam/image_rect_color] /whycon http://itachi-HP-Pavilion-Laptop-15-cc1xx:38323/
[rosmaster.master][INFO] 2020-02-28 19:41:49,551: +SERVICE [/usb_cam/image_mono/theora/set_parameters] /usb_cam/image_proc http://itachi-HP-Pavilion-Laptop-15-cc1xx:34461/
[rosmaster.master][INFO] 2020-02-28 19:41:49,552: +PARAM [/usb_cam/image_raw/theora/quality] by /usb_cam
[rosmaster.master][INFO] 2020-02-28 19:41:49,553: +PUB [/usb_cam/image_mono/theora/parameter_descriptions] /usb_cam/image_proc http://itachi-HP-Pavilion-Laptop-15-cc1xx:34461/
[rosmaster.master][INFO] 2020-02-28 19:41:49,554: +PARAM [/usb_cam/image_raw/theora/keyframe_frequency] by /usb_cam
[rosmaster.master][INFO] 2020-02-28 19:41:49,555: +PUB [/usb_cam/image_mono/theora/parameter_updates] /usb_cam/image_proc http://itachi-HP-Pavilion-Laptop-15-cc1xx:34461/
[rosmaster.master][INFO] 2020-02-28 19:41:49,556: +PUB [/usb_cam/camera_info] /usb_cam http://itachi-HP-Pavilion-Laptop-15-cc1xx:43085/
[rosmaster.master][INFO] 2020-02-28 19:41:49,560: +SUB [/usb_cam/camera_info] /whycon http://itachi-HP-Pavilion-Laptop-15-cc1xx:38323/
[rosmaster.master][INFO] 2020-02-28 19:41:49,562: +PUB [/whycon/image_out] /whycon http://itachi-HP-Pavilion-Laptop-15-cc1xx:38323/
[rosmaster.master][INFO] 2020-02-28 19:41:49,564: +PARAM [/usb_cam/image_mono/theora/optimize_for] by /usb_cam/image_proc
[rosmaster.master][INFO] 2020-02-28 19:41:49,566: +PUB [/whycon/poses] /whycon http://itachi-HP-Pavilion-Laptop-15-cc1xx:38323/
[rosmaster.master][INFO] 2020-02-28 19:41:49,567: +PARAM [/usb_cam/image_mono/theora/target_bitrate] by /usb_cam/image_proc
[rosmaster.master][INFO] 2020-02-28 19:41:49,568: +PUB [/whycon/context] /whycon http://itachi-HP-Pavilion-Laptop-15-cc1xx:38323/
[rosmaster.master][INFO] 2020-02-28 19:41:49,568: +PARAM [/usb_cam/image_mono/theora/quality] by /usb_cam/image_proc
[rosmaster.master][INFO] 2020-02-28 19:41:49,569: +PUB [/whycon/projection] /whycon http://itachi-HP-Pavilion-Laptop-15-cc1xx:38323/
[rosmaster.master][INFO] 2020-02-28 19:41:49,570: +PARAM [/usb_cam/image_mono/theora/keyframe_frequency] by /usb_cam/image_proc
[rosmaster.master][INFO] 2020-02-28 19:41:49,571: +SERVICE [/whycon/reset] /whycon http://itachi-HP-Pavilion-Laptop-15-cc1xx:38323/
[rosmaster.master][INFO] 2020-02-28 19:41:49,572: +PARAM [/usb_cam/image_mono/theora/optimize_for] by /usb_cam/image_proc
[rosmaster.master][INFO] 2020-02-28 19:41:49,573: +PARAM [/usb_cam/image_mono/theora/target_bitrate] by /usb_cam/image_proc
[rosmaster.master][INFO] 2020-02-28 19:41:49,574: +PARAM [/usb_cam/image_mono/theora/quality] by /usb_cam/image_proc
[rosmaster.master][INFO] 2020-02-28 19:41:49,576: +PARAM [/usb_cam/image_mono/theora/keyframe_frequency] by /usb_cam/image_proc
[rosmaster.master][INFO] 2020-02-28 19:41:49,578: +PUB [/usb_cam/image_color/compressedDepth] /usb_cam/image_proc http://itachi-HP-Pavilion-Laptop-15-cc1xx:34461/
[rosmaster.master][INFO] 2020-02-28 19:41:49,579: +SERVICE [/usb_cam/image_color/compressedDepth/set_parameters] /usb_cam/image_proc http://itachi-HP-Pavilion-Laptop-15-cc1xx:34461/
[rosmaster.master][INFO] 2020-02-28 19:41:49,580: +PUB [/usb_cam/image_color/compressedDepth/parameter_descriptions] /usb_cam/image_proc http://itachi-HP-Pavilion-Laptop-15-cc1xx:34461/
[rosmaster.master][INFO] 2020-02-28 19:41:49,581: +PUB [/usb_cam/image_color/compressedDepth/parameter_updates] /usb_cam/image_proc http://itachi-HP-Pavilion-Laptop-15-cc1xx:34461/
[rosmaster.master][INFO] 2020-02-28 19:41:49,585: +PARAM [/usb_cam/image_color/compressedDepth/depth_max] by /usb_cam/image_proc
[rosmaster.master][INFO] 2020-02-28 19:41:49,586: +PARAM [/usb_cam/image_color/compressedDepth/depth_quantization] by /usb_cam/image_proc
[rosmaster.master][INFO] 2020-02-28 19:41:49,587: +PARAM [/usb_cam/image_color/compressedDepth/png_level] by /usb_cam/image_proc
[rosmaster.master][INFO] 2020-02-28 19:41:49,588: +PARAM [/usb_cam/image_color/compressedDepth/depth_max] by /usb_cam/image_proc
[rosmaster.master][INFO] 2020-02-28 19:41:49,589: +PARAM [/usb_cam/image_color/compressedDepth/depth_quantization] by /usb_cam/image_proc
[rosmaster.master][INFO] 2020-02-28 19:41:49,589: +SERVICE [/usb_cam/set_camera_info] /usb_cam http://itachi-HP-Pavilion-Laptop-15-cc1xx:43085/
[rosmaster.master][INFO] 2020-02-28 19:41:49,590: +PARAM [/usb_cam/image_color/compressedDepth/png_level] by /usb_cam/image_proc
[rosmaster.master][INFO] 2020-02-28 19:41:49,591: +SERVICE [/usb_cam/start_capture] /usb_cam http://itachi-HP-Pavilion-Laptop-15-cc1xx:43085/
[rosmaster.master][INFO] 2020-02-28 19:41:49,591: +PUB [/usb_cam/image_color/compressed] /usb_cam/image_proc http://itachi-HP-Pavilion-Laptop-15-cc1xx:34461/
[rosmaster.master][INFO] 2020-02-28 19:41:49,592: +SERVICE [/usb_cam/stop_capture] /usb_cam http://itachi-HP-Pavilion-Laptop-15-cc1xx:43085/
[rosmaster.master][INFO] 2020-02-28 19:41:49,593: +SERVICE [/usb_cam/image_color/compressed/set_parameters] /usb_cam/image_proc http://itachi-HP-Pavilion-Laptop-15-cc1xx:34461/
[rosmaster.master][INFO] 2020-02-28 19:41:49,593: +PUB [/usb_cam/image_color/compressed/parameter_descriptions] /usb_cam/image_proc http://itachi-HP-Pavilion-Laptop-15-cc1xx:34461/
[rosmaster.master][INFO] 2020-02-28 19:41:49,595: +PUB [/usb_cam/image_color/compressed/parameter_updates] /usb_cam/image_proc http://itachi-HP-Pavilion-Laptop-15-cc1xx:34461/
[rosmaster.master][INFO] 2020-02-28 19:41:49,599: -SERVICE [/usb_cam/get_loggers] /usb_cam rosrpc://itachi-HP-Pavilion-Laptop-15-cc1xx:33125
[rosmaster.master][INFO] 2020-02-28 19:41:49,600: -SERVICE [/usb_cam/set_logger_level] /usb_cam rosrpc://itachi-HP-Pavilion-Laptop-15-cc1xx:33125
[rosmaster.master][INFO] 2020-02-28 19:41:49,602: +PARAM [/usb_cam/image_color/compressed/format] by /usb_cam/image_proc
[rosmaster.master][INFO] 2020-02-28 19:41:49,603: -SERVICE [/usb_cam/image_raw/compressedDepth/set_parameters] /usb_cam rosrpc://itachi-HP-Pavilion-Laptop-15-cc1xx:33125
[rosmaster.master][INFO] 2020-02-28 19:41:49,603: +PARAM [/usb_cam/image_color/compressed/jpeg_quality] by /usb_cam/image_proc
[rosmaster.master][INFO] 2020-02-28 19:41:49,605: +PARAM [/usb_cam/image_color/compressed/png_level] by /usb_cam/image_proc
[rosmaster.master][INFO] 2020-02-28 19:41:49,606: -SERVICE [/usb_cam/image_raw/compressed/set_parameters] /usb_cam rosrpc://itachi-HP-Pavilion-Laptop-15-cc1xx:33125
[rosmaster.master][INFO] 2020-02-28 19:41:49,606: +PARAM [/usb_cam/image_color/compressed/format] by /usb_cam/image_proc
[rosmaster.master][INFO] 2020-02-28 19:41:49,607: -SERVICE [/usb_cam/image_raw/theora/set_parameters] /usb_cam rosrpc://itachi-HP-Pavilion-Laptop-15-cc1xx:33125
[rosmaster.master][INFO] 2020-02-28 19:41:49,610: +PARAM [/usb_cam/image_color/compressed/jpeg_quality] by /usb_cam/image_proc
[rosmaster.master][INFO] 2020-02-28 19:41:49,613: -SERVICE [/usb_cam/set_camera_info] /usb_cam rosrpc://itachi-HP-Pavilion-Laptop-15-cc1xx:33125
[rosmaster.master][INFO] 2020-02-28 19:41:49,614: +PARAM [/usb_cam/image_color/compressed/png_level] by /usb_cam/image_proc
[rosmaster.master][INFO] 2020-02-28 19:41:49,614: -SERVICE [/usb_cam/start_capture] /usb_cam rosrpc://itachi-HP-Pavilion-Laptop-15-cc1xx:33125
[rosmaster.master][INFO] 2020-02-28 19:41:49,615: +PUB [/usb_cam/image_color] /usb_cam/image_proc http://itachi-HP-Pavilion-Laptop-15-cc1xx:34461/
[rosmaster.master][INFO] 2020-02-28 19:41:49,616: -SERVICE [/usb_cam/stop_capture] /usb_cam rosrpc://itachi-HP-Pavilion-Laptop-15-cc1xx:33125
[rosmaster.master][INFO] 2020-02-28 19:41:49,617: +PUB [/usb_cam/image_color/theora] /usb_cam/image_proc http://itachi-HP-Pavilion-Laptop-15-cc1xx:34461/
[rosmaster.master][INFO] 2020-02-28 19:41:49,618: +SERVICE [/usb_cam/image_color/theora/set_parameters] /usb_cam/image_proc http://itachi-HP-Pavilion-Laptop-15-cc1xx:34461/
[rosmaster.master][INFO] 2020-02-28 19:41:49,619: +PUB [/usb_cam/image_color/theora/parameter_descriptions] /usb_cam/image_proc http://itachi-HP-Pavilion-Laptop-15-cc1xx:34461/
[rosmaster.master][INFO] 2020-02-28 19:41:49,620: +PUB [/usb_cam/image_color/theora/parameter_updates] /usb_cam/image_proc http://itachi-HP-Pavilion-Laptop-15-cc1xx:34461/
[rosmaster.master][INFO] 2020-02-28 19:41:49,623: +PARAM [/usb_cam/image_color/theora/optimize_for] by /usb_cam/image_proc
[rosmaster.master][INFO] 2020-02-28 19:41:49,624: +PARAM [/usb_cam/image_color/theora/target_bitrate] by /usb_cam/image_proc
[rosmaster.master][INFO] 2020-02-28 19:41:49,625: +PARAM [/usb_cam/image_color/theora/quality] by /usb_cam/image_proc
[rosmaster.master][INFO] 2020-02-28 19:41:49,625: +PARAM [/usb_cam/image_color/theora/keyframe_frequency] by /usb_cam/image_proc
[rosmaster.master][INFO] 2020-02-28 19:41:49,626: +PARAM [/usb_cam/image_color/theora/optimize_for] by /usb_cam/image_proc
[rosmaster.master][INFO] 2020-02-28 19:41:49,627: +PARAM [/usb_cam/image_color/theora/target_bitrate] by /usb_cam/image_proc
[rosmaster.master][INFO] 2020-02-28 19:41:49,628: +PARAM [/usb_cam/image_color/theora/quality] by /usb_cam/image_proc
[rosmaster.master][INFO] 2020-02-28 19:41:49,628: +PARAM [/usb_cam/image_color/theora/keyframe_frequency] by /usb_cam/image_proc
[rosmaster.master][INFO] 2020-02-28 19:41:49,633: +SERVICE [/usb_cam/image_proc_rectify_mono/set_parameters] /usb_cam/image_proc http://itachi-HP-Pavilion-Laptop-15-cc1xx:34461/
[rosmaster.master][INFO] 2020-02-28 19:41:49,634: +PUB [/usb_cam/image_proc_rectify_mono/parameter_descriptions] /usb_cam/image_proc http://itachi-HP-Pavilion-Laptop-15-cc1xx:34461/
[rosmaster.master][INFO] 2020-02-28 19:41:49,635: +PUB [/usb_cam/image_proc_rectify_mono/parameter_updates] /usb_cam/image_proc http://itachi-HP-Pavilion-Laptop-15-cc1xx:34461/
[rosmaster.master][INFO] 2020-02-28 19:41:49,636: +PARAM [/usb_cam/image_proc_rectify_mono/interpolation] by /usb_cam/image_proc
[rosmaster.master][INFO] 2020-02-28 19:41:49,637: +PARAM [/usb_cam/image_proc_rectify_mono/interpolation] by /usb_cam/image_proc
[rosmaster.master][INFO] 2020-02-28 19:41:49,638: +PUB [/usb_cam/image_rect/compressedDepth] /usb_cam/image_proc http://itachi-HP-Pavilion-Laptop-15-cc1xx:34461/
[rosmaster.master][INFO] 2020-02-28 19:41:49,639: +SERVICE [/usb_cam/image_rect/compressedDepth/set_parameters] /usb_cam/image_proc http://itachi-HP-Pavilion-Laptop-15-cc1xx:34461/
[rosmaster.master][INFO] 2020-02-28 19:41:49,639: +PUB [/usb_cam/image_rect/compressedDepth/parameter_descriptions] /usb_cam/image_proc http://itachi-HP-Pavilion-Laptop-15-cc1xx:34461/
[rosmaster.master][INFO] 2020-02-28 19:41:49,640: +PUB [/usb_cam/image_rect/compressedDepth/parameter_updates] /usb_cam/image_proc http://itachi-HP-Pavilion-Laptop-15-cc1xx:34461/
[rosmaster.master][INFO] 2020-02-28 19:41:49,642: +PARAM [/usb_cam/image_rect/compressedDepth/depth_max] by /usb_cam/image_proc
[rosmaster.master][INFO] 2020-02-28 19:41:49,642: +PARAM [/usb_cam/image_rect/compressedDepth/depth_quantization] by /usb_cam/image_proc
[rosmaster.master][INFO] 2020-02-28 19:41:49,643: +PARAM [/usb_cam/image_rect/compressedDepth/png_level] by /usb_cam/image_proc
[rosmaster.master][INFO] 2020-02-28 19:41:49,644: +PARAM [/usb_cam/image_rect/compressedDepth/depth_max] by /usb_cam/image_proc
[rosmaster.master][INFO] 2020-02-28 19:41:49,645: +PARAM [/usb_cam/image_rect/compressedDepth/depth_quantization] by /usb_cam/image_proc
[rosmaster.master][INFO] 2020-02-28 19:41:49,646: +PARAM [/usb_cam/image_rect/compressedDepth/png_level] by /usb_cam/image_proc
[rosmaster.master][INFO] 2020-02-28 19:41:49,648: +PUB [/usb_cam/image_rect/compressed] /usb_cam/image_proc http://itachi-HP-Pavilion-Laptop-15-cc1xx:34461/
[rosmaster.master][INFO] 2020-02-28 19:41:49,651: +SERVICE [/usb_cam/image_rect/compressed/set_parameters] /usb_cam/image_proc http://itachi-HP-Pavilion-Laptop-15-cc1xx:34461/
[rosmaster.master][INFO] 2020-02-28 19:41:49,652: +PUB [/usb_cam/image_rect/compressed/parameter_descriptions] /usb_cam/image_proc http://itachi-HP-Pavilion-Laptop-15-cc1xx:34461/
[rosmaster.master][INFO] 2020-02-28 19:41:49,653: +SUB [/whycon/image_out] /whycon_display/image_view http://itachi-HP-Pavilion-Laptop-15-cc1xx:43741/
[rosmaster.master][INFO] 2020-02-28 19:41:49,653: +PUB [/usb_cam/image_rect/compressed/parameter_updates] /usb_cam/image_proc http://itachi-HP-Pavilion-Laptop-15-cc1xx:34461/
[rosmaster.master][INFO] 2020-02-28 19:41:49,654: +PUB [/whycon_display/image_view/output] /whycon_display/image_view http://itachi-HP-Pavilion-Laptop-15-cc1xx:43741/
[rosmaster.master][INFO] 2020-02-28 19:41:49,655: +SERVICE [/whycon_display/image_view/set_parameters] /whycon_display/image_view http://itachi-HP-Pavilion-Laptop-15-cc1xx:43741/
[rosmaster.master][INFO] 2020-02-28 19:41:49,656: +PUB [/whycon_display/image_view/parameter_descriptions] /whycon_display/image_view http://itachi-HP-Pavilion-Laptop-15-cc1xx:43741/
[rosmaster.master][INFO] 2020-02-28 19:41:49,657: +PARAM [/usb_cam/image_rect/compressed/format] by /usb_cam/image_proc
[rosmaster.master][INFO] 2020-02-28 19:41:49,657: +PUB [/whycon_display/image_view/parameter_updates] /whycon_display/image_view http://itachi-HP-Pavilion-Laptop-15-cc1xx:43741/
[rosmaster.master][INFO] 2020-02-28 19:41:49,658: +PARAM [/usb_cam/image_rect/compressed/jpeg_quality] by /usb_cam/image_proc
[rosmaster.master][INFO] 2020-02-28 19:41:49,659: +PARAM [/usb_cam/image_rect/compressed/png_level] by /usb_cam/image_proc
[rosmaster.master][INFO] 2020-02-28 19:41:49,660: +PARAM [/usb_cam/image_rect/compressed/format] by /usb_cam/image_proc
[rosmaster.master][INFO] 2020-02-28 19:41:49,661: +PARAM [/usb_cam/image_rect/compressed/jpeg_quality] by /usb_cam/image_proc
[rosmaster.master][INFO] 2020-02-28 19:41:49,662: +PARAM [/whycon_display/image_view/do_dynamic_scaling] by /whycon_display/image_view
[rosmaster.master][INFO] 2020-02-28 19:41:49,662: +PARAM [/usb_cam/image_rect/compressed/png_level] by /usb_cam/image_proc
[rosmaster.master][INFO] 2020-02-28 19:41:49,663: +PARAM [/whycon_display/image_view/colormap] by /whycon_display/image_view
[rosmaster.master][INFO] 2020-02-28 19:41:49,664: +PUB [/usb_cam/image_rect] /usb_cam/image_proc http://itachi-HP-Pavilion-Laptop-15-cc1xx:34461/
[rosmaster.master][INFO] 2020-02-28 19:41:49,665: +PARAM [/whycon_display/image_view/min_image_value] by /whycon_display/image_view
[rosmaster.master][INFO] 2020-02-28 19:41:49,666: +PUB [/usb_cam/image_rect/theora] /usb_cam/image_proc http://itachi-HP-Pavilion-Laptop-15-cc1xx:34461/
[rosmaster.master][INFO] 2020-02-28 19:41:49,666: +PARAM [/whycon_display/image_view/max_image_value] by /whycon_display/image_view
[rosmaster.master][INFO] 2020-02-28 19:41:49,667: +SERVICE [/usb_cam/image_rect/theora/set_parameters] /usb_cam/image_proc http://itachi-HP-Pavilion-Laptop-15-cc1xx:34461/
[rosmaster.master][INFO] 2020-02-28 19:41:49,668: +PARAM [/whycon_display/image_view/do_dynamic_scaling] by /whycon_display/image_view
[rosmaster.master][INFO] 2020-02-28 19:41:49,668: +PUB [/usb_cam/image_rect/theora/parameter_descriptions] /usb_cam/image_proc http://itachi-HP-Pavilion-Laptop-15-cc1xx:34461/
[rosmaster.master][INFO] 2020-02-28 19:41:49,669: +PARAM [/whycon_display/image_view/colormap] by /whycon_display/image_view
[rosmaster.master][INFO] 2020-02-28 19:41:49,669: +PUB [/usb_cam/image_rect/theora/parameter_updates] /usb_cam/image_proc http://itachi-HP-Pavilion-Laptop-15-cc1xx:34461/
[rosmaster.master][INFO] 2020-02-28 19:41:49,670: +PARAM [/whycon_display/image_view/min_image_value] by /whycon_display/image_view
[rosmaster.master][INFO] 2020-02-28 19:41:49,671: +PARAM [/whycon_display/image_view/max_image_value] by /whycon_display/image_view
[rosmaster.master][INFO] 2020-02-28 19:41:49,672: +PARAM [/usb_cam/image_rect/theora/optimize_for] by /usb_cam/image_proc
[rosmaster.master][INFO] 2020-02-28 19:41:49,673: +PARAM [/usb_cam/image_rect/theora/target_bitrate] by /usb_cam/image_proc
[rosmaster.master][INFO] 2020-02-28 19:41:49,673: +PARAM [/usb_cam/image_rect/theora/quality] by /usb_cam/image_proc
[rosmaster.master][INFO] 2020-02-28 19:41:49,674: +PARAM [/usb_cam/image_rect/theora/keyframe_frequency] by /usb_cam/image_proc
[rosmaster.master][INFO] 2020-02-28 19:41:49,674: +PARAM [/usb_cam/image_rect/theora/optimize_for] by /usb_cam/image_proc
[rosmaster.master][INFO] 2020-02-28 19:41:49,675: +PARAM [/usb_cam/image_rect/theora/target_bitrate] by /usb_cam/image_proc
[rosmaster.master][INFO] 2020-02-28 19:41:49,676: +PARAM [/usb_cam/image_rect/theora/quality] by /usb_cam/image_proc
[rosmaster.master][INFO] 2020-02-28 19:41:49,676: +PARAM [/usb_cam/image_rect/theora/keyframe_frequency] by /usb_cam/image_proc
[rosmaster.master][INFO] 2020-02-28 19:41:49,678: +SERVICE [/usb_cam/image_proc_rectify_color/set_parameters] /usb_cam/image_proc http://itachi-HP-Pavilion-Laptop-15-cc1xx:34461/
[rosmaster.master][INFO] 2020-02-28 19:41:49,679: +PUB [/usb_cam/image_proc_rectify_color/parameter_descriptions] /usb_cam/image_proc http://itachi-HP-Pavilion-Laptop-15-cc1xx:34461/
[rosmaster.master][INFO] 2020-02-28 19:41:49,680: +PUB [/usb_cam/image_proc_rectify_color/parameter_updates] /usb_cam/image_proc http://itachi-HP-Pavilion-Laptop-15-cc1xx:34461/
[rosmaster.master][INFO] 2020-02-28 19:41:49,682: +PARAM [/usb_cam/image_proc_rectify_color/interpolation] by /usb_cam/image_proc
[rosmaster.master][INFO] 2020-02-28 19:41:49,683: +PARAM [/usb_cam/image_proc_rectify_color/interpolation] by /usb_cam/image_proc
[rosmaster.master][INFO] 2020-02-28 19:41:49,684: +PUB [/usb_cam/image_rect_color/compressedDepth] /usb_cam/image_proc http://itachi-HP-Pavilion-Laptop-15-cc1xx:34461/
[rosmaster.master][INFO] 2020-02-28 19:41:49,684: +SERVICE [/usb_cam/image_rect_color/compressedDepth/set_parameters] /usb_cam/image_proc http://itachi-HP-Pavilion-Laptop-15-cc1xx:34461/
[rosmaster.master][INFO] 2020-02-28 19:41:49,685: +PUB [/usb_cam/image_rect_color/compressedDepth/parameter_descriptions] /usb_cam/image_proc http://itachi-HP-Pavilion-Laptop-15-cc1xx:34461/
[rosmaster.master][INFO] 2020-02-28 19:41:49,685: +PUB [/usb_cam/image_rect_color/compressedDepth/parameter_updates] /usb_cam/image_proc http://itachi-HP-Pavilion-Laptop-15-cc1xx:34461/
[rosmaster.master][INFO] 2020-02-28 19:41:49,687: +PARAM [/usb_cam/image_rect_color/compressedDepth/depth_max] by /usb_cam/image_proc
[rosmaster.master][INFO] 2020-02-28 19:41:49,688: +PARAM [/usb_cam/image_rect_color/compressedDepth/depth_quantization] by /usb_cam/image_proc
[rosmaster.master][INFO] 2020-02-28 19:41:49,688: +PARAM [/usb_cam/image_rect_color/compressedDepth/png_level] by /usb_cam/image_proc
[rosmaster.master][INFO] 2020-02-28 19:41:49,689: +PARAM [/usb_cam/image_rect_color/compressedDepth/depth_max] by /usb_cam/image_proc
[rosmaster.master][INFO] 2020-02-28 19:41:49,689: +PARAM [/usb_cam/image_rect_color/compressedDepth/depth_quantization] by /usb_cam/image_proc
[rosmaster.master][INFO] 2020-02-28 19:41:49,690: +PARAM [/usb_cam/image_rect_color/compressedDepth/png_level] by /usb_cam/image_proc
[rosmaster.master][INFO] 2020-02-28 19:41:49,691: +PUB [/usb_cam/image_rect_color/compressed] /usb_cam/image_proc http://itachi-HP-Pavilion-Laptop-15-cc1xx:34461/
[rosmaster.master][INFO] 2020-02-28 19:41:49,691: +SERVICE [/usb_cam/image_rect_color/compressed/set_parameters] /usb_cam/image_proc http://itachi-HP-Pavilion-Laptop-15-cc1xx:34461/
[rosmaster.master][INFO] 2020-02-28 19:41:49,692: +PUB [/usb_cam/image_rect_color/compressed/parameter_descriptions] /usb_cam/image_proc http://itachi-HP-Pavilion-Laptop-15-cc1xx:34461/
[rosmaster.master][INFO] 2020-02-28 19:41:49,693: +PUB [/usb_cam/image_rect_color/compressed/parameter_updates] /usb_cam/image_proc http://itachi-HP-Pavilion-Laptop-15-cc1xx:34461/
[rosmaster.master][INFO] 2020-02-28 19:41:49,694: +PARAM [/usb_cam/image_rect_color/compressed/format] by /usb_cam/image_proc
[rosmaster.master][INFO] 2020-02-28 19:41:49,695: +PARAM [/usb_cam/image_rect_color/compressed/jpeg_quality] by /usb_cam/image_proc
[rosmaster.master][INFO] 2020-02-28 19:41:49,696: +PARAM [/usb_cam/image_rect_color/compressed/png_level] by /usb_cam/image_proc
[rosmaster.master][INFO] 2020-02-28 19:41:49,696: +PARAM [/usb_cam/image_rect_color/compressed/format] by /usb_cam/image_proc
[rosmaster.master][INFO] 2020-02-28 19:41:49,698: +PARAM [/usb_cam/image_rect_color/compressed/jpeg_quality] by /usb_cam/image_proc
[rosmaster.master][INFO] 2020-02-28 19:41:49,699: +PARAM [/usb_cam/image_rect_color/compressed/png_level] by /usb_cam/image_proc
[rosmaster.master][INFO] 2020-02-28 19:41:49,699: +PUB [/usb_cam/image_rect_color] /usb_cam/image_proc http://itachi-HP-Pavilion-Laptop-15-cc1xx:34461/
[rosmaster.master][INFO] 2020-02-28 19:41:49,700: +PUB [/usb_cam/image_rect_color/theora] /usb_cam/image_proc http://itachi-HP-Pavilion-Laptop-15-cc1xx:34461/
[rosmaster.master][INFO] 2020-02-28 19:41:49,701: +SERVICE [/usb_cam/image_rect_color/theora/set_parameters] /usb_cam/image_proc http://itachi-HP-Pavilion-Laptop-15-cc1xx:34461/
[rosmaster.master][INFO] 2020-02-28 19:41:49,701: +PUB [/usb_cam/image_rect_color/theora/parameter_descriptions] /usb_cam/image_proc http://itachi-HP-Pavilion-Laptop-15-cc1xx:34461/
[rosmaster.master][INFO] 2020-02-28 19:41:49,702: +PUB [/usb_cam/image_rect_color/theora/parameter_updates] /usb_cam/image_proc http://itachi-HP-Pavilion-Laptop-15-cc1xx:34461/
[rosmaster.master][INFO] 2020-02-28 19:41:49,704: +PARAM [/usb_cam/image_rect_color/theora/optimize_for] by /usb_cam/image_proc
[rosmaster.master][INFO] 2020-02-28 19:41:49,704: +PARAM [/usb_cam/image_rect_color/theora/target_bitrate] by /usb_cam/image_proc
[rosmaster.master][INFO] 2020-02-28 19:41:49,705: +PARAM [/usb_cam/image_rect_color/theora/quality] by /usb_cam/image_proc
[rosmaster.master][INFO] 2020-02-28 19:41:49,705: +PARAM [/usb_cam/image_rect_color/theora/keyframe_frequency] by /usb_cam/image_proc
[rosmaster.master][INFO] 2020-02-28 19:41:49,706: +PARAM [/usb_cam/image_rect_color/theora/optimize_for] by /usb_cam/image_proc
[rosmaster.master][INFO] 2020-02-28 19:41:49,706: +PARAM [/usb_cam/image_rect_color/theora/target_bitrate] by /usb_cam/image_proc
[rosmaster.master][INFO] 2020-02-28 19:41:49,707: +PARAM [/usb_cam/image_rect_color/theora/quality] by /usb_cam/image_proc
[rosmaster.master][INFO] 2020-02-28 19:41:49,707: +PARAM [/usb_cam/image_rect_color/theora/keyframe_frequency] by /usb_cam/image_proc
[rosmaster.master][INFO] 2020-02-28 19:41:49,725: +PUB [/rosout] /serial_node http://itachi-HP-Pavilion-Laptop-15-cc1xx:46299/
[rosmaster.master][INFO] 2020-02-28 19:41:49,727: +SERVICE [/serial_node/get_loggers] /serial_node http://itachi-HP-Pavilion-Laptop-15-cc1xx:46299/
[rosmaster.master][INFO] 2020-02-28 19:41:49,728: +SERVICE [/serial_node/set_logger_level] /serial_node http://itachi-HP-Pavilion-Laptop-15-cc1xx:46299/
[rosmaster.master][INFO] 2020-02-28 19:41:49,735: +PUB [/diagnostics] /serial_node http://itachi-HP-Pavilion-Laptop-15-cc1xx:46299/
[rosmaster.master][INFO] 2020-02-28 19:41:49,775: publisherUpdate[/usb_cam/image_rect_color] -> http://itachi-HP-Pavilion-Laptop-15-cc1xx:38323/ ['http://itachi-HP-Pavilion-Laptop-15-cc1xx:34461/']
[rosmaster.master][INFO] 2020-02-28 19:41:49,775: publisherUpdate[/rosout] -> http://itachi-HP-Pavilion-Laptop-15-cc1xx:39839/ ['http://itachi-HP-Pavilion-Laptop-15-cc1xx:43085/', 'http://itachi-HP-Pavilion-Laptop-15-cc1xx:34461/', 'http://itachi-HP-Pavilion-Laptop-15-cc1xx:38323/', 'http://itachi-HP-Pavilion-Laptop-15-cc1xx:43741/', 'http://itachi-HP-Pavilion-Laptop-15-cc1xx:46299/']
[rosmaster.master][INFO] 2020-02-28 19:41:49,777: publisherUpdate[/rosout] -> http://itachi-HP-Pavilion-Laptop-15-cc1xx:39839/ ['http://itachi-HP-Pavilion-Laptop-15-cc1xx:43085/', 'http://itachi-HP-Pavilion-Laptop-15-cc1xx:34461/', 'http://itachi-HP-Pavilion-Laptop-15-cc1xx:38323/', 'http://itachi-HP-Pavilion-Laptop-15-cc1xx:43741/', 'http://itachi-HP-Pavilion-Laptop-15-cc1xx:46299/']: sec=0.00, result=[1, '', 0]
[rosmaster.master][INFO] 2020-02-28 19:41:49,778: publisherUpdate[/usb_cam/image_rect_color] -> http://itachi-HP-Pavilion-Laptop-15-cc1xx:38323/ ['http://itachi-HP-Pavilion-Laptop-15-cc1xx:34461/']: sec=0.00, result=[1, '', 0]
[rosmaster.master][INFO] 2020-02-28 19:41:49,782: -PUB [/rosout] /usb_cam http://itachi-HP-Pavilion-Laptop-15-cc1xx:43085/
[rosmaster.master][INFO] 2020-02-28 19:41:49,785: -PUB [/usb_cam/image_raw/compressedDepth] /usb_cam http://itachi-HP-Pavilion-Laptop-15-cc1xx:43085/
[rosmaster.master][INFO] 2020-02-28 19:41:49,787: -PUB [/usb_cam/image_raw/compressedDepth/parameter_descriptions] /usb_cam http://itachi-HP-Pavilion-Laptop-15-cc1xx:43085/
[rosmaster.master][INFO] 2020-02-28 19:41:49,789: -PUB [/usb_cam/image_raw/compressedDepth/parameter_updates] /usb_cam http://itachi-HP-Pavilion-Laptop-15-cc1xx:43085/
[rosmaster.master][INFO] 2020-02-28 19:41:49,792: -PUB [/usb_cam/image_raw/compressed] /usb_cam http://itachi-HP-Pavilion-Laptop-15-cc1xx:43085/
[rosmaster.master][INFO] 2020-02-28 19:41:49,794: -PUB [/usb_cam/image_raw/compressed/parameter_descriptions] /usb_cam http://itachi-HP-Pavilion-Laptop-15-cc1xx:43085/
[rosmaster.master][INFO] 2020-02-28 19:41:49,797: -PUB [/usb_cam/image_raw/compressed/parameter_updates] /usb_cam http://itachi-HP-Pavilion-Laptop-15-cc1xx:43085/
[rosmaster.master][INFO] 2020-02-28 19:41:49,799: -PUB [/usb_cam/image_raw] /usb_cam http://itachi-HP-Pavilion-Laptop-15-cc1xx:43085/
[rosmaster.master][INFO] 2020-02-28 19:41:49,802: -PUB [/usb_cam/image_raw/theora] /usb_cam http://itachi-HP-Pavilion-Laptop-15-cc1xx:43085/
[rosmaster.master][INFO] 2020-02-28 19:41:49,804: -PUB [/usb_cam/image_raw/theora/parameter_descriptions] /usb_cam http://itachi-HP-Pavilion-Laptop-15-cc1xx:43085/
[rosmaster.master][INFO] 2020-02-28 19:41:49,807: -PUB [/usb_cam/image_raw/theora/parameter_updates] /usb_cam http://itachi-HP-Pavilion-Laptop-15-cc1xx:43085/
[rosmaster.master][INFO] 2020-02-28 19:41:49,809: -PUB [/usb_cam/camera_info] /usb_cam http://itachi-HP-Pavilion-Laptop-15-cc1xx:43085/
[rosmaster.master][INFO] 2020-02-28 19:41:49,879: publisherUpdate[/rosout] -> http://itachi-HP-Pavilion-Laptop-15-cc1xx:39839/ ['http://itachi-HP-Pavilion-Laptop-15-cc1xx:34461/', 'http://itachi-HP-Pavilion-Laptop-15-cc1xx:38323/', 'http://itachi-HP-Pavilion-Laptop-15-cc1xx:43741/', 'http://itachi-HP-Pavilion-Laptop-15-cc1xx:46299/']
[rosmaster.master][INFO] 2020-02-28 19:41:49,879: publisherUpdate[/usb_cam/camera_info] -> http://itachi-HP-Pavilion-Laptop-15-cc1xx:38323/ []
[rosmaster.master][INFO] 2020-02-28 19:41:49,881: publisherUpdate[/rosout] -> http://itachi-HP-Pavilion-Laptop-15-cc1xx:39839/ ['http://itachi-HP-Pavilion-Laptop-15-cc1xx:34461/', 'http://itachi-HP-Pavilion-Laptop-15-cc1xx:38323/', 'http://itachi-HP-Pavilion-Laptop-15-cc1xx:43741/', 'http://itachi-HP-Pavilion-Laptop-15-cc1xx:46299/']: sec=0.00, result=[1, '', 0]
[rosmaster.master][INFO] 2020-02-28 19:41:49,883: publisherUpdate[/usb_cam/camera_info] -> http://itachi-HP-Pavilion-Laptop-15-cc1xx:38323/ []: sec=0.00, result=[1, '', 0]
[rosmaster.master][INFO] 2020-02-28 19:41:49,896: +SUB [/usb_cam/image_color] /usb_cam/image_proc http://itachi-HP-Pavilion-Laptop-15-cc1xx:34461/
[rosmaster.master][INFO] 2020-02-28 19:41:49,909: +SUB [/usb_cam/camera_info] /usb_cam/image_proc http://itachi-HP-Pavilion-Laptop-15-cc1xx:34461/
[rosmaster.master][INFO] 2020-02-28 19:41:49,920: +SUB [/usb_cam/image_raw] /usb_cam/image_proc http://itachi-HP-Pavilion-Laptop-15-cc1xx:34461/
[rosmaster.master][INFO] 2020-02-28 19:41:51,856: +SUB [/led_control_topic] /serial_node http://itachi-HP-Pavilion-Laptop-15-cc1xx:46299/
[rosmaster.master][INFO] 2020-02-28 19:41:53,524: -SUB [/led_control_topic] /serial_node http://itachi-HP-Pavilion-Laptop-15-cc1xx:46299/
[rosmaster.master][INFO] 2020-02-28 19:41:53,525: -PUB [/diagnostics] /serial_node http://itachi-HP-Pavilion-Laptop-15-cc1xx:46299/
[rosmaster.master][INFO] 2020-02-28 19:41:53,526: -PUB [/rosout] /serial_node http://itachi-HP-Pavilion-Laptop-15-cc1xx:46299/
[rosmaster.master][INFO] 2020-02-28 19:41:53,526: -SERVICE [/serial_node/get_loggers] /serial_node rosrpc://itachi-HP-Pavilion-Laptop-15-cc1xx:34763
[rosmaster.master][INFO] 2020-02-28 19:41:53,527: -SERVICE [/serial_node/set_logger_level] /serial_node rosrpc://itachi-HP-Pavilion-Laptop-15-cc1xx:34763
[rosmaster.master][INFO] 2020-02-28 19:41:53,589: publisherUpdate[/rosout] -> http://itachi-HP-Pavilion-Laptop-15-cc1xx:39839/ ['http://itachi-HP-Pavilion-Laptop-15-cc1xx:34461/', 'http://itachi-HP-Pavilion-Laptop-15-cc1xx:38323/', 'http://itachi-HP-Pavilion-Laptop-15-cc1xx:43741/']
[rosmaster.master][INFO] 2020-02-28 19:41:53,591: publisherUpdate[/rosout] -> http://itachi-HP-Pavilion-Laptop-15-cc1xx:39839/ ['http://itachi-HP-Pavilion-Laptop-15-cc1xx:34461/', 'http://itachi-HP-Pavilion-Laptop-15-cc1xx:38323/', 'http://itachi-HP-Pavilion-Laptop-15-cc1xx:43741/']: sec=0.00, result=[1, '', 0]
[rosmaster.master][INFO] 2020-02-28 19:41:53,690: -PUB [/rosout] /whycon_display/image_view http://itachi-HP-Pavilion-Laptop-15-cc1xx:43741/
[rosmaster.master][INFO] 2020-02-28 19:41:53,690: -PUB [/rosout] /whycon http://itachi-HP-Pavilion-Laptop-15-cc1xx:38323/
[rosmaster.master][INFO] 2020-02-28 19:41:53,691: -PUB [/rosout] /usb_cam/image_proc http://itachi-HP-Pavilion-Laptop-15-cc1xx:34461/
[rosmaster.master][INFO] 2020-02-28 19:41:53,691: -PUB [/whycon_display/image_view/output] /whycon_display/image_view http://itachi-HP-Pavilion-Laptop-15-cc1xx:43741/
[rosmaster.master][INFO] 2020-02-28 19:41:53,692: -PUB [/tf] /whycon http://itachi-HP-Pavilion-Laptop-15-cc1xx:38323/
[rosmaster.master][INFO] 2020-02-28 19:41:53,692: publisherUpdate[/rosout] -> http://itachi-HP-Pavilion-Laptop-15-cc1xx:39839/ ['http://itachi-HP-Pavilion-Laptop-15-cc1xx:34461/', 'http://itachi-HP-Pavilion-Laptop-15-cc1xx:38323/']
[rosmaster.master][INFO] 2020-02-28 19:41:53,693: publisherUpdate[/rosout] -> http://itachi-HP-Pavilion-Laptop-15-cc1xx:39839/ ['http://itachi-HP-Pavilion-Laptop-15-cc1xx:34461/', 'http://itachi-HP-Pavilion-Laptop-15-cc1xx:38323/']: sec=0.00, result=[1, '', 0]
[rosmaster.master][INFO] 2020-02-28 19:41:53,693: -PUB [/usb_cam/image_proc_debayer/parameter_descriptions] /usb_cam/image_proc http://itachi-HP-Pavilion-Laptop-15-cc1xx:34461/
[rosmaster.master][INFO] 2020-02-28 19:41:53,694: publisherUpdate[/rosout] -> http://itachi-HP-Pavilion-Laptop-15-cc1xx:39839/ ['http://itachi-HP-Pavilion-Laptop-15-cc1xx:34461/']
[rosmaster.master][INFO] 2020-02-28 19:41:53,694: -PUB [/whycon_display/image_view/parameter_descriptions] /whycon_display/image_view http://itachi-HP-Pavilion-Laptop-15-cc1xx:43741/
[rosmaster.master][INFO] 2020-02-28 19:41:53,694: publisherUpdate[/rosout] -> http://itachi-HP-Pavilion-Laptop-15-cc1xx:39839/ ['http://itachi-HP-Pavilion-Laptop-15-cc1xx:34461/']: sec=0.00, result=[1, '', 0]
[rosmaster.master][INFO] 2020-02-28 19:41:53,695: -PUB [/whycon/image_out] /whycon http://itachi-HP-Pavilion-Laptop-15-cc1xx:38323/
[rosmaster.master][INFO] 2020-02-28 19:41:53,695: publisherUpdate[/rosout] -> http://itachi-HP-Pavilion-Laptop-15-cc1xx:39839/ []
[rosmaster.master][INFO] 2020-02-28 19:41:53,696: -PUB [/usb_cam/image_proc_debayer/parameter_updates] /usb_cam/image_proc http://itachi-HP-Pavilion-Laptop-15-cc1xx:34461/
[rosmaster.master][INFO] 2020-02-28 19:41:53,696: publisherUpdate[/rosout] -> http://itachi-HP-Pavilion-Laptop-15-cc1xx:39839/ []: sec=0.00, result=[1, '', 0]
[rosmaster.master][INFO] 2020-02-28 19:41:53,697: -PUB [/whycon_display/image_view/parameter_updates] /whycon_display/image_view http://itachi-HP-Pavilion-Laptop-15-cc1xx:43741/
[rosmaster.master][INFO] 2020-02-28 19:41:53,697: publisherUpdate[/whycon/image_out] -> http://itachi-HP-Pavilion-Laptop-15-cc1xx:43741/ []
[rosmaster.master][INFO] 2020-02-28 19:41:53,697: -PUB [/whycon/poses] /whycon http://itachi-HP-Pavilion-Laptop-15-cc1xx:38323/
[rosmaster.master][INFO] 2020-02-28 19:41:53,698: -PUB [/usb_cam/image_mono/compressedDepth] /usb_cam/image_proc http://itachi-HP-Pavilion-Laptop-15-cc1xx:34461/
[rosmaster.master][INFO] 2020-02-28 19:41:53,699: -SUB [/whycon/image_out] /whycon_display/image_view http://itachi-HP-Pavilion-Laptop-15-cc1xx:43741/
[rosmaster.master][INFO] 2020-02-28 19:41:53,699: -PUB [/whycon/context] /whycon http://itachi-HP-Pavilion-Laptop-15-cc1xx:38323/
[rosmaster.master][INFO] 2020-02-28 19:41:53,699: publisherUpdate[/whycon/image_out] -> http://itachi-HP-Pavilion-Laptop-15-cc1xx:43741/ []: sec=0.00, exception=<Fault -1: 'publisherUpdate: unknown method name'>
[rosmaster.master][INFO] 2020-02-28 19:41:53,700: -PUB [/usb_cam/image_mono/compressedDepth/parameter_descriptions] /usb_cam/image_proc http://itachi-HP-Pavilion-Laptop-15-cc1xx:34461/
[rosmaster.master][INFO] 2020-02-28 19:41:53,701: -SERVICE [/whycon_display/image_view/get_loggers] /whycon_display/image_view rosrpc://itachi-HP-Pavilion-Laptop-15-cc1xx:60861
[rosmaster.master][INFO] 2020-02-28 19:41:53,702: -PUB [/whycon/projection] /whycon http://itachi-HP-Pavilion-Laptop-15-cc1xx:38323/
[rosmaster.master][INFO] 2020-02-28 19:41:53,702: -PUB [/usb_cam/image_mono/compressedDepth/parameter_updates] /usb_cam/image_proc http://itachi-HP-Pavilion-Laptop-15-cc1xx:34461/
[rosmaster.master][INFO] 2020-02-28 19:41:53,703: -SERVICE [/whycon_display/image_view/set_logger_level] /whycon_display/image_view rosrpc://itachi-HP-Pavilion-Laptop-15-cc1xx:60861
[rosmaster.master][INFO] 2020-02-28 19:41:53,703: -SUB [/usb_cam/image_rect_color] /whycon http://itachi-HP-Pavilion-Laptop-15-cc1xx:38323/
[rosmaster.master][INFO] 2020-02-28 19:41:53,704: -PUB [/usb_cam/image_mono/compressed] /usb_cam/image_proc http://itachi-HP-Pavilion-Laptop-15-cc1xx:34461/
[rosmaster.threadpool][ERROR] 2020-02-28 19:41:53,704: Traceback (most recent call last):
  File "/opt/ros/kinetic/lib/python2.7/dist-packages/rosmaster/threadpool.py", line 218, in run
    result = cmd(*args)
  File "/opt/ros/kinetic/lib/python2.7/dist-packages/rosmaster/master_api.py", line 210, in publisher_update_task
    ret = xmlrpcapi(api).publisherUpdate('/master', topic, pub_uris)
  File "/usr/lib/python2.7/xmlrpclib.py", line 1243, in __call__
    return self.__send(self.__name, args)
  File "/usr/lib/python2.7/xmlrpclib.py", line 1602, in __request
    verbose=self.__verbose
  File "/usr/lib/python2.7/xmlrpclib.py", line 1283, in request
    return self.single_request(host, handler, request_body, verbose)
  File "/usr/lib/python2.7/xmlrpclib.py", line 1316, in single_request
    return self.parse_response(response)
  File "/usr/lib/python2.7/xmlrpclib.py", line 1493, in parse_response
    return u.close()
  File "/usr/lib/python2.7/xmlrpclib.py", line 800, in close
    raise Fault(**self._stack[0])
Fault: <Fault -1: 'publisherUpdate: unknown method name'>

[rosmaster.master][INFO] 2020-02-28 19:41:53,704: -SERVICE [/whycon_display/image_view/set_parameters] /whycon_display/image_view rosrpc://itachi-HP-Pavilion-Laptop-15-cc1xx:60861
[rosmaster.master][INFO] 2020-02-28 19:41:53,705: -SUB [/usb_cam/camera_info] /whycon http://itachi-HP-Pavilion-Laptop-15-cc1xx:38323/
[rosmaster.master][INFO] 2020-02-28 19:41:53,706: -PUB [/usb_cam/image_mono/compressed/parameter_descriptions] /usb_cam/image_proc http://itachi-HP-Pavilion-Laptop-15-cc1xx:34461/
[rosmaster.master][INFO] 2020-02-28 19:41:53,706: -SERVICE [/whycon/get_loggers] /whycon rosrpc://itachi-HP-Pavilion-Laptop-15-cc1xx:57773
[rosmaster.master][INFO] 2020-02-28 19:41:53,707: -PUB [/usb_cam/image_mono/compressed/parameter_updates] /usb_cam/image_proc http://itachi-HP-Pavilion-Laptop-15-cc1xx:34461/
[rosmaster.master][INFO] 2020-02-28 19:41:53,707: -SERVICE [/whycon/set_logger_level] /whycon rosrpc://itachi-HP-Pavilion-Laptop-15-cc1xx:57773
[rosmaster.master][INFO] 2020-02-28 19:41:53,708: -PUB [/usb_cam/image_mono] /usb_cam/image_proc http://itachi-HP-Pavilion-Laptop-15-cc1xx:34461/
[rosmaster.master][INFO] 2020-02-28 19:41:53,708: -SERVICE [/whycon/reset] /whycon rosrpc://itachi-HP-Pavilion-Laptop-15-cc1xx:57773
[rosmaster.master][INFO] 2020-02-28 19:41:53,709: -PUB [/usb_cam/image_mono/theora] /usb_cam/image_proc http://itachi-HP-Pavilion-Laptop-15-cc1xx:34461/
[rosmaster.master][INFO] 2020-02-28 19:41:53,709: -PUB [/usb_cam/image_mono/theora/parameter_descriptions] /usb_cam/image_proc http://itachi-HP-Pavilion-Laptop-15-cc1xx:34461/
[rosmaster.master][INFO] 2020-02-28 19:41:53,710: -PUB [/usb_cam/image_mono/theora/parameter_updates] /usb_cam/image_proc http://itachi-HP-Pavilion-Laptop-15-cc1xx:34461/
[rosmaster.master][INFO] 2020-02-28 19:41:53,710: -PUB [/usb_cam/image_color/compressedDepth] /usb_cam/image_proc http://itachi-HP-Pavilion-Laptop-15-cc1xx:34461/
[rosmaster.master][INFO] 2020-02-28 19:41:53,711: -PUB [/usb_cam/image_color/compressedDepth/parameter_descriptions] /usb_cam/image_proc http://itachi-HP-Pavilion-Laptop-15-cc1xx:34461/
[rosmaster.master][INFO] 2020-02-28 19:41:53,711: -PUB [/usb_cam/image_color/compressedDepth/parameter_updates] /usb_cam/image_proc http://itachi-HP-Pavilion-Laptop-15-cc1xx:34461/
[rosmaster.master][INFO] 2020-02-28 19:41:53,712: -PUB [/usb_cam/image_color/compressed] /usb_cam/image_proc http://itachi-HP-Pavilion-Laptop-15-cc1xx:34461/
[rosmaster.master][INFO] 2020-02-28 19:41:53,712: -PUB [/usb_cam/image_color/compressed/parameter_descriptions] /usb_cam/image_proc http://itachi-HP-Pavilion-Laptop-15-cc1xx:34461/
[rosmaster.master][INFO] 2020-02-28 19:41:53,713: -PUB [/usb_cam/image_color/compressed/parameter_updates] /usb_cam/image_proc http://itachi-HP-Pavilion-Laptop-15-cc1xx:34461/
[rosmaster.master][INFO] 2020-02-28 19:41:53,713: -PUB [/usb_cam/image_color] /usb_cam/image_proc http://itachi-HP-Pavilion-Laptop-15-cc1xx:34461/
[rosmaster.master][INFO] 2020-02-28 19:41:53,714: -PUB [/usb_cam/image_color/theora] /usb_cam/image_proc http://itachi-HP-Pavilion-Laptop-15-cc1xx:34461/
[rosmaster.master][INFO] 2020-02-28 19:41:53,714: -PUB [/usb_cam/image_color/theora/parameter_descriptions] /usb_cam/image_proc http://itachi-HP-Pavilion-Laptop-15-cc1xx:34461/
[rosmaster.master][INFO] 2020-02-28 19:41:53,714: -PUB [/usb_cam/image_color/theora/parameter_updates] /usb_cam/image_proc http://itachi-HP-Pavilion-Laptop-15-cc1xx:34461/
[rosmaster.master][INFO] 2020-02-28 19:41:53,715: -PUB [/usb_cam/image_proc_rectify_mono/parameter_descriptions] /usb_cam/image_proc http://itachi-HP-Pavilion-Laptop-15-cc1xx:34461/
[rosmaster.master][INFO] 2020-02-28 19:41:53,715: -PUB [/usb_cam/image_proc_rectify_mono/parameter_updates] /usb_cam/image_proc http://itachi-HP-Pavilion-Laptop-15-cc1xx:34461/
[rosmaster.master][INFO] 2020-02-28 19:41:53,716: -PUB [/usb_cam/image_rect/compressedDepth] /usb_cam/image_proc http://itachi-HP-Pavilion-Laptop-15-cc1xx:34461/
[rosmaster.master][INFO] 2020-02-28 19:41:53,716: -PUB [/usb_cam/image_rect/compressedDepth/parameter_descriptions] /usb_cam/image_proc http://itachi-HP-Pavilion-Laptop-15-cc1xx:34461/
[rosmaster.master][INFO] 2020-02-28 19:41:53,717: -PUB [/usb_cam/image_rect/compressedDepth/parameter_updates] /usb_cam/image_proc http://itachi-HP-Pavilion-Laptop-15-cc1xx:34461/
[rosmaster.master][INFO] 2020-02-28 19:41:53,717: -PUB [/usb_cam/image_rect/compressed] /usb_cam/image_proc http://itachi-HP-Pavilion-Laptop-15-cc1xx:34461/
[rosmaster.master][INFO] 2020-02-28 19:41:53,718: -PUB [/usb_cam/image_rect/compressed/parameter_descriptions] /usb_cam/image_proc http://itachi-HP-Pavilion-Laptop-15-cc1xx:34461/
[rosmaster.master][INFO] 2020-02-28 19:41:53,718: -PUB [/usb_cam/image_rect/compressed/parameter_updates] /usb_cam/image_proc http://itachi-HP-Pavilion-Laptop-15-cc1xx:34461/
[rosmaster.master][INFO] 2020-02-28 19:41:53,719: -PUB [/usb_cam/image_rect] /usb_cam/image_proc http://itachi-HP-Pavilion-Laptop-15-cc1xx:34461/
[rosmaster.master][INFO] 2020-02-28 19:41:53,719: -PUB [/usb_cam/image_rect/theora] /usb_cam/image_proc http://itachi-HP-Pavilion-Laptop-15-cc1xx:34461/
[rosmaster.master][INFO] 2020-02-28 19:41:53,720: -PUB [/usb_cam/image_rect/theora/parameter_descriptions] /usb_cam/image_proc http://itachi-HP-Pavilion-Laptop-15-cc1xx:34461/
[rosmaster.master][INFO] 2020-02-28 19:41:53,720: -PUB [/usb_cam/image_rect/theora/parameter_updates] /usb_cam/image_proc http://itachi-HP-Pavilion-Laptop-15-cc1xx:34461/
[rosmaster.master][INFO] 2020-02-28 19:41:53,721: -PUB [/usb_cam/image_proc_rectify_color/parameter_descriptions] /usb_cam/image_proc http://itachi-HP-Pavilion-Laptop-15-cc1xx:34461/
[rosmaster.master][INFO] 2020-02-28 19:41:53,721: -PUB [/usb_cam/image_proc_rectify_color/parameter_updates] /usb_cam/image_proc http://itachi-HP-Pavilion-Laptop-15-cc1xx:34461/
[rosmaster.master][INFO] 2020-02-28 19:41:53,722: -PUB [/usb_cam/image_rect_color/compressedDepth] /usb_cam/image_proc http://itachi-HP-Pavilion-Laptop-15-cc1xx:34461/
[rosmaster.master][INFO] 2020-02-28 19:41:53,722: -PUB [/usb_cam/image_rect_color/compressedDepth/parameter_descriptions] /usb_cam/image_proc http://itachi-HP-Pavilion-Laptop-15-cc1xx:34461/
[rosmaster.master][INFO] 2020-02-28 19:41:53,722: -PUB [/usb_cam/image_rect_color/compressedDepth/parameter_updates] /usb_cam/image_proc http://itachi-HP-Pavilion-Laptop-15-cc1xx:34461/
[rosmaster.master][INFO] 2020-02-28 19:41:53,723: -PUB [/usb_cam/image_rect_color/compressed] /usb_cam/image_proc http://itachi-HP-Pavilion-Laptop-15-cc1xx:34461/
[rosmaster.master][INFO] 2020-02-28 19:41:53,723: -PUB [/usb_cam/image_rect_color/compressed/parameter_descriptions] /usb_cam/image_proc http://itachi-HP-Pavilion-Laptop-15-cc1xx:34461/
[rosmaster.master][INFO] 2020-02-28 19:41:53,724: -PUB [/usb_cam/image_rect_color/compressed/parameter_updates] /usb_cam/image_proc http://itachi-HP-Pavilion-Laptop-15-cc1xx:34461/
[rosmaster.master][INFO] 2020-02-28 19:41:53,724: -PUB [/usb_cam/image_rect_color] /usb_cam/image_proc http://itachi-HP-Pavilion-Laptop-15-cc1xx:34461/
[rosmaster.master][INFO] 2020-02-28 19:41:53,725: -PUB [/usb_cam/image_rect_color/theora] /usb_cam/image_proc http://itachi-HP-Pavilion-Laptop-15-cc1xx:34461/
[rosmaster.master][INFO] 2020-02-28 19:41:53,725: -PUB [/usb_cam/image_rect_color/theora/parameter_descriptions] /usb_cam/image_proc http://itachi-HP-Pavilion-Laptop-15-cc1xx:34461/
[rosmaster.master][INFO] 2020-02-28 19:41:53,725: -PUB [/usb_cam/image_rect_color/theora/parameter_updates] /usb_cam/image_proc http://itachi-HP-Pavilion-Laptop-15-cc1xx:34461/
[rosmaster.master][INFO] 2020-02-28 19:41:53,726: -SUB [/usb_cam/image_color] /usb_cam/image_proc http://itachi-HP-Pavilion-Laptop-15-cc1xx:34461/
[rosmaster.master][INFO] 2020-02-28 19:41:53,726: -SUB [/usb_cam/camera_info] /usb_cam/image_proc http://itachi-HP-Pavilion-Laptop-15-cc1xx:34461/
[rosmaster.master][INFO] 2020-02-28 19:41:53,727: -SUB [/usb_cam/image_raw] /usb_cam/image_proc http://itachi-HP-Pavilion-Laptop-15-cc1xx:34461/
[rosmaster.master][INFO] 2020-02-28 19:41:53,727: -SERVICE [/usb_cam/image_proc/get_loggers] /usb_cam/image_proc rosrpc://itachi-HP-Pavilion-Laptop-15-cc1xx:49375
[rosmaster.master][INFO] 2020-02-28 19:41:53,728: -SERVICE [/usb_cam/image_proc/set_logger_level] /usb_cam/image_proc rosrpc://itachi-HP-Pavilion-Laptop-15-cc1xx:49375
[rosmaster.master][INFO] 2020-02-28 19:41:53,728: -SERVICE [/usb_cam/image_proc_debayer/set_parameters] /usb_cam/image_proc rosrpc://itachi-HP-Pavilion-Laptop-15-cc1xx:49375
[rosmaster.master][INFO] 2020-02-28 19:41:53,729: -SERVICE [/usb_cam/image_mono/compressedDepth/set_parameters] /usb_cam/image_proc rosrpc://itachi-HP-Pavilion-Laptop-15-cc1xx:49375
[rosmaster.master][INFO] 2020-02-28 19:41:53,729: -SERVICE [/usb_cam/image_mono/compressed/set_parameters] /usb_cam/image_proc rosrpc://itachi-HP-Pavilion-Laptop-15-cc1xx:49375
[rosmaster.master][INFO] 2020-02-28 19:41:53,730: -SERVICE [/usb_cam/image_mono/theora/set_parameters] /usb_cam/image_proc rosrpc://itachi-HP-Pavilion-Laptop-15-cc1xx:49375
[rosmaster.master][INFO] 2020-02-28 19:41:53,730: -SERVICE [/usb_cam/image_color/compressedDepth/set_parameters] /usb_cam/image_proc rosrpc://itachi-HP-Pavilion-Laptop-15-cc1xx:49375
[rosmaster.master][INFO] 2020-02-28 19:41:53,730: -SERVICE [/usb_cam/image_color/compressed/set_parameters] /usb_cam/image_proc rosrpc://itachi-HP-Pavilion-Laptop-15-cc1xx:49375
[rosmaster.master][INFO] 2020-02-28 19:41:53,731: -SERVICE [/usb_cam/image_color/theora/set_parameters] /usb_cam/image_proc rosrpc://itachi-HP-Pavilion-Laptop-15-cc1xx:49375
[rosmaster.master][INFO] 2020-02-28 19:41:53,731: -SERVICE [/usb_cam/image_proc_rectify_mono/set_parameters] /usb_cam/image_proc rosrpc://itachi-HP-Pavilion-Laptop-15-cc1xx:49375
[rosmaster.master][INFO] 2020-02-28 19:41:53,732: -SERVICE [/usb_cam/image_rect/compressedDepth/set_parameters] /usb_cam/image_proc rosrpc://itachi-HP-Pavilion-Laptop-15-cc1xx:49375
[rosmaster.master][INFO] 2020-02-28 19:41:53,732: -SERVICE [/usb_cam/image_rect/compressed/set_parameters] /usb_cam/image_proc rosrpc://itachi-HP-Pavilion-Laptop-15-cc1xx:49375
[rosmaster.master][INFO] 2020-02-28 19:41:53,733: -SERVICE [/usb_cam/image_rect/theora/set_parameters] /usb_cam/image_proc rosrpc://itachi-HP-Pavilion-Laptop-15-cc1xx:49375
[rosmaster.master][INFO] 2020-02-28 19:41:53,733: -SERVICE [/usb_cam/image_proc_rectify_color/set_parameters] /usb_cam/image_proc rosrpc://itachi-HP-Pavilion-Laptop-15-cc1xx:49375
[rosmaster.master][INFO] 2020-02-28 19:41:53,733: -SERVICE [/usb_cam/image_rect_color/compressedDepth/set_parameters] /usb_cam/image_proc rosrpc://itachi-HP-Pavilion-Laptop-15-cc1xx:49375
[rosmaster.master][INFO] 2020-02-28 19:41:53,734: -SERVICE [/usb_cam/image_rect_color/compressed/set_parameters] /usb_cam/image_proc rosrpc://itachi-HP-Pavilion-Laptop-15-cc1xx:49375
[rosmaster.master][INFO] 2020-02-28 19:41:53,734: -SERVICE [/usb_cam/image_rect_color/theora/set_parameters] /usb_cam/image_proc rosrpc://itachi-HP-Pavilion-Laptop-15-cc1xx:49375
[rosmaster.master][INFO] 2020-02-28 19:41:53,794: publisherUpdate[/usb_cam/image_color] -> http://itachi-HP-Pavilion-Laptop-15-cc1xx:34461/ []
[rosmaster.master][INFO] 2020-02-28 19:41:53,795: publisherUpdate[/usb_cam/image_color] -> http://itachi-HP-Pavilion-Laptop-15-cc1xx:34461/ []: sec=0.00, exception=<Fault -1: 'publisherUpdate: unknown method name'>
[rosmaster.threadpool][ERROR] 2020-02-28 19:41:53,795: Traceback (most recent call last):
  File "/opt/ros/kinetic/lib/python2.7/dist-packages/rosmaster/threadpool.py", line 218, in run
    result = cmd(*args)
  File "/opt/ros/kinetic/lib/python2.7/dist-packages/rosmaster/master_api.py", line 210, in publisher_update_task
    ret = xmlrpcapi(api).publisherUpdate('/master', topic, pub_uris)
  File "/usr/lib/python2.7/xmlrpclib.py", line 1243, in __call__
    return self.__send(self.__name, args)
  File "/usr/lib/python2.7/xmlrpclib.py", line 1602, in __request
    verbose=self.__verbose
  File "/usr/lib/python2.7/xmlrpclib.py", line 1283, in request
    return self.single_request(host, handler, request_body, verbose)
  File "/usr/lib/python2.7/xmlrpclib.py", line 1316, in single_request
    return self.parse_response(response)
  File "/usr/lib/python2.7/xmlrpclib.py", line 1493, in parse_response
    return u.close()
  File "/usr/lib/python2.7/xmlrpclib.py", line 800, in close
    raise Fault(**self._stack[0])
Fault: <Fault -1: 'publisherUpdate: unknown method name'>

[rosmaster.master][INFO] 2020-02-28 19:41:54,097: -PUB [/rosout_agg] /rosout http://itachi-HP-Pavilion-Laptop-15-cc1xx:39839/
[rosmaster.master][INFO] 2020-02-28 19:41:54,098: -SUB [/rosout] /rosout http://itachi-HP-Pavilion-Laptop-15-cc1xx:39839/
[rosmaster.master][INFO] 2020-02-28 19:41:54,099: -SERVICE [/rosout/get_loggers] /rosout rosrpc://itachi-HP-Pavilion-Laptop-15-cc1xx:43179
[rosmaster.master][INFO] 2020-02-28 19:41:54,099: -SERVICE [/rosout/set_logger_level] /rosout rosrpc://itachi-HP-Pavilion-Laptop-15-cc1xx:43179
[rosmaster.main][INFO] 2020-02-28 19:41:54,122: keyboard interrupt, will exit
[rosmaster.main][INFO] 2020-02-28 19:41:54,122: stopping master...
[rospy.core][INFO] 2020-02-28 19:41:54,122: signal_shutdown [atexit]
