[rosmaster.main][INFO] 2020-02-28 20:30:42,267: initialization complete, waiting for shutdown
[rosmaster.main][INFO] 2020-02-28 20:30:42,268: Starting ROS Master Node
[xmlrpc][INFO] 2020-02-28 20:30:42,268: XML-RPC server binding to 0.0.0.0:11311
[xmlrpc][INFO] 2020-02-28 20:30:42,269: Started XML-RPC server [http://itachi-HP-Pavilion-Laptop-15-cc1xx:11311/]
[rosmaster.master][INFO] 2020-02-28 20:30:42,269: Master initialized: port[11311], uri[http://itachi-HP-Pavilion-Laptop-15-cc1xx:11311/]
[xmlrpc][INFO] 2020-02-28 20:30:42,269: xml rpc node: starting XML-RPC server
[rosmaster.master][INFO] 2020-02-28 20:30:42,315: +PARAM [/run_id] by /roslaunch
[rosmaster.master][INFO] 2020-02-28 20:30:42,317: +PARAM [/roslaunch/uris/host_itachi_hp_pavilion_laptop_15_cc1xx__34059] by /roslaunch
[rosmaster.master][INFO] 2020-02-28 20:30:42,420: +PARAM [/usb_cam/image_width] by /roslaunch
[rosmaster.master][INFO] 2020-02-28 20:30:42,421: +PARAM [/usb_cam/video_device] by /roslaunch
[rosmaster.master][INFO] 2020-02-28 20:30:42,421: +PARAM [/rosdistro] by /roslaunch
[rosmaster.master][INFO] 2020-02-28 20:30:42,421: +PARAM [/serial_node/baud] by /roslaunch
[rosmaster.master][INFO] 2020-02-28 20:30:42,421: +PARAM [/whycon/targets] by /roslaunch
[rosmaster.master][INFO] 2020-02-28 20:30:42,421: +PARAM [/usb_cam/pixel_format] by /roslaunch
[rosmaster.master][INFO] 2020-02-28 20:30:42,421: +PARAM [/usb_cam/io_method] by /roslaunch
[rosmaster.master][INFO] 2020-02-28 20:30:42,421: +PARAM [/usb_cam/camera_frame_id] by /roslaunch
[rosmaster.master][INFO] 2020-02-28 20:30:42,421: +PARAM [/whycon/name] by /roslaunch
[rosmaster.master][INFO] 2020-02-28 20:30:42,421: +PARAM [/rosversion] by /roslaunch
[rosmaster.master][INFO] 2020-02-28 20:30:42,421: +PARAM [/whycon/outer_diameter] by /roslaunch
[rosmaster.master][INFO] 2020-02-28 20:30:42,422: +PARAM [/usb_cam/image_height] by /roslaunch
[rosmaster.master][INFO] 2020-02-28 20:30:42,422: +PARAM [/serial_node/port] by /roslaunch
[rosmaster.master][INFO] 2020-02-28 20:30:42,422: +PARAM [/whycon/inner_diameter] by /roslaunch
[rosmaster.master][INFO] 2020-02-28 20:30:42,423: +SERVICE [/rosout/get_loggers] /rosout http://itachi-HP-Pavilion-Laptop-15-cc1xx:33655/
[rosmaster.master][INFO] 2020-02-28 20:30:42,423: +SERVICE [/rosout/set_logger_level] /rosout http://itachi-HP-Pavilion-Laptop-15-cc1xx:33655/
[rosmaster.master][INFO] 2020-02-28 20:30:42,424: +PUB [/rosout_agg] /rosout http://itachi-HP-Pavilion-Laptop-15-cc1xx:33655/
[rosmaster.master][INFO] 2020-02-28 20:30:42,427: +SUB [/rosout] /rosout http://itachi-HP-Pavilion-Laptop-15-cc1xx:33655/
[rosmaster.master][INFO] 2020-02-28 20:30:42,456: +PUB [/rosout] /usb_cam http://itachi-HP-Pavilion-Laptop-15-cc1xx:33777/
[rosmaster.master][INFO] 2020-02-28 20:30:42,457: +SERVICE [/usb_cam/get_loggers] /usb_cam http://itachi-HP-Pavilion-Laptop-15-cc1xx:33777/
[rosmaster.master][INFO] 2020-02-28 20:30:42,458: +SERVICE [/usb_cam/set_logger_level] /usb_cam http://itachi-HP-Pavilion-Laptop-15-cc1xx:33777/
[rosmaster.master][INFO] 2020-02-28 20:30:42,468: publisherUpdate[/rosout] -> http://itachi-HP-Pavilion-Laptop-15-cc1xx:33655/ ['http://itachi-HP-Pavilion-Laptop-15-cc1xx:33777/']
[rosmaster.master][INFO] 2020-02-28 20:30:42,470: publisherUpdate[/rosout] -> http://itachi-HP-Pavilion-Laptop-15-cc1xx:33655/ ['http://itachi-HP-Pavilion-Laptop-15-cc1xx:33777/']: sec=0.00, result=[1, '', 0]
[rosmaster.master][INFO] 2020-02-28 20:30:42,472: +PUB [/rosout] /usb_cam/image_proc http://itachi-HP-Pavilion-Laptop-15-cc1xx:40505/
[rosmaster.master][INFO] 2020-02-28 20:30:42,473: +SERVICE [/usb_cam/image_proc/get_loggers] /usb_cam/image_proc http://itachi-HP-Pavilion-Laptop-15-cc1xx:40505/
[rosmaster.master][INFO] 2020-02-28 20:30:42,474: +SERVICE [/usb_cam/image_proc/set_logger_level] /usb_cam/image_proc http://itachi-HP-Pavilion-Laptop-15-cc1xx:40505/
[rosmaster.master][INFO] 2020-02-28 20:30:42,484: +PUB [/rosout] /whycon http://itachi-HP-Pavilion-Laptop-15-cc1xx:33837/
[rosmaster.master][INFO] 2020-02-28 20:30:42,485: +SERVICE [/whycon/get_loggers] /whycon http://itachi-HP-Pavilion-Laptop-15-cc1xx:33837/
[rosmaster.master][INFO] 2020-02-28 20:30:42,486: +SERVICE [/whycon/set_logger_level] /whycon http://itachi-HP-Pavilion-Laptop-15-cc1xx:33837/
[rosmaster.master][INFO] 2020-02-28 20:30:42,489: +PUB [/rosout] /whycon_display/image_view http://itachi-HP-Pavilion-Laptop-15-cc1xx:36411/
[rosmaster.master][INFO] 2020-02-28 20:30:42,489: +SERVICE [/whycon_display/image_view/get_loggers] /whycon_display/image_view http://itachi-HP-Pavilion-Laptop-15-cc1xx:36411/
[rosmaster.master][INFO] 2020-02-28 20:30:42,490: +SERVICE [/whycon_display/image_view/set_logger_level] /whycon_display/image_view http://itachi-HP-Pavilion-Laptop-15-cc1xx:36411/
[rosmaster.master][INFO] 2020-02-28 20:30:42,516: +PUB [/usb_cam/image_raw/compressedDepth] /usb_cam http://itachi-HP-Pavilion-Laptop-15-cc1xx:33777/
[rosmaster.master][INFO] 2020-02-28 20:30:42,517: +SERVICE [/usb_cam/image_raw/compressedDepth/set_parameters] /usb_cam http://itachi-HP-Pavilion-Laptop-15-cc1xx:33777/
[rosmaster.master][INFO] 2020-02-28 20:30:42,518: +PUB [/usb_cam/image_raw/compressedDepth/parameter_descriptions] /usb_cam http://itachi-HP-Pavilion-Laptop-15-cc1xx:33777/
[rosmaster.master][INFO] 2020-02-28 20:30:42,518: +PUB [/usb_cam/image_raw/compressedDepth/parameter_updates] /usb_cam http://itachi-HP-Pavilion-Laptop-15-cc1xx:33777/
[rosmaster.master][INFO] 2020-02-28 20:30:42,520: +SERVICE [/usb_cam/image_proc_debayer/set_parameters] /usb_cam/image_proc http://itachi-HP-Pavilion-Laptop-15-cc1xx:40505/
[rosmaster.master][INFO] 2020-02-28 20:30:42,521: +PARAM [/usb_cam/image_raw/compressedDepth/depth_max] by /usb_cam
[rosmaster.master][INFO] 2020-02-28 20:30:42,521: +PUB [/usb_cam/image_proc_debayer/parameter_descriptions] /usb_cam/image_proc http://itachi-HP-Pavilion-Laptop-15-cc1xx:40505/
[rosmaster.master][INFO] 2020-02-28 20:30:42,522: +PARAM [/usb_cam/image_raw/compressedDepth/depth_quantization] by /usb_cam
[rosmaster.master][INFO] 2020-02-28 20:30:42,523: +PUB [/usb_cam/image_proc_debayer/parameter_updates] /usb_cam/image_proc http://itachi-HP-Pavilion-Laptop-15-cc1xx:40505/
[rosmaster.master][INFO] 2020-02-28 20:30:42,523: +PARAM [/usb_cam/image_raw/compressedDepth/png_level] by /usb_cam
[rosmaster.master][INFO] 2020-02-28 20:30:42,524: +PARAM [/usb_cam/image_raw/compressedDepth/depth_max] by /usb_cam
[rosmaster.master][INFO] 2020-02-28 20:30:42,525: +PARAM [/usb_cam/image_proc_debayer/debayer] by /usb_cam/image_proc
[rosmaster.master][INFO] 2020-02-28 20:30:42,525: +PARAM [/usb_cam/image_raw/compressedDepth/depth_quantization] by /usb_cam
[rosmaster.master][INFO] 2020-02-28 20:30:42,526: +PARAM [/usb_cam/image_proc_debayer/debayer] by /usb_cam/image_proc
[rosmaster.master][INFO] 2020-02-28 20:30:42,526: +PARAM [/usb_cam/image_raw/compressedDepth/png_level] by /usb_cam
[rosmaster.master][INFO] 2020-02-28 20:30:42,528: +PUB [/usb_cam/image_raw/compressed] /usb_cam http://itachi-HP-Pavilion-Laptop-15-cc1xx:33777/
[rosmaster.master][INFO] 2020-02-28 20:30:42,528: +PUB [/usb_cam/image_mono/compressedDepth] /usb_cam/image_proc http://itachi-HP-Pavilion-Laptop-15-cc1xx:40505/
[rosmaster.master][INFO] 2020-02-28 20:30:42,529: +SERVICE [/usb_cam/image_raw/compressed/set_parameters] /usb_cam http://itachi-HP-Pavilion-Laptop-15-cc1xx:33777/
[rosmaster.master][INFO] 2020-02-28 20:30:42,529: +SERVICE [/usb_cam/image_mono/compressedDepth/set_parameters] /usb_cam/image_proc http://itachi-HP-Pavilion-Laptop-15-cc1xx:40505/
[rosmaster.master][INFO] 2020-02-28 20:30:42,530: +PUB [/usb_cam/image_raw/compressed/parameter_descriptions] /usb_cam http://itachi-HP-Pavilion-Laptop-15-cc1xx:33777/
[rosmaster.master][INFO] 2020-02-28 20:30:42,531: +PUB [/usb_cam/image_mono/compressedDepth/parameter_descriptions] /usb_cam/image_proc http://itachi-HP-Pavilion-Laptop-15-cc1xx:40505/
[rosmaster.master][INFO] 2020-02-28 20:30:42,531: +PUB [/usb_cam/image_raw/compressed/parameter_updates] /usb_cam http://itachi-HP-Pavilion-Laptop-15-cc1xx:33777/
[rosmaster.master][INFO] 2020-02-28 20:30:42,532: +PUB [/usb_cam/image_mono/compressedDepth/parameter_updates] /usb_cam/image_proc http://itachi-HP-Pavilion-Laptop-15-cc1xx:40505/
[rosmaster.master][INFO] 2020-02-28 20:30:42,539: +PARAM [/usb_cam/image_raw/compressed/format] by /usb_cam
[rosmaster.master][INFO] 2020-02-28 20:30:42,539: +PARAM [/usb_cam/image_mono/compressedDepth/depth_max] by /usb_cam/image_proc
[rosmaster.master][INFO] 2020-02-28 20:30:42,541: +PARAM [/usb_cam/image_raw/compressed/jpeg_quality] by /usb_cam
[rosmaster.master][INFO] 2020-02-28 20:30:42,541: +PARAM [/usb_cam/image_mono/compressedDepth/depth_quantization] by /usb_cam/image_proc
[rosmaster.master][INFO] 2020-02-28 20:30:42,543: +PARAM [/usb_cam/image_raw/compressed/png_level] by /usb_cam
[rosmaster.master][INFO] 2020-02-28 20:30:42,543: +PARAM [/usb_cam/image_mono/compressedDepth/png_level] by /usb_cam/image_proc
[rosmaster.master][INFO] 2020-02-28 20:30:42,545: +PARAM [/usb_cam/image_raw/compressed/format] by /usb_cam
[rosmaster.master][INFO] 2020-02-28 20:30:42,546: +PARAM [/usb_cam/image_mono/compressedDepth/depth_max] by /usb_cam/image_proc
[rosmaster.master][INFO] 2020-02-28 20:30:42,548: +PARAM [/usb_cam/image_raw/compressed/jpeg_quality] by /usb_cam
[rosmaster.master][INFO] 2020-02-28 20:30:42,548: +PARAM [/usb_cam/image_mono/compressedDepth/depth_quantization] by /usb_cam/image_proc
[rosmaster.master][INFO] 2020-02-28 20:30:42,550: +PARAM [/usb_cam/image_raw/compressed/png_level] by /usb_cam
[rosmaster.master][INFO] 2020-02-28 20:30:42,551: +PARAM [/usb_cam/image_mono/compressedDepth/png_level] by /usb_cam/image_proc
[rosmaster.master][INFO] 2020-02-28 20:30:42,552: +PUB [/usb_cam/image_raw] /usb_cam http://itachi-HP-Pavilion-Laptop-15-cc1xx:33777/
[rosmaster.master][INFO] 2020-02-28 20:30:42,553: +PUB [/usb_cam/image_mono/compressed] /usb_cam/image_proc http://itachi-HP-Pavilion-Laptop-15-cc1xx:40505/
[rosmaster.master][INFO] 2020-02-28 20:30:42,554: +PUB [/usb_cam/image_raw/theora] /usb_cam http://itachi-HP-Pavilion-Laptop-15-cc1xx:33777/
[rosmaster.master][INFO] 2020-02-28 20:30:42,555: +SERVICE [/usb_cam/image_mono/compressed/set_parameters] /usb_cam/image_proc http://itachi-HP-Pavilion-Laptop-15-cc1xx:40505/
[rosmaster.master][INFO] 2020-02-28 20:30:42,556: +SERVICE [/usb_cam/image_raw/theora/set_parameters] /usb_cam http://itachi-HP-Pavilion-Laptop-15-cc1xx:33777/
[rosmaster.master][INFO] 2020-02-28 20:30:42,557: +PUB [/usb_cam/image_mono/compressed/parameter_descriptions] /usb_cam/image_proc http://itachi-HP-Pavilion-Laptop-15-cc1xx:40505/
[rosmaster.master][INFO] 2020-02-28 20:30:42,557: +PUB [/usb_cam/image_raw/theora/parameter_descriptions] /usb_cam http://itachi-HP-Pavilion-Laptop-15-cc1xx:33777/
[rosmaster.master][INFO] 2020-02-28 20:30:42,559: +PUB [/usb_cam/image_mono/compressed/parameter_updates] /usb_cam/image_proc http://itachi-HP-Pavilion-Laptop-15-cc1xx:40505/
[rosmaster.master][INFO] 2020-02-28 20:30:42,559: +PUB [/usb_cam/image_raw/theora/parameter_updates] /usb_cam http://itachi-HP-Pavilion-Laptop-15-cc1xx:33777/
[rosmaster.master][INFO] 2020-02-28 20:30:42,561: +PUB [/tf] /whycon http://itachi-HP-Pavilion-Laptop-15-cc1xx:33837/
[rosmaster.master][INFO] 2020-02-28 20:30:42,565: +PARAM [/usb_cam/image_mono/compressed/format] by /usb_cam/image_proc
[rosmaster.master][INFO] 2020-02-28 20:30:42,567: +PARAM [/usb_cam/image_raw/theora/optimize_for] by /usb_cam
[rosmaster.master][INFO] 2020-02-28 20:30:42,567: +PARAM [/usb_cam/image_mono/compressed/jpeg_quality] by /usb_cam/image_proc
[rosmaster.master][INFO] 2020-02-28 20:30:42,568: +PARAM [/usb_cam/image_raw/theora/target_bitrate] by /usb_cam
[rosmaster.master][INFO] 2020-02-28 20:30:42,568: +PARAM [/usb_cam/image_mono/compressed/png_level] by /usb_cam/image_proc
[rosmaster.master][INFO] 2020-02-28 20:30:42,569: publisherUpdate[/rosout] -> http://itachi-HP-Pavilion-Laptop-15-cc1xx:33655/ ['http://itachi-HP-Pavilion-Laptop-15-cc1xx:33777/', 'http://itachi-HP-Pavilion-Laptop-15-cc1xx:40505/']
[rosmaster.master][INFO] 2020-02-28 20:30:42,570: publisherUpdate[/rosout] -> http://itachi-HP-Pavilion-Laptop-15-cc1xx:33655/ ['http://itachi-HP-Pavilion-Laptop-15-cc1xx:33777/', 'http://itachi-HP-Pavilion-Laptop-15-cc1xx:40505/']: sec=0.00, result=[1, '', 0]
[rosmaster.master][INFO] 2020-02-28 20:30:42,570: publisherUpdate[/rosout] -> http://itachi-HP-Pavilion-Laptop-15-cc1xx:33655/ ['http://itachi-HP-Pavilion-Laptop-15-cc1xx:33777/', 'http://itachi-HP-Pavilion-Laptop-15-cc1xx:40505/', 'http://itachi-HP-Pavilion-Laptop-15-cc1xx:33837/']
[rosmaster.master][INFO] 2020-02-28 20:30:42,571: +PARAM [/usb_cam/image_raw/theora/quality] by /usb_cam
[rosmaster.master][INFO] 2020-02-28 20:30:42,572: publisherUpdate[/rosout] -> http://itachi-HP-Pavilion-Laptop-15-cc1xx:33655/ ['http://itachi-HP-Pavilion-Laptop-15-cc1xx:33777/', 'http://itachi-HP-Pavilion-Laptop-15-cc1xx:40505/', 'http://itachi-HP-Pavilion-Laptop-15-cc1xx:33837/']: sec=0.00, result=[1, '', 0]
[rosmaster.master][INFO] 2020-02-28 20:30:42,572: publisherUpdate[/rosout] -> http://itachi-HP-Pavilion-Laptop-15-cc1xx:33655/ ['http://itachi-HP-Pavilion-Laptop-15-cc1xx:33777/', 'http://itachi-HP-Pavilion-Laptop-15-cc1xx:40505/', 'http://itachi-HP-Pavilion-Laptop-15-cc1xx:33837/', 'http://itachi-HP-Pavilion-Laptop-15-cc1xx:36411/']
[rosmaster.master][INFO] 2020-02-28 20:30:42,572: +PARAM [/usb_cam/image_mono/compressed/format] by /usb_cam/image_proc
[rosmaster.master][INFO] 2020-02-28 20:30:42,573: publisherUpdate[/rosout] -> http://itachi-HP-Pavilion-Laptop-15-cc1xx:33655/ ['http://itachi-HP-Pavilion-Laptop-15-cc1xx:33777/', 'http://itachi-HP-Pavilion-Laptop-15-cc1xx:40505/', 'http://itachi-HP-Pavilion-Laptop-15-cc1xx:33837/', 'http://itachi-HP-Pavilion-Laptop-15-cc1xx:36411/']: sec=0.00, result=[1, '', 0]
[rosmaster.master][INFO] 2020-02-28 20:30:42,579: +PARAM [/usb_cam/image_raw/theora/keyframe_frequency] by /usb_cam
[rosmaster.master][INFO] 2020-02-28 20:30:42,579: +PARAM [/usb_cam/image_mono/compressed/jpeg_quality] by /usb_cam/image_proc
[rosmaster.master][INFO] 2020-02-28 20:30:42,581: +PARAM [/usb_cam/image_raw/theora/optimize_for] by /usb_cam
[rosmaster.master][INFO] 2020-02-28 20:30:42,581: +SUB [/usb_cam/image_rect_color] /whycon http://itachi-HP-Pavilion-Laptop-15-cc1xx:33837/
[rosmaster.master][INFO] 2020-02-28 20:30:42,582: +PARAM [/usb_cam/image_mono/compressed/png_level] by /usb_cam/image_proc
[rosmaster.master][INFO] 2020-02-28 20:30:42,582: +PARAM [/usb_cam/image_raw/theora/target_bitrate] by /usb_cam
[rosmaster.master][INFO] 2020-02-28 20:30:42,584: +PARAM [/usb_cam/image_raw/theora/quality] by /usb_cam
[rosmaster.master][INFO] 2020-02-28 20:30:42,585: +PUB [/usb_cam/image_mono] /usb_cam/image_proc http://itachi-HP-Pavilion-Laptop-15-cc1xx:40505/
[rosmaster.master][INFO] 2020-02-28 20:30:42,586: +PARAM [/usb_cam/image_raw/theora/keyframe_frequency] by /usb_cam
[rosmaster.master][INFO] 2020-02-28 20:30:42,587: +PUB [/usb_cam/image_mono/theora] /usb_cam/image_proc http://itachi-HP-Pavilion-Laptop-15-cc1xx:40505/
[rosmaster.master][INFO] 2020-02-28 20:30:42,588: +PUB [/usb_cam/camera_info] /usb_cam http://itachi-HP-Pavilion-Laptop-15-cc1xx:33777/
[rosmaster.master][INFO] 2020-02-28 20:30:42,590: +SERVICE [/usb_cam/image_mono/theora/set_parameters] /usb_cam/image_proc http://itachi-HP-Pavilion-Laptop-15-cc1xx:40505/
[rosmaster.master][INFO] 2020-02-28 20:30:42,590: +SUB [/usb_cam/camera_info] /whycon http://itachi-HP-Pavilion-Laptop-15-cc1xx:33837/
[rosmaster.master][INFO] 2020-02-28 20:30:42,594: +PUB [/usb_cam/image_mono/theora/parameter_descriptions] /usb_cam/image_proc http://itachi-HP-Pavilion-Laptop-15-cc1xx:40505/
[rosmaster.master][INFO] 2020-02-28 20:30:42,596: +PUB [/whycon/image_out] /whycon http://itachi-HP-Pavilion-Laptop-15-cc1xx:33837/
[rosmaster.master][INFO] 2020-02-28 20:30:42,597: +PUB [/usb_cam/image_mono/theora/parameter_updates] /usb_cam/image_proc http://itachi-HP-Pavilion-Laptop-15-cc1xx:40505/
[rosmaster.master][INFO] 2020-02-28 20:30:42,598: +PUB [/whycon/poses] /whycon http://itachi-HP-Pavilion-Laptop-15-cc1xx:33837/
[rosmaster.master][INFO] 2020-02-28 20:30:42,600: +PUB [/whycon/context] /whycon http://itachi-HP-Pavilion-Laptop-15-cc1xx:33837/
[rosmaster.master][INFO] 2020-02-28 20:30:42,602: +PUB [/whycon/projection] /whycon http://itachi-HP-Pavilion-Laptop-15-cc1xx:33837/
[rosmaster.master][INFO] 2020-02-28 20:30:42,603: +SERVICE [/whycon/reset] /whycon http://itachi-HP-Pavilion-Laptop-15-cc1xx:33837/
[rosmaster.master][INFO] 2020-02-28 20:30:42,606: +PARAM [/usb_cam/image_mono/theora/optimize_for] by /usb_cam/image_proc
[rosmaster.master][INFO] 2020-02-28 20:30:42,607: +PARAM [/usb_cam/image_mono/theora/target_bitrate] by /usb_cam/image_proc
[rosmaster.master][INFO] 2020-02-28 20:30:42,608: +PARAM [/usb_cam/image_mono/theora/quality] by /usb_cam/image_proc
[rosmaster.master][INFO] 2020-02-28 20:30:42,609: +PARAM [/usb_cam/image_mono/theora/keyframe_frequency] by /usb_cam/image_proc
[rosmaster.master][INFO] 2020-02-28 20:30:42,611: +PARAM [/usb_cam/image_mono/theora/optimize_for] by /usb_cam/image_proc
[rosmaster.master][INFO] 2020-02-28 20:30:42,612: +PARAM [/usb_cam/image_mono/theora/target_bitrate] by /usb_cam/image_proc
[rosmaster.master][INFO] 2020-02-28 20:30:42,613: +PARAM [/usb_cam/image_mono/theora/quality] by /usb_cam/image_proc
[rosmaster.master][INFO] 2020-02-28 20:30:42,614: +PARAM [/usb_cam/image_mono/theora/keyframe_frequency] by /usb_cam/image_proc
[rosmaster.master][INFO] 2020-02-28 20:30:42,616: +PUB [/usb_cam/image_color/compressedDepth] /usb_cam/image_proc http://itachi-HP-Pavilion-Laptop-15-cc1xx:40505/
[rosmaster.master][INFO] 2020-02-28 20:30:42,618: +SERVICE [/usb_cam/image_color/compressedDepth/set_parameters] /usb_cam/image_proc http://itachi-HP-Pavilion-Laptop-15-cc1xx:40505/
[rosmaster.master][INFO] 2020-02-28 20:30:42,619: +PUB [/usb_cam/image_color/compressedDepth/parameter_descriptions] /usb_cam/image_proc http://itachi-HP-Pavilion-Laptop-15-cc1xx:40505/
[rosmaster.master][INFO] 2020-02-28 20:30:42,620: +PUB [/usb_cam/image_color/compressedDepth/parameter_updates] /usb_cam/image_proc http://itachi-HP-Pavilion-Laptop-15-cc1xx:40505/
[rosmaster.master][INFO] 2020-02-28 20:30:42,630: +PARAM [/usb_cam/image_color/compressedDepth/depth_max] by /usb_cam/image_proc
[rosmaster.master][INFO] 2020-02-28 20:30:42,630: +SERVICE [/usb_cam/set_camera_info] /usb_cam http://itachi-HP-Pavilion-Laptop-15-cc1xx:33777/
[rosmaster.master][INFO] 2020-02-28 20:30:42,632: +PARAM [/usb_cam/image_color/compressedDepth/depth_quantization] by /usb_cam/image_proc
[rosmaster.master][INFO] 2020-02-28 20:30:42,633: +SERVICE [/usb_cam/start_capture] /usb_cam http://itachi-HP-Pavilion-Laptop-15-cc1xx:33777/
[rosmaster.master][INFO] 2020-02-28 20:30:42,635: +PARAM [/usb_cam/image_color/compressedDepth/png_level] by /usb_cam/image_proc
[rosmaster.master][INFO] 2020-02-28 20:30:42,642: +SERVICE [/usb_cam/stop_capture] /usb_cam http://itachi-HP-Pavilion-Laptop-15-cc1xx:33777/
[rosmaster.master][INFO] 2020-02-28 20:30:42,643: +PARAM [/usb_cam/image_color/compressedDepth/depth_max] by /usb_cam/image_proc
[rosmaster.master][INFO] 2020-02-28 20:30:42,644: +PARAM [/usb_cam/image_color/compressedDepth/depth_quantization] by /usb_cam/image_proc
[rosmaster.master][INFO] 2020-02-28 20:30:42,644: +PARAM [/usb_cam/image_color/compressedDepth/png_level] by /usb_cam/image_proc
[rosmaster.master][INFO] 2020-02-28 20:30:42,646: +PUB [/usb_cam/image_color/compressed] /usb_cam/image_proc http://itachi-HP-Pavilion-Laptop-15-cc1xx:40505/
[rosmaster.master][INFO] 2020-02-28 20:30:42,648: +SERVICE [/usb_cam/image_color/compressed/set_parameters] /usb_cam/image_proc http://itachi-HP-Pavilion-Laptop-15-cc1xx:40505/
[rosmaster.master][INFO] 2020-02-28 20:30:42,649: +PUB [/usb_cam/image_color/compressed/parameter_descriptions] /usb_cam/image_proc http://itachi-HP-Pavilion-Laptop-15-cc1xx:40505/
[rosmaster.master][INFO] 2020-02-28 20:30:42,650: +PUB [/usb_cam/image_color/compressed/parameter_updates] /usb_cam/image_proc http://itachi-HP-Pavilion-Laptop-15-cc1xx:40505/
[rosmaster.master][INFO] 2020-02-28 20:30:42,653: +PARAM [/usb_cam/image_color/compressed/format] by /usb_cam/image_proc
[rosmaster.master][INFO] 2020-02-28 20:30:42,654: +PARAM [/usb_cam/image_color/compressed/jpeg_quality] by /usb_cam/image_proc
[rosmaster.master][INFO] 2020-02-28 20:30:42,655: +PARAM [/usb_cam/image_color/compressed/png_level] by /usb_cam/image_proc
[rosmaster.master][INFO] 2020-02-28 20:30:42,655: +PARAM [/usb_cam/image_color/compressed/format] by /usb_cam/image_proc
[rosmaster.master][INFO] 2020-02-28 20:30:42,656: +PARAM [/usb_cam/image_color/compressed/jpeg_quality] by /usb_cam/image_proc
[rosmaster.master][INFO] 2020-02-28 20:30:42,657: +PARAM [/usb_cam/image_color/compressed/png_level] by /usb_cam/image_proc
[rosmaster.master][INFO] 2020-02-28 20:30:42,658: +PUB [/usb_cam/image_color] /usb_cam/image_proc http://itachi-HP-Pavilion-Laptop-15-cc1xx:40505/
[rosmaster.master][INFO] 2020-02-28 20:30:42,659: +PUB [/usb_cam/image_color/theora] /usb_cam/image_proc http://itachi-HP-Pavilion-Laptop-15-cc1xx:40505/
[rosmaster.master][INFO] 2020-02-28 20:30:42,660: +SERVICE [/usb_cam/image_color/theora/set_parameters] /usb_cam/image_proc http://itachi-HP-Pavilion-Laptop-15-cc1xx:40505/
[rosmaster.master][INFO] 2020-02-28 20:30:42,663: +PUB [/usb_cam/image_color/theora/parameter_descriptions] /usb_cam/image_proc http://itachi-HP-Pavilion-Laptop-15-cc1xx:40505/
[rosmaster.master][INFO] 2020-02-28 20:30:42,664: +PUB [/usb_cam/image_color/theora/parameter_updates] /usb_cam/image_proc http://itachi-HP-Pavilion-Laptop-15-cc1xx:40505/
[rosmaster.master][INFO] 2020-02-28 20:30:42,667: +PARAM [/usb_cam/image_color/theora/optimize_for] by /usb_cam/image_proc
[rosmaster.master][INFO] 2020-02-28 20:30:42,668: +PARAM [/usb_cam/image_color/theora/target_bitrate] by /usb_cam/image_proc
[rosmaster.master][INFO] 2020-02-28 20:30:42,668: +PARAM [/usb_cam/image_color/theora/quality] by /usb_cam/image_proc
[rosmaster.master][INFO] 2020-02-28 20:30:42,669: +PARAM [/usb_cam/image_color/theora/keyframe_frequency] by /usb_cam/image_proc
[rosmaster.master][INFO] 2020-02-28 20:30:42,670: +PARAM [/usb_cam/image_color/theora/optimize_for] by /usb_cam/image_proc
[rosmaster.master][INFO] 2020-02-28 20:30:42,670: +PARAM [/usb_cam/image_color/theora/target_bitrate] by /usb_cam/image_proc
[rosmaster.master][INFO] 2020-02-28 20:30:42,671: +PARAM [/usb_cam/image_color/theora/quality] by /usb_cam/image_proc
[rosmaster.master][INFO] 2020-02-28 20:30:42,671: +PARAM [/usb_cam/image_color/theora/keyframe_frequency] by /usb_cam/image_proc
[rosmaster.master][INFO] 2020-02-28 20:30:42,674: +SERVICE [/usb_cam/image_proc_rectify_mono/set_parameters] /usb_cam/image_proc http://itachi-HP-Pavilion-Laptop-15-cc1xx:40505/
[rosmaster.master][INFO] 2020-02-28 20:30:42,674: +PUB [/usb_cam/image_proc_rectify_mono/parameter_descriptions] /usb_cam/image_proc http://itachi-HP-Pavilion-Laptop-15-cc1xx:40505/
[rosmaster.master][INFO] 2020-02-28 20:30:42,675: +PUB [/usb_cam/image_proc_rectify_mono/parameter_updates] /usb_cam/image_proc http://itachi-HP-Pavilion-Laptop-15-cc1xx:40505/
[rosmaster.master][INFO] 2020-02-28 20:30:42,677: +PARAM [/usb_cam/image_proc_rectify_mono/interpolation] by /usb_cam/image_proc
[rosmaster.master][INFO] 2020-02-28 20:30:42,680: +PARAM [/usb_cam/image_proc_rectify_mono/interpolation] by /usb_cam/image_proc
[rosmaster.master][INFO] 2020-02-28 20:30:42,682: +PUB [/usb_cam/image_rect/compressedDepth] /usb_cam/image_proc http://itachi-HP-Pavilion-Laptop-15-cc1xx:40505/
[rosmaster.master][INFO] 2020-02-28 20:30:42,683: +SERVICE [/usb_cam/image_rect/compressedDepth/set_parameters] /usb_cam/image_proc http://itachi-HP-Pavilion-Laptop-15-cc1xx:40505/
[rosmaster.master][INFO] 2020-02-28 20:30:42,684: +PUB [/usb_cam/image_rect/compressedDepth/parameter_descriptions] /usb_cam/image_proc http://itachi-HP-Pavilion-Laptop-15-cc1xx:40505/
[rosmaster.master][INFO] 2020-02-28 20:30:42,685: +PUB [/usb_cam/image_rect/compressedDepth/parameter_updates] /usb_cam/image_proc http://itachi-HP-Pavilion-Laptop-15-cc1xx:40505/
[rosmaster.master][INFO] 2020-02-28 20:30:42,689: +PARAM [/usb_cam/image_rect/compressedDepth/depth_max] by /usb_cam/image_proc
[rosmaster.master][INFO] 2020-02-28 20:30:42,691: +SUB [/whycon/image_out] /whycon_display/image_view http://itachi-HP-Pavilion-Laptop-15-cc1xx:36411/
[rosmaster.master][INFO] 2020-02-28 20:30:42,691: +PARAM [/usb_cam/image_rect/compressedDepth/depth_quantization] by /usb_cam/image_proc
[rosmaster.master][INFO] 2020-02-28 20:30:42,692: +PARAM [/usb_cam/image_rect/compressedDepth/png_level] by /usb_cam/image_proc
[rosmaster.master][INFO] 2020-02-28 20:30:42,694: +PUB [/whycon_display/image_view/output] /whycon_display/image_view http://itachi-HP-Pavilion-Laptop-15-cc1xx:36411/
[rosmaster.master][INFO] 2020-02-28 20:30:42,696: +PARAM [/usb_cam/image_rect/compressedDepth/depth_max] by /usb_cam/image_proc
[rosmaster.master][INFO] 2020-02-28 20:30:42,697: +SERVICE [/whycon_display/image_view/set_parameters] /whycon_display/image_view http://itachi-HP-Pavilion-Laptop-15-cc1xx:36411/
[rosmaster.master][INFO] 2020-02-28 20:30:42,698: +PARAM [/usb_cam/image_rect/compressedDepth/depth_quantization] by /usb_cam/image_proc
[rosmaster.master][INFO] 2020-02-28 20:30:42,698: +PUB [/whycon_display/image_view/parameter_descriptions] /whycon_display/image_view http://itachi-HP-Pavilion-Laptop-15-cc1xx:36411/
[rosmaster.master][INFO] 2020-02-28 20:30:42,699: +PARAM [/usb_cam/image_rect/compressedDepth/png_level] by /usb_cam/image_proc
[rosmaster.master][INFO] 2020-02-28 20:30:42,700: +PUB [/whycon_display/image_view/parameter_updates] /whycon_display/image_view http://itachi-HP-Pavilion-Laptop-15-cc1xx:36411/
[rosmaster.master][INFO] 2020-02-28 20:30:42,700: +PUB [/usb_cam/image_rect/compressed] /usb_cam/image_proc http://itachi-HP-Pavilion-Laptop-15-cc1xx:40505/
[rosmaster.master][INFO] 2020-02-28 20:30:42,701: +SERVICE [/usb_cam/image_rect/compressed/set_parameters] /usb_cam/image_proc http://itachi-HP-Pavilion-Laptop-15-cc1xx:40505/
[rosmaster.master][INFO] 2020-02-28 20:30:42,703: +PUB [/usb_cam/image_rect/compressed/parameter_descriptions] /usb_cam/image_proc http://itachi-HP-Pavilion-Laptop-15-cc1xx:40505/
[rosmaster.master][INFO] 2020-02-28 20:30:42,704: +PUB [/usb_cam/image_rect/compressed/parameter_updates] /usb_cam/image_proc http://itachi-HP-Pavilion-Laptop-15-cc1xx:40505/
[rosmaster.master][INFO] 2020-02-28 20:30:42,705: +PARAM [/whycon_display/image_view/do_dynamic_scaling] by /whycon_display/image_view
[rosmaster.master][INFO] 2020-02-28 20:30:42,706: +PARAM [/whycon_display/image_view/colormap] by /whycon_display/image_view
[rosmaster.master][INFO] 2020-02-28 20:30:42,707: +PARAM [/whycon_display/image_view/min_image_value] by /whycon_display/image_view
[rosmaster.master][INFO] 2020-02-28 20:30:42,708: +PARAM [/usb_cam/image_rect/compressed/format] by /usb_cam/image_proc
[rosmaster.master][INFO] 2020-02-28 20:30:42,709: +PARAM [/whycon_display/image_view/max_image_value] by /whycon_display/image_view
[rosmaster.master][INFO] 2020-02-28 20:30:42,713: +PARAM [/usb_cam/image_rect/compressed/jpeg_quality] by /usb_cam/image_proc
[rosmaster.master][INFO] 2020-02-28 20:30:42,714: +PARAM [/whycon_display/image_view/do_dynamic_scaling] by /whycon_display/image_view
[rosmaster.master][INFO] 2020-02-28 20:30:42,715: +PARAM [/usb_cam/image_rect/compressed/png_level] by /usb_cam/image_proc
[rosmaster.master][INFO] 2020-02-28 20:30:42,716: +PARAM [/whycon_display/image_view/colormap] by /whycon_display/image_view
[rosmaster.master][INFO] 2020-02-28 20:30:42,716: +PARAM [/usb_cam/image_rect/compressed/format] by /usb_cam/image_proc
[rosmaster.master][INFO] 2020-02-28 20:30:42,717: +PARAM [/whycon_display/image_view/min_image_value] by /whycon_display/image_view
[rosmaster.master][INFO] 2020-02-28 20:30:42,718: +PARAM [/usb_cam/image_rect/compressed/jpeg_quality] by /usb_cam/image_proc
[rosmaster.master][INFO] 2020-02-28 20:30:42,718: +PARAM [/whycon_display/image_view/max_image_value] by /whycon_display/image_view
[rosmaster.master][INFO] 2020-02-28 20:30:42,719: +PARAM [/usb_cam/image_rect/compressed/png_level] by /usb_cam/image_proc
[rosmaster.master][INFO] 2020-02-28 20:30:42,720: +PUB [/usb_cam/image_rect] /usb_cam/image_proc http://itachi-HP-Pavilion-Laptop-15-cc1xx:40505/
[rosmaster.master][INFO] 2020-02-28 20:30:42,720: +PUB [/usb_cam/image_rect/theora] /usb_cam/image_proc http://itachi-HP-Pavilion-Laptop-15-cc1xx:40505/
[rosmaster.master][INFO] 2020-02-28 20:30:42,721: +SERVICE [/usb_cam/image_rect/theora/set_parameters] /usb_cam/image_proc http://itachi-HP-Pavilion-Laptop-15-cc1xx:40505/
[rosmaster.master][INFO] 2020-02-28 20:30:42,722: +PUB [/usb_cam/image_rect/theora/parameter_descriptions] /usb_cam/image_proc http://itachi-HP-Pavilion-Laptop-15-cc1xx:40505/
[rosmaster.master][INFO] 2020-02-28 20:30:42,723: +PUB [/usb_cam/image_rect/theora/parameter_updates] /usb_cam/image_proc http://itachi-HP-Pavilion-Laptop-15-cc1xx:40505/
[rosmaster.master][INFO] 2020-02-28 20:30:42,725: +PARAM [/usb_cam/image_rect/theora/optimize_for] by /usb_cam/image_proc
[rosmaster.master][INFO] 2020-02-28 20:30:42,726: +PARAM [/usb_cam/image_rect/theora/target_bitrate] by /usb_cam/image_proc
[rosmaster.master][INFO] 2020-02-28 20:30:42,730: +PARAM [/usb_cam/image_rect/theora/quality] by /usb_cam/image_proc
[rosmaster.master][INFO] 2020-02-28 20:30:42,731: +PARAM [/usb_cam/image_rect/theora/keyframe_frequency] by /usb_cam/image_proc
[rosmaster.master][INFO] 2020-02-28 20:30:42,732: +PARAM [/usb_cam/image_rect/theora/optimize_for] by /usb_cam/image_proc
[rosmaster.master][INFO] 2020-02-28 20:30:42,733: +PARAM [/usb_cam/image_rect/theora/target_bitrate] by /usb_cam/image_proc
[rosmaster.master][INFO] 2020-02-28 20:30:42,734: +PARAM [/usb_cam/image_rect/theora/quality] by /usb_cam/image_proc
[rosmaster.master][INFO] 2020-02-28 20:30:42,734: +PARAM [/usb_cam/image_rect/theora/keyframe_frequency] by /usb_cam/image_proc
[rosmaster.master][INFO] 2020-02-28 20:30:42,737: +SERVICE [/usb_cam/image_proc_rectify_color/set_parameters] /usb_cam/image_proc http://itachi-HP-Pavilion-Laptop-15-cc1xx:40505/
[rosmaster.master][INFO] 2020-02-28 20:30:42,737: +PUB [/usb_cam/image_proc_rectify_color/parameter_descriptions] /usb_cam/image_proc http://itachi-HP-Pavilion-Laptop-15-cc1xx:40505/
[rosmaster.master][INFO] 2020-02-28 20:30:42,738: +PUB [/usb_cam/image_proc_rectify_color/parameter_updates] /usb_cam/image_proc http://itachi-HP-Pavilion-Laptop-15-cc1xx:40505/
[rosmaster.master][INFO] 2020-02-28 20:30:42,739: +PARAM [/usb_cam/image_proc_rectify_color/interpolation] by /usb_cam/image_proc
[rosmaster.master][INFO] 2020-02-28 20:30:42,740: +PARAM [/usb_cam/image_proc_rectify_color/interpolation] by /usb_cam/image_proc
[rosmaster.master][INFO] 2020-02-28 20:30:42,741: +PUB [/usb_cam/image_rect_color/compressedDepth] /usb_cam/image_proc http://itachi-HP-Pavilion-Laptop-15-cc1xx:40505/
[rosmaster.master][INFO] 2020-02-28 20:30:42,742: +SERVICE [/usb_cam/image_rect_color/compressedDepth/set_parameters] /usb_cam/image_proc http://itachi-HP-Pavilion-Laptop-15-cc1xx:40505/
[rosmaster.master][INFO] 2020-02-28 20:30:42,742: +PUB [/usb_cam/image_rect_color/compressedDepth/parameter_descriptions] /usb_cam/image_proc http://itachi-HP-Pavilion-Laptop-15-cc1xx:40505/
[rosmaster.master][INFO] 2020-02-28 20:30:42,746: +PUB [/usb_cam/image_rect_color/compressedDepth/parameter_updates] /usb_cam/image_proc http://itachi-HP-Pavilion-Laptop-15-cc1xx:40505/
[rosmaster.master][INFO] 2020-02-28 20:30:42,749: +PARAM [/usb_cam/image_rect_color/compressedDepth/depth_max] by /usb_cam/image_proc
[rosmaster.master][INFO] 2020-02-28 20:30:42,750: +PARAM [/usb_cam/image_rect_color/compressedDepth/depth_quantization] by /usb_cam/image_proc
[rosmaster.master][INFO] 2020-02-28 20:30:42,751: +PARAM [/usb_cam/image_rect_color/compressedDepth/png_level] by /usb_cam/image_proc
[rosmaster.master][INFO] 2020-02-28 20:30:42,751: +PARAM [/usb_cam/image_rect_color/compressedDepth/depth_max] by /usb_cam/image_proc
[rosmaster.master][INFO] 2020-02-28 20:30:42,752: +PARAM [/usb_cam/image_rect_color/compressedDepth/depth_quantization] by /usb_cam/image_proc
[rosmaster.master][INFO] 2020-02-28 20:30:42,753: +PARAM [/usb_cam/image_rect_color/compressedDepth/png_level] by /usb_cam/image_proc
[rosmaster.master][INFO] 2020-02-28 20:30:42,754: +PUB [/usb_cam/image_rect_color/compressed] /usb_cam/image_proc http://itachi-HP-Pavilion-Laptop-15-cc1xx:40505/
[rosmaster.master][INFO] 2020-02-28 20:30:42,754: +SERVICE [/usb_cam/image_rect_color/compressed/set_parameters] /usb_cam/image_proc http://itachi-HP-Pavilion-Laptop-15-cc1xx:40505/
[rosmaster.master][INFO] 2020-02-28 20:30:42,755: +PUB [/usb_cam/image_rect_color/compressed/parameter_descriptions] /usb_cam/image_proc http://itachi-HP-Pavilion-Laptop-15-cc1xx:40505/
[rosmaster.master][INFO] 2020-02-28 20:30:42,756: +PUB [/usb_cam/image_rect_color/compressed/parameter_updates] /usb_cam/image_proc http://itachi-HP-Pavilion-Laptop-15-cc1xx:40505/
[rosmaster.master][INFO] 2020-02-28 20:30:42,758: +PARAM [/usb_cam/image_rect_color/compressed/format] by /usb_cam/image_proc
[rosmaster.master][INFO] 2020-02-28 20:30:42,759: +PARAM [/usb_cam/image_rect_color/compressed/jpeg_quality] by /usb_cam/image_proc
[rosmaster.master][INFO] 2020-02-28 20:30:42,760: +PARAM [/usb_cam/image_rect_color/compressed/png_level] by /usb_cam/image_proc
[rosmaster.master][INFO] 2020-02-28 20:30:42,763: +PARAM [/usb_cam/image_rect_color/compressed/format] by /usb_cam/image_proc
[rosmaster.master][INFO] 2020-02-28 20:30:42,764: +PARAM [/usb_cam/image_rect_color/compressed/jpeg_quality] by /usb_cam/image_proc
[rosmaster.master][INFO] 2020-02-28 20:30:42,765: +PARAM [/usb_cam/image_rect_color/compressed/png_level] by /usb_cam/image_proc
[rosmaster.master][INFO] 2020-02-28 20:30:42,766: +PUB [/rosout] /serial_node http://itachi-HP-Pavilion-Laptop-15-cc1xx:44285/
[rosmaster.master][INFO] 2020-02-28 20:30:42,767: +PUB [/usb_cam/image_rect_color] /usb_cam/image_proc http://itachi-HP-Pavilion-Laptop-15-cc1xx:40505/
[rosmaster.master][INFO] 2020-02-28 20:30:42,768: +PUB [/usb_cam/image_rect_color/theora] /usb_cam/image_proc http://itachi-HP-Pavilion-Laptop-15-cc1xx:40505/
[rosmaster.master][INFO] 2020-02-28 20:30:42,769: +SERVICE [/usb_cam/image_rect_color/theora/set_parameters] /usb_cam/image_proc http://itachi-HP-Pavilion-Laptop-15-cc1xx:40505/
[rosmaster.master][INFO] 2020-02-28 20:30:42,769: publisherUpdate[/rosout] -> http://itachi-HP-Pavilion-Laptop-15-cc1xx:33655/ ['http://itachi-HP-Pavilion-Laptop-15-cc1xx:33777/', 'http://itachi-HP-Pavilion-Laptop-15-cc1xx:40505/', 'http://itachi-HP-Pavilion-Laptop-15-cc1xx:33837/', 'http://itachi-HP-Pavilion-Laptop-15-cc1xx:36411/', 'http://itachi-HP-Pavilion-Laptop-15-cc1xx:44285/']
[rosmaster.master][INFO] 2020-02-28 20:30:42,769: +SERVICE [/serial_node/get_loggers] /serial_node http://itachi-HP-Pavilion-Laptop-15-cc1xx:44285/
[rosmaster.master][INFO] 2020-02-28 20:30:42,770: publisherUpdate[/rosout] -> http://itachi-HP-Pavilion-Laptop-15-cc1xx:33655/ ['http://itachi-HP-Pavilion-Laptop-15-cc1xx:33777/', 'http://itachi-HP-Pavilion-Laptop-15-cc1xx:40505/', 'http://itachi-HP-Pavilion-Laptop-15-cc1xx:33837/', 'http://itachi-HP-Pavilion-Laptop-15-cc1xx:36411/', 'http://itachi-HP-Pavilion-Laptop-15-cc1xx:44285/']: sec=0.00, result=[1, '', 0]
[rosmaster.master][INFO] 2020-02-28 20:30:42,771: +PUB [/usb_cam/image_rect_color/theora/parameter_descriptions] /usb_cam/image_proc http://itachi-HP-Pavilion-Laptop-15-cc1xx:40505/
[rosmaster.master][INFO] 2020-02-28 20:30:42,771: publisherUpdate[/usb_cam/image_rect_color] -> http://itachi-HP-Pavilion-Laptop-15-cc1xx:33837/ ['http://itachi-HP-Pavilion-Laptop-15-cc1xx:40505/']
[rosmaster.master][INFO] 2020-02-28 20:30:42,772: +SERVICE [/serial_node/set_logger_level] /serial_node http://itachi-HP-Pavilion-Laptop-15-cc1xx:44285/
[rosmaster.master][INFO] 2020-02-28 20:30:42,773: +PUB [/usb_cam/image_rect_color/theora/parameter_updates] /usb_cam/image_proc http://itachi-HP-Pavilion-Laptop-15-cc1xx:40505/
[rosmaster.master][INFO] 2020-02-28 20:30:42,774: publisherUpdate[/usb_cam/image_rect_color] -> http://itachi-HP-Pavilion-Laptop-15-cc1xx:33837/ ['http://itachi-HP-Pavilion-Laptop-15-cc1xx:40505/']: sec=0.00, result=[1, '', 0]
[rosmaster.master][INFO] 2020-02-28 20:30:42,781: +PARAM [/usb_cam/image_rect_color/theora/optimize_for] by /usb_cam/image_proc
[rosmaster.master][INFO] 2020-02-28 20:30:42,782: +PARAM [/usb_cam/image_rect_color/theora/target_bitrate] by /usb_cam/image_proc
[rosmaster.master][INFO] 2020-02-28 20:30:42,783: +PUB [/diagnostics] /serial_node http://itachi-HP-Pavilion-Laptop-15-cc1xx:44285/
[rosmaster.master][INFO] 2020-02-28 20:30:42,783: +PARAM [/usb_cam/image_rect_color/theora/quality] by /usb_cam/image_proc
[rosmaster.master][INFO] 2020-02-28 20:30:42,784: +PARAM [/usb_cam/image_rect_color/theora/keyframe_frequency] by /usb_cam/image_proc
[rosmaster.master][INFO] 2020-02-28 20:30:42,785: +PARAM [/usb_cam/image_rect_color/theora/optimize_for] by /usb_cam/image_proc
[rosmaster.master][INFO] 2020-02-28 20:30:42,786: +PARAM [/usb_cam/image_rect_color/theora/target_bitrate] by /usb_cam/image_proc
[rosmaster.master][INFO] 2020-02-28 20:30:42,786: +PARAM [/usb_cam/image_rect_color/theora/quality] by /usb_cam/image_proc
[rosmaster.master][INFO] 2020-02-28 20:30:42,787: +PARAM [/usb_cam/image_rect_color/theora/keyframe_frequency] by /usb_cam/image_proc
[rosmaster.master][INFO] 2020-02-28 20:30:43,088: +SUB [/usb_cam/image_color] /usb_cam/image_proc http://itachi-HP-Pavilion-Laptop-15-cc1xx:40505/
[rosmaster.master][INFO] 2020-02-28 20:30:43,102: +SUB [/usb_cam/camera_info] /usb_cam/image_proc http://itachi-HP-Pavilion-Laptop-15-cc1xx:40505/
[rosmaster.master][INFO] 2020-02-28 20:30:43,113: +SUB [/usb_cam/image_raw] /usb_cam/image_proc http://itachi-HP-Pavilion-Laptop-15-cc1xx:40505/
[rosmaster.master][INFO] 2020-02-28 20:30:44,901: +SUB [/led_control_topic] /serial_node http://itachi-HP-Pavilion-Laptop-15-cc1xx:44285/
[rosmaster.master][INFO] 2020-02-28 20:30:46,770: +PUB [/rosout] /monitor http://itachi-HP-Pavilion-Laptop-15-cc1xx:45777/
[rosmaster.master][INFO] 2020-02-28 20:30:46,775: +SERVICE [/monitor/get_loggers] /monitor http://itachi-HP-Pavilion-Laptop-15-cc1xx:45777/
[rosmaster.master][INFO] 2020-02-28 20:30:46,776: +SERVICE [/monitor/set_logger_level] /monitor http://itachi-HP-Pavilion-Laptop-15-cc1xx:45777/
[rosmaster.master][INFO] 2020-02-28 20:30:46,779: publisherUpdate[/rosout] -> http://itachi-HP-Pavilion-Laptop-15-cc1xx:33655/ ['http://itachi-HP-Pavilion-Laptop-15-cc1xx:33777/', 'http://itachi-HP-Pavilion-Laptop-15-cc1xx:40505/', 'http://itachi-HP-Pavilion-Laptop-15-cc1xx:33837/', 'http://itachi-HP-Pavilion-Laptop-15-cc1xx:36411/', 'http://itachi-HP-Pavilion-Laptop-15-cc1xx:44285/', 'http://itachi-HP-Pavilion-Laptop-15-cc1xx:45777/']
[rosmaster.master][INFO] 2020-02-28 20:30:46,780: publisherUpdate[/rosout] -> http://itachi-HP-Pavilion-Laptop-15-cc1xx:33655/ ['http://itachi-HP-Pavilion-Laptop-15-cc1xx:33777/', 'http://itachi-HP-Pavilion-Laptop-15-cc1xx:40505/', 'http://itachi-HP-Pavilion-Laptop-15-cc1xx:33837/', 'http://itachi-HP-Pavilion-Laptop-15-cc1xx:36411/', 'http://itachi-HP-Pavilion-Laptop-15-cc1xx:44285/', 'http://itachi-HP-Pavilion-Laptop-15-cc1xx:45777/']: sec=0.00, result=[1, '', 0]
[rosmaster.master][INFO] 2020-02-28 20:30:46,820: +SUB [/whycon/poses] /monitor http://itachi-HP-Pavilion-Laptop-15-cc1xx:45777/
[rosmaster.master][INFO] 2020-02-28 20:30:46,826: +SUB [/decision_info] /monitor http://itachi-HP-Pavilion-Laptop-15-cc1xx:45777/
[rosmaster.master][INFO] 2020-02-28 20:30:46,836: +SUB [/detection_info] /monitor http://itachi-HP-Pavilion-Laptop-15-cc1xx:45777/
[rosmaster.master][INFO] 2020-02-28 20:30:46,840: +SUB [/arm_status] /monitor http://itachi-HP-Pavilion-Laptop-15-cc1xx:45777/
[rosmaster.master][INFO] 2020-02-28 20:30:46,842: +PUB [/stats_sr] /monitor http://itachi-HP-Pavilion-Laptop-15-cc1xx:45777/
[rosmaster.master][INFO] 2020-02-28 20:30:46,844: +PUB [/serviced_info] /monitor http://itachi-HP-Pavilion-Laptop-15-cc1xx:45777/
[rosmaster.master][INFO] 2020-02-28 20:30:46,849: +PUB [/led_control_topic] /monitor http://itachi-HP-Pavilion-Laptop-15-cc1xx:45777/
[rosmaster.master][INFO] 2020-02-28 20:30:46,854: +PUB [/base_cell_int_topic] /monitor http://itachi-HP-Pavilion-Laptop-15-cc1xx:45777/
[rosmaster.master][INFO] 2020-02-28 20:30:46,881: publisherUpdate[/led_control_topic] -> http://itachi-HP-Pavilion-Laptop-15-cc1xx:44285/ ['http://itachi-HP-Pavilion-Laptop-15-cc1xx:45777/']
[rosmaster.master][INFO] 2020-02-28 20:30:46,886: publisherUpdate[/led_control_topic] -> http://itachi-HP-Pavilion-Laptop-15-cc1xx:44285/ ['http://itachi-HP-Pavilion-Laptop-15-cc1xx:45777/']: sec=0.00, result=[1, '', 0]
[rosmaster.master][INFO] 2020-02-28 20:30:56,462: -SUB [/whycon/poses] /monitor http://itachi-HP-Pavilion-Laptop-15-cc1xx:45777/
[rosmaster.master][INFO] 2020-02-28 20:30:56,462: -SUB [/detection_info] /monitor http://itachi-HP-Pavilion-Laptop-15-cc1xx:45777/
[rosmaster.master][INFO] 2020-02-28 20:30:56,463: -SUB [/decision_info] /monitor http://itachi-HP-Pavilion-Laptop-15-cc1xx:45777/
[rosmaster.master][INFO] 2020-02-28 20:30:56,463: -SUB [/arm_status] /monitor http://itachi-HP-Pavilion-Laptop-15-cc1xx:45777/
[rosmaster.master][INFO] 2020-02-28 20:30:56,463: -PUB [/serviced_info] /monitor http://itachi-HP-Pavilion-Laptop-15-cc1xx:45777/
[rosmaster.master][INFO] 2020-02-28 20:30:56,463: -PUB [/rosout] /monitor http://itachi-HP-Pavilion-Laptop-15-cc1xx:45777/
[rosmaster.master][INFO] 2020-02-28 20:30:56,463: -PUB [/stats_sr] /monitor http://itachi-HP-Pavilion-Laptop-15-cc1xx:45777/
[rosmaster.master][INFO] 2020-02-28 20:30:56,464: -PUB [/led_control_topic] /monitor http://itachi-HP-Pavilion-Laptop-15-cc1xx:45777/
[rosmaster.master][INFO] 2020-02-28 20:30:56,464: -PUB [/base_cell_int_topic] /monitor http://itachi-HP-Pavilion-Laptop-15-cc1xx:45777/
[rosmaster.master][INFO] 2020-02-28 20:30:56,464: -SERVICE [/monitor/set_logger_level] /monitor rosrpc://itachi-HP-Pavilion-Laptop-15-cc1xx:46521
[rosmaster.master][INFO] 2020-02-28 20:30:56,464: -SERVICE [/monitor/get_loggers] /monitor rosrpc://itachi-HP-Pavilion-Laptop-15-cc1xx:46521
[rosmaster.master][INFO] 2020-02-28 20:30:56,509: publisherUpdate[/rosout] -> http://itachi-HP-Pavilion-Laptop-15-cc1xx:33655/ ['http://itachi-HP-Pavilion-Laptop-15-cc1xx:33777/', 'http://itachi-HP-Pavilion-Laptop-15-cc1xx:40505/', 'http://itachi-HP-Pavilion-Laptop-15-cc1xx:33837/', 'http://itachi-HP-Pavilion-Laptop-15-cc1xx:36411/', 'http://itachi-HP-Pavilion-Laptop-15-cc1xx:44285/']
[rosmaster.master][INFO] 2020-02-28 20:30:56,511: publisherUpdate[/rosout] -> http://itachi-HP-Pavilion-Laptop-15-cc1xx:33655/ ['http://itachi-HP-Pavilion-Laptop-15-cc1xx:33777/', 'http://itachi-HP-Pavilion-Laptop-15-cc1xx:40505/', 'http://itachi-HP-Pavilion-Laptop-15-cc1xx:33837/', 'http://itachi-HP-Pavilion-Laptop-15-cc1xx:36411/', 'http://itachi-HP-Pavilion-Laptop-15-cc1xx:44285/']: sec=0.00, result=[1, '', 0]
[rosmaster.master][INFO] 2020-02-28 20:30:56,511: publisherUpdate[/led_control_topic] -> http://itachi-HP-Pavilion-Laptop-15-cc1xx:44285/ []
[rosmaster.master][INFO] 2020-02-28 20:30:56,513: publisherUpdate[/led_control_topic] -> http://itachi-HP-Pavilion-Laptop-15-cc1xx:44285/ []: sec=0.00, result=[1, '', 0]
[rosmaster.master][INFO] 2020-02-28 20:30:58,599: -SUB [/serviced_info] /sr_scheduler http://itachi-HP-Pavilion-Laptop-15-cc1xx:37177/
[rosmaster.master][INFO] 2020-02-28 20:30:58,599: -SUB [/detection_info] /sr_scheduler http://itachi-HP-Pavilion-Laptop-15-cc1xx:37177/
[rosmaster.master][INFO] 2020-02-28 20:30:58,599: -PUB [/stop_info] /sr_scheduler http://itachi-HP-Pavilion-Laptop-15-cc1xx:37177/
[rosmaster.master][INFO] 2020-02-28 20:30:58,599: -PUB [/rosout] /sr_scheduler http://itachi-HP-Pavilion-Laptop-15-cc1xx:37177/
[rosmaster.master][INFO] 2020-02-28 20:30:58,599: -PUB [/decision_info] /sr_scheduler http://itachi-HP-Pavilion-Laptop-15-cc1xx:37177/
[rosmaster.master][INFO] 2020-02-28 20:30:58,599: -SERVICE [/sr_scheduler/set_logger_level] /sr_scheduler rosrpc://itachi-HP-Pavilion-Laptop-15-cc1xx:32769
[rosmaster.master][INFO] 2020-02-28 20:30:58,599: -SERVICE [/sr_scheduler/get_loggers] /sr_scheduler rosrpc://itachi-HP-Pavilion-Laptop-15-cc1xx:32769
[rosmaster.master][INFO] 2020-02-28 20:31:00,187: +PUB [/stop_info] /sr_scheduler http://itachi-HP-Pavilion-Laptop-15-cc1xx:45419/
[rosmaster.master][INFO] 2020-02-28 20:31:00,190: +PUB [/decision_info] /sr_scheduler http://itachi-HP-Pavilion-Laptop-15-cc1xx:45419/
[rosmaster.master][INFO] 2020-02-28 20:31:00,195: +SUB [/serviced_info] /sr_scheduler http://itachi-HP-Pavilion-Laptop-15-cc1xx:45419/
[rosmaster.master][INFO] 2020-02-28 20:31:00,197: +SUB [/detection_info] /sr_scheduler http://itachi-HP-Pavilion-Laptop-15-cc1xx:45419/
[rosmaster.master][INFO] 2020-02-28 20:31:00,290: +PUB [/rosout] /sr_scheduler http://itachi-HP-Pavilion-Laptop-15-cc1xx:45419/
[rosmaster.master][INFO] 2020-02-28 20:31:00,294: +SERVICE [/sr_scheduler/get_loggers] /sr_scheduler http://itachi-HP-Pavilion-Laptop-15-cc1xx:45419/
[rosmaster.master][INFO] 2020-02-28 20:31:00,296: +SERVICE [/sr_scheduler/set_logger_level] /sr_scheduler http://itachi-HP-Pavilion-Laptop-15-cc1xx:45419/
[rosmaster.master][INFO] 2020-02-28 20:31:00,318: publisherUpdate[/rosout] -> http://itachi-HP-Pavilion-Laptop-15-cc1xx:33655/ ['http://itachi-HP-Pavilion-Laptop-15-cc1xx:33777/', 'http://itachi-HP-Pavilion-Laptop-15-cc1xx:40505/', 'http://itachi-HP-Pavilion-Laptop-15-cc1xx:33837/', 'http://itachi-HP-Pavilion-Laptop-15-cc1xx:36411/', 'http://itachi-HP-Pavilion-Laptop-15-cc1xx:44285/', 'http://itachi-HP-Pavilion-Laptop-15-cc1xx:45419/']
[rosmaster.master][INFO] 2020-02-28 20:31:00,319: publisherUpdate[/rosout] -> http://itachi-HP-Pavilion-Laptop-15-cc1xx:33655/ ['http://itachi-HP-Pavilion-Laptop-15-cc1xx:33777/', 'http://itachi-HP-Pavilion-Laptop-15-cc1xx:40505/', 'http://itachi-HP-Pavilion-Laptop-15-cc1xx:33837/', 'http://itachi-HP-Pavilion-Laptop-15-cc1xx:36411/', 'http://itachi-HP-Pavilion-Laptop-15-cc1xx:44285/', 'http://itachi-HP-Pavilion-Laptop-15-cc1xx:45419/']: sec=0.00, result=[1, '', 0]
[rosmaster.master][INFO] 2020-02-28 20:31:01,783: -SUB [/stats_sr] /rostopic_8195_1582902015607 http://itachi-HP-Pavilion-Laptop-15-cc1xx:37451/
[rosmaster.master][INFO] 2020-02-28 20:31:02,034: -PUB [/rosout] /rostopic_8195_1582902015607 http://itachi-HP-Pavilion-Laptop-15-cc1xx:37451/
[rosmaster.master][INFO] 2020-02-28 20:31:02,034: -SERVICE [/rostopic_8195_1582902015607/get_loggers] /rostopic_8195_1582902015607 rosrpc://itachi-HP-Pavilion-Laptop-15-cc1xx:45509
[rosmaster.master][INFO] 2020-02-28 20:31:02,034: -SERVICE [/rostopic_8195_1582902015607/set_logger_level] /rostopic_8195_1582902015607 rosrpc://itachi-HP-Pavilion-Laptop-15-cc1xx:45509
[rosmaster.master][INFO] 2020-02-28 20:31:03,521: +PUB [/rosout] /rostopic_9092_1582902063469 http://itachi-HP-Pavilion-Laptop-15-cc1xx:33667/
[rosmaster.master][INFO] 2020-02-28 20:31:03,524: +SERVICE [/rostopic_9092_1582902063469/get_loggers] /rostopic_9092_1582902063469 http://itachi-HP-Pavilion-Laptop-15-cc1xx:33667/
[rosmaster.master][INFO] 2020-02-28 20:31:03,525: publisherUpdate[/rosout] -> http://itachi-HP-Pavilion-Laptop-15-cc1xx:33655/ ['http://itachi-HP-Pavilion-Laptop-15-cc1xx:33777/', 'http://itachi-HP-Pavilion-Laptop-15-cc1xx:40505/', 'http://itachi-HP-Pavilion-Laptop-15-cc1xx:33837/', 'http://itachi-HP-Pavilion-Laptop-15-cc1xx:36411/', 'http://itachi-HP-Pavilion-Laptop-15-cc1xx:44285/', 'http://itachi-HP-Pavilion-Laptop-15-cc1xx:45419/', 'http://itachi-HP-Pavilion-Laptop-15-cc1xx:33667/']
[rosmaster.master][INFO] 2020-02-28 20:31:03,526: publisherUpdate[/rosout] -> http://itachi-HP-Pavilion-Laptop-15-cc1xx:33655/ ['http://itachi-HP-Pavilion-Laptop-15-cc1xx:33777/', 'http://itachi-HP-Pavilion-Laptop-15-cc1xx:40505/', 'http://itachi-HP-Pavilion-Laptop-15-cc1xx:33837/', 'http://itachi-HP-Pavilion-Laptop-15-cc1xx:36411/', 'http://itachi-HP-Pavilion-Laptop-15-cc1xx:44285/', 'http://itachi-HP-Pavilion-Laptop-15-cc1xx:45419/', 'http://itachi-HP-Pavilion-Laptop-15-cc1xx:33667/']: sec=0.00, result=[1, '', 0]
[rosmaster.master][INFO] 2020-02-28 20:31:03,526: +SERVICE [/rostopic_9092_1582902063469/set_logger_level] /rostopic_9092_1582902063469 http://itachi-HP-Pavilion-Laptop-15-cc1xx:33667/
[rosmaster.master][INFO] 2020-02-28 20:31:03,539: +SUB [/stats_sr] /rostopic_9092_1582902063469 http://itachi-HP-Pavilion-Laptop-15-cc1xx:33667/
[rosmaster.master][INFO] 2020-02-28 20:31:05,537: -SUB [/usb_cam/image_rect_color] /sr_determine_colors http://itachi-HP-Pavilion-Laptop-15-cc1xx:35453/
[rosmaster.master][INFO] 2020-02-28 20:31:05,538: -PUB [/detection_info] /sr_determine_colors http://itachi-HP-Pavilion-Laptop-15-cc1xx:35453/
[rosmaster.master][INFO] 2020-02-28 20:31:05,538: -PUB [/rosout] /sr_determine_colors http://itachi-HP-Pavilion-Laptop-15-cc1xx:35453/
[rosmaster.master][INFO] 2020-02-28 20:31:05,538: -SERVICE [/sr_determine_colors/set_logger_level] /sr_determine_colors rosrpc://itachi-HP-Pavilion-Laptop-15-cc1xx:33275
[rosmaster.master][INFO] 2020-02-28 20:31:05,538: -SERVICE [/sr_determine_colors/get_loggers] /sr_determine_colors rosrpc://itachi-HP-Pavilion-Laptop-15-cc1xx:33275
[rosmaster.master][INFO] 2020-02-28 20:31:07,236: +PUB [/rosout] /sr_determine_colors http://itachi-HP-Pavilion-Laptop-15-cc1xx:41849/
[rosmaster.master][INFO] 2020-02-28 20:31:07,240: +SERVICE [/sr_determine_colors/get_loggers] /sr_determine_colors http://itachi-HP-Pavilion-Laptop-15-cc1xx:41849/
[rosmaster.master][INFO] 2020-02-28 20:31:07,241: +SERVICE [/sr_determine_colors/set_logger_level] /sr_determine_colors http://itachi-HP-Pavilion-Laptop-15-cc1xx:41849/
[rosmaster.master][INFO] 2020-02-28 20:31:07,244: +PUB [/detection_info] /sr_determine_colors http://itachi-HP-Pavilion-Laptop-15-cc1xx:41849/
[rosmaster.master][INFO] 2020-02-28 20:31:07,250: +SUB [/usb_cam/image_rect_color] /sr_determine_colors http://itachi-HP-Pavilion-Laptop-15-cc1xx:41849/
[rosmaster.master][INFO] 2020-02-28 20:31:07,334: publisherUpdate[/rosout] -> http://itachi-HP-Pavilion-Laptop-15-cc1xx:33655/ ['http://itachi-HP-Pavilion-Laptop-15-cc1xx:33777/', 'http://itachi-HP-Pavilion-Laptop-15-cc1xx:40505/', 'http://itachi-HP-Pavilion-Laptop-15-cc1xx:33837/', 'http://itachi-HP-Pavilion-Laptop-15-cc1xx:36411/', 'http://itachi-HP-Pavilion-Laptop-15-cc1xx:44285/', 'http://itachi-HP-Pavilion-Laptop-15-cc1xx:45419/', 'http://itachi-HP-Pavilion-Laptop-15-cc1xx:33667/', 'http://itachi-HP-Pavilion-Laptop-15-cc1xx:41849/']
[rosmaster.master][INFO] 2020-02-28 20:31:07,335: publisherUpdate[/rosout] -> http://itachi-HP-Pavilion-Laptop-15-cc1xx:33655/ ['http://itachi-HP-Pavilion-Laptop-15-cc1xx:33777/', 'http://itachi-HP-Pavilion-Laptop-15-cc1xx:40505/', 'http://itachi-HP-Pavilion-Laptop-15-cc1xx:33837/', 'http://itachi-HP-Pavilion-Laptop-15-cc1xx:36411/', 'http://itachi-HP-Pavilion-Laptop-15-cc1xx:44285/', 'http://itachi-HP-Pavilion-Laptop-15-cc1xx:45419/', 'http://itachi-HP-Pavilion-Laptop-15-cc1xx:33667/', 'http://itachi-HP-Pavilion-Laptop-15-cc1xx:41849/']: sec=0.00, result=[1, '', 0]
[rosmaster.master][INFO] 2020-02-28 20:31:07,336: publisherUpdate[/detection_info] -> http://itachi-HP-Pavilion-Laptop-15-cc1xx:45419/ ['http://itachi-HP-Pavilion-Laptop-15-cc1xx:41849/']
[rosmaster.master][INFO] 2020-02-28 20:31:07,338: publisherUpdate[/detection_info] -> http://itachi-HP-Pavilion-Laptop-15-cc1xx:45419/ ['http://itachi-HP-Pavilion-Laptop-15-cc1xx:41849/']: sec=0.00, result=[1, '', 0]
[rosmaster.master][INFO] 2020-02-28 20:31:09,235: +PUB [/rosout] /monitor http://itachi-HP-Pavilion-Laptop-15-cc1xx:38255/
[rosmaster.master][INFO] 2020-02-28 20:31:09,238: +SERVICE [/monitor/get_loggers] /monitor http://itachi-HP-Pavilion-Laptop-15-cc1xx:38255/
[rosmaster.master][INFO] 2020-02-28 20:31:09,239: publisherUpdate[/rosout] -> http://itachi-HP-Pavilion-Laptop-15-cc1xx:33655/ ['http://itachi-HP-Pavilion-Laptop-15-cc1xx:33777/', 'http://itachi-HP-Pavilion-Laptop-15-cc1xx:40505/', 'http://itachi-HP-Pavilion-Laptop-15-cc1xx:33837/', 'http://itachi-HP-Pavilion-Laptop-15-cc1xx:36411/', 'http://itachi-HP-Pavilion-Laptop-15-cc1xx:44285/', 'http://itachi-HP-Pavilion-Laptop-15-cc1xx:45419/', 'http://itachi-HP-Pavilion-Laptop-15-cc1xx:33667/', 'http://itachi-HP-Pavilion-Laptop-15-cc1xx:41849/', 'http://itachi-HP-Pavilion-Laptop-15-cc1xx:38255/']
[rosmaster.master][INFO] 2020-02-28 20:31:09,241: +SERVICE [/monitor/set_logger_level] /monitor http://itachi-HP-Pavilion-Laptop-15-cc1xx:38255/
[rosmaster.master][INFO] 2020-02-28 20:31:09,241: publisherUpdate[/rosout] -> http://itachi-HP-Pavilion-Laptop-15-cc1xx:33655/ ['http://itachi-HP-Pavilion-Laptop-15-cc1xx:33777/', 'http://itachi-HP-Pavilion-Laptop-15-cc1xx:40505/', 'http://itachi-HP-Pavilion-Laptop-15-cc1xx:33837/', 'http://itachi-HP-Pavilion-Laptop-15-cc1xx:36411/', 'http://itachi-HP-Pavilion-Laptop-15-cc1xx:44285/', 'http://itachi-HP-Pavilion-Laptop-15-cc1xx:45419/', 'http://itachi-HP-Pavilion-Laptop-15-cc1xx:33667/', 'http://itachi-HP-Pavilion-Laptop-15-cc1xx:41849/', 'http://itachi-HP-Pavilion-Laptop-15-cc1xx:38255/']: sec=0.00, result=[1, '', 0]
[rosmaster.master][INFO] 2020-02-28 20:31:09,319: +SUB [/whycon/poses] /monitor http://itachi-HP-Pavilion-Laptop-15-cc1xx:38255/
[rosmaster.master][INFO] 2020-02-28 20:31:09,321: +SUB [/decision_info] /monitor http://itachi-HP-Pavilion-Laptop-15-cc1xx:38255/
[rosmaster.master][INFO] 2020-02-28 20:31:09,324: +SUB [/detection_info] /monitor http://itachi-HP-Pavilion-Laptop-15-cc1xx:38255/
[rosmaster.master][INFO] 2020-02-28 20:31:09,330: +SUB [/arm_status] /monitor http://itachi-HP-Pavilion-Laptop-15-cc1xx:38255/
[rosmaster.master][INFO] 2020-02-28 20:31:09,334: +PUB [/stats_sr] /monitor http://itachi-HP-Pavilion-Laptop-15-cc1xx:38255/
[rosmaster.master][INFO] 2020-02-28 20:31:09,339: +PUB [/serviced_info] /monitor http://itachi-HP-Pavilion-Laptop-15-cc1xx:38255/
[rosmaster.master][INFO] 2020-02-28 20:31:09,341: +PUB [/led_control_topic] /monitor http://itachi-HP-Pavilion-Laptop-15-cc1xx:38255/
[rosmaster.master][INFO] 2020-02-28 20:31:09,342: publisherUpdate[/stats_sr] -> http://itachi-HP-Pavilion-Laptop-15-cc1xx:33667/ ['http://itachi-HP-Pavilion-Laptop-15-cc1xx:38255/']
[rosmaster.master][INFO] 2020-02-28 20:31:09,342: publisherUpdate[/serviced_info] -> http://itachi-HP-Pavilion-Laptop-15-cc1xx:45419/ ['http://itachi-HP-Pavilion-Laptop-15-cc1xx:38255/']
[rosmaster.master][INFO] 2020-02-28 20:31:09,342: publisherUpdate[/led_control_topic] -> http://itachi-HP-Pavilion-Laptop-15-cc1xx:44285/ ['http://itachi-HP-Pavilion-Laptop-15-cc1xx:38255/']
[rosmaster.master][INFO] 2020-02-28 20:31:09,344: +PUB [/base_cell_int_topic] /monitor http://itachi-HP-Pavilion-Laptop-15-cc1xx:38255/
[rosmaster.master][INFO] 2020-02-28 20:31:09,345: publisherUpdate[/stats_sr] -> http://itachi-HP-Pavilion-Laptop-15-cc1xx:33667/ ['http://itachi-HP-Pavilion-Laptop-15-cc1xx:38255/']: sec=0.00, result=[1, '', 0]
[rosmaster.master][INFO] 2020-02-28 20:31:09,346: publisherUpdate[/serviced_info] -> http://itachi-HP-Pavilion-Laptop-15-cc1xx:45419/ ['http://itachi-HP-Pavilion-Laptop-15-cc1xx:38255/']: sec=0.00, result=[1, '', 0]
[rosmaster.master][INFO] 2020-02-28 20:31:09,355: publisherUpdate[/led_control_topic] -> http://itachi-HP-Pavilion-Laptop-15-cc1xx:44285/ ['http://itachi-HP-Pavilion-Laptop-15-cc1xx:38255/']: sec=0.01, result=[1, '', 0]
[rosmaster.master][INFO] 2020-02-28 20:34:13,125: -SUB [/whycon/poses] /monitor http://itachi-HP-Pavilion-Laptop-15-cc1xx:38255/
[rosmaster.master][INFO] 2020-02-28 20:34:13,126: -SUB [/detection_info] /monitor http://itachi-HP-Pavilion-Laptop-15-cc1xx:38255/
[rosmaster.master][INFO] 2020-02-28 20:34:13,126: -SUB [/decision_info] /monitor http://itachi-HP-Pavilion-Laptop-15-cc1xx:38255/
[rosmaster.master][INFO] 2020-02-28 20:34:13,126: -SUB [/arm_status] /monitor http://itachi-HP-Pavilion-Laptop-15-cc1xx:38255/
[rosmaster.master][INFO] 2020-02-28 20:34:13,126: -PUB [/serviced_info] /monitor http://itachi-HP-Pavilion-Laptop-15-cc1xx:38255/
[rosmaster.master][INFO] 2020-02-28 20:34:13,126: -PUB [/rosout] /monitor http://itachi-HP-Pavilion-Laptop-15-cc1xx:38255/
[rosmaster.master][INFO] 2020-02-28 20:34:13,126: -PUB [/stats_sr] /monitor http://itachi-HP-Pavilion-Laptop-15-cc1xx:38255/
[rosmaster.master][INFO] 2020-02-28 20:34:13,126: -PUB [/led_control_topic] /monitor http://itachi-HP-Pavilion-Laptop-15-cc1xx:38255/
[rosmaster.master][INFO] 2020-02-28 20:34:13,126: -PUB [/base_cell_int_topic] /monitor http://itachi-HP-Pavilion-Laptop-15-cc1xx:38255/
[rosmaster.master][INFO] 2020-02-28 20:34:13,127: -SERVICE [/monitor/set_logger_level] /monitor rosrpc://itachi-HP-Pavilion-Laptop-15-cc1xx:45907
[rosmaster.master][INFO] 2020-02-28 20:34:13,127: -SERVICE [/monitor/get_loggers] /monitor rosrpc://itachi-HP-Pavilion-Laptop-15-cc1xx:45907
[rosmaster.master][INFO] 2020-02-28 20:34:13,205: publisherUpdate[/serviced_info] -> http://itachi-HP-Pavilion-Laptop-15-cc1xx:45419/ []
[rosmaster.master][INFO] 2020-02-28 20:34:13,208: publisherUpdate[/serviced_info] -> http://itachi-HP-Pavilion-Laptop-15-cc1xx:45419/ []: sec=0.00, result=[1, '', 0]
[rosmaster.master][INFO] 2020-02-28 20:34:13,209: publisherUpdate[/rosout] -> http://itachi-HP-Pavilion-Laptop-15-cc1xx:33655/ ['http://itachi-HP-Pavilion-Laptop-15-cc1xx:33777/', 'http://itachi-HP-Pavilion-Laptop-15-cc1xx:40505/', 'http://itachi-HP-Pavilion-Laptop-15-cc1xx:33837/', 'http://itachi-HP-Pavilion-Laptop-15-cc1xx:36411/', 'http://itachi-HP-Pavilion-Laptop-15-cc1xx:44285/', 'http://itachi-HP-Pavilion-Laptop-15-cc1xx:45419/', 'http://itachi-HP-Pavilion-Laptop-15-cc1xx:33667/', 'http://itachi-HP-Pavilion-Laptop-15-cc1xx:41849/']
[rosmaster.master][INFO] 2020-02-28 20:34:13,210: publisherUpdate[/rosout] -> http://itachi-HP-Pavilion-Laptop-15-cc1xx:33655/ ['http://itachi-HP-Pavilion-Laptop-15-cc1xx:33777/', 'http://itachi-HP-Pavilion-Laptop-15-cc1xx:40505/', 'http://itachi-HP-Pavilion-Laptop-15-cc1xx:33837/', 'http://itachi-HP-Pavilion-Laptop-15-cc1xx:36411/', 'http://itachi-HP-Pavilion-Laptop-15-cc1xx:44285/', 'http://itachi-HP-Pavilion-Laptop-15-cc1xx:45419/', 'http://itachi-HP-Pavilion-Laptop-15-cc1xx:33667/', 'http://itachi-HP-Pavilion-Laptop-15-cc1xx:41849/']: sec=0.00, result=[1, '', 0]
[rosmaster.master][INFO] 2020-02-28 20:34:13,210: publisherUpdate[/stats_sr] -> http://itachi-HP-Pavilion-Laptop-15-cc1xx:33667/ []
[rosmaster.master][INFO] 2020-02-28 20:34:13,211: publisherUpdate[/stats_sr] -> http://itachi-HP-Pavilion-Laptop-15-cc1xx:33667/ []: sec=0.00, result=[1, '', 0]
[rosmaster.master][INFO] 2020-02-28 20:34:13,211: publisherUpdate[/led_control_topic] -> http://itachi-HP-Pavilion-Laptop-15-cc1xx:44285/ []
[rosmaster.master][INFO] 2020-02-28 20:34:13,213: publisherUpdate[/led_control_topic] -> http://itachi-HP-Pavilion-Laptop-15-cc1xx:44285/ []: sec=0.00, result=[1, '', 0]
[rosmaster.master][INFO] 2020-02-28 20:35:51,576: -SUB [/serviced_info] /sr_scheduler http://itachi-HP-Pavilion-Laptop-15-cc1xx:45419/
[rosmaster.master][INFO] 2020-02-28 20:35:51,576: -SUB [/detection_info] /sr_scheduler http://itachi-HP-Pavilion-Laptop-15-cc1xx:45419/
[rosmaster.master][INFO] 2020-02-28 20:35:51,576: -PUB [/stop_info] /sr_scheduler http://itachi-HP-Pavilion-Laptop-15-cc1xx:45419/
[rosmaster.master][INFO] 2020-02-28 20:35:51,576: -PUB [/rosout] /sr_scheduler http://itachi-HP-Pavilion-Laptop-15-cc1xx:45419/
[rosmaster.master][INFO] 2020-02-28 20:35:51,577: -PUB [/decision_info] /sr_scheduler http://itachi-HP-Pavilion-Laptop-15-cc1xx:45419/
[rosmaster.master][INFO] 2020-02-28 20:35:51,577: -SERVICE [/sr_scheduler/set_logger_level] /sr_scheduler rosrpc://itachi-HP-Pavilion-Laptop-15-cc1xx:37991
[rosmaster.master][INFO] 2020-02-28 20:35:51,577: -SERVICE [/sr_scheduler/get_loggers] /sr_scheduler rosrpc://itachi-HP-Pavilion-Laptop-15-cc1xx:37991
[rosmaster.master][INFO] 2020-02-28 20:35:51,606: publisherUpdate[/rosout] -> http://itachi-HP-Pavilion-Laptop-15-cc1xx:33655/ ['http://itachi-HP-Pavilion-Laptop-15-cc1xx:33777/', 'http://itachi-HP-Pavilion-Laptop-15-cc1xx:40505/', 'http://itachi-HP-Pavilion-Laptop-15-cc1xx:33837/', 'http://itachi-HP-Pavilion-Laptop-15-cc1xx:36411/', 'http://itachi-HP-Pavilion-Laptop-15-cc1xx:44285/', 'http://itachi-HP-Pavilion-Laptop-15-cc1xx:33667/', 'http://itachi-HP-Pavilion-Laptop-15-cc1xx:41849/']
[rosmaster.master][INFO] 2020-02-28 20:35:51,608: publisherUpdate[/rosout] -> http://itachi-HP-Pavilion-Laptop-15-cc1xx:33655/ ['http://itachi-HP-Pavilion-Laptop-15-cc1xx:33777/', 'http://itachi-HP-Pavilion-Laptop-15-cc1xx:40505/', 'http://itachi-HP-Pavilion-Laptop-15-cc1xx:33837/', 'http://itachi-HP-Pavilion-Laptop-15-cc1xx:36411/', 'http://itachi-HP-Pavilion-Laptop-15-cc1xx:44285/', 'http://itachi-HP-Pavilion-Laptop-15-cc1xx:33667/', 'http://itachi-HP-Pavilion-Laptop-15-cc1xx:41849/']: sec=0.00, result=[1, '', 0]
[rosmaster.master][INFO] 2020-02-28 20:35:54,479: -SUB [/usb_cam/image_rect_color] /sr_determine_colors http://itachi-HP-Pavilion-Laptop-15-cc1xx:41849/
[rosmaster.master][INFO] 2020-02-28 20:35:54,480: -PUB [/detection_info] /sr_determine_colors http://itachi-HP-Pavilion-Laptop-15-cc1xx:41849/
[rosmaster.master][INFO] 2020-02-28 20:35:54,480: -PUB [/rosout] /sr_determine_colors http://itachi-HP-Pavilion-Laptop-15-cc1xx:41849/
[rosmaster.master][INFO] 2020-02-28 20:35:54,481: -SERVICE [/sr_determine_colors/set_logger_level] /sr_determine_colors rosrpc://itachi-HP-Pavilion-Laptop-15-cc1xx:37231
[rosmaster.master][INFO] 2020-02-28 20:35:54,481: -SERVICE [/sr_determine_colors/get_loggers] /sr_determine_colors rosrpc://itachi-HP-Pavilion-Laptop-15-cc1xx:37231
[rosmaster.master][INFO] 2020-02-28 20:35:54,514: publisherUpdate[/rosout] -> http://itachi-HP-Pavilion-Laptop-15-cc1xx:33655/ ['http://itachi-HP-Pavilion-Laptop-15-cc1xx:33777/', 'http://itachi-HP-Pavilion-Laptop-15-cc1xx:40505/', 'http://itachi-HP-Pavilion-Laptop-15-cc1xx:33837/', 'http://itachi-HP-Pavilion-Laptop-15-cc1xx:36411/', 'http://itachi-HP-Pavilion-Laptop-15-cc1xx:44285/', 'http://itachi-HP-Pavilion-Laptop-15-cc1xx:33667/']
[rosmaster.master][INFO] 2020-02-28 20:35:54,515: publisherUpdate[/rosout] -> http://itachi-HP-Pavilion-Laptop-15-cc1xx:33655/ ['http://itachi-HP-Pavilion-Laptop-15-cc1xx:33777/', 'http://itachi-HP-Pavilion-Laptop-15-cc1xx:40505/', 'http://itachi-HP-Pavilion-Laptop-15-cc1xx:33837/', 'http://itachi-HP-Pavilion-Laptop-15-cc1xx:36411/', 'http://itachi-HP-Pavilion-Laptop-15-cc1xx:44285/', 'http://itachi-HP-Pavilion-Laptop-15-cc1xx:33667/']: sec=0.00, result=[1, '', 0]
[rosmaster.master][INFO] 2020-02-28 20:35:56,984: +PUB [/rosout] /sr_determine_colors http://itachi-HP-Pavilion-Laptop-15-cc1xx:45421/
[rosmaster.master][INFO] 2020-02-28 20:35:56,990: +SERVICE [/sr_determine_colors/get_loggers] /sr_determine_colors http://itachi-HP-Pavilion-Laptop-15-cc1xx:45421/
[rosmaster.master][INFO] 2020-02-28 20:35:56,993: +SERVICE [/sr_determine_colors/set_logger_level] /sr_determine_colors http://itachi-HP-Pavilion-Laptop-15-cc1xx:45421/
[rosmaster.master][INFO] 2020-02-28 20:35:56,995: +PUB [/detection_info] /sr_determine_colors http://itachi-HP-Pavilion-Laptop-15-cc1xx:45421/
[rosmaster.master][INFO] 2020-02-28 20:35:56,998: +SUB [/usb_cam/image_rect_color] /sr_determine_colors http://itachi-HP-Pavilion-Laptop-15-cc1xx:45421/
[rosmaster.master][INFO] 2020-02-28 20:35:57,018: publisherUpdate[/rosout] -> http://itachi-HP-Pavilion-Laptop-15-cc1xx:33655/ ['http://itachi-HP-Pavilion-Laptop-15-cc1xx:33777/', 'http://itachi-HP-Pavilion-Laptop-15-cc1xx:40505/', 'http://itachi-HP-Pavilion-Laptop-15-cc1xx:33837/', 'http://itachi-HP-Pavilion-Laptop-15-cc1xx:36411/', 'http://itachi-HP-Pavilion-Laptop-15-cc1xx:44285/', 'http://itachi-HP-Pavilion-Laptop-15-cc1xx:33667/', 'http://itachi-HP-Pavilion-Laptop-15-cc1xx:45421/']
[rosmaster.master][INFO] 2020-02-28 20:35:57,020: publisherUpdate[/rosout] -> http://itachi-HP-Pavilion-Laptop-15-cc1xx:33655/ ['http://itachi-HP-Pavilion-Laptop-15-cc1xx:33777/', 'http://itachi-HP-Pavilion-Laptop-15-cc1xx:40505/', 'http://itachi-HP-Pavilion-Laptop-15-cc1xx:33837/', 'http://itachi-HP-Pavilion-Laptop-15-cc1xx:36411/', 'http://itachi-HP-Pavilion-Laptop-15-cc1xx:44285/', 'http://itachi-HP-Pavilion-Laptop-15-cc1xx:33667/', 'http://itachi-HP-Pavilion-Laptop-15-cc1xx:45421/']: sec=0.00, result=[1, '', 0]
[rosmaster.master][INFO] 2020-02-28 20:35:59,380: +PUB [/rosout] /monitor http://itachi-HP-Pavilion-Laptop-15-cc1xx:34309/
[rosmaster.master][INFO] 2020-02-28 20:35:59,383: +SERVICE [/monitor/get_loggers] /monitor http://itachi-HP-Pavilion-Laptop-15-cc1xx:34309/
[rosmaster.master][INFO] 2020-02-28 20:35:59,385: +SERVICE [/monitor/set_logger_level] /monitor http://itachi-HP-Pavilion-Laptop-15-cc1xx:34309/
[rosmaster.master][INFO] 2020-02-28 20:35:59,426: publisherUpdate[/rosout] -> http://itachi-HP-Pavilion-Laptop-15-cc1xx:33655/ ['http://itachi-HP-Pavilion-Laptop-15-cc1xx:33777/', 'http://itachi-HP-Pavilion-Laptop-15-cc1xx:40505/', 'http://itachi-HP-Pavilion-Laptop-15-cc1xx:33837/', 'http://itachi-HP-Pavilion-Laptop-15-cc1xx:36411/', 'http://itachi-HP-Pavilion-Laptop-15-cc1xx:44285/', 'http://itachi-HP-Pavilion-Laptop-15-cc1xx:33667/', 'http://itachi-HP-Pavilion-Laptop-15-cc1xx:45421/', 'http://itachi-HP-Pavilion-Laptop-15-cc1xx:34309/']
[rosmaster.master][INFO] 2020-02-28 20:35:59,428: publisherUpdate[/rosout] -> http://itachi-HP-Pavilion-Laptop-15-cc1xx:33655/ ['http://itachi-HP-Pavilion-Laptop-15-cc1xx:33777/', 'http://itachi-HP-Pavilion-Laptop-15-cc1xx:40505/', 'http://itachi-HP-Pavilion-Laptop-15-cc1xx:33837/', 'http://itachi-HP-Pavilion-Laptop-15-cc1xx:36411/', 'http://itachi-HP-Pavilion-Laptop-15-cc1xx:44285/', 'http://itachi-HP-Pavilion-Laptop-15-cc1xx:33667/', 'http://itachi-HP-Pavilion-Laptop-15-cc1xx:45421/', 'http://itachi-HP-Pavilion-Laptop-15-cc1xx:34309/']: sec=0.00, result=[1, '', 0]
[rosmaster.master][INFO] 2020-02-28 20:35:59,445: +SUB [/whycon/poses] /monitor http://itachi-HP-Pavilion-Laptop-15-cc1xx:34309/
[rosmaster.master][INFO] 2020-02-28 20:35:59,448: +SUB [/decision_info] /monitor http://itachi-HP-Pavilion-Laptop-15-cc1xx:34309/
[rosmaster.master][INFO] 2020-02-28 20:35:59,454: +SUB [/detection_info] /monitor http://itachi-HP-Pavilion-Laptop-15-cc1xx:34309/
[rosmaster.master][INFO] 2020-02-28 20:35:59,458: +SUB [/arm_status] /monitor http://itachi-HP-Pavilion-Laptop-15-cc1xx:34309/
[rosmaster.master][INFO] 2020-02-28 20:35:59,459: +PUB [/stats_sr] /monitor http://itachi-HP-Pavilion-Laptop-15-cc1xx:34309/
[rosmaster.master][INFO] 2020-02-28 20:35:59,461: +PUB [/serviced_info] /monitor http://itachi-HP-Pavilion-Laptop-15-cc1xx:34309/
[rosmaster.master][INFO] 2020-02-28 20:35:59,463: +PUB [/led_control_topic] /monitor http://itachi-HP-Pavilion-Laptop-15-cc1xx:34309/
[rosmaster.master][INFO] 2020-02-28 20:35:59,466: +PUB [/base_cell_int_topic] /monitor http://itachi-HP-Pavilion-Laptop-15-cc1xx:34309/
[rosmaster.master][INFO] 2020-02-28 20:35:59,527: publisherUpdate[/stats_sr] -> http://itachi-HP-Pavilion-Laptop-15-cc1xx:33667/ ['http://itachi-HP-Pavilion-Laptop-15-cc1xx:34309/']
[rosmaster.master][INFO] 2020-02-28 20:35:59,528: publisherUpdate[/stats_sr] -> http://itachi-HP-Pavilion-Laptop-15-cc1xx:33667/ ['http://itachi-HP-Pavilion-Laptop-15-cc1xx:34309/']: sec=0.00, result=[1, '', 0]
[rosmaster.master][INFO] 2020-02-28 20:35:59,529: publisherUpdate[/led_control_topic] -> http://itachi-HP-Pavilion-Laptop-15-cc1xx:44285/ ['http://itachi-HP-Pavilion-Laptop-15-cc1xx:34309/']
[rosmaster.master][INFO] 2020-02-28 20:35:59,531: publisherUpdate[/led_control_topic] -> http://itachi-HP-Pavilion-Laptop-15-cc1xx:44285/ ['http://itachi-HP-Pavilion-Laptop-15-cc1xx:34309/']: sec=0.00, result=[1, '', 0]
[rosmaster.master][INFO] 2020-02-28 20:36:08,943: -SUB [/led_control_topic] /serial_node http://itachi-HP-Pavilion-Laptop-15-cc1xx:44285/
[rosmaster.master][INFO] 2020-02-28 20:36:08,944: -PUB [/diagnostics] /serial_node http://itachi-HP-Pavilion-Laptop-15-cc1xx:44285/
[rosmaster.master][INFO] 2020-02-28 20:36:08,944: -PUB [/rosout] /serial_node http://itachi-HP-Pavilion-Laptop-15-cc1xx:44285/
[rosmaster.master][INFO] 2020-02-28 20:36:08,944: -SERVICE [/serial_node/get_loggers] /serial_node rosrpc://itachi-HP-Pavilion-Laptop-15-cc1xx:36525
[rosmaster.master][INFO] 2020-02-28 20:36:08,944: -SERVICE [/serial_node/set_logger_level] /serial_node rosrpc://itachi-HP-Pavilion-Laptop-15-cc1xx:36525
[rosmaster.master][INFO] 2020-02-28 20:36:08,945: publisherUpdate[/rosout] -> http://itachi-HP-Pavilion-Laptop-15-cc1xx:33655/ ['http://itachi-HP-Pavilion-Laptop-15-cc1xx:33777/', 'http://itachi-HP-Pavilion-Laptop-15-cc1xx:40505/', 'http://itachi-HP-Pavilion-Laptop-15-cc1xx:33837/', 'http://itachi-HP-Pavilion-Laptop-15-cc1xx:36411/', 'http://itachi-HP-Pavilion-Laptop-15-cc1xx:33667/', 'http://itachi-HP-Pavilion-Laptop-15-cc1xx:45421/', 'http://itachi-HP-Pavilion-Laptop-15-cc1xx:34309/']
[rosmaster.master][INFO] 2020-02-28 20:36:08,945: publisherUpdate[/rosout] -> http://itachi-HP-Pavilion-Laptop-15-cc1xx:33655/ ['http://itachi-HP-Pavilion-Laptop-15-cc1xx:33777/', 'http://itachi-HP-Pavilion-Laptop-15-cc1xx:40505/', 'http://itachi-HP-Pavilion-Laptop-15-cc1xx:33837/', 'http://itachi-HP-Pavilion-Laptop-15-cc1xx:36411/', 'http://itachi-HP-Pavilion-Laptop-15-cc1xx:33667/', 'http://itachi-HP-Pavilion-Laptop-15-cc1xx:45421/', 'http://itachi-HP-Pavilion-Laptop-15-cc1xx:34309/']: sec=0.00, result=[1, '', 0]
[rosmaster.master][INFO] 2020-02-28 20:36:13,354: -SERVICE [/usb_cam/get_loggers] /usb_cam rosrpc://itachi-HP-Pavilion-Laptop-15-cc1xx:55559
[rosmaster.master][INFO] 2020-02-28 20:36:13,356: -SERVICE [/usb_cam/set_logger_level] /usb_cam rosrpc://itachi-HP-Pavilion-Laptop-15-cc1xx:55559
[rosmaster.master][INFO] 2020-02-28 20:36:13,359: -SERVICE [/usb_cam/image_raw/compressedDepth/set_parameters] /usb_cam rosrpc://itachi-HP-Pavilion-Laptop-15-cc1xx:55559
[rosmaster.master][INFO] 2020-02-28 20:36:13,362: -SERVICE [/usb_cam/image_raw/compressed/set_parameters] /usb_cam rosrpc://itachi-HP-Pavilion-Laptop-15-cc1xx:55559
[rosmaster.master][INFO] 2020-02-28 20:36:13,366: -SERVICE [/usb_cam/image_raw/theora/set_parameters] /usb_cam rosrpc://itachi-HP-Pavilion-Laptop-15-cc1xx:55559
[rosmaster.master][INFO] 2020-02-28 20:36:13,369: -SERVICE [/usb_cam/set_camera_info] /usb_cam rosrpc://itachi-HP-Pavilion-Laptop-15-cc1xx:55559
[rosmaster.master][INFO] 2020-02-28 20:36:13,372: -SERVICE [/usb_cam/start_capture] /usb_cam rosrpc://itachi-HP-Pavilion-Laptop-15-cc1xx:55559
[rosmaster.master][INFO] 2020-02-28 20:36:13,374: -SERVICE [/usb_cam/stop_capture] /usb_cam rosrpc://itachi-HP-Pavilion-Laptop-15-cc1xx:55559
[rosmaster.master][INFO] 2020-02-28 20:36:13,536: -PUB [/rosout] /usb_cam http://itachi-HP-Pavilion-Laptop-15-cc1xx:33777/
[rosmaster.master][INFO] 2020-02-28 20:36:13,539: -PUB [/usb_cam/image_raw/compressedDepth] /usb_cam http://itachi-HP-Pavilion-Laptop-15-cc1xx:33777/
[rosmaster.master][INFO] 2020-02-28 20:36:13,541: -PUB [/usb_cam/image_raw/compressedDepth/parameter_descriptions] /usb_cam http://itachi-HP-Pavilion-Laptop-15-cc1xx:33777/
[rosmaster.master][INFO] 2020-02-28 20:36:13,544: -PUB [/usb_cam/image_raw/compressedDepth/parameter_updates] /usb_cam http://itachi-HP-Pavilion-Laptop-15-cc1xx:33777/
[rosmaster.master][INFO] 2020-02-28 20:36:13,546: -PUB [/usb_cam/image_raw/compressed] /usb_cam http://itachi-HP-Pavilion-Laptop-15-cc1xx:33777/
[rosmaster.master][INFO] 2020-02-28 20:36:13,548: -PUB [/usb_cam/image_raw/compressed/parameter_descriptions] /usb_cam http://itachi-HP-Pavilion-Laptop-15-cc1xx:33777/
[rosmaster.master][INFO] 2020-02-28 20:36:13,551: -PUB [/usb_cam/image_raw/compressed/parameter_updates] /usb_cam http://itachi-HP-Pavilion-Laptop-15-cc1xx:33777/
[rosmaster.master][INFO] 2020-02-28 20:36:13,553: -PUB [/usb_cam/image_raw] /usb_cam http://itachi-HP-Pavilion-Laptop-15-cc1xx:33777/
[rosmaster.master][INFO] 2020-02-28 20:36:13,556: publisherUpdate[/rosout] -> http://itachi-HP-Pavilion-Laptop-15-cc1xx:33655/ ['http://itachi-HP-Pavilion-Laptop-15-cc1xx:40505/', 'http://itachi-HP-Pavilion-Laptop-15-cc1xx:33837/', 'http://itachi-HP-Pavilion-Laptop-15-cc1xx:36411/', 'http://itachi-HP-Pavilion-Laptop-15-cc1xx:33667/', 'http://itachi-HP-Pavilion-Laptop-15-cc1xx:45421/', 'http://itachi-HP-Pavilion-Laptop-15-cc1xx:34309/']
[rosmaster.master][INFO] 2020-02-28 20:36:13,557: -PUB [/usb_cam/image_raw/theora] /usb_cam http://itachi-HP-Pavilion-Laptop-15-cc1xx:33777/
[rosmaster.master][INFO] 2020-02-28 20:36:13,559: publisherUpdate[/rosout] -> http://itachi-HP-Pavilion-Laptop-15-cc1xx:33655/ ['http://itachi-HP-Pavilion-Laptop-15-cc1xx:40505/', 'http://itachi-HP-Pavilion-Laptop-15-cc1xx:33837/', 'http://itachi-HP-Pavilion-Laptop-15-cc1xx:36411/', 'http://itachi-HP-Pavilion-Laptop-15-cc1xx:33667/', 'http://itachi-HP-Pavilion-Laptop-15-cc1xx:45421/', 'http://itachi-HP-Pavilion-Laptop-15-cc1xx:34309/']: sec=0.00, result=[1, '', 0]
[rosmaster.master][INFO] 2020-02-28 20:36:13,559: publisherUpdate[/usb_cam/image_raw] -> http://itachi-HP-Pavilion-Laptop-15-cc1xx:40505/ []
[rosmaster.master][INFO] 2020-02-28 20:36:13,562: -PUB [/usb_cam/image_raw/theora/parameter_descriptions] /usb_cam http://itachi-HP-Pavilion-Laptop-15-cc1xx:33777/
[rosmaster.master][INFO] 2020-02-28 20:36:13,564: publisherUpdate[/usb_cam/image_raw] -> http://itachi-HP-Pavilion-Laptop-15-cc1xx:40505/ []: sec=0.00, result=[1, '', 0]
[rosmaster.master][INFO] 2020-02-28 20:36:13,567: -PUB [/usb_cam/image_raw/theora/parameter_updates] /usb_cam http://itachi-HP-Pavilion-Laptop-15-cc1xx:33777/
[rosmaster.master][INFO] 2020-02-28 20:36:13,570: -PUB [/usb_cam/camera_info] /usb_cam http://itachi-HP-Pavilion-Laptop-15-cc1xx:33777/
[rosmaster.master][INFO] 2020-02-28 20:36:13,572: publisherUpdate[/usb_cam/camera_info] -> http://itachi-HP-Pavilion-Laptop-15-cc1xx:33837/ []
[rosmaster.master][INFO] 2020-02-28 20:36:13,574: publisherUpdate[/usb_cam/camera_info] -> http://itachi-HP-Pavilion-Laptop-15-cc1xx:33837/ []: sec=0.00, result=[1, '', 0]
[rosmaster.master][INFO] 2020-02-28 20:36:13,574: publisherUpdate[/usb_cam/camera_info] -> http://itachi-HP-Pavilion-Laptop-15-cc1xx:40505/ []
[rosmaster.master][INFO] 2020-02-28 20:36:13,576: publisherUpdate[/usb_cam/camera_info] -> http://itachi-HP-Pavilion-Laptop-15-cc1xx:40505/ []: sec=0.00, result=[1, '', 0]
[rosmaster.master][INFO] 2020-02-28 20:36:24,100: -PUB [/rosout] /whycon http://itachi-HP-Pavilion-Laptop-15-cc1xx:33837/
[rosmaster.master][INFO] 2020-02-28 20:36:24,101: publisherUpdate[/rosout] -> http://itachi-HP-Pavilion-Laptop-15-cc1xx:33655/ ['http://itachi-HP-Pavilion-Laptop-15-cc1xx:40505/', 'http://itachi-HP-Pavilion-Laptop-15-cc1xx:36411/', 'http://itachi-HP-Pavilion-Laptop-15-cc1xx:33667/', 'http://itachi-HP-Pavilion-Laptop-15-cc1xx:45421/', 'http://itachi-HP-Pavilion-Laptop-15-cc1xx:34309/']
[rosmaster.master][INFO] 2020-02-28 20:36:24,105: publisherUpdate[/rosout] -> http://itachi-HP-Pavilion-Laptop-15-cc1xx:33655/ ['http://itachi-HP-Pavilion-Laptop-15-cc1xx:40505/', 'http://itachi-HP-Pavilion-Laptop-15-cc1xx:36411/', 'http://itachi-HP-Pavilion-Laptop-15-cc1xx:33667/', 'http://itachi-HP-Pavilion-Laptop-15-cc1xx:45421/', 'http://itachi-HP-Pavilion-Laptop-15-cc1xx:34309/']: sec=0.00, result=[1, '', 0]
[rosmaster.master][INFO] 2020-02-28 20:36:24,106: -PUB [/rosout] /whycon_display/image_view http://itachi-HP-Pavilion-Laptop-15-cc1xx:36411/
[rosmaster.master][INFO] 2020-02-28 20:36:24,107: publisherUpdate[/rosout] -> http://itachi-HP-Pavilion-Laptop-15-cc1xx:33655/ ['http://itachi-HP-Pavilion-Laptop-15-cc1xx:40505/', 'http://itachi-HP-Pavilion-Laptop-15-cc1xx:33667/', 'http://itachi-HP-Pavilion-Laptop-15-cc1xx:45421/', 'http://itachi-HP-Pavilion-Laptop-15-cc1xx:34309/']
[rosmaster.master][INFO] 2020-02-28 20:36:24,109: -PUB [/tf] /whycon http://itachi-HP-Pavilion-Laptop-15-cc1xx:33837/
[rosmaster.master][INFO] 2020-02-28 20:36:24,110: publisherUpdate[/rosout] -> http://itachi-HP-Pavilion-Laptop-15-cc1xx:33655/ ['http://itachi-HP-Pavilion-Laptop-15-cc1xx:40505/', 'http://itachi-HP-Pavilion-Laptop-15-cc1xx:33667/', 'http://itachi-HP-Pavilion-Laptop-15-cc1xx:45421/', 'http://itachi-HP-Pavilion-Laptop-15-cc1xx:34309/']: sec=0.00, result=[1, '', 0]
[rosmaster.master][INFO] 2020-02-28 20:36:24,110: -PUB [/whycon_display/image_view/output] /whycon_display/image_view http://itachi-HP-Pavilion-Laptop-15-cc1xx:36411/
[rosmaster.master][INFO] 2020-02-28 20:36:24,113: -PUB [/whycon/image_out] /whycon http://itachi-HP-Pavilion-Laptop-15-cc1xx:33837/
[rosmaster.master][INFO] 2020-02-28 20:36:24,114: -PUB [/whycon_display/image_view/parameter_descriptions] /whycon_display/image_view http://itachi-HP-Pavilion-Laptop-15-cc1xx:36411/
[rosmaster.master][INFO] 2020-02-28 20:36:24,116: -PUB [/whycon/poses] /whycon http://itachi-HP-Pavilion-Laptop-15-cc1xx:33837/
[rosmaster.master][INFO] 2020-02-28 20:36:24,117: -PUB [/whycon_display/image_view/parameter_updates] /whycon_display/image_view http://itachi-HP-Pavilion-Laptop-15-cc1xx:36411/
[rosmaster.master][INFO] 2020-02-28 20:36:24,118: -PUB [/whycon/context] /whycon http://itachi-HP-Pavilion-Laptop-15-cc1xx:33837/
[rosmaster.master][INFO] 2020-02-28 20:36:24,118: -SUB [/whycon/image_out] /whycon_display/image_view http://itachi-HP-Pavilion-Laptop-15-cc1xx:36411/
[rosmaster.master][INFO] 2020-02-28 20:36:24,119: -PUB [/whycon/projection] /whycon http://itachi-HP-Pavilion-Laptop-15-cc1xx:33837/
[rosmaster.master][INFO] 2020-02-28 20:36:24,120: -SERVICE [/whycon_display/image_view/get_loggers] /whycon_display/image_view rosrpc://itachi-HP-Pavilion-Laptop-15-cc1xx:44239
[rosmaster.master][INFO] 2020-02-28 20:36:24,121: -SUB [/usb_cam/image_rect_color] /whycon http://itachi-HP-Pavilion-Laptop-15-cc1xx:33837/
[rosmaster.master][INFO] 2020-02-28 20:36:24,121: -SERVICE [/whycon_display/image_view/set_logger_level] /whycon_display/image_view rosrpc://itachi-HP-Pavilion-Laptop-15-cc1xx:44239
[rosmaster.master][INFO] 2020-02-28 20:36:24,122: -SUB [/usb_cam/camera_info] /whycon http://itachi-HP-Pavilion-Laptop-15-cc1xx:33837/
[rosmaster.master][INFO] 2020-02-28 20:36:24,123: -SERVICE [/whycon_display/image_view/set_parameters] /whycon_display/image_view rosrpc://itachi-HP-Pavilion-Laptop-15-cc1xx:44239
[rosmaster.master][INFO] 2020-02-28 20:36:24,123: -SERVICE [/whycon/get_loggers] /whycon rosrpc://itachi-HP-Pavilion-Laptop-15-cc1xx:59953
[rosmaster.master][INFO] 2020-02-28 20:36:24,124: -SERVICE [/whycon/set_logger_level] /whycon rosrpc://itachi-HP-Pavilion-Laptop-15-cc1xx:59953
[rosmaster.master][INFO] 2020-02-28 20:36:24,124: -SERVICE [/whycon/reset] /whycon rosrpc://itachi-HP-Pavilion-Laptop-15-cc1xx:59953
[rosmaster.master][INFO] 2020-02-28 20:36:24,189: publisherUpdate[/whycon/image_out] -> http://itachi-HP-Pavilion-Laptop-15-cc1xx:36411/ []
[rosmaster.master][INFO] 2020-02-28 20:36:24,190: publisherUpdate[/whycon/poses] -> http://itachi-HP-Pavilion-Laptop-15-cc1xx:34309/ []
[rosmaster.master][INFO] 2020-02-28 20:36:24,190: publisherUpdate[/whycon/image_out] -> http://itachi-HP-Pavilion-Laptop-15-cc1xx:36411/ []: sec=0.00, exception=<Fault -1: 'publisherUpdate: unknown method name'>
[rosmaster.master][INFO] 2020-02-28 20:36:24,191: publisherUpdate[/whycon/poses] -> http://itachi-HP-Pavilion-Laptop-15-cc1xx:34309/ []: sec=0.00, result=[1, '', 0]
[rosmaster.threadpool][ERROR] 2020-02-28 20:36:24,191: Traceback (most recent call last):
  File "/opt/ros/kinetic/lib/python2.7/dist-packages/rosmaster/threadpool.py", line 218, in run
    result = cmd(*args)
  File "/opt/ros/kinetic/lib/python2.7/dist-packages/rosmaster/master_api.py", line 210, in publisher_update_task
    ret = xmlrpcapi(api).publisherUpdate('/master', topic, pub_uris)
  File "/usr/lib/python2.7/xmlrpclib.py", line 1243, in __call__
    return self.__send(self.__name, args)
  File "/usr/lib/python2.7/xmlrpclib.py", line 1602, in __request
    verbose=self.__verbose
  File "/usr/lib/python2.7/xmlrpclib.py", line 1283, in request
    return self.single_request(host, handler, request_body, verbose)
  File "/usr/lib/python2.7/xmlrpclib.py", line 1316, in single_request
    return self.parse_response(response)
  File "/usr/lib/python2.7/xmlrpclib.py", line 1493, in parse_response
    return u.close()
  File "/usr/lib/python2.7/xmlrpclib.py", line 800, in close
    raise Fault(**self._stack[0])
Fault: <Fault -1: 'publisherUpdate: unknown method name'>

[rosmaster.master][INFO] 2020-02-28 20:36:24,198: -PUB [/rosout] /usb_cam/image_proc http://itachi-HP-Pavilion-Laptop-15-cc1xx:40505/
[rosmaster.master][INFO] 2020-02-28 20:36:24,199: -PUB [/usb_cam/image_proc_debayer/parameter_descriptions] /usb_cam/image_proc http://itachi-HP-Pavilion-Laptop-15-cc1xx:40505/
[rosmaster.master][INFO] 2020-02-28 20:36:24,199: -PUB [/usb_cam/image_proc_debayer/parameter_updates] /usb_cam/image_proc http://itachi-HP-Pavilion-Laptop-15-cc1xx:40505/
[rosmaster.master][INFO] 2020-02-28 20:36:24,200: -PUB [/usb_cam/image_mono/compressedDepth] /usb_cam/image_proc http://itachi-HP-Pavilion-Laptop-15-cc1xx:40505/
[rosmaster.master][INFO] 2020-02-28 20:36:24,200: -PUB [/usb_cam/image_mono/compressedDepth/parameter_descriptions] /usb_cam/image_proc http://itachi-HP-Pavilion-Laptop-15-cc1xx:40505/
[rosmaster.master][INFO] 2020-02-28 20:36:24,201: -PUB [/usb_cam/image_mono/compressedDepth/parameter_updates] /usb_cam/image_proc http://itachi-HP-Pavilion-Laptop-15-cc1xx:40505/
[rosmaster.master][INFO] 2020-02-28 20:36:24,201: -PUB [/usb_cam/image_mono/compressed] /usb_cam/image_proc http://itachi-HP-Pavilion-Laptop-15-cc1xx:40505/
[rosmaster.master][INFO] 2020-02-28 20:36:24,202: -PUB [/usb_cam/image_mono/compressed/parameter_descriptions] /usb_cam/image_proc http://itachi-HP-Pavilion-Laptop-15-cc1xx:40505/
[rosmaster.master][INFO] 2020-02-28 20:36:24,202: -PUB [/usb_cam/image_mono/compressed/parameter_updates] /usb_cam/image_proc http://itachi-HP-Pavilion-Laptop-15-cc1xx:40505/
[rosmaster.master][INFO] 2020-02-28 20:36:24,203: -PUB [/usb_cam/image_mono] /usb_cam/image_proc http://itachi-HP-Pavilion-Laptop-15-cc1xx:40505/
[rosmaster.master][INFO] 2020-02-28 20:36:24,203: -PUB [/usb_cam/image_mono/theora] /usb_cam/image_proc http://itachi-HP-Pavilion-Laptop-15-cc1xx:40505/
[rosmaster.master][INFO] 2020-02-28 20:36:24,203: -PUB [/usb_cam/image_mono/theora/parameter_descriptions] /usb_cam/image_proc http://itachi-HP-Pavilion-Laptop-15-cc1xx:40505/
[rosmaster.master][INFO] 2020-02-28 20:36:24,204: -PUB [/usb_cam/image_mono/theora/parameter_updates] /usb_cam/image_proc http://itachi-HP-Pavilion-Laptop-15-cc1xx:40505/
[rosmaster.master][INFO] 2020-02-28 20:36:24,204: -PUB [/usb_cam/image_color/compressedDepth] /usb_cam/image_proc http://itachi-HP-Pavilion-Laptop-15-cc1xx:40505/
[rosmaster.master][INFO] 2020-02-28 20:36:24,205: -PUB [/usb_cam/image_color/compressedDepth/parameter_descriptions] /usb_cam/image_proc http://itachi-HP-Pavilion-Laptop-15-cc1xx:40505/
[rosmaster.master][INFO] 2020-02-28 20:36:24,205: -PUB [/usb_cam/image_color/compressedDepth/parameter_updates] /usb_cam/image_proc http://itachi-HP-Pavilion-Laptop-15-cc1xx:40505/
[rosmaster.master][INFO] 2020-02-28 20:36:24,206: -PUB [/usb_cam/image_color/compressed] /usb_cam/image_proc http://itachi-HP-Pavilion-Laptop-15-cc1xx:40505/
[rosmaster.master][INFO] 2020-02-28 20:36:24,206: -PUB [/usb_cam/image_color/compressed/parameter_descriptions] /usb_cam/image_proc http://itachi-HP-Pavilion-Laptop-15-cc1xx:40505/
[rosmaster.master][INFO] 2020-02-28 20:36:24,207: -PUB [/usb_cam/image_color/compressed/parameter_updates] /usb_cam/image_proc http://itachi-HP-Pavilion-Laptop-15-cc1xx:40505/
[rosmaster.master][INFO] 2020-02-28 20:36:24,207: -PUB [/usb_cam/image_color] /usb_cam/image_proc http://itachi-HP-Pavilion-Laptop-15-cc1xx:40505/
[rosmaster.master][INFO] 2020-02-28 20:36:24,207: -PUB [/usb_cam/image_color/theora] /usb_cam/image_proc http://itachi-HP-Pavilion-Laptop-15-cc1xx:40505/
[rosmaster.master][INFO] 2020-02-28 20:36:24,208: -PUB [/usb_cam/image_color/theora/parameter_descriptions] /usb_cam/image_proc http://itachi-HP-Pavilion-Laptop-15-cc1xx:40505/
[rosmaster.master][INFO] 2020-02-28 20:36:24,209: -PUB [/usb_cam/image_color/theora/parameter_updates] /usb_cam/image_proc http://itachi-HP-Pavilion-Laptop-15-cc1xx:40505/
[rosmaster.master][INFO] 2020-02-28 20:36:24,209: -PUB [/usb_cam/image_proc_rectify_mono/parameter_descriptions] /usb_cam/image_proc http://itachi-HP-Pavilion-Laptop-15-cc1xx:40505/
[rosmaster.master][INFO] 2020-02-28 20:36:24,210: -PUB [/usb_cam/image_proc_rectify_mono/parameter_updates] /usb_cam/image_proc http://itachi-HP-Pavilion-Laptop-15-cc1xx:40505/
[rosmaster.master][INFO] 2020-02-28 20:36:24,210: -PUB [/usb_cam/image_rect/compressedDepth] /usb_cam/image_proc http://itachi-HP-Pavilion-Laptop-15-cc1xx:40505/
[rosmaster.master][INFO] 2020-02-28 20:36:24,211: -PUB [/usb_cam/image_rect/compressedDepth/parameter_descriptions] /usb_cam/image_proc http://itachi-HP-Pavilion-Laptop-15-cc1xx:40505/
[rosmaster.master][INFO] 2020-02-28 20:36:24,211: publisherUpdate[/rosout] -> http://itachi-HP-Pavilion-Laptop-15-cc1xx:33655/ ['http://itachi-HP-Pavilion-Laptop-15-cc1xx:33667/', 'http://itachi-HP-Pavilion-Laptop-15-cc1xx:45421/', 'http://itachi-HP-Pavilion-Laptop-15-cc1xx:34309/']
[rosmaster.master][INFO] 2020-02-28 20:36:24,211: publisherUpdate[/rosout] -> http://itachi-HP-Pavilion-Laptop-15-cc1xx:33655/ ['http://itachi-HP-Pavilion-Laptop-15-cc1xx:33667/', 'http://itachi-HP-Pavilion-Laptop-15-cc1xx:45421/', 'http://itachi-HP-Pavilion-Laptop-15-cc1xx:34309/']: sec=0.00, result=[1, '', 0]
[rosmaster.master][INFO] 2020-02-28 20:36:24,212: -PUB [/usb_cam/image_rect/compressedDepth/parameter_updates] /usb_cam/image_proc http://itachi-HP-Pavilion-Laptop-15-cc1xx:40505/
[rosmaster.master][INFO] 2020-02-28 20:36:24,212: publisherUpdate[/usb_cam/image_color] -> http://itachi-HP-Pavilion-Laptop-15-cc1xx:40505/ []
[rosmaster.master][INFO] 2020-02-28 20:36:24,212: publisherUpdate[/usb_cam/image_color] -> http://itachi-HP-Pavilion-Laptop-15-cc1xx:40505/ []: sec=0.00, exception=<Fault -1: 'publisherUpdate: unknown method name'>
[rosmaster.master][INFO] 2020-02-28 20:36:24,213: -PUB [/usb_cam/image_rect/compressed] /usb_cam/image_proc http://itachi-HP-Pavilion-Laptop-15-cc1xx:40505/
[rosmaster.threadpool][ERROR] 2020-02-28 20:36:24,213: Traceback (most recent call last):
  File "/opt/ros/kinetic/lib/python2.7/dist-packages/rosmaster/threadpool.py", line 218, in run
    result = cmd(*args)
  File "/opt/ros/kinetic/lib/python2.7/dist-packages/rosmaster/master_api.py", line 210, in publisher_update_task
    ret = xmlrpcapi(api).publisherUpdate('/master', topic, pub_uris)
  File "/usr/lib/python2.7/xmlrpclib.py", line 1243, in __call__
    return self.__send(self.__name, args)
  File "/usr/lib/python2.7/xmlrpclib.py", line 1602, in __request
    verbose=self.__verbose
  File "/usr/lib/python2.7/xmlrpclib.py", line 1283, in request
    return self.single_request(host, handler, request_body, verbose)
  File "/usr/lib/python2.7/xmlrpclib.py", line 1316, in single_request
    return self.parse_response(response)
  File "/usr/lib/python2.7/xmlrpclib.py", line 1493, in parse_response
    return u.close()
  File "/usr/lib/python2.7/xmlrpclib.py", line 800, in close
    raise Fault(**self._stack[0])
Fault: <Fault -1: 'publisherUpdate: unknown method name'>

[rosmaster.master][INFO] 2020-02-28 20:36:24,213: -PUB [/usb_cam/image_rect/compressed/parameter_descriptions] /usb_cam/image_proc http://itachi-HP-Pavilion-Laptop-15-cc1xx:40505/
[rosmaster.master][INFO] 2020-02-28 20:36:24,214: -PUB [/usb_cam/image_rect/compressed/parameter_updates] /usb_cam/image_proc http://itachi-HP-Pavilion-Laptop-15-cc1xx:40505/
[rosmaster.master][INFO] 2020-02-28 20:36:24,214: -PUB [/usb_cam/image_rect] /usb_cam/image_proc http://itachi-HP-Pavilion-Laptop-15-cc1xx:40505/
[rosmaster.master][INFO] 2020-02-28 20:36:24,215: -PUB [/usb_cam/image_rect/theora] /usb_cam/image_proc http://itachi-HP-Pavilion-Laptop-15-cc1xx:40505/
[rosmaster.master][INFO] 2020-02-28 20:36:24,215: -PUB [/usb_cam/image_rect/theora/parameter_descriptions] /usb_cam/image_proc http://itachi-HP-Pavilion-Laptop-15-cc1xx:40505/
[rosmaster.master][INFO] 2020-02-28 20:36:24,215: -PUB [/usb_cam/image_rect/theora/parameter_updates] /usb_cam/image_proc http://itachi-HP-Pavilion-Laptop-15-cc1xx:40505/
[rosmaster.master][INFO] 2020-02-28 20:36:24,216: -PUB [/usb_cam/image_proc_rectify_color/parameter_descriptions] /usb_cam/image_proc http://itachi-HP-Pavilion-Laptop-15-cc1xx:40505/
[rosmaster.master][INFO] 2020-02-28 20:36:24,216: -PUB [/usb_cam/image_proc_rectify_color/parameter_updates] /usb_cam/image_proc http://itachi-HP-Pavilion-Laptop-15-cc1xx:40505/
[rosmaster.master][INFO] 2020-02-28 20:36:24,217: -PUB [/usb_cam/image_rect_color/compressedDepth] /usb_cam/image_proc http://itachi-HP-Pavilion-Laptop-15-cc1xx:40505/
[rosmaster.master][INFO] 2020-02-28 20:36:24,217: -PUB [/usb_cam/image_rect_color/compressedDepth/parameter_descriptions] /usb_cam/image_proc http://itachi-HP-Pavilion-Laptop-15-cc1xx:40505/
[rosmaster.master][INFO] 2020-02-28 20:36:24,218: -PUB [/usb_cam/image_rect_color/compressedDepth/parameter_updates] /usb_cam/image_proc http://itachi-HP-Pavilion-Laptop-15-cc1xx:40505/
[rosmaster.master][INFO] 2020-02-28 20:36:24,218: -PUB [/usb_cam/image_rect_color/compressed] /usb_cam/image_proc http://itachi-HP-Pavilion-Laptop-15-cc1xx:40505/
[rosmaster.master][INFO] 2020-02-28 20:36:24,218: -PUB [/usb_cam/image_rect_color/compressed/parameter_descriptions] /usb_cam/image_proc http://itachi-HP-Pavilion-Laptop-15-cc1xx:40505/
[rosmaster.master][INFO] 2020-02-28 20:36:24,219: -PUB [/usb_cam/image_rect_color/compressed/parameter_updates] /usb_cam/image_proc http://itachi-HP-Pavilion-Laptop-15-cc1xx:40505/
[rosmaster.master][INFO] 2020-02-28 20:36:24,219: -PUB [/usb_cam/image_rect_color] /usb_cam/image_proc http://itachi-HP-Pavilion-Laptop-15-cc1xx:40505/
[rosmaster.master][INFO] 2020-02-28 20:36:24,220: -PUB [/usb_cam/image_rect_color/theora] /usb_cam/image_proc http://itachi-HP-Pavilion-Laptop-15-cc1xx:40505/
[rosmaster.master][INFO] 2020-02-28 20:36:24,220: -PUB [/usb_cam/image_rect_color/theora/parameter_descriptions] /usb_cam/image_proc http://itachi-HP-Pavilion-Laptop-15-cc1xx:40505/
[rosmaster.master][INFO] 2020-02-28 20:36:24,221: -PUB [/usb_cam/image_rect_color/theora/parameter_updates] /usb_cam/image_proc http://itachi-HP-Pavilion-Laptop-15-cc1xx:40505/
[rosmaster.master][INFO] 2020-02-28 20:36:24,221: -SUB [/usb_cam/image_color] /usb_cam/image_proc http://itachi-HP-Pavilion-Laptop-15-cc1xx:40505/
[rosmaster.master][INFO] 2020-02-28 20:36:24,222: -SUB [/usb_cam/camera_info] /usb_cam/image_proc http://itachi-HP-Pavilion-Laptop-15-cc1xx:40505/
[rosmaster.master][INFO] 2020-02-28 20:36:24,222: -SUB [/usb_cam/image_raw] /usb_cam/image_proc http://itachi-HP-Pavilion-Laptop-15-cc1xx:40505/
[rosmaster.master][INFO] 2020-02-28 20:36:24,223: -SERVICE [/usb_cam/image_proc/get_loggers] /usb_cam/image_proc rosrpc://itachi-HP-Pavilion-Laptop-15-cc1xx:47637
[rosmaster.master][INFO] 2020-02-28 20:36:24,225: -SERVICE [/usb_cam/image_proc/set_logger_level] /usb_cam/image_proc rosrpc://itachi-HP-Pavilion-Laptop-15-cc1xx:47637
[rosmaster.master][INFO] 2020-02-28 20:36:24,227: -SERVICE [/usb_cam/image_proc_debayer/set_parameters] /usb_cam/image_proc rosrpc://itachi-HP-Pavilion-Laptop-15-cc1xx:47637
[rosmaster.master][INFO] 2020-02-28 20:36:24,227: -SERVICE [/usb_cam/image_mono/compressedDepth/set_parameters] /usb_cam/image_proc rosrpc://itachi-HP-Pavilion-Laptop-15-cc1xx:47637
[rosmaster.master][INFO] 2020-02-28 20:36:24,228: -SERVICE [/usb_cam/image_mono/compressed/set_parameters] /usb_cam/image_proc rosrpc://itachi-HP-Pavilion-Laptop-15-cc1xx:47637
[rosmaster.master][INFO] 2020-02-28 20:36:24,228: -SERVICE [/usb_cam/image_mono/theora/set_parameters] /usb_cam/image_proc rosrpc://itachi-HP-Pavilion-Laptop-15-cc1xx:47637
[rosmaster.master][INFO] 2020-02-28 20:36:24,229: -SERVICE [/usb_cam/image_color/compressedDepth/set_parameters] /usb_cam/image_proc rosrpc://itachi-HP-Pavilion-Laptop-15-cc1xx:47637
[rosmaster.master][INFO] 2020-02-28 20:36:24,229: -SERVICE [/usb_cam/image_color/compressed/set_parameters] /usb_cam/image_proc rosrpc://itachi-HP-Pavilion-Laptop-15-cc1xx:47637
[rosmaster.master][INFO] 2020-02-28 20:36:24,230: -SERVICE [/usb_cam/image_color/theora/set_parameters] /usb_cam/image_proc rosrpc://itachi-HP-Pavilion-Laptop-15-cc1xx:47637
[rosmaster.master][INFO] 2020-02-28 20:36:24,230: -SERVICE [/usb_cam/image_proc_rectify_mono/set_parameters] /usb_cam/image_proc rosrpc://itachi-HP-Pavilion-Laptop-15-cc1xx:47637
[rosmaster.master][INFO] 2020-02-28 20:36:24,231: -SERVICE [/usb_cam/image_rect/compressedDepth/set_parameters] /usb_cam/image_proc rosrpc://itachi-HP-Pavilion-Laptop-15-cc1xx:47637
[rosmaster.master][INFO] 2020-02-28 20:36:24,231: -SERVICE [/usb_cam/image_rect/compressed/set_parameters] /usb_cam/image_proc rosrpc://itachi-HP-Pavilion-Laptop-15-cc1xx:47637
[rosmaster.master][INFO] 2020-02-28 20:36:24,232: -SERVICE [/usb_cam/image_rect/theora/set_parameters] /usb_cam/image_proc rosrpc://itachi-HP-Pavilion-Laptop-15-cc1xx:47637
[rosmaster.master][INFO] 2020-02-28 20:36:24,232: -SERVICE [/usb_cam/image_proc_rectify_color/set_parameters] /usb_cam/image_proc rosrpc://itachi-HP-Pavilion-Laptop-15-cc1xx:47637
[rosmaster.master][INFO] 2020-02-28 20:36:24,233: -SERVICE [/usb_cam/image_rect_color/compressedDepth/set_parameters] /usb_cam/image_proc rosrpc://itachi-HP-Pavilion-Laptop-15-cc1xx:47637
[rosmaster.master][INFO] 2020-02-28 20:36:24,233: -SERVICE [/usb_cam/image_rect_color/compressed/set_parameters] /usb_cam/image_proc rosrpc://itachi-HP-Pavilion-Laptop-15-cc1xx:47637
[rosmaster.master][INFO] 2020-02-28 20:36:24,234: -SERVICE [/usb_cam/image_rect_color/theora/set_parameters] /usb_cam/image_proc rosrpc://itachi-HP-Pavilion-Laptop-15-cc1xx:47637
[rosmaster.master][INFO] 2020-02-28 20:36:24,291: publisherUpdate[/usb_cam/image_rect_color] -> http://itachi-HP-Pavilion-Laptop-15-cc1xx:45421/ []
[rosmaster.master][INFO] 2020-02-28 20:36:24,294: publisherUpdate[/usb_cam/image_rect_color] -> http://itachi-HP-Pavilion-Laptop-15-cc1xx:45421/ []: sec=0.00, result=[1, '', 0]
[rosmaster.master][INFO] 2020-02-28 20:36:24,513: -PUB [/rosout_agg] /rosout http://itachi-HP-Pavilion-Laptop-15-cc1xx:33655/
[rosmaster.master][INFO] 2020-02-28 20:36:24,513: -SUB [/rosout] /rosout http://itachi-HP-Pavilion-Laptop-15-cc1xx:33655/
[rosmaster.master][INFO] 2020-02-28 20:36:24,514: -SERVICE [/rosout/get_loggers] /rosout rosrpc://itachi-HP-Pavilion-Laptop-15-cc1xx:55615
[rosmaster.master][INFO] 2020-02-28 20:36:24,514: -SERVICE [/rosout/set_logger_level] /rosout rosrpc://itachi-HP-Pavilion-Laptop-15-cc1xx:55615
[rosmaster.main][INFO] 2020-02-28 20:36:24,601: keyboard interrupt, will exit
[rosmaster.main][INFO] 2020-02-28 20:36:24,601: stopping master...
[rospy.core][INFO] 2020-02-28 20:36:24,602: signal_shutdown [atexit]
