[rosmaster.main][INFO] 2020-02-27 15:58:18,724: initialization complete, waiting for shutdown
[rosmaster.main][INFO] 2020-02-27 15:58:18,724: Starting ROS Master Node
[xmlrpc][INFO] 2020-02-27 15:58:18,725: XML-RPC server binding to 0.0.0.0:11311
[xmlrpc][INFO] 2020-02-27 15:58:18,725: Started XML-RPC server [http://itachi-HP-Pavilion-Laptop-15-cc1xx:11311/]
[rosmaster.master][INFO] 2020-02-27 15:58:18,725: Master initialized: port[11311], uri[http://itachi-HP-Pavilion-Laptop-15-cc1xx:11311/]
[xmlrpc][INFO] 2020-02-27 15:58:18,725: xml rpc node: starting XML-RPC server
[rosmaster.master][INFO] 2020-02-27 15:58:18,776: +PARAM [/run_id] by /roslaunch
[rosmaster.master][INFO] 2020-02-27 15:58:18,779: +PARAM [/roslaunch/uris/host_itachi_hp_pavilion_laptop_15_cc1xx__44045] by /roslaunch
[rosmaster.master][INFO] 2020-02-27 15:58:18,873: +PARAM [/usb_cam/image_width] by /roslaunch
[rosmaster.master][INFO] 2020-02-27 15:58:18,874: +PARAM [/usb_cam/video_device] by /roslaunch
[rosmaster.master][INFO] 2020-02-27 15:58:18,874: +PARAM [/rosdistro] by /roslaunch
[rosmaster.master][INFO] 2020-02-27 15:58:18,874: +PARAM [/serial_node/baud] by /roslaunch
[rosmaster.master][INFO] 2020-02-27 15:58:18,874: +PARAM [/whycon/targets] by /roslaunch
[rosmaster.master][INFO] 2020-02-27 15:58:18,874: +PARAM [/usb_cam/pixel_format] by /roslaunch
[rosmaster.master][INFO] 2020-02-27 15:58:18,874: +PARAM [/usb_cam/io_method] by /roslaunch
[rosmaster.master][INFO] 2020-02-27 15:58:18,874: +PARAM [/usb_cam/camera_frame_id] by /roslaunch
[rosmaster.master][INFO] 2020-02-27 15:58:18,874: +PARAM [/whycon/name] by /roslaunch
[rosmaster.master][INFO] 2020-02-27 15:58:18,874: +PARAM [/rosversion] by /roslaunch
[rosmaster.master][INFO] 2020-02-27 15:58:18,874: +PARAM [/whycon/outer_diameter] by /roslaunch
[rosmaster.master][INFO] 2020-02-27 15:58:18,875: +PARAM [/usb_cam/image_height] by /roslaunch
[rosmaster.master][INFO] 2020-02-27 15:58:18,875: +PARAM [/serial_node/port] by /roslaunch
[rosmaster.master][INFO] 2020-02-27 15:58:18,875: +PARAM [/whycon/inner_diameter] by /roslaunch
[rosmaster.master][INFO] 2020-02-27 15:58:18,876: +SERVICE [/rosout/get_loggers] /rosout http://itachi-HP-Pavilion-Laptop-15-cc1xx:33073/
[rosmaster.master][INFO] 2020-02-27 15:58:18,877: +SERVICE [/rosout/set_logger_level] /rosout http://itachi-HP-Pavilion-Laptop-15-cc1xx:33073/
[rosmaster.master][INFO] 2020-02-27 15:58:18,878: +PUB [/rosout_agg] /rosout http://itachi-HP-Pavilion-Laptop-15-cc1xx:33073/
[rosmaster.master][INFO] 2020-02-27 15:58:18,881: +SUB [/rosout] /rosout http://itachi-HP-Pavilion-Laptop-15-cc1xx:33073/
[rosmaster.master][INFO] 2020-02-27 15:58:18,909: +PUB [/rosout] /usb_cam http://itachi-HP-Pavilion-Laptop-15-cc1xx:39777/
[rosmaster.master][INFO] 2020-02-27 15:58:18,910: +SERVICE [/usb_cam/get_loggers] /usb_cam http://itachi-HP-Pavilion-Laptop-15-cc1xx:39777/
[rosmaster.master][INFO] 2020-02-27 15:58:18,911: +SERVICE [/usb_cam/set_logger_level] /usb_cam http://itachi-HP-Pavilion-Laptop-15-cc1xx:39777/
[rosmaster.master][INFO] 2020-02-27 15:58:18,917: +PUB [/rosout] /usb_cam/image_proc http://itachi-HP-Pavilion-Laptop-15-cc1xx:35477/
[rosmaster.master][INFO] 2020-02-27 15:58:18,918: +SERVICE [/usb_cam/image_proc/get_loggers] /usb_cam/image_proc http://itachi-HP-Pavilion-Laptop-15-cc1xx:35477/
[rosmaster.master][INFO] 2020-02-27 15:58:18,919: +SERVICE [/usb_cam/image_proc/set_logger_level] /usb_cam/image_proc http://itachi-HP-Pavilion-Laptop-15-cc1xx:35477/
[rosmaster.master][INFO] 2020-02-27 15:58:18,924: publisherUpdate[/rosout] -> http://itachi-HP-Pavilion-Laptop-15-cc1xx:33073/ ['http://itachi-HP-Pavilion-Laptop-15-cc1xx:39777/']
[rosmaster.master][INFO] 2020-02-27 15:58:18,927: publisherUpdate[/rosout] -> http://itachi-HP-Pavilion-Laptop-15-cc1xx:33073/ ['http://itachi-HP-Pavilion-Laptop-15-cc1xx:39777/']: sec=0.00, result=[1, '', 0]
[rosmaster.master][INFO] 2020-02-27 15:58:18,927: publisherUpdate[/rosout] -> http://itachi-HP-Pavilion-Laptop-15-cc1xx:33073/ ['http://itachi-HP-Pavilion-Laptop-15-cc1xx:39777/', 'http://itachi-HP-Pavilion-Laptop-15-cc1xx:35477/']
[rosmaster.master][INFO] 2020-02-27 15:58:18,928: publisherUpdate[/rosout] -> http://itachi-HP-Pavilion-Laptop-15-cc1xx:33073/ ['http://itachi-HP-Pavilion-Laptop-15-cc1xx:39777/', 'http://itachi-HP-Pavilion-Laptop-15-cc1xx:35477/']: sec=0.00, result=[1, '', 0]
[rosmaster.master][INFO] 2020-02-27 15:58:18,939: +PUB [/rosout] /whycon http://itachi-HP-Pavilion-Laptop-15-cc1xx:34487/
[rosmaster.master][INFO] 2020-02-27 15:58:18,940: +SERVICE [/whycon/get_loggers] /whycon http://itachi-HP-Pavilion-Laptop-15-cc1xx:34487/
[rosmaster.master][INFO] 2020-02-27 15:58:18,941: +SERVICE [/whycon/set_logger_level] /whycon http://itachi-HP-Pavilion-Laptop-15-cc1xx:34487/
[rosmaster.master][INFO] 2020-02-27 15:58:18,953: +PUB [/rosout] /whycon_display/image_view http://itachi-HP-Pavilion-Laptop-15-cc1xx:41913/
[rosmaster.master][INFO] 2020-02-27 15:58:18,954: +SERVICE [/whycon_display/image_view/get_loggers] /whycon_display/image_view http://itachi-HP-Pavilion-Laptop-15-cc1xx:41913/
[rosmaster.master][INFO] 2020-02-27 15:58:18,955: +SERVICE [/usb_cam/image_proc_debayer/set_parameters] /usb_cam/image_proc http://itachi-HP-Pavilion-Laptop-15-cc1xx:35477/
[rosmaster.master][INFO] 2020-02-27 15:58:18,956: +SERVICE [/whycon_display/image_view/set_logger_level] /whycon_display/image_view http://itachi-HP-Pavilion-Laptop-15-cc1xx:41913/
[rosmaster.master][INFO] 2020-02-27 15:58:18,957: +PUB [/usb_cam/image_proc_debayer/parameter_descriptions] /usb_cam/image_proc http://itachi-HP-Pavilion-Laptop-15-cc1xx:35477/
[rosmaster.master][INFO] 2020-02-27 15:58:18,958: +PUB [/usb_cam/image_proc_debayer/parameter_updates] /usb_cam/image_proc http://itachi-HP-Pavilion-Laptop-15-cc1xx:35477/
[rosmaster.master][INFO] 2020-02-27 15:58:18,961: +PARAM [/usb_cam/image_proc_debayer/debayer] by /usb_cam/image_proc
[rosmaster.master][INFO] 2020-02-27 15:58:18,962: +PARAM [/usb_cam/image_proc_debayer/debayer] by /usb_cam/image_proc
[rosmaster.master][INFO] 2020-02-27 15:58:18,965: +PUB [/usb_cam/image_mono/compressedDepth] /usb_cam/image_proc http://itachi-HP-Pavilion-Laptop-15-cc1xx:35477/
[rosmaster.master][INFO] 2020-02-27 15:58:18,966: +SERVICE [/usb_cam/image_mono/compressedDepth/set_parameters] /usb_cam/image_proc http://itachi-HP-Pavilion-Laptop-15-cc1xx:35477/
[rosmaster.master][INFO] 2020-02-27 15:58:18,967: +PUB [/usb_cam/image_raw/compressedDepth] /usb_cam http://itachi-HP-Pavilion-Laptop-15-cc1xx:39777/
[rosmaster.master][INFO] 2020-02-27 15:58:18,967: +PUB [/usb_cam/image_mono/compressedDepth/parameter_descriptions] /usb_cam/image_proc http://itachi-HP-Pavilion-Laptop-15-cc1xx:35477/
[rosmaster.master][INFO] 2020-02-27 15:58:18,968: +SERVICE [/usb_cam/image_raw/compressedDepth/set_parameters] /usb_cam http://itachi-HP-Pavilion-Laptop-15-cc1xx:39777/
[rosmaster.master][INFO] 2020-02-27 15:58:18,969: +PUB [/usb_cam/image_mono/compressedDepth/parameter_updates] /usb_cam/image_proc http://itachi-HP-Pavilion-Laptop-15-cc1xx:35477/
[rosmaster.master][INFO] 2020-02-27 15:58:18,970: +PUB [/usb_cam/image_raw/compressedDepth/parameter_descriptions] /usb_cam http://itachi-HP-Pavilion-Laptop-15-cc1xx:39777/
[rosmaster.master][INFO] 2020-02-27 15:58:18,972: +PUB [/usb_cam/image_raw/compressedDepth/parameter_updates] /usb_cam http://itachi-HP-Pavilion-Laptop-15-cc1xx:39777/
[rosmaster.master][INFO] 2020-02-27 15:58:18,974: +PARAM [/usb_cam/image_mono/compressedDepth/depth_max] by /usb_cam/image_proc
[rosmaster.master][INFO] 2020-02-27 15:58:18,976: +PARAM [/usb_cam/image_mono/compressedDepth/depth_quantization] by /usb_cam/image_proc
[rosmaster.master][INFO] 2020-02-27 15:58:18,978: +PARAM [/usb_cam/image_mono/compressedDepth/png_level] by /usb_cam/image_proc
[rosmaster.master][INFO] 2020-02-27 15:58:18,983: +PARAM [/usb_cam/image_raw/compressedDepth/depth_max] by /usb_cam
[rosmaster.master][INFO] 2020-02-27 15:58:18,983: +PARAM [/usb_cam/image_mono/compressedDepth/depth_max] by /usb_cam/image_proc
[rosmaster.master][INFO] 2020-02-27 15:58:18,984: +PARAM [/usb_cam/image_raw/compressedDepth/depth_quantization] by /usb_cam
[rosmaster.master][INFO] 2020-02-27 15:58:18,985: +PARAM [/usb_cam/image_mono/compressedDepth/depth_quantization] by /usb_cam/image_proc
[rosmaster.master][INFO] 2020-02-27 15:58:18,986: +PARAM [/usb_cam/image_raw/compressedDepth/png_level] by /usb_cam
[rosmaster.master][INFO] 2020-02-27 15:58:18,987: +PARAM [/usb_cam/image_mono/compressedDepth/png_level] by /usb_cam/image_proc
[rosmaster.master][INFO] 2020-02-27 15:58:18,988: +PARAM [/usb_cam/image_raw/compressedDepth/depth_max] by /usb_cam
[rosmaster.master][INFO] 2020-02-27 15:58:18,990: +PUB [/usb_cam/image_mono/compressed] /usb_cam/image_proc http://itachi-HP-Pavilion-Laptop-15-cc1xx:35477/
[rosmaster.master][INFO] 2020-02-27 15:58:18,990: +PARAM [/usb_cam/image_raw/compressedDepth/depth_quantization] by /usb_cam
[rosmaster.master][INFO] 2020-02-27 15:58:18,992: +SERVICE [/usb_cam/image_mono/compressed/set_parameters] /usb_cam/image_proc http://itachi-HP-Pavilion-Laptop-15-cc1xx:35477/
[rosmaster.master][INFO] 2020-02-27 15:58:18,992: +PARAM [/usb_cam/image_raw/compressedDepth/png_level] by /usb_cam
[rosmaster.master][INFO] 2020-02-27 15:58:18,994: +PUB [/usb_cam/image_mono/compressed/parameter_descriptions] /usb_cam/image_proc http://itachi-HP-Pavilion-Laptop-15-cc1xx:35477/
[rosmaster.master][INFO] 2020-02-27 15:58:18,995: +PUB [/usb_cam/image_raw/compressed] /usb_cam http://itachi-HP-Pavilion-Laptop-15-cc1xx:39777/
[rosmaster.master][INFO] 2020-02-27 15:58:18,996: +PUB [/usb_cam/image_mono/compressed/parameter_updates] /usb_cam/image_proc http://itachi-HP-Pavilion-Laptop-15-cc1xx:35477/
[rosmaster.master][INFO] 2020-02-27 15:58:18,997: +SERVICE [/usb_cam/image_raw/compressed/set_parameters] /usb_cam http://itachi-HP-Pavilion-Laptop-15-cc1xx:39777/
[rosmaster.master][INFO] 2020-02-27 15:58:18,999: +PUB [/usb_cam/image_raw/compressed/parameter_descriptions] /usb_cam http://itachi-HP-Pavilion-Laptop-15-cc1xx:39777/
[rosmaster.master][INFO] 2020-02-27 15:58:19,002: +PUB [/usb_cam/image_raw/compressed/parameter_updates] /usb_cam http://itachi-HP-Pavilion-Laptop-15-cc1xx:39777/
[rosmaster.master][INFO] 2020-02-27 15:58:19,003: +PARAM [/usb_cam/image_mono/compressed/format] by /usb_cam/image_proc
[rosmaster.master][INFO] 2020-02-27 15:58:19,006: +PARAM [/usb_cam/image_mono/compressed/jpeg_quality] by /usb_cam/image_proc
[rosmaster.master][INFO] 2020-02-27 15:58:19,007: +PUB [/tf] /whycon http://itachi-HP-Pavilion-Laptop-15-cc1xx:34487/
[rosmaster.master][INFO] 2020-02-27 15:58:19,008: +PARAM [/usb_cam/image_mono/compressed/png_level] by /usb_cam/image_proc
[rosmaster.master][INFO] 2020-02-27 15:58:19,010: +PARAM [/usb_cam/image_raw/compressed/format] by /usb_cam
[rosmaster.master][INFO] 2020-02-27 15:58:19,010: +PARAM [/usb_cam/image_mono/compressed/format] by /usb_cam/image_proc
[rosmaster.master][INFO] 2020-02-27 15:58:19,012: +PARAM [/usb_cam/image_raw/compressed/jpeg_quality] by /usb_cam
[rosmaster.master][INFO] 2020-02-27 15:58:19,013: +PARAM [/usb_cam/image_mono/compressed/jpeg_quality] by /usb_cam/image_proc
[rosmaster.master][INFO] 2020-02-27 15:58:19,013: +PARAM [/usb_cam/image_raw/compressed/png_level] by /usb_cam
[rosmaster.master][INFO] 2020-02-27 15:58:19,015: +PARAM [/usb_cam/image_mono/compressed/png_level] by /usb_cam/image_proc
[rosmaster.master][INFO] 2020-02-27 15:58:19,016: +PARAM [/usb_cam/image_raw/compressed/format] by /usb_cam
[rosmaster.master][INFO] 2020-02-27 15:58:19,018: +PUB [/usb_cam/image_mono] /usb_cam/image_proc http://itachi-HP-Pavilion-Laptop-15-cc1xx:35477/
[rosmaster.master][INFO] 2020-02-27 15:58:19,019: +PARAM [/usb_cam/image_raw/compressed/jpeg_quality] by /usb_cam
[rosmaster.master][INFO] 2020-02-27 15:58:19,021: +PARAM [/usb_cam/image_raw/compressed/png_level] by /usb_cam
[rosmaster.master][INFO] 2020-02-27 15:58:19,022: +PUB [/usb_cam/image_mono/theora] /usb_cam/image_proc http://itachi-HP-Pavilion-Laptop-15-cc1xx:35477/
[rosmaster.master][INFO] 2020-02-27 15:58:19,024: +PUB [/usb_cam/image_raw] /usb_cam http://itachi-HP-Pavilion-Laptop-15-cc1xx:39777/
[rosmaster.master][INFO] 2020-02-27 15:58:19,025: +SUB [/usb_cam/image_rect_color] /whycon http://itachi-HP-Pavilion-Laptop-15-cc1xx:34487/
[rosmaster.master][INFO] 2020-02-27 15:58:19,025: publisherUpdate[/rosout] -> http://itachi-HP-Pavilion-Laptop-15-cc1xx:33073/ ['http://itachi-HP-Pavilion-Laptop-15-cc1xx:39777/', 'http://itachi-HP-Pavilion-Laptop-15-cc1xx:35477/', 'http://itachi-HP-Pavilion-Laptop-15-cc1xx:34487/']
[rosmaster.master][INFO] 2020-02-27 15:58:19,026: +SERVICE [/usb_cam/image_mono/theora/set_parameters] /usb_cam/image_proc http://itachi-HP-Pavilion-Laptop-15-cc1xx:35477/
[rosmaster.master][INFO] 2020-02-27 15:58:19,027: publisherUpdate[/rosout] -> http://itachi-HP-Pavilion-Laptop-15-cc1xx:33073/ ['http://itachi-HP-Pavilion-Laptop-15-cc1xx:39777/', 'http://itachi-HP-Pavilion-Laptop-15-cc1xx:35477/', 'http://itachi-HP-Pavilion-Laptop-15-cc1xx:34487/']: sec=0.00, result=[1, '', 0]
[rosmaster.master][INFO] 2020-02-27 15:58:19,027: +PUB [/usb_cam/image_raw/theora] /usb_cam http://itachi-HP-Pavilion-Laptop-15-cc1xx:39777/
[rosmaster.master][INFO] 2020-02-27 15:58:19,029: +PUB [/usb_cam/image_mono/theora/parameter_descriptions] /usb_cam/image_proc http://itachi-HP-Pavilion-Laptop-15-cc1xx:35477/
[rosmaster.master][INFO] 2020-02-27 15:58:19,029: publisherUpdate[/rosout] -> http://itachi-HP-Pavilion-Laptop-15-cc1xx:33073/ ['http://itachi-HP-Pavilion-Laptop-15-cc1xx:39777/', 'http://itachi-HP-Pavilion-Laptop-15-cc1xx:35477/', 'http://itachi-HP-Pavilion-Laptop-15-cc1xx:34487/', 'http://itachi-HP-Pavilion-Laptop-15-cc1xx:41913/']
[rosmaster.master][INFO] 2020-02-27 15:58:19,030: publisherUpdate[/rosout] -> http://itachi-HP-Pavilion-Laptop-15-cc1xx:33073/ ['http://itachi-HP-Pavilion-Laptop-15-cc1xx:39777/', 'http://itachi-HP-Pavilion-Laptop-15-cc1xx:35477/', 'http://itachi-HP-Pavilion-Laptop-15-cc1xx:34487/', 'http://itachi-HP-Pavilion-Laptop-15-cc1xx:41913/']: sec=0.00, result=[1, '', 0]
[rosmaster.master][INFO] 2020-02-27 15:58:19,031: +SERVICE [/usb_cam/image_raw/theora/set_parameters] /usb_cam http://itachi-HP-Pavilion-Laptop-15-cc1xx:39777/
[rosmaster.master][INFO] 2020-02-27 15:58:19,032: +PUB [/usb_cam/image_mono/theora/parameter_updates] /usb_cam/image_proc http://itachi-HP-Pavilion-Laptop-15-cc1xx:35477/
[rosmaster.master][INFO] 2020-02-27 15:58:19,033: +PUB [/usb_cam/image_raw/theora/parameter_descriptions] /usb_cam http://itachi-HP-Pavilion-Laptop-15-cc1xx:39777/
[rosmaster.master][INFO] 2020-02-27 15:58:19,035: +PUB [/usb_cam/image_raw/theora/parameter_updates] /usb_cam http://itachi-HP-Pavilion-Laptop-15-cc1xx:39777/
[rosmaster.master][INFO] 2020-02-27 15:58:19,038: +SUB [/usb_cam/camera_info] /whycon http://itachi-HP-Pavilion-Laptop-15-cc1xx:34487/
[rosmaster.master][INFO] 2020-02-27 15:58:19,040: +PUB [/whycon/image_out] /whycon http://itachi-HP-Pavilion-Laptop-15-cc1xx:34487/
[rosmaster.master][INFO] 2020-02-27 15:58:19,041: +PARAM [/usb_cam/image_mono/theora/optimize_for] by /usb_cam/image_proc
[rosmaster.master][INFO] 2020-02-27 15:58:19,042: +PUB [/whycon/poses] /whycon http://itachi-HP-Pavilion-Laptop-15-cc1xx:34487/
[rosmaster.master][INFO] 2020-02-27 15:58:19,043: +PARAM [/usb_cam/image_mono/theora/target_bitrate] by /usb_cam/image_proc
[rosmaster.master][INFO] 2020-02-27 15:58:19,044: +PUB [/whycon/context] /whycon http://itachi-HP-Pavilion-Laptop-15-cc1xx:34487/
[rosmaster.master][INFO] 2020-02-27 15:58:19,045: +PARAM [/usb_cam/image_raw/theora/optimize_for] by /usb_cam
[rosmaster.master][INFO] 2020-02-27 15:58:19,045: +PARAM [/usb_cam/image_mono/theora/quality] by /usb_cam/image_proc
[rosmaster.master][INFO] 2020-02-27 15:58:19,045: +PUB [/whycon/projection] /whycon http://itachi-HP-Pavilion-Laptop-15-cc1xx:34487/
[rosmaster.master][INFO] 2020-02-27 15:58:19,046: +PARAM [/usb_cam/image_raw/theora/target_bitrate] by /usb_cam
[rosmaster.master][INFO] 2020-02-27 15:58:19,047: +PARAM [/usb_cam/image_mono/theora/keyframe_frequency] by /usb_cam/image_proc
[rosmaster.master][INFO] 2020-02-27 15:58:19,048: +SERVICE [/whycon/reset] /whycon http://itachi-HP-Pavilion-Laptop-15-cc1xx:34487/
[rosmaster.master][INFO] 2020-02-27 15:58:19,048: +PARAM [/usb_cam/image_raw/theora/quality] by /usb_cam
[rosmaster.master][INFO] 2020-02-27 15:58:19,049: +PARAM [/usb_cam/image_mono/theora/optimize_for] by /usb_cam/image_proc
[rosmaster.master][INFO] 2020-02-27 15:58:19,050: +PARAM [/usb_cam/image_raw/theora/keyframe_frequency] by /usb_cam
[rosmaster.master][INFO] 2020-02-27 15:58:19,051: +PARAM [/usb_cam/image_mono/theora/target_bitrate] by /usb_cam/image_proc
[rosmaster.master][INFO] 2020-02-27 15:58:19,051: +PARAM [/usb_cam/image_raw/theora/optimize_for] by /usb_cam
[rosmaster.master][INFO] 2020-02-27 15:58:19,052: +PARAM [/usb_cam/image_mono/theora/quality] by /usb_cam/image_proc
[rosmaster.master][INFO] 2020-02-27 15:58:19,053: +PARAM [/usb_cam/image_raw/theora/target_bitrate] by /usb_cam
[rosmaster.master][INFO] 2020-02-27 15:58:19,054: +PARAM [/usb_cam/image_mono/theora/keyframe_frequency] by /usb_cam/image_proc
[rosmaster.master][INFO] 2020-02-27 15:58:19,055: +PARAM [/usb_cam/image_raw/theora/quality] by /usb_cam
[rosmaster.master][INFO] 2020-02-27 15:58:19,057: +PARAM [/usb_cam/image_raw/theora/keyframe_frequency] by /usb_cam
[rosmaster.master][INFO] 2020-02-27 15:58:19,058: +PUB [/usb_cam/image_color/compressedDepth] /usb_cam/image_proc http://itachi-HP-Pavilion-Laptop-15-cc1xx:35477/
[rosmaster.master][INFO] 2020-02-27 15:58:19,059: +PUB [/usb_cam/camera_info] /usb_cam http://itachi-HP-Pavilion-Laptop-15-cc1xx:39777/
[rosmaster.master][INFO] 2020-02-27 15:58:19,060: +SERVICE [/usb_cam/image_color/compressedDepth/set_parameters] /usb_cam/image_proc http://itachi-HP-Pavilion-Laptop-15-cc1xx:35477/
[rosmaster.master][INFO] 2020-02-27 15:58:19,062: +PUB [/usb_cam/image_color/compressedDepth/parameter_descriptions] /usb_cam/image_proc http://itachi-HP-Pavilion-Laptop-15-cc1xx:35477/
[rosmaster.master][INFO] 2020-02-27 15:58:19,064: +PUB [/usb_cam/image_color/compressedDepth/parameter_updates] /usb_cam/image_proc http://itachi-HP-Pavilion-Laptop-15-cc1xx:35477/
[rosmaster.master][INFO] 2020-02-27 15:58:19,069: +PARAM [/usb_cam/image_color/compressedDepth/depth_max] by /usb_cam/image_proc
[rosmaster.master][INFO] 2020-02-27 15:58:19,071: +PARAM [/usb_cam/image_color/compressedDepth/depth_quantization] by /usb_cam/image_proc
[rosmaster.master][INFO] 2020-02-27 15:58:19,072: +PARAM [/usb_cam/image_color/compressedDepth/png_level] by /usb_cam/image_proc
[rosmaster.master][INFO] 2020-02-27 15:58:19,073: +PARAM [/usb_cam/image_color/compressedDepth/depth_max] by /usb_cam/image_proc
[rosmaster.master][INFO] 2020-02-27 15:58:19,075: +PARAM [/usb_cam/image_color/compressedDepth/depth_quantization] by /usb_cam/image_proc
[rosmaster.master][INFO] 2020-02-27 15:58:19,076: +PARAM [/usb_cam/image_color/compressedDepth/png_level] by /usb_cam/image_proc
[rosmaster.master][INFO] 2020-02-27 15:58:19,078: +PUB [/usb_cam/image_color/compressed] /usb_cam/image_proc http://itachi-HP-Pavilion-Laptop-15-cc1xx:35477/
[rosmaster.master][INFO] 2020-02-27 15:58:19,080: +SERVICE [/usb_cam/image_color/compressed/set_parameters] /usb_cam/image_proc http://itachi-HP-Pavilion-Laptop-15-cc1xx:35477/
[rosmaster.master][INFO] 2020-02-27 15:58:19,081: +PUB [/usb_cam/image_color/compressed/parameter_descriptions] /usb_cam/image_proc http://itachi-HP-Pavilion-Laptop-15-cc1xx:35477/
[rosmaster.master][INFO] 2020-02-27 15:58:19,082: +PUB [/usb_cam/image_color/compressed/parameter_updates] /usb_cam/image_proc http://itachi-HP-Pavilion-Laptop-15-cc1xx:35477/
[rosmaster.master][INFO] 2020-02-27 15:58:19,087: +PARAM [/usb_cam/image_color/compressed/format] by /usb_cam/image_proc
[rosmaster.master][INFO] 2020-02-27 15:58:19,090: +PARAM [/usb_cam/image_color/compressed/jpeg_quality] by /usb_cam/image_proc
[rosmaster.master][INFO] 2020-02-27 15:58:19,091: +PARAM [/usb_cam/image_color/compressed/png_level] by /usb_cam/image_proc
[rosmaster.master][INFO] 2020-02-27 15:58:19,092: +SERVICE [/usb_cam/set_camera_info] /usb_cam http://itachi-HP-Pavilion-Laptop-15-cc1xx:39777/
[rosmaster.master][INFO] 2020-02-27 15:58:19,093: +PARAM [/usb_cam/image_color/compressed/format] by /usb_cam/image_proc
[rosmaster.master][INFO] 2020-02-27 15:58:19,093: +SERVICE [/usb_cam/start_capture] /usb_cam http://itachi-HP-Pavilion-Laptop-15-cc1xx:39777/
[rosmaster.master][INFO] 2020-02-27 15:58:19,094: +PARAM [/usb_cam/image_color/compressed/jpeg_quality] by /usb_cam/image_proc
[rosmaster.master][INFO] 2020-02-27 15:58:19,095: +SERVICE [/usb_cam/stop_capture] /usb_cam http://itachi-HP-Pavilion-Laptop-15-cc1xx:39777/
[rosmaster.master][INFO] 2020-02-27 15:58:19,095: +PARAM [/usb_cam/image_color/compressed/png_level] by /usb_cam/image_proc
[rosmaster.master][INFO] 2020-02-27 15:58:19,096: +PUB [/usb_cam/image_color] /usb_cam/image_proc http://itachi-HP-Pavilion-Laptop-15-cc1xx:35477/
[rosmaster.master][INFO] 2020-02-27 15:58:19,097: +PUB [/usb_cam/image_color/theora] /usb_cam/image_proc http://itachi-HP-Pavilion-Laptop-15-cc1xx:35477/
[rosmaster.master][INFO] 2020-02-27 15:58:19,098: +SERVICE [/usb_cam/image_color/theora/set_parameters] /usb_cam/image_proc http://itachi-HP-Pavilion-Laptop-15-cc1xx:35477/
[rosmaster.master][INFO] 2020-02-27 15:58:19,099: +PUB [/usb_cam/image_color/theora/parameter_descriptions] /usb_cam/image_proc http://itachi-HP-Pavilion-Laptop-15-cc1xx:35477/
[rosmaster.master][INFO] 2020-02-27 15:58:19,100: +PUB [/usb_cam/image_color/theora/parameter_updates] /usb_cam/image_proc http://itachi-HP-Pavilion-Laptop-15-cc1xx:35477/
[rosmaster.master][INFO] 2020-02-27 15:58:19,100: -SERVICE [/usb_cam/get_loggers] /usb_cam rosrpc://itachi-HP-Pavilion-Laptop-15-cc1xx:52271
[rosmaster.master][INFO] 2020-02-27 15:58:19,103: -SERVICE [/usb_cam/set_logger_level] /usb_cam rosrpc://itachi-HP-Pavilion-Laptop-15-cc1xx:52271
[rosmaster.master][INFO] 2020-02-27 15:58:19,105: -SERVICE [/usb_cam/image_raw/compressedDepth/set_parameters] /usb_cam rosrpc://itachi-HP-Pavilion-Laptop-15-cc1xx:52271
[rosmaster.master][INFO] 2020-02-27 15:58:19,106: +PARAM [/usb_cam/image_color/theora/optimize_for] by /usb_cam/image_proc
[rosmaster.master][INFO] 2020-02-27 15:58:19,107: -SERVICE [/usb_cam/image_raw/compressed/set_parameters] /usb_cam rosrpc://itachi-HP-Pavilion-Laptop-15-cc1xx:52271
[rosmaster.master][INFO] 2020-02-27 15:58:19,109: +PARAM [/usb_cam/image_color/theora/target_bitrate] by /usb_cam/image_proc
[rosmaster.master][INFO] 2020-02-27 15:58:19,110: -SERVICE [/usb_cam/image_raw/theora/set_parameters] /usb_cam rosrpc://itachi-HP-Pavilion-Laptop-15-cc1xx:52271
[rosmaster.master][INFO] 2020-02-27 15:58:19,112: +PARAM [/usb_cam/image_color/theora/quality] by /usb_cam/image_proc
[rosmaster.master][INFO] 2020-02-27 15:58:19,113: -SERVICE [/usb_cam/set_camera_info] /usb_cam rosrpc://itachi-HP-Pavilion-Laptop-15-cc1xx:52271
[rosmaster.master][INFO] 2020-02-27 15:58:19,116: +PARAM [/usb_cam/image_color/theora/keyframe_frequency] by /usb_cam/image_proc
[rosmaster.master][INFO] 2020-02-27 15:58:19,117: -SERVICE [/usb_cam/start_capture] /usb_cam rosrpc://itachi-HP-Pavilion-Laptop-15-cc1xx:52271
[rosmaster.master][INFO] 2020-02-27 15:58:19,119: -SERVICE [/usb_cam/stop_capture] /usb_cam rosrpc://itachi-HP-Pavilion-Laptop-15-cc1xx:52271
[rosmaster.master][INFO] 2020-02-27 15:58:19,120: +PARAM [/usb_cam/image_color/theora/optimize_for] by /usb_cam/image_proc
[rosmaster.master][INFO] 2020-02-27 15:58:19,129: publisherUpdate[/usb_cam/camera_info] -> http://itachi-HP-Pavilion-Laptop-15-cc1xx:34487/ ['http://itachi-HP-Pavilion-Laptop-15-cc1xx:39777/']
[rosmaster.master][INFO] 2020-02-27 15:58:19,130: +PARAM [/usb_cam/image_color/theora/target_bitrate] by /usb_cam/image_proc
[rosmaster.master][INFO] 2020-02-27 15:58:19,131: publisherUpdate[/usb_cam/camera_info] -> http://itachi-HP-Pavilion-Laptop-15-cc1xx:34487/ ['http://itachi-HP-Pavilion-Laptop-15-cc1xx:39777/']: sec=0.00, result=[1, '', 0]
[rosmaster.master][INFO] 2020-02-27 15:58:19,132: +PARAM [/usb_cam/image_color/theora/quality] by /usb_cam/image_proc
[rosmaster.master][INFO] 2020-02-27 15:58:19,134: +PARAM [/usb_cam/image_color/theora/keyframe_frequency] by /usb_cam/image_proc
[rosmaster.master][INFO] 2020-02-27 15:58:19,139: +SERVICE [/usb_cam/image_proc_rectify_mono/set_parameters] /usb_cam/image_proc http://itachi-HP-Pavilion-Laptop-15-cc1xx:35477/
[rosmaster.master][INFO] 2020-02-27 15:58:19,141: +PUB [/usb_cam/image_proc_rectify_mono/parameter_descriptions] /usb_cam/image_proc http://itachi-HP-Pavilion-Laptop-15-cc1xx:35477/
[rosmaster.master][INFO] 2020-02-27 15:58:19,143: +PUB [/usb_cam/image_proc_rectify_mono/parameter_updates] /usb_cam/image_proc http://itachi-HP-Pavilion-Laptop-15-cc1xx:35477/
[rosmaster.master][INFO] 2020-02-27 15:58:19,144: +PARAM [/usb_cam/image_proc_rectify_mono/interpolation] by /usb_cam/image_proc
[rosmaster.master][INFO] 2020-02-27 15:58:19,145: +PARAM [/usb_cam/image_proc_rectify_mono/interpolation] by /usb_cam/image_proc
[rosmaster.master][INFO] 2020-02-27 15:58:19,147: +PUB [/usb_cam/image_rect/compressedDepth] /usb_cam/image_proc http://itachi-HP-Pavilion-Laptop-15-cc1xx:35477/
[rosmaster.master][INFO] 2020-02-27 15:58:19,148: +SERVICE [/usb_cam/image_rect/compressedDepth/set_parameters] /usb_cam/image_proc http://itachi-HP-Pavilion-Laptop-15-cc1xx:35477/
[rosmaster.master][INFO] 2020-02-27 15:58:19,149: +PUB [/usb_cam/image_rect/compressedDepth/parameter_descriptions] /usb_cam/image_proc http://itachi-HP-Pavilion-Laptop-15-cc1xx:35477/
[rosmaster.master][INFO] 2020-02-27 15:58:19,149: +PUB [/usb_cam/image_rect/compressedDepth/parameter_updates] /usb_cam/image_proc http://itachi-HP-Pavilion-Laptop-15-cc1xx:35477/
[rosmaster.master][INFO] 2020-02-27 15:58:19,152: +PARAM [/usb_cam/image_rect/compressedDepth/depth_max] by /usb_cam/image_proc
[rosmaster.master][INFO] 2020-02-27 15:58:19,152: +PARAM [/usb_cam/image_rect/compressedDepth/depth_quantization] by /usb_cam/image_proc
[rosmaster.master][INFO] 2020-02-27 15:58:19,153: +PARAM [/usb_cam/image_rect/compressedDepth/png_level] by /usb_cam/image_proc
[rosmaster.master][INFO] 2020-02-27 15:58:19,153: +PARAM [/usb_cam/image_rect/compressedDepth/depth_max] by /usb_cam/image_proc
[rosmaster.master][INFO] 2020-02-27 15:58:19,154: +PARAM [/usb_cam/image_rect/compressedDepth/depth_quantization] by /usb_cam/image_proc
[rosmaster.master][INFO] 2020-02-27 15:58:19,157: +PARAM [/usb_cam/image_rect/compressedDepth/png_level] by /usb_cam/image_proc
[rosmaster.master][INFO] 2020-02-27 15:58:19,159: +PUB [/usb_cam/image_rect/compressed] /usb_cam/image_proc http://itachi-HP-Pavilion-Laptop-15-cc1xx:35477/
[rosmaster.master][INFO] 2020-02-27 15:58:19,160: +SERVICE [/usb_cam/image_rect/compressed/set_parameters] /usb_cam/image_proc http://itachi-HP-Pavilion-Laptop-15-cc1xx:35477/
[rosmaster.master][INFO] 2020-02-27 15:58:19,161: +PUB [/usb_cam/image_rect/compressed/parameter_descriptions] /usb_cam/image_proc http://itachi-HP-Pavilion-Laptop-15-cc1xx:35477/
[rosmaster.master][INFO] 2020-02-27 15:58:19,161: +PUB [/usb_cam/image_rect/compressed/parameter_updates] /usb_cam/image_proc http://itachi-HP-Pavilion-Laptop-15-cc1xx:35477/
[rosmaster.master][INFO] 2020-02-27 15:58:19,164: +PARAM [/usb_cam/image_rect/compressed/format] by /usb_cam/image_proc
[rosmaster.master][INFO] 2020-02-27 15:58:19,164: +PARAM [/usb_cam/image_rect/compressed/jpeg_quality] by /usb_cam/image_proc
[rosmaster.master][INFO] 2020-02-27 15:58:19,165: +PARAM [/usb_cam/image_rect/compressed/png_level] by /usb_cam/image_proc
[rosmaster.master][INFO] 2020-02-27 15:58:19,165: +PARAM [/usb_cam/image_rect/compressed/format] by /usb_cam/image_proc
[rosmaster.master][INFO] 2020-02-27 15:58:19,166: +PARAM [/usb_cam/image_rect/compressed/jpeg_quality] by /usb_cam/image_proc
[rosmaster.master][INFO] 2020-02-27 15:58:19,167: +PARAM [/usb_cam/image_rect/compressed/png_level] by /usb_cam/image_proc
[rosmaster.master][INFO] 2020-02-27 15:58:19,167: +PUB [/usb_cam/image_rect] /usb_cam/image_proc http://itachi-HP-Pavilion-Laptop-15-cc1xx:35477/
[rosmaster.master][INFO] 2020-02-27 15:58:19,168: +PUB [/usb_cam/image_rect/theora] /usb_cam/image_proc http://itachi-HP-Pavilion-Laptop-15-cc1xx:35477/
[rosmaster.master][INFO] 2020-02-27 15:58:19,169: +SERVICE [/usb_cam/image_rect/theora/set_parameters] /usb_cam/image_proc http://itachi-HP-Pavilion-Laptop-15-cc1xx:35477/
[rosmaster.master][INFO] 2020-02-27 15:58:19,170: +PUB [/usb_cam/image_rect/theora/parameter_descriptions] /usb_cam/image_proc http://itachi-HP-Pavilion-Laptop-15-cc1xx:35477/
[rosmaster.master][INFO] 2020-02-27 15:58:19,173: +PUB [/usb_cam/image_rect/theora/parameter_updates] /usb_cam/image_proc http://itachi-HP-Pavilion-Laptop-15-cc1xx:35477/
[rosmaster.master][INFO] 2020-02-27 15:58:19,178: +PARAM [/usb_cam/image_rect/theora/optimize_for] by /usb_cam/image_proc
[rosmaster.master][INFO] 2020-02-27 15:58:19,178: +SUB [/whycon/image_out] /whycon_display/image_view http://itachi-HP-Pavilion-Laptop-15-cc1xx:41913/
[rosmaster.master][INFO] 2020-02-27 15:58:19,179: +PARAM [/usb_cam/image_rect/theora/target_bitrate] by /usb_cam/image_proc
[rosmaster.master][INFO] 2020-02-27 15:58:19,180: +PUB [/whycon_display/image_view/output] /whycon_display/image_view http://itachi-HP-Pavilion-Laptop-15-cc1xx:41913/
[rosmaster.master][INFO] 2020-02-27 15:58:19,180: +PARAM [/usb_cam/image_rect/theora/quality] by /usb_cam/image_proc
[rosmaster.master][INFO] 2020-02-27 15:58:19,181: +SERVICE [/whycon_display/image_view/set_parameters] /whycon_display/image_view http://itachi-HP-Pavilion-Laptop-15-cc1xx:41913/
[rosmaster.master][INFO] 2020-02-27 15:58:19,181: +PARAM [/usb_cam/image_rect/theora/keyframe_frequency] by /usb_cam/image_proc
[rosmaster.master][INFO] 2020-02-27 15:58:19,182: +PUB [/whycon_display/image_view/parameter_descriptions] /whycon_display/image_view http://itachi-HP-Pavilion-Laptop-15-cc1xx:41913/
[rosmaster.master][INFO] 2020-02-27 15:58:19,182: +PARAM [/usb_cam/image_rect/theora/optimize_for] by /usb_cam/image_proc
[rosmaster.master][INFO] 2020-02-27 15:58:19,183: +PUB [/whycon_display/image_view/parameter_updates] /whycon_display/image_view http://itachi-HP-Pavilion-Laptop-15-cc1xx:41913/
[rosmaster.master][INFO] 2020-02-27 15:58:19,184: +PARAM [/usb_cam/image_rect/theora/target_bitrate] by /usb_cam/image_proc
[rosmaster.master][INFO] 2020-02-27 15:58:19,185: +PARAM [/usb_cam/image_rect/theora/quality] by /usb_cam/image_proc
[rosmaster.master][INFO] 2020-02-27 15:58:19,186: +PARAM [/usb_cam/image_rect/theora/keyframe_frequency] by /usb_cam/image_proc
[rosmaster.master][INFO] 2020-02-27 15:58:19,189: +PARAM [/whycon_display/image_view/do_dynamic_scaling] by /whycon_display/image_view
[rosmaster.master][INFO] 2020-02-27 15:58:19,190: +PARAM [/whycon_display/image_view/colormap] by /whycon_display/image_view
[rosmaster.master][INFO] 2020-02-27 15:58:19,192: +PARAM [/whycon_display/image_view/min_image_value] by /whycon_display/image_view
[rosmaster.master][INFO] 2020-02-27 15:58:19,192: +SERVICE [/usb_cam/image_proc_rectify_color/set_parameters] /usb_cam/image_proc http://itachi-HP-Pavilion-Laptop-15-cc1xx:35477/
[rosmaster.master][INFO] 2020-02-27 15:58:19,193: +PARAM [/whycon_display/image_view/max_image_value] by /whycon_display/image_view
[rosmaster.master][INFO] 2020-02-27 15:58:19,193: +PUB [/usb_cam/image_proc_rectify_color/parameter_descriptions] /usb_cam/image_proc http://itachi-HP-Pavilion-Laptop-15-cc1xx:35477/
[rosmaster.master][INFO] 2020-02-27 15:58:19,194: +PARAM [/whycon_display/image_view/do_dynamic_scaling] by /whycon_display/image_view
[rosmaster.master][INFO] 2020-02-27 15:58:19,195: +PUB [/usb_cam/image_proc_rectify_color/parameter_updates] /usb_cam/image_proc http://itachi-HP-Pavilion-Laptop-15-cc1xx:35477/
[rosmaster.master][INFO] 2020-02-27 15:58:19,195: +PARAM [/whycon_display/image_view/colormap] by /whycon_display/image_view
[rosmaster.master][INFO] 2020-02-27 15:58:19,196: +PARAM [/whycon_display/image_view/min_image_value] by /whycon_display/image_view
[rosmaster.master][INFO] 2020-02-27 15:58:19,197: +PARAM [/usb_cam/image_proc_rectify_color/interpolation] by /usb_cam/image_proc
[rosmaster.master][INFO] 2020-02-27 15:58:19,198: +PARAM [/whycon_display/image_view/max_image_value] by /whycon_display/image_view
[rosmaster.master][INFO] 2020-02-27 15:58:19,198: +PARAM [/usb_cam/image_proc_rectify_color/interpolation] by /usb_cam/image_proc
[rosmaster.master][INFO] 2020-02-27 15:58:19,199: +PUB [/usb_cam/image_rect_color/compressedDepth] /usb_cam/image_proc http://itachi-HP-Pavilion-Laptop-15-cc1xx:35477/
[rosmaster.master][INFO] 2020-02-27 15:58:19,200: +SERVICE [/usb_cam/image_rect_color/compressedDepth/set_parameters] /usb_cam/image_proc http://itachi-HP-Pavilion-Laptop-15-cc1xx:35477/
[rosmaster.master][INFO] 2020-02-27 15:58:19,200: +PUB [/usb_cam/image_rect_color/compressedDepth/parameter_descriptions] /usb_cam/image_proc http://itachi-HP-Pavilion-Laptop-15-cc1xx:35477/
[rosmaster.master][INFO] 2020-02-27 15:58:19,201: +PUB [/usb_cam/image_rect_color/compressedDepth/parameter_updates] /usb_cam/image_proc http://itachi-HP-Pavilion-Laptop-15-cc1xx:35477/
[rosmaster.master][INFO] 2020-02-27 15:58:19,204: +PARAM [/usb_cam/image_rect_color/compressedDepth/depth_max] by /usb_cam/image_proc
[rosmaster.master][INFO] 2020-02-27 15:58:19,205: +PARAM [/usb_cam/image_rect_color/compressedDepth/depth_quantization] by /usb_cam/image_proc
[rosmaster.master][INFO] 2020-02-27 15:58:19,206: +PARAM [/usb_cam/image_rect_color/compressedDepth/png_level] by /usb_cam/image_proc
[rosmaster.master][INFO] 2020-02-27 15:58:19,206: +PARAM [/usb_cam/image_rect_color/compressedDepth/depth_max] by /usb_cam/image_proc
[rosmaster.master][INFO] 2020-02-27 15:58:19,207: +PARAM [/usb_cam/image_rect_color/compressedDepth/depth_quantization] by /usb_cam/image_proc
[rosmaster.master][INFO] 2020-02-27 15:58:19,208: +PARAM [/usb_cam/image_rect_color/compressedDepth/png_level] by /usb_cam/image_proc
[rosmaster.master][INFO] 2020-02-27 15:58:19,209: +PUB [/usb_cam/image_rect_color/compressed] /usb_cam/image_proc http://itachi-HP-Pavilion-Laptop-15-cc1xx:35477/
[rosmaster.master][INFO] 2020-02-27 15:58:19,209: +SERVICE [/usb_cam/image_rect_color/compressed/set_parameters] /usb_cam/image_proc http://itachi-HP-Pavilion-Laptop-15-cc1xx:35477/
[rosmaster.master][INFO] 2020-02-27 15:58:19,210: +PUB [/usb_cam/image_rect_color/compressed/parameter_descriptions] /usb_cam/image_proc http://itachi-HP-Pavilion-Laptop-15-cc1xx:35477/
[rosmaster.master][INFO] 2020-02-27 15:58:19,211: +PUB [/usb_cam/image_rect_color/compressed/parameter_updates] /usb_cam/image_proc http://itachi-HP-Pavilion-Laptop-15-cc1xx:35477/
[rosmaster.master][INFO] 2020-02-27 15:58:19,213: +PARAM [/usb_cam/image_rect_color/compressed/format] by /usb_cam/image_proc
[rosmaster.master][INFO] 2020-02-27 15:58:19,213: +PARAM [/usb_cam/image_rect_color/compressed/jpeg_quality] by /usb_cam/image_proc
[rosmaster.master][INFO] 2020-02-27 15:58:19,214: +PARAM [/usb_cam/image_rect_color/compressed/png_level] by /usb_cam/image_proc
[rosmaster.master][INFO] 2020-02-27 15:58:19,215: +PARAM [/usb_cam/image_rect_color/compressed/format] by /usb_cam/image_proc
[rosmaster.master][INFO] 2020-02-27 15:58:19,215: +PARAM [/usb_cam/image_rect_color/compressed/jpeg_quality] by /usb_cam/image_proc
[rosmaster.master][INFO] 2020-02-27 15:58:19,216: +PARAM [/usb_cam/image_rect_color/compressed/png_level] by /usb_cam/image_proc
[rosmaster.master][INFO] 2020-02-27 15:58:19,217: +PUB [/usb_cam/image_rect_color] /usb_cam/image_proc http://itachi-HP-Pavilion-Laptop-15-cc1xx:35477/
[rosmaster.master][INFO] 2020-02-27 15:58:19,217: +PUB [/rosout] /serial_node http://itachi-HP-Pavilion-Laptop-15-cc1xx:45991/
[rosmaster.master][INFO] 2020-02-27 15:58:19,218: +PUB [/usb_cam/image_rect_color/theora] /usb_cam/image_proc http://itachi-HP-Pavilion-Laptop-15-cc1xx:35477/
[rosmaster.master][INFO] 2020-02-27 15:58:19,219: +SERVICE [/usb_cam/image_rect_color/theora/set_parameters] /usb_cam/image_proc http://itachi-HP-Pavilion-Laptop-15-cc1xx:35477/
[rosmaster.master][INFO] 2020-02-27 15:58:19,221: +PUB [/usb_cam/image_rect_color/theora/parameter_descriptions] /usb_cam/image_proc http://itachi-HP-Pavilion-Laptop-15-cc1xx:35477/
[rosmaster.master][INFO] 2020-02-27 15:58:19,222: +PUB [/usb_cam/image_rect_color/theora/parameter_updates] /usb_cam/image_proc http://itachi-HP-Pavilion-Laptop-15-cc1xx:35477/
[rosmaster.master][INFO] 2020-02-27 15:58:19,222: +SERVICE [/serial_node/get_loggers] /serial_node http://itachi-HP-Pavilion-Laptop-15-cc1xx:45991/
[rosmaster.master][INFO] 2020-02-27 15:58:19,224: +SERVICE [/serial_node/set_logger_level] /serial_node http://itachi-HP-Pavilion-Laptop-15-cc1xx:45991/
[rosmaster.master][INFO] 2020-02-27 15:58:19,226: +PARAM [/usb_cam/image_rect_color/theora/optimize_for] by /usb_cam/image_proc
[rosmaster.master][INFO] 2020-02-27 15:58:19,227: +PARAM [/usb_cam/image_rect_color/theora/target_bitrate] by /usb_cam/image_proc
[rosmaster.master][INFO] 2020-02-27 15:58:19,228: +PARAM [/usb_cam/image_rect_color/theora/quality] by /usb_cam/image_proc
[rosmaster.master][INFO] 2020-02-27 15:58:19,229: +PARAM [/usb_cam/image_rect_color/theora/keyframe_frequency] by /usb_cam/image_proc
[rosmaster.master][INFO] 2020-02-27 15:58:19,230: +PARAM [/usb_cam/image_rect_color/theora/optimize_for] by /usb_cam/image_proc
[rosmaster.master][INFO] 2020-02-27 15:58:19,230: publisherUpdate[/usb_cam/image_rect_color] -> http://itachi-HP-Pavilion-Laptop-15-cc1xx:34487/ ['http://itachi-HP-Pavilion-Laptop-15-cc1xx:35477/']
[rosmaster.master][INFO] 2020-02-27 15:58:19,231: publisherUpdate[/usb_cam/image_rect_color] -> http://itachi-HP-Pavilion-Laptop-15-cc1xx:34487/ ['http://itachi-HP-Pavilion-Laptop-15-cc1xx:35477/']: sec=0.00, result=[1, '', 0]
[rosmaster.master][INFO] 2020-02-27 15:58:19,231: +PUB [/diagnostics] /serial_node http://itachi-HP-Pavilion-Laptop-15-cc1xx:45991/
[rosmaster.master][INFO] 2020-02-27 15:58:19,232: +PARAM [/usb_cam/image_rect_color/theora/target_bitrate] by /usb_cam/image_proc
[rosmaster.master][INFO] 2020-02-27 15:58:19,232: publisherUpdate[/rosout] -> http://itachi-HP-Pavilion-Laptop-15-cc1xx:33073/ ['http://itachi-HP-Pavilion-Laptop-15-cc1xx:39777/', 'http://itachi-HP-Pavilion-Laptop-15-cc1xx:35477/', 'http://itachi-HP-Pavilion-Laptop-15-cc1xx:34487/', 'http://itachi-HP-Pavilion-Laptop-15-cc1xx:41913/', 'http://itachi-HP-Pavilion-Laptop-15-cc1xx:45991/']
[rosmaster.master][INFO] 2020-02-27 15:58:19,233: -PUB [/rosout] /usb_cam http://itachi-HP-Pavilion-Laptop-15-cc1xx:39777/
[rosmaster.master][INFO] 2020-02-27 15:58:19,233: publisherUpdate[/rosout] -> http://itachi-HP-Pavilion-Laptop-15-cc1xx:33073/ ['http://itachi-HP-Pavilion-Laptop-15-cc1xx:39777/', 'http://itachi-HP-Pavilion-Laptop-15-cc1xx:35477/', 'http://itachi-HP-Pavilion-Laptop-15-cc1xx:34487/', 'http://itachi-HP-Pavilion-Laptop-15-cc1xx:41913/', 'http://itachi-HP-Pavilion-Laptop-15-cc1xx:45991/']: sec=0.00, result=[1, '', 0]
[rosmaster.master][INFO] 2020-02-27 15:58:19,234: publisherUpdate[/rosout] -> http://itachi-HP-Pavilion-Laptop-15-cc1xx:33073/ ['http://itachi-HP-Pavilion-Laptop-15-cc1xx:35477/', 'http://itachi-HP-Pavilion-Laptop-15-cc1xx:34487/', 'http://itachi-HP-Pavilion-Laptop-15-cc1xx:41913/', 'http://itachi-HP-Pavilion-Laptop-15-cc1xx:45991/']
[rosmaster.master][INFO] 2020-02-27 15:58:19,234: +PARAM [/usb_cam/image_rect_color/theora/quality] by /usb_cam/image_proc
[rosmaster.master][INFO] 2020-02-27 15:58:19,235: publisherUpdate[/rosout] -> http://itachi-HP-Pavilion-Laptop-15-cc1xx:33073/ ['http://itachi-HP-Pavilion-Laptop-15-cc1xx:35477/', 'http://itachi-HP-Pavilion-Laptop-15-cc1xx:34487/', 'http://itachi-HP-Pavilion-Laptop-15-cc1xx:41913/', 'http://itachi-HP-Pavilion-Laptop-15-cc1xx:45991/']: sec=0.00, result=[1, '', 0]
[rosmaster.master][INFO] 2020-02-27 15:58:19,235: -PUB [/usb_cam/image_raw/compressedDepth] /usb_cam http://itachi-HP-Pavilion-Laptop-15-cc1xx:39777/
[rosmaster.master][INFO] 2020-02-27 15:58:19,236: +PARAM [/usb_cam/image_rect_color/theora/keyframe_frequency] by /usb_cam/image_proc
[rosmaster.master][INFO] 2020-02-27 15:58:19,237: -PUB [/usb_cam/image_raw/compressedDepth/parameter_descriptions] /usb_cam http://itachi-HP-Pavilion-Laptop-15-cc1xx:39777/
[rosmaster.master][INFO] 2020-02-27 15:58:19,239: -PUB [/usb_cam/image_raw/compressedDepth/parameter_updates] /usb_cam http://itachi-HP-Pavilion-Laptop-15-cc1xx:39777/
[rosmaster.master][INFO] 2020-02-27 15:58:19,240: -PUB [/usb_cam/image_raw/compressed] /usb_cam http://itachi-HP-Pavilion-Laptop-15-cc1xx:39777/
[rosmaster.master][INFO] 2020-02-27 15:58:19,240: -PUB [/usb_cam/image_raw/compressed/parameter_descriptions] /usb_cam http://itachi-HP-Pavilion-Laptop-15-cc1xx:39777/
[rosmaster.master][INFO] 2020-02-27 15:58:19,241: -PUB [/usb_cam/image_raw/compressed/parameter_updates] /usb_cam http://itachi-HP-Pavilion-Laptop-15-cc1xx:39777/
[rosmaster.master][INFO] 2020-02-27 15:58:19,241: -PUB [/usb_cam/image_raw] /usb_cam http://itachi-HP-Pavilion-Laptop-15-cc1xx:39777/
[rosmaster.master][INFO] 2020-02-27 15:58:19,242: -PUB [/usb_cam/image_raw/theora] /usb_cam http://itachi-HP-Pavilion-Laptop-15-cc1xx:39777/
[rosmaster.master][INFO] 2020-02-27 15:58:19,242: -PUB [/usb_cam/image_raw/theora/parameter_descriptions] /usb_cam http://itachi-HP-Pavilion-Laptop-15-cc1xx:39777/
[rosmaster.master][INFO] 2020-02-27 15:58:19,243: -PUB [/usb_cam/image_raw/theora/parameter_updates] /usb_cam http://itachi-HP-Pavilion-Laptop-15-cc1xx:39777/
[rosmaster.master][INFO] 2020-02-27 15:58:19,243: -PUB [/usb_cam/camera_info] /usb_cam http://itachi-HP-Pavilion-Laptop-15-cc1xx:39777/
[rosmaster.master][INFO] 2020-02-27 15:58:19,332: publisherUpdate[/usb_cam/camera_info] -> http://itachi-HP-Pavilion-Laptop-15-cc1xx:34487/ []
[rosmaster.master][INFO] 2020-02-27 15:58:19,336: publisherUpdate[/usb_cam/camera_info] -> http://itachi-HP-Pavilion-Laptop-15-cc1xx:34487/ []: sec=0.00, result=[1, '', 0]
[rosmaster.master][INFO] 2020-02-27 15:58:19,350: +SUB [/usb_cam/image_color] /usb_cam/image_proc http://itachi-HP-Pavilion-Laptop-15-cc1xx:35477/
[rosmaster.master][INFO] 2020-02-27 15:58:19,364: +SUB [/usb_cam/camera_info] /usb_cam/image_proc http://itachi-HP-Pavilion-Laptop-15-cc1xx:35477/
[rosmaster.master][INFO] 2020-02-27 15:58:19,375: +SUB [/usb_cam/image_raw] /usb_cam/image_proc http://itachi-HP-Pavilion-Laptop-15-cc1xx:35477/
[rosmaster.master][INFO] 2020-02-27 15:58:21,355: +SUB [/led_control_topic] /serial_node http://itachi-HP-Pavilion-Laptop-15-cc1xx:45991/
[rosmaster.master][INFO] 2020-02-27 15:58:35,753: -SUB [/led_control_topic] /serial_node http://itachi-HP-Pavilion-Laptop-15-cc1xx:45991/
[rosmaster.master][INFO] 2020-02-27 15:58:35,754: -PUB [/diagnostics] /serial_node http://itachi-HP-Pavilion-Laptop-15-cc1xx:45991/
[rosmaster.master][INFO] 2020-02-27 15:58:35,754: -PUB [/rosout] /serial_node http://itachi-HP-Pavilion-Laptop-15-cc1xx:45991/
[rosmaster.master][INFO] 2020-02-27 15:58:35,754: -SERVICE [/serial_node/get_loggers] /serial_node rosrpc://itachi-HP-Pavilion-Laptop-15-cc1xx:43921
[rosmaster.master][INFO] 2020-02-27 15:58:35,755: -SERVICE [/serial_node/set_logger_level] /serial_node rosrpc://itachi-HP-Pavilion-Laptop-15-cc1xx:43921
[rosmaster.master][INFO] 2020-02-27 15:58:35,774: publisherUpdate[/rosout] -> http://itachi-HP-Pavilion-Laptop-15-cc1xx:33073/ ['http://itachi-HP-Pavilion-Laptop-15-cc1xx:35477/', 'http://itachi-HP-Pavilion-Laptop-15-cc1xx:34487/', 'http://itachi-HP-Pavilion-Laptop-15-cc1xx:41913/']
[rosmaster.master][INFO] 2020-02-27 15:58:35,777: publisherUpdate[/rosout] -> http://itachi-HP-Pavilion-Laptop-15-cc1xx:33073/ ['http://itachi-HP-Pavilion-Laptop-15-cc1xx:35477/', 'http://itachi-HP-Pavilion-Laptop-15-cc1xx:34487/', 'http://itachi-HP-Pavilion-Laptop-15-cc1xx:41913/']: sec=0.00, result=[1, '', 0]
[rosmaster.master][INFO] 2020-02-27 15:58:35,870: -PUB [/rosout] /usb_cam/image_proc http://itachi-HP-Pavilion-Laptop-15-cc1xx:35477/
[rosmaster.master][INFO] 2020-02-27 15:58:35,871: -PUB [/rosout] /whycon http://itachi-HP-Pavilion-Laptop-15-cc1xx:34487/
[rosmaster.master][INFO] 2020-02-27 15:58:35,872: -PUB [/rosout] /whycon_display/image_view http://itachi-HP-Pavilion-Laptop-15-cc1xx:41913/
[rosmaster.master][INFO] 2020-02-27 15:58:35,874: -PUB [/usb_cam/image_proc_debayer/parameter_descriptions] /usb_cam/image_proc http://itachi-HP-Pavilion-Laptop-15-cc1xx:35477/
[rosmaster.master][INFO] 2020-02-27 15:58:35,875: -PUB [/tf] /whycon http://itachi-HP-Pavilion-Laptop-15-cc1xx:34487/
[rosmaster.master][INFO] 2020-02-27 15:58:35,876: -PUB [/whycon_display/image_view/output] /whycon_display/image_view http://itachi-HP-Pavilion-Laptop-15-cc1xx:41913/
[rosmaster.master][INFO] 2020-02-27 15:58:35,876: publisherUpdate[/rosout] -> http://itachi-HP-Pavilion-Laptop-15-cc1xx:33073/ ['http://itachi-HP-Pavilion-Laptop-15-cc1xx:34487/', 'http://itachi-HP-Pavilion-Laptop-15-cc1xx:41913/']
[rosmaster.master][INFO] 2020-02-27 15:58:35,877: publisherUpdate[/rosout] -> http://itachi-HP-Pavilion-Laptop-15-cc1xx:33073/ ['http://itachi-HP-Pavilion-Laptop-15-cc1xx:34487/', 'http://itachi-HP-Pavilion-Laptop-15-cc1xx:41913/']: sec=0.00, result=[1, '', 0]
[rosmaster.master][INFO] 2020-02-27 15:58:35,878: -PUB [/usb_cam/image_proc_debayer/parameter_updates] /usb_cam/image_proc http://itachi-HP-Pavilion-Laptop-15-cc1xx:35477/
[rosmaster.master][INFO] 2020-02-27 15:58:35,879: publisherUpdate[/rosout] -> http://itachi-HP-Pavilion-Laptop-15-cc1xx:33073/ ['http://itachi-HP-Pavilion-Laptop-15-cc1xx:41913/']
[rosmaster.master][INFO] 2020-02-27 15:58:35,879: -PUB [/whycon/image_out] /whycon http://itachi-HP-Pavilion-Laptop-15-cc1xx:34487/
[rosmaster.master][INFO] 2020-02-27 15:58:35,880: publisherUpdate[/rosout] -> http://itachi-HP-Pavilion-Laptop-15-cc1xx:33073/ ['http://itachi-HP-Pavilion-Laptop-15-cc1xx:41913/']: sec=0.00, result=[1, '', 0]
[rosmaster.master][INFO] 2020-02-27 15:58:35,880: -PUB [/whycon_display/image_view/parameter_descriptions] /whycon_display/image_view http://itachi-HP-Pavilion-Laptop-15-cc1xx:41913/
[rosmaster.master][INFO] 2020-02-27 15:58:35,881: publisherUpdate[/whycon/image_out] -> http://itachi-HP-Pavilion-Laptop-15-cc1xx:41913/ []
[rosmaster.master][INFO] 2020-02-27 15:58:35,882: publisherUpdate[/rosout] -> http://itachi-HP-Pavilion-Laptop-15-cc1xx:33073/ []
[rosmaster.master][INFO] 2020-02-27 15:58:35,882: -PUB [/usb_cam/image_mono/compressedDepth] /usb_cam/image_proc http://itachi-HP-Pavilion-Laptop-15-cc1xx:35477/
[rosmaster.master][INFO] 2020-02-27 15:58:35,883: publisherUpdate[/whycon/image_out] -> http://itachi-HP-Pavilion-Laptop-15-cc1xx:41913/ []: sec=0.00, exception=<Fault -1: 'publisherUpdate: unknown method name'>
[rosmaster.master][INFO] 2020-02-27 15:58:35,884: publisherUpdate[/rosout] -> http://itachi-HP-Pavilion-Laptop-15-cc1xx:33073/ []: sec=0.00, result=[1, '', 0]
[rosmaster.master][INFO] 2020-02-27 15:58:35,885: -PUB [/whycon/poses] /whycon http://itachi-HP-Pavilion-Laptop-15-cc1xx:34487/
[rosmaster.master][INFO] 2020-02-27 15:58:35,886: -PUB [/whycon_display/image_view/parameter_updates] /whycon_display/image_view http://itachi-HP-Pavilion-Laptop-15-cc1xx:41913/
[rosmaster.master][INFO] 2020-02-27 15:58:35,887: -PUB [/usb_cam/image_mono/compressedDepth/parameter_descriptions] /usb_cam/image_proc http://itachi-HP-Pavilion-Laptop-15-cc1xx:35477/
[rosmaster.threadpool][ERROR] 2020-02-27 15:58:35,887: Traceback (most recent call last):
  File "/opt/ros/kinetic/lib/python2.7/dist-packages/rosmaster/threadpool.py", line 218, in run
    result = cmd(*args)
  File "/opt/ros/kinetic/lib/python2.7/dist-packages/rosmaster/master_api.py", line 210, in publisher_update_task
    ret = xmlrpcapi(api).publisherUpdate('/master', topic, pub_uris)
  File "/usr/lib/python2.7/xmlrpclib.py", line 1243, in __call__
    return self.__send(self.__name, args)
  File "/usr/lib/python2.7/xmlrpclib.py", line 1602, in __request
    verbose=self.__verbose
  File "/usr/lib/python2.7/xmlrpclib.py", line 1283, in request
    return self.single_request(host, handler, request_body, verbose)
  File "/usr/lib/python2.7/xmlrpclib.py", line 1316, in single_request
    return self.parse_response(response)
  File "/usr/lib/python2.7/xmlrpclib.py", line 1493, in parse_response
    return u.close()
  File "/usr/lib/python2.7/xmlrpclib.py", line 800, in close
    raise Fault(**self._stack[0])
Fault: <Fault -1: 'publisherUpdate: unknown method name'>

[rosmaster.master][INFO] 2020-02-27 15:58:35,889: -PUB [/whycon/context] /whycon http://itachi-HP-Pavilion-Laptop-15-cc1xx:34487/
[rosmaster.master][INFO] 2020-02-27 15:58:35,889: -SUB [/whycon/image_out] /whycon_display/image_view http://itachi-HP-Pavilion-Laptop-15-cc1xx:41913/
[rosmaster.master][INFO] 2020-02-27 15:58:35,890: -PUB [/usb_cam/image_mono/compressedDepth/parameter_updates] /usb_cam/image_proc http://itachi-HP-Pavilion-Laptop-15-cc1xx:35477/
[rosmaster.master][INFO] 2020-02-27 15:58:35,891: -PUB [/whycon/projection] /whycon http://itachi-HP-Pavilion-Laptop-15-cc1xx:34487/
[rosmaster.master][INFO] 2020-02-27 15:58:35,892: -SERVICE [/whycon_display/image_view/get_loggers] /whycon_display/image_view rosrpc://itachi-HP-Pavilion-Laptop-15-cc1xx:36665
[rosmaster.master][INFO] 2020-02-27 15:58:35,893: -PUB [/usb_cam/image_mono/compressed] /usb_cam/image_proc http://itachi-HP-Pavilion-Laptop-15-cc1xx:35477/
[rosmaster.master][INFO] 2020-02-27 15:58:35,893: -SUB [/usb_cam/image_rect_color] /whycon http://itachi-HP-Pavilion-Laptop-15-cc1xx:34487/
[rosmaster.master][INFO] 2020-02-27 15:58:35,895: -SERVICE [/whycon_display/image_view/set_logger_level] /whycon_display/image_view rosrpc://itachi-HP-Pavilion-Laptop-15-cc1xx:36665
[rosmaster.master][INFO] 2020-02-27 15:58:35,896: -SUB [/usb_cam/camera_info] /whycon http://itachi-HP-Pavilion-Laptop-15-cc1xx:34487/
[rosmaster.master][INFO] 2020-02-27 15:58:35,897: -PUB [/usb_cam/image_mono/compressed/parameter_descriptions] /usb_cam/image_proc http://itachi-HP-Pavilion-Laptop-15-cc1xx:35477/
[rosmaster.master][INFO] 2020-02-27 15:58:35,898: -SERVICE [/whycon_display/image_view/set_parameters] /whycon_display/image_view rosrpc://itachi-HP-Pavilion-Laptop-15-cc1xx:36665
[rosmaster.master][INFO] 2020-02-27 15:58:35,898: -SERVICE [/whycon/get_loggers] /whycon rosrpc://itachi-HP-Pavilion-Laptop-15-cc1xx:37457
[rosmaster.master][INFO] 2020-02-27 15:58:35,899: -PUB [/usb_cam/image_mono/compressed/parameter_updates] /usb_cam/image_proc http://itachi-HP-Pavilion-Laptop-15-cc1xx:35477/
[rosmaster.master][INFO] 2020-02-27 15:58:35,900: -SERVICE [/whycon/set_logger_level] /whycon rosrpc://itachi-HP-Pavilion-Laptop-15-cc1xx:37457
[rosmaster.master][INFO] 2020-02-27 15:58:35,900: -PUB [/usb_cam/image_mono] /usb_cam/image_proc http://itachi-HP-Pavilion-Laptop-15-cc1xx:35477/
[rosmaster.master][INFO] 2020-02-27 15:58:35,901: -SERVICE [/whycon/reset] /whycon rosrpc://itachi-HP-Pavilion-Laptop-15-cc1xx:37457
[rosmaster.master][INFO] 2020-02-27 15:58:35,902: -PUB [/usb_cam/image_mono/theora] /usb_cam/image_proc http://itachi-HP-Pavilion-Laptop-15-cc1xx:35477/
[rosmaster.master][INFO] 2020-02-27 15:58:35,902: -PUB [/usb_cam/image_mono/theora/parameter_descriptions] /usb_cam/image_proc http://itachi-HP-Pavilion-Laptop-15-cc1xx:35477/
[rosmaster.master][INFO] 2020-02-27 15:58:35,903: -PUB [/usb_cam/image_mono/theora/parameter_updates] /usb_cam/image_proc http://itachi-HP-Pavilion-Laptop-15-cc1xx:35477/
[rosmaster.master][INFO] 2020-02-27 15:58:35,904: -PUB [/usb_cam/image_color/compressedDepth] /usb_cam/image_proc http://itachi-HP-Pavilion-Laptop-15-cc1xx:35477/
[rosmaster.master][INFO] 2020-02-27 15:58:35,904: -PUB [/usb_cam/image_color/compressedDepth/parameter_descriptions] /usb_cam/image_proc http://itachi-HP-Pavilion-Laptop-15-cc1xx:35477/
[rosmaster.master][INFO] 2020-02-27 15:58:35,905: -PUB [/usb_cam/image_color/compressedDepth/parameter_updates] /usb_cam/image_proc http://itachi-HP-Pavilion-Laptop-15-cc1xx:35477/
[rosmaster.master][INFO] 2020-02-27 15:58:35,906: -PUB [/usb_cam/image_color/compressed] /usb_cam/image_proc http://itachi-HP-Pavilion-Laptop-15-cc1xx:35477/
[rosmaster.master][INFO] 2020-02-27 15:58:35,906: -PUB [/usb_cam/image_color/compressed/parameter_descriptions] /usb_cam/image_proc http://itachi-HP-Pavilion-Laptop-15-cc1xx:35477/
[rosmaster.master][INFO] 2020-02-27 15:58:35,907: -PUB [/usb_cam/image_color/compressed/parameter_updates] /usb_cam/image_proc http://itachi-HP-Pavilion-Laptop-15-cc1xx:35477/
[rosmaster.master][INFO] 2020-02-27 15:58:35,907: -PUB [/usb_cam/image_color] /usb_cam/image_proc http://itachi-HP-Pavilion-Laptop-15-cc1xx:35477/
[rosmaster.master][INFO] 2020-02-27 15:58:35,908: -PUB [/usb_cam/image_color/theora] /usb_cam/image_proc http://itachi-HP-Pavilion-Laptop-15-cc1xx:35477/
[rosmaster.master][INFO] 2020-02-27 15:58:35,909: -PUB [/usb_cam/image_color/theora/parameter_descriptions] /usb_cam/image_proc http://itachi-HP-Pavilion-Laptop-15-cc1xx:35477/
[rosmaster.master][INFO] 2020-02-27 15:58:35,909: -PUB [/usb_cam/image_color/theora/parameter_updates] /usb_cam/image_proc http://itachi-HP-Pavilion-Laptop-15-cc1xx:35477/
[rosmaster.master][INFO] 2020-02-27 15:58:35,910: -PUB [/usb_cam/image_proc_rectify_mono/parameter_descriptions] /usb_cam/image_proc http://itachi-HP-Pavilion-Laptop-15-cc1xx:35477/
[rosmaster.master][INFO] 2020-02-27 15:58:35,910: -PUB [/usb_cam/image_proc_rectify_mono/parameter_updates] /usb_cam/image_proc http://itachi-HP-Pavilion-Laptop-15-cc1xx:35477/
[rosmaster.master][INFO] 2020-02-27 15:58:35,911: -PUB [/usb_cam/image_rect/compressedDepth] /usb_cam/image_proc http://itachi-HP-Pavilion-Laptop-15-cc1xx:35477/
[rosmaster.master][INFO] 2020-02-27 15:58:35,912: -PUB [/usb_cam/image_rect/compressedDepth/parameter_descriptions] /usb_cam/image_proc http://itachi-HP-Pavilion-Laptop-15-cc1xx:35477/
[rosmaster.master][INFO] 2020-02-27 15:58:35,912: -PUB [/usb_cam/image_rect/compressedDepth/parameter_updates] /usb_cam/image_proc http://itachi-HP-Pavilion-Laptop-15-cc1xx:35477/
[rosmaster.master][INFO] 2020-02-27 15:58:35,913: -PUB [/usb_cam/image_rect/compressed] /usb_cam/image_proc http://itachi-HP-Pavilion-Laptop-15-cc1xx:35477/
[rosmaster.master][INFO] 2020-02-27 15:58:35,913: -PUB [/usb_cam/image_rect/compressed/parameter_descriptions] /usb_cam/image_proc http://itachi-HP-Pavilion-Laptop-15-cc1xx:35477/
[rosmaster.master][INFO] 2020-02-27 15:58:35,914: -PUB [/usb_cam/image_rect/compressed/parameter_updates] /usb_cam/image_proc http://itachi-HP-Pavilion-Laptop-15-cc1xx:35477/
[rosmaster.master][INFO] 2020-02-27 15:58:35,915: -PUB [/usb_cam/image_rect] /usb_cam/image_proc http://itachi-HP-Pavilion-Laptop-15-cc1xx:35477/
[rosmaster.master][INFO] 2020-02-27 15:58:35,915: -PUB [/usb_cam/image_rect/theora] /usb_cam/image_proc http://itachi-HP-Pavilion-Laptop-15-cc1xx:35477/
[rosmaster.master][INFO] 2020-02-27 15:58:35,916: -PUB [/usb_cam/image_rect/theora/parameter_descriptions] /usb_cam/image_proc http://itachi-HP-Pavilion-Laptop-15-cc1xx:35477/
[rosmaster.master][INFO] 2020-02-27 15:58:35,916: -PUB [/usb_cam/image_rect/theora/parameter_updates] /usb_cam/image_proc http://itachi-HP-Pavilion-Laptop-15-cc1xx:35477/
[rosmaster.master][INFO] 2020-02-27 15:58:35,917: -PUB [/usb_cam/image_proc_rectify_color/parameter_descriptions] /usb_cam/image_proc http://itachi-HP-Pavilion-Laptop-15-cc1xx:35477/
[rosmaster.master][INFO] 2020-02-27 15:58:35,917: -PUB [/usb_cam/image_proc_rectify_color/parameter_updates] /usb_cam/image_proc http://itachi-HP-Pavilion-Laptop-15-cc1xx:35477/
[rosmaster.master][INFO] 2020-02-27 15:58:35,918: -PUB [/usb_cam/image_rect_color/compressedDepth] /usb_cam/image_proc http://itachi-HP-Pavilion-Laptop-15-cc1xx:35477/
[rosmaster.master][INFO] 2020-02-27 15:58:35,919: -PUB [/usb_cam/image_rect_color/compressedDepth/parameter_descriptions] /usb_cam/image_proc http://itachi-HP-Pavilion-Laptop-15-cc1xx:35477/
[rosmaster.master][INFO] 2020-02-27 15:58:35,919: -PUB [/usb_cam/image_rect_color/compressedDepth/parameter_updates] /usb_cam/image_proc http://itachi-HP-Pavilion-Laptop-15-cc1xx:35477/
[rosmaster.master][INFO] 2020-02-27 15:58:35,920: -PUB [/usb_cam/image_rect_color/compressed] /usb_cam/image_proc http://itachi-HP-Pavilion-Laptop-15-cc1xx:35477/
[rosmaster.master][INFO] 2020-02-27 15:58:35,920: -PUB [/usb_cam/image_rect_color/compressed/parameter_descriptions] /usb_cam/image_proc http://itachi-HP-Pavilion-Laptop-15-cc1xx:35477/
[rosmaster.master][INFO] 2020-02-27 15:58:35,921: -PUB [/usb_cam/image_rect_color/compressed/parameter_updates] /usb_cam/image_proc http://itachi-HP-Pavilion-Laptop-15-cc1xx:35477/
[rosmaster.master][INFO] 2020-02-27 15:58:35,922: -PUB [/usb_cam/image_rect_color] /usb_cam/image_proc http://itachi-HP-Pavilion-Laptop-15-cc1xx:35477/
[rosmaster.master][INFO] 2020-02-27 15:58:35,922: -PUB [/usb_cam/image_rect_color/theora] /usb_cam/image_proc http://itachi-HP-Pavilion-Laptop-15-cc1xx:35477/
[rosmaster.master][INFO] 2020-02-27 15:58:35,923: -PUB [/usb_cam/image_rect_color/theora/parameter_descriptions] /usb_cam/image_proc http://itachi-HP-Pavilion-Laptop-15-cc1xx:35477/
[rosmaster.master][INFO] 2020-02-27 15:58:35,923: -PUB [/usb_cam/image_rect_color/theora/parameter_updates] /usb_cam/image_proc http://itachi-HP-Pavilion-Laptop-15-cc1xx:35477/
[rosmaster.master][INFO] 2020-02-27 15:58:35,924: -SUB [/usb_cam/image_color] /usb_cam/image_proc http://itachi-HP-Pavilion-Laptop-15-cc1xx:35477/
[rosmaster.master][INFO] 2020-02-27 15:58:35,925: -SUB [/usb_cam/camera_info] /usb_cam/image_proc http://itachi-HP-Pavilion-Laptop-15-cc1xx:35477/
[rosmaster.master][INFO] 2020-02-27 15:58:35,925: -SUB [/usb_cam/image_raw] /usb_cam/image_proc http://itachi-HP-Pavilion-Laptop-15-cc1xx:35477/
[rosmaster.master][INFO] 2020-02-27 15:58:35,926: -SERVICE [/usb_cam/image_proc/get_loggers] /usb_cam/image_proc rosrpc://itachi-HP-Pavilion-Laptop-15-cc1xx:37893
[rosmaster.master][INFO] 2020-02-27 15:58:35,926: -SERVICE [/usb_cam/image_proc/set_logger_level] /usb_cam/image_proc rosrpc://itachi-HP-Pavilion-Laptop-15-cc1xx:37893
[rosmaster.master][INFO] 2020-02-27 15:58:35,927: -SERVICE [/usb_cam/image_proc_debayer/set_parameters] /usb_cam/image_proc rosrpc://itachi-HP-Pavilion-Laptop-15-cc1xx:37893
[rosmaster.master][INFO] 2020-02-27 15:58:35,928: -SERVICE [/usb_cam/image_mono/compressedDepth/set_parameters] /usb_cam/image_proc rosrpc://itachi-HP-Pavilion-Laptop-15-cc1xx:37893
[rosmaster.master][INFO] 2020-02-27 15:58:35,928: -SERVICE [/usb_cam/image_mono/compressed/set_parameters] /usb_cam/image_proc rosrpc://itachi-HP-Pavilion-Laptop-15-cc1xx:37893
[rosmaster.master][INFO] 2020-02-27 15:58:35,929: -SERVICE [/usb_cam/image_mono/theora/set_parameters] /usb_cam/image_proc rosrpc://itachi-HP-Pavilion-Laptop-15-cc1xx:37893
[rosmaster.master][INFO] 2020-02-27 15:58:35,929: -SERVICE [/usb_cam/image_color/compressedDepth/set_parameters] /usb_cam/image_proc rosrpc://itachi-HP-Pavilion-Laptop-15-cc1xx:37893
[rosmaster.master][INFO] 2020-02-27 15:58:35,930: -SERVICE [/usb_cam/image_color/compressed/set_parameters] /usb_cam/image_proc rosrpc://itachi-HP-Pavilion-Laptop-15-cc1xx:37893
[rosmaster.master][INFO] 2020-02-27 15:58:35,931: -SERVICE [/usb_cam/image_color/theora/set_parameters] /usb_cam/image_proc rosrpc://itachi-HP-Pavilion-Laptop-15-cc1xx:37893
[rosmaster.master][INFO] 2020-02-27 15:58:35,931: -SERVICE [/usb_cam/image_proc_rectify_mono/set_parameters] /usb_cam/image_proc rosrpc://itachi-HP-Pavilion-Laptop-15-cc1xx:37893
[rosmaster.master][INFO] 2020-02-27 15:58:35,932: -SERVICE [/usb_cam/image_rect/compressedDepth/set_parameters] /usb_cam/image_proc rosrpc://itachi-HP-Pavilion-Laptop-15-cc1xx:37893
[rosmaster.master][INFO] 2020-02-27 15:58:35,932: -SERVICE [/usb_cam/image_rect/compressed/set_parameters] /usb_cam/image_proc rosrpc://itachi-HP-Pavilion-Laptop-15-cc1xx:37893
[rosmaster.master][INFO] 2020-02-27 15:58:35,933: -SERVICE [/usb_cam/image_rect/theora/set_parameters] /usb_cam/image_proc rosrpc://itachi-HP-Pavilion-Laptop-15-cc1xx:37893
[rosmaster.master][INFO] 2020-02-27 15:58:35,934: -SERVICE [/usb_cam/image_proc_rectify_color/set_parameters] /usb_cam/image_proc rosrpc://itachi-HP-Pavilion-Laptop-15-cc1xx:37893
[rosmaster.master][INFO] 2020-02-27 15:58:35,934: -SERVICE [/usb_cam/image_rect_color/compressedDepth/set_parameters] /usb_cam/image_proc rosrpc://itachi-HP-Pavilion-Laptop-15-cc1xx:37893
[rosmaster.master][INFO] 2020-02-27 15:58:35,935: -SERVICE [/usb_cam/image_rect_color/compressed/set_parameters] /usb_cam/image_proc rosrpc://itachi-HP-Pavilion-Laptop-15-cc1xx:37893
[rosmaster.master][INFO] 2020-02-27 15:58:35,935: -SERVICE [/usb_cam/image_rect_color/theora/set_parameters] /usb_cam/image_proc rosrpc://itachi-HP-Pavilion-Laptop-15-cc1xx:37893
[rosmaster.master][INFO] 2020-02-27 15:58:35,978: publisherUpdate[/usb_cam/image_color] -> http://itachi-HP-Pavilion-Laptop-15-cc1xx:35477/ []
[rosmaster.master][INFO] 2020-02-27 15:58:35,979: publisherUpdate[/usb_cam/image_color] -> http://itachi-HP-Pavilion-Laptop-15-cc1xx:35477/ []: sec=0.00, exception=<Fault -1: 'publisherUpdate: unknown method name'>
[rosmaster.threadpool][ERROR] 2020-02-27 15:58:35,979: Traceback (most recent call last):
  File "/opt/ros/kinetic/lib/python2.7/dist-packages/rosmaster/threadpool.py", line 218, in run
    result = cmd(*args)
  File "/opt/ros/kinetic/lib/python2.7/dist-packages/rosmaster/master_api.py", line 210, in publisher_update_task
    ret = xmlrpcapi(api).publisherUpdate('/master', topic, pub_uris)
  File "/usr/lib/python2.7/xmlrpclib.py", line 1243, in __call__
    return self.__send(self.__name, args)
  File "/usr/lib/python2.7/xmlrpclib.py", line 1602, in __request
    verbose=self.__verbose
  File "/usr/lib/python2.7/xmlrpclib.py", line 1283, in request
    return self.single_request(host, handler, request_body, verbose)
  File "/usr/lib/python2.7/xmlrpclib.py", line 1316, in single_request
    return self.parse_response(response)
  File "/usr/lib/python2.7/xmlrpclib.py", line 1493, in parse_response
    return u.close()
  File "/usr/lib/python2.7/xmlrpclib.py", line 800, in close
    raise Fault(**self._stack[0])
Fault: <Fault -1: 'publisherUpdate: unknown method name'>

[rosmaster.master][INFO] 2020-02-27 15:58:36,284: -PUB [/rosout_agg] /rosout http://itachi-HP-Pavilion-Laptop-15-cc1xx:33073/
[rosmaster.master][INFO] 2020-02-27 15:58:36,285: -SUB [/rosout] /rosout http://itachi-HP-Pavilion-Laptop-15-cc1xx:33073/
[rosmaster.master][INFO] 2020-02-27 15:58:36,286: -SERVICE [/rosout/get_loggers] /rosout rosrpc://itachi-HP-Pavilion-Laptop-15-cc1xx:47627
[rosmaster.master][INFO] 2020-02-27 15:58:36,286: -SERVICE [/rosout/set_logger_level] /rosout rosrpc://itachi-HP-Pavilion-Laptop-15-cc1xx:47627
[rosmaster.main][INFO] 2020-02-27 15:58:36,355: keyboard interrupt, will exit
[rosmaster.main][INFO] 2020-02-27 15:58:36,356: stopping master...
[rospy.core][INFO] 2020-02-27 15:58:36,356: signal_shutdown [atexit]
