[rospy.client][INFO] 2020-02-27 15:58:19,114: init_node, name[/serial_node], pid[940]
[xmlrpc][INFO] 2020-02-27 15:58:19,114: XML-RPC server binding to 0.0.0.0:0
[xmlrpc][INFO] 2020-02-27 15:58:19,115: Started XML-RPC server [http://itachi-HP-Pavilion-Laptop-15-cc1xx:45991/]
[rospy.init][INFO] 2020-02-27 15:58:19,115: ROS Slave URI: [http://itachi-HP-Pavilion-Laptop-15-cc1xx:45991/]
[rospy.impl.masterslave][INFO] 2020-02-27 15:58:19,115: _ready: http://itachi-HP-Pavilion-Laptop-15-cc1xx:45991/
[rospy.registration][INFO] 2020-02-27 15:58:19,116: Registering with master node http://localhost:11311
[xmlrpc][INFO] 2020-02-27 15:58:19,116: xml rpc node: starting XML-RPC server
[rospy.init][INFO] 2020-02-27 15:58:19,215: registered with master
[rospy.rosout][INFO] 2020-02-27 15:58:19,215: initializing /rosout core topic
[rospy.rosout][INFO] 2020-02-27 15:58:19,218: connected to core topic /rosout
[rospy.simtime][INFO] 2020-02-27 15:58:19,220: /use_sim_time is not set, will not subscribe to simulated time [/clock] topic
[rosout][INFO] 2020-02-27 15:58:19,224: ROS Serial Python Node
[rosout][INFO] 2020-02-27 15:58:19,230: Connecting to /dev/ttyUSB0 at 115200 baud
[rospy.internal][INFO] 2020-02-27 15:58:19,439: topic[/rosout] adding connection to [/rosout], count 0
[rosout][INFO] 2020-02-27 15:58:21,357: Note: subscribe buffer size is 320 bytes
[rosout][INFO] 2020-02-27 15:58:21,358: Setup subscriber on led_control_topic [std_msgs/Int8]
[rosout][INFO] 2020-02-27 15:58:35,747: Send tx stop request
[rospy.core][INFO] 2020-02-27 15:58:35,749: signal_shutdown [atexit]
[rospy.internal][INFO] 2020-02-27 15:58:35,757: topic[/rosout] removing connection to /rosout
[rospy.impl.masterslave][INFO] 2020-02-27 15:58:35,758: atexit
