[rospy.client][INFO] 2019-11-07 02:47:48,585: init_node, name[/edrone/spawn_edrone], pid[16097]
[xmlrpc][INFO] 2019-11-07 02:47:48,585: XML-RPC server binding to 0.0.0.0:0
[xmlrpc][INFO] 2019-11-07 02:47:48,586: Started XML-RPC server [http://itachi-HP-Pavilion-Laptop-15-cc1xx:37415/]
[rospy.init][INFO] 2019-11-07 02:47:48,586: ROS Slave URI: [http://itachi-HP-Pavilion-Laptop-15-cc1xx:37415/]
[rospy.impl.masterslave][INFO] 2019-11-07 02:47:48,586: _ready: http://itachi-HP-Pavilion-Laptop-15-cc1xx:37415/
[rospy.registration][INFO] 2019-11-07 02:47:48,587: Registering with master node http://localhost:11311
[xmlrpc][INFO] 2019-11-07 02:47:48,587: xml rpc node: starting XML-RPC server
[rospy.init][INFO] 2019-11-07 02:47:48,686: registered with master
[rospy.rosout][INFO] 2019-11-07 02:47:48,687: initializing /rosout core topic
[rospy.rosout][INFO] 2019-11-07 02:47:48,691: connected to core topic /rosout
[rospy.simtime][INFO] 2019-11-07 02:47:48,695: initializing /clock core topic
[rospy.simtime][INFO] 2019-11-07 02:47:48,700: connected to core topic /clock
[rosout][INFO] 2019-11-07 02:47:48,705: Loading model XML from ros parameter
[rosout][INFO] 2019-11-07 02:47:48,714: Waiting for service /gazebo/spawn_urdf_model
[rospy.internal][INFO] 2019-11-07 02:47:48,818: topic[/rosout] adding connection to [/rosout], count 0
[rosout][INFO] 2019-11-07 02:47:49,330: Calling service /gazebo/spawn_urdf_model
[rospy.internal][INFO] 2019-11-07 02:47:49,366: topic[/clock] adding connection to [http://itachi-HP-Pavilion-Laptop-15-cc1xx:42527/], count 0
[rosout][INFO] 2019-11-07 02:47:49,746: Spawn status: SpawnModel: Successfully spawned entity
[rospy.core][INFO] 2019-11-07 02:47:49,746: signal_shutdown [atexit]
[rospy.internal][INFO] 2019-11-07 02:47:49,749: topic[/rosout] removing connection to /rosout
[rospy.internal][INFO] 2019-11-07 02:47:49,749: topic[/clock] removing connection to http://itachi-HP-Pavilion-Laptop-15-cc1xx:42527/
[rospy.impl.masterslave][INFO] 2019-11-07 02:47:49,749: atexit
[rospy.client][INFO] 2019-11-07 02:48:37,486: init_node, name[/edrone/spawn_edrone], pid[17918]
[xmlrpc][INFO] 2019-11-07 02:48:37,487: XML-RPC server binding to 0.0.0.0:0
[xmlrpc][INFO] 2019-11-07 02:48:37,487: Started XML-RPC server [http://itachi-HP-Pavilion-Laptop-15-cc1xx:37753/]
[rospy.impl.masterslave][INFO] 2019-11-07 02:48:37,487: _ready: http://itachi-HP-Pavilion-Laptop-15-cc1xx:37753/
[rospy.init][INFO] 2019-11-07 02:48:37,488: ROS Slave URI: [http://itachi-HP-Pavilion-Laptop-15-cc1xx:37753/]
[rospy.registration][INFO] 2019-11-07 02:48:37,491: Registering with master node http://localhost:11311
[xmlrpc][INFO] 2019-11-07 02:48:37,491: xml rpc node: starting XML-RPC server
[rospy.init][INFO] 2019-11-07 02:48:37,588: registered with master
[rospy.rosout][INFO] 2019-11-07 02:48:37,588: initializing /rosout core topic
[rospy.rosout][INFO] 2019-11-07 02:48:37,591: connected to core topic /rosout
[rospy.simtime][INFO] 2019-11-07 02:48:37,593: initializing /clock core topic
[rospy.simtime][INFO] 2019-11-07 02:48:37,595: connected to core topic /clock
[rosout][INFO] 2019-11-07 02:48:37,598: Loading model XML from ros parameter
[rosout][INFO] 2019-11-07 02:48:37,601: Waiting for service /gazebo/spawn_urdf_model
[rospy.internal][INFO] 2019-11-07 02:48:37,750: topic[/rosout] adding connection to [/rosout], count 0
[rosout][INFO] 2019-11-07 02:48:37,904: Calling service /gazebo/spawn_urdf_model
[rospy.internal][INFO] 2019-11-07 02:48:37,971: topic[/clock] adding connection to [http://itachi-HP-Pavilion-Laptop-15-cc1xx:36193/], count 0
[rosout][INFO] 2019-11-07 02:48:38,383: Spawn status: SpawnModel: Successfully spawned entity
[rospy.core][INFO] 2019-11-07 02:48:38,383: signal_shutdown [atexit]
[rospy.internal][INFO] 2019-11-07 02:48:38,386: topic[/rosout] removing connection to /rosout
[rospy.internal][INFO] 2019-11-07 02:48:38,386: topic[/clock] removing connection to http://itachi-HP-Pavilion-Laptop-15-cc1xx:36193/
[rospy.impl.masterslave][INFO] 2019-11-07 02:48:38,386: atexit
[rospy.client][INFO] 2019-11-07 02:49:33,590: init_node, name[/edrone/spawn_edrone], pid[18943]
[xmlrpc][INFO] 2019-11-07 02:49:33,590: XML-RPC server binding to 0.0.0.0:0
[xmlrpc][INFO] 2019-11-07 02:49:33,591: Started XML-RPC server [http://itachi-HP-Pavilion-Laptop-15-cc1xx:45739/]
[rospy.init][INFO] 2019-11-07 02:49:33,591: ROS Slave URI: [http://itachi-HP-Pavilion-Laptop-15-cc1xx:45739/]
[rospy.impl.masterslave][INFO] 2019-11-07 02:49:33,591: _ready: http://itachi-HP-Pavilion-Laptop-15-cc1xx:45739/
[rospy.registration][INFO] 2019-11-07 02:49:33,592: Registering with master node http://localhost:11311
[xmlrpc][INFO] 2019-11-07 02:49:33,592: xml rpc node: starting XML-RPC server
[rospy.init][INFO] 2019-11-07 02:49:33,691: registered with master
[rospy.rosout][INFO] 2019-11-07 02:49:33,692: initializing /rosout core topic
[rospy.rosout][INFO] 2019-11-07 02:49:33,695: connected to core topic /rosout
[rospy.simtime][INFO] 2019-11-07 02:49:33,696: initializing /clock core topic
[rospy.simtime][INFO] 2019-11-07 02:49:33,698: connected to core topic /clock
[rosout][INFO] 2019-11-07 02:49:33,701: Loading model XML from ros parameter
[rosout][INFO] 2019-11-07 02:49:33,704: Waiting for service /gazebo/spawn_urdf_model
[rospy.internal][INFO] 2019-11-07 02:49:33,896: topic[/rosout] adding connection to [/rosout], count 0
[rosout][INFO] 2019-11-07 02:49:34,010: Calling service /gazebo/spawn_urdf_model
[rospy.internal][INFO] 2019-11-07 02:49:34,025: topic[/clock] adding connection to [http://itachi-HP-Pavilion-Laptop-15-cc1xx:40613/], count 0
[rosout][INFO] 2019-11-07 02:49:34,430: Spawn status: SpawnModel: Successfully spawned entity
[rospy.core][INFO] 2019-11-07 02:49:34,431: signal_shutdown [atexit]
[rospy.internal][INFO] 2019-11-07 02:49:34,434: topic[/rosout] removing connection to /rosout
[rospy.internal][INFO] 2019-11-07 02:49:34,434: topic[/clock] removing connection to http://itachi-HP-Pavilion-Laptop-15-cc1xx:40613/
[rospy.impl.masterslave][INFO] 2019-11-07 02:49:34,434: atexit
[rospy.client][INFO] 2019-11-07 05:02:29,889: init_node, name[/edrone/spawn_edrone], pid[22497]
[xmlrpc][INFO] 2019-11-07 05:02:29,889: XML-RPC server binding to 0.0.0.0:0
[xmlrpc][INFO] 2019-11-07 05:02:29,889: Started XML-RPC server [http://itachi-HP-Pavilion-Laptop-15-cc1xx:41985/]
[rospy.init][INFO] 2019-11-07 05:02:29,889: ROS Slave URI: [http://itachi-HP-Pavilion-Laptop-15-cc1xx:41985/]
[rospy.impl.masterslave][INFO] 2019-11-07 05:02:29,890: _ready: http://itachi-HP-Pavilion-Laptop-15-cc1xx:41985/
[rospy.registration][INFO] 2019-11-07 05:02:29,890: Registering with master node http://localhost:11311
[xmlrpc][INFO] 2019-11-07 05:02:29,890: xml rpc node: starting XML-RPC server
[rospy.init][INFO] 2019-11-07 05:02:29,990: registered with master
[rospy.rosout][INFO] 2019-11-07 05:02:29,990: initializing /rosout core topic
[rospy.rosout][INFO] 2019-11-07 05:02:29,992: connected to core topic /rosout
[rospy.simtime][INFO] 2019-11-07 05:02:29,993: initializing /clock core topic
[rospy.simtime][INFO] 2019-11-07 05:02:29,995: connected to core topic /clock
[rosout][INFO] 2019-11-07 05:02:29,998: Loading model XML from ros parameter
[rosout][INFO] 2019-11-07 05:02:30,002: Waiting for service /gazebo/spawn_urdf_model
[rospy.internal][INFO] 2019-11-07 05:02:30,210: topic[/rosout] adding connection to [/rosout], count 0
[rospy.internal][INFO] 2019-11-07 05:02:30,521: topic[/clock] adding connection to [http://itachi-HP-Pavilion-Laptop-15-cc1xx:44105/], count 0
[rosout][INFO] 2019-11-07 05:02:30,606: Calling service /gazebo/spawn_urdf_model
[rosout][INFO] 2019-11-07 05:02:30,859: Spawn status: SpawnModel: Successfully spawned entity
[rospy.core][INFO] 2019-11-07 05:02:30,859: signal_shutdown [atexit]
[rospy.internal][INFO] 2019-11-07 05:02:30,863: topic[/rosout] removing connection to /rosout
[rospy.internal][INFO] 2019-11-07 05:02:30,863: topic[/clock] removing connection to http://itachi-HP-Pavilion-Laptop-15-cc1xx:44105/
[rospy.impl.masterslave][INFO] 2019-11-07 05:02:30,863: atexit
[rospy.internal][WARNING] 2019-11-07 05:02:30,864: Unknown error initiating TCP/IP socket to itachi-HP-Pavilion-Laptop-15-cc1xx:41181 (http://itachi-HP-Pavilion-Laptop-15-cc1xx:44105/): Traceback (most recent call last):
  File "/opt/ros/kinetic/lib/python2.7/dist-packages/rospy/impl/tcpros_base.py", line 558, in connect
    self.local_endpoint = self.socket.getsockname()
AttributeError: 'NoneType' object has no attribute 'getsockname'

