[rosmaster.main][INFO] 2020-01-30 15:42:07,822: initialization complete, waiting for shutdown
[rosmaster.main][INFO] 2020-01-30 15:42:07,822: Starting ROS Master Node
[xmlrpc][INFO] 2020-01-30 15:42:07,823: XML-RPC server binding to 0.0.0.0:11311
[xmlrpc][INFO] 2020-01-30 15:42:07,823: Started XML-RPC server [http://itachi-HP-Pavilion-Laptop-15-cc1xx:11311/]
[xmlrpc][INFO] 2020-01-30 15:42:07,823: xml rpc node: starting XML-RPC server
[rosmaster.master][INFO] 2020-01-30 15:42:07,823: Master initialized: port[11311], uri[http://itachi-HP-Pavilion-Laptop-15-cc1xx:11311/]
[rosmaster.master][INFO] 2020-01-30 15:42:07,883: +PARAM [/run_id] by /roslaunch
[rosmaster.master][INFO] 2020-01-30 15:42:07,885: +PARAM [/roslaunch/uris/host_itachi_hp_pavilion_laptop_15_cc1xx__33747] by /roslaunch
[rosmaster.master][INFO] 2020-01-30 15:42:07,985: +PARAM [/usb_cam/image_width] by /roslaunch
[rosmaster.master][INFO] 2020-01-30 15:42:07,985: +PARAM [/usb_cam/video_device] by /roslaunch
[rosmaster.master][INFO] 2020-01-30 15:42:07,985: +PARAM [/rosdistro] by /roslaunch
[rosmaster.master][INFO] 2020-01-30 15:42:07,985: +PARAM [/whycon/targets] by /roslaunch
[rosmaster.master][INFO] 2020-01-30 15:42:07,985: +PARAM [/usb_cam/pixel_format] by /roslaunch
[rosmaster.master][INFO] 2020-01-30 15:42:07,985: +PARAM [/usb_cam/io_method] by /roslaunch
[rosmaster.master][INFO] 2020-01-30 15:42:07,985: +PARAM [/usb_cam/camera_frame_id] by /roslaunch
[rosmaster.master][INFO] 2020-01-30 15:42:07,985: +PARAM [/rosversion] by /roslaunch
[rosmaster.master][INFO] 2020-01-30 15:42:07,985: +PARAM [/whycon/outer_diameter] by /roslaunch
[rosmaster.master][INFO] 2020-01-30 15:42:07,985: +PARAM [/usb_cam/image_height] by /roslaunch
[rosmaster.master][INFO] 2020-01-30 15:42:07,985: +PARAM [/whycon/name] by /roslaunch
[rosmaster.master][INFO] 2020-01-30 15:42:07,985: +PARAM [/whycon/inner_diameter] by /roslaunch
[rosmaster.master][INFO] 2020-01-30 15:42:07,987: +SERVICE [/rosout/get_loggers] /rosout http://itachi-HP-Pavilion-Laptop-15-cc1xx:42509/
[rosmaster.master][INFO] 2020-01-30 15:42:07,988: +SERVICE [/rosout/set_logger_level] /rosout http://itachi-HP-Pavilion-Laptop-15-cc1xx:42509/
[rosmaster.master][INFO] 2020-01-30 15:42:07,989: +PUB [/rosout_agg] /rosout http://itachi-HP-Pavilion-Laptop-15-cc1xx:42509/
[rosmaster.master][INFO] 2020-01-30 15:42:07,992: +SUB [/rosout] /rosout http://itachi-HP-Pavilion-Laptop-15-cc1xx:42509/
[rosmaster.master][INFO] 2020-01-30 15:42:08,008: +PUB [/rosout] /usb_cam http://itachi-HP-Pavilion-Laptop-15-cc1xx:41077/
[rosmaster.master][INFO] 2020-01-30 15:42:08,009: +SERVICE [/usb_cam/get_loggers] /usb_cam http://itachi-HP-Pavilion-Laptop-15-cc1xx:41077/
[rosmaster.master][INFO] 2020-01-30 15:42:08,010: +SERVICE [/usb_cam/set_logger_level] /usb_cam http://itachi-HP-Pavilion-Laptop-15-cc1xx:41077/
[rosmaster.master][INFO] 2020-01-30 15:42:08,021: +PUB [/rosout] /usb_cam/image_proc http://itachi-HP-Pavilion-Laptop-15-cc1xx:40859/
[rosmaster.master][INFO] 2020-01-30 15:42:08,022: +SERVICE [/usb_cam/image_proc/get_loggers] /usb_cam/image_proc http://itachi-HP-Pavilion-Laptop-15-cc1xx:40859/
[rosmaster.master][INFO] 2020-01-30 15:42:08,023: +SERVICE [/usb_cam/image_proc/set_logger_level] /usb_cam/image_proc http://itachi-HP-Pavilion-Laptop-15-cc1xx:40859/
[rosmaster.master][INFO] 2020-01-30 15:42:08,023: publisherUpdate[/rosout] -> http://itachi-HP-Pavilion-Laptop-15-cc1xx:42509/ ['http://itachi-HP-Pavilion-Laptop-15-cc1xx:41077/']
[rosmaster.master][INFO] 2020-01-30 15:42:08,025: publisherUpdate[/rosout] -> http://itachi-HP-Pavilion-Laptop-15-cc1xx:42509/ ['http://itachi-HP-Pavilion-Laptop-15-cc1xx:41077/']: sec=0.00, result=[1, '', 0]
[rosmaster.master][INFO] 2020-01-30 15:42:08,025: publisherUpdate[/rosout] -> http://itachi-HP-Pavilion-Laptop-15-cc1xx:42509/ ['http://itachi-HP-Pavilion-Laptop-15-cc1xx:41077/', 'http://itachi-HP-Pavilion-Laptop-15-cc1xx:40859/']
[rosmaster.master][INFO] 2020-01-30 15:42:08,026: publisherUpdate[/rosout] -> http://itachi-HP-Pavilion-Laptop-15-cc1xx:42509/ ['http://itachi-HP-Pavilion-Laptop-15-cc1xx:41077/', 'http://itachi-HP-Pavilion-Laptop-15-cc1xx:40859/']: sec=0.00, result=[1, '', 0]
[rosmaster.master][INFO] 2020-01-30 15:42:08,030: +PUB [/rosout] /whycon http://itachi-HP-Pavilion-Laptop-15-cc1xx:38561/
[rosmaster.master][INFO] 2020-01-30 15:42:08,030: +SERVICE [/whycon/get_loggers] /whycon http://itachi-HP-Pavilion-Laptop-15-cc1xx:38561/
[rosmaster.master][INFO] 2020-01-30 15:42:08,031: +SERVICE [/whycon/set_logger_level] /whycon http://itachi-HP-Pavilion-Laptop-15-cc1xx:38561/
[rosmaster.master][INFO] 2020-01-30 15:42:08,034: +PUB [/rosout] /whycon_display/image_view http://itachi-HP-Pavilion-Laptop-15-cc1xx:33455/
[rosmaster.master][INFO] 2020-01-30 15:42:08,035: +SERVICE [/whycon_display/image_view/get_loggers] /whycon_display/image_view http://itachi-HP-Pavilion-Laptop-15-cc1xx:33455/
[rosmaster.master][INFO] 2020-01-30 15:42:08,036: +SERVICE [/whycon_display/image_view/set_logger_level] /whycon_display/image_view http://itachi-HP-Pavilion-Laptop-15-cc1xx:33455/
[rosmaster.master][INFO] 2020-01-30 15:42:08,049: +PUB [/usb_cam/image_raw/compressedDepth] /usb_cam http://itachi-HP-Pavilion-Laptop-15-cc1xx:41077/
[rosmaster.master][INFO] 2020-01-30 15:42:08,050: +SERVICE [/usb_cam/image_raw/compressedDepth/set_parameters] /usb_cam http://itachi-HP-Pavilion-Laptop-15-cc1xx:41077/
[rosmaster.master][INFO] 2020-01-30 15:42:08,051: +PUB [/usb_cam/image_raw/compressedDepth/parameter_descriptions] /usb_cam http://itachi-HP-Pavilion-Laptop-15-cc1xx:41077/
[rosmaster.master][INFO] 2020-01-30 15:42:08,051: +PUB [/usb_cam/image_raw/compressedDepth/parameter_updates] /usb_cam http://itachi-HP-Pavilion-Laptop-15-cc1xx:41077/
[rosmaster.master][INFO] 2020-01-30 15:42:08,054: +PARAM [/usb_cam/image_raw/compressedDepth/depth_max] by /usb_cam
[rosmaster.master][INFO] 2020-01-30 15:42:08,055: +PARAM [/usb_cam/image_raw/compressedDepth/depth_quantization] by /usb_cam
[rosmaster.master][INFO] 2020-01-30 15:42:08,055: +PARAM [/usb_cam/image_raw/compressedDepth/png_level] by /usb_cam
[rosmaster.master][INFO] 2020-01-30 15:42:08,056: +PARAM [/usb_cam/image_raw/compressedDepth/depth_max] by /usb_cam
[rosmaster.master][INFO] 2020-01-30 15:42:08,057: +PARAM [/usb_cam/image_raw/compressedDepth/depth_quantization] by /usb_cam
[rosmaster.master][INFO] 2020-01-30 15:42:08,057: +PARAM [/usb_cam/image_raw/compressedDepth/png_level] by /usb_cam
[rosmaster.master][INFO] 2020-01-30 15:42:08,058: +SERVICE [/usb_cam/image_proc_debayer/set_parameters] /usb_cam/image_proc http://itachi-HP-Pavilion-Laptop-15-cc1xx:40859/
[rosmaster.master][INFO] 2020-01-30 15:42:08,059: +PUB [/usb_cam/image_raw/compressed] /usb_cam http://itachi-HP-Pavilion-Laptop-15-cc1xx:41077/
[rosmaster.master][INFO] 2020-01-30 15:42:08,059: +PUB [/usb_cam/image_proc_debayer/parameter_descriptions] /usb_cam/image_proc http://itachi-HP-Pavilion-Laptop-15-cc1xx:40859/
[rosmaster.master][INFO] 2020-01-30 15:42:08,060: +SERVICE [/usb_cam/image_raw/compressed/set_parameters] /usb_cam http://itachi-HP-Pavilion-Laptop-15-cc1xx:41077/
[rosmaster.master][INFO] 2020-01-30 15:42:08,061: +PUB [/usb_cam/image_proc_debayer/parameter_updates] /usb_cam/image_proc http://itachi-HP-Pavilion-Laptop-15-cc1xx:40859/
[rosmaster.master][INFO] 2020-01-30 15:42:08,061: +PUB [/usb_cam/image_raw/compressed/parameter_descriptions] /usb_cam http://itachi-HP-Pavilion-Laptop-15-cc1xx:41077/
[rosmaster.master][INFO] 2020-01-30 15:42:08,062: +PUB [/usb_cam/image_raw/compressed/parameter_updates] /usb_cam http://itachi-HP-Pavilion-Laptop-15-cc1xx:41077/
[rosmaster.master][INFO] 2020-01-30 15:42:08,063: +PARAM [/usb_cam/image_proc_debayer/debayer] by /usb_cam/image_proc
[rosmaster.master][INFO] 2020-01-30 15:42:08,064: +PARAM [/usb_cam/image_proc_debayer/debayer] by /usb_cam/image_proc
[rosmaster.master][INFO] 2020-01-30 15:42:08,067: +PUB [/usb_cam/image_mono/compressedDepth] /usb_cam/image_proc http://itachi-HP-Pavilion-Laptop-15-cc1xx:40859/
[rosmaster.master][INFO] 2020-01-30 15:42:08,067: +PARAM [/usb_cam/image_raw/compressed/format] by /usb_cam
[rosmaster.master][INFO] 2020-01-30 15:42:08,068: +SERVICE [/usb_cam/image_mono/compressedDepth/set_parameters] /usb_cam/image_proc http://itachi-HP-Pavilion-Laptop-15-cc1xx:40859/
[rosmaster.master][INFO] 2020-01-30 15:42:08,069: +PARAM [/usb_cam/image_raw/compressed/jpeg_quality] by /usb_cam
[rosmaster.master][INFO] 2020-01-30 15:42:08,070: +PUB [/usb_cam/image_mono/compressedDepth/parameter_descriptions] /usb_cam/image_proc http://itachi-HP-Pavilion-Laptop-15-cc1xx:40859/
[rosmaster.master][INFO] 2020-01-30 15:42:08,071: +PARAM [/usb_cam/image_raw/compressed/png_level] by /usb_cam
[rosmaster.master][INFO] 2020-01-30 15:42:08,072: +PUB [/usb_cam/image_mono/compressedDepth/parameter_updates] /usb_cam/image_proc http://itachi-HP-Pavilion-Laptop-15-cc1xx:40859/
[rosmaster.master][INFO] 2020-01-30 15:42:08,072: +PARAM [/usb_cam/image_raw/compressed/format] by /usb_cam
[rosmaster.master][INFO] 2020-01-30 15:42:08,074: +PARAM [/usb_cam/image_raw/compressed/jpeg_quality] by /usb_cam
[rosmaster.master][INFO] 2020-01-30 15:42:08,075: +PARAM [/usb_cam/image_raw/compressed/png_level] by /usb_cam
[rosmaster.master][INFO] 2020-01-30 15:42:08,077: +PUB [/usb_cam/image_raw] /usb_cam http://itachi-HP-Pavilion-Laptop-15-cc1xx:41077/
[rosmaster.master][INFO] 2020-01-30 15:42:08,079: +PARAM [/usb_cam/image_mono/compressedDepth/depth_max] by /usb_cam/image_proc
[rosmaster.master][INFO] 2020-01-30 15:42:08,080: +PUB [/usb_cam/image_raw/theora] /usb_cam http://itachi-HP-Pavilion-Laptop-15-cc1xx:41077/
[rosmaster.master][INFO] 2020-01-30 15:42:08,081: +PARAM [/usb_cam/image_mono/compressedDepth/depth_quantization] by /usb_cam/image_proc
[rosmaster.master][INFO] 2020-01-30 15:42:08,083: +SERVICE [/usb_cam/image_raw/theora/set_parameters] /usb_cam http://itachi-HP-Pavilion-Laptop-15-cc1xx:41077/
[rosmaster.master][INFO] 2020-01-30 15:42:08,084: +PARAM [/usb_cam/image_mono/compressedDepth/png_level] by /usb_cam/image_proc
[rosmaster.master][INFO] 2020-01-30 15:42:08,084: +PUB [/usb_cam/image_raw/theora/parameter_descriptions] /usb_cam http://itachi-HP-Pavilion-Laptop-15-cc1xx:41077/
[rosmaster.master][INFO] 2020-01-30 15:42:08,085: +PARAM [/usb_cam/image_mono/compressedDepth/depth_max] by /usb_cam/image_proc
[rosmaster.master][INFO] 2020-01-30 15:42:08,086: +PUB [/usb_cam/image_raw/theora/parameter_updates] /usb_cam http://itachi-HP-Pavilion-Laptop-15-cc1xx:41077/
[rosmaster.master][INFO] 2020-01-30 15:42:08,087: +PARAM [/usb_cam/image_mono/compressedDepth/depth_quantization] by /usb_cam/image_proc
[rosmaster.master][INFO] 2020-01-30 15:42:08,089: +PARAM [/usb_cam/image_mono/compressedDepth/png_level] by /usb_cam/image_proc
[rosmaster.master][INFO] 2020-01-30 15:42:08,091: +PUB [/usb_cam/image_mono/compressed] /usb_cam/image_proc http://itachi-HP-Pavilion-Laptop-15-cc1xx:40859/
[rosmaster.master][INFO] 2020-01-30 15:42:08,093: +PUB [/tf] /whycon http://itachi-HP-Pavilion-Laptop-15-cc1xx:38561/
[rosmaster.master][INFO] 2020-01-30 15:42:08,094: +SERVICE [/usb_cam/image_mono/compressed/set_parameters] /usb_cam/image_proc http://itachi-HP-Pavilion-Laptop-15-cc1xx:40859/
[rosmaster.master][INFO] 2020-01-30 15:42:08,094: +PARAM [/usb_cam/image_raw/theora/optimize_for] by /usb_cam
[rosmaster.master][INFO] 2020-01-30 15:42:08,095: +PUB [/usb_cam/image_mono/compressed/parameter_descriptions] /usb_cam/image_proc http://itachi-HP-Pavilion-Laptop-15-cc1xx:40859/
[rosmaster.master][INFO] 2020-01-30 15:42:08,096: +PARAM [/usb_cam/image_raw/theora/target_bitrate] by /usb_cam
[rosmaster.master][INFO] 2020-01-30 15:42:08,097: +PUB [/usb_cam/image_mono/compressed/parameter_updates] /usb_cam/image_proc http://itachi-HP-Pavilion-Laptop-15-cc1xx:40859/
[rosmaster.master][INFO] 2020-01-30 15:42:08,098: +PARAM [/usb_cam/image_raw/theora/quality] by /usb_cam
[rosmaster.master][INFO] 2020-01-30 15:42:08,099: +PARAM [/usb_cam/image_raw/theora/keyframe_frequency] by /usb_cam
[rosmaster.master][INFO] 2020-01-30 15:42:08,101: +PARAM [/usb_cam/image_raw/theora/optimize_for] by /usb_cam
[rosmaster.master][INFO] 2020-01-30 15:42:08,103: +PARAM [/usb_cam/image_mono/compressed/format] by /usb_cam/image_proc
[rosmaster.master][INFO] 2020-01-30 15:42:08,105: +PARAM [/usb_cam/image_raw/theora/target_bitrate] by /usb_cam
[rosmaster.master][INFO] 2020-01-30 15:42:08,105: +SUB [/usb_cam/image_rect_color] /whycon http://itachi-HP-Pavilion-Laptop-15-cc1xx:38561/
[rosmaster.master][INFO] 2020-01-30 15:42:08,106: +PARAM [/usb_cam/image_mono/compressed/jpeg_quality] by /usb_cam/image_proc
[rosmaster.master][INFO] 2020-01-30 15:42:08,107: +PARAM [/usb_cam/image_raw/theora/quality] by /usb_cam
[rosmaster.master][INFO] 2020-01-30 15:42:08,108: +PARAM [/usb_cam/image_mono/compressed/png_level] by /usb_cam/image_proc
[rosmaster.master][INFO] 2020-01-30 15:42:08,108: +PARAM [/usb_cam/image_raw/theora/keyframe_frequency] by /usb_cam
[rosmaster.master][INFO] 2020-01-30 15:42:08,110: +PARAM [/usb_cam/image_mono/compressed/format] by /usb_cam/image_proc
[rosmaster.master][INFO] 2020-01-30 15:42:08,110: +PUB [/usb_cam/camera_info] /usb_cam http://itachi-HP-Pavilion-Laptop-15-cc1xx:41077/
[rosmaster.master][INFO] 2020-01-30 15:42:08,111: +PARAM [/usb_cam/image_mono/compressed/jpeg_quality] by /usb_cam/image_proc
[rosmaster.master][INFO] 2020-01-30 15:42:08,114: +PARAM [/usb_cam/image_mono/compressed/png_level] by /usb_cam/image_proc
[rosmaster.master][INFO] 2020-01-30 15:42:08,115: +SUB [/usb_cam/camera_info] /whycon http://itachi-HP-Pavilion-Laptop-15-cc1xx:38561/
[rosmaster.master][INFO] 2020-01-30 15:42:08,116: +PUB [/usb_cam/image_mono] /usb_cam/image_proc http://itachi-HP-Pavilion-Laptop-15-cc1xx:40859/
[rosmaster.master][INFO] 2020-01-30 15:42:08,117: +PUB [/whycon/image_out] /whycon http://itachi-HP-Pavilion-Laptop-15-cc1xx:38561/
[rosmaster.master][INFO] 2020-01-30 15:42:08,119: +PUB [/whycon/poses] /whycon http://itachi-HP-Pavilion-Laptop-15-cc1xx:38561/
[rosmaster.master][INFO] 2020-01-30 15:42:08,120: +PUB [/usb_cam/image_mono/theora] /usb_cam/image_proc http://itachi-HP-Pavilion-Laptop-15-cc1xx:40859/
[rosmaster.master][INFO] 2020-01-30 15:42:08,122: +PUB [/whycon/context] /whycon http://itachi-HP-Pavilion-Laptop-15-cc1xx:38561/
[rosmaster.master][INFO] 2020-01-30 15:42:08,123: publisherUpdate[/rosout] -> http://itachi-HP-Pavilion-Laptop-15-cc1xx:42509/ ['http://itachi-HP-Pavilion-Laptop-15-cc1xx:41077/', 'http://itachi-HP-Pavilion-Laptop-15-cc1xx:40859/', 'http://itachi-HP-Pavilion-Laptop-15-cc1xx:38561/']
[rosmaster.master][INFO] 2020-01-30 15:42:08,124: +SERVICE [/usb_cam/image_mono/theora/set_parameters] /usb_cam/image_proc http://itachi-HP-Pavilion-Laptop-15-cc1xx:40859/
[rosmaster.master][INFO] 2020-01-30 15:42:08,125: publisherUpdate[/rosout] -> http://itachi-HP-Pavilion-Laptop-15-cc1xx:42509/ ['http://itachi-HP-Pavilion-Laptop-15-cc1xx:41077/', 'http://itachi-HP-Pavilion-Laptop-15-cc1xx:40859/', 'http://itachi-HP-Pavilion-Laptop-15-cc1xx:38561/']: sec=0.00, result=[1, '', 0]
[rosmaster.master][INFO] 2020-01-30 15:42:08,125: publisherUpdate[/rosout] -> http://itachi-HP-Pavilion-Laptop-15-cc1xx:42509/ ['http://itachi-HP-Pavilion-Laptop-15-cc1xx:41077/', 'http://itachi-HP-Pavilion-Laptop-15-cc1xx:40859/', 'http://itachi-HP-Pavilion-Laptop-15-cc1xx:38561/', 'http://itachi-HP-Pavilion-Laptop-15-cc1xx:33455/']
[rosmaster.master][INFO] 2020-01-30 15:42:08,126: +PUB [/whycon/projection] /whycon http://itachi-HP-Pavilion-Laptop-15-cc1xx:38561/
[rosmaster.master][INFO] 2020-01-30 15:42:08,126: publisherUpdate[/rosout] -> http://itachi-HP-Pavilion-Laptop-15-cc1xx:42509/ ['http://itachi-HP-Pavilion-Laptop-15-cc1xx:41077/', 'http://itachi-HP-Pavilion-Laptop-15-cc1xx:40859/', 'http://itachi-HP-Pavilion-Laptop-15-cc1xx:38561/', 'http://itachi-HP-Pavilion-Laptop-15-cc1xx:33455/']: sec=0.00, result=[1, '', 0]
[rosmaster.master][INFO] 2020-01-30 15:42:08,127: +PUB [/usb_cam/image_mono/theora/parameter_descriptions] /usb_cam/image_proc http://itachi-HP-Pavilion-Laptop-15-cc1xx:40859/
[rosmaster.master][INFO] 2020-01-30 15:42:08,128: +SERVICE [/whycon/reset] /whycon http://itachi-HP-Pavilion-Laptop-15-cc1xx:38561/
[rosmaster.master][INFO] 2020-01-30 15:42:08,130: +PUB [/usb_cam/image_mono/theora/parameter_updates] /usb_cam/image_proc http://itachi-HP-Pavilion-Laptop-15-cc1xx:40859/
[rosmaster.master][INFO] 2020-01-30 15:42:08,134: +PARAM [/usb_cam/image_mono/theora/optimize_for] by /usb_cam/image_proc
[rosmaster.master][INFO] 2020-01-30 15:42:08,135: +PARAM [/usb_cam/image_mono/theora/target_bitrate] by /usb_cam/image_proc
[rosmaster.master][INFO] 2020-01-30 15:42:08,136: +PARAM [/usb_cam/image_mono/theora/quality] by /usb_cam/image_proc
[rosmaster.master][INFO] 2020-01-30 15:42:08,137: +PARAM [/usb_cam/image_mono/theora/keyframe_frequency] by /usb_cam/image_proc
[rosmaster.master][INFO] 2020-01-30 15:42:08,138: +PARAM [/usb_cam/image_mono/theora/optimize_for] by /usb_cam/image_proc
[rosmaster.master][INFO] 2020-01-30 15:42:08,139: +PARAM [/usb_cam/image_mono/theora/target_bitrate] by /usb_cam/image_proc
[rosmaster.master][INFO] 2020-01-30 15:42:08,140: +PARAM [/usb_cam/image_mono/theora/quality] by /usb_cam/image_proc
[rosmaster.master][INFO] 2020-01-30 15:42:08,141: +PARAM [/usb_cam/image_mono/theora/keyframe_frequency] by /usb_cam/image_proc
[rosmaster.master][INFO] 2020-01-30 15:42:08,143: +PUB [/usb_cam/image_color/compressedDepth] /usb_cam/image_proc http://itachi-HP-Pavilion-Laptop-15-cc1xx:40859/
[rosmaster.master][INFO] 2020-01-30 15:42:08,144: +SERVICE [/usb_cam/image_color/compressedDepth/set_parameters] /usb_cam/image_proc http://itachi-HP-Pavilion-Laptop-15-cc1xx:40859/
[rosmaster.master][INFO] 2020-01-30 15:42:08,145: +SERVICE [/usb_cam/set_camera_info] /usb_cam http://itachi-HP-Pavilion-Laptop-15-cc1xx:41077/
[rosmaster.master][INFO] 2020-01-30 15:42:08,145: +PUB [/usb_cam/image_color/compressedDepth/parameter_descriptions] /usb_cam/image_proc http://itachi-HP-Pavilion-Laptop-15-cc1xx:40859/
[rosmaster.master][INFO] 2020-01-30 15:42:08,146: +SERVICE [/usb_cam/start_capture] /usb_cam http://itachi-HP-Pavilion-Laptop-15-cc1xx:41077/
[rosmaster.master][INFO] 2020-01-30 15:42:08,147: +PUB [/usb_cam/image_color/compressedDepth/parameter_updates] /usb_cam/image_proc http://itachi-HP-Pavilion-Laptop-15-cc1xx:40859/
[rosmaster.master][INFO] 2020-01-30 15:42:08,147: +SERVICE [/usb_cam/stop_capture] /usb_cam http://itachi-HP-Pavilion-Laptop-15-cc1xx:41077/
[rosmaster.master][INFO] 2020-01-30 15:42:08,149: +PARAM [/usb_cam/image_color/compressedDepth/depth_max] by /usb_cam/image_proc
[rosmaster.master][INFO] 2020-01-30 15:42:08,150: +PARAM [/usb_cam/image_color/compressedDepth/depth_quantization] by /usb_cam/image_proc
[rosmaster.master][INFO] 2020-01-30 15:42:08,151: +PARAM [/usb_cam/image_color/compressedDepth/png_level] by /usb_cam/image_proc
[rosmaster.master][INFO] 2020-01-30 15:42:08,151: +PARAM [/usb_cam/image_color/compressedDepth/depth_max] by /usb_cam/image_proc
[rosmaster.master][INFO] 2020-01-30 15:42:08,152: +PARAM [/usb_cam/image_color/compressedDepth/depth_quantization] by /usb_cam/image_proc
[rosmaster.master][INFO] 2020-01-30 15:42:08,153: +PARAM [/usb_cam/image_color/compressedDepth/png_level] by /usb_cam/image_proc
[rosmaster.master][INFO] 2020-01-30 15:42:08,153: +PUB [/usb_cam/image_color/compressed] /usb_cam/image_proc http://itachi-HP-Pavilion-Laptop-15-cc1xx:40859/
[rosmaster.master][INFO] 2020-01-30 15:42:08,154: +SERVICE [/usb_cam/image_color/compressed/set_parameters] /usb_cam/image_proc http://itachi-HP-Pavilion-Laptop-15-cc1xx:40859/
[rosmaster.master][INFO] 2020-01-30 15:42:08,155: +PUB [/usb_cam/image_color/compressed/parameter_descriptions] /usb_cam/image_proc http://itachi-HP-Pavilion-Laptop-15-cc1xx:40859/
[rosmaster.master][INFO] 2020-01-30 15:42:08,156: +PUB [/usb_cam/image_color/compressed/parameter_updates] /usb_cam/image_proc http://itachi-HP-Pavilion-Laptop-15-cc1xx:40859/
[rosmaster.master][INFO] 2020-01-30 15:42:08,159: +PARAM [/usb_cam/image_color/compressed/format] by /usb_cam/image_proc
[rosmaster.master][INFO] 2020-01-30 15:42:08,160: +PARAM [/usb_cam/image_color/compressed/jpeg_quality] by /usb_cam/image_proc
[rosmaster.master][INFO] 2020-01-30 15:42:08,162: +PARAM [/usb_cam/image_color/compressed/png_level] by /usb_cam/image_proc
[rosmaster.master][INFO] 2020-01-30 15:42:08,165: +PARAM [/usb_cam/image_color/compressed/format] by /usb_cam/image_proc
[rosmaster.master][INFO] 2020-01-30 15:42:08,166: +PARAM [/usb_cam/image_color/compressed/jpeg_quality] by /usb_cam/image_proc
[rosmaster.master][INFO] 2020-01-30 15:42:08,167: +PARAM [/usb_cam/image_color/compressed/png_level] by /usb_cam/image_proc
[rosmaster.master][INFO] 2020-01-30 15:42:08,168: +PUB [/usb_cam/image_color] /usb_cam/image_proc http://itachi-HP-Pavilion-Laptop-15-cc1xx:40859/
[rosmaster.master][INFO] 2020-01-30 15:42:08,171: +PUB [/usb_cam/image_color/theora] /usb_cam/image_proc http://itachi-HP-Pavilion-Laptop-15-cc1xx:40859/
[rosmaster.master][INFO] 2020-01-30 15:42:08,173: +SERVICE [/usb_cam/image_color/theora/set_parameters] /usb_cam/image_proc http://itachi-HP-Pavilion-Laptop-15-cc1xx:40859/
[rosmaster.master][INFO] 2020-01-30 15:42:08,174: +PUB [/usb_cam/image_color/theora/parameter_descriptions] /usb_cam/image_proc http://itachi-HP-Pavilion-Laptop-15-cc1xx:40859/
[rosmaster.master][INFO] 2020-01-30 15:42:08,175: +PUB [/usb_cam/image_color/theora/parameter_updates] /usb_cam/image_proc http://itachi-HP-Pavilion-Laptop-15-cc1xx:40859/
[rosmaster.master][INFO] 2020-01-30 15:42:08,179: +PARAM [/usb_cam/image_color/theora/optimize_for] by /usb_cam/image_proc
[rosmaster.master][INFO] 2020-01-30 15:42:08,180: +PARAM [/usb_cam/image_color/theora/target_bitrate] by /usb_cam/image_proc
[rosmaster.master][INFO] 2020-01-30 15:42:08,181: +PARAM [/usb_cam/image_color/theora/quality] by /usb_cam/image_proc
[rosmaster.master][INFO] 2020-01-30 15:42:08,181: +PARAM [/usb_cam/image_color/theora/keyframe_frequency] by /usb_cam/image_proc
[rosmaster.master][INFO] 2020-01-30 15:42:08,182: +PARAM [/usb_cam/image_color/theora/optimize_for] by /usb_cam/image_proc
[rosmaster.master][INFO] 2020-01-30 15:42:08,183: +PARAM [/usb_cam/image_color/theora/target_bitrate] by /usb_cam/image_proc
[rosmaster.master][INFO] 2020-01-30 15:42:08,184: +PARAM [/usb_cam/image_color/theora/quality] by /usb_cam/image_proc
[rosmaster.master][INFO] 2020-01-30 15:42:08,185: +PARAM [/usb_cam/image_color/theora/keyframe_frequency] by /usb_cam/image_proc
[rosmaster.master][INFO] 2020-01-30 15:42:08,188: +SERVICE [/usb_cam/image_proc_rectify_mono/set_parameters] /usb_cam/image_proc http://itachi-HP-Pavilion-Laptop-15-cc1xx:40859/
[rosmaster.master][INFO] 2020-01-30 15:42:08,191: +PUB [/usb_cam/image_proc_rectify_mono/parameter_descriptions] /usb_cam/image_proc http://itachi-HP-Pavilion-Laptop-15-cc1xx:40859/
[rosmaster.master][INFO] 2020-01-30 15:42:08,192: +PUB [/usb_cam/image_proc_rectify_mono/parameter_updates] /usb_cam/image_proc http://itachi-HP-Pavilion-Laptop-15-cc1xx:40859/
[rosmaster.master][INFO] 2020-01-30 15:42:08,193: +PARAM [/usb_cam/image_proc_rectify_mono/interpolation] by /usb_cam/image_proc
[rosmaster.master][INFO] 2020-01-30 15:42:08,194: +PARAM [/usb_cam/image_proc_rectify_mono/interpolation] by /usb_cam/image_proc
[rosmaster.master][INFO] 2020-01-30 15:42:08,195: +PUB [/usb_cam/image_rect/compressedDepth] /usb_cam/image_proc http://itachi-HP-Pavilion-Laptop-15-cc1xx:40859/
[rosmaster.master][INFO] 2020-01-30 15:42:08,196: +SERVICE [/usb_cam/image_rect/compressedDepth/set_parameters] /usb_cam/image_proc http://itachi-HP-Pavilion-Laptop-15-cc1xx:40859/
[rosmaster.master][INFO] 2020-01-30 15:42:08,196: +PUB [/usb_cam/image_rect/compressedDepth/parameter_descriptions] /usb_cam/image_proc http://itachi-HP-Pavilion-Laptop-15-cc1xx:40859/
[rosmaster.master][INFO] 2020-01-30 15:42:08,197: +PUB [/usb_cam/image_rect/compressedDepth/parameter_updates] /usb_cam/image_proc http://itachi-HP-Pavilion-Laptop-15-cc1xx:40859/
[rosmaster.master][INFO] 2020-01-30 15:42:08,199: +PARAM [/usb_cam/image_rect/compressedDepth/depth_max] by /usb_cam/image_proc
[rosmaster.master][INFO] 2020-01-30 15:42:08,199: +PARAM [/usb_cam/image_rect/compressedDepth/depth_quantization] by /usb_cam/image_proc
[rosmaster.master][INFO] 2020-01-30 15:42:08,200: +PARAM [/usb_cam/image_rect/compressedDepth/png_level] by /usb_cam/image_proc
[rosmaster.master][INFO] 2020-01-30 15:42:08,201: +PARAM [/usb_cam/image_rect/compressedDepth/depth_max] by /usb_cam/image_proc
[rosmaster.master][INFO] 2020-01-30 15:42:08,201: +PARAM [/usb_cam/image_rect/compressedDepth/depth_quantization] by /usb_cam/image_proc
[rosmaster.master][INFO] 2020-01-30 15:42:08,202: +PARAM [/usb_cam/image_rect/compressedDepth/png_level] by /usb_cam/image_proc
[rosmaster.master][INFO] 2020-01-30 15:42:08,202: +PUB [/usb_cam/image_rect/compressed] /usb_cam/image_proc http://itachi-HP-Pavilion-Laptop-15-cc1xx:40859/
[rosmaster.master][INFO] 2020-01-30 15:42:08,203: +SERVICE [/usb_cam/image_rect/compressed/set_parameters] /usb_cam/image_proc http://itachi-HP-Pavilion-Laptop-15-cc1xx:40859/
[rosmaster.master][INFO] 2020-01-30 15:42:08,204: +PUB [/usb_cam/image_rect/compressed/parameter_descriptions] /usb_cam/image_proc http://itachi-HP-Pavilion-Laptop-15-cc1xx:40859/
[rosmaster.master][INFO] 2020-01-30 15:42:08,205: +PUB [/usb_cam/image_rect/compressed/parameter_updates] /usb_cam/image_proc http://itachi-HP-Pavilion-Laptop-15-cc1xx:40859/
[rosmaster.master][INFO] 2020-01-30 15:42:08,210: +PARAM [/usb_cam/image_rect/compressed/format] by /usb_cam/image_proc
[rosmaster.master][INFO] 2020-01-30 15:42:08,211: +PARAM [/usb_cam/image_rect/compressed/jpeg_quality] by /usb_cam/image_proc
[rosmaster.master][INFO] 2020-01-30 15:42:08,212: +PARAM [/usb_cam/image_rect/compressed/png_level] by /usb_cam/image_proc
[rosmaster.master][INFO] 2020-01-30 15:42:08,213: +PARAM [/usb_cam/image_rect/compressed/format] by /usb_cam/image_proc
[rosmaster.master][INFO] 2020-01-30 15:42:08,215: +PARAM [/usb_cam/image_rect/compressed/jpeg_quality] by /usb_cam/image_proc
[rosmaster.master][INFO] 2020-01-30 15:42:08,215: +SUB [/whycon/image_out] /whycon_display/image_view http://itachi-HP-Pavilion-Laptop-15-cc1xx:33455/
[rosmaster.master][INFO] 2020-01-30 15:42:08,216: +PARAM [/usb_cam/image_rect/compressed/png_level] by /usb_cam/image_proc
[rosmaster.master][INFO] 2020-01-30 15:42:08,216: +PUB [/whycon_display/image_view/output] /whycon_display/image_view http://itachi-HP-Pavilion-Laptop-15-cc1xx:33455/
[rosmaster.master][INFO] 2020-01-30 15:42:08,217: +PUB [/usb_cam/image_rect] /usb_cam/image_proc http://itachi-HP-Pavilion-Laptop-15-cc1xx:40859/
[rosmaster.master][INFO] 2020-01-30 15:42:08,218: +SERVICE [/whycon_display/image_view/set_parameters] /whycon_display/image_view http://itachi-HP-Pavilion-Laptop-15-cc1xx:33455/
[rosmaster.master][INFO] 2020-01-30 15:42:08,218: +PUB [/usb_cam/image_rect/theora] /usb_cam/image_proc http://itachi-HP-Pavilion-Laptop-15-cc1xx:40859/
[rosmaster.master][INFO] 2020-01-30 15:42:08,219: +PUB [/whycon_display/image_view/parameter_descriptions] /whycon_display/image_view http://itachi-HP-Pavilion-Laptop-15-cc1xx:33455/
[rosmaster.master][INFO] 2020-01-30 15:42:08,219: +SERVICE [/usb_cam/image_rect/theora/set_parameters] /usb_cam/image_proc http://itachi-HP-Pavilion-Laptop-15-cc1xx:40859/
[rosmaster.master][INFO] 2020-01-30 15:42:08,220: +PUB [/whycon_display/image_view/parameter_updates] /whycon_display/image_view http://itachi-HP-Pavilion-Laptop-15-cc1xx:33455/
[rosmaster.master][INFO] 2020-01-30 15:42:08,221: +PUB [/usb_cam/image_rect/theora/parameter_descriptions] /usb_cam/image_proc http://itachi-HP-Pavilion-Laptop-15-cc1xx:40859/
[rosmaster.master][INFO] 2020-01-30 15:42:08,223: +PUB [/usb_cam/image_rect/theora/parameter_updates] /usb_cam/image_proc http://itachi-HP-Pavilion-Laptop-15-cc1xx:40859/
[rosmaster.master][INFO] 2020-01-30 15:42:08,226: +PARAM [/whycon_display/image_view/do_dynamic_scaling] by /whycon_display/image_view
[rosmaster.master][INFO] 2020-01-30 15:42:08,227: +PARAM [/whycon_display/image_view/colormap] by /whycon_display/image_view
[rosmaster.master][INFO] 2020-01-30 15:42:08,228: +PARAM [/whycon_display/image_view/min_image_value] by /whycon_display/image_view
[rosmaster.master][INFO] 2020-01-30 15:42:08,229: +PARAM [/whycon_display/image_view/max_image_value] by /whycon_display/image_view
[rosmaster.master][INFO] 2020-01-30 15:42:08,229: +PARAM [/usb_cam/image_rect/theora/optimize_for] by /usb_cam/image_proc
[rosmaster.master][INFO] 2020-01-30 15:42:08,230: +PARAM [/whycon_display/image_view/do_dynamic_scaling] by /whycon_display/image_view
[rosmaster.master][INFO] 2020-01-30 15:42:08,230: +PARAM [/usb_cam/image_rect/theora/target_bitrate] by /usb_cam/image_proc
[rosmaster.master][INFO] 2020-01-30 15:42:08,231: +PARAM [/whycon_display/image_view/colormap] by /whycon_display/image_view
[rosmaster.master][INFO] 2020-01-30 15:42:08,231: +PARAM [/usb_cam/image_rect/theora/quality] by /usb_cam/image_proc
[rosmaster.master][INFO] 2020-01-30 15:42:08,232: +PARAM [/whycon_display/image_view/min_image_value] by /whycon_display/image_view
[rosmaster.master][INFO] 2020-01-30 15:42:08,232: +PARAM [/usb_cam/image_rect/theora/keyframe_frequency] by /usb_cam/image_proc
[rosmaster.master][INFO] 2020-01-30 15:42:08,233: +PARAM [/whycon_display/image_view/max_image_value] by /whycon_display/image_view
[rosmaster.master][INFO] 2020-01-30 15:42:08,233: +PARAM [/usb_cam/image_rect/theora/optimize_for] by /usb_cam/image_proc
[rosmaster.master][INFO] 2020-01-30 15:42:08,234: +PARAM [/usb_cam/image_rect/theora/target_bitrate] by /usb_cam/image_proc
[rosmaster.master][INFO] 2020-01-30 15:42:08,234: +PARAM [/usb_cam/image_rect/theora/quality] by /usb_cam/image_proc
[rosmaster.master][INFO] 2020-01-30 15:42:08,235: +PARAM [/usb_cam/image_rect/theora/keyframe_frequency] by /usb_cam/image_proc
[rosmaster.master][INFO] 2020-01-30 15:42:08,237: +SERVICE [/usb_cam/image_proc_rectify_color/set_parameters] /usb_cam/image_proc http://itachi-HP-Pavilion-Laptop-15-cc1xx:40859/
[rosmaster.master][INFO] 2020-01-30 15:42:08,237: +PUB [/usb_cam/image_proc_rectify_color/parameter_descriptions] /usb_cam/image_proc http://itachi-HP-Pavilion-Laptop-15-cc1xx:40859/
[rosmaster.master][INFO] 2020-01-30 15:42:08,239: +PUB [/usb_cam/image_proc_rectify_color/parameter_updates] /usb_cam/image_proc http://itachi-HP-Pavilion-Laptop-15-cc1xx:40859/
[rosmaster.master][INFO] 2020-01-30 15:42:08,241: +PARAM [/usb_cam/image_proc_rectify_color/interpolation] by /usb_cam/image_proc
[rosmaster.master][INFO] 2020-01-30 15:42:08,241: +PARAM [/usb_cam/image_proc_rectify_color/interpolation] by /usb_cam/image_proc
[rosmaster.master][INFO] 2020-01-30 15:42:08,243: +PUB [/usb_cam/image_rect_color/compressedDepth] /usb_cam/image_proc http://itachi-HP-Pavilion-Laptop-15-cc1xx:40859/
[rosmaster.master][INFO] 2020-01-30 15:42:08,243: +SERVICE [/usb_cam/image_rect_color/compressedDepth/set_parameters] /usb_cam/image_proc http://itachi-HP-Pavilion-Laptop-15-cc1xx:40859/
[rosmaster.master][INFO] 2020-01-30 15:42:08,244: +PUB [/usb_cam/image_rect_color/compressedDepth/parameter_descriptions] /usb_cam/image_proc http://itachi-HP-Pavilion-Laptop-15-cc1xx:40859/
[rosmaster.master][INFO] 2020-01-30 15:42:08,245: +PUB [/usb_cam/image_rect_color/compressedDepth/parameter_updates] /usb_cam/image_proc http://itachi-HP-Pavilion-Laptop-15-cc1xx:40859/
[rosmaster.master][INFO] 2020-01-30 15:42:08,247: +PARAM [/usb_cam/image_rect_color/compressedDepth/depth_max] by /usb_cam/image_proc
[rosmaster.master][INFO] 2020-01-30 15:42:08,247: +PARAM [/usb_cam/image_rect_color/compressedDepth/depth_quantization] by /usb_cam/image_proc
[rosmaster.master][INFO] 2020-01-30 15:42:08,248: +PARAM [/usb_cam/image_rect_color/compressedDepth/png_level] by /usb_cam/image_proc
[rosmaster.master][INFO] 2020-01-30 15:42:08,249: +PARAM [/usb_cam/image_rect_color/compressedDepth/depth_max] by /usb_cam/image_proc
[rosmaster.master][INFO] 2020-01-30 15:42:08,249: +PARAM [/usb_cam/image_rect_color/compressedDepth/depth_quantization] by /usb_cam/image_proc
[rosmaster.master][INFO] 2020-01-30 15:42:08,250: +PARAM [/usb_cam/image_rect_color/compressedDepth/png_level] by /usb_cam/image_proc
[rosmaster.master][INFO] 2020-01-30 15:42:08,251: +PUB [/usb_cam/image_rect_color/compressed] /usb_cam/image_proc http://itachi-HP-Pavilion-Laptop-15-cc1xx:40859/
[rosmaster.master][INFO] 2020-01-30 15:42:08,252: +SERVICE [/usb_cam/image_rect_color/compressed/set_parameters] /usb_cam/image_proc http://itachi-HP-Pavilion-Laptop-15-cc1xx:40859/
[rosmaster.master][INFO] 2020-01-30 15:42:08,252: +PUB [/usb_cam/image_rect_color/compressed/parameter_descriptions] /usb_cam/image_proc http://itachi-HP-Pavilion-Laptop-15-cc1xx:40859/
[rosmaster.master][INFO] 2020-01-30 15:42:08,253: +PUB [/usb_cam/image_rect_color/compressed/parameter_updates] /usb_cam/image_proc http://itachi-HP-Pavilion-Laptop-15-cc1xx:40859/
[rosmaster.master][INFO] 2020-01-30 15:42:08,257: +PARAM [/usb_cam/image_rect_color/compressed/format] by /usb_cam/image_proc
[rosmaster.master][INFO] 2020-01-30 15:42:08,257: +PARAM [/usb_cam/image_rect_color/compressed/jpeg_quality] by /usb_cam/image_proc
[rosmaster.master][INFO] 2020-01-30 15:42:08,258: +PARAM [/usb_cam/image_rect_color/compressed/png_level] by /usb_cam/image_proc
[rosmaster.master][INFO] 2020-01-30 15:42:08,259: +PARAM [/usb_cam/image_rect_color/compressed/format] by /usb_cam/image_proc
[rosmaster.master][INFO] 2020-01-30 15:42:08,259: +PARAM [/usb_cam/image_rect_color/compressed/jpeg_quality] by /usb_cam/image_proc
[rosmaster.master][INFO] 2020-01-30 15:42:08,260: +PARAM [/usb_cam/image_rect_color/compressed/png_level] by /usb_cam/image_proc
[rosmaster.master][INFO] 2020-01-30 15:42:08,261: +PUB [/usb_cam/image_rect_color] /usb_cam/image_proc http://itachi-HP-Pavilion-Laptop-15-cc1xx:40859/
[rosmaster.master][INFO] 2020-01-30 15:42:08,261: +PUB [/usb_cam/image_rect_color/theora] /usb_cam/image_proc http://itachi-HP-Pavilion-Laptop-15-cc1xx:40859/
[rosmaster.master][INFO] 2020-01-30 15:42:08,262: +SERVICE [/usb_cam/image_rect_color/theora/set_parameters] /usb_cam/image_proc http://itachi-HP-Pavilion-Laptop-15-cc1xx:40859/
[rosmaster.master][INFO] 2020-01-30 15:42:08,263: +PUB [/usb_cam/image_rect_color/theora/parameter_descriptions] /usb_cam/image_proc http://itachi-HP-Pavilion-Laptop-15-cc1xx:40859/
[rosmaster.master][INFO] 2020-01-30 15:42:08,263: +PUB [/usb_cam/image_rect_color/theora/parameter_updates] /usb_cam/image_proc http://itachi-HP-Pavilion-Laptop-15-cc1xx:40859/
[rosmaster.master][INFO] 2020-01-30 15:42:08,266: +PARAM [/usb_cam/image_rect_color/theora/optimize_for] by /usb_cam/image_proc
[rosmaster.master][INFO] 2020-01-30 15:42:08,267: +PARAM [/usb_cam/image_rect_color/theora/target_bitrate] by /usb_cam/image_proc
[rosmaster.master][INFO] 2020-01-30 15:42:08,267: +PARAM [/usb_cam/image_rect_color/theora/quality] by /usb_cam/image_proc
[rosmaster.master][INFO] 2020-01-30 15:42:08,268: +PARAM [/usb_cam/image_rect_color/theora/keyframe_frequency] by /usb_cam/image_proc
[rosmaster.master][INFO] 2020-01-30 15:42:08,269: +PARAM [/usb_cam/image_rect_color/theora/optimize_for] by /usb_cam/image_proc
[rosmaster.master][INFO] 2020-01-30 15:42:08,269: +PARAM [/usb_cam/image_rect_color/theora/target_bitrate] by /usb_cam/image_proc
[rosmaster.master][INFO] 2020-01-30 15:42:08,270: +PARAM [/usb_cam/image_rect_color/theora/quality] by /usb_cam/image_proc
[rosmaster.master][INFO] 2020-01-30 15:42:08,270: +PARAM [/usb_cam/image_rect_color/theora/keyframe_frequency] by /usb_cam/image_proc
[rosmaster.master][INFO] 2020-01-30 15:42:08,325: publisherUpdate[/usb_cam/image_rect_color] -> http://itachi-HP-Pavilion-Laptop-15-cc1xx:38561/ ['http://itachi-HP-Pavilion-Laptop-15-cc1xx:40859/']
[rosmaster.master][INFO] 2020-01-30 15:42:08,328: publisherUpdate[/usb_cam/image_rect_color] -> http://itachi-HP-Pavilion-Laptop-15-cc1xx:38561/ ['http://itachi-HP-Pavilion-Laptop-15-cc1xx:40859/']: sec=0.00, result=[1, '', 0]
[rosmaster.master][INFO] 2020-01-30 15:42:08,543: +SUB [/usb_cam/image_color] /usb_cam/image_proc http://itachi-HP-Pavilion-Laptop-15-cc1xx:40859/
[rosmaster.master][INFO] 2020-01-30 15:42:08,555: +SUB [/usb_cam/camera_info] /usb_cam/image_proc http://itachi-HP-Pavilion-Laptop-15-cc1xx:40859/
[rosmaster.master][INFO] 2020-01-30 15:42:08,565: +SUB [/usb_cam/image_raw] /usb_cam/image_proc http://itachi-HP-Pavilion-Laptop-15-cc1xx:40859/
[rosmaster.master][INFO] 2020-01-30 15:42:13,822: -SERVICE [/usb_cam/get_loggers] /usb_cam rosrpc://itachi-HP-Pavilion-Laptop-15-cc1xx:43553
[rosmaster.master][INFO] 2020-01-30 15:42:13,824: -SERVICE [/usb_cam/set_logger_level] /usb_cam rosrpc://itachi-HP-Pavilion-Laptop-15-cc1xx:43553
[rosmaster.master][INFO] 2020-01-30 15:42:13,827: -SERVICE [/usb_cam/image_raw/compressedDepth/set_parameters] /usb_cam rosrpc://itachi-HP-Pavilion-Laptop-15-cc1xx:43553
[rosmaster.master][INFO] 2020-01-30 15:42:13,829: -SERVICE [/usb_cam/image_raw/compressed/set_parameters] /usb_cam rosrpc://itachi-HP-Pavilion-Laptop-15-cc1xx:43553
[rosmaster.master][INFO] 2020-01-30 15:42:13,832: -SERVICE [/usb_cam/image_raw/theora/set_parameters] /usb_cam rosrpc://itachi-HP-Pavilion-Laptop-15-cc1xx:43553
[rosmaster.master][INFO] 2020-01-30 15:42:13,835: -SERVICE [/usb_cam/set_camera_info] /usb_cam rosrpc://itachi-HP-Pavilion-Laptop-15-cc1xx:43553
[rosmaster.master][INFO] 2020-01-30 15:42:13,838: -SERVICE [/usb_cam/start_capture] /usb_cam rosrpc://itachi-HP-Pavilion-Laptop-15-cc1xx:43553
[rosmaster.master][INFO] 2020-01-30 15:42:13,840: -SERVICE [/usb_cam/stop_capture] /usb_cam rosrpc://itachi-HP-Pavilion-Laptop-15-cc1xx:43553
[rosmaster.master][INFO] 2020-01-30 15:42:13,945: -PUB [/rosout] /usb_cam http://itachi-HP-Pavilion-Laptop-15-cc1xx:41077/
[rosmaster.master][INFO] 2020-01-30 15:42:13,948: -PUB [/usb_cam/image_raw/compressedDepth] /usb_cam http://itachi-HP-Pavilion-Laptop-15-cc1xx:41077/
[rosmaster.master][INFO] 2020-01-30 15:42:13,951: -PUB [/usb_cam/image_raw/compressedDepth/parameter_descriptions] /usb_cam http://itachi-HP-Pavilion-Laptop-15-cc1xx:41077/
[rosmaster.master][INFO] 2020-01-30 15:42:13,954: -PUB [/usb_cam/image_raw/compressedDepth/parameter_updates] /usb_cam http://itachi-HP-Pavilion-Laptop-15-cc1xx:41077/
[rosmaster.master][INFO] 2020-01-30 15:42:13,956: -PUB [/usb_cam/image_raw/compressed] /usb_cam http://itachi-HP-Pavilion-Laptop-15-cc1xx:41077/
[rosmaster.master][INFO] 2020-01-30 15:42:13,958: -PUB [/usb_cam/image_raw/compressed/parameter_descriptions] /usb_cam http://itachi-HP-Pavilion-Laptop-15-cc1xx:41077/
[rosmaster.master][INFO] 2020-01-30 15:42:13,961: -PUB [/usb_cam/image_raw/compressed/parameter_updates] /usb_cam http://itachi-HP-Pavilion-Laptop-15-cc1xx:41077/
[rosmaster.master][INFO] 2020-01-30 15:42:13,963: -PUB [/usb_cam/image_raw] /usb_cam http://itachi-HP-Pavilion-Laptop-15-cc1xx:41077/
[rosmaster.master][INFO] 2020-01-30 15:42:13,966: -PUB [/usb_cam/image_raw/theora] /usb_cam http://itachi-HP-Pavilion-Laptop-15-cc1xx:41077/
[rosmaster.master][INFO] 2020-01-30 15:42:13,969: -PUB [/usb_cam/image_raw/theora/parameter_descriptions] /usb_cam http://itachi-HP-Pavilion-Laptop-15-cc1xx:41077/
[rosmaster.master][INFO] 2020-01-30 15:42:13,971: -PUB [/usb_cam/image_raw/theora/parameter_updates] /usb_cam http://itachi-HP-Pavilion-Laptop-15-cc1xx:41077/
[rosmaster.master][INFO] 2020-01-30 15:42:13,973: -PUB [/usb_cam/camera_info] /usb_cam http://itachi-HP-Pavilion-Laptop-15-cc1xx:41077/
[rosmaster.master][INFO] 2020-01-30 15:42:14,037: publisherUpdate[/rosout] -> http://itachi-HP-Pavilion-Laptop-15-cc1xx:42509/ ['http://itachi-HP-Pavilion-Laptop-15-cc1xx:40859/', 'http://itachi-HP-Pavilion-Laptop-15-cc1xx:38561/', 'http://itachi-HP-Pavilion-Laptop-15-cc1xx:33455/']
[rosmaster.master][INFO] 2020-01-30 15:42:14,039: publisherUpdate[/rosout] -> http://itachi-HP-Pavilion-Laptop-15-cc1xx:42509/ ['http://itachi-HP-Pavilion-Laptop-15-cc1xx:40859/', 'http://itachi-HP-Pavilion-Laptop-15-cc1xx:38561/', 'http://itachi-HP-Pavilion-Laptop-15-cc1xx:33455/']: sec=0.00, result=[1, '', 0]
[rosmaster.master][INFO] 2020-01-30 15:42:14,040: publisherUpdate[/usb_cam/image_raw] -> http://itachi-HP-Pavilion-Laptop-15-cc1xx:40859/ []
[rosmaster.master][INFO] 2020-01-30 15:42:14,041: publisherUpdate[/usb_cam/camera_info] -> http://itachi-HP-Pavilion-Laptop-15-cc1xx:38561/ []
[rosmaster.master][INFO] 2020-01-30 15:42:14,042: publisherUpdate[/usb_cam/camera_info] -> http://itachi-HP-Pavilion-Laptop-15-cc1xx:38561/ []: sec=0.00, result=[1, '', 0]
[rosmaster.master][INFO] 2020-01-30 15:42:14,044: publisherUpdate[/usb_cam/image_raw] -> http://itachi-HP-Pavilion-Laptop-15-cc1xx:40859/ []: sec=0.00, result=[1, '', 0]
[rosmaster.master][INFO] 2020-01-30 15:42:14,044: publisherUpdate[/usb_cam/camera_info] -> http://itachi-HP-Pavilion-Laptop-15-cc1xx:40859/ []
[rosmaster.master][INFO] 2020-01-30 15:42:14,046: publisherUpdate[/usb_cam/camera_info] -> http://itachi-HP-Pavilion-Laptop-15-cc1xx:40859/ []: sec=0.00, result=[1, '', 0]
[rosmaster.master][INFO] 2020-01-30 15:42:21,859: -PUB [/rosout] /whycon_display/image_view http://itachi-HP-Pavilion-Laptop-15-cc1xx:33455/
[rosmaster.master][INFO] 2020-01-30 15:42:21,860: -PUB [/whycon_display/image_view/output] /whycon_display/image_view http://itachi-HP-Pavilion-Laptop-15-cc1xx:33455/
[rosmaster.master][INFO] 2020-01-30 15:42:21,861: -PUB [/whycon_display/image_view/parameter_descriptions] /whycon_display/image_view http://itachi-HP-Pavilion-Laptop-15-cc1xx:33455/
[rosmaster.master][INFO] 2020-01-30 15:42:21,862: -PUB [/whycon_display/image_view/parameter_updates] /whycon_display/image_view http://itachi-HP-Pavilion-Laptop-15-cc1xx:33455/
[rosmaster.master][INFO] 2020-01-30 15:42:21,862: -PUB [/rosout] /whycon http://itachi-HP-Pavilion-Laptop-15-cc1xx:38561/
[rosmaster.master][INFO] 2020-01-30 15:42:21,863: -SUB [/whycon/image_out] /whycon_display/image_view http://itachi-HP-Pavilion-Laptop-15-cc1xx:33455/
[rosmaster.master][INFO] 2020-01-30 15:42:21,864: -PUB [/tf] /whycon http://itachi-HP-Pavilion-Laptop-15-cc1xx:38561/
[rosmaster.master][INFO] 2020-01-30 15:42:21,864: publisherUpdate[/rosout] -> http://itachi-HP-Pavilion-Laptop-15-cc1xx:42509/ ['http://itachi-HP-Pavilion-Laptop-15-cc1xx:40859/', 'http://itachi-HP-Pavilion-Laptop-15-cc1xx:38561/']
[rosmaster.master][INFO] 2020-01-30 15:42:21,864: -SERVICE [/whycon_display/image_view/get_loggers] /whycon_display/image_view rosrpc://itachi-HP-Pavilion-Laptop-15-cc1xx:55127
[rosmaster.master][INFO] 2020-01-30 15:42:21,865: publisherUpdate[/rosout] -> http://itachi-HP-Pavilion-Laptop-15-cc1xx:42509/ ['http://itachi-HP-Pavilion-Laptop-15-cc1xx:40859/', 'http://itachi-HP-Pavilion-Laptop-15-cc1xx:38561/']: sec=0.00, result=[1, '', 0]
[rosmaster.master][INFO] 2020-01-30 15:42:21,866: -PUB [/whycon/image_out] /whycon http://itachi-HP-Pavilion-Laptop-15-cc1xx:38561/
[rosmaster.master][INFO] 2020-01-30 15:42:21,866: publisherUpdate[/rosout] -> http://itachi-HP-Pavilion-Laptop-15-cc1xx:42509/ ['http://itachi-HP-Pavilion-Laptop-15-cc1xx:40859/']
[rosmaster.master][INFO] 2020-01-30 15:42:21,866: -PUB [/rosout] /usb_cam/image_proc http://itachi-HP-Pavilion-Laptop-15-cc1xx:40859/
[rosmaster.master][INFO] 2020-01-30 15:42:21,867: publisherUpdate[/rosout] -> http://itachi-HP-Pavilion-Laptop-15-cc1xx:42509/ ['http://itachi-HP-Pavilion-Laptop-15-cc1xx:40859/']: sec=0.00, result=[1, '', 0]
[rosmaster.master][INFO] 2020-01-30 15:42:21,868: -SERVICE [/whycon_display/image_view/set_logger_level] /whycon_display/image_view rosrpc://itachi-HP-Pavilion-Laptop-15-cc1xx:55127
[rosmaster.master][INFO] 2020-01-30 15:42:21,868: publisherUpdate[/rosout] -> http://itachi-HP-Pavilion-Laptop-15-cc1xx:42509/ []
[rosmaster.master][INFO] 2020-01-30 15:42:21,869: -PUB [/whycon/poses] /whycon http://itachi-HP-Pavilion-Laptop-15-cc1xx:38561/
[rosmaster.master][INFO] 2020-01-30 15:42:21,870: publisherUpdate[/rosout] -> http://itachi-HP-Pavilion-Laptop-15-cc1xx:42509/ []: sec=0.00, result=[1, '', 0]
[rosmaster.master][INFO] 2020-01-30 15:42:21,870: -PUB [/usb_cam/image_proc_debayer/parameter_descriptions] /usb_cam/image_proc http://itachi-HP-Pavilion-Laptop-15-cc1xx:40859/
[rosmaster.master][INFO] 2020-01-30 15:42:21,871: -SERVICE [/whycon_display/image_view/set_parameters] /whycon_display/image_view rosrpc://itachi-HP-Pavilion-Laptop-15-cc1xx:55127
[rosmaster.master][INFO] 2020-01-30 15:42:21,871: -PUB [/whycon/context] /whycon http://itachi-HP-Pavilion-Laptop-15-cc1xx:38561/
[rosmaster.master][INFO] 2020-01-30 15:42:21,872: -PUB [/usb_cam/image_proc_debayer/parameter_updates] /usb_cam/image_proc http://itachi-HP-Pavilion-Laptop-15-cc1xx:40859/
[rosmaster.master][INFO] 2020-01-30 15:42:21,873: -PUB [/whycon/projection] /whycon http://itachi-HP-Pavilion-Laptop-15-cc1xx:38561/
[rosmaster.master][INFO] 2020-01-30 15:42:21,873: -PUB [/usb_cam/image_mono/compressedDepth] /usb_cam/image_proc http://itachi-HP-Pavilion-Laptop-15-cc1xx:40859/
[rosmaster.master][INFO] 2020-01-30 15:42:21,874: -SUB [/usb_cam/image_rect_color] /whycon http://itachi-HP-Pavilion-Laptop-15-cc1xx:38561/
[rosmaster.master][INFO] 2020-01-30 15:42:21,875: -PUB [/usb_cam/image_mono/compressedDepth/parameter_descriptions] /usb_cam/image_proc http://itachi-HP-Pavilion-Laptop-15-cc1xx:40859/
[rosmaster.master][INFO] 2020-01-30 15:42:21,875: -SUB [/usb_cam/camera_info] /whycon http://itachi-HP-Pavilion-Laptop-15-cc1xx:38561/
[rosmaster.master][INFO] 2020-01-30 15:42:21,876: -PUB [/usb_cam/image_mono/compressedDepth/parameter_updates] /usb_cam/image_proc http://itachi-HP-Pavilion-Laptop-15-cc1xx:40859/
[rosmaster.master][INFO] 2020-01-30 15:42:21,877: -SERVICE [/whycon/get_loggers] /whycon rosrpc://itachi-HP-Pavilion-Laptop-15-cc1xx:33017
[rosmaster.master][INFO] 2020-01-30 15:42:21,877: -PUB [/usb_cam/image_mono/compressed] /usb_cam/image_proc http://itachi-HP-Pavilion-Laptop-15-cc1xx:40859/
[rosmaster.master][INFO] 2020-01-30 15:42:21,878: -SERVICE [/whycon/set_logger_level] /whycon rosrpc://itachi-HP-Pavilion-Laptop-15-cc1xx:33017
[rosmaster.master][INFO] 2020-01-30 15:42:21,879: -PUB [/usb_cam/image_mono/compressed/parameter_descriptions] /usb_cam/image_proc http://itachi-HP-Pavilion-Laptop-15-cc1xx:40859/
[rosmaster.master][INFO] 2020-01-30 15:42:21,879: -SERVICE [/whycon/reset] /whycon rosrpc://itachi-HP-Pavilion-Laptop-15-cc1xx:33017
[rosmaster.master][INFO] 2020-01-30 15:42:21,880: -PUB [/usb_cam/image_mono/compressed/parameter_updates] /usb_cam/image_proc http://itachi-HP-Pavilion-Laptop-15-cc1xx:40859/
[rosmaster.master][INFO] 2020-01-30 15:42:21,881: -PUB [/usb_cam/image_mono] /usb_cam/image_proc http://itachi-HP-Pavilion-Laptop-15-cc1xx:40859/
[rosmaster.master][INFO] 2020-01-30 15:42:21,881: -PUB [/usb_cam/image_mono/theora] /usb_cam/image_proc http://itachi-HP-Pavilion-Laptop-15-cc1xx:40859/
[rosmaster.master][INFO] 2020-01-30 15:42:21,882: -PUB [/usb_cam/image_mono/theora/parameter_descriptions] /usb_cam/image_proc http://itachi-HP-Pavilion-Laptop-15-cc1xx:40859/
[rosmaster.master][INFO] 2020-01-30 15:42:21,883: -PUB [/usb_cam/image_mono/theora/parameter_updates] /usb_cam/image_proc http://itachi-HP-Pavilion-Laptop-15-cc1xx:40859/
[rosmaster.master][INFO] 2020-01-30 15:42:21,883: -PUB [/usb_cam/image_color/compressedDepth] /usb_cam/image_proc http://itachi-HP-Pavilion-Laptop-15-cc1xx:40859/
[rosmaster.master][INFO] 2020-01-30 15:42:21,884: -PUB [/usb_cam/image_color/compressedDepth/parameter_descriptions] /usb_cam/image_proc http://itachi-HP-Pavilion-Laptop-15-cc1xx:40859/
[rosmaster.master][INFO] 2020-01-30 15:42:21,884: -PUB [/usb_cam/image_color/compressedDepth/parameter_updates] /usb_cam/image_proc http://itachi-HP-Pavilion-Laptop-15-cc1xx:40859/
[rosmaster.master][INFO] 2020-01-30 15:42:21,885: -PUB [/usb_cam/image_color/compressed] /usb_cam/image_proc http://itachi-HP-Pavilion-Laptop-15-cc1xx:40859/
[rosmaster.master][INFO] 2020-01-30 15:42:21,885: -PUB [/usb_cam/image_color/compressed/parameter_descriptions] /usb_cam/image_proc http://itachi-HP-Pavilion-Laptop-15-cc1xx:40859/
[rosmaster.master][INFO] 2020-01-30 15:42:21,886: -PUB [/usb_cam/image_color/compressed/parameter_updates] /usb_cam/image_proc http://itachi-HP-Pavilion-Laptop-15-cc1xx:40859/
[rosmaster.master][INFO] 2020-01-30 15:42:21,886: -PUB [/usb_cam/image_color] /usb_cam/image_proc http://itachi-HP-Pavilion-Laptop-15-cc1xx:40859/
[rosmaster.master][INFO] 2020-01-30 15:42:21,887: -PUB [/usb_cam/image_color/theora] /usb_cam/image_proc http://itachi-HP-Pavilion-Laptop-15-cc1xx:40859/
[rosmaster.master][INFO] 2020-01-30 15:42:21,888: -PUB [/usb_cam/image_color/theora/parameter_descriptions] /usb_cam/image_proc http://itachi-HP-Pavilion-Laptop-15-cc1xx:40859/
[rosmaster.master][INFO] 2020-01-30 15:42:21,888: -PUB [/usb_cam/image_color/theora/parameter_updates] /usb_cam/image_proc http://itachi-HP-Pavilion-Laptop-15-cc1xx:40859/
[rosmaster.master][INFO] 2020-01-30 15:42:21,889: -PUB [/usb_cam/image_proc_rectify_mono/parameter_descriptions] /usb_cam/image_proc http://itachi-HP-Pavilion-Laptop-15-cc1xx:40859/
[rosmaster.master][INFO] 2020-01-30 15:42:21,889: -PUB [/usb_cam/image_proc_rectify_mono/parameter_updates] /usb_cam/image_proc http://itachi-HP-Pavilion-Laptop-15-cc1xx:40859/
[rosmaster.master][INFO] 2020-01-30 15:42:21,890: -PUB [/usb_cam/image_rect/compressedDepth] /usb_cam/image_proc http://itachi-HP-Pavilion-Laptop-15-cc1xx:40859/
[rosmaster.master][INFO] 2020-01-30 15:42:21,891: -PUB [/usb_cam/image_rect/compressedDepth/parameter_descriptions] /usb_cam/image_proc http://itachi-HP-Pavilion-Laptop-15-cc1xx:40859/
[rosmaster.master][INFO] 2020-01-30 15:42:21,891: -PUB [/usb_cam/image_rect/compressedDepth/parameter_updates] /usb_cam/image_proc http://itachi-HP-Pavilion-Laptop-15-cc1xx:40859/
[rosmaster.master][INFO] 2020-01-30 15:42:21,892: -PUB [/usb_cam/image_rect/compressed] /usb_cam/image_proc http://itachi-HP-Pavilion-Laptop-15-cc1xx:40859/
[rosmaster.master][INFO] 2020-01-30 15:42:21,892: -PUB [/usb_cam/image_rect/compressed/parameter_descriptions] /usb_cam/image_proc http://itachi-HP-Pavilion-Laptop-15-cc1xx:40859/
[rosmaster.master][INFO] 2020-01-30 15:42:21,893: -PUB [/usb_cam/image_rect/compressed/parameter_updates] /usb_cam/image_proc http://itachi-HP-Pavilion-Laptop-15-cc1xx:40859/
[rosmaster.master][INFO] 2020-01-30 15:42:21,893: -PUB [/usb_cam/image_rect] /usb_cam/image_proc http://itachi-HP-Pavilion-Laptop-15-cc1xx:40859/
[rosmaster.master][INFO] 2020-01-30 15:42:21,894: -PUB [/usb_cam/image_rect/theora] /usb_cam/image_proc http://itachi-HP-Pavilion-Laptop-15-cc1xx:40859/
[rosmaster.master][INFO] 2020-01-30 15:42:21,894: -PUB [/usb_cam/image_rect/theora/parameter_descriptions] /usb_cam/image_proc http://itachi-HP-Pavilion-Laptop-15-cc1xx:40859/
[rosmaster.master][INFO] 2020-01-30 15:42:21,895: -PUB [/usb_cam/image_rect/theora/parameter_updates] /usb_cam/image_proc http://itachi-HP-Pavilion-Laptop-15-cc1xx:40859/
[rosmaster.master][INFO] 2020-01-30 15:42:21,895: -PUB [/usb_cam/image_proc_rectify_color/parameter_descriptions] /usb_cam/image_proc http://itachi-HP-Pavilion-Laptop-15-cc1xx:40859/
[rosmaster.master][INFO] 2020-01-30 15:42:21,896: -PUB [/usb_cam/image_proc_rectify_color/parameter_updates] /usb_cam/image_proc http://itachi-HP-Pavilion-Laptop-15-cc1xx:40859/
[rosmaster.master][INFO] 2020-01-30 15:42:21,897: -PUB [/usb_cam/image_rect_color/compressedDepth] /usb_cam/image_proc http://itachi-HP-Pavilion-Laptop-15-cc1xx:40859/
[rosmaster.master][INFO] 2020-01-30 15:42:21,897: -PUB [/usb_cam/image_rect_color/compressedDepth/parameter_descriptions] /usb_cam/image_proc http://itachi-HP-Pavilion-Laptop-15-cc1xx:40859/
[rosmaster.master][INFO] 2020-01-30 15:42:21,898: -PUB [/usb_cam/image_rect_color/compressedDepth/parameter_updates] /usb_cam/image_proc http://itachi-HP-Pavilion-Laptop-15-cc1xx:40859/
[rosmaster.master][INFO] 2020-01-30 15:42:21,898: -PUB [/usb_cam/image_rect_color/compressed] /usb_cam/image_proc http://itachi-HP-Pavilion-Laptop-15-cc1xx:40859/
[rosmaster.master][INFO] 2020-01-30 15:42:21,899: -PUB [/usb_cam/image_rect_color/compressed/parameter_descriptions] /usb_cam/image_proc http://itachi-HP-Pavilion-Laptop-15-cc1xx:40859/
[rosmaster.master][INFO] 2020-01-30 15:42:21,899: -PUB [/usb_cam/image_rect_color/compressed/parameter_updates] /usb_cam/image_proc http://itachi-HP-Pavilion-Laptop-15-cc1xx:40859/
[rosmaster.master][INFO] 2020-01-30 15:42:21,900: -PUB [/usb_cam/image_rect_color] /usb_cam/image_proc http://itachi-HP-Pavilion-Laptop-15-cc1xx:40859/
[rosmaster.master][INFO] 2020-01-30 15:42:21,900: -PUB [/usb_cam/image_rect_color/theora] /usb_cam/image_proc http://itachi-HP-Pavilion-Laptop-15-cc1xx:40859/
[rosmaster.master][INFO] 2020-01-30 15:42:21,901: -PUB [/usb_cam/image_rect_color/theora/parameter_descriptions] /usb_cam/image_proc http://itachi-HP-Pavilion-Laptop-15-cc1xx:40859/
[rosmaster.master][INFO] 2020-01-30 15:42:21,902: -PUB [/usb_cam/image_rect_color/theora/parameter_updates] /usb_cam/image_proc http://itachi-HP-Pavilion-Laptop-15-cc1xx:40859/
[rosmaster.master][INFO] 2020-01-30 15:42:21,902: -SUB [/usb_cam/image_color] /usb_cam/image_proc http://itachi-HP-Pavilion-Laptop-15-cc1xx:40859/
[rosmaster.master][INFO] 2020-01-30 15:42:21,903: -SUB [/usb_cam/camera_info] /usb_cam/image_proc http://itachi-HP-Pavilion-Laptop-15-cc1xx:40859/
[rosmaster.master][INFO] 2020-01-30 15:42:21,903: -SUB [/usb_cam/image_raw] /usb_cam/image_proc http://itachi-HP-Pavilion-Laptop-15-cc1xx:40859/
[rosmaster.master][INFO] 2020-01-30 15:42:21,904: -SERVICE [/usb_cam/image_proc/get_loggers] /usb_cam/image_proc rosrpc://itachi-HP-Pavilion-Laptop-15-cc1xx:60095
[rosmaster.master][INFO] 2020-01-30 15:42:21,905: -SERVICE [/usb_cam/image_proc/set_logger_level] /usb_cam/image_proc rosrpc://itachi-HP-Pavilion-Laptop-15-cc1xx:60095
[rosmaster.master][INFO] 2020-01-30 15:42:21,905: -SERVICE [/usb_cam/image_proc_debayer/set_parameters] /usb_cam/image_proc rosrpc://itachi-HP-Pavilion-Laptop-15-cc1xx:60095
[rosmaster.master][INFO] 2020-01-30 15:42:21,906: -SERVICE [/usb_cam/image_mono/compressedDepth/set_parameters] /usb_cam/image_proc rosrpc://itachi-HP-Pavilion-Laptop-15-cc1xx:60095
[rosmaster.master][INFO] 2020-01-30 15:42:21,906: -SERVICE [/usb_cam/image_mono/compressed/set_parameters] /usb_cam/image_proc rosrpc://itachi-HP-Pavilion-Laptop-15-cc1xx:60095
[rosmaster.master][INFO] 2020-01-30 15:42:21,907: -SERVICE [/usb_cam/image_mono/theora/set_parameters] /usb_cam/image_proc rosrpc://itachi-HP-Pavilion-Laptop-15-cc1xx:60095
[rosmaster.master][INFO] 2020-01-30 15:42:21,907: -SERVICE [/usb_cam/image_color/compressedDepth/set_parameters] /usb_cam/image_proc rosrpc://itachi-HP-Pavilion-Laptop-15-cc1xx:60095
[rosmaster.master][INFO] 2020-01-30 15:42:21,908: -SERVICE [/usb_cam/image_color/compressed/set_parameters] /usb_cam/image_proc rosrpc://itachi-HP-Pavilion-Laptop-15-cc1xx:60095
[rosmaster.master][INFO] 2020-01-30 15:42:21,908: -SERVICE [/usb_cam/image_color/theora/set_parameters] /usb_cam/image_proc rosrpc://itachi-HP-Pavilion-Laptop-15-cc1xx:60095
[rosmaster.master][INFO] 2020-01-30 15:42:21,909: -SERVICE [/usb_cam/image_proc_rectify_mono/set_parameters] /usb_cam/image_proc rosrpc://itachi-HP-Pavilion-Laptop-15-cc1xx:60095
[rosmaster.master][INFO] 2020-01-30 15:42:21,910: -SERVICE [/usb_cam/image_rect/compressedDepth/set_parameters] /usb_cam/image_proc rosrpc://itachi-HP-Pavilion-Laptop-15-cc1xx:60095
[rosmaster.master][INFO] 2020-01-30 15:42:21,910: -SERVICE [/usb_cam/image_rect/compressed/set_parameters] /usb_cam/image_proc rosrpc://itachi-HP-Pavilion-Laptop-15-cc1xx:60095
[rosmaster.master][INFO] 2020-01-30 15:42:21,911: -SERVICE [/usb_cam/image_rect/theora/set_parameters] /usb_cam/image_proc rosrpc://itachi-HP-Pavilion-Laptop-15-cc1xx:60095
[rosmaster.master][INFO] 2020-01-30 15:42:21,911: -SERVICE [/usb_cam/image_proc_rectify_color/set_parameters] /usb_cam/image_proc rosrpc://itachi-HP-Pavilion-Laptop-15-cc1xx:60095
[rosmaster.master][INFO] 2020-01-30 15:42:21,912: -SERVICE [/usb_cam/image_rect_color/compressedDepth/set_parameters] /usb_cam/image_proc rosrpc://itachi-HP-Pavilion-Laptop-15-cc1xx:60095
[rosmaster.master][INFO] 2020-01-30 15:42:21,912: -SERVICE [/usb_cam/image_rect_color/compressed/set_parameters] /usb_cam/image_proc rosrpc://itachi-HP-Pavilion-Laptop-15-cc1xx:60095
[rosmaster.master][INFO] 2020-01-30 15:42:21,913: -SERVICE [/usb_cam/image_rect_color/theora/set_parameters] /usb_cam/image_proc rosrpc://itachi-HP-Pavilion-Laptop-15-cc1xx:60095
[rosmaster.master][INFO] 2020-01-30 15:42:21,965: publisherUpdate[/usb_cam/image_color] -> http://itachi-HP-Pavilion-Laptop-15-cc1xx:40859/ []
[rosmaster.master][INFO] 2020-01-30 15:42:21,965: publisherUpdate[/usb_cam/image_color] -> http://itachi-HP-Pavilion-Laptop-15-cc1xx:40859/ []: sec=0.00, exception=<Fault -1: 'publisherUpdate: unknown method name'>
[rosmaster.threadpool][ERROR] 2020-01-30 15:42:21,966: Traceback (most recent call last):
  File "/opt/ros/kinetic/lib/python2.7/dist-packages/rosmaster/threadpool.py", line 218, in run
    result = cmd(*args)
  File "/opt/ros/kinetic/lib/python2.7/dist-packages/rosmaster/master_api.py", line 210, in publisher_update_task
    ret = xmlrpcapi(api).publisherUpdate('/master', topic, pub_uris)
  File "/usr/lib/python2.7/xmlrpclib.py", line 1243, in __call__
    return self.__send(self.__name, args)
  File "/usr/lib/python2.7/xmlrpclib.py", line 1602, in __request
    verbose=self.__verbose
  File "/usr/lib/python2.7/xmlrpclib.py", line 1283, in request
    return self.single_request(host, handler, request_body, verbose)
  File "/usr/lib/python2.7/xmlrpclib.py", line 1316, in single_request
    return self.parse_response(response)
  File "/usr/lib/python2.7/xmlrpclib.py", line 1493, in parse_response
    return u.close()
  File "/usr/lib/python2.7/xmlrpclib.py", line 800, in close
    raise Fault(**self._stack[0])
Fault: <Fault -1: 'publisherUpdate: unknown method name'>

[rosmaster.master][INFO] 2020-01-30 15:42:22,271: -PUB [/rosout_agg] /rosout http://itachi-HP-Pavilion-Laptop-15-cc1xx:42509/
[rosmaster.master][INFO] 2020-01-30 15:42:22,271: -SUB [/rosout] /rosout http://itachi-HP-Pavilion-Laptop-15-cc1xx:42509/
[rosmaster.master][INFO] 2020-01-30 15:42:22,272: -SERVICE [/rosout/get_loggers] /rosout rosrpc://itachi-HP-Pavilion-Laptop-15-cc1xx:39951
[rosmaster.master][INFO] 2020-01-30 15:42:22,272: -SERVICE [/rosout/set_logger_level] /rosout rosrpc://itachi-HP-Pavilion-Laptop-15-cc1xx:39951
[rosmaster.main][INFO] 2020-01-30 15:42:22,328: keyboard interrupt, will exit
[rosmaster.main][INFO] 2020-01-30 15:42:22,328: stopping master...
[rospy.core][INFO] 2020-01-30 15:42:22,328: signal_shutdown [atexit]
