[rosmaster.main][INFO] 2019-12-29 03:07:21,013: initialization complete, waiting for shutdown
[rosmaster.main][INFO] 2019-12-29 03:07:21,013: Starting ROS Master Node
[xmlrpc][INFO] 2019-12-29 03:07:21,014: XML-RPC server binding to 0.0.0.0:11311
[xmlrpc][INFO] 2019-12-29 03:07:21,014: Started XML-RPC server [http://itachi-HP-Pavilion-Laptop-15-cc1xx:11311/]
[xmlrpc][INFO] 2019-12-29 03:07:21,014: xml rpc node: starting XML-RPC server
[rosmaster.master][INFO] 2019-12-29 03:07:21,014: Master initialized: port[11311], uri[http://itachi-HP-Pavilion-Laptop-15-cc1xx:11311/]
[rosmaster.master][INFO] 2019-12-29 03:07:21,062: +PARAM [/run_id] by /roslaunch
[rosmaster.master][INFO] 2019-12-29 03:07:21,063: +PARAM [/roslaunch/uris/host_itachi_hp_pavilion_laptop_15_cc1xx__43739] by /roslaunch
[rosmaster.master][INFO] 2019-12-29 03:07:21,134: +PARAM [/rosversion] by /roslaunch
[rosmaster.master][INFO] 2019-12-29 03:07:21,134: +PARAM [/rosdistro] by /roslaunch
[rosmaster.master][INFO] 2019-12-29 03:07:21,139: +SERVICE [/rosout/get_loggers] /rosout http://itachi-HP-Pavilion-Laptop-15-cc1xx:44173/
[rosmaster.master][INFO] 2019-12-29 03:07:21,139: +SERVICE [/rosout/set_logger_level] /rosout http://itachi-HP-Pavilion-Laptop-15-cc1xx:44173/
[rosmaster.master][INFO] 2019-12-29 03:07:21,141: +PUB [/rosout_agg] /rosout http://itachi-HP-Pavilion-Laptop-15-cc1xx:44173/
[rosmaster.master][INFO] 2019-12-29 03:07:21,144: +SUB [/rosout] /rosout http://itachi-HP-Pavilion-Laptop-15-cc1xx:44173/
[rosmaster.master][INFO] 2019-12-29 03:07:22,866: +PARAM [/roslaunch/uris/host_itachi_hp_pavilion_laptop_15_cc1xx__38707] by /roslaunch
[rosmaster.master][INFO] 2019-12-29 03:07:22,868: +PARAM [/usb_cam/image_width] by /roslaunch
[rosmaster.master][INFO] 2019-12-29 03:07:22,868: +PARAM [/usb_cam/video_device] by /roslaunch
[rosmaster.master][INFO] 2019-12-29 03:07:22,868: +PARAM [/rosdistro] by /roslaunch
[rosmaster.master][INFO] 2019-12-29 03:07:22,868: +PARAM [/whycon/targets] by /roslaunch
[rosmaster.master][INFO] 2019-12-29 03:07:22,868: +PARAM [/usb_cam/pixel_format] by /roslaunch
[rosmaster.master][INFO] 2019-12-29 03:07:22,868: +PARAM [/usb_cam/io_method] by /roslaunch
[rosmaster.master][INFO] 2019-12-29 03:07:22,869: +PARAM [/usb_cam/camera_frame_id] by /roslaunch
[rosmaster.master][INFO] 2019-12-29 03:07:22,869: +PARAM [/rosversion] by /roslaunch
[rosmaster.master][INFO] 2019-12-29 03:07:22,869: +PARAM [/whycon/outer_diameter] by /roslaunch
[rosmaster.master][INFO] 2019-12-29 03:07:22,869: +PARAM [/usb_cam/image_height] by /roslaunch
[rosmaster.master][INFO] 2019-12-29 03:07:22,869: +PARAM [/whycon/name] by /roslaunch
[rosmaster.master][INFO] 2019-12-29 03:07:22,869: +PARAM [/whycon/inner_diameter] by /roslaunch
[rosmaster.master][INFO] 2019-12-29 03:07:22,955: +PUB [/rosout] /usb_cam http://itachi-HP-Pavilion-Laptop-15-cc1xx:46653/
[rosmaster.master][INFO] 2019-12-29 03:07:22,956: +SERVICE [/usb_cam/get_loggers] /usb_cam http://itachi-HP-Pavilion-Laptop-15-cc1xx:46653/
[rosmaster.master][INFO] 2019-12-29 03:07:22,957: +SERVICE [/usb_cam/set_logger_level] /usb_cam http://itachi-HP-Pavilion-Laptop-15-cc1xx:46653/
[rosmaster.master][INFO] 2019-12-29 03:07:22,965: +PUB [/rosout] /usb_cam/image_proc http://itachi-HP-Pavilion-Laptop-15-cc1xx:35003/
[rosmaster.master][INFO] 2019-12-29 03:07:22,966: +SERVICE [/usb_cam/image_proc/get_loggers] /usb_cam/image_proc http://itachi-HP-Pavilion-Laptop-15-cc1xx:35003/
[rosmaster.master][INFO] 2019-12-29 03:07:22,966: +SERVICE [/usb_cam/image_proc/set_logger_level] /usb_cam/image_proc http://itachi-HP-Pavilion-Laptop-15-cc1xx:35003/
[rosmaster.master][INFO] 2019-12-29 03:07:22,976: +PUB [/rosout] /whycon http://itachi-HP-Pavilion-Laptop-15-cc1xx:42317/
[rosmaster.master][INFO] 2019-12-29 03:07:22,977: +SERVICE [/whycon/get_loggers] /whycon http://itachi-HP-Pavilion-Laptop-15-cc1xx:42317/
[rosmaster.master][INFO] 2019-12-29 03:07:22,977: +SERVICE [/whycon/set_logger_level] /whycon http://itachi-HP-Pavilion-Laptop-15-cc1xx:42317/
[rosmaster.master][INFO] 2019-12-29 03:07:22,986: +PUB [/rosout] /whycon_display/image_view http://itachi-HP-Pavilion-Laptop-15-cc1xx:40543/
[rosmaster.master][INFO] 2019-12-29 03:07:22,987: +SERVICE [/whycon_display/image_view/get_loggers] /whycon_display/image_view http://itachi-HP-Pavilion-Laptop-15-cc1xx:40543/
[rosmaster.master][INFO] 2019-12-29 03:07:22,988: +SERVICE [/whycon_display/image_view/set_logger_level] /whycon_display/image_view http://itachi-HP-Pavilion-Laptop-15-cc1xx:40543/
[rosmaster.master][INFO] 2019-12-29 03:07:22,991: +PUB [/usb_cam/image_raw/compressedDepth] /usb_cam http://itachi-HP-Pavilion-Laptop-15-cc1xx:46653/
[rosmaster.master][INFO] 2019-12-29 03:07:22,992: +SERVICE [/usb_cam/image_raw/compressedDepth/set_parameters] /usb_cam http://itachi-HP-Pavilion-Laptop-15-cc1xx:46653/
[rosmaster.master][INFO] 2019-12-29 03:07:22,993: +PUB [/usb_cam/image_raw/compressedDepth/parameter_descriptions] /usb_cam http://itachi-HP-Pavilion-Laptop-15-cc1xx:46653/
[rosmaster.master][INFO] 2019-12-29 03:07:22,993: +PUB [/usb_cam/image_raw/compressedDepth/parameter_updates] /usb_cam http://itachi-HP-Pavilion-Laptop-15-cc1xx:46653/
[rosmaster.master][INFO] 2019-12-29 03:07:22,995: +SERVICE [/usb_cam/image_proc_debayer/set_parameters] /usb_cam/image_proc http://itachi-HP-Pavilion-Laptop-15-cc1xx:35003/
[rosmaster.master][INFO] 2019-12-29 03:07:22,996: +PARAM [/usb_cam/image_raw/compressedDepth/depth_max] by /usb_cam
[rosmaster.master][INFO] 2019-12-29 03:07:22,996: +PUB [/usb_cam/image_proc_debayer/parameter_descriptions] /usb_cam/image_proc http://itachi-HP-Pavilion-Laptop-15-cc1xx:35003/
[rosmaster.master][INFO] 2019-12-29 03:07:22,997: +PARAM [/usb_cam/image_raw/compressedDepth/depth_quantization] by /usb_cam
[rosmaster.master][INFO] 2019-12-29 03:07:22,997: +PUB [/usb_cam/image_proc_debayer/parameter_updates] /usb_cam/image_proc http://itachi-HP-Pavilion-Laptop-15-cc1xx:35003/
[rosmaster.master][INFO] 2019-12-29 03:07:22,998: +PARAM [/usb_cam/image_raw/compressedDepth/png_level] by /usb_cam
[rosmaster.master][INFO] 2019-12-29 03:07:22,999: +PARAM [/usb_cam/image_proc_debayer/debayer] by /usb_cam/image_proc
[rosmaster.master][INFO] 2019-12-29 03:07:23,000: +PARAM [/usb_cam/image_raw/compressedDepth/depth_max] by /usb_cam
[rosmaster.master][INFO] 2019-12-29 03:07:23,000: +PARAM [/usb_cam/image_proc_debayer/debayer] by /usb_cam/image_proc
[rosmaster.master][INFO] 2019-12-29 03:07:23,001: +PARAM [/usb_cam/image_raw/compressedDepth/depth_quantization] by /usb_cam
[rosmaster.master][INFO] 2019-12-29 03:07:23,002: +PARAM [/usb_cam/image_raw/compressedDepth/png_level] by /usb_cam
[rosmaster.master][INFO] 2019-12-29 03:07:23,003: +PUB [/usb_cam/image_mono/compressedDepth] /usb_cam/image_proc http://itachi-HP-Pavilion-Laptop-15-cc1xx:35003/
[rosmaster.master][INFO] 2019-12-29 03:07:23,003: +SERVICE [/usb_cam/image_mono/compressedDepth/set_parameters] /usb_cam/image_proc http://itachi-HP-Pavilion-Laptop-15-cc1xx:35003/
[rosmaster.master][INFO] 2019-12-29 03:07:23,004: +PUB [/usb_cam/image_raw/compressed] /usb_cam http://itachi-HP-Pavilion-Laptop-15-cc1xx:46653/
[rosmaster.master][INFO] 2019-12-29 03:07:23,005: +PUB [/usb_cam/image_mono/compressedDepth/parameter_descriptions] /usb_cam/image_proc http://itachi-HP-Pavilion-Laptop-15-cc1xx:35003/
[rosmaster.master][INFO] 2019-12-29 03:07:23,005: +SERVICE [/usb_cam/image_raw/compressed/set_parameters] /usb_cam http://itachi-HP-Pavilion-Laptop-15-cc1xx:46653/
[rosmaster.master][INFO] 2019-12-29 03:07:23,006: +PUB [/usb_cam/image_mono/compressedDepth/parameter_updates] /usb_cam/image_proc http://itachi-HP-Pavilion-Laptop-15-cc1xx:35003/
[rosmaster.master][INFO] 2019-12-29 03:07:23,006: +PUB [/usb_cam/image_raw/compressed/parameter_descriptions] /usb_cam http://itachi-HP-Pavilion-Laptop-15-cc1xx:46653/
[rosmaster.master][INFO] 2019-12-29 03:07:23,007: +PUB [/usb_cam/image_raw/compressed/parameter_updates] /usb_cam http://itachi-HP-Pavilion-Laptop-15-cc1xx:46653/
[rosmaster.master][INFO] 2019-12-29 03:07:23,009: +PARAM [/usb_cam/image_mono/compressedDepth/depth_max] by /usb_cam/image_proc
[rosmaster.master][INFO] 2019-12-29 03:07:23,010: +PARAM [/usb_cam/image_mono/compressedDepth/depth_quantization] by /usb_cam/image_proc
[rosmaster.master][INFO] 2019-12-29 03:07:23,011: +PARAM [/usb_cam/image_raw/compressed/format] by /usb_cam
[rosmaster.master][INFO] 2019-12-29 03:07:23,012: +PARAM [/usb_cam/image_mono/compressedDepth/png_level] by /usb_cam/image_proc
[rosmaster.master][INFO] 2019-12-29 03:07:23,012: +PARAM [/usb_cam/image_raw/compressed/jpeg_quality] by /usb_cam
[rosmaster.master][INFO] 2019-12-29 03:07:23,013: +PARAM [/usb_cam/image_mono/compressedDepth/depth_max] by /usb_cam/image_proc
[rosmaster.master][INFO] 2019-12-29 03:07:23,014: +PARAM [/usb_cam/image_raw/compressed/png_level] by /usb_cam
[rosmaster.master][INFO] 2019-12-29 03:07:23,014: +PARAM [/usb_cam/image_mono/compressedDepth/depth_quantization] by /usb_cam/image_proc
[rosmaster.master][INFO] 2019-12-29 03:07:23,016: +PARAM [/usb_cam/image_raw/compressed/format] by /usb_cam
[rosmaster.master][INFO] 2019-12-29 03:07:23,016: +PARAM [/usb_cam/image_mono/compressedDepth/png_level] by /usb_cam/image_proc
[rosmaster.master][INFO] 2019-12-29 03:07:23,017: +PARAM [/usb_cam/image_raw/compressed/jpeg_quality] by /usb_cam
[rosmaster.master][INFO] 2019-12-29 03:07:23,018: +PUB [/usb_cam/image_mono/compressed] /usb_cam/image_proc http://itachi-HP-Pavilion-Laptop-15-cc1xx:35003/
[rosmaster.master][INFO] 2019-12-29 03:07:23,018: publisherUpdate[/rosout] -> http://itachi-HP-Pavilion-Laptop-15-cc1xx:44173/ ['http://itachi-HP-Pavilion-Laptop-15-cc1xx:46653/']
[rosmaster.master][INFO] 2019-12-29 03:07:23,020: +PARAM [/usb_cam/image_raw/compressed/png_level] by /usb_cam
[rosmaster.master][INFO] 2019-12-29 03:07:23,020: publisherUpdate[/rosout] -> http://itachi-HP-Pavilion-Laptop-15-cc1xx:44173/ ['http://itachi-HP-Pavilion-Laptop-15-cc1xx:46653/']: sec=0.00, result=[1, '', 0]
[rosmaster.master][INFO] 2019-12-29 03:07:23,021: publisherUpdate[/rosout] -> http://itachi-HP-Pavilion-Laptop-15-cc1xx:44173/ ['http://itachi-HP-Pavilion-Laptop-15-cc1xx:46653/', 'http://itachi-HP-Pavilion-Laptop-15-cc1xx:35003/']
[rosmaster.master][INFO] 2019-12-29 03:07:23,021: +SERVICE [/usb_cam/image_mono/compressed/set_parameters] /usb_cam/image_proc http://itachi-HP-Pavilion-Laptop-15-cc1xx:35003/
[rosmaster.master][INFO] 2019-12-29 03:07:23,022: publisherUpdate[/rosout] -> http://itachi-HP-Pavilion-Laptop-15-cc1xx:44173/ ['http://itachi-HP-Pavilion-Laptop-15-cc1xx:46653/', 'http://itachi-HP-Pavilion-Laptop-15-cc1xx:35003/']: sec=0.00, result=[1, '', 0]
[rosmaster.master][INFO] 2019-12-29 03:07:23,022: publisherUpdate[/rosout] -> http://itachi-HP-Pavilion-Laptop-15-cc1xx:44173/ ['http://itachi-HP-Pavilion-Laptop-15-cc1xx:46653/', 'http://itachi-HP-Pavilion-Laptop-15-cc1xx:35003/', 'http://itachi-HP-Pavilion-Laptop-15-cc1xx:42317/']
[rosmaster.master][INFO] 2019-12-29 03:07:23,023: +PUB [/usb_cam/image_raw] /usb_cam http://itachi-HP-Pavilion-Laptop-15-cc1xx:46653/
[rosmaster.master][INFO] 2019-12-29 03:07:23,025: publisherUpdate[/rosout] -> http://itachi-HP-Pavilion-Laptop-15-cc1xx:44173/ ['http://itachi-HP-Pavilion-Laptop-15-cc1xx:46653/', 'http://itachi-HP-Pavilion-Laptop-15-cc1xx:35003/', 'http://itachi-HP-Pavilion-Laptop-15-cc1xx:42317/']: sec=0.00, result=[1, '', 0]
[rosmaster.master][INFO] 2019-12-29 03:07:23,025: +PUB [/usb_cam/image_mono/compressed/parameter_descriptions] /usb_cam/image_proc http://itachi-HP-Pavilion-Laptop-15-cc1xx:35003/
[rosmaster.master][INFO] 2019-12-29 03:07:23,025: publisherUpdate[/rosout] -> http://itachi-HP-Pavilion-Laptop-15-cc1xx:44173/ ['http://itachi-HP-Pavilion-Laptop-15-cc1xx:46653/', 'http://itachi-HP-Pavilion-Laptop-15-cc1xx:35003/', 'http://itachi-HP-Pavilion-Laptop-15-cc1xx:42317/', 'http://itachi-HP-Pavilion-Laptop-15-cc1xx:40543/']
[rosmaster.master][INFO] 2019-12-29 03:07:23,026: publisherUpdate[/rosout] -> http://itachi-HP-Pavilion-Laptop-15-cc1xx:44173/ ['http://itachi-HP-Pavilion-Laptop-15-cc1xx:46653/', 'http://itachi-HP-Pavilion-Laptop-15-cc1xx:35003/', 'http://itachi-HP-Pavilion-Laptop-15-cc1xx:42317/', 'http://itachi-HP-Pavilion-Laptop-15-cc1xx:40543/']: sec=0.00, result=[1, '', 0]
[rosmaster.master][INFO] 2019-12-29 03:07:23,027: +PUB [/usb_cam/image_raw/theora] /usb_cam http://itachi-HP-Pavilion-Laptop-15-cc1xx:46653/
[rosmaster.master][INFO] 2019-12-29 03:07:23,028: +PUB [/usb_cam/image_mono/compressed/parameter_updates] /usb_cam/image_proc http://itachi-HP-Pavilion-Laptop-15-cc1xx:35003/
[rosmaster.master][INFO] 2019-12-29 03:07:23,030: +SERVICE [/usb_cam/image_raw/theora/set_parameters] /usb_cam http://itachi-HP-Pavilion-Laptop-15-cc1xx:46653/
[rosmaster.master][INFO] 2019-12-29 03:07:23,036: +PUB [/usb_cam/image_raw/theora/parameter_descriptions] /usb_cam http://itachi-HP-Pavilion-Laptop-15-cc1xx:46653/
[rosmaster.master][INFO] 2019-12-29 03:07:23,038: +PUB [/usb_cam/image_raw/theora/parameter_updates] /usb_cam http://itachi-HP-Pavilion-Laptop-15-cc1xx:46653/
[rosmaster.master][INFO] 2019-12-29 03:07:23,039: +PARAM [/usb_cam/image_mono/compressed/format] by /usb_cam/image_proc
[rosmaster.master][INFO] 2019-12-29 03:07:23,043: +PUB [/tf] /whycon http://itachi-HP-Pavilion-Laptop-15-cc1xx:42317/
[rosmaster.master][INFO] 2019-12-29 03:07:23,044: +PARAM [/usb_cam/image_mono/compressed/jpeg_quality] by /usb_cam/image_proc
[rosmaster.master][INFO] 2019-12-29 03:07:23,046: +PARAM [/usb_cam/image_mono/compressed/png_level] by /usb_cam/image_proc
[rosmaster.master][INFO] 2019-12-29 03:07:23,047: +PARAM [/usb_cam/image_mono/compressed/format] by /usb_cam/image_proc
[rosmaster.master][INFO] 2019-12-29 03:07:23,048: +PARAM [/usb_cam/image_raw/theora/optimize_for] by /usb_cam
[rosmaster.master][INFO] 2019-12-29 03:07:23,049: +PARAM [/usb_cam/image_mono/compressed/jpeg_quality] by /usb_cam/image_proc
[rosmaster.master][INFO] 2019-12-29 03:07:23,049: +PARAM [/usb_cam/image_raw/theora/target_bitrate] by /usb_cam
[rosmaster.master][INFO] 2019-12-29 03:07:23,050: +PARAM [/usb_cam/image_raw/theora/quality] by /usb_cam
[rosmaster.master][INFO] 2019-12-29 03:07:23,051: +PARAM [/usb_cam/image_mono/compressed/png_level] by /usb_cam/image_proc
[rosmaster.master][INFO] 2019-12-29 03:07:23,052: +PARAM [/usb_cam/image_raw/theora/keyframe_frequency] by /usb_cam
[rosmaster.master][INFO] 2019-12-29 03:07:23,054: +PUB [/usb_cam/image_mono] /usb_cam/image_proc http://itachi-HP-Pavilion-Laptop-15-cc1xx:35003/
[rosmaster.master][INFO] 2019-12-29 03:07:23,054: +PARAM [/usb_cam/image_raw/theora/optimize_for] by /usb_cam
[rosmaster.master][INFO] 2019-12-29 03:07:23,056: +SUB [/usb_cam/image_rect_color] /whycon http://itachi-HP-Pavilion-Laptop-15-cc1xx:42317/
[rosmaster.master][INFO] 2019-12-29 03:07:23,056: +PARAM [/usb_cam/image_raw/theora/target_bitrate] by /usb_cam
[rosmaster.master][INFO] 2019-12-29 03:07:23,057: +PUB [/usb_cam/image_mono/theora] /usb_cam/image_proc http://itachi-HP-Pavilion-Laptop-15-cc1xx:35003/
[rosmaster.master][INFO] 2019-12-29 03:07:23,058: +PARAM [/usb_cam/image_raw/theora/quality] by /usb_cam
[rosmaster.master][INFO] 2019-12-29 03:07:23,059: +SERVICE [/usb_cam/image_mono/theora/set_parameters] /usb_cam/image_proc http://itachi-HP-Pavilion-Laptop-15-cc1xx:35003/
[rosmaster.master][INFO] 2019-12-29 03:07:23,060: +PARAM [/usb_cam/image_raw/theora/keyframe_frequency] by /usb_cam
[rosmaster.master][INFO] 2019-12-29 03:07:23,061: +PUB [/usb_cam/image_mono/theora/parameter_descriptions] /usb_cam/image_proc http://itachi-HP-Pavilion-Laptop-15-cc1xx:35003/
[rosmaster.master][INFO] 2019-12-29 03:07:23,061: +PUB [/usb_cam/camera_info] /usb_cam http://itachi-HP-Pavilion-Laptop-15-cc1xx:46653/
[rosmaster.master][INFO] 2019-12-29 03:07:23,062: +PUB [/usb_cam/image_mono/theora/parameter_updates] /usb_cam/image_proc http://itachi-HP-Pavilion-Laptop-15-cc1xx:35003/
[rosmaster.master][INFO] 2019-12-29 03:07:23,064: +SUB [/usb_cam/camera_info] /whycon http://itachi-HP-Pavilion-Laptop-15-cc1xx:42317/
[rosmaster.master][INFO] 2019-12-29 03:07:23,065: +PUB [/whycon/image_out] /whycon http://itachi-HP-Pavilion-Laptop-15-cc1xx:42317/
[rosmaster.master][INFO] 2019-12-29 03:07:23,067: +PUB [/whycon/poses] /whycon http://itachi-HP-Pavilion-Laptop-15-cc1xx:42317/
[rosmaster.master][INFO] 2019-12-29 03:07:23,069: +PUB [/whycon/context] /whycon http://itachi-HP-Pavilion-Laptop-15-cc1xx:42317/
[rosmaster.master][INFO] 2019-12-29 03:07:23,070: +PARAM [/usb_cam/image_mono/theora/optimize_for] by /usb_cam/image_proc
[rosmaster.master][INFO] 2019-12-29 03:07:23,071: +PUB [/whycon/projection] /whycon http://itachi-HP-Pavilion-Laptop-15-cc1xx:42317/
[rosmaster.master][INFO] 2019-12-29 03:07:23,072: +PARAM [/usb_cam/image_mono/theora/target_bitrate] by /usb_cam/image_proc
[rosmaster.master][INFO] 2019-12-29 03:07:23,073: +SERVICE [/whycon/reset] /whycon http://itachi-HP-Pavilion-Laptop-15-cc1xx:42317/
[rosmaster.master][INFO] 2019-12-29 03:07:23,074: +PARAM [/usb_cam/image_mono/theora/quality] by /usb_cam/image_proc
[rosmaster.master][INFO] 2019-12-29 03:07:23,075: +PARAM [/usb_cam/image_mono/theora/keyframe_frequency] by /usb_cam/image_proc
[rosmaster.master][INFO] 2019-12-29 03:07:23,076: +PARAM [/usb_cam/image_mono/theora/optimize_for] by /usb_cam/image_proc
[rosmaster.master][INFO] 2019-12-29 03:07:23,076: +PARAM [/usb_cam/image_mono/theora/target_bitrate] by /usb_cam/image_proc
[rosmaster.master][INFO] 2019-12-29 03:07:23,077: +PARAM [/usb_cam/image_mono/theora/quality] by /usb_cam/image_proc
[rosmaster.master][INFO] 2019-12-29 03:07:23,078: +PARAM [/usb_cam/image_mono/theora/keyframe_frequency] by /usb_cam/image_proc
[rosmaster.master][INFO] 2019-12-29 03:07:23,080: +PUB [/usb_cam/image_color/compressedDepth] /usb_cam/image_proc http://itachi-HP-Pavilion-Laptop-15-cc1xx:35003/
[rosmaster.master][INFO] 2019-12-29 03:07:23,082: +SERVICE [/usb_cam/image_color/compressedDepth/set_parameters] /usb_cam/image_proc http://itachi-HP-Pavilion-Laptop-15-cc1xx:35003/
[rosmaster.master][INFO] 2019-12-29 03:07:23,083: +PUB [/usb_cam/image_color/compressedDepth/parameter_descriptions] /usb_cam/image_proc http://itachi-HP-Pavilion-Laptop-15-cc1xx:35003/
[rosmaster.master][INFO] 2019-12-29 03:07:23,084: +PUB [/usb_cam/image_color/compressedDepth/parameter_updates] /usb_cam/image_proc http://itachi-HP-Pavilion-Laptop-15-cc1xx:35003/
[rosmaster.master][INFO] 2019-12-29 03:07:23,087: +PARAM [/usb_cam/image_color/compressedDepth/depth_max] by /usb_cam/image_proc
[rosmaster.master][INFO] 2019-12-29 03:07:23,088: +PARAM [/usb_cam/image_color/compressedDepth/depth_quantization] by /usb_cam/image_proc
[rosmaster.master][INFO] 2019-12-29 03:07:23,089: +PARAM [/usb_cam/image_color/compressedDepth/png_level] by /usb_cam/image_proc
[rosmaster.master][INFO] 2019-12-29 03:07:23,089: +SERVICE [/usb_cam/set_camera_info] /usb_cam http://itachi-HP-Pavilion-Laptop-15-cc1xx:46653/
[rosmaster.master][INFO] 2019-12-29 03:07:23,090: +PARAM [/usb_cam/image_color/compressedDepth/depth_max] by /usb_cam/image_proc
[rosmaster.master][INFO] 2019-12-29 03:07:23,090: +SERVICE [/usb_cam/start_capture] /usb_cam http://itachi-HP-Pavilion-Laptop-15-cc1xx:46653/
[rosmaster.master][INFO] 2019-12-29 03:07:23,091: +PARAM [/usb_cam/image_color/compressedDepth/depth_quantization] by /usb_cam/image_proc
[rosmaster.master][INFO] 2019-12-29 03:07:23,092: +SERVICE [/usb_cam/stop_capture] /usb_cam http://itachi-HP-Pavilion-Laptop-15-cc1xx:46653/
[rosmaster.master][INFO] 2019-12-29 03:07:23,093: +PARAM [/usb_cam/image_color/compressedDepth/png_level] by /usb_cam/image_proc
[rosmaster.master][INFO] 2019-12-29 03:07:23,094: +PUB [/usb_cam/image_color/compressed] /usb_cam/image_proc http://itachi-HP-Pavilion-Laptop-15-cc1xx:35003/
[rosmaster.master][INFO] 2019-12-29 03:07:23,095: +SERVICE [/usb_cam/image_color/compressed/set_parameters] /usb_cam/image_proc http://itachi-HP-Pavilion-Laptop-15-cc1xx:35003/
[rosmaster.master][INFO] 2019-12-29 03:07:23,096: +PUB [/usb_cam/image_color/compressed/parameter_descriptions] /usb_cam/image_proc http://itachi-HP-Pavilion-Laptop-15-cc1xx:35003/
[rosmaster.master][INFO] 2019-12-29 03:07:23,098: +PUB [/usb_cam/image_color/compressed/parameter_updates] /usb_cam/image_proc http://itachi-HP-Pavilion-Laptop-15-cc1xx:35003/
[rosmaster.master][INFO] 2019-12-29 03:07:23,103: +PARAM [/usb_cam/image_color/compressed/format] by /usb_cam/image_proc
[rosmaster.master][INFO] 2019-12-29 03:07:23,105: +PARAM [/usb_cam/image_color/compressed/jpeg_quality] by /usb_cam/image_proc
[rosmaster.master][INFO] 2019-12-29 03:07:23,107: +PARAM [/usb_cam/image_color/compressed/png_level] by /usb_cam/image_proc
[rosmaster.master][INFO] 2019-12-29 03:07:23,108: +PARAM [/usb_cam/image_color/compressed/format] by /usb_cam/image_proc
[rosmaster.master][INFO] 2019-12-29 03:07:23,108: +PARAM [/usb_cam/image_color/compressed/jpeg_quality] by /usb_cam/image_proc
[rosmaster.master][INFO] 2019-12-29 03:07:23,109: +PARAM [/usb_cam/image_color/compressed/png_level] by /usb_cam/image_proc
[rosmaster.master][INFO] 2019-12-29 03:07:23,110: +PUB [/usb_cam/image_color] /usb_cam/image_proc http://itachi-HP-Pavilion-Laptop-15-cc1xx:35003/
[rosmaster.master][INFO] 2019-12-29 03:07:23,111: +PUB [/usb_cam/image_color/theora] /usb_cam/image_proc http://itachi-HP-Pavilion-Laptop-15-cc1xx:35003/
[rosmaster.master][INFO] 2019-12-29 03:07:23,112: +SERVICE [/usb_cam/image_color/theora/set_parameters] /usb_cam/image_proc http://itachi-HP-Pavilion-Laptop-15-cc1xx:35003/
[rosmaster.master][INFO] 2019-12-29 03:07:23,115: +PUB [/usb_cam/image_color/theora/parameter_descriptions] /usb_cam/image_proc http://itachi-HP-Pavilion-Laptop-15-cc1xx:35003/
[rosmaster.master][INFO] 2019-12-29 03:07:23,117: +PUB [/usb_cam/image_color/theora/parameter_updates] /usb_cam/image_proc http://itachi-HP-Pavilion-Laptop-15-cc1xx:35003/
[rosmaster.master][INFO] 2019-12-29 03:07:23,122: +PARAM [/usb_cam/image_color/theora/optimize_for] by /usb_cam/image_proc
[rosmaster.master][INFO] 2019-12-29 03:07:23,123: +PARAM [/usb_cam/image_color/theora/target_bitrate] by /usb_cam/image_proc
[rosmaster.master][INFO] 2019-12-29 03:07:23,123: +PARAM [/usb_cam/image_color/theora/quality] by /usb_cam/image_proc
[rosmaster.master][INFO] 2019-12-29 03:07:23,124: +PARAM [/usb_cam/image_color/theora/keyframe_frequency] by /usb_cam/image_proc
[rosmaster.master][INFO] 2019-12-29 03:07:23,125: +PARAM [/usb_cam/image_color/theora/optimize_for] by /usb_cam/image_proc
[rosmaster.master][INFO] 2019-12-29 03:07:23,125: +PARAM [/usb_cam/image_color/theora/target_bitrate] by /usb_cam/image_proc
[rosmaster.master][INFO] 2019-12-29 03:07:23,126: +PARAM [/usb_cam/image_color/theora/quality] by /usb_cam/image_proc
[rosmaster.master][INFO] 2019-12-29 03:07:23,127: +PARAM [/usb_cam/image_color/theora/keyframe_frequency] by /usb_cam/image_proc
[rosmaster.master][INFO] 2019-12-29 03:07:23,130: +SERVICE [/usb_cam/image_proc_rectify_mono/set_parameters] /usb_cam/image_proc http://itachi-HP-Pavilion-Laptop-15-cc1xx:35003/
[rosmaster.master][INFO] 2019-12-29 03:07:23,133: +PUB [/usb_cam/image_proc_rectify_mono/parameter_descriptions] /usb_cam/image_proc http://itachi-HP-Pavilion-Laptop-15-cc1xx:35003/
[rosmaster.master][INFO] 2019-12-29 03:07:23,133: +PUB [/usb_cam/image_proc_rectify_mono/parameter_updates] /usb_cam/image_proc http://itachi-HP-Pavilion-Laptop-15-cc1xx:35003/
[rosmaster.master][INFO] 2019-12-29 03:07:23,135: +PARAM [/usb_cam/image_proc_rectify_mono/interpolation] by /usb_cam/image_proc
[rosmaster.master][INFO] 2019-12-29 03:07:23,135: +PARAM [/usb_cam/image_proc_rectify_mono/interpolation] by /usb_cam/image_proc
[rosmaster.master][INFO] 2019-12-29 03:07:23,136: +PUB [/usb_cam/image_rect/compressedDepth] /usb_cam/image_proc http://itachi-HP-Pavilion-Laptop-15-cc1xx:35003/
[rosmaster.master][INFO] 2019-12-29 03:07:23,137: +SERVICE [/usb_cam/image_rect/compressedDepth/set_parameters] /usb_cam/image_proc http://itachi-HP-Pavilion-Laptop-15-cc1xx:35003/
[rosmaster.master][INFO] 2019-12-29 03:07:23,138: +PUB [/usb_cam/image_rect/compressedDepth/parameter_descriptions] /usb_cam/image_proc http://itachi-HP-Pavilion-Laptop-15-cc1xx:35003/
[rosmaster.master][INFO] 2019-12-29 03:07:23,138: +PUB [/usb_cam/image_rect/compressedDepth/parameter_updates] /usb_cam/image_proc http://itachi-HP-Pavilion-Laptop-15-cc1xx:35003/
[rosmaster.master][INFO] 2019-12-29 03:07:23,140: +PARAM [/usb_cam/image_rect/compressedDepth/depth_max] by /usb_cam/image_proc
[rosmaster.master][INFO] 2019-12-29 03:07:23,141: +PARAM [/usb_cam/image_rect/compressedDepth/depth_quantization] by /usb_cam/image_proc
[rosmaster.master][INFO] 2019-12-29 03:07:23,142: +PARAM [/usb_cam/image_rect/compressedDepth/png_level] by /usb_cam/image_proc
[rosmaster.master][INFO] 2019-12-29 03:07:23,142: +PARAM [/usb_cam/image_rect/compressedDepth/depth_max] by /usb_cam/image_proc
[rosmaster.master][INFO] 2019-12-29 03:07:23,143: +PARAM [/usb_cam/image_rect/compressedDepth/depth_quantization] by /usb_cam/image_proc
[rosmaster.master][INFO] 2019-12-29 03:07:23,145: +PARAM [/usb_cam/image_rect/compressedDepth/png_level] by /usb_cam/image_proc
[rosmaster.master][INFO] 2019-12-29 03:07:23,149: +PUB [/usb_cam/image_rect/compressed] /usb_cam/image_proc http://itachi-HP-Pavilion-Laptop-15-cc1xx:35003/
[rosmaster.master][INFO] 2019-12-29 03:07:23,150: +SUB [/whycon/image_out] /whycon_display/image_view http://itachi-HP-Pavilion-Laptop-15-cc1xx:40543/
[rosmaster.master][INFO] 2019-12-29 03:07:23,151: +SERVICE [/usb_cam/image_rect/compressed/set_parameters] /usb_cam/image_proc http://itachi-HP-Pavilion-Laptop-15-cc1xx:35003/
[rosmaster.master][INFO] 2019-12-29 03:07:23,151: +PUB [/whycon_display/image_view/output] /whycon_display/image_view http://itachi-HP-Pavilion-Laptop-15-cc1xx:40543/
[rosmaster.master][INFO] 2019-12-29 03:07:23,152: +PUB [/usb_cam/image_rect/compressed/parameter_descriptions] /usb_cam/image_proc http://itachi-HP-Pavilion-Laptop-15-cc1xx:35003/
[rosmaster.master][INFO] 2019-12-29 03:07:23,153: +SERVICE [/whycon_display/image_view/set_parameters] /whycon_display/image_view http://itachi-HP-Pavilion-Laptop-15-cc1xx:40543/
[rosmaster.master][INFO] 2019-12-29 03:07:23,153: +PUB [/usb_cam/image_rect/compressed/parameter_updates] /usb_cam/image_proc http://itachi-HP-Pavilion-Laptop-15-cc1xx:35003/
[rosmaster.master][INFO] 2019-12-29 03:07:23,154: +PUB [/whycon_display/image_view/parameter_descriptions] /whycon_display/image_view http://itachi-HP-Pavilion-Laptop-15-cc1xx:40543/
[rosmaster.master][INFO] 2019-12-29 03:07:23,155: +PUB [/whycon_display/image_view/parameter_updates] /whycon_display/image_view http://itachi-HP-Pavilion-Laptop-15-cc1xx:40543/
[rosmaster.master][INFO] 2019-12-29 03:07:23,157: +PARAM [/usb_cam/image_rect/compressed/format] by /usb_cam/image_proc
[rosmaster.master][INFO] 2019-12-29 03:07:23,158: +PARAM [/usb_cam/image_rect/compressed/jpeg_quality] by /usb_cam/image_proc
[rosmaster.master][INFO] 2019-12-29 03:07:23,159: +PARAM [/usb_cam/image_rect/compressed/png_level] by /usb_cam/image_proc
[rosmaster.master][INFO] 2019-12-29 03:07:23,160: +PARAM [/whycon_display/image_view/do_dynamic_scaling] by /whycon_display/image_view
[rosmaster.master][INFO] 2019-12-29 03:07:23,161: +PARAM [/usb_cam/image_rect/compressed/format] by /usb_cam/image_proc
[rosmaster.master][INFO] 2019-12-29 03:07:23,161: +PARAM [/whycon_display/image_view/colormap] by /whycon_display/image_view
[rosmaster.master][INFO] 2019-12-29 03:07:23,162: +PARAM [/usb_cam/image_rect/compressed/jpeg_quality] by /usb_cam/image_proc
[rosmaster.master][INFO] 2019-12-29 03:07:23,163: +PARAM [/whycon_display/image_view/min_image_value] by /whycon_display/image_view
[rosmaster.master][INFO] 2019-12-29 03:07:23,164: +PARAM [/usb_cam/image_rect/compressed/png_level] by /usb_cam/image_proc
[rosmaster.master][INFO] 2019-12-29 03:07:23,164: +PARAM [/whycon_display/image_view/max_image_value] by /whycon_display/image_view
[rosmaster.master][INFO] 2019-12-29 03:07:23,167: +PUB [/usb_cam/image_rect] /usb_cam/image_proc http://itachi-HP-Pavilion-Laptop-15-cc1xx:35003/
[rosmaster.master][INFO] 2019-12-29 03:07:23,168: +PARAM [/whycon_display/image_view/do_dynamic_scaling] by /whycon_display/image_view
[rosmaster.master][INFO] 2019-12-29 03:07:23,169: +PUB [/usb_cam/image_rect/theora] /usb_cam/image_proc http://itachi-HP-Pavilion-Laptop-15-cc1xx:35003/
[rosmaster.master][INFO] 2019-12-29 03:07:23,169: +PARAM [/whycon_display/image_view/colormap] by /whycon_display/image_view
[rosmaster.master][INFO] 2019-12-29 03:07:23,170: +SERVICE [/usb_cam/image_rect/theora/set_parameters] /usb_cam/image_proc http://itachi-HP-Pavilion-Laptop-15-cc1xx:35003/
[rosmaster.master][INFO] 2019-12-29 03:07:23,171: +PARAM [/whycon_display/image_view/min_image_value] by /whycon_display/image_view
[rosmaster.master][INFO] 2019-12-29 03:07:23,171: +PUB [/usb_cam/image_rect/theora/parameter_descriptions] /usb_cam/image_proc http://itachi-HP-Pavilion-Laptop-15-cc1xx:35003/
[rosmaster.master][INFO] 2019-12-29 03:07:23,172: +PARAM [/whycon_display/image_view/max_image_value] by /whycon_display/image_view
[rosmaster.master][INFO] 2019-12-29 03:07:23,173: +PUB [/usb_cam/image_rect/theora/parameter_updates] /usb_cam/image_proc http://itachi-HP-Pavilion-Laptop-15-cc1xx:35003/
[rosmaster.master][INFO] 2019-12-29 03:07:23,176: +PARAM [/usb_cam/image_rect/theora/optimize_for] by /usb_cam/image_proc
[rosmaster.master][INFO] 2019-12-29 03:07:23,177: +PARAM [/usb_cam/image_rect/theora/target_bitrate] by /usb_cam/image_proc
[rosmaster.master][INFO] 2019-12-29 03:07:23,177: +PARAM [/usb_cam/image_rect/theora/quality] by /usb_cam/image_proc
[rosmaster.master][INFO] 2019-12-29 03:07:23,178: +PARAM [/usb_cam/image_rect/theora/keyframe_frequency] by /usb_cam/image_proc
[rosmaster.master][INFO] 2019-12-29 03:07:23,179: +PARAM [/usb_cam/image_rect/theora/optimize_for] by /usb_cam/image_proc
[rosmaster.master][INFO] 2019-12-29 03:07:23,180: +PARAM [/usb_cam/image_rect/theora/target_bitrate] by /usb_cam/image_proc
[rosmaster.master][INFO] 2019-12-29 03:07:23,181: +PARAM [/usb_cam/image_rect/theora/quality] by /usb_cam/image_proc
[rosmaster.master][INFO] 2019-12-29 03:07:23,182: +PARAM [/usb_cam/image_rect/theora/keyframe_frequency] by /usb_cam/image_proc
[rosmaster.master][INFO] 2019-12-29 03:07:23,185: +SERVICE [/usb_cam/image_proc_rectify_color/set_parameters] /usb_cam/image_proc http://itachi-HP-Pavilion-Laptop-15-cc1xx:35003/
[rosmaster.master][INFO] 2019-12-29 03:07:23,185: +PUB [/usb_cam/image_proc_rectify_color/parameter_descriptions] /usb_cam/image_proc http://itachi-HP-Pavilion-Laptop-15-cc1xx:35003/
[rosmaster.master][INFO] 2019-12-29 03:07:23,186: +PUB [/usb_cam/image_proc_rectify_color/parameter_updates] /usb_cam/image_proc http://itachi-HP-Pavilion-Laptop-15-cc1xx:35003/
[rosmaster.master][INFO] 2019-12-29 03:07:23,188: +PARAM [/usb_cam/image_proc_rectify_color/interpolation] by /usb_cam/image_proc
[rosmaster.master][INFO] 2019-12-29 03:07:23,188: +PARAM [/usb_cam/image_proc_rectify_color/interpolation] by /usb_cam/image_proc
[rosmaster.master][INFO] 2019-12-29 03:07:23,190: +PUB [/usb_cam/image_rect_color/compressedDepth] /usb_cam/image_proc http://itachi-HP-Pavilion-Laptop-15-cc1xx:35003/
[rosmaster.master][INFO] 2019-12-29 03:07:23,190: +SERVICE [/usb_cam/image_rect_color/compressedDepth/set_parameters] /usb_cam/image_proc http://itachi-HP-Pavilion-Laptop-15-cc1xx:35003/
[rosmaster.master][INFO] 2019-12-29 03:07:23,191: +PUB [/usb_cam/image_rect_color/compressedDepth/parameter_descriptions] /usb_cam/image_proc http://itachi-HP-Pavilion-Laptop-15-cc1xx:35003/
[rosmaster.master][INFO] 2019-12-29 03:07:23,192: +PUB [/usb_cam/image_rect_color/compressedDepth/parameter_updates] /usb_cam/image_proc http://itachi-HP-Pavilion-Laptop-15-cc1xx:35003/
[rosmaster.master][INFO] 2019-12-29 03:07:23,194: +PARAM [/usb_cam/image_rect_color/compressedDepth/depth_max] by /usb_cam/image_proc
[rosmaster.master][INFO] 2019-12-29 03:07:23,194: +PARAM [/usb_cam/image_rect_color/compressedDepth/depth_quantization] by /usb_cam/image_proc
[rosmaster.master][INFO] 2019-12-29 03:07:23,195: +PARAM [/usb_cam/image_rect_color/compressedDepth/png_level] by /usb_cam/image_proc
[rosmaster.master][INFO] 2019-12-29 03:07:23,196: +PARAM [/usb_cam/image_rect_color/compressedDepth/depth_max] by /usb_cam/image_proc
[rosmaster.master][INFO] 2019-12-29 03:07:23,197: +PARAM [/usb_cam/image_rect_color/compressedDepth/depth_quantization] by /usb_cam/image_proc
[rosmaster.master][INFO] 2019-12-29 03:07:23,197: +PARAM [/usb_cam/image_rect_color/compressedDepth/png_level] by /usb_cam/image_proc
[rosmaster.master][INFO] 2019-12-29 03:07:23,198: +PUB [/usb_cam/image_rect_color/compressed] /usb_cam/image_proc http://itachi-HP-Pavilion-Laptop-15-cc1xx:35003/
[rosmaster.master][INFO] 2019-12-29 03:07:23,199: +SERVICE [/usb_cam/image_rect_color/compressed/set_parameters] /usb_cam/image_proc http://itachi-HP-Pavilion-Laptop-15-cc1xx:35003/
[rosmaster.master][INFO] 2019-12-29 03:07:23,199: +PUB [/usb_cam/image_rect_color/compressed/parameter_descriptions] /usb_cam/image_proc http://itachi-HP-Pavilion-Laptop-15-cc1xx:35003/
[rosmaster.master][INFO] 2019-12-29 03:07:23,200: +PUB [/usb_cam/image_rect_color/compressed/parameter_updates] /usb_cam/image_proc http://itachi-HP-Pavilion-Laptop-15-cc1xx:35003/
[rosmaster.master][INFO] 2019-12-29 03:07:23,202: +PARAM [/usb_cam/image_rect_color/compressed/format] by /usb_cam/image_proc
[rosmaster.master][INFO] 2019-12-29 03:07:23,203: +PARAM [/usb_cam/image_rect_color/compressed/jpeg_quality] by /usb_cam/image_proc
[rosmaster.master][INFO] 2019-12-29 03:07:23,204: +PARAM [/usb_cam/image_rect_color/compressed/png_level] by /usb_cam/image_proc
[rosmaster.master][INFO] 2019-12-29 03:07:23,204: +PARAM [/usb_cam/image_rect_color/compressed/format] by /usb_cam/image_proc
[rosmaster.master][INFO] 2019-12-29 03:07:23,205: +PARAM [/usb_cam/image_rect_color/compressed/jpeg_quality] by /usb_cam/image_proc
[rosmaster.master][INFO] 2019-12-29 03:07:23,205: +PARAM [/usb_cam/image_rect_color/compressed/png_level] by /usb_cam/image_proc
[rosmaster.master][INFO] 2019-12-29 03:07:23,206: +PUB [/usb_cam/image_rect_color] /usb_cam/image_proc http://itachi-HP-Pavilion-Laptop-15-cc1xx:35003/
[rosmaster.master][INFO] 2019-12-29 03:07:23,207: +PUB [/usb_cam/image_rect_color/theora] /usb_cam/image_proc http://itachi-HP-Pavilion-Laptop-15-cc1xx:35003/
[rosmaster.master][INFO] 2019-12-29 03:07:23,207: +SERVICE [/usb_cam/image_rect_color/theora/set_parameters] /usb_cam/image_proc http://itachi-HP-Pavilion-Laptop-15-cc1xx:35003/
[rosmaster.master][INFO] 2019-12-29 03:07:23,208: +PUB [/usb_cam/image_rect_color/theora/parameter_descriptions] /usb_cam/image_proc http://itachi-HP-Pavilion-Laptop-15-cc1xx:35003/
[rosmaster.master][INFO] 2019-12-29 03:07:23,209: +PUB [/usb_cam/image_rect_color/theora/parameter_updates] /usb_cam/image_proc http://itachi-HP-Pavilion-Laptop-15-cc1xx:35003/
[rosmaster.master][INFO] 2019-12-29 03:07:23,211: +PARAM [/usb_cam/image_rect_color/theora/optimize_for] by /usb_cam/image_proc
[rosmaster.master][INFO] 2019-12-29 03:07:23,211: +PARAM [/usb_cam/image_rect_color/theora/target_bitrate] by /usb_cam/image_proc
[rosmaster.master][INFO] 2019-12-29 03:07:23,212: +PARAM [/usb_cam/image_rect_color/theora/quality] by /usb_cam/image_proc
[rosmaster.master][INFO] 2019-12-29 03:07:23,213: +PARAM [/usb_cam/image_rect_color/theora/keyframe_frequency] by /usb_cam/image_proc
[rosmaster.master][INFO] 2019-12-29 03:07:23,214: +PARAM [/usb_cam/image_rect_color/theora/optimize_for] by /usb_cam/image_proc
[rosmaster.master][INFO] 2019-12-29 03:07:23,214: +PARAM [/usb_cam/image_rect_color/theora/target_bitrate] by /usb_cam/image_proc
[rosmaster.master][INFO] 2019-12-29 03:07:23,215: +PARAM [/usb_cam/image_rect_color/theora/quality] by /usb_cam/image_proc
[rosmaster.master][INFO] 2019-12-29 03:07:23,215: +PARAM [/usb_cam/image_rect_color/theora/keyframe_frequency] by /usb_cam/image_proc
[rosmaster.master][INFO] 2019-12-29 03:07:23,219: publisherUpdate[/usb_cam/image_rect_color] -> http://itachi-HP-Pavilion-Laptop-15-cc1xx:42317/ ['http://itachi-HP-Pavilion-Laptop-15-cc1xx:35003/']
[rosmaster.master][INFO] 2019-12-29 03:07:23,219: publisherUpdate[/usb_cam/image_rect_color] -> http://itachi-HP-Pavilion-Laptop-15-cc1xx:42317/ ['http://itachi-HP-Pavilion-Laptop-15-cc1xx:35003/']: sec=0.00, result=[1, '', 0]
[rosmaster.master][INFO] 2019-12-29 03:07:23,344: +SUB [/usb_cam/image_color] /usb_cam/image_proc http://itachi-HP-Pavilion-Laptop-15-cc1xx:35003/
[rosmaster.master][INFO] 2019-12-29 03:07:23,353: +SUB [/usb_cam/camera_info] /usb_cam/image_proc http://itachi-HP-Pavilion-Laptop-15-cc1xx:35003/
[rosmaster.master][INFO] 2019-12-29 03:07:23,358: +SUB [/usb_cam/image_raw] /usb_cam/image_proc http://itachi-HP-Pavilion-Laptop-15-cc1xx:35003/
[rosmaster.master][INFO] 2019-12-29 03:07:26,916: +PUB [/rosout] /DroneNode http://itachi-HP-Pavilion-Laptop-15-cc1xx:43575/
[rosmaster.master][INFO] 2019-12-29 03:07:26,919: +SERVICE [/DroneNode/get_loggers] /DroneNode http://itachi-HP-Pavilion-Laptop-15-cc1xx:43575/
[rosmaster.master][INFO] 2019-12-29 03:07:26,920: +SERVICE [/DroneNode/set_logger_level] /DroneNode http://itachi-HP-Pavilion-Laptop-15-cc1xx:43575/
[rosmaster.master][INFO] 2019-12-29 03:07:26,925: +SUB [/drone_command] /DroneNode http://itachi-HP-Pavilion-Laptop-15-cc1xx:43575/
[rosmaster.master][INFO] 2019-12-29 03:07:26,926: publisherUpdate[/rosout] -> http://itachi-HP-Pavilion-Laptop-15-cc1xx:44173/ ['http://itachi-HP-Pavilion-Laptop-15-cc1xx:46653/', 'http://itachi-HP-Pavilion-Laptop-15-cc1xx:35003/', 'http://itachi-HP-Pavilion-Laptop-15-cc1xx:42317/', 'http://itachi-HP-Pavilion-Laptop-15-cc1xx:40543/', 'http://itachi-HP-Pavilion-Laptop-15-cc1xx:43575/']
[rosmaster.master][INFO] 2019-12-29 03:07:26,927: publisherUpdate[/rosout] -> http://itachi-HP-Pavilion-Laptop-15-cc1xx:44173/ ['http://itachi-HP-Pavilion-Laptop-15-cc1xx:46653/', 'http://itachi-HP-Pavilion-Laptop-15-cc1xx:35003/', 'http://itachi-HP-Pavilion-Laptop-15-cc1xx:42317/', 'http://itachi-HP-Pavilion-Laptop-15-cc1xx:40543/', 'http://itachi-HP-Pavilion-Laptop-15-cc1xx:43575/']: sec=0.00, result=[1, '', 0]
[rosmaster.master][INFO] 2019-12-29 03:07:29,545: +PUB [/rosout] /drone_control http://itachi-HP-Pavilion-Laptop-15-cc1xx:35187/
[rosmaster.master][INFO] 2019-12-29 03:07:29,548: +SERVICE [/drone_control/get_loggers] /drone_control http://itachi-HP-Pavilion-Laptop-15-cc1xx:35187/
[rosmaster.master][INFO] 2019-12-29 03:07:29,549: publisherUpdate[/rosout] -> http://itachi-HP-Pavilion-Laptop-15-cc1xx:44173/ ['http://itachi-HP-Pavilion-Laptop-15-cc1xx:46653/', 'http://itachi-HP-Pavilion-Laptop-15-cc1xx:35003/', 'http://itachi-HP-Pavilion-Laptop-15-cc1xx:42317/', 'http://itachi-HP-Pavilion-Laptop-15-cc1xx:40543/', 'http://itachi-HP-Pavilion-Laptop-15-cc1xx:43575/', 'http://itachi-HP-Pavilion-Laptop-15-cc1xx:35187/']
[rosmaster.master][INFO] 2019-12-29 03:07:29,551: publisherUpdate[/rosout] -> http://itachi-HP-Pavilion-Laptop-15-cc1xx:44173/ ['http://itachi-HP-Pavilion-Laptop-15-cc1xx:46653/', 'http://itachi-HP-Pavilion-Laptop-15-cc1xx:35003/', 'http://itachi-HP-Pavilion-Laptop-15-cc1xx:42317/', 'http://itachi-HP-Pavilion-Laptop-15-cc1xx:40543/', 'http://itachi-HP-Pavilion-Laptop-15-cc1xx:43575/', 'http://itachi-HP-Pavilion-Laptop-15-cc1xx:35187/']: sec=0.00, result=[1, '', 0]
[rosmaster.master][INFO] 2019-12-29 03:07:29,551: +SERVICE [/drone_control/set_logger_level] /drone_control http://itachi-HP-Pavilion-Laptop-15-cc1xx:35187/
[rosmaster.master][INFO] 2019-12-29 03:07:29,554: +PUB [/drone_command] /drone_control http://itachi-HP-Pavilion-Laptop-15-cc1xx:35187/
[rosmaster.master][INFO] 2019-12-29 03:07:29,556: +PUB [/alt_error] /drone_control http://itachi-HP-Pavilion-Laptop-15-cc1xx:35187/
[rosmaster.master][INFO] 2019-12-29 03:07:29,557: +PUB [/pitch_error] /drone_control http://itachi-HP-Pavilion-Laptop-15-cc1xx:35187/
[rosmaster.master][INFO] 2019-12-29 03:07:29,559: +PUB [/roll_error] /drone_control http://itachi-HP-Pavilion-Laptop-15-cc1xx:35187/
[rosmaster.master][INFO] 2019-12-29 03:07:29,560: +PUB [/error_sample] /drone_control http://itachi-HP-Pavilion-Laptop-15-cc1xx:35187/
[rosmaster.master][INFO] 2019-12-29 03:07:29,565: +PUB [/error_sample1] /drone_control http://itachi-HP-Pavilion-Laptop-15-cc1xx:35187/
[rosmaster.master][INFO] 2019-12-29 03:07:29,567: +PUB [/error_sample2] /drone_control http://itachi-HP-Pavilion-Laptop-15-cc1xx:35187/
[rosmaster.master][INFO] 2019-12-29 03:07:29,568: +PUB [/error_sample3] /drone_control http://itachi-HP-Pavilion-Laptop-15-cc1xx:35187/
[rosmaster.master][INFO] 2019-12-29 03:07:29,571: +SUB [/whycon/poses] /drone_control http://itachi-HP-Pavilion-Laptop-15-cc1xx:35187/
[rosmaster.master][INFO] 2019-12-29 03:07:29,573: +SUB [/pid_tuning_altitude] /drone_control http://itachi-HP-Pavilion-Laptop-15-cc1xx:35187/
[rosmaster.master][INFO] 2019-12-29 03:07:29,578: +SUB [/pid_tuning_pitch] /drone_control http://itachi-HP-Pavilion-Laptop-15-cc1xx:35187/
[rosmaster.master][INFO] 2019-12-29 03:07:29,584: +SUB [/pid_tuning_roll] /drone_control http://itachi-HP-Pavilion-Laptop-15-cc1xx:35187/
[rosmaster.master][INFO] 2019-12-29 03:07:29,631: publisherUpdate[/drone_command] -> http://itachi-HP-Pavilion-Laptop-15-cc1xx:43575/ ['http://itachi-HP-Pavilion-Laptop-15-cc1xx:35187/']
[rosmaster.master][INFO] 2019-12-29 03:07:29,633: publisherUpdate[/drone_command] -> http://itachi-HP-Pavilion-Laptop-15-cc1xx:43575/ ['http://itachi-HP-Pavilion-Laptop-15-cc1xx:35187/']: sec=0.00, result=[1, '', 0]
[rosmaster.master][INFO] 2019-12-29 03:09:09,473: -SUB [/pid_tuning_pitch] /drone_control http://itachi-HP-Pavilion-Laptop-15-cc1xx:35187/
[rosmaster.master][INFO] 2019-12-29 03:09:09,474: -SUB [/pid_tuning_roll] /drone_control http://itachi-HP-Pavilion-Laptop-15-cc1xx:35187/
[rosmaster.master][INFO] 2019-12-29 03:09:09,474: -SUB [/whycon/poses] /drone_control http://itachi-HP-Pavilion-Laptop-15-cc1xx:35187/
[rosmaster.master][INFO] 2019-12-29 03:09:09,474: -SUB [/pid_tuning_altitude] /drone_control http://itachi-HP-Pavilion-Laptop-15-cc1xx:35187/
[rosmaster.master][INFO] 2019-12-29 03:09:09,475: -PUB [/pitch_error] /drone_control http://itachi-HP-Pavilion-Laptop-15-cc1xx:35187/
[rosmaster.master][INFO] 2019-12-29 03:09:09,475: -PUB [/rosout] /drone_control http://itachi-HP-Pavilion-Laptop-15-cc1xx:35187/
[rosmaster.master][INFO] 2019-12-29 03:09:09,475: -PUB [/alt_error] /drone_control http://itachi-HP-Pavilion-Laptop-15-cc1xx:35187/
[rosmaster.master][INFO] 2019-12-29 03:09:09,475: -PUB [/drone_command] /drone_control http://itachi-HP-Pavilion-Laptop-15-cc1xx:35187/
[rosmaster.master][INFO] 2019-12-29 03:09:09,475: -PUB [/error_sample2] /drone_control http://itachi-HP-Pavilion-Laptop-15-cc1xx:35187/
[rosmaster.master][INFO] 2019-12-29 03:09:09,475: -PUB [/error_sample] /drone_control http://itachi-HP-Pavilion-Laptop-15-cc1xx:35187/
[rosmaster.master][INFO] 2019-12-29 03:09:09,476: -PUB [/error_sample1] /drone_control http://itachi-HP-Pavilion-Laptop-15-cc1xx:35187/
[rosmaster.master][INFO] 2019-12-29 03:09:09,476: -PUB [/roll_error] /drone_control http://itachi-HP-Pavilion-Laptop-15-cc1xx:35187/
[rosmaster.master][INFO] 2019-12-29 03:09:09,476: -PUB [/error_sample3] /drone_control http://itachi-HP-Pavilion-Laptop-15-cc1xx:35187/
[rosmaster.master][INFO] 2019-12-29 03:09:09,477: -SERVICE [/drone_control/get_loggers] /drone_control rosrpc://itachi-HP-Pavilion-Laptop-15-cc1xx:46869
[rosmaster.master][INFO] 2019-12-29 03:09:09,477: -SERVICE [/drone_control/set_logger_level] /drone_control rosrpc://itachi-HP-Pavilion-Laptop-15-cc1xx:46869
[rosmaster.master][INFO] 2019-12-29 03:09:09,536: publisherUpdate[/rosout] -> http://itachi-HP-Pavilion-Laptop-15-cc1xx:44173/ ['http://itachi-HP-Pavilion-Laptop-15-cc1xx:46653/', 'http://itachi-HP-Pavilion-Laptop-15-cc1xx:35003/', 'http://itachi-HP-Pavilion-Laptop-15-cc1xx:42317/', 'http://itachi-HP-Pavilion-Laptop-15-cc1xx:40543/', 'http://itachi-HP-Pavilion-Laptop-15-cc1xx:43575/']
[rosmaster.master][INFO] 2019-12-29 03:09:09,537: publisherUpdate[/rosout] -> http://itachi-HP-Pavilion-Laptop-15-cc1xx:44173/ ['http://itachi-HP-Pavilion-Laptop-15-cc1xx:46653/', 'http://itachi-HP-Pavilion-Laptop-15-cc1xx:35003/', 'http://itachi-HP-Pavilion-Laptop-15-cc1xx:42317/', 'http://itachi-HP-Pavilion-Laptop-15-cc1xx:40543/', 'http://itachi-HP-Pavilion-Laptop-15-cc1xx:43575/']: sec=0.00, result=[1, '', 0]
[rosmaster.master][INFO] 2019-12-29 03:09:09,537: publisherUpdate[/drone_command] -> http://itachi-HP-Pavilion-Laptop-15-cc1xx:43575/ []
[rosmaster.master][INFO] 2019-12-29 03:09:09,538: publisherUpdate[/drone_command] -> http://itachi-HP-Pavilion-Laptop-15-cc1xx:43575/ []: sec=0.00, result=[1, '', 0]
[rosmaster.master][INFO] 2019-12-29 03:09:11,042: -PUB [/rosout] /DroneNode http://itachi-HP-Pavilion-Laptop-15-cc1xx:43575/
[rosmaster.master][INFO] 2019-12-29 03:09:11,044: publisherUpdate[/rosout] -> http://itachi-HP-Pavilion-Laptop-15-cc1xx:44173/ ['http://itachi-HP-Pavilion-Laptop-15-cc1xx:46653/', 'http://itachi-HP-Pavilion-Laptop-15-cc1xx:35003/', 'http://itachi-HP-Pavilion-Laptop-15-cc1xx:42317/', 'http://itachi-HP-Pavilion-Laptop-15-cc1xx:40543/']
[rosmaster.master][INFO] 2019-12-29 03:09:11,045: publisherUpdate[/rosout] -> http://itachi-HP-Pavilion-Laptop-15-cc1xx:44173/ ['http://itachi-HP-Pavilion-Laptop-15-cc1xx:46653/', 'http://itachi-HP-Pavilion-Laptop-15-cc1xx:35003/', 'http://itachi-HP-Pavilion-Laptop-15-cc1xx:42317/', 'http://itachi-HP-Pavilion-Laptop-15-cc1xx:40543/']: sec=0.00, result=[1, '', 0]
[rosmaster.master][INFO] 2019-12-29 03:09:11,047: -SUB [/drone_command] /DroneNode http://itachi-HP-Pavilion-Laptop-15-cc1xx:43575/
[rosmaster.master][INFO] 2019-12-29 03:09:11,048: -SERVICE [/DroneNode/get_loggers] /DroneNode rosrpc://itachi-HP-Pavilion-Laptop-15-cc1xx:41561
[rosmaster.master][INFO] 2019-12-29 03:09:11,050: -SERVICE [/DroneNode/set_logger_level] /DroneNode rosrpc://itachi-HP-Pavilion-Laptop-15-cc1xx:41561
[rosmaster.master][INFO] 2019-12-29 03:09:12,897: +PUB [/rosout] /DroneNode http://itachi-HP-Pavilion-Laptop-15-cc1xx:44391/
[rosmaster.master][INFO] 2019-12-29 03:09:12,899: +SERVICE [/DroneNode/get_loggers] /DroneNode http://itachi-HP-Pavilion-Laptop-15-cc1xx:44391/
[rosmaster.master][INFO] 2019-12-29 03:09:12,901: +SERVICE [/DroneNode/set_logger_level] /DroneNode http://itachi-HP-Pavilion-Laptop-15-cc1xx:44391/
[rosmaster.master][INFO] 2019-12-29 03:09:12,907: +SUB [/drone_command] /DroneNode http://itachi-HP-Pavilion-Laptop-15-cc1xx:44391/
[rosmaster.master][INFO] 2019-12-29 03:09:12,948: publisherUpdate[/rosout] -> http://itachi-HP-Pavilion-Laptop-15-cc1xx:44173/ ['http://itachi-HP-Pavilion-Laptop-15-cc1xx:46653/', 'http://itachi-HP-Pavilion-Laptop-15-cc1xx:35003/', 'http://itachi-HP-Pavilion-Laptop-15-cc1xx:42317/', 'http://itachi-HP-Pavilion-Laptop-15-cc1xx:40543/', 'http://itachi-HP-Pavilion-Laptop-15-cc1xx:44391/']
[rosmaster.master][INFO] 2019-12-29 03:09:12,950: publisherUpdate[/rosout] -> http://itachi-HP-Pavilion-Laptop-15-cc1xx:44173/ ['http://itachi-HP-Pavilion-Laptop-15-cc1xx:46653/', 'http://itachi-HP-Pavilion-Laptop-15-cc1xx:35003/', 'http://itachi-HP-Pavilion-Laptop-15-cc1xx:42317/', 'http://itachi-HP-Pavilion-Laptop-15-cc1xx:40543/', 'http://itachi-HP-Pavilion-Laptop-15-cc1xx:44391/']: sec=0.00, result=[1, '', 0]
[rosmaster.master][INFO] 2019-12-29 03:09:21,333: -PUB [/rosout] /whycon_display/image_view http://itachi-HP-Pavilion-Laptop-15-cc1xx:40543/
[rosmaster.master][INFO] 2019-12-29 03:09:21,334: -PUB [/whycon_display/image_view/output] /whycon_display/image_view http://itachi-HP-Pavilion-Laptop-15-cc1xx:40543/
[rosmaster.master][INFO] 2019-12-29 03:09:21,335: -PUB [/whycon_display/image_view/parameter_descriptions] /whycon_display/image_view http://itachi-HP-Pavilion-Laptop-15-cc1xx:40543/
[rosmaster.master][INFO] 2019-12-29 03:09:21,336: -PUB [/whycon_display/image_view/parameter_updates] /whycon_display/image_view http://itachi-HP-Pavilion-Laptop-15-cc1xx:40543/
[rosmaster.master][INFO] 2019-12-29 03:09:21,336: -SUB [/whycon/image_out] /whycon_display/image_view http://itachi-HP-Pavilion-Laptop-15-cc1xx:40543/
[rosmaster.master][INFO] 2019-12-29 03:09:21,337: -SERVICE [/whycon_display/image_view/get_loggers] /whycon_display/image_view rosrpc://itachi-HP-Pavilion-Laptop-15-cc1xx:40089
[rosmaster.master][INFO] 2019-12-29 03:09:21,338: -SERVICE [/whycon_display/image_view/set_logger_level] /whycon_display/image_view rosrpc://itachi-HP-Pavilion-Laptop-15-cc1xx:40089
[rosmaster.master][INFO] 2019-12-29 03:09:21,338: -SERVICE [/whycon_display/image_view/set_parameters] /whycon_display/image_view rosrpc://itachi-HP-Pavilion-Laptop-15-cc1xx:40089
[rosmaster.master][INFO] 2019-12-29 03:09:21,368: publisherUpdate[/rosout] -> http://itachi-HP-Pavilion-Laptop-15-cc1xx:44173/ ['http://itachi-HP-Pavilion-Laptop-15-cc1xx:46653/', 'http://itachi-HP-Pavilion-Laptop-15-cc1xx:35003/', 'http://itachi-HP-Pavilion-Laptop-15-cc1xx:42317/', 'http://itachi-HP-Pavilion-Laptop-15-cc1xx:44391/']
[rosmaster.master][INFO] 2019-12-29 03:09:21,369: -PUB [/rosout] /usb_cam http://itachi-HP-Pavilion-Laptop-15-cc1xx:46653/
[rosmaster.master][INFO] 2019-12-29 03:09:21,370: publisherUpdate[/rosout] -> http://itachi-HP-Pavilion-Laptop-15-cc1xx:44173/ ['http://itachi-HP-Pavilion-Laptop-15-cc1xx:46653/', 'http://itachi-HP-Pavilion-Laptop-15-cc1xx:35003/', 'http://itachi-HP-Pavilion-Laptop-15-cc1xx:42317/', 'http://itachi-HP-Pavilion-Laptop-15-cc1xx:44391/']: sec=0.00, result=[1, '', 0]
[rosmaster.master][INFO] 2019-12-29 03:09:21,370: publisherUpdate[/rosout] -> http://itachi-HP-Pavilion-Laptop-15-cc1xx:44173/ ['http://itachi-HP-Pavilion-Laptop-15-cc1xx:35003/', 'http://itachi-HP-Pavilion-Laptop-15-cc1xx:42317/', 'http://itachi-HP-Pavilion-Laptop-15-cc1xx:44391/']
[rosmaster.master][INFO] 2019-12-29 03:09:21,371: publisherUpdate[/rosout] -> http://itachi-HP-Pavilion-Laptop-15-cc1xx:44173/ ['http://itachi-HP-Pavilion-Laptop-15-cc1xx:35003/', 'http://itachi-HP-Pavilion-Laptop-15-cc1xx:42317/', 'http://itachi-HP-Pavilion-Laptop-15-cc1xx:44391/']: sec=0.00, result=[1, '', 0]
[rosmaster.master][INFO] 2019-12-29 03:09:21,371: -PUB [/usb_cam/image_raw/compressedDepth] /usb_cam http://itachi-HP-Pavilion-Laptop-15-cc1xx:46653/
[rosmaster.master][INFO] 2019-12-29 03:09:21,372: -PUB [/usb_cam/image_raw/compressedDepth/parameter_descriptions] /usb_cam http://itachi-HP-Pavilion-Laptop-15-cc1xx:46653/
[rosmaster.master][INFO] 2019-12-29 03:09:21,373: -PUB [/usb_cam/image_raw/compressedDepth/parameter_updates] /usb_cam http://itachi-HP-Pavilion-Laptop-15-cc1xx:46653/
[rosmaster.master][INFO] 2019-12-29 03:09:21,374: -PUB [/usb_cam/image_raw/compressed] /usb_cam http://itachi-HP-Pavilion-Laptop-15-cc1xx:46653/
[rosmaster.master][INFO] 2019-12-29 03:09:21,374: -PUB [/usb_cam/image_raw/compressed/parameter_descriptions] /usb_cam http://itachi-HP-Pavilion-Laptop-15-cc1xx:46653/
[rosmaster.master][INFO] 2019-12-29 03:09:21,375: -PUB [/usb_cam/image_raw/compressed/parameter_updates] /usb_cam http://itachi-HP-Pavilion-Laptop-15-cc1xx:46653/
[rosmaster.master][INFO] 2019-12-29 03:09:21,375: -PUB [/usb_cam/image_raw] /usb_cam http://itachi-HP-Pavilion-Laptop-15-cc1xx:46653/
[rosmaster.master][INFO] 2019-12-29 03:09:21,376: -PUB [/usb_cam/image_raw/theora] /usb_cam http://itachi-HP-Pavilion-Laptop-15-cc1xx:46653/
[rosmaster.master][INFO] 2019-12-29 03:09:21,377: -PUB [/usb_cam/image_raw/theora/parameter_descriptions] /usb_cam http://itachi-HP-Pavilion-Laptop-15-cc1xx:46653/
[rosmaster.master][INFO] 2019-12-29 03:09:21,377: -PUB [/usb_cam/image_raw/theora/parameter_updates] /usb_cam http://itachi-HP-Pavilion-Laptop-15-cc1xx:46653/
[rosmaster.master][INFO] 2019-12-29 03:09:21,378: -PUB [/usb_cam/camera_info] /usb_cam http://itachi-HP-Pavilion-Laptop-15-cc1xx:46653/
[rosmaster.master][INFO] 2019-12-29 03:09:21,379: -SERVICE [/usb_cam/get_loggers] /usb_cam rosrpc://itachi-HP-Pavilion-Laptop-15-cc1xx:46861
[rosmaster.master][INFO] 2019-12-29 03:09:21,379: -SERVICE [/usb_cam/set_logger_level] /usb_cam rosrpc://itachi-HP-Pavilion-Laptop-15-cc1xx:46861
[rosmaster.master][INFO] 2019-12-29 03:09:21,380: -SERVICE [/usb_cam/image_raw/compressedDepth/set_parameters] /usb_cam rosrpc://itachi-HP-Pavilion-Laptop-15-cc1xx:46861
[rosmaster.master][INFO] 2019-12-29 03:09:21,381: -SERVICE [/usb_cam/image_raw/compressed/set_parameters] /usb_cam rosrpc://itachi-HP-Pavilion-Laptop-15-cc1xx:46861
[rosmaster.master][INFO] 2019-12-29 03:09:21,381: -SERVICE [/usb_cam/image_raw/theora/set_parameters] /usb_cam rosrpc://itachi-HP-Pavilion-Laptop-15-cc1xx:46861
[rosmaster.master][INFO] 2019-12-29 03:09:21,382: -SERVICE [/usb_cam/set_camera_info] /usb_cam rosrpc://itachi-HP-Pavilion-Laptop-15-cc1xx:46861
[rosmaster.master][INFO] 2019-12-29 03:09:21,385: -SERVICE [/usb_cam/start_capture] /usb_cam rosrpc://itachi-HP-Pavilion-Laptop-15-cc1xx:46861
[rosmaster.master][INFO] 2019-12-29 03:09:21,385: -SERVICE [/usb_cam/stop_capture] /usb_cam rosrpc://itachi-HP-Pavilion-Laptop-15-cc1xx:46861
[rosmaster.master][INFO] 2019-12-29 03:09:21,394: publisherUpdate[/usb_cam/image_raw] -> http://itachi-HP-Pavilion-Laptop-15-cc1xx:35003/ []
[rosmaster.master][INFO] 2019-12-29 03:09:21,395: publisherUpdate[/usb_cam/image_raw] -> http://itachi-HP-Pavilion-Laptop-15-cc1xx:35003/ []: sec=0.00, result=[1, '', 0]
[rosmaster.master][INFO] 2019-12-29 03:09:21,395: publisherUpdate[/usb_cam/camera_info] -> http://itachi-HP-Pavilion-Laptop-15-cc1xx:42317/ []
[rosmaster.master][INFO] 2019-12-29 03:09:21,395: publisherUpdate[/usb_cam/camera_info] -> http://itachi-HP-Pavilion-Laptop-15-cc1xx:42317/ []: sec=0.00, result=[0, 'Unknown Error', 0]
[rosmaster.master][INFO] 2019-12-29 03:09:21,396: publisherUpdate[/usb_cam/camera_info] -> http://itachi-HP-Pavilion-Laptop-15-cc1xx:35003/ []
[rosmaster.master][INFO] 2019-12-29 03:09:21,396: publisherUpdate[/usb_cam/camera_info] -> http://itachi-HP-Pavilion-Laptop-15-cc1xx:35003/ []: sec=0.00, result=[1, '', 0]
[rosmaster.master][INFO] 2019-12-29 03:09:21,497: -PUB [/rosout] /whycon http://itachi-HP-Pavilion-Laptop-15-cc1xx:42317/
[rosmaster.master][INFO] 2019-12-29 03:09:21,498: publisherUpdate[/rosout] -> http://itachi-HP-Pavilion-Laptop-15-cc1xx:44173/ ['http://itachi-HP-Pavilion-Laptop-15-cc1xx:35003/', 'http://itachi-HP-Pavilion-Laptop-15-cc1xx:44391/']
[rosmaster.master][INFO] 2019-12-29 03:09:21,498: -PUB [/rosout] /usb_cam/image_proc http://itachi-HP-Pavilion-Laptop-15-cc1xx:35003/
[rosmaster.master][INFO] 2019-12-29 03:09:21,498: publisherUpdate[/rosout] -> http://itachi-HP-Pavilion-Laptop-15-cc1xx:44173/ ['http://itachi-HP-Pavilion-Laptop-15-cc1xx:35003/', 'http://itachi-HP-Pavilion-Laptop-15-cc1xx:44391/']: sec=0.00, result=[1, '', 0]
[rosmaster.master][INFO] 2019-12-29 03:09:21,499: publisherUpdate[/rosout] -> http://itachi-HP-Pavilion-Laptop-15-cc1xx:44173/ ['http://itachi-HP-Pavilion-Laptop-15-cc1xx:44391/']
[rosmaster.master][INFO] 2019-12-29 03:09:21,499: -PUB [/tf] /whycon http://itachi-HP-Pavilion-Laptop-15-cc1xx:42317/
[rosmaster.master][INFO] 2019-12-29 03:09:21,500: publisherUpdate[/rosout] -> http://itachi-HP-Pavilion-Laptop-15-cc1xx:44173/ ['http://itachi-HP-Pavilion-Laptop-15-cc1xx:44391/']: sec=0.00, result=[1, '', 0]
[rosmaster.master][INFO] 2019-12-29 03:09:21,500: -PUB [/usb_cam/image_proc_debayer/parameter_descriptions] /usb_cam/image_proc http://itachi-HP-Pavilion-Laptop-15-cc1xx:35003/
[rosmaster.master][INFO] 2019-12-29 03:09:21,501: -PUB [/whycon/image_out] /whycon http://itachi-HP-Pavilion-Laptop-15-cc1xx:42317/
[rosmaster.master][INFO] 2019-12-29 03:09:21,502: -PUB [/usb_cam/image_proc_debayer/parameter_updates] /usb_cam/image_proc http://itachi-HP-Pavilion-Laptop-15-cc1xx:35003/
[rosmaster.master][INFO] 2019-12-29 03:09:21,503: -PUB [/whycon/poses] /whycon http://itachi-HP-Pavilion-Laptop-15-cc1xx:42317/
[rosmaster.master][INFO] 2019-12-29 03:09:21,503: -PUB [/usb_cam/image_mono/compressedDepth] /usb_cam/image_proc http://itachi-HP-Pavilion-Laptop-15-cc1xx:35003/
[rosmaster.master][INFO] 2019-12-29 03:09:21,504: -PUB [/whycon/context] /whycon http://itachi-HP-Pavilion-Laptop-15-cc1xx:42317/
[rosmaster.master][INFO] 2019-12-29 03:09:21,505: -PUB [/usb_cam/image_mono/compressedDepth/parameter_descriptions] /usb_cam/image_proc http://itachi-HP-Pavilion-Laptop-15-cc1xx:35003/
[rosmaster.master][INFO] 2019-12-29 03:09:21,506: -PUB [/whycon/projection] /whycon http://itachi-HP-Pavilion-Laptop-15-cc1xx:42317/
[rosmaster.master][INFO] 2019-12-29 03:09:21,506: -PUB [/usb_cam/image_mono/compressedDepth/parameter_updates] /usb_cam/image_proc http://itachi-HP-Pavilion-Laptop-15-cc1xx:35003/
[rosmaster.master][INFO] 2019-12-29 03:09:21,507: -SUB [/usb_cam/image_rect_color] /whycon http://itachi-HP-Pavilion-Laptop-15-cc1xx:42317/
[rosmaster.master][INFO] 2019-12-29 03:09:21,508: -PUB [/usb_cam/image_mono/compressed] /usb_cam/image_proc http://itachi-HP-Pavilion-Laptop-15-cc1xx:35003/
[rosmaster.master][INFO] 2019-12-29 03:09:21,508: -SUB [/usb_cam/camera_info] /whycon http://itachi-HP-Pavilion-Laptop-15-cc1xx:42317/
[rosmaster.master][INFO] 2019-12-29 03:09:21,509: -PUB [/usb_cam/image_mono/compressed/parameter_descriptions] /usb_cam/image_proc http://itachi-HP-Pavilion-Laptop-15-cc1xx:35003/
[rosmaster.master][INFO] 2019-12-29 03:09:21,510: -SERVICE [/whycon/get_loggers] /whycon rosrpc://itachi-HP-Pavilion-Laptop-15-cc1xx:55325
[rosmaster.master][INFO] 2019-12-29 03:09:21,511: -PUB [/usb_cam/image_mono/compressed/parameter_updates] /usb_cam/image_proc http://itachi-HP-Pavilion-Laptop-15-cc1xx:35003/
[rosmaster.master][INFO] 2019-12-29 03:09:21,512: -SERVICE [/whycon/set_logger_level] /whycon rosrpc://itachi-HP-Pavilion-Laptop-15-cc1xx:55325
[rosmaster.master][INFO] 2019-12-29 03:09:21,513: -PUB [/usb_cam/image_mono] /usb_cam/image_proc http://itachi-HP-Pavilion-Laptop-15-cc1xx:35003/
[rosmaster.master][INFO] 2019-12-29 03:09:21,515: -SERVICE [/whycon/reset] /whycon rosrpc://itachi-HP-Pavilion-Laptop-15-cc1xx:55325
[rosmaster.master][INFO] 2019-12-29 03:09:21,516: -PUB [/usb_cam/image_mono/theora] /usb_cam/image_proc http://itachi-HP-Pavilion-Laptop-15-cc1xx:35003/
[rosmaster.master][INFO] 2019-12-29 03:09:21,516: -PUB [/usb_cam/image_mono/theora/parameter_descriptions] /usb_cam/image_proc http://itachi-HP-Pavilion-Laptop-15-cc1xx:35003/
[rosmaster.master][INFO] 2019-12-29 03:09:21,517: -PUB [/usb_cam/image_mono/theora/parameter_updates] /usb_cam/image_proc http://itachi-HP-Pavilion-Laptop-15-cc1xx:35003/
[rosmaster.master][INFO] 2019-12-29 03:09:21,518: -PUB [/usb_cam/image_color/compressedDepth] /usb_cam/image_proc http://itachi-HP-Pavilion-Laptop-15-cc1xx:35003/
[rosmaster.master][INFO] 2019-12-29 03:09:21,518: -PUB [/usb_cam/image_color/compressedDepth/parameter_descriptions] /usb_cam/image_proc http://itachi-HP-Pavilion-Laptop-15-cc1xx:35003/
[rosmaster.master][INFO] 2019-12-29 03:09:21,519: -PUB [/usb_cam/image_color/compressedDepth/parameter_updates] /usb_cam/image_proc http://itachi-HP-Pavilion-Laptop-15-cc1xx:35003/
[rosmaster.master][INFO] 2019-12-29 03:09:21,520: -PUB [/usb_cam/image_color/compressed] /usb_cam/image_proc http://itachi-HP-Pavilion-Laptop-15-cc1xx:35003/
[rosmaster.master][INFO] 2019-12-29 03:09:21,520: -PUB [/usb_cam/image_color/compressed/parameter_descriptions] /usb_cam/image_proc http://itachi-HP-Pavilion-Laptop-15-cc1xx:35003/
[rosmaster.master][INFO] 2019-12-29 03:09:21,521: -PUB [/usb_cam/image_color/compressed/parameter_updates] /usb_cam/image_proc http://itachi-HP-Pavilion-Laptop-15-cc1xx:35003/
[rosmaster.master][INFO] 2019-12-29 03:09:21,521: -PUB [/usb_cam/image_color] /usb_cam/image_proc http://itachi-HP-Pavilion-Laptop-15-cc1xx:35003/
[rosmaster.master][INFO] 2019-12-29 03:09:21,522: -PUB [/usb_cam/image_color/theora] /usb_cam/image_proc http://itachi-HP-Pavilion-Laptop-15-cc1xx:35003/
[rosmaster.master][INFO] 2019-12-29 03:09:21,523: -PUB [/usb_cam/image_color/theora/parameter_descriptions] /usb_cam/image_proc http://itachi-HP-Pavilion-Laptop-15-cc1xx:35003/
[rosmaster.master][INFO] 2019-12-29 03:09:21,523: -PUB [/usb_cam/image_color/theora/parameter_updates] /usb_cam/image_proc http://itachi-HP-Pavilion-Laptop-15-cc1xx:35003/
[rosmaster.master][INFO] 2019-12-29 03:09:21,524: -PUB [/usb_cam/image_proc_rectify_mono/parameter_descriptions] /usb_cam/image_proc http://itachi-HP-Pavilion-Laptop-15-cc1xx:35003/
[rosmaster.master][INFO] 2019-12-29 03:09:21,525: -PUB [/usb_cam/image_proc_rectify_mono/parameter_updates] /usb_cam/image_proc http://itachi-HP-Pavilion-Laptop-15-cc1xx:35003/
[rosmaster.master][INFO] 2019-12-29 03:09:21,525: -PUB [/usb_cam/image_rect/compressedDepth] /usb_cam/image_proc http://itachi-HP-Pavilion-Laptop-15-cc1xx:35003/
[rosmaster.master][INFO] 2019-12-29 03:09:21,526: -PUB [/usb_cam/image_rect/compressedDepth/parameter_descriptions] /usb_cam/image_proc http://itachi-HP-Pavilion-Laptop-15-cc1xx:35003/
[rosmaster.master][INFO] 2019-12-29 03:09:21,527: -PUB [/usb_cam/image_rect/compressedDepth/parameter_updates] /usb_cam/image_proc http://itachi-HP-Pavilion-Laptop-15-cc1xx:35003/
[rosmaster.master][INFO] 2019-12-29 03:09:21,527: -PUB [/usb_cam/image_rect/compressed] /usb_cam/image_proc http://itachi-HP-Pavilion-Laptop-15-cc1xx:35003/
[rosmaster.master][INFO] 2019-12-29 03:09:21,528: -PUB [/usb_cam/image_rect/compressed/parameter_descriptions] /usb_cam/image_proc http://itachi-HP-Pavilion-Laptop-15-cc1xx:35003/
[rosmaster.master][INFO] 2019-12-29 03:09:21,528: -PUB [/usb_cam/image_rect/compressed/parameter_updates] /usb_cam/image_proc http://itachi-HP-Pavilion-Laptop-15-cc1xx:35003/
[rosmaster.master][INFO] 2019-12-29 03:09:21,529: -PUB [/usb_cam/image_rect] /usb_cam/image_proc http://itachi-HP-Pavilion-Laptop-15-cc1xx:35003/
[rosmaster.master][INFO] 2019-12-29 03:09:21,529: -PUB [/usb_cam/image_rect/theora] /usb_cam/image_proc http://itachi-HP-Pavilion-Laptop-15-cc1xx:35003/
[rosmaster.master][INFO] 2019-12-29 03:09:21,530: -PUB [/usb_cam/image_rect/theora/parameter_descriptions] /usb_cam/image_proc http://itachi-HP-Pavilion-Laptop-15-cc1xx:35003/
[rosmaster.master][INFO] 2019-12-29 03:09:21,531: -PUB [/usb_cam/image_rect/theora/parameter_updates] /usb_cam/image_proc http://itachi-HP-Pavilion-Laptop-15-cc1xx:35003/
[rosmaster.master][INFO] 2019-12-29 03:09:21,531: -PUB [/usb_cam/image_proc_rectify_color/parameter_descriptions] /usb_cam/image_proc http://itachi-HP-Pavilion-Laptop-15-cc1xx:35003/
[rosmaster.master][INFO] 2019-12-29 03:09:21,532: -PUB [/usb_cam/image_proc_rectify_color/parameter_updates] /usb_cam/image_proc http://itachi-HP-Pavilion-Laptop-15-cc1xx:35003/
[rosmaster.master][INFO] 2019-12-29 03:09:21,533: -PUB [/usb_cam/image_rect_color/compressedDepth] /usb_cam/image_proc http://itachi-HP-Pavilion-Laptop-15-cc1xx:35003/
[rosmaster.master][INFO] 2019-12-29 03:09:21,533: -PUB [/usb_cam/image_rect_color/compressedDepth/parameter_descriptions] /usb_cam/image_proc http://itachi-HP-Pavilion-Laptop-15-cc1xx:35003/
[rosmaster.master][INFO] 2019-12-29 03:09:21,534: -PUB [/usb_cam/image_rect_color/compressedDepth/parameter_updates] /usb_cam/image_proc http://itachi-HP-Pavilion-Laptop-15-cc1xx:35003/
[rosmaster.master][INFO] 2019-12-29 03:09:21,535: -PUB [/usb_cam/image_rect_color/compressed] /usb_cam/image_proc http://itachi-HP-Pavilion-Laptop-15-cc1xx:35003/
[rosmaster.master][INFO] 2019-12-29 03:09:21,535: -PUB [/usb_cam/image_rect_color/compressed/parameter_descriptions] /usb_cam/image_proc http://itachi-HP-Pavilion-Laptop-15-cc1xx:35003/
[rosmaster.master][INFO] 2019-12-29 03:09:21,536: -PUB [/usb_cam/image_rect_color/compressed/parameter_updates] /usb_cam/image_proc http://itachi-HP-Pavilion-Laptop-15-cc1xx:35003/
[rosmaster.master][INFO] 2019-12-29 03:09:21,536: -PUB [/usb_cam/image_rect_color] /usb_cam/image_proc http://itachi-HP-Pavilion-Laptop-15-cc1xx:35003/
[rosmaster.master][INFO] 2019-12-29 03:09:21,537: -PUB [/usb_cam/image_rect_color/theora] /usb_cam/image_proc http://itachi-HP-Pavilion-Laptop-15-cc1xx:35003/
[rosmaster.master][INFO] 2019-12-29 03:09:21,537: -PUB [/usb_cam/image_rect_color/theora/parameter_descriptions] /usb_cam/image_proc http://itachi-HP-Pavilion-Laptop-15-cc1xx:35003/
[rosmaster.master][INFO] 2019-12-29 03:09:21,538: -PUB [/usb_cam/image_rect_color/theora/parameter_updates] /usb_cam/image_proc http://itachi-HP-Pavilion-Laptop-15-cc1xx:35003/
[rosmaster.master][INFO] 2019-12-29 03:09:21,539: -SUB [/usb_cam/image_color] /usb_cam/image_proc http://itachi-HP-Pavilion-Laptop-15-cc1xx:35003/
[rosmaster.master][INFO] 2019-12-29 03:09:21,539: -SUB [/usb_cam/camera_info] /usb_cam/image_proc http://itachi-HP-Pavilion-Laptop-15-cc1xx:35003/
[rosmaster.master][INFO] 2019-12-29 03:09:21,540: -SUB [/usb_cam/image_raw] /usb_cam/image_proc http://itachi-HP-Pavilion-Laptop-15-cc1xx:35003/
[rosmaster.master][INFO] 2019-12-29 03:09:21,541: -SERVICE [/usb_cam/image_proc/get_loggers] /usb_cam/image_proc rosrpc://itachi-HP-Pavilion-Laptop-15-cc1xx:55715
[rosmaster.master][INFO] 2019-12-29 03:09:21,541: -SERVICE [/usb_cam/image_proc/set_logger_level] /usb_cam/image_proc rosrpc://itachi-HP-Pavilion-Laptop-15-cc1xx:55715
[rosmaster.master][INFO] 2019-12-29 03:09:21,542: -SERVICE [/usb_cam/image_proc_debayer/set_parameters] /usb_cam/image_proc rosrpc://itachi-HP-Pavilion-Laptop-15-cc1xx:55715
[rosmaster.master][INFO] 2019-12-29 03:09:21,542: -SERVICE [/usb_cam/image_mono/compressedDepth/set_parameters] /usb_cam/image_proc rosrpc://itachi-HP-Pavilion-Laptop-15-cc1xx:55715
[rosmaster.master][INFO] 2019-12-29 03:09:21,543: -SERVICE [/usb_cam/image_mono/compressed/set_parameters] /usb_cam/image_proc rosrpc://itachi-HP-Pavilion-Laptop-15-cc1xx:55715
[rosmaster.master][INFO] 2019-12-29 03:09:21,544: -SERVICE [/usb_cam/image_mono/theora/set_parameters] /usb_cam/image_proc rosrpc://itachi-HP-Pavilion-Laptop-15-cc1xx:55715
[rosmaster.master][INFO] 2019-12-29 03:09:21,544: -SERVICE [/usb_cam/image_color/compressedDepth/set_parameters] /usb_cam/image_proc rosrpc://itachi-HP-Pavilion-Laptop-15-cc1xx:55715
[rosmaster.master][INFO] 2019-12-29 03:09:21,545: -SERVICE [/usb_cam/image_color/compressed/set_parameters] /usb_cam/image_proc rosrpc://itachi-HP-Pavilion-Laptop-15-cc1xx:55715
[rosmaster.master][INFO] 2019-12-29 03:09:21,545: -SERVICE [/usb_cam/image_color/theora/set_parameters] /usb_cam/image_proc rosrpc://itachi-HP-Pavilion-Laptop-15-cc1xx:55715
[rosmaster.master][INFO] 2019-12-29 03:09:21,546: -SERVICE [/usb_cam/image_proc_rectify_mono/set_parameters] /usb_cam/image_proc rosrpc://itachi-HP-Pavilion-Laptop-15-cc1xx:55715
[rosmaster.master][INFO] 2019-12-29 03:09:21,547: -SERVICE [/usb_cam/image_rect/compressedDepth/set_parameters] /usb_cam/image_proc rosrpc://itachi-HP-Pavilion-Laptop-15-cc1xx:55715
[rosmaster.master][INFO] 2019-12-29 03:09:21,547: -SERVICE [/usb_cam/image_rect/compressed/set_parameters] /usb_cam/image_proc rosrpc://itachi-HP-Pavilion-Laptop-15-cc1xx:55715
[rosmaster.master][INFO] 2019-12-29 03:09:21,548: -SERVICE [/usb_cam/image_rect/theora/set_parameters] /usb_cam/image_proc rosrpc://itachi-HP-Pavilion-Laptop-15-cc1xx:55715
[rosmaster.master][INFO] 2019-12-29 03:09:21,548: -SERVICE [/usb_cam/image_proc_rectify_color/set_parameters] /usb_cam/image_proc rosrpc://itachi-HP-Pavilion-Laptop-15-cc1xx:55715
[rosmaster.master][INFO] 2019-12-29 03:09:21,549: -SERVICE [/usb_cam/image_rect_color/compressedDepth/set_parameters] /usb_cam/image_proc rosrpc://itachi-HP-Pavilion-Laptop-15-cc1xx:55715
[rosmaster.master][INFO] 2019-12-29 03:09:21,550: -SERVICE [/usb_cam/image_rect_color/compressed/set_parameters] /usb_cam/image_proc rosrpc://itachi-HP-Pavilion-Laptop-15-cc1xx:55715
[rosmaster.master][INFO] 2019-12-29 03:09:21,550: -SERVICE [/usb_cam/image_rect_color/theora/set_parameters] /usb_cam/image_proc rosrpc://itachi-HP-Pavilion-Laptop-15-cc1xx:55715
[rosmaster.master][INFO] 2019-12-29 03:09:21,572: publisherUpdate[/usb_cam/image_color] -> http://itachi-HP-Pavilion-Laptop-15-cc1xx:35003/ []
[rosmaster.master][INFO] 2019-12-29 03:09:21,572: publisherUpdate[/usb_cam/image_color] -> http://itachi-HP-Pavilion-Laptop-15-cc1xx:35003/ []: sec=0.00, exception=<Fault -1: 'publisherUpdate: unknown method name'>
[rosmaster.threadpool][ERROR] 2019-12-29 03:09:21,573: Traceback (most recent call last):
  File "/opt/ros/kinetic/lib/python2.7/dist-packages/rosmaster/threadpool.py", line 218, in run
    result = cmd(*args)
  File "/opt/ros/kinetic/lib/python2.7/dist-packages/rosmaster/master_api.py", line 210, in publisher_update_task
    ret = xmlrpcapi(api).publisherUpdate('/master', topic, pub_uris)
  File "/usr/lib/python2.7/xmlrpclib.py", line 1243, in __call__
    return self.__send(self.__name, args)
  File "/usr/lib/python2.7/xmlrpclib.py", line 1602, in __request
    verbose=self.__verbose
  File "/usr/lib/python2.7/xmlrpclib.py", line 1283, in request
    return self.single_request(host, handler, request_body, verbose)
  File "/usr/lib/python2.7/xmlrpclib.py", line 1316, in single_request
    return self.parse_response(response)
  File "/usr/lib/python2.7/xmlrpclib.py", line 1493, in parse_response
    return u.close()
  File "/usr/lib/python2.7/xmlrpclib.py", line 800, in close
    raise Fault(**self._stack[0])
Fault: <Fault -1: 'publisherUpdate: unknown method name'>

[rosmaster.master][INFO] 2019-12-29 03:09:22,802: -PUB [/rosout_agg] /rosout http://itachi-HP-Pavilion-Laptop-15-cc1xx:44173/
[rosmaster.master][INFO] 2019-12-29 03:09:22,802: -SUB [/rosout] /rosout http://itachi-HP-Pavilion-Laptop-15-cc1xx:44173/
[rosmaster.master][INFO] 2019-12-29 03:09:22,803: -SERVICE [/rosout/get_loggers] /rosout rosrpc://itachi-HP-Pavilion-Laptop-15-cc1xx:38951
[rosmaster.master][INFO] 2019-12-29 03:09:22,803: -SERVICE [/rosout/set_logger_level] /rosout rosrpc://itachi-HP-Pavilion-Laptop-15-cc1xx:38951
[rosmaster.main][INFO] 2019-12-29 03:09:22,881: keyboard interrupt, will exit
[rosmaster.main][INFO] 2019-12-29 03:09:22,881: stopping master...
[rospy.core][INFO] 2019-12-29 03:09:22,881: signal_shutdown [atexit]
