[rospy.client][INFO] 2019-11-13 00:04:12,663: init_node, name[/edrone/spawn_edrone], pid[3139]
[xmlrpc][INFO] 2019-11-13 00:04:12,664: XML-RPC server binding to 0.0.0.0:0
[xmlrpc][INFO] 2019-11-13 00:04:12,664: Started XML-RPC server [http://itachi-HP-Pavilion-Laptop-15-cc1xx:46715/]
[rospy.init][INFO] 2019-11-13 00:04:12,664: ROS Slave URI: [http://itachi-HP-Pavilion-Laptop-15-cc1xx:46715/]
[rospy.impl.masterslave][INFO] 2019-11-13 00:04:12,664: _ready: http://itachi-HP-Pavilion-Laptop-15-cc1xx:46715/
[rospy.registration][INFO] 2019-11-13 00:04:12,665: Registering with master node http://localhost:11311
[xmlrpc][INFO] 2019-11-13 00:04:12,665: xml rpc node: starting XML-RPC server
[rospy.init][INFO] 2019-11-13 00:04:12,765: registered with master
[rospy.rosout][INFO] 2019-11-13 00:04:12,765: initializing /rosout core topic
[rospy.rosout][INFO] 2019-11-13 00:04:12,771: connected to core topic /rosout
[rospy.simtime][INFO] 2019-11-13 00:04:12,775: initializing /clock core topic
[rospy.simtime][INFO] 2019-11-13 00:04:12,781: connected to core topic /clock
[rosout][INFO] 2019-11-13 00:04:12,789: Loading model XML from ros parameter
[rosout][INFO] 2019-11-13 00:04:12,800: Waiting for service /gazebo/spawn_urdf_model
[rospy.internal][INFO] 2019-11-13 00:04:13,053: topic[/rosout] adding connection to [/rosout], count 0
[rospy.internal][INFO] 2019-11-13 00:04:16,496: topic[/clock] adding connection to [http://itachi-HP-Pavilion-Laptop-15-cc1xx:32781/], count 0
[rosout][INFO] 2019-11-13 00:04:16,741: Calling service /gazebo/spawn_urdf_model
[rosout][INFO] 2019-11-13 00:04:17,851: Spawn status: SpawnModel: Successfully spawned entity
[rospy.core][INFO] 2019-11-13 00:04:17,852: signal_shutdown [atexit]
[rospy.internal][INFO] 2019-11-13 00:04:17,854: topic[/rosout] removing connection to /rosout
[rospy.internal][INFO] 2019-11-13 00:04:17,854: topic[/clock] removing connection to http://itachi-HP-Pavilion-Laptop-15-cc1xx:32781/
[rospy.impl.masterslave][INFO] 2019-11-13 00:04:17,854: atexit
