[rospy.client][INFO] 2019-11-13 03:14:50,072: init_node, name[/edrone/spawn_edrone], pid[25697]
[xmlrpc][INFO] 2019-11-13 03:14:50,072: XML-RPC server binding to 0.0.0.0:0
[xmlrpc][INFO] 2019-11-13 03:14:50,073: Started XML-RPC server [http://itachi-HP-Pavilion-Laptop-15-cc1xx:43665/]
[rospy.impl.masterslave][INFO] 2019-11-13 03:14:50,073: _ready: http://itachi-HP-Pavilion-Laptop-15-cc1xx:43665/
[rospy.init][INFO] 2019-11-13 03:14:50,073: ROS Slave URI: [http://itachi-HP-Pavilion-Laptop-15-cc1xx:43665/]
[rospy.registration][INFO] 2019-11-13 03:14:50,074: Registering with master node http://localhost:11311
[xmlrpc][INFO] 2019-11-13 03:14:50,074: xml rpc node: starting XML-RPC server
[rospy.init][INFO] 2019-11-13 03:14:50,173: registered with master
[rospy.rosout][INFO] 2019-11-13 03:14:50,174: initializing /rosout core topic
[rospy.rosout][INFO] 2019-11-13 03:14:50,176: connected to core topic /rosout
[rospy.simtime][INFO] 2019-11-13 03:14:50,177: initializing /clock core topic
[rospy.simtime][INFO] 2019-11-13 03:14:50,179: connected to core topic /clock
[rosout][INFO] 2019-11-13 03:14:50,181: Loading model XML from ros parameter
[rosout][INFO] 2019-11-13 03:14:50,185: Waiting for service /gazebo/spawn_urdf_model
[rospy.internal][INFO] 2019-11-13 03:14:50,400: topic[/rosout] adding connection to [/rosout], count 0
[rospy.internal][INFO] 2019-11-13 03:14:50,654: topic[/clock] adding connection to [http://itachi-HP-Pavilion-Laptop-15-cc1xx:37209/], count 0
[rosout][INFO] 2019-11-13 03:14:50,789: Calling service /gazebo/spawn_urdf_model
[rosout][INFO] 2019-11-13 03:14:51,044: Spawn status: SpawnModel: Successfully spawned entity
[rospy.core][INFO] 2019-11-13 03:14:51,045: signal_shutdown [atexit]
[rospy.internal][INFO] 2019-11-13 03:14:51,047: topic[/rosout] removing connection to /rosout
[rospy.internal][INFO] 2019-11-13 03:14:51,047: topic[/clock] removing connection to http://itachi-HP-Pavilion-Laptop-15-cc1xx:37209/
[rospy.impl.masterslave][INFO] 2019-11-13 03:14:51,048: atexit
