[rosmaster.main][INFO] 2019-11-13 03:14:49,593: initialization complete, waiting for shutdown
[rosmaster.main][INFO] 2019-11-13 03:14:49,593: Starting ROS Master Node
[xmlrpc][INFO] 2019-11-13 03:14:49,594: XML-RPC server binding to 0.0.0.0:11311
[xmlrpc][INFO] 2019-11-13 03:14:49,594: Started XML-RPC server [http://itachi-HP-Pavilion-Laptop-15-cc1xx:11311/]
[xmlrpc][INFO] 2019-11-13 03:14:49,594: xml rpc node: starting XML-RPC server
[rosmaster.master][INFO] 2019-11-13 03:14:49,594: Master initialized: port[11311], uri[http://itachi-HP-Pavilion-Laptop-15-cc1xx:11311/]
[rosmaster.master][INFO] 2019-11-13 03:14:49,650: +PARAM [/run_id] by /roslaunch
[rosmaster.master][INFO] 2019-11-13 03:14:49,652: +PARAM [/roslaunch/uris/host_itachi_hp_pavilion_laptop_15_cc1xx__38057] by /roslaunch
[rosmaster.master][INFO] 2019-11-13 03:14:49,756: +PARAM [/use_sim_time] by /roslaunch
[rosmaster.master][INFO] 2019-11-13 03:14:49,756: +PARAM [/edrone/roll_pitch_yawrate_thrust_controller_node/angular_rate_gain/z] by /roslaunch
[rosmaster.master][INFO] 2019-11-13 03:14:49,756: +PARAM [/edrone/roll_pitch_yawrate_thrust_controller_node/angular_rate_gain/x] by /roslaunch
[rosmaster.master][INFO] 2019-11-13 03:14:49,756: +PARAM [/edrone/roll_pitch_yawrate_thrust_controller_node/angular_rate_gain/y] by /roslaunch
[rosmaster.master][INFO] 2019-11-13 03:14:49,757: +PARAM [/edrone/roll_pitch_yawrate_thrust_controller_node/inertia/yy] by /roslaunch
[rosmaster.master][INFO] 2019-11-13 03:14:49,757: +PARAM [/edrone/roll_pitch_yawrate_thrust_controller_node/rotor_configuration/2/arm_length] by /roslaunch
[rosmaster.master][INFO] 2019-11-13 03:14:49,757: +PARAM [/edrone/roll_pitch_yawrate_thrust_controller_node/attitude_gain/y] by /roslaunch
[rosmaster.master][INFO] 2019-11-13 03:14:49,757: +PARAM [/edrone/roll_pitch_yawrate_thrust_controller_node/attitude_gain/x] by /roslaunch
[rosmaster.master][INFO] 2019-11-13 03:14:49,757: +PARAM [/edrone/roll_pitch_yawrate_thrust_controller_node/rotor_configuration/1/rotor_force_constant] by /roslaunch
[rosmaster.master][INFO] 2019-11-13 03:14:49,757: +SERVICE [/rosout/get_loggers] /rosout http://itachi-HP-Pavilion-Laptop-15-cc1xx:41041/
[rosmaster.master][INFO] 2019-11-13 03:14:49,757: +PARAM [/edrone/roll_pitch_yawrate_thrust_controller_node/attitude_gain/z] by /roslaunch
[rosmaster.master][INFO] 2019-11-13 03:14:49,758: +PARAM [/edrone/roll_pitch_yawrate_thrust_controller_node/rotor_configuration/3/rotor_force_constant] by /roslaunch
[rosmaster.master][INFO] 2019-11-13 03:14:49,758: +PARAM [/edrone/roll_pitch_yawrate_thrust_controller_node/rotor_configuration/1/arm_length] by /roslaunch
[rosmaster.master][INFO] 2019-11-13 03:14:49,758: +SERVICE [/rosout/set_logger_level] /rosout http://itachi-HP-Pavilion-Laptop-15-cc1xx:41041/
[rosmaster.master][INFO] 2019-11-13 03:14:49,758: +PARAM [/edrone/roll_pitch_yawrate_thrust_controller_node/rotor_configuration/1/angle] by /roslaunch
[rosmaster.master][INFO] 2019-11-13 03:14:49,758: +PARAM [/edrone/roll_pitch_yawrate_thrust_controller_node/rotor_configuration/3/rotor_moment_constant] by /roslaunch
[rosmaster.master][INFO] 2019-11-13 03:14:49,759: +PARAM [/edrone/roll_pitch_yawrate_thrust_controller_node/inertia/yz] by /roslaunch
[rosmaster.master][INFO] 2019-11-13 03:14:49,759: +PARAM [/edrone/roll_pitch_yawrate_thrust_controller_node/rotor_configuration/3/angle] by /roslaunch
[rosmaster.master][INFO] 2019-11-13 03:14:49,760: +PARAM [/edrone/roll_pitch_yawrate_thrust_controller_node/rotor_configuration/0/angle] by /roslaunch
[rosmaster.master][INFO] 2019-11-13 03:14:49,760: +PARAM [/edrone/tf_prefix] by /roslaunch
[rosmaster.master][INFO] 2019-11-13 03:14:49,760: +PARAM [/edrone/roll_pitch_yawrate_thrust_controller_node/rotor_configuration/0/direction] by /roslaunch
[rosmaster.master][INFO] 2019-11-13 03:14:49,760: +PARAM [/edrone/roll_pitch_yawrate_thrust_controller_node/rotor_configuration/1/direction] by /roslaunch
[rosmaster.master][INFO] 2019-11-13 03:14:49,761: +PARAM [/edrone/roll_pitch_yawrate_thrust_controller_node/rotor_configuration/2/rotor_moment_constant] by /roslaunch
[rosmaster.master][INFO] 2019-11-13 03:14:49,761: +PARAM [/whycon/inner_diameter] by /roslaunch
[rosmaster.master][INFO] 2019-11-13 03:14:49,762: +PARAM [/edrone/roll_pitch_yawrate_thrust_controller_node/rotor_configuration/3/arm_length] by /roslaunch
[rosmaster.master][INFO] 2019-11-13 03:14:49,762: +PARAM [/edrone/roll_pitch_yawrate_thrust_controller_node/rotor_configuration/0/rotor_force_constant] by /roslaunch
[rosmaster.master][INFO] 2019-11-13 03:14:49,762: +PARAM [/edrone/roll_pitch_yawrate_thrust_controller_node/rotor_configuration/2/rotor_force_constant] by /roslaunch
[rosmaster.master][INFO] 2019-11-13 03:14:49,763: +PARAM [/rosdistro] by /roslaunch
[rosmaster.master][INFO] 2019-11-13 03:14:49,763: +PARAM [/edrone/roll_pitch_yawrate_thrust_controller_node/rotor_configuration/3/direction] by /roslaunch
[rosmaster.master][INFO] 2019-11-13 03:14:49,763: +PARAM [/edrone/roll_pitch_yawrate_thrust_controller_node/mass] by /roslaunch
[rosmaster.master][INFO] 2019-11-13 03:14:49,763: +SUB [/clock] /rosout http://itachi-HP-Pavilion-Laptop-15-cc1xx:41041/
[rosmaster.master][INFO] 2019-11-13 03:14:49,764: +PARAM [/rosversion] by /roslaunch
[rosmaster.master][INFO] 2019-11-13 03:14:49,764: +PARAM [/edrone/roll_pitch_yawrate_thrust_controller_node/rotor_configuration/0/rotor_moment_constant] by /roslaunch
[rosmaster.master][INFO] 2019-11-13 03:14:49,764: +PARAM [/edrone/roll_pitch_yawrate_thrust_controller_node/rotor_configuration/2/direction] by /roslaunch
[rosmaster.master][INFO] 2019-11-13 03:14:49,764: +PARAM [/edrone/robot_description] by /roslaunch
[rosmaster.master][INFO] 2019-11-13 03:14:49,764: +PUB [/rosout_agg] /rosout http://itachi-HP-Pavilion-Laptop-15-cc1xx:41041/
[rosmaster.master][INFO] 2019-11-13 03:14:49,764: +PARAM [/whycon/name] by /roslaunch
[rosmaster.master][INFO] 2019-11-13 03:14:49,765: +PARAM [/whycon/targets] by /roslaunch
[rosmaster.master][INFO] 2019-11-13 03:14:49,765: +PARAM [/edrone/roll_pitch_yawrate_thrust_controller_node/inertia/xz] by /roslaunch
[rosmaster.master][INFO] 2019-11-13 03:14:49,765: +PARAM [/edrone/roll_pitch_yawrate_thrust_controller_node/rotor_configuration/0/arm_length] by /roslaunch
[rosmaster.master][INFO] 2019-11-13 03:14:49,766: +PARAM [/edrone/roll_pitch_yawrate_thrust_controller_node/inertia/xx] by /roslaunch
[rosmaster.master][INFO] 2019-11-13 03:14:49,766: +PARAM [/edrone/roll_pitch_yawrate_thrust_controller_node/inertia/xy] by /roslaunch
[rosmaster.master][INFO] 2019-11-13 03:14:49,766: +PARAM [/edrone/roll_pitch_yawrate_thrust_controller_node/inertia/zz] by /roslaunch
[rosmaster.master][INFO] 2019-11-13 03:14:49,766: +PARAM [/edrone/roll_pitch_yawrate_thrust_controller_node/rotor_configuration/2/angle] by /roslaunch
[rosmaster.master][INFO] 2019-11-13 03:14:49,767: +PARAM [/whycon/outer_diameter] by /roslaunch
[rosmaster.master][INFO] 2019-11-13 03:14:49,767: +PARAM [/edrone/roll_pitch_yawrate_thrust_controller_node/rotor_configuration/1/rotor_moment_constant] by /roslaunch
[rosmaster.master][INFO] 2019-11-13 03:14:49,768: +SUB [/rosout] /rosout http://itachi-HP-Pavilion-Laptop-15-cc1xx:41041/
[rosmaster.master][INFO] 2019-11-13 03:14:49,808: +PUB [/rosout] /edrone/rotors_edrone_interface http://itachi-HP-Pavilion-Laptop-15-cc1xx:35719/
[rosmaster.master][INFO] 2019-11-13 03:14:49,809: +SERVICE [/edrone/rotors_edrone_interface/get_loggers] /edrone/rotors_edrone_interface http://itachi-HP-Pavilion-Laptop-15-cc1xx:35719/
[rosmaster.master][INFO] 2019-11-13 03:14:49,811: +SERVICE [/edrone/rotors_edrone_interface/set_logger_level] /edrone/rotors_edrone_interface http://itachi-HP-Pavilion-Laptop-15-cc1xx:35719/
[rosmaster.master][INFO] 2019-11-13 03:14:49,821: +SUB [/clock] /edrone/rotors_edrone_interface http://itachi-HP-Pavilion-Laptop-15-cc1xx:35719/
[rosmaster.master][INFO] 2019-11-13 03:14:49,822: +PUB [/rosout] /edrone/roll_pitch_yawrate_thrust_controller_node http://itachi-HP-Pavilion-Laptop-15-cc1xx:36611/
[rosmaster.master][INFO] 2019-11-13 03:14:49,823: +PUB [/edrone/command/roll_pitch_yawrate_thrust] /edrone/rotors_edrone_interface http://itachi-HP-Pavilion-Laptop-15-cc1xx:35719/
[rosmaster.master][INFO] 2019-11-13 03:14:49,825: +SERVICE [/edrone/roll_pitch_yawrate_thrust_controller_node/get_loggers] /edrone/roll_pitch_yawrate_thrust_controller_node http://itachi-HP-Pavilion-Laptop-15-cc1xx:36611/
[rosmaster.master][INFO] 2019-11-13 03:14:49,827: +SERVICE [/edrone/roll_pitch_yawrate_thrust_controller_node/set_logger_level] /edrone/roll_pitch_yawrate_thrust_controller_node http://itachi-HP-Pavilion-Laptop-15-cc1xx:36611/
[rosmaster.master][INFO] 2019-11-13 03:14:49,842: +PUB [/rosout] /edrone/robot_state_publisher http://itachi-HP-Pavilion-Laptop-15-cc1xx:38013/
[rosmaster.master][INFO] 2019-11-13 03:14:49,847: +SERVICE [/edrone/robot_state_publisher/get_loggers] /edrone/robot_state_publisher http://itachi-HP-Pavilion-Laptop-15-cc1xx:38013/
[rosmaster.master][INFO] 2019-11-13 03:14:49,848: +SUB [/clock] /edrone/roll_pitch_yawrate_thrust_controller_node http://itachi-HP-Pavilion-Laptop-15-cc1xx:36611/
[rosmaster.master][INFO] 2019-11-13 03:14:49,850: +SERVICE [/edrone/robot_state_publisher/set_logger_level] /edrone/robot_state_publisher http://itachi-HP-Pavilion-Laptop-15-cc1xx:38013/
[rosmaster.master][INFO] 2019-11-13 03:14:49,868: +SUB [/drone_command] /edrone/rotors_edrone_interface http://itachi-HP-Pavilion-Laptop-15-cc1xx:35719/
[rosmaster.master][INFO] 2019-11-13 03:14:49,876: +PUB [/rosout] /whycon http://itachi-HP-Pavilion-Laptop-15-cc1xx:43199/
[rosmaster.master][INFO] 2019-11-13 03:14:49,878: +SUB [/clock] /edrone/robot_state_publisher http://itachi-HP-Pavilion-Laptop-15-cc1xx:38013/
[rosmaster.master][INFO] 2019-11-13 03:14:49,879: +SERVICE [/whycon/get_loggers] /whycon http://itachi-HP-Pavilion-Laptop-15-cc1xx:43199/
[rosmaster.master][INFO] 2019-11-13 03:14:49,881: +SERVICE [/whycon/set_logger_level] /whycon http://itachi-HP-Pavilion-Laptop-15-cc1xx:43199/
[rosmaster.master][INFO] 2019-11-13 03:14:49,894: publisherUpdate[/rosout] -> http://itachi-HP-Pavilion-Laptop-15-cc1xx:41041/ ['http://itachi-HP-Pavilion-Laptop-15-cc1xx:35719/']
[rosmaster.master][INFO] 2019-11-13 03:14:49,896: publisherUpdate[/rosout] -> http://itachi-HP-Pavilion-Laptop-15-cc1xx:41041/ ['http://itachi-HP-Pavilion-Laptop-15-cc1xx:35719/']: sec=0.00, result=[1, '', 0]
[rosmaster.master][INFO] 2019-11-13 03:14:49,897: +PUB [/tf] /edrone/robot_state_publisher http://itachi-HP-Pavilion-Laptop-15-cc1xx:38013/
[rosmaster.master][INFO] 2019-11-13 03:14:49,898: publisherUpdate[/rosout] -> http://itachi-HP-Pavilion-Laptop-15-cc1xx:41041/ ['http://itachi-HP-Pavilion-Laptop-15-cc1xx:35719/', 'http://itachi-HP-Pavilion-Laptop-15-cc1xx:36611/']
[rosmaster.master][INFO] 2019-11-13 03:14:49,899: +PUB [/rosout] /whycon_display/image_view http://itachi-HP-Pavilion-Laptop-15-cc1xx:39931/
[rosmaster.master][INFO] 2019-11-13 03:14:49,901: publisherUpdate[/rosout] -> http://itachi-HP-Pavilion-Laptop-15-cc1xx:41041/ ['http://itachi-HP-Pavilion-Laptop-15-cc1xx:35719/', 'http://itachi-HP-Pavilion-Laptop-15-cc1xx:36611/']: sec=0.00, result=[1, '', 0]
[rosmaster.master][INFO] 2019-11-13 03:14:49,901: publisherUpdate[/rosout] -> http://itachi-HP-Pavilion-Laptop-15-cc1xx:41041/ ['http://itachi-HP-Pavilion-Laptop-15-cc1xx:35719/', 'http://itachi-HP-Pavilion-Laptop-15-cc1xx:36611/', 'http://itachi-HP-Pavilion-Laptop-15-cc1xx:38013/']
[rosmaster.master][INFO] 2019-11-13 03:14:49,903: publisherUpdate[/rosout] -> http://itachi-HP-Pavilion-Laptop-15-cc1xx:41041/ ['http://itachi-HP-Pavilion-Laptop-15-cc1xx:35719/', 'http://itachi-HP-Pavilion-Laptop-15-cc1xx:36611/', 'http://itachi-HP-Pavilion-Laptop-15-cc1xx:38013/']: sec=0.00, result=[1, '', 0]
[rosmaster.master][INFO] 2019-11-13 03:14:49,903: publisherUpdate[/rosout] -> http://itachi-HP-Pavilion-Laptop-15-cc1xx:41041/ ['http://itachi-HP-Pavilion-Laptop-15-cc1xx:35719/', 'http://itachi-HP-Pavilion-Laptop-15-cc1xx:36611/', 'http://itachi-HP-Pavilion-Laptop-15-cc1xx:38013/', 'http://itachi-HP-Pavilion-Laptop-15-cc1xx:43199/']
[rosmaster.master][INFO] 2019-11-13 03:14:49,904: +PUB [/tf_static] /edrone/robot_state_publisher http://itachi-HP-Pavilion-Laptop-15-cc1xx:38013/
[rosmaster.master][INFO] 2019-11-13 03:14:49,905: publisherUpdate[/rosout] -> http://itachi-HP-Pavilion-Laptop-15-cc1xx:41041/ ['http://itachi-HP-Pavilion-Laptop-15-cc1xx:35719/', 'http://itachi-HP-Pavilion-Laptop-15-cc1xx:36611/', 'http://itachi-HP-Pavilion-Laptop-15-cc1xx:38013/', 'http://itachi-HP-Pavilion-Laptop-15-cc1xx:43199/']: sec=0.00, result=[1, '', 0]
[rosmaster.master][INFO] 2019-11-13 03:14:49,906: publisherUpdate[/rosout] -> http://itachi-HP-Pavilion-Laptop-15-cc1xx:41041/ ['http://itachi-HP-Pavilion-Laptop-15-cc1xx:35719/', 'http://itachi-HP-Pavilion-Laptop-15-cc1xx:36611/', 'http://itachi-HP-Pavilion-Laptop-15-cc1xx:38013/', 'http://itachi-HP-Pavilion-Laptop-15-cc1xx:43199/', 'http://itachi-HP-Pavilion-Laptop-15-cc1xx:39931/']
[rosmaster.master][INFO] 2019-11-13 03:14:49,907: +SERVICE [/whycon_display/image_view/get_loggers] /whycon_display/image_view http://itachi-HP-Pavilion-Laptop-15-cc1xx:39931/
[rosmaster.master][INFO] 2019-11-13 03:14:49,907: publisherUpdate[/rosout] -> http://itachi-HP-Pavilion-Laptop-15-cc1xx:41041/ ['http://itachi-HP-Pavilion-Laptop-15-cc1xx:35719/', 'http://itachi-HP-Pavilion-Laptop-15-cc1xx:36611/', 'http://itachi-HP-Pavilion-Laptop-15-cc1xx:38013/', 'http://itachi-HP-Pavilion-Laptop-15-cc1xx:43199/', 'http://itachi-HP-Pavilion-Laptop-15-cc1xx:39931/']: sec=0.00, result=[1, '', 0]
[rosmaster.master][INFO] 2019-11-13 03:14:49,910: +SERVICE [/whycon_display/image_view/set_logger_level] /whycon_display/image_view http://itachi-HP-Pavilion-Laptop-15-cc1xx:39931/
[rosmaster.master][INFO] 2019-11-13 03:14:49,914: +SUB [/clock] /whycon http://itachi-HP-Pavilion-Laptop-15-cc1xx:43199/
[rosmaster.master][INFO] 2019-11-13 03:14:49,928: +SUB [/clock] /whycon_display/image_view http://itachi-HP-Pavilion-Laptop-15-cc1xx:39931/
[rosmaster.master][INFO] 2019-11-13 03:14:49,934: +SUB [/edrone/joint_states] /edrone/robot_state_publisher http://itachi-HP-Pavilion-Laptop-15-cc1xx:38013/
[rosmaster.master][INFO] 2019-11-13 03:14:49,962: +PUB [/tf] /whycon http://itachi-HP-Pavilion-Laptop-15-cc1xx:43199/
[rosmaster.master][INFO] 2019-11-13 03:14:49,969: +SUB [/gazebo/overhead_cam/image_rect_color] /whycon http://itachi-HP-Pavilion-Laptop-15-cc1xx:43199/
[rosmaster.master][INFO] 2019-11-13 03:14:49,973: +SUB [/gazebo/overhead_cam/camera_info] /whycon http://itachi-HP-Pavilion-Laptop-15-cc1xx:43199/
[rosmaster.master][INFO] 2019-11-13 03:14:49,974: +PUB [/whycon/image_out] /whycon http://itachi-HP-Pavilion-Laptop-15-cc1xx:43199/
[rosmaster.master][INFO] 2019-11-13 03:14:49,975: +PUB [/whycon/poses] /whycon http://itachi-HP-Pavilion-Laptop-15-cc1xx:43199/
[rosmaster.master][INFO] 2019-11-13 03:14:49,977: +PUB [/whycon/context] /whycon http://itachi-HP-Pavilion-Laptop-15-cc1xx:43199/
[rosmaster.master][INFO] 2019-11-13 03:14:49,978: +PUB [/whycon/projection] /whycon http://itachi-HP-Pavilion-Laptop-15-cc1xx:43199/
[rosmaster.master][INFO] 2019-11-13 03:14:49,979: +SERVICE [/whycon/reset] /whycon http://itachi-HP-Pavilion-Laptop-15-cc1xx:43199/
[rosmaster.master][INFO] 2019-11-13 03:14:50,109: -PUB [/rosout] /edrone/roll_pitch_yawrate_thrust_controller_node http://itachi-HP-Pavilion-Laptop-15-cc1xx:36611/
[rosmaster.master][INFO] 2019-11-13 03:14:50,110: -SUB [/clock] /edrone/roll_pitch_yawrate_thrust_controller_node http://itachi-HP-Pavilion-Laptop-15-cc1xx:36611/
[rosmaster.master][INFO] 2019-11-13 03:14:50,112: -SERVICE [/edrone/roll_pitch_yawrate_thrust_controller_node/get_loggers] /edrone/roll_pitch_yawrate_thrust_controller_node rosrpc://itachi-HP-Pavilion-Laptop-15-cc1xx:49217
[rosmaster.master][INFO] 2019-11-13 03:14:50,113: -SERVICE [/edrone/roll_pitch_yawrate_thrust_controller_node/set_logger_level] /edrone/roll_pitch_yawrate_thrust_controller_node rosrpc://itachi-HP-Pavilion-Laptop-15-cc1xx:49217
[rosmaster.master][INFO] 2019-11-13 03:14:50,119: +PUB [/rosout] /edrone/roll_pitch_yawrate_thrust_controller_node http://itachi-HP-Pavilion-Laptop-15-cc1xx:43747/
[rosmaster.master][INFO] 2019-11-13 03:14:50,120: +SERVICE [/edrone/roll_pitch_yawrate_thrust_controller_node/get_loggers] /edrone/roll_pitch_yawrate_thrust_controller_node http://itachi-HP-Pavilion-Laptop-15-cc1xx:43747/
[rosmaster.master][INFO] 2019-11-13 03:14:50,121: +SERVICE [/edrone/roll_pitch_yawrate_thrust_controller_node/set_logger_level] /edrone/roll_pitch_yawrate_thrust_controller_node http://itachi-HP-Pavilion-Laptop-15-cc1xx:43747/
[rosmaster.master][INFO] 2019-11-13 03:14:50,127: +SUB [/clock] /edrone/roll_pitch_yawrate_thrust_controller_node http://itachi-HP-Pavilion-Laptop-15-cc1xx:43747/
[rosmaster.master][INFO] 2019-11-13 03:14:50,131: +SUB [/edrone/command/roll_pitch_yawrate_thrust] /edrone/roll_pitch_yawrate_thrust_controller_node http://itachi-HP-Pavilion-Laptop-15-cc1xx:43747/
[rosmaster.master][INFO] 2019-11-13 03:14:50,137: +SUB [/whycon/image_out] /whycon_display/image_view http://itachi-HP-Pavilion-Laptop-15-cc1xx:39931/
[rosmaster.master][INFO] 2019-11-13 03:14:50,138: +SUB [/edrone/odometry_sensor1/odometry] /edrone/roll_pitch_yawrate_thrust_controller_node http://itachi-HP-Pavilion-Laptop-15-cc1xx:43747/
[rosmaster.master][INFO] 2019-11-13 03:14:50,140: +PUB [/whycon_display/image_view/output] /whycon_display/image_view http://itachi-HP-Pavilion-Laptop-15-cc1xx:39931/
[rosmaster.master][INFO] 2019-11-13 03:14:50,141: +PUB [/edrone/command/motor_speed] /edrone/roll_pitch_yawrate_thrust_controller_node http://itachi-HP-Pavilion-Laptop-15-cc1xx:43747/
[rosmaster.master][INFO] 2019-11-13 03:14:50,142: +SERVICE [/whycon_display/image_view/set_parameters] /whycon_display/image_view http://itachi-HP-Pavilion-Laptop-15-cc1xx:39931/
[rosmaster.master][INFO] 2019-11-13 03:14:50,143: +PUB [/whycon_display/image_view/parameter_descriptions] /whycon_display/image_view http://itachi-HP-Pavilion-Laptop-15-cc1xx:39931/
[rosmaster.master][INFO] 2019-11-13 03:14:50,144: +PUB [/whycon_display/image_view/parameter_updates] /whycon_display/image_view http://itachi-HP-Pavilion-Laptop-15-cc1xx:39931/
[rosmaster.master][INFO] 2019-11-13 03:14:50,146: +PARAM [/whycon_display/image_view/do_dynamic_scaling] by /whycon_display/image_view
[rosmaster.master][INFO] 2019-11-13 03:14:50,147: +PARAM [/whycon_display/image_view/colormap] by /whycon_display/image_view
[rosmaster.master][INFO] 2019-11-13 03:14:50,148: +PARAM [/whycon_display/image_view/min_image_value] by /whycon_display/image_view
[rosmaster.master][INFO] 2019-11-13 03:14:50,148: +PARAM [/whycon_display/image_view/max_image_value] by /whycon_display/image_view
[rosmaster.master][INFO] 2019-11-13 03:14:50,149: +PARAM [/whycon_display/image_view/do_dynamic_scaling] by /whycon_display/image_view
[rosmaster.master][INFO] 2019-11-13 03:14:50,150: +PARAM [/whycon_display/image_view/colormap] by /whycon_display/image_view
[rosmaster.master][INFO] 2019-11-13 03:14:50,150: +PARAM [/whycon_display/image_view/min_image_value] by /whycon_display/image_view
[rosmaster.master][INFO] 2019-11-13 03:14:50,151: +PARAM [/whycon_display/image_view/max_image_value] by /whycon_display/image_view
[rosmaster.master][INFO] 2019-11-13 03:14:50,175: +PUB [/rosout] /edrone/spawn_edrone http://itachi-HP-Pavilion-Laptop-15-cc1xx:43665/
[rosmaster.master][INFO] 2019-11-13 03:14:50,178: +SUB [/clock] /edrone/spawn_edrone http://itachi-HP-Pavilion-Laptop-15-cc1xx:43665/
[rosmaster.master][INFO] 2019-11-13 03:14:50,180: +SERVICE [/edrone/spawn_edrone/get_loggers] /edrone/spawn_edrone http://itachi-HP-Pavilion-Laptop-15-cc1xx:43665/
[rosmaster.master][INFO] 2019-11-13 03:14:50,181: +SERVICE [/edrone/spawn_edrone/set_logger_level] /edrone/spawn_edrone http://itachi-HP-Pavilion-Laptop-15-cc1xx:43665/
[rosmaster.master][INFO] 2019-11-13 03:14:50,196: publisherUpdate[/rosout] -> http://itachi-HP-Pavilion-Laptop-15-cc1xx:41041/ ['http://itachi-HP-Pavilion-Laptop-15-cc1xx:35719/', 'http://itachi-HP-Pavilion-Laptop-15-cc1xx:38013/', 'http://itachi-HP-Pavilion-Laptop-15-cc1xx:43199/', 'http://itachi-HP-Pavilion-Laptop-15-cc1xx:39931/']
[rosmaster.master][INFO] 2019-11-13 03:14:50,197: publisherUpdate[/rosout] -> http://itachi-HP-Pavilion-Laptop-15-cc1xx:41041/ ['http://itachi-HP-Pavilion-Laptop-15-cc1xx:35719/', 'http://itachi-HP-Pavilion-Laptop-15-cc1xx:38013/', 'http://itachi-HP-Pavilion-Laptop-15-cc1xx:43199/', 'http://itachi-HP-Pavilion-Laptop-15-cc1xx:39931/']: sec=0.00, result=[1, '', 0]
[rosmaster.master][INFO] 2019-11-13 03:14:50,197: publisherUpdate[/rosout] -> http://itachi-HP-Pavilion-Laptop-15-cc1xx:41041/ ['http://itachi-HP-Pavilion-Laptop-15-cc1xx:35719/', 'http://itachi-HP-Pavilion-Laptop-15-cc1xx:38013/', 'http://itachi-HP-Pavilion-Laptop-15-cc1xx:43199/', 'http://itachi-HP-Pavilion-Laptop-15-cc1xx:39931/', 'http://itachi-HP-Pavilion-Laptop-15-cc1xx:43747/']
[rosmaster.master][INFO] 2019-11-13 03:14:50,197: publisherUpdate[/rosout] -> http://itachi-HP-Pavilion-Laptop-15-cc1xx:41041/ ['http://itachi-HP-Pavilion-Laptop-15-cc1xx:35719/', 'http://itachi-HP-Pavilion-Laptop-15-cc1xx:38013/', 'http://itachi-HP-Pavilion-Laptop-15-cc1xx:43199/', 'http://itachi-HP-Pavilion-Laptop-15-cc1xx:39931/', 'http://itachi-HP-Pavilion-Laptop-15-cc1xx:43747/']: sec=0.00, result=[1, '', 0]
[rosmaster.master][INFO] 2019-11-13 03:14:50,197: publisherUpdate[/rosout] -> http://itachi-HP-Pavilion-Laptop-15-cc1xx:41041/ ['http://itachi-HP-Pavilion-Laptop-15-cc1xx:35719/', 'http://itachi-HP-Pavilion-Laptop-15-cc1xx:38013/', 'http://itachi-HP-Pavilion-Laptop-15-cc1xx:43199/', 'http://itachi-HP-Pavilion-Laptop-15-cc1xx:39931/', 'http://itachi-HP-Pavilion-Laptop-15-cc1xx:43747/', 'http://itachi-HP-Pavilion-Laptop-15-cc1xx:43665/']
[rosmaster.master][INFO] 2019-11-13 03:14:50,198: publisherUpdate[/rosout] -> http://itachi-HP-Pavilion-Laptop-15-cc1xx:41041/ ['http://itachi-HP-Pavilion-Laptop-15-cc1xx:35719/', 'http://itachi-HP-Pavilion-Laptop-15-cc1xx:38013/', 'http://itachi-HP-Pavilion-Laptop-15-cc1xx:43199/', 'http://itachi-HP-Pavilion-Laptop-15-cc1xx:39931/', 'http://itachi-HP-Pavilion-Laptop-15-cc1xx:43747/', 'http://itachi-HP-Pavilion-Laptop-15-cc1xx:43665/']: sec=0.00, result=[1, '', 0]
[rosmaster.master][INFO] 2019-11-13 03:14:50,239: +PUB [/rosout] /gazebo http://itachi-HP-Pavilion-Laptop-15-cc1xx:37209/
[rosmaster.master][INFO] 2019-11-13 03:14:50,240: +SERVICE [/gazebo/get_loggers] /gazebo http://itachi-HP-Pavilion-Laptop-15-cc1xx:37209/
[rosmaster.master][INFO] 2019-11-13 03:14:50,241: +SERVICE [/gazebo/set_logger_level] /gazebo http://itachi-HP-Pavilion-Laptop-15-cc1xx:37209/
[rosmaster.master][INFO] 2019-11-13 03:14:50,245: +SUB [/clock] /gazebo http://itachi-HP-Pavilion-Laptop-15-cc1xx:37209/
[rosmaster.master][INFO] 2019-11-13 03:14:50,265: +PUB [/rosout] /edrone/joint_state_publisher http://itachi-HP-Pavilion-Laptop-15-cc1xx:37317/
[rosmaster.master][INFO] 2019-11-13 03:14:50,268: +SUB [/clock] /edrone/joint_state_publisher http://itachi-HP-Pavilion-Laptop-15-cc1xx:37317/
[rosmaster.master][INFO] 2019-11-13 03:14:50,270: +SERVICE [/edrone/joint_state_publisher/get_loggers] /edrone/joint_state_publisher http://itachi-HP-Pavilion-Laptop-15-cc1xx:37317/
[rosmaster.master][INFO] 2019-11-13 03:14:50,271: +SERVICE [/edrone/joint_state_publisher/set_logger_level] /edrone/joint_state_publisher http://itachi-HP-Pavilion-Laptop-15-cc1xx:37317/
[rosmaster.master][INFO] 2019-11-13 03:14:50,283: +PUB [/rosout] /gazebo_gui http://itachi-HP-Pavilion-Laptop-15-cc1xx:40741/
[rosmaster.master][INFO] 2019-11-13 03:14:50,285: +SERVICE [/gazebo_gui/get_loggers] /gazebo_gui http://itachi-HP-Pavilion-Laptop-15-cc1xx:40741/
[rosmaster.master][INFO] 2019-11-13 03:14:50,286: +SERVICE [/gazebo_gui/set_logger_level] /gazebo_gui http://itachi-HP-Pavilion-Laptop-15-cc1xx:40741/
[rosmaster.master][INFO] 2019-11-13 03:14:50,293: +SUB [/clock] /gazebo_gui http://itachi-HP-Pavilion-Laptop-15-cc1xx:40741/
[rosmaster.master][INFO] 2019-11-13 03:14:50,297: publisherUpdate[/rosout] -> http://itachi-HP-Pavilion-Laptop-15-cc1xx:41041/ ['http://itachi-HP-Pavilion-Laptop-15-cc1xx:35719/', 'http://itachi-HP-Pavilion-Laptop-15-cc1xx:38013/', 'http://itachi-HP-Pavilion-Laptop-15-cc1xx:43199/', 'http://itachi-HP-Pavilion-Laptop-15-cc1xx:39931/', 'http://itachi-HP-Pavilion-Laptop-15-cc1xx:43747/', 'http://itachi-HP-Pavilion-Laptop-15-cc1xx:43665/', 'http://itachi-HP-Pavilion-Laptop-15-cc1xx:37209/']
[rosmaster.master][INFO] 2019-11-13 03:14:50,297: publisherUpdate[/rosout] -> http://itachi-HP-Pavilion-Laptop-15-cc1xx:41041/ ['http://itachi-HP-Pavilion-Laptop-15-cc1xx:35719/', 'http://itachi-HP-Pavilion-Laptop-15-cc1xx:38013/', 'http://itachi-HP-Pavilion-Laptop-15-cc1xx:43199/', 'http://itachi-HP-Pavilion-Laptop-15-cc1xx:39931/', 'http://itachi-HP-Pavilion-Laptop-15-cc1xx:43747/', 'http://itachi-HP-Pavilion-Laptop-15-cc1xx:43665/', 'http://itachi-HP-Pavilion-Laptop-15-cc1xx:37209/']: sec=0.00, result=[1, '', 0]
[rosmaster.master][INFO] 2019-11-13 03:14:50,298: publisherUpdate[/rosout] -> http://itachi-HP-Pavilion-Laptop-15-cc1xx:41041/ ['http://itachi-HP-Pavilion-Laptop-15-cc1xx:35719/', 'http://itachi-HP-Pavilion-Laptop-15-cc1xx:38013/', 'http://itachi-HP-Pavilion-Laptop-15-cc1xx:43199/', 'http://itachi-HP-Pavilion-Laptop-15-cc1xx:39931/', 'http://itachi-HP-Pavilion-Laptop-15-cc1xx:43747/', 'http://itachi-HP-Pavilion-Laptop-15-cc1xx:43665/', 'http://itachi-HP-Pavilion-Laptop-15-cc1xx:37209/', 'http://itachi-HP-Pavilion-Laptop-15-cc1xx:37317/']
[rosmaster.master][INFO] 2019-11-13 03:14:50,298: publisherUpdate[/rosout] -> http://itachi-HP-Pavilion-Laptop-15-cc1xx:41041/ ['http://itachi-HP-Pavilion-Laptop-15-cc1xx:35719/', 'http://itachi-HP-Pavilion-Laptop-15-cc1xx:38013/', 'http://itachi-HP-Pavilion-Laptop-15-cc1xx:43199/', 'http://itachi-HP-Pavilion-Laptop-15-cc1xx:39931/', 'http://itachi-HP-Pavilion-Laptop-15-cc1xx:43747/', 'http://itachi-HP-Pavilion-Laptop-15-cc1xx:43665/', 'http://itachi-HP-Pavilion-Laptop-15-cc1xx:37209/', 'http://itachi-HP-Pavilion-Laptop-15-cc1xx:37317/']: sec=0.00, result=[1, '', 0]
[rosmaster.master][INFO] 2019-11-13 03:14:50,298: publisherUpdate[/rosout] -> http://itachi-HP-Pavilion-Laptop-15-cc1xx:41041/ ['http://itachi-HP-Pavilion-Laptop-15-cc1xx:35719/', 'http://itachi-HP-Pavilion-Laptop-15-cc1xx:38013/', 'http://itachi-HP-Pavilion-Laptop-15-cc1xx:43199/', 'http://itachi-HP-Pavilion-Laptop-15-cc1xx:39931/', 'http://itachi-HP-Pavilion-Laptop-15-cc1xx:43747/', 'http://itachi-HP-Pavilion-Laptop-15-cc1xx:43665/', 'http://itachi-HP-Pavilion-Laptop-15-cc1xx:37209/', 'http://itachi-HP-Pavilion-Laptop-15-cc1xx:37317/', 'http://itachi-HP-Pavilion-Laptop-15-cc1xx:40741/']
[rosmaster.master][INFO] 2019-11-13 03:14:50,299: publisherUpdate[/rosout] -> http://itachi-HP-Pavilion-Laptop-15-cc1xx:41041/ ['http://itachi-HP-Pavilion-Laptop-15-cc1xx:35719/', 'http://itachi-HP-Pavilion-Laptop-15-cc1xx:38013/', 'http://itachi-HP-Pavilion-Laptop-15-cc1xx:43199/', 'http://itachi-HP-Pavilion-Laptop-15-cc1xx:39931/', 'http://itachi-HP-Pavilion-Laptop-15-cc1xx:43747/', 'http://itachi-HP-Pavilion-Laptop-15-cc1xx:43665/', 'http://itachi-HP-Pavilion-Laptop-15-cc1xx:37209/', 'http://itachi-HP-Pavilion-Laptop-15-cc1xx:37317/', 'http://itachi-HP-Pavilion-Laptop-15-cc1xx:40741/']: sec=0.00, result=[1, '', 0]
[rosmaster.master][INFO] 2019-11-13 03:14:50,306: +PUB [/edrone/joint_states] /edrone/joint_state_publisher http://itachi-HP-Pavilion-Laptop-15-cc1xx:37317/
[rosmaster.master][INFO] 2019-11-13 03:14:50,309: publisherUpdate[/edrone/joint_states] -> http://itachi-HP-Pavilion-Laptop-15-cc1xx:38013/ ['http://itachi-HP-Pavilion-Laptop-15-cc1xx:37317/']
[rosmaster.master][INFO] 2019-11-13 03:14:50,310: publisherUpdate[/edrone/joint_states] -> http://itachi-HP-Pavilion-Laptop-15-cc1xx:38013/ ['http://itachi-HP-Pavilion-Laptop-15-cc1xx:37317/']: sec=0.00, result=[1, '', 0]
[rosmaster.master][INFO] 2019-11-13 03:14:50,516: +PUB [/clock] /gazebo http://itachi-HP-Pavilion-Laptop-15-cc1xx:37209/
[rosmaster.master][INFO] 2019-11-13 03:14:50,517: +SERVICE [/gazebo/spawn_sdf_model] /gazebo http://itachi-HP-Pavilion-Laptop-15-cc1xx:37209/
[rosmaster.master][INFO] 2019-11-13 03:14:50,518: +SERVICE [/gazebo/spawn_urdf_model] /gazebo http://itachi-HP-Pavilion-Laptop-15-cc1xx:37209/
[rosmaster.master][INFO] 2019-11-13 03:14:50,518: +SERVICE [/gazebo/delete_model] /gazebo http://itachi-HP-Pavilion-Laptop-15-cc1xx:37209/
[rosmaster.master][INFO] 2019-11-13 03:14:50,519: +SERVICE [/gazebo/delete_light] /gazebo http://itachi-HP-Pavilion-Laptop-15-cc1xx:37209/
[rosmaster.master][INFO] 2019-11-13 03:14:50,519: +SERVICE [/gazebo/get_model_properties] /gazebo http://itachi-HP-Pavilion-Laptop-15-cc1xx:37209/
[rosmaster.master][INFO] 2019-11-13 03:14:50,520: +SERVICE [/gazebo/get_model_state] /gazebo http://itachi-HP-Pavilion-Laptop-15-cc1xx:37209/
[rosmaster.master][INFO] 2019-11-13 03:14:50,520: +SERVICE [/gazebo/get_world_properties] /gazebo http://itachi-HP-Pavilion-Laptop-15-cc1xx:37209/
[rosmaster.master][INFO] 2019-11-13 03:14:50,521: +SERVICE [/gazebo/get_joint_properties] /gazebo http://itachi-HP-Pavilion-Laptop-15-cc1xx:37209/
[rosmaster.master][INFO] 2019-11-13 03:14:50,521: +SERVICE [/gazebo/get_link_properties] /gazebo http://itachi-HP-Pavilion-Laptop-15-cc1xx:37209/
[rosmaster.master][INFO] 2019-11-13 03:14:50,522: +SERVICE [/gazebo/get_link_state] /gazebo http://itachi-HP-Pavilion-Laptop-15-cc1xx:37209/
[rosmaster.master][INFO] 2019-11-13 03:14:50,522: +SERVICE [/gazebo/get_light_properties] /gazebo http://itachi-HP-Pavilion-Laptop-15-cc1xx:37209/
[rosmaster.master][INFO] 2019-11-13 03:14:50,523: +SERVICE [/gazebo/set_light_properties] /gazebo http://itachi-HP-Pavilion-Laptop-15-cc1xx:37209/
[rosmaster.master][INFO] 2019-11-13 03:14:50,523: +SERVICE [/gazebo/get_physics_properties] /gazebo http://itachi-HP-Pavilion-Laptop-15-cc1xx:37209/
[rosmaster.master][INFO] 2019-11-13 03:14:50,524: +PUB [/gazebo/link_states] /gazebo http://itachi-HP-Pavilion-Laptop-15-cc1xx:37209/
[rosmaster.master][INFO] 2019-11-13 03:14:50,524: +PUB [/gazebo/model_states] /gazebo http://itachi-HP-Pavilion-Laptop-15-cc1xx:37209/
[rosmaster.master][INFO] 2019-11-13 03:14:50,525: +SERVICE [/gazebo/set_link_properties] /gazebo http://itachi-HP-Pavilion-Laptop-15-cc1xx:37209/
[rosmaster.master][INFO] 2019-11-13 03:14:50,525: +SERVICE [/gazebo/set_physics_properties] /gazebo http://itachi-HP-Pavilion-Laptop-15-cc1xx:37209/
[rosmaster.master][INFO] 2019-11-13 03:14:50,526: +SERVICE [/gazebo/set_model_state] /gazebo http://itachi-HP-Pavilion-Laptop-15-cc1xx:37209/
[rosmaster.master][INFO] 2019-11-13 03:14:50,526: +SERVICE [/gazebo/set_model_configuration] /gazebo http://itachi-HP-Pavilion-Laptop-15-cc1xx:37209/
[rosmaster.master][INFO] 2019-11-13 03:14:50,526: +SERVICE [/gazebo/set_joint_properties] /gazebo http://itachi-HP-Pavilion-Laptop-15-cc1xx:37209/
[rosmaster.master][INFO] 2019-11-13 03:14:50,527: +SERVICE [/gazebo/set_link_state] /gazebo http://itachi-HP-Pavilion-Laptop-15-cc1xx:37209/
[rosmaster.master][INFO] 2019-11-13 03:14:50,529: +SUB [/gazebo/set_link_state] /gazebo http://itachi-HP-Pavilion-Laptop-15-cc1xx:37209/
[rosmaster.master][INFO] 2019-11-13 03:14:50,532: +SUB [/gazebo/set_model_state] /gazebo http://itachi-HP-Pavilion-Laptop-15-cc1xx:37209/
[rosmaster.master][INFO] 2019-11-13 03:14:50,532: +SERVICE [/gazebo/pause_physics] /gazebo http://itachi-HP-Pavilion-Laptop-15-cc1xx:37209/
[rosmaster.master][INFO] 2019-11-13 03:14:50,533: +SERVICE [/gazebo/unpause_physics] /gazebo http://itachi-HP-Pavilion-Laptop-15-cc1xx:37209/
[rosmaster.master][INFO] 2019-11-13 03:14:50,534: +SERVICE [/gazebo/apply_body_wrench] /gazebo http://itachi-HP-Pavilion-Laptop-15-cc1xx:37209/
[rosmaster.master][INFO] 2019-11-13 03:14:50,534: +SERVICE [/gazebo/apply_joint_effort] /gazebo http://itachi-HP-Pavilion-Laptop-15-cc1xx:37209/
[rosmaster.master][INFO] 2019-11-13 03:14:50,535: +SERVICE [/gazebo/clear_joint_forces] /gazebo http://itachi-HP-Pavilion-Laptop-15-cc1xx:37209/
[rosmaster.master][INFO] 2019-11-13 03:14:50,535: +SERVICE [/gazebo/clear_body_wrenches] /gazebo http://itachi-HP-Pavilion-Laptop-15-cc1xx:37209/
[rosmaster.master][INFO] 2019-11-13 03:14:50,536: +SERVICE [/gazebo/reset_simulation] /gazebo http://itachi-HP-Pavilion-Laptop-15-cc1xx:37209/
[rosmaster.master][INFO] 2019-11-13 03:14:50,536: +SERVICE [/gazebo/reset_world] /gazebo http://itachi-HP-Pavilion-Laptop-15-cc1xx:37209/
[rosmaster.master][INFO] 2019-11-13 03:14:50,599: publisherUpdate[/clock] -> http://itachi-HP-Pavilion-Laptop-15-cc1xx:41041/ ['http://itachi-HP-Pavilion-Laptop-15-cc1xx:37209/']
[rosmaster.master][INFO] 2019-11-13 03:14:50,600: publisherUpdate[/clock] -> http://itachi-HP-Pavilion-Laptop-15-cc1xx:41041/ ['http://itachi-HP-Pavilion-Laptop-15-cc1xx:37209/']: sec=0.00, result=[1, '', 0]
[rosmaster.master][INFO] 2019-11-13 03:14:50,600: publisherUpdate[/clock] -> http://itachi-HP-Pavilion-Laptop-15-cc1xx:35719/ ['http://itachi-HP-Pavilion-Laptop-15-cc1xx:37209/']
[rosmaster.master][INFO] 2019-11-13 03:14:50,600: publisherUpdate[/clock] -> http://itachi-HP-Pavilion-Laptop-15-cc1xx:38013/ ['http://itachi-HP-Pavilion-Laptop-15-cc1xx:37209/']
[rosmaster.master][INFO] 2019-11-13 03:14:50,601: publisherUpdate[/clock] -> http://itachi-HP-Pavilion-Laptop-15-cc1xx:38013/ ['http://itachi-HP-Pavilion-Laptop-15-cc1xx:37209/']: sec=0.00, result=[1, '', 0]
[rosmaster.master][INFO] 2019-11-13 03:14:50,601: publisherUpdate[/clock] -> http://itachi-HP-Pavilion-Laptop-15-cc1xx:35719/ ['http://itachi-HP-Pavilion-Laptop-15-cc1xx:37209/']: sec=0.00, result=[1, '', 0]
[rosmaster.master][INFO] 2019-11-13 03:14:50,601: publisherUpdate[/clock] -> http://itachi-HP-Pavilion-Laptop-15-cc1xx:43199/ ['http://itachi-HP-Pavilion-Laptop-15-cc1xx:37209/']
[rosmaster.master][INFO] 2019-11-13 03:14:50,601: publisherUpdate[/clock] -> http://itachi-HP-Pavilion-Laptop-15-cc1xx:39931/ ['http://itachi-HP-Pavilion-Laptop-15-cc1xx:37209/']
[rosmaster.master][INFO] 2019-11-13 03:14:50,602: publisherUpdate[/clock] -> http://itachi-HP-Pavilion-Laptop-15-cc1xx:39931/ ['http://itachi-HP-Pavilion-Laptop-15-cc1xx:37209/']: sec=0.00, result=[1, '', 0]
[rosmaster.master][INFO] 2019-11-13 03:14:50,602: publisherUpdate[/clock] -> http://itachi-HP-Pavilion-Laptop-15-cc1xx:43199/ ['http://itachi-HP-Pavilion-Laptop-15-cc1xx:37209/']: sec=0.00, result=[1, '', 0]
[rosmaster.master][INFO] 2019-11-13 03:14:50,602: publisherUpdate[/clock] -> http://itachi-HP-Pavilion-Laptop-15-cc1xx:43747/ ['http://itachi-HP-Pavilion-Laptop-15-cc1xx:37209/']
[rosmaster.master][INFO] 2019-11-13 03:14:50,602: publisherUpdate[/clock] -> http://itachi-HP-Pavilion-Laptop-15-cc1xx:43665/ ['http://itachi-HP-Pavilion-Laptop-15-cc1xx:37209/']
[rosmaster.master][INFO] 2019-11-13 03:14:50,603: publisherUpdate[/clock] -> http://itachi-HP-Pavilion-Laptop-15-cc1xx:43747/ ['http://itachi-HP-Pavilion-Laptop-15-cc1xx:37209/']: sec=0.00, result=[1, '', 0]
[rosmaster.master][INFO] 2019-11-13 03:14:50,604: publisherUpdate[/clock] -> http://itachi-HP-Pavilion-Laptop-15-cc1xx:37209/ ['http://itachi-HP-Pavilion-Laptop-15-cc1xx:37209/']
[rosmaster.master][INFO] 2019-11-13 03:14:50,604: publisherUpdate[/clock] -> http://itachi-HP-Pavilion-Laptop-15-cc1xx:43665/ ['http://itachi-HP-Pavilion-Laptop-15-cc1xx:37209/']: sec=0.00, result=[1, '', 0]
[rosmaster.master][INFO] 2019-11-13 03:14:50,604: publisherUpdate[/clock] -> http://itachi-HP-Pavilion-Laptop-15-cc1xx:37317/ ['http://itachi-HP-Pavilion-Laptop-15-cc1xx:37209/']
[rosmaster.master][INFO] 2019-11-13 03:14:50,605: publisherUpdate[/clock] -> http://itachi-HP-Pavilion-Laptop-15-cc1xx:37209/ ['http://itachi-HP-Pavilion-Laptop-15-cc1xx:37209/']: sec=0.00, result=[1, '', 0]
[rosmaster.master][INFO] 2019-11-13 03:14:50,605: publisherUpdate[/clock] -> http://itachi-HP-Pavilion-Laptop-15-cc1xx:40741/ ['http://itachi-HP-Pavilion-Laptop-15-cc1xx:37209/']
[rosmaster.master][INFO] 2019-11-13 03:14:50,606: publisherUpdate[/clock] -> http://itachi-HP-Pavilion-Laptop-15-cc1xx:40741/ ['http://itachi-HP-Pavilion-Laptop-15-cc1xx:37209/']: sec=0.00, result=[1, '', 0]
[rosmaster.master][INFO] 2019-11-13 03:14:50,606: publisherUpdate[/clock] -> http://itachi-HP-Pavilion-Laptop-15-cc1xx:37317/ ['http://itachi-HP-Pavilion-Laptop-15-cc1xx:37209/']: sec=0.00, result=[1, '', 0]
[rosmaster.master][INFO] 2019-11-13 03:14:50,724: +SERVICE [/gazebo/overhead_cam/set_camera_info] /gazebo http://itachi-HP-Pavilion-Laptop-15-cc1xx:37209/
[rosmaster.master][INFO] 2019-11-13 03:14:50,727: +SERVICE [/gazebo/overhead_cam/set_parameters] /gazebo http://itachi-HP-Pavilion-Laptop-15-cc1xx:37209/
[rosmaster.master][INFO] 2019-11-13 03:14:50,728: +PUB [/gazebo/overhead_cam/parameter_descriptions] /gazebo http://itachi-HP-Pavilion-Laptop-15-cc1xx:37209/
[rosmaster.master][INFO] 2019-11-13 03:14:50,729: +PUB [/gazebo/overhead_cam/parameter_updates] /gazebo http://itachi-HP-Pavilion-Laptop-15-cc1xx:37209/
[rosmaster.master][INFO] 2019-11-13 03:14:50,730: +PARAM [/gazebo/overhead_cam/imager_rate] by /gazebo
[rosmaster.master][INFO] 2019-11-13 03:14:50,731: +PARAM [/gazebo/overhead_cam/imager_rate] by /gazebo
[rosmaster.master][INFO] 2019-11-13 03:14:50,740: +PUB [/tf] /gazebo http://itachi-HP-Pavilion-Laptop-15-cc1xx:37209/
[rosmaster.master][INFO] 2019-11-13 03:14:50,766: +SERVICE [/gazebo/set_parameters] /gazebo http://itachi-HP-Pavilion-Laptop-15-cc1xx:37209/
[rosmaster.master][INFO] 2019-11-13 03:14:50,767: +PUB [/gazebo/parameter_descriptions] /gazebo http://itachi-HP-Pavilion-Laptop-15-cc1xx:37209/
[rosmaster.master][INFO] 2019-11-13 03:14:50,768: +PUB [/gazebo/parameter_updates] /gazebo http://itachi-HP-Pavilion-Laptop-15-cc1xx:37209/
[rosmaster.master][INFO] 2019-11-13 03:14:50,776: +PARAM [/gazebo/time_step] by /gazebo
[rosmaster.master][INFO] 2019-11-13 03:14:50,777: +PARAM [/gazebo/max_update_rate] by /gazebo
[rosmaster.master][INFO] 2019-11-13 03:14:50,778: +PARAM [/gazebo/gravity_x] by /gazebo
[rosmaster.master][INFO] 2019-11-13 03:14:50,778: +PARAM [/gazebo/gravity_y] by /gazebo
[rosmaster.master][INFO] 2019-11-13 03:14:50,779: +PARAM [/gazebo/gravity_z] by /gazebo
[rosmaster.master][INFO] 2019-11-13 03:14:50,779: +PARAM [/gazebo/auto_disable_bodies] by /gazebo
[rosmaster.master][INFO] 2019-11-13 03:14:50,780: +PARAM [/gazebo/sor_pgs_precon_iters] by /gazebo
[rosmaster.master][INFO] 2019-11-13 03:14:50,781: +PARAM [/gazebo/sor_pgs_iters] by /gazebo
[rosmaster.master][INFO] 2019-11-13 03:14:50,782: +PARAM [/gazebo/sor_pgs_w] by /gazebo
[rosmaster.master][INFO] 2019-11-13 03:14:50,783: +PARAM [/gazebo/sor_pgs_rms_error_tol] by /gazebo
[rosmaster.master][INFO] 2019-11-13 03:14:50,784: +PARAM [/gazebo/cfm] by /gazebo
[rosmaster.master][INFO] 2019-11-13 03:14:50,784: +PARAM [/gazebo/erp] by /gazebo
[rosmaster.master][INFO] 2019-11-13 03:14:50,785: +PARAM [/gazebo/contact_surface_layer] by /gazebo
[rosmaster.master][INFO] 2019-11-13 03:14:50,786: +PARAM [/gazebo/contact_max_correcting_vel] by /gazebo
[rosmaster.master][INFO] 2019-11-13 03:14:50,786: +PARAM [/gazebo/max_contacts] by /gazebo
[rosmaster.master][INFO] 2019-11-13 03:14:50,789: +PARAM [/gazebo/time_step] by /gazebo
[rosmaster.master][INFO] 2019-11-13 03:14:50,790: +PARAM [/gazebo/max_update_rate] by /gazebo
[rosmaster.master][INFO] 2019-11-13 03:14:50,791: +PARAM [/gazebo/gravity_x] by /gazebo
[rosmaster.master][INFO] 2019-11-13 03:14:50,792: +PARAM [/gazebo/gravity_y] by /gazebo
[rosmaster.master][INFO] 2019-11-13 03:14:50,792: +PARAM [/gazebo/gravity_z] by /gazebo
[rosmaster.master][INFO] 2019-11-13 03:14:50,793: +PUB [/gazebo/overhead_cam/image_rect_color/compressedDepth] /gazebo http://itachi-HP-Pavilion-Laptop-15-cc1xx:37209/
[rosmaster.master][INFO] 2019-11-13 03:14:50,793: +PARAM [/gazebo/auto_disable_bodies] by /gazebo
[rosmaster.master][INFO] 2019-11-13 03:14:50,794: +SERVICE [/gazebo/overhead_cam/image_rect_color/compressedDepth/set_parameters] /gazebo http://itachi-HP-Pavilion-Laptop-15-cc1xx:37209/
[rosmaster.master][INFO] 2019-11-13 03:14:50,795: +PARAM [/gazebo/sor_pgs_precon_iters] by /gazebo
[rosmaster.master][INFO] 2019-11-13 03:14:50,795: +PUB [/gazebo/overhead_cam/image_rect_color/compressedDepth/parameter_descriptions] /gazebo http://itachi-HP-Pavilion-Laptop-15-cc1xx:37209/
[rosmaster.master][INFO] 2019-11-13 03:14:50,796: +PUB [/gazebo/overhead_cam/image_rect_color/compressedDepth/parameter_updates] /gazebo http://itachi-HP-Pavilion-Laptop-15-cc1xx:37209/
[rosmaster.master][INFO] 2019-11-13 03:14:50,797: +PARAM [/gazebo/sor_pgs_iters] by /gazebo
[rosmaster.master][INFO] 2019-11-13 03:14:50,798: +PARAM [/gazebo/sor_pgs_w] by /gazebo
[rosmaster.master][INFO] 2019-11-13 03:14:50,799: +PARAM [/gazebo/sor_pgs_rms_error_tol] by /gazebo
[rosmaster.master][INFO] 2019-11-13 03:14:50,800: +PARAM [/gazebo/cfm] by /gazebo
[rosmaster.master][INFO] 2019-11-13 03:14:50,801: +PARAM [/gazebo/overhead_cam/image_rect_color/compressedDepth/depth_max] by /gazebo
[rosmaster.master][INFO] 2019-11-13 03:14:50,801: +PARAM [/gazebo/erp] by /gazebo
[rosmaster.master][INFO] 2019-11-13 03:14:50,802: +PARAM [/gazebo/overhead_cam/image_rect_color/compressedDepth/depth_quantization] by /gazebo
[rosmaster.master][INFO] 2019-11-13 03:14:50,803: +PARAM [/gazebo/contact_surface_layer] by /gazebo
[rosmaster.master][INFO] 2019-11-13 03:14:50,803: +PARAM [/gazebo/overhead_cam/image_rect_color/compressedDepth/png_level] by /gazebo
[rosmaster.master][INFO] 2019-11-13 03:14:50,804: +PARAM [/gazebo/contact_max_correcting_vel] by /gazebo
[rosmaster.master][INFO] 2019-11-13 03:14:50,805: +PARAM [/gazebo/max_contacts] by /gazebo
[rosmaster.master][INFO] 2019-11-13 03:14:50,806: +PARAM [/gazebo/overhead_cam/image_rect_color/compressedDepth/depth_max] by /gazebo
[rosmaster.master][INFO] 2019-11-13 03:14:50,807: +PARAM [/gazebo/overhead_cam/image_rect_color/compressedDepth/depth_quantization] by /gazebo
[rosmaster.master][INFO] 2019-11-13 03:14:50,808: +PARAM [/gazebo/overhead_cam/image_rect_color/compressedDepth/png_level] by /gazebo
[rosmaster.master][INFO] 2019-11-13 03:14:50,811: +PUB [/gazebo/overhead_cam/image_rect_color/compressed] /gazebo http://itachi-HP-Pavilion-Laptop-15-cc1xx:37209/
[rosmaster.master][INFO] 2019-11-13 03:14:50,812: +SERVICE [/gazebo/overhead_cam/image_rect_color/compressed/set_parameters] /gazebo http://itachi-HP-Pavilion-Laptop-15-cc1xx:37209/
[rosmaster.master][INFO] 2019-11-13 03:14:50,813: +PUB [/gazebo/overhead_cam/image_rect_color/compressed/parameter_descriptions] /gazebo http://itachi-HP-Pavilion-Laptop-15-cc1xx:37209/
[rosmaster.master][INFO] 2019-11-13 03:14:50,814: +PUB [/gazebo/overhead_cam/image_rect_color/compressed/parameter_updates] /gazebo http://itachi-HP-Pavilion-Laptop-15-cc1xx:37209/
[rosmaster.master][INFO] 2019-11-13 03:14:50,817: +PARAM [/gazebo/overhead_cam/image_rect_color/compressed/format] by /gazebo
[rosmaster.master][INFO] 2019-11-13 03:14:50,818: +PARAM [/gazebo/overhead_cam/image_rect_color/compressed/jpeg_quality] by /gazebo
[rosmaster.master][INFO] 2019-11-13 03:14:50,819: +PARAM [/gazebo/overhead_cam/image_rect_color/compressed/png_level] by /gazebo
[rosmaster.master][INFO] 2019-11-13 03:14:50,820: +PARAM [/gazebo/overhead_cam/image_rect_color/compressed/format] by /gazebo
[rosmaster.master][INFO] 2019-11-13 03:14:50,822: +PARAM [/gazebo/overhead_cam/image_rect_color/compressed/jpeg_quality] by /gazebo
[rosmaster.master][INFO] 2019-11-13 03:14:50,822: +PARAM [/gazebo/overhead_cam/image_rect_color/compressed/png_level] by /gazebo
[rosmaster.master][INFO] 2019-11-13 03:14:50,826: +PUB [/gazebo/overhead_cam/image_rect_color] /gazebo http://itachi-HP-Pavilion-Laptop-15-cc1xx:37209/
[rosmaster.master][INFO] 2019-11-13 03:14:50,829: +PUB [/gazebo/overhead_cam/image_rect_color/theora] /gazebo http://itachi-HP-Pavilion-Laptop-15-cc1xx:37209/
[rosmaster.master][INFO] 2019-11-13 03:14:50,831: +SERVICE [/gazebo/overhead_cam/image_rect_color/theora/set_parameters] /gazebo http://itachi-HP-Pavilion-Laptop-15-cc1xx:37209/
[rosmaster.master][INFO] 2019-11-13 03:14:50,832: +SERVICE [/gazebo_gui/set_parameters] /gazebo_gui http://itachi-HP-Pavilion-Laptop-15-cc1xx:40741/
[rosmaster.master][INFO] 2019-11-13 03:14:50,833: +PUB [/gazebo/overhead_cam/image_rect_color/theora/parameter_descriptions] /gazebo http://itachi-HP-Pavilion-Laptop-15-cc1xx:37209/
[rosmaster.master][INFO] 2019-11-13 03:14:50,834: +PUB [/gazebo_gui/parameter_descriptions] /gazebo_gui http://itachi-HP-Pavilion-Laptop-15-cc1xx:40741/
[rosmaster.master][INFO] 2019-11-13 03:14:50,835: +PUB [/gazebo/overhead_cam/image_rect_color/theora/parameter_updates] /gazebo http://itachi-HP-Pavilion-Laptop-15-cc1xx:37209/
[rosmaster.master][INFO] 2019-11-13 03:14:50,836: +PUB [/gazebo_gui/parameter_updates] /gazebo_gui http://itachi-HP-Pavilion-Laptop-15-cc1xx:40741/
[rosmaster.master][INFO] 2019-11-13 03:14:50,841: +PARAM [/gazebo/overhead_cam/image_rect_color/theora/optimize_for] by /gazebo
[rosmaster.master][INFO] 2019-11-13 03:14:50,843: +PARAM [/gazebo/overhead_cam/image_rect_color/theora/target_bitrate] by /gazebo
[rosmaster.master][INFO] 2019-11-13 03:14:50,845: +PARAM [/gazebo/overhead_cam/image_rect_color/theora/quality] by /gazebo
[rosmaster.master][INFO] 2019-11-13 03:14:50,847: +PARAM [/gazebo/overhead_cam/image_rect_color/theora/keyframe_frequency] by /gazebo
[rosmaster.master][INFO] 2019-11-13 03:14:50,849: +PARAM [/gazebo/overhead_cam/image_rect_color/theora/optimize_for] by /gazebo
[rosmaster.master][INFO] 2019-11-13 03:14:50,851: +PARAM [/gazebo/overhead_cam/image_rect_color/theora/target_bitrate] by /gazebo
[rosmaster.master][INFO] 2019-11-13 03:14:50,853: +PARAM [/gazebo/overhead_cam/image_rect_color/theora/quality] by /gazebo
[rosmaster.master][INFO] 2019-11-13 03:14:50,855: +PARAM [/gazebo/overhead_cam/image_rect_color/theora/keyframe_frequency] by /gazebo
[rosmaster.master][INFO] 2019-11-13 03:14:50,856: +PUB [/gazebo/overhead_cam/camera_info] /gazebo http://itachi-HP-Pavilion-Laptop-15-cc1xx:37209/
[rosmaster.master][INFO] 2019-11-13 03:14:50,860: +PARAM [/gazebo_gui/time_step] by /gazebo_gui
[rosmaster.master][INFO] 2019-11-13 03:14:50,863: +PARAM [/gazebo_gui/max_update_rate] by /gazebo_gui
[rosmaster.master][INFO] 2019-11-13 03:14:50,864: +PARAM [/gazebo_gui/gravity_x] by /gazebo_gui
[rosmaster.master][INFO] 2019-11-13 03:14:50,865: +PARAM [/gazebo_gui/gravity_y] by /gazebo_gui
[rosmaster.master][INFO] 2019-11-13 03:14:50,866: +PARAM [/gazebo_gui/gravity_z] by /gazebo_gui
[rosmaster.master][INFO] 2019-11-13 03:14:50,868: +PARAM [/gazebo_gui/auto_disable_bodies] by /gazebo_gui
[rosmaster.master][INFO] 2019-11-13 03:14:50,871: +PARAM [/gazebo_gui/sor_pgs_precon_iters] by /gazebo_gui
[rosmaster.master][INFO] 2019-11-13 03:14:50,872: +PARAM [/gazebo_gui/sor_pgs_iters] by /gazebo_gui
[rosmaster.master][INFO] 2019-11-13 03:14:50,873: +PARAM [/gazebo_gui/sor_pgs_w] by /gazebo_gui
[rosmaster.master][INFO] 2019-11-13 03:14:50,875: +PARAM [/gazebo_gui/sor_pgs_rms_error_tol] by /gazebo_gui
[rosmaster.master][INFO] 2019-11-13 03:14:50,876: +PARAM [/gazebo_gui/cfm] by /gazebo_gui
[rosmaster.master][INFO] 2019-11-13 03:14:50,877: +PARAM [/gazebo_gui/erp] by /gazebo_gui
[rosmaster.master][INFO] 2019-11-13 03:14:50,878: +PARAM [/gazebo_gui/contact_surface_layer] by /gazebo_gui
[rosmaster.master][INFO] 2019-11-13 03:14:50,880: +PARAM [/gazebo_gui/contact_max_correcting_vel] by /gazebo_gui
[rosmaster.master][INFO] 2019-11-13 03:14:50,881: +PARAM [/gazebo_gui/max_contacts] by /gazebo_gui
[rosmaster.master][INFO] 2019-11-13 03:14:50,907: publisherUpdate[/gazebo/overhead_cam/image_rect_color] -> http://itachi-HP-Pavilion-Laptop-15-cc1xx:43199/ ['http://itachi-HP-Pavilion-Laptop-15-cc1xx:37209/']
[rosmaster.master][INFO] 2019-11-13 03:14:50,907: publisherUpdate[/gazebo/overhead_cam/image_rect_color] -> http://itachi-HP-Pavilion-Laptop-15-cc1xx:43199/ ['http://itachi-HP-Pavilion-Laptop-15-cc1xx:37209/']: sec=0.00, result=[1, '', 0]
[rosmaster.master][INFO] 2019-11-13 03:14:50,907: publisherUpdate[/gazebo/overhead_cam/camera_info] -> http://itachi-HP-Pavilion-Laptop-15-cc1xx:43199/ ['http://itachi-HP-Pavilion-Laptop-15-cc1xx:37209/']
[rosmaster.master][INFO] 2019-11-13 03:14:50,908: publisherUpdate[/gazebo/overhead_cam/camera_info] -> http://itachi-HP-Pavilion-Laptop-15-cc1xx:43199/ ['http://itachi-HP-Pavilion-Laptop-15-cc1xx:37209/']: sec=0.00, result=[1, '', 0]
[rosmaster.master][INFO] 2019-11-13 03:14:51,046: -SUB [/clock] /edrone/spawn_edrone http://itachi-HP-Pavilion-Laptop-15-cc1xx:43665/
[rosmaster.master][INFO] 2019-11-13 03:14:51,046: -PUB [/rosout] /edrone/spawn_edrone http://itachi-HP-Pavilion-Laptop-15-cc1xx:43665/
[rosmaster.master][INFO] 2019-11-13 03:14:51,046: -SERVICE [/edrone/spawn_edrone/set_logger_level] /edrone/spawn_edrone rosrpc://itachi-HP-Pavilion-Laptop-15-cc1xx:36323
[rosmaster.master][INFO] 2019-11-13 03:14:51,046: -SERVICE [/edrone/spawn_edrone/get_loggers] /edrone/spawn_edrone rosrpc://itachi-HP-Pavilion-Laptop-15-cc1xx:36323
[rosmaster.master][INFO] 2019-11-13 03:14:51,065: +PARAM [/gazebo_gui/time_step] by /gazebo_gui
[rosmaster.master][INFO] 2019-11-13 03:14:51,066: +PARAM [/gazebo_gui/max_update_rate] by /gazebo_gui
[rosmaster.master][INFO] 2019-11-13 03:14:51,067: +PARAM [/gazebo_gui/gravity_x] by /gazebo_gui
[rosmaster.master][INFO] 2019-11-13 03:14:51,067: +PARAM [/gazebo_gui/gravity_y] by /gazebo_gui
[rosmaster.master][INFO] 2019-11-13 03:14:51,068: +PARAM [/gazebo_gui/gravity_z] by /gazebo_gui
[rosmaster.master][INFO] 2019-11-13 03:14:51,069: +PARAM [/gazebo_gui/auto_disable_bodies] by /gazebo_gui
[rosmaster.master][INFO] 2019-11-13 03:14:51,070: +PARAM [/gazebo_gui/sor_pgs_precon_iters] by /gazebo_gui
[rosmaster.master][INFO] 2019-11-13 03:14:51,070: +PARAM [/gazebo_gui/sor_pgs_iters] by /gazebo_gui
[rosmaster.master][INFO] 2019-11-13 03:14:51,071: +PARAM [/gazebo_gui/sor_pgs_w] by /gazebo_gui
[rosmaster.master][INFO] 2019-11-13 03:14:51,072: +PARAM [/gazebo_gui/sor_pgs_rms_error_tol] by /gazebo_gui
[rosmaster.master][INFO] 2019-11-13 03:14:51,073: +PARAM [/gazebo_gui/cfm] by /gazebo_gui
[rosmaster.master][INFO] 2019-11-13 03:14:51,074: +PARAM [/gazebo_gui/erp] by /gazebo_gui
[rosmaster.master][INFO] 2019-11-13 03:14:51,077: +PARAM [/gazebo_gui/contact_surface_layer] by /gazebo_gui
[rosmaster.master][INFO] 2019-11-13 03:14:51,078: +PUB [/edrone/motor_speed] /gazebo http://itachi-HP-Pavilion-Laptop-15-cc1xx:37209/
[rosmaster.master][INFO] 2019-11-13 03:14:51,078: +PARAM [/gazebo_gui/contact_max_correcting_vel] by /gazebo_gui
[rosmaster.master][INFO] 2019-11-13 03:14:51,079: +PARAM [/gazebo_gui/max_contacts] by /gazebo_gui
[rosmaster.master][INFO] 2019-11-13 03:14:51,081: +PUB [/edrone/joint_states] /gazebo http://itachi-HP-Pavilion-Laptop-15-cc1xx:37209/
[rosmaster.master][INFO] 2019-11-13 03:14:51,083: +PUB [/edrone/motor_speed/0] /gazebo http://itachi-HP-Pavilion-Laptop-15-cc1xx:37209/
[rosmaster.master][INFO] 2019-11-13 03:14:51,089: +SUB [/edrone/gazebo/command/motor_speed] /gazebo http://itachi-HP-Pavilion-Laptop-15-cc1xx:37209/
[rosmaster.master][INFO] 2019-11-13 03:14:51,096: +SUB [/edrone/wind_speed] /gazebo http://itachi-HP-Pavilion-Laptop-15-cc1xx:37209/
[rosmaster.master][INFO] 2019-11-13 03:14:51,097: +PUB [/edrone/motor_speed/1] /gazebo http://itachi-HP-Pavilion-Laptop-15-cc1xx:37209/
[rosmaster.master][INFO] 2019-11-13 03:14:51,106: +PUB [/edrone/motor_speed/2] /gazebo http://itachi-HP-Pavilion-Laptop-15-cc1xx:37209/
[rosmaster.master][INFO] 2019-11-13 03:14:51,108: publisherUpdate[/rosout] -> http://itachi-HP-Pavilion-Laptop-15-cc1xx:41041/ ['http://itachi-HP-Pavilion-Laptop-15-cc1xx:35719/', 'http://itachi-HP-Pavilion-Laptop-15-cc1xx:38013/', 'http://itachi-HP-Pavilion-Laptop-15-cc1xx:43199/', 'http://itachi-HP-Pavilion-Laptop-15-cc1xx:39931/', 'http://itachi-HP-Pavilion-Laptop-15-cc1xx:43747/', 'http://itachi-HP-Pavilion-Laptop-15-cc1xx:37209/', 'http://itachi-HP-Pavilion-Laptop-15-cc1xx:37317/', 'http://itachi-HP-Pavilion-Laptop-15-cc1xx:40741/']
[rosmaster.master][INFO] 2019-11-13 03:14:51,109: publisherUpdate[/edrone/joint_states] -> http://itachi-HP-Pavilion-Laptop-15-cc1xx:38013/ ['http://itachi-HP-Pavilion-Laptop-15-cc1xx:37317/', 'http://itachi-HP-Pavilion-Laptop-15-cc1xx:37209/']
[rosmaster.master][INFO] 2019-11-13 03:14:51,110: publisherUpdate[/rosout] -> http://itachi-HP-Pavilion-Laptop-15-cc1xx:41041/ ['http://itachi-HP-Pavilion-Laptop-15-cc1xx:35719/', 'http://itachi-HP-Pavilion-Laptop-15-cc1xx:38013/', 'http://itachi-HP-Pavilion-Laptop-15-cc1xx:43199/', 'http://itachi-HP-Pavilion-Laptop-15-cc1xx:39931/', 'http://itachi-HP-Pavilion-Laptop-15-cc1xx:43747/', 'http://itachi-HP-Pavilion-Laptop-15-cc1xx:37209/', 'http://itachi-HP-Pavilion-Laptop-15-cc1xx:37317/', 'http://itachi-HP-Pavilion-Laptop-15-cc1xx:40741/']: sec=0.00, result=[1, '', 0]
[rosmaster.master][INFO] 2019-11-13 03:14:51,111: publisherUpdate[/edrone/joint_states] -> http://itachi-HP-Pavilion-Laptop-15-cc1xx:38013/ ['http://itachi-HP-Pavilion-Laptop-15-cc1xx:37317/', 'http://itachi-HP-Pavilion-Laptop-15-cc1xx:37209/']: sec=0.00, result=[1, '', 0]
[rosmaster.master][INFO] 2019-11-13 03:14:51,116: +PUB [/edrone/motor_speed/3] /gazebo http://itachi-HP-Pavilion-Laptop-15-cc1xx:37209/
[rosmaster.master][INFO] 2019-11-13 03:14:51,121: +PUB [/edrone/gazebo/command/motor_speed] /gazebo http://itachi-HP-Pavilion-Laptop-15-cc1xx:37209/
[rosmaster.master][INFO] 2019-11-13 03:14:51,127: +SUB [/edrone/command/motor_speed] /gazebo http://itachi-HP-Pavilion-Laptop-15-cc1xx:37209/
[rosmaster.master][INFO] 2019-11-13 03:14:51,129: +PUB [/edrone/imu] /gazebo http://itachi-HP-Pavilion-Laptop-15-cc1xx:37209/
[rosmaster.master][INFO] 2019-11-13 03:14:51,130: +PUB [/edrone/ground_truth/imu] /gazebo http://itachi-HP-Pavilion-Laptop-15-cc1xx:37209/
[rosmaster.master][INFO] 2019-11-13 03:14:51,131: +PUB [/edrone/ground_truth/pose] /gazebo http://itachi-HP-Pavilion-Laptop-15-cc1xx:37209/
[rosmaster.master][INFO] 2019-11-13 03:14:51,133: +PUB [/edrone/ground_truth/pose_with_covariance] /gazebo http://itachi-HP-Pavilion-Laptop-15-cc1xx:37209/
[rosmaster.master][INFO] 2019-11-13 03:14:51,135: +PUB [/edrone/ground_truth/position] /gazebo http://itachi-HP-Pavilion-Laptop-15-cc1xx:37209/
[rosmaster.master][INFO] 2019-11-13 03:14:51,137: +PUB [/edrone/ground_truth/odometry] /gazebo http://itachi-HP-Pavilion-Laptop-15-cc1xx:37209/
[rosmaster.master][INFO] 2019-11-13 03:14:51,138: +PUB [/edrone/ground_truth/transform] /gazebo http://itachi-HP-Pavilion-Laptop-15-cc1xx:37209/
[rosmaster.master][INFO] 2019-11-13 03:14:51,141: +PUB [/edrone/odometry_sensor1/pose] /gazebo http://itachi-HP-Pavilion-Laptop-15-cc1xx:37209/
[rosmaster.master][INFO] 2019-11-13 03:14:51,143: +PUB [/edrone/odometry_sensor1/pose_with_covariance] /gazebo http://itachi-HP-Pavilion-Laptop-15-cc1xx:37209/
[rosmaster.master][INFO] 2019-11-13 03:14:51,144: +PUB [/edrone/odometry_sensor1/position] /gazebo http://itachi-HP-Pavilion-Laptop-15-cc1xx:37209/
[rosmaster.master][INFO] 2019-11-13 03:14:51,145: +PUB [/edrone/odometry_sensor1/odometry] /gazebo http://itachi-HP-Pavilion-Laptop-15-cc1xx:37209/
[rosmaster.master][INFO] 2019-11-13 03:14:51,146: +PUB [/edrone/odometry_sensor1/transform] /gazebo http://itachi-HP-Pavilion-Laptop-15-cc1xx:37209/
[rosmaster.master][INFO] 2019-11-13 03:14:51,212: publisherUpdate[/edrone/gazebo/command/motor_speed] -> http://itachi-HP-Pavilion-Laptop-15-cc1xx:37209/ ['http://itachi-HP-Pavilion-Laptop-15-cc1xx:37209/']
[rosmaster.master][INFO] 2019-11-13 03:14:51,212: publisherUpdate[/edrone/odometry_sensor1/odometry] -> http://itachi-HP-Pavilion-Laptop-15-cc1xx:43747/ ['http://itachi-HP-Pavilion-Laptop-15-cc1xx:37209/']
[rosmaster.master][INFO] 2019-11-13 03:14:51,212: publisherUpdate[/edrone/gazebo/command/motor_speed] -> http://itachi-HP-Pavilion-Laptop-15-cc1xx:37209/ ['http://itachi-HP-Pavilion-Laptop-15-cc1xx:37209/']: sec=0.00, result=[1, '', 0]
[rosmaster.master][INFO] 2019-11-13 03:14:51,213: publisherUpdate[/edrone/odometry_sensor1/odometry] -> http://itachi-HP-Pavilion-Laptop-15-cc1xx:43747/ ['http://itachi-HP-Pavilion-Laptop-15-cc1xx:37209/']: sec=0.00, result=[1, '', 0]
[rosmaster.master][INFO] 2019-11-13 03:15:01,945: +PUB [/rosout] /drone_control http://itachi-HP-Pavilion-Laptop-15-cc1xx:46677/
[rosmaster.master][INFO] 2019-11-13 03:15:01,951: +SUB [/clock] /drone_control http://itachi-HP-Pavilion-Laptop-15-cc1xx:46677/
[rosmaster.master][INFO] 2019-11-13 03:15:01,954: +SERVICE [/drone_control/get_loggers] /drone_control http://itachi-HP-Pavilion-Laptop-15-cc1xx:46677/
[rosmaster.master][INFO] 2019-11-13 03:15:01,956: +SERVICE [/drone_control/set_logger_level] /drone_control http://itachi-HP-Pavilion-Laptop-15-cc1xx:46677/
[rosmaster.master][INFO] 2019-11-13 03:15:01,958: +PUB [/drone_command] /drone_control http://itachi-HP-Pavilion-Laptop-15-cc1xx:46677/
[rosmaster.master][INFO] 2019-11-13 03:15:01,960: +PUB [/alt_error] /drone_control http://itachi-HP-Pavilion-Laptop-15-cc1xx:46677/
[rosmaster.master][INFO] 2019-11-13 03:15:01,964: +PUB [/pitch_error] /drone_control http://itachi-HP-Pavilion-Laptop-15-cc1xx:46677/
[rosmaster.master][INFO] 2019-11-13 03:15:01,968: +PUB [/roll_error] /drone_control http://itachi-HP-Pavilion-Laptop-15-cc1xx:46677/
[rosmaster.master][INFO] 2019-11-13 03:15:01,971: +SUB [/whycon/poses] /drone_control http://itachi-HP-Pavilion-Laptop-15-cc1xx:46677/
[rosmaster.master][INFO] 2019-11-13 03:15:01,974: +SUB [/pid_tuning_altitude] /drone_control http://itachi-HP-Pavilion-Laptop-15-cc1xx:46677/
[rosmaster.master][INFO] 2019-11-13 03:15:01,978: +SUB [/pid_tuning_pitch] /drone_control http://itachi-HP-Pavilion-Laptop-15-cc1xx:46677/
[rosmaster.master][INFO] 2019-11-13 03:15:01,983: +SUB [/pid_tuning_roll] /drone_control http://itachi-HP-Pavilion-Laptop-15-cc1xx:46677/
[rosmaster.master][INFO] 2019-11-13 03:15:02,031: publisherUpdate[/rosout] -> http://itachi-HP-Pavilion-Laptop-15-cc1xx:41041/ ['http://itachi-HP-Pavilion-Laptop-15-cc1xx:35719/', 'http://itachi-HP-Pavilion-Laptop-15-cc1xx:38013/', 'http://itachi-HP-Pavilion-Laptop-15-cc1xx:43199/', 'http://itachi-HP-Pavilion-Laptop-15-cc1xx:39931/', 'http://itachi-HP-Pavilion-Laptop-15-cc1xx:43747/', 'http://itachi-HP-Pavilion-Laptop-15-cc1xx:37209/', 'http://itachi-HP-Pavilion-Laptop-15-cc1xx:37317/', 'http://itachi-HP-Pavilion-Laptop-15-cc1xx:40741/', 'http://itachi-HP-Pavilion-Laptop-15-cc1xx:46677/']
[rosmaster.master][INFO] 2019-11-13 03:15:02,032: publisherUpdate[/rosout] -> http://itachi-HP-Pavilion-Laptop-15-cc1xx:41041/ ['http://itachi-HP-Pavilion-Laptop-15-cc1xx:35719/', 'http://itachi-HP-Pavilion-Laptop-15-cc1xx:38013/', 'http://itachi-HP-Pavilion-Laptop-15-cc1xx:43199/', 'http://itachi-HP-Pavilion-Laptop-15-cc1xx:39931/', 'http://itachi-HP-Pavilion-Laptop-15-cc1xx:43747/', 'http://itachi-HP-Pavilion-Laptop-15-cc1xx:37209/', 'http://itachi-HP-Pavilion-Laptop-15-cc1xx:37317/', 'http://itachi-HP-Pavilion-Laptop-15-cc1xx:40741/', 'http://itachi-HP-Pavilion-Laptop-15-cc1xx:46677/']: sec=0.00, result=[1, '', 0]
[rosmaster.master][INFO] 2019-11-13 03:15:02,033: publisherUpdate[/drone_command] -> http://itachi-HP-Pavilion-Laptop-15-cc1xx:35719/ ['http://itachi-HP-Pavilion-Laptop-15-cc1xx:46677/']
[rosmaster.master][INFO] 2019-11-13 03:15:02,034: publisherUpdate[/drone_command] -> http://itachi-HP-Pavilion-Laptop-15-cc1xx:35719/ ['http://itachi-HP-Pavilion-Laptop-15-cc1xx:46677/']: sec=0.00, result=[1, '', 0]
[rosmaster.master][INFO] 2019-11-13 03:17:03,369: -SUB [/pid_tuning_pitch] /drone_control http://itachi-HP-Pavilion-Laptop-15-cc1xx:46677/
[rosmaster.master][INFO] 2019-11-13 03:17:03,369: -SUB [/clock] /drone_control http://itachi-HP-Pavilion-Laptop-15-cc1xx:46677/
[rosmaster.master][INFO] 2019-11-13 03:17:03,369: -SUB [/whycon/poses] /drone_control http://itachi-HP-Pavilion-Laptop-15-cc1xx:46677/
[rosmaster.master][INFO] 2019-11-13 03:17:03,369: -SUB [/pid_tuning_roll] /drone_control http://itachi-HP-Pavilion-Laptop-15-cc1xx:46677/
[rosmaster.master][INFO] 2019-11-13 03:17:03,370: -SUB [/pid_tuning_altitude] /drone_control http://itachi-HP-Pavilion-Laptop-15-cc1xx:46677/
[rosmaster.master][INFO] 2019-11-13 03:17:03,370: -PUB [/pitch_error] /drone_control http://itachi-HP-Pavilion-Laptop-15-cc1xx:46677/
[rosmaster.master][INFO] 2019-11-13 03:17:03,370: -PUB [/roll_error] /drone_control http://itachi-HP-Pavilion-Laptop-15-cc1xx:46677/
[rosmaster.master][INFO] 2019-11-13 03:17:03,370: -PUB [/rosout] /drone_control http://itachi-HP-Pavilion-Laptop-15-cc1xx:46677/
[rosmaster.master][INFO] 2019-11-13 03:17:03,370: -PUB [/alt_error] /drone_control http://itachi-HP-Pavilion-Laptop-15-cc1xx:46677/
[rosmaster.master][INFO] 2019-11-13 03:17:03,370: -PUB [/drone_command] /drone_control http://itachi-HP-Pavilion-Laptop-15-cc1xx:46677/
[rosmaster.master][INFO] 2019-11-13 03:17:03,370: -SERVICE [/drone_control/get_loggers] /drone_control rosrpc://itachi-HP-Pavilion-Laptop-15-cc1xx:44711
[rosmaster.master][INFO] 2019-11-13 03:17:03,371: -SERVICE [/drone_control/set_logger_level] /drone_control rosrpc://itachi-HP-Pavilion-Laptop-15-cc1xx:44711
[rosmaster.master][INFO] 2019-11-13 03:17:03,439: publisherUpdate[/rosout] -> http://itachi-HP-Pavilion-Laptop-15-cc1xx:41041/ ['http://itachi-HP-Pavilion-Laptop-15-cc1xx:35719/', 'http://itachi-HP-Pavilion-Laptop-15-cc1xx:38013/', 'http://itachi-HP-Pavilion-Laptop-15-cc1xx:43199/', 'http://itachi-HP-Pavilion-Laptop-15-cc1xx:39931/', 'http://itachi-HP-Pavilion-Laptop-15-cc1xx:43747/', 'http://itachi-HP-Pavilion-Laptop-15-cc1xx:37209/', 'http://itachi-HP-Pavilion-Laptop-15-cc1xx:37317/', 'http://itachi-HP-Pavilion-Laptop-15-cc1xx:40741/']
[rosmaster.master][INFO] 2019-11-13 03:17:03,440: publisherUpdate[/rosout] -> http://itachi-HP-Pavilion-Laptop-15-cc1xx:41041/ ['http://itachi-HP-Pavilion-Laptop-15-cc1xx:35719/', 'http://itachi-HP-Pavilion-Laptop-15-cc1xx:38013/', 'http://itachi-HP-Pavilion-Laptop-15-cc1xx:43199/', 'http://itachi-HP-Pavilion-Laptop-15-cc1xx:39931/', 'http://itachi-HP-Pavilion-Laptop-15-cc1xx:43747/', 'http://itachi-HP-Pavilion-Laptop-15-cc1xx:37209/', 'http://itachi-HP-Pavilion-Laptop-15-cc1xx:37317/', 'http://itachi-HP-Pavilion-Laptop-15-cc1xx:40741/']: sec=0.00, result=[1, '', 0]
[rosmaster.master][INFO] 2019-11-13 03:17:03,440: publisherUpdate[/drone_command] -> http://itachi-HP-Pavilion-Laptop-15-cc1xx:35719/ []
[rosmaster.master][INFO] 2019-11-13 03:17:03,441: publisherUpdate[/drone_command] -> http://itachi-HP-Pavilion-Laptop-15-cc1xx:35719/ []: sec=0.00, result=[1, '', 0]
[rosmaster.master][INFO] 2019-11-13 03:17:39,309: -PUB [/gazebo_gui/parameter_descriptions] /gazebo_gui http://itachi-HP-Pavilion-Laptop-15-cc1xx:40741/
[rosmaster.master][INFO] 2019-11-13 03:17:39,310: -PUB [/gazebo_gui/parameter_updates] /gazebo_gui http://itachi-HP-Pavilion-Laptop-15-cc1xx:40741/
[rosmaster.master][INFO] 2019-11-13 03:17:39,310: -SERVICE [/gazebo_gui/set_parameters] /gazebo_gui rosrpc://itachi-HP-Pavilion-Laptop-15-cc1xx:52503
[rosmaster.master][INFO] 2019-11-13 03:17:39,363: -PUB [/rosout] /gazebo_gui http://itachi-HP-Pavilion-Laptop-15-cc1xx:40741/
[rosmaster.master][INFO] 2019-11-13 03:17:39,365: -SUB [/clock] /gazebo_gui http://itachi-HP-Pavilion-Laptop-15-cc1xx:40741/
[rosmaster.master][INFO] 2019-11-13 03:17:39,366: -SERVICE [/gazebo_gui/get_loggers] /gazebo_gui rosrpc://itachi-HP-Pavilion-Laptop-15-cc1xx:52503
[rosmaster.master][INFO] 2019-11-13 03:17:39,366: -SERVICE [/gazebo_gui/set_logger_level] /gazebo_gui rosrpc://itachi-HP-Pavilion-Laptop-15-cc1xx:52503
[rosmaster.master][INFO] 2019-11-13 03:17:39,405: publisherUpdate[/rosout] -> http://itachi-HP-Pavilion-Laptop-15-cc1xx:41041/ ['http://itachi-HP-Pavilion-Laptop-15-cc1xx:35719/', 'http://itachi-HP-Pavilion-Laptop-15-cc1xx:38013/', 'http://itachi-HP-Pavilion-Laptop-15-cc1xx:43199/', 'http://itachi-HP-Pavilion-Laptop-15-cc1xx:39931/', 'http://itachi-HP-Pavilion-Laptop-15-cc1xx:43747/', 'http://itachi-HP-Pavilion-Laptop-15-cc1xx:37209/', 'http://itachi-HP-Pavilion-Laptop-15-cc1xx:37317/']
[rosmaster.master][INFO] 2019-11-13 03:17:39,405: publisherUpdate[/rosout] -> http://itachi-HP-Pavilion-Laptop-15-cc1xx:41041/ ['http://itachi-HP-Pavilion-Laptop-15-cc1xx:35719/', 'http://itachi-HP-Pavilion-Laptop-15-cc1xx:38013/', 'http://itachi-HP-Pavilion-Laptop-15-cc1xx:43199/', 'http://itachi-HP-Pavilion-Laptop-15-cc1xx:39931/', 'http://itachi-HP-Pavilion-Laptop-15-cc1xx:43747/', 'http://itachi-HP-Pavilion-Laptop-15-cc1xx:37209/', 'http://itachi-HP-Pavilion-Laptop-15-cc1xx:37317/']: sec=0.00, result=[1, '', 0]
[rosmaster.master][INFO] 2019-11-13 03:17:46,147: -SUB [/clock] /edrone/joint_state_publisher http://itachi-HP-Pavilion-Laptop-15-cc1xx:37317/
[rosmaster.master][INFO] 2019-11-13 03:17:46,147: -PUB [/edrone/joint_states] /edrone/joint_state_publisher http://itachi-HP-Pavilion-Laptop-15-cc1xx:37317/
[rosmaster.master][INFO] 2019-11-13 03:17:46,147: -PUB [/rosout] /edrone/joint_state_publisher http://itachi-HP-Pavilion-Laptop-15-cc1xx:37317/
[rosmaster.master][INFO] 2019-11-13 03:17:46,147: -SERVICE [/edrone/joint_state_publisher/set_logger_level] /edrone/joint_state_publisher rosrpc://itachi-HP-Pavilion-Laptop-15-cc1xx:37757
[rosmaster.master][INFO] 2019-11-13 03:17:46,147: -SERVICE [/edrone/joint_state_publisher/get_loggers] /edrone/joint_state_publisher rosrpc://itachi-HP-Pavilion-Laptop-15-cc1xx:37757
[rosmaster.master][INFO] 2019-11-13 03:17:46,171: -PUB [/rosout] /whycon_display/image_view http://itachi-HP-Pavilion-Laptop-15-cc1xx:39931/
[rosmaster.master][INFO] 2019-11-13 03:17:46,172: -PUB [/whycon_display/image_view/output] /whycon_display/image_view http://itachi-HP-Pavilion-Laptop-15-cc1xx:39931/
[rosmaster.master][INFO] 2019-11-13 03:17:46,174: -PUB [/whycon_display/image_view/parameter_descriptions] /whycon_display/image_view http://itachi-HP-Pavilion-Laptop-15-cc1xx:39931/
[rosmaster.master][INFO] 2019-11-13 03:17:46,174: -PUB [/whycon_display/image_view/parameter_updates] /whycon_display/image_view http://itachi-HP-Pavilion-Laptop-15-cc1xx:39931/
[rosmaster.master][INFO] 2019-11-13 03:17:46,175: -SUB [/clock] /whycon_display/image_view http://itachi-HP-Pavilion-Laptop-15-cc1xx:39931/
[rosmaster.master][INFO] 2019-11-13 03:17:46,176: -SUB [/whycon/image_out] /whycon_display/image_view http://itachi-HP-Pavilion-Laptop-15-cc1xx:39931/
[rosmaster.master][INFO] 2019-11-13 03:17:46,180: -SERVICE [/whycon_display/image_view/get_loggers] /whycon_display/image_view rosrpc://itachi-HP-Pavilion-Laptop-15-cc1xx:54717
[rosmaster.master][INFO] 2019-11-13 03:17:46,181: -SERVICE [/whycon_display/image_view/set_logger_level] /whycon_display/image_view rosrpc://itachi-HP-Pavilion-Laptop-15-cc1xx:54717
[rosmaster.master][INFO] 2019-11-13 03:17:46,181: -SERVICE [/whycon_display/image_view/set_parameters] /whycon_display/image_view rosrpc://itachi-HP-Pavilion-Laptop-15-cc1xx:54717
[rosmaster.master][INFO] 2019-11-13 03:17:46,216: publisherUpdate[/edrone/joint_states] -> http://itachi-HP-Pavilion-Laptop-15-cc1xx:38013/ ['http://itachi-HP-Pavilion-Laptop-15-cc1xx:37209/']
[rosmaster.master][INFO] 2019-11-13 03:17:46,216: publisherUpdate[/edrone/joint_states] -> http://itachi-HP-Pavilion-Laptop-15-cc1xx:38013/ ['http://itachi-HP-Pavilion-Laptop-15-cc1xx:37209/']: sec=0.00, result=[1, '', 0]
[rosmaster.master][INFO] 2019-11-13 03:17:46,216: publisherUpdate[/rosout] -> http://itachi-HP-Pavilion-Laptop-15-cc1xx:41041/ ['http://itachi-HP-Pavilion-Laptop-15-cc1xx:35719/', 'http://itachi-HP-Pavilion-Laptop-15-cc1xx:38013/', 'http://itachi-HP-Pavilion-Laptop-15-cc1xx:43199/', 'http://itachi-HP-Pavilion-Laptop-15-cc1xx:39931/', 'http://itachi-HP-Pavilion-Laptop-15-cc1xx:43747/', 'http://itachi-HP-Pavilion-Laptop-15-cc1xx:37209/']
[rosmaster.master][INFO] 2019-11-13 03:17:46,217: publisherUpdate[/rosout] -> http://itachi-HP-Pavilion-Laptop-15-cc1xx:41041/ ['http://itachi-HP-Pavilion-Laptop-15-cc1xx:35719/', 'http://itachi-HP-Pavilion-Laptop-15-cc1xx:38013/', 'http://itachi-HP-Pavilion-Laptop-15-cc1xx:43199/', 'http://itachi-HP-Pavilion-Laptop-15-cc1xx:39931/', 'http://itachi-HP-Pavilion-Laptop-15-cc1xx:43747/', 'http://itachi-HP-Pavilion-Laptop-15-cc1xx:37209/']: sec=0.00, result=[1, '', 0]
[rosmaster.master][INFO] 2019-11-13 03:17:46,217: publisherUpdate[/rosout] -> http://itachi-HP-Pavilion-Laptop-15-cc1xx:41041/ ['http://itachi-HP-Pavilion-Laptop-15-cc1xx:35719/', 'http://itachi-HP-Pavilion-Laptop-15-cc1xx:38013/', 'http://itachi-HP-Pavilion-Laptop-15-cc1xx:43199/', 'http://itachi-HP-Pavilion-Laptop-15-cc1xx:43747/', 'http://itachi-HP-Pavilion-Laptop-15-cc1xx:37209/']
[rosmaster.master][INFO] 2019-11-13 03:17:46,218: publisherUpdate[/rosout] -> http://itachi-HP-Pavilion-Laptop-15-cc1xx:41041/ ['http://itachi-HP-Pavilion-Laptop-15-cc1xx:35719/', 'http://itachi-HP-Pavilion-Laptop-15-cc1xx:38013/', 'http://itachi-HP-Pavilion-Laptop-15-cc1xx:43199/', 'http://itachi-HP-Pavilion-Laptop-15-cc1xx:43747/', 'http://itachi-HP-Pavilion-Laptop-15-cc1xx:37209/']: sec=0.00, result=[1, '', 0]
[rosmaster.master][INFO] 2019-11-13 03:17:46,229: -PUB [/rosout] /whycon http://itachi-HP-Pavilion-Laptop-15-cc1xx:43199/
[rosmaster.master][INFO] 2019-11-13 03:17:46,230: -PUB [/tf] /whycon http://itachi-HP-Pavilion-Laptop-15-cc1xx:43199/
[rosmaster.master][INFO] 2019-11-13 03:17:46,231: -PUB [/whycon/image_out] /whycon http://itachi-HP-Pavilion-Laptop-15-cc1xx:43199/
[rosmaster.master][INFO] 2019-11-13 03:17:46,231: -PUB [/whycon/poses] /whycon http://itachi-HP-Pavilion-Laptop-15-cc1xx:43199/
[rosmaster.master][INFO] 2019-11-13 03:17:46,232: -PUB [/whycon/context] /whycon http://itachi-HP-Pavilion-Laptop-15-cc1xx:43199/
[rosmaster.master][INFO] 2019-11-13 03:17:46,233: -PUB [/whycon/projection] /whycon http://itachi-HP-Pavilion-Laptop-15-cc1xx:43199/
[rosmaster.master][INFO] 2019-11-13 03:17:46,234: -SUB [/clock] /whycon http://itachi-HP-Pavilion-Laptop-15-cc1xx:43199/
[rosmaster.master][INFO] 2019-11-13 03:17:46,234: publisherUpdate[/rosout] -> http://itachi-HP-Pavilion-Laptop-15-cc1xx:41041/ ['http://itachi-HP-Pavilion-Laptop-15-cc1xx:35719/', 'http://itachi-HP-Pavilion-Laptop-15-cc1xx:38013/', 'http://itachi-HP-Pavilion-Laptop-15-cc1xx:43747/', 'http://itachi-HP-Pavilion-Laptop-15-cc1xx:37209/']
[rosmaster.master][INFO] 2019-11-13 03:17:46,234: -SUB [/gazebo/overhead_cam/image_rect_color] /whycon http://itachi-HP-Pavilion-Laptop-15-cc1xx:43199/
[rosmaster.master][INFO] 2019-11-13 03:17:46,235: publisherUpdate[/rosout] -> http://itachi-HP-Pavilion-Laptop-15-cc1xx:41041/ ['http://itachi-HP-Pavilion-Laptop-15-cc1xx:35719/', 'http://itachi-HP-Pavilion-Laptop-15-cc1xx:38013/', 'http://itachi-HP-Pavilion-Laptop-15-cc1xx:43747/', 'http://itachi-HP-Pavilion-Laptop-15-cc1xx:37209/']: sec=0.00, result=[1, '', 0]
[rosmaster.master][INFO] 2019-11-13 03:17:46,236: -SUB [/gazebo/overhead_cam/camera_info] /whycon http://itachi-HP-Pavilion-Laptop-15-cc1xx:43199/
[rosmaster.master][INFO] 2019-11-13 03:17:46,237: -SERVICE [/whycon/get_loggers] /whycon rosrpc://itachi-HP-Pavilion-Laptop-15-cc1xx:37649
[rosmaster.master][INFO] 2019-11-13 03:17:46,238: -SERVICE [/whycon/set_logger_level] /whycon rosrpc://itachi-HP-Pavilion-Laptop-15-cc1xx:37649
[rosmaster.master][INFO] 2019-11-13 03:17:46,239: -SERVICE [/whycon/reset] /whycon rosrpc://itachi-HP-Pavilion-Laptop-15-cc1xx:37649
[rosmaster.master][INFO] 2019-11-13 03:17:46,276: -PUB [/rosout] /edrone/roll_pitch_yawrate_thrust_controller_node http://itachi-HP-Pavilion-Laptop-15-cc1xx:43747/
[rosmaster.master][INFO] 2019-11-13 03:17:46,277: -PUB [/edrone/command/motor_speed] /edrone/roll_pitch_yawrate_thrust_controller_node http://itachi-HP-Pavilion-Laptop-15-cc1xx:43747/
[rosmaster.master][INFO] 2019-11-13 03:17:46,278: -SUB [/clock] /edrone/roll_pitch_yawrate_thrust_controller_node http://itachi-HP-Pavilion-Laptop-15-cc1xx:43747/
[rosmaster.master][INFO] 2019-11-13 03:17:46,278: -SUB [/edrone/command/roll_pitch_yawrate_thrust] /edrone/roll_pitch_yawrate_thrust_controller_node http://itachi-HP-Pavilion-Laptop-15-cc1xx:43747/
[rosmaster.master][INFO] 2019-11-13 03:17:46,279: -SUB [/edrone/odometry_sensor1/odometry] /edrone/roll_pitch_yawrate_thrust_controller_node http://itachi-HP-Pavilion-Laptop-15-cc1xx:43747/
[rosmaster.master][INFO] 2019-11-13 03:17:46,280: -SERVICE [/edrone/roll_pitch_yawrate_thrust_controller_node/get_loggers] /edrone/roll_pitch_yawrate_thrust_controller_node rosrpc://itachi-HP-Pavilion-Laptop-15-cc1xx:37753
[rosmaster.master][INFO] 2019-11-13 03:17:46,281: -SERVICE [/edrone/roll_pitch_yawrate_thrust_controller_node/set_logger_level] /edrone/roll_pitch_yawrate_thrust_controller_node rosrpc://itachi-HP-Pavilion-Laptop-15-cc1xx:37753
[rosmaster.master][INFO] 2019-11-13 03:17:46,317: -PUB [/rosout] /edrone/robot_state_publisher http://itachi-HP-Pavilion-Laptop-15-cc1xx:38013/
[rosmaster.master][INFO] 2019-11-13 03:17:46,318: publisherUpdate[/rosout] -> http://itachi-HP-Pavilion-Laptop-15-cc1xx:41041/ ['http://itachi-HP-Pavilion-Laptop-15-cc1xx:35719/', 'http://itachi-HP-Pavilion-Laptop-15-cc1xx:38013/', 'http://itachi-HP-Pavilion-Laptop-15-cc1xx:37209/']
[rosmaster.master][INFO] 2019-11-13 03:17:46,319: -PUB [/tf] /edrone/robot_state_publisher http://itachi-HP-Pavilion-Laptop-15-cc1xx:38013/
[rosmaster.master][INFO] 2019-11-13 03:17:46,319: publisherUpdate[/edrone/command/motor_speed] -> http://itachi-HP-Pavilion-Laptop-15-cc1xx:37209/ []
[rosmaster.master][INFO] 2019-11-13 03:17:46,320: publisherUpdate[/rosout] -> http://itachi-HP-Pavilion-Laptop-15-cc1xx:41041/ ['http://itachi-HP-Pavilion-Laptop-15-cc1xx:35719/', 'http://itachi-HP-Pavilion-Laptop-15-cc1xx:38013/', 'http://itachi-HP-Pavilion-Laptop-15-cc1xx:37209/']: sec=0.00, result=[1, '', 0]
[rosmaster.master][INFO] 2019-11-13 03:17:46,321: publisherUpdate[/edrone/command/motor_speed] -> http://itachi-HP-Pavilion-Laptop-15-cc1xx:37209/ []: sec=0.00, result=[1, '', 0]
[rosmaster.master][INFO] 2019-11-13 03:17:46,321: -PUB [/tf_static] /edrone/robot_state_publisher http://itachi-HP-Pavilion-Laptop-15-cc1xx:38013/
[rosmaster.master][INFO] 2019-11-13 03:17:46,321: publisherUpdate[/rosout] -> http://itachi-HP-Pavilion-Laptop-15-cc1xx:41041/ ['http://itachi-HP-Pavilion-Laptop-15-cc1xx:35719/', 'http://itachi-HP-Pavilion-Laptop-15-cc1xx:37209/']
[rosmaster.master][INFO] 2019-11-13 03:17:46,322: -SUB [/clock] /edrone/robot_state_publisher http://itachi-HP-Pavilion-Laptop-15-cc1xx:38013/
[rosmaster.master][INFO] 2019-11-13 03:17:46,323: publisherUpdate[/rosout] -> http://itachi-HP-Pavilion-Laptop-15-cc1xx:41041/ ['http://itachi-HP-Pavilion-Laptop-15-cc1xx:35719/', 'http://itachi-HP-Pavilion-Laptop-15-cc1xx:37209/']: sec=0.00, result=[1, '', 0]
[rosmaster.master][INFO] 2019-11-13 03:17:46,323: -SUB [/edrone/joint_states] /edrone/robot_state_publisher http://itachi-HP-Pavilion-Laptop-15-cc1xx:38013/
[rosmaster.master][INFO] 2019-11-13 03:17:46,324: -SERVICE [/edrone/robot_state_publisher/get_loggers] /edrone/robot_state_publisher rosrpc://itachi-HP-Pavilion-Laptop-15-cc1xx:38915
[rosmaster.master][INFO] 2019-11-13 03:17:46,325: -SERVICE [/edrone/robot_state_publisher/set_logger_level] /edrone/robot_state_publisher rosrpc://itachi-HP-Pavilion-Laptop-15-cc1xx:38915
[rosmaster.master][INFO] 2019-11-13 03:17:46,345: -SUB [/gazebo/set_link_state] /gazebo http://itachi-HP-Pavilion-Laptop-15-cc1xx:37209/
[rosmaster.master][INFO] 2019-11-13 03:17:46,346: -SUB [/gazebo/set_model_state] /gazebo http://itachi-HP-Pavilion-Laptop-15-cc1xx:37209/
[rosmaster.master][INFO] 2019-11-13 03:17:46,347: -PUB [/clock] /gazebo http://itachi-HP-Pavilion-Laptop-15-cc1xx:37209/
[rosmaster.master][INFO] 2019-11-13 03:17:46,348: -PUB [/gazebo/link_states] /gazebo http://itachi-HP-Pavilion-Laptop-15-cc1xx:37209/
[rosmaster.master][INFO] 2019-11-13 03:17:46,349: -PUB [/gazebo/model_states] /gazebo http://itachi-HP-Pavilion-Laptop-15-cc1xx:37209/
[rosmaster.master][INFO] 2019-11-13 03:17:46,349: -SERVICE [/gazebo/spawn_sdf_model] /gazebo rosrpc://itachi-HP-Pavilion-Laptop-15-cc1xx:40323
[rosmaster.master][INFO] 2019-11-13 03:17:46,350: -SERVICE [/gazebo/spawn_urdf_model] /gazebo rosrpc://itachi-HP-Pavilion-Laptop-15-cc1xx:40323
[rosmaster.master][INFO] 2019-11-13 03:17:46,351: -SERVICE [/gazebo/delete_model] /gazebo rosrpc://itachi-HP-Pavilion-Laptop-15-cc1xx:40323
[rosmaster.master][INFO] 2019-11-13 03:17:46,352: -SERVICE [/gazebo/delete_light] /gazebo rosrpc://itachi-HP-Pavilion-Laptop-15-cc1xx:40323
[rosmaster.master][INFO] 2019-11-13 03:17:46,352: -SERVICE [/gazebo/get_model_properties] /gazebo rosrpc://itachi-HP-Pavilion-Laptop-15-cc1xx:40323
[rosmaster.master][INFO] 2019-11-13 03:17:46,353: -SERVICE [/gazebo/get_model_state] /gazebo rosrpc://itachi-HP-Pavilion-Laptop-15-cc1xx:40323
[rosmaster.master][INFO] 2019-11-13 03:17:46,353: -SERVICE [/gazebo/get_world_properties] /gazebo rosrpc://itachi-HP-Pavilion-Laptop-15-cc1xx:40323
[rosmaster.master][INFO] 2019-11-13 03:17:46,354: -SERVICE [/gazebo/get_joint_properties] /gazebo rosrpc://itachi-HP-Pavilion-Laptop-15-cc1xx:40323
[rosmaster.master][INFO] 2019-11-13 03:17:46,354: -SERVICE [/gazebo/get_link_properties] /gazebo rosrpc://itachi-HP-Pavilion-Laptop-15-cc1xx:40323
[rosmaster.master][INFO] 2019-11-13 03:17:46,355: -SERVICE [/gazebo/get_link_state] /gazebo rosrpc://itachi-HP-Pavilion-Laptop-15-cc1xx:40323
[rosmaster.master][INFO] 2019-11-13 03:17:46,355: -SERVICE [/gazebo/get_light_properties] /gazebo rosrpc://itachi-HP-Pavilion-Laptop-15-cc1xx:40323
[rosmaster.master][INFO] 2019-11-13 03:17:46,356: -SERVICE [/gazebo/set_light_properties] /gazebo rosrpc://itachi-HP-Pavilion-Laptop-15-cc1xx:40323
[rosmaster.master][INFO] 2019-11-13 03:17:46,357: -SERVICE [/gazebo/get_physics_properties] /gazebo rosrpc://itachi-HP-Pavilion-Laptop-15-cc1xx:40323
[rosmaster.master][INFO] 2019-11-13 03:17:46,357: -SERVICE [/gazebo/set_link_properties] /gazebo rosrpc://itachi-HP-Pavilion-Laptop-15-cc1xx:40323
[rosmaster.master][INFO] 2019-11-13 03:17:46,358: -SERVICE [/gazebo/set_physics_properties] /gazebo rosrpc://itachi-HP-Pavilion-Laptop-15-cc1xx:40323
[rosmaster.master][INFO] 2019-11-13 03:17:46,358: -SERVICE [/gazebo/set_model_state] /gazebo rosrpc://itachi-HP-Pavilion-Laptop-15-cc1xx:40323
[rosmaster.master][INFO] 2019-11-13 03:17:46,359: -SERVICE [/gazebo/set_model_configuration] /gazebo rosrpc://itachi-HP-Pavilion-Laptop-15-cc1xx:40323
[rosmaster.master][INFO] 2019-11-13 03:17:46,359: -SERVICE [/gazebo/set_joint_properties] /gazebo rosrpc://itachi-HP-Pavilion-Laptop-15-cc1xx:40323
[rosmaster.master][INFO] 2019-11-13 03:17:46,360: -SERVICE [/gazebo/set_link_state] /gazebo rosrpc://itachi-HP-Pavilion-Laptop-15-cc1xx:40323
[rosmaster.master][INFO] 2019-11-13 03:17:46,360: -SERVICE [/gazebo/pause_physics] /gazebo rosrpc://itachi-HP-Pavilion-Laptop-15-cc1xx:40323
[rosmaster.master][INFO] 2019-11-13 03:17:46,361: -SERVICE [/gazebo/unpause_physics] /gazebo rosrpc://itachi-HP-Pavilion-Laptop-15-cc1xx:40323
[rosmaster.master][INFO] 2019-11-13 03:17:46,362: -SERVICE [/gazebo/apply_body_wrench] /gazebo rosrpc://itachi-HP-Pavilion-Laptop-15-cc1xx:40323
[rosmaster.master][INFO] 2019-11-13 03:17:46,362: -SERVICE [/gazebo/apply_joint_effort] /gazebo rosrpc://itachi-HP-Pavilion-Laptop-15-cc1xx:40323
[rosmaster.master][INFO] 2019-11-13 03:17:46,363: -SERVICE [/gazebo/clear_joint_forces] /gazebo rosrpc://itachi-HP-Pavilion-Laptop-15-cc1xx:40323
[rosmaster.master][INFO] 2019-11-13 03:17:46,363: -SERVICE [/gazebo/clear_body_wrenches] /gazebo rosrpc://itachi-HP-Pavilion-Laptop-15-cc1xx:40323
[rosmaster.master][INFO] 2019-11-13 03:17:46,364: -SERVICE [/gazebo/reset_simulation] /gazebo rosrpc://itachi-HP-Pavilion-Laptop-15-cc1xx:40323
[rosmaster.master][INFO] 2019-11-13 03:17:46,364: -SERVICE [/gazebo/reset_world] /gazebo rosrpc://itachi-HP-Pavilion-Laptop-15-cc1xx:40323
[rosmaster.master][INFO] 2019-11-13 03:17:46,366: -PUB [/gazebo/parameter_descriptions] /gazebo http://itachi-HP-Pavilion-Laptop-15-cc1xx:37209/
[rosmaster.master][INFO] 2019-11-13 03:17:46,366: -PUB [/gazebo/parameter_updates] /gazebo http://itachi-HP-Pavilion-Laptop-15-cc1xx:37209/
[rosmaster.master][INFO] 2019-11-13 03:17:46,368: -SERVICE [/gazebo/set_parameters] /gazebo rosrpc://itachi-HP-Pavilion-Laptop-15-cc1xx:40323
[rosmaster.master][INFO] 2019-11-13 03:17:46,369: -SUB [/edrone/gazebo/command/motor_speed] /gazebo http://itachi-HP-Pavilion-Laptop-15-cc1xx:37209/
[rosmaster.master][INFO] 2019-11-13 03:17:46,370: -SUB [/edrone/wind_speed] /gazebo http://itachi-HP-Pavilion-Laptop-15-cc1xx:37209/
[rosmaster.master][INFO] 2019-11-13 03:17:46,370: -SUB [/edrone/command/motor_speed] /gazebo http://itachi-HP-Pavilion-Laptop-15-cc1xx:37209/
[rosmaster.master][INFO] 2019-11-13 03:17:46,371: -PUB [/edrone/motor_speed] /gazebo http://itachi-HP-Pavilion-Laptop-15-cc1xx:37209/
[rosmaster.master][INFO] 2019-11-13 03:17:46,371: -PUB [/edrone/joint_states] /gazebo http://itachi-HP-Pavilion-Laptop-15-cc1xx:37209/
[rosmaster.master][INFO] 2019-11-13 03:17:46,372: -PUB [/edrone/motor_speed/0] /gazebo http://itachi-HP-Pavilion-Laptop-15-cc1xx:37209/
[rosmaster.master][INFO] 2019-11-13 03:17:46,373: -PUB [/edrone/motor_speed/1] /gazebo http://itachi-HP-Pavilion-Laptop-15-cc1xx:37209/
[rosmaster.master][INFO] 2019-11-13 03:17:46,373: -PUB [/edrone/motor_speed/2] /gazebo http://itachi-HP-Pavilion-Laptop-15-cc1xx:37209/
[rosmaster.master][INFO] 2019-11-13 03:17:46,374: -PUB [/edrone/motor_speed/3] /gazebo http://itachi-HP-Pavilion-Laptop-15-cc1xx:37209/
[rosmaster.master][INFO] 2019-11-13 03:17:46,374: -PUB [/edrone/gazebo/command/motor_speed] /gazebo http://itachi-HP-Pavilion-Laptop-15-cc1xx:37209/
[rosmaster.master][INFO] 2019-11-13 03:17:46,375: -PUB [/edrone/imu] /gazebo http://itachi-HP-Pavilion-Laptop-15-cc1xx:37209/
[rosmaster.master][INFO] 2019-11-13 03:17:46,375: -PUB [/edrone/ground_truth/imu] /gazebo http://itachi-HP-Pavilion-Laptop-15-cc1xx:37209/
[rosmaster.master][INFO] 2019-11-13 03:17:46,376: -PUB [/edrone/ground_truth/pose] /gazebo http://itachi-HP-Pavilion-Laptop-15-cc1xx:37209/
[rosmaster.master][INFO] 2019-11-13 03:17:46,377: -PUB [/edrone/ground_truth/pose_with_covariance] /gazebo http://itachi-HP-Pavilion-Laptop-15-cc1xx:37209/
[rosmaster.master][INFO] 2019-11-13 03:17:46,377: -PUB [/edrone/ground_truth/position] /gazebo http://itachi-HP-Pavilion-Laptop-15-cc1xx:37209/
[rosmaster.master][INFO] 2019-11-13 03:17:46,378: -PUB [/edrone/ground_truth/odometry] /gazebo http://itachi-HP-Pavilion-Laptop-15-cc1xx:37209/
[rosmaster.master][INFO] 2019-11-13 03:17:46,378: -PUB [/edrone/ground_truth/transform] /gazebo http://itachi-HP-Pavilion-Laptop-15-cc1xx:37209/
[rosmaster.master][INFO] 2019-11-13 03:17:46,379: -PUB [/edrone/odometry_sensor1/pose] /gazebo http://itachi-HP-Pavilion-Laptop-15-cc1xx:37209/
[rosmaster.master][INFO] 2019-11-13 03:17:46,379: -PUB [/edrone/odometry_sensor1/pose_with_covariance] /gazebo http://itachi-HP-Pavilion-Laptop-15-cc1xx:37209/
[rosmaster.master][INFO] 2019-11-13 03:17:46,380: -PUB [/edrone/odometry_sensor1/position] /gazebo http://itachi-HP-Pavilion-Laptop-15-cc1xx:37209/
[rosmaster.master][INFO] 2019-11-13 03:17:46,380: -PUB [/edrone/odometry_sensor1/odometry] /gazebo http://itachi-HP-Pavilion-Laptop-15-cc1xx:37209/
[rosmaster.master][INFO] 2019-11-13 03:17:46,381: -PUB [/edrone/odometry_sensor1/transform] /gazebo http://itachi-HP-Pavilion-Laptop-15-cc1xx:37209/
[rosmaster.master][INFO] 2019-11-13 03:17:46,381: -PUB [/tf] /gazebo http://itachi-HP-Pavilion-Laptop-15-cc1xx:37209/
[rosmaster.master][INFO] 2019-11-13 03:17:46,405: -PUB [/rosout] /edrone/rotors_edrone_interface http://itachi-HP-Pavilion-Laptop-15-cc1xx:35719/
[rosmaster.master][INFO] 2019-11-13 03:17:46,406: -PUB [/edrone/command/roll_pitch_yawrate_thrust] /edrone/rotors_edrone_interface http://itachi-HP-Pavilion-Laptop-15-cc1xx:35719/
[rosmaster.master][INFO] 2019-11-13 03:17:46,406: -SUB [/clock] /edrone/rotors_edrone_interface http://itachi-HP-Pavilion-Laptop-15-cc1xx:35719/
[rosmaster.master][INFO] 2019-11-13 03:17:46,407: -SUB [/drone_command] /edrone/rotors_edrone_interface http://itachi-HP-Pavilion-Laptop-15-cc1xx:35719/
[rosmaster.master][INFO] 2019-11-13 03:17:46,408: -SERVICE [/edrone/rotors_edrone_interface/get_loggers] /edrone/rotors_edrone_interface rosrpc://itachi-HP-Pavilion-Laptop-15-cc1xx:46227
[rosmaster.master][INFO] 2019-11-13 03:17:46,408: -SERVICE [/edrone/rotors_edrone_interface/set_logger_level] /edrone/rotors_edrone_interface rosrpc://itachi-HP-Pavilion-Laptop-15-cc1xx:46227
[rosmaster.master][INFO] 2019-11-13 03:17:46,422: publisherUpdate[/clock] -> http://itachi-HP-Pavilion-Laptop-15-cc1xx:41041/ []
[rosmaster.master][INFO] 2019-11-13 03:17:46,422: publisherUpdate[/clock] -> http://itachi-HP-Pavilion-Laptop-15-cc1xx:41041/ []: sec=0.00, result=[1, '', 0]
[rosmaster.master][INFO] 2019-11-13 03:17:46,423: publisherUpdate[/clock] -> http://itachi-HP-Pavilion-Laptop-15-cc1xx:35719/ []
[rosmaster.master][INFO] 2019-11-13 03:17:46,423: publisherUpdate[/clock] -> http://itachi-HP-Pavilion-Laptop-15-cc1xx:35719/ []: sec=0.00, exception=[Errno 111] Connection refused
[rosmaster.master][INFO] 2019-11-13 03:17:46,423: publisherUpdate[/clock] -> http://itachi-HP-Pavilion-Laptop-15-cc1xx:37209/ []
[rosmaster.master][INFO] 2019-11-13 03:17:46,424: publisherUpdate[/clock] -> http://itachi-HP-Pavilion-Laptop-15-cc1xx:37209/ []: sec=0.00, result=[1, '', 0]
[rosmaster.master][INFO] 2019-11-13 03:17:46,424: publisherUpdate[/rosout] -> http://itachi-HP-Pavilion-Laptop-15-cc1xx:41041/ ['http://itachi-HP-Pavilion-Laptop-15-cc1xx:37209/']
[rosmaster.master][INFO] 2019-11-13 03:17:46,424: publisherUpdate[/rosout] -> http://itachi-HP-Pavilion-Laptop-15-cc1xx:41041/ ['http://itachi-HP-Pavilion-Laptop-15-cc1xx:37209/']: sec=0.00, result=[1, '', 0]
[rosmaster.threadpool][ERROR] 2019-11-13 03:17:46,425: Traceback (most recent call last):
  File "/opt/ros/kinetic/lib/python2.7/dist-packages/rosmaster/threadpool.py", line 218, in run
    result = cmd(*args)
  File "/opt/ros/kinetic/lib/python2.7/dist-packages/rosmaster/master_api.py", line 210, in publisher_update_task
    ret = xmlrpcapi(api).publisherUpdate('/master', topic, pub_uris)
  File "/usr/lib/python2.7/xmlrpclib.py", line 1243, in __call__
    return self.__send(self.__name, args)
  File "/usr/lib/python2.7/xmlrpclib.py", line 1602, in __request
    verbose=self.__verbose
  File "/usr/lib/python2.7/xmlrpclib.py", line 1283, in request
    return self.single_request(host, handler, request_body, verbose)
  File "/usr/lib/python2.7/xmlrpclib.py", line 1311, in single_request
    self.send_content(h, request_body)
  File "/usr/lib/python2.7/xmlrpclib.py", line 1459, in send_content
    connection.endheaders(request_body)
  File "/usr/lib/python2.7/httplib.py", line 1069, in endheaders
    self._send_output(message_body)
  File "/usr/lib/python2.7/httplib.py", line 907, in _send_output
    self.send(msg)
  File "/usr/lib/python2.7/httplib.py", line 869, in send
    self.connect()
  File "/usr/lib/python2.7/httplib.py", line 846, in connect
    self.timeout, self.source_address)
  File "/usr/lib/python2.7/socket.py", line 575, in create_connection
    raise err
error: [Errno 111] Connection refused

[rosmaster.master][INFO] 2019-11-13 03:18:01,352: -PUB [/rosout_agg] /rosout http://itachi-HP-Pavilion-Laptop-15-cc1xx:41041/
[rosmaster.master][INFO] 2019-11-13 03:18:01,353: -SUB [/clock] /rosout http://itachi-HP-Pavilion-Laptop-15-cc1xx:41041/
[rosmaster.master][INFO] 2019-11-13 03:18:01,353: -SUB [/rosout] /rosout http://itachi-HP-Pavilion-Laptop-15-cc1xx:41041/
[rosmaster.master][INFO] 2019-11-13 03:18:01,354: -SERVICE [/rosout/get_loggers] /rosout rosrpc://itachi-HP-Pavilion-Laptop-15-cc1xx:45269
[rosmaster.master][INFO] 2019-11-13 03:18:01,354: -SERVICE [/rosout/set_logger_level] /rosout rosrpc://itachi-HP-Pavilion-Laptop-15-cc1xx:45269
[rosmaster.main][INFO] 2019-11-13 03:18:01,383: keyboard interrupt, will exit
[rosmaster.main][INFO] 2019-11-13 03:18:01,383: stopping master...
[rospy.core][INFO] 2019-11-13 03:18:01,383: signal_shutdown [atexit]
