[rospy.client][INFO] 2020-02-26 16:06:07,021: init_node, name[/beacon_detector], pid[12743]
[xmlrpc][INFO] 2020-02-26 16:06:07,022: XML-RPC server binding to 0.0.0.0:0
[xmlrpc][INFO] 2020-02-26 16:06:07,022: Started XML-RPC server [http://itachi-HP-Pavilion-Laptop-15-cc1xx:45995/]
[rospy.init][INFO] 2020-02-26 16:06:07,022: ROS Slave URI: [http://itachi-HP-Pavilion-Laptop-15-cc1xx:45995/]
[rospy.impl.masterslave][INFO] 2020-02-26 16:06:07,022: _ready: http://itachi-HP-Pavilion-Laptop-15-cc1xx:45995/
[rospy.registration][INFO] 2020-02-26 16:06:07,023: Registering with master node http://localhost:11311
[xmlrpc][INFO] 2020-02-26 16:06:07,023: xml rpc node: starting XML-RPC server
[rospy.init][INFO] 2020-02-26 16:06:07,123: registered with master
[rospy.rosout][INFO] 2020-02-26 16:06:07,123: initializing /rosout core topic
[rospy.rosout][INFO] 2020-02-26 16:06:07,127: connected to core topic /rosout
[rospy.simtime][INFO] 2020-02-26 16:06:07,129: /use_sim_time is not set, will not subscribe to simulated time [/clock] topic
[rospy.internal][INFO] 2020-02-26 16:06:07,152: topic[/usb_cam/image_rect_color] adding connection to [http://itachi-HP-Pavilion-Laptop-15-cc1xx:42499/], count 0
[rospy.internal][INFO] 2020-02-26 16:06:07,198: topic[/detection_info] adding connection to [/monitor], count 0
[rospy.internal][INFO] 2020-02-26 16:06:07,207: topic[/detection_info] adding connection to [/rostopic_12237_1582713337809], count 1
[rospy.internal][INFO] 2020-02-26 16:06:07,375: topic[/detection_info] adding connection to [/rosbag_record_beacon_detections], count 2
[rospy.internal][INFO] 2020-02-26 16:06:07,376: topic[/rosout] adding connection to [/rosout], count 0
[rospy.internal][INFO] 2020-02-26 16:06:31,166: topic[/detection_info] removing connection to /rosbag_record_beacon_detections
[rospy.core][INFO] 2020-02-26 16:06:37,404: signal_shutdown [signal-2]
[rospy.internal][INFO] 2020-02-26 16:06:37,411: topic[/detection_info] removing connection to /monitor
[rospy.internal][INFO] 2020-02-26 16:06:37,413: topic[/detection_info] removing connection to /rostopic_12237_1582713337809
[rospy.internal][INFO] 2020-02-26 16:06:37,413: topic[/rosout] removing connection to /rosout
[rospy.internal][INFO] 2020-02-26 16:06:37,414: topic[/usb_cam/image_rect_color] removing connection to http://itachi-HP-Pavilion-Laptop-15-cc1xx:42499/
[rospy.impl.masterslave][INFO] 2020-02-26 16:06:37,414: signal-2
[rospy.core][INFO] 2020-02-26 16:06:37,535: signal_shutdown [atexit]
[rospy.client][INFO] 2020-02-26 16:07:08,560: init_node, name[/beacon_detector], pid[13178]
[xmlrpc][INFO] 2020-02-26 16:07:08,561: XML-RPC server binding to 0.0.0.0:0
[xmlrpc][INFO] 2020-02-26 16:07:08,561: Started XML-RPC server [http://itachi-HP-Pavilion-Laptop-15-cc1xx:38491/]
[rospy.init][INFO] 2020-02-26 16:07:08,561: ROS Slave URI: [http://itachi-HP-Pavilion-Laptop-15-cc1xx:38491/]
[rospy.impl.masterslave][INFO] 2020-02-26 16:07:08,562: _ready: http://itachi-HP-Pavilion-Laptop-15-cc1xx:38491/
[rospy.registration][INFO] 2020-02-26 16:07:08,562: Registering with master node http://localhost:11311
[xmlrpc][INFO] 2020-02-26 16:07:08,562: xml rpc node: starting XML-RPC server
[rospy.init][INFO] 2020-02-26 16:07:08,662: registered with master
[rospy.rosout][INFO] 2020-02-26 16:07:08,662: initializing /rosout core topic
[rospy.rosout][INFO] 2020-02-26 16:07:08,665: connected to core topic /rosout
[rospy.simtime][INFO] 2020-02-26 16:07:08,666: /use_sim_time is not set, will not subscribe to simulated time [/clock] topic
[rospy.internal][INFO] 2020-02-26 16:07:08,677: topic[/usb_cam/image_rect_color] adding connection to [http://itachi-HP-Pavilion-Laptop-15-cc1xx:42499/], count 0
[rospy.internal][INFO] 2020-02-26 16:07:08,713: topic[/detection_info] adding connection to [/rostopic_12237_1582713337809], count 0
[rospy.internal][INFO] 2020-02-26 16:07:08,726: topic[/detection_info] adding connection to [/monitor], count 1
[rospy.internal][INFO] 2020-02-26 16:07:08,899: topic[/rosout] adding connection to [/rosout], count 0
[rospy.internal][INFO] 2020-02-26 16:07:08,906: topic[/detection_info] adding connection to [/rosbag_record_beacon_detections], count 2
[rospy.internal][INFO] 2020-02-26 16:07:33,692: topic[/detection_info] removing connection to /rosbag_record_beacon_detections
[rospy.internal][INFO] 2020-02-26 16:08:07,223: topic[/detection_info] removing connection to /rostopic_12237_1582713337809
[rospy.core][INFO] 2020-02-26 16:08:10,015: signal_shutdown [signal-2]
[rospy.internal][INFO] 2020-02-26 16:08:10,018: topic[/detection_info] removing connection to /monitor
[rospy.internal][INFO] 2020-02-26 16:08:10,018: topic[/rosout] removing connection to /rosout
[rospy.internal][INFO] 2020-02-26 16:08:10,018: topic[/usb_cam/image_rect_color] removing connection to http://itachi-HP-Pavilion-Laptop-15-cc1xx:42499/
[rospy.impl.masterslave][INFO] 2020-02-26 16:08:10,019: signal-2
[rospy.core][INFO] 2020-02-26 16:08:10,151: signal_shutdown [atexit]
[rospy.client][INFO] 2020-02-26 16:24:27,439: init_node, name[/beacon_detector], pid[16694]
[xmlrpc][INFO] 2020-02-26 16:24:27,439: XML-RPC server binding to 0.0.0.0:0
[xmlrpc][INFO] 2020-02-26 16:24:27,439: Started XML-RPC server [http://itachi-HP-Pavilion-Laptop-15-cc1xx:38393/]
[rospy.init][INFO] 2020-02-26 16:24:27,440: ROS Slave URI: [http://itachi-HP-Pavilion-Laptop-15-cc1xx:38393/]
[rospy.impl.masterslave][INFO] 2020-02-26 16:24:27,440: _ready: http://itachi-HP-Pavilion-Laptop-15-cc1xx:38393/
[rospy.registration][INFO] 2020-02-26 16:24:27,440: Registering with master node http://localhost:11311
[xmlrpc][INFO] 2020-02-26 16:24:27,441: xml rpc node: starting XML-RPC server
[rospy.init][INFO] 2020-02-26 16:24:27,540: registered with master
[rospy.rosout][INFO] 2020-02-26 16:24:27,541: initializing /rosout core topic
[rospy.rosout][INFO] 2020-02-26 16:24:27,544: connected to core topic /rosout
[rospy.simtime][INFO] 2020-02-26 16:24:27,545: /use_sim_time is not set, will not subscribe to simulated time [/clock] topic
[rospy.internal][INFO] 2020-02-26 16:24:27,556: topic[/usb_cam/image_rect_color] adding connection to [http://itachi-HP-Pavilion-Laptop-15-cc1xx:42499/], count 0
[rospy.internal][INFO] 2020-02-26 16:24:27,598: topic[/detection_info] adding connection to [/monitor], count 0
[rospy.internal][INFO] 2020-02-26 16:24:27,769: topic[/rosout] adding connection to [/rosout], count 0
[rospy.internal][INFO] 2020-02-26 16:24:27,770: topic[/detection_info] adding connection to [/rosbag_record_beacon_detections], count 1
[rospy.core][INFO] 2020-02-26 16:24:28,785: signal_shutdown [signal-2]
[rospy.internal][INFO] 2020-02-26 16:24:28,787: topic[/detection_info] removing connection to /monitor
[rospy.internal][INFO] 2020-02-26 16:24:28,788: topic[/detection_info] removing connection to /rosbag_record_beacon_detections
[rospy.internal][INFO] 2020-02-26 16:24:28,791: topic[/rosout] removing connection to /rosout
[rospy.internal][INFO] 2020-02-26 16:24:28,791: topic[/usb_cam/image_rect_color] removing connection to http://itachi-HP-Pavilion-Laptop-15-cc1xx:42499/
[rospy.impl.masterslave][INFO] 2020-02-26 16:24:28,791: signal-2
[rospy.core][INFO] 2020-02-26 16:24:28,932: signal_shutdown [atexit]
[rospy.client][INFO] 2020-02-26 16:26:48,218: init_node, name[/beacon_detector], pid[17570]
[xmlrpc][INFO] 2020-02-26 16:26:48,219: XML-RPC server binding to 0.0.0.0:0
[xmlrpc][INFO] 2020-02-26 16:26:48,219: Started XML-RPC server [http://itachi-HP-Pavilion-Laptop-15-cc1xx:36407/]
[rospy.init][INFO] 2020-02-26 16:26:48,219: ROS Slave URI: [http://itachi-HP-Pavilion-Laptop-15-cc1xx:36407/]
[rospy.impl.masterslave][INFO] 2020-02-26 16:26:48,219: _ready: http://itachi-HP-Pavilion-Laptop-15-cc1xx:36407/
[rospy.registration][INFO] 2020-02-26 16:26:48,220: Registering with master node http://localhost:11311
[xmlrpc][INFO] 2020-02-26 16:26:48,220: xml rpc node: starting XML-RPC server
[rospy.init][INFO] 2020-02-26 16:26:48,319: registered with master
[rospy.rosout][INFO] 2020-02-26 16:26:48,320: initializing /rosout core topic
[rospy.rosout][INFO] 2020-02-26 16:26:48,322: connected to core topic /rosout
[rospy.simtime][INFO] 2020-02-26 16:26:48,323: /use_sim_time is not set, will not subscribe to simulated time [/clock] topic
[rospy.internal][INFO] 2020-02-26 16:26:48,385: topic[/usb_cam/image_rect_color] adding connection to [http://itachi-HP-Pavilion-Laptop-15-cc1xx:39999/], count 0
[rospy.internal][INFO] 2020-02-26 16:26:48,424: topic[/detection_info] adding connection to [/monitor], count 0
[rospy.internal][INFO] 2020-02-26 16:26:48,590: topic[/rosout] adding connection to [/rosout], count 0
[rospy.internal][INFO] 2020-02-26 16:26:48,593: topic[/detection_info] adding connection to [/rosbag_record_beacon_detections], count 1
[rospy.internal][INFO] 2020-02-26 16:27:13,400: topic[/detection_info] removing connection to /rosbag_record_beacon_detections
[rospy.core][INFO] 2020-02-26 16:27:49,196: signal_shutdown [signal-2]
[rospy.internal][INFO] 2020-02-26 16:27:49,201: topic[/detection_info] removing connection to /monitor
[rospy.internal][INFO] 2020-02-26 16:27:49,202: topic[/rosout] removing connection to /rosout
[rospy.internal][INFO] 2020-02-26 16:27:49,203: topic[/usb_cam/image_rect_color] removing connection to http://itachi-HP-Pavilion-Laptop-15-cc1xx:39999/
[rospy.impl.masterslave][INFO] 2020-02-26 16:27:49,204: signal-2
[rospy.core][INFO] 2020-02-26 16:27:49,819: signal_shutdown [atexit]
[rospy.client][INFO] 2020-02-26 16:27:52,846: init_node, name[/beacon_detector], pid[17765]
[xmlrpc][INFO] 2020-02-26 16:27:52,847: XML-RPC server binding to 0.0.0.0:0
[xmlrpc][INFO] 2020-02-26 16:27:52,848: Started XML-RPC server [http://itachi-HP-Pavilion-Laptop-15-cc1xx:42997/]
[rospy.init][INFO] 2020-02-26 16:27:52,848: ROS Slave URI: [http://itachi-HP-Pavilion-Laptop-15-cc1xx:42997/]
[rospy.impl.masterslave][INFO] 2020-02-26 16:27:52,848: _ready: http://itachi-HP-Pavilion-Laptop-15-cc1xx:42997/
[xmlrpc][INFO] 2020-02-26 16:27:52,849: xml rpc node: starting XML-RPC server
[rospy.registration][INFO] 2020-02-26 16:27:52,849: Registering with master node http://localhost:11311
[rospy.init][INFO] 2020-02-26 16:27:52,949: registered with master
[rospy.rosout][INFO] 2020-02-26 16:27:52,949: initializing /rosout core topic
[rospy.rosout][INFO] 2020-02-26 16:27:52,951: connected to core topic /rosout
[rospy.simtime][INFO] 2020-02-26 16:27:52,953: /use_sim_time is not set, will not subscribe to simulated time [/clock] topic
[rospy.internal][INFO] 2020-02-26 16:27:52,965: topic[/usb_cam/image_rect_color] adding connection to [http://itachi-HP-Pavilion-Laptop-15-cc1xx:39999/], count 0
[rospy.internal][INFO] 2020-02-26 16:27:53,046: topic[/detection_info] adding connection to [/monitor], count 0
[rospy.internal][INFO] 2020-02-26 16:27:53,192: topic[/rosout] adding connection to [/rosout], count 0
[rospy.internal][INFO] 2020-02-26 16:27:53,196: topic[/detection_info] adding connection to [/rosbag_record_beacon_detections], count 1
[rospy.internal][INFO] 2020-02-26 16:28:17,980: topic[/detection_info] removing connection to /rosbag_record_beacon_detections
[rospy.internal][INFO] 2020-02-26 16:28:18,991: topic[/detection_info] adding connection to [/rostopic_18022_1582714698762], count 1
[rospy.core][INFO] 2020-02-26 16:28:33,498: signal_shutdown [signal-2]
[rospy.internal][INFO] 2020-02-26 16:28:33,508: topic[/detection_info] removing connection to /monitor
[rospy.internal][INFO] 2020-02-26 16:28:33,509: topic[/detection_info] removing connection to /rostopic_18022_1582714698762
[rospy.internal][INFO] 2020-02-26 16:28:33,509: topic[/rosout] removing connection to /rosout
[rospy.internal][INFO] 2020-02-26 16:28:33,511: topic[/usb_cam/image_rect_color] removing connection to http://itachi-HP-Pavilion-Laptop-15-cc1xx:39999/
[rospy.impl.masterslave][INFO] 2020-02-26 16:28:33,512: signal-2
[rospy.core][INFO] 2020-02-26 16:28:34,128: signal_shutdown [atexit]
[rospy.client][INFO] 2020-02-26 16:28:38,196: init_node, name[/beacon_detector], pid[18077]
[xmlrpc][INFO] 2020-02-26 16:28:38,196: XML-RPC server binding to 0.0.0.0:0
[xmlrpc][INFO] 2020-02-26 16:28:38,197: Started XML-RPC server [http://itachi-HP-Pavilion-Laptop-15-cc1xx:43023/]
[rospy.init][INFO] 2020-02-26 16:28:38,197: ROS Slave URI: [http://itachi-HP-Pavilion-Laptop-15-cc1xx:43023/]
[rospy.impl.masterslave][INFO] 2020-02-26 16:28:38,197: _ready: http://itachi-HP-Pavilion-Laptop-15-cc1xx:43023/
[rospy.registration][INFO] 2020-02-26 16:28:38,200: Registering with master node http://localhost:11311
[xmlrpc][INFO] 2020-02-26 16:28:38,200: xml rpc node: starting XML-RPC server
[rospy.init][INFO] 2020-02-26 16:28:38,297: registered with master
[rospy.rosout][INFO] 2020-02-26 16:28:38,298: initializing /rosout core topic
[rospy.rosout][INFO] 2020-02-26 16:28:38,300: connected to core topic /rosout
[rospy.simtime][INFO] 2020-02-26 16:28:38,302: /use_sim_time is not set, will not subscribe to simulated time [/clock] topic
[rospy.internal][INFO] 2020-02-26 16:28:38,316: topic[/usb_cam/image_rect_color] adding connection to [http://itachi-HP-Pavilion-Laptop-15-cc1xx:39999/], count 0
[rospy.internal][INFO] 2020-02-26 16:28:38,363: topic[/detection_info] adding connection to [/rostopic_18022_1582714698762], count 0
[rospy.internal][INFO] 2020-02-26 16:28:38,365: topic[/detection_info] adding connection to [/monitor], count 1
[rospy.internal][INFO] 2020-02-26 16:28:38,510: topic[/rosout] adding connection to [/rosout], count 0
[rospy.internal][INFO] 2020-02-26 16:28:38,531: topic[/detection_info] adding connection to [/rosbag_record_beacon_detections], count 2
[rospy.internal][INFO] 2020-02-26 16:29:03,330: topic[/detection_info] removing connection to /rosbag_record_beacon_detections
[rospy.core][INFO] 2020-02-26 16:29:05,636: signal_shutdown [signal-2]
[rospy.internal][INFO] 2020-02-26 16:29:05,644: topic[/detection_info] removing connection to /rostopic_18022_1582714698762
[rospy.internal][INFO] 2020-02-26 16:29:05,644: topic[/detection_info] removing connection to /monitor
[rospy.internal][INFO] 2020-02-26 16:29:05,644: topic[/rosout] removing connection to /rosout
[rospy.internal][INFO] 2020-02-26 16:29:05,645: topic[/usb_cam/image_rect_color] removing connection to http://itachi-HP-Pavilion-Laptop-15-cc1xx:39999/
[rospy.impl.masterslave][INFO] 2020-02-26 16:29:05,645: signal-2
[rospy.core][INFO] 2020-02-26 16:29:05,749: signal_shutdown [atexit]
[rospy.client][INFO] 2020-02-26 16:29:29,427: init_node, name[/beacon_detector], pid[18318]
[xmlrpc][INFO] 2020-02-26 16:29:29,428: XML-RPC server binding to 0.0.0.0:0
[xmlrpc][INFO] 2020-02-26 16:29:29,428: Started XML-RPC server [http://itachi-HP-Pavilion-Laptop-15-cc1xx:40091/]
[rospy.init][INFO] 2020-02-26 16:29:29,429: ROS Slave URI: [http://itachi-HP-Pavilion-Laptop-15-cc1xx:40091/]
[rospy.impl.masterslave][INFO] 2020-02-26 16:29:29,429: _ready: http://itachi-HP-Pavilion-Laptop-15-cc1xx:40091/
[rospy.registration][INFO] 2020-02-26 16:29:29,430: Registering with master node http://localhost:11311
[xmlrpc][INFO] 2020-02-26 16:29:29,434: xml rpc node: starting XML-RPC server
[rospy.init][INFO] 2020-02-26 16:29:29,530: registered with master
[rospy.rosout][INFO] 2020-02-26 16:29:29,530: initializing /rosout core topic
[rospy.rosout][INFO] 2020-02-26 16:29:29,534: connected to core topic /rosout
[rospy.simtime][INFO] 2020-02-26 16:29:29,536: /use_sim_time is not set, will not subscribe to simulated time [/clock] topic
[rospy.internal][INFO] 2020-02-26 16:29:29,547: topic[/usb_cam/image_rect_color] adding connection to [http://itachi-HP-Pavilion-Laptop-15-cc1xx:39999/], count 0
[rospy.internal][INFO] 2020-02-26 16:29:29,656: topic[/detection_info] adding connection to [/monitor], count 0
[rospy.internal][INFO] 2020-02-26 16:29:29,687: topic[/detection_info] adding connection to [/rostopic_18283_1582714766160], count 1
[rospy.internal][INFO] 2020-02-26 16:29:29,737: topic[/rosout] adding connection to [/rosout], count 0
[rospy.internal][INFO] 2020-02-26 16:29:29,841: topic[/detection_info] adding connection to [/rosbag_record_beacon_detections], count 2
[rospy.internal][INFO] 2020-02-26 16:29:54,568: topic[/detection_info] removing connection to /rosbag_record_beacon_detections
[rospy.core][INFO] 2020-02-26 16:30:28,473: signal_shutdown [signal-2]
[rospy.internal][INFO] 2020-02-26 16:30:28,478: topic[/detection_info] removing connection to /monitor
[rospy.internal][INFO] 2020-02-26 16:30:28,478: topic[/detection_info] removing connection to /rostopic_18283_1582714766160
[rospy.internal][INFO] 2020-02-26 16:30:28,479: topic[/rosout] removing connection to /rosout
[rospy.internal][INFO] 2020-02-26 16:30:28,480: topic[/usb_cam/image_rect_color] removing connection to http://itachi-HP-Pavilion-Laptop-15-cc1xx:39999/
[rospy.impl.masterslave][INFO] 2020-02-26 16:30:28,480: signal-2
[rospy.core][INFO] 2020-02-26 16:30:28,645: signal_shutdown [atexit]
[rospy.client][INFO] 2020-02-26 16:30:43,577: init_node, name[/beacon_detector], pid[18524]
[xmlrpc][INFO] 2020-02-26 16:30:43,577: XML-RPC server binding to 0.0.0.0:0
[xmlrpc][INFO] 2020-02-26 16:30:43,578: Started XML-RPC server [http://itachi-HP-Pavilion-Laptop-15-cc1xx:40073/]
[rospy.init][INFO] 2020-02-26 16:30:43,578: ROS Slave URI: [http://itachi-HP-Pavilion-Laptop-15-cc1xx:40073/]
[rospy.impl.masterslave][INFO] 2020-02-26 16:30:43,578: _ready: http://itachi-HP-Pavilion-Laptop-15-cc1xx:40073/
[xmlrpc][INFO] 2020-02-26 16:30:43,579: xml rpc node: starting XML-RPC server
[rospy.registration][INFO] 2020-02-26 16:30:43,579: Registering with master node http://localhost:11311
[rospy.init][INFO] 2020-02-26 16:30:43,678: registered with master
[rospy.rosout][INFO] 2020-02-26 16:30:43,679: initializing /rosout core topic
[rospy.rosout][INFO] 2020-02-26 16:30:43,681: connected to core topic /rosout
[rospy.simtime][INFO] 2020-02-26 16:30:43,682: /use_sim_time is not set, will not subscribe to simulated time [/clock] topic
[rospy.internal][INFO] 2020-02-26 16:30:43,720: topic[/detection_info] adding connection to [/rostopic_18283_1582714766160], count 0
[rospy.internal][INFO] 2020-02-26 16:30:43,737: topic[/detection_info] adding connection to [/monitor], count 1
[rospy.internal][INFO] 2020-02-26 16:30:43,746: topic[/usb_cam/image_rect_color] adding connection to [http://itachi-HP-Pavilion-Laptop-15-cc1xx:39999/], count 0
[rospy.internal][INFO] 2020-02-26 16:30:43,906: topic[/rosout] adding connection to [/rosout], count 0
[rospy.internal][INFO] 2020-02-26 16:30:43,911: topic[/detection_info] adding connection to [/rosbag_record_beacon_detections], count 2
[rospy.internal][INFO] 2020-02-26 16:31:08,262: topic[/detection_info] removing connection to /rosbag_record_beacon_detections
[rospy.internal][INFO] 2020-02-26 16:31:15,772: topic[/detection_info] removing connection to /rostopic_18283_1582714766160
[rospy.core][INFO] 2020-02-26 16:31:16,500: signal_shutdown [signal-2]
[rospy.internal][INFO] 2020-02-26 16:31:16,505: topic[/detection_info] removing connection to /monitor
[rospy.internal][INFO] 2020-02-26 16:31:16,506: topic[/rosout] removing connection to /rosout
[rospy.internal][INFO] 2020-02-26 16:31:16,507: topic[/usb_cam/image_rect_color] removing connection to http://itachi-HP-Pavilion-Laptop-15-cc1xx:39999/
[rospy.impl.masterslave][INFO] 2020-02-26 16:31:16,507: signal-2
[rospy.core][INFO] 2020-02-26 16:31:16,639: signal_shutdown [atexit]
[rospy.client][INFO] 2020-02-26 16:32:24,684: init_node, name[/beacon_detector], pid[19124]
[xmlrpc][INFO] 2020-02-26 16:32:24,684: XML-RPC server binding to 0.0.0.0:0
[xmlrpc][INFO] 2020-02-26 16:32:24,685: Started XML-RPC server [http://itachi-HP-Pavilion-Laptop-15-cc1xx:44669/]
[rospy.init][INFO] 2020-02-26 16:32:24,685: ROS Slave URI: [http://itachi-HP-Pavilion-Laptop-15-cc1xx:44669/]
[rospy.impl.masterslave][INFO] 2020-02-26 16:32:24,685: _ready: http://itachi-HP-Pavilion-Laptop-15-cc1xx:44669/
[rospy.registration][INFO] 2020-02-26 16:32:24,687: Registering with master node http://localhost:11311
[xmlrpc][INFO] 2020-02-26 16:32:24,687: xml rpc node: starting XML-RPC server
[rospy.init][INFO] 2020-02-26 16:32:24,786: registered with master
[rospy.rosout][INFO] 2020-02-26 16:32:24,786: initializing /rosout core topic
[rospy.rosout][INFO] 2020-02-26 16:32:24,790: connected to core topic /rosout
[rospy.simtime][INFO] 2020-02-26 16:32:24,793: /use_sim_time is not set, will not subscribe to simulated time [/clock] topic
[rospy.internal][INFO] 2020-02-26 16:32:24,822: topic[/detection_info] adding connection to [/rostopic_19019_1582714929577], count 0
[rospy.internal][INFO] 2020-02-26 16:32:24,853: topic[/usb_cam/image_rect_color] adding connection to [http://itachi-HP-Pavilion-Laptop-15-cc1xx:39999/], count 0
[rospy.internal][INFO] 2020-02-26 16:32:24,857: topic[/detection_info] adding connection to [/monitor], count 1
[rospy.internal][INFO] 2020-02-26 16:32:25,012: topic[/rosout] adding connection to [/rosout], count 0
[rospy.internal][INFO] 2020-02-26 16:32:25,017: topic[/detection_info] adding connection to [/rosbag_record_beacon_detections], count 2
[rospy.internal][INFO] 2020-02-26 16:32:49,869: topic[/detection_info] removing connection to /rosbag_record_beacon_detections
[rospy.core][INFO] 2020-02-26 16:32:58,273: signal_shutdown [signal-2]
[rospy.internal][INFO] 2020-02-26 16:32:58,277: topic[/detection_info] removing connection to /rostopic_19019_1582714929577
[rospy.internal][INFO] 2020-02-26 16:32:58,278: topic[/detection_info] removing connection to /monitor
[rospy.internal][INFO] 2020-02-26 16:32:58,278: topic[/rosout] removing connection to /rosout
[rospy.internal][INFO] 2020-02-26 16:32:58,279: topic[/usb_cam/image_rect_color] removing connection to http://itachi-HP-Pavilion-Laptop-15-cc1xx:39999/
[rospy.impl.masterslave][INFO] 2020-02-26 16:32:58,279: signal-2
[rospy.core][INFO] 2020-02-26 16:32:58,395: signal_shutdown [atexit]
[rospy.client][INFO] 2020-02-26 16:35:04,208: init_node, name[/beacon_detector], pid[19592]
[xmlrpc][INFO] 2020-02-26 16:35:04,209: XML-RPC server binding to 0.0.0.0:0
[xmlrpc][INFO] 2020-02-26 16:35:04,210: Started XML-RPC server [http://itachi-HP-Pavilion-Laptop-15-cc1xx:32793/]
[rospy.init][INFO] 2020-02-26 16:35:04,210: ROS Slave URI: [http://itachi-HP-Pavilion-Laptop-15-cc1xx:32793/]
[rospy.impl.masterslave][INFO] 2020-02-26 16:35:04,210: _ready: http://itachi-HP-Pavilion-Laptop-15-cc1xx:32793/
[rospy.registration][INFO] 2020-02-26 16:35:04,212: Registering with master node http://localhost:11311
[xmlrpc][INFO] 2020-02-26 16:35:04,212: xml rpc node: starting XML-RPC server
[rospy.init][INFO] 2020-02-26 16:35:04,311: registered with master
[rospy.rosout][INFO] 2020-02-26 16:35:04,312: initializing /rosout core topic
[rospy.rosout][INFO] 2020-02-26 16:35:04,319: connected to core topic /rosout
[rospy.simtime][INFO] 2020-02-26 16:35:04,323: /use_sim_time is not set, will not subscribe to simulated time [/clock] topic
[rospy.internal][INFO] 2020-02-26 16:35:04,380: topic[/usb_cam/image_rect_color] adding connection to [http://itachi-HP-Pavilion-Laptop-15-cc1xx:39999/], count 0
[rospy.internal][INFO] 2020-02-26 16:35:04,434: topic[/detection_info] adding connection to [/rostopic_19534_1582715015022], count 0
[rospy.internal][INFO] 2020-02-26 16:35:04,440: topic[/detection_info] adding connection to [/monitor], count 1
[rospy.internal][INFO] 2020-02-26 16:35:04,526: topic[/rosout] adding connection to [/rosout], count 0
[rospy.internal][INFO] 2020-02-26 16:35:04,632: topic[/detection_info] adding connection to [/rosbag_record_beacon_detections], count 2
[rospy.internal][INFO] 2020-02-26 16:35:29,394: topic[/detection_info] removing connection to /rosbag_record_beacon_detections
[rospy.internal][INFO] 2020-02-26 16:35:37,401: topic[/detection_info] removing connection to /rostopic_19534_1582715015022
[rospy.internal][INFO] 2020-02-26 16:38:04,489: topic[/detection_info] removing connection to /monitor
[rospy.core][INFO] 2020-02-26 16:38:21,334: signal_shutdown [signal-2]
[rospy.internal][INFO] 2020-02-26 16:38:21,337: topic[/rosout] removing connection to /rosout
[rospy.internal][INFO] 2020-02-26 16:38:21,337: topic[/usb_cam/image_rect_color] removing connection to http://itachi-HP-Pavilion-Laptop-15-cc1xx:39999/
[rospy.impl.masterslave][INFO] 2020-02-26 16:38:21,338: signal-2
[rospy.core][INFO] 2020-02-26 16:38:21,470: signal_shutdown [atexit]
[rospy.client][INFO] 2020-02-26 16:38:28,619: init_node, name[/beacon_detector], pid[19925]
[xmlrpc][INFO] 2020-02-26 16:38:28,620: XML-RPC server binding to 0.0.0.0:0
[xmlrpc][INFO] 2020-02-26 16:38:28,620: Started XML-RPC server [http://itachi-HP-Pavilion-Laptop-15-cc1xx:33905/]
[rospy.init][INFO] 2020-02-26 16:38:28,620: ROS Slave URI: [http://itachi-HP-Pavilion-Laptop-15-cc1xx:33905/]
[rospy.impl.masterslave][INFO] 2020-02-26 16:38:28,620: _ready: http://itachi-HP-Pavilion-Laptop-15-cc1xx:33905/
[rospy.registration][INFO] 2020-02-26 16:38:28,621: Registering with master node http://localhost:11311
[xmlrpc][INFO] 2020-02-26 16:38:28,622: xml rpc node: starting XML-RPC server
[rospy.init][INFO] 2020-02-26 16:38:28,721: registered with master
[rospy.rosout][INFO] 2020-02-26 16:38:28,721: initializing /rosout core topic
[rospy.rosout][INFO] 2020-02-26 16:38:28,724: connected to core topic /rosout
[rospy.simtime][INFO] 2020-02-26 16:38:28,725: /use_sim_time is not set, will not subscribe to simulated time [/clock] topic
[rospy.internal][INFO] 2020-02-26 16:38:28,787: topic[/usb_cam/image_rect_color] adding connection to [http://itachi-HP-Pavilion-Laptop-15-cc1xx:39999/], count 0
[rospy.internal][INFO] 2020-02-26 16:38:28,791: topic[/detection_info] adding connection to [/monitor], count 0
[rospy.internal][INFO] 2020-02-26 16:38:28,948: topic[/rosout] adding connection to [/rosout], count 0
[rospy.internal][INFO] 2020-02-26 16:38:28,949: topic[/detection_info] adding connection to [/rosbag_record_beacon_detections], count 1
[rospy.internal][INFO] 2020-02-26 16:38:53,799: topic[/detection_info] removing connection to /rosbag_record_beacon_detections
[rospy.core][INFO] 2020-02-26 16:40:28,418: signal_shutdown [signal-2]
[rospy.internal][INFO] 2020-02-26 16:40:28,423: topic[/detection_info] removing connection to /monitor
[rospy.internal][INFO] 2020-02-26 16:40:28,423: topic[/rosout] removing connection to /rosout
[rospy.internal][INFO] 2020-02-26 16:40:28,424: topic[/usb_cam/image_rect_color] removing connection to http://itachi-HP-Pavilion-Laptop-15-cc1xx:39999/
[rospy.impl.masterslave][INFO] 2020-02-26 16:40:28,424: signal-2
[rospy.core][INFO] 2020-02-26 16:40:28,532: signal_shutdown [atexit]
[rospy.client][INFO] 2020-02-26 16:52:03,355: init_node, name[/beacon_detector], pid[20350]
[xmlrpc][INFO] 2020-02-26 16:52:03,355: XML-RPC server binding to 0.0.0.0:0
[xmlrpc][INFO] 2020-02-26 16:52:03,356: Started XML-RPC server [http://itachi-HP-Pavilion-Laptop-15-cc1xx:44869/]
[rospy.init][INFO] 2020-02-26 16:52:03,356: ROS Slave URI: [http://itachi-HP-Pavilion-Laptop-15-cc1xx:44869/]
[rospy.impl.masterslave][INFO] 2020-02-26 16:52:03,356: _ready: http://itachi-HP-Pavilion-Laptop-15-cc1xx:44869/
[rospy.registration][INFO] 2020-02-26 16:52:03,356: Registering with master node http://localhost:11311
[xmlrpc][INFO] 2020-02-26 16:52:03,356: xml rpc node: starting XML-RPC server
[rospy.init][INFO] 2020-02-26 16:52:03,456: registered with master
[rospy.rosout][INFO] 2020-02-26 16:52:03,456: initializing /rosout core topic
[rospy.rosout][INFO] 2020-02-26 16:52:03,460: connected to core topic /rosout
[rospy.simtime][INFO] 2020-02-26 16:52:03,462: /use_sim_time is not set, will not subscribe to simulated time [/clock] topic
[rospy.internal][INFO] 2020-02-26 16:52:03,522: topic[/usb_cam/image_rect_color] adding connection to [http://itachi-HP-Pavilion-Laptop-15-cc1xx:39999/], count 0
[rospy.internal][INFO] 2020-02-26 16:52:03,612: topic[/rosout] adding connection to [/rosout], count 0
[rospy.internal][INFO] 2020-02-26 16:52:03,712: topic[/detection_info] adding connection to [/rosbag_record_beacon_detections], count 0
[rospy.core][INFO] 2020-02-26 16:52:27,946: signal_shutdown [signal-2]
[rospy.internal][INFO] 2020-02-26 16:52:27,950: topic[/detection_info] removing connection to /rosbag_record_beacon_detections
[rospy.internal][INFO] 2020-02-26 16:52:27,952: topic[/rosout] removing connection to /rosout
[rospy.internal][INFO] 2020-02-26 16:52:27,952: topic[/usb_cam/image_rect_color] removing connection to http://itachi-HP-Pavilion-Laptop-15-cc1xx:39999/
[rospy.impl.masterslave][INFO] 2020-02-26 16:52:27,952: signal-2
[rospy.core][INFO] 2020-02-26 16:52:28,571: signal_shutdown [atexit]
[rospy.client][INFO] 2020-02-26 16:52:33,878: init_node, name[/beacon_detector], pid[20519]
[xmlrpc][INFO] 2020-02-26 16:52:33,878: XML-RPC server binding to 0.0.0.0:0
[xmlrpc][INFO] 2020-02-26 16:52:33,879: Started XML-RPC server [http://itachi-HP-Pavilion-Laptop-15-cc1xx:42701/]
[rospy.init][INFO] 2020-02-26 16:52:33,879: ROS Slave URI: [http://itachi-HP-Pavilion-Laptop-15-cc1xx:42701/]
[rospy.impl.masterslave][INFO] 2020-02-26 16:52:33,879: _ready: http://itachi-HP-Pavilion-Laptop-15-cc1xx:42701/
[xmlrpc][INFO] 2020-02-26 16:52:33,880: xml rpc node: starting XML-RPC server
[rospy.registration][INFO] 2020-02-26 16:52:33,881: Registering with master node http://localhost:11311
[rospy.init][INFO] 2020-02-26 16:52:33,980: registered with master
[rospy.rosout][INFO] 2020-02-26 16:52:33,980: initializing /rosout core topic
[rospy.rosout][INFO] 2020-02-26 16:52:33,985: connected to core topic /rosout
[rospy.simtime][INFO] 2020-02-26 16:52:33,987: /use_sim_time is not set, will not subscribe to simulated time [/clock] topic
[rospy.internal][INFO] 2020-02-26 16:52:33,997: topic[/usb_cam/image_rect_color] adding connection to [http://itachi-HP-Pavilion-Laptop-15-cc1xx:39999/], count 0
[rospy.internal][INFO] 2020-02-26 16:52:34,207: topic[/rosout] adding connection to [/rosout], count 0
[rospy.internal][INFO] 2020-02-26 16:52:34,209: topic[/detection_info] adding connection to [/rosbag_record_beacon_detections], count 0
[rospy.internal][INFO] 2020-02-26 16:52:59,013: topic[/detection_info] removing connection to /rosbag_record_beacon_detections
[rospy.core][INFO] 2020-02-26 16:53:07,459: signal_shutdown [signal-2]
[rospy.internal][INFO] 2020-02-26 16:53:07,469: topic[/rosout] removing connection to /rosout
[rospy.internal][INFO] 2020-02-26 16:53:07,470: topic[/usb_cam/image_rect_color] removing connection to http://itachi-HP-Pavilion-Laptop-15-cc1xx:39999/
[rospy.impl.masterslave][INFO] 2020-02-26 16:53:07,470: signal-2
[rospy.core][INFO] 2020-02-26 16:53:07,602: signal_shutdown [atexit]
[rospy.client][INFO] 2020-02-26 16:53:11,162: init_node, name[/beacon_detector], pid[20708]
[xmlrpc][INFO] 2020-02-26 16:53:11,162: XML-RPC server binding to 0.0.0.0:0
[xmlrpc][INFO] 2020-02-26 16:53:11,163: Started XML-RPC server [http://itachi-HP-Pavilion-Laptop-15-cc1xx:34679/]
[rospy.init][INFO] 2020-02-26 16:53:11,163: ROS Slave URI: [http://itachi-HP-Pavilion-Laptop-15-cc1xx:34679/]
[rospy.impl.masterslave][INFO] 2020-02-26 16:53:11,163: _ready: http://itachi-HP-Pavilion-Laptop-15-cc1xx:34679/
[rospy.registration][INFO] 2020-02-26 16:53:11,164: Registering with master node http://localhost:11311
[xmlrpc][INFO] 2020-02-26 16:53:11,165: xml rpc node: starting XML-RPC server
[rospy.init][INFO] 2020-02-26 16:53:11,264: registered with master
[rospy.rosout][INFO] 2020-02-26 16:53:11,264: initializing /rosout core topic
[rospy.rosout][INFO] 2020-02-26 16:53:11,267: connected to core topic /rosout
[rospy.simtime][INFO] 2020-02-26 16:53:11,269: /use_sim_time is not set, will not subscribe to simulated time [/clock] topic
[rospy.internal][INFO] 2020-02-26 16:53:11,294: topic[/detection_info] adding connection to [/monitor], count 0
[rospy.internal][INFO] 2020-02-26 16:53:11,330: topic[/usb_cam/image_rect_color] adding connection to [http://itachi-HP-Pavilion-Laptop-15-cc1xx:39999/], count 0
[rospy.internal][INFO] 2020-02-26 16:53:11,483: topic[/rosout] adding connection to [/rosout], count 0
[rospy.internal][INFO] 2020-02-26 16:53:11,485: topic[/detection_info] adding connection to [/rosbag_record_beacon_detections], count 1
[rospy.core][INFO] 2020-02-26 16:53:16,512: signal_shutdown [signal-2]
[rospy.internal][INFO] 2020-02-26 16:53:16,533: topic[/detection_info] removing connection to /monitor
[rospy.internal][INFO] 2020-02-26 16:53:16,537: topic[/detection_info] removing connection to /rosbag_record_beacon_detections
[rospy.internal][INFO] 2020-02-26 16:53:16,539: topic[/rosout] removing connection to /rosout
[rospy.internal][INFO] 2020-02-26 16:53:16,543: topic[/usb_cam/image_rect_color] removing connection to http://itachi-HP-Pavilion-Laptop-15-cc1xx:39999/
[rospy.impl.masterslave][INFO] 2020-02-26 16:53:16,554: signal-2
[rospy.core][INFO] 2020-02-26 16:53:16,658: signal_shutdown [atexit]
[rospy.client][INFO] 2020-02-26 16:53:23,922: init_node, name[/beacon_detector], pid[20879]
[xmlrpc][INFO] 2020-02-26 16:53:23,922: XML-RPC server binding to 0.0.0.0:0
[xmlrpc][INFO] 2020-02-26 16:53:23,923: Started XML-RPC server [http://itachi-HP-Pavilion-Laptop-15-cc1xx:44167/]
[rospy.init][INFO] 2020-02-26 16:53:23,924: ROS Slave URI: [http://itachi-HP-Pavilion-Laptop-15-cc1xx:44167/]
[rospy.impl.masterslave][INFO] 2020-02-26 16:53:23,924: _ready: http://itachi-HP-Pavilion-Laptop-15-cc1xx:44167/
[rospy.registration][INFO] 2020-02-26 16:53:23,925: Registering with master node http://localhost:11311
[xmlrpc][INFO] 2020-02-26 16:53:23,924: xml rpc node: starting XML-RPC server
[rospy.init][INFO] 2020-02-26 16:53:24,024: registered with master
[rospy.rosout][INFO] 2020-02-26 16:53:24,025: initializing /rosout core topic
[rospy.rosout][INFO] 2020-02-26 16:53:24,031: connected to core topic /rosout
[rospy.simtime][INFO] 2020-02-26 16:53:24,033: /use_sim_time is not set, will not subscribe to simulated time [/clock] topic
[rospy.internal][INFO] 2020-02-26 16:53:24,088: topic[/detection_info] adding connection to [/monitor], count 0
[rospy.internal][INFO] 2020-02-26 16:53:24,096: topic[/usb_cam/image_rect_color] adding connection to [http://itachi-HP-Pavilion-Laptop-15-cc1xx:39999/], count 0
[rospy.internal][INFO] 2020-02-26 16:53:24,265: topic[/rosout] adding connection to [/rosout], count 0
[rospy.internal][INFO] 2020-02-26 16:53:24,267: topic[/detection_info] adding connection to [/rosbag_record_beacon_detections], count 1
[rospy.core][INFO] 2020-02-26 16:53:41,357: signal_shutdown [signal-2]
[rospy.internal][INFO] 2020-02-26 16:53:41,361: topic[/detection_info] removing connection to /monitor
[rospy.internal][INFO] 2020-02-26 16:53:41,362: topic[/detection_info] removing connection to /rosbag_record_beacon_detections
[rospy.internal][INFO] 2020-02-26 16:53:41,363: topic[/rosout] removing connection to /rosout
[rospy.internal][INFO] 2020-02-26 16:53:41,363: topic[/usb_cam/image_rect_color] removing connection to http://itachi-HP-Pavilion-Laptop-15-cc1xx:39999/
[rospy.impl.masterslave][INFO] 2020-02-26 16:53:41,364: signal-2
[rospy.core][INFO] 2020-02-26 16:53:41,471: signal_shutdown [atexit]
[rospy.client][INFO] 2020-02-26 16:54:32,132: init_node, name[/beacon_detector], pid[21053]
[xmlrpc][INFO] 2020-02-26 16:54:32,132: XML-RPC server binding to 0.0.0.0:0
[xmlrpc][INFO] 2020-02-26 16:54:32,133: Started XML-RPC server [http://itachi-HP-Pavilion-Laptop-15-cc1xx:38727/]
[rospy.init][INFO] 2020-02-26 16:54:32,133: ROS Slave URI: [http://itachi-HP-Pavilion-Laptop-15-cc1xx:38727/]
[rospy.impl.masterslave][INFO] 2020-02-26 16:54:32,133: _ready: http://itachi-HP-Pavilion-Laptop-15-cc1xx:38727/
[rospy.registration][INFO] 2020-02-26 16:54:32,134: Registering with master node http://localhost:11311
[xmlrpc][INFO] 2020-02-26 16:54:32,134: xml rpc node: starting XML-RPC server
[rospy.init][INFO] 2020-02-26 16:54:32,233: registered with master
[rospy.rosout][INFO] 2020-02-26 16:54:32,234: initializing /rosout core topic
[rospy.rosout][INFO] 2020-02-26 16:54:32,237: connected to core topic /rosout
[rospy.simtime][INFO] 2020-02-26 16:54:32,238: /use_sim_time is not set, will not subscribe to simulated time [/clock] topic
[rospy.internal][INFO] 2020-02-26 16:54:32,249: topic[/usb_cam/image_rect_color] adding connection to [http://itachi-HP-Pavilion-Laptop-15-cc1xx:39999/], count 0
[rospy.internal][INFO] 2020-02-26 16:54:32,311: topic[/detection_info] adding connection to [/monitor], count 0
[rospy.internal][INFO] 2020-02-26 16:54:32,504: topic[/rosout] adding connection to [/rosout], count 0
[rospy.internal][INFO] 2020-02-26 16:54:32,507: topic[/detection_info] adding connection to [/rosbag_record_beacon_detections], count 1
[rospy.internal][INFO] 2020-02-26 16:54:57,262: topic[/detection_info] removing connection to /rosbag_record_beacon_detections
[rospy.core][INFO] 2020-02-26 16:54:59,507: signal_shutdown [signal-2]
[rospy.internal][INFO] 2020-02-26 16:54:59,512: topic[/detection_info] removing connection to /monitor
[rospy.internal][INFO] 2020-02-26 16:54:59,514: topic[/rosout] removing connection to /rosout
[rospy.internal][INFO] 2020-02-26 16:54:59,515: topic[/usb_cam/image_rect_color] removing connection to http://itachi-HP-Pavilion-Laptop-15-cc1xx:39999/
[rospy.impl.masterslave][INFO] 2020-02-26 16:54:59,516: signal-2
[rospy.core][INFO] 2020-02-26 16:54:59,631: signal_shutdown [atexit]
[rospy.client][INFO] 2020-02-26 16:55:17,978: init_node, name[/beacon_detector], pid[21222]
[xmlrpc][INFO] 2020-02-26 16:55:17,979: XML-RPC server binding to 0.0.0.0:0
[xmlrpc][INFO] 2020-02-26 16:55:17,980: Started XML-RPC server [http://itachi-HP-Pavilion-Laptop-15-cc1xx:36169/]
[rospy.impl.masterslave][INFO] 2020-02-26 16:55:17,980: _ready: http://itachi-HP-Pavilion-Laptop-15-cc1xx:36169/
[rospy.registration][INFO] 2020-02-26 16:55:17,981: Registering with master node http://localhost:11311
[xmlrpc][INFO] 2020-02-26 16:55:17,982: xml rpc node: starting XML-RPC server
[rospy.init][INFO] 2020-02-26 16:55:17,983: ROS Slave URI: [http://itachi-HP-Pavilion-Laptop-15-cc1xx:36169/]
[rospy.init][INFO] 2020-02-26 16:55:17,984: registered with master
[rospy.rosout][INFO] 2020-02-26 16:55:17,984: initializing /rosout core topic
[rospy.rosout][INFO] 2020-02-26 16:55:17,987: connected to core topic /rosout
[rospy.simtime][INFO] 2020-02-26 16:55:17,989: /use_sim_time is not set, will not subscribe to simulated time [/clock] topic
[rospy.internal][INFO] 2020-02-26 16:55:18,018: topic[/usb_cam/image_rect_color] adding connection to [http://itachi-HP-Pavilion-Laptop-15-cc1xx:39999/], count 0
[rospy.internal][INFO] 2020-02-26 16:55:18,152: topic[/detection_info] adding connection to [/monitor], count 0
[rospy.internal][INFO] 2020-02-26 16:55:18,197: topic[/rosout] adding connection to [/rosout], count 0
[rospy.internal][INFO] 2020-02-26 16:55:18,304: topic[/detection_info] adding connection to [/rosbag_record_beacon_detections], count 1
[rospy.internal][INFO] 2020-02-26 16:55:43,033: topic[/detection_info] removing connection to /rosbag_record_beacon_detections
[rospy.core][INFO] 2020-02-26 16:56:29,867: signal_shutdown [signal-2]
[rospy.internal][INFO] 2020-02-26 16:56:29,872: topic[/detection_info] removing connection to /monitor
[rospy.internal][INFO] 2020-02-26 16:56:29,873: topic[/rosout] removing connection to /rosout
[rospy.internal][INFO] 2020-02-26 16:56:29,873: topic[/usb_cam/image_rect_color] removing connection to http://itachi-HP-Pavilion-Laptop-15-cc1xx:39999/
[rospy.impl.masterslave][INFO] 2020-02-26 16:56:29,874: signal-2
[rospy.core][INFO] 2020-02-26 16:56:29,981: signal_shutdown [atexit]
[rospy.client][INFO] 2020-02-26 16:56:52,252: init_node, name[/beacon_detector], pid[21509]
[xmlrpc][INFO] 2020-02-26 16:56:52,253: XML-RPC server binding to 0.0.0.0:0
[xmlrpc][INFO] 2020-02-26 16:56:52,253: Started XML-RPC server [http://itachi-HP-Pavilion-Laptop-15-cc1xx:43025/]
[rospy.init][INFO] 2020-02-26 16:56:52,253: ROS Slave URI: [http://itachi-HP-Pavilion-Laptop-15-cc1xx:43025/]
[rospy.impl.masterslave][INFO] 2020-02-26 16:56:52,254: _ready: http://itachi-HP-Pavilion-Laptop-15-cc1xx:43025/
[xmlrpc][INFO] 2020-02-26 16:56:52,254: xml rpc node: starting XML-RPC server
[rospy.registration][INFO] 2020-02-26 16:56:52,254: Registering with master node http://localhost:11311
[rospy.init][INFO] 2020-02-26 16:56:52,354: registered with master
[rospy.rosout][INFO] 2020-02-26 16:56:52,354: initializing /rosout core topic
[rospy.rosout][INFO] 2020-02-26 16:56:52,356: connected to core topic /rosout
[rospy.simtime][INFO] 2020-02-26 16:56:52,358: /use_sim_time is not set, will not subscribe to simulated time [/clock] topic
[rospy.internal][INFO] 2020-02-26 16:56:52,402: topic[/detection_info] adding connection to [/rostopic_21474_1582716402977], count 0
[rospy.internal][INFO] 2020-02-26 16:56:52,406: topic[/detection_info] adding connection to [/monitor], count 1
[rospy.internal][INFO] 2020-02-26 16:56:52,420: topic[/usb_cam/image_rect_color] adding connection to [http://itachi-HP-Pavilion-Laptop-15-cc1xx:39999/], count 0
[rospy.internal][INFO] 2020-02-26 16:56:52,491: topic[/detection_info] adding connection to [/rosbag_record_beacon_detections], count 2
[rospy.internal][INFO] 2020-02-26 16:56:52,587: topic[/rosout] adding connection to [/rosout], count 0
[rospy.internal][INFO] 2020-02-26 16:57:17,431: topic[/detection_info] removing connection to /rosbag_record_beacon_detections
[rosout][WARNING] 2020-02-26 16:57:24,621: Inbound TCP/IP connection failed: connection from sender terminated before handshake header received. 0 bytes were received. Please check sender for additional details.
[rospy.internal][ERROR] 2020-02-26 16:57:24,623: Inbound TCP/IP connection failed:
Traceback (most recent call last):
  File "/opt/ros/kinetic/lib/python2.7/dist-packages/rospy/impl/tcpros_base.py", line 321, in _tcp_server_callback
    header = read_ros_handshake_header(sock, StringIO(), buff_size)
  File "/opt/ros/kinetic/lib/python2.7/dist-packages/rosgraph/network.py", line 364, in read_ros_handshake_header
    raise ROSHandshakeException("connection from sender terminated before handshake header received. %s bytes were received. Please check sender for additional details."%b.tell())
ROSHandshakeException: connection from sender terminated before handshake header received. 0 bytes were received. Please check sender for additional details.

[rospy.internal][INFO] 2020-02-26 16:57:24,935: topic[/detection_info] removing connection to /rostopic_21474_1582716402977
[rospy.internal][INFO] 2020-02-26 16:57:29,611: topic[/detection_info] adding connection to [/rostopic_21657_1582716449391], count 1
[rospy.internal][INFO] 2020-02-26 16:57:31,438: topic[/detection_info] removing connection to /rostopic_21657_1582716449391
[rospy.internal][INFO] 2020-02-26 16:57:36,392: topic[/detection_info] adding connection to [/rostopic_21680_1582716456180], count 1
[rospy.core][INFO] 2020-02-26 16:57:39,287: signal_shutdown [signal-2]
[rospy.internal][INFO] 2020-02-26 16:57:39,292: topic[/detection_info] removing connection to /monitor
[rospy.internal][INFO] 2020-02-26 16:57:39,293: topic[/detection_info] removing connection to /rostopic_21680_1582716456180
[rospy.internal][INFO] 2020-02-26 16:57:39,293: topic[/rosout] removing connection to /rosout
[rospy.internal][INFO] 2020-02-26 16:57:39,295: topic[/usb_cam/image_rect_color] removing connection to http://itachi-HP-Pavilion-Laptop-15-cc1xx:39999/
[rospy.impl.masterslave][INFO] 2020-02-26 16:57:39,295: signal-2
[rospy.core][INFO] 2020-02-26 16:57:39,412: signal_shutdown [atexit]
[rospy.client][INFO] 2020-02-26 16:57:42,480: init_node, name[/beacon_detector], pid[21737]
[xmlrpc][INFO] 2020-02-26 16:57:42,481: XML-RPC server binding to 0.0.0.0:0
[xmlrpc][INFO] 2020-02-26 16:57:42,481: Started XML-RPC server [http://itachi-HP-Pavilion-Laptop-15-cc1xx:35077/]
[rospy.init][INFO] 2020-02-26 16:57:42,481: ROS Slave URI: [http://itachi-HP-Pavilion-Laptop-15-cc1xx:35077/]
[rospy.impl.masterslave][INFO] 2020-02-26 16:57:42,482: _ready: http://itachi-HP-Pavilion-Laptop-15-cc1xx:35077/
[rospy.registration][INFO] 2020-02-26 16:57:42,482: Registering with master node http://localhost:11311
[xmlrpc][INFO] 2020-02-26 16:57:42,482: xml rpc node: starting XML-RPC server
[rospy.init][INFO] 2020-02-26 16:57:42,582: registered with master
[rospy.rosout][INFO] 2020-02-26 16:57:42,583: initializing /rosout core topic
[rospy.rosout][INFO] 2020-02-26 16:57:42,586: connected to core topic /rosout
[rospy.simtime][INFO] 2020-02-26 16:57:42,587: /use_sim_time is not set, will not subscribe to simulated time [/clock] topic
[rospy.internal][INFO] 2020-02-26 16:57:42,608: topic[/detection_info] adding connection to [/rostopic_21680_1582716456180], count 0
[rospy.internal][INFO] 2020-02-26 16:57:42,639: topic[/detection_info] adding connection to [/monitor], count 1
[rospy.internal][INFO] 2020-02-26 16:57:42,648: topic[/usb_cam/image_rect_color] adding connection to [http://itachi-HP-Pavilion-Laptop-15-cc1xx:39999/], count 0
[rospy.internal][INFO] 2020-02-26 16:57:42,803: topic[/rosout] adding connection to [/rosout], count 0
[rospy.internal][INFO] 2020-02-26 16:57:42,810: topic[/detection_info] adding connection to [/rosbag_record_beacon_detections], count 2
[rospy.internal][INFO] 2020-02-26 16:58:07,661: topic[/detection_info] removing connection to /rosbag_record_beacon_detections
[rospy.internal][INFO] 2020-02-26 16:59:00,802: topic[/detection_info] adding connection to [/rostopic_21889_1582716540587], count 2
[rospy.core][INFO] 2020-02-26 16:59:05,318: signal_shutdown [signal-2]
[rospy.internal][INFO] 2020-02-26 16:59:05,321: topic[/detection_info] removing connection to /rostopic_21680_1582716456180
[rospy.internal][INFO] 2020-02-26 16:59:05,322: topic[/detection_info] removing connection to /monitor
[rospy.internal][INFO] 2020-02-26 16:59:05,323: topic[/detection_info] removing connection to /rostopic_21889_1582716540587
[rospy.internal][INFO] 2020-02-26 16:59:05,323: topic[/rosout] removing connection to /rosout
[rospy.internal][INFO] 2020-02-26 16:59:05,324: topic[/usb_cam/image_rect_color] removing connection to http://itachi-HP-Pavilion-Laptop-15-cc1xx:39999/
[rospy.impl.masterslave][INFO] 2020-02-26 16:59:05,324: signal-2
[rospy.core][INFO] 2020-02-26 16:59:05,488: signal_shutdown [atexit]
[rospy.client][INFO] 2020-02-26 16:59:09,304: init_node, name[/beacon_detector], pid[21946]
[xmlrpc][INFO] 2020-02-26 16:59:09,304: XML-RPC server binding to 0.0.0.0:0
[xmlrpc][INFO] 2020-02-26 16:59:09,306: Started XML-RPC server [http://itachi-HP-Pavilion-Laptop-15-cc1xx:46223/]
[rospy.init][INFO] 2020-02-26 16:59:09,306: ROS Slave URI: [http://itachi-HP-Pavilion-Laptop-15-cc1xx:46223/]
[rospy.impl.masterslave][INFO] 2020-02-26 16:59:09,307: _ready: http://itachi-HP-Pavilion-Laptop-15-cc1xx:46223/
[xmlrpc][INFO] 2020-02-26 16:59:09,308: xml rpc node: starting XML-RPC server
[rospy.registration][INFO] 2020-02-26 16:59:09,308: Registering with master node http://localhost:11311
[rospy.init][INFO] 2020-02-26 16:59:09,407: registered with master
[rospy.rosout][INFO] 2020-02-26 16:59:09,407: initializing /rosout core topic
[rospy.rosout][INFO] 2020-02-26 16:59:09,413: connected to core topic /rosout
[rospy.simtime][INFO] 2020-02-26 16:59:09,415: /use_sim_time is not set, will not subscribe to simulated time [/clock] topic
[rospy.internal][INFO] 2020-02-26 16:59:09,473: topic[/usb_cam/image_rect_color] adding connection to [http://itachi-HP-Pavilion-Laptop-15-cc1xx:39999/], count 0
[rospy.internal][INFO] 2020-02-26 16:59:09,502: topic[/detection_info] adding connection to [/monitor], count 0
[rospy.internal][INFO] 2020-02-26 16:59:09,507: topic[/detection_info] adding connection to [/rostopic_21680_1582716456180], count 1
[rospy.internal][INFO] 2020-02-26 16:59:09,527: topic[/detection_info] adding connection to [/rostopic_21889_1582716540587], count 2
[rospy.internal][INFO] 2020-02-26 16:59:09,671: topic[/rosout] adding connection to [/rosout], count 0
[rospy.internal][INFO] 2020-02-26 16:59:09,679: topic[/detection_info] adding connection to [/rosbag_record_beacon_detections], count 3
[rospy.core][INFO] 2020-02-26 16:59:24,261: signal_shutdown [signal-2]
[rospy.internal][INFO] 2020-02-26 16:59:24,265: topic[/detection_info] removing connection to /monitor
[rospy.internal][INFO] 2020-02-26 16:59:24,265: topic[/detection_info] removing connection to /rostopic_21680_1582716456180
[rospy.internal][INFO] 2020-02-26 16:59:24,265: topic[/detection_info] removing connection to /rostopic_21889_1582716540587
[rospy.internal][INFO] 2020-02-26 16:59:24,266: topic[/detection_info] removing connection to /rosbag_record_beacon_detections
[rospy.internal][INFO] 2020-02-26 16:59:24,266: topic[/rosout] removing connection to /rosout
[rospy.internal][INFO] 2020-02-26 16:59:24,267: topic[/usb_cam/image_rect_color] removing connection to http://itachi-HP-Pavilion-Laptop-15-cc1xx:39999/
[rospy.impl.masterslave][INFO] 2020-02-26 16:59:24,267: signal-2
[rospy.core][INFO] 2020-02-26 16:59:24,399: signal_shutdown [atexit]
[rospy.client][INFO] 2020-02-26 16:59:27,872: init_node, name[/beacon_detector], pid[22121]
[xmlrpc][INFO] 2020-02-26 16:59:27,873: XML-RPC server binding to 0.0.0.0:0
[xmlrpc][INFO] 2020-02-26 16:59:27,874: Started XML-RPC server [http://itachi-HP-Pavilion-Laptop-15-cc1xx:41905/]
[rospy.init][INFO] 2020-02-26 16:59:27,874: ROS Slave URI: [http://itachi-HP-Pavilion-Laptop-15-cc1xx:41905/]
[rospy.impl.masterslave][INFO] 2020-02-26 16:59:27,875: _ready: http://itachi-HP-Pavilion-Laptop-15-cc1xx:41905/
[xmlrpc][INFO] 2020-02-26 16:59:27,876: xml rpc node: starting XML-RPC server
[rospy.registration][INFO] 2020-02-26 16:59:27,876: Registering with master node http://localhost:11311
[rospy.init][INFO] 2020-02-26 16:59:27,975: registered with master
[rospy.rosout][INFO] 2020-02-26 16:59:27,975: initializing /rosout core topic
[rospy.rosout][INFO] 2020-02-26 16:59:27,978: connected to core topic /rosout
[rospy.simtime][INFO] 2020-02-26 16:59:27,979: /use_sim_time is not set, will not subscribe to simulated time [/clock] topic
[rospy.internal][INFO] 2020-02-26 16:59:27,991: topic[/usb_cam/image_rect_color] adding connection to [http://itachi-HP-Pavilion-Laptop-15-cc1xx:39999/], count 0
[rospy.internal][INFO] 2020-02-26 16:59:28,036: topic[/detection_info] adding connection to [/rostopic_21889_1582716540587], count 0
[rospy.internal][INFO] 2020-02-26 16:59:28,036: topic[/detection_info] adding connection to [/rostopic_21680_1582716456180], count 1
[rospy.internal][INFO] 2020-02-26 16:59:28,069: topic[/detection_info] adding connection to [/monitor], count 2
[rospy.internal][INFO] 2020-02-26 16:59:28,224: topic[/rosout] adding connection to [/rosout], count 0
[rospy.internal][INFO] 2020-02-26 16:59:28,234: topic[/detection_info] adding connection to [/rosbag_record_beacon_detections], count 3
[rospy.internal][INFO] 2020-02-26 16:59:53,010: topic[/detection_info] removing connection to /rosbag_record_beacon_detections
[rospy.core][INFO] 2020-02-26 17:00:06,962: signal_shutdown [signal-2]
[rospy.internal][INFO] 2020-02-26 17:00:06,967: topic[/detection_info] removing connection to /rostopic_21889_1582716540587
[rospy.internal][INFO] 2020-02-26 17:00:06,969: topic[/detection_info] removing connection to /rostopic_21680_1582716456180
[rospy.internal][INFO] 2020-02-26 17:00:06,969: topic[/detection_info] removing connection to /monitor
[rospy.internal][INFO] 2020-02-26 17:00:06,970: topic[/rosout] removing connection to /rosout
[rospy.internal][INFO] 2020-02-26 17:00:06,971: topic[/usb_cam/image_rect_color] removing connection to http://itachi-HP-Pavilion-Laptop-15-cc1xx:39999/
[rospy.impl.masterslave][INFO] 2020-02-26 17:00:06,971: signal-2
[rospy.core][INFO] 2020-02-26 17:00:07,087: signal_shutdown [atexit]
[rospy.client][INFO] 2020-02-26 17:00:11,217: init_node, name[/beacon_detector], pid[22354]
[xmlrpc][INFO] 2020-02-26 17:00:11,218: XML-RPC server binding to 0.0.0.0:0
[xmlrpc][INFO] 2020-02-26 17:00:11,218: Started XML-RPC server [http://itachi-HP-Pavilion-Laptop-15-cc1xx:38715/]
[rospy.impl.masterslave][INFO] 2020-02-26 17:00:11,219: _ready: http://itachi-HP-Pavilion-Laptop-15-cc1xx:38715/
[rospy.registration][INFO] 2020-02-26 17:00:11,220: Registering with master node http://localhost:11311
[xmlrpc][INFO] 2020-02-26 17:00:11,221: xml rpc node: starting XML-RPC server
[rospy.init][INFO] 2020-02-26 17:00:11,219: ROS Slave URI: [http://itachi-HP-Pavilion-Laptop-15-cc1xx:38715/]
[rospy.init][INFO] 2020-02-26 17:00:11,222: registered with master
[rospy.rosout][INFO] 2020-02-26 17:00:11,222: initializing /rosout core topic
[rospy.rosout][INFO] 2020-02-26 17:00:11,227: connected to core topic /rosout
[rospy.simtime][INFO] 2020-02-26 17:00:11,231: /use_sim_time is not set, will not subscribe to simulated time [/clock] topic
[rospy.internal][INFO] 2020-02-26 17:00:11,254: topic[/usb_cam/image_rect_color] adding connection to [http://itachi-HP-Pavilion-Laptop-15-cc1xx:39999/], count 0
[rospy.internal][INFO] 2020-02-26 17:00:11,366: topic[/detection_info] adding connection to [/rostopic_21680_1582716456180], count 0
[rospy.internal][INFO] 2020-02-26 17:00:11,367: topic[/detection_info] adding connection to [/rostopic_21889_1582716540587], count 1
[rospy.internal][INFO] 2020-02-26 17:00:11,388: topic[/detection_info] adding connection to [/monitor], count 2
[rospy.internal][INFO] 2020-02-26 17:00:11,439: topic[/rosout] adding connection to [/rosout], count 0
[rospy.internal][INFO] 2020-02-26 17:00:11,544: topic[/detection_info] adding connection to [/rosbag_record_beacon_detections], count 3
[rospy.internal][INFO] 2020-02-26 17:00:36,268: topic[/detection_info] removing connection to /rosbag_record_beacon_detections
[rospy.core][INFO] 2020-02-26 17:00:37,866: signal_shutdown [signal-2]
[rospy.internal][INFO] 2020-02-26 17:00:37,869: topic[/detection_info] removing connection to /rostopic_21680_1582716456180
[rospy.internal][INFO] 2020-02-26 17:00:37,870: topic[/detection_info] removing connection to /rostopic_21889_1582716540587
[rospy.internal][INFO] 2020-02-26 17:00:37,870: topic[/detection_info] removing connection to /monitor
[rospy.internal][INFO] 2020-02-26 17:00:37,870: topic[/rosout] removing connection to /rosout
[rospy.internal][INFO] 2020-02-26 17:00:37,871: topic[/usb_cam/image_rect_color] removing connection to http://itachi-HP-Pavilion-Laptop-15-cc1xx:39999/
[rospy.impl.masterslave][INFO] 2020-02-26 17:00:37,871: signal-2
[rospy.core][INFO] 2020-02-26 17:00:37,987: signal_shutdown [atexit]
[rospy.client][INFO] 2020-02-26 17:00:41,665: init_node, name[/beacon_detector], pid[22555]
[xmlrpc][INFO] 2020-02-26 17:00:41,666: XML-RPC server binding to 0.0.0.0:0
[xmlrpc][INFO] 2020-02-26 17:00:41,666: Started XML-RPC server [http://itachi-HP-Pavilion-Laptop-15-cc1xx:46807/]
[rospy.init][INFO] 2020-02-26 17:00:41,666: ROS Slave URI: [http://itachi-HP-Pavilion-Laptop-15-cc1xx:46807/]
[rospy.impl.masterslave][INFO] 2020-02-26 17:00:41,666: _ready: http://itachi-HP-Pavilion-Laptop-15-cc1xx:46807/
[rospy.registration][INFO] 2020-02-26 17:00:41,667: Registering with master node http://localhost:11311
[xmlrpc][INFO] 2020-02-26 17:00:41,668: xml rpc node: starting XML-RPC server
[rospy.init][INFO] 2020-02-26 17:00:41,767: registered with master
[rospy.rosout][INFO] 2020-02-26 17:00:41,767: initializing /rosout core topic
[rospy.rosout][INFO] 2020-02-26 17:00:41,770: connected to core topic /rosout
[rospy.simtime][INFO] 2020-02-26 17:00:41,771: /use_sim_time is not set, will not subscribe to simulated time [/clock] topic
[rospy.internal][INFO] 2020-02-26 17:00:41,783: topic[/usb_cam/image_rect_color] adding connection to [http://itachi-HP-Pavilion-Laptop-15-cc1xx:39999/], count 0
[rospy.internal][INFO] 2020-02-26 17:00:41,845: topic[/detection_info] adding connection to [/rostopic_21680_1582716456180], count 0
[rospy.internal][INFO] 2020-02-26 17:00:41,846: topic[/detection_info] adding connection to [/rostopic_21889_1582716540587], count 1
[rospy.internal][INFO] 2020-02-26 17:00:41,857: topic[/detection_info] adding connection to [/monitor], count 2
[rospy.internal][INFO] 2020-02-26 17:00:42,020: topic[/rosout] adding connection to [/rosout], count 0
[rospy.internal][INFO] 2020-02-26 17:00:42,024: topic[/detection_info] adding connection to [/rosbag_record_beacon_detections], count 3
[rospy.internal][INFO] 2020-02-26 17:01:06,798: topic[/detection_info] removing connection to /rosbag_record_beacon_detections
[rospy.core][INFO] 2020-02-26 17:01:15,853: signal_shutdown [signal-2]
[rospy.internal][INFO] 2020-02-26 17:01:15,856: topic[/detection_info] removing connection to /rostopic_21680_1582716456180
[rospy.internal][INFO] 2020-02-26 17:01:15,856: topic[/detection_info] removing connection to /rostopic_21889_1582716540587
[rospy.internal][INFO] 2020-02-26 17:01:15,857: topic[/detection_info] removing connection to /monitor
[rospy.internal][INFO] 2020-02-26 17:01:15,857: topic[/rosout] removing connection to /rosout
[rospy.internal][INFO] 2020-02-26 17:01:15,858: topic[/usb_cam/image_rect_color] removing connection to http://itachi-HP-Pavilion-Laptop-15-cc1xx:39999/
[rospy.impl.masterslave][INFO] 2020-02-26 17:01:15,859: signal-2
[rospy.core][INFO] 2020-02-26 17:01:15,975: signal_shutdown [atexit]
[rospy.client][INFO] 2020-02-26 17:01:19,975: init_node, name[/beacon_detector], pid[22738]
[xmlrpc][INFO] 2020-02-26 17:01:19,975: XML-RPC server binding to 0.0.0.0:0
[xmlrpc][INFO] 2020-02-26 17:01:19,975: Started XML-RPC server [http://itachi-HP-Pavilion-Laptop-15-cc1xx:44935/]
[rospy.init][INFO] 2020-02-26 17:01:19,975: ROS Slave URI: [http://itachi-HP-Pavilion-Laptop-15-cc1xx:44935/]
[rospy.impl.masterslave][INFO] 2020-02-26 17:01:19,975: _ready: http://itachi-HP-Pavilion-Laptop-15-cc1xx:44935/
[rospy.registration][INFO] 2020-02-26 17:01:19,976: Registering with master node http://localhost:11311
[xmlrpc][INFO] 2020-02-26 17:01:19,976: xml rpc node: starting XML-RPC server
[rospy.init][INFO] 2020-02-26 17:01:20,076: registered with master
[rospy.rosout][INFO] 2020-02-26 17:01:20,076: initializing /rosout core topic
[rospy.rosout][INFO] 2020-02-26 17:01:20,078: connected to core topic /rosout
[rospy.simtime][INFO] 2020-02-26 17:01:20,079: /use_sim_time is not set, will not subscribe to simulated time [/clock] topic
[rospy.internal][INFO] 2020-02-26 17:01:20,093: topic[/usb_cam/image_rect_color] adding connection to [http://itachi-HP-Pavilion-Laptop-15-cc1xx:39999/], count 0
[rospy.internal][INFO] 2020-02-26 17:01:20,128: topic[/detection_info] adding connection to [/monitor], count 0
[rospy.internal][INFO] 2020-02-26 17:01:20,131: topic[/detection_info] adding connection to [/rostopic_21680_1582716456180], count 1
[rospy.internal][INFO] 2020-02-26 17:01:20,132: topic[/detection_info] adding connection to [/rostopic_21889_1582716540587], count 2
[rospy.internal][INFO] 2020-02-26 17:01:20,303: topic[/rosout] adding connection to [/rosout], count 0
[rospy.internal][INFO] 2020-02-26 17:01:20,311: topic[/detection_info] adding connection to [/rosbag_record_beacon_detections], count 3
[rospy.core][INFO] 2020-02-26 17:01:43,432: signal_shutdown [signal-2]
[rospy.internal][INFO] 2020-02-26 17:01:43,435: topic[/detection_info] removing connection to /monitor
[rospy.internal][INFO] 2020-02-26 17:01:43,436: topic[/detection_info] removing connection to /rostopic_21680_1582716456180
[rospy.internal][INFO] 2020-02-26 17:01:43,436: topic[/detection_info] removing connection to /rostopic_21889_1582716540587
[rospy.internal][INFO] 2020-02-26 17:01:43,437: topic[/detection_info] removing connection to /rosbag_record_beacon_detections
[rospy.internal][INFO] 2020-02-26 17:01:43,437: topic[/rosout] removing connection to /rosout
[rospy.internal][INFO] 2020-02-26 17:01:43,437: topic[/usb_cam/image_rect_color] removing connection to http://itachi-HP-Pavilion-Laptop-15-cc1xx:39999/
[rospy.impl.masterslave][INFO] 2020-02-26 17:01:43,438: signal-2
[rospy.core][INFO] 2020-02-26 17:01:43,570: signal_shutdown [atexit]
[rospy.client][INFO] 2020-02-26 17:01:47,592: init_node, name[/beacon_detector], pid[22923]
[xmlrpc][INFO] 2020-02-26 17:01:47,593: XML-RPC server binding to 0.0.0.0:0
[xmlrpc][INFO] 2020-02-26 17:01:47,593: Started XML-RPC server [http://itachi-HP-Pavilion-Laptop-15-cc1xx:36167/]
[rospy.init][INFO] 2020-02-26 17:01:47,593: ROS Slave URI: [http://itachi-HP-Pavilion-Laptop-15-cc1xx:36167/]
[rospy.impl.masterslave][INFO] 2020-02-26 17:01:47,593: _ready: http://itachi-HP-Pavilion-Laptop-15-cc1xx:36167/
[rospy.registration][INFO] 2020-02-26 17:01:47,594: Registering with master node http://localhost:11311
[xmlrpc][INFO] 2020-02-26 17:01:47,594: xml rpc node: starting XML-RPC server
[rospy.init][INFO] 2020-02-26 17:01:47,694: registered with master
[rospy.rosout][INFO] 2020-02-26 17:01:47,694: initializing /rosout core topic
[rospy.rosout][INFO] 2020-02-26 17:01:47,697: connected to core topic /rosout
[rospy.simtime][INFO] 2020-02-26 17:01:47,699: /use_sim_time is not set, will not subscribe to simulated time [/clock] topic
[rospy.internal][INFO] 2020-02-26 17:01:47,711: topic[/usb_cam/image_rect_color] adding connection to [http://itachi-HP-Pavilion-Laptop-15-cc1xx:39999/], count 0
[rospy.internal][INFO] 2020-02-26 17:01:47,809: topic[/detection_info] adding connection to [/rostopic_21889_1582716540587], count 0
[rospy.internal][INFO] 2020-02-26 17:01:47,810: topic[/detection_info] adding connection to [/rostopic_21680_1582716456180], count 1
[rospy.internal][INFO] 2020-02-26 17:01:47,843: topic[/detection_info] adding connection to [/monitor], count 2
[rospy.internal][INFO] 2020-02-26 17:01:47,983: topic[/rosout] adding connection to [/rosout], count 0
[rospy.internal][INFO] 2020-02-26 17:01:47,990: topic[/detection_info] adding connection to [/rosbag_record_beacon_detections], count 3
[rospy.internal][INFO] 2020-02-26 17:02:12,725: topic[/detection_info] removing connection to /rosbag_record_beacon_detections
[rospy.core][INFO] 2020-02-26 17:03:37,072: signal_shutdown [signal-2]
[rospy.internal][INFO] 2020-02-26 17:03:37,076: topic[/detection_info] removing connection to /rostopic_21889_1582716540587
[rospy.internal][INFO] 2020-02-26 17:03:37,076: topic[/detection_info] removing connection to /rostopic_21680_1582716456180
[rospy.internal][INFO] 2020-02-26 17:03:37,077: topic[/detection_info] removing connection to /monitor
[rospy.internal][INFO] 2020-02-26 17:03:37,077: topic[/rosout] removing connection to /rosout
[rospy.internal][INFO] 2020-02-26 17:03:37,078: topic[/usb_cam/image_rect_color] removing connection to http://itachi-HP-Pavilion-Laptop-15-cc1xx:39999/
[rospy.impl.masterslave][INFO] 2020-02-26 17:03:37,078: signal-2
[rospy.core][INFO] 2020-02-26 17:03:37,210: signal_shutdown [atexit]
[rospy.client][INFO] 2020-02-26 17:03:39,962: init_node, name[/beacon_detector], pid[23181]
[xmlrpc][INFO] 2020-02-26 17:03:39,962: XML-RPC server binding to 0.0.0.0:0
[xmlrpc][INFO] 2020-02-26 17:03:39,963: Started XML-RPC server [http://itachi-HP-Pavilion-Laptop-15-cc1xx:38281/]
[rospy.init][INFO] 2020-02-26 17:03:39,963: ROS Slave URI: [http://itachi-HP-Pavilion-Laptop-15-cc1xx:38281/]
[rospy.impl.masterslave][INFO] 2020-02-26 17:03:39,963: _ready: http://itachi-HP-Pavilion-Laptop-15-cc1xx:38281/
[rospy.registration][INFO] 2020-02-26 17:03:39,964: Registering with master node http://localhost:11311
[xmlrpc][INFO] 2020-02-26 17:03:39,964: xml rpc node: starting XML-RPC server
[rospy.init][INFO] 2020-02-26 17:03:40,063: registered with master
[rospy.rosout][INFO] 2020-02-26 17:03:40,063: initializing /rosout core topic
[rospy.rosout][INFO] 2020-02-26 17:03:40,066: connected to core topic /rosout
[rospy.simtime][INFO] 2020-02-26 17:03:40,068: /use_sim_time is not set, will not subscribe to simulated time [/clock] topic
[rospy.internal][INFO] 2020-02-26 17:03:40,079: topic[/usb_cam/image_rect_color] adding connection to [http://itachi-HP-Pavilion-Laptop-15-cc1xx:39999/], count 0
[rospy.internal][INFO] 2020-02-26 17:03:40,179: topic[/detection_info] adding connection to [/rostopic_21889_1582716540587], count 0
[rospy.internal][INFO] 2020-02-26 17:03:40,180: topic[/detection_info] adding connection to [/rostopic_21680_1582716456180], count 1
[rospy.internal][INFO] 2020-02-26 17:03:40,190: topic[/detection_info] adding connection to [/monitor], count 2
[rospy.internal][INFO] 2020-02-26 17:03:40,329: topic[/rosout] adding connection to [/rosout], count 0
[rospy.internal][INFO] 2020-02-26 17:03:40,335: topic[/detection_info] adding connection to [/rosbag_record_beacon_detections], count 3
[rospy.internal][INFO] 2020-02-26 17:04:05,098: topic[/detection_info] removing connection to /rosbag_record_beacon_detections
[rospy.internal][INFO] 2020-02-26 17:06:40,678: topic[/detection_info] removing connection to /monitor
[rospy.core][INFO] 2020-02-26 17:10:37,321: signal_shutdown [signal-2]
[rospy.internal][INFO] 2020-02-26 17:10:37,329: topic[/detection_info] removing connection to /rostopic_21889_1582716540587
[rospy.internal][INFO] 2020-02-26 17:10:37,330: topic[/detection_info] removing connection to /rostopic_21680_1582716456180
[rospy.internal][INFO] 2020-02-26 17:10:37,332: topic[/rosout] removing connection to /rosout
[rospy.internal][INFO] 2020-02-26 17:10:37,332: topic[/usb_cam/image_rect_color] removing connection to http://itachi-HP-Pavilion-Laptop-15-cc1xx:39999/
[rospy.impl.masterslave][INFO] 2020-02-26 17:10:37,333: signal-2
[rospy.core][INFO] 2020-02-26 17:10:37,951: signal_shutdown [atexit]
