[rospy.client][INFO] 2020-02-26 16:04:15,885: init_node, name[/serial_node], pid[10745]
[xmlrpc][INFO] 2020-02-26 16:04:15,885: XML-RPC server binding to 0.0.0.0:0
[xmlrpc][INFO] 2020-02-26 16:04:15,886: Started XML-RPC server [http://itachi-HP-Pavilion-Laptop-15-cc1xx:43487/]
[rospy.init][INFO] 2020-02-26 16:04:15,886: ROS Slave URI: [http://itachi-HP-Pavilion-Laptop-15-cc1xx:43487/]
[rospy.impl.masterslave][INFO] 2020-02-26 16:04:15,886: _ready: http://itachi-HP-Pavilion-Laptop-15-cc1xx:43487/
[xmlrpc][INFO] 2020-02-26 16:04:15,887: xml rpc node: starting XML-RPC server
[rospy.registration][INFO] 2020-02-26 16:04:15,888: Registering with master node http://localhost:11311
[rospy.init][INFO] 2020-02-26 16:04:15,987: registered with master
[rospy.rosout][INFO] 2020-02-26 16:04:15,987: initializing /rosout core topic
[rospy.rosout][INFO] 2020-02-26 16:04:15,994: connected to core topic /rosout
[rospy.simtime][INFO] 2020-02-26 16:04:15,996: /use_sim_time is not set, will not subscribe to simulated time [/clock] topic
[rosout][INFO] 2020-02-26 16:04:16,003: ROS Serial Python Node
[rosout][INFO] 2020-02-26 16:04:16,019: Connecting to /dev/ttyUSB0 at 115200 baud
[rospy.internal][INFO] 2020-02-26 16:04:16,226: topic[/rosout] adding connection to [/rosout], count 0
[rosout][INFO] 2020-02-26 16:04:18,146: Note: subscribe buffer size is 320 bytes
[rosout][INFO] 2020-02-26 16:04:18,147: Setup subscriber on led_control_topic [std_msgs/Int8]
[rosout][INFO] 2020-02-26 16:04:36,051: Send tx stop request
[rospy.core][INFO] 2020-02-26 16:04:36,052: signal_shutdown [atexit]
[rospy.internal][INFO] 2020-02-26 16:04:36,060: topic[/rosout] removing connection to /rosout
[rospy.impl.masterslave][INFO] 2020-02-26 16:04:36,060: atexit
[rospy.client][INFO] 2020-02-26 16:04:40,780: init_node, name[/serial_node], pid[11425]
[xmlrpc][INFO] 2020-02-26 16:04:40,781: XML-RPC server binding to 0.0.0.0:0
[xmlrpc][INFO] 2020-02-26 16:04:40,781: Started XML-RPC server [http://itachi-HP-Pavilion-Laptop-15-cc1xx:33667/]
[rospy.impl.masterslave][INFO] 2020-02-26 16:04:40,781: _ready: http://itachi-HP-Pavilion-Laptop-15-cc1xx:33667/
[rospy.init][INFO] 2020-02-26 16:04:40,782: ROS Slave URI: [http://itachi-HP-Pavilion-Laptop-15-cc1xx:33667/]
[rospy.registration][INFO] 2020-02-26 16:04:40,782: Registering with master node http://localhost:11311
[xmlrpc][INFO] 2020-02-26 16:04:40,782: xml rpc node: starting XML-RPC server
[rospy.init][INFO] 2020-02-26 16:04:40,883: registered with master
[rospy.rosout][INFO] 2020-02-26 16:04:40,883: initializing /rosout core topic
[rospy.rosout][INFO] 2020-02-26 16:04:40,885: connected to core topic /rosout
[rospy.simtime][INFO] 2020-02-26 16:04:40,886: /use_sim_time is not set, will not subscribe to simulated time [/clock] topic
[rosout][INFO] 2020-02-26 16:04:40,889: ROS Serial Python Node
[rosout][INFO] 2020-02-26 16:04:40,894: Connecting to /dev/ttyUSB0 at 115200 baud
[rospy.internal][INFO] 2020-02-26 16:04:41,109: topic[/rosout] adding connection to [/rosout], count 0
[rosout][INFO] 2020-02-26 16:04:43,012: Note: subscribe buffer size is 320 bytes
[rosout][INFO] 2020-02-26 16:04:43,012: Setup subscriber on led_control_topic [std_msgs/Int8]
[rospy.internal][INFO] 2020-02-26 16:06:06,305: topic[/led_control_topic] adding connection to [http://itachi-HP-Pavilion-Laptop-15-cc1xx:46085/], count 0
[rospy.internal][WARNING] 2020-02-26 16:06:37,656: Unknown error initiating TCP/IP socket to itachi-HP-Pavilion-Laptop-15-cc1xx:37873 (http://itachi-HP-Pavilion-Laptop-15-cc1xx:46085/): Traceback (most recent call last):
  File "/opt/ros/kinetic/lib/python2.7/dist-packages/rospy/impl/tcpros_base.py", line 557, in connect
    self.read_header()
  File "/opt/ros/kinetic/lib/python2.7/dist-packages/rospy/impl/tcpros_base.py", line 650, in read_header
    self._validate_header(read_ros_handshake_header(sock, self.read_buff, self.protocol.buff_size))
  File "/opt/ros/kinetic/lib/python2.7/dist-packages/rosgraph/network.py", line 362, in read_ros_handshake_header
    d = sock.recv(buff_size)
error: [Errno 104] Connection reset by peer

[rospy.internal][INFO] 2020-02-26 16:06:37,657: topic[/led_control_topic] removing connection to http://itachi-HP-Pavilion-Laptop-15-cc1xx:46085/
[rospy.internal][INFO] 2020-02-26 16:07:08,646: topic[/led_control_topic] adding connection to [http://itachi-HP-Pavilion-Laptop-15-cc1xx:44935/], count 0
[rospy.internal][ERROR] 2020-02-26 16:08:10,179: Unable to initiate TCP/IP socket to itachi-HP-Pavilion-Laptop-15-cc1xx:42419 (http://itachi-HP-Pavilion-Laptop-15-cc1xx:44935/): Traceback (most recent call last):
  File "/opt/ros/kinetic/lib/python2.7/dist-packages/rospy/impl/tcpros_base.py", line 557, in connect
    self.read_header()
  File "/opt/ros/kinetic/lib/python2.7/dist-packages/rospy/impl/tcpros_base.py", line 650, in read_header
    self._validate_header(read_ros_handshake_header(sock, self.read_buff, self.protocol.buff_size))
  File "/opt/ros/kinetic/lib/python2.7/dist-packages/rospy/impl/tcpros_base.py", line 593, in _validate_header
    raise TransportInitError("remote error reported: %s"%header['error'])
TransportInitError: remote error reported: node shutting down

[rospy.internal][WARNING] 2020-02-26 16:08:11,181: Unknown error initiating TCP/IP socket to itachi-HP-Pavilion-Laptop-15-cc1xx:42419 (http://itachi-HP-Pavilion-Laptop-15-cc1xx:44935/): Traceback (most recent call last):
  File "/opt/ros/kinetic/lib/python2.7/dist-packages/rospy/impl/tcpros_base.py", line 555, in connect
    self.socket.connect((dest_addr, dest_port))
  File "/usr/lib/python2.7/socket.py", line 228, in meth
    return getattr(self._sock,name)(*args)
error: [Errno 111] Connection refused

[rospy.internal][INFO] 2020-02-26 16:08:11,181: topic[/led_control_topic] removing connection to http://itachi-HP-Pavilion-Laptop-15-cc1xx:44935/
[rospy.core][INFO] 2020-02-26 16:09:04,576: signal_shutdown [atexit]
[rospy.internal][INFO] 2020-02-26 16:09:04,580: topic[/rosout] removing connection to /rosout
[rospy.impl.masterslave][INFO] 2020-02-26 16:09:04,580: atexit
[rospy.client][INFO] 2020-02-26 16:26:42,692: init_node, name[/serial_node], pid[17094]
[xmlrpc][INFO] 2020-02-26 16:26:42,692: XML-RPC server binding to 0.0.0.0:0
[xmlrpc][INFO] 2020-02-26 16:26:42,693: Started XML-RPC server [http://itachi-HP-Pavilion-Laptop-15-cc1xx:40923/]
[rospy.init][INFO] 2020-02-26 16:26:42,693: ROS Slave URI: [http://itachi-HP-Pavilion-Laptop-15-cc1xx:40923/]
[rospy.impl.masterslave][INFO] 2020-02-26 16:26:42,693: _ready: http://itachi-HP-Pavilion-Laptop-15-cc1xx:40923/
[xmlrpc][INFO] 2020-02-26 16:26:42,693: xml rpc node: starting XML-RPC server
[rospy.registration][INFO] 2020-02-26 16:26:42,694: Registering with master node http://localhost:11311
[rospy.init][INFO] 2020-02-26 16:26:42,793: registered with master
[rospy.rosout][INFO] 2020-02-26 16:26:42,794: initializing /rosout core topic
[rospy.rosout][INFO] 2020-02-26 16:26:42,796: connected to core topic /rosout
[rospy.simtime][INFO] 2020-02-26 16:26:42,796: /use_sim_time is not set, will not subscribe to simulated time [/clock] topic
[rosout][INFO] 2020-02-26 16:26:42,799: ROS Serial Python Node
[rosout][INFO] 2020-02-26 16:26:42,803: Connecting to /dev/ttyUSB0 at 115200 baud
[rospy.internal][INFO] 2020-02-26 16:26:43,079: topic[/rosout] adding connection to [/rosout], count 0
[rosout][INFO] 2020-02-26 16:26:44,924: Note: subscribe buffer size is 320 bytes
[rosout][INFO] 2020-02-26 16:26:44,925: Setup subscriber on led_control_topic [std_msgs/Int8]
[rospy.internal][INFO] 2020-02-26 16:26:48,330: topic[/led_control_topic] adding connection to [http://itachi-HP-Pavilion-Laptop-15-cc1xx:40399/], count 0
[rospy.internal][ERROR] 2020-02-26 16:27:49,347: Unable to initiate TCP/IP socket to itachi-HP-Pavilion-Laptop-15-cc1xx:43909 (http://itachi-HP-Pavilion-Laptop-15-cc1xx:40399/): Traceback (most recent call last):
  File "/opt/ros/kinetic/lib/python2.7/dist-packages/rospy/impl/tcpros_base.py", line 557, in connect
    self.read_header()
  File "/opt/ros/kinetic/lib/python2.7/dist-packages/rospy/impl/tcpros_base.py", line 650, in read_header
    self._validate_header(read_ros_handshake_header(sock, self.read_buff, self.protocol.buff_size))
  File "/opt/ros/kinetic/lib/python2.7/dist-packages/rospy/impl/tcpros_base.py", line 593, in _validate_header
    raise TransportInitError("remote error reported: %s"%header['error'])
TransportInitError: remote error reported: node shutting down

[rospy.internal][WARNING] 2020-02-26 16:27:50,349: Unknown error initiating TCP/IP socket to itachi-HP-Pavilion-Laptop-15-cc1xx:43909 (http://itachi-HP-Pavilion-Laptop-15-cc1xx:40399/): Traceback (most recent call last):
  File "/opt/ros/kinetic/lib/python2.7/dist-packages/rospy/impl/tcpros_base.py", line 555, in connect
    self.socket.connect((dest_addr, dest_port))
  File "/usr/lib/python2.7/socket.py", line 228, in meth
    return getattr(self._sock,name)(*args)
error: [Errno 111] Connection refused

[rospy.internal][INFO] 2020-02-26 16:27:50,349: topic[/led_control_topic] removing connection to http://itachi-HP-Pavilion-Laptop-15-cc1xx:40399/
[rospy.internal][INFO] 2020-02-26 16:27:52,895: topic[/led_control_topic] adding connection to [http://itachi-HP-Pavilion-Laptop-15-cc1xx:40699/], count 0
[rospy.internal][ERROR] 2020-02-26 16:28:33,654: Unable to initiate TCP/IP socket to itachi-HP-Pavilion-Laptop-15-cc1xx:33415 (http://itachi-HP-Pavilion-Laptop-15-cc1xx:40699/): Traceback (most recent call last):
  File "/opt/ros/kinetic/lib/python2.7/dist-packages/rospy/impl/tcpros_base.py", line 557, in connect
    self.read_header()
  File "/opt/ros/kinetic/lib/python2.7/dist-packages/rospy/impl/tcpros_base.py", line 650, in read_header
    self._validate_header(read_ros_handshake_header(sock, self.read_buff, self.protocol.buff_size))
  File "/opt/ros/kinetic/lib/python2.7/dist-packages/rospy/impl/tcpros_base.py", line 593, in _validate_header
    raise TransportInitError("remote error reported: %s"%header['error'])
TransportInitError: remote error reported: node shutting down

[rospy.internal][WARNING] 2020-02-26 16:28:34,655: Unknown error initiating TCP/IP socket to itachi-HP-Pavilion-Laptop-15-cc1xx:33415 (http://itachi-HP-Pavilion-Laptop-15-cc1xx:40699/): Traceback (most recent call last):
  File "/opt/ros/kinetic/lib/python2.7/dist-packages/rospy/impl/tcpros_base.py", line 555, in connect
    self.socket.connect((dest_addr, dest_port))
  File "/usr/lib/python2.7/socket.py", line 228, in meth
    return getattr(self._sock,name)(*args)
error: [Errno 111] Connection refused

[rospy.internal][INFO] 2020-02-26 16:28:34,655: topic[/led_control_topic] removing connection to http://itachi-HP-Pavilion-Laptop-15-cc1xx:40699/
[rospy.internal][INFO] 2020-02-26 16:28:38,240: topic[/led_control_topic] adding connection to [http://itachi-HP-Pavilion-Laptop-15-cc1xx:45489/], count 0
[rospy.internal][ERROR] 2020-02-26 16:29:05,790: Unable to initiate TCP/IP socket to itachi-HP-Pavilion-Laptop-15-cc1xx:46503 (http://itachi-HP-Pavilion-Laptop-15-cc1xx:45489/): Traceback (most recent call last):
  File "/opt/ros/kinetic/lib/python2.7/dist-packages/rospy/impl/tcpros_base.py", line 557, in connect
    self.read_header()
  File "/opt/ros/kinetic/lib/python2.7/dist-packages/rospy/impl/tcpros_base.py", line 650, in read_header
    self._validate_header(read_ros_handshake_header(sock, self.read_buff, self.protocol.buff_size))
  File "/opt/ros/kinetic/lib/python2.7/dist-packages/rospy/impl/tcpros_base.py", line 593, in _validate_header
    raise TransportInitError("remote error reported: %s"%header['error'])
TransportInitError: remote error reported: node shutting down

[rospy.internal][WARNING] 2020-02-26 16:29:06,791: Unknown error initiating TCP/IP socket to itachi-HP-Pavilion-Laptop-15-cc1xx:46503 (http://itachi-HP-Pavilion-Laptop-15-cc1xx:45489/): Traceback (most recent call last):
  File "/opt/ros/kinetic/lib/python2.7/dist-packages/rospy/impl/tcpros_base.py", line 555, in connect
    self.socket.connect((dest_addr, dest_port))
  File "/usr/lib/python2.7/socket.py", line 228, in meth
    return getattr(self._sock,name)(*args)
error: [Errno 111] Connection refused

[rospy.internal][INFO] 2020-02-26 16:29:06,791: topic[/led_control_topic] removing connection to http://itachi-HP-Pavilion-Laptop-15-cc1xx:45489/
[rospy.internal][INFO] 2020-02-26 16:29:29,581: topic[/led_control_topic] adding connection to [http://itachi-HP-Pavilion-Laptop-15-cc1xx:42929/], count 0
[rospy.internal][ERROR] 2020-02-26 16:30:28,633: Unable to initiate TCP/IP socket to itachi-HP-Pavilion-Laptop-15-cc1xx:45625 (http://itachi-HP-Pavilion-Laptop-15-cc1xx:42929/): Traceback (most recent call last):
  File "/opt/ros/kinetic/lib/python2.7/dist-packages/rospy/impl/tcpros_base.py", line 557, in connect
    self.read_header()
  File "/opt/ros/kinetic/lib/python2.7/dist-packages/rospy/impl/tcpros_base.py", line 650, in read_header
    self._validate_header(read_ros_handshake_header(sock, self.read_buff, self.protocol.buff_size))
  File "/opt/ros/kinetic/lib/python2.7/dist-packages/rospy/impl/tcpros_base.py", line 593, in _validate_header
    raise TransportInitError("remote error reported: %s"%header['error'])
TransportInitError: remote error reported: node shutting down

[rospy.internal][WARNING] 2020-02-26 16:30:29,637: Unknown error initiating TCP/IP socket to itachi-HP-Pavilion-Laptop-15-cc1xx:45625 (http://itachi-HP-Pavilion-Laptop-15-cc1xx:42929/): Traceback (most recent call last):
  File "/opt/ros/kinetic/lib/python2.7/dist-packages/rospy/impl/tcpros_base.py", line 555, in connect
    self.socket.connect((dest_addr, dest_port))
  File "/usr/lib/python2.7/socket.py", line 228, in meth
    return getattr(self._sock,name)(*args)
error: [Errno 111] Connection refused

[rospy.internal][INFO] 2020-02-26 16:30:29,637: topic[/led_control_topic] removing connection to http://itachi-HP-Pavilion-Laptop-15-cc1xx:42929/
[rospy.internal][INFO] 2020-02-26 16:30:43,630: topic[/led_control_topic] adding connection to [http://itachi-HP-Pavilion-Laptop-15-cc1xx:34167/], count 0
[rospy.internal][ERROR] 2020-02-26 16:31:16,670: Unable to initiate TCP/IP socket to itachi-HP-Pavilion-Laptop-15-cc1xx:41667 (http://itachi-HP-Pavilion-Laptop-15-cc1xx:34167/): Traceback (most recent call last):
  File "/opt/ros/kinetic/lib/python2.7/dist-packages/rospy/impl/tcpros_base.py", line 557, in connect
    self.read_header()
  File "/opt/ros/kinetic/lib/python2.7/dist-packages/rospy/impl/tcpros_base.py", line 650, in read_header
    self._validate_header(read_ros_handshake_header(sock, self.read_buff, self.protocol.buff_size))
  File "/opt/ros/kinetic/lib/python2.7/dist-packages/rospy/impl/tcpros_base.py", line 593, in _validate_header
    raise TransportInitError("remote error reported: %s"%header['error'])
TransportInitError: remote error reported: node shutting down

[rospy.internal][WARNING] 2020-02-26 16:31:17,672: Unknown error initiating TCP/IP socket to itachi-HP-Pavilion-Laptop-15-cc1xx:41667 (http://itachi-HP-Pavilion-Laptop-15-cc1xx:34167/): Traceback (most recent call last):
  File "/opt/ros/kinetic/lib/python2.7/dist-packages/rospy/impl/tcpros_base.py", line 555, in connect
    self.socket.connect((dest_addr, dest_port))
  File "/usr/lib/python2.7/socket.py", line 228, in meth
    return getattr(self._sock,name)(*args)
error: [Errno 111] Connection refused

[rospy.internal][INFO] 2020-02-26 16:31:17,672: topic[/led_control_topic] removing connection to http://itachi-HP-Pavilion-Laptop-15-cc1xx:34167/
[rospy.internal][INFO] 2020-02-26 16:32:24,742: topic[/led_control_topic] adding connection to [http://itachi-HP-Pavilion-Laptop-15-cc1xx:42353/], count 0
[rospy.internal][ERROR] 2020-02-26 16:32:58,943: Unable to initiate TCP/IP socket to itachi-HP-Pavilion-Laptop-15-cc1xx:36125 (http://itachi-HP-Pavilion-Laptop-15-cc1xx:42353/): Traceback (most recent call last):
  File "/opt/ros/kinetic/lib/python2.7/dist-packages/rospy/impl/tcpros_base.py", line 557, in connect
    self.read_header()
  File "/opt/ros/kinetic/lib/python2.7/dist-packages/rospy/impl/tcpros_base.py", line 650, in read_header
    self._validate_header(read_ros_handshake_header(sock, self.read_buff, self.protocol.buff_size))
  File "/opt/ros/kinetic/lib/python2.7/dist-packages/rospy/impl/tcpros_base.py", line 593, in _validate_header
    raise TransportInitError("remote error reported: %s"%header['error'])
TransportInitError: remote error reported: node shutting down

[rospy.internal][WARNING] 2020-02-26 16:32:59,944: Unknown error initiating TCP/IP socket to itachi-HP-Pavilion-Laptop-15-cc1xx:36125 (http://itachi-HP-Pavilion-Laptop-15-cc1xx:42353/): Traceback (most recent call last):
  File "/opt/ros/kinetic/lib/python2.7/dist-packages/rospy/impl/tcpros_base.py", line 555, in connect
    self.socket.connect((dest_addr, dest_port))
  File "/usr/lib/python2.7/socket.py", line 228, in meth
    return getattr(self._sock,name)(*args)
error: [Errno 111] Connection refused

[rospy.internal][INFO] 2020-02-26 16:32:59,944: topic[/led_control_topic] removing connection to http://itachi-HP-Pavilion-Laptop-15-cc1xx:42353/
[rospy.internal][INFO] 2020-02-26 16:35:04,323: topic[/led_control_topic] adding connection to [http://itachi-HP-Pavilion-Laptop-15-cc1xx:44375/], count 0
[rospy.internal][ERROR] 2020-02-26 16:38:04,475: Unable to initiate TCP/IP socket to itachi-HP-Pavilion-Laptop-15-cc1xx:43951 (http://itachi-HP-Pavilion-Laptop-15-cc1xx:44375/): Traceback (most recent call last):
  File "/opt/ros/kinetic/lib/python2.7/dist-packages/rospy/impl/tcpros_base.py", line 557, in connect
    self.read_header()
  File "/opt/ros/kinetic/lib/python2.7/dist-packages/rospy/impl/tcpros_base.py", line 650, in read_header
    self._validate_header(read_ros_handshake_header(sock, self.read_buff, self.protocol.buff_size))
  File "/opt/ros/kinetic/lib/python2.7/dist-packages/rospy/impl/tcpros_base.py", line 593, in _validate_header
    raise TransportInitError("remote error reported: %s"%header['error'])
TransportInitError: remote error reported: node shutting down

[rospy.internal][WARNING] 2020-02-26 16:38:05,477: Unknown error initiating TCP/IP socket to itachi-HP-Pavilion-Laptop-15-cc1xx:43951 (http://itachi-HP-Pavilion-Laptop-15-cc1xx:44375/): Traceback (most recent call last):
  File "/opt/ros/kinetic/lib/python2.7/dist-packages/rospy/impl/tcpros_base.py", line 555, in connect
    self.socket.connect((dest_addr, dest_port))
  File "/usr/lib/python2.7/socket.py", line 228, in meth
    return getattr(self._sock,name)(*args)
error: [Errno 111] Connection refused

[rospy.internal][INFO] 2020-02-26 16:38:05,477: topic[/led_control_topic] removing connection to http://itachi-HP-Pavilion-Laptop-15-cc1xx:44375/
[rospy.internal][INFO] 2020-02-26 16:38:28,652: topic[/led_control_topic] adding connection to [http://itachi-HP-Pavilion-Laptop-15-cc1xx:33083/], count 0
[rospy.internal][ERROR] 2020-02-26 16:40:28,583: Unable to initiate TCP/IP socket to itachi-HP-Pavilion-Laptop-15-cc1xx:39421 (http://itachi-HP-Pavilion-Laptop-15-cc1xx:33083/): Traceback (most recent call last):
  File "/opt/ros/kinetic/lib/python2.7/dist-packages/rospy/impl/tcpros_base.py", line 557, in connect
    self.read_header()
  File "/opt/ros/kinetic/lib/python2.7/dist-packages/rospy/impl/tcpros_base.py", line 650, in read_header
    self._validate_header(read_ros_handshake_header(sock, self.read_buff, self.protocol.buff_size))
  File "/opt/ros/kinetic/lib/python2.7/dist-packages/rospy/impl/tcpros_base.py", line 593, in _validate_header
    raise TransportInitError("remote error reported: %s"%header['error'])
TransportInitError: remote error reported: node shutting down

[rospy.internal][WARNING] 2020-02-26 16:40:29,585: Unknown error initiating TCP/IP socket to itachi-HP-Pavilion-Laptop-15-cc1xx:39421 (http://itachi-HP-Pavilion-Laptop-15-cc1xx:33083/): Traceback (most recent call last):
  File "/opt/ros/kinetic/lib/python2.7/dist-packages/rospy/impl/tcpros_base.py", line 555, in connect
    self.socket.connect((dest_addr, dest_port))
  File "/usr/lib/python2.7/socket.py", line 228, in meth
    return getattr(self._sock,name)(*args)
error: [Errno 111] Connection refused

[rospy.internal][INFO] 2020-02-26 16:40:29,585: topic[/led_control_topic] removing connection to http://itachi-HP-Pavilion-Laptop-15-cc1xx:33083/
[rospy.internal][INFO] 2020-02-26 16:52:03,399: topic[/led_control_topic] adding connection to [http://itachi-HP-Pavilion-Laptop-15-cc1xx:36551/], count 0
[rospy.internal][ERROR] 2020-02-26 16:52:03,498: Unable to initiate TCP/IP socket to itachi-HP-Pavilion-Laptop-15-cc1xx:41513 (http://itachi-HP-Pavilion-Laptop-15-cc1xx:36551/): Traceback (most recent call last):
  File "/opt/ros/kinetic/lib/python2.7/dist-packages/rospy/impl/tcpros_base.py", line 557, in connect
    self.read_header()
  File "/opt/ros/kinetic/lib/python2.7/dist-packages/rospy/impl/tcpros_base.py", line 650, in read_header
    self._validate_header(read_ros_handshake_header(sock, self.read_buff, self.protocol.buff_size))
  File "/opt/ros/kinetic/lib/python2.7/dist-packages/rospy/impl/tcpros_base.py", line 593, in _validate_header
    raise TransportInitError("remote error reported: %s"%header['error'])
TransportInitError: remote error reported: node shutting down

[rospy.internal][WARNING] 2020-02-26 16:52:04,499: Unknown error initiating TCP/IP socket to itachi-HP-Pavilion-Laptop-15-cc1xx:41513 (http://itachi-HP-Pavilion-Laptop-15-cc1xx:36551/): Traceback (most recent call last):
  File "/opt/ros/kinetic/lib/python2.7/dist-packages/rospy/impl/tcpros_base.py", line 555, in connect
    self.socket.connect((dest_addr, dest_port))
  File "/usr/lib/python2.7/socket.py", line 228, in meth
    return getattr(self._sock,name)(*args)
error: [Errno 111] Connection refused

[rospy.internal][INFO] 2020-02-26 16:52:04,500: topic[/led_control_topic] removing connection to http://itachi-HP-Pavilion-Laptop-15-cc1xx:36551/
[rospy.internal][INFO] 2020-02-26 16:52:33,915: topic[/led_control_topic] adding connection to [http://itachi-HP-Pavilion-Laptop-15-cc1xx:35977/], count 0
[rospy.internal][ERROR] 2020-02-26 16:52:33,992: Unable to initiate TCP/IP socket to itachi-HP-Pavilion-Laptop-15-cc1xx:46441 (http://itachi-HP-Pavilion-Laptop-15-cc1xx:35977/): Traceback (most recent call last):
  File "/opt/ros/kinetic/lib/python2.7/dist-packages/rospy/impl/tcpros_base.py", line 557, in connect
    self.read_header()
  File "/opt/ros/kinetic/lib/python2.7/dist-packages/rospy/impl/tcpros_base.py", line 650, in read_header
    self._validate_header(read_ros_handshake_header(sock, self.read_buff, self.protocol.buff_size))
  File "/opt/ros/kinetic/lib/python2.7/dist-packages/rospy/impl/tcpros_base.py", line 593, in _validate_header
    raise TransportInitError("remote error reported: %s"%header['error'])
TransportInitError: remote error reported: node shutting down

[rospy.internal][WARNING] 2020-02-26 16:52:34,994: Unknown error initiating TCP/IP socket to itachi-HP-Pavilion-Laptop-15-cc1xx:46441 (http://itachi-HP-Pavilion-Laptop-15-cc1xx:35977/): Traceback (most recent call last):
  File "/opt/ros/kinetic/lib/python2.7/dist-packages/rospy/impl/tcpros_base.py", line 555, in connect
    self.socket.connect((dest_addr, dest_port))
  File "/usr/lib/python2.7/socket.py", line 228, in meth
    return getattr(self._sock,name)(*args)
error: [Errno 111] Connection refused

[rospy.internal][INFO] 2020-02-26 16:52:34,994: topic[/led_control_topic] removing connection to http://itachi-HP-Pavilion-Laptop-15-cc1xx:35977/
[rospy.internal][INFO] 2020-02-26 16:53:11,300: topic[/led_control_topic] adding connection to [http://itachi-HP-Pavilion-Laptop-15-cc1xx:44703/], count 0
[rospy.internal][ERROR] 2020-02-26 16:53:16,785: Unable to initiate TCP/IP socket to itachi-HP-Pavilion-Laptop-15-cc1xx:45379 (http://itachi-HP-Pavilion-Laptop-15-cc1xx:44703/): Traceback (most recent call last):
  File "/opt/ros/kinetic/lib/python2.7/dist-packages/rospy/impl/tcpros_base.py", line 557, in connect
    self.read_header()
  File "/opt/ros/kinetic/lib/python2.7/dist-packages/rospy/impl/tcpros_base.py", line 650, in read_header
    self._validate_header(read_ros_handshake_header(sock, self.read_buff, self.protocol.buff_size))
  File "/opt/ros/kinetic/lib/python2.7/dist-packages/rospy/impl/tcpros_base.py", line 593, in _validate_header
    raise TransportInitError("remote error reported: %s"%header['error'])
TransportInitError: remote error reported: node shutting down

[rospy.internal][WARNING] 2020-02-26 16:53:17,788: Unknown error initiating TCP/IP socket to itachi-HP-Pavilion-Laptop-15-cc1xx:45379 (http://itachi-HP-Pavilion-Laptop-15-cc1xx:44703/): Traceback (most recent call last):
  File "/opt/ros/kinetic/lib/python2.7/dist-packages/rospy/impl/tcpros_base.py", line 555, in connect
    self.socket.connect((dest_addr, dest_port))
  File "/usr/lib/python2.7/socket.py", line 228, in meth
    return getattr(self._sock,name)(*args)
error: [Errno 111] Connection refused

[rospy.internal][INFO] 2020-02-26 16:53:17,790: topic[/led_control_topic] removing connection to http://itachi-HP-Pavilion-Laptop-15-cc1xx:44703/
[rospy.internal][INFO] 2020-02-26 16:53:24,073: topic[/led_control_topic] adding connection to [http://itachi-HP-Pavilion-Laptop-15-cc1xx:36679/], count 0
[rospy.internal][ERROR] 2020-02-26 16:53:41,519: Unable to initiate TCP/IP socket to itachi-HP-Pavilion-Laptop-15-cc1xx:39527 (http://itachi-HP-Pavilion-Laptop-15-cc1xx:36679/): Traceback (most recent call last):
  File "/opt/ros/kinetic/lib/python2.7/dist-packages/rospy/impl/tcpros_base.py", line 557, in connect
    self.read_header()
  File "/opt/ros/kinetic/lib/python2.7/dist-packages/rospy/impl/tcpros_base.py", line 650, in read_header
    self._validate_header(read_ros_handshake_header(sock, self.read_buff, self.protocol.buff_size))
  File "/opt/ros/kinetic/lib/python2.7/dist-packages/rospy/impl/tcpros_base.py", line 593, in _validate_header
    raise TransportInitError("remote error reported: %s"%header['error'])
TransportInitError: remote error reported: node shutting down

[rospy.internal][WARNING] 2020-02-26 16:53:42,521: Unknown error initiating TCP/IP socket to itachi-HP-Pavilion-Laptop-15-cc1xx:39527 (http://itachi-HP-Pavilion-Laptop-15-cc1xx:36679/): Traceback (most recent call last):
  File "/opt/ros/kinetic/lib/python2.7/dist-packages/rospy/impl/tcpros_base.py", line 555, in connect
    self.socket.connect((dest_addr, dest_port))
  File "/usr/lib/python2.7/socket.py", line 228, in meth
    return getattr(self._sock,name)(*args)
error: [Errno 111] Connection refused

[rospy.internal][INFO] 2020-02-26 16:53:42,521: topic[/led_control_topic] removing connection to http://itachi-HP-Pavilion-Laptop-15-cc1xx:36679/
[rospy.internal][INFO] 2020-02-26 16:54:32,218: topic[/led_control_topic] adding connection to [http://itachi-HP-Pavilion-Laptop-15-cc1xx:45207/], count 0
[rospy.internal][ERROR] 2020-02-26 16:54:59,680: Unable to initiate TCP/IP socket to itachi-HP-Pavilion-Laptop-15-cc1xx:46087 (http://itachi-HP-Pavilion-Laptop-15-cc1xx:45207/): Traceback (most recent call last):
  File "/opt/ros/kinetic/lib/python2.7/dist-packages/rospy/impl/tcpros_base.py", line 557, in connect
    self.read_header()
  File "/opt/ros/kinetic/lib/python2.7/dist-packages/rospy/impl/tcpros_base.py", line 650, in read_header
    self._validate_header(read_ros_handshake_header(sock, self.read_buff, self.protocol.buff_size))
  File "/opt/ros/kinetic/lib/python2.7/dist-packages/rospy/impl/tcpros_base.py", line 593, in _validate_header
    raise TransportInitError("remote error reported: %s"%header['error'])
TransportInitError: remote error reported: node shutting down

[rospy.internal][WARNING] 2020-02-26 16:55:00,682: Unknown error initiating TCP/IP socket to itachi-HP-Pavilion-Laptop-15-cc1xx:46087 (http://itachi-HP-Pavilion-Laptop-15-cc1xx:45207/): Traceback (most recent call last):
  File "/opt/ros/kinetic/lib/python2.7/dist-packages/rospy/impl/tcpros_base.py", line 555, in connect
    self.socket.connect((dest_addr, dest_port))
  File "/usr/lib/python2.7/socket.py", line 228, in meth
    return getattr(self._sock,name)(*args)
error: [Errno 111] Connection refused

[rospy.internal][INFO] 2020-02-26 16:55:00,682: topic[/led_control_topic] removing connection to http://itachi-HP-Pavilion-Laptop-15-cc1xx:45207/
[rospy.internal][INFO] 2020-02-26 16:55:18,151: topic[/led_control_topic] adding connection to [http://itachi-HP-Pavilion-Laptop-15-cc1xx:37583/], count 0
[rospy.internal][ERROR] 2020-02-26 16:56:30,021: Unable to initiate TCP/IP socket to itachi-HP-Pavilion-Laptop-15-cc1xx:33433 (http://itachi-HP-Pavilion-Laptop-15-cc1xx:37583/): Traceback (most recent call last):
  File "/opt/ros/kinetic/lib/python2.7/dist-packages/rospy/impl/tcpros_base.py", line 557, in connect
    self.read_header()
  File "/opt/ros/kinetic/lib/python2.7/dist-packages/rospy/impl/tcpros_base.py", line 650, in read_header
    self._validate_header(read_ros_handshake_header(sock, self.read_buff, self.protocol.buff_size))
  File "/opt/ros/kinetic/lib/python2.7/dist-packages/rospy/impl/tcpros_base.py", line 593, in _validate_header
    raise TransportInitError("remote error reported: %s"%header['error'])
TransportInitError: remote error reported: node shutting down

[rospy.internal][WARNING] 2020-02-26 16:56:31,021: Unknown error initiating TCP/IP socket to itachi-HP-Pavilion-Laptop-15-cc1xx:33433 (http://itachi-HP-Pavilion-Laptop-15-cc1xx:37583/): Traceback (most recent call last):
  File "/opt/ros/kinetic/lib/python2.7/dist-packages/rospy/impl/tcpros_base.py", line 555, in connect
    self.socket.connect((dest_addr, dest_port))
  File "/usr/lib/python2.7/socket.py", line 228, in meth
    return getattr(self._sock,name)(*args)
error: [Errno 111] Connection refused

[rospy.internal][INFO] 2020-02-26 16:56:31,021: topic[/led_control_topic] removing connection to http://itachi-HP-Pavilion-Laptop-15-cc1xx:37583/
[rospy.internal][INFO] 2020-02-26 16:56:52,405: topic[/led_control_topic] adding connection to [http://itachi-HP-Pavilion-Laptop-15-cc1xx:44751/], count 0
[rospy.internal][ERROR] 2020-02-26 16:57:39,460: Unable to initiate TCP/IP socket to itachi-HP-Pavilion-Laptop-15-cc1xx:34693 (http://itachi-HP-Pavilion-Laptop-15-cc1xx:44751/): Traceback (most recent call last):
  File "/opt/ros/kinetic/lib/python2.7/dist-packages/rospy/impl/tcpros_base.py", line 557, in connect
    self.read_header()
  File "/opt/ros/kinetic/lib/python2.7/dist-packages/rospy/impl/tcpros_base.py", line 650, in read_header
    self._validate_header(read_ros_handshake_header(sock, self.read_buff, self.protocol.buff_size))
  File "/opt/ros/kinetic/lib/python2.7/dist-packages/rospy/impl/tcpros_base.py", line 593, in _validate_header
    raise TransportInitError("remote error reported: %s"%header['error'])
TransportInitError: remote error reported: node shutting down

[rospy.internal][WARNING] 2020-02-26 16:57:40,461: Unknown error initiating TCP/IP socket to itachi-HP-Pavilion-Laptop-15-cc1xx:34693 (http://itachi-HP-Pavilion-Laptop-15-cc1xx:44751/): Traceback (most recent call last):
  File "/opt/ros/kinetic/lib/python2.7/dist-packages/rospy/impl/tcpros_base.py", line 555, in connect
    self.socket.connect((dest_addr, dest_port))
  File "/usr/lib/python2.7/socket.py", line 228, in meth
    return getattr(self._sock,name)(*args)
error: [Errno 111] Connection refused

[rospy.internal][INFO] 2020-02-26 16:57:40,461: topic[/led_control_topic] removing connection to http://itachi-HP-Pavilion-Laptop-15-cc1xx:44751/
[rospy.internal][INFO] 2020-02-26 16:57:42,640: topic[/led_control_topic] adding connection to [http://itachi-HP-Pavilion-Laptop-15-cc1xx:32845/], count 0
[rospy.internal][ERROR] 2020-02-26 16:59:05,469: Unable to initiate TCP/IP socket to itachi-HP-Pavilion-Laptop-15-cc1xx:40093 (http://itachi-HP-Pavilion-Laptop-15-cc1xx:32845/): Traceback (most recent call last):
  File "/opt/ros/kinetic/lib/python2.7/dist-packages/rospy/impl/tcpros_base.py", line 557, in connect
    self.read_header()
  File "/opt/ros/kinetic/lib/python2.7/dist-packages/rospy/impl/tcpros_base.py", line 650, in read_header
    self._validate_header(read_ros_handshake_header(sock, self.read_buff, self.protocol.buff_size))
  File "/opt/ros/kinetic/lib/python2.7/dist-packages/rospy/impl/tcpros_base.py", line 593, in _validate_header
    raise TransportInitError("remote error reported: %s"%header['error'])
TransportInitError: remote error reported: node shutting down

[rospy.internal][WARNING] 2020-02-26 16:59:06,470: Unknown error initiating TCP/IP socket to itachi-HP-Pavilion-Laptop-15-cc1xx:40093 (http://itachi-HP-Pavilion-Laptop-15-cc1xx:32845/): Traceback (most recent call last):
  File "/opt/ros/kinetic/lib/python2.7/dist-packages/rospy/impl/tcpros_base.py", line 555, in connect
    self.socket.connect((dest_addr, dest_port))
  File "/usr/lib/python2.7/socket.py", line 228, in meth
    return getattr(self._sock,name)(*args)
error: [Errno 111] Connection refused

[rospy.internal][INFO] 2020-02-26 16:59:06,470: topic[/led_control_topic] removing connection to http://itachi-HP-Pavilion-Laptop-15-cc1xx:32845/
[rospy.internal][INFO] 2020-02-26 16:59:09,397: topic[/led_control_topic] adding connection to [http://itachi-HP-Pavilion-Laptop-15-cc1xx:36275/], count 0
[rospy.internal][WARNING] 2020-02-26 16:59:24,425: Unknown error initiating TCP/IP socket to itachi-HP-Pavilion-Laptop-15-cc1xx:33377 (http://itachi-HP-Pavilion-Laptop-15-cc1xx:36275/): Traceback (most recent call last):
  File "/opt/ros/kinetic/lib/python2.7/dist-packages/rospy/impl/tcpros_base.py", line 557, in connect
    self.read_header()
  File "/opt/ros/kinetic/lib/python2.7/dist-packages/rospy/impl/tcpros_base.py", line 650, in read_header
    self._validate_header(read_ros_handshake_header(sock, self.read_buff, self.protocol.buff_size))
  File "/opt/ros/kinetic/lib/python2.7/dist-packages/rosgraph/network.py", line 364, in read_ros_handshake_header
    raise ROSHandshakeException("connection from sender terminated before handshake header received. %s bytes were received. Please check sender for additional details."%b.tell())
ROSHandshakeException: connection from sender terminated before handshake header received. 0 bytes were received. Please check sender for additional details.

[rospy.internal][INFO] 2020-02-26 16:59:24,426: topic[/led_control_topic] removing connection to http://itachi-HP-Pavilion-Laptop-15-cc1xx:36275/
[rospy.internal][INFO] 2020-02-26 16:59:27,934: topic[/led_control_topic] adding connection to [http://itachi-HP-Pavilion-Laptop-15-cc1xx:41203/], count 0
[rospy.internal][ERROR] 2020-02-26 17:00:07,113: Unable to initiate TCP/IP socket to itachi-HP-Pavilion-Laptop-15-cc1xx:39257 (http://itachi-HP-Pavilion-Laptop-15-cc1xx:41203/): Traceback (most recent call last):
  File "/opt/ros/kinetic/lib/python2.7/dist-packages/rospy/impl/tcpros_base.py", line 557, in connect
    self.read_header()
  File "/opt/ros/kinetic/lib/python2.7/dist-packages/rospy/impl/tcpros_base.py", line 650, in read_header
    self._validate_header(read_ros_handshake_header(sock, self.read_buff, self.protocol.buff_size))
  File "/opt/ros/kinetic/lib/python2.7/dist-packages/rospy/impl/tcpros_base.py", line 593, in _validate_header
    raise TransportInitError("remote error reported: %s"%header['error'])
TransportInitError: remote error reported: node shutting down

[rospy.internal][WARNING] 2020-02-26 17:00:08,115: Unknown error initiating TCP/IP socket to itachi-HP-Pavilion-Laptop-15-cc1xx:39257 (http://itachi-HP-Pavilion-Laptop-15-cc1xx:41203/): Traceback (most recent call last):
  File "/opt/ros/kinetic/lib/python2.7/dist-packages/rospy/impl/tcpros_base.py", line 555, in connect
    self.socket.connect((dest_addr, dest_port))
  File "/usr/lib/python2.7/socket.py", line 228, in meth
    return getattr(self._sock,name)(*args)
error: [Errno 111] Connection refused

[rospy.internal][INFO] 2020-02-26 17:00:08,115: topic[/led_control_topic] removing connection to http://itachi-HP-Pavilion-Laptop-15-cc1xx:41203/
[rospy.internal][INFO] 2020-02-26 17:00:11,273: topic[/led_control_topic] adding connection to [http://itachi-HP-Pavilion-Laptop-15-cc1xx:43377/], count 0
[rospy.internal][WARNING] 2020-02-26 17:00:38,035: Unknown error initiating TCP/IP socket to itachi-HP-Pavilion-Laptop-15-cc1xx:40841 (http://itachi-HP-Pavilion-Laptop-15-cc1xx:43377/): Traceback (most recent call last):
  File "/opt/ros/kinetic/lib/python2.7/dist-packages/rospy/impl/tcpros_base.py", line 557, in connect
    self.read_header()
  File "/opt/ros/kinetic/lib/python2.7/dist-packages/rospy/impl/tcpros_base.py", line 650, in read_header
    self._validate_header(read_ros_handshake_header(sock, self.read_buff, self.protocol.buff_size))
  File "/opt/ros/kinetic/lib/python2.7/dist-packages/rosgraph/network.py", line 362, in read_ros_handshake_header
    d = sock.recv(buff_size)
error: [Errno 104] Connection reset by peer

[rospy.internal][INFO] 2020-02-26 17:00:38,035: topic[/led_control_topic] removing connection to http://itachi-HP-Pavilion-Laptop-15-cc1xx:43377/
[rospy.internal][INFO] 2020-02-26 17:00:41,752: topic[/led_control_topic] adding connection to [http://itachi-HP-Pavilion-Laptop-15-cc1xx:38377/], count 0
[rospy.internal][ERROR] 2020-02-26 17:01:16,019: Unable to initiate TCP/IP socket to itachi-HP-Pavilion-Laptop-15-cc1xx:43349 (http://itachi-HP-Pavilion-Laptop-15-cc1xx:38377/): Traceback (most recent call last):
  File "/opt/ros/kinetic/lib/python2.7/dist-packages/rospy/impl/tcpros_base.py", line 557, in connect
    self.read_header()
  File "/opt/ros/kinetic/lib/python2.7/dist-packages/rospy/impl/tcpros_base.py", line 650, in read_header
    self._validate_header(read_ros_handshake_header(sock, self.read_buff, self.protocol.buff_size))
  File "/opt/ros/kinetic/lib/python2.7/dist-packages/rospy/impl/tcpros_base.py", line 593, in _validate_header
    raise TransportInitError("remote error reported: %s"%header['error'])
TransportInitError: remote error reported: node shutting down

[rospy.internal][WARNING] 2020-02-26 17:01:17,020: Unknown error initiating TCP/IP socket to itachi-HP-Pavilion-Laptop-15-cc1xx:43349 (http://itachi-HP-Pavilion-Laptop-15-cc1xx:38377/): Traceback (most recent call last):
  File "/opt/ros/kinetic/lib/python2.7/dist-packages/rospy/impl/tcpros_base.py", line 555, in connect
    self.socket.connect((dest_addr, dest_port))
  File "/usr/lib/python2.7/socket.py", line 228, in meth
    return getattr(self._sock,name)(*args)
error: [Errno 111] Connection refused

[rospy.internal][INFO] 2020-02-26 17:01:17,020: topic[/led_control_topic] removing connection to http://itachi-HP-Pavilion-Laptop-15-cc1xx:38377/
[rospy.internal][INFO] 2020-02-26 17:01:20,034: topic[/led_control_topic] adding connection to [http://itachi-HP-Pavilion-Laptop-15-cc1xx:34521/], count 0
[rospy.internal][WARNING] 2020-02-26 17:01:43,593: Unknown error initiating TCP/IP socket to itachi-HP-Pavilion-Laptop-15-cc1xx:39409 (http://itachi-HP-Pavilion-Laptop-15-cc1xx:34521/): Traceback (most recent call last):
  File "/opt/ros/kinetic/lib/python2.7/dist-packages/rospy/impl/tcpros_base.py", line 557, in connect
    self.read_header()
  File "/opt/ros/kinetic/lib/python2.7/dist-packages/rospy/impl/tcpros_base.py", line 650, in read_header
    self._validate_header(read_ros_handshake_header(sock, self.read_buff, self.protocol.buff_size))
  File "/opt/ros/kinetic/lib/python2.7/dist-packages/rosgraph/network.py", line 362, in read_ros_handshake_header
    d = sock.recv(buff_size)
error: [Errno 104] Connection reset by peer

[rospy.internal][INFO] 2020-02-26 17:01:43,593: topic[/led_control_topic] removing connection to http://itachi-HP-Pavilion-Laptop-15-cc1xx:34521/
[rospy.internal][INFO] 2020-02-26 17:01:47,709: topic[/led_control_topic] adding connection to [http://itachi-HP-Pavilion-Laptop-15-cc1xx:33397/], count 0
[rospy.internal][ERROR] 2020-02-26 17:03:37,232: Unable to initiate TCP/IP socket to itachi-HP-Pavilion-Laptop-15-cc1xx:36793 (http://itachi-HP-Pavilion-Laptop-15-cc1xx:33397/): Traceback (most recent call last):
  File "/opt/ros/kinetic/lib/python2.7/dist-packages/rospy/impl/tcpros_base.py", line 557, in connect
    self.read_header()
  File "/opt/ros/kinetic/lib/python2.7/dist-packages/rospy/impl/tcpros_base.py", line 650, in read_header
    self._validate_header(read_ros_handshake_header(sock, self.read_buff, self.protocol.buff_size))
  File "/opt/ros/kinetic/lib/python2.7/dist-packages/rospy/impl/tcpros_base.py", line 593, in _validate_header
    raise TransportInitError("remote error reported: %s"%header['error'])
TransportInitError: remote error reported: node shutting down

[rospy.internal][WARNING] 2020-02-26 17:03:38,234: Unknown error initiating TCP/IP socket to itachi-HP-Pavilion-Laptop-15-cc1xx:36793 (http://itachi-HP-Pavilion-Laptop-15-cc1xx:33397/): Traceback (most recent call last):
  File "/opt/ros/kinetic/lib/python2.7/dist-packages/rospy/impl/tcpros_base.py", line 555, in connect
    self.socket.connect((dest_addr, dest_port))
  File "/usr/lib/python2.7/socket.py", line 228, in meth
    return getattr(self._sock,name)(*args)
error: [Errno 111] Connection refused

[rospy.internal][INFO] 2020-02-26 17:03:38,234: topic[/led_control_topic] removing connection to http://itachi-HP-Pavilion-Laptop-15-cc1xx:33397/
[rospy.internal][INFO] 2020-02-26 17:03:40,037: topic[/led_control_topic] adding connection to [http://itachi-HP-Pavilion-Laptop-15-cc1xx:43877/], count 0
[rospy.internal][ERROR] 2020-02-26 17:06:40,270: Unable to initiate TCP/IP socket to itachi-HP-Pavilion-Laptop-15-cc1xx:37887 (http://itachi-HP-Pavilion-Laptop-15-cc1xx:43877/): Traceback (most recent call last):
  File "/opt/ros/kinetic/lib/python2.7/dist-packages/rospy/impl/tcpros_base.py", line 557, in connect
    self.read_header()
  File "/opt/ros/kinetic/lib/python2.7/dist-packages/rospy/impl/tcpros_base.py", line 650, in read_header
    self._validate_header(read_ros_handshake_header(sock, self.read_buff, self.protocol.buff_size))
  File "/opt/ros/kinetic/lib/python2.7/dist-packages/rospy/impl/tcpros_base.py", line 593, in _validate_header
    raise TransportInitError("remote error reported: %s"%header['error'])
TransportInitError: remote error reported: node shutting down

[rospy.internal][WARNING] 2020-02-26 17:06:41,270: Unknown error initiating TCP/IP socket to itachi-HP-Pavilion-Laptop-15-cc1xx:37887 (http://itachi-HP-Pavilion-Laptop-15-cc1xx:43877/): Traceback (most recent call last):
  File "/opt/ros/kinetic/lib/python2.7/dist-packages/rospy/impl/tcpros_base.py", line 555, in connect
    self.socket.connect((dest_addr, dest_port))
  File "/usr/lib/python2.7/socket.py", line 228, in meth
    return getattr(self._sock,name)(*args)
error: [Errno 111] Connection refused

[rospy.internal][INFO] 2020-02-26 17:06:41,271: topic[/led_control_topic] removing connection to http://itachi-HP-Pavilion-Laptop-15-cc1xx:43877/
[rospy.core][INFO] 2020-02-26 17:08:27,832: signal_shutdown [atexit]
[rospy.internal][INFO] 2020-02-26 17:08:27,835: topic[/rosout] removing connection to /rosout
[rospy.impl.masterslave][INFO] 2020-02-26 17:08:27,836: atexit
