[rospy.client][INFO] 2019-11-08 00:10:59,450: init_node, name[/tune_pid_drone], pid[7045]
[xmlrpc][INFO] 2019-11-08 00:10:59,451: XML-RPC server binding to 0.0.0.0:0
[rospy.init][INFO] 2019-11-08 00:10:59,452: ROS Slave URI: [http://itachi-HP-Pavilion-Laptop-15-cc1xx:45577/]
[xmlrpc][INFO] 2019-11-08 00:10:59,452: Started XML-RPC server [http://itachi-HP-Pavilion-Laptop-15-cc1xx:45577/]
[rospy.impl.masterslave][INFO] 2019-11-08 00:10:59,452: _ready: http://itachi-HP-Pavilion-Laptop-15-cc1xx:45577/
[xmlrpc][INFO] 2019-11-08 00:10:59,453: xml rpc node: starting XML-RPC server
[rospy.registration][INFO] 2019-11-08 00:10:59,453: Registering with master node http://localhost:11311
[rospy.init][INFO] 2019-11-08 00:10:59,552: registered with master
[rospy.rosout][INFO] 2019-11-08 00:10:59,552: initializing /rosout core topic
[rospy.rosout][INFO] 2019-11-08 00:10:59,559: connected to core topic /rosout
[rospy.simtime][INFO] 2019-11-08 00:10:59,564: initializing /clock core topic
[rospy.simtime][INFO] 2019-11-08 00:10:59,568: connected to core topic /clock
[rospy.internal][INFO] 2019-11-08 00:10:59,633: topic[/clock] adding connection to [http://itachi-HP-Pavilion-Laptop-15-cc1xx:39691/], count 0
[rospy.internal][INFO] 2019-11-08 00:10:59,785: topic[/rosout] adding connection to [/rosout], count 0
[rospy.internal][INFO] 2019-11-08 00:12:27,317: topic[/pid_tuning_altitude] adding connection to [/drone_control], count 0
[rospy.core][INFO] 2019-11-08 00:13:09,847: signal_shutdown [atexit]
[rospy.internal][INFO] 2019-11-08 00:13:09,854: topic[/rosout] removing connection to /rosout
[rospy.internal][INFO] 2019-11-08 00:13:09,854: topic[/pid_tuning_altitude] removing connection to /drone_control
[rospy.internal][INFO] 2019-11-08 00:13:09,855: topic[/clock] removing connection to http://itachi-HP-Pavilion-Laptop-15-cc1xx:39691/
[rospy.impl.masterslave][INFO] 2019-11-08 00:13:09,855: atexit
