[rosmaster.main][INFO] 2020-01-31 22:45:08,449: initialization complete, waiting for shutdown
[rosmaster.main][INFO] 2020-01-31 22:45:08,449: Starting ROS Master Node
[xmlrpc][INFO] 2020-01-31 22:45:08,450: XML-RPC server binding to 0.0.0.0:11311
[xmlrpc][INFO] 2020-01-31 22:45:08,450: Started XML-RPC server [http://itachi-HP-Pavilion-Laptop-15-cc1xx:11311/]
[rosmaster.master][INFO] 2020-01-31 22:45:08,450: Master initialized: port[11311], uri[http://itachi-HP-Pavilion-Laptop-15-cc1xx:11311/]
[xmlrpc][INFO] 2020-01-31 22:45:08,450: xml rpc node: starting XML-RPC server
[rosmaster.master][INFO] 2020-01-31 22:45:08,519: +PARAM [/run_id] by /roslaunch
[rosmaster.master][INFO] 2020-01-31 22:45:08,520: +PARAM [/roslaunch/uris/host_itachi_hp_pavilion_laptop_15_cc1xx__36665] by /roslaunch
[rosmaster.master][INFO] 2020-01-31 22:45:08,596: +PARAM [/usb_cam/image_width] by /roslaunch
[rosmaster.master][INFO] 2020-01-31 22:45:08,596: +PARAM [/usb_cam/video_device] by /roslaunch
[rosmaster.master][INFO] 2020-01-31 22:45:08,597: +PARAM [/rosdistro] by /roslaunch
[rosmaster.master][INFO] 2020-01-31 22:45:08,597: +PARAM [/whycon/targets] by /roslaunch
[rosmaster.master][INFO] 2020-01-31 22:45:08,597: +PARAM [/usb_cam/pixel_format] by /roslaunch
[rosmaster.master][INFO] 2020-01-31 22:45:08,597: +PARAM [/usb_cam/io_method] by /roslaunch
[rosmaster.master][INFO] 2020-01-31 22:45:08,597: +PARAM [/usb_cam/camera_frame_id] by /roslaunch
[rosmaster.master][INFO] 2020-01-31 22:45:08,597: +PARAM [/rosversion] by /roslaunch
[rosmaster.master][INFO] 2020-01-31 22:45:08,597: +PARAM [/whycon/outer_diameter] by /roslaunch
[rosmaster.master][INFO] 2020-01-31 22:45:08,597: +PARAM [/usb_cam/image_height] by /roslaunch
[rosmaster.master][INFO] 2020-01-31 22:45:08,597: +PARAM [/whycon/name] by /roslaunch
[rosmaster.master][INFO] 2020-01-31 22:45:08,597: +PARAM [/whycon/inner_diameter] by /roslaunch
[rosmaster.master][INFO] 2020-01-31 22:45:08,656: +SERVICE [/rosout/get_loggers] /rosout http://itachi-HP-Pavilion-Laptop-15-cc1xx:33485/
[rosmaster.master][INFO] 2020-01-31 22:45:08,656: +SERVICE [/rosout/set_logger_level] /rosout http://itachi-HP-Pavilion-Laptop-15-cc1xx:33485/
[rosmaster.master][INFO] 2020-01-31 22:45:08,657: +PUB [/rosout_agg] /rosout http://itachi-HP-Pavilion-Laptop-15-cc1xx:33485/
[rosmaster.master][INFO] 2020-01-31 22:45:08,660: +SUB [/rosout] /rosout http://itachi-HP-Pavilion-Laptop-15-cc1xx:33485/
[rosmaster.master][INFO] 2020-01-31 22:45:08,727: +PUB [/rosout] /usb_cam http://itachi-HP-Pavilion-Laptop-15-cc1xx:45959/
[rosmaster.master][INFO] 2020-01-31 22:45:08,728: +SERVICE [/usb_cam/get_loggers] /usb_cam http://itachi-HP-Pavilion-Laptop-15-cc1xx:45959/
[rosmaster.master][INFO] 2020-01-31 22:45:08,728: +SERVICE [/usb_cam/set_logger_level] /usb_cam http://itachi-HP-Pavilion-Laptop-15-cc1xx:45959/
[rosmaster.master][INFO] 2020-01-31 22:45:08,750: publisherUpdate[/rosout] -> http://itachi-HP-Pavilion-Laptop-15-cc1xx:33485/ ['http://itachi-HP-Pavilion-Laptop-15-cc1xx:45959/']
[rosmaster.master][INFO] 2020-01-31 22:45:08,751: publisherUpdate[/rosout] -> http://itachi-HP-Pavilion-Laptop-15-cc1xx:33485/ ['http://itachi-HP-Pavilion-Laptop-15-cc1xx:45959/']: sec=0.00, result=[1, '', 0]
[rosmaster.master][INFO] 2020-01-31 22:45:08,787: +PUB [/rosout] /usb_cam/image_proc http://itachi-HP-Pavilion-Laptop-15-cc1xx:32997/
[rosmaster.master][INFO] 2020-01-31 22:45:08,787: +SERVICE [/usb_cam/image_proc/get_loggers] /usb_cam/image_proc http://itachi-HP-Pavilion-Laptop-15-cc1xx:32997/
[rosmaster.master][INFO] 2020-01-31 22:45:08,788: +SERVICE [/usb_cam/image_proc/set_logger_level] /usb_cam/image_proc http://itachi-HP-Pavilion-Laptop-15-cc1xx:32997/
[rosmaster.master][INFO] 2020-01-31 22:45:08,807: +PUB [/usb_cam/image_raw/compressedDepth] /usb_cam http://itachi-HP-Pavilion-Laptop-15-cc1xx:45959/
[rosmaster.master][INFO] 2020-01-31 22:45:08,808: +SERVICE [/usb_cam/image_raw/compressedDepth/set_parameters] /usb_cam http://itachi-HP-Pavilion-Laptop-15-cc1xx:45959/
[rosmaster.master][INFO] 2020-01-31 22:45:08,808: +PUB [/usb_cam/image_raw/compressedDepth/parameter_descriptions] /usb_cam http://itachi-HP-Pavilion-Laptop-15-cc1xx:45959/
[rosmaster.master][INFO] 2020-01-31 22:45:08,809: +PUB [/usb_cam/image_raw/compressedDepth/parameter_updates] /usb_cam http://itachi-HP-Pavilion-Laptop-15-cc1xx:45959/
[rosmaster.master][INFO] 2020-01-31 22:45:08,811: +PARAM [/usb_cam/image_raw/compressedDepth/depth_max] by /usb_cam
[rosmaster.master][INFO] 2020-01-31 22:45:08,811: +PARAM [/usb_cam/image_raw/compressedDepth/depth_quantization] by /usb_cam
[rosmaster.master][INFO] 2020-01-31 22:45:08,811: +PARAM [/usb_cam/image_raw/compressedDepth/png_level] by /usb_cam
[rosmaster.master][INFO] 2020-01-31 22:45:08,812: +PARAM [/usb_cam/image_raw/compressedDepth/depth_max] by /usb_cam
[rosmaster.master][INFO] 2020-01-31 22:45:08,812: +PARAM [/usb_cam/image_raw/compressedDepth/depth_quantization] by /usb_cam
[rosmaster.master][INFO] 2020-01-31 22:45:08,813: +PARAM [/usb_cam/image_raw/compressedDepth/png_level] by /usb_cam
[rosmaster.master][INFO] 2020-01-31 22:45:08,850: publisherUpdate[/rosout] -> http://itachi-HP-Pavilion-Laptop-15-cc1xx:33485/ ['http://itachi-HP-Pavilion-Laptop-15-cc1xx:45959/', 'http://itachi-HP-Pavilion-Laptop-15-cc1xx:32997/']
[rosmaster.master][INFO] 2020-01-31 22:45:08,851: publisherUpdate[/rosout] -> http://itachi-HP-Pavilion-Laptop-15-cc1xx:33485/ ['http://itachi-HP-Pavilion-Laptop-15-cc1xx:45959/', 'http://itachi-HP-Pavilion-Laptop-15-cc1xx:32997/']: sec=0.00, result=[1, '', 0]
[rosmaster.master][INFO] 2020-01-31 22:45:08,855: +PUB [/usb_cam/image_raw/compressed] /usb_cam http://itachi-HP-Pavilion-Laptop-15-cc1xx:45959/
[rosmaster.master][INFO] 2020-01-31 22:45:08,856: +SERVICE [/usb_cam/image_raw/compressed/set_parameters] /usb_cam http://itachi-HP-Pavilion-Laptop-15-cc1xx:45959/
[rosmaster.master][INFO] 2020-01-31 22:45:08,856: +PUB [/usb_cam/image_raw/compressed/parameter_descriptions] /usb_cam http://itachi-HP-Pavilion-Laptop-15-cc1xx:45959/
[rosmaster.master][INFO] 2020-01-31 22:45:08,857: +PUB [/usb_cam/image_raw/compressed/parameter_updates] /usb_cam http://itachi-HP-Pavilion-Laptop-15-cc1xx:45959/
[rosmaster.master][INFO] 2020-01-31 22:45:08,858: +PARAM [/usb_cam/image_raw/compressed/format] by /usb_cam
[rosmaster.master][INFO] 2020-01-31 22:45:08,859: +SERVICE [/usb_cam/image_proc_debayer/set_parameters] /usb_cam/image_proc http://itachi-HP-Pavilion-Laptop-15-cc1xx:32997/
[rosmaster.master][INFO] 2020-01-31 22:45:08,859: +PARAM [/usb_cam/image_raw/compressed/jpeg_quality] by /usb_cam
[rosmaster.master][INFO] 2020-01-31 22:45:08,860: +PUB [/usb_cam/image_proc_debayer/parameter_descriptions] /usb_cam/image_proc http://itachi-HP-Pavilion-Laptop-15-cc1xx:32997/
[rosmaster.master][INFO] 2020-01-31 22:45:08,860: +PARAM [/usb_cam/image_raw/compressed/png_level] by /usb_cam
[rosmaster.master][INFO] 2020-01-31 22:45:08,861: +PUB [/usb_cam/image_proc_debayer/parameter_updates] /usb_cam/image_proc http://itachi-HP-Pavilion-Laptop-15-cc1xx:32997/
[rosmaster.master][INFO] 2020-01-31 22:45:08,861: +PARAM [/usb_cam/image_raw/compressed/format] by /usb_cam
[rosmaster.master][INFO] 2020-01-31 22:45:08,862: +PARAM [/usb_cam/image_raw/compressed/jpeg_quality] by /usb_cam
[rosmaster.master][INFO] 2020-01-31 22:45:08,862: +PARAM [/usb_cam/image_proc_debayer/debayer] by /usb_cam/image_proc
[rosmaster.master][INFO] 2020-01-31 22:45:08,863: +PARAM [/usb_cam/image_raw/compressed/png_level] by /usb_cam
[rosmaster.master][INFO] 2020-01-31 22:45:08,863: +PARAM [/usb_cam/image_proc_debayer/debayer] by /usb_cam/image_proc
[rosmaster.master][INFO] 2020-01-31 22:45:08,864: +PUB [/usb_cam/image_mono/compressedDepth] /usb_cam/image_proc http://itachi-HP-Pavilion-Laptop-15-cc1xx:32997/
[rosmaster.master][INFO] 2020-01-31 22:45:08,865: +SERVICE [/usb_cam/image_mono/compressedDepth/set_parameters] /usb_cam/image_proc http://itachi-HP-Pavilion-Laptop-15-cc1xx:32997/
[rosmaster.master][INFO] 2020-01-31 22:45:08,865: +PUB [/usb_cam/image_raw] /usb_cam http://itachi-HP-Pavilion-Laptop-15-cc1xx:45959/
[rosmaster.master][INFO] 2020-01-31 22:45:08,865: +PUB [/usb_cam/image_mono/compressedDepth/parameter_descriptions] /usb_cam/image_proc http://itachi-HP-Pavilion-Laptop-15-cc1xx:32997/
[rosmaster.master][INFO] 2020-01-31 22:45:08,866: +PUB [/usb_cam/image_mono/compressedDepth/parameter_updates] /usb_cam/image_proc http://itachi-HP-Pavilion-Laptop-15-cc1xx:32997/
[rosmaster.master][INFO] 2020-01-31 22:45:08,867: +PARAM [/usb_cam/image_mono/compressedDepth/depth_max] by /usb_cam/image_proc
[rosmaster.master][INFO] 2020-01-31 22:45:08,868: +PUB [/usb_cam/image_raw/theora] /usb_cam http://itachi-HP-Pavilion-Laptop-15-cc1xx:45959/
[rosmaster.master][INFO] 2020-01-31 22:45:08,868: +PARAM [/usb_cam/image_mono/compressedDepth/depth_quantization] by /usb_cam/image_proc
[rosmaster.master][INFO] 2020-01-31 22:45:08,869: +SERVICE [/usb_cam/image_raw/theora/set_parameters] /usb_cam http://itachi-HP-Pavilion-Laptop-15-cc1xx:45959/
[rosmaster.master][INFO] 2020-01-31 22:45:08,869: +PARAM [/usb_cam/image_mono/compressedDepth/png_level] by /usb_cam/image_proc
[rosmaster.master][INFO] 2020-01-31 22:45:08,870: +PUB [/usb_cam/image_raw/theora/parameter_descriptions] /usb_cam http://itachi-HP-Pavilion-Laptop-15-cc1xx:45959/
[rosmaster.master][INFO] 2020-01-31 22:45:08,870: +PARAM [/usb_cam/image_mono/compressedDepth/depth_max] by /usb_cam/image_proc
[rosmaster.master][INFO] 2020-01-31 22:45:08,870: +PUB [/usb_cam/image_raw/theora/parameter_updates] /usb_cam http://itachi-HP-Pavilion-Laptop-15-cc1xx:45959/
[rosmaster.master][INFO] 2020-01-31 22:45:08,871: +PARAM [/usb_cam/image_mono/compressedDepth/depth_quantization] by /usb_cam/image_proc
[rosmaster.master][INFO] 2020-01-31 22:45:08,872: +PARAM [/usb_cam/image_mono/compressedDepth/png_level] by /usb_cam/image_proc
[rosmaster.master][INFO] 2020-01-31 22:45:08,873: +PUB [/usb_cam/image_mono/compressed] /usb_cam/image_proc http://itachi-HP-Pavilion-Laptop-15-cc1xx:32997/
[rosmaster.master][INFO] 2020-01-31 22:45:08,874: +PARAM [/usb_cam/image_raw/theora/optimize_for] by /usb_cam
[rosmaster.master][INFO] 2020-01-31 22:45:08,874: +SERVICE [/usb_cam/image_mono/compressed/set_parameters] /usb_cam/image_proc http://itachi-HP-Pavilion-Laptop-15-cc1xx:32997/
[rosmaster.master][INFO] 2020-01-31 22:45:08,874: +PARAM [/usb_cam/image_raw/theora/target_bitrate] by /usb_cam
[rosmaster.master][INFO] 2020-01-31 22:45:08,875: +PUB [/usb_cam/image_mono/compressed/parameter_descriptions] /usb_cam/image_proc http://itachi-HP-Pavilion-Laptop-15-cc1xx:32997/
[rosmaster.master][INFO] 2020-01-31 22:45:08,875: +PARAM [/usb_cam/image_raw/theora/quality] by /usb_cam
[rosmaster.master][INFO] 2020-01-31 22:45:08,876: +PUB [/usb_cam/image_mono/compressed/parameter_updates] /usb_cam/image_proc http://itachi-HP-Pavilion-Laptop-15-cc1xx:32997/
[rosmaster.master][INFO] 2020-01-31 22:45:08,876: +PARAM [/usb_cam/image_raw/theora/keyframe_frequency] by /usb_cam
[rosmaster.master][INFO] 2020-01-31 22:45:08,877: +PARAM [/usb_cam/image_raw/theora/optimize_for] by /usb_cam
[rosmaster.master][INFO] 2020-01-31 22:45:08,878: +PARAM [/usb_cam/image_mono/compressed/format] by /usb_cam/image_proc
[rosmaster.master][INFO] 2020-01-31 22:45:08,878: +PARAM [/usb_cam/image_raw/theora/target_bitrate] by /usb_cam
[rosmaster.master][INFO] 2020-01-31 22:45:08,879: +PARAM [/usb_cam/image_mono/compressed/jpeg_quality] by /usb_cam/image_proc
[rosmaster.master][INFO] 2020-01-31 22:45:08,879: +PARAM [/usb_cam/image_raw/theora/quality] by /usb_cam
[rosmaster.master][INFO] 2020-01-31 22:45:08,880: +PARAM [/usb_cam/image_mono/compressed/png_level] by /usb_cam/image_proc
[rosmaster.master][INFO] 2020-01-31 22:45:08,880: +PARAM [/usb_cam/image_raw/theora/keyframe_frequency] by /usb_cam
[rosmaster.master][INFO] 2020-01-31 22:45:08,882: +PARAM [/usb_cam/image_mono/compressed/format] by /usb_cam/image_proc
[rosmaster.master][INFO] 2020-01-31 22:45:08,883: +PUB [/usb_cam/camera_info] /usb_cam http://itachi-HP-Pavilion-Laptop-15-cc1xx:45959/
[rosmaster.master][INFO] 2020-01-31 22:45:08,883: +PARAM [/usb_cam/image_mono/compressed/jpeg_quality] by /usb_cam/image_proc
[rosmaster.master][INFO] 2020-01-31 22:45:08,884: +PARAM [/usb_cam/image_mono/compressed/png_level] by /usb_cam/image_proc
[rosmaster.master][INFO] 2020-01-31 22:45:08,886: +PUB [/usb_cam/image_mono] /usb_cam/image_proc http://itachi-HP-Pavilion-Laptop-15-cc1xx:32997/
[rosmaster.master][INFO] 2020-01-31 22:45:08,887: +PUB [/usb_cam/image_mono/theora] /usb_cam/image_proc http://itachi-HP-Pavilion-Laptop-15-cc1xx:32997/
[rosmaster.master][INFO] 2020-01-31 22:45:08,888: +SERVICE [/usb_cam/image_mono/theora/set_parameters] /usb_cam/image_proc http://itachi-HP-Pavilion-Laptop-15-cc1xx:32997/
[rosmaster.master][INFO] 2020-01-31 22:45:08,889: +PUB [/usb_cam/image_mono/theora/parameter_descriptions] /usb_cam/image_proc http://itachi-HP-Pavilion-Laptop-15-cc1xx:32997/
[rosmaster.master][INFO] 2020-01-31 22:45:08,890: +PUB [/usb_cam/image_mono/theora/parameter_updates] /usb_cam/image_proc http://itachi-HP-Pavilion-Laptop-15-cc1xx:32997/
[rosmaster.master][INFO] 2020-01-31 22:45:08,894: +PARAM [/usb_cam/image_mono/theora/optimize_for] by /usb_cam/image_proc
[rosmaster.master][INFO] 2020-01-31 22:45:08,895: +PARAM [/usb_cam/image_mono/theora/target_bitrate] by /usb_cam/image_proc
[rosmaster.master][INFO] 2020-01-31 22:45:08,895: +PARAM [/usb_cam/image_mono/theora/quality] by /usb_cam/image_proc
[rosmaster.master][INFO] 2020-01-31 22:45:08,896: +PARAM [/usb_cam/image_mono/theora/keyframe_frequency] by /usb_cam/image_proc
[rosmaster.master][INFO] 2020-01-31 22:45:08,897: +PARAM [/usb_cam/image_mono/theora/optimize_for] by /usb_cam/image_proc
[rosmaster.master][INFO] 2020-01-31 22:45:08,898: +PARAM [/usb_cam/image_mono/theora/target_bitrate] by /usb_cam/image_proc
[rosmaster.master][INFO] 2020-01-31 22:45:08,899: +PARAM [/usb_cam/image_mono/theora/quality] by /usb_cam/image_proc
[rosmaster.master][INFO] 2020-01-31 22:45:08,901: +PARAM [/usb_cam/image_mono/theora/keyframe_frequency] by /usb_cam/image_proc
[rosmaster.master][INFO] 2020-01-31 22:45:08,903: +PUB [/usb_cam/image_color/compressedDepth] /usb_cam/image_proc http://itachi-HP-Pavilion-Laptop-15-cc1xx:32997/
[rosmaster.master][INFO] 2020-01-31 22:45:08,904: +SERVICE [/usb_cam/image_color/compressedDepth/set_parameters] /usb_cam/image_proc http://itachi-HP-Pavilion-Laptop-15-cc1xx:32997/
[rosmaster.master][INFO] 2020-01-31 22:45:08,904: +SERVICE [/usb_cam/set_camera_info] /usb_cam http://itachi-HP-Pavilion-Laptop-15-cc1xx:45959/
[rosmaster.master][INFO] 2020-01-31 22:45:08,904: +PUB [/usb_cam/image_color/compressedDepth/parameter_descriptions] /usb_cam/image_proc http://itachi-HP-Pavilion-Laptop-15-cc1xx:32997/
[rosmaster.master][INFO] 2020-01-31 22:45:08,905: +SERVICE [/usb_cam/start_capture] /usb_cam http://itachi-HP-Pavilion-Laptop-15-cc1xx:45959/
[rosmaster.master][INFO] 2020-01-31 22:45:08,906: +PUB [/usb_cam/image_color/compressedDepth/parameter_updates] /usb_cam/image_proc http://itachi-HP-Pavilion-Laptop-15-cc1xx:32997/
[rosmaster.master][INFO] 2020-01-31 22:45:08,906: +SERVICE [/usb_cam/stop_capture] /usb_cam http://itachi-HP-Pavilion-Laptop-15-cc1xx:45959/
[rosmaster.master][INFO] 2020-01-31 22:45:08,907: +PUB [/rosout] /whycon_display/image_view http://itachi-HP-Pavilion-Laptop-15-cc1xx:36389/
[rosmaster.master][INFO] 2020-01-31 22:45:08,908: +SERVICE [/whycon_display/image_view/get_loggers] /whycon_display/image_view http://itachi-HP-Pavilion-Laptop-15-cc1xx:36389/
[rosmaster.master][INFO] 2020-01-31 22:45:08,909: +SERVICE [/whycon_display/image_view/set_logger_level] /whycon_display/image_view http://itachi-HP-Pavilion-Laptop-15-cc1xx:36389/
[rosmaster.master][INFO] 2020-01-31 22:45:08,909: +PARAM [/usb_cam/image_color/compressedDepth/depth_max] by /usb_cam/image_proc
[rosmaster.master][INFO] 2020-01-31 22:45:08,910: +PARAM [/usb_cam/image_color/compressedDepth/depth_quantization] by /usb_cam/image_proc
[rosmaster.master][INFO] 2020-01-31 22:45:08,911: +PARAM [/usb_cam/image_color/compressedDepth/png_level] by /usb_cam/image_proc
[rosmaster.master][INFO] 2020-01-31 22:45:08,912: +PARAM [/usb_cam/image_color/compressedDepth/depth_max] by /usb_cam/image_proc
[rosmaster.master][INFO] 2020-01-31 22:45:08,913: +PARAM [/usb_cam/image_color/compressedDepth/depth_quantization] by /usb_cam/image_proc
[rosmaster.master][INFO] 2020-01-31 22:45:08,913: +PARAM [/usb_cam/image_color/compressedDepth/png_level] by /usb_cam/image_proc
[rosmaster.master][INFO] 2020-01-31 22:45:08,914: +PUB [/usb_cam/image_color/compressed] /usb_cam/image_proc http://itachi-HP-Pavilion-Laptop-15-cc1xx:32997/
[rosmaster.master][INFO] 2020-01-31 22:45:08,914: +SERVICE [/usb_cam/image_color/compressed/set_parameters] /usb_cam/image_proc http://itachi-HP-Pavilion-Laptop-15-cc1xx:32997/
[rosmaster.master][INFO] 2020-01-31 22:45:08,914: +PUB [/usb_cam/image_color/compressed/parameter_descriptions] /usb_cam/image_proc http://itachi-HP-Pavilion-Laptop-15-cc1xx:32997/
[rosmaster.master][INFO] 2020-01-31 22:45:08,915: +PUB [/usb_cam/image_color/compressed/parameter_updates] /usb_cam/image_proc http://itachi-HP-Pavilion-Laptop-15-cc1xx:32997/
[rosmaster.master][INFO] 2020-01-31 22:45:08,916: +PARAM [/usb_cam/image_color/compressed/format] by /usb_cam/image_proc
[rosmaster.master][INFO] 2020-01-31 22:45:08,917: +PARAM [/usb_cam/image_color/compressed/jpeg_quality] by /usb_cam/image_proc
[rosmaster.master][INFO] 2020-01-31 22:45:08,917: +PARAM [/usb_cam/image_color/compressed/png_level] by /usb_cam/image_proc
[rosmaster.master][INFO] 2020-01-31 22:45:08,918: +PARAM [/usb_cam/image_color/compressed/format] by /usb_cam/image_proc
[rosmaster.master][INFO] 2020-01-31 22:45:08,918: +PARAM [/usb_cam/image_color/compressed/jpeg_quality] by /usb_cam/image_proc
[rosmaster.master][INFO] 2020-01-31 22:45:08,918: +PARAM [/usb_cam/image_color/compressed/png_level] by /usb_cam/image_proc
[rosmaster.master][INFO] 2020-01-31 22:45:08,919: +PUB [/usb_cam/image_color] /usb_cam/image_proc http://itachi-HP-Pavilion-Laptop-15-cc1xx:32997/
[rosmaster.master][INFO] 2020-01-31 22:45:08,919: +PUB [/usb_cam/image_color/theora] /usb_cam/image_proc http://itachi-HP-Pavilion-Laptop-15-cc1xx:32997/
[rosmaster.master][INFO] 2020-01-31 22:45:08,920: +SERVICE [/usb_cam/image_color/theora/set_parameters] /usb_cam/image_proc http://itachi-HP-Pavilion-Laptop-15-cc1xx:32997/
[rosmaster.master][INFO] 2020-01-31 22:45:08,920: +PUB [/usb_cam/image_color/theora/parameter_descriptions] /usb_cam/image_proc http://itachi-HP-Pavilion-Laptop-15-cc1xx:32997/
[rosmaster.master][INFO] 2020-01-31 22:45:08,921: +PUB [/usb_cam/image_color/theora/parameter_updates] /usb_cam/image_proc http://itachi-HP-Pavilion-Laptop-15-cc1xx:32997/
[rosmaster.master][INFO] 2020-01-31 22:45:08,922: +PARAM [/usb_cam/image_color/theora/optimize_for] by /usb_cam/image_proc
[rosmaster.master][INFO] 2020-01-31 22:45:08,923: +PARAM [/usb_cam/image_color/theora/target_bitrate] by /usb_cam/image_proc
[rosmaster.master][INFO] 2020-01-31 22:45:08,923: +PARAM [/usb_cam/image_color/theora/quality] by /usb_cam/image_proc
[rosmaster.master][INFO] 2020-01-31 22:45:08,924: +PARAM [/usb_cam/image_color/theora/keyframe_frequency] by /usb_cam/image_proc
[rosmaster.master][INFO] 2020-01-31 22:45:08,924: +PARAM [/usb_cam/image_color/theora/optimize_for] by /usb_cam/image_proc
[rosmaster.master][INFO] 2020-01-31 22:45:08,925: +PARAM [/usb_cam/image_color/theora/target_bitrate] by /usb_cam/image_proc
[rosmaster.master][INFO] 2020-01-31 22:45:08,925: +PARAM [/usb_cam/image_color/theora/quality] by /usb_cam/image_proc
[rosmaster.master][INFO] 2020-01-31 22:45:08,925: +PARAM [/usb_cam/image_color/theora/keyframe_frequency] by /usb_cam/image_proc
[rosmaster.master][INFO] 2020-01-31 22:45:08,927: +SERVICE [/usb_cam/image_proc_rectify_mono/set_parameters] /usb_cam/image_proc http://itachi-HP-Pavilion-Laptop-15-cc1xx:32997/
[rosmaster.master][INFO] 2020-01-31 22:45:08,928: +PUB [/usb_cam/image_proc_rectify_mono/parameter_descriptions] /usb_cam/image_proc http://itachi-HP-Pavilion-Laptop-15-cc1xx:32997/
[rosmaster.master][INFO] 2020-01-31 22:45:08,928: +PUB [/usb_cam/image_proc_rectify_mono/parameter_updates] /usb_cam/image_proc http://itachi-HP-Pavilion-Laptop-15-cc1xx:32997/
[rosmaster.master][INFO] 2020-01-31 22:45:08,929: +PARAM [/usb_cam/image_proc_rectify_mono/interpolation] by /usb_cam/image_proc
[rosmaster.master][INFO] 2020-01-31 22:45:08,930: +PARAM [/usb_cam/image_proc_rectify_mono/interpolation] by /usb_cam/image_proc
[rosmaster.master][INFO] 2020-01-31 22:45:08,931: +PUB [/usb_cam/image_rect/compressedDepth] /usb_cam/image_proc http://itachi-HP-Pavilion-Laptop-15-cc1xx:32997/
[rosmaster.master][INFO] 2020-01-31 22:45:08,931: +SERVICE [/usb_cam/image_rect/compressedDepth/set_parameters] /usb_cam/image_proc http://itachi-HP-Pavilion-Laptop-15-cc1xx:32997/
[rosmaster.master][INFO] 2020-01-31 22:45:08,933: +PUB [/usb_cam/image_rect/compressedDepth/parameter_descriptions] /usb_cam/image_proc http://itachi-HP-Pavilion-Laptop-15-cc1xx:32997/
[rosmaster.master][INFO] 2020-01-31 22:45:08,933: +PUB [/usb_cam/image_rect/compressedDepth/parameter_updates] /usb_cam/image_proc http://itachi-HP-Pavilion-Laptop-15-cc1xx:32997/
[rosmaster.master][INFO] 2020-01-31 22:45:08,934: +PUB [/rosout] /whycon http://itachi-HP-Pavilion-Laptop-15-cc1xx:44957/
[rosmaster.master][INFO] 2020-01-31 22:45:08,935: +SERVICE [/whycon/get_loggers] /whycon http://itachi-HP-Pavilion-Laptop-15-cc1xx:44957/
[rosmaster.master][INFO] 2020-01-31 22:45:08,936: +SERVICE [/whycon/set_logger_level] /whycon http://itachi-HP-Pavilion-Laptop-15-cc1xx:44957/
[rosmaster.master][INFO] 2020-01-31 22:45:08,937: +PARAM [/usb_cam/image_rect/compressedDepth/depth_max] by /usb_cam/image_proc
[rosmaster.master][INFO] 2020-01-31 22:45:08,937: +PARAM [/usb_cam/image_rect/compressedDepth/depth_quantization] by /usb_cam/image_proc
[rosmaster.master][INFO] 2020-01-31 22:45:08,938: +PARAM [/usb_cam/image_rect/compressedDepth/png_level] by /usb_cam/image_proc
[rosmaster.master][INFO] 2020-01-31 22:45:08,938: +PARAM [/usb_cam/image_rect/compressedDepth/depth_max] by /usb_cam/image_proc
[rosmaster.master][INFO] 2020-01-31 22:45:08,939: +PARAM [/usb_cam/image_rect/compressedDepth/depth_quantization] by /usb_cam/image_proc
[rosmaster.master][INFO] 2020-01-31 22:45:08,939: +PARAM [/usb_cam/image_rect/compressedDepth/png_level] by /usb_cam/image_proc
[rosmaster.master][INFO] 2020-01-31 22:45:08,940: +PUB [/usb_cam/image_rect/compressed] /usb_cam/image_proc http://itachi-HP-Pavilion-Laptop-15-cc1xx:32997/
[rosmaster.master][INFO] 2020-01-31 22:45:08,940: +SERVICE [/usb_cam/image_rect/compressed/set_parameters] /usb_cam/image_proc http://itachi-HP-Pavilion-Laptop-15-cc1xx:32997/
[rosmaster.master][INFO] 2020-01-31 22:45:08,941: +PUB [/usb_cam/image_rect/compressed/parameter_descriptions] /usb_cam/image_proc http://itachi-HP-Pavilion-Laptop-15-cc1xx:32997/
[rosmaster.master][INFO] 2020-01-31 22:45:08,941: +PUB [/usb_cam/image_rect/compressed/parameter_updates] /usb_cam/image_proc http://itachi-HP-Pavilion-Laptop-15-cc1xx:32997/
[rosmaster.master][INFO] 2020-01-31 22:45:08,943: +PARAM [/usb_cam/image_rect/compressed/format] by /usb_cam/image_proc
[rosmaster.master][INFO] 2020-01-31 22:45:08,943: +PARAM [/usb_cam/image_rect/compressed/jpeg_quality] by /usb_cam/image_proc
[rosmaster.master][INFO] 2020-01-31 22:45:08,944: +PARAM [/usb_cam/image_rect/compressed/png_level] by /usb_cam/image_proc
[rosmaster.master][INFO] 2020-01-31 22:45:08,944: +PARAM [/usb_cam/image_rect/compressed/format] by /usb_cam/image_proc
[rosmaster.master][INFO] 2020-01-31 22:45:08,945: +PARAM [/usb_cam/image_rect/compressed/jpeg_quality] by /usb_cam/image_proc
[rosmaster.master][INFO] 2020-01-31 22:45:08,945: +PARAM [/usb_cam/image_rect/compressed/png_level] by /usb_cam/image_proc
[rosmaster.master][INFO] 2020-01-31 22:45:08,946: +PUB [/usb_cam/image_rect] /usb_cam/image_proc http://itachi-HP-Pavilion-Laptop-15-cc1xx:32997/
[rosmaster.master][INFO] 2020-01-31 22:45:08,946: +PUB [/usb_cam/image_rect/theora] /usb_cam/image_proc http://itachi-HP-Pavilion-Laptop-15-cc1xx:32997/
[rosmaster.master][INFO] 2020-01-31 22:45:08,947: +SERVICE [/usb_cam/image_rect/theora/set_parameters] /usb_cam/image_proc http://itachi-HP-Pavilion-Laptop-15-cc1xx:32997/
[rosmaster.master][INFO] 2020-01-31 22:45:08,947: +PUB [/usb_cam/image_rect/theora/parameter_descriptions] /usb_cam/image_proc http://itachi-HP-Pavilion-Laptop-15-cc1xx:32997/
[rosmaster.master][INFO] 2020-01-31 22:45:08,948: +PUB [/usb_cam/image_rect/theora/parameter_updates] /usb_cam/image_proc http://itachi-HP-Pavilion-Laptop-15-cc1xx:32997/
[rosmaster.master][INFO] 2020-01-31 22:45:08,950: +PARAM [/usb_cam/image_rect/theora/optimize_for] by /usb_cam/image_proc
[rosmaster.master][INFO] 2020-01-31 22:45:08,950: +PARAM [/usb_cam/image_rect/theora/target_bitrate] by /usb_cam/image_proc
[rosmaster.master][INFO] 2020-01-31 22:45:08,950: publisherUpdate[/rosout] -> http://itachi-HP-Pavilion-Laptop-15-cc1xx:33485/ ['http://itachi-HP-Pavilion-Laptop-15-cc1xx:45959/', 'http://itachi-HP-Pavilion-Laptop-15-cc1xx:32997/', 'http://itachi-HP-Pavilion-Laptop-15-cc1xx:36389/']
[rosmaster.master][INFO] 2020-01-31 22:45:08,950: +PARAM [/usb_cam/image_rect/theora/quality] by /usb_cam/image_proc
[rosmaster.master][INFO] 2020-01-31 22:45:08,951: +PARAM [/usb_cam/image_rect/theora/keyframe_frequency] by /usb_cam/image_proc
[rosmaster.master][INFO] 2020-01-31 22:45:08,952: +PARAM [/usb_cam/image_rect/theora/optimize_for] by /usb_cam/image_proc
[rosmaster.master][INFO] 2020-01-31 22:45:08,952: +PARAM [/usb_cam/image_rect/theora/target_bitrate] by /usb_cam/image_proc
[rosmaster.master][INFO] 2020-01-31 22:45:08,953: +PARAM [/usb_cam/image_rect/theora/quality] by /usb_cam/image_proc
[rosmaster.master][INFO] 2020-01-31 22:45:08,953: +PARAM [/usb_cam/image_rect/theora/keyframe_frequency] by /usb_cam/image_proc
[rosmaster.master][INFO] 2020-01-31 22:45:08,954: +SERVICE [/usb_cam/image_proc_rectify_color/set_parameters] /usb_cam/image_proc http://itachi-HP-Pavilion-Laptop-15-cc1xx:32997/
[rosmaster.master][INFO] 2020-01-31 22:45:08,955: +PUB [/usb_cam/image_proc_rectify_color/parameter_descriptions] /usb_cam/image_proc http://itachi-HP-Pavilion-Laptop-15-cc1xx:32997/
[rosmaster.master][INFO] 2020-01-31 22:45:08,956: +PUB [/usb_cam/image_proc_rectify_color/parameter_updates] /usb_cam/image_proc http://itachi-HP-Pavilion-Laptop-15-cc1xx:32997/
[rosmaster.master][INFO] 2020-01-31 22:45:08,957: +PARAM [/usb_cam/image_proc_rectify_color/interpolation] by /usb_cam/image_proc
[rosmaster.master][INFO] 2020-01-31 22:45:08,957: publisherUpdate[/rosout] -> http://itachi-HP-Pavilion-Laptop-15-cc1xx:33485/ ['http://itachi-HP-Pavilion-Laptop-15-cc1xx:45959/', 'http://itachi-HP-Pavilion-Laptop-15-cc1xx:32997/', 'http://itachi-HP-Pavilion-Laptop-15-cc1xx:36389/']: sec=0.01, result=[1, '', 0]
[rosmaster.master][INFO] 2020-01-31 22:45:08,957: publisherUpdate[/rosout] -> http://itachi-HP-Pavilion-Laptop-15-cc1xx:33485/ ['http://itachi-HP-Pavilion-Laptop-15-cc1xx:45959/', 'http://itachi-HP-Pavilion-Laptop-15-cc1xx:32997/', 'http://itachi-HP-Pavilion-Laptop-15-cc1xx:36389/', 'http://itachi-HP-Pavilion-Laptop-15-cc1xx:44957/']
[rosmaster.master][INFO] 2020-01-31 22:45:08,958: publisherUpdate[/rosout] -> http://itachi-HP-Pavilion-Laptop-15-cc1xx:33485/ ['http://itachi-HP-Pavilion-Laptop-15-cc1xx:45959/', 'http://itachi-HP-Pavilion-Laptop-15-cc1xx:32997/', 'http://itachi-HP-Pavilion-Laptop-15-cc1xx:36389/', 'http://itachi-HP-Pavilion-Laptop-15-cc1xx:44957/']: sec=0.00, result=[1, '', 0]
[rosmaster.master][INFO] 2020-01-31 22:45:08,958: +PARAM [/usb_cam/image_proc_rectify_color/interpolation] by /usb_cam/image_proc
[rosmaster.master][INFO] 2020-01-31 22:45:08,959: +PUB [/usb_cam/image_rect_color/compressedDepth] /usb_cam/image_proc http://itachi-HP-Pavilion-Laptop-15-cc1xx:32997/
[rosmaster.master][INFO] 2020-01-31 22:45:08,960: +SERVICE [/usb_cam/image_rect_color/compressedDepth/set_parameters] /usb_cam/image_proc http://itachi-HP-Pavilion-Laptop-15-cc1xx:32997/
[rosmaster.master][INFO] 2020-01-31 22:45:08,960: +PUB [/usb_cam/image_rect_color/compressedDepth/parameter_descriptions] /usb_cam/image_proc http://itachi-HP-Pavilion-Laptop-15-cc1xx:32997/
[rosmaster.master][INFO] 2020-01-31 22:45:08,961: +PUB [/usb_cam/image_rect_color/compressedDepth/parameter_updates] /usb_cam/image_proc http://itachi-HP-Pavilion-Laptop-15-cc1xx:32997/
[rosmaster.master][INFO] 2020-01-31 22:45:08,963: +PARAM [/usb_cam/image_rect_color/compressedDepth/depth_max] by /usb_cam/image_proc
[rosmaster.master][INFO] 2020-01-31 22:45:08,963: +PARAM [/usb_cam/image_rect_color/compressedDepth/depth_quantization] by /usb_cam/image_proc
[rosmaster.master][INFO] 2020-01-31 22:45:08,964: +PARAM [/usb_cam/image_rect_color/compressedDepth/png_level] by /usb_cam/image_proc
[rosmaster.master][INFO] 2020-01-31 22:45:08,964: +PARAM [/usb_cam/image_rect_color/compressedDepth/depth_max] by /usb_cam/image_proc
[rosmaster.master][INFO] 2020-01-31 22:45:08,964: +PARAM [/usb_cam/image_rect_color/compressedDepth/depth_quantization] by /usb_cam/image_proc
[rosmaster.master][INFO] 2020-01-31 22:45:08,965: +PARAM [/usb_cam/image_rect_color/compressedDepth/png_level] by /usb_cam/image_proc
[rosmaster.master][INFO] 2020-01-31 22:45:08,966: +PUB [/usb_cam/image_rect_color/compressed] /usb_cam/image_proc http://itachi-HP-Pavilion-Laptop-15-cc1xx:32997/
[rosmaster.master][INFO] 2020-01-31 22:45:08,966: +SERVICE [/usb_cam/image_rect_color/compressed/set_parameters] /usb_cam/image_proc http://itachi-HP-Pavilion-Laptop-15-cc1xx:32997/
[rosmaster.master][INFO] 2020-01-31 22:45:08,967: +PUB [/usb_cam/image_rect_color/compressed/parameter_descriptions] /usb_cam/image_proc http://itachi-HP-Pavilion-Laptop-15-cc1xx:32997/
[rosmaster.master][INFO] 2020-01-31 22:45:08,968: +PUB [/usb_cam/image_rect_color/compressed/parameter_updates] /usb_cam/image_proc http://itachi-HP-Pavilion-Laptop-15-cc1xx:32997/
[rosmaster.master][INFO] 2020-01-31 22:45:08,971: +PARAM [/usb_cam/image_rect_color/compressed/format] by /usb_cam/image_proc
[rosmaster.master][INFO] 2020-01-31 22:45:08,972: +PARAM [/usb_cam/image_rect_color/compressed/jpeg_quality] by /usb_cam/image_proc
[rosmaster.master][INFO] 2020-01-31 22:45:08,974: +PARAM [/usb_cam/image_rect_color/compressed/png_level] by /usb_cam/image_proc
[rosmaster.master][INFO] 2020-01-31 22:45:08,974: +PARAM [/usb_cam/image_rect_color/compressed/format] by /usb_cam/image_proc
[rosmaster.master][INFO] 2020-01-31 22:45:08,975: +PARAM [/usb_cam/image_rect_color/compressed/jpeg_quality] by /usb_cam/image_proc
[rosmaster.master][INFO] 2020-01-31 22:45:08,976: +PARAM [/usb_cam/image_rect_color/compressed/png_level] by /usb_cam/image_proc
[rosmaster.master][INFO] 2020-01-31 22:45:08,977: +PUB [/usb_cam/image_rect_color] /usb_cam/image_proc http://itachi-HP-Pavilion-Laptop-15-cc1xx:32997/
[rosmaster.master][INFO] 2020-01-31 22:45:08,978: +PUB [/usb_cam/image_rect_color/theora] /usb_cam/image_proc http://itachi-HP-Pavilion-Laptop-15-cc1xx:32997/
[rosmaster.master][INFO] 2020-01-31 22:45:08,979: +SERVICE [/usb_cam/image_rect_color/theora/set_parameters] /usb_cam/image_proc http://itachi-HP-Pavilion-Laptop-15-cc1xx:32997/
[rosmaster.master][INFO] 2020-01-31 22:45:08,980: +PUB [/usb_cam/image_rect_color/theora/parameter_descriptions] /usb_cam/image_proc http://itachi-HP-Pavilion-Laptop-15-cc1xx:32997/
[rosmaster.master][INFO] 2020-01-31 22:45:08,980: +PUB [/usb_cam/image_rect_color/theora/parameter_updates] /usb_cam/image_proc http://itachi-HP-Pavilion-Laptop-15-cc1xx:32997/
[rosmaster.master][INFO] 2020-01-31 22:45:08,981: +PUB [/tf] /whycon http://itachi-HP-Pavilion-Laptop-15-cc1xx:44957/
[rosmaster.master][INFO] 2020-01-31 22:45:08,984: +PARAM [/usb_cam/image_rect_color/theora/optimize_for] by /usb_cam/image_proc
[rosmaster.master][INFO] 2020-01-31 22:45:08,985: +PARAM [/usb_cam/image_rect_color/theora/target_bitrate] by /usb_cam/image_proc
[rosmaster.master][INFO] 2020-01-31 22:45:08,986: +PARAM [/usb_cam/image_rect_color/theora/quality] by /usb_cam/image_proc
[rosmaster.master][INFO] 2020-01-31 22:45:08,987: +PARAM [/usb_cam/image_rect_color/theora/keyframe_frequency] by /usb_cam/image_proc
[rosmaster.master][INFO] 2020-01-31 22:45:08,987: +SUB [/usb_cam/image_rect_color] /whycon http://itachi-HP-Pavilion-Laptop-15-cc1xx:44957/
[rosmaster.master][INFO] 2020-01-31 22:45:08,988: +PARAM [/usb_cam/image_rect_color/theora/optimize_for] by /usb_cam/image_proc
[rosmaster.master][INFO] 2020-01-31 22:45:08,989: +PARAM [/usb_cam/image_rect_color/theora/target_bitrate] by /usb_cam/image_proc
[rosmaster.master][INFO] 2020-01-31 22:45:08,990: +PARAM [/usb_cam/image_rect_color/theora/quality] by /usb_cam/image_proc
[rosmaster.master][INFO] 2020-01-31 22:45:08,991: +PARAM [/usb_cam/image_rect_color/theora/keyframe_frequency] by /usb_cam/image_proc
[rosmaster.master][INFO] 2020-01-31 22:45:08,994: +SUB [/usb_cam/camera_info] /whycon http://itachi-HP-Pavilion-Laptop-15-cc1xx:44957/
[rosmaster.master][INFO] 2020-01-31 22:45:08,995: +PUB [/whycon/image_out] /whycon http://itachi-HP-Pavilion-Laptop-15-cc1xx:44957/
[rosmaster.master][INFO] 2020-01-31 22:45:08,995: +PUB [/whycon/poses] /whycon http://itachi-HP-Pavilion-Laptop-15-cc1xx:44957/
[rosmaster.master][INFO] 2020-01-31 22:45:08,996: +PUB [/whycon/context] /whycon http://itachi-HP-Pavilion-Laptop-15-cc1xx:44957/
[rosmaster.master][INFO] 2020-01-31 22:45:08,996: +PUB [/whycon/projection] /whycon http://itachi-HP-Pavilion-Laptop-15-cc1xx:44957/
[rosmaster.master][INFO] 2020-01-31 22:45:08,997: +SERVICE [/whycon/reset] /whycon http://itachi-HP-Pavilion-Laptop-15-cc1xx:44957/
[rosmaster.master][INFO] 2020-01-31 22:45:09,086: +SUB [/whycon/image_out] /whycon_display/image_view http://itachi-HP-Pavilion-Laptop-15-cc1xx:36389/
[rosmaster.master][INFO] 2020-01-31 22:45:09,087: +PUB [/whycon_display/image_view/output] /whycon_display/image_view http://itachi-HP-Pavilion-Laptop-15-cc1xx:36389/
[rosmaster.master][INFO] 2020-01-31 22:45:09,088: +SERVICE [/whycon_display/image_view/set_parameters] /whycon_display/image_view http://itachi-HP-Pavilion-Laptop-15-cc1xx:36389/
[rosmaster.master][INFO] 2020-01-31 22:45:09,088: +PUB [/whycon_display/image_view/parameter_descriptions] /whycon_display/image_view http://itachi-HP-Pavilion-Laptop-15-cc1xx:36389/
[rosmaster.master][INFO] 2020-01-31 22:45:09,089: +PUB [/whycon_display/image_view/parameter_updates] /whycon_display/image_view http://itachi-HP-Pavilion-Laptop-15-cc1xx:36389/
[rosmaster.master][INFO] 2020-01-31 22:45:09,091: +PARAM [/whycon_display/image_view/do_dynamic_scaling] by /whycon_display/image_view
[rosmaster.master][INFO] 2020-01-31 22:45:09,091: +PARAM [/whycon_display/image_view/colormap] by /whycon_display/image_view
[rosmaster.master][INFO] 2020-01-31 22:45:09,092: +PARAM [/whycon_display/image_view/min_image_value] by /whycon_display/image_view
[rosmaster.master][INFO] 2020-01-31 22:45:09,092: +PARAM [/whycon_display/image_view/max_image_value] by /whycon_display/image_view
[rosmaster.master][INFO] 2020-01-31 22:45:09,092: +PARAM [/whycon_display/image_view/do_dynamic_scaling] by /whycon_display/image_view
[rosmaster.master][INFO] 2020-01-31 22:45:09,093: +PARAM [/whycon_display/image_view/colormap] by /whycon_display/image_view
[rosmaster.master][INFO] 2020-01-31 22:45:09,093: +PARAM [/whycon_display/image_view/min_image_value] by /whycon_display/image_view
[rosmaster.master][INFO] 2020-01-31 22:45:09,094: +PARAM [/whycon_display/image_view/max_image_value] by /whycon_display/image_view
[rosmaster.master][INFO] 2020-01-31 22:45:09,162: +SUB [/usb_cam/image_color] /usb_cam/image_proc http://itachi-HP-Pavilion-Laptop-15-cc1xx:32997/
[rosmaster.master][INFO] 2020-01-31 22:45:09,165: +SUB [/usb_cam/camera_info] /usb_cam/image_proc http://itachi-HP-Pavilion-Laptop-15-cc1xx:32997/
[rosmaster.master][INFO] 2020-01-31 22:45:09,167: +SUB [/usb_cam/image_raw] /usb_cam/image_proc http://itachi-HP-Pavilion-Laptop-15-cc1xx:32997/
[rosmaster.master][INFO] 2020-01-31 22:45:21,174: -PUB [/rosout] /usb_cam http://itachi-HP-Pavilion-Laptop-15-cc1xx:45959/
[rosmaster.master][INFO] 2020-01-31 22:45:21,175: -PUB [/usb_cam/image_raw/compressedDepth] /usb_cam http://itachi-HP-Pavilion-Laptop-15-cc1xx:45959/
[rosmaster.master][INFO] 2020-01-31 22:45:21,175: -PUB [/usb_cam/image_raw/compressedDepth/parameter_descriptions] /usb_cam http://itachi-HP-Pavilion-Laptop-15-cc1xx:45959/
[rosmaster.master][INFO] 2020-01-31 22:45:21,176: publisherUpdate[/rosout] -> http://itachi-HP-Pavilion-Laptop-15-cc1xx:33485/ ['http://itachi-HP-Pavilion-Laptop-15-cc1xx:32997/', 'http://itachi-HP-Pavilion-Laptop-15-cc1xx:36389/', 'http://itachi-HP-Pavilion-Laptop-15-cc1xx:44957/']
[rosmaster.master][INFO] 2020-01-31 22:45:21,176: -PUB [/rosout] /whycon http://itachi-HP-Pavilion-Laptop-15-cc1xx:44957/
[rosmaster.master][INFO] 2020-01-31 22:45:21,176: publisherUpdate[/rosout] -> http://itachi-HP-Pavilion-Laptop-15-cc1xx:33485/ ['http://itachi-HP-Pavilion-Laptop-15-cc1xx:32997/', 'http://itachi-HP-Pavilion-Laptop-15-cc1xx:36389/', 'http://itachi-HP-Pavilion-Laptop-15-cc1xx:44957/']: sec=0.00, result=[1, '', 0]
[rosmaster.master][INFO] 2020-01-31 22:45:21,177: -PUB [/usb_cam/image_raw/compressedDepth/parameter_updates] /usb_cam http://itachi-HP-Pavilion-Laptop-15-cc1xx:45959/
[rosmaster.master][INFO] 2020-01-31 22:45:21,177: publisherUpdate[/rosout] -> http://itachi-HP-Pavilion-Laptop-15-cc1xx:33485/ ['http://itachi-HP-Pavilion-Laptop-15-cc1xx:32997/', 'http://itachi-HP-Pavilion-Laptop-15-cc1xx:36389/']
[rosmaster.master][INFO] 2020-01-31 22:45:21,178: publisherUpdate[/rosout] -> http://itachi-HP-Pavilion-Laptop-15-cc1xx:33485/ ['http://itachi-HP-Pavilion-Laptop-15-cc1xx:32997/', 'http://itachi-HP-Pavilion-Laptop-15-cc1xx:36389/']: sec=0.00, result=[1, '', 0]
[rosmaster.master][INFO] 2020-01-31 22:45:21,179: -PUB [/tf] /whycon http://itachi-HP-Pavilion-Laptop-15-cc1xx:44957/
[rosmaster.master][INFO] 2020-01-31 22:45:21,180: -PUB [/usb_cam/image_raw/compressed] /usb_cam http://itachi-HP-Pavilion-Laptop-15-cc1xx:45959/
[rosmaster.master][INFO] 2020-01-31 22:45:21,180: -PUB [/whycon/image_out] /whycon http://itachi-HP-Pavilion-Laptop-15-cc1xx:44957/
[rosmaster.master][INFO] 2020-01-31 22:45:21,181: -PUB [/usb_cam/image_raw/compressed/parameter_descriptions] /usb_cam http://itachi-HP-Pavilion-Laptop-15-cc1xx:45959/
[rosmaster.master][INFO] 2020-01-31 22:45:21,181: -PUB [/whycon/poses] /whycon http://itachi-HP-Pavilion-Laptop-15-cc1xx:44957/
[rosmaster.master][INFO] 2020-01-31 22:45:21,182: -PUB [/usb_cam/image_raw/compressed/parameter_updates] /usb_cam http://itachi-HP-Pavilion-Laptop-15-cc1xx:45959/
[rosmaster.master][INFO] 2020-01-31 22:45:21,182: -PUB [/whycon/context] /whycon http://itachi-HP-Pavilion-Laptop-15-cc1xx:44957/
[rosmaster.master][INFO] 2020-01-31 22:45:21,183: -PUB [/usb_cam/image_raw] /usb_cam http://itachi-HP-Pavilion-Laptop-15-cc1xx:45959/
[rosmaster.master][INFO] 2020-01-31 22:45:21,183: -PUB [/whycon/projection] /whycon http://itachi-HP-Pavilion-Laptop-15-cc1xx:44957/
[rosmaster.master][INFO] 2020-01-31 22:45:21,184: -PUB [/usb_cam/image_raw/theora] /usb_cam http://itachi-HP-Pavilion-Laptop-15-cc1xx:45959/
[rosmaster.master][INFO] 2020-01-31 22:45:21,184: -SUB [/usb_cam/image_rect_color] /whycon http://itachi-HP-Pavilion-Laptop-15-cc1xx:44957/
[rosmaster.master][INFO] 2020-01-31 22:45:21,185: -PUB [/usb_cam/image_raw/theora/parameter_descriptions] /usb_cam http://itachi-HP-Pavilion-Laptop-15-cc1xx:45959/
[rosmaster.master][INFO] 2020-01-31 22:45:21,185: -SUB [/usb_cam/camera_info] /whycon http://itachi-HP-Pavilion-Laptop-15-cc1xx:44957/
[rosmaster.master][INFO] 2020-01-31 22:45:21,186: -PUB [/usb_cam/image_raw/theora/parameter_updates] /usb_cam http://itachi-HP-Pavilion-Laptop-15-cc1xx:45959/
[rosmaster.master][INFO] 2020-01-31 22:45:21,186: -SERVICE [/whycon/get_loggers] /whycon rosrpc://itachi-HP-Pavilion-Laptop-15-cc1xx:55457
[rosmaster.master][INFO] 2020-01-31 22:45:21,187: -PUB [/usb_cam/camera_info] /usb_cam http://itachi-HP-Pavilion-Laptop-15-cc1xx:45959/
[rosmaster.master][INFO] 2020-01-31 22:45:21,187: -SERVICE [/whycon/set_logger_level] /whycon rosrpc://itachi-HP-Pavilion-Laptop-15-cc1xx:55457
[rosmaster.master][INFO] 2020-01-31 22:45:21,188: -SERVICE [/usb_cam/get_loggers] /usb_cam rosrpc://itachi-HP-Pavilion-Laptop-15-cc1xx:48603
[rosmaster.master][INFO] 2020-01-31 22:45:21,188: -SERVICE [/whycon/reset] /whycon rosrpc://itachi-HP-Pavilion-Laptop-15-cc1xx:55457
[rosmaster.master][INFO] 2020-01-31 22:45:21,189: -SERVICE [/usb_cam/set_logger_level] /usb_cam rosrpc://itachi-HP-Pavilion-Laptop-15-cc1xx:48603
[rosmaster.master][INFO] 2020-01-31 22:45:21,190: -SERVICE [/usb_cam/image_raw/compressedDepth/set_parameters] /usb_cam rosrpc://itachi-HP-Pavilion-Laptop-15-cc1xx:48603
[rosmaster.master][INFO] 2020-01-31 22:45:21,190: -SERVICE [/usb_cam/image_raw/compressed/set_parameters] /usb_cam rosrpc://itachi-HP-Pavilion-Laptop-15-cc1xx:48603
[rosmaster.master][INFO] 2020-01-31 22:45:21,190: -SERVICE [/usb_cam/image_raw/theora/set_parameters] /usb_cam rosrpc://itachi-HP-Pavilion-Laptop-15-cc1xx:48603
[rosmaster.master][INFO] 2020-01-31 22:45:21,191: -SERVICE [/usb_cam/set_camera_info] /usb_cam rosrpc://itachi-HP-Pavilion-Laptop-15-cc1xx:48603
[rosmaster.master][INFO] 2020-01-31 22:45:21,191: -SERVICE [/usb_cam/start_capture] /usb_cam rosrpc://itachi-HP-Pavilion-Laptop-15-cc1xx:48603
[rosmaster.master][INFO] 2020-01-31 22:45:21,192: -SERVICE [/usb_cam/stop_capture] /usb_cam rosrpc://itachi-HP-Pavilion-Laptop-15-cc1xx:48603
[rosmaster.master][INFO] 2020-01-31 22:45:21,267: publisherUpdate[/whycon/image_out] -> http://itachi-HP-Pavilion-Laptop-15-cc1xx:36389/ []
[rosmaster.master][INFO] 2020-01-31 22:45:21,267: publisherUpdate[/usb_cam/image_raw] -> http://itachi-HP-Pavilion-Laptop-15-cc1xx:32997/ []
[rosmaster.master][INFO] 2020-01-31 22:45:21,268: publisherUpdate[/whycon/image_out] -> http://itachi-HP-Pavilion-Laptop-15-cc1xx:36389/ []: sec=0.00, result=[0, 'Unknown Error', 0]
[rosmaster.master][INFO] 2020-01-31 22:45:21,268: publisherUpdate[/usb_cam/image_raw] -> http://itachi-HP-Pavilion-Laptop-15-cc1xx:32997/ []: sec=0.00, result=[0, 'Unknown Error', 0]
[rosmaster.master][INFO] 2020-01-31 22:45:21,268: publisherUpdate[/usb_cam/camera_info] -> http://itachi-HP-Pavilion-Laptop-15-cc1xx:32997/ []
[rosmaster.master][INFO] 2020-01-31 22:45:21,268: publisherUpdate[/usb_cam/camera_info] -> http://itachi-HP-Pavilion-Laptop-15-cc1xx:32997/ []: sec=0.00, result=[0, 'Unknown Error', 0]
[rosmaster.master][INFO] 2020-01-31 22:45:21,368: -PUB [/rosout] /whycon_display/image_view http://itachi-HP-Pavilion-Laptop-15-cc1xx:36389/
[rosmaster.master][INFO] 2020-01-31 22:45:21,368: publisherUpdate[/rosout] -> http://itachi-HP-Pavilion-Laptop-15-cc1xx:33485/ ['http://itachi-HP-Pavilion-Laptop-15-cc1xx:32997/']
[rosmaster.master][INFO] 2020-01-31 22:45:21,369: publisherUpdate[/rosout] -> http://itachi-HP-Pavilion-Laptop-15-cc1xx:33485/ ['http://itachi-HP-Pavilion-Laptop-15-cc1xx:32997/']: sec=0.00, result=[1, '', 0]
[rosmaster.master][INFO] 2020-01-31 22:45:21,369: -PUB [/rosout] /usb_cam/image_proc http://itachi-HP-Pavilion-Laptop-15-cc1xx:32997/
[rosmaster.master][INFO] 2020-01-31 22:45:21,370: publisherUpdate[/rosout] -> http://itachi-HP-Pavilion-Laptop-15-cc1xx:33485/ []
[rosmaster.master][INFO] 2020-01-31 22:45:21,370: -PUB [/whycon_display/image_view/output] /whycon_display/image_view http://itachi-HP-Pavilion-Laptop-15-cc1xx:36389/
[rosmaster.master][INFO] 2020-01-31 22:45:21,370: publisherUpdate[/rosout] -> http://itachi-HP-Pavilion-Laptop-15-cc1xx:33485/ []: sec=0.00, result=[1, '', 0]
[rosmaster.master][INFO] 2020-01-31 22:45:21,371: -PUB [/usb_cam/image_proc_debayer/parameter_descriptions] /usb_cam/image_proc http://itachi-HP-Pavilion-Laptop-15-cc1xx:32997/
[rosmaster.master][INFO] 2020-01-31 22:45:21,371: -PUB [/whycon_display/image_view/parameter_descriptions] /whycon_display/image_view http://itachi-HP-Pavilion-Laptop-15-cc1xx:36389/
[rosmaster.master][INFO] 2020-01-31 22:45:21,372: -PUB [/usb_cam/image_proc_debayer/parameter_updates] /usb_cam/image_proc http://itachi-HP-Pavilion-Laptop-15-cc1xx:32997/
[rosmaster.master][INFO] 2020-01-31 22:45:21,372: -PUB [/whycon_display/image_view/parameter_updates] /whycon_display/image_view http://itachi-HP-Pavilion-Laptop-15-cc1xx:36389/
[rosmaster.master][INFO] 2020-01-31 22:45:21,373: -PUB [/usb_cam/image_mono/compressedDepth] /usb_cam/image_proc http://itachi-HP-Pavilion-Laptop-15-cc1xx:32997/
[rosmaster.master][INFO] 2020-01-31 22:45:21,373: -SUB [/whycon/image_out] /whycon_display/image_view http://itachi-HP-Pavilion-Laptop-15-cc1xx:36389/
[rosmaster.master][INFO] 2020-01-31 22:45:21,373: -PUB [/usb_cam/image_mono/compressedDepth/parameter_descriptions] /usb_cam/image_proc http://itachi-HP-Pavilion-Laptop-15-cc1xx:32997/
[rosmaster.master][INFO] 2020-01-31 22:45:21,374: -SERVICE [/whycon_display/image_view/get_loggers] /whycon_display/image_view rosrpc://itachi-HP-Pavilion-Laptop-15-cc1xx:51267
[rosmaster.master][INFO] 2020-01-31 22:45:21,374: -PUB [/usb_cam/image_mono/compressedDepth/parameter_updates] /usb_cam/image_proc http://itachi-HP-Pavilion-Laptop-15-cc1xx:32997/
[rosmaster.master][INFO] 2020-01-31 22:45:21,375: -SERVICE [/whycon_display/image_view/set_logger_level] /whycon_display/image_view rosrpc://itachi-HP-Pavilion-Laptop-15-cc1xx:51267
[rosmaster.master][INFO] 2020-01-31 22:45:21,375: -PUB [/usb_cam/image_mono/compressed] /usb_cam/image_proc http://itachi-HP-Pavilion-Laptop-15-cc1xx:32997/
[rosmaster.master][INFO] 2020-01-31 22:45:21,376: -SERVICE [/whycon_display/image_view/set_parameters] /whycon_display/image_view rosrpc://itachi-HP-Pavilion-Laptop-15-cc1xx:51267
[rosmaster.master][INFO] 2020-01-31 22:45:21,376: -PUB [/usb_cam/image_mono/compressed/parameter_descriptions] /usb_cam/image_proc http://itachi-HP-Pavilion-Laptop-15-cc1xx:32997/
[rosmaster.master][INFO] 2020-01-31 22:45:21,377: -PUB [/usb_cam/image_mono/compressed/parameter_updates] /usb_cam/image_proc http://itachi-HP-Pavilion-Laptop-15-cc1xx:32997/
[rosmaster.master][INFO] 2020-01-31 22:45:21,377: -PUB [/usb_cam/image_mono] /usb_cam/image_proc http://itachi-HP-Pavilion-Laptop-15-cc1xx:32997/
[rosmaster.master][INFO] 2020-01-31 22:45:21,378: -PUB [/usb_cam/image_mono/theora] /usb_cam/image_proc http://itachi-HP-Pavilion-Laptop-15-cc1xx:32997/
[rosmaster.master][INFO] 2020-01-31 22:45:21,378: -PUB [/usb_cam/image_mono/theora/parameter_descriptions] /usb_cam/image_proc http://itachi-HP-Pavilion-Laptop-15-cc1xx:32997/
[rosmaster.master][INFO] 2020-01-31 22:45:21,378: -PUB [/usb_cam/image_mono/theora/parameter_updates] /usb_cam/image_proc http://itachi-HP-Pavilion-Laptop-15-cc1xx:32997/
[rosmaster.master][INFO] 2020-01-31 22:45:21,379: -PUB [/usb_cam/image_color/compressedDepth] /usb_cam/image_proc http://itachi-HP-Pavilion-Laptop-15-cc1xx:32997/
[rosmaster.master][INFO] 2020-01-31 22:45:21,379: -PUB [/usb_cam/image_color/compressedDepth/parameter_descriptions] /usb_cam/image_proc http://itachi-HP-Pavilion-Laptop-15-cc1xx:32997/
[rosmaster.master][INFO] 2020-01-31 22:45:21,380: -PUB [/usb_cam/image_color/compressedDepth/parameter_updates] /usb_cam/image_proc http://itachi-HP-Pavilion-Laptop-15-cc1xx:32997/
[rosmaster.master][INFO] 2020-01-31 22:45:21,381: -PUB [/usb_cam/image_color/compressed] /usb_cam/image_proc http://itachi-HP-Pavilion-Laptop-15-cc1xx:32997/
[rosmaster.master][INFO] 2020-01-31 22:45:21,382: -PUB [/usb_cam/image_color/compressed/parameter_descriptions] /usb_cam/image_proc http://itachi-HP-Pavilion-Laptop-15-cc1xx:32997/
[rosmaster.master][INFO] 2020-01-31 22:45:21,383: -PUB [/usb_cam/image_color/compressed/parameter_updates] /usb_cam/image_proc http://itachi-HP-Pavilion-Laptop-15-cc1xx:32997/
[rosmaster.master][INFO] 2020-01-31 22:45:21,383: -PUB [/usb_cam/image_color] /usb_cam/image_proc http://itachi-HP-Pavilion-Laptop-15-cc1xx:32997/
[rosmaster.master][INFO] 2020-01-31 22:45:21,384: -PUB [/usb_cam/image_color/theora] /usb_cam/image_proc http://itachi-HP-Pavilion-Laptop-15-cc1xx:32997/
[rosmaster.master][INFO] 2020-01-31 22:45:21,384: -PUB [/usb_cam/image_color/theora/parameter_descriptions] /usb_cam/image_proc http://itachi-HP-Pavilion-Laptop-15-cc1xx:32997/
[rosmaster.master][INFO] 2020-01-31 22:45:21,387: -PUB [/usb_cam/image_color/theora/parameter_updates] /usb_cam/image_proc http://itachi-HP-Pavilion-Laptop-15-cc1xx:32997/
[rosmaster.master][INFO] 2020-01-31 22:45:21,388: -PUB [/usb_cam/image_proc_rectify_mono/parameter_descriptions] /usb_cam/image_proc http://itachi-HP-Pavilion-Laptop-15-cc1xx:32997/
[rosmaster.master][INFO] 2020-01-31 22:45:21,388: -PUB [/usb_cam/image_proc_rectify_mono/parameter_updates] /usb_cam/image_proc http://itachi-HP-Pavilion-Laptop-15-cc1xx:32997/
[rosmaster.master][INFO] 2020-01-31 22:45:21,389: -PUB [/usb_cam/image_rect/compressedDepth] /usb_cam/image_proc http://itachi-HP-Pavilion-Laptop-15-cc1xx:32997/
[rosmaster.master][INFO] 2020-01-31 22:45:21,390: -PUB [/usb_cam/image_rect/compressedDepth/parameter_descriptions] /usb_cam/image_proc http://itachi-HP-Pavilion-Laptop-15-cc1xx:32997/
[rosmaster.master][INFO] 2020-01-31 22:45:21,390: -PUB [/usb_cam/image_rect/compressedDepth/parameter_updates] /usb_cam/image_proc http://itachi-HP-Pavilion-Laptop-15-cc1xx:32997/
[rosmaster.master][INFO] 2020-01-31 22:45:21,391: -PUB [/usb_cam/image_rect/compressed] /usb_cam/image_proc http://itachi-HP-Pavilion-Laptop-15-cc1xx:32997/
[rosmaster.master][INFO] 2020-01-31 22:45:21,391: -PUB [/usb_cam/image_rect/compressed/parameter_descriptions] /usb_cam/image_proc http://itachi-HP-Pavilion-Laptop-15-cc1xx:32997/
[rosmaster.master][INFO] 2020-01-31 22:45:21,392: -PUB [/usb_cam/image_rect/compressed/parameter_updates] /usb_cam/image_proc http://itachi-HP-Pavilion-Laptop-15-cc1xx:32997/
[rosmaster.master][INFO] 2020-01-31 22:45:21,392: -PUB [/usb_cam/image_rect] /usb_cam/image_proc http://itachi-HP-Pavilion-Laptop-15-cc1xx:32997/
[rosmaster.master][INFO] 2020-01-31 22:45:21,393: -PUB [/usb_cam/image_rect/theora] /usb_cam/image_proc http://itachi-HP-Pavilion-Laptop-15-cc1xx:32997/
[rosmaster.master][INFO] 2020-01-31 22:45:21,393: -PUB [/usb_cam/image_rect/theora/parameter_descriptions] /usb_cam/image_proc http://itachi-HP-Pavilion-Laptop-15-cc1xx:32997/
[rosmaster.master][INFO] 2020-01-31 22:45:21,393: -PUB [/usb_cam/image_rect/theora/parameter_updates] /usb_cam/image_proc http://itachi-HP-Pavilion-Laptop-15-cc1xx:32997/
[rosmaster.master][INFO] 2020-01-31 22:45:21,394: -PUB [/usb_cam/image_proc_rectify_color/parameter_descriptions] /usb_cam/image_proc http://itachi-HP-Pavilion-Laptop-15-cc1xx:32997/
[rosmaster.master][INFO] 2020-01-31 22:45:21,394: -PUB [/usb_cam/image_proc_rectify_color/parameter_updates] /usb_cam/image_proc http://itachi-HP-Pavilion-Laptop-15-cc1xx:32997/
[rosmaster.master][INFO] 2020-01-31 22:45:21,395: -PUB [/usb_cam/image_rect_color/compressedDepth] /usb_cam/image_proc http://itachi-HP-Pavilion-Laptop-15-cc1xx:32997/
[rosmaster.master][INFO] 2020-01-31 22:45:21,395: -PUB [/usb_cam/image_rect_color/compressedDepth/parameter_descriptions] /usb_cam/image_proc http://itachi-HP-Pavilion-Laptop-15-cc1xx:32997/
[rosmaster.master][INFO] 2020-01-31 22:45:21,395: -PUB [/usb_cam/image_rect_color/compressedDepth/parameter_updates] /usb_cam/image_proc http://itachi-HP-Pavilion-Laptop-15-cc1xx:32997/
[rosmaster.master][INFO] 2020-01-31 22:45:21,396: -PUB [/usb_cam/image_rect_color/compressed] /usb_cam/image_proc http://itachi-HP-Pavilion-Laptop-15-cc1xx:32997/
[rosmaster.master][INFO] 2020-01-31 22:45:21,397: -PUB [/usb_cam/image_rect_color/compressed/parameter_descriptions] /usb_cam/image_proc http://itachi-HP-Pavilion-Laptop-15-cc1xx:32997/
[rosmaster.master][INFO] 2020-01-31 22:45:21,397: -PUB [/usb_cam/image_rect_color/compressed/parameter_updates] /usb_cam/image_proc http://itachi-HP-Pavilion-Laptop-15-cc1xx:32997/
[rosmaster.master][INFO] 2020-01-31 22:45:21,398: -PUB [/usb_cam/image_rect_color] /usb_cam/image_proc http://itachi-HP-Pavilion-Laptop-15-cc1xx:32997/
[rosmaster.master][INFO] 2020-01-31 22:45:21,398: -PUB [/usb_cam/image_rect_color/theora] /usb_cam/image_proc http://itachi-HP-Pavilion-Laptop-15-cc1xx:32997/
[rosmaster.master][INFO] 2020-01-31 22:45:21,399: -PUB [/usb_cam/image_rect_color/theora/parameter_descriptions] /usb_cam/image_proc http://itachi-HP-Pavilion-Laptop-15-cc1xx:32997/
[rosmaster.master][INFO] 2020-01-31 22:45:21,399: -PUB [/usb_cam/image_rect_color/theora/parameter_updates] /usb_cam/image_proc http://itachi-HP-Pavilion-Laptop-15-cc1xx:32997/
[rosmaster.master][INFO] 2020-01-31 22:45:21,400: -SUB [/usb_cam/image_color] /usb_cam/image_proc http://itachi-HP-Pavilion-Laptop-15-cc1xx:32997/
[rosmaster.master][INFO] 2020-01-31 22:45:21,400: -SUB [/usb_cam/camera_info] /usb_cam/image_proc http://itachi-HP-Pavilion-Laptop-15-cc1xx:32997/
[rosmaster.master][INFO] 2020-01-31 22:45:21,401: -SUB [/usb_cam/image_raw] /usb_cam/image_proc http://itachi-HP-Pavilion-Laptop-15-cc1xx:32997/
[rosmaster.master][INFO] 2020-01-31 22:45:21,401: -SERVICE [/usb_cam/image_proc/get_loggers] /usb_cam/image_proc rosrpc://itachi-HP-Pavilion-Laptop-15-cc1xx:46539
[rosmaster.master][INFO] 2020-01-31 22:45:21,401: -SERVICE [/usb_cam/image_proc/set_logger_level] /usb_cam/image_proc rosrpc://itachi-HP-Pavilion-Laptop-15-cc1xx:46539
[rosmaster.master][INFO] 2020-01-31 22:45:21,402: -SERVICE [/usb_cam/image_proc_debayer/set_parameters] /usb_cam/image_proc rosrpc://itachi-HP-Pavilion-Laptop-15-cc1xx:46539
[rosmaster.master][INFO] 2020-01-31 22:45:21,402: -SERVICE [/usb_cam/image_mono/compressedDepth/set_parameters] /usb_cam/image_proc rosrpc://itachi-HP-Pavilion-Laptop-15-cc1xx:46539
[rosmaster.master][INFO] 2020-01-31 22:45:21,403: -SERVICE [/usb_cam/image_mono/compressed/set_parameters] /usb_cam/image_proc rosrpc://itachi-HP-Pavilion-Laptop-15-cc1xx:46539
[rosmaster.master][INFO] 2020-01-31 22:45:21,403: -SERVICE [/usb_cam/image_mono/theora/set_parameters] /usb_cam/image_proc rosrpc://itachi-HP-Pavilion-Laptop-15-cc1xx:46539
[rosmaster.master][INFO] 2020-01-31 22:45:21,404: -SERVICE [/usb_cam/image_color/compressedDepth/set_parameters] /usb_cam/image_proc rosrpc://itachi-HP-Pavilion-Laptop-15-cc1xx:46539
[rosmaster.master][INFO] 2020-01-31 22:45:21,404: -SERVICE [/usb_cam/image_color/compressed/set_parameters] /usb_cam/image_proc rosrpc://itachi-HP-Pavilion-Laptop-15-cc1xx:46539
[rosmaster.master][INFO] 2020-01-31 22:45:21,404: -SERVICE [/usb_cam/image_color/theora/set_parameters] /usb_cam/image_proc rosrpc://itachi-HP-Pavilion-Laptop-15-cc1xx:46539
[rosmaster.master][INFO] 2020-01-31 22:45:21,405: -SERVICE [/usb_cam/image_proc_rectify_mono/set_parameters] /usb_cam/image_proc rosrpc://itachi-HP-Pavilion-Laptop-15-cc1xx:46539
[rosmaster.master][INFO] 2020-01-31 22:45:21,405: -SERVICE [/usb_cam/image_rect/compressedDepth/set_parameters] /usb_cam/image_proc rosrpc://itachi-HP-Pavilion-Laptop-15-cc1xx:46539
[rosmaster.master][INFO] 2020-01-31 22:45:21,406: -SERVICE [/usb_cam/image_rect/compressed/set_parameters] /usb_cam/image_proc rosrpc://itachi-HP-Pavilion-Laptop-15-cc1xx:46539
[rosmaster.master][INFO] 2020-01-31 22:45:21,406: -SERVICE [/usb_cam/image_rect/theora/set_parameters] /usb_cam/image_proc rosrpc://itachi-HP-Pavilion-Laptop-15-cc1xx:46539
[rosmaster.master][INFO] 2020-01-31 22:45:21,406: -SERVICE [/usb_cam/image_proc_rectify_color/set_parameters] /usb_cam/image_proc rosrpc://itachi-HP-Pavilion-Laptop-15-cc1xx:46539
[rosmaster.master][INFO] 2020-01-31 22:45:21,407: -SERVICE [/usb_cam/image_rect_color/compressedDepth/set_parameters] /usb_cam/image_proc rosrpc://itachi-HP-Pavilion-Laptop-15-cc1xx:46539
[rosmaster.master][INFO] 2020-01-31 22:45:21,407: -SERVICE [/usb_cam/image_rect_color/compressed/set_parameters] /usb_cam/image_proc rosrpc://itachi-HP-Pavilion-Laptop-15-cc1xx:46539
[rosmaster.master][INFO] 2020-01-31 22:45:21,408: -SERVICE [/usb_cam/image_rect_color/theora/set_parameters] /usb_cam/image_proc rosrpc://itachi-HP-Pavilion-Laptop-15-cc1xx:46539
[rosmaster.master][INFO] 2020-01-31 22:45:21,469: publisherUpdate[/usb_cam/image_color] -> http://itachi-HP-Pavilion-Laptop-15-cc1xx:32997/ []
[rosmaster.master][INFO] 2020-01-31 22:45:21,470: publisherUpdate[/usb_cam/image_color] -> http://itachi-HP-Pavilion-Laptop-15-cc1xx:32997/ []: sec=0.00, exception=<Fault -1: 'publisherUpdate: unknown method name'>
[rosmaster.threadpool][ERROR] 2020-01-31 22:45:21,472: Traceback (most recent call last):
  File "/opt/ros/kinetic/lib/python2.7/dist-packages/rosmaster/threadpool.py", line 218, in run
    result = cmd(*args)
  File "/opt/ros/kinetic/lib/python2.7/dist-packages/rosmaster/master_api.py", line 210, in publisher_update_task
    ret = xmlrpcapi(api).publisherUpdate('/master', topic, pub_uris)
  File "/usr/lib/python2.7/xmlrpclib.py", line 1243, in __call__
    return self.__send(self.__name, args)
  File "/usr/lib/python2.7/xmlrpclib.py", line 1602, in __request
    verbose=self.__verbose
  File "/usr/lib/python2.7/xmlrpclib.py", line 1283, in request
    return self.single_request(host, handler, request_body, verbose)
  File "/usr/lib/python2.7/xmlrpclib.py", line 1316, in single_request
    return self.parse_response(response)
  File "/usr/lib/python2.7/xmlrpclib.py", line 1493, in parse_response
    return u.close()
  File "/usr/lib/python2.7/xmlrpclib.py", line 800, in close
    raise Fault(**self._stack[0])
Fault: <Fault -1: 'publisherUpdate: unknown method name'>

[rosmaster.master][INFO] 2020-01-31 22:45:21,771: -PUB [/rosout_agg] /rosout http://itachi-HP-Pavilion-Laptop-15-cc1xx:33485/
[rosmaster.master][INFO] 2020-01-31 22:45:21,772: -SUB [/rosout] /rosout http://itachi-HP-Pavilion-Laptop-15-cc1xx:33485/
[rosmaster.master][INFO] 2020-01-31 22:45:21,773: -SERVICE [/rosout/get_loggers] /rosout rosrpc://itachi-HP-Pavilion-Laptop-15-cc1xx:38125
[rosmaster.master][INFO] 2020-01-31 22:45:21,773: -SERVICE [/rosout/set_logger_level] /rosout rosrpc://itachi-HP-Pavilion-Laptop-15-cc1xx:38125
[rosmaster.main][INFO] 2020-01-31 22:45:21,827: keyboard interrupt, will exit
[rosmaster.main][INFO] 2020-01-31 22:45:21,827: stopping master...
[rospy.core][INFO] 2020-01-31 22:45:21,827: signal_shutdown [atexit]
