[rosmaster.main][INFO] 2020-01-30 16:50:56,979: initialization complete, waiting for shutdown
[rosmaster.main][INFO] 2020-01-30 16:50:56,979: Starting ROS Master Node
[xmlrpc][INFO] 2020-01-30 16:50:56,979: XML-RPC server binding to 0.0.0.0:11311
[xmlrpc][INFO] 2020-01-30 16:50:56,980: Started XML-RPC server [http://itachi-HP-Pavilion-Laptop-15-cc1xx:11311/]
[xmlrpc][INFO] 2020-01-30 16:50:56,980: xml rpc node: starting XML-RPC server
[rosmaster.master][INFO] 2020-01-30 16:50:56,980: Master initialized: port[11311], uri[http://itachi-HP-Pavilion-Laptop-15-cc1xx:11311/]
[rosmaster.master][INFO] 2020-01-30 16:50:57,037: +PARAM [/run_id] by /roslaunch
[rosmaster.master][INFO] 2020-01-30 16:50:57,039: +PARAM [/roslaunch/uris/host_itachi_hp_pavilion_laptop_15_cc1xx__46269] by /roslaunch
[rosmaster.master][INFO] 2020-01-30 16:50:57,136: +PARAM [/usb_cam/image_width] by /roslaunch
[rosmaster.master][INFO] 2020-01-30 16:50:57,136: +PARAM [/usb_cam/video_device] by /roslaunch
[rosmaster.master][INFO] 2020-01-30 16:50:57,136: +PARAM [/rosdistro] by /roslaunch
[rosmaster.master][INFO] 2020-01-30 16:50:57,136: +PARAM [/whycon/targets] by /roslaunch
[rosmaster.master][INFO] 2020-01-30 16:50:57,136: +PARAM [/usb_cam/pixel_format] by /roslaunch
[rosmaster.master][INFO] 2020-01-30 16:50:57,136: +PARAM [/usb_cam/io_method] by /roslaunch
[rosmaster.master][INFO] 2020-01-30 16:50:57,136: +PARAM [/usb_cam/camera_frame_id] by /roslaunch
[rosmaster.master][INFO] 2020-01-30 16:50:57,136: +PARAM [/rosversion] by /roslaunch
[rosmaster.master][INFO] 2020-01-30 16:50:57,137: +PARAM [/whycon/outer_diameter] by /roslaunch
[rosmaster.master][INFO] 2020-01-30 16:50:57,137: +PARAM [/usb_cam/image_height] by /roslaunch
[rosmaster.master][INFO] 2020-01-30 16:50:57,137: +PARAM [/whycon/name] by /roslaunch
[rosmaster.master][INFO] 2020-01-30 16:50:57,137: +PARAM [/whycon/inner_diameter] by /roslaunch
[rosmaster.master][INFO] 2020-01-30 16:50:57,138: +SERVICE [/rosout/get_loggers] /rosout http://itachi-HP-Pavilion-Laptop-15-cc1xx:43411/
[rosmaster.master][INFO] 2020-01-30 16:50:57,138: +SERVICE [/rosout/set_logger_level] /rosout http://itachi-HP-Pavilion-Laptop-15-cc1xx:43411/
[rosmaster.master][INFO] 2020-01-30 16:50:57,140: +PUB [/rosout_agg] /rosout http://itachi-HP-Pavilion-Laptop-15-cc1xx:43411/
[rosmaster.master][INFO] 2020-01-30 16:50:57,143: +SUB [/rosout] /rosout http://itachi-HP-Pavilion-Laptop-15-cc1xx:43411/
[rosmaster.master][INFO] 2020-01-30 16:50:57,159: +PUB [/rosout] /usb_cam http://itachi-HP-Pavilion-Laptop-15-cc1xx:46273/
[rosmaster.master][INFO] 2020-01-30 16:50:57,160: +SERVICE [/usb_cam/get_loggers] /usb_cam http://itachi-HP-Pavilion-Laptop-15-cc1xx:46273/
[rosmaster.master][INFO] 2020-01-30 16:50:57,161: +SERVICE [/usb_cam/set_logger_level] /usb_cam http://itachi-HP-Pavilion-Laptop-15-cc1xx:46273/
[rosmaster.master][INFO] 2020-01-30 16:50:57,171: +PUB [/rosout] /usb_cam/image_proc http://itachi-HP-Pavilion-Laptop-15-cc1xx:33639/
[rosmaster.master][INFO] 2020-01-30 16:50:57,172: +SERVICE [/usb_cam/image_proc/get_loggers] /usb_cam/image_proc http://itachi-HP-Pavilion-Laptop-15-cc1xx:33639/
[rosmaster.master][INFO] 2020-01-30 16:50:57,172: +SERVICE [/usb_cam/image_proc/set_logger_level] /usb_cam/image_proc http://itachi-HP-Pavilion-Laptop-15-cc1xx:33639/
[rosmaster.master][INFO] 2020-01-30 16:50:57,179: publisherUpdate[/rosout] -> http://itachi-HP-Pavilion-Laptop-15-cc1xx:43411/ ['http://itachi-HP-Pavilion-Laptop-15-cc1xx:46273/']
[rosmaster.master][INFO] 2020-01-30 16:50:57,181: +PUB [/rosout] /whycon http://itachi-HP-Pavilion-Laptop-15-cc1xx:35865/
[rosmaster.master][INFO] 2020-01-30 16:50:57,181: publisherUpdate[/rosout] -> http://itachi-HP-Pavilion-Laptop-15-cc1xx:43411/ ['http://itachi-HP-Pavilion-Laptop-15-cc1xx:46273/']: sec=0.00, result=[1, '', 0]
[rosmaster.master][INFO] 2020-01-30 16:50:57,182: +SERVICE [/whycon/get_loggers] /whycon http://itachi-HP-Pavilion-Laptop-15-cc1xx:35865/
[rosmaster.master][INFO] 2020-01-30 16:50:57,182: publisherUpdate[/rosout] -> http://itachi-HP-Pavilion-Laptop-15-cc1xx:43411/ ['http://itachi-HP-Pavilion-Laptop-15-cc1xx:46273/', 'http://itachi-HP-Pavilion-Laptop-15-cc1xx:33639/']
[rosmaster.master][INFO] 2020-01-30 16:50:57,183: publisherUpdate[/rosout] -> http://itachi-HP-Pavilion-Laptop-15-cc1xx:43411/ ['http://itachi-HP-Pavilion-Laptop-15-cc1xx:46273/', 'http://itachi-HP-Pavilion-Laptop-15-cc1xx:33639/']: sec=0.00, result=[1, '', 0]
[rosmaster.master][INFO] 2020-01-30 16:50:57,183: publisherUpdate[/rosout] -> http://itachi-HP-Pavilion-Laptop-15-cc1xx:43411/ ['http://itachi-HP-Pavilion-Laptop-15-cc1xx:46273/', 'http://itachi-HP-Pavilion-Laptop-15-cc1xx:33639/', 'http://itachi-HP-Pavilion-Laptop-15-cc1xx:35865/']
[rosmaster.master][INFO] 2020-01-30 16:50:57,184: +SERVICE [/whycon/set_logger_level] /whycon http://itachi-HP-Pavilion-Laptop-15-cc1xx:35865/
[rosmaster.master][INFO] 2020-01-30 16:50:57,184: publisherUpdate[/rosout] -> http://itachi-HP-Pavilion-Laptop-15-cc1xx:43411/ ['http://itachi-HP-Pavilion-Laptop-15-cc1xx:46273/', 'http://itachi-HP-Pavilion-Laptop-15-cc1xx:33639/', 'http://itachi-HP-Pavilion-Laptop-15-cc1xx:35865/']: sec=0.00, result=[1, '', 0]
[rosmaster.master][INFO] 2020-01-30 16:50:57,185: +PUB [/rosout] /whycon_display/image_view http://itachi-HP-Pavilion-Laptop-15-cc1xx:40313/
[rosmaster.master][INFO] 2020-01-30 16:50:57,185: publisherUpdate[/rosout] -> http://itachi-HP-Pavilion-Laptop-15-cc1xx:43411/ ['http://itachi-HP-Pavilion-Laptop-15-cc1xx:46273/', 'http://itachi-HP-Pavilion-Laptop-15-cc1xx:33639/', 'http://itachi-HP-Pavilion-Laptop-15-cc1xx:35865/', 'http://itachi-HP-Pavilion-Laptop-15-cc1xx:40313/']
[rosmaster.master][INFO] 2020-01-30 16:50:57,186: publisherUpdate[/rosout] -> http://itachi-HP-Pavilion-Laptop-15-cc1xx:43411/ ['http://itachi-HP-Pavilion-Laptop-15-cc1xx:46273/', 'http://itachi-HP-Pavilion-Laptop-15-cc1xx:33639/', 'http://itachi-HP-Pavilion-Laptop-15-cc1xx:35865/', 'http://itachi-HP-Pavilion-Laptop-15-cc1xx:40313/']: sec=0.00, result=[1, '', 0]
[rosmaster.master][INFO] 2020-01-30 16:50:57,187: +SERVICE [/whycon_display/image_view/get_loggers] /whycon_display/image_view http://itachi-HP-Pavilion-Laptop-15-cc1xx:40313/
[rosmaster.master][INFO] 2020-01-30 16:50:57,187: +SERVICE [/whycon_display/image_view/set_logger_level] /whycon_display/image_view http://itachi-HP-Pavilion-Laptop-15-cc1xx:40313/
[rosmaster.master][INFO] 2020-01-30 16:50:57,204: +PUB [/usb_cam/image_raw/compressedDepth] /usb_cam http://itachi-HP-Pavilion-Laptop-15-cc1xx:46273/
[rosmaster.master][INFO] 2020-01-30 16:50:57,205: +SERVICE [/usb_cam/image_raw/compressedDepth/set_parameters] /usb_cam http://itachi-HP-Pavilion-Laptop-15-cc1xx:46273/
[rosmaster.master][INFO] 2020-01-30 16:50:57,205: +PUB [/usb_cam/image_raw/compressedDepth/parameter_descriptions] /usb_cam http://itachi-HP-Pavilion-Laptop-15-cc1xx:46273/
[rosmaster.master][INFO] 2020-01-30 16:50:57,206: +PUB [/usb_cam/image_raw/compressedDepth/parameter_updates] /usb_cam http://itachi-HP-Pavilion-Laptop-15-cc1xx:46273/
[rosmaster.master][INFO] 2020-01-30 16:50:57,208: +SERVICE [/usb_cam/image_proc_debayer/set_parameters] /usb_cam/image_proc http://itachi-HP-Pavilion-Laptop-15-cc1xx:33639/
[rosmaster.master][INFO] 2020-01-30 16:50:57,208: +PARAM [/usb_cam/image_raw/compressedDepth/depth_max] by /usb_cam
[rosmaster.master][INFO] 2020-01-30 16:50:57,209: +PUB [/usb_cam/image_proc_debayer/parameter_descriptions] /usb_cam/image_proc http://itachi-HP-Pavilion-Laptop-15-cc1xx:33639/
[rosmaster.master][INFO] 2020-01-30 16:50:57,209: +PARAM [/usb_cam/image_raw/compressedDepth/depth_quantization] by /usb_cam
[rosmaster.master][INFO] 2020-01-30 16:50:57,210: +PUB [/usb_cam/image_proc_debayer/parameter_updates] /usb_cam/image_proc http://itachi-HP-Pavilion-Laptop-15-cc1xx:33639/
[rosmaster.master][INFO] 2020-01-30 16:50:57,211: +PARAM [/usb_cam/image_raw/compressedDepth/png_level] by /usb_cam
[rosmaster.master][INFO] 2020-01-30 16:50:57,212: +PARAM [/usb_cam/image_raw/compressedDepth/depth_max] by /usb_cam
[rosmaster.master][INFO] 2020-01-30 16:50:57,212: +PARAM [/usb_cam/image_proc_debayer/debayer] by /usb_cam/image_proc
[rosmaster.master][INFO] 2020-01-30 16:50:57,213: +PARAM [/usb_cam/image_raw/compressedDepth/depth_quantization] by /usb_cam
[rosmaster.master][INFO] 2020-01-30 16:50:57,213: +PARAM [/usb_cam/image_proc_debayer/debayer] by /usb_cam/image_proc
[rosmaster.master][INFO] 2020-01-30 16:50:57,214: +PARAM [/usb_cam/image_raw/compressedDepth/png_level] by /usb_cam
[rosmaster.master][INFO] 2020-01-30 16:50:57,215: +PUB [/usb_cam/image_raw/compressed] /usb_cam http://itachi-HP-Pavilion-Laptop-15-cc1xx:46273/
[rosmaster.master][INFO] 2020-01-30 16:50:57,215: +PUB [/usb_cam/image_mono/compressedDepth] /usb_cam/image_proc http://itachi-HP-Pavilion-Laptop-15-cc1xx:33639/
[rosmaster.master][INFO] 2020-01-30 16:50:57,217: +SERVICE [/usb_cam/image_raw/compressed/set_parameters] /usb_cam http://itachi-HP-Pavilion-Laptop-15-cc1xx:46273/
[rosmaster.master][INFO] 2020-01-30 16:50:57,218: +SERVICE [/usb_cam/image_mono/compressedDepth/set_parameters] /usb_cam/image_proc http://itachi-HP-Pavilion-Laptop-15-cc1xx:33639/
[rosmaster.master][INFO] 2020-01-30 16:50:57,218: +PUB [/usb_cam/image_raw/compressed/parameter_descriptions] /usb_cam http://itachi-HP-Pavilion-Laptop-15-cc1xx:46273/
[rosmaster.master][INFO] 2020-01-30 16:50:57,219: +PUB [/usb_cam/image_mono/compressedDepth/parameter_descriptions] /usb_cam/image_proc http://itachi-HP-Pavilion-Laptop-15-cc1xx:33639/
[rosmaster.master][INFO] 2020-01-30 16:50:57,220: +PUB [/usb_cam/image_raw/compressed/parameter_updates] /usb_cam http://itachi-HP-Pavilion-Laptop-15-cc1xx:46273/
[rosmaster.master][INFO] 2020-01-30 16:50:57,221: +PUB [/usb_cam/image_mono/compressedDepth/parameter_updates] /usb_cam/image_proc http://itachi-HP-Pavilion-Laptop-15-cc1xx:33639/
[rosmaster.master][INFO] 2020-01-30 16:50:57,226: +PARAM [/usb_cam/image_raw/compressed/format] by /usb_cam
[rosmaster.master][INFO] 2020-01-30 16:50:57,227: +PARAM [/usb_cam/image_mono/compressedDepth/depth_max] by /usb_cam/image_proc
[rosmaster.master][INFO] 2020-01-30 16:50:57,227: +PARAM [/usb_cam/image_raw/compressed/jpeg_quality] by /usb_cam
[rosmaster.master][INFO] 2020-01-30 16:50:57,229: +PARAM [/usb_cam/image_mono/compressedDepth/depth_quantization] by /usb_cam/image_proc
[rosmaster.master][INFO] 2020-01-30 16:50:57,229: +PARAM [/usb_cam/image_raw/compressed/png_level] by /usb_cam
[rosmaster.master][INFO] 2020-01-30 16:50:57,231: +PARAM [/usb_cam/image_mono/compressedDepth/png_level] by /usb_cam/image_proc
[rosmaster.master][INFO] 2020-01-30 16:50:57,231: +PARAM [/usb_cam/image_raw/compressed/format] by /usb_cam
[rosmaster.master][INFO] 2020-01-30 16:50:57,233: +PARAM [/usb_cam/image_mono/compressedDepth/depth_max] by /usb_cam/image_proc
[rosmaster.master][INFO] 2020-01-30 16:50:57,233: +PARAM [/usb_cam/image_raw/compressed/jpeg_quality] by /usb_cam
[rosmaster.master][INFO] 2020-01-30 16:50:57,234: +PARAM [/usb_cam/image_mono/compressedDepth/depth_quantization] by /usb_cam/image_proc
[rosmaster.master][INFO] 2020-01-30 16:50:57,235: +PARAM [/usb_cam/image_raw/compressed/png_level] by /usb_cam
[rosmaster.master][INFO] 2020-01-30 16:50:57,235: +PARAM [/usb_cam/image_mono/compressedDepth/png_level] by /usb_cam/image_proc
[rosmaster.master][INFO] 2020-01-30 16:50:57,236: +PUB [/usb_cam/image_raw] /usb_cam http://itachi-HP-Pavilion-Laptop-15-cc1xx:46273/
[rosmaster.master][INFO] 2020-01-30 16:50:57,237: +PUB [/usb_cam/image_mono/compressed] /usb_cam/image_proc http://itachi-HP-Pavilion-Laptop-15-cc1xx:33639/
[rosmaster.master][INFO] 2020-01-30 16:50:57,238: +PUB [/usb_cam/image_raw/theora] /usb_cam http://itachi-HP-Pavilion-Laptop-15-cc1xx:46273/
[rosmaster.master][INFO] 2020-01-30 16:50:57,239: +SERVICE [/usb_cam/image_mono/compressed/set_parameters] /usb_cam/image_proc http://itachi-HP-Pavilion-Laptop-15-cc1xx:33639/
[rosmaster.master][INFO] 2020-01-30 16:50:57,240: +PUB [/tf] /whycon http://itachi-HP-Pavilion-Laptop-15-cc1xx:35865/
[rosmaster.master][INFO] 2020-01-30 16:50:57,240: +SERVICE [/usb_cam/image_raw/theora/set_parameters] /usb_cam http://itachi-HP-Pavilion-Laptop-15-cc1xx:46273/
[rosmaster.master][INFO] 2020-01-30 16:50:57,241: +PUB [/usb_cam/image_mono/compressed/parameter_descriptions] /usb_cam/image_proc http://itachi-HP-Pavilion-Laptop-15-cc1xx:33639/
[rosmaster.master][INFO] 2020-01-30 16:50:57,242: +PUB [/usb_cam/image_raw/theora/parameter_descriptions] /usb_cam http://itachi-HP-Pavilion-Laptop-15-cc1xx:46273/
[rosmaster.master][INFO] 2020-01-30 16:50:57,243: +PUB [/usb_cam/image_mono/compressed/parameter_updates] /usb_cam/image_proc http://itachi-HP-Pavilion-Laptop-15-cc1xx:33639/
[rosmaster.master][INFO] 2020-01-30 16:50:57,243: +PUB [/usb_cam/image_raw/theora/parameter_updates] /usb_cam http://itachi-HP-Pavilion-Laptop-15-cc1xx:46273/
[rosmaster.master][INFO] 2020-01-30 16:50:57,248: +PARAM [/usb_cam/image_mono/compressed/format] by /usb_cam/image_proc
[rosmaster.master][INFO] 2020-01-30 16:50:57,249: +PARAM [/usb_cam/image_mono/compressed/jpeg_quality] by /usb_cam/image_proc
[rosmaster.master][INFO] 2020-01-30 16:50:57,250: +PARAM [/usb_cam/image_raw/theora/optimize_for] by /usb_cam
[rosmaster.master][INFO] 2020-01-30 16:50:57,251: +PARAM [/usb_cam/image_mono/compressed/png_level] by /usb_cam/image_proc
[rosmaster.master][INFO] 2020-01-30 16:50:57,252: +PARAM [/usb_cam/image_raw/theora/target_bitrate] by /usb_cam
[rosmaster.master][INFO] 2020-01-30 16:50:57,253: +PARAM [/usb_cam/image_mono/compressed/format] by /usb_cam/image_proc
[rosmaster.master][INFO] 2020-01-30 16:50:57,253: +PARAM [/usb_cam/image_raw/theora/quality] by /usb_cam
[rosmaster.master][INFO] 2020-01-30 16:50:57,254: +SUB [/usb_cam/image_rect_color] /whycon http://itachi-HP-Pavilion-Laptop-15-cc1xx:35865/
[rosmaster.master][INFO] 2020-01-30 16:50:57,255: +PARAM [/usb_cam/image_mono/compressed/jpeg_quality] by /usb_cam/image_proc
[rosmaster.master][INFO] 2020-01-30 16:50:57,255: +PARAM [/usb_cam/image_raw/theora/keyframe_frequency] by /usb_cam
[rosmaster.master][INFO] 2020-01-30 16:50:57,256: +PARAM [/usb_cam/image_mono/compressed/png_level] by /usb_cam/image_proc
[rosmaster.master][INFO] 2020-01-30 16:50:57,257: +PARAM [/usb_cam/image_raw/theora/optimize_for] by /usb_cam
[rosmaster.master][INFO] 2020-01-30 16:50:57,258: +PARAM [/usb_cam/image_raw/theora/target_bitrate] by /usb_cam
[rosmaster.master][INFO] 2020-01-30 16:50:57,259: +PUB [/usb_cam/image_mono] /usb_cam/image_proc http://itachi-HP-Pavilion-Laptop-15-cc1xx:33639/
[rosmaster.master][INFO] 2020-01-30 16:50:57,260: +PARAM [/usb_cam/image_raw/theora/quality] by /usb_cam
[rosmaster.master][INFO] 2020-01-30 16:50:57,261: +PUB [/usb_cam/image_mono/theora] /usb_cam/image_proc http://itachi-HP-Pavilion-Laptop-15-cc1xx:33639/
[rosmaster.master][INFO] 2020-01-30 16:50:57,261: +PARAM [/usb_cam/image_raw/theora/keyframe_frequency] by /usb_cam
[rosmaster.master][INFO] 2020-01-30 16:50:57,262: +SUB [/usb_cam/camera_info] /whycon http://itachi-HP-Pavilion-Laptop-15-cc1xx:35865/
[rosmaster.master][INFO] 2020-01-30 16:50:57,263: +SERVICE [/usb_cam/image_mono/theora/set_parameters] /usb_cam/image_proc http://itachi-HP-Pavilion-Laptop-15-cc1xx:33639/
[rosmaster.master][INFO] 2020-01-30 16:50:57,263: +PUB [/usb_cam/camera_info] /usb_cam http://itachi-HP-Pavilion-Laptop-15-cc1xx:46273/
[rosmaster.master][INFO] 2020-01-30 16:50:57,264: +PUB [/whycon/image_out] /whycon http://itachi-HP-Pavilion-Laptop-15-cc1xx:35865/
[rosmaster.master][INFO] 2020-01-30 16:50:57,265: +PUB [/usb_cam/image_mono/theora/parameter_descriptions] /usb_cam/image_proc http://itachi-HP-Pavilion-Laptop-15-cc1xx:33639/
[rosmaster.master][INFO] 2020-01-30 16:50:57,266: +PUB [/whycon/poses] /whycon http://itachi-HP-Pavilion-Laptop-15-cc1xx:35865/
[rosmaster.master][INFO] 2020-01-30 16:50:57,266: +PUB [/usb_cam/image_mono/theora/parameter_updates] /usb_cam/image_proc http://itachi-HP-Pavilion-Laptop-15-cc1xx:33639/
[rosmaster.master][INFO] 2020-01-30 16:50:57,267: +PUB [/whycon/context] /whycon http://itachi-HP-Pavilion-Laptop-15-cc1xx:35865/
[rosmaster.master][INFO] 2020-01-30 16:50:57,269: +PUB [/whycon/projection] /whycon http://itachi-HP-Pavilion-Laptop-15-cc1xx:35865/
[rosmaster.master][INFO] 2020-01-30 16:50:57,271: +SERVICE [/whycon/reset] /whycon http://itachi-HP-Pavilion-Laptop-15-cc1xx:35865/
[rosmaster.master][INFO] 2020-01-30 16:50:57,273: +PARAM [/usb_cam/image_mono/theora/optimize_for] by /usb_cam/image_proc
[rosmaster.master][INFO] 2020-01-30 16:50:57,274: +PARAM [/usb_cam/image_mono/theora/target_bitrate] by /usb_cam/image_proc
[rosmaster.master][INFO] 2020-01-30 16:50:57,275: +PARAM [/usb_cam/image_mono/theora/quality] by /usb_cam/image_proc
[rosmaster.master][INFO] 2020-01-30 16:50:57,276: +PARAM [/usb_cam/image_mono/theora/keyframe_frequency] by /usb_cam/image_proc
[rosmaster.master][INFO] 2020-01-30 16:50:57,277: +PARAM [/usb_cam/image_mono/theora/optimize_for] by /usb_cam/image_proc
[rosmaster.master][INFO] 2020-01-30 16:50:57,278: +PARAM [/usb_cam/image_mono/theora/target_bitrate] by /usb_cam/image_proc
[rosmaster.master][INFO] 2020-01-30 16:50:57,279: +PARAM [/usb_cam/image_mono/theora/quality] by /usb_cam/image_proc
[rosmaster.master][INFO] 2020-01-30 16:50:57,280: publisherUpdate[/usb_cam/camera_info] -> http://itachi-HP-Pavilion-Laptop-15-cc1xx:35865/ ['http://itachi-HP-Pavilion-Laptop-15-cc1xx:46273/']
[rosmaster.master][INFO] 2020-01-30 16:50:57,280: +PARAM [/usb_cam/image_mono/theora/keyframe_frequency] by /usb_cam/image_proc
[rosmaster.master][INFO] 2020-01-30 16:50:57,281: publisherUpdate[/usb_cam/camera_info] -> http://itachi-HP-Pavilion-Laptop-15-cc1xx:35865/ ['http://itachi-HP-Pavilion-Laptop-15-cc1xx:46273/']: sec=0.00, result=[1, '', 0]
[rosmaster.master][INFO] 2020-01-30 16:50:57,283: +PUB [/usb_cam/image_color/compressedDepth] /usb_cam/image_proc http://itachi-HP-Pavilion-Laptop-15-cc1xx:33639/
[rosmaster.master][INFO] 2020-01-30 16:50:57,284: +SERVICE [/usb_cam/image_color/compressedDepth/set_parameters] /usb_cam/image_proc http://itachi-HP-Pavilion-Laptop-15-cc1xx:33639/
[rosmaster.master][INFO] 2020-01-30 16:50:57,286: +PUB [/usb_cam/image_color/compressedDepth/parameter_descriptions] /usb_cam/image_proc http://itachi-HP-Pavilion-Laptop-15-cc1xx:33639/
[rosmaster.master][INFO] 2020-01-30 16:50:57,287: +PUB [/usb_cam/image_color/compressedDepth/parameter_updates] /usb_cam/image_proc http://itachi-HP-Pavilion-Laptop-15-cc1xx:33639/
[rosmaster.master][INFO] 2020-01-30 16:50:57,289: +SERVICE [/usb_cam/set_camera_info] /usb_cam http://itachi-HP-Pavilion-Laptop-15-cc1xx:46273/
[rosmaster.master][INFO] 2020-01-30 16:50:57,290: +SERVICE [/usb_cam/start_capture] /usb_cam http://itachi-HP-Pavilion-Laptop-15-cc1xx:46273/
[rosmaster.master][INFO] 2020-01-30 16:50:57,291: +PARAM [/usb_cam/image_color/compressedDepth/depth_max] by /usb_cam/image_proc
[rosmaster.master][INFO] 2020-01-30 16:50:57,291: +SERVICE [/usb_cam/stop_capture] /usb_cam http://itachi-HP-Pavilion-Laptop-15-cc1xx:46273/
[rosmaster.master][INFO] 2020-01-30 16:50:57,292: +PARAM [/usb_cam/image_color/compressedDepth/depth_quantization] by /usb_cam/image_proc
[rosmaster.master][INFO] 2020-01-30 16:50:57,293: +PARAM [/usb_cam/image_color/compressedDepth/png_level] by /usb_cam/image_proc
[rosmaster.master][INFO] 2020-01-30 16:50:57,293: +PARAM [/usb_cam/image_color/compressedDepth/depth_max] by /usb_cam/image_proc
[rosmaster.master][INFO] 2020-01-30 16:50:57,294: +PARAM [/usb_cam/image_color/compressedDepth/depth_quantization] by /usb_cam/image_proc
[rosmaster.master][INFO] 2020-01-30 16:50:57,295: +PARAM [/usb_cam/image_color/compressedDepth/png_level] by /usb_cam/image_proc
[rosmaster.master][INFO] 2020-01-30 16:50:57,296: +PUB [/usb_cam/image_color/compressed] /usb_cam/image_proc http://itachi-HP-Pavilion-Laptop-15-cc1xx:33639/
[rosmaster.master][INFO] 2020-01-30 16:50:57,297: +SERVICE [/usb_cam/image_color/compressed/set_parameters] /usb_cam/image_proc http://itachi-HP-Pavilion-Laptop-15-cc1xx:33639/
[rosmaster.master][INFO] 2020-01-30 16:50:57,299: +PUB [/usb_cam/image_color/compressed/parameter_descriptions] /usb_cam/image_proc http://itachi-HP-Pavilion-Laptop-15-cc1xx:33639/
[rosmaster.master][INFO] 2020-01-30 16:50:57,300: +PUB [/usb_cam/image_color/compressed/parameter_updates] /usb_cam/image_proc http://itachi-HP-Pavilion-Laptop-15-cc1xx:33639/
[rosmaster.master][INFO] 2020-01-30 16:50:57,303: +PARAM [/usb_cam/image_color/compressed/format] by /usb_cam/image_proc
[rosmaster.master][INFO] 2020-01-30 16:50:57,304: +PARAM [/usb_cam/image_color/compressed/jpeg_quality] by /usb_cam/image_proc
[rosmaster.master][INFO] 2020-01-30 16:50:57,305: +PARAM [/usb_cam/image_color/compressed/png_level] by /usb_cam/image_proc
[rosmaster.master][INFO] 2020-01-30 16:50:57,306: +PARAM [/usb_cam/image_color/compressed/format] by /usb_cam/image_proc
[rosmaster.master][INFO] 2020-01-30 16:50:57,307: +PARAM [/usb_cam/image_color/compressed/jpeg_quality] by /usb_cam/image_proc
[rosmaster.master][INFO] 2020-01-30 16:50:57,310: +PARAM [/usb_cam/image_color/compressed/png_level] by /usb_cam/image_proc
[rosmaster.master][INFO] 2020-01-30 16:50:57,311: +PUB [/usb_cam/image_color] /usb_cam/image_proc http://itachi-HP-Pavilion-Laptop-15-cc1xx:33639/
[rosmaster.master][INFO] 2020-01-30 16:50:57,312: +PUB [/usb_cam/image_color/theora] /usb_cam/image_proc http://itachi-HP-Pavilion-Laptop-15-cc1xx:33639/
[rosmaster.master][INFO] 2020-01-30 16:50:57,312: +SERVICE [/usb_cam/image_color/theora/set_parameters] /usb_cam/image_proc http://itachi-HP-Pavilion-Laptop-15-cc1xx:33639/
[rosmaster.master][INFO] 2020-01-30 16:50:57,313: +PUB [/usb_cam/image_color/theora/parameter_descriptions] /usb_cam/image_proc http://itachi-HP-Pavilion-Laptop-15-cc1xx:33639/
[rosmaster.master][INFO] 2020-01-30 16:50:57,314: +PUB [/usb_cam/image_color/theora/parameter_updates] /usb_cam/image_proc http://itachi-HP-Pavilion-Laptop-15-cc1xx:33639/
[rosmaster.master][INFO] 2020-01-30 16:50:57,317: +PARAM [/usb_cam/image_color/theora/optimize_for] by /usb_cam/image_proc
[rosmaster.master][INFO] 2020-01-30 16:50:57,318: +PARAM [/usb_cam/image_color/theora/target_bitrate] by /usb_cam/image_proc
[rosmaster.master][INFO] 2020-01-30 16:50:57,318: +PARAM [/usb_cam/image_color/theora/quality] by /usb_cam/image_proc
[rosmaster.master][INFO] 2020-01-30 16:50:57,319: +PARAM [/usb_cam/image_color/theora/keyframe_frequency] by /usb_cam/image_proc
[rosmaster.master][INFO] 2020-01-30 16:50:57,320: +PARAM [/usb_cam/image_color/theora/optimize_for] by /usb_cam/image_proc
[rosmaster.master][INFO] 2020-01-30 16:50:57,321: +PARAM [/usb_cam/image_color/theora/target_bitrate] by /usb_cam/image_proc
[rosmaster.master][INFO] 2020-01-30 16:50:57,321: +PARAM [/usb_cam/image_color/theora/quality] by /usb_cam/image_proc
[rosmaster.master][INFO] 2020-01-30 16:50:57,322: +PARAM [/usb_cam/image_color/theora/keyframe_frequency] by /usb_cam/image_proc
[rosmaster.master][INFO] 2020-01-30 16:50:57,326: +SERVICE [/usb_cam/image_proc_rectify_mono/set_parameters] /usb_cam/image_proc http://itachi-HP-Pavilion-Laptop-15-cc1xx:33639/
[rosmaster.master][INFO] 2020-01-30 16:50:57,327: +PUB [/usb_cam/image_proc_rectify_mono/parameter_descriptions] /usb_cam/image_proc http://itachi-HP-Pavilion-Laptop-15-cc1xx:33639/
[rosmaster.master][INFO] 2020-01-30 16:50:57,328: +PUB [/usb_cam/image_proc_rectify_mono/parameter_updates] /usb_cam/image_proc http://itachi-HP-Pavilion-Laptop-15-cc1xx:33639/
[rosmaster.master][INFO] 2020-01-30 16:50:57,329: +PARAM [/usb_cam/image_proc_rectify_mono/interpolation] by /usb_cam/image_proc
[rosmaster.master][INFO] 2020-01-30 16:50:57,330: +PARAM [/usb_cam/image_proc_rectify_mono/interpolation] by /usb_cam/image_proc
[rosmaster.master][INFO] 2020-01-30 16:50:57,331: +PUB [/usb_cam/image_rect/compressedDepth] /usb_cam/image_proc http://itachi-HP-Pavilion-Laptop-15-cc1xx:33639/
[rosmaster.master][INFO] 2020-01-30 16:50:57,331: +SERVICE [/usb_cam/image_rect/compressedDepth/set_parameters] /usb_cam/image_proc http://itachi-HP-Pavilion-Laptop-15-cc1xx:33639/
[rosmaster.master][INFO] 2020-01-30 16:50:57,332: +PUB [/usb_cam/image_rect/compressedDepth/parameter_descriptions] /usb_cam/image_proc http://itachi-HP-Pavilion-Laptop-15-cc1xx:33639/
[rosmaster.master][INFO] 2020-01-30 16:50:57,333: +PUB [/usb_cam/image_rect/compressedDepth/parameter_updates] /usb_cam/image_proc http://itachi-HP-Pavilion-Laptop-15-cc1xx:33639/
[rosmaster.master][INFO] 2020-01-30 16:50:57,334: +PARAM [/usb_cam/image_rect/compressedDepth/depth_max] by /usb_cam/image_proc
[rosmaster.master][INFO] 2020-01-30 16:50:57,335: +PARAM [/usb_cam/image_rect/compressedDepth/depth_quantization] by /usb_cam/image_proc
[rosmaster.master][INFO] 2020-01-30 16:50:57,335: +PARAM [/usb_cam/image_rect/compressedDepth/png_level] by /usb_cam/image_proc
[rosmaster.master][INFO] 2020-01-30 16:50:57,336: +PARAM [/usb_cam/image_rect/compressedDepth/depth_max] by /usb_cam/image_proc
[rosmaster.master][INFO] 2020-01-30 16:50:57,336: +PARAM [/usb_cam/image_rect/compressedDepth/depth_quantization] by /usb_cam/image_proc
[rosmaster.master][INFO] 2020-01-30 16:50:57,337: +PARAM [/usb_cam/image_rect/compressedDepth/png_level] by /usb_cam/image_proc
[rosmaster.master][INFO] 2020-01-30 16:50:57,337: +PUB [/usb_cam/image_rect/compressed] /usb_cam/image_proc http://itachi-HP-Pavilion-Laptop-15-cc1xx:33639/
[rosmaster.master][INFO] 2020-01-30 16:50:57,338: +SERVICE [/usb_cam/image_rect/compressed/set_parameters] /usb_cam/image_proc http://itachi-HP-Pavilion-Laptop-15-cc1xx:33639/
[rosmaster.master][INFO] 2020-01-30 16:50:57,339: +PUB [/usb_cam/image_rect/compressed/parameter_descriptions] /usb_cam/image_proc http://itachi-HP-Pavilion-Laptop-15-cc1xx:33639/
[rosmaster.master][INFO] 2020-01-30 16:50:57,342: +PUB [/usb_cam/image_rect/compressed/parameter_updates] /usb_cam/image_proc http://itachi-HP-Pavilion-Laptop-15-cc1xx:33639/
[rosmaster.master][INFO] 2020-01-30 16:50:57,345: +PARAM [/usb_cam/image_rect/compressed/format] by /usb_cam/image_proc
[rosmaster.master][INFO] 2020-01-30 16:50:57,346: +PARAM [/usb_cam/image_rect/compressed/jpeg_quality] by /usb_cam/image_proc
[rosmaster.master][INFO] 2020-01-30 16:50:57,347: +PARAM [/usb_cam/image_rect/compressed/png_level] by /usb_cam/image_proc
[rosmaster.master][INFO] 2020-01-30 16:50:57,348: +SUB [/whycon/image_out] /whycon_display/image_view http://itachi-HP-Pavilion-Laptop-15-cc1xx:40313/
[rosmaster.master][INFO] 2020-01-30 16:50:57,348: +PARAM [/usb_cam/image_rect/compressed/format] by /usb_cam/image_proc
[rosmaster.master][INFO] 2020-01-30 16:50:57,349: +PUB [/whycon_display/image_view/output] /whycon_display/image_view http://itachi-HP-Pavilion-Laptop-15-cc1xx:40313/
[rosmaster.master][INFO] 2020-01-30 16:50:57,349: +PARAM [/usb_cam/image_rect/compressed/jpeg_quality] by /usb_cam/image_proc
[rosmaster.master][INFO] 2020-01-30 16:50:57,350: +SERVICE [/whycon_display/image_view/set_parameters] /whycon_display/image_view http://itachi-HP-Pavilion-Laptop-15-cc1xx:40313/
[rosmaster.master][INFO] 2020-01-30 16:50:57,350: +PARAM [/usb_cam/image_rect/compressed/png_level] by /usb_cam/image_proc
[rosmaster.master][INFO] 2020-01-30 16:50:57,351: +PUB [/whycon_display/image_view/parameter_descriptions] /whycon_display/image_view http://itachi-HP-Pavilion-Laptop-15-cc1xx:40313/
[rosmaster.master][INFO] 2020-01-30 16:50:57,351: +PUB [/usb_cam/image_rect] /usb_cam/image_proc http://itachi-HP-Pavilion-Laptop-15-cc1xx:33639/
[rosmaster.master][INFO] 2020-01-30 16:50:57,352: +PUB [/whycon_display/image_view/parameter_updates] /whycon_display/image_view http://itachi-HP-Pavilion-Laptop-15-cc1xx:40313/
[rosmaster.master][INFO] 2020-01-30 16:50:57,353: +PUB [/usb_cam/image_rect/theora] /usb_cam/image_proc http://itachi-HP-Pavilion-Laptop-15-cc1xx:33639/
[rosmaster.master][INFO] 2020-01-30 16:50:57,353: +SERVICE [/usb_cam/image_rect/theora/set_parameters] /usb_cam/image_proc http://itachi-HP-Pavilion-Laptop-15-cc1xx:33639/
[rosmaster.master][INFO] 2020-01-30 16:50:57,355: +PUB [/usb_cam/image_rect/theora/parameter_descriptions] /usb_cam/image_proc http://itachi-HP-Pavilion-Laptop-15-cc1xx:33639/
[rosmaster.master][INFO] 2020-01-30 16:50:57,356: +PUB [/usb_cam/image_rect/theora/parameter_updates] /usb_cam/image_proc http://itachi-HP-Pavilion-Laptop-15-cc1xx:33639/
[rosmaster.master][INFO] 2020-01-30 16:50:57,358: +PARAM [/whycon_display/image_view/do_dynamic_scaling] by /whycon_display/image_view
[rosmaster.master][INFO] 2020-01-30 16:50:57,359: +PARAM [/whycon_display/image_view/colormap] by /whycon_display/image_view
[rosmaster.master][INFO] 2020-01-30 16:50:57,360: +PARAM [/whycon_display/image_view/min_image_value] by /whycon_display/image_view
[rosmaster.master][INFO] 2020-01-30 16:50:57,361: +PARAM [/whycon_display/image_view/max_image_value] by /whycon_display/image_view
[rosmaster.master][INFO] 2020-01-30 16:50:57,362: +PARAM [/whycon_display/image_view/do_dynamic_scaling] by /whycon_display/image_view
[rosmaster.master][INFO] 2020-01-30 16:50:57,362: +PARAM [/usb_cam/image_rect/theora/optimize_for] by /usb_cam/image_proc
[rosmaster.master][INFO] 2020-01-30 16:50:57,363: +PARAM [/usb_cam/image_rect/theora/target_bitrate] by /usb_cam/image_proc
[rosmaster.master][INFO] 2020-01-30 16:50:57,363: +PARAM [/whycon_display/image_view/colormap] by /whycon_display/image_view
[rosmaster.master][INFO] 2020-01-30 16:50:57,364: +PARAM [/usb_cam/image_rect/theora/quality] by /usb_cam/image_proc
[rosmaster.master][INFO] 2020-01-30 16:50:57,364: +PARAM [/whycon_display/image_view/min_image_value] by /whycon_display/image_view
[rosmaster.master][INFO] 2020-01-30 16:50:57,365: +PARAM [/usb_cam/image_rect/theora/keyframe_frequency] by /usb_cam/image_proc
[rosmaster.master][INFO] 2020-01-30 16:50:57,365: +PARAM [/whycon_display/image_view/max_image_value] by /whycon_display/image_view
[rosmaster.master][INFO] 2020-01-30 16:50:57,366: +PARAM [/usb_cam/image_rect/theora/optimize_for] by /usb_cam/image_proc
[rosmaster.master][INFO] 2020-01-30 16:50:57,366: +PARAM [/usb_cam/image_rect/theora/target_bitrate] by /usb_cam/image_proc
[rosmaster.master][INFO] 2020-01-30 16:50:57,367: +PARAM [/usb_cam/image_rect/theora/quality] by /usb_cam/image_proc
[rosmaster.master][INFO] 2020-01-30 16:50:57,367: +PARAM [/usb_cam/image_rect/theora/keyframe_frequency] by /usb_cam/image_proc
[rosmaster.master][INFO] 2020-01-30 16:50:57,369: +SERVICE [/usb_cam/image_proc_rectify_color/set_parameters] /usb_cam/image_proc http://itachi-HP-Pavilion-Laptop-15-cc1xx:33639/
[rosmaster.master][INFO] 2020-01-30 16:50:57,369: +PUB [/usb_cam/image_proc_rectify_color/parameter_descriptions] /usb_cam/image_proc http://itachi-HP-Pavilion-Laptop-15-cc1xx:33639/
[rosmaster.master][INFO] 2020-01-30 16:50:57,370: +PUB [/usb_cam/image_proc_rectify_color/parameter_updates] /usb_cam/image_proc http://itachi-HP-Pavilion-Laptop-15-cc1xx:33639/
[rosmaster.master][INFO] 2020-01-30 16:50:57,371: +PARAM [/usb_cam/image_proc_rectify_color/interpolation] by /usb_cam/image_proc
[rosmaster.master][INFO] 2020-01-30 16:50:57,371: +PARAM [/usb_cam/image_proc_rectify_color/interpolation] by /usb_cam/image_proc
[rosmaster.master][INFO] 2020-01-30 16:50:57,373: +PUB [/usb_cam/image_rect_color/compressedDepth] /usb_cam/image_proc http://itachi-HP-Pavilion-Laptop-15-cc1xx:33639/
[rosmaster.master][INFO] 2020-01-30 16:50:57,374: +SERVICE [/usb_cam/image_rect_color/compressedDepth/set_parameters] /usb_cam/image_proc http://itachi-HP-Pavilion-Laptop-15-cc1xx:33639/
[rosmaster.master][INFO] 2020-01-30 16:50:57,375: +PUB [/usb_cam/image_rect_color/compressedDepth/parameter_descriptions] /usb_cam/image_proc http://itachi-HP-Pavilion-Laptop-15-cc1xx:33639/
[rosmaster.master][INFO] 2020-01-30 16:50:57,375: +PUB [/usb_cam/image_rect_color/compressedDepth/parameter_updates] /usb_cam/image_proc http://itachi-HP-Pavilion-Laptop-15-cc1xx:33639/
[rosmaster.master][INFO] 2020-01-30 16:50:57,377: +PARAM [/usb_cam/image_rect_color/compressedDepth/depth_max] by /usb_cam/image_proc
[rosmaster.master][INFO] 2020-01-30 16:50:57,378: +PARAM [/usb_cam/image_rect_color/compressedDepth/depth_quantization] by /usb_cam/image_proc
[rosmaster.master][INFO] 2020-01-30 16:50:57,378: +PARAM [/usb_cam/image_rect_color/compressedDepth/png_level] by /usb_cam/image_proc
[rosmaster.master][INFO] 2020-01-30 16:50:57,379: +PARAM [/usb_cam/image_rect_color/compressedDepth/depth_max] by /usb_cam/image_proc
[rosmaster.master][INFO] 2020-01-30 16:50:57,379: +PARAM [/usb_cam/image_rect_color/compressedDepth/depth_quantization] by /usb_cam/image_proc
[rosmaster.master][INFO] 2020-01-30 16:50:57,380: +PARAM [/usb_cam/image_rect_color/compressedDepth/png_level] by /usb_cam/image_proc
[rosmaster.master][INFO] 2020-01-30 16:50:57,380: +PUB [/usb_cam/image_rect_color/compressed] /usb_cam/image_proc http://itachi-HP-Pavilion-Laptop-15-cc1xx:33639/
[rosmaster.master][INFO] 2020-01-30 16:50:57,381: +SERVICE [/usb_cam/image_rect_color/compressed/set_parameters] /usb_cam/image_proc http://itachi-HP-Pavilion-Laptop-15-cc1xx:33639/
[rosmaster.master][INFO] 2020-01-30 16:50:57,381: +PUB [/usb_cam/image_rect_color/compressed/parameter_descriptions] /usb_cam/image_proc http://itachi-HP-Pavilion-Laptop-15-cc1xx:33639/
[rosmaster.master][INFO] 2020-01-30 16:50:57,382: +PUB [/usb_cam/image_rect_color/compressed/parameter_updates] /usb_cam/image_proc http://itachi-HP-Pavilion-Laptop-15-cc1xx:33639/
[rosmaster.master][INFO] 2020-01-30 16:50:57,384: +PARAM [/usb_cam/image_rect_color/compressed/format] by /usb_cam/image_proc
[rosmaster.master][INFO] 2020-01-30 16:50:57,384: +PARAM [/usb_cam/image_rect_color/compressed/jpeg_quality] by /usb_cam/image_proc
[rosmaster.master][INFO] 2020-01-30 16:50:57,385: +PARAM [/usb_cam/image_rect_color/compressed/png_level] by /usb_cam/image_proc
[rosmaster.master][INFO] 2020-01-30 16:50:57,385: +PARAM [/usb_cam/image_rect_color/compressed/format] by /usb_cam/image_proc
[rosmaster.master][INFO] 2020-01-30 16:50:57,386: +PARAM [/usb_cam/image_rect_color/compressed/jpeg_quality] by /usb_cam/image_proc
[rosmaster.master][INFO] 2020-01-30 16:50:57,386: +PARAM [/usb_cam/image_rect_color/compressed/png_level] by /usb_cam/image_proc
[rosmaster.master][INFO] 2020-01-30 16:50:57,387: +PUB [/usb_cam/image_rect_color] /usb_cam/image_proc http://itachi-HP-Pavilion-Laptop-15-cc1xx:33639/
[rosmaster.master][INFO] 2020-01-30 16:50:57,387: publisherUpdate[/usb_cam/image_rect_color] -> http://itachi-HP-Pavilion-Laptop-15-cc1xx:35865/ ['http://itachi-HP-Pavilion-Laptop-15-cc1xx:33639/']
[rosmaster.master][INFO] 2020-01-30 16:50:57,388: publisherUpdate[/usb_cam/image_rect_color] -> http://itachi-HP-Pavilion-Laptop-15-cc1xx:35865/ ['http://itachi-HP-Pavilion-Laptop-15-cc1xx:33639/']: sec=0.00, result=[1, '', 0]
[rosmaster.master][INFO] 2020-01-30 16:50:57,389: +PUB [/usb_cam/image_rect_color/theora] /usb_cam/image_proc http://itachi-HP-Pavilion-Laptop-15-cc1xx:33639/
[rosmaster.master][INFO] 2020-01-30 16:50:57,389: +SERVICE [/usb_cam/image_rect_color/theora/set_parameters] /usb_cam/image_proc http://itachi-HP-Pavilion-Laptop-15-cc1xx:33639/
[rosmaster.master][INFO] 2020-01-30 16:50:57,391: +PUB [/usb_cam/image_rect_color/theora/parameter_descriptions] /usb_cam/image_proc http://itachi-HP-Pavilion-Laptop-15-cc1xx:33639/
[rosmaster.master][INFO] 2020-01-30 16:50:57,391: +PUB [/usb_cam/image_rect_color/theora/parameter_updates] /usb_cam/image_proc http://itachi-HP-Pavilion-Laptop-15-cc1xx:33639/
[rosmaster.master][INFO] 2020-01-30 16:50:57,394: +PARAM [/usb_cam/image_rect_color/theora/optimize_for] by /usb_cam/image_proc
[rosmaster.master][INFO] 2020-01-30 16:50:57,394: +PARAM [/usb_cam/image_rect_color/theora/target_bitrate] by /usb_cam/image_proc
[rosmaster.master][INFO] 2020-01-30 16:50:57,395: +PARAM [/usb_cam/image_rect_color/theora/quality] by /usb_cam/image_proc
[rosmaster.master][INFO] 2020-01-30 16:50:57,395: +PARAM [/usb_cam/image_rect_color/theora/keyframe_frequency] by /usb_cam/image_proc
[rosmaster.master][INFO] 2020-01-30 16:50:57,396: +PARAM [/usb_cam/image_rect_color/theora/optimize_for] by /usb_cam/image_proc
[rosmaster.master][INFO] 2020-01-30 16:50:57,396: +PARAM [/usb_cam/image_rect_color/theora/target_bitrate] by /usb_cam/image_proc
[rosmaster.master][INFO] 2020-01-30 16:50:57,397: +PARAM [/usb_cam/image_rect_color/theora/quality] by /usb_cam/image_proc
[rosmaster.master][INFO] 2020-01-30 16:50:57,397: +PARAM [/usb_cam/image_rect_color/theora/keyframe_frequency] by /usb_cam/image_proc
[rosmaster.master][INFO] 2020-01-30 16:50:57,605: +SUB [/usb_cam/image_color] /usb_cam/image_proc http://itachi-HP-Pavilion-Laptop-15-cc1xx:33639/
[rosmaster.master][INFO] 2020-01-30 16:50:57,615: +SUB [/usb_cam/camera_info] /usb_cam/image_proc http://itachi-HP-Pavilion-Laptop-15-cc1xx:33639/
[rosmaster.master][INFO] 2020-01-30 16:50:57,620: +SUB [/usb_cam/image_raw] /usb_cam/image_proc http://itachi-HP-Pavilion-Laptop-15-cc1xx:33639/
[rosmaster.master][INFO] 2020-01-30 16:54:44,889: -SERVICE [/usb_cam/get_loggers] /usb_cam rosrpc://itachi-HP-Pavilion-Laptop-15-cc1xx:36725
[rosmaster.master][INFO] 2020-01-30 16:54:44,890: -SERVICE [/usb_cam/set_logger_level] /usb_cam rosrpc://itachi-HP-Pavilion-Laptop-15-cc1xx:36725
[rosmaster.master][INFO] 2020-01-30 16:54:44,890: -SERVICE [/usb_cam/image_raw/compressedDepth/set_parameters] /usb_cam rosrpc://itachi-HP-Pavilion-Laptop-15-cc1xx:36725
[rosmaster.master][INFO] 2020-01-30 16:54:44,891: -SERVICE [/usb_cam/image_raw/compressed/set_parameters] /usb_cam rosrpc://itachi-HP-Pavilion-Laptop-15-cc1xx:36725
[rosmaster.master][INFO] 2020-01-30 16:54:44,892: -SERVICE [/usb_cam/image_raw/theora/set_parameters] /usb_cam rosrpc://itachi-HP-Pavilion-Laptop-15-cc1xx:36725
[rosmaster.master][INFO] 2020-01-30 16:54:44,892: -SERVICE [/usb_cam/set_camera_info] /usb_cam rosrpc://itachi-HP-Pavilion-Laptop-15-cc1xx:36725
[rosmaster.master][INFO] 2020-01-30 16:54:44,893: -SERVICE [/usb_cam/start_capture] /usb_cam rosrpc://itachi-HP-Pavilion-Laptop-15-cc1xx:36725
[rosmaster.master][INFO] 2020-01-30 16:54:44,894: -SERVICE [/usb_cam/stop_capture] /usb_cam rosrpc://itachi-HP-Pavilion-Laptop-15-cc1xx:36725
[rosmaster.master][INFO] 2020-01-30 16:54:45,064: -PUB [/rosout] /usb_cam http://itachi-HP-Pavilion-Laptop-15-cc1xx:46273/
[rosmaster.master][INFO] 2020-01-30 16:54:45,067: -PUB [/usb_cam/image_raw/compressedDepth] /usb_cam http://itachi-HP-Pavilion-Laptop-15-cc1xx:46273/
[rosmaster.master][INFO] 2020-01-30 16:54:45,068: publisherUpdate[/rosout] -> http://itachi-HP-Pavilion-Laptop-15-cc1xx:43411/ ['http://itachi-HP-Pavilion-Laptop-15-cc1xx:33639/', 'http://itachi-HP-Pavilion-Laptop-15-cc1xx:35865/', 'http://itachi-HP-Pavilion-Laptop-15-cc1xx:40313/']
[rosmaster.master][INFO] 2020-01-30 16:54:45,070: publisherUpdate[/rosout] -> http://itachi-HP-Pavilion-Laptop-15-cc1xx:43411/ ['http://itachi-HP-Pavilion-Laptop-15-cc1xx:33639/', 'http://itachi-HP-Pavilion-Laptop-15-cc1xx:35865/', 'http://itachi-HP-Pavilion-Laptop-15-cc1xx:40313/']: sec=0.00, result=[1, '', 0]
[rosmaster.master][INFO] 2020-01-30 16:54:45,071: -PUB [/usb_cam/image_raw/compressedDepth/parameter_descriptions] /usb_cam http://itachi-HP-Pavilion-Laptop-15-cc1xx:46273/
[rosmaster.master][INFO] 2020-01-30 16:54:45,074: -PUB [/usb_cam/image_raw/compressedDepth/parameter_updates] /usb_cam http://itachi-HP-Pavilion-Laptop-15-cc1xx:46273/
[rosmaster.master][INFO] 2020-01-30 16:54:45,076: -PUB [/usb_cam/image_raw/compressed] /usb_cam http://itachi-HP-Pavilion-Laptop-15-cc1xx:46273/
[rosmaster.master][INFO] 2020-01-30 16:54:45,078: -PUB [/usb_cam/image_raw/compressed/parameter_descriptions] /usb_cam http://itachi-HP-Pavilion-Laptop-15-cc1xx:46273/
[rosmaster.master][INFO] 2020-01-30 16:54:45,081: -PUB [/usb_cam/image_raw/compressed/parameter_updates] /usb_cam http://itachi-HP-Pavilion-Laptop-15-cc1xx:46273/
[rosmaster.master][INFO] 2020-01-30 16:54:45,083: -PUB [/usb_cam/image_raw] /usb_cam http://itachi-HP-Pavilion-Laptop-15-cc1xx:46273/
[rosmaster.master][INFO] 2020-01-30 16:54:45,085: -PUB [/usb_cam/image_raw/theora] /usb_cam http://itachi-HP-Pavilion-Laptop-15-cc1xx:46273/
[rosmaster.master][INFO] 2020-01-30 16:54:45,087: -PUB [/usb_cam/image_raw/theora/parameter_descriptions] /usb_cam http://itachi-HP-Pavilion-Laptop-15-cc1xx:46273/
[rosmaster.master][INFO] 2020-01-30 16:54:45,089: -PUB [/usb_cam/image_raw/theora/parameter_updates] /usb_cam http://itachi-HP-Pavilion-Laptop-15-cc1xx:46273/
[rosmaster.master][INFO] 2020-01-30 16:54:45,092: -PUB [/usb_cam/camera_info] /usb_cam http://itachi-HP-Pavilion-Laptop-15-cc1xx:46273/
[rosmaster.master][INFO] 2020-01-30 16:54:45,097: publisherUpdate[/usb_cam/image_raw] -> http://itachi-HP-Pavilion-Laptop-15-cc1xx:33639/ []
[rosmaster.master][INFO] 2020-01-30 16:54:45,099: publisherUpdate[/usb_cam/image_raw] -> http://itachi-HP-Pavilion-Laptop-15-cc1xx:33639/ []: sec=0.00, result=[1, '', 0]
[rosmaster.master][INFO] 2020-01-30 16:54:45,099: publisherUpdate[/usb_cam/camera_info] -> http://itachi-HP-Pavilion-Laptop-15-cc1xx:35865/ []
[rosmaster.master][INFO] 2020-01-30 16:54:45,101: publisherUpdate[/usb_cam/camera_info] -> http://itachi-HP-Pavilion-Laptop-15-cc1xx:35865/ []: sec=0.00, result=[1, '', 0]
[rosmaster.master][INFO] 2020-01-30 16:54:45,102: publisherUpdate[/usb_cam/camera_info] -> http://itachi-HP-Pavilion-Laptop-15-cc1xx:33639/ []
[rosmaster.master][INFO] 2020-01-30 16:54:45,103: publisherUpdate[/usb_cam/camera_info] -> http://itachi-HP-Pavilion-Laptop-15-cc1xx:33639/ []: sec=0.00, result=[1, '', 0]
[rosmaster.master][INFO] 2020-01-30 16:57:11,607: -PUB [/rosout] /usb_cam/image_proc http://itachi-HP-Pavilion-Laptop-15-cc1xx:33639/
[rosmaster.master][INFO] 2020-01-30 16:57:11,608: -PUB [/rosout] /whycon http://itachi-HP-Pavilion-Laptop-15-cc1xx:35865/
[rosmaster.master][INFO] 2020-01-30 16:57:11,608: -PUB [/usb_cam/image_proc_debayer/parameter_descriptions] /usb_cam/image_proc http://itachi-HP-Pavilion-Laptop-15-cc1xx:33639/
[rosmaster.master][INFO] 2020-01-30 16:57:11,609: -PUB [/tf] /whycon http://itachi-HP-Pavilion-Laptop-15-cc1xx:35865/
[rosmaster.master][INFO] 2020-01-30 16:57:11,609: -PUB [/usb_cam/image_proc_debayer/parameter_updates] /usb_cam/image_proc http://itachi-HP-Pavilion-Laptop-15-cc1xx:33639/
[rosmaster.master][INFO] 2020-01-30 16:57:11,610: -PUB [/whycon/image_out] /whycon http://itachi-HP-Pavilion-Laptop-15-cc1xx:35865/
[rosmaster.master][INFO] 2020-01-30 16:57:11,610: -PUB [/usb_cam/image_mono/compressedDepth] /usb_cam/image_proc http://itachi-HP-Pavilion-Laptop-15-cc1xx:33639/
[rosmaster.master][INFO] 2020-01-30 16:57:11,611: -PUB [/whycon/poses] /whycon http://itachi-HP-Pavilion-Laptop-15-cc1xx:35865/
[rosmaster.master][INFO] 2020-01-30 16:57:11,611: -PUB [/usb_cam/image_mono/compressedDepth/parameter_descriptions] /usb_cam/image_proc http://itachi-HP-Pavilion-Laptop-15-cc1xx:33639/
[rosmaster.master][INFO] 2020-01-30 16:57:11,612: -PUB [/whycon/context] /whycon http://itachi-HP-Pavilion-Laptop-15-cc1xx:35865/
[rosmaster.master][INFO] 2020-01-30 16:57:11,612: -PUB [/usb_cam/image_mono/compressedDepth/parameter_updates] /usb_cam/image_proc http://itachi-HP-Pavilion-Laptop-15-cc1xx:33639/
[rosmaster.master][INFO] 2020-01-30 16:57:11,613: -PUB [/whycon/projection] /whycon http://itachi-HP-Pavilion-Laptop-15-cc1xx:35865/
[rosmaster.master][INFO] 2020-01-30 16:57:11,613: -PUB [/usb_cam/image_mono/compressed] /usb_cam/image_proc http://itachi-HP-Pavilion-Laptop-15-cc1xx:33639/
[rosmaster.master][INFO] 2020-01-30 16:57:11,614: -SUB [/usb_cam/image_rect_color] /whycon http://itachi-HP-Pavilion-Laptop-15-cc1xx:35865/
[rosmaster.master][INFO] 2020-01-30 16:57:11,614: -PUB [/usb_cam/image_mono/compressed/parameter_descriptions] /usb_cam/image_proc http://itachi-HP-Pavilion-Laptop-15-cc1xx:33639/
[rosmaster.master][INFO] 2020-01-30 16:57:11,615: -SUB [/usb_cam/camera_info] /whycon http://itachi-HP-Pavilion-Laptop-15-cc1xx:35865/
[rosmaster.master][INFO] 2020-01-30 16:57:11,615: -PUB [/usb_cam/image_mono/compressed/parameter_updates] /usb_cam/image_proc http://itachi-HP-Pavilion-Laptop-15-cc1xx:33639/
[rosmaster.master][INFO] 2020-01-30 16:57:11,616: -SERVICE [/whycon/get_loggers] /whycon rosrpc://itachi-HP-Pavilion-Laptop-15-cc1xx:41149
[rosmaster.master][INFO] 2020-01-30 16:57:11,616: -PUB [/usb_cam/image_mono] /usb_cam/image_proc http://itachi-HP-Pavilion-Laptop-15-cc1xx:33639/
[rosmaster.master][INFO] 2020-01-30 16:57:11,616: publisherUpdate[/rosout] -> http://itachi-HP-Pavilion-Laptop-15-cc1xx:43411/ ['http://itachi-HP-Pavilion-Laptop-15-cc1xx:35865/', 'http://itachi-HP-Pavilion-Laptop-15-cc1xx:40313/']
[rosmaster.master][INFO] 2020-01-30 16:57:11,617: publisherUpdate[/rosout] -> http://itachi-HP-Pavilion-Laptop-15-cc1xx:43411/ ['http://itachi-HP-Pavilion-Laptop-15-cc1xx:35865/', 'http://itachi-HP-Pavilion-Laptop-15-cc1xx:40313/']: sec=0.00, result=[1, '', 0]
[rosmaster.master][INFO] 2020-01-30 16:57:11,617: -SERVICE [/whycon/set_logger_level] /whycon rosrpc://itachi-HP-Pavilion-Laptop-15-cc1xx:41149
[rosmaster.master][INFO] 2020-01-30 16:57:11,617: publisherUpdate[/rosout] -> http://itachi-HP-Pavilion-Laptop-15-cc1xx:43411/ ['http://itachi-HP-Pavilion-Laptop-15-cc1xx:40313/']
[rosmaster.master][INFO] 2020-01-30 16:57:11,618: -PUB [/usb_cam/image_mono/theora] /usb_cam/image_proc http://itachi-HP-Pavilion-Laptop-15-cc1xx:33639/
[rosmaster.master][INFO] 2020-01-30 16:57:11,618: -SERVICE [/whycon/reset] /whycon rosrpc://itachi-HP-Pavilion-Laptop-15-cc1xx:41149
[rosmaster.master][INFO] 2020-01-30 16:57:11,619: publisherUpdate[/rosout] -> http://itachi-HP-Pavilion-Laptop-15-cc1xx:43411/ ['http://itachi-HP-Pavilion-Laptop-15-cc1xx:40313/']: sec=0.00, result=[1, '', 0]
[rosmaster.master][INFO] 2020-01-30 16:57:11,619: publisherUpdate[/whycon/image_out] -> http://itachi-HP-Pavilion-Laptop-15-cc1xx:40313/ []
[rosmaster.master][INFO] 2020-01-30 16:57:11,620: -PUB [/usb_cam/image_mono/theora/parameter_descriptions] /usb_cam/image_proc http://itachi-HP-Pavilion-Laptop-15-cc1xx:33639/
[rosmaster.master][INFO] 2020-01-30 16:57:11,620: publisherUpdate[/whycon/image_out] -> http://itachi-HP-Pavilion-Laptop-15-cc1xx:40313/ []: sec=0.00, result=[0, 'Unknown Error', 0]
[rosmaster.master][INFO] 2020-01-30 16:57:11,620: -PUB [/usb_cam/image_mono/theora/parameter_updates] /usb_cam/image_proc http://itachi-HP-Pavilion-Laptop-15-cc1xx:33639/
[rosmaster.master][INFO] 2020-01-30 16:57:11,621: -PUB [/usb_cam/image_color/compressedDepth] /usb_cam/image_proc http://itachi-HP-Pavilion-Laptop-15-cc1xx:33639/
[rosmaster.master][INFO] 2020-01-30 16:57:11,621: -PUB [/usb_cam/image_color/compressedDepth/parameter_descriptions] /usb_cam/image_proc http://itachi-HP-Pavilion-Laptop-15-cc1xx:33639/
[rosmaster.master][INFO] 2020-01-30 16:57:11,622: -PUB [/usb_cam/image_color/compressedDepth/parameter_updates] /usb_cam/image_proc http://itachi-HP-Pavilion-Laptop-15-cc1xx:33639/
[rosmaster.master][INFO] 2020-01-30 16:57:11,622: -PUB [/usb_cam/image_color/compressed] /usb_cam/image_proc http://itachi-HP-Pavilion-Laptop-15-cc1xx:33639/
[rosmaster.master][INFO] 2020-01-30 16:57:11,623: -PUB [/usb_cam/image_color/compressed/parameter_descriptions] /usb_cam/image_proc http://itachi-HP-Pavilion-Laptop-15-cc1xx:33639/
[rosmaster.master][INFO] 2020-01-30 16:57:11,623: -PUB [/usb_cam/image_color/compressed/parameter_updates] /usb_cam/image_proc http://itachi-HP-Pavilion-Laptop-15-cc1xx:33639/
[rosmaster.master][INFO] 2020-01-30 16:57:11,624: -PUB [/usb_cam/image_color] /usb_cam/image_proc http://itachi-HP-Pavilion-Laptop-15-cc1xx:33639/
[rosmaster.master][INFO] 2020-01-30 16:57:11,624: -PUB [/usb_cam/image_color/theora] /usb_cam/image_proc http://itachi-HP-Pavilion-Laptop-15-cc1xx:33639/
[rosmaster.master][INFO] 2020-01-30 16:57:11,624: -PUB [/usb_cam/image_color/theora/parameter_descriptions] /usb_cam/image_proc http://itachi-HP-Pavilion-Laptop-15-cc1xx:33639/
[rosmaster.master][INFO] 2020-01-30 16:57:11,625: -PUB [/usb_cam/image_color/theora/parameter_updates] /usb_cam/image_proc http://itachi-HP-Pavilion-Laptop-15-cc1xx:33639/
[rosmaster.master][INFO] 2020-01-30 16:57:11,625: -PUB [/usb_cam/image_proc_rectify_mono/parameter_descriptions] /usb_cam/image_proc http://itachi-HP-Pavilion-Laptop-15-cc1xx:33639/
[rosmaster.master][INFO] 2020-01-30 16:57:11,626: -PUB [/usb_cam/image_proc_rectify_mono/parameter_updates] /usb_cam/image_proc http://itachi-HP-Pavilion-Laptop-15-cc1xx:33639/
[rosmaster.master][INFO] 2020-01-30 16:57:11,626: -PUB [/usb_cam/image_rect/compressedDepth] /usb_cam/image_proc http://itachi-HP-Pavilion-Laptop-15-cc1xx:33639/
[rosmaster.master][INFO] 2020-01-30 16:57:11,627: -PUB [/usb_cam/image_rect/compressedDepth/parameter_descriptions] /usb_cam/image_proc http://itachi-HP-Pavilion-Laptop-15-cc1xx:33639/
[rosmaster.master][INFO] 2020-01-30 16:57:11,627: -PUB [/usb_cam/image_rect/compressedDepth/parameter_updates] /usb_cam/image_proc http://itachi-HP-Pavilion-Laptop-15-cc1xx:33639/
[rosmaster.master][INFO] 2020-01-30 16:57:11,628: -PUB [/usb_cam/image_rect/compressed] /usb_cam/image_proc http://itachi-HP-Pavilion-Laptop-15-cc1xx:33639/
[rosmaster.master][INFO] 2020-01-30 16:57:11,628: -PUB [/usb_cam/image_rect/compressed/parameter_descriptions] /usb_cam/image_proc http://itachi-HP-Pavilion-Laptop-15-cc1xx:33639/
[rosmaster.master][INFO] 2020-01-30 16:57:11,628: -PUB [/usb_cam/image_rect/compressed/parameter_updates] /usb_cam/image_proc http://itachi-HP-Pavilion-Laptop-15-cc1xx:33639/
[rosmaster.master][INFO] 2020-01-30 16:57:11,629: -PUB [/usb_cam/image_rect] /usb_cam/image_proc http://itachi-HP-Pavilion-Laptop-15-cc1xx:33639/
[rosmaster.master][INFO] 2020-01-30 16:57:11,629: -PUB [/usb_cam/image_rect/theora] /usb_cam/image_proc http://itachi-HP-Pavilion-Laptop-15-cc1xx:33639/
[rosmaster.master][INFO] 2020-01-30 16:57:11,630: -PUB [/usb_cam/image_rect/theora/parameter_descriptions] /usb_cam/image_proc http://itachi-HP-Pavilion-Laptop-15-cc1xx:33639/
[rosmaster.master][INFO] 2020-01-30 16:57:11,630: -PUB [/usb_cam/image_rect/theora/parameter_updates] /usb_cam/image_proc http://itachi-HP-Pavilion-Laptop-15-cc1xx:33639/
[rosmaster.master][INFO] 2020-01-30 16:57:11,631: -PUB [/usb_cam/image_proc_rectify_color/parameter_descriptions] /usb_cam/image_proc http://itachi-HP-Pavilion-Laptop-15-cc1xx:33639/
[rosmaster.master][INFO] 2020-01-30 16:57:11,631: -PUB [/usb_cam/image_proc_rectify_color/parameter_updates] /usb_cam/image_proc http://itachi-HP-Pavilion-Laptop-15-cc1xx:33639/
[rosmaster.master][INFO] 2020-01-30 16:57:11,632: -PUB [/usb_cam/image_rect_color/compressedDepth] /usb_cam/image_proc http://itachi-HP-Pavilion-Laptop-15-cc1xx:33639/
[rosmaster.master][INFO] 2020-01-30 16:57:11,632: -PUB [/usb_cam/image_rect_color/compressedDepth/parameter_descriptions] /usb_cam/image_proc http://itachi-HP-Pavilion-Laptop-15-cc1xx:33639/
[rosmaster.master][INFO] 2020-01-30 16:57:11,633: -PUB [/usb_cam/image_rect_color/compressedDepth/parameter_updates] /usb_cam/image_proc http://itachi-HP-Pavilion-Laptop-15-cc1xx:33639/
[rosmaster.master][INFO] 2020-01-30 16:57:11,633: -PUB [/usb_cam/image_rect_color/compressed] /usb_cam/image_proc http://itachi-HP-Pavilion-Laptop-15-cc1xx:33639/
[rosmaster.master][INFO] 2020-01-30 16:57:11,633: -PUB [/usb_cam/image_rect_color/compressed/parameter_descriptions] /usb_cam/image_proc http://itachi-HP-Pavilion-Laptop-15-cc1xx:33639/
[rosmaster.master][INFO] 2020-01-30 16:57:11,634: -PUB [/usb_cam/image_rect_color/compressed/parameter_updates] /usb_cam/image_proc http://itachi-HP-Pavilion-Laptop-15-cc1xx:33639/
[rosmaster.master][INFO] 2020-01-30 16:57:11,634: -PUB [/usb_cam/image_rect_color] /usb_cam/image_proc http://itachi-HP-Pavilion-Laptop-15-cc1xx:33639/
[rosmaster.master][INFO] 2020-01-30 16:57:11,635: -PUB [/usb_cam/image_rect_color/theora] /usb_cam/image_proc http://itachi-HP-Pavilion-Laptop-15-cc1xx:33639/
[rosmaster.master][INFO] 2020-01-30 16:57:11,635: -PUB [/usb_cam/image_rect_color/theora/parameter_descriptions] /usb_cam/image_proc http://itachi-HP-Pavilion-Laptop-15-cc1xx:33639/
[rosmaster.master][INFO] 2020-01-30 16:57:11,636: -PUB [/usb_cam/image_rect_color/theora/parameter_updates] /usb_cam/image_proc http://itachi-HP-Pavilion-Laptop-15-cc1xx:33639/
[rosmaster.master][INFO] 2020-01-30 16:57:11,636: -SUB [/usb_cam/image_color] /usb_cam/image_proc http://itachi-HP-Pavilion-Laptop-15-cc1xx:33639/
[rosmaster.master][INFO] 2020-01-30 16:57:11,637: -SUB [/usb_cam/camera_info] /usb_cam/image_proc http://itachi-HP-Pavilion-Laptop-15-cc1xx:33639/
[rosmaster.master][INFO] 2020-01-30 16:57:11,637: -SUB [/usb_cam/image_raw] /usb_cam/image_proc http://itachi-HP-Pavilion-Laptop-15-cc1xx:33639/
[rosmaster.master][INFO] 2020-01-30 16:57:11,638: -SERVICE [/usb_cam/image_proc/get_loggers] /usb_cam/image_proc rosrpc://itachi-HP-Pavilion-Laptop-15-cc1xx:55189
[rosmaster.master][INFO] 2020-01-30 16:57:11,638: -SERVICE [/usb_cam/image_proc/set_logger_level] /usb_cam/image_proc rosrpc://itachi-HP-Pavilion-Laptop-15-cc1xx:55189
[rosmaster.master][INFO] 2020-01-30 16:57:11,638: -SERVICE [/usb_cam/image_proc_debayer/set_parameters] /usb_cam/image_proc rosrpc://itachi-HP-Pavilion-Laptop-15-cc1xx:55189
[rosmaster.master][INFO] 2020-01-30 16:57:11,639: -SERVICE [/usb_cam/image_mono/compressedDepth/set_parameters] /usb_cam/image_proc rosrpc://itachi-HP-Pavilion-Laptop-15-cc1xx:55189
[rosmaster.master][INFO] 2020-01-30 16:57:11,639: -SERVICE [/usb_cam/image_mono/compressed/set_parameters] /usb_cam/image_proc rosrpc://itachi-HP-Pavilion-Laptop-15-cc1xx:55189
[rosmaster.master][INFO] 2020-01-30 16:57:11,640: publisherUpdate[/usb_cam/image_color] -> http://itachi-HP-Pavilion-Laptop-15-cc1xx:33639/ []
[rosmaster.master][INFO] 2020-01-30 16:57:11,640: -SERVICE [/usb_cam/image_mono/theora/set_parameters] /usb_cam/image_proc rosrpc://itachi-HP-Pavilion-Laptop-15-cc1xx:55189
[rosmaster.master][INFO] 2020-01-30 16:57:11,640: publisherUpdate[/usb_cam/image_color] -> http://itachi-HP-Pavilion-Laptop-15-cc1xx:33639/ []: sec=0.00, exception=<Fault -1: 'publisherUpdate: unknown method name'>
[rosmaster.master][INFO] 2020-01-30 16:57:11,641: -SERVICE [/usb_cam/image_color/compressedDepth/set_parameters] /usb_cam/image_proc rosrpc://itachi-HP-Pavilion-Laptop-15-cc1xx:55189
[rosmaster.master][INFO] 2020-01-30 16:57:11,642: -SERVICE [/usb_cam/image_color/compressed/set_parameters] /usb_cam/image_proc rosrpc://itachi-HP-Pavilion-Laptop-15-cc1xx:55189
[rosmaster.threadpool][ERROR] 2020-01-30 16:57:11,642: Traceback (most recent call last):
  File "/opt/ros/kinetic/lib/python2.7/dist-packages/rosmaster/threadpool.py", line 218, in run
    result = cmd(*args)
  File "/opt/ros/kinetic/lib/python2.7/dist-packages/rosmaster/master_api.py", line 210, in publisher_update_task
    ret = xmlrpcapi(api).publisherUpdate('/master', topic, pub_uris)
  File "/usr/lib/python2.7/xmlrpclib.py", line 1243, in __call__
    return self.__send(self.__name, args)
  File "/usr/lib/python2.7/xmlrpclib.py", line 1602, in __request
    verbose=self.__verbose
  File "/usr/lib/python2.7/xmlrpclib.py", line 1283, in request
    return self.single_request(host, handler, request_body, verbose)
  File "/usr/lib/python2.7/xmlrpclib.py", line 1316, in single_request
    return self.parse_response(response)
  File "/usr/lib/python2.7/xmlrpclib.py", line 1493, in parse_response
    return u.close()
  File "/usr/lib/python2.7/xmlrpclib.py", line 800, in close
    raise Fault(**self._stack[0])
Fault: <Fault -1: 'publisherUpdate: unknown method name'>

[rosmaster.master][INFO] 2020-01-30 16:57:11,643: -SERVICE [/usb_cam/image_color/theora/set_parameters] /usb_cam/image_proc rosrpc://itachi-HP-Pavilion-Laptop-15-cc1xx:55189
[rosmaster.master][INFO] 2020-01-30 16:57:11,643: -SERVICE [/usb_cam/image_proc_rectify_mono/set_parameters] /usb_cam/image_proc rosrpc://itachi-HP-Pavilion-Laptop-15-cc1xx:55189
[rosmaster.master][INFO] 2020-01-30 16:57:11,643: -SERVICE [/usb_cam/image_rect/compressedDepth/set_parameters] /usb_cam/image_proc rosrpc://itachi-HP-Pavilion-Laptop-15-cc1xx:55189
[rosmaster.master][INFO] 2020-01-30 16:57:11,644: -SERVICE [/usb_cam/image_rect/compressed/set_parameters] /usb_cam/image_proc rosrpc://itachi-HP-Pavilion-Laptop-15-cc1xx:55189
[rosmaster.master][INFO] 2020-01-30 16:57:11,644: -SERVICE [/usb_cam/image_rect/theora/set_parameters] /usb_cam/image_proc rosrpc://itachi-HP-Pavilion-Laptop-15-cc1xx:55189
[rosmaster.master][INFO] 2020-01-30 16:57:11,645: -SERVICE [/usb_cam/image_proc_rectify_color/set_parameters] /usb_cam/image_proc rosrpc://itachi-HP-Pavilion-Laptop-15-cc1xx:55189
[rosmaster.master][INFO] 2020-01-30 16:57:11,645: -SERVICE [/usb_cam/image_rect_color/compressedDepth/set_parameters] /usb_cam/image_proc rosrpc://itachi-HP-Pavilion-Laptop-15-cc1xx:55189
[rosmaster.master][INFO] 2020-01-30 16:57:11,646: -SERVICE [/usb_cam/image_rect_color/compressed/set_parameters] /usb_cam/image_proc rosrpc://itachi-HP-Pavilion-Laptop-15-cc1xx:55189
[rosmaster.master][INFO] 2020-01-30 16:57:11,646: -SERVICE [/usb_cam/image_rect_color/theora/set_parameters] /usb_cam/image_proc rosrpc://itachi-HP-Pavilion-Laptop-15-cc1xx:55189
[rosmaster.master][INFO] 2020-01-30 16:57:11,721: -PUB [/rosout] /whycon_display/image_view http://itachi-HP-Pavilion-Laptop-15-cc1xx:40313/
[rosmaster.master][INFO] 2020-01-30 16:57:11,721: -PUB [/whycon_display/image_view/output] /whycon_display/image_view http://itachi-HP-Pavilion-Laptop-15-cc1xx:40313/
[rosmaster.master][INFO] 2020-01-30 16:57:11,722: -PUB [/whycon_display/image_view/parameter_descriptions] /whycon_display/image_view http://itachi-HP-Pavilion-Laptop-15-cc1xx:40313/
[rosmaster.master][INFO] 2020-01-30 16:57:11,722: -PUB [/whycon_display/image_view/parameter_updates] /whycon_display/image_view http://itachi-HP-Pavilion-Laptop-15-cc1xx:40313/
[rosmaster.master][INFO] 2020-01-30 16:57:11,723: -SUB [/whycon/image_out] /whycon_display/image_view http://itachi-HP-Pavilion-Laptop-15-cc1xx:40313/
[rosmaster.master][INFO] 2020-01-30 16:57:11,723: -SERVICE [/whycon_display/image_view/get_loggers] /whycon_display/image_view rosrpc://itachi-HP-Pavilion-Laptop-15-cc1xx:51071
[rosmaster.master][INFO] 2020-01-30 16:57:11,724: -SERVICE [/whycon_display/image_view/set_logger_level] /whycon_display/image_view rosrpc://itachi-HP-Pavilion-Laptop-15-cc1xx:51071
[rosmaster.master][INFO] 2020-01-30 16:57:11,725: -SERVICE [/whycon_display/image_view/set_parameters] /whycon_display/image_view rosrpc://itachi-HP-Pavilion-Laptop-15-cc1xx:51071
[rosmaster.master][INFO] 2020-01-30 16:57:11,743: publisherUpdate[/rosout] -> http://itachi-HP-Pavilion-Laptop-15-cc1xx:43411/ []
[rosmaster.master][INFO] 2020-01-30 16:57:11,743: publisherUpdate[/rosout] -> http://itachi-HP-Pavilion-Laptop-15-cc1xx:43411/ []: sec=0.00, result=[1, '', 0]
[rosmaster.master][INFO] 2020-01-30 16:57:11,944: -PUB [/rosout_agg] /rosout http://itachi-HP-Pavilion-Laptop-15-cc1xx:43411/
[rosmaster.master][INFO] 2020-01-30 16:57:11,945: -SUB [/rosout] /rosout http://itachi-HP-Pavilion-Laptop-15-cc1xx:43411/
[rosmaster.master][INFO] 2020-01-30 16:57:11,945: -SERVICE [/rosout/get_loggers] /rosout rosrpc://itachi-HP-Pavilion-Laptop-15-cc1xx:37757
[rosmaster.master][INFO] 2020-01-30 16:57:11,946: -SERVICE [/rosout/set_logger_level] /rosout rosrpc://itachi-HP-Pavilion-Laptop-15-cc1xx:37757
[rosmaster.main][INFO] 2020-01-30 16:57:12,002: keyboard interrupt, will exit
[rosmaster.main][INFO] 2020-01-30 16:57:12,003: stopping master...
[rospy.core][INFO] 2020-01-30 16:57:12,003: signal_shutdown [atexit]
