[rospy.client][INFO] 2019-11-26 18:10:55,755: init_node, name[/edrone/spawn_edrone], pid[2718]
[xmlrpc][INFO] 2019-11-26 18:10:55,755: XML-RPC server binding to 0.0.0.0:0
[xmlrpc][INFO] 2019-11-26 18:10:55,756: Started XML-RPC server [http://itachi-HP-Pavilion-Laptop-15-cc1xx:36839/]
[rospy.init][INFO] 2019-11-26 18:10:55,756: ROS Slave URI: [http://itachi-HP-Pavilion-Laptop-15-cc1xx:36839/]
[rospy.impl.masterslave][INFO] 2019-11-26 18:10:55,756: _ready: http://itachi-HP-Pavilion-Laptop-15-cc1xx:36839/
[rospy.registration][INFO] 2019-11-26 18:10:55,757: Registering with master node http://localhost:11311
[xmlrpc][INFO] 2019-11-26 18:10:55,757: xml rpc node: starting XML-RPC server
[rospy.init][INFO] 2019-11-26 18:10:55,856: registered with master
[rospy.rosout][INFO] 2019-11-26 18:10:55,857: initializing /rosout core topic
[rospy.rosout][INFO] 2019-11-26 18:10:55,866: connected to core topic /rosout
[rospy.simtime][INFO] 2019-11-26 18:10:55,871: initializing /clock core topic
[rospy.simtime][INFO] 2019-11-26 18:10:55,880: connected to core topic /clock
[rosout][INFO] 2019-11-26 18:10:55,886: Loading model XML from ros parameter
[rosout][INFO] 2019-11-26 18:10:55,893: Waiting for service /gazebo/spawn_urdf_model
[rospy.internal][INFO] 2019-11-26 18:10:56,104: topic[/rosout] adding connection to [/rosout], count 0
[rospy.internal][INFO] 2019-11-26 18:10:56,386: topic[/clock] adding connection to [http://itachi-HP-Pavilion-Laptop-15-cc1xx:35393/], count 0
[rosout][INFO] 2019-11-26 18:10:56,500: Calling service /gazebo/spawn_urdf_model
[rosout][INFO] 2019-11-26 18:10:56,783: Spawn status: SpawnModel: Successfully spawned entity
[rospy.core][INFO] 2019-11-26 18:10:56,783: signal_shutdown [atexit]
[rospy.internal][INFO] 2019-11-26 18:10:56,786: topic[/rosout] removing connection to /rosout
[rospy.internal][INFO] 2019-11-26 18:10:56,786: topic[/clock] removing connection to http://itachi-HP-Pavilion-Laptop-15-cc1xx:35393/
[rospy.impl.masterslave][INFO] 2019-11-26 18:10:56,787: atexit
