[rospy.client][INFO] 2019-12-26 12:18:19,351: init_node, name[/edrone/joint_state_publisher], pid[3654]
[xmlrpc][INFO] 2019-12-26 12:18:19,351: XML-RPC server binding to 0.0.0.0:0
[xmlrpc][INFO] 2019-12-26 12:18:19,352: Started XML-RPC server [http://itachi-HP-Pavilion-Laptop-15-cc1xx:37131/]
[rospy.init][INFO] 2019-12-26 12:18:19,352: ROS Slave URI: [http://itachi-HP-Pavilion-Laptop-15-cc1xx:37131/]
[rospy.impl.masterslave][INFO] 2019-12-26 12:18:19,352: _ready: http://itachi-HP-Pavilion-Laptop-15-cc1xx:37131/
[rospy.registration][INFO] 2019-12-26 12:18:19,352: Registering with master node http://localhost:11311
[xmlrpc][INFO] 2019-12-26 12:18:19,353: xml rpc node: starting XML-RPC server
[rospy.init][INFO] 2019-12-26 12:18:19,452: registered with master
[rospy.rosout][INFO] 2019-12-26 12:18:19,452: initializing /rosout core topic
[rospy.rosout][INFO] 2019-12-26 12:18:19,454: connected to core topic /rosout
[rospy.simtime][INFO] 2019-12-26 12:18:19,455: initializing /clock core topic
[rospy.simtime][INFO] 2019-12-26 12:18:19,458: connected to core topic /clock
[rospy.internal][INFO] 2019-12-26 12:18:19,587: topic[/rosout] adding connection to [/rosout], count 0
[rospy.internal][INFO] 2019-12-26 12:18:19,696: topic[/edrone/joint_states] adding connection to [/edrone/robot_state_publisher], count 0
[rospy.internal][INFO] 2019-12-26 12:18:20,432: topic[/clock] adding connection to [http://itachi-HP-Pavilion-Laptop-15-cc1xx:42141/], count 0
[rospy.core][INFO] 2019-12-26 12:31:42,948: signal_shutdown [signal-2]
[rospy.internal][INFO] 2019-12-26 12:31:42,955: topic[/edrone/joint_states] removing connection to /edrone/robot_state_publisher
[rospy.internal][INFO] 2019-12-26 12:31:42,955: topic[/rosout] removing connection to /rosout
[rospy.internal][INFO] 2019-12-26 12:31:42,956: topic[/clock] removing connection to http://itachi-HP-Pavilion-Laptop-15-cc1xx:42141/
[rospy.impl.masterslave][INFO] 2019-12-26 12:31:42,956: signal-2
[rospy.core][INFO] 2019-12-26 12:31:43,572: signal_shutdown [atexit]
