[rosmaster.main][INFO] 2019-12-27 01:29:29,573: initialization complete, waiting for shutdown
[rosmaster.main][INFO] 2019-12-27 01:29:29,573: Starting ROS Master Node
[xmlrpc][INFO] 2019-12-27 01:29:29,574: XML-RPC server binding to 0.0.0.0:11311
[xmlrpc][INFO] 2019-12-27 01:29:29,574: Started XML-RPC server [http://itachi-HP-Pavilion-Laptop-15-cc1xx:11311/]
[rosmaster.master][INFO] 2019-12-27 01:29:29,574: Master initialized: port[11311], uri[http://itachi-HP-Pavilion-Laptop-15-cc1xx:11311/]
[xmlrpc][INFO] 2019-12-27 01:29:29,574: xml rpc node: starting XML-RPC server
[rosmaster.master][INFO] 2019-12-27 01:29:29,622: +PARAM [/run_id] by /roslaunch
[rosmaster.master][INFO] 2019-12-27 01:29:29,623: +PARAM [/roslaunch/uris/host_itachi_hp_pavilion_laptop_15_cc1xx__46763] by /roslaunch
[rosmaster.master][INFO] 2019-12-27 01:29:29,688: +PARAM [/usb_cam/image_width] by /roslaunch
[rosmaster.master][INFO] 2019-12-27 01:29:29,688: +PARAM [/usb_cam/video_device] by /roslaunch
[rosmaster.master][INFO] 2019-12-27 01:29:29,688: +PARAM [/rosdistro] by /roslaunch
[rosmaster.master][INFO] 2019-12-27 01:29:29,688: +PARAM [/whycon/targets] by /roslaunch
[rosmaster.master][INFO] 2019-12-27 01:29:29,688: +PARAM [/usb_cam/pixel_format] by /roslaunch
[rosmaster.master][INFO] 2019-12-27 01:29:29,689: +PARAM [/usb_cam/io_method] by /roslaunch
[rosmaster.master][INFO] 2019-12-27 01:29:29,689: +PARAM [/usb_cam/camera_frame_id] by /roslaunch
[rosmaster.master][INFO] 2019-12-27 01:29:29,689: +PARAM [/rosversion] by /roslaunch
[rosmaster.master][INFO] 2019-12-27 01:29:29,689: +PARAM [/whycon/outer_diameter] by /roslaunch
[rosmaster.master][INFO] 2019-12-27 01:29:29,689: +PARAM [/usb_cam/image_height] by /roslaunch
[rosmaster.master][INFO] 2019-12-27 01:29:29,689: +PARAM [/whycon/name] by /roslaunch
[rosmaster.master][INFO] 2019-12-27 01:29:29,689: +PARAM [/whycon/inner_diameter] by /roslaunch
[rosmaster.master][INFO] 2019-12-27 01:29:29,691: +SERVICE [/rosout/get_loggers] /rosout http://itachi-HP-Pavilion-Laptop-15-cc1xx:39963/
[rosmaster.master][INFO] 2019-12-27 01:29:29,692: +SERVICE [/rosout/set_logger_level] /rosout http://itachi-HP-Pavilion-Laptop-15-cc1xx:39963/
[rosmaster.master][INFO] 2019-12-27 01:29:29,693: +PUB [/rosout_agg] /rosout http://itachi-HP-Pavilion-Laptop-15-cc1xx:39963/
[rosmaster.master][INFO] 2019-12-27 01:29:29,696: +SUB [/rosout] /rosout http://itachi-HP-Pavilion-Laptop-15-cc1xx:39963/
[rosmaster.master][INFO] 2019-12-27 01:29:29,712: +PUB [/rosout] /usb_cam http://itachi-HP-Pavilion-Laptop-15-cc1xx:39387/
[rosmaster.master][INFO] 2019-12-27 01:29:29,713: +SERVICE [/usb_cam/get_loggers] /usb_cam http://itachi-HP-Pavilion-Laptop-15-cc1xx:39387/
[rosmaster.master][INFO] 2019-12-27 01:29:29,714: +SERVICE [/usb_cam/set_logger_level] /usb_cam http://itachi-HP-Pavilion-Laptop-15-cc1xx:39387/
[rosmaster.master][INFO] 2019-12-27 01:29:29,722: +PUB [/rosout] /usb_cam/image_proc http://itachi-HP-Pavilion-Laptop-15-cc1xx:39879/
[rosmaster.master][INFO] 2019-12-27 01:29:29,722: +SERVICE [/usb_cam/image_proc/get_loggers] /usb_cam/image_proc http://itachi-HP-Pavilion-Laptop-15-cc1xx:39879/
[rosmaster.master][INFO] 2019-12-27 01:29:29,723: +SERVICE [/usb_cam/image_proc/set_logger_level] /usb_cam/image_proc http://itachi-HP-Pavilion-Laptop-15-cc1xx:39879/
[rosmaster.master][INFO] 2019-12-27 01:29:29,733: +PUB [/rosout] /whycon http://itachi-HP-Pavilion-Laptop-15-cc1xx:34491/
[rosmaster.master][INFO] 2019-12-27 01:29:29,734: +SERVICE [/whycon/get_loggers] /whycon http://itachi-HP-Pavilion-Laptop-15-cc1xx:34491/
[rosmaster.master][INFO] 2019-12-27 01:29:29,735: +SERVICE [/whycon/set_logger_level] /whycon http://itachi-HP-Pavilion-Laptop-15-cc1xx:34491/
[rosmaster.master][INFO] 2019-12-27 01:29:29,738: +PUB [/rosout] /whycon_display/image_view http://itachi-HP-Pavilion-Laptop-15-cc1xx:40779/
[rosmaster.master][INFO] 2019-12-27 01:29:29,739: +SERVICE [/whycon_display/image_view/get_loggers] /whycon_display/image_view http://itachi-HP-Pavilion-Laptop-15-cc1xx:40779/
[rosmaster.master][INFO] 2019-12-27 01:29:29,739: +SERVICE [/whycon_display/image_view/set_logger_level] /whycon_display/image_view http://itachi-HP-Pavilion-Laptop-15-cc1xx:40779/
[rosmaster.master][INFO] 2019-12-27 01:29:29,749: +SERVICE [/usb_cam/image_proc_debayer/set_parameters] /usb_cam/image_proc http://itachi-HP-Pavilion-Laptop-15-cc1xx:39879/
[rosmaster.master][INFO] 2019-12-27 01:29:29,750: +PUB [/usb_cam/image_proc_debayer/parameter_descriptions] /usb_cam/image_proc http://itachi-HP-Pavilion-Laptop-15-cc1xx:39879/
[rosmaster.master][INFO] 2019-12-27 01:29:29,751: +PUB [/usb_cam/image_proc_debayer/parameter_updates] /usb_cam/image_proc http://itachi-HP-Pavilion-Laptop-15-cc1xx:39879/
[rosmaster.master][INFO] 2019-12-27 01:29:29,752: +PARAM [/usb_cam/image_proc_debayer/debayer] by /usb_cam/image_proc
[rosmaster.master][INFO] 2019-12-27 01:29:29,753: +PARAM [/usb_cam/image_proc_debayer/debayer] by /usb_cam/image_proc
[rosmaster.master][INFO] 2019-12-27 01:29:29,754: +PUB [/usb_cam/image_mono/compressedDepth] /usb_cam/image_proc http://itachi-HP-Pavilion-Laptop-15-cc1xx:39879/
[rosmaster.master][INFO] 2019-12-27 01:29:29,755: +SERVICE [/usb_cam/image_mono/compressedDepth/set_parameters] /usb_cam/image_proc http://itachi-HP-Pavilion-Laptop-15-cc1xx:39879/
[rosmaster.master][INFO] 2019-12-27 01:29:29,756: +PUB [/usb_cam/image_mono/compressedDepth/parameter_descriptions] /usb_cam/image_proc http://itachi-HP-Pavilion-Laptop-15-cc1xx:39879/
[rosmaster.master][INFO] 2019-12-27 01:29:29,756: +PUB [/usb_cam/image_raw/compressedDepth] /usb_cam http://itachi-HP-Pavilion-Laptop-15-cc1xx:39387/
[rosmaster.master][INFO] 2019-12-27 01:29:29,757: +PUB [/usb_cam/image_mono/compressedDepth/parameter_updates] /usb_cam/image_proc http://itachi-HP-Pavilion-Laptop-15-cc1xx:39879/
[rosmaster.master][INFO] 2019-12-27 01:29:29,757: +SERVICE [/usb_cam/image_raw/compressedDepth/set_parameters] /usb_cam http://itachi-HP-Pavilion-Laptop-15-cc1xx:39387/
[rosmaster.master][INFO] 2019-12-27 01:29:29,759: +PUB [/usb_cam/image_raw/compressedDepth/parameter_descriptions] /usb_cam http://itachi-HP-Pavilion-Laptop-15-cc1xx:39387/
[rosmaster.master][INFO] 2019-12-27 01:29:29,760: +PUB [/usb_cam/image_raw/compressedDepth/parameter_updates] /usb_cam http://itachi-HP-Pavilion-Laptop-15-cc1xx:39387/
[rosmaster.master][INFO] 2019-12-27 01:29:29,762: +PARAM [/usb_cam/image_mono/compressedDepth/depth_max] by /usb_cam/image_proc
[rosmaster.master][INFO] 2019-12-27 01:29:29,764: +PARAM [/usb_cam/image_mono/compressedDepth/depth_quantization] by /usb_cam/image_proc
[rosmaster.master][INFO] 2019-12-27 01:29:29,765: +PARAM [/usb_cam/image_mono/compressedDepth/png_level] by /usb_cam/image_proc
[rosmaster.master][INFO] 2019-12-27 01:29:29,766: +PARAM [/usb_cam/image_raw/compressedDepth/depth_max] by /usb_cam
[rosmaster.master][INFO] 2019-12-27 01:29:29,767: +PARAM [/usb_cam/image_mono/compressedDepth/depth_max] by /usb_cam/image_proc
[rosmaster.master][INFO] 2019-12-27 01:29:29,767: +PARAM [/usb_cam/image_raw/compressedDepth/depth_quantization] by /usb_cam
[rosmaster.master][INFO] 2019-12-27 01:29:29,768: +PARAM [/usb_cam/image_mono/compressedDepth/depth_quantization] by /usb_cam/image_proc
[rosmaster.master][INFO] 2019-12-27 01:29:29,769: +PARAM [/usb_cam/image_raw/compressedDepth/png_level] by /usb_cam
[rosmaster.master][INFO] 2019-12-27 01:29:29,770: +PARAM [/usb_cam/image_mono/compressedDepth/png_level] by /usb_cam/image_proc
[rosmaster.master][INFO] 2019-12-27 01:29:29,771: +PARAM [/usb_cam/image_raw/compressedDepth/depth_max] by /usb_cam
[rosmaster.master][INFO] 2019-12-27 01:29:29,772: +PUB [/usb_cam/image_mono/compressed] /usb_cam/image_proc http://itachi-HP-Pavilion-Laptop-15-cc1xx:39879/
[rosmaster.master][INFO] 2019-12-27 01:29:29,772: +PARAM [/usb_cam/image_raw/compressedDepth/depth_quantization] by /usb_cam
[rosmaster.master][INFO] 2019-12-27 01:29:29,773: +SERVICE [/usb_cam/image_mono/compressed/set_parameters] /usb_cam/image_proc http://itachi-HP-Pavilion-Laptop-15-cc1xx:39879/
[rosmaster.master][INFO] 2019-12-27 01:29:29,774: +PARAM [/usb_cam/image_raw/compressedDepth/png_level] by /usb_cam
[rosmaster.master][INFO] 2019-12-27 01:29:29,774: publisherUpdate[/rosout] -> http://itachi-HP-Pavilion-Laptop-15-cc1xx:39963/ ['http://itachi-HP-Pavilion-Laptop-15-cc1xx:39387/']
[rosmaster.master][INFO] 2019-12-27 01:29:29,775: +PUB [/usb_cam/image_mono/compressed/parameter_descriptions] /usb_cam/image_proc http://itachi-HP-Pavilion-Laptop-15-cc1xx:39879/
[rosmaster.master][INFO] 2019-12-27 01:29:29,777: publisherUpdate[/rosout] -> http://itachi-HP-Pavilion-Laptop-15-cc1xx:39963/ ['http://itachi-HP-Pavilion-Laptop-15-cc1xx:39387/']: sec=0.00, result=[1, '', 0]
[rosmaster.master][INFO] 2019-12-27 01:29:29,778: +PUB [/usb_cam/image_raw/compressed] /usb_cam http://itachi-HP-Pavilion-Laptop-15-cc1xx:39387/
[rosmaster.master][INFO] 2019-12-27 01:29:29,778: publisherUpdate[/rosout] -> http://itachi-HP-Pavilion-Laptop-15-cc1xx:39963/ ['http://itachi-HP-Pavilion-Laptop-15-cc1xx:39387/', 'http://itachi-HP-Pavilion-Laptop-15-cc1xx:39879/']
[rosmaster.master][INFO] 2019-12-27 01:29:29,778: +PUB [/usb_cam/image_mono/compressed/parameter_updates] /usb_cam/image_proc http://itachi-HP-Pavilion-Laptop-15-cc1xx:39879/
[rosmaster.master][INFO] 2019-12-27 01:29:29,779: publisherUpdate[/rosout] -> http://itachi-HP-Pavilion-Laptop-15-cc1xx:39963/ ['http://itachi-HP-Pavilion-Laptop-15-cc1xx:39387/', 'http://itachi-HP-Pavilion-Laptop-15-cc1xx:39879/']: sec=0.00, result=[1, '', 0]
[rosmaster.master][INFO] 2019-12-27 01:29:29,780: +SERVICE [/usb_cam/image_raw/compressed/set_parameters] /usb_cam http://itachi-HP-Pavilion-Laptop-15-cc1xx:39387/
[rosmaster.master][INFO] 2019-12-27 01:29:29,780: publisherUpdate[/rosout] -> http://itachi-HP-Pavilion-Laptop-15-cc1xx:39963/ ['http://itachi-HP-Pavilion-Laptop-15-cc1xx:39387/', 'http://itachi-HP-Pavilion-Laptop-15-cc1xx:39879/', 'http://itachi-HP-Pavilion-Laptop-15-cc1xx:34491/']
[rosmaster.master][INFO] 2019-12-27 01:29:29,781: publisherUpdate[/rosout] -> http://itachi-HP-Pavilion-Laptop-15-cc1xx:39963/ ['http://itachi-HP-Pavilion-Laptop-15-cc1xx:39387/', 'http://itachi-HP-Pavilion-Laptop-15-cc1xx:39879/', 'http://itachi-HP-Pavilion-Laptop-15-cc1xx:34491/']: sec=0.00, result=[1, '', 0]
[rosmaster.master][INFO] 2019-12-27 01:29:29,782: publisherUpdate[/rosout] -> http://itachi-HP-Pavilion-Laptop-15-cc1xx:39963/ ['http://itachi-HP-Pavilion-Laptop-15-cc1xx:39387/', 'http://itachi-HP-Pavilion-Laptop-15-cc1xx:39879/', 'http://itachi-HP-Pavilion-Laptop-15-cc1xx:34491/', 'http://itachi-HP-Pavilion-Laptop-15-cc1xx:40779/']
[rosmaster.master][INFO] 2019-12-27 01:29:29,783: publisherUpdate[/rosout] -> http://itachi-HP-Pavilion-Laptop-15-cc1xx:39963/ ['http://itachi-HP-Pavilion-Laptop-15-cc1xx:39387/', 'http://itachi-HP-Pavilion-Laptop-15-cc1xx:39879/', 'http://itachi-HP-Pavilion-Laptop-15-cc1xx:34491/', 'http://itachi-HP-Pavilion-Laptop-15-cc1xx:40779/']: sec=0.00, result=[1, '', 0]
[rosmaster.master][INFO] 2019-12-27 01:29:29,783: +PUB [/usb_cam/image_raw/compressed/parameter_descriptions] /usb_cam http://itachi-HP-Pavilion-Laptop-15-cc1xx:39387/
[rosmaster.master][INFO] 2019-12-27 01:29:29,785: +PUB [/usb_cam/image_raw/compressed/parameter_updates] /usb_cam http://itachi-HP-Pavilion-Laptop-15-cc1xx:39387/
[rosmaster.master][INFO] 2019-12-27 01:29:29,786: +PUB [/tf] /whycon http://itachi-HP-Pavilion-Laptop-15-cc1xx:34491/
[rosmaster.master][INFO] 2019-12-27 01:29:29,787: +PARAM [/usb_cam/image_mono/compressed/format] by /usb_cam/image_proc
[rosmaster.master][INFO] 2019-12-27 01:29:29,788: +PARAM [/usb_cam/image_mono/compressed/jpeg_quality] by /usb_cam/image_proc
[rosmaster.master][INFO] 2019-12-27 01:29:29,790: +PARAM [/usb_cam/image_mono/compressed/png_level] by /usb_cam/image_proc
[rosmaster.master][INFO] 2019-12-27 01:29:29,790: +PARAM [/usb_cam/image_raw/compressed/format] by /usb_cam
[rosmaster.master][INFO] 2019-12-27 01:29:29,791: +PARAM [/usb_cam/image_mono/compressed/format] by /usb_cam/image_proc
[rosmaster.master][INFO] 2019-12-27 01:29:29,792: +PARAM [/usb_cam/image_raw/compressed/jpeg_quality] by /usb_cam
[rosmaster.master][INFO] 2019-12-27 01:29:29,794: +PARAM [/usb_cam/image_mono/compressed/jpeg_quality] by /usb_cam/image_proc
[rosmaster.master][INFO] 2019-12-27 01:29:29,794: +PARAM [/usb_cam/image_raw/compressed/png_level] by /usb_cam
[rosmaster.master][INFO] 2019-12-27 01:29:29,795: +PARAM [/usb_cam/image_mono/compressed/png_level] by /usb_cam/image_proc
[rosmaster.master][INFO] 2019-12-27 01:29:29,796: +PARAM [/usb_cam/image_raw/compressed/format] by /usb_cam
[rosmaster.master][INFO] 2019-12-27 01:29:29,797: +PUB [/usb_cam/image_mono] /usb_cam/image_proc http://itachi-HP-Pavilion-Laptop-15-cc1xx:39879/
[rosmaster.master][INFO] 2019-12-27 01:29:29,798: +SUB [/usb_cam/image_rect_color] /whycon http://itachi-HP-Pavilion-Laptop-15-cc1xx:34491/
[rosmaster.master][INFO] 2019-12-27 01:29:29,798: +PARAM [/usb_cam/image_raw/compressed/jpeg_quality] by /usb_cam
[rosmaster.master][INFO] 2019-12-27 01:29:29,800: +PARAM [/usb_cam/image_raw/compressed/png_level] by /usb_cam
[rosmaster.master][INFO] 2019-12-27 01:29:29,800: +PUB [/usb_cam/image_mono/theora] /usb_cam/image_proc http://itachi-HP-Pavilion-Laptop-15-cc1xx:39879/
[rosmaster.master][INFO] 2019-12-27 01:29:29,801: +SERVICE [/usb_cam/image_mono/theora/set_parameters] /usb_cam/image_proc http://itachi-HP-Pavilion-Laptop-15-cc1xx:39879/
[rosmaster.master][INFO] 2019-12-27 01:29:29,802: +PUB [/usb_cam/image_raw] /usb_cam http://itachi-HP-Pavilion-Laptop-15-cc1xx:39387/
[rosmaster.master][INFO] 2019-12-27 01:29:29,803: +PUB [/usb_cam/image_mono/theora/parameter_descriptions] /usb_cam/image_proc http://itachi-HP-Pavilion-Laptop-15-cc1xx:39879/
[rosmaster.master][INFO] 2019-12-27 01:29:29,804: +PUB [/usb_cam/image_raw/theora] /usb_cam http://itachi-HP-Pavilion-Laptop-15-cc1xx:39387/
[rosmaster.master][INFO] 2019-12-27 01:29:29,804: +PUB [/usb_cam/image_mono/theora/parameter_updates] /usb_cam/image_proc http://itachi-HP-Pavilion-Laptop-15-cc1xx:39879/
[rosmaster.master][INFO] 2019-12-27 01:29:29,805: +SERVICE [/usb_cam/image_raw/theora/set_parameters] /usb_cam http://itachi-HP-Pavilion-Laptop-15-cc1xx:39387/
[rosmaster.master][INFO] 2019-12-27 01:29:29,806: +SUB [/usb_cam/camera_info] /whycon http://itachi-HP-Pavilion-Laptop-15-cc1xx:34491/
[rosmaster.master][INFO] 2019-12-27 01:29:29,807: +PUB [/usb_cam/image_raw/theora/parameter_descriptions] /usb_cam http://itachi-HP-Pavilion-Laptop-15-cc1xx:39387/
[rosmaster.master][INFO] 2019-12-27 01:29:29,808: +PUB [/whycon/image_out] /whycon http://itachi-HP-Pavilion-Laptop-15-cc1xx:34491/
[rosmaster.master][INFO] 2019-12-27 01:29:29,809: +PUB [/usb_cam/image_raw/theora/parameter_updates] /usb_cam http://itachi-HP-Pavilion-Laptop-15-cc1xx:39387/
[rosmaster.master][INFO] 2019-12-27 01:29:29,811: +PUB [/whycon/poses] /whycon http://itachi-HP-Pavilion-Laptop-15-cc1xx:34491/
[rosmaster.master][INFO] 2019-12-27 01:29:29,813: +PARAM [/usb_cam/image_mono/theora/optimize_for] by /usb_cam/image_proc
[rosmaster.master][INFO] 2019-12-27 01:29:29,814: +PUB [/whycon/context] /whycon http://itachi-HP-Pavilion-Laptop-15-cc1xx:34491/
[rosmaster.master][INFO] 2019-12-27 01:29:29,814: +PARAM [/usb_cam/image_mono/theora/target_bitrate] by /usb_cam/image_proc
[rosmaster.master][INFO] 2019-12-27 01:29:29,815: +PUB [/whycon/projection] /whycon http://itachi-HP-Pavilion-Laptop-15-cc1xx:34491/
[rosmaster.master][INFO] 2019-12-27 01:29:29,816: +PARAM [/usb_cam/image_mono/theora/quality] by /usb_cam/image_proc
[rosmaster.master][INFO] 2019-12-27 01:29:29,817: +SERVICE [/whycon/reset] /whycon http://itachi-HP-Pavilion-Laptop-15-cc1xx:34491/
[rosmaster.master][INFO] 2019-12-27 01:29:29,817: +PARAM [/usb_cam/image_raw/theora/optimize_for] by /usb_cam
[rosmaster.master][INFO] 2019-12-27 01:29:29,818: +PARAM [/usb_cam/image_mono/theora/keyframe_frequency] by /usb_cam/image_proc
[rosmaster.master][INFO] 2019-12-27 01:29:29,818: +PARAM [/usb_cam/image_raw/theora/target_bitrate] by /usb_cam
[rosmaster.master][INFO] 2019-12-27 01:29:29,819: +PARAM [/usb_cam/image_mono/theora/optimize_for] by /usb_cam/image_proc
[rosmaster.master][INFO] 2019-12-27 01:29:29,819: +PARAM [/usb_cam/image_raw/theora/quality] by /usb_cam
[rosmaster.master][INFO] 2019-12-27 01:29:29,820: +PARAM [/usb_cam/image_mono/theora/target_bitrate] by /usb_cam/image_proc
[rosmaster.master][INFO] 2019-12-27 01:29:29,821: +PARAM [/usb_cam/image_raw/theora/keyframe_frequency] by /usb_cam
[rosmaster.master][INFO] 2019-12-27 01:29:29,821: +PARAM [/usb_cam/image_mono/theora/quality] by /usb_cam/image_proc
[rosmaster.master][INFO] 2019-12-27 01:29:29,822: +PARAM [/usb_cam/image_raw/theora/optimize_for] by /usb_cam
[rosmaster.master][INFO] 2019-12-27 01:29:29,822: +PARAM [/usb_cam/image_mono/theora/keyframe_frequency] by /usb_cam/image_proc
[rosmaster.master][INFO] 2019-12-27 01:29:29,823: +PARAM [/usb_cam/image_raw/theora/target_bitrate] by /usb_cam
[rosmaster.master][INFO] 2019-12-27 01:29:29,824: +PARAM [/usb_cam/image_raw/theora/quality] by /usb_cam
[rosmaster.master][INFO] 2019-12-27 01:29:29,824: +PUB [/usb_cam/image_color/compressedDepth] /usb_cam/image_proc http://itachi-HP-Pavilion-Laptop-15-cc1xx:39879/
[rosmaster.master][INFO] 2019-12-27 01:29:29,825: +PARAM [/usb_cam/image_raw/theora/keyframe_frequency] by /usb_cam
[rosmaster.master][INFO] 2019-12-27 01:29:29,825: +SERVICE [/usb_cam/image_color/compressedDepth/set_parameters] /usb_cam/image_proc http://itachi-HP-Pavilion-Laptop-15-cc1xx:39879/
[rosmaster.master][INFO] 2019-12-27 01:29:29,826: +PUB [/usb_cam/camera_info] /usb_cam http://itachi-HP-Pavilion-Laptop-15-cc1xx:39387/
[rosmaster.master][INFO] 2019-12-27 01:29:29,827: +PUB [/usb_cam/image_color/compressedDepth/parameter_descriptions] /usb_cam/image_proc http://itachi-HP-Pavilion-Laptop-15-cc1xx:39879/
[rosmaster.master][INFO] 2019-12-27 01:29:29,829: +PUB [/usb_cam/image_color/compressedDepth/parameter_updates] /usb_cam/image_proc http://itachi-HP-Pavilion-Laptop-15-cc1xx:39879/
[rosmaster.master][INFO] 2019-12-27 01:29:29,833: +PARAM [/usb_cam/image_color/compressedDepth/depth_max] by /usb_cam/image_proc
[rosmaster.master][INFO] 2019-12-27 01:29:29,834: +PARAM [/usb_cam/image_color/compressedDepth/depth_quantization] by /usb_cam/image_proc
[rosmaster.master][INFO] 2019-12-27 01:29:29,834: +PARAM [/usb_cam/image_color/compressedDepth/png_level] by /usb_cam/image_proc
[rosmaster.master][INFO] 2019-12-27 01:29:29,835: +PARAM [/usb_cam/image_color/compressedDepth/depth_max] by /usb_cam/image_proc
[rosmaster.master][INFO] 2019-12-27 01:29:29,836: +PARAM [/usb_cam/image_color/compressedDepth/depth_quantization] by /usb_cam/image_proc
[rosmaster.master][INFO] 2019-12-27 01:29:29,837: +PARAM [/usb_cam/image_color/compressedDepth/png_level] by /usb_cam/image_proc
[rosmaster.master][INFO] 2019-12-27 01:29:29,838: +PUB [/usb_cam/image_color/compressed] /usb_cam/image_proc http://itachi-HP-Pavilion-Laptop-15-cc1xx:39879/
[rosmaster.master][INFO] 2019-12-27 01:29:29,839: +SERVICE [/usb_cam/image_color/compressed/set_parameters] /usb_cam/image_proc http://itachi-HP-Pavilion-Laptop-15-cc1xx:39879/
[rosmaster.master][INFO] 2019-12-27 01:29:29,840: +PUB [/usb_cam/image_color/compressed/parameter_descriptions] /usb_cam/image_proc http://itachi-HP-Pavilion-Laptop-15-cc1xx:39879/
[rosmaster.master][INFO] 2019-12-27 01:29:29,841: +PUB [/usb_cam/image_color/compressed/parameter_updates] /usb_cam/image_proc http://itachi-HP-Pavilion-Laptop-15-cc1xx:39879/
[rosmaster.master][INFO] 2019-12-27 01:29:29,846: +PARAM [/usb_cam/image_color/compressed/format] by /usb_cam/image_proc
[rosmaster.master][INFO] 2019-12-27 01:29:29,848: +PARAM [/usb_cam/image_color/compressed/jpeg_quality] by /usb_cam/image_proc
[rosmaster.master][INFO] 2019-12-27 01:29:29,849: +PARAM [/usb_cam/image_color/compressed/png_level] by /usb_cam/image_proc
[rosmaster.master][INFO] 2019-12-27 01:29:29,852: +PARAM [/usb_cam/image_color/compressed/format] by /usb_cam/image_proc
[rosmaster.master][INFO] 2019-12-27 01:29:29,853: +PARAM [/usb_cam/image_color/compressed/jpeg_quality] by /usb_cam/image_proc
[rosmaster.master][INFO] 2019-12-27 01:29:29,855: +PARAM [/usb_cam/image_color/compressed/png_level] by /usb_cam/image_proc
[rosmaster.master][INFO] 2019-12-27 01:29:29,857: +PUB [/usb_cam/image_color] /usb_cam/image_proc http://itachi-HP-Pavilion-Laptop-15-cc1xx:39879/
[rosmaster.master][INFO] 2019-12-27 01:29:29,858: +PUB [/usb_cam/image_color/theora] /usb_cam/image_proc http://itachi-HP-Pavilion-Laptop-15-cc1xx:39879/
[rosmaster.master][INFO] 2019-12-27 01:29:29,859: +SERVICE [/usb_cam/set_camera_info] /usb_cam http://itachi-HP-Pavilion-Laptop-15-cc1xx:39387/
[rosmaster.master][INFO] 2019-12-27 01:29:29,859: +SERVICE [/usb_cam/image_color/theora/set_parameters] /usb_cam/image_proc http://itachi-HP-Pavilion-Laptop-15-cc1xx:39879/
[rosmaster.master][INFO] 2019-12-27 01:29:29,860: +SERVICE [/usb_cam/start_capture] /usb_cam http://itachi-HP-Pavilion-Laptop-15-cc1xx:39387/
[rosmaster.master][INFO] 2019-12-27 01:29:29,861: +PUB [/usb_cam/image_color/theora/parameter_descriptions] /usb_cam/image_proc http://itachi-HP-Pavilion-Laptop-15-cc1xx:39879/
[rosmaster.master][INFO] 2019-12-27 01:29:29,861: +SERVICE [/usb_cam/stop_capture] /usb_cam http://itachi-HP-Pavilion-Laptop-15-cc1xx:39387/
[rosmaster.master][INFO] 2019-12-27 01:29:29,862: +PUB [/usb_cam/image_color/theora/parameter_updates] /usb_cam/image_proc http://itachi-HP-Pavilion-Laptop-15-cc1xx:39879/
[rosmaster.master][INFO] 2019-12-27 01:29:29,865: +PARAM [/usb_cam/image_color/theora/optimize_for] by /usb_cam/image_proc
[rosmaster.master][INFO] 2019-12-27 01:29:29,866: +PARAM [/usb_cam/image_color/theora/target_bitrate] by /usb_cam/image_proc
[rosmaster.master][INFO] 2019-12-27 01:29:29,867: +PARAM [/usb_cam/image_color/theora/quality] by /usb_cam/image_proc
[rosmaster.master][INFO] 2019-12-27 01:29:29,867: +PARAM [/usb_cam/image_color/theora/keyframe_frequency] by /usb_cam/image_proc
[rosmaster.master][INFO] 2019-12-27 01:29:29,868: +PARAM [/usb_cam/image_color/theora/optimize_for] by /usb_cam/image_proc
[rosmaster.master][INFO] 2019-12-27 01:29:29,869: +PARAM [/usb_cam/image_color/theora/target_bitrate] by /usb_cam/image_proc
[rosmaster.master][INFO] 2019-12-27 01:29:29,873: +PARAM [/usb_cam/image_color/theora/quality] by /usb_cam/image_proc
[rosmaster.master][INFO] 2019-12-27 01:29:29,874: +PARAM [/usb_cam/image_color/theora/keyframe_frequency] by /usb_cam/image_proc
[rosmaster.master][INFO] 2019-12-27 01:29:29,874: publisherUpdate[/usb_cam/camera_info] -> http://itachi-HP-Pavilion-Laptop-15-cc1xx:34491/ ['http://itachi-HP-Pavilion-Laptop-15-cc1xx:39387/']
[rosmaster.master][INFO] 2019-12-27 01:29:29,875: publisherUpdate[/usb_cam/camera_info] -> http://itachi-HP-Pavilion-Laptop-15-cc1xx:34491/ ['http://itachi-HP-Pavilion-Laptop-15-cc1xx:39387/']: sec=0.00, result=[1, '', 0]
[rosmaster.master][INFO] 2019-12-27 01:29:29,877: +SERVICE [/usb_cam/image_proc_rectify_mono/set_parameters] /usb_cam/image_proc http://itachi-HP-Pavilion-Laptop-15-cc1xx:39879/
[rosmaster.master][INFO] 2019-12-27 01:29:29,877: +PUB [/usb_cam/image_proc_rectify_mono/parameter_descriptions] /usb_cam/image_proc http://itachi-HP-Pavilion-Laptop-15-cc1xx:39879/
[rosmaster.master][INFO] 2019-12-27 01:29:29,878: +PUB [/usb_cam/image_proc_rectify_mono/parameter_updates] /usb_cam/image_proc http://itachi-HP-Pavilion-Laptop-15-cc1xx:39879/
[rosmaster.master][INFO] 2019-12-27 01:29:29,879: +PARAM [/usb_cam/image_proc_rectify_mono/interpolation] by /usb_cam/image_proc
[rosmaster.master][INFO] 2019-12-27 01:29:29,880: +PARAM [/usb_cam/image_proc_rectify_mono/interpolation] by /usb_cam/image_proc
[rosmaster.master][INFO] 2019-12-27 01:29:29,881: +PUB [/usb_cam/image_rect/compressedDepth] /usb_cam/image_proc http://itachi-HP-Pavilion-Laptop-15-cc1xx:39879/
[rosmaster.master][INFO] 2019-12-27 01:29:29,882: +SERVICE [/usb_cam/image_rect/compressedDepth/set_parameters] /usb_cam/image_proc http://itachi-HP-Pavilion-Laptop-15-cc1xx:39879/
[rosmaster.master][INFO] 2019-12-27 01:29:29,883: +PUB [/usb_cam/image_rect/compressedDepth/parameter_descriptions] /usb_cam/image_proc http://itachi-HP-Pavilion-Laptop-15-cc1xx:39879/
[rosmaster.master][INFO] 2019-12-27 01:29:29,886: +PUB [/usb_cam/image_rect/compressedDepth/parameter_updates] /usb_cam/image_proc http://itachi-HP-Pavilion-Laptop-15-cc1xx:39879/
[rosmaster.master][INFO] 2019-12-27 01:29:29,888: +PARAM [/usb_cam/image_rect/compressedDepth/depth_max] by /usb_cam/image_proc
[rosmaster.master][INFO] 2019-12-27 01:29:29,889: +PARAM [/usb_cam/image_rect/compressedDepth/depth_quantization] by /usb_cam/image_proc
[rosmaster.master][INFO] 2019-12-27 01:29:29,889: +PARAM [/usb_cam/image_rect/compressedDepth/png_level] by /usb_cam/image_proc
[rosmaster.master][INFO] 2019-12-27 01:29:29,890: +PARAM [/usb_cam/image_rect/compressedDepth/depth_max] by /usb_cam/image_proc
[rosmaster.master][INFO] 2019-12-27 01:29:29,890: +PARAM [/usb_cam/image_rect/compressedDepth/depth_quantization] by /usb_cam/image_proc
[rosmaster.master][INFO] 2019-12-27 01:29:29,891: +PARAM [/usb_cam/image_rect/compressedDepth/png_level] by /usb_cam/image_proc
[rosmaster.master][INFO] 2019-12-27 01:29:29,892: +PUB [/usb_cam/image_rect/compressed] /usb_cam/image_proc http://itachi-HP-Pavilion-Laptop-15-cc1xx:39879/
[rosmaster.master][INFO] 2019-12-27 01:29:29,892: +SERVICE [/usb_cam/image_rect/compressed/set_parameters] /usb_cam/image_proc http://itachi-HP-Pavilion-Laptop-15-cc1xx:39879/
[rosmaster.master][INFO] 2019-12-27 01:29:29,893: +PUB [/usb_cam/image_rect/compressed/parameter_descriptions] /usb_cam/image_proc http://itachi-HP-Pavilion-Laptop-15-cc1xx:39879/
[rosmaster.master][INFO] 2019-12-27 01:29:29,893: +PUB [/usb_cam/image_rect/compressed/parameter_updates] /usb_cam/image_proc http://itachi-HP-Pavilion-Laptop-15-cc1xx:39879/
[rosmaster.master][INFO] 2019-12-27 01:29:29,896: +PARAM [/usb_cam/image_rect/compressed/format] by /usb_cam/image_proc
[rosmaster.master][INFO] 2019-12-27 01:29:29,897: +PARAM [/usb_cam/image_rect/compressed/jpeg_quality] by /usb_cam/image_proc
[rosmaster.master][INFO] 2019-12-27 01:29:29,898: +PARAM [/usb_cam/image_rect/compressed/png_level] by /usb_cam/image_proc
[rosmaster.master][INFO] 2019-12-27 01:29:29,900: +PARAM [/usb_cam/image_rect/compressed/format] by /usb_cam/image_proc
[rosmaster.master][INFO] 2019-12-27 01:29:29,903: +SUB [/whycon/image_out] /whycon_display/image_view http://itachi-HP-Pavilion-Laptop-15-cc1xx:40779/
[rosmaster.master][INFO] 2019-12-27 01:29:29,904: +PARAM [/usb_cam/image_rect/compressed/jpeg_quality] by /usb_cam/image_proc
[rosmaster.master][INFO] 2019-12-27 01:29:29,904: +PUB [/whycon_display/image_view/output] /whycon_display/image_view http://itachi-HP-Pavilion-Laptop-15-cc1xx:40779/
[rosmaster.master][INFO] 2019-12-27 01:29:29,905: +PARAM [/usb_cam/image_rect/compressed/png_level] by /usb_cam/image_proc
[rosmaster.master][INFO] 2019-12-27 01:29:29,906: +SERVICE [/whycon_display/image_view/set_parameters] /whycon_display/image_view http://itachi-HP-Pavilion-Laptop-15-cc1xx:40779/
[rosmaster.master][INFO] 2019-12-27 01:29:29,906: +PUB [/usb_cam/image_rect] /usb_cam/image_proc http://itachi-HP-Pavilion-Laptop-15-cc1xx:39879/
[rosmaster.master][INFO] 2019-12-27 01:29:29,907: +PUB [/whycon_display/image_view/parameter_descriptions] /whycon_display/image_view http://itachi-HP-Pavilion-Laptop-15-cc1xx:40779/
[rosmaster.master][INFO] 2019-12-27 01:29:29,907: +PUB [/usb_cam/image_rect/theora] /usb_cam/image_proc http://itachi-HP-Pavilion-Laptop-15-cc1xx:39879/
[rosmaster.master][INFO] 2019-12-27 01:29:29,908: +PUB [/whycon_display/image_view/parameter_updates] /whycon_display/image_view http://itachi-HP-Pavilion-Laptop-15-cc1xx:40779/
[rosmaster.master][INFO] 2019-12-27 01:29:29,909: +SERVICE [/usb_cam/image_rect/theora/set_parameters] /usb_cam/image_proc http://itachi-HP-Pavilion-Laptop-15-cc1xx:39879/
[rosmaster.master][INFO] 2019-12-27 01:29:29,910: +PUB [/usb_cam/image_rect/theora/parameter_descriptions] /usb_cam/image_proc http://itachi-HP-Pavilion-Laptop-15-cc1xx:39879/
[rosmaster.master][INFO] 2019-12-27 01:29:29,911: +PUB [/usb_cam/image_rect/theora/parameter_updates] /usb_cam/image_proc http://itachi-HP-Pavilion-Laptop-15-cc1xx:39879/
[rosmaster.master][INFO] 2019-12-27 01:29:29,912: +PARAM [/whycon_display/image_view/do_dynamic_scaling] by /whycon_display/image_view
[rosmaster.master][INFO] 2019-12-27 01:29:29,913: +PARAM [/whycon_display/image_view/colormap] by /whycon_display/image_view
[rosmaster.master][INFO] 2019-12-27 01:29:29,914: +PARAM [/whycon_display/image_view/min_image_value] by /whycon_display/image_view
[rosmaster.master][INFO] 2019-12-27 01:29:29,916: +PARAM [/usb_cam/image_rect/theora/optimize_for] by /usb_cam/image_proc
[rosmaster.master][INFO] 2019-12-27 01:29:29,916: +PARAM [/whycon_display/image_view/max_image_value] by /whycon_display/image_view
[rosmaster.master][INFO] 2019-12-27 01:29:29,918: +PARAM [/usb_cam/image_rect/theora/target_bitrate] by /usb_cam/image_proc
[rosmaster.master][INFO] 2019-12-27 01:29:29,919: +PARAM [/whycon_display/image_view/do_dynamic_scaling] by /whycon_display/image_view
[rosmaster.master][INFO] 2019-12-27 01:29:29,919: +PARAM [/usb_cam/image_rect/theora/quality] by /usb_cam/image_proc
[rosmaster.master][INFO] 2019-12-27 01:29:29,920: +PARAM [/whycon_display/image_view/colormap] by /whycon_display/image_view
[rosmaster.master][INFO] 2019-12-27 01:29:29,920: +PARAM [/usb_cam/image_rect/theora/keyframe_frequency] by /usb_cam/image_proc
[rosmaster.master][INFO] 2019-12-27 01:29:29,921: +PARAM [/whycon_display/image_view/min_image_value] by /whycon_display/image_view
[rosmaster.master][INFO] 2019-12-27 01:29:29,921: +PARAM [/usb_cam/image_rect/theora/optimize_for] by /usb_cam/image_proc
[rosmaster.master][INFO] 2019-12-27 01:29:29,922: +PARAM [/whycon_display/image_view/max_image_value] by /whycon_display/image_view
[rosmaster.master][INFO] 2019-12-27 01:29:29,922: +PARAM [/usb_cam/image_rect/theora/target_bitrate] by /usb_cam/image_proc
[rosmaster.master][INFO] 2019-12-27 01:29:29,923: +PARAM [/usb_cam/image_rect/theora/quality] by /usb_cam/image_proc
[rosmaster.master][INFO] 2019-12-27 01:29:29,923: +PARAM [/usb_cam/image_rect/theora/keyframe_frequency] by /usb_cam/image_proc
[rosmaster.master][INFO] 2019-12-27 01:29:29,925: +SERVICE [/usb_cam/image_proc_rectify_color/set_parameters] /usb_cam/image_proc http://itachi-HP-Pavilion-Laptop-15-cc1xx:39879/
[rosmaster.master][INFO] 2019-12-27 01:29:29,926: +PUB [/usb_cam/image_proc_rectify_color/parameter_descriptions] /usb_cam/image_proc http://itachi-HP-Pavilion-Laptop-15-cc1xx:39879/
[rosmaster.master][INFO] 2019-12-27 01:29:29,926: +PUB [/usb_cam/image_proc_rectify_color/parameter_updates] /usb_cam/image_proc http://itachi-HP-Pavilion-Laptop-15-cc1xx:39879/
[rosmaster.master][INFO] 2019-12-27 01:29:29,927: +PARAM [/usb_cam/image_proc_rectify_color/interpolation] by /usb_cam/image_proc
[rosmaster.master][INFO] 2019-12-27 01:29:29,928: +PARAM [/usb_cam/image_proc_rectify_color/interpolation] by /usb_cam/image_proc
[rosmaster.master][INFO] 2019-12-27 01:29:29,929: +PUB [/usb_cam/image_rect_color/compressedDepth] /usb_cam/image_proc http://itachi-HP-Pavilion-Laptop-15-cc1xx:39879/
[rosmaster.master][INFO] 2019-12-27 01:29:29,929: +SERVICE [/usb_cam/image_rect_color/compressedDepth/set_parameters] /usb_cam/image_proc http://itachi-HP-Pavilion-Laptop-15-cc1xx:39879/
[rosmaster.master][INFO] 2019-12-27 01:29:29,930: +PUB [/usb_cam/image_rect_color/compressedDepth/parameter_descriptions] /usb_cam/image_proc http://itachi-HP-Pavilion-Laptop-15-cc1xx:39879/
[rosmaster.master][INFO] 2019-12-27 01:29:29,930: +PUB [/usb_cam/image_rect_color/compressedDepth/parameter_updates] /usb_cam/image_proc http://itachi-HP-Pavilion-Laptop-15-cc1xx:39879/
[rosmaster.master][INFO] 2019-12-27 01:29:29,932: +PARAM [/usb_cam/image_rect_color/compressedDepth/depth_max] by /usb_cam/image_proc
[rosmaster.master][INFO] 2019-12-27 01:29:29,934: +PARAM [/usb_cam/image_rect_color/compressedDepth/depth_quantization] by /usb_cam/image_proc
[rosmaster.master][INFO] 2019-12-27 01:29:29,935: +PARAM [/usb_cam/image_rect_color/compressedDepth/png_level] by /usb_cam/image_proc
[rosmaster.master][INFO] 2019-12-27 01:29:29,936: +PARAM [/usb_cam/image_rect_color/compressedDepth/depth_max] by /usb_cam/image_proc
[rosmaster.master][INFO] 2019-12-27 01:29:29,936: +PARAM [/usb_cam/image_rect_color/compressedDepth/depth_quantization] by /usb_cam/image_proc
[rosmaster.master][INFO] 2019-12-27 01:29:29,937: +PARAM [/usb_cam/image_rect_color/compressedDepth/png_level] by /usb_cam/image_proc
[rosmaster.master][INFO] 2019-12-27 01:29:29,938: +PUB [/usb_cam/image_rect_color/compressed] /usb_cam/image_proc http://itachi-HP-Pavilion-Laptop-15-cc1xx:39879/
[rosmaster.master][INFO] 2019-12-27 01:29:29,938: +SERVICE [/usb_cam/image_rect_color/compressed/set_parameters] /usb_cam/image_proc http://itachi-HP-Pavilion-Laptop-15-cc1xx:39879/
[rosmaster.master][INFO] 2019-12-27 01:29:29,939: +PUB [/usb_cam/image_rect_color/compressed/parameter_descriptions] /usb_cam/image_proc http://itachi-HP-Pavilion-Laptop-15-cc1xx:39879/
[rosmaster.master][INFO] 2019-12-27 01:29:29,939: +PUB [/usb_cam/image_rect_color/compressed/parameter_updates] /usb_cam/image_proc http://itachi-HP-Pavilion-Laptop-15-cc1xx:39879/
[rosmaster.master][INFO] 2019-12-27 01:29:29,941: +PARAM [/usb_cam/image_rect_color/compressed/format] by /usb_cam/image_proc
[rosmaster.master][INFO] 2019-12-27 01:29:29,942: +PARAM [/usb_cam/image_rect_color/compressed/jpeg_quality] by /usb_cam/image_proc
[rosmaster.master][INFO] 2019-12-27 01:29:29,942: +PARAM [/usb_cam/image_rect_color/compressed/png_level] by /usb_cam/image_proc
[rosmaster.master][INFO] 2019-12-27 01:29:29,943: +PARAM [/usb_cam/image_rect_color/compressed/format] by /usb_cam/image_proc
[rosmaster.master][INFO] 2019-12-27 01:29:29,943: +PARAM [/usb_cam/image_rect_color/compressed/jpeg_quality] by /usb_cam/image_proc
[rosmaster.master][INFO] 2019-12-27 01:29:29,944: +PARAM [/usb_cam/image_rect_color/compressed/png_level] by /usb_cam/image_proc
[rosmaster.master][INFO] 2019-12-27 01:29:29,944: +PUB [/usb_cam/image_rect_color] /usb_cam/image_proc http://itachi-HP-Pavilion-Laptop-15-cc1xx:39879/
[rosmaster.master][INFO] 2019-12-27 01:29:29,945: +PUB [/usb_cam/image_rect_color/theora] /usb_cam/image_proc http://itachi-HP-Pavilion-Laptop-15-cc1xx:39879/
[rosmaster.master][INFO] 2019-12-27 01:29:29,945: +SERVICE [/usb_cam/image_rect_color/theora/set_parameters] /usb_cam/image_proc http://itachi-HP-Pavilion-Laptop-15-cc1xx:39879/
[rosmaster.master][INFO] 2019-12-27 01:29:29,946: +PUB [/usb_cam/image_rect_color/theora/parameter_descriptions] /usb_cam/image_proc http://itachi-HP-Pavilion-Laptop-15-cc1xx:39879/
[rosmaster.master][INFO] 2019-12-27 01:29:29,947: +PUB [/usb_cam/image_rect_color/theora/parameter_updates] /usb_cam/image_proc http://itachi-HP-Pavilion-Laptop-15-cc1xx:39879/
[rosmaster.master][INFO] 2019-12-27 01:29:29,949: +PARAM [/usb_cam/image_rect_color/theora/optimize_for] by /usb_cam/image_proc
[rosmaster.master][INFO] 2019-12-27 01:29:29,951: +PARAM [/usb_cam/image_rect_color/theora/target_bitrate] by /usb_cam/image_proc
[rosmaster.master][INFO] 2019-12-27 01:29:29,952: +PARAM [/usb_cam/image_rect_color/theora/quality] by /usb_cam/image_proc
[rosmaster.master][INFO] 2019-12-27 01:29:29,952: +PARAM [/usb_cam/image_rect_color/theora/keyframe_frequency] by /usb_cam/image_proc
[rosmaster.master][INFO] 2019-12-27 01:29:29,953: +PARAM [/usb_cam/image_rect_color/theora/optimize_for] by /usb_cam/image_proc
[rosmaster.master][INFO] 2019-12-27 01:29:29,953: +PARAM [/usb_cam/image_rect_color/theora/target_bitrate] by /usb_cam/image_proc
[rosmaster.master][INFO] 2019-12-27 01:29:29,954: +PARAM [/usb_cam/image_rect_color/theora/quality] by /usb_cam/image_proc
[rosmaster.master][INFO] 2019-12-27 01:29:29,954: +PARAM [/usb_cam/image_rect_color/theora/keyframe_frequency] by /usb_cam/image_proc
[rosmaster.master][INFO] 2019-12-27 01:29:29,974: publisherUpdate[/usb_cam/image_rect_color] -> http://itachi-HP-Pavilion-Laptop-15-cc1xx:34491/ ['http://itachi-HP-Pavilion-Laptop-15-cc1xx:39879/']
[rosmaster.master][INFO] 2019-12-27 01:29:29,975: publisherUpdate[/usb_cam/image_rect_color] -> http://itachi-HP-Pavilion-Laptop-15-cc1xx:34491/ ['http://itachi-HP-Pavilion-Laptop-15-cc1xx:39879/']: sec=0.00, result=[1, '', 0]
[rosmaster.master][INFO] 2019-12-27 01:29:30,100: +SUB [/usb_cam/image_color] /usb_cam/image_proc http://itachi-HP-Pavilion-Laptop-15-cc1xx:39879/
[rosmaster.master][INFO] 2019-12-27 01:29:30,113: +SUB [/usb_cam/camera_info] /usb_cam/image_proc http://itachi-HP-Pavilion-Laptop-15-cc1xx:39879/
[rosmaster.master][INFO] 2019-12-27 01:29:30,124: +SUB [/usb_cam/image_raw] /usb_cam/image_proc http://itachi-HP-Pavilion-Laptop-15-cc1xx:39879/
[rosmaster.master][INFO] 2019-12-27 01:29:34,293: -PUB [/rosout] /whycon_display/image_view http://itachi-HP-Pavilion-Laptop-15-cc1xx:40779/
[rosmaster.master][INFO] 2019-12-27 01:29:34,294: -PUB [/whycon_display/image_view/output] /whycon_display/image_view http://itachi-HP-Pavilion-Laptop-15-cc1xx:40779/
[rosmaster.master][INFO] 2019-12-27 01:29:34,294: -PUB [/rosout] /whycon http://itachi-HP-Pavilion-Laptop-15-cc1xx:34491/
[rosmaster.master][INFO] 2019-12-27 01:29:34,295: -PUB [/whycon_display/image_view/parameter_descriptions] /whycon_display/image_view http://itachi-HP-Pavilion-Laptop-15-cc1xx:40779/
[rosmaster.master][INFO] 2019-12-27 01:29:34,296: -PUB [/rosout] /usb_cam/image_proc http://itachi-HP-Pavilion-Laptop-15-cc1xx:39879/
[rosmaster.master][INFO] 2019-12-27 01:29:34,296: -PUB [/tf] /whycon http://itachi-HP-Pavilion-Laptop-15-cc1xx:34491/
[rosmaster.master][INFO] 2019-12-27 01:29:34,297: -PUB [/whycon_display/image_view/parameter_updates] /whycon_display/image_view http://itachi-HP-Pavilion-Laptop-15-cc1xx:40779/
[rosmaster.master][INFO] 2019-12-27 01:29:34,297: -PUB [/rosout] /usb_cam http://itachi-HP-Pavilion-Laptop-15-cc1xx:39387/
[rosmaster.master][INFO] 2019-12-27 01:29:34,298: -PUB [/usb_cam/image_proc_debayer/parameter_descriptions] /usb_cam/image_proc http://itachi-HP-Pavilion-Laptop-15-cc1xx:39879/
[rosmaster.master][INFO] 2019-12-27 01:29:34,299: -PUB [/whycon/image_out] /whycon http://itachi-HP-Pavilion-Laptop-15-cc1xx:34491/
[rosmaster.master][INFO] 2019-12-27 01:29:34,300: -SUB [/whycon/image_out] /whycon_display/image_view http://itachi-HP-Pavilion-Laptop-15-cc1xx:40779/
[rosmaster.master][INFO] 2019-12-27 01:29:34,301: -PUB [/usb_cam/image_raw/compressedDepth] /usb_cam http://itachi-HP-Pavilion-Laptop-15-cc1xx:39387/
[rosmaster.master][INFO] 2019-12-27 01:29:34,301: -PUB [/usb_cam/image_proc_debayer/parameter_updates] /usb_cam/image_proc http://itachi-HP-Pavilion-Laptop-15-cc1xx:39879/
[rosmaster.master][INFO] 2019-12-27 01:29:34,302: -PUB [/whycon/poses] /whycon http://itachi-HP-Pavilion-Laptop-15-cc1xx:34491/
[rosmaster.master][INFO] 2019-12-27 01:29:34,302: -SERVICE [/whycon_display/image_view/get_loggers] /whycon_display/image_view rosrpc://itachi-HP-Pavilion-Laptop-15-cc1xx:40621
[rosmaster.master][INFO] 2019-12-27 01:29:34,303: -PUB [/usb_cam/image_raw/compressedDepth/parameter_descriptions] /usb_cam http://itachi-HP-Pavilion-Laptop-15-cc1xx:39387/
[rosmaster.master][INFO] 2019-12-27 01:29:34,303: -PUB [/usb_cam/image_mono/compressedDepth] /usb_cam/image_proc http://itachi-HP-Pavilion-Laptop-15-cc1xx:39879/
[rosmaster.master][INFO] 2019-12-27 01:29:34,304: -PUB [/whycon/context] /whycon http://itachi-HP-Pavilion-Laptop-15-cc1xx:34491/
[rosmaster.master][INFO] 2019-12-27 01:29:34,304: -SERVICE [/whycon_display/image_view/set_logger_level] /whycon_display/image_view rosrpc://itachi-HP-Pavilion-Laptop-15-cc1xx:40621
[rosmaster.master][INFO] 2019-12-27 01:29:34,305: -PUB [/usb_cam/image_raw/compressedDepth/parameter_updates] /usb_cam http://itachi-HP-Pavilion-Laptop-15-cc1xx:39387/
[rosmaster.master][INFO] 2019-12-27 01:29:34,305: -PUB [/usb_cam/image_mono/compressedDepth/parameter_descriptions] /usb_cam/image_proc http://itachi-HP-Pavilion-Laptop-15-cc1xx:39879/
[rosmaster.master][INFO] 2019-12-27 01:29:34,306: -PUB [/whycon/projection] /whycon http://itachi-HP-Pavilion-Laptop-15-cc1xx:34491/
[rosmaster.master][INFO] 2019-12-27 01:29:34,306: -SERVICE [/whycon_display/image_view/set_parameters] /whycon_display/image_view rosrpc://itachi-HP-Pavilion-Laptop-15-cc1xx:40621
[rosmaster.master][INFO] 2019-12-27 01:29:34,307: -PUB [/usb_cam/image_raw/compressed] /usb_cam http://itachi-HP-Pavilion-Laptop-15-cc1xx:39387/
[rosmaster.master][INFO] 2019-12-27 01:29:34,307: -PUB [/usb_cam/image_mono/compressedDepth/parameter_updates] /usb_cam/image_proc http://itachi-HP-Pavilion-Laptop-15-cc1xx:39879/
[rosmaster.master][INFO] 2019-12-27 01:29:34,308: -SUB [/usb_cam/image_rect_color] /whycon http://itachi-HP-Pavilion-Laptop-15-cc1xx:34491/
[rosmaster.master][INFO] 2019-12-27 01:29:34,308: -PUB [/usb_cam/image_raw/compressed/parameter_descriptions] /usb_cam http://itachi-HP-Pavilion-Laptop-15-cc1xx:39387/
[rosmaster.master][INFO] 2019-12-27 01:29:34,309: -PUB [/usb_cam/image_mono/compressed] /usb_cam/image_proc http://itachi-HP-Pavilion-Laptop-15-cc1xx:39879/
[rosmaster.master][INFO] 2019-12-27 01:29:34,309: -SUB [/usb_cam/camera_info] /whycon http://itachi-HP-Pavilion-Laptop-15-cc1xx:34491/
[rosmaster.master][INFO] 2019-12-27 01:29:34,310: -PUB [/usb_cam/image_raw/compressed/parameter_updates] /usb_cam http://itachi-HP-Pavilion-Laptop-15-cc1xx:39387/
[rosmaster.master][INFO] 2019-12-27 01:29:34,310: -PUB [/usb_cam/image_mono/compressed/parameter_descriptions] /usb_cam/image_proc http://itachi-HP-Pavilion-Laptop-15-cc1xx:39879/
[rosmaster.master][INFO] 2019-12-27 01:29:34,311: -SERVICE [/whycon/get_loggers] /whycon rosrpc://itachi-HP-Pavilion-Laptop-15-cc1xx:47583
[rosmaster.master][INFO] 2019-12-27 01:29:34,311: -PUB [/usb_cam/image_raw] /usb_cam http://itachi-HP-Pavilion-Laptop-15-cc1xx:39387/
[rosmaster.master][INFO] 2019-12-27 01:29:34,312: -PUB [/usb_cam/image_mono/compressed/parameter_updates] /usb_cam/image_proc http://itachi-HP-Pavilion-Laptop-15-cc1xx:39879/
[rosmaster.master][INFO] 2019-12-27 01:29:34,312: -SERVICE [/whycon/set_logger_level] /whycon rosrpc://itachi-HP-Pavilion-Laptop-15-cc1xx:47583
[rosmaster.master][INFO] 2019-12-27 01:29:34,313: -PUB [/usb_cam/image_raw/theora] /usb_cam http://itachi-HP-Pavilion-Laptop-15-cc1xx:39387/
[rosmaster.master][INFO] 2019-12-27 01:29:34,313: -PUB [/usb_cam/image_mono] /usb_cam/image_proc http://itachi-HP-Pavilion-Laptop-15-cc1xx:39879/
[rosmaster.master][INFO] 2019-12-27 01:29:34,314: -SERVICE [/whycon/reset] /whycon rosrpc://itachi-HP-Pavilion-Laptop-15-cc1xx:47583
[rosmaster.master][INFO] 2019-12-27 01:29:34,314: -PUB [/usb_cam/image_raw/theora/parameter_descriptions] /usb_cam http://itachi-HP-Pavilion-Laptop-15-cc1xx:39387/
[rosmaster.master][INFO] 2019-12-27 01:29:34,315: -PUB [/usb_cam/image_mono/theora] /usb_cam/image_proc http://itachi-HP-Pavilion-Laptop-15-cc1xx:39879/
[rosmaster.master][INFO] 2019-12-27 01:29:34,315: -PUB [/usb_cam/image_raw/theora/parameter_updates] /usb_cam http://itachi-HP-Pavilion-Laptop-15-cc1xx:39387/
[rosmaster.master][INFO] 2019-12-27 01:29:34,316: -PUB [/usb_cam/image_mono/theora/parameter_descriptions] /usb_cam/image_proc http://itachi-HP-Pavilion-Laptop-15-cc1xx:39879/
[rosmaster.master][INFO] 2019-12-27 01:29:34,316: -PUB [/usb_cam/camera_info] /usb_cam http://itachi-HP-Pavilion-Laptop-15-cc1xx:39387/
[rosmaster.master][INFO] 2019-12-27 01:29:34,317: -PUB [/usb_cam/image_mono/theora/parameter_updates] /usb_cam/image_proc http://itachi-HP-Pavilion-Laptop-15-cc1xx:39879/
[rosmaster.master][INFO] 2019-12-27 01:29:34,317: -SERVICE [/usb_cam/get_loggers] /usb_cam rosrpc://itachi-HP-Pavilion-Laptop-15-cc1xx:40683
[rosmaster.master][INFO] 2019-12-27 01:29:34,318: -PUB [/usb_cam/image_color/compressedDepth] /usb_cam/image_proc http://itachi-HP-Pavilion-Laptop-15-cc1xx:39879/
[rosmaster.master][INFO] 2019-12-27 01:29:34,318: -SERVICE [/usb_cam/set_logger_level] /usb_cam rosrpc://itachi-HP-Pavilion-Laptop-15-cc1xx:40683
[rosmaster.master][INFO] 2019-12-27 01:29:34,319: -PUB [/usb_cam/image_color/compressedDepth/parameter_descriptions] /usb_cam/image_proc http://itachi-HP-Pavilion-Laptop-15-cc1xx:39879/
[rosmaster.master][INFO] 2019-12-27 01:29:34,319: -SERVICE [/usb_cam/image_raw/compressedDepth/set_parameters] /usb_cam rosrpc://itachi-HP-Pavilion-Laptop-15-cc1xx:40683
[rosmaster.master][INFO] 2019-12-27 01:29:34,320: -PUB [/usb_cam/image_color/compressedDepth/parameter_updates] /usb_cam/image_proc http://itachi-HP-Pavilion-Laptop-15-cc1xx:39879/
[rosmaster.master][INFO] 2019-12-27 01:29:34,320: -SERVICE [/usb_cam/image_raw/compressed/set_parameters] /usb_cam rosrpc://itachi-HP-Pavilion-Laptop-15-cc1xx:40683
[rosmaster.master][INFO] 2019-12-27 01:29:34,321: -PUB [/usb_cam/image_color/compressed] /usb_cam/image_proc http://itachi-HP-Pavilion-Laptop-15-cc1xx:39879/
[rosmaster.master][INFO] 2019-12-27 01:29:34,321: -SERVICE [/usb_cam/image_raw/theora/set_parameters] /usb_cam rosrpc://itachi-HP-Pavilion-Laptop-15-cc1xx:40683
[rosmaster.master][INFO] 2019-12-27 01:29:34,322: -PUB [/usb_cam/image_color/compressed/parameter_descriptions] /usb_cam/image_proc http://itachi-HP-Pavilion-Laptop-15-cc1xx:39879/
[rosmaster.master][INFO] 2019-12-27 01:29:34,322: -SERVICE [/usb_cam/set_camera_info] /usb_cam rosrpc://itachi-HP-Pavilion-Laptop-15-cc1xx:40683
[rosmaster.master][INFO] 2019-12-27 01:29:34,322: -PUB [/usb_cam/image_color/compressed/parameter_updates] /usb_cam/image_proc http://itachi-HP-Pavilion-Laptop-15-cc1xx:39879/
[rosmaster.master][INFO] 2019-12-27 01:29:34,323: -SERVICE [/usb_cam/start_capture] /usb_cam rosrpc://itachi-HP-Pavilion-Laptop-15-cc1xx:40683
[rosmaster.master][INFO] 2019-12-27 01:29:34,323: -PUB [/usb_cam/image_color] /usb_cam/image_proc http://itachi-HP-Pavilion-Laptop-15-cc1xx:39879/
[rosmaster.master][INFO] 2019-12-27 01:29:34,324: -SERVICE [/usb_cam/stop_capture] /usb_cam rosrpc://itachi-HP-Pavilion-Laptop-15-cc1xx:40683
[rosmaster.master][INFO] 2019-12-27 01:29:34,324: -PUB [/usb_cam/image_color/theora] /usb_cam/image_proc http://itachi-HP-Pavilion-Laptop-15-cc1xx:39879/
[rosmaster.master][INFO] 2019-12-27 01:29:34,325: -PUB [/usb_cam/image_color/theora/parameter_descriptions] /usb_cam/image_proc http://itachi-HP-Pavilion-Laptop-15-cc1xx:39879/
[rosmaster.master][INFO] 2019-12-27 01:29:34,326: -PUB [/usb_cam/image_color/theora/parameter_updates] /usb_cam/image_proc http://itachi-HP-Pavilion-Laptop-15-cc1xx:39879/
[rosmaster.master][INFO] 2019-12-27 01:29:34,327: -PUB [/usb_cam/image_proc_rectify_mono/parameter_descriptions] /usb_cam/image_proc http://itachi-HP-Pavilion-Laptop-15-cc1xx:39879/
[rosmaster.master][INFO] 2019-12-27 01:29:34,327: -PUB [/usb_cam/image_proc_rectify_mono/parameter_updates] /usb_cam/image_proc http://itachi-HP-Pavilion-Laptop-15-cc1xx:39879/
[rosmaster.master][INFO] 2019-12-27 01:29:34,328: -PUB [/usb_cam/image_rect/compressedDepth] /usb_cam/image_proc http://itachi-HP-Pavilion-Laptop-15-cc1xx:39879/
[rosmaster.master][INFO] 2019-12-27 01:29:34,328: -PUB [/usb_cam/image_rect/compressedDepth/parameter_descriptions] /usb_cam/image_proc http://itachi-HP-Pavilion-Laptop-15-cc1xx:39879/
[rosmaster.master][INFO] 2019-12-27 01:29:34,330: -PUB [/usb_cam/image_rect/compressedDepth/parameter_updates] /usb_cam/image_proc http://itachi-HP-Pavilion-Laptop-15-cc1xx:39879/
[rosmaster.master][INFO] 2019-12-27 01:29:34,330: -PUB [/usb_cam/image_rect/compressed] /usb_cam/image_proc http://itachi-HP-Pavilion-Laptop-15-cc1xx:39879/
[rosmaster.master][INFO] 2019-12-27 01:29:34,331: -PUB [/usb_cam/image_rect/compressed/parameter_descriptions] /usb_cam/image_proc http://itachi-HP-Pavilion-Laptop-15-cc1xx:39879/
[rosmaster.master][INFO] 2019-12-27 01:29:34,331: -PUB [/usb_cam/image_rect/compressed/parameter_updates] /usb_cam/image_proc http://itachi-HP-Pavilion-Laptop-15-cc1xx:39879/
[rosmaster.master][INFO] 2019-12-27 01:29:34,332: -PUB [/usb_cam/image_rect] /usb_cam/image_proc http://itachi-HP-Pavilion-Laptop-15-cc1xx:39879/
[rosmaster.master][INFO] 2019-12-27 01:29:34,332: -PUB [/usb_cam/image_rect/theora] /usb_cam/image_proc http://itachi-HP-Pavilion-Laptop-15-cc1xx:39879/
[rosmaster.master][INFO] 2019-12-27 01:29:34,332: -PUB [/usb_cam/image_rect/theora/parameter_descriptions] /usb_cam/image_proc http://itachi-HP-Pavilion-Laptop-15-cc1xx:39879/
[rosmaster.master][INFO] 2019-12-27 01:29:34,333: -PUB [/usb_cam/image_rect/theora/parameter_updates] /usb_cam/image_proc http://itachi-HP-Pavilion-Laptop-15-cc1xx:39879/
[rosmaster.master][INFO] 2019-12-27 01:29:34,333: -PUB [/usb_cam/image_proc_rectify_color/parameter_descriptions] /usb_cam/image_proc http://itachi-HP-Pavilion-Laptop-15-cc1xx:39879/
[rosmaster.master][INFO] 2019-12-27 01:29:34,334: -PUB [/usb_cam/image_proc_rectify_color/parameter_updates] /usb_cam/image_proc http://itachi-HP-Pavilion-Laptop-15-cc1xx:39879/
[rosmaster.master][INFO] 2019-12-27 01:29:34,334: -PUB [/usb_cam/image_rect_color/compressedDepth] /usb_cam/image_proc http://itachi-HP-Pavilion-Laptop-15-cc1xx:39879/
[rosmaster.master][INFO] 2019-12-27 01:29:34,335: -PUB [/usb_cam/image_rect_color/compressedDepth/parameter_descriptions] /usb_cam/image_proc http://itachi-HP-Pavilion-Laptop-15-cc1xx:39879/
[rosmaster.master][INFO] 2019-12-27 01:29:34,335: -PUB [/usb_cam/image_rect_color/compressedDepth/parameter_updates] /usb_cam/image_proc http://itachi-HP-Pavilion-Laptop-15-cc1xx:39879/
[rosmaster.master][INFO] 2019-12-27 01:29:34,335: -PUB [/usb_cam/image_rect_color/compressed] /usb_cam/image_proc http://itachi-HP-Pavilion-Laptop-15-cc1xx:39879/
[rosmaster.master][INFO] 2019-12-27 01:29:34,336: -PUB [/usb_cam/image_rect_color/compressed/parameter_descriptions] /usb_cam/image_proc http://itachi-HP-Pavilion-Laptop-15-cc1xx:39879/
[rosmaster.master][INFO] 2019-12-27 01:29:34,336: -PUB [/usb_cam/image_rect_color/compressed/parameter_updates] /usb_cam/image_proc http://itachi-HP-Pavilion-Laptop-15-cc1xx:39879/
[rosmaster.master][INFO] 2019-12-27 01:29:34,337: -PUB [/usb_cam/image_rect_color] /usb_cam/image_proc http://itachi-HP-Pavilion-Laptop-15-cc1xx:39879/
[rosmaster.master][INFO] 2019-12-27 01:29:34,337: -PUB [/usb_cam/image_rect_color/theora] /usb_cam/image_proc http://itachi-HP-Pavilion-Laptop-15-cc1xx:39879/
[rosmaster.master][INFO] 2019-12-27 01:29:34,338: -PUB [/usb_cam/image_rect_color/theora/parameter_descriptions] /usb_cam/image_proc http://itachi-HP-Pavilion-Laptop-15-cc1xx:39879/
[rosmaster.master][INFO] 2019-12-27 01:29:34,338: -PUB [/usb_cam/image_rect_color/theora/parameter_updates] /usb_cam/image_proc http://itachi-HP-Pavilion-Laptop-15-cc1xx:39879/
[rosmaster.master][INFO] 2019-12-27 01:29:34,339: -SUB [/usb_cam/image_color] /usb_cam/image_proc http://itachi-HP-Pavilion-Laptop-15-cc1xx:39879/
[rosmaster.master][INFO] 2019-12-27 01:29:34,339: -SUB [/usb_cam/camera_info] /usb_cam/image_proc http://itachi-HP-Pavilion-Laptop-15-cc1xx:39879/
[rosmaster.master][INFO] 2019-12-27 01:29:34,340: -SUB [/usb_cam/image_raw] /usb_cam/image_proc http://itachi-HP-Pavilion-Laptop-15-cc1xx:39879/
[rosmaster.master][INFO] 2019-12-27 01:29:34,340: -SERVICE [/usb_cam/image_proc/get_loggers] /usb_cam/image_proc rosrpc://itachi-HP-Pavilion-Laptop-15-cc1xx:57599
[rosmaster.master][INFO] 2019-12-27 01:29:34,341: -SERVICE [/usb_cam/image_proc/set_logger_level] /usb_cam/image_proc rosrpc://itachi-HP-Pavilion-Laptop-15-cc1xx:57599
[rosmaster.master][INFO] 2019-12-27 01:29:34,341: -SERVICE [/usb_cam/image_proc_debayer/set_parameters] /usb_cam/image_proc rosrpc://itachi-HP-Pavilion-Laptop-15-cc1xx:57599
[rosmaster.master][INFO] 2019-12-27 01:29:34,342: -SERVICE [/usb_cam/image_mono/compressedDepth/set_parameters] /usb_cam/image_proc rosrpc://itachi-HP-Pavilion-Laptop-15-cc1xx:57599
[rosmaster.master][INFO] 2019-12-27 01:29:34,342: -SERVICE [/usb_cam/image_mono/compressed/set_parameters] /usb_cam/image_proc rosrpc://itachi-HP-Pavilion-Laptop-15-cc1xx:57599
[rosmaster.master][INFO] 2019-12-27 01:29:34,342: -SERVICE [/usb_cam/image_mono/theora/set_parameters] /usb_cam/image_proc rosrpc://itachi-HP-Pavilion-Laptop-15-cc1xx:57599
[rosmaster.master][INFO] 2019-12-27 01:29:34,343: -SERVICE [/usb_cam/image_color/compressedDepth/set_parameters] /usb_cam/image_proc rosrpc://itachi-HP-Pavilion-Laptop-15-cc1xx:57599
[rosmaster.master][INFO] 2019-12-27 01:29:34,343: -SERVICE [/usb_cam/image_color/compressed/set_parameters] /usb_cam/image_proc rosrpc://itachi-HP-Pavilion-Laptop-15-cc1xx:57599
[rosmaster.master][INFO] 2019-12-27 01:29:34,344: -SERVICE [/usb_cam/image_color/theora/set_parameters] /usb_cam/image_proc rosrpc://itachi-HP-Pavilion-Laptop-15-cc1xx:57599
[rosmaster.master][INFO] 2019-12-27 01:29:34,344: -SERVICE [/usb_cam/image_proc_rectify_mono/set_parameters] /usb_cam/image_proc rosrpc://itachi-HP-Pavilion-Laptop-15-cc1xx:57599
[rosmaster.master][INFO] 2019-12-27 01:29:34,345: -SERVICE [/usb_cam/image_rect/compressedDepth/set_parameters] /usb_cam/image_proc rosrpc://itachi-HP-Pavilion-Laptop-15-cc1xx:57599
[rosmaster.master][INFO] 2019-12-27 01:29:34,345: -SERVICE [/usb_cam/image_rect/compressed/set_parameters] /usb_cam/image_proc rosrpc://itachi-HP-Pavilion-Laptop-15-cc1xx:57599
[rosmaster.master][INFO] 2019-12-27 01:29:34,345: -SERVICE [/usb_cam/image_rect/theora/set_parameters] /usb_cam/image_proc rosrpc://itachi-HP-Pavilion-Laptop-15-cc1xx:57599
[rosmaster.master][INFO] 2019-12-27 01:29:34,346: -SERVICE [/usb_cam/image_proc_rectify_color/set_parameters] /usb_cam/image_proc rosrpc://itachi-HP-Pavilion-Laptop-15-cc1xx:57599
[rosmaster.master][INFO] 2019-12-27 01:29:34,346: -SERVICE [/usb_cam/image_rect_color/compressedDepth/set_parameters] /usb_cam/image_proc rosrpc://itachi-HP-Pavilion-Laptop-15-cc1xx:57599
[rosmaster.master][INFO] 2019-12-27 01:29:34,347: -SERVICE [/usb_cam/image_rect_color/compressed/set_parameters] /usb_cam/image_proc rosrpc://itachi-HP-Pavilion-Laptop-15-cc1xx:57599
[rosmaster.master][INFO] 2019-12-27 01:29:34,347: -SERVICE [/usb_cam/image_rect_color/theora/set_parameters] /usb_cam/image_proc rosrpc://itachi-HP-Pavilion-Laptop-15-cc1xx:57599
[rosmaster.master][INFO] 2019-12-27 01:29:34,382: publisherUpdate[/rosout] -> http://itachi-HP-Pavilion-Laptop-15-cc1xx:39963/ ['http://itachi-HP-Pavilion-Laptop-15-cc1xx:39387/', 'http://itachi-HP-Pavilion-Laptop-15-cc1xx:39879/', 'http://itachi-HP-Pavilion-Laptop-15-cc1xx:34491/']
[rosmaster.master][INFO] 2019-12-27 01:29:34,383: publisherUpdate[/rosout] -> http://itachi-HP-Pavilion-Laptop-15-cc1xx:39963/ ['http://itachi-HP-Pavilion-Laptop-15-cc1xx:39387/', 'http://itachi-HP-Pavilion-Laptop-15-cc1xx:39879/', 'http://itachi-HP-Pavilion-Laptop-15-cc1xx:34491/']: sec=0.00, result=[1, '', 0]
[rosmaster.master][INFO] 2019-12-27 01:29:34,383: publisherUpdate[/rosout] -> http://itachi-HP-Pavilion-Laptop-15-cc1xx:39963/ ['http://itachi-HP-Pavilion-Laptop-15-cc1xx:39387/', 'http://itachi-HP-Pavilion-Laptop-15-cc1xx:39879/']
[rosmaster.master][INFO] 2019-12-27 01:29:34,383: publisherUpdate[/whycon/image_out] -> http://itachi-HP-Pavilion-Laptop-15-cc1xx:40779/ []
[rosmaster.master][INFO] 2019-12-27 01:29:34,384: publisherUpdate[/rosout] -> http://itachi-HP-Pavilion-Laptop-15-cc1xx:39963/ ['http://itachi-HP-Pavilion-Laptop-15-cc1xx:39387/', 'http://itachi-HP-Pavilion-Laptop-15-cc1xx:39879/']: sec=0.00, result=[1, '', 0]
[rosmaster.master][INFO] 2019-12-27 01:29:34,384: publisherUpdate[/rosout] -> http://itachi-HP-Pavilion-Laptop-15-cc1xx:39963/ ['http://itachi-HP-Pavilion-Laptop-15-cc1xx:39387/']
[rosmaster.master][INFO] 2019-12-27 01:29:34,384: publisherUpdate[/whycon/image_out] -> http://itachi-HP-Pavilion-Laptop-15-cc1xx:40779/ []: sec=0.00, exception=<Fault -1: 'publisherUpdate: unknown method name'>
[rosmaster.master][INFO] 2019-12-27 01:29:34,385: publisherUpdate[/rosout] -> http://itachi-HP-Pavilion-Laptop-15-cc1xx:39963/ ['http://itachi-HP-Pavilion-Laptop-15-cc1xx:39387/']: sec=0.00, result=[1, '', 0]
[rosmaster.master][INFO] 2019-12-27 01:29:34,385: publisherUpdate[/rosout] -> http://itachi-HP-Pavilion-Laptop-15-cc1xx:39963/ []
[rosmaster.master][INFO] 2019-12-27 01:29:34,385: publisherUpdate[/rosout] -> http://itachi-HP-Pavilion-Laptop-15-cc1xx:39963/ []: sec=0.00, result=[1, '', 0]
[rosmaster.master][INFO] 2019-12-27 01:29:34,386: publisherUpdate[/usb_cam/image_raw] -> http://itachi-HP-Pavilion-Laptop-15-cc1xx:39879/ []
[rosmaster.threadpool][ERROR] 2019-12-27 01:29:34,386: Traceback (most recent call last):
  File "/opt/ros/kinetic/lib/python2.7/dist-packages/rosmaster/threadpool.py", line 218, in run
    result = cmd(*args)
  File "/opt/ros/kinetic/lib/python2.7/dist-packages/rosmaster/master_api.py", line 210, in publisher_update_task
    ret = xmlrpcapi(api).publisherUpdate('/master', topic, pub_uris)
  File "/usr/lib/python2.7/xmlrpclib.py", line 1243, in __call__
    return self.__send(self.__name, args)
  File "/usr/lib/python2.7/xmlrpclib.py", line 1602, in __request
    verbose=self.__verbose
  File "/usr/lib/python2.7/xmlrpclib.py", line 1283, in request
    return self.single_request(host, handler, request_body, verbose)
  File "/usr/lib/python2.7/xmlrpclib.py", line 1316, in single_request
    return self.parse_response(response)
  File "/usr/lib/python2.7/xmlrpclib.py", line 1493, in parse_response
    return u.close()
  File "/usr/lib/python2.7/xmlrpclib.py", line 800, in close
    raise Fault(**self._stack[0])
Fault: <Fault -1: 'publisherUpdate: unknown method name'>

[rosmaster.master][INFO] 2019-12-27 01:29:34,386: publisherUpdate[/usb_cam/image_raw] -> http://itachi-HP-Pavilion-Laptop-15-cc1xx:39879/ []: sec=0.00, exception=<Fault -1: 'publisherUpdate: unknown method name'>
[rosmaster.threadpool][ERROR] 2019-12-27 01:29:34,387: Traceback (most recent call last):
  File "/opt/ros/kinetic/lib/python2.7/dist-packages/rosmaster/threadpool.py", line 218, in run
    result = cmd(*args)
  File "/opt/ros/kinetic/lib/python2.7/dist-packages/rosmaster/master_api.py", line 210, in publisher_update_task
    ret = xmlrpcapi(api).publisherUpdate('/master', topic, pub_uris)
  File "/usr/lib/python2.7/xmlrpclib.py", line 1243, in __call__
    return self.__send(self.__name, args)
  File "/usr/lib/python2.7/xmlrpclib.py", line 1602, in __request
    verbose=self.__verbose
  File "/usr/lib/python2.7/xmlrpclib.py", line 1283, in request
    return self.single_request(host, handler, request_body, verbose)
  File "/usr/lib/python2.7/xmlrpclib.py", line 1316, in single_request
    return self.parse_response(response)
  File "/usr/lib/python2.7/xmlrpclib.py", line 1493, in parse_response
    return u.close()
  File "/usr/lib/python2.7/xmlrpclib.py", line 800, in close
    raise Fault(**self._stack[0])
Fault: <Fault -1: 'publisherUpdate: unknown method name'>

[rosmaster.master][INFO] 2019-12-27 01:29:34,387: publisherUpdate[/usb_cam/camera_info] -> http://itachi-HP-Pavilion-Laptop-15-cc1xx:39879/ []
[rosmaster.master][INFO] 2019-12-27 01:29:34,387: publisherUpdate[/usb_cam/camera_info] -> http://itachi-HP-Pavilion-Laptop-15-cc1xx:39879/ []: sec=0.00, exception=<Fault -1: 'publisherUpdate: unknown method name'>
[rosmaster.threadpool][ERROR] 2019-12-27 01:29:34,387: Traceback (most recent call last):
  File "/opt/ros/kinetic/lib/python2.7/dist-packages/rosmaster/threadpool.py", line 218, in run
    result = cmd(*args)
  File "/opt/ros/kinetic/lib/python2.7/dist-packages/rosmaster/master_api.py", line 210, in publisher_update_task
    ret = xmlrpcapi(api).publisherUpdate('/master', topic, pub_uris)
  File "/usr/lib/python2.7/xmlrpclib.py", line 1243, in __call__
    return self.__send(self.__name, args)
  File "/usr/lib/python2.7/xmlrpclib.py", line 1602, in __request
    verbose=self.__verbose
  File "/usr/lib/python2.7/xmlrpclib.py", line 1283, in request
    return self.single_request(host, handler, request_body, verbose)
  File "/usr/lib/python2.7/xmlrpclib.py", line 1316, in single_request
    return self.parse_response(response)
  File "/usr/lib/python2.7/xmlrpclib.py", line 1493, in parse_response
    return u.close()
  File "/usr/lib/python2.7/xmlrpclib.py", line 800, in close
    raise Fault(**self._stack[0])
Fault: <Fault -1: 'publisherUpdate: unknown method name'>

[rosmaster.master][INFO] 2019-12-27 01:29:34,387: publisherUpdate[/usb_cam/image_color] -> http://itachi-HP-Pavilion-Laptop-15-cc1xx:39879/ []
[rosmaster.master][INFO] 2019-12-27 01:29:34,388: publisherUpdate[/usb_cam/image_color] -> http://itachi-HP-Pavilion-Laptop-15-cc1xx:39879/ []: sec=0.00, exception=<Fault -1: 'publisherUpdate: unknown method name'>
[rosmaster.threadpool][ERROR] 2019-12-27 01:29:34,388: Traceback (most recent call last):
  File "/opt/ros/kinetic/lib/python2.7/dist-packages/rosmaster/threadpool.py", line 218, in run
    result = cmd(*args)
  File "/opt/ros/kinetic/lib/python2.7/dist-packages/rosmaster/master_api.py", line 210, in publisher_update_task
    ret = xmlrpcapi(api).publisherUpdate('/master', topic, pub_uris)
  File "/usr/lib/python2.7/xmlrpclib.py", line 1243, in __call__
    return self.__send(self.__name, args)
  File "/usr/lib/python2.7/xmlrpclib.py", line 1602, in __request
    verbose=self.__verbose
  File "/usr/lib/python2.7/xmlrpclib.py", line 1283, in request
    return self.single_request(host, handler, request_body, verbose)
  File "/usr/lib/python2.7/xmlrpclib.py", line 1316, in single_request
    return self.parse_response(response)
  File "/usr/lib/python2.7/xmlrpclib.py", line 1493, in parse_response
    return u.close()
  File "/usr/lib/python2.7/xmlrpclib.py", line 800, in close
    raise Fault(**self._stack[0])
Fault: <Fault -1: 'publisherUpdate: unknown method name'>

[rosmaster.master][INFO] 2019-12-27 01:29:39,493: -PUB [/rosout_agg] /rosout http://itachi-HP-Pavilion-Laptop-15-cc1xx:39963/
[rosmaster.master][INFO] 2019-12-27 01:29:39,494: -SUB [/rosout] /rosout http://itachi-HP-Pavilion-Laptop-15-cc1xx:39963/
[rosmaster.master][INFO] 2019-12-27 01:29:39,494: -SERVICE [/rosout/get_loggers] /rosout rosrpc://itachi-HP-Pavilion-Laptop-15-cc1xx:59151
[rosmaster.master][INFO] 2019-12-27 01:29:39,495: -SERVICE [/rosout/set_logger_level] /rosout rosrpc://itachi-HP-Pavilion-Laptop-15-cc1xx:59151
[rosmaster.main][INFO] 2019-12-27 01:29:39,544: keyboard interrupt, will exit
[rosmaster.main][INFO] 2019-12-27 01:29:39,544: stopping master...
[rospy.core][INFO] 2019-12-27 01:29:39,544: signal_shutdown [atexit]
