[rospy.client][INFO] 2019-11-24 10:38:02,710: init_node, name[/edrone/joint_state_publisher], pid[2729]
[xmlrpc][INFO] 2019-11-24 10:38:02,710: XML-RPC server binding to 0.0.0.0:0
[xmlrpc][INFO] 2019-11-24 10:38:02,710: Started XML-RPC server [http://itachi-HP-Pavilion-Laptop-15-cc1xx:43119/]
[rospy.init][INFO] 2019-11-24 10:38:02,710: ROS Slave URI: [http://itachi-HP-Pavilion-Laptop-15-cc1xx:43119/]
[rospy.impl.masterslave][INFO] 2019-11-24 10:38:02,710: _ready: http://itachi-HP-Pavilion-Laptop-15-cc1xx:43119/
[rospy.registration][INFO] 2019-11-24 10:38:02,711: Registering with master node http://localhost:11311
[xmlrpc][INFO] 2019-11-24 10:38:02,711: xml rpc node: starting XML-RPC server
[rospy.init][INFO] 2019-11-24 10:38:02,811: registered with master
[rospy.rosout][INFO] 2019-11-24 10:38:02,811: initializing /rosout core topic
[rospy.rosout][INFO] 2019-11-24 10:38:02,818: connected to core topic /rosout
[rospy.simtime][INFO] 2019-11-24 10:38:02,821: initializing /clock core topic
[rospy.simtime][INFO] 2019-11-24 10:38:02,829: connected to core topic /clock
[rospy.internal][INFO] 2019-11-24 10:38:03,072: topic[/rosout] adding connection to [/rosout], count 0
[rospy.internal][INFO] 2019-11-24 10:38:03,172: topic[/edrone/joint_states] adding connection to [/edrone/robot_state_publisher], count 0
[rospy.internal][INFO] 2019-11-24 10:38:05,493: topic[/clock] adding connection to [http://itachi-HP-Pavilion-Laptop-15-cc1xx:45167/], count 0
[rospy.core][INFO] 2019-11-24 10:52:16,828: signal_shutdown [signal-2]
[rospy.internal][INFO] 2019-11-24 10:52:16,833: topic[/edrone/joint_states] removing connection to /edrone/robot_state_publisher
[rospy.internal][INFO] 2019-11-24 10:52:16,833: topic[/rosout] removing connection to /rosout
[rospy.internal][INFO] 2019-11-24 10:52:16,834: topic[/clock] removing connection to http://itachi-HP-Pavilion-Laptop-15-cc1xx:45167/
[rospy.impl.masterslave][INFO] 2019-11-24 10:52:16,834: signal-2
[rospy.core][INFO] 2019-11-24 10:52:16,966: signal_shutdown [atexit]
