[rosmaster.main][INFO] 2019-12-28 00:04:30,241: initialization complete, waiting for shutdown
[rosmaster.main][INFO] 2019-12-28 00:04:30,241: Starting ROS Master Node
[xmlrpc][INFO] 2019-12-28 00:04:30,242: XML-RPC server binding to 0.0.0.0:11311
[xmlrpc][INFO] 2019-12-28 00:04:30,242: Started XML-RPC server [http://itachi-HP-Pavilion-Laptop-15-cc1xx:11311/]
[xmlrpc][INFO] 2019-12-28 00:04:30,242: xml rpc node: starting XML-RPC server
[rosmaster.master][INFO] 2019-12-28 00:04:30,243: Master initialized: port[11311], uri[http://itachi-HP-Pavilion-Laptop-15-cc1xx:11311/]
[rosmaster.master][INFO] 2019-12-28 00:04:30,289: +PARAM [/run_id] by /roslaunch
[rosmaster.master][INFO] 2019-12-28 00:04:30,290: +PARAM [/roslaunch/uris/host_itachi_hp_pavilion_laptop_15_cc1xx__40725] by /roslaunch
[rosmaster.master][INFO] 2019-12-28 00:04:30,365: +PARAM [/rosversion] by /roslaunch
[rosmaster.master][INFO] 2019-12-28 00:04:30,365: +PARAM [/rosdistro] by /roslaunch
[rosmaster.master][INFO] 2019-12-28 00:04:30,369: +SERVICE [/rosout/get_loggers] /rosout http://itachi-HP-Pavilion-Laptop-15-cc1xx:34967/
[rosmaster.master][INFO] 2019-12-28 00:04:30,370: +SERVICE [/rosout/set_logger_level] /rosout http://itachi-HP-Pavilion-Laptop-15-cc1xx:34967/
[rosmaster.master][INFO] 2019-12-28 00:04:30,371: +PUB [/rosout_agg] /rosout http://itachi-HP-Pavilion-Laptop-15-cc1xx:34967/
[rosmaster.master][INFO] 2019-12-28 00:04:30,374: +SUB [/rosout] /rosout http://itachi-HP-Pavilion-Laptop-15-cc1xx:34967/
[rosmaster.master][INFO] 2019-12-28 00:04:33,483: +PARAM [/roslaunch/uris/host_itachi_hp_pavilion_laptop_15_cc1xx__32953] by /roslaunch
[rosmaster.master][INFO] 2019-12-28 00:04:33,486: +PARAM [/usb_cam/image_width] by /roslaunch
[rosmaster.master][INFO] 2019-12-28 00:04:33,486: +PARAM [/usb_cam/video_device] by /roslaunch
[rosmaster.master][INFO] 2019-12-28 00:04:33,486: +PARAM [/rosdistro] by /roslaunch
[rosmaster.master][INFO] 2019-12-28 00:04:33,486: +PARAM [/whycon/targets] by /roslaunch
[rosmaster.master][INFO] 2019-12-28 00:04:33,486: +PARAM [/usb_cam/pixel_format] by /roslaunch
[rosmaster.master][INFO] 2019-12-28 00:04:33,487: +PARAM [/usb_cam/io_method] by /roslaunch
[rosmaster.master][INFO] 2019-12-28 00:04:33,487: +PARAM [/usb_cam/camera_frame_id] by /roslaunch
[rosmaster.master][INFO] 2019-12-28 00:04:33,487: +PARAM [/rosversion] by /roslaunch
[rosmaster.master][INFO] 2019-12-28 00:04:33,487: +PARAM [/whycon/outer_diameter] by /roslaunch
[rosmaster.master][INFO] 2019-12-28 00:04:33,487: +PARAM [/usb_cam/image_height] by /roslaunch
[rosmaster.master][INFO] 2019-12-28 00:04:33,487: +PARAM [/whycon/name] by /roslaunch
[rosmaster.master][INFO] 2019-12-28 00:04:33,487: +PARAM [/whycon/inner_diameter] by /roslaunch
[rosmaster.master][INFO] 2019-12-28 00:04:33,575: +PUB [/rosout] /usb_cam http://itachi-HP-Pavilion-Laptop-15-cc1xx:39509/
[rosmaster.master][INFO] 2019-12-28 00:04:33,576: +SERVICE [/usb_cam/get_loggers] /usb_cam http://itachi-HP-Pavilion-Laptop-15-cc1xx:39509/
[rosmaster.master][INFO] 2019-12-28 00:04:33,577: +SERVICE [/usb_cam/set_logger_level] /usb_cam http://itachi-HP-Pavilion-Laptop-15-cc1xx:39509/
[rosmaster.master][INFO] 2019-12-28 00:04:33,579: +PUB [/rosout] /usb_cam/image_proc http://itachi-HP-Pavilion-Laptop-15-cc1xx:36183/
[rosmaster.master][INFO] 2019-12-28 00:04:33,580: +SERVICE [/usb_cam/image_proc/get_loggers] /usb_cam/image_proc http://itachi-HP-Pavilion-Laptop-15-cc1xx:36183/
[rosmaster.master][INFO] 2019-12-28 00:04:33,581: +SERVICE [/usb_cam/image_proc/set_logger_level] /usb_cam/image_proc http://itachi-HP-Pavilion-Laptop-15-cc1xx:36183/
[rosmaster.master][INFO] 2019-12-28 00:04:33,593: +PUB [/rosout] /whycon http://itachi-HP-Pavilion-Laptop-15-cc1xx:32973/
[rosmaster.master][INFO] 2019-12-28 00:04:33,594: +SERVICE [/whycon/get_loggers] /whycon http://itachi-HP-Pavilion-Laptop-15-cc1xx:32973/
[rosmaster.master][INFO] 2019-12-28 00:04:33,595: +SERVICE [/whycon/set_logger_level] /whycon http://itachi-HP-Pavilion-Laptop-15-cc1xx:32973/
[rosmaster.master][INFO] 2019-12-28 00:04:33,604: +PUB [/rosout] /whycon_display/image_view http://itachi-HP-Pavilion-Laptop-15-cc1xx:36057/
[rosmaster.master][INFO] 2019-12-28 00:04:33,605: +SERVICE [/whycon_display/image_view/get_loggers] /whycon_display/image_view http://itachi-HP-Pavilion-Laptop-15-cc1xx:36057/
[rosmaster.master][INFO] 2019-12-28 00:04:33,605: +SERVICE [/usb_cam/image_proc_debayer/set_parameters] /usb_cam/image_proc http://itachi-HP-Pavilion-Laptop-15-cc1xx:36183/
[rosmaster.master][INFO] 2019-12-28 00:04:33,606: +SERVICE [/whycon_display/image_view/set_logger_level] /whycon_display/image_view http://itachi-HP-Pavilion-Laptop-15-cc1xx:36057/
[rosmaster.master][INFO] 2019-12-28 00:04:33,607: +PUB [/usb_cam/image_proc_debayer/parameter_descriptions] /usb_cam/image_proc http://itachi-HP-Pavilion-Laptop-15-cc1xx:36183/
[rosmaster.master][INFO] 2019-12-28 00:04:33,608: +PUB [/usb_cam/image_proc_debayer/parameter_updates] /usb_cam/image_proc http://itachi-HP-Pavilion-Laptop-15-cc1xx:36183/
[rosmaster.master][INFO] 2019-12-28 00:04:33,610: +PARAM [/usb_cam/image_proc_debayer/debayer] by /usb_cam/image_proc
[rosmaster.master][INFO] 2019-12-28 00:04:33,612: +PARAM [/usb_cam/image_proc_debayer/debayer] by /usb_cam/image_proc
[rosmaster.master][INFO] 2019-12-28 00:04:33,613: +PUB [/usb_cam/image_mono/compressedDepth] /usb_cam/image_proc http://itachi-HP-Pavilion-Laptop-15-cc1xx:36183/
[rosmaster.master][INFO] 2019-12-28 00:04:33,614: +SERVICE [/usb_cam/image_mono/compressedDepth/set_parameters] /usb_cam/image_proc http://itachi-HP-Pavilion-Laptop-15-cc1xx:36183/
[rosmaster.master][INFO] 2019-12-28 00:04:33,614: +PUB [/usb_cam/image_mono/compressedDepth/parameter_descriptions] /usb_cam/image_proc http://itachi-HP-Pavilion-Laptop-15-cc1xx:36183/
[rosmaster.master][INFO] 2019-12-28 00:04:33,615: +PUB [/usb_cam/image_mono/compressedDepth/parameter_updates] /usb_cam/image_proc http://itachi-HP-Pavilion-Laptop-15-cc1xx:36183/
[rosmaster.master][INFO] 2019-12-28 00:04:33,617: +PARAM [/usb_cam/image_mono/compressedDepth/depth_max] by /usb_cam/image_proc
[rosmaster.master][INFO] 2019-12-28 00:04:33,618: +PARAM [/usb_cam/image_mono/compressedDepth/depth_quantization] by /usb_cam/image_proc
[rosmaster.master][INFO] 2019-12-28 00:04:33,618: +PARAM [/usb_cam/image_mono/compressedDepth/png_level] by /usb_cam/image_proc
[rosmaster.master][INFO] 2019-12-28 00:04:33,619: +PARAM [/usb_cam/image_mono/compressedDepth/depth_max] by /usb_cam/image_proc
[rosmaster.master][INFO] 2019-12-28 00:04:33,619: +PARAM [/usb_cam/image_mono/compressedDepth/depth_quantization] by /usb_cam/image_proc
[rosmaster.master][INFO] 2019-12-28 00:04:33,620: +PARAM [/usb_cam/image_mono/compressedDepth/png_level] by /usb_cam/image_proc
[rosmaster.master][INFO] 2019-12-28 00:04:33,621: +PUB [/usb_cam/image_mono/compressed] /usb_cam/image_proc http://itachi-HP-Pavilion-Laptop-15-cc1xx:36183/
[rosmaster.master][INFO] 2019-12-28 00:04:33,621: +SERVICE [/usb_cam/image_mono/compressed/set_parameters] /usb_cam/image_proc http://itachi-HP-Pavilion-Laptop-15-cc1xx:36183/
[rosmaster.master][INFO] 2019-12-28 00:04:33,622: +PUB [/usb_cam/image_mono/compressed/parameter_descriptions] /usb_cam/image_proc http://itachi-HP-Pavilion-Laptop-15-cc1xx:36183/
[rosmaster.master][INFO] 2019-12-28 00:04:33,623: +PUB [/usb_cam/image_mono/compressed/parameter_updates] /usb_cam/image_proc http://itachi-HP-Pavilion-Laptop-15-cc1xx:36183/
[rosmaster.master][INFO] 2019-12-28 00:04:33,624: +PUB [/usb_cam/image_raw/compressedDepth] /usb_cam http://itachi-HP-Pavilion-Laptop-15-cc1xx:39509/
[rosmaster.master][INFO] 2019-12-28 00:04:33,625: +SERVICE [/usb_cam/image_raw/compressedDepth/set_parameters] /usb_cam http://itachi-HP-Pavilion-Laptop-15-cc1xx:39509/
[rosmaster.master][INFO] 2019-12-28 00:04:33,626: +PUB [/usb_cam/image_raw/compressedDepth/parameter_descriptions] /usb_cam http://itachi-HP-Pavilion-Laptop-15-cc1xx:39509/
[rosmaster.master][INFO] 2019-12-28 00:04:33,628: +PUB [/usb_cam/image_raw/compressedDepth/parameter_updates] /usb_cam http://itachi-HP-Pavilion-Laptop-15-cc1xx:39509/
[rosmaster.master][INFO] 2019-12-28 00:04:33,629: +PARAM [/usb_cam/image_mono/compressed/format] by /usb_cam/image_proc
[rosmaster.master][INFO] 2019-12-28 00:04:33,630: +PARAM [/usb_cam/image_mono/compressed/jpeg_quality] by /usb_cam/image_proc
[rosmaster.master][INFO] 2019-12-28 00:04:33,632: +PARAM [/usb_cam/image_mono/compressed/png_level] by /usb_cam/image_proc
[rosmaster.master][INFO] 2019-12-28 00:04:33,633: +PARAM [/usb_cam/image_mono/compressed/format] by /usb_cam/image_proc
[rosmaster.master][INFO] 2019-12-28 00:04:33,633: +PARAM [/usb_cam/image_raw/compressedDepth/depth_max] by /usb_cam
[rosmaster.master][INFO] 2019-12-28 00:04:33,634: +PARAM [/usb_cam/image_mono/compressed/jpeg_quality] by /usb_cam/image_proc
[rosmaster.master][INFO] 2019-12-28 00:04:33,635: +PARAM [/usb_cam/image_raw/compressedDepth/depth_quantization] by /usb_cam
[rosmaster.master][INFO] 2019-12-28 00:04:33,636: +PARAM [/usb_cam/image_mono/compressed/png_level] by /usb_cam/image_proc
[rosmaster.master][INFO] 2019-12-28 00:04:33,636: +PARAM [/usb_cam/image_raw/compressedDepth/png_level] by /usb_cam
[rosmaster.master][INFO] 2019-12-28 00:04:33,637: +PARAM [/usb_cam/image_raw/compressedDepth/depth_max] by /usb_cam
[rosmaster.master][INFO] 2019-12-28 00:04:33,638: +PUB [/usb_cam/image_mono] /usb_cam/image_proc http://itachi-HP-Pavilion-Laptop-15-cc1xx:36183/
[rosmaster.master][INFO] 2019-12-28 00:04:33,639: +PARAM [/usb_cam/image_raw/compressedDepth/depth_quantization] by /usb_cam
[rosmaster.master][INFO] 2019-12-28 00:04:33,640: +PARAM [/usb_cam/image_raw/compressedDepth/png_level] by /usb_cam
[rosmaster.master][INFO] 2019-12-28 00:04:33,640: +PUB [/usb_cam/image_mono/theora] /usb_cam/image_proc http://itachi-HP-Pavilion-Laptop-15-cc1xx:36183/
[rosmaster.master][INFO] 2019-12-28 00:04:33,641: +PUB [/usb_cam/image_raw/compressed] /usb_cam http://itachi-HP-Pavilion-Laptop-15-cc1xx:39509/
[rosmaster.master][INFO] 2019-12-28 00:04:33,643: +SERVICE [/usb_cam/image_mono/theora/set_parameters] /usb_cam/image_proc http://itachi-HP-Pavilion-Laptop-15-cc1xx:36183/
[rosmaster.master][INFO] 2019-12-28 00:04:33,644: +SERVICE [/usb_cam/image_raw/compressed/set_parameters] /usb_cam http://itachi-HP-Pavilion-Laptop-15-cc1xx:39509/
[rosmaster.master][INFO] 2019-12-28 00:04:33,644: +PUB [/tf] /whycon http://itachi-HP-Pavilion-Laptop-15-cc1xx:32973/
[rosmaster.master][INFO] 2019-12-28 00:04:33,645: +PUB [/usb_cam/image_mono/theora/parameter_descriptions] /usb_cam/image_proc http://itachi-HP-Pavilion-Laptop-15-cc1xx:36183/
[rosmaster.master][INFO] 2019-12-28 00:04:33,645: +PUB [/usb_cam/image_raw/compressed/parameter_descriptions] /usb_cam http://itachi-HP-Pavilion-Laptop-15-cc1xx:39509/
[rosmaster.master][INFO] 2019-12-28 00:04:33,646: +PUB [/usb_cam/image_mono/theora/parameter_updates] /usb_cam/image_proc http://itachi-HP-Pavilion-Laptop-15-cc1xx:36183/
[rosmaster.master][INFO] 2019-12-28 00:04:33,647: +PUB [/usb_cam/image_raw/compressed/parameter_updates] /usb_cam http://itachi-HP-Pavilion-Laptop-15-cc1xx:39509/
[rosmaster.master][INFO] 2019-12-28 00:04:33,650: publisherUpdate[/rosout] -> http://itachi-HP-Pavilion-Laptop-15-cc1xx:34967/ ['http://itachi-HP-Pavilion-Laptop-15-cc1xx:39509/']
[rosmaster.master][INFO] 2019-12-28 00:04:33,652: publisherUpdate[/rosout] -> http://itachi-HP-Pavilion-Laptop-15-cc1xx:34967/ ['http://itachi-HP-Pavilion-Laptop-15-cc1xx:39509/']: sec=0.00, result=[1, '', 0]
[rosmaster.master][INFO] 2019-12-28 00:04:33,653: publisherUpdate[/rosout] -> http://itachi-HP-Pavilion-Laptop-15-cc1xx:34967/ ['http://itachi-HP-Pavilion-Laptop-15-cc1xx:39509/', 'http://itachi-HP-Pavilion-Laptop-15-cc1xx:36183/']
[rosmaster.master][INFO] 2019-12-28 00:04:33,654: publisherUpdate[/rosout] -> http://itachi-HP-Pavilion-Laptop-15-cc1xx:34967/ ['http://itachi-HP-Pavilion-Laptop-15-cc1xx:39509/', 'http://itachi-HP-Pavilion-Laptop-15-cc1xx:36183/']: sec=0.00, result=[1, '', 0]
[rosmaster.master][INFO] 2019-12-28 00:04:33,654: publisherUpdate[/rosout] -> http://itachi-HP-Pavilion-Laptop-15-cc1xx:34967/ ['http://itachi-HP-Pavilion-Laptop-15-cc1xx:39509/', 'http://itachi-HP-Pavilion-Laptop-15-cc1xx:36183/', 'http://itachi-HP-Pavilion-Laptop-15-cc1xx:32973/']
[rosmaster.master][INFO] 2019-12-28 00:04:33,655: publisherUpdate[/rosout] -> http://itachi-HP-Pavilion-Laptop-15-cc1xx:34967/ ['http://itachi-HP-Pavilion-Laptop-15-cc1xx:39509/', 'http://itachi-HP-Pavilion-Laptop-15-cc1xx:36183/', 'http://itachi-HP-Pavilion-Laptop-15-cc1xx:32973/']: sec=0.00, result=[1, '', 0]
[rosmaster.master][INFO] 2019-12-28 00:04:33,655: publisherUpdate[/rosout] -> http://itachi-HP-Pavilion-Laptop-15-cc1xx:34967/ ['http://itachi-HP-Pavilion-Laptop-15-cc1xx:39509/', 'http://itachi-HP-Pavilion-Laptop-15-cc1xx:36183/', 'http://itachi-HP-Pavilion-Laptop-15-cc1xx:32973/', 'http://itachi-HP-Pavilion-Laptop-15-cc1xx:36057/']
[rosmaster.master][INFO] 2019-12-28 00:04:33,656: publisherUpdate[/rosout] -> http://itachi-HP-Pavilion-Laptop-15-cc1xx:34967/ ['http://itachi-HP-Pavilion-Laptop-15-cc1xx:39509/', 'http://itachi-HP-Pavilion-Laptop-15-cc1xx:36183/', 'http://itachi-HP-Pavilion-Laptop-15-cc1xx:32973/', 'http://itachi-HP-Pavilion-Laptop-15-cc1xx:36057/']: sec=0.00, result=[1, '', 0]
[rosmaster.master][INFO] 2019-12-28 00:04:33,657: +PARAM [/usb_cam/image_raw/compressed/format] by /usb_cam
[rosmaster.master][INFO] 2019-12-28 00:04:33,657: +PARAM [/usb_cam/image_mono/theora/optimize_for] by /usb_cam/image_proc
[rosmaster.master][INFO] 2019-12-28 00:04:33,659: +PARAM [/usb_cam/image_raw/compressed/jpeg_quality] by /usb_cam
[rosmaster.master][INFO] 2019-12-28 00:04:33,660: +PARAM [/usb_cam/image_mono/theora/target_bitrate] by /usb_cam/image_proc
[rosmaster.master][INFO] 2019-12-28 00:04:33,661: +PARAM [/usb_cam/image_raw/compressed/png_level] by /usb_cam
[rosmaster.master][INFO] 2019-12-28 00:04:33,661: +PARAM [/usb_cam/image_mono/theora/quality] by /usb_cam/image_proc
[rosmaster.master][INFO] 2019-12-28 00:04:33,662: +SUB [/usb_cam/image_rect_color] /whycon http://itachi-HP-Pavilion-Laptop-15-cc1xx:32973/
[rosmaster.master][INFO] 2019-12-28 00:04:33,663: +PARAM [/usb_cam/image_raw/compressed/format] by /usb_cam
[rosmaster.master][INFO] 2019-12-28 00:04:33,663: +PARAM [/usb_cam/image_mono/theora/keyframe_frequency] by /usb_cam/image_proc
[rosmaster.master][INFO] 2019-12-28 00:04:33,664: +PARAM [/usb_cam/image_raw/compressed/jpeg_quality] by /usb_cam
[rosmaster.master][INFO] 2019-12-28 00:04:33,665: +PARAM [/usb_cam/image_mono/theora/optimize_for] by /usb_cam/image_proc
[rosmaster.master][INFO] 2019-12-28 00:04:33,666: +PARAM [/usb_cam/image_raw/compressed/png_level] by /usb_cam
[rosmaster.master][INFO] 2019-12-28 00:04:33,667: +PARAM [/usb_cam/image_mono/theora/target_bitrate] by /usb_cam/image_proc
[rosmaster.master][INFO] 2019-12-28 00:04:33,672: +PARAM [/usb_cam/image_mono/theora/quality] by /usb_cam/image_proc
[rosmaster.master][INFO] 2019-12-28 00:04:33,673: +PUB [/usb_cam/image_raw] /usb_cam http://itachi-HP-Pavilion-Laptop-15-cc1xx:39509/
[rosmaster.master][INFO] 2019-12-28 00:04:33,675: +SUB [/usb_cam/camera_info] /whycon http://itachi-HP-Pavilion-Laptop-15-cc1xx:32973/
[rosmaster.master][INFO] 2019-12-28 00:04:33,675: +PARAM [/usb_cam/image_mono/theora/keyframe_frequency] by /usb_cam/image_proc
[rosmaster.master][INFO] 2019-12-28 00:04:33,677: +PUB [/usb_cam/image_raw/theora] /usb_cam http://itachi-HP-Pavilion-Laptop-15-cc1xx:39509/
[rosmaster.master][INFO] 2019-12-28 00:04:33,677: +PUB [/whycon/image_out] /whycon http://itachi-HP-Pavilion-Laptop-15-cc1xx:32973/
[rosmaster.master][INFO] 2019-12-28 00:04:33,679: +SERVICE [/usb_cam/image_raw/theora/set_parameters] /usb_cam http://itachi-HP-Pavilion-Laptop-15-cc1xx:39509/
[rosmaster.master][INFO] 2019-12-28 00:04:33,679: +PUB [/whycon/poses] /whycon http://itachi-HP-Pavilion-Laptop-15-cc1xx:32973/
[rosmaster.master][INFO] 2019-12-28 00:04:33,680: +PUB [/usb_cam/image_color/compressedDepth] /usb_cam/image_proc http://itachi-HP-Pavilion-Laptop-15-cc1xx:36183/
[rosmaster.master][INFO] 2019-12-28 00:04:33,680: +PUB [/usb_cam/image_raw/theora/parameter_descriptions] /usb_cam http://itachi-HP-Pavilion-Laptop-15-cc1xx:39509/
[rosmaster.master][INFO] 2019-12-28 00:04:33,681: +PUB [/whycon/context] /whycon http://itachi-HP-Pavilion-Laptop-15-cc1xx:32973/
[rosmaster.master][INFO] 2019-12-28 00:04:33,682: +SERVICE [/usb_cam/image_color/compressedDepth/set_parameters] /usb_cam/image_proc http://itachi-HP-Pavilion-Laptop-15-cc1xx:36183/
[rosmaster.master][INFO] 2019-12-28 00:04:33,682: +PUB [/usb_cam/image_raw/theora/parameter_updates] /usb_cam http://itachi-HP-Pavilion-Laptop-15-cc1xx:39509/
[rosmaster.master][INFO] 2019-12-28 00:04:33,683: +PUB [/whycon/projection] /whycon http://itachi-HP-Pavilion-Laptop-15-cc1xx:32973/
[rosmaster.master][INFO] 2019-12-28 00:04:33,684: +PUB [/usb_cam/image_color/compressedDepth/parameter_descriptions] /usb_cam/image_proc http://itachi-HP-Pavilion-Laptop-15-cc1xx:36183/
[rosmaster.master][INFO] 2019-12-28 00:04:33,684: +SERVICE [/whycon/reset] /whycon http://itachi-HP-Pavilion-Laptop-15-cc1xx:32973/
[rosmaster.master][INFO] 2019-12-28 00:04:33,685: +PUB [/usb_cam/image_color/compressedDepth/parameter_updates] /usb_cam/image_proc http://itachi-HP-Pavilion-Laptop-15-cc1xx:36183/
[rosmaster.master][INFO] 2019-12-28 00:04:33,687: +PARAM [/usb_cam/image_raw/theora/optimize_for] by /usb_cam
[rosmaster.master][INFO] 2019-12-28 00:04:33,688: +PARAM [/usb_cam/image_raw/theora/target_bitrate] by /usb_cam
[rosmaster.master][INFO] 2019-12-28 00:04:33,689: +PARAM [/usb_cam/image_raw/theora/quality] by /usb_cam
[rosmaster.master][INFO] 2019-12-28 00:04:33,690: +PARAM [/usb_cam/image_color/compressedDepth/depth_max] by /usb_cam/image_proc
[rosmaster.master][INFO] 2019-12-28 00:04:33,691: +PARAM [/usb_cam/image_raw/theora/keyframe_frequency] by /usb_cam
[rosmaster.master][INFO] 2019-12-28 00:04:33,691: +PARAM [/usb_cam/image_color/compressedDepth/depth_quantization] by /usb_cam/image_proc
[rosmaster.master][INFO] 2019-12-28 00:04:33,692: +PARAM [/usb_cam/image_raw/theora/optimize_for] by /usb_cam
[rosmaster.master][INFO] 2019-12-28 00:04:33,693: +PARAM [/usb_cam/image_color/compressedDepth/png_level] by /usb_cam/image_proc
[rosmaster.master][INFO] 2019-12-28 00:04:33,693: +PARAM [/usb_cam/image_raw/theora/target_bitrate] by /usb_cam
[rosmaster.master][INFO] 2019-12-28 00:04:33,694: +PARAM [/usb_cam/image_color/compressedDepth/depth_max] by /usb_cam/image_proc
[rosmaster.master][INFO] 2019-12-28 00:04:33,694: +PARAM [/usb_cam/image_raw/theora/quality] by /usb_cam
[rosmaster.master][INFO] 2019-12-28 00:04:33,695: +PARAM [/usb_cam/image_color/compressedDepth/depth_quantization] by /usb_cam/image_proc
[rosmaster.master][INFO] 2019-12-28 00:04:33,696: +PARAM [/usb_cam/image_raw/theora/keyframe_frequency] by /usb_cam
[rosmaster.master][INFO] 2019-12-28 00:04:33,696: +PARAM [/usb_cam/image_color/compressedDepth/png_level] by /usb_cam/image_proc
[rosmaster.master][INFO] 2019-12-28 00:04:33,697: +PUB [/usb_cam/camera_info] /usb_cam http://itachi-HP-Pavilion-Laptop-15-cc1xx:39509/
[rosmaster.master][INFO] 2019-12-28 00:04:33,697: +PUB [/usb_cam/image_color/compressed] /usb_cam/image_proc http://itachi-HP-Pavilion-Laptop-15-cc1xx:36183/
[rosmaster.master][INFO] 2019-12-28 00:04:33,698: +SERVICE [/usb_cam/image_color/compressed/set_parameters] /usb_cam/image_proc http://itachi-HP-Pavilion-Laptop-15-cc1xx:36183/
[rosmaster.master][INFO] 2019-12-28 00:04:33,700: +PUB [/usb_cam/image_color/compressed/parameter_descriptions] /usb_cam/image_proc http://itachi-HP-Pavilion-Laptop-15-cc1xx:36183/
[rosmaster.master][INFO] 2019-12-28 00:04:33,700: +PUB [/usb_cam/image_color/compressed/parameter_updates] /usb_cam/image_proc http://itachi-HP-Pavilion-Laptop-15-cc1xx:36183/
[rosmaster.master][INFO] 2019-12-28 00:04:33,704: +PARAM [/usb_cam/image_color/compressed/format] by /usb_cam/image_proc
[rosmaster.master][INFO] 2019-12-28 00:04:33,705: +PARAM [/usb_cam/image_color/compressed/jpeg_quality] by /usb_cam/image_proc
[rosmaster.master][INFO] 2019-12-28 00:04:33,706: +PARAM [/usb_cam/image_color/compressed/png_level] by /usb_cam/image_proc
[rosmaster.master][INFO] 2019-12-28 00:04:33,707: +PARAM [/usb_cam/image_color/compressed/format] by /usb_cam/image_proc
[rosmaster.master][INFO] 2019-12-28 00:04:33,707: +PARAM [/usb_cam/image_color/compressed/jpeg_quality] by /usb_cam/image_proc
[rosmaster.master][INFO] 2019-12-28 00:04:33,708: +PARAM [/usb_cam/image_color/compressed/png_level] by /usb_cam/image_proc
[rosmaster.master][INFO] 2019-12-28 00:04:33,710: +PUB [/usb_cam/image_color] /usb_cam/image_proc http://itachi-HP-Pavilion-Laptop-15-cc1xx:36183/
[rosmaster.master][INFO] 2019-12-28 00:04:33,711: +PUB [/usb_cam/image_color/theora] /usb_cam/image_proc http://itachi-HP-Pavilion-Laptop-15-cc1xx:36183/
[rosmaster.master][INFO] 2019-12-28 00:04:33,712: +SERVICE [/usb_cam/image_color/theora/set_parameters] /usb_cam/image_proc http://itachi-HP-Pavilion-Laptop-15-cc1xx:36183/
[rosmaster.master][INFO] 2019-12-28 00:04:33,714: +PUB [/usb_cam/image_color/theora/parameter_descriptions] /usb_cam/image_proc http://itachi-HP-Pavilion-Laptop-15-cc1xx:36183/
[rosmaster.master][INFO] 2019-12-28 00:04:33,716: +PUB [/usb_cam/image_color/theora/parameter_updates] /usb_cam/image_proc http://itachi-HP-Pavilion-Laptop-15-cc1xx:36183/
[rosmaster.master][INFO] 2019-12-28 00:04:33,727: +SERVICE [/usb_cam/set_camera_info] /usb_cam http://itachi-HP-Pavilion-Laptop-15-cc1xx:39509/
[rosmaster.master][INFO] 2019-12-28 00:04:33,727: +PARAM [/usb_cam/image_color/theora/optimize_for] by /usb_cam/image_proc
[rosmaster.master][INFO] 2019-12-28 00:04:33,729: +SERVICE [/usb_cam/start_capture] /usb_cam http://itachi-HP-Pavilion-Laptop-15-cc1xx:39509/
[rosmaster.master][INFO] 2019-12-28 00:04:33,730: +PARAM [/usb_cam/image_color/theora/target_bitrate] by /usb_cam/image_proc
[rosmaster.master][INFO] 2019-12-28 00:04:33,731: +SERVICE [/usb_cam/stop_capture] /usb_cam http://itachi-HP-Pavilion-Laptop-15-cc1xx:39509/
[rosmaster.master][INFO] 2019-12-28 00:04:33,735: +PARAM [/usb_cam/image_color/theora/quality] by /usb_cam/image_proc
[rosmaster.master][INFO] 2019-12-28 00:04:33,737: +PARAM [/usb_cam/image_color/theora/keyframe_frequency] by /usb_cam/image_proc
[rosmaster.master][INFO] 2019-12-28 00:04:33,738: +PARAM [/usb_cam/image_color/theora/optimize_for] by /usb_cam/image_proc
[rosmaster.master][INFO] 2019-12-28 00:04:33,739: +PARAM [/usb_cam/image_color/theora/target_bitrate] by /usb_cam/image_proc
[rosmaster.master][INFO] 2019-12-28 00:04:33,740: +PARAM [/usb_cam/image_color/theora/quality] by /usb_cam/image_proc
[rosmaster.master][INFO] 2019-12-28 00:04:33,741: +PARAM [/usb_cam/image_color/theora/keyframe_frequency] by /usb_cam/image_proc
[rosmaster.master][INFO] 2019-12-28 00:04:33,744: +SERVICE [/usb_cam/image_proc_rectify_mono/set_parameters] /usb_cam/image_proc http://itachi-HP-Pavilion-Laptop-15-cc1xx:36183/
[rosmaster.master][INFO] 2019-12-28 00:04:33,745: +PUB [/usb_cam/image_proc_rectify_mono/parameter_descriptions] /usb_cam/image_proc http://itachi-HP-Pavilion-Laptop-15-cc1xx:36183/
[rosmaster.master][INFO] 2019-12-28 00:04:33,746: +PUB [/usb_cam/image_proc_rectify_mono/parameter_updates] /usb_cam/image_proc http://itachi-HP-Pavilion-Laptop-15-cc1xx:36183/
[rosmaster.master][INFO] 2019-12-28 00:04:33,747: +PARAM [/usb_cam/image_proc_rectify_mono/interpolation] by /usb_cam/image_proc
[rosmaster.master][INFO] 2019-12-28 00:04:33,748: +PARAM [/usb_cam/image_proc_rectify_mono/interpolation] by /usb_cam/image_proc
[rosmaster.master][INFO] 2019-12-28 00:04:33,749: +PUB [/usb_cam/image_rect/compressedDepth] /usb_cam/image_proc http://itachi-HP-Pavilion-Laptop-15-cc1xx:36183/
[rosmaster.master][INFO] 2019-12-28 00:04:33,750: +SERVICE [/usb_cam/image_rect/compressedDepth/set_parameters] /usb_cam/image_proc http://itachi-HP-Pavilion-Laptop-15-cc1xx:36183/
[rosmaster.master][INFO] 2019-12-28 00:04:33,751: publisherUpdate[/usb_cam/camera_info] -> http://itachi-HP-Pavilion-Laptop-15-cc1xx:32973/ ['http://itachi-HP-Pavilion-Laptop-15-cc1xx:39509/']
[rosmaster.master][INFO] 2019-12-28 00:04:33,754: +PUB [/usb_cam/image_rect/compressedDepth/parameter_descriptions] /usb_cam/image_proc http://itachi-HP-Pavilion-Laptop-15-cc1xx:36183/
[rosmaster.master][INFO] 2019-12-28 00:04:33,754: publisherUpdate[/usb_cam/camera_info] -> http://itachi-HP-Pavilion-Laptop-15-cc1xx:32973/ ['http://itachi-HP-Pavilion-Laptop-15-cc1xx:39509/']: sec=0.00, result=[1, '', 0]
[rosmaster.master][INFO] 2019-12-28 00:04:33,755: +PUB [/usb_cam/image_rect/compressedDepth/parameter_updates] /usb_cam/image_proc http://itachi-HP-Pavilion-Laptop-15-cc1xx:36183/
[rosmaster.master][INFO] 2019-12-28 00:04:33,757: +PARAM [/usb_cam/image_rect/compressedDepth/depth_max] by /usb_cam/image_proc
[rosmaster.master][INFO] 2019-12-28 00:04:33,758: +PARAM [/usb_cam/image_rect/compressedDepth/depth_quantization] by /usb_cam/image_proc
[rosmaster.master][INFO] 2019-12-28 00:04:33,758: +PARAM [/usb_cam/image_rect/compressedDepth/png_level] by /usb_cam/image_proc
[rosmaster.master][INFO] 2019-12-28 00:04:33,759: +PARAM [/usb_cam/image_rect/compressedDepth/depth_max] by /usb_cam/image_proc
[rosmaster.master][INFO] 2019-12-28 00:04:33,760: +PARAM [/usb_cam/image_rect/compressedDepth/depth_quantization] by /usb_cam/image_proc
[rosmaster.master][INFO] 2019-12-28 00:04:33,760: +PARAM [/usb_cam/image_rect/compressedDepth/png_level] by /usb_cam/image_proc
[rosmaster.master][INFO] 2019-12-28 00:04:33,761: +PUB [/usb_cam/image_rect/compressed] /usb_cam/image_proc http://itachi-HP-Pavilion-Laptop-15-cc1xx:36183/
[rosmaster.master][INFO] 2019-12-28 00:04:33,762: +SERVICE [/usb_cam/image_rect/compressed/set_parameters] /usb_cam/image_proc http://itachi-HP-Pavilion-Laptop-15-cc1xx:36183/
[rosmaster.master][INFO] 2019-12-28 00:04:33,762: +PUB [/usb_cam/image_rect/compressed/parameter_descriptions] /usb_cam/image_proc http://itachi-HP-Pavilion-Laptop-15-cc1xx:36183/
[rosmaster.master][INFO] 2019-12-28 00:04:33,763: +PUB [/usb_cam/image_rect/compressed/parameter_updates] /usb_cam/image_proc http://itachi-HP-Pavilion-Laptop-15-cc1xx:36183/
[rosmaster.master][INFO] 2019-12-28 00:04:33,765: +PARAM [/usb_cam/image_rect/compressed/format] by /usb_cam/image_proc
[rosmaster.master][INFO] 2019-12-28 00:04:33,766: +PARAM [/usb_cam/image_rect/compressed/jpeg_quality] by /usb_cam/image_proc
[rosmaster.master][INFO] 2019-12-28 00:04:33,769: +PARAM [/usb_cam/image_rect/compressed/png_level] by /usb_cam/image_proc
[rosmaster.master][INFO] 2019-12-28 00:04:33,771: +PARAM [/usb_cam/image_rect/compressed/format] by /usb_cam/image_proc
[rosmaster.master][INFO] 2019-12-28 00:04:33,772: +PARAM [/usb_cam/image_rect/compressed/jpeg_quality] by /usb_cam/image_proc
[rosmaster.master][INFO] 2019-12-28 00:04:33,773: +PARAM [/usb_cam/image_rect/compressed/png_level] by /usb_cam/image_proc
[rosmaster.master][INFO] 2019-12-28 00:04:33,773: +SUB [/whycon/image_out] /whycon_display/image_view http://itachi-HP-Pavilion-Laptop-15-cc1xx:36057/
[rosmaster.master][INFO] 2019-12-28 00:04:33,774: +PUB [/usb_cam/image_rect] /usb_cam/image_proc http://itachi-HP-Pavilion-Laptop-15-cc1xx:36183/
[rosmaster.master][INFO] 2019-12-28 00:04:33,774: +PUB [/whycon_display/image_view/output] /whycon_display/image_view http://itachi-HP-Pavilion-Laptop-15-cc1xx:36057/
[rosmaster.master][INFO] 2019-12-28 00:04:33,775: +PUB [/usb_cam/image_rect/theora] /usb_cam/image_proc http://itachi-HP-Pavilion-Laptop-15-cc1xx:36183/
[rosmaster.master][INFO] 2019-12-28 00:04:33,775: +SERVICE [/whycon_display/image_view/set_parameters] /whycon_display/image_view http://itachi-HP-Pavilion-Laptop-15-cc1xx:36057/
[rosmaster.master][INFO] 2019-12-28 00:04:33,776: +SERVICE [/usb_cam/image_rect/theora/set_parameters] /usb_cam/image_proc http://itachi-HP-Pavilion-Laptop-15-cc1xx:36183/
[rosmaster.master][INFO] 2019-12-28 00:04:33,777: +PUB [/whycon_display/image_view/parameter_descriptions] /whycon_display/image_view http://itachi-HP-Pavilion-Laptop-15-cc1xx:36057/
[rosmaster.master][INFO] 2019-12-28 00:04:33,777: +PUB [/usb_cam/image_rect/theora/parameter_descriptions] /usb_cam/image_proc http://itachi-HP-Pavilion-Laptop-15-cc1xx:36183/
[rosmaster.master][INFO] 2019-12-28 00:04:33,778: +PUB [/whycon_display/image_view/parameter_updates] /whycon_display/image_view http://itachi-HP-Pavilion-Laptop-15-cc1xx:36057/
[rosmaster.master][INFO] 2019-12-28 00:04:33,778: +PUB [/usb_cam/image_rect/theora/parameter_updates] /usb_cam/image_proc http://itachi-HP-Pavilion-Laptop-15-cc1xx:36183/
[rosmaster.master][INFO] 2019-12-28 00:04:33,783: +PARAM [/whycon_display/image_view/do_dynamic_scaling] by /whycon_display/image_view
[rosmaster.master][INFO] 2019-12-28 00:04:33,784: +PARAM [/usb_cam/image_rect/theora/optimize_for] by /usb_cam/image_proc
[rosmaster.master][INFO] 2019-12-28 00:04:33,787: +PARAM [/whycon_display/image_view/colormap] by /whycon_display/image_view
[rosmaster.master][INFO] 2019-12-28 00:04:33,787: +PARAM [/usb_cam/image_rect/theora/target_bitrate] by /usb_cam/image_proc
[rosmaster.master][INFO] 2019-12-28 00:04:33,788: +PARAM [/whycon_display/image_view/min_image_value] by /whycon_display/image_view
[rosmaster.master][INFO] 2019-12-28 00:04:33,789: +PARAM [/usb_cam/image_rect/theora/quality] by /usb_cam/image_proc
[rosmaster.master][INFO] 2019-12-28 00:04:33,789: +PARAM [/whycon_display/image_view/max_image_value] by /whycon_display/image_view
[rosmaster.master][INFO] 2019-12-28 00:04:33,790: +PARAM [/usb_cam/image_rect/theora/keyframe_frequency] by /usb_cam/image_proc
[rosmaster.master][INFO] 2019-12-28 00:04:33,791: +PARAM [/whycon_display/image_view/do_dynamic_scaling] by /whycon_display/image_view
[rosmaster.master][INFO] 2019-12-28 00:04:33,791: +PARAM [/usb_cam/image_rect/theora/optimize_for] by /usb_cam/image_proc
[rosmaster.master][INFO] 2019-12-28 00:04:33,792: +PARAM [/whycon_display/image_view/colormap] by /whycon_display/image_view
[rosmaster.master][INFO] 2019-12-28 00:04:33,793: +PARAM [/usb_cam/image_rect/theora/target_bitrate] by /usb_cam/image_proc
[rosmaster.master][INFO] 2019-12-28 00:04:33,793: +PARAM [/whycon_display/image_view/min_image_value] by /whycon_display/image_view
[rosmaster.master][INFO] 2019-12-28 00:04:33,794: +PARAM [/usb_cam/image_rect/theora/quality] by /usb_cam/image_proc
[rosmaster.master][INFO] 2019-12-28 00:04:33,795: +PARAM [/whycon_display/image_view/max_image_value] by /whycon_display/image_view
[rosmaster.master][INFO] 2019-12-28 00:04:33,795: +PARAM [/usb_cam/image_rect/theora/keyframe_frequency] by /usb_cam/image_proc
[rosmaster.master][INFO] 2019-12-28 00:04:33,797: +SERVICE [/usb_cam/image_proc_rectify_color/set_parameters] /usb_cam/image_proc http://itachi-HP-Pavilion-Laptop-15-cc1xx:36183/
[rosmaster.master][INFO] 2019-12-28 00:04:33,798: +PUB [/usb_cam/image_proc_rectify_color/parameter_descriptions] /usb_cam/image_proc http://itachi-HP-Pavilion-Laptop-15-cc1xx:36183/
[rosmaster.master][INFO] 2019-12-28 00:04:33,799: +PUB [/usb_cam/image_proc_rectify_color/parameter_updates] /usb_cam/image_proc http://itachi-HP-Pavilion-Laptop-15-cc1xx:36183/
[rosmaster.master][INFO] 2019-12-28 00:04:33,801: +PARAM [/usb_cam/image_proc_rectify_color/interpolation] by /usb_cam/image_proc
[rosmaster.master][INFO] 2019-12-28 00:04:33,802: +PARAM [/usb_cam/image_proc_rectify_color/interpolation] by /usb_cam/image_proc
[rosmaster.master][INFO] 2019-12-28 00:04:33,804: +PUB [/usb_cam/image_rect_color/compressedDepth] /usb_cam/image_proc http://itachi-HP-Pavilion-Laptop-15-cc1xx:36183/
[rosmaster.master][INFO] 2019-12-28 00:04:33,804: +SERVICE [/usb_cam/image_rect_color/compressedDepth/set_parameters] /usb_cam/image_proc http://itachi-HP-Pavilion-Laptop-15-cc1xx:36183/
[rosmaster.master][INFO] 2019-12-28 00:04:33,805: +PUB [/usb_cam/image_rect_color/compressedDepth/parameter_descriptions] /usb_cam/image_proc http://itachi-HP-Pavilion-Laptop-15-cc1xx:36183/
[rosmaster.master][INFO] 2019-12-28 00:04:33,806: +PUB [/usb_cam/image_rect_color/compressedDepth/parameter_updates] /usb_cam/image_proc http://itachi-HP-Pavilion-Laptop-15-cc1xx:36183/
[rosmaster.master][INFO] 2019-12-28 00:04:33,808: +PARAM [/usb_cam/image_rect_color/compressedDepth/depth_max] by /usb_cam/image_proc
[rosmaster.master][INFO] 2019-12-28 00:04:33,809: +PARAM [/usb_cam/image_rect_color/compressedDepth/depth_quantization] by /usb_cam/image_proc
[rosmaster.master][INFO] 2019-12-28 00:04:33,809: +PARAM [/usb_cam/image_rect_color/compressedDepth/png_level] by /usb_cam/image_proc
[rosmaster.master][INFO] 2019-12-28 00:04:33,810: +PARAM [/usb_cam/image_rect_color/compressedDepth/depth_max] by /usb_cam/image_proc
[rosmaster.master][INFO] 2019-12-28 00:04:33,810: +PARAM [/usb_cam/image_rect_color/compressedDepth/depth_quantization] by /usb_cam/image_proc
[rosmaster.master][INFO] 2019-12-28 00:04:33,811: +PARAM [/usb_cam/image_rect_color/compressedDepth/png_level] by /usb_cam/image_proc
[rosmaster.master][INFO] 2019-12-28 00:04:33,812: +PUB [/usb_cam/image_rect_color/compressed] /usb_cam/image_proc http://itachi-HP-Pavilion-Laptop-15-cc1xx:36183/
[rosmaster.master][INFO] 2019-12-28 00:04:33,812: +SERVICE [/usb_cam/image_rect_color/compressed/set_parameters] /usb_cam/image_proc http://itachi-HP-Pavilion-Laptop-15-cc1xx:36183/
[rosmaster.master][INFO] 2019-12-28 00:04:33,813: +PUB [/usb_cam/image_rect_color/compressed/parameter_descriptions] /usb_cam/image_proc http://itachi-HP-Pavilion-Laptop-15-cc1xx:36183/
[rosmaster.master][INFO] 2019-12-28 00:04:33,814: +PUB [/usb_cam/image_rect_color/compressed/parameter_updates] /usb_cam/image_proc http://itachi-HP-Pavilion-Laptop-15-cc1xx:36183/
[rosmaster.master][INFO] 2019-12-28 00:04:33,816: +PARAM [/usb_cam/image_rect_color/compressed/format] by /usb_cam/image_proc
[rosmaster.master][INFO] 2019-12-28 00:04:33,816: +PARAM [/usb_cam/image_rect_color/compressed/jpeg_quality] by /usb_cam/image_proc
[rosmaster.master][INFO] 2019-12-28 00:04:33,817: +PARAM [/usb_cam/image_rect_color/compressed/png_level] by /usb_cam/image_proc
[rosmaster.master][INFO] 2019-12-28 00:04:33,818: +PARAM [/usb_cam/image_rect_color/compressed/format] by /usb_cam/image_proc
[rosmaster.master][INFO] 2019-12-28 00:04:33,818: +PARAM [/usb_cam/image_rect_color/compressed/jpeg_quality] by /usb_cam/image_proc
[rosmaster.master][INFO] 2019-12-28 00:04:33,819: +PARAM [/usb_cam/image_rect_color/compressed/png_level] by /usb_cam/image_proc
[rosmaster.master][INFO] 2019-12-28 00:04:33,820: +PUB [/usb_cam/image_rect_color] /usb_cam/image_proc http://itachi-HP-Pavilion-Laptop-15-cc1xx:36183/
[rosmaster.master][INFO] 2019-12-28 00:04:33,821: +PUB [/usb_cam/image_rect_color/theora] /usb_cam/image_proc http://itachi-HP-Pavilion-Laptop-15-cc1xx:36183/
[rosmaster.master][INFO] 2019-12-28 00:04:33,821: +SERVICE [/usb_cam/image_rect_color/theora/set_parameters] /usb_cam/image_proc http://itachi-HP-Pavilion-Laptop-15-cc1xx:36183/
[rosmaster.master][INFO] 2019-12-28 00:04:33,822: +PUB [/usb_cam/image_rect_color/theora/parameter_descriptions] /usb_cam/image_proc http://itachi-HP-Pavilion-Laptop-15-cc1xx:36183/
[rosmaster.master][INFO] 2019-12-28 00:04:33,822: +PUB [/usb_cam/image_rect_color/theora/parameter_updates] /usb_cam/image_proc http://itachi-HP-Pavilion-Laptop-15-cc1xx:36183/
[rosmaster.master][INFO] 2019-12-28 00:04:33,825: +PARAM [/usb_cam/image_rect_color/theora/optimize_for] by /usb_cam/image_proc
[rosmaster.master][INFO] 2019-12-28 00:04:33,826: +PARAM [/usb_cam/image_rect_color/theora/target_bitrate] by /usb_cam/image_proc
[rosmaster.master][INFO] 2019-12-28 00:04:33,826: +PARAM [/usb_cam/image_rect_color/theora/quality] by /usb_cam/image_proc
[rosmaster.master][INFO] 2019-12-28 00:04:33,827: +PARAM [/usb_cam/image_rect_color/theora/keyframe_frequency] by /usb_cam/image_proc
[rosmaster.master][INFO] 2019-12-28 00:04:33,827: +PARAM [/usb_cam/image_rect_color/theora/optimize_for] by /usb_cam/image_proc
[rosmaster.master][INFO] 2019-12-28 00:04:33,828: +PARAM [/usb_cam/image_rect_color/theora/target_bitrate] by /usb_cam/image_proc
[rosmaster.master][INFO] 2019-12-28 00:04:33,828: +PARAM [/usb_cam/image_rect_color/theora/quality] by /usb_cam/image_proc
[rosmaster.master][INFO] 2019-12-28 00:04:33,829: +PARAM [/usb_cam/image_rect_color/theora/keyframe_frequency] by /usb_cam/image_proc
[rosmaster.master][INFO] 2019-12-28 00:04:33,852: publisherUpdate[/usb_cam/image_rect_color] -> http://itachi-HP-Pavilion-Laptop-15-cc1xx:32973/ ['http://itachi-HP-Pavilion-Laptop-15-cc1xx:36183/']
[rosmaster.master][INFO] 2019-12-28 00:04:33,853: publisherUpdate[/usb_cam/image_rect_color] -> http://itachi-HP-Pavilion-Laptop-15-cc1xx:32973/ ['http://itachi-HP-Pavilion-Laptop-15-cc1xx:36183/']: sec=0.00, result=[1, '', 0]
[rosmaster.master][INFO] 2019-12-28 00:04:33,973: +SUB [/usb_cam/image_color] /usb_cam/image_proc http://itachi-HP-Pavilion-Laptop-15-cc1xx:36183/
[rosmaster.master][INFO] 2019-12-28 00:04:33,983: +SUB [/usb_cam/camera_info] /usb_cam/image_proc http://itachi-HP-Pavilion-Laptop-15-cc1xx:36183/
[rosmaster.master][INFO] 2019-12-28 00:04:33,990: +SUB [/usb_cam/image_raw] /usb_cam/image_proc http://itachi-HP-Pavilion-Laptop-15-cc1xx:36183/
[rosmaster.master][INFO] 2019-12-28 00:04:36,348: +PUB [/rosout] /DroneNode http://itachi-HP-Pavilion-Laptop-15-cc1xx:33853/
[rosmaster.master][INFO] 2019-12-28 00:04:36,349: +SERVICE [/DroneNode/get_loggers] /DroneNode http://itachi-HP-Pavilion-Laptop-15-cc1xx:33853/
[rosmaster.master][INFO] 2019-12-28 00:04:36,350: +SERVICE [/DroneNode/set_logger_level] /DroneNode http://itachi-HP-Pavilion-Laptop-15-cc1xx:33853/
[rosmaster.master][INFO] 2019-12-28 00:04:36,356: +SUB [/drone_command] /DroneNode http://itachi-HP-Pavilion-Laptop-15-cc1xx:33853/
[rosmaster.master][INFO] 2019-12-28 00:04:36,360: publisherUpdate[/rosout] -> http://itachi-HP-Pavilion-Laptop-15-cc1xx:34967/ ['http://itachi-HP-Pavilion-Laptop-15-cc1xx:39509/', 'http://itachi-HP-Pavilion-Laptop-15-cc1xx:36183/', 'http://itachi-HP-Pavilion-Laptop-15-cc1xx:32973/', 'http://itachi-HP-Pavilion-Laptop-15-cc1xx:36057/', 'http://itachi-HP-Pavilion-Laptop-15-cc1xx:33853/']
[rosmaster.master][INFO] 2019-12-28 00:04:36,362: publisherUpdate[/rosout] -> http://itachi-HP-Pavilion-Laptop-15-cc1xx:34967/ ['http://itachi-HP-Pavilion-Laptop-15-cc1xx:39509/', 'http://itachi-HP-Pavilion-Laptop-15-cc1xx:36183/', 'http://itachi-HP-Pavilion-Laptop-15-cc1xx:32973/', 'http://itachi-HP-Pavilion-Laptop-15-cc1xx:36057/', 'http://itachi-HP-Pavilion-Laptop-15-cc1xx:33853/']: sec=0.00, result=[1, '', 0]
[rosmaster.master][INFO] 2019-12-28 00:04:42,520: +PUB [/rosout] /drone_control http://itachi-HP-Pavilion-Laptop-15-cc1xx:36411/
[rosmaster.master][INFO] 2019-12-28 00:04:42,528: +SERVICE [/drone_control/get_loggers] /drone_control http://itachi-HP-Pavilion-Laptop-15-cc1xx:36411/
[rosmaster.master][INFO] 2019-12-28 00:04:42,530: +SERVICE [/drone_control/set_logger_level] /drone_control http://itachi-HP-Pavilion-Laptop-15-cc1xx:36411/
[rosmaster.master][INFO] 2019-12-28 00:04:42,535: +PUB [/drone_command] /drone_control http://itachi-HP-Pavilion-Laptop-15-cc1xx:36411/
[rosmaster.master][INFO] 2019-12-28 00:04:42,536: +PUB [/alt_error] /drone_control http://itachi-HP-Pavilion-Laptop-15-cc1xx:36411/
[rosmaster.master][INFO] 2019-12-28 00:04:42,538: +PUB [/pitch_error] /drone_control http://itachi-HP-Pavilion-Laptop-15-cc1xx:36411/
[rosmaster.master][INFO] 2019-12-28 00:04:42,539: +PUB [/roll_error] /drone_control http://itachi-HP-Pavilion-Laptop-15-cc1xx:36411/
[rosmaster.master][INFO] 2019-12-28 00:04:42,541: +PUB [/error_sample] /drone_control http://itachi-HP-Pavilion-Laptop-15-cc1xx:36411/
[rosmaster.master][INFO] 2019-12-28 00:04:42,543: +PUB [/error_sample1] /drone_control http://itachi-HP-Pavilion-Laptop-15-cc1xx:36411/
[rosmaster.master][INFO] 2019-12-28 00:04:42,544: +PUB [/error_sample2] /drone_control http://itachi-HP-Pavilion-Laptop-15-cc1xx:36411/
[rosmaster.master][INFO] 2019-12-28 00:04:42,545: +PUB [/error_sample3] /drone_control http://itachi-HP-Pavilion-Laptop-15-cc1xx:36411/
[rosmaster.master][INFO] 2019-12-28 00:04:42,552: +SUB [/whycon/poses] /drone_control http://itachi-HP-Pavilion-Laptop-15-cc1xx:36411/
[rosmaster.master][INFO] 2019-12-28 00:04:42,555: +SUB [/pid_tuning_altitude] /drone_control http://itachi-HP-Pavilion-Laptop-15-cc1xx:36411/
[rosmaster.master][INFO] 2019-12-28 00:04:42,557: +SUB [/pid_tuning_pitch] /drone_control http://itachi-HP-Pavilion-Laptop-15-cc1xx:36411/
[rosmaster.master][INFO] 2019-12-28 00:04:42,561: +SUB [/pid_tuning_roll] /drone_control http://itachi-HP-Pavilion-Laptop-15-cc1xx:36411/
[rosmaster.master][INFO] 2019-12-28 00:04:42,572: publisherUpdate[/rosout] -> http://itachi-HP-Pavilion-Laptop-15-cc1xx:34967/ ['http://itachi-HP-Pavilion-Laptop-15-cc1xx:39509/', 'http://itachi-HP-Pavilion-Laptop-15-cc1xx:36183/', 'http://itachi-HP-Pavilion-Laptop-15-cc1xx:32973/', 'http://itachi-HP-Pavilion-Laptop-15-cc1xx:36057/', 'http://itachi-HP-Pavilion-Laptop-15-cc1xx:33853/', 'http://itachi-HP-Pavilion-Laptop-15-cc1xx:36411/']
[rosmaster.master][INFO] 2019-12-28 00:04:42,572: publisherUpdate[/rosout] -> http://itachi-HP-Pavilion-Laptop-15-cc1xx:34967/ ['http://itachi-HP-Pavilion-Laptop-15-cc1xx:39509/', 'http://itachi-HP-Pavilion-Laptop-15-cc1xx:36183/', 'http://itachi-HP-Pavilion-Laptop-15-cc1xx:32973/', 'http://itachi-HP-Pavilion-Laptop-15-cc1xx:36057/', 'http://itachi-HP-Pavilion-Laptop-15-cc1xx:33853/', 'http://itachi-HP-Pavilion-Laptop-15-cc1xx:36411/']: sec=0.00, result=[1, '', 0]
[rosmaster.master][INFO] 2019-12-28 00:04:42,572: publisherUpdate[/drone_command] -> http://itachi-HP-Pavilion-Laptop-15-cc1xx:33853/ ['http://itachi-HP-Pavilion-Laptop-15-cc1xx:36411/']
[rosmaster.master][INFO] 2019-12-28 00:04:42,573: publisherUpdate[/drone_command] -> http://itachi-HP-Pavilion-Laptop-15-cc1xx:33853/ ['http://itachi-HP-Pavilion-Laptop-15-cc1xx:36411/']: sec=0.00, result=[1, '', 0]
[rosmaster.master][INFO] 2019-12-28 00:05:20,150: -PUB [/rosout] /DroneNode http://itachi-HP-Pavilion-Laptop-15-cc1xx:33853/
[rosmaster.master][INFO] 2019-12-28 00:05:20,151: publisherUpdate[/rosout] -> http://itachi-HP-Pavilion-Laptop-15-cc1xx:34967/ ['http://itachi-HP-Pavilion-Laptop-15-cc1xx:39509/', 'http://itachi-HP-Pavilion-Laptop-15-cc1xx:36183/', 'http://itachi-HP-Pavilion-Laptop-15-cc1xx:32973/', 'http://itachi-HP-Pavilion-Laptop-15-cc1xx:36057/', 'http://itachi-HP-Pavilion-Laptop-15-cc1xx:36411/']
[rosmaster.master][INFO] 2019-12-28 00:05:20,152: publisherUpdate[/rosout] -> http://itachi-HP-Pavilion-Laptop-15-cc1xx:34967/ ['http://itachi-HP-Pavilion-Laptop-15-cc1xx:39509/', 'http://itachi-HP-Pavilion-Laptop-15-cc1xx:36183/', 'http://itachi-HP-Pavilion-Laptop-15-cc1xx:32973/', 'http://itachi-HP-Pavilion-Laptop-15-cc1xx:36057/', 'http://itachi-HP-Pavilion-Laptop-15-cc1xx:36411/']: sec=0.00, result=[1, '', 0]
[rosmaster.master][INFO] 2019-12-28 00:05:20,153: -SUB [/drone_command] /DroneNode http://itachi-HP-Pavilion-Laptop-15-cc1xx:33853/
[rosmaster.master][INFO] 2019-12-28 00:05:20,154: -SERVICE [/DroneNode/get_loggers] /DroneNode rosrpc://itachi-HP-Pavilion-Laptop-15-cc1xx:53251
[rosmaster.master][INFO] 2019-12-28 00:05:20,155: -SERVICE [/DroneNode/set_logger_level] /DroneNode rosrpc://itachi-HP-Pavilion-Laptop-15-cc1xx:53251
[rosmaster.master][INFO] 2019-12-28 00:05:28,269: -PUB [/rosout_agg] /rosout http://itachi-HP-Pavilion-Laptop-15-cc1xx:34967/
[rosmaster.master][INFO] 2019-12-28 00:05:28,271: -SUB [/rosout] /rosout http://itachi-HP-Pavilion-Laptop-15-cc1xx:34967/
[rosmaster.master][INFO] 2019-12-28 00:05:28,272: -SERVICE [/rosout/get_loggers] /rosout rosrpc://itachi-HP-Pavilion-Laptop-15-cc1xx:52747
[rosmaster.master][INFO] 2019-12-28 00:05:28,274: -SERVICE [/rosout/set_logger_level] /rosout rosrpc://itachi-HP-Pavilion-Laptop-15-cc1xx:52747
[rosmaster.main][INFO] 2019-12-28 00:05:28,438: keyboard interrupt, will exit
[rosmaster.main][INFO] 2019-12-28 00:05:28,438: stopping master...
[rospy.core][INFO] 2019-12-28 00:05:28,439: signal_shutdown [atexit]
