[rosmaster.main][INFO] 2019-12-27 22:43:03,378: initialization complete, waiting for shutdown
[rosmaster.main][INFO] 2019-12-27 22:43:03,378: Starting ROS Master Node
[xmlrpc][INFO] 2019-12-27 22:43:03,379: XML-RPC server binding to 0.0.0.0:11311
[xmlrpc][INFO] 2019-12-27 22:43:03,379: Started XML-RPC server [http://itachi-HP-Pavilion-Laptop-15-cc1xx:11311/]
[xmlrpc][INFO] 2019-12-27 22:43:03,379: xml rpc node: starting XML-RPC server
[rosmaster.master][INFO] 2019-12-27 22:43:03,380: Master initialized: port[11311], uri[http://itachi-HP-Pavilion-Laptop-15-cc1xx:11311/]
[rosmaster.master][INFO] 2019-12-27 22:43:03,430: +PARAM [/run_id] by /roslaunch
[rosmaster.master][INFO] 2019-12-27 22:43:03,432: +PARAM [/roslaunch/uris/host_itachi_hp_pavilion_laptop_15_cc1xx__39113] by /roslaunch
[rosmaster.master][INFO] 2019-12-27 22:43:03,526: +PARAM [/rosversion] by /roslaunch
[rosmaster.master][INFO] 2019-12-27 22:43:03,526: +PARAM [/rosdistro] by /roslaunch
[rosmaster.master][INFO] 2019-12-27 22:43:03,530: +SERVICE [/rosout/get_loggers] /rosout http://itachi-HP-Pavilion-Laptop-15-cc1xx:40605/
[rosmaster.master][INFO] 2019-12-27 22:43:03,531: +SERVICE [/rosout/set_logger_level] /rosout http://itachi-HP-Pavilion-Laptop-15-cc1xx:40605/
[rosmaster.master][INFO] 2019-12-27 22:43:03,532: +PUB [/rosout_agg] /rosout http://itachi-HP-Pavilion-Laptop-15-cc1xx:40605/
[rosmaster.master][INFO] 2019-12-27 22:43:03,535: +SUB [/rosout] /rosout http://itachi-HP-Pavilion-Laptop-15-cc1xx:40605/
[rosmaster.master][INFO] 2019-12-27 22:43:04,856: +PARAM [/roslaunch/uris/host_itachi_hp_pavilion_laptop_15_cc1xx__39053] by /roslaunch
[rosmaster.master][INFO] 2019-12-27 22:43:04,859: +PARAM [/usb_cam/image_width] by /roslaunch
[rosmaster.master][INFO] 2019-12-27 22:43:04,859: +PARAM [/usb_cam/video_device] by /roslaunch
[rosmaster.master][INFO] 2019-12-27 22:43:04,859: +PARAM [/rosdistro] by /roslaunch
[rosmaster.master][INFO] 2019-12-27 22:43:04,859: +PARAM [/whycon/targets] by /roslaunch
[rosmaster.master][INFO] 2019-12-27 22:43:04,859: +PARAM [/usb_cam/pixel_format] by /roslaunch
[rosmaster.master][INFO] 2019-12-27 22:43:04,859: +PARAM [/usb_cam/io_method] by /roslaunch
[rosmaster.master][INFO] 2019-12-27 22:43:04,859: +PARAM [/usb_cam/camera_frame_id] by /roslaunch
[rosmaster.master][INFO] 2019-12-27 22:43:04,859: +PARAM [/rosversion] by /roslaunch
[rosmaster.master][INFO] 2019-12-27 22:43:04,859: +PARAM [/whycon/outer_diameter] by /roslaunch
[rosmaster.master][INFO] 2019-12-27 22:43:04,860: +PARAM [/usb_cam/image_height] by /roslaunch
[rosmaster.master][INFO] 2019-12-27 22:43:04,860: +PARAM [/whycon/name] by /roslaunch
[rosmaster.master][INFO] 2019-12-27 22:43:04,860: +PARAM [/whycon/inner_diameter] by /roslaunch
[rosmaster.master][INFO] 2019-12-27 22:43:04,944: +PUB [/rosout] /usb_cam http://itachi-HP-Pavilion-Laptop-15-cc1xx:39795/
[rosmaster.master][INFO] 2019-12-27 22:43:04,945: +SERVICE [/usb_cam/get_loggers] /usb_cam http://itachi-HP-Pavilion-Laptop-15-cc1xx:39795/
[rosmaster.master][INFO] 2019-12-27 22:43:04,946: +SERVICE [/usb_cam/set_logger_level] /usb_cam http://itachi-HP-Pavilion-Laptop-15-cc1xx:39795/
[rosmaster.master][INFO] 2019-12-27 22:43:04,954: +PUB [/rosout] /usb_cam/image_proc http://itachi-HP-Pavilion-Laptop-15-cc1xx:39115/
[rosmaster.master][INFO] 2019-12-27 22:43:04,955: +SERVICE [/usb_cam/image_proc/get_loggers] /usb_cam/image_proc http://itachi-HP-Pavilion-Laptop-15-cc1xx:39115/
[rosmaster.master][INFO] 2019-12-27 22:43:04,955: +SERVICE [/usb_cam/image_proc/set_logger_level] /usb_cam/image_proc http://itachi-HP-Pavilion-Laptop-15-cc1xx:39115/
[rosmaster.master][INFO] 2019-12-27 22:43:04,962: +PUB [/rosout] /whycon http://itachi-HP-Pavilion-Laptop-15-cc1xx:34151/
[rosmaster.master][INFO] 2019-12-27 22:43:04,963: +SERVICE [/whycon/get_loggers] /whycon http://itachi-HP-Pavilion-Laptop-15-cc1xx:34151/
[rosmaster.master][INFO] 2019-12-27 22:43:04,963: +SERVICE [/whycon/set_logger_level] /whycon http://itachi-HP-Pavilion-Laptop-15-cc1xx:34151/
[rosmaster.master][INFO] 2019-12-27 22:43:04,975: +PUB [/rosout] /whycon_display/image_view http://itachi-HP-Pavilion-Laptop-15-cc1xx:42373/
[rosmaster.master][INFO] 2019-12-27 22:43:04,976: +SERVICE [/whycon_display/image_view/get_loggers] /whycon_display/image_view http://itachi-HP-Pavilion-Laptop-15-cc1xx:42373/
[rosmaster.master][INFO] 2019-12-27 22:43:04,977: +SERVICE [/whycon_display/image_view/set_logger_level] /whycon_display/image_view http://itachi-HP-Pavilion-Laptop-15-cc1xx:42373/
[rosmaster.master][INFO] 2019-12-27 22:43:04,982: publisherUpdate[/rosout] -> http://itachi-HP-Pavilion-Laptop-15-cc1xx:40605/ ['http://itachi-HP-Pavilion-Laptop-15-cc1xx:39795/']
[rosmaster.master][INFO] 2019-12-27 22:43:04,984: publisherUpdate[/rosout] -> http://itachi-HP-Pavilion-Laptop-15-cc1xx:40605/ ['http://itachi-HP-Pavilion-Laptop-15-cc1xx:39795/']: sec=0.00, result=[1, '', 0]
[rosmaster.master][INFO] 2019-12-27 22:43:04,984: publisherUpdate[/rosout] -> http://itachi-HP-Pavilion-Laptop-15-cc1xx:40605/ ['http://itachi-HP-Pavilion-Laptop-15-cc1xx:39795/', 'http://itachi-HP-Pavilion-Laptop-15-cc1xx:39115/']
[rosmaster.master][INFO] 2019-12-27 22:43:04,985: +SERVICE [/usb_cam/image_proc_debayer/set_parameters] /usb_cam/image_proc http://itachi-HP-Pavilion-Laptop-15-cc1xx:39115/
[rosmaster.master][INFO] 2019-12-27 22:43:04,985: publisherUpdate[/rosout] -> http://itachi-HP-Pavilion-Laptop-15-cc1xx:40605/ ['http://itachi-HP-Pavilion-Laptop-15-cc1xx:39795/', 'http://itachi-HP-Pavilion-Laptop-15-cc1xx:39115/']: sec=0.00, result=[1, '', 0]
[rosmaster.master][INFO] 2019-12-27 22:43:04,985: publisherUpdate[/rosout] -> http://itachi-HP-Pavilion-Laptop-15-cc1xx:40605/ ['http://itachi-HP-Pavilion-Laptop-15-cc1xx:39795/', 'http://itachi-HP-Pavilion-Laptop-15-cc1xx:39115/', 'http://itachi-HP-Pavilion-Laptop-15-cc1xx:34151/']
[rosmaster.master][INFO] 2019-12-27 22:43:04,986: +PUB [/usb_cam/image_raw/compressedDepth] /usb_cam http://itachi-HP-Pavilion-Laptop-15-cc1xx:39795/
[rosmaster.master][INFO] 2019-12-27 22:43:04,986: publisherUpdate[/rosout] -> http://itachi-HP-Pavilion-Laptop-15-cc1xx:40605/ ['http://itachi-HP-Pavilion-Laptop-15-cc1xx:39795/', 'http://itachi-HP-Pavilion-Laptop-15-cc1xx:39115/', 'http://itachi-HP-Pavilion-Laptop-15-cc1xx:34151/']: sec=0.00, result=[1, '', 0]
[rosmaster.master][INFO] 2019-12-27 22:43:04,987: publisherUpdate[/rosout] -> http://itachi-HP-Pavilion-Laptop-15-cc1xx:40605/ ['http://itachi-HP-Pavilion-Laptop-15-cc1xx:39795/', 'http://itachi-HP-Pavilion-Laptop-15-cc1xx:39115/', 'http://itachi-HP-Pavilion-Laptop-15-cc1xx:34151/', 'http://itachi-HP-Pavilion-Laptop-15-cc1xx:42373/']
[rosmaster.master][INFO] 2019-12-27 22:43:04,987: +PUB [/usb_cam/image_proc_debayer/parameter_descriptions] /usb_cam/image_proc http://itachi-HP-Pavilion-Laptop-15-cc1xx:39115/
[rosmaster.master][INFO] 2019-12-27 22:43:04,988: +SERVICE [/usb_cam/image_raw/compressedDepth/set_parameters] /usb_cam http://itachi-HP-Pavilion-Laptop-15-cc1xx:39795/
[rosmaster.master][INFO] 2019-12-27 22:43:04,988: publisherUpdate[/rosout] -> http://itachi-HP-Pavilion-Laptop-15-cc1xx:40605/ ['http://itachi-HP-Pavilion-Laptop-15-cc1xx:39795/', 'http://itachi-HP-Pavilion-Laptop-15-cc1xx:39115/', 'http://itachi-HP-Pavilion-Laptop-15-cc1xx:34151/', 'http://itachi-HP-Pavilion-Laptop-15-cc1xx:42373/']: sec=0.00, result=[1, '', 0]
[rosmaster.master][INFO] 2019-12-27 22:43:04,989: +PUB [/usb_cam/image_proc_debayer/parameter_updates] /usb_cam/image_proc http://itachi-HP-Pavilion-Laptop-15-cc1xx:39115/
[rosmaster.master][INFO] 2019-12-27 22:43:04,990: +PUB [/usb_cam/image_raw/compressedDepth/parameter_descriptions] /usb_cam http://itachi-HP-Pavilion-Laptop-15-cc1xx:39795/
[rosmaster.master][INFO] 2019-12-27 22:43:04,992: +PUB [/usb_cam/image_raw/compressedDepth/parameter_updates] /usb_cam http://itachi-HP-Pavilion-Laptop-15-cc1xx:39795/
[rosmaster.master][INFO] 2019-12-27 22:43:04,993: +PARAM [/usb_cam/image_proc_debayer/debayer] by /usb_cam/image_proc
[rosmaster.master][INFO] 2019-12-27 22:43:04,996: +PARAM [/usb_cam/image_proc_debayer/debayer] by /usb_cam/image_proc
[rosmaster.master][INFO] 2019-12-27 22:43:05,001: +PARAM [/usb_cam/image_raw/compressedDepth/depth_max] by /usb_cam
[rosmaster.master][INFO] 2019-12-27 22:43:05,001: +PUB [/usb_cam/image_mono/compressedDepth] /usb_cam/image_proc http://itachi-HP-Pavilion-Laptop-15-cc1xx:39115/
[rosmaster.master][INFO] 2019-12-27 22:43:05,003: +PARAM [/usb_cam/image_raw/compressedDepth/depth_quantization] by /usb_cam
[rosmaster.master][INFO] 2019-12-27 22:43:05,003: +SERVICE [/usb_cam/image_mono/compressedDepth/set_parameters] /usb_cam/image_proc http://itachi-HP-Pavilion-Laptop-15-cc1xx:39115/
[rosmaster.master][INFO] 2019-12-27 22:43:05,004: +PARAM [/usb_cam/image_raw/compressedDepth/png_level] by /usb_cam
[rosmaster.master][INFO] 2019-12-27 22:43:05,005: +PUB [/usb_cam/image_mono/compressedDepth/parameter_descriptions] /usb_cam/image_proc http://itachi-HP-Pavilion-Laptop-15-cc1xx:39115/
[rosmaster.master][INFO] 2019-12-27 22:43:05,006: +PARAM [/usb_cam/image_raw/compressedDepth/depth_max] by /usb_cam
[rosmaster.master][INFO] 2019-12-27 22:43:05,006: +PUB [/usb_cam/image_mono/compressedDepth/parameter_updates] /usb_cam/image_proc http://itachi-HP-Pavilion-Laptop-15-cc1xx:39115/
[rosmaster.master][INFO] 2019-12-27 22:43:05,007: +PARAM [/usb_cam/image_raw/compressedDepth/depth_quantization] by /usb_cam
[rosmaster.master][INFO] 2019-12-27 22:43:05,008: +PARAM [/usb_cam/image_raw/compressedDepth/png_level] by /usb_cam
[rosmaster.master][INFO] 2019-12-27 22:43:05,010: +PUB [/usb_cam/image_raw/compressed] /usb_cam http://itachi-HP-Pavilion-Laptop-15-cc1xx:39795/
[rosmaster.master][INFO] 2019-12-27 22:43:05,011: +PARAM [/usb_cam/image_mono/compressedDepth/depth_max] by /usb_cam/image_proc
[rosmaster.master][INFO] 2019-12-27 22:43:05,012: +SERVICE [/usb_cam/image_raw/compressed/set_parameters] /usb_cam http://itachi-HP-Pavilion-Laptop-15-cc1xx:39795/
[rosmaster.master][INFO] 2019-12-27 22:43:05,013: +PARAM [/usb_cam/image_mono/compressedDepth/depth_quantization] by /usb_cam/image_proc
[rosmaster.master][INFO] 2019-12-27 22:43:05,014: +PUB [/usb_cam/image_raw/compressed/parameter_descriptions] /usb_cam http://itachi-HP-Pavilion-Laptop-15-cc1xx:39795/
[rosmaster.master][INFO] 2019-12-27 22:43:05,015: +PARAM [/usb_cam/image_mono/compressedDepth/png_level] by /usb_cam/image_proc
[rosmaster.master][INFO] 2019-12-27 22:43:05,016: +PUB [/tf] /whycon http://itachi-HP-Pavilion-Laptop-15-cc1xx:34151/
[rosmaster.master][INFO] 2019-12-27 22:43:05,017: +PUB [/usb_cam/image_raw/compressed/parameter_updates] /usb_cam http://itachi-HP-Pavilion-Laptop-15-cc1xx:39795/
[rosmaster.master][INFO] 2019-12-27 22:43:05,018: +PARAM [/usb_cam/image_mono/compressedDepth/depth_max] by /usb_cam/image_proc
[rosmaster.master][INFO] 2019-12-27 22:43:05,019: +PARAM [/usb_cam/image_mono/compressedDepth/depth_quantization] by /usb_cam/image_proc
[rosmaster.master][INFO] 2019-12-27 22:43:05,021: +PARAM [/usb_cam/image_mono/compressedDepth/png_level] by /usb_cam/image_proc
[rosmaster.master][INFO] 2019-12-27 22:43:05,023: +PUB [/usb_cam/image_mono/compressed] /usb_cam/image_proc http://itachi-HP-Pavilion-Laptop-15-cc1xx:39115/
[rosmaster.master][INFO] 2019-12-27 22:43:05,024: +PARAM [/usb_cam/image_raw/compressed/format] by /usb_cam
[rosmaster.master][INFO] 2019-12-27 22:43:05,025: +SERVICE [/usb_cam/image_mono/compressed/set_parameters] /usb_cam/image_proc http://itachi-HP-Pavilion-Laptop-15-cc1xx:39115/
[rosmaster.master][INFO] 2019-12-27 22:43:05,026: +PARAM [/usb_cam/image_raw/compressed/jpeg_quality] by /usb_cam
[rosmaster.master][INFO] 2019-12-27 22:43:05,027: +PUB [/usb_cam/image_mono/compressed/parameter_descriptions] /usb_cam/image_proc http://itachi-HP-Pavilion-Laptop-15-cc1xx:39115/
[rosmaster.master][INFO] 2019-12-27 22:43:05,028: +PARAM [/usb_cam/image_raw/compressed/png_level] by /usb_cam
[rosmaster.master][INFO] 2019-12-27 22:43:05,029: +PUB [/usb_cam/image_mono/compressed/parameter_updates] /usb_cam/image_proc http://itachi-HP-Pavilion-Laptop-15-cc1xx:39115/
[rosmaster.master][INFO] 2019-12-27 22:43:05,031: +PARAM [/usb_cam/image_raw/compressed/format] by /usb_cam
[rosmaster.master][INFO] 2019-12-27 22:43:05,032: +SUB [/usb_cam/image_rect_color] /whycon http://itachi-HP-Pavilion-Laptop-15-cc1xx:34151/
[rosmaster.master][INFO] 2019-12-27 22:43:05,033: +PARAM [/usb_cam/image_raw/compressed/jpeg_quality] by /usb_cam
[rosmaster.master][INFO] 2019-12-27 22:43:05,037: +PARAM [/usb_cam/image_raw/compressed/png_level] by /usb_cam
[rosmaster.master][INFO] 2019-12-27 22:43:05,039: +PARAM [/usb_cam/image_mono/compressed/format] by /usb_cam/image_proc
[rosmaster.master][INFO] 2019-12-27 22:43:05,040: +PUB [/usb_cam/image_raw] /usb_cam http://itachi-HP-Pavilion-Laptop-15-cc1xx:39795/
[rosmaster.master][INFO] 2019-12-27 22:43:05,041: +PARAM [/usb_cam/image_mono/compressed/jpeg_quality] by /usb_cam/image_proc
[rosmaster.master][INFO] 2019-12-27 22:43:05,042: +PUB [/usb_cam/image_raw/theora] /usb_cam http://itachi-HP-Pavilion-Laptop-15-cc1xx:39795/
[rosmaster.master][INFO] 2019-12-27 22:43:05,042: +SUB [/usb_cam/camera_info] /whycon http://itachi-HP-Pavilion-Laptop-15-cc1xx:34151/
[rosmaster.master][INFO] 2019-12-27 22:43:05,043: +PARAM [/usb_cam/image_mono/compressed/png_level] by /usb_cam/image_proc
[rosmaster.master][INFO] 2019-12-27 22:43:05,044: +SERVICE [/usb_cam/image_raw/theora/set_parameters] /usb_cam http://itachi-HP-Pavilion-Laptop-15-cc1xx:39795/
[rosmaster.master][INFO] 2019-12-27 22:43:05,044: +PUB [/whycon/image_out] /whycon http://itachi-HP-Pavilion-Laptop-15-cc1xx:34151/
[rosmaster.master][INFO] 2019-12-27 22:43:05,045: +PARAM [/usb_cam/image_mono/compressed/format] by /usb_cam/image_proc
[rosmaster.master][INFO] 2019-12-27 22:43:05,045: +PUB [/usb_cam/image_raw/theora/parameter_descriptions] /usb_cam http://itachi-HP-Pavilion-Laptop-15-cc1xx:39795/
[rosmaster.master][INFO] 2019-12-27 22:43:05,046: +PUB [/whycon/poses] /whycon http://itachi-HP-Pavilion-Laptop-15-cc1xx:34151/
[rosmaster.master][INFO] 2019-12-27 22:43:05,047: +PARAM [/usb_cam/image_mono/compressed/jpeg_quality] by /usb_cam/image_proc
[rosmaster.master][INFO] 2019-12-27 22:43:05,047: +PUB [/usb_cam/image_raw/theora/parameter_updates] /usb_cam http://itachi-HP-Pavilion-Laptop-15-cc1xx:39795/
[rosmaster.master][INFO] 2019-12-27 22:43:05,048: +PUB [/whycon/context] /whycon http://itachi-HP-Pavilion-Laptop-15-cc1xx:34151/
[rosmaster.master][INFO] 2019-12-27 22:43:05,048: +PARAM [/usb_cam/image_mono/compressed/png_level] by /usb_cam/image_proc
[rosmaster.master][INFO] 2019-12-27 22:43:05,050: +PUB [/whycon/projection] /whycon http://itachi-HP-Pavilion-Laptop-15-cc1xx:34151/
[rosmaster.master][INFO] 2019-12-27 22:43:05,051: +PUB [/usb_cam/image_mono] /usb_cam/image_proc http://itachi-HP-Pavilion-Laptop-15-cc1xx:39115/
[rosmaster.master][INFO] 2019-12-27 22:43:05,052: +SERVICE [/whycon/reset] /whycon http://itachi-HP-Pavilion-Laptop-15-cc1xx:34151/
[rosmaster.master][INFO] 2019-12-27 22:43:05,053: +PUB [/usb_cam/image_mono/theora] /usb_cam/image_proc http://itachi-HP-Pavilion-Laptop-15-cc1xx:39115/
[rosmaster.master][INFO] 2019-12-27 22:43:05,054: +SERVICE [/usb_cam/image_mono/theora/set_parameters] /usb_cam/image_proc http://itachi-HP-Pavilion-Laptop-15-cc1xx:39115/
[rosmaster.master][INFO] 2019-12-27 22:43:05,054: +PARAM [/usb_cam/image_raw/theora/optimize_for] by /usb_cam
[rosmaster.master][INFO] 2019-12-27 22:43:05,055: +PUB [/usb_cam/image_mono/theora/parameter_descriptions] /usb_cam/image_proc http://itachi-HP-Pavilion-Laptop-15-cc1xx:39115/
[rosmaster.master][INFO] 2019-12-27 22:43:05,055: +PARAM [/usb_cam/image_raw/theora/target_bitrate] by /usb_cam
[rosmaster.master][INFO] 2019-12-27 22:43:05,056: +PUB [/usb_cam/image_mono/theora/parameter_updates] /usb_cam/image_proc http://itachi-HP-Pavilion-Laptop-15-cc1xx:39115/
[rosmaster.master][INFO] 2019-12-27 22:43:05,057: +PARAM [/usb_cam/image_raw/theora/quality] by /usb_cam
[rosmaster.master][INFO] 2019-12-27 22:43:05,059: +PARAM [/usb_cam/image_raw/theora/keyframe_frequency] by /usb_cam
[rosmaster.master][INFO] 2019-12-27 22:43:05,060: +PARAM [/usb_cam/image_raw/theora/optimize_for] by /usb_cam
[rosmaster.master][INFO] 2019-12-27 22:43:05,061: +PARAM [/usb_cam/image_raw/theora/target_bitrate] by /usb_cam
[rosmaster.master][INFO] 2019-12-27 22:43:05,062: +PARAM [/usb_cam/image_raw/theora/quality] by /usb_cam
[rosmaster.master][INFO] 2019-12-27 22:43:05,063: +PARAM [/usb_cam/image_mono/theora/optimize_for] by /usb_cam/image_proc
[rosmaster.master][INFO] 2019-12-27 22:43:05,064: +PARAM [/usb_cam/image_raw/theora/keyframe_frequency] by /usb_cam
[rosmaster.master][INFO] 2019-12-27 22:43:05,064: +PARAM [/usb_cam/image_mono/theora/target_bitrate] by /usb_cam/image_proc
[rosmaster.master][INFO] 2019-12-27 22:43:05,065: +PUB [/usb_cam/camera_info] /usb_cam http://itachi-HP-Pavilion-Laptop-15-cc1xx:39795/
[rosmaster.master][INFO] 2019-12-27 22:43:05,065: +PARAM [/usb_cam/image_mono/theora/quality] by /usb_cam/image_proc
[rosmaster.master][INFO] 2019-12-27 22:43:05,066: +PARAM [/usb_cam/image_mono/theora/keyframe_frequency] by /usb_cam/image_proc
[rosmaster.master][INFO] 2019-12-27 22:43:05,067: +PARAM [/usb_cam/image_mono/theora/optimize_for] by /usb_cam/image_proc
[rosmaster.master][INFO] 2019-12-27 22:43:05,068: +PARAM [/usb_cam/image_mono/theora/target_bitrate] by /usb_cam/image_proc
[rosmaster.master][INFO] 2019-12-27 22:43:05,069: +PARAM [/usb_cam/image_mono/theora/quality] by /usb_cam/image_proc
[rosmaster.master][INFO] 2019-12-27 22:43:05,070: +PARAM [/usb_cam/image_mono/theora/keyframe_frequency] by /usb_cam/image_proc
[rosmaster.master][INFO] 2019-12-27 22:43:05,072: +PUB [/usb_cam/image_color/compressedDepth] /usb_cam/image_proc http://itachi-HP-Pavilion-Laptop-15-cc1xx:39115/
[rosmaster.master][INFO] 2019-12-27 22:43:05,073: +SERVICE [/usb_cam/image_color/compressedDepth/set_parameters] /usb_cam/image_proc http://itachi-HP-Pavilion-Laptop-15-cc1xx:39115/
[rosmaster.master][INFO] 2019-12-27 22:43:05,074: +PUB [/usb_cam/image_color/compressedDepth/parameter_descriptions] /usb_cam/image_proc http://itachi-HP-Pavilion-Laptop-15-cc1xx:39115/
[rosmaster.master][INFO] 2019-12-27 22:43:05,075: +PUB [/usb_cam/image_color/compressedDepth/parameter_updates] /usb_cam/image_proc http://itachi-HP-Pavilion-Laptop-15-cc1xx:39115/
[rosmaster.master][INFO] 2019-12-27 22:43:05,079: +PARAM [/usb_cam/image_color/compressedDepth/depth_max] by /usb_cam/image_proc
[rosmaster.master][INFO] 2019-12-27 22:43:05,080: +PARAM [/usb_cam/image_color/compressedDepth/depth_quantization] by /usb_cam/image_proc
[rosmaster.master][INFO] 2019-12-27 22:43:05,081: +PARAM [/usb_cam/image_color/compressedDepth/png_level] by /usb_cam/image_proc
[rosmaster.master][INFO] 2019-12-27 22:43:05,082: +PARAM [/usb_cam/image_color/compressedDepth/depth_max] by /usb_cam/image_proc
[rosmaster.master][INFO] 2019-12-27 22:43:05,082: publisherUpdate[/usb_cam/camera_info] -> http://itachi-HP-Pavilion-Laptop-15-cc1xx:34151/ ['http://itachi-HP-Pavilion-Laptop-15-cc1xx:39795/']
[rosmaster.master][INFO] 2019-12-27 22:43:05,083: publisherUpdate[/usb_cam/camera_info] -> http://itachi-HP-Pavilion-Laptop-15-cc1xx:34151/ ['http://itachi-HP-Pavilion-Laptop-15-cc1xx:39795/']: sec=0.00, result=[1, '', 0]
[rosmaster.master][INFO] 2019-12-27 22:43:05,084: +PARAM [/usb_cam/image_color/compressedDepth/depth_quantization] by /usb_cam/image_proc
[rosmaster.master][INFO] 2019-12-27 22:43:05,085: +PARAM [/usb_cam/image_color/compressedDepth/png_level] by /usb_cam/image_proc
[rosmaster.master][INFO] 2019-12-27 22:43:05,087: +PUB [/usb_cam/image_color/compressed] /usb_cam/image_proc http://itachi-HP-Pavilion-Laptop-15-cc1xx:39115/
[rosmaster.master][INFO] 2019-12-27 22:43:05,089: +SERVICE [/usb_cam/image_color/compressed/set_parameters] /usb_cam/image_proc http://itachi-HP-Pavilion-Laptop-15-cc1xx:39115/
[rosmaster.master][INFO] 2019-12-27 22:43:05,089: +SERVICE [/usb_cam/set_camera_info] /usb_cam http://itachi-HP-Pavilion-Laptop-15-cc1xx:39795/
[rosmaster.master][INFO] 2019-12-27 22:43:05,090: +PUB [/usb_cam/image_color/compressed/parameter_descriptions] /usb_cam/image_proc http://itachi-HP-Pavilion-Laptop-15-cc1xx:39115/
[rosmaster.master][INFO] 2019-12-27 22:43:05,091: +SERVICE [/usb_cam/start_capture] /usb_cam http://itachi-HP-Pavilion-Laptop-15-cc1xx:39795/
[rosmaster.master][INFO] 2019-12-27 22:43:05,091: +PUB [/usb_cam/image_color/compressed/parameter_updates] /usb_cam/image_proc http://itachi-HP-Pavilion-Laptop-15-cc1xx:39115/
[rosmaster.master][INFO] 2019-12-27 22:43:05,092: +SERVICE [/usb_cam/stop_capture] /usb_cam http://itachi-HP-Pavilion-Laptop-15-cc1xx:39795/
[rosmaster.master][INFO] 2019-12-27 22:43:05,101: +PARAM [/usb_cam/image_color/compressed/format] by /usb_cam/image_proc
[rosmaster.master][INFO] 2019-12-27 22:43:05,102: +PARAM [/usb_cam/image_color/compressed/jpeg_quality] by /usb_cam/image_proc
[rosmaster.master][INFO] 2019-12-27 22:43:05,103: +PARAM [/usb_cam/image_color/compressed/png_level] by /usb_cam/image_proc
[rosmaster.master][INFO] 2019-12-27 22:43:05,104: +PARAM [/usb_cam/image_color/compressed/format] by /usb_cam/image_proc
[rosmaster.master][INFO] 2019-12-27 22:43:05,105: +PARAM [/usb_cam/image_color/compressed/jpeg_quality] by /usb_cam/image_proc
[rosmaster.master][INFO] 2019-12-27 22:43:05,106: +PARAM [/usb_cam/image_color/compressed/png_level] by /usb_cam/image_proc
[rosmaster.master][INFO] 2019-12-27 22:43:05,107: +PUB [/usb_cam/image_color] /usb_cam/image_proc http://itachi-HP-Pavilion-Laptop-15-cc1xx:39115/
[rosmaster.master][INFO] 2019-12-27 22:43:05,111: +PUB [/usb_cam/image_color/theora] /usb_cam/image_proc http://itachi-HP-Pavilion-Laptop-15-cc1xx:39115/
[rosmaster.master][INFO] 2019-12-27 22:43:05,112: +SERVICE [/usb_cam/image_color/theora/set_parameters] /usb_cam/image_proc http://itachi-HP-Pavilion-Laptop-15-cc1xx:39115/
[rosmaster.master][INFO] 2019-12-27 22:43:05,113: +PUB [/usb_cam/image_color/theora/parameter_descriptions] /usb_cam/image_proc http://itachi-HP-Pavilion-Laptop-15-cc1xx:39115/
[rosmaster.master][INFO] 2019-12-27 22:43:05,114: +PUB [/usb_cam/image_color/theora/parameter_updates] /usb_cam/image_proc http://itachi-HP-Pavilion-Laptop-15-cc1xx:39115/
[rosmaster.master][INFO] 2019-12-27 22:43:05,117: +PARAM [/usb_cam/image_color/theora/optimize_for] by /usb_cam/image_proc
[rosmaster.master][INFO] 2019-12-27 22:43:05,118: +PARAM [/usb_cam/image_color/theora/target_bitrate] by /usb_cam/image_proc
[rosmaster.master][INFO] 2019-12-27 22:43:05,118: +PARAM [/usb_cam/image_color/theora/quality] by /usb_cam/image_proc
[rosmaster.master][INFO] 2019-12-27 22:43:05,119: +PARAM [/usb_cam/image_color/theora/keyframe_frequency] by /usb_cam/image_proc
[rosmaster.master][INFO] 2019-12-27 22:43:05,120: +PARAM [/usb_cam/image_color/theora/optimize_for] by /usb_cam/image_proc
[rosmaster.master][INFO] 2019-12-27 22:43:05,121: +PARAM [/usb_cam/image_color/theora/target_bitrate] by /usb_cam/image_proc
[rosmaster.master][INFO] 2019-12-27 22:43:05,122: +PARAM [/usb_cam/image_color/theora/quality] by /usb_cam/image_proc
[rosmaster.master][INFO] 2019-12-27 22:43:05,122: +PARAM [/usb_cam/image_color/theora/keyframe_frequency] by /usb_cam/image_proc
[rosmaster.master][INFO] 2019-12-27 22:43:05,127: +SERVICE [/usb_cam/image_proc_rectify_mono/set_parameters] /usb_cam/image_proc http://itachi-HP-Pavilion-Laptop-15-cc1xx:39115/
[rosmaster.master][INFO] 2019-12-27 22:43:05,128: +PUB [/usb_cam/image_proc_rectify_mono/parameter_descriptions] /usb_cam/image_proc http://itachi-HP-Pavilion-Laptop-15-cc1xx:39115/
[rosmaster.master][INFO] 2019-12-27 22:43:05,128: +PUB [/usb_cam/image_proc_rectify_mono/parameter_updates] /usb_cam/image_proc http://itachi-HP-Pavilion-Laptop-15-cc1xx:39115/
[rosmaster.master][INFO] 2019-12-27 22:43:05,130: +PARAM [/usb_cam/image_proc_rectify_mono/interpolation] by /usb_cam/image_proc
[rosmaster.master][INFO] 2019-12-27 22:43:05,130: +PARAM [/usb_cam/image_proc_rectify_mono/interpolation] by /usb_cam/image_proc
[rosmaster.master][INFO] 2019-12-27 22:43:05,131: +PUB [/usb_cam/image_rect/compressedDepth] /usb_cam/image_proc http://itachi-HP-Pavilion-Laptop-15-cc1xx:39115/
[rosmaster.master][INFO] 2019-12-27 22:43:05,132: +SERVICE [/usb_cam/image_rect/compressedDepth/set_parameters] /usb_cam/image_proc http://itachi-HP-Pavilion-Laptop-15-cc1xx:39115/
[rosmaster.master][INFO] 2019-12-27 22:43:05,132: +PUB [/usb_cam/image_rect/compressedDepth/parameter_descriptions] /usb_cam/image_proc http://itachi-HP-Pavilion-Laptop-15-cc1xx:39115/
[rosmaster.master][INFO] 2019-12-27 22:43:05,133: +PUB [/usb_cam/image_rect/compressedDepth/parameter_updates] /usb_cam/image_proc http://itachi-HP-Pavilion-Laptop-15-cc1xx:39115/
[rosmaster.master][INFO] 2019-12-27 22:43:05,135: +PARAM [/usb_cam/image_rect/compressedDepth/depth_max] by /usb_cam/image_proc
[rosmaster.master][INFO] 2019-12-27 22:43:05,135: +PARAM [/usb_cam/image_rect/compressedDepth/depth_quantization] by /usb_cam/image_proc
[rosmaster.master][INFO] 2019-12-27 22:43:05,136: +PARAM [/usb_cam/image_rect/compressedDepth/png_level] by /usb_cam/image_proc
[rosmaster.master][INFO] 2019-12-27 22:43:05,136: +PARAM [/usb_cam/image_rect/compressedDepth/depth_max] by /usb_cam/image_proc
[rosmaster.master][INFO] 2019-12-27 22:43:05,137: +PARAM [/usb_cam/image_rect/compressedDepth/depth_quantization] by /usb_cam/image_proc
[rosmaster.master][INFO] 2019-12-27 22:43:05,137: +PARAM [/usb_cam/image_rect/compressedDepth/png_level] by /usb_cam/image_proc
[rosmaster.master][INFO] 2019-12-27 22:43:05,138: +PUB [/usb_cam/image_rect/compressed] /usb_cam/image_proc http://itachi-HP-Pavilion-Laptop-15-cc1xx:39115/
[rosmaster.master][INFO] 2019-12-27 22:43:05,138: +SERVICE [/usb_cam/image_rect/compressed/set_parameters] /usb_cam/image_proc http://itachi-HP-Pavilion-Laptop-15-cc1xx:39115/
[rosmaster.master][INFO] 2019-12-27 22:43:05,139: +PUB [/usb_cam/image_rect/compressed/parameter_descriptions] /usb_cam/image_proc http://itachi-HP-Pavilion-Laptop-15-cc1xx:39115/
[rosmaster.master][INFO] 2019-12-27 22:43:05,140: +PUB [/usb_cam/image_rect/compressed/parameter_updates] /usb_cam/image_proc http://itachi-HP-Pavilion-Laptop-15-cc1xx:39115/
[rosmaster.master][INFO] 2019-12-27 22:43:05,145: +PARAM [/usb_cam/image_rect/compressed/format] by /usb_cam/image_proc
[rosmaster.master][INFO] 2019-12-27 22:43:05,146: +PARAM [/usb_cam/image_rect/compressed/jpeg_quality] by /usb_cam/image_proc
[rosmaster.master][INFO] 2019-12-27 22:43:05,148: +PARAM [/usb_cam/image_rect/compressed/png_level] by /usb_cam/image_proc
[rosmaster.master][INFO] 2019-12-27 22:43:05,149: +PARAM [/usb_cam/image_rect/compressed/format] by /usb_cam/image_proc
[rosmaster.master][INFO] 2019-12-27 22:43:05,149: +SUB [/whycon/image_out] /whycon_display/image_view http://itachi-HP-Pavilion-Laptop-15-cc1xx:42373/
[rosmaster.master][INFO] 2019-12-27 22:43:05,150: +PARAM [/usb_cam/image_rect/compressed/jpeg_quality] by /usb_cam/image_proc
[rosmaster.master][INFO] 2019-12-27 22:43:05,151: +PUB [/whycon_display/image_view/output] /whycon_display/image_view http://itachi-HP-Pavilion-Laptop-15-cc1xx:42373/
[rosmaster.master][INFO] 2019-12-27 22:43:05,151: +PARAM [/usb_cam/image_rect/compressed/png_level] by /usb_cam/image_proc
[rosmaster.master][INFO] 2019-12-27 22:43:05,152: +SERVICE [/whycon_display/image_view/set_parameters] /whycon_display/image_view http://itachi-HP-Pavilion-Laptop-15-cc1xx:42373/
[rosmaster.master][INFO] 2019-12-27 22:43:05,152: +PUB [/usb_cam/image_rect] /usb_cam/image_proc http://itachi-HP-Pavilion-Laptop-15-cc1xx:39115/
[rosmaster.master][INFO] 2019-12-27 22:43:05,153: +PUB [/whycon_display/image_view/parameter_descriptions] /whycon_display/image_view http://itachi-HP-Pavilion-Laptop-15-cc1xx:42373/
[rosmaster.master][INFO] 2019-12-27 22:43:05,154: +PUB [/usb_cam/image_rect/theora] /usb_cam/image_proc http://itachi-HP-Pavilion-Laptop-15-cc1xx:39115/
[rosmaster.master][INFO] 2019-12-27 22:43:05,154: +PUB [/whycon_display/image_view/parameter_updates] /whycon_display/image_view http://itachi-HP-Pavilion-Laptop-15-cc1xx:42373/
[rosmaster.master][INFO] 2019-12-27 22:43:05,155: +SERVICE [/usb_cam/image_rect/theora/set_parameters] /usb_cam/image_proc http://itachi-HP-Pavilion-Laptop-15-cc1xx:39115/
[rosmaster.master][INFO] 2019-12-27 22:43:05,157: +PUB [/usb_cam/image_rect/theora/parameter_descriptions] /usb_cam/image_proc http://itachi-HP-Pavilion-Laptop-15-cc1xx:39115/
[rosmaster.master][INFO] 2019-12-27 22:43:05,160: +PUB [/usb_cam/image_rect/theora/parameter_updates] /usb_cam/image_proc http://itachi-HP-Pavilion-Laptop-15-cc1xx:39115/
[rosmaster.master][INFO] 2019-12-27 22:43:05,161: +PARAM [/whycon_display/image_view/do_dynamic_scaling] by /whycon_display/image_view
[rosmaster.master][INFO] 2019-12-27 22:43:05,163: +PARAM [/whycon_display/image_view/colormap] by /whycon_display/image_view
[rosmaster.master][INFO] 2019-12-27 22:43:05,164: +PARAM [/whycon_display/image_view/min_image_value] by /whycon_display/image_view
[rosmaster.master][INFO] 2019-12-27 22:43:05,165: +PARAM [/whycon_display/image_view/max_image_value] by /whycon_display/image_view
[rosmaster.master][INFO] 2019-12-27 22:43:05,166: +PARAM [/usb_cam/image_rect/theora/optimize_for] by /usb_cam/image_proc
[rosmaster.master][INFO] 2019-12-27 22:43:05,166: +PARAM [/whycon_display/image_view/do_dynamic_scaling] by /whycon_display/image_view
[rosmaster.master][INFO] 2019-12-27 22:43:05,167: +PARAM [/usb_cam/image_rect/theora/target_bitrate] by /usb_cam/image_proc
[rosmaster.master][INFO] 2019-12-27 22:43:05,168: +PARAM [/whycon_display/image_view/colormap] by /whycon_display/image_view
[rosmaster.master][INFO] 2019-12-27 22:43:05,168: +PARAM [/usb_cam/image_rect/theora/quality] by /usb_cam/image_proc
[rosmaster.master][INFO] 2019-12-27 22:43:05,169: +PARAM [/whycon_display/image_view/min_image_value] by /whycon_display/image_view
[rosmaster.master][INFO] 2019-12-27 22:43:05,170: +PARAM [/usb_cam/image_rect/theora/keyframe_frequency] by /usb_cam/image_proc
[rosmaster.master][INFO] 2019-12-27 22:43:05,170: +PARAM [/whycon_display/image_view/max_image_value] by /whycon_display/image_view
[rosmaster.master][INFO] 2019-12-27 22:43:05,171: +PARAM [/usb_cam/image_rect/theora/optimize_for] by /usb_cam/image_proc
[rosmaster.master][INFO] 2019-12-27 22:43:05,172: +PARAM [/usb_cam/image_rect/theora/target_bitrate] by /usb_cam/image_proc
[rosmaster.master][INFO] 2019-12-27 22:43:05,173: +PARAM [/usb_cam/image_rect/theora/quality] by /usb_cam/image_proc
[rosmaster.master][INFO] 2019-12-27 22:43:05,174: +PARAM [/usb_cam/image_rect/theora/keyframe_frequency] by /usb_cam/image_proc
[rosmaster.master][INFO] 2019-12-27 22:43:05,177: +SERVICE [/usb_cam/image_proc_rectify_color/set_parameters] /usb_cam/image_proc http://itachi-HP-Pavilion-Laptop-15-cc1xx:39115/
[rosmaster.master][INFO] 2019-12-27 22:43:05,177: +PUB [/usb_cam/image_proc_rectify_color/parameter_descriptions] /usb_cam/image_proc http://itachi-HP-Pavilion-Laptop-15-cc1xx:39115/
[rosmaster.master][INFO] 2019-12-27 22:43:05,178: +PUB [/usb_cam/image_proc_rectify_color/parameter_updates] /usb_cam/image_proc http://itachi-HP-Pavilion-Laptop-15-cc1xx:39115/
[rosmaster.master][INFO] 2019-12-27 22:43:05,179: +PARAM [/usb_cam/image_proc_rectify_color/interpolation] by /usb_cam/image_proc
[rosmaster.master][INFO] 2019-12-27 22:43:05,180: +PARAM [/usb_cam/image_proc_rectify_color/interpolation] by /usb_cam/image_proc
[rosmaster.master][INFO] 2019-12-27 22:43:05,181: +PUB [/usb_cam/image_rect_color/compressedDepth] /usb_cam/image_proc http://itachi-HP-Pavilion-Laptop-15-cc1xx:39115/
[rosmaster.master][INFO] 2019-12-27 22:43:05,181: +SERVICE [/usb_cam/image_rect_color/compressedDepth/set_parameters] /usb_cam/image_proc http://itachi-HP-Pavilion-Laptop-15-cc1xx:39115/
[rosmaster.master][INFO] 2019-12-27 22:43:05,182: +PUB [/usb_cam/image_rect_color/compressedDepth/parameter_descriptions] /usb_cam/image_proc http://itachi-HP-Pavilion-Laptop-15-cc1xx:39115/
[rosmaster.master][INFO] 2019-12-27 22:43:05,182: +PUB [/usb_cam/image_rect_color/compressedDepth/parameter_updates] /usb_cam/image_proc http://itachi-HP-Pavilion-Laptop-15-cc1xx:39115/
[rosmaster.master][INFO] 2019-12-27 22:43:05,184: +PARAM [/usb_cam/image_rect_color/compressedDepth/depth_max] by /usb_cam/image_proc
[rosmaster.master][INFO] 2019-12-27 22:43:05,185: +PARAM [/usb_cam/image_rect_color/compressedDepth/depth_quantization] by /usb_cam/image_proc
[rosmaster.master][INFO] 2019-12-27 22:43:05,185: +PARAM [/usb_cam/image_rect_color/compressedDepth/png_level] by /usb_cam/image_proc
[rosmaster.master][INFO] 2019-12-27 22:43:05,186: +PARAM [/usb_cam/image_rect_color/compressedDepth/depth_max] by /usb_cam/image_proc
[rosmaster.master][INFO] 2019-12-27 22:43:05,187: +PARAM [/usb_cam/image_rect_color/compressedDepth/depth_quantization] by /usb_cam/image_proc
[rosmaster.master][INFO] 2019-12-27 22:43:05,187: +PARAM [/usb_cam/image_rect_color/compressedDepth/png_level] by /usb_cam/image_proc
[rosmaster.master][INFO] 2019-12-27 22:43:05,188: +PUB [/usb_cam/image_rect_color/compressed] /usb_cam/image_proc http://itachi-HP-Pavilion-Laptop-15-cc1xx:39115/
[rosmaster.master][INFO] 2019-12-27 22:43:05,189: +SERVICE [/usb_cam/image_rect_color/compressed/set_parameters] /usb_cam/image_proc http://itachi-HP-Pavilion-Laptop-15-cc1xx:39115/
[rosmaster.master][INFO] 2019-12-27 22:43:05,190: +PUB [/usb_cam/image_rect_color/compressed/parameter_descriptions] /usb_cam/image_proc http://itachi-HP-Pavilion-Laptop-15-cc1xx:39115/
[rosmaster.master][INFO] 2019-12-27 22:43:05,191: +PUB [/usb_cam/image_rect_color/compressed/parameter_updates] /usb_cam/image_proc http://itachi-HP-Pavilion-Laptop-15-cc1xx:39115/
[rosmaster.master][INFO] 2019-12-27 22:43:05,193: +PARAM [/usb_cam/image_rect_color/compressed/format] by /usb_cam/image_proc
[rosmaster.master][INFO] 2019-12-27 22:43:05,194: +PARAM [/usb_cam/image_rect_color/compressed/jpeg_quality] by /usb_cam/image_proc
[rosmaster.master][INFO] 2019-12-27 22:43:05,194: +PARAM [/usb_cam/image_rect_color/compressed/png_level] by /usb_cam/image_proc
[rosmaster.master][INFO] 2019-12-27 22:43:05,195: +PARAM [/usb_cam/image_rect_color/compressed/format] by /usb_cam/image_proc
[rosmaster.master][INFO] 2019-12-27 22:43:05,196: +PARAM [/usb_cam/image_rect_color/compressed/jpeg_quality] by /usb_cam/image_proc
[rosmaster.master][INFO] 2019-12-27 22:43:05,196: +PARAM [/usb_cam/image_rect_color/compressed/png_level] by /usb_cam/image_proc
[rosmaster.master][INFO] 2019-12-27 22:43:05,197: +PUB [/usb_cam/image_rect_color] /usb_cam/image_proc http://itachi-HP-Pavilion-Laptop-15-cc1xx:39115/
[rosmaster.master][INFO] 2019-12-27 22:43:05,198: +PUB [/usb_cam/image_rect_color/theora] /usb_cam/image_proc http://itachi-HP-Pavilion-Laptop-15-cc1xx:39115/
[rosmaster.master][INFO] 2019-12-27 22:43:05,198: +SERVICE [/usb_cam/image_rect_color/theora/set_parameters] /usb_cam/image_proc http://itachi-HP-Pavilion-Laptop-15-cc1xx:39115/
[rosmaster.master][INFO] 2019-12-27 22:43:05,199: +PUB [/usb_cam/image_rect_color/theora/parameter_descriptions] /usb_cam/image_proc http://itachi-HP-Pavilion-Laptop-15-cc1xx:39115/
[rosmaster.master][INFO] 2019-12-27 22:43:05,199: +PUB [/usb_cam/image_rect_color/theora/parameter_updates] /usb_cam/image_proc http://itachi-HP-Pavilion-Laptop-15-cc1xx:39115/
[rosmaster.master][INFO] 2019-12-27 22:43:05,202: +PARAM [/usb_cam/image_rect_color/theora/optimize_for] by /usb_cam/image_proc
[rosmaster.master][INFO] 2019-12-27 22:43:05,202: +PARAM [/usb_cam/image_rect_color/theora/target_bitrate] by /usb_cam/image_proc
[rosmaster.master][INFO] 2019-12-27 22:43:05,203: +PARAM [/usb_cam/image_rect_color/theora/quality] by /usb_cam/image_proc
[rosmaster.master][INFO] 2019-12-27 22:43:05,203: +PARAM [/usb_cam/image_rect_color/theora/keyframe_frequency] by /usb_cam/image_proc
[rosmaster.master][INFO] 2019-12-27 22:43:05,204: +PARAM [/usb_cam/image_rect_color/theora/optimize_for] by /usb_cam/image_proc
[rosmaster.master][INFO] 2019-12-27 22:43:05,205: +PARAM [/usb_cam/image_rect_color/theora/target_bitrate] by /usb_cam/image_proc
[rosmaster.master][INFO] 2019-12-27 22:43:05,205: +PARAM [/usb_cam/image_rect_color/theora/quality] by /usb_cam/image_proc
[rosmaster.master][INFO] 2019-12-27 22:43:05,206: +PARAM [/usb_cam/image_rect_color/theora/keyframe_frequency] by /usb_cam/image_proc
[rosmaster.master][INFO] 2019-12-27 22:43:05,283: publisherUpdate[/usb_cam/image_rect_color] -> http://itachi-HP-Pavilion-Laptop-15-cc1xx:34151/ ['http://itachi-HP-Pavilion-Laptop-15-cc1xx:39115/']
[rosmaster.master][INFO] 2019-12-27 22:43:05,285: publisherUpdate[/usb_cam/image_rect_color] -> http://itachi-HP-Pavilion-Laptop-15-cc1xx:34151/ ['http://itachi-HP-Pavilion-Laptop-15-cc1xx:39115/']: sec=0.00, result=[1, '', 0]
[rosmaster.master][INFO] 2019-12-27 22:43:05,400: +SUB [/usb_cam/image_color] /usb_cam/image_proc http://itachi-HP-Pavilion-Laptop-15-cc1xx:39115/
[rosmaster.master][INFO] 2019-12-27 22:43:05,405: +SUB [/usb_cam/camera_info] /usb_cam/image_proc http://itachi-HP-Pavilion-Laptop-15-cc1xx:39115/
[rosmaster.master][INFO] 2019-12-27 22:43:05,410: +SUB [/usb_cam/image_raw] /usb_cam/image_proc http://itachi-HP-Pavilion-Laptop-15-cc1xx:39115/
[rosmaster.master][INFO] 2019-12-27 22:43:07,639: +PUB [/rosout] /DroneNode http://itachi-HP-Pavilion-Laptop-15-cc1xx:39755/
[rosmaster.master][INFO] 2019-12-27 22:43:07,640: +SERVICE [/DroneNode/get_loggers] /DroneNode http://itachi-HP-Pavilion-Laptop-15-cc1xx:39755/
[rosmaster.master][INFO] 2019-12-27 22:43:07,641: +SERVICE [/DroneNode/set_logger_level] /DroneNode http://itachi-HP-Pavilion-Laptop-15-cc1xx:39755/
[rosmaster.master][INFO] 2019-12-27 22:43:07,649: +SUB [/drone_command] /DroneNode http://itachi-HP-Pavilion-Laptop-15-cc1xx:39755/
[rosmaster.master][INFO] 2019-12-27 22:43:07,690: publisherUpdate[/rosout] -> http://itachi-HP-Pavilion-Laptop-15-cc1xx:40605/ ['http://itachi-HP-Pavilion-Laptop-15-cc1xx:39795/', 'http://itachi-HP-Pavilion-Laptop-15-cc1xx:39115/', 'http://itachi-HP-Pavilion-Laptop-15-cc1xx:34151/', 'http://itachi-HP-Pavilion-Laptop-15-cc1xx:42373/', 'http://itachi-HP-Pavilion-Laptop-15-cc1xx:39755/']
[rosmaster.master][INFO] 2019-12-27 22:43:07,692: publisherUpdate[/rosout] -> http://itachi-HP-Pavilion-Laptop-15-cc1xx:40605/ ['http://itachi-HP-Pavilion-Laptop-15-cc1xx:39795/', 'http://itachi-HP-Pavilion-Laptop-15-cc1xx:39115/', 'http://itachi-HP-Pavilion-Laptop-15-cc1xx:34151/', 'http://itachi-HP-Pavilion-Laptop-15-cc1xx:42373/', 'http://itachi-HP-Pavilion-Laptop-15-cc1xx:39755/']: sec=0.00, result=[1, '', 0]
[rosmaster.master][INFO] 2019-12-27 22:43:10,937: +PUB [/rosout] /drone_control http://itachi-HP-Pavilion-Laptop-15-cc1xx:39681/
[rosmaster.master][INFO] 2019-12-27 22:43:10,940: +SERVICE [/drone_control/get_loggers] /drone_control http://itachi-HP-Pavilion-Laptop-15-cc1xx:39681/
[rosmaster.master][INFO] 2019-12-27 22:43:10,942: +SERVICE [/drone_control/set_logger_level] /drone_control http://itachi-HP-Pavilion-Laptop-15-cc1xx:39681/
[rosmaster.master][INFO] 2019-12-27 22:43:10,945: +PUB [/drone_command] /drone_control http://itachi-HP-Pavilion-Laptop-15-cc1xx:39681/
[rosmaster.master][INFO] 2019-12-27 22:43:10,946: +PUB [/alt_error] /drone_control http://itachi-HP-Pavilion-Laptop-15-cc1xx:39681/
[rosmaster.master][INFO] 2019-12-27 22:43:10,947: +PUB [/pitch_error] /drone_control http://itachi-HP-Pavilion-Laptop-15-cc1xx:39681/
[rosmaster.master][INFO] 2019-12-27 22:43:10,948: +PUB [/roll_error] /drone_control http://itachi-HP-Pavilion-Laptop-15-cc1xx:39681/
[rosmaster.master][INFO] 2019-12-27 22:43:10,951: +PUB [/error_sample] /drone_control http://itachi-HP-Pavilion-Laptop-15-cc1xx:39681/
[rosmaster.master][INFO] 2019-12-27 22:43:10,953: +PUB [/error_sample1] /drone_control http://itachi-HP-Pavilion-Laptop-15-cc1xx:39681/
[rosmaster.master][INFO] 2019-12-27 22:43:10,955: +PUB [/error_sample2] /drone_control http://itachi-HP-Pavilion-Laptop-15-cc1xx:39681/
[rosmaster.master][INFO] 2019-12-27 22:43:10,957: +PUB [/error_sample3] /drone_control http://itachi-HP-Pavilion-Laptop-15-cc1xx:39681/
[rosmaster.master][INFO] 2019-12-27 22:43:10,963: +SUB [/whycon/poses] /drone_control http://itachi-HP-Pavilion-Laptop-15-cc1xx:39681/
[rosmaster.master][INFO] 2019-12-27 22:43:10,966: +SUB [/pid_tuning_altitude] /drone_control http://itachi-HP-Pavilion-Laptop-15-cc1xx:39681/
[rosmaster.master][INFO] 2019-12-27 22:43:10,973: +SUB [/pid_tuning_pitch] /drone_control http://itachi-HP-Pavilion-Laptop-15-cc1xx:39681/
[rosmaster.master][INFO] 2019-12-27 22:43:10,980: +SUB [/pid_tuning_roll] /drone_control http://itachi-HP-Pavilion-Laptop-15-cc1xx:39681/
[rosmaster.master][INFO] 2019-12-27 22:43:10,996: publisherUpdate[/rosout] -> http://itachi-HP-Pavilion-Laptop-15-cc1xx:40605/ ['http://itachi-HP-Pavilion-Laptop-15-cc1xx:39795/', 'http://itachi-HP-Pavilion-Laptop-15-cc1xx:39115/', 'http://itachi-HP-Pavilion-Laptop-15-cc1xx:34151/', 'http://itachi-HP-Pavilion-Laptop-15-cc1xx:42373/', 'http://itachi-HP-Pavilion-Laptop-15-cc1xx:39755/', 'http://itachi-HP-Pavilion-Laptop-15-cc1xx:39681/']
[rosmaster.master][INFO] 2019-12-27 22:43:10,997: publisherUpdate[/rosout] -> http://itachi-HP-Pavilion-Laptop-15-cc1xx:40605/ ['http://itachi-HP-Pavilion-Laptop-15-cc1xx:39795/', 'http://itachi-HP-Pavilion-Laptop-15-cc1xx:39115/', 'http://itachi-HP-Pavilion-Laptop-15-cc1xx:34151/', 'http://itachi-HP-Pavilion-Laptop-15-cc1xx:42373/', 'http://itachi-HP-Pavilion-Laptop-15-cc1xx:39755/', 'http://itachi-HP-Pavilion-Laptop-15-cc1xx:39681/']: sec=0.00, result=[1, '', 0]
[rosmaster.master][INFO] 2019-12-27 22:43:10,997: publisherUpdate[/drone_command] -> http://itachi-HP-Pavilion-Laptop-15-cc1xx:39755/ ['http://itachi-HP-Pavilion-Laptop-15-cc1xx:39681/']
[rosmaster.master][INFO] 2019-12-27 22:43:10,998: publisherUpdate[/drone_command] -> http://itachi-HP-Pavilion-Laptop-15-cc1xx:39755/ ['http://itachi-HP-Pavilion-Laptop-15-cc1xx:39681/']: sec=0.00, result=[1, '', 0]
[rosmaster.master][INFO] 2019-12-27 22:46:19,643: -SUB [/pid_tuning_pitch] /drone_control http://itachi-HP-Pavilion-Laptop-15-cc1xx:39681/
[rosmaster.master][INFO] 2019-12-27 22:46:19,643: -SUB [/pid_tuning_roll] /drone_control http://itachi-HP-Pavilion-Laptop-15-cc1xx:39681/
[rosmaster.master][INFO] 2019-12-27 22:46:19,643: -SUB [/whycon/poses] /drone_control http://itachi-HP-Pavilion-Laptop-15-cc1xx:39681/
[rosmaster.master][INFO] 2019-12-27 22:46:19,643: -SUB [/pid_tuning_altitude] /drone_control http://itachi-HP-Pavilion-Laptop-15-cc1xx:39681/
[rosmaster.master][INFO] 2019-12-27 22:46:19,644: -PUB [/pitch_error] /drone_control http://itachi-HP-Pavilion-Laptop-15-cc1xx:39681/
[rosmaster.master][INFO] 2019-12-27 22:46:19,644: -PUB [/rosout] /drone_control http://itachi-HP-Pavilion-Laptop-15-cc1xx:39681/
[rosmaster.master][INFO] 2019-12-27 22:46:19,644: -PUB [/alt_error] /drone_control http://itachi-HP-Pavilion-Laptop-15-cc1xx:39681/
[rosmaster.master][INFO] 2019-12-27 22:46:19,644: -PUB [/drone_command] /drone_control http://itachi-HP-Pavilion-Laptop-15-cc1xx:39681/
[rosmaster.master][INFO] 2019-12-27 22:46:19,644: -PUB [/error_sample2] /drone_control http://itachi-HP-Pavilion-Laptop-15-cc1xx:39681/
[rosmaster.master][INFO] 2019-12-27 22:46:19,645: -PUB [/error_sample] /drone_control http://itachi-HP-Pavilion-Laptop-15-cc1xx:39681/
[rosmaster.master][INFO] 2019-12-27 22:46:19,645: -PUB [/error_sample1] /drone_control http://itachi-HP-Pavilion-Laptop-15-cc1xx:39681/
[rosmaster.master][INFO] 2019-12-27 22:46:19,645: -PUB [/roll_error] /drone_control http://itachi-HP-Pavilion-Laptop-15-cc1xx:39681/
[rosmaster.master][INFO] 2019-12-27 22:46:19,645: -PUB [/error_sample3] /drone_control http://itachi-HP-Pavilion-Laptop-15-cc1xx:39681/
[rosmaster.master][INFO] 2019-12-27 22:46:19,646: -SERVICE [/drone_control/get_loggers] /drone_control rosrpc://itachi-HP-Pavilion-Laptop-15-cc1xx:41955
[rosmaster.master][INFO] 2019-12-27 22:46:19,646: -SERVICE [/drone_control/set_logger_level] /drone_control rosrpc://itachi-HP-Pavilion-Laptop-15-cc1xx:41955
[rosmaster.master][INFO] 2019-12-27 22:46:19,705: publisherUpdate[/rosout] -> http://itachi-HP-Pavilion-Laptop-15-cc1xx:40605/ ['http://itachi-HP-Pavilion-Laptop-15-cc1xx:39795/', 'http://itachi-HP-Pavilion-Laptop-15-cc1xx:39115/', 'http://itachi-HP-Pavilion-Laptop-15-cc1xx:34151/', 'http://itachi-HP-Pavilion-Laptop-15-cc1xx:42373/', 'http://itachi-HP-Pavilion-Laptop-15-cc1xx:39755/']
[rosmaster.master][INFO] 2019-12-27 22:46:19,708: publisherUpdate[/rosout] -> http://itachi-HP-Pavilion-Laptop-15-cc1xx:40605/ ['http://itachi-HP-Pavilion-Laptop-15-cc1xx:39795/', 'http://itachi-HP-Pavilion-Laptop-15-cc1xx:39115/', 'http://itachi-HP-Pavilion-Laptop-15-cc1xx:34151/', 'http://itachi-HP-Pavilion-Laptop-15-cc1xx:42373/', 'http://itachi-HP-Pavilion-Laptop-15-cc1xx:39755/']: sec=0.00, result=[1, '', 0]
[rosmaster.master][INFO] 2019-12-27 22:46:19,709: publisherUpdate[/drone_command] -> http://itachi-HP-Pavilion-Laptop-15-cc1xx:39755/ []
[rosmaster.master][INFO] 2019-12-27 22:46:19,710: publisherUpdate[/drone_command] -> http://itachi-HP-Pavilion-Laptop-15-cc1xx:39755/ []: sec=0.00, result=[1, '', 0]
[rosmaster.master][INFO] 2019-12-27 22:46:21,213: -PUB [/rosout] /DroneNode http://itachi-HP-Pavilion-Laptop-15-cc1xx:39755/
[rosmaster.master][INFO] 2019-12-27 22:46:21,214: publisherUpdate[/rosout] -> http://itachi-HP-Pavilion-Laptop-15-cc1xx:40605/ ['http://itachi-HP-Pavilion-Laptop-15-cc1xx:39795/', 'http://itachi-HP-Pavilion-Laptop-15-cc1xx:39115/', 'http://itachi-HP-Pavilion-Laptop-15-cc1xx:34151/', 'http://itachi-HP-Pavilion-Laptop-15-cc1xx:42373/']
[rosmaster.master][INFO] 2019-12-27 22:46:21,215: publisherUpdate[/rosout] -> http://itachi-HP-Pavilion-Laptop-15-cc1xx:40605/ ['http://itachi-HP-Pavilion-Laptop-15-cc1xx:39795/', 'http://itachi-HP-Pavilion-Laptop-15-cc1xx:39115/', 'http://itachi-HP-Pavilion-Laptop-15-cc1xx:34151/', 'http://itachi-HP-Pavilion-Laptop-15-cc1xx:42373/']: sec=0.00, result=[1, '', 0]
[rosmaster.master][INFO] 2019-12-27 22:46:21,216: -SUB [/drone_command] /DroneNode http://itachi-HP-Pavilion-Laptop-15-cc1xx:39755/
[rosmaster.master][INFO] 2019-12-27 22:46:21,217: -SERVICE [/DroneNode/get_loggers] /DroneNode rosrpc://itachi-HP-Pavilion-Laptop-15-cc1xx:53597
[rosmaster.master][INFO] 2019-12-27 22:46:21,218: -SERVICE [/DroneNode/set_logger_level] /DroneNode rosrpc://itachi-HP-Pavilion-Laptop-15-cc1xx:53597
[rosmaster.master][INFO] 2019-12-27 22:46:22,984: +PUB [/rosout] /DroneNode http://itachi-HP-Pavilion-Laptop-15-cc1xx:33437/
[rosmaster.master][INFO] 2019-12-27 22:46:22,986: +SERVICE [/DroneNode/get_loggers] /DroneNode http://itachi-HP-Pavilion-Laptop-15-cc1xx:33437/
[rosmaster.master][INFO] 2019-12-27 22:46:22,989: +SERVICE [/DroneNode/set_logger_level] /DroneNode http://itachi-HP-Pavilion-Laptop-15-cc1xx:33437/
[rosmaster.master][INFO] 2019-12-27 22:46:22,997: +SUB [/drone_command] /DroneNode http://itachi-HP-Pavilion-Laptop-15-cc1xx:33437/
[rosmaster.master][INFO] 2019-12-27 22:46:23,016: publisherUpdate[/rosout] -> http://itachi-HP-Pavilion-Laptop-15-cc1xx:40605/ ['http://itachi-HP-Pavilion-Laptop-15-cc1xx:39795/', 'http://itachi-HP-Pavilion-Laptop-15-cc1xx:39115/', 'http://itachi-HP-Pavilion-Laptop-15-cc1xx:34151/', 'http://itachi-HP-Pavilion-Laptop-15-cc1xx:42373/', 'http://itachi-HP-Pavilion-Laptop-15-cc1xx:33437/']
[rosmaster.master][INFO] 2019-12-27 22:46:23,018: publisherUpdate[/rosout] -> http://itachi-HP-Pavilion-Laptop-15-cc1xx:40605/ ['http://itachi-HP-Pavilion-Laptop-15-cc1xx:39795/', 'http://itachi-HP-Pavilion-Laptop-15-cc1xx:39115/', 'http://itachi-HP-Pavilion-Laptop-15-cc1xx:34151/', 'http://itachi-HP-Pavilion-Laptop-15-cc1xx:42373/', 'http://itachi-HP-Pavilion-Laptop-15-cc1xx:33437/']: sec=0.00, result=[1, '', 0]
[rosmaster.master][INFO] 2019-12-27 22:46:37,750: -PUB [/rosout_agg] /rosout http://itachi-HP-Pavilion-Laptop-15-cc1xx:40605/
[rosmaster.master][INFO] 2019-12-27 22:46:37,752: -SUB [/rosout] /rosout http://itachi-HP-Pavilion-Laptop-15-cc1xx:40605/
[rosmaster.master][INFO] 2019-12-27 22:46:37,753: -SERVICE [/rosout/get_loggers] /rosout rosrpc://itachi-HP-Pavilion-Laptop-15-cc1xx:48915
[rosmaster.master][INFO] 2019-12-27 22:46:37,753: -SERVICE [/rosout/set_logger_level] /rosout rosrpc://itachi-HP-Pavilion-Laptop-15-cc1xx:48915
[rosmaster.main][INFO] 2019-12-27 22:46:37,774: keyboard interrupt, will exit
[rosmaster.main][INFO] 2019-12-27 22:46:37,775: stopping master...
[rospy.core][INFO] 2019-12-27 22:46:37,775: signal_shutdown [atexit]
