[rosmaster.main][INFO] 2019-12-27 22:51:17,167: initialization complete, waiting for shutdown
[rosmaster.main][INFO] 2019-12-27 22:51:17,167: Starting ROS Master Node
[xmlrpc][INFO] 2019-12-27 22:51:17,168: XML-RPC server binding to 0.0.0.0:11311
[xmlrpc][INFO] 2019-12-27 22:51:17,168: Started XML-RPC server [http://itachi-HP-Pavilion-Laptop-15-cc1xx:11311/]
[rosmaster.master][INFO] 2019-12-27 22:51:17,168: Master initialized: port[11311], uri[http://itachi-HP-Pavilion-Laptop-15-cc1xx:11311/]
[xmlrpc][INFO] 2019-12-27 22:51:17,168: xml rpc node: starting XML-RPC server
[rosmaster.master][INFO] 2019-12-27 22:51:17,214: +PARAM [/run_id] by /roslaunch
[rosmaster.master][INFO] 2019-12-27 22:51:17,215: +PARAM [/roslaunch/uris/host_itachi_hp_pavilion_laptop_15_cc1xx__36005] by /roslaunch
[rosmaster.master][INFO] 2019-12-27 22:51:17,288: +PARAM [/rosversion] by /roslaunch
[rosmaster.master][INFO] 2019-12-27 22:51:17,288: +PARAM [/rosdistro] by /roslaunch
[rosmaster.master][INFO] 2019-12-27 22:51:17,293: +SERVICE [/rosout/get_loggers] /rosout http://itachi-HP-Pavilion-Laptop-15-cc1xx:35221/
[rosmaster.master][INFO] 2019-12-27 22:51:17,294: +SERVICE [/rosout/set_logger_level] /rosout http://itachi-HP-Pavilion-Laptop-15-cc1xx:35221/
[rosmaster.master][INFO] 2019-12-27 22:51:17,295: +PUB [/rosout_agg] /rosout http://itachi-HP-Pavilion-Laptop-15-cc1xx:35221/
[rosmaster.master][INFO] 2019-12-27 22:51:17,298: +SUB [/rosout] /rosout http://itachi-HP-Pavilion-Laptop-15-cc1xx:35221/
[rosmaster.master][INFO] 2019-12-27 22:51:19,596: +PARAM [/roslaunch/uris/host_itachi_hp_pavilion_laptop_15_cc1xx__46731] by /roslaunch
[rosmaster.master][INFO] 2019-12-27 22:51:19,599: +PARAM [/usb_cam/image_width] by /roslaunch
[rosmaster.master][INFO] 2019-12-27 22:51:19,599: +PARAM [/usb_cam/video_device] by /roslaunch
[rosmaster.master][INFO] 2019-12-27 22:51:19,599: +PARAM [/rosdistro] by /roslaunch
[rosmaster.master][INFO] 2019-12-27 22:51:19,599: +PARAM [/whycon/targets] by /roslaunch
[rosmaster.master][INFO] 2019-12-27 22:51:19,599: +PARAM [/usb_cam/pixel_format] by /roslaunch
[rosmaster.master][INFO] 2019-12-27 22:51:19,599: +PARAM [/usb_cam/io_method] by /roslaunch
[rosmaster.master][INFO] 2019-12-27 22:51:19,599: +PARAM [/usb_cam/camera_frame_id] by /roslaunch
[rosmaster.master][INFO] 2019-12-27 22:51:19,599: +PARAM [/rosversion] by /roslaunch
[rosmaster.master][INFO] 2019-12-27 22:51:19,599: +PARAM [/whycon/outer_diameter] by /roslaunch
[rosmaster.master][INFO] 2019-12-27 22:51:19,599: +PARAM [/usb_cam/image_height] by /roslaunch
[rosmaster.master][INFO] 2019-12-27 22:51:19,600: +PARAM [/whycon/name] by /roslaunch
[rosmaster.master][INFO] 2019-12-27 22:51:19,600: +PARAM [/whycon/inner_diameter] by /roslaunch
[rosmaster.master][INFO] 2019-12-27 22:51:19,681: +PUB [/rosout] /usb_cam http://itachi-HP-Pavilion-Laptop-15-cc1xx:42673/
[rosmaster.master][INFO] 2019-12-27 22:51:19,682: +SERVICE [/usb_cam/get_loggers] /usb_cam http://itachi-HP-Pavilion-Laptop-15-cc1xx:42673/
[rosmaster.master][INFO] 2019-12-27 22:51:19,683: +SERVICE [/usb_cam/set_logger_level] /usb_cam http://itachi-HP-Pavilion-Laptop-15-cc1xx:42673/
[rosmaster.master][INFO] 2019-12-27 22:51:19,688: +PUB [/rosout] /usb_cam/image_proc http://itachi-HP-Pavilion-Laptop-15-cc1xx:38681/
[rosmaster.master][INFO] 2019-12-27 22:51:19,689: +SERVICE [/usb_cam/image_proc/get_loggers] /usb_cam/image_proc http://itachi-HP-Pavilion-Laptop-15-cc1xx:38681/
[rosmaster.master][INFO] 2019-12-27 22:51:19,690: +SERVICE [/usb_cam/image_proc/set_logger_level] /usb_cam/image_proc http://itachi-HP-Pavilion-Laptop-15-cc1xx:38681/
[rosmaster.master][INFO] 2019-12-27 22:51:19,701: +PUB [/rosout] /whycon http://itachi-HP-Pavilion-Laptop-15-cc1xx:39685/
[rosmaster.master][INFO] 2019-12-27 22:51:19,702: +SERVICE [/whycon/get_loggers] /whycon http://itachi-HP-Pavilion-Laptop-15-cc1xx:39685/
[rosmaster.master][INFO] 2019-12-27 22:51:19,703: +SERVICE [/whycon/set_logger_level] /whycon http://itachi-HP-Pavilion-Laptop-15-cc1xx:39685/
[rosmaster.master][INFO] 2019-12-27 22:51:19,704: +PUB [/rosout] /whycon_display/image_view http://itachi-HP-Pavilion-Laptop-15-cc1xx:32883/
[rosmaster.master][INFO] 2019-12-27 22:51:19,705: +SERVICE [/whycon_display/image_view/get_loggers] /whycon_display/image_view http://itachi-HP-Pavilion-Laptop-15-cc1xx:32883/
[rosmaster.master][INFO] 2019-12-27 22:51:19,706: +SERVICE [/whycon_display/image_view/set_logger_level] /whycon_display/image_view http://itachi-HP-Pavilion-Laptop-15-cc1xx:32883/
[rosmaster.master][INFO] 2019-12-27 22:51:19,717: +SERVICE [/usb_cam/image_proc_debayer/set_parameters] /usb_cam/image_proc http://itachi-HP-Pavilion-Laptop-15-cc1xx:38681/
[rosmaster.master][INFO] 2019-12-27 22:51:19,718: +PUB [/usb_cam/image_proc_debayer/parameter_descriptions] /usb_cam/image_proc http://itachi-HP-Pavilion-Laptop-15-cc1xx:38681/
[rosmaster.master][INFO] 2019-12-27 22:51:19,719: +PUB [/usb_cam/image_proc_debayer/parameter_updates] /usb_cam/image_proc http://itachi-HP-Pavilion-Laptop-15-cc1xx:38681/
[rosmaster.master][INFO] 2019-12-27 22:51:19,722: +PARAM [/usb_cam/image_proc_debayer/debayer] by /usb_cam/image_proc
[rosmaster.master][INFO] 2019-12-27 22:51:19,723: +PUB [/usb_cam/image_raw/compressedDepth] /usb_cam http://itachi-HP-Pavilion-Laptop-15-cc1xx:42673/
[rosmaster.master][INFO] 2019-12-27 22:51:19,724: +PARAM [/usb_cam/image_proc_debayer/debayer] by /usb_cam/image_proc
[rosmaster.master][INFO] 2019-12-27 22:51:19,724: +SERVICE [/usb_cam/image_raw/compressedDepth/set_parameters] /usb_cam http://itachi-HP-Pavilion-Laptop-15-cc1xx:42673/
[rosmaster.master][INFO] 2019-12-27 22:51:19,725: +PUB [/usb_cam/image_raw/compressedDepth/parameter_descriptions] /usb_cam http://itachi-HP-Pavilion-Laptop-15-cc1xx:42673/
[rosmaster.master][INFO] 2019-12-27 22:51:19,726: +PUB [/usb_cam/image_mono/compressedDepth] /usb_cam/image_proc http://itachi-HP-Pavilion-Laptop-15-cc1xx:38681/
[rosmaster.master][INFO] 2019-12-27 22:51:19,727: +PUB [/usb_cam/image_raw/compressedDepth/parameter_updates] /usb_cam http://itachi-HP-Pavilion-Laptop-15-cc1xx:42673/
[rosmaster.master][INFO] 2019-12-27 22:51:19,727: +SERVICE [/usb_cam/image_mono/compressedDepth/set_parameters] /usb_cam/image_proc http://itachi-HP-Pavilion-Laptop-15-cc1xx:38681/
[rosmaster.master][INFO] 2019-12-27 22:51:19,731: +PUB [/usb_cam/image_mono/compressedDepth/parameter_descriptions] /usb_cam/image_proc http://itachi-HP-Pavilion-Laptop-15-cc1xx:38681/
[rosmaster.master][INFO] 2019-12-27 22:51:19,733: +PUB [/usb_cam/image_mono/compressedDepth/parameter_updates] /usb_cam/image_proc http://itachi-HP-Pavilion-Laptop-15-cc1xx:38681/
[rosmaster.master][INFO] 2019-12-27 22:51:19,735: +PARAM [/usb_cam/image_raw/compressedDepth/depth_max] by /usb_cam
[rosmaster.master][INFO] 2019-12-27 22:51:19,736: +PARAM [/usb_cam/image_raw/compressedDepth/depth_quantization] by /usb_cam
[rosmaster.master][INFO] 2019-12-27 22:51:19,738: +PARAM [/usb_cam/image_raw/compressedDepth/png_level] by /usb_cam
[rosmaster.master][INFO] 2019-12-27 22:51:19,738: +PARAM [/usb_cam/image_mono/compressedDepth/depth_max] by /usb_cam/image_proc
[rosmaster.master][INFO] 2019-12-27 22:51:19,739: +PARAM [/usb_cam/image_raw/compressedDepth/depth_max] by /usb_cam
[rosmaster.master][INFO] 2019-12-27 22:51:19,740: +PARAM [/usb_cam/image_mono/compressedDepth/depth_quantization] by /usb_cam/image_proc
[rosmaster.master][INFO] 2019-12-27 22:51:19,740: +PARAM [/usb_cam/image_raw/compressedDepth/depth_quantization] by /usb_cam
[rosmaster.master][INFO] 2019-12-27 22:51:19,742: +PARAM [/usb_cam/image_mono/compressedDepth/png_level] by /usb_cam/image_proc
[rosmaster.master][INFO] 2019-12-27 22:51:19,742: +PARAM [/usb_cam/image_raw/compressedDepth/png_level] by /usb_cam
[rosmaster.master][INFO] 2019-12-27 22:51:19,743: +PARAM [/usb_cam/image_mono/compressedDepth/depth_max] by /usb_cam/image_proc
[rosmaster.master][INFO] 2019-12-27 22:51:19,744: +PUB [/usb_cam/image_raw/compressed] /usb_cam http://itachi-HP-Pavilion-Laptop-15-cc1xx:42673/
[rosmaster.master][INFO] 2019-12-27 22:51:19,745: +PARAM [/usb_cam/image_mono/compressedDepth/depth_quantization] by /usb_cam/image_proc
[rosmaster.master][INFO] 2019-12-27 22:51:19,746: +SERVICE [/usb_cam/image_raw/compressed/set_parameters] /usb_cam http://itachi-HP-Pavilion-Laptop-15-cc1xx:42673/
[rosmaster.master][INFO] 2019-12-27 22:51:19,746: +PARAM [/usb_cam/image_mono/compressedDepth/png_level] by /usb_cam/image_proc
[rosmaster.master][INFO] 2019-12-27 22:51:19,748: +PUB [/usb_cam/image_raw/compressed/parameter_descriptions] /usb_cam http://itachi-HP-Pavilion-Laptop-15-cc1xx:42673/
[rosmaster.master][INFO] 2019-12-27 22:51:19,749: +PUB [/usb_cam/image_mono/compressed] /usb_cam/image_proc http://itachi-HP-Pavilion-Laptop-15-cc1xx:38681/
[rosmaster.master][INFO] 2019-12-27 22:51:19,750: +PUB [/usb_cam/image_raw/compressed/parameter_updates] /usb_cam http://itachi-HP-Pavilion-Laptop-15-cc1xx:42673/
[rosmaster.master][INFO] 2019-12-27 22:51:19,751: +SERVICE [/usb_cam/image_mono/compressed/set_parameters] /usb_cam/image_proc http://itachi-HP-Pavilion-Laptop-15-cc1xx:38681/
[rosmaster.master][INFO] 2019-12-27 22:51:19,752: +PUB [/usb_cam/image_mono/compressed/parameter_descriptions] /usb_cam/image_proc http://itachi-HP-Pavilion-Laptop-15-cc1xx:38681/
[rosmaster.master][INFO] 2019-12-27 22:51:19,754: +PUB [/usb_cam/image_mono/compressed/parameter_updates] /usb_cam/image_proc http://itachi-HP-Pavilion-Laptop-15-cc1xx:38681/
[rosmaster.master][INFO] 2019-12-27 22:51:19,756: +PUB [/tf] /whycon http://itachi-HP-Pavilion-Laptop-15-cc1xx:39685/
[rosmaster.master][INFO] 2019-12-27 22:51:19,757: +PARAM [/usb_cam/image_raw/compressed/format] by /usb_cam
[rosmaster.master][INFO] 2019-12-27 22:51:19,759: +PARAM [/usb_cam/image_raw/compressed/jpeg_quality] by /usb_cam
[rosmaster.master][INFO] 2019-12-27 22:51:19,760: +PARAM [/usb_cam/image_mono/compressed/format] by /usb_cam/image_proc
[rosmaster.master][INFO] 2019-12-27 22:51:19,760: +PARAM [/usb_cam/image_raw/compressed/png_level] by /usb_cam
[rosmaster.master][INFO] 2019-12-27 22:51:19,761: +PARAM [/usb_cam/image_mono/compressed/jpeg_quality] by /usb_cam/image_proc
[rosmaster.master][INFO] 2019-12-27 22:51:19,762: +PARAM [/usb_cam/image_raw/compressed/format] by /usb_cam
[rosmaster.master][INFO] 2019-12-27 22:51:19,763: +PARAM [/usb_cam/image_mono/compressed/png_level] by /usb_cam/image_proc
[rosmaster.master][INFO] 2019-12-27 22:51:19,763: +PARAM [/usb_cam/image_raw/compressed/jpeg_quality] by /usb_cam
[rosmaster.master][INFO] 2019-12-27 22:51:19,764: +PARAM [/usb_cam/image_mono/compressed/format] by /usb_cam/image_proc
[rosmaster.master][INFO] 2019-12-27 22:51:19,765: +PARAM [/usb_cam/image_raw/compressed/png_level] by /usb_cam
[rosmaster.master][INFO] 2019-12-27 22:51:19,766: +PARAM [/usb_cam/image_mono/compressed/jpeg_quality] by /usb_cam/image_proc
[rosmaster.master][INFO] 2019-12-27 22:51:19,767: +PARAM [/usb_cam/image_mono/compressed/png_level] by /usb_cam/image_proc
[rosmaster.master][INFO] 2019-12-27 22:51:19,768: +PUB [/usb_cam/image_raw] /usb_cam http://itachi-HP-Pavilion-Laptop-15-cc1xx:42673/
[rosmaster.master][INFO] 2019-12-27 22:51:19,769: +SUB [/usb_cam/image_rect_color] /whycon http://itachi-HP-Pavilion-Laptop-15-cc1xx:39685/
[rosmaster.master][INFO] 2019-12-27 22:51:19,769: +PUB [/usb_cam/image_mono] /usb_cam/image_proc http://itachi-HP-Pavilion-Laptop-15-cc1xx:38681/
[rosmaster.master][INFO] 2019-12-27 22:51:19,771: +PUB [/usb_cam/image_raw/theora] /usb_cam http://itachi-HP-Pavilion-Laptop-15-cc1xx:42673/
[rosmaster.master][INFO] 2019-12-27 22:51:19,772: +PUB [/usb_cam/image_mono/theora] /usb_cam/image_proc http://itachi-HP-Pavilion-Laptop-15-cc1xx:38681/
[rosmaster.master][INFO] 2019-12-27 22:51:19,773: +SERVICE [/usb_cam/image_raw/theora/set_parameters] /usb_cam http://itachi-HP-Pavilion-Laptop-15-cc1xx:42673/
[rosmaster.master][INFO] 2019-12-27 22:51:19,774: publisherUpdate[/rosout] -> http://itachi-HP-Pavilion-Laptop-15-cc1xx:35221/ ['http://itachi-HP-Pavilion-Laptop-15-cc1xx:42673/']
[rosmaster.master][INFO] 2019-12-27 22:51:19,775: +SERVICE [/usb_cam/image_mono/theora/set_parameters] /usb_cam/image_proc http://itachi-HP-Pavilion-Laptop-15-cc1xx:38681/
[rosmaster.master][INFO] 2019-12-27 22:51:19,776: +PUB [/usb_cam/image_raw/theora/parameter_descriptions] /usb_cam http://itachi-HP-Pavilion-Laptop-15-cc1xx:42673/
[rosmaster.master][INFO] 2019-12-27 22:51:19,776: publisherUpdate[/rosout] -> http://itachi-HP-Pavilion-Laptop-15-cc1xx:35221/ ['http://itachi-HP-Pavilion-Laptop-15-cc1xx:42673/']: sec=0.00, result=[1, '', 0]
[rosmaster.master][INFO] 2019-12-27 22:51:19,777: publisherUpdate[/rosout] -> http://itachi-HP-Pavilion-Laptop-15-cc1xx:35221/ ['http://itachi-HP-Pavilion-Laptop-15-cc1xx:42673/', 'http://itachi-HP-Pavilion-Laptop-15-cc1xx:38681/']
[rosmaster.master][INFO] 2019-12-27 22:51:19,777: +PUB [/usb_cam/image_mono/theora/parameter_descriptions] /usb_cam/image_proc http://itachi-HP-Pavilion-Laptop-15-cc1xx:38681/
[rosmaster.master][INFO] 2019-12-27 22:51:19,778: publisherUpdate[/rosout] -> http://itachi-HP-Pavilion-Laptop-15-cc1xx:35221/ ['http://itachi-HP-Pavilion-Laptop-15-cc1xx:42673/', 'http://itachi-HP-Pavilion-Laptop-15-cc1xx:38681/']: sec=0.00, result=[1, '', 0]
[rosmaster.master][INFO] 2019-12-27 22:51:19,778: publisherUpdate[/rosout] -> http://itachi-HP-Pavilion-Laptop-15-cc1xx:35221/ ['http://itachi-HP-Pavilion-Laptop-15-cc1xx:42673/', 'http://itachi-HP-Pavilion-Laptop-15-cc1xx:38681/', 'http://itachi-HP-Pavilion-Laptop-15-cc1xx:39685/']
[rosmaster.master][INFO] 2019-12-27 22:51:19,778: +PUB [/usb_cam/image_raw/theora/parameter_updates] /usb_cam http://itachi-HP-Pavilion-Laptop-15-cc1xx:42673/
[rosmaster.master][INFO] 2019-12-27 22:51:19,779: publisherUpdate[/rosout] -> http://itachi-HP-Pavilion-Laptop-15-cc1xx:35221/ ['http://itachi-HP-Pavilion-Laptop-15-cc1xx:42673/', 'http://itachi-HP-Pavilion-Laptop-15-cc1xx:38681/', 'http://itachi-HP-Pavilion-Laptop-15-cc1xx:39685/']: sec=0.00, result=[1, '', 0]
[rosmaster.master][INFO] 2019-12-27 22:51:19,779: +SUB [/usb_cam/camera_info] /whycon http://itachi-HP-Pavilion-Laptop-15-cc1xx:39685/
[rosmaster.master][INFO] 2019-12-27 22:51:19,780: publisherUpdate[/rosout] -> http://itachi-HP-Pavilion-Laptop-15-cc1xx:35221/ ['http://itachi-HP-Pavilion-Laptop-15-cc1xx:42673/', 'http://itachi-HP-Pavilion-Laptop-15-cc1xx:38681/', 'http://itachi-HP-Pavilion-Laptop-15-cc1xx:39685/', 'http://itachi-HP-Pavilion-Laptop-15-cc1xx:32883/']
[rosmaster.master][INFO] 2019-12-27 22:51:19,781: +PUB [/usb_cam/image_mono/theora/parameter_updates] /usb_cam/image_proc http://itachi-HP-Pavilion-Laptop-15-cc1xx:38681/
[rosmaster.master][INFO] 2019-12-27 22:51:19,781: publisherUpdate[/rosout] -> http://itachi-HP-Pavilion-Laptop-15-cc1xx:35221/ ['http://itachi-HP-Pavilion-Laptop-15-cc1xx:42673/', 'http://itachi-HP-Pavilion-Laptop-15-cc1xx:38681/', 'http://itachi-HP-Pavilion-Laptop-15-cc1xx:39685/', 'http://itachi-HP-Pavilion-Laptop-15-cc1xx:32883/']: sec=0.00, result=[1, '', 0]
[rosmaster.master][INFO] 2019-12-27 22:51:19,782: +PUB [/whycon/image_out] /whycon http://itachi-HP-Pavilion-Laptop-15-cc1xx:39685/
[rosmaster.master][INFO] 2019-12-27 22:51:19,785: +PUB [/whycon/poses] /whycon http://itachi-HP-Pavilion-Laptop-15-cc1xx:39685/
[rosmaster.master][INFO] 2019-12-27 22:51:19,789: +PUB [/whycon/context] /whycon http://itachi-HP-Pavilion-Laptop-15-cc1xx:39685/
[rosmaster.master][INFO] 2019-12-27 22:51:19,790: +PARAM [/usb_cam/image_raw/theora/optimize_for] by /usb_cam
[rosmaster.master][INFO] 2019-12-27 22:51:19,791: +PUB [/whycon/projection] /whycon http://itachi-HP-Pavilion-Laptop-15-cc1xx:39685/
[rosmaster.master][INFO] 2019-12-27 22:51:19,792: +PARAM [/usb_cam/image_raw/theora/target_bitrate] by /usb_cam
[rosmaster.master][INFO] 2019-12-27 22:51:19,793: +SERVICE [/whycon/reset] /whycon http://itachi-HP-Pavilion-Laptop-15-cc1xx:39685/
[rosmaster.master][INFO] 2019-12-27 22:51:19,793: +PARAM [/usb_cam/image_mono/theora/optimize_for] by /usb_cam/image_proc
[rosmaster.master][INFO] 2019-12-27 22:51:19,794: +PARAM [/usb_cam/image_raw/theora/quality] by /usb_cam
[rosmaster.master][INFO] 2019-12-27 22:51:19,795: +PARAM [/usb_cam/image_mono/theora/target_bitrate] by /usb_cam/image_proc
[rosmaster.master][INFO] 2019-12-27 22:51:19,796: +PARAM [/usb_cam/image_raw/theora/keyframe_frequency] by /usb_cam
[rosmaster.master][INFO] 2019-12-27 22:51:19,796: +PARAM [/usb_cam/image_mono/theora/quality] by /usb_cam/image_proc
[rosmaster.master][INFO] 2019-12-27 22:51:19,799: +PARAM [/usb_cam/image_mono/theora/keyframe_frequency] by /usb_cam/image_proc
[rosmaster.master][INFO] 2019-12-27 22:51:19,800: +PARAM [/usb_cam/image_raw/theora/optimize_for] by /usb_cam
[rosmaster.master][INFO] 2019-12-27 22:51:19,800: +PARAM [/usb_cam/image_mono/theora/optimize_for] by /usb_cam/image_proc
[rosmaster.master][INFO] 2019-12-27 22:51:19,801: +PARAM [/usb_cam/image_raw/theora/target_bitrate] by /usb_cam
[rosmaster.master][INFO] 2019-12-27 22:51:19,802: +PARAM [/usb_cam/image_mono/theora/target_bitrate] by /usb_cam/image_proc
[rosmaster.master][INFO] 2019-12-27 22:51:19,802: +PARAM [/usb_cam/image_raw/theora/quality] by /usb_cam
[rosmaster.master][INFO] 2019-12-27 22:51:19,803: +PARAM [/usb_cam/image_mono/theora/quality] by /usb_cam/image_proc
[rosmaster.master][INFO] 2019-12-27 22:51:19,804: +PARAM [/usb_cam/image_raw/theora/keyframe_frequency] by /usb_cam
[rosmaster.master][INFO] 2019-12-27 22:51:19,804: +PARAM [/usb_cam/image_mono/theora/keyframe_frequency] by /usb_cam/image_proc
[rosmaster.master][INFO] 2019-12-27 22:51:19,805: +PUB [/usb_cam/camera_info] /usb_cam http://itachi-HP-Pavilion-Laptop-15-cc1xx:42673/
[rosmaster.master][INFO] 2019-12-27 22:51:19,806: +PUB [/usb_cam/image_color/compressedDepth] /usb_cam/image_proc http://itachi-HP-Pavilion-Laptop-15-cc1xx:38681/
[rosmaster.master][INFO] 2019-12-27 22:51:19,807: +SERVICE [/usb_cam/image_color/compressedDepth/set_parameters] /usb_cam/image_proc http://itachi-HP-Pavilion-Laptop-15-cc1xx:38681/
[rosmaster.master][INFO] 2019-12-27 22:51:19,809: +PUB [/usb_cam/image_color/compressedDepth/parameter_descriptions] /usb_cam/image_proc http://itachi-HP-Pavilion-Laptop-15-cc1xx:38681/
[rosmaster.master][INFO] 2019-12-27 22:51:19,810: +PUB [/usb_cam/image_color/compressedDepth/parameter_updates] /usb_cam/image_proc http://itachi-HP-Pavilion-Laptop-15-cc1xx:38681/
[rosmaster.master][INFO] 2019-12-27 22:51:19,814: +PARAM [/usb_cam/image_color/compressedDepth/depth_max] by /usb_cam/image_proc
[rosmaster.master][INFO] 2019-12-27 22:51:19,815: +PARAM [/usb_cam/image_color/compressedDepth/depth_quantization] by /usb_cam/image_proc
[rosmaster.master][INFO] 2019-12-27 22:51:19,817: +PARAM [/usb_cam/image_color/compressedDepth/png_level] by /usb_cam/image_proc
[rosmaster.master][INFO] 2019-12-27 22:51:19,818: +PARAM [/usb_cam/image_color/compressedDepth/depth_max] by /usb_cam/image_proc
[rosmaster.master][INFO] 2019-12-27 22:51:19,819: +PARAM [/usb_cam/image_color/compressedDepth/depth_quantization] by /usb_cam/image_proc
[rosmaster.master][INFO] 2019-12-27 22:51:19,823: +PARAM [/usb_cam/image_color/compressedDepth/png_level] by /usb_cam/image_proc
[rosmaster.master][INFO] 2019-12-27 22:51:19,826: +PUB [/usb_cam/image_color/compressed] /usb_cam/image_proc http://itachi-HP-Pavilion-Laptop-15-cc1xx:38681/
[rosmaster.master][INFO] 2019-12-27 22:51:19,831: +SERVICE [/usb_cam/image_color/compressed/set_parameters] /usb_cam/image_proc http://itachi-HP-Pavilion-Laptop-15-cc1xx:38681/
[rosmaster.master][INFO] 2019-12-27 22:51:19,833: +PUB [/usb_cam/image_color/compressed/parameter_descriptions] /usb_cam/image_proc http://itachi-HP-Pavilion-Laptop-15-cc1xx:38681/
[rosmaster.master][INFO] 2019-12-27 22:51:19,836: +PUB [/usb_cam/image_color/compressed/parameter_updates] /usb_cam/image_proc http://itachi-HP-Pavilion-Laptop-15-cc1xx:38681/
[rosmaster.master][INFO] 2019-12-27 22:51:19,841: +SERVICE [/usb_cam/set_camera_info] /usb_cam http://itachi-HP-Pavilion-Laptop-15-cc1xx:42673/
[rosmaster.master][INFO] 2019-12-27 22:51:19,842: +PARAM [/usb_cam/image_color/compressed/format] by /usb_cam/image_proc
[rosmaster.master][INFO] 2019-12-27 22:51:19,843: +SERVICE [/usb_cam/start_capture] /usb_cam http://itachi-HP-Pavilion-Laptop-15-cc1xx:42673/
[rosmaster.master][INFO] 2019-12-27 22:51:19,843: +PARAM [/usb_cam/image_color/compressed/jpeg_quality] by /usb_cam/image_proc
[rosmaster.master][INFO] 2019-12-27 22:51:19,844: +SERVICE [/usb_cam/stop_capture] /usb_cam http://itachi-HP-Pavilion-Laptop-15-cc1xx:42673/
[rosmaster.master][INFO] 2019-12-27 22:51:19,845: +PARAM [/usb_cam/image_color/compressed/png_level] by /usb_cam/image_proc
[rosmaster.master][INFO] 2019-12-27 22:51:19,846: +PARAM [/usb_cam/image_color/compressed/format] by /usb_cam/image_proc
[rosmaster.master][INFO] 2019-12-27 22:51:19,846: +PARAM [/usb_cam/image_color/compressed/jpeg_quality] by /usb_cam/image_proc
[rosmaster.master][INFO] 2019-12-27 22:51:19,847: +PARAM [/usb_cam/image_color/compressed/png_level] by /usb_cam/image_proc
[rosmaster.master][INFO] 2019-12-27 22:51:19,848: +PUB [/usb_cam/image_color] /usb_cam/image_proc http://itachi-HP-Pavilion-Laptop-15-cc1xx:38681/
[rosmaster.master][INFO] 2019-12-27 22:51:19,851: +PUB [/usb_cam/image_color/theora] /usb_cam/image_proc http://itachi-HP-Pavilion-Laptop-15-cc1xx:38681/
[rosmaster.master][INFO] 2019-12-27 22:51:19,853: +SERVICE [/usb_cam/image_color/theora/set_parameters] /usb_cam/image_proc http://itachi-HP-Pavilion-Laptop-15-cc1xx:38681/
[rosmaster.master][INFO] 2019-12-27 22:51:19,853: +PUB [/usb_cam/image_color/theora/parameter_descriptions] /usb_cam/image_proc http://itachi-HP-Pavilion-Laptop-15-cc1xx:38681/
[rosmaster.master][INFO] 2019-12-27 22:51:19,854: +PUB [/usb_cam/image_color/theora/parameter_updates] /usb_cam/image_proc http://itachi-HP-Pavilion-Laptop-15-cc1xx:38681/
[rosmaster.master][INFO] 2019-12-27 22:51:19,858: +PARAM [/usb_cam/image_color/theora/optimize_for] by /usb_cam/image_proc
[rosmaster.master][INFO] 2019-12-27 22:51:19,859: +PARAM [/usb_cam/image_color/theora/target_bitrate] by /usb_cam/image_proc
[rosmaster.master][INFO] 2019-12-27 22:51:19,860: +PARAM [/usb_cam/image_color/theora/quality] by /usb_cam/image_proc
[rosmaster.master][INFO] 2019-12-27 22:51:19,860: +PARAM [/usb_cam/image_color/theora/keyframe_frequency] by /usb_cam/image_proc
[rosmaster.master][INFO] 2019-12-27 22:51:19,861: +PARAM [/usb_cam/image_color/theora/optimize_for] by /usb_cam/image_proc
[rosmaster.master][INFO] 2019-12-27 22:51:19,862: +PARAM [/usb_cam/image_color/theora/target_bitrate] by /usb_cam/image_proc
[rosmaster.master][INFO] 2019-12-27 22:51:19,863: +PARAM [/usb_cam/image_color/theora/quality] by /usb_cam/image_proc
[rosmaster.master][INFO] 2019-12-27 22:51:19,863: +PARAM [/usb_cam/image_color/theora/keyframe_frequency] by /usb_cam/image_proc
[rosmaster.master][INFO] 2019-12-27 22:51:19,869: +SERVICE [/usb_cam/image_proc_rectify_mono/set_parameters] /usb_cam/image_proc http://itachi-HP-Pavilion-Laptop-15-cc1xx:38681/
[rosmaster.master][INFO] 2019-12-27 22:51:19,870: +PUB [/usb_cam/image_proc_rectify_mono/parameter_descriptions] /usb_cam/image_proc http://itachi-HP-Pavilion-Laptop-15-cc1xx:38681/
[rosmaster.master][INFO] 2019-12-27 22:51:19,870: +PUB [/usb_cam/image_proc_rectify_mono/parameter_updates] /usb_cam/image_proc http://itachi-HP-Pavilion-Laptop-15-cc1xx:38681/
[rosmaster.master][INFO] 2019-12-27 22:51:19,872: +PARAM [/usb_cam/image_proc_rectify_mono/interpolation] by /usb_cam/image_proc
[rosmaster.master][INFO] 2019-12-27 22:51:19,873: +PARAM [/usb_cam/image_proc_rectify_mono/interpolation] by /usb_cam/image_proc
[rosmaster.master][INFO] 2019-12-27 22:51:19,874: publisherUpdate[/usb_cam/camera_info] -> http://itachi-HP-Pavilion-Laptop-15-cc1xx:39685/ ['http://itachi-HP-Pavilion-Laptop-15-cc1xx:42673/']
[rosmaster.master][INFO] 2019-12-27 22:51:19,876: publisherUpdate[/usb_cam/camera_info] -> http://itachi-HP-Pavilion-Laptop-15-cc1xx:39685/ ['http://itachi-HP-Pavilion-Laptop-15-cc1xx:42673/']: sec=0.00, result=[1, '', 0]
[rosmaster.master][INFO] 2019-12-27 22:51:19,876: +PUB [/usb_cam/image_rect/compressedDepth] /usb_cam/image_proc http://itachi-HP-Pavilion-Laptop-15-cc1xx:38681/
[rosmaster.master][INFO] 2019-12-27 22:51:19,877: +SERVICE [/usb_cam/image_rect/compressedDepth/set_parameters] /usb_cam/image_proc http://itachi-HP-Pavilion-Laptop-15-cc1xx:38681/
[rosmaster.master][INFO] 2019-12-27 22:51:19,879: +PUB [/usb_cam/image_rect/compressedDepth/parameter_descriptions] /usb_cam/image_proc http://itachi-HP-Pavilion-Laptop-15-cc1xx:38681/
[rosmaster.master][INFO] 2019-12-27 22:51:19,880: +SUB [/whycon/image_out] /whycon_display/image_view http://itachi-HP-Pavilion-Laptop-15-cc1xx:32883/
[rosmaster.master][INFO] 2019-12-27 22:51:19,880: +PUB [/usb_cam/image_rect/compressedDepth/parameter_updates] /usb_cam/image_proc http://itachi-HP-Pavilion-Laptop-15-cc1xx:38681/
[rosmaster.master][INFO] 2019-12-27 22:51:19,881: +PUB [/whycon_display/image_view/output] /whycon_display/image_view http://itachi-HP-Pavilion-Laptop-15-cc1xx:32883/
[rosmaster.master][INFO] 2019-12-27 22:51:19,884: +SERVICE [/whycon_display/image_view/set_parameters] /whycon_display/image_view http://itachi-HP-Pavilion-Laptop-15-cc1xx:32883/
[rosmaster.master][INFO] 2019-12-27 22:51:19,885: +PUB [/whycon_display/image_view/parameter_descriptions] /whycon_display/image_view http://itachi-HP-Pavilion-Laptop-15-cc1xx:32883/
[rosmaster.master][INFO] 2019-12-27 22:51:19,886: +PARAM [/usb_cam/image_rect/compressedDepth/depth_max] by /usb_cam/image_proc
[rosmaster.master][INFO] 2019-12-27 22:51:19,887: +PUB [/whycon_display/image_view/parameter_updates] /whycon_display/image_view http://itachi-HP-Pavilion-Laptop-15-cc1xx:32883/
[rosmaster.master][INFO] 2019-12-27 22:51:19,887: +PARAM [/usb_cam/image_rect/compressedDepth/depth_quantization] by /usb_cam/image_proc
[rosmaster.master][INFO] 2019-12-27 22:51:19,888: +PARAM [/usb_cam/image_rect/compressedDepth/png_level] by /usb_cam/image_proc
[rosmaster.master][INFO] 2019-12-27 22:51:19,890: +PARAM [/usb_cam/image_rect/compressedDepth/depth_max] by /usb_cam/image_proc
[rosmaster.master][INFO] 2019-12-27 22:51:19,891: +PARAM [/usb_cam/image_rect/compressedDepth/depth_quantization] by /usb_cam/image_proc
[rosmaster.master][INFO] 2019-12-27 22:51:19,892: +PARAM [/usb_cam/image_rect/compressedDepth/png_level] by /usb_cam/image_proc
[rosmaster.master][INFO] 2019-12-27 22:51:19,892: +PARAM [/whycon_display/image_view/do_dynamic_scaling] by /whycon_display/image_view
[rosmaster.master][INFO] 2019-12-27 22:51:19,893: +PUB [/usb_cam/image_rect/compressed] /usb_cam/image_proc http://itachi-HP-Pavilion-Laptop-15-cc1xx:38681/
[rosmaster.master][INFO] 2019-12-27 22:51:19,894: +PARAM [/whycon_display/image_view/colormap] by /whycon_display/image_view
[rosmaster.master][INFO] 2019-12-27 22:51:19,894: +SERVICE [/usb_cam/image_rect/compressed/set_parameters] /usb_cam/image_proc http://itachi-HP-Pavilion-Laptop-15-cc1xx:38681/
[rosmaster.master][INFO] 2019-12-27 22:51:19,895: +PARAM [/whycon_display/image_view/min_image_value] by /whycon_display/image_view
[rosmaster.master][INFO] 2019-12-27 22:51:19,896: +PUB [/usb_cam/image_rect/compressed/parameter_descriptions] /usb_cam/image_proc http://itachi-HP-Pavilion-Laptop-15-cc1xx:38681/
[rosmaster.master][INFO] 2019-12-27 22:51:19,896: +PARAM [/whycon_display/image_view/max_image_value] by /whycon_display/image_view
[rosmaster.master][INFO] 2019-12-27 22:51:19,897: +PUB [/usb_cam/image_rect/compressed/parameter_updates] /usb_cam/image_proc http://itachi-HP-Pavilion-Laptop-15-cc1xx:38681/
[rosmaster.master][INFO] 2019-12-27 22:51:19,898: +PARAM [/whycon_display/image_view/do_dynamic_scaling] by /whycon_display/image_view
[rosmaster.master][INFO] 2019-12-27 22:51:19,900: +PARAM [/whycon_display/image_view/colormap] by /whycon_display/image_view
[rosmaster.master][INFO] 2019-12-27 22:51:19,902: +PARAM [/whycon_display/image_view/min_image_value] by /whycon_display/image_view
[rosmaster.master][INFO] 2019-12-27 22:51:19,903: +PARAM [/usb_cam/image_rect/compressed/format] by /usb_cam/image_proc
[rosmaster.master][INFO] 2019-12-27 22:51:19,903: +PARAM [/whycon_display/image_view/max_image_value] by /whycon_display/image_view
[rosmaster.master][INFO] 2019-12-27 22:51:19,904: +PARAM [/usb_cam/image_rect/compressed/jpeg_quality] by /usb_cam/image_proc
[rosmaster.master][INFO] 2019-12-27 22:51:19,905: +PARAM [/usb_cam/image_rect/compressed/png_level] by /usb_cam/image_proc
[rosmaster.master][INFO] 2019-12-27 22:51:19,905: +PARAM [/usb_cam/image_rect/compressed/format] by /usb_cam/image_proc
[rosmaster.master][INFO] 2019-12-27 22:51:19,906: +PARAM [/usb_cam/image_rect/compressed/jpeg_quality] by /usb_cam/image_proc
[rosmaster.master][INFO] 2019-12-27 22:51:19,906: +PARAM [/usb_cam/image_rect/compressed/png_level] by /usb_cam/image_proc
[rosmaster.master][INFO] 2019-12-27 22:51:19,907: +PUB [/usb_cam/image_rect] /usb_cam/image_proc http://itachi-HP-Pavilion-Laptop-15-cc1xx:38681/
[rosmaster.master][INFO] 2019-12-27 22:51:19,908: +PUB [/usb_cam/image_rect/theora] /usb_cam/image_proc http://itachi-HP-Pavilion-Laptop-15-cc1xx:38681/
[rosmaster.master][INFO] 2019-12-27 22:51:19,909: +SERVICE [/usb_cam/image_rect/theora/set_parameters] /usb_cam/image_proc http://itachi-HP-Pavilion-Laptop-15-cc1xx:38681/
[rosmaster.master][INFO] 2019-12-27 22:51:19,909: +PUB [/usb_cam/image_rect/theora/parameter_descriptions] /usb_cam/image_proc http://itachi-HP-Pavilion-Laptop-15-cc1xx:38681/
[rosmaster.master][INFO] 2019-12-27 22:51:19,910: +PUB [/usb_cam/image_rect/theora/parameter_updates] /usb_cam/image_proc http://itachi-HP-Pavilion-Laptop-15-cc1xx:38681/
[rosmaster.master][INFO] 2019-12-27 22:51:19,912: +PARAM [/usb_cam/image_rect/theora/optimize_for] by /usb_cam/image_proc
[rosmaster.master][INFO] 2019-12-27 22:51:19,913: +PARAM [/usb_cam/image_rect/theora/target_bitrate] by /usb_cam/image_proc
[rosmaster.master][INFO] 2019-12-27 22:51:19,914: +PARAM [/usb_cam/image_rect/theora/quality] by /usb_cam/image_proc
[rosmaster.master][INFO] 2019-12-27 22:51:19,915: +PARAM [/usb_cam/image_rect/theora/keyframe_frequency] by /usb_cam/image_proc
[rosmaster.master][INFO] 2019-12-27 22:51:19,917: +PARAM [/usb_cam/image_rect/theora/optimize_for] by /usb_cam/image_proc
[rosmaster.master][INFO] 2019-12-27 22:51:19,917: +PARAM [/usb_cam/image_rect/theora/target_bitrate] by /usb_cam/image_proc
[rosmaster.master][INFO] 2019-12-27 22:51:19,918: +PARAM [/usb_cam/image_rect/theora/quality] by /usb_cam/image_proc
[rosmaster.master][INFO] 2019-12-27 22:51:19,919: +PARAM [/usb_cam/image_rect/theora/keyframe_frequency] by /usb_cam/image_proc
[rosmaster.master][INFO] 2019-12-27 22:51:19,922: +SERVICE [/usb_cam/image_proc_rectify_color/set_parameters] /usb_cam/image_proc http://itachi-HP-Pavilion-Laptop-15-cc1xx:38681/
[rosmaster.master][INFO] 2019-12-27 22:51:19,922: +PUB [/usb_cam/image_proc_rectify_color/parameter_descriptions] /usb_cam/image_proc http://itachi-HP-Pavilion-Laptop-15-cc1xx:38681/
[rosmaster.master][INFO] 2019-12-27 22:51:19,923: +PUB [/usb_cam/image_proc_rectify_color/parameter_updates] /usb_cam/image_proc http://itachi-HP-Pavilion-Laptop-15-cc1xx:38681/
[rosmaster.master][INFO] 2019-12-27 22:51:19,924: +PARAM [/usb_cam/image_proc_rectify_color/interpolation] by /usb_cam/image_proc
[rosmaster.master][INFO] 2019-12-27 22:51:19,925: +PARAM [/usb_cam/image_proc_rectify_color/interpolation] by /usb_cam/image_proc
[rosmaster.master][INFO] 2019-12-27 22:51:19,926: +PUB [/usb_cam/image_rect_color/compressedDepth] /usb_cam/image_proc http://itachi-HP-Pavilion-Laptop-15-cc1xx:38681/
[rosmaster.master][INFO] 2019-12-27 22:51:19,927: +SERVICE [/usb_cam/image_rect_color/compressedDepth/set_parameters] /usb_cam/image_proc http://itachi-HP-Pavilion-Laptop-15-cc1xx:38681/
[rosmaster.master][INFO] 2019-12-27 22:51:19,929: +PUB [/usb_cam/image_rect_color/compressedDepth/parameter_descriptions] /usb_cam/image_proc http://itachi-HP-Pavilion-Laptop-15-cc1xx:38681/
[rosmaster.master][INFO] 2019-12-27 22:51:19,930: +PUB [/usb_cam/image_rect_color/compressedDepth/parameter_updates] /usb_cam/image_proc http://itachi-HP-Pavilion-Laptop-15-cc1xx:38681/
[rosmaster.master][INFO] 2019-12-27 22:51:19,934: +PARAM [/usb_cam/image_rect_color/compressedDepth/depth_max] by /usb_cam/image_proc
[rosmaster.master][INFO] 2019-12-27 22:51:19,935: +PARAM [/usb_cam/image_rect_color/compressedDepth/depth_quantization] by /usb_cam/image_proc
[rosmaster.master][INFO] 2019-12-27 22:51:19,935: +PARAM [/usb_cam/image_rect_color/compressedDepth/png_level] by /usb_cam/image_proc
[rosmaster.master][INFO] 2019-12-27 22:51:19,936: +PARAM [/usb_cam/image_rect_color/compressedDepth/depth_max] by /usb_cam/image_proc
[rosmaster.master][INFO] 2019-12-27 22:51:19,937: +PARAM [/usb_cam/image_rect_color/compressedDepth/depth_quantization] by /usb_cam/image_proc
[rosmaster.master][INFO] 2019-12-27 22:51:19,938: +PARAM [/usb_cam/image_rect_color/compressedDepth/png_level] by /usb_cam/image_proc
[rosmaster.master][INFO] 2019-12-27 22:51:19,939: +PUB [/usb_cam/image_rect_color/compressed] /usb_cam/image_proc http://itachi-HP-Pavilion-Laptop-15-cc1xx:38681/
[rosmaster.master][INFO] 2019-12-27 22:51:19,939: +SERVICE [/usb_cam/image_rect_color/compressed/set_parameters] /usb_cam/image_proc http://itachi-HP-Pavilion-Laptop-15-cc1xx:38681/
[rosmaster.master][INFO] 2019-12-27 22:51:19,940: +PUB [/usb_cam/image_rect_color/compressed/parameter_descriptions] /usb_cam/image_proc http://itachi-HP-Pavilion-Laptop-15-cc1xx:38681/
[rosmaster.master][INFO] 2019-12-27 22:51:19,941: +PUB [/usb_cam/image_rect_color/compressed/parameter_updates] /usb_cam/image_proc http://itachi-HP-Pavilion-Laptop-15-cc1xx:38681/
[rosmaster.master][INFO] 2019-12-27 22:51:19,942: +PARAM [/usb_cam/image_rect_color/compressed/format] by /usb_cam/image_proc
[rosmaster.master][INFO] 2019-12-27 22:51:19,943: +PARAM [/usb_cam/image_rect_color/compressed/jpeg_quality] by /usb_cam/image_proc
[rosmaster.master][INFO] 2019-12-27 22:51:19,944: +PARAM [/usb_cam/image_rect_color/compressed/png_level] by /usb_cam/image_proc
[rosmaster.master][INFO] 2019-12-27 22:51:19,944: +PARAM [/usb_cam/image_rect_color/compressed/format] by /usb_cam/image_proc
[rosmaster.master][INFO] 2019-12-27 22:51:19,945: +PARAM [/usb_cam/image_rect_color/compressed/jpeg_quality] by /usb_cam/image_proc
[rosmaster.master][INFO] 2019-12-27 22:51:19,945: +PARAM [/usb_cam/image_rect_color/compressed/png_level] by /usb_cam/image_proc
[rosmaster.master][INFO] 2019-12-27 22:51:19,946: +PUB [/usb_cam/image_rect_color] /usb_cam/image_proc http://itachi-HP-Pavilion-Laptop-15-cc1xx:38681/
[rosmaster.master][INFO] 2019-12-27 22:51:19,947: +PUB [/usb_cam/image_rect_color/theora] /usb_cam/image_proc http://itachi-HP-Pavilion-Laptop-15-cc1xx:38681/
[rosmaster.master][INFO] 2019-12-27 22:51:19,947: +SERVICE [/usb_cam/image_rect_color/theora/set_parameters] /usb_cam/image_proc http://itachi-HP-Pavilion-Laptop-15-cc1xx:38681/
[rosmaster.master][INFO] 2019-12-27 22:51:19,949: +PUB [/usb_cam/image_rect_color/theora/parameter_descriptions] /usb_cam/image_proc http://itachi-HP-Pavilion-Laptop-15-cc1xx:38681/
[rosmaster.master][INFO] 2019-12-27 22:51:19,950: +PUB [/usb_cam/image_rect_color/theora/parameter_updates] /usb_cam/image_proc http://itachi-HP-Pavilion-Laptop-15-cc1xx:38681/
[rosmaster.master][INFO] 2019-12-27 22:51:19,952: +PARAM [/usb_cam/image_rect_color/theora/optimize_for] by /usb_cam/image_proc
[rosmaster.master][INFO] 2019-12-27 22:51:19,953: +PARAM [/usb_cam/image_rect_color/theora/target_bitrate] by /usb_cam/image_proc
[rosmaster.master][INFO] 2019-12-27 22:51:19,953: +PARAM [/usb_cam/image_rect_color/theora/quality] by /usb_cam/image_proc
[rosmaster.master][INFO] 2019-12-27 22:51:19,954: +PARAM [/usb_cam/image_rect_color/theora/keyframe_frequency] by /usb_cam/image_proc
[rosmaster.master][INFO] 2019-12-27 22:51:19,954: +PARAM [/usb_cam/image_rect_color/theora/optimize_for] by /usb_cam/image_proc
[rosmaster.master][INFO] 2019-12-27 22:51:19,955: +PARAM [/usb_cam/image_rect_color/theora/target_bitrate] by /usb_cam/image_proc
[rosmaster.master][INFO] 2019-12-27 22:51:19,955: +PARAM [/usb_cam/image_rect_color/theora/quality] by /usb_cam/image_proc
[rosmaster.master][INFO] 2019-12-27 22:51:19,956: +PARAM [/usb_cam/image_rect_color/theora/keyframe_frequency] by /usb_cam/image_proc
[rosmaster.master][INFO] 2019-12-27 22:51:19,974: publisherUpdate[/usb_cam/image_rect_color] -> http://itachi-HP-Pavilion-Laptop-15-cc1xx:39685/ ['http://itachi-HP-Pavilion-Laptop-15-cc1xx:38681/']
[rosmaster.master][INFO] 2019-12-27 22:51:19,976: publisherUpdate[/usb_cam/image_rect_color] -> http://itachi-HP-Pavilion-Laptop-15-cc1xx:39685/ ['http://itachi-HP-Pavilion-Laptop-15-cc1xx:38681/']: sec=0.00, result=[1, '', 0]
[rosmaster.master][INFO] 2019-12-27 22:51:20,096: +SUB [/usb_cam/image_color] /usb_cam/image_proc http://itachi-HP-Pavilion-Laptop-15-cc1xx:38681/
[rosmaster.master][INFO] 2019-12-27 22:51:20,104: +SUB [/usb_cam/camera_info] /usb_cam/image_proc http://itachi-HP-Pavilion-Laptop-15-cc1xx:38681/
[rosmaster.master][INFO] 2019-12-27 22:51:20,111: +SUB [/usb_cam/image_raw] /usb_cam/image_proc http://itachi-HP-Pavilion-Laptop-15-cc1xx:38681/
[rosmaster.master][INFO] 2019-12-27 22:51:25,662: +PUB [/rosout] /DroneNode http://itachi-HP-Pavilion-Laptop-15-cc1xx:41851/
[rosmaster.master][INFO] 2019-12-27 22:51:25,664: +SERVICE [/DroneNode/get_loggers] /DroneNode http://itachi-HP-Pavilion-Laptop-15-cc1xx:41851/
[rosmaster.master][INFO] 2019-12-27 22:51:25,666: +SERVICE [/DroneNode/set_logger_level] /DroneNode http://itachi-HP-Pavilion-Laptop-15-cc1xx:41851/
[rosmaster.master][INFO] 2019-12-27 22:51:25,674: +SUB [/drone_command] /DroneNode http://itachi-HP-Pavilion-Laptop-15-cc1xx:41851/
[rosmaster.master][INFO] 2019-12-27 22:51:25,690: publisherUpdate[/rosout] -> http://itachi-HP-Pavilion-Laptop-15-cc1xx:35221/ ['http://itachi-HP-Pavilion-Laptop-15-cc1xx:42673/', 'http://itachi-HP-Pavilion-Laptop-15-cc1xx:38681/', 'http://itachi-HP-Pavilion-Laptop-15-cc1xx:39685/', 'http://itachi-HP-Pavilion-Laptop-15-cc1xx:32883/', 'http://itachi-HP-Pavilion-Laptop-15-cc1xx:41851/']
[rosmaster.master][INFO] 2019-12-27 22:51:25,692: publisherUpdate[/rosout] -> http://itachi-HP-Pavilion-Laptop-15-cc1xx:35221/ ['http://itachi-HP-Pavilion-Laptop-15-cc1xx:42673/', 'http://itachi-HP-Pavilion-Laptop-15-cc1xx:38681/', 'http://itachi-HP-Pavilion-Laptop-15-cc1xx:39685/', 'http://itachi-HP-Pavilion-Laptop-15-cc1xx:32883/', 'http://itachi-HP-Pavilion-Laptop-15-cc1xx:41851/']: sec=0.00, result=[1, '', 0]
[rosmaster.master][INFO] 2019-12-27 22:51:28,430: +PUB [/rosout] /drone_control http://itachi-HP-Pavilion-Laptop-15-cc1xx:45823/
[rosmaster.master][INFO] 2019-12-27 22:51:28,432: +SERVICE [/drone_control/get_loggers] /drone_control http://itachi-HP-Pavilion-Laptop-15-cc1xx:45823/
[rosmaster.master][INFO] 2019-12-27 22:51:28,434: +SERVICE [/drone_control/set_logger_level] /drone_control http://itachi-HP-Pavilion-Laptop-15-cc1xx:45823/
[rosmaster.master][INFO] 2019-12-27 22:51:28,434: +PUB [/drone_command] /drone_control http://itachi-HP-Pavilion-Laptop-15-cc1xx:45823/
[rosmaster.master][INFO] 2019-12-27 22:51:28,436: +PUB [/alt_error] /drone_control http://itachi-HP-Pavilion-Laptop-15-cc1xx:45823/
[rosmaster.master][INFO] 2019-12-27 22:51:28,438: +PUB [/pitch_error] /drone_control http://itachi-HP-Pavilion-Laptop-15-cc1xx:45823/
[rosmaster.master][INFO] 2019-12-27 22:51:28,440: +PUB [/roll_error] /drone_control http://itachi-HP-Pavilion-Laptop-15-cc1xx:45823/
[rosmaster.master][INFO] 2019-12-27 22:51:28,442: +PUB [/error_sample] /drone_control http://itachi-HP-Pavilion-Laptop-15-cc1xx:45823/
[rosmaster.master][INFO] 2019-12-27 22:51:28,443: +PUB [/error_sample1] /drone_control http://itachi-HP-Pavilion-Laptop-15-cc1xx:45823/
[rosmaster.master][INFO] 2019-12-27 22:51:28,446: +PUB [/error_sample2] /drone_control http://itachi-HP-Pavilion-Laptop-15-cc1xx:45823/
[rosmaster.master][INFO] 2019-12-27 22:51:28,447: +PUB [/error_sample3] /drone_control http://itachi-HP-Pavilion-Laptop-15-cc1xx:45823/
[rosmaster.master][INFO] 2019-12-27 22:51:28,451: +SUB [/whycon/poses] /drone_control http://itachi-HP-Pavilion-Laptop-15-cc1xx:45823/
[rosmaster.master][INFO] 2019-12-27 22:51:28,454: +SUB [/pid_tuning_altitude] /drone_control http://itachi-HP-Pavilion-Laptop-15-cc1xx:45823/
[rosmaster.master][INFO] 2019-12-27 22:51:28,457: +SUB [/pid_tuning_pitch] /drone_control http://itachi-HP-Pavilion-Laptop-15-cc1xx:45823/
[rosmaster.master][INFO] 2019-12-27 22:51:28,461: +SUB [/pid_tuning_roll] /drone_control http://itachi-HP-Pavilion-Laptop-15-cc1xx:45823/
[rosmaster.master][INFO] 2019-12-27 22:51:28,497: publisherUpdate[/rosout] -> http://itachi-HP-Pavilion-Laptop-15-cc1xx:35221/ ['http://itachi-HP-Pavilion-Laptop-15-cc1xx:42673/', 'http://itachi-HP-Pavilion-Laptop-15-cc1xx:38681/', 'http://itachi-HP-Pavilion-Laptop-15-cc1xx:39685/', 'http://itachi-HP-Pavilion-Laptop-15-cc1xx:32883/', 'http://itachi-HP-Pavilion-Laptop-15-cc1xx:41851/', 'http://itachi-HP-Pavilion-Laptop-15-cc1xx:45823/']
[rosmaster.master][INFO] 2019-12-27 22:51:28,498: publisherUpdate[/drone_command] -> http://itachi-HP-Pavilion-Laptop-15-cc1xx:41851/ ['http://itachi-HP-Pavilion-Laptop-15-cc1xx:45823/']
[rosmaster.master][INFO] 2019-12-27 22:51:28,500: publisherUpdate[/rosout] -> http://itachi-HP-Pavilion-Laptop-15-cc1xx:35221/ ['http://itachi-HP-Pavilion-Laptop-15-cc1xx:42673/', 'http://itachi-HP-Pavilion-Laptop-15-cc1xx:38681/', 'http://itachi-HP-Pavilion-Laptop-15-cc1xx:39685/', 'http://itachi-HP-Pavilion-Laptop-15-cc1xx:32883/', 'http://itachi-HP-Pavilion-Laptop-15-cc1xx:41851/', 'http://itachi-HP-Pavilion-Laptop-15-cc1xx:45823/']: sec=0.00, result=[1, '', 0]
[rosmaster.master][INFO] 2019-12-27 22:51:28,500: publisherUpdate[/drone_command] -> http://itachi-HP-Pavilion-Laptop-15-cc1xx:41851/ ['http://itachi-HP-Pavilion-Laptop-15-cc1xx:45823/']: sec=0.00, result=[1, '', 0]
[rosmaster.master][INFO] 2019-12-27 22:52:21,113: -SUB [/pid_tuning_pitch] /drone_control http://itachi-HP-Pavilion-Laptop-15-cc1xx:45823/
[rosmaster.master][INFO] 2019-12-27 22:52:21,113: -SUB [/pid_tuning_roll] /drone_control http://itachi-HP-Pavilion-Laptop-15-cc1xx:45823/
[rosmaster.master][INFO] 2019-12-27 22:52:21,113: -SUB [/whycon/poses] /drone_control http://itachi-HP-Pavilion-Laptop-15-cc1xx:45823/
[rosmaster.master][INFO] 2019-12-27 22:52:21,114: -SUB [/pid_tuning_altitude] /drone_control http://itachi-HP-Pavilion-Laptop-15-cc1xx:45823/
[rosmaster.master][INFO] 2019-12-27 22:52:21,114: -PUB [/pitch_error] /drone_control http://itachi-HP-Pavilion-Laptop-15-cc1xx:45823/
[rosmaster.master][INFO] 2019-12-27 22:52:21,114: -PUB [/rosout] /drone_control http://itachi-HP-Pavilion-Laptop-15-cc1xx:45823/
[rosmaster.master][INFO] 2019-12-27 22:52:21,114: -PUB [/alt_error] /drone_control http://itachi-HP-Pavilion-Laptop-15-cc1xx:45823/
[rosmaster.master][INFO] 2019-12-27 22:52:21,114: -PUB [/drone_command] /drone_control http://itachi-HP-Pavilion-Laptop-15-cc1xx:45823/
[rosmaster.master][INFO] 2019-12-27 22:52:21,115: -PUB [/error_sample2] /drone_control http://itachi-HP-Pavilion-Laptop-15-cc1xx:45823/
[rosmaster.master][INFO] 2019-12-27 22:52:21,115: -PUB [/error_sample] /drone_control http://itachi-HP-Pavilion-Laptop-15-cc1xx:45823/
[rosmaster.master][INFO] 2019-12-27 22:52:21,115: -PUB [/error_sample1] /drone_control http://itachi-HP-Pavilion-Laptop-15-cc1xx:45823/
[rosmaster.master][INFO] 2019-12-27 22:52:21,116: -PUB [/roll_error] /drone_control http://itachi-HP-Pavilion-Laptop-15-cc1xx:45823/
[rosmaster.master][INFO] 2019-12-27 22:52:21,116: -PUB [/error_sample3] /drone_control http://itachi-HP-Pavilion-Laptop-15-cc1xx:45823/
[rosmaster.master][INFO] 2019-12-27 22:52:21,116: -SERVICE [/drone_control/get_loggers] /drone_control rosrpc://itachi-HP-Pavilion-Laptop-15-cc1xx:38669
[rosmaster.master][INFO] 2019-12-27 22:52:21,116: -SERVICE [/drone_control/set_logger_level] /drone_control rosrpc://itachi-HP-Pavilion-Laptop-15-cc1xx:38669
[rosmaster.master][INFO] 2019-12-27 22:52:21,118: publisherUpdate[/rosout] -> http://itachi-HP-Pavilion-Laptop-15-cc1xx:35221/ ['http://itachi-HP-Pavilion-Laptop-15-cc1xx:42673/', 'http://itachi-HP-Pavilion-Laptop-15-cc1xx:38681/', 'http://itachi-HP-Pavilion-Laptop-15-cc1xx:39685/', 'http://itachi-HP-Pavilion-Laptop-15-cc1xx:32883/', 'http://itachi-HP-Pavilion-Laptop-15-cc1xx:41851/']
[rosmaster.master][INFO] 2019-12-27 22:52:21,119: publisherUpdate[/rosout] -> http://itachi-HP-Pavilion-Laptop-15-cc1xx:35221/ ['http://itachi-HP-Pavilion-Laptop-15-cc1xx:42673/', 'http://itachi-HP-Pavilion-Laptop-15-cc1xx:38681/', 'http://itachi-HP-Pavilion-Laptop-15-cc1xx:39685/', 'http://itachi-HP-Pavilion-Laptop-15-cc1xx:32883/', 'http://itachi-HP-Pavilion-Laptop-15-cc1xx:41851/']: sec=0.00, result=[1, '', 0]
[rosmaster.master][INFO] 2019-12-27 22:52:21,119: publisherUpdate[/drone_command] -> http://itachi-HP-Pavilion-Laptop-15-cc1xx:41851/ []
[rosmaster.master][INFO] 2019-12-27 22:52:21,120: publisherUpdate[/drone_command] -> http://itachi-HP-Pavilion-Laptop-15-cc1xx:41851/ []: sec=0.00, result=[1, '', 0]
[rosmaster.master][INFO] 2019-12-27 22:52:24,326: -PUB [/rosout] /DroneNode http://itachi-HP-Pavilion-Laptop-15-cc1xx:41851/
[rosmaster.master][INFO] 2019-12-27 22:52:24,327: -SUB [/drone_command] /DroneNode http://itachi-HP-Pavilion-Laptop-15-cc1xx:41851/
[rosmaster.master][INFO] 2019-12-27 22:52:24,328: -SERVICE [/DroneNode/get_loggers] /DroneNode rosrpc://itachi-HP-Pavilion-Laptop-15-cc1xx:53853
[rosmaster.master][INFO] 2019-12-27 22:52:24,329: -SERVICE [/DroneNode/set_logger_level] /DroneNode rosrpc://itachi-HP-Pavilion-Laptop-15-cc1xx:53853
[rosmaster.master][INFO] 2019-12-27 22:52:24,331: publisherUpdate[/rosout] -> http://itachi-HP-Pavilion-Laptop-15-cc1xx:35221/ ['http://itachi-HP-Pavilion-Laptop-15-cc1xx:42673/', 'http://itachi-HP-Pavilion-Laptop-15-cc1xx:38681/', 'http://itachi-HP-Pavilion-Laptop-15-cc1xx:39685/', 'http://itachi-HP-Pavilion-Laptop-15-cc1xx:32883/']
[rosmaster.master][INFO] 2019-12-27 22:52:24,333: publisherUpdate[/rosout] -> http://itachi-HP-Pavilion-Laptop-15-cc1xx:35221/ ['http://itachi-HP-Pavilion-Laptop-15-cc1xx:42673/', 'http://itachi-HP-Pavilion-Laptop-15-cc1xx:38681/', 'http://itachi-HP-Pavilion-Laptop-15-cc1xx:39685/', 'http://itachi-HP-Pavilion-Laptop-15-cc1xx:32883/']: sec=0.00, result=[1, '', 0]
[rosmaster.master][INFO] 2019-12-27 22:52:26,422: -PUB [/rosout] /whycon http://itachi-HP-Pavilion-Laptop-15-cc1xx:39685/
[rosmaster.master][INFO] 2019-12-27 22:52:26,422: -PUB [/tf] /whycon http://itachi-HP-Pavilion-Laptop-15-cc1xx:39685/
[rosmaster.master][INFO] 2019-12-27 22:52:26,423: -PUB [/whycon/image_out] /whycon http://itachi-HP-Pavilion-Laptop-15-cc1xx:39685/
[rosmaster.master][INFO] 2019-12-27 22:52:26,423: -PUB [/whycon/poses] /whycon http://itachi-HP-Pavilion-Laptop-15-cc1xx:39685/
[rosmaster.master][INFO] 2019-12-27 22:52:26,424: -PUB [/whycon/context] /whycon http://itachi-HP-Pavilion-Laptop-15-cc1xx:39685/
[rosmaster.master][INFO] 2019-12-27 22:52:26,424: -PUB [/whycon/projection] /whycon http://itachi-HP-Pavilion-Laptop-15-cc1xx:39685/
[rosmaster.master][INFO] 2019-12-27 22:52:26,425: -SUB [/usb_cam/image_rect_color] /whycon http://itachi-HP-Pavilion-Laptop-15-cc1xx:39685/
[rosmaster.master][INFO] 2019-12-27 22:52:26,425: -SUB [/usb_cam/camera_info] /whycon http://itachi-HP-Pavilion-Laptop-15-cc1xx:39685/
[rosmaster.master][INFO] 2019-12-27 22:52:26,426: -SERVICE [/whycon/get_loggers] /whycon rosrpc://itachi-HP-Pavilion-Laptop-15-cc1xx:33921
[rosmaster.master][INFO] 2019-12-27 22:52:26,427: -SERVICE [/whycon/set_logger_level] /whycon rosrpc://itachi-HP-Pavilion-Laptop-15-cc1xx:33921
[rosmaster.master][INFO] 2019-12-27 22:52:26,427: -SERVICE [/whycon/reset] /whycon rosrpc://itachi-HP-Pavilion-Laptop-15-cc1xx:33921
[rosmaster.master][INFO] 2019-12-27 22:52:26,436: -PUB [/rosout] /usb_cam http://itachi-HP-Pavilion-Laptop-15-cc1xx:42673/
[rosmaster.master][INFO] 2019-12-27 22:52:26,437: -PUB [/usb_cam/image_raw/compressedDepth] /usb_cam http://itachi-HP-Pavilion-Laptop-15-cc1xx:42673/
[rosmaster.master][INFO] 2019-12-27 22:52:26,437: -PUB [/usb_cam/image_raw/compressedDepth/parameter_descriptions] /usb_cam http://itachi-HP-Pavilion-Laptop-15-cc1xx:42673/
[rosmaster.master][INFO] 2019-12-27 22:52:26,438: -PUB [/usb_cam/image_raw/compressedDepth/parameter_updates] /usb_cam http://itachi-HP-Pavilion-Laptop-15-cc1xx:42673/
[rosmaster.master][INFO] 2019-12-27 22:52:26,438: publisherUpdate[/rosout] -> http://itachi-HP-Pavilion-Laptop-15-cc1xx:35221/ ['http://itachi-HP-Pavilion-Laptop-15-cc1xx:42673/', 'http://itachi-HP-Pavilion-Laptop-15-cc1xx:38681/', 'http://itachi-HP-Pavilion-Laptop-15-cc1xx:32883/']
[rosmaster.master][INFO] 2019-12-27 22:52:26,439: publisherUpdate[/rosout] -> http://itachi-HP-Pavilion-Laptop-15-cc1xx:35221/ ['http://itachi-HP-Pavilion-Laptop-15-cc1xx:42673/', 'http://itachi-HP-Pavilion-Laptop-15-cc1xx:38681/', 'http://itachi-HP-Pavilion-Laptop-15-cc1xx:32883/']: sec=0.00, result=[1, '', 0]
[rosmaster.master][INFO] 2019-12-27 22:52:26,439: -PUB [/usb_cam/image_raw/compressed] /usb_cam http://itachi-HP-Pavilion-Laptop-15-cc1xx:42673/
[rosmaster.master][INFO] 2019-12-27 22:52:26,439: publisherUpdate[/whycon/image_out] -> http://itachi-HP-Pavilion-Laptop-15-cc1xx:32883/ []
[rosmaster.master][INFO] 2019-12-27 22:52:26,440: -PUB [/usb_cam/image_raw/compressed/parameter_descriptions] /usb_cam http://itachi-HP-Pavilion-Laptop-15-cc1xx:42673/
[rosmaster.master][INFO] 2019-12-27 22:52:26,440: publisherUpdate[/whycon/image_out] -> http://itachi-HP-Pavilion-Laptop-15-cc1xx:32883/ []: sec=0.00, result=[0, 'Unknown Error', 0]
[rosmaster.master][INFO] 2019-12-27 22:52:26,440: publisherUpdate[/rosout] -> http://itachi-HP-Pavilion-Laptop-15-cc1xx:35221/ ['http://itachi-HP-Pavilion-Laptop-15-cc1xx:38681/', 'http://itachi-HP-Pavilion-Laptop-15-cc1xx:32883/']
[rosmaster.master][INFO] 2019-12-27 22:52:26,441: -PUB [/usb_cam/image_raw/compressed/parameter_updates] /usb_cam http://itachi-HP-Pavilion-Laptop-15-cc1xx:42673/
[rosmaster.master][INFO] 2019-12-27 22:52:26,441: publisherUpdate[/rosout] -> http://itachi-HP-Pavilion-Laptop-15-cc1xx:35221/ ['http://itachi-HP-Pavilion-Laptop-15-cc1xx:38681/', 'http://itachi-HP-Pavilion-Laptop-15-cc1xx:32883/']: sec=0.00, result=[1, '', 0]
[rosmaster.master][INFO] 2019-12-27 22:52:26,441: -PUB [/usb_cam/image_raw] /usb_cam http://itachi-HP-Pavilion-Laptop-15-cc1xx:42673/
[rosmaster.master][INFO] 2019-12-27 22:52:26,442: -PUB [/usb_cam/image_raw/theora] /usb_cam http://itachi-HP-Pavilion-Laptop-15-cc1xx:42673/
[rosmaster.master][INFO] 2019-12-27 22:52:26,442: -PUB [/usb_cam/image_raw/theora/parameter_descriptions] /usb_cam http://itachi-HP-Pavilion-Laptop-15-cc1xx:42673/
[rosmaster.master][INFO] 2019-12-27 22:52:26,443: -PUB [/usb_cam/image_raw/theora/parameter_updates] /usb_cam http://itachi-HP-Pavilion-Laptop-15-cc1xx:42673/
[rosmaster.master][INFO] 2019-12-27 22:52:26,444: -PUB [/usb_cam/camera_info] /usb_cam http://itachi-HP-Pavilion-Laptop-15-cc1xx:42673/
[rosmaster.master][INFO] 2019-12-27 22:52:26,445: -SERVICE [/usb_cam/get_loggers] /usb_cam rosrpc://itachi-HP-Pavilion-Laptop-15-cc1xx:58835
[rosmaster.master][INFO] 2019-12-27 22:52:26,445: -SERVICE [/usb_cam/set_logger_level] /usb_cam rosrpc://itachi-HP-Pavilion-Laptop-15-cc1xx:58835
[rosmaster.master][INFO] 2019-12-27 22:52:26,446: -SERVICE [/usb_cam/image_raw/compressedDepth/set_parameters] /usb_cam rosrpc://itachi-HP-Pavilion-Laptop-15-cc1xx:58835
[rosmaster.master][INFO] 2019-12-27 22:52:26,446: -SERVICE [/usb_cam/image_raw/compressed/set_parameters] /usb_cam rosrpc://itachi-HP-Pavilion-Laptop-15-cc1xx:58835
[rosmaster.master][INFO] 2019-12-27 22:52:26,447: -SERVICE [/usb_cam/image_raw/theora/set_parameters] /usb_cam rosrpc://itachi-HP-Pavilion-Laptop-15-cc1xx:58835
[rosmaster.master][INFO] 2019-12-27 22:52:26,447: -SERVICE [/usb_cam/set_camera_info] /usb_cam rosrpc://itachi-HP-Pavilion-Laptop-15-cc1xx:58835
[rosmaster.master][INFO] 2019-12-27 22:52:26,448: -SERVICE [/usb_cam/start_capture] /usb_cam rosrpc://itachi-HP-Pavilion-Laptop-15-cc1xx:58835
[rosmaster.master][INFO] 2019-12-27 22:52:26,448: -SERVICE [/usb_cam/stop_capture] /usb_cam rosrpc://itachi-HP-Pavilion-Laptop-15-cc1xx:58835
[rosmaster.master][INFO] 2019-12-27 22:52:26,502: -PUB [/rosout] /usb_cam/image_proc http://itachi-HP-Pavilion-Laptop-15-cc1xx:38681/
[rosmaster.master][INFO] 2019-12-27 22:52:26,503: -PUB [/usb_cam/image_proc_debayer/parameter_descriptions] /usb_cam/image_proc http://itachi-HP-Pavilion-Laptop-15-cc1xx:38681/
[rosmaster.master][INFO] 2019-12-27 22:52:26,503: -PUB [/usb_cam/image_proc_debayer/parameter_updates] /usb_cam/image_proc http://itachi-HP-Pavilion-Laptop-15-cc1xx:38681/
[rosmaster.master][INFO] 2019-12-27 22:52:26,504: -PUB [/usb_cam/image_mono/compressedDepth] /usb_cam/image_proc http://itachi-HP-Pavilion-Laptop-15-cc1xx:38681/
[rosmaster.master][INFO] 2019-12-27 22:52:26,504: -PUB [/usb_cam/image_mono/compressedDepth/parameter_descriptions] /usb_cam/image_proc http://itachi-HP-Pavilion-Laptop-15-cc1xx:38681/
[rosmaster.master][INFO] 2019-12-27 22:52:26,505: -PUB [/usb_cam/image_mono/compressedDepth/parameter_updates] /usb_cam/image_proc http://itachi-HP-Pavilion-Laptop-15-cc1xx:38681/
[rosmaster.master][INFO] 2019-12-27 22:52:26,505: -PUB [/usb_cam/image_mono/compressed] /usb_cam/image_proc http://itachi-HP-Pavilion-Laptop-15-cc1xx:38681/
[rosmaster.master][INFO] 2019-12-27 22:52:26,506: -PUB [/usb_cam/image_mono/compressed/parameter_descriptions] /usb_cam/image_proc http://itachi-HP-Pavilion-Laptop-15-cc1xx:38681/
[rosmaster.master][INFO] 2019-12-27 22:52:26,506: -PUB [/usb_cam/image_mono/compressed/parameter_updates] /usb_cam/image_proc http://itachi-HP-Pavilion-Laptop-15-cc1xx:38681/
[rosmaster.master][INFO] 2019-12-27 22:52:26,507: -PUB [/usb_cam/image_mono] /usb_cam/image_proc http://itachi-HP-Pavilion-Laptop-15-cc1xx:38681/
[rosmaster.master][INFO] 2019-12-27 22:52:26,507: -PUB [/usb_cam/image_mono/theora] /usb_cam/image_proc http://itachi-HP-Pavilion-Laptop-15-cc1xx:38681/
[rosmaster.master][INFO] 2019-12-27 22:52:26,508: -PUB [/usb_cam/image_mono/theora/parameter_descriptions] /usb_cam/image_proc http://itachi-HP-Pavilion-Laptop-15-cc1xx:38681/
[rosmaster.master][INFO] 2019-12-27 22:52:26,509: -PUB [/usb_cam/image_mono/theora/parameter_updates] /usb_cam/image_proc http://itachi-HP-Pavilion-Laptop-15-cc1xx:38681/
[rosmaster.master][INFO] 2019-12-27 22:52:26,509: -PUB [/usb_cam/image_color/compressedDepth] /usb_cam/image_proc http://itachi-HP-Pavilion-Laptop-15-cc1xx:38681/
[rosmaster.master][INFO] 2019-12-27 22:52:26,510: -PUB [/usb_cam/image_color/compressedDepth/parameter_descriptions] /usb_cam/image_proc http://itachi-HP-Pavilion-Laptop-15-cc1xx:38681/
[rosmaster.master][INFO] 2019-12-27 22:52:26,510: -PUB [/usb_cam/image_color/compressedDepth/parameter_updates] /usb_cam/image_proc http://itachi-HP-Pavilion-Laptop-15-cc1xx:38681/
[rosmaster.master][INFO] 2019-12-27 22:52:26,511: -PUB [/usb_cam/image_color/compressed] /usb_cam/image_proc http://itachi-HP-Pavilion-Laptop-15-cc1xx:38681/
[rosmaster.master][INFO] 2019-12-27 22:52:26,512: -PUB [/usb_cam/image_color/compressed/parameter_descriptions] /usb_cam/image_proc http://itachi-HP-Pavilion-Laptop-15-cc1xx:38681/
[rosmaster.master][INFO] 2019-12-27 22:52:26,512: -PUB [/usb_cam/image_color/compressed/parameter_updates] /usb_cam/image_proc http://itachi-HP-Pavilion-Laptop-15-cc1xx:38681/
[rosmaster.master][INFO] 2019-12-27 22:52:26,513: -PUB [/usb_cam/image_color] /usb_cam/image_proc http://itachi-HP-Pavilion-Laptop-15-cc1xx:38681/
[rosmaster.master][INFO] 2019-12-27 22:52:26,513: -PUB [/usb_cam/image_color/theora] /usb_cam/image_proc http://itachi-HP-Pavilion-Laptop-15-cc1xx:38681/
[rosmaster.master][INFO] 2019-12-27 22:52:26,514: -PUB [/usb_cam/image_color/theora/parameter_descriptions] /usb_cam/image_proc http://itachi-HP-Pavilion-Laptop-15-cc1xx:38681/
[rosmaster.master][INFO] 2019-12-27 22:52:26,514: -PUB [/usb_cam/image_color/theora/parameter_updates] /usb_cam/image_proc http://itachi-HP-Pavilion-Laptop-15-cc1xx:38681/
[rosmaster.master][INFO] 2019-12-27 22:52:26,515: -PUB [/usb_cam/image_proc_rectify_mono/parameter_descriptions] /usb_cam/image_proc http://itachi-HP-Pavilion-Laptop-15-cc1xx:38681/
[rosmaster.master][INFO] 2019-12-27 22:52:26,515: -PUB [/usb_cam/image_proc_rectify_mono/parameter_updates] /usb_cam/image_proc http://itachi-HP-Pavilion-Laptop-15-cc1xx:38681/
[rosmaster.master][INFO] 2019-12-27 22:52:26,516: -PUB [/usb_cam/image_rect/compressedDepth] /usb_cam/image_proc http://itachi-HP-Pavilion-Laptop-15-cc1xx:38681/
[rosmaster.master][INFO] 2019-12-27 22:52:26,516: -PUB [/usb_cam/image_rect/compressedDepth/parameter_descriptions] /usb_cam/image_proc http://itachi-HP-Pavilion-Laptop-15-cc1xx:38681/
[rosmaster.master][INFO] 2019-12-27 22:52:26,517: -PUB [/usb_cam/image_rect/compressedDepth/parameter_updates] /usb_cam/image_proc http://itachi-HP-Pavilion-Laptop-15-cc1xx:38681/
[rosmaster.master][INFO] 2019-12-27 22:52:26,517: -PUB [/usb_cam/image_rect/compressed] /usb_cam/image_proc http://itachi-HP-Pavilion-Laptop-15-cc1xx:38681/
[rosmaster.master][INFO] 2019-12-27 22:52:26,518: -PUB [/usb_cam/image_rect/compressed/parameter_descriptions] /usb_cam/image_proc http://itachi-HP-Pavilion-Laptop-15-cc1xx:38681/
[rosmaster.master][INFO] 2019-12-27 22:52:26,518: -PUB [/usb_cam/image_rect/compressed/parameter_updates] /usb_cam/image_proc http://itachi-HP-Pavilion-Laptop-15-cc1xx:38681/
[rosmaster.master][INFO] 2019-12-27 22:52:26,519: -PUB [/usb_cam/image_rect] /usb_cam/image_proc http://itachi-HP-Pavilion-Laptop-15-cc1xx:38681/
[rosmaster.master][INFO] 2019-12-27 22:52:26,520: -PUB [/usb_cam/image_rect/theora] /usb_cam/image_proc http://itachi-HP-Pavilion-Laptop-15-cc1xx:38681/
[rosmaster.master][INFO] 2019-12-27 22:52:26,520: -PUB [/usb_cam/image_rect/theora/parameter_descriptions] /usb_cam/image_proc http://itachi-HP-Pavilion-Laptop-15-cc1xx:38681/
[rosmaster.master][INFO] 2019-12-27 22:52:26,521: publisherUpdate[/usb_cam/image_raw] -> http://itachi-HP-Pavilion-Laptop-15-cc1xx:38681/ []
[rosmaster.master][INFO] 2019-12-27 22:52:26,521: publisherUpdate[/rosout] -> http://itachi-HP-Pavilion-Laptop-15-cc1xx:35221/ ['http://itachi-HP-Pavilion-Laptop-15-cc1xx:32883/']
[rosmaster.master][INFO] 2019-12-27 22:52:26,521: -PUB [/usb_cam/image_rect/theora/parameter_updates] /usb_cam/image_proc http://itachi-HP-Pavilion-Laptop-15-cc1xx:38681/
[rosmaster.master][INFO] 2019-12-27 22:52:26,523: publisherUpdate[/usb_cam/image_raw] -> http://itachi-HP-Pavilion-Laptop-15-cc1xx:38681/ []: sec=0.00, exception=<Fault -1: 'publisherUpdate: unknown method name'>
[rosmaster.master][INFO] 2019-12-27 22:52:26,523: publisherUpdate[/rosout] -> http://itachi-HP-Pavilion-Laptop-15-cc1xx:35221/ ['http://itachi-HP-Pavilion-Laptop-15-cc1xx:32883/']: sec=0.00, result=[1, '', 0]
[rosmaster.master][INFO] 2019-12-27 22:52:26,524: publisherUpdate[/usb_cam/camera_info] -> http://itachi-HP-Pavilion-Laptop-15-cc1xx:38681/ []
[rosmaster.master][INFO] 2019-12-27 22:52:26,524: -PUB [/usb_cam/image_proc_rectify_color/parameter_descriptions] /usb_cam/image_proc http://itachi-HP-Pavilion-Laptop-15-cc1xx:38681/
[rosmaster.master][INFO] 2019-12-27 22:52:26,525: publisherUpdate[/usb_cam/camera_info] -> http://itachi-HP-Pavilion-Laptop-15-cc1xx:38681/ []: sec=0.00, exception=<Fault -1: 'publisherUpdate: unknown method name'>
[rosmaster.master][INFO] 2019-12-27 22:52:26,525: -PUB [/usb_cam/image_proc_rectify_color/parameter_updates] /usb_cam/image_proc http://itachi-HP-Pavilion-Laptop-15-cc1xx:38681/
[rosmaster.master][INFO] 2019-12-27 22:52:26,527: -PUB [/usb_cam/image_rect_color/compressedDepth] /usb_cam/image_proc http://itachi-HP-Pavilion-Laptop-15-cc1xx:38681/
[rosmaster.threadpool][ERROR] 2019-12-27 22:52:26,527: Traceback (most recent call last):
  File "/opt/ros/kinetic/lib/python2.7/dist-packages/rosmaster/threadpool.py", line 218, in run
    result = cmd(*args)
  File "/opt/ros/kinetic/lib/python2.7/dist-packages/rosmaster/master_api.py", line 210, in publisher_update_task
    ret = xmlrpcapi(api).publisherUpdate('/master', topic, pub_uris)
  File "/usr/lib/python2.7/xmlrpclib.py", line 1243, in __call__
    return self.__send(self.__name, args)
  File "/usr/lib/python2.7/xmlrpclib.py", line 1602, in __request
    verbose=self.__verbose
  File "/usr/lib/python2.7/xmlrpclib.py", line 1283, in request
    return self.single_request(host, handler, request_body, verbose)
  File "/usr/lib/python2.7/xmlrpclib.py", line 1316, in single_request
    return self.parse_response(response)
  File "/usr/lib/python2.7/xmlrpclib.py", line 1493, in parse_response
    return u.close()
  File "/usr/lib/python2.7/xmlrpclib.py", line 800, in close
    raise Fault(**self._stack[0])
Fault: <Fault -1: 'publisherUpdate: unknown method name'>

[rosmaster.threadpool][ERROR] 2019-12-27 22:52:26,527: Traceback (most recent call last):
  File "/opt/ros/kinetic/lib/python2.7/dist-packages/rosmaster/threadpool.py", line 218, in run
    result = cmd(*args)
  File "/opt/ros/kinetic/lib/python2.7/dist-packages/rosmaster/master_api.py", line 210, in publisher_update_task
    ret = xmlrpcapi(api).publisherUpdate('/master', topic, pub_uris)
  File "/usr/lib/python2.7/xmlrpclib.py", line 1243, in __call__
    return self.__send(self.__name, args)
  File "/usr/lib/python2.7/xmlrpclib.py", line 1602, in __request
    verbose=self.__verbose
  File "/usr/lib/python2.7/xmlrpclib.py", line 1283, in request
    return self.single_request(host, handler, request_body, verbose)
  File "/usr/lib/python2.7/xmlrpclib.py", line 1316, in single_request
    return self.parse_response(response)
  File "/usr/lib/python2.7/xmlrpclib.py", line 1493, in parse_response
    return u.close()
  File "/usr/lib/python2.7/xmlrpclib.py", line 800, in close
    raise Fault(**self._stack[0])
Fault: <Fault -1: 'publisherUpdate: unknown method name'>

[rosmaster.master][INFO] 2019-12-27 22:52:26,528: -PUB [/usb_cam/image_rect_color/compressedDepth/parameter_descriptions] /usb_cam/image_proc http://itachi-HP-Pavilion-Laptop-15-cc1xx:38681/
[rosmaster.master][INFO] 2019-12-27 22:52:26,528: publisherUpdate[/usb_cam/image_color] -> http://itachi-HP-Pavilion-Laptop-15-cc1xx:38681/ []
[rosmaster.master][INFO] 2019-12-27 22:52:26,529: publisherUpdate[/usb_cam/image_color] -> http://itachi-HP-Pavilion-Laptop-15-cc1xx:38681/ []: sec=0.00, exception=<Fault -1: 'publisherUpdate: unknown method name'>
[rosmaster.master][INFO] 2019-12-27 22:52:26,529: -PUB [/usb_cam/image_rect_color/compressedDepth/parameter_updates] /usb_cam/image_proc http://itachi-HP-Pavilion-Laptop-15-cc1xx:38681/
[rosmaster.threadpool][ERROR] 2019-12-27 22:52:26,529: Traceback (most recent call last):
  File "/opt/ros/kinetic/lib/python2.7/dist-packages/rosmaster/threadpool.py", line 218, in run
    result = cmd(*args)
  File "/opt/ros/kinetic/lib/python2.7/dist-packages/rosmaster/master_api.py", line 210, in publisher_update_task
    ret = xmlrpcapi(api).publisherUpdate('/master', topic, pub_uris)
  File "/usr/lib/python2.7/xmlrpclib.py", line 1243, in __call__
    return self.__send(self.__name, args)
  File "/usr/lib/python2.7/xmlrpclib.py", line 1602, in __request
    verbose=self.__verbose
  File "/usr/lib/python2.7/xmlrpclib.py", line 1283, in request
    return self.single_request(host, handler, request_body, verbose)
  File "/usr/lib/python2.7/xmlrpclib.py", line 1316, in single_request
    return self.parse_response(response)
  File "/usr/lib/python2.7/xmlrpclib.py", line 1493, in parse_response
    return u.close()
  File "/usr/lib/python2.7/xmlrpclib.py", line 800, in close
    raise Fault(**self._stack[0])
Fault: <Fault -1: 'publisherUpdate: unknown method name'>

[rosmaster.master][INFO] 2019-12-27 22:52:26,530: -PUB [/usb_cam/image_rect_color/compressed] /usb_cam/image_proc http://itachi-HP-Pavilion-Laptop-15-cc1xx:38681/
[rosmaster.master][INFO] 2019-12-27 22:52:26,531: -PUB [/usb_cam/image_rect_color/compressed/parameter_descriptions] /usb_cam/image_proc http://itachi-HP-Pavilion-Laptop-15-cc1xx:38681/
[rosmaster.master][INFO] 2019-12-27 22:52:26,531: -PUB [/usb_cam/image_rect_color/compressed/parameter_updates] /usb_cam/image_proc http://itachi-HP-Pavilion-Laptop-15-cc1xx:38681/
[rosmaster.master][INFO] 2019-12-27 22:52:26,532: -PUB [/usb_cam/image_rect_color] /usb_cam/image_proc http://itachi-HP-Pavilion-Laptop-15-cc1xx:38681/
[rosmaster.master][INFO] 2019-12-27 22:52:26,532: -PUB [/usb_cam/image_rect_color/theora] /usb_cam/image_proc http://itachi-HP-Pavilion-Laptop-15-cc1xx:38681/
[rosmaster.master][INFO] 2019-12-27 22:52:26,533: -PUB [/usb_cam/image_rect_color/theora/parameter_descriptions] /usb_cam/image_proc http://itachi-HP-Pavilion-Laptop-15-cc1xx:38681/
[rosmaster.master][INFO] 2019-12-27 22:52:26,533: -PUB [/usb_cam/image_rect_color/theora/parameter_updates] /usb_cam/image_proc http://itachi-HP-Pavilion-Laptop-15-cc1xx:38681/
[rosmaster.master][INFO] 2019-12-27 22:52:26,534: -SUB [/usb_cam/image_color] /usb_cam/image_proc http://itachi-HP-Pavilion-Laptop-15-cc1xx:38681/
[rosmaster.master][INFO] 2019-12-27 22:52:26,534: -SUB [/usb_cam/camera_info] /usb_cam/image_proc http://itachi-HP-Pavilion-Laptop-15-cc1xx:38681/
[rosmaster.master][INFO] 2019-12-27 22:52:26,535: -SUB [/usb_cam/image_raw] /usb_cam/image_proc http://itachi-HP-Pavilion-Laptop-15-cc1xx:38681/
[rosmaster.master][INFO] 2019-12-27 22:52:26,536: -SERVICE [/usb_cam/image_proc/get_loggers] /usb_cam/image_proc rosrpc://itachi-HP-Pavilion-Laptop-15-cc1xx:47723
[rosmaster.master][INFO] 2019-12-27 22:52:26,536: -SERVICE [/usb_cam/image_proc/set_logger_level] /usb_cam/image_proc rosrpc://itachi-HP-Pavilion-Laptop-15-cc1xx:47723
[rosmaster.master][INFO] 2019-12-27 22:52:26,537: -SERVICE [/usb_cam/image_proc_debayer/set_parameters] /usb_cam/image_proc rosrpc://itachi-HP-Pavilion-Laptop-15-cc1xx:47723
[rosmaster.master][INFO] 2019-12-27 22:52:26,537: -SERVICE [/usb_cam/image_mono/compressedDepth/set_parameters] /usb_cam/image_proc rosrpc://itachi-HP-Pavilion-Laptop-15-cc1xx:47723
[rosmaster.master][INFO] 2019-12-27 22:52:26,537: -SERVICE [/usb_cam/image_mono/compressed/set_parameters] /usb_cam/image_proc rosrpc://itachi-HP-Pavilion-Laptop-15-cc1xx:47723
[rosmaster.master][INFO] 2019-12-27 22:52:26,538: -SERVICE [/usb_cam/image_mono/theora/set_parameters] /usb_cam/image_proc rosrpc://itachi-HP-Pavilion-Laptop-15-cc1xx:47723
[rosmaster.master][INFO] 2019-12-27 22:52:26,538: -SERVICE [/usb_cam/image_color/compressedDepth/set_parameters] /usb_cam/image_proc rosrpc://itachi-HP-Pavilion-Laptop-15-cc1xx:47723
[rosmaster.master][INFO] 2019-12-27 22:52:26,539: -SERVICE [/usb_cam/image_color/compressed/set_parameters] /usb_cam/image_proc rosrpc://itachi-HP-Pavilion-Laptop-15-cc1xx:47723
[rosmaster.master][INFO] 2019-12-27 22:52:26,540: -SERVICE [/usb_cam/image_color/theora/set_parameters] /usb_cam/image_proc rosrpc://itachi-HP-Pavilion-Laptop-15-cc1xx:47723
[rosmaster.master][INFO] 2019-12-27 22:52:26,540: -PUB [/rosout] /whycon_display/image_view http://itachi-HP-Pavilion-Laptop-15-cc1xx:32883/
[rosmaster.master][INFO] 2019-12-27 22:52:26,541: -SERVICE [/usb_cam/image_proc_rectify_mono/set_parameters] /usb_cam/image_proc rosrpc://itachi-HP-Pavilion-Laptop-15-cc1xx:47723
[rosmaster.master][INFO] 2019-12-27 22:52:26,541: -PUB [/whycon_display/image_view/output] /whycon_display/image_view http://itachi-HP-Pavilion-Laptop-15-cc1xx:32883/
[rosmaster.master][INFO] 2019-12-27 22:52:26,541: publisherUpdate[/rosout] -> http://itachi-HP-Pavilion-Laptop-15-cc1xx:35221/ []
[rosmaster.master][INFO] 2019-12-27 22:52:26,542: -SERVICE [/usb_cam/image_rect/compressedDepth/set_parameters] /usb_cam/image_proc rosrpc://itachi-HP-Pavilion-Laptop-15-cc1xx:47723
[rosmaster.master][INFO] 2019-12-27 22:52:26,542: publisherUpdate[/rosout] -> http://itachi-HP-Pavilion-Laptop-15-cc1xx:35221/ []: sec=0.00, result=[1, '', 0]
[rosmaster.master][INFO] 2019-12-27 22:52:26,543: -PUB [/whycon_display/image_view/parameter_descriptions] /whycon_display/image_view http://itachi-HP-Pavilion-Laptop-15-cc1xx:32883/
[rosmaster.master][INFO] 2019-12-27 22:52:26,543: -SERVICE [/usb_cam/image_rect/compressed/set_parameters] /usb_cam/image_proc rosrpc://itachi-HP-Pavilion-Laptop-15-cc1xx:47723
[rosmaster.master][INFO] 2019-12-27 22:52:26,544: -PUB [/whycon_display/image_view/parameter_updates] /whycon_display/image_view http://itachi-HP-Pavilion-Laptop-15-cc1xx:32883/
[rosmaster.master][INFO] 2019-12-27 22:52:26,545: -SERVICE [/usb_cam/image_rect/theora/set_parameters] /usb_cam/image_proc rosrpc://itachi-HP-Pavilion-Laptop-15-cc1xx:47723
[rosmaster.master][INFO] 2019-12-27 22:52:26,545: -SUB [/whycon/image_out] /whycon_display/image_view http://itachi-HP-Pavilion-Laptop-15-cc1xx:32883/
[rosmaster.master][INFO] 2019-12-27 22:52:26,546: -SERVICE [/usb_cam/image_proc_rectify_color/set_parameters] /usb_cam/image_proc rosrpc://itachi-HP-Pavilion-Laptop-15-cc1xx:47723
[rosmaster.master][INFO] 2019-12-27 22:52:26,546: -SERVICE [/whycon_display/image_view/get_loggers] /whycon_display/image_view rosrpc://itachi-HP-Pavilion-Laptop-15-cc1xx:47303
[rosmaster.master][INFO] 2019-12-27 22:52:26,547: -SERVICE [/usb_cam/image_rect_color/compressedDepth/set_parameters] /usb_cam/image_proc rosrpc://itachi-HP-Pavilion-Laptop-15-cc1xx:47723
[rosmaster.master][INFO] 2019-12-27 22:52:26,547: -SERVICE [/whycon_display/image_view/set_logger_level] /whycon_display/image_view rosrpc://itachi-HP-Pavilion-Laptop-15-cc1xx:47303
[rosmaster.master][INFO] 2019-12-27 22:52:26,548: -SERVICE [/usb_cam/image_rect_color/compressed/set_parameters] /usb_cam/image_proc rosrpc://itachi-HP-Pavilion-Laptop-15-cc1xx:47723
[rosmaster.master][INFO] 2019-12-27 22:52:26,548: -SERVICE [/whycon_display/image_view/set_parameters] /whycon_display/image_view rosrpc://itachi-HP-Pavilion-Laptop-15-cc1xx:47303
[rosmaster.master][INFO] 2019-12-27 22:52:26,549: -SERVICE [/usb_cam/image_rect_color/theora/set_parameters] /usb_cam/image_proc rosrpc://itachi-HP-Pavilion-Laptop-15-cc1xx:47723
[rosmaster.master][INFO] 2019-12-27 22:52:28,547: -PUB [/rosout_agg] /rosout http://itachi-HP-Pavilion-Laptop-15-cc1xx:35221/
[rosmaster.master][INFO] 2019-12-27 22:52:28,548: -SUB [/rosout] /rosout http://itachi-HP-Pavilion-Laptop-15-cc1xx:35221/
[rosmaster.master][INFO] 2019-12-27 22:52:28,548: -SERVICE [/rosout/get_loggers] /rosout rosrpc://itachi-HP-Pavilion-Laptop-15-cc1xx:38959
[rosmaster.master][INFO] 2019-12-27 22:52:28,549: -SERVICE [/rosout/set_logger_level] /rosout rosrpc://itachi-HP-Pavilion-Laptop-15-cc1xx:38959
[rosmaster.main][INFO] 2019-12-27 22:52:28,620: keyboard interrupt, will exit
[rosmaster.main][INFO] 2019-12-27 22:52:28,620: stopping master...
[rospy.core][INFO] 2019-12-27 22:52:28,620: signal_shutdown [atexit]
