[rosmaster.main][INFO] 2020-02-05 21:56:41,113: initialization complete, waiting for shutdown
[rosmaster.main][INFO] 2020-02-05 21:56:41,113: Starting ROS Master Node
[xmlrpc][INFO] 2020-02-05 21:56:41,114: XML-RPC server binding to 0.0.0.0:11311
[xmlrpc][INFO] 2020-02-05 21:56:41,114: Started XML-RPC server [http://itachi-HP-Pavilion-Laptop-15-cc1xx:11311/]
[rosmaster.master][INFO] 2020-02-05 21:56:41,114: Master initialized: port[11311], uri[http://itachi-HP-Pavilion-Laptop-15-cc1xx:11311/]
[xmlrpc][INFO] 2020-02-05 21:56:41,115: xml rpc node: starting XML-RPC server
[rosmaster.master][INFO] 2020-02-05 21:56:41,167: +PARAM [/run_id] by /roslaunch
[rosmaster.master][INFO] 2020-02-05 21:56:41,169: +PARAM [/roslaunch/uris/host_itachi_hp_pavilion_laptop_15_cc1xx__35767] by /roslaunch
[rosmaster.master][INFO] 2020-02-05 21:56:41,267: +PARAM [/usb_cam/image_width] by /roslaunch
[rosmaster.master][INFO] 2020-02-05 21:56:41,267: +PARAM [/usb_cam/video_device] by /roslaunch
[rosmaster.master][INFO] 2020-02-05 21:56:41,267: +PARAM [/rosdistro] by /roslaunch
[rosmaster.master][INFO] 2020-02-05 21:56:41,267: +PARAM [/serial_node/baud] by /roslaunch
[rosmaster.master][INFO] 2020-02-05 21:56:41,267: +PARAM [/whycon/targets] by /roslaunch
[rosmaster.master][INFO] 2020-02-05 21:56:41,267: +PARAM [/usb_cam/pixel_format] by /roslaunch
[rosmaster.master][INFO] 2020-02-05 21:56:41,267: +PARAM [/usb_cam/io_method] by /roslaunch
[rosmaster.master][INFO] 2020-02-05 21:56:41,267: +PARAM [/usb_cam/camera_frame_id] by /roslaunch
[rosmaster.master][INFO] 2020-02-05 21:56:41,267: +PARAM [/whycon/name] by /roslaunch
[rosmaster.master][INFO] 2020-02-05 21:56:41,267: +PARAM [/rosversion] by /roslaunch
[rosmaster.master][INFO] 2020-02-05 21:56:41,267: +PARAM [/whycon/outer_diameter] by /roslaunch
[rosmaster.master][INFO] 2020-02-05 21:56:41,268: +PARAM [/usb_cam/image_height] by /roslaunch
[rosmaster.master][INFO] 2020-02-05 21:56:41,268: +PARAM [/serial_node/port] by /roslaunch
[rosmaster.master][INFO] 2020-02-05 21:56:41,268: +PARAM [/whycon/inner_diameter] by /roslaunch
[rosmaster.master][INFO] 2020-02-05 21:56:41,269: +SERVICE [/rosout/get_loggers] /rosout http://itachi-HP-Pavilion-Laptop-15-cc1xx:44561/
[rosmaster.master][INFO] 2020-02-05 21:56:41,269: +SERVICE [/rosout/set_logger_level] /rosout http://itachi-HP-Pavilion-Laptop-15-cc1xx:44561/
[rosmaster.master][INFO] 2020-02-05 21:56:41,271: +PUB [/rosout_agg] /rosout http://itachi-HP-Pavilion-Laptop-15-cc1xx:44561/
[rosmaster.master][INFO] 2020-02-05 21:56:41,273: +SUB [/rosout] /rosout http://itachi-HP-Pavilion-Laptop-15-cc1xx:44561/
[rosmaster.master][INFO] 2020-02-05 21:56:41,298: +PUB [/rosout] /usb_cam http://itachi-HP-Pavilion-Laptop-15-cc1xx:33231/
[rosmaster.master][INFO] 2020-02-05 21:56:41,299: +SERVICE [/usb_cam/get_loggers] /usb_cam http://itachi-HP-Pavilion-Laptop-15-cc1xx:33231/
[rosmaster.master][INFO] 2020-02-05 21:56:41,300: +SERVICE [/usb_cam/set_logger_level] /usb_cam http://itachi-HP-Pavilion-Laptop-15-cc1xx:33231/
[rosmaster.master][INFO] 2020-02-05 21:56:41,306: +PUB [/rosout] /usb_cam/image_proc http://itachi-HP-Pavilion-Laptop-15-cc1xx:39923/
[rosmaster.master][INFO] 2020-02-05 21:56:41,306: +SERVICE [/usb_cam/image_proc/get_loggers] /usb_cam/image_proc http://itachi-HP-Pavilion-Laptop-15-cc1xx:39923/
[rosmaster.master][INFO] 2020-02-05 21:56:41,307: +SERVICE [/usb_cam/image_proc/set_logger_level] /usb_cam/image_proc http://itachi-HP-Pavilion-Laptop-15-cc1xx:39923/
[rosmaster.master][INFO] 2020-02-05 21:56:41,314: publisherUpdate[/rosout] -> http://itachi-HP-Pavilion-Laptop-15-cc1xx:44561/ ['http://itachi-HP-Pavilion-Laptop-15-cc1xx:33231/']
[rosmaster.master][INFO] 2020-02-05 21:56:41,316: publisherUpdate[/rosout] -> http://itachi-HP-Pavilion-Laptop-15-cc1xx:44561/ ['http://itachi-HP-Pavilion-Laptop-15-cc1xx:33231/']: sec=0.00, result=[1, '', 0]
[rosmaster.master][INFO] 2020-02-05 21:56:41,316: publisherUpdate[/rosout] -> http://itachi-HP-Pavilion-Laptop-15-cc1xx:44561/ ['http://itachi-HP-Pavilion-Laptop-15-cc1xx:33231/', 'http://itachi-HP-Pavilion-Laptop-15-cc1xx:39923/']
[rosmaster.master][INFO] 2020-02-05 21:56:41,316: publisherUpdate[/rosout] -> http://itachi-HP-Pavilion-Laptop-15-cc1xx:44561/ ['http://itachi-HP-Pavilion-Laptop-15-cc1xx:33231/', 'http://itachi-HP-Pavilion-Laptop-15-cc1xx:39923/']: sec=0.00, result=[1, '', 0]
[rosmaster.master][INFO] 2020-02-05 21:56:41,322: +PUB [/rosout] /whycon http://itachi-HP-Pavilion-Laptop-15-cc1xx:40909/
[rosmaster.master][INFO] 2020-02-05 21:56:41,324: +SERVICE [/whycon/get_loggers] /whycon http://itachi-HP-Pavilion-Laptop-15-cc1xx:40909/
[rosmaster.master][INFO] 2020-02-05 21:56:41,325: +SERVICE [/whycon/set_logger_level] /whycon http://itachi-HP-Pavilion-Laptop-15-cc1xx:40909/
[rosmaster.master][INFO] 2020-02-05 21:56:41,334: +PUB [/rosout] /whycon_display/image_view http://itachi-HP-Pavilion-Laptop-15-cc1xx:46385/
[rosmaster.master][INFO] 2020-02-05 21:56:41,335: +SERVICE [/whycon_display/image_view/get_loggers] /whycon_display/image_view http://itachi-HP-Pavilion-Laptop-15-cc1xx:46385/
[rosmaster.master][INFO] 2020-02-05 21:56:41,335: +SERVICE [/whycon_display/image_view/set_logger_level] /whycon_display/image_view http://itachi-HP-Pavilion-Laptop-15-cc1xx:46385/
[rosmaster.master][INFO] 2020-02-05 21:56:41,337: +SERVICE [/usb_cam/image_proc_debayer/set_parameters] /usb_cam/image_proc http://itachi-HP-Pavilion-Laptop-15-cc1xx:39923/
[rosmaster.master][INFO] 2020-02-05 21:56:41,338: +PUB [/usb_cam/image_proc_debayer/parameter_descriptions] /usb_cam/image_proc http://itachi-HP-Pavilion-Laptop-15-cc1xx:39923/
[rosmaster.master][INFO] 2020-02-05 21:56:41,339: +PUB [/usb_cam/image_proc_debayer/parameter_updates] /usb_cam/image_proc http://itachi-HP-Pavilion-Laptop-15-cc1xx:39923/
[rosmaster.master][INFO] 2020-02-05 21:56:41,341: +PARAM [/usb_cam/image_proc_debayer/debayer] by /usb_cam/image_proc
[rosmaster.master][INFO] 2020-02-05 21:56:41,342: +PARAM [/usb_cam/image_proc_debayer/debayer] by /usb_cam/image_proc
[rosmaster.master][INFO] 2020-02-05 21:56:41,344: +PUB [/usb_cam/image_mono/compressedDepth] /usb_cam/image_proc http://itachi-HP-Pavilion-Laptop-15-cc1xx:39923/
[rosmaster.master][INFO] 2020-02-05 21:56:41,345: +SERVICE [/usb_cam/image_mono/compressedDepth/set_parameters] /usb_cam/image_proc http://itachi-HP-Pavilion-Laptop-15-cc1xx:39923/
[rosmaster.master][INFO] 2020-02-05 21:56:41,346: +PUB [/usb_cam/image_mono/compressedDepth/parameter_descriptions] /usb_cam/image_proc http://itachi-HP-Pavilion-Laptop-15-cc1xx:39923/
[rosmaster.master][INFO] 2020-02-05 21:56:41,347: +PUB [/usb_cam/image_mono/compressedDepth/parameter_updates] /usb_cam/image_proc http://itachi-HP-Pavilion-Laptop-15-cc1xx:39923/
[rosmaster.master][INFO] 2020-02-05 21:56:41,348: +PUB [/usb_cam/image_raw/compressedDepth] /usb_cam http://itachi-HP-Pavilion-Laptop-15-cc1xx:33231/
[rosmaster.master][INFO] 2020-02-05 21:56:41,350: +SERVICE [/usb_cam/image_raw/compressedDepth/set_parameters] /usb_cam http://itachi-HP-Pavilion-Laptop-15-cc1xx:33231/
[rosmaster.master][INFO] 2020-02-05 21:56:41,351: +PARAM [/usb_cam/image_mono/compressedDepth/depth_max] by /usb_cam/image_proc
[rosmaster.master][INFO] 2020-02-05 21:56:41,352: +PUB [/usb_cam/image_raw/compressedDepth/parameter_descriptions] /usb_cam http://itachi-HP-Pavilion-Laptop-15-cc1xx:33231/
[rosmaster.master][INFO] 2020-02-05 21:56:41,352: +PARAM [/usb_cam/image_mono/compressedDepth/depth_quantization] by /usb_cam/image_proc
[rosmaster.master][INFO] 2020-02-05 21:56:41,356: +PUB [/usb_cam/image_raw/compressedDepth/parameter_updates] /usb_cam http://itachi-HP-Pavilion-Laptop-15-cc1xx:33231/
[rosmaster.master][INFO] 2020-02-05 21:56:41,356: +PARAM [/usb_cam/image_mono/compressedDepth/png_level] by /usb_cam/image_proc
[rosmaster.master][INFO] 2020-02-05 21:56:41,358: +PARAM [/usb_cam/image_mono/compressedDepth/depth_max] by /usb_cam/image_proc
[rosmaster.master][INFO] 2020-02-05 21:56:41,360: +PARAM [/usb_cam/image_mono/compressedDepth/depth_quantization] by /usb_cam/image_proc
[rosmaster.master][INFO] 2020-02-05 21:56:41,361: +PARAM [/usb_cam/image_raw/compressedDepth/depth_max] by /usb_cam
[rosmaster.master][INFO] 2020-02-05 21:56:41,362: +PARAM [/usb_cam/image_mono/compressedDepth/png_level] by /usb_cam/image_proc
[rosmaster.master][INFO] 2020-02-05 21:56:41,363: +PARAM [/usb_cam/image_raw/compressedDepth/depth_quantization] by /usb_cam
[rosmaster.master][INFO] 2020-02-05 21:56:41,364: +PUB [/usb_cam/image_mono/compressed] /usb_cam/image_proc http://itachi-HP-Pavilion-Laptop-15-cc1xx:39923/
[rosmaster.master][INFO] 2020-02-05 21:56:41,365: +PARAM [/usb_cam/image_raw/compressedDepth/png_level] by /usb_cam
[rosmaster.master][INFO] 2020-02-05 21:56:41,365: +SERVICE [/usb_cam/image_mono/compressed/set_parameters] /usb_cam/image_proc http://itachi-HP-Pavilion-Laptop-15-cc1xx:39923/
[rosmaster.master][INFO] 2020-02-05 21:56:41,366: +PARAM [/usb_cam/image_raw/compressedDepth/depth_max] by /usb_cam
[rosmaster.master][INFO] 2020-02-05 21:56:41,367: +PUB [/usb_cam/image_mono/compressed/parameter_descriptions] /usb_cam/image_proc http://itachi-HP-Pavilion-Laptop-15-cc1xx:39923/
[rosmaster.master][INFO] 2020-02-05 21:56:41,368: +PARAM [/usb_cam/image_raw/compressedDepth/depth_quantization] by /usb_cam
[rosmaster.master][INFO] 2020-02-05 21:56:41,368: +PUB [/usb_cam/image_mono/compressed/parameter_updates] /usb_cam/image_proc http://itachi-HP-Pavilion-Laptop-15-cc1xx:39923/
[rosmaster.master][INFO] 2020-02-05 21:56:41,369: +PARAM [/usb_cam/image_raw/compressedDepth/png_level] by /usb_cam
[rosmaster.master][INFO] 2020-02-05 21:56:41,372: +PUB [/usb_cam/image_raw/compressed] /usb_cam http://itachi-HP-Pavilion-Laptop-15-cc1xx:33231/
[rosmaster.master][INFO] 2020-02-05 21:56:41,374: +SERVICE [/usb_cam/image_raw/compressed/set_parameters] /usb_cam http://itachi-HP-Pavilion-Laptop-15-cc1xx:33231/
[rosmaster.master][INFO] 2020-02-05 21:56:41,374: +PARAM [/usb_cam/image_mono/compressed/format] by /usb_cam/image_proc
[rosmaster.master][INFO] 2020-02-05 21:56:41,375: +PUB [/usb_cam/image_raw/compressed/parameter_descriptions] /usb_cam http://itachi-HP-Pavilion-Laptop-15-cc1xx:33231/
[rosmaster.master][INFO] 2020-02-05 21:56:41,376: +PARAM [/usb_cam/image_mono/compressed/jpeg_quality] by /usb_cam/image_proc
[rosmaster.master][INFO] 2020-02-05 21:56:41,379: +PUB [/usb_cam/image_raw/compressed/parameter_updates] /usb_cam http://itachi-HP-Pavilion-Laptop-15-cc1xx:33231/
[rosmaster.master][INFO] 2020-02-05 21:56:41,380: +PARAM [/usb_cam/image_mono/compressed/png_level] by /usb_cam/image_proc
[rosmaster.master][INFO] 2020-02-05 21:56:41,381: +PUB [/tf] /whycon http://itachi-HP-Pavilion-Laptop-15-cc1xx:40909/
[rosmaster.master][INFO] 2020-02-05 21:56:41,381: +PARAM [/usb_cam/image_mono/compressed/format] by /usb_cam/image_proc
[rosmaster.master][INFO] 2020-02-05 21:56:41,383: +PARAM [/usb_cam/image_mono/compressed/jpeg_quality] by /usb_cam/image_proc
[rosmaster.master][INFO] 2020-02-05 21:56:41,385: +PARAM [/usb_cam/image_raw/compressed/format] by /usb_cam
[rosmaster.master][INFO] 2020-02-05 21:56:41,385: +PARAM [/usb_cam/image_mono/compressed/png_level] by /usb_cam/image_proc
[rosmaster.master][INFO] 2020-02-05 21:56:41,386: +PARAM [/usb_cam/image_raw/compressed/jpeg_quality] by /usb_cam
[rosmaster.master][INFO] 2020-02-05 21:56:41,387: +PUB [/usb_cam/image_mono] /usb_cam/image_proc http://itachi-HP-Pavilion-Laptop-15-cc1xx:39923/
[rosmaster.master][INFO] 2020-02-05 21:56:41,388: +PARAM [/usb_cam/image_raw/compressed/png_level] by /usb_cam
[rosmaster.master][INFO] 2020-02-05 21:56:41,389: +PARAM [/usb_cam/image_raw/compressed/format] by /usb_cam
[rosmaster.master][INFO] 2020-02-05 21:56:41,390: +PUB [/usb_cam/image_mono/theora] /usb_cam/image_proc http://itachi-HP-Pavilion-Laptop-15-cc1xx:39923/
[rosmaster.master][INFO] 2020-02-05 21:56:41,391: +PARAM [/usb_cam/image_raw/compressed/jpeg_quality] by /usb_cam
[rosmaster.master][INFO] 2020-02-05 21:56:41,392: +SERVICE [/usb_cam/image_mono/theora/set_parameters] /usb_cam/image_proc http://itachi-HP-Pavilion-Laptop-15-cc1xx:39923/
[rosmaster.master][INFO] 2020-02-05 21:56:41,393: +PARAM [/usb_cam/image_raw/compressed/png_level] by /usb_cam
[rosmaster.master][INFO] 2020-02-05 21:56:41,396: +PUB [/usb_cam/image_mono/theora/parameter_descriptions] /usb_cam/image_proc http://itachi-HP-Pavilion-Laptop-15-cc1xx:39923/
[rosmaster.master][INFO] 2020-02-05 21:56:41,396: +SUB [/usb_cam/image_rect_color] /whycon http://itachi-HP-Pavilion-Laptop-15-cc1xx:40909/
[rosmaster.master][INFO] 2020-02-05 21:56:41,397: +PUB [/usb_cam/image_raw] /usb_cam http://itachi-HP-Pavilion-Laptop-15-cc1xx:33231/
[rosmaster.master][INFO] 2020-02-05 21:56:41,398: +PUB [/usb_cam/image_mono/theora/parameter_updates] /usb_cam/image_proc http://itachi-HP-Pavilion-Laptop-15-cc1xx:39923/
[rosmaster.master][INFO] 2020-02-05 21:56:41,399: +PUB [/usb_cam/image_raw/theora] /usb_cam http://itachi-HP-Pavilion-Laptop-15-cc1xx:33231/
[rosmaster.master][INFO] 2020-02-05 21:56:41,401: +SERVICE [/usb_cam/image_raw/theora/set_parameters] /usb_cam http://itachi-HP-Pavilion-Laptop-15-cc1xx:33231/
[rosmaster.master][INFO] 2020-02-05 21:56:41,402: +PUB [/usb_cam/image_raw/theora/parameter_descriptions] /usb_cam http://itachi-HP-Pavilion-Laptop-15-cc1xx:33231/
[rosmaster.master][INFO] 2020-02-05 21:56:41,404: +PUB [/usb_cam/image_raw/theora/parameter_updates] /usb_cam http://itachi-HP-Pavilion-Laptop-15-cc1xx:33231/
[rosmaster.master][INFO] 2020-02-05 21:56:41,405: +SUB [/usb_cam/camera_info] /whycon http://itachi-HP-Pavilion-Laptop-15-cc1xx:40909/
[rosmaster.master][INFO] 2020-02-05 21:56:41,406: +PARAM [/usb_cam/image_mono/theora/optimize_for] by /usb_cam/image_proc
[rosmaster.master][INFO] 2020-02-05 21:56:41,407: +PUB [/whycon/image_out] /whycon http://itachi-HP-Pavilion-Laptop-15-cc1xx:40909/
[rosmaster.master][INFO] 2020-02-05 21:56:41,408: +PARAM [/usb_cam/image_mono/theora/target_bitrate] by /usb_cam/image_proc
[rosmaster.master][INFO] 2020-02-05 21:56:41,409: +PUB [/whycon/poses] /whycon http://itachi-HP-Pavilion-Laptop-15-cc1xx:40909/
[rosmaster.master][INFO] 2020-02-05 21:56:41,410: +PARAM [/usb_cam/image_mono/theora/quality] by /usb_cam/image_proc
[rosmaster.master][INFO] 2020-02-05 21:56:41,412: +PUB [/whycon/context] /whycon http://itachi-HP-Pavilion-Laptop-15-cc1xx:40909/
[rosmaster.master][INFO] 2020-02-05 21:56:41,413: +PARAM [/usb_cam/image_mono/theora/keyframe_frequency] by /usb_cam/image_proc
[rosmaster.master][INFO] 2020-02-05 21:56:41,414: +PARAM [/usb_cam/image_raw/theora/optimize_for] by /usb_cam
[rosmaster.master][INFO] 2020-02-05 21:56:41,414: +PUB [/whycon/projection] /whycon http://itachi-HP-Pavilion-Laptop-15-cc1xx:40909/
[rosmaster.master][INFO] 2020-02-05 21:56:41,414: publisherUpdate[/rosout] -> http://itachi-HP-Pavilion-Laptop-15-cc1xx:44561/ ['http://itachi-HP-Pavilion-Laptop-15-cc1xx:33231/', 'http://itachi-HP-Pavilion-Laptop-15-cc1xx:39923/', 'http://itachi-HP-Pavilion-Laptop-15-cc1xx:40909/']
[rosmaster.master][INFO] 2020-02-05 21:56:41,415: +PARAM [/usb_cam/image_mono/theora/optimize_for] by /usb_cam/image_proc
[rosmaster.master][INFO] 2020-02-05 21:56:41,416: publisherUpdate[/rosout] -> http://itachi-HP-Pavilion-Laptop-15-cc1xx:44561/ ['http://itachi-HP-Pavilion-Laptop-15-cc1xx:33231/', 'http://itachi-HP-Pavilion-Laptop-15-cc1xx:39923/', 'http://itachi-HP-Pavilion-Laptop-15-cc1xx:40909/']: sec=0.00, result=[1, '', 0]
[rosmaster.master][INFO] 2020-02-05 21:56:41,416: +PARAM [/usb_cam/image_raw/theora/target_bitrate] by /usb_cam
[rosmaster.master][INFO] 2020-02-05 21:56:41,417: publisherUpdate[/rosout] -> http://itachi-HP-Pavilion-Laptop-15-cc1xx:44561/ ['http://itachi-HP-Pavilion-Laptop-15-cc1xx:33231/', 'http://itachi-HP-Pavilion-Laptop-15-cc1xx:39923/', 'http://itachi-HP-Pavilion-Laptop-15-cc1xx:40909/', 'http://itachi-HP-Pavilion-Laptop-15-cc1xx:46385/']
[rosmaster.master][INFO] 2020-02-05 21:56:41,417: +SERVICE [/whycon/reset] /whycon http://itachi-HP-Pavilion-Laptop-15-cc1xx:40909/
[rosmaster.master][INFO] 2020-02-05 21:56:41,418: +PARAM [/usb_cam/image_mono/theora/target_bitrate] by /usb_cam/image_proc
[rosmaster.master][INFO] 2020-02-05 21:56:41,419: publisherUpdate[/rosout] -> http://itachi-HP-Pavilion-Laptop-15-cc1xx:44561/ ['http://itachi-HP-Pavilion-Laptop-15-cc1xx:33231/', 'http://itachi-HP-Pavilion-Laptop-15-cc1xx:39923/', 'http://itachi-HP-Pavilion-Laptop-15-cc1xx:40909/', 'http://itachi-HP-Pavilion-Laptop-15-cc1xx:46385/']: sec=0.00, result=[1, '', 0]
[rosmaster.master][INFO] 2020-02-05 21:56:41,419: +PARAM [/usb_cam/image_raw/theora/quality] by /usb_cam
[rosmaster.master][INFO] 2020-02-05 21:56:41,420: +PARAM [/usb_cam/image_mono/theora/quality] by /usb_cam/image_proc
[rosmaster.master][INFO] 2020-02-05 21:56:41,421: +PARAM [/usb_cam/image_raw/theora/keyframe_frequency] by /usb_cam
[rosmaster.master][INFO] 2020-02-05 21:56:41,421: +PARAM [/usb_cam/image_mono/theora/keyframe_frequency] by /usb_cam/image_proc
[rosmaster.master][INFO] 2020-02-05 21:56:41,422: +PARAM [/usb_cam/image_raw/theora/optimize_for] by /usb_cam
[rosmaster.master][INFO] 2020-02-05 21:56:41,423: +PUB [/usb_cam/image_color/compressedDepth] /usb_cam/image_proc http://itachi-HP-Pavilion-Laptop-15-cc1xx:39923/
[rosmaster.master][INFO] 2020-02-05 21:56:41,424: +PARAM [/usb_cam/image_raw/theora/target_bitrate] by /usb_cam
[rosmaster.master][INFO] 2020-02-05 21:56:41,424: +SERVICE [/usb_cam/image_color/compressedDepth/set_parameters] /usb_cam/image_proc http://itachi-HP-Pavilion-Laptop-15-cc1xx:39923/
[rosmaster.master][INFO] 2020-02-05 21:56:41,425: +PARAM [/usb_cam/image_raw/theora/quality] by /usb_cam
[rosmaster.master][INFO] 2020-02-05 21:56:41,426: +PUB [/usb_cam/image_color/compressedDepth/parameter_descriptions] /usb_cam/image_proc http://itachi-HP-Pavilion-Laptop-15-cc1xx:39923/
[rosmaster.master][INFO] 2020-02-05 21:56:41,427: +PARAM [/usb_cam/image_raw/theora/keyframe_frequency] by /usb_cam
[rosmaster.master][INFO] 2020-02-05 21:56:41,427: +PUB [/usb_cam/image_color/compressedDepth/parameter_updates] /usb_cam/image_proc http://itachi-HP-Pavilion-Laptop-15-cc1xx:39923/
[rosmaster.master][INFO] 2020-02-05 21:56:41,429: +PUB [/usb_cam/camera_info] /usb_cam http://itachi-HP-Pavilion-Laptop-15-cc1xx:33231/
[rosmaster.master][INFO] 2020-02-05 21:56:41,431: +PARAM [/usb_cam/image_color/compressedDepth/depth_max] by /usb_cam/image_proc
[rosmaster.master][INFO] 2020-02-05 21:56:41,433: +PARAM [/usb_cam/image_color/compressedDepth/depth_quantization] by /usb_cam/image_proc
[rosmaster.master][INFO] 2020-02-05 21:56:41,434: +PARAM [/usb_cam/image_color/compressedDepth/png_level] by /usb_cam/image_proc
[rosmaster.master][INFO] 2020-02-05 21:56:41,435: +PARAM [/usb_cam/image_color/compressedDepth/depth_max] by /usb_cam/image_proc
[rosmaster.master][INFO] 2020-02-05 21:56:41,436: +PARAM [/usb_cam/image_color/compressedDepth/depth_quantization] by /usb_cam/image_proc
[rosmaster.master][INFO] 2020-02-05 21:56:41,437: +PARAM [/usb_cam/image_color/compressedDepth/png_level] by /usb_cam/image_proc
[rosmaster.master][INFO] 2020-02-05 21:56:41,438: +PUB [/usb_cam/image_color/compressed] /usb_cam/image_proc http://itachi-HP-Pavilion-Laptop-15-cc1xx:39923/
[rosmaster.master][INFO] 2020-02-05 21:56:41,440: +SERVICE [/usb_cam/image_color/compressed/set_parameters] /usb_cam/image_proc http://itachi-HP-Pavilion-Laptop-15-cc1xx:39923/
[rosmaster.master][INFO] 2020-02-05 21:56:41,441: +PUB [/usb_cam/image_color/compressed/parameter_descriptions] /usb_cam/image_proc http://itachi-HP-Pavilion-Laptop-15-cc1xx:39923/
[rosmaster.master][INFO] 2020-02-05 21:56:41,442: +PUB [/usb_cam/image_color/compressed/parameter_updates] /usb_cam/image_proc http://itachi-HP-Pavilion-Laptop-15-cc1xx:39923/
[rosmaster.master][INFO] 2020-02-05 21:56:41,445: +PARAM [/usb_cam/image_color/compressed/format] by /usb_cam/image_proc
[rosmaster.master][INFO] 2020-02-05 21:56:41,446: +PARAM [/usb_cam/image_color/compressed/jpeg_quality] by /usb_cam/image_proc
[rosmaster.master][INFO] 2020-02-05 21:56:41,448: +PARAM [/usb_cam/image_color/compressed/png_level] by /usb_cam/image_proc
[rosmaster.master][INFO] 2020-02-05 21:56:41,449: +PARAM [/usb_cam/image_color/compressed/format] by /usb_cam/image_proc
[rosmaster.master][INFO] 2020-02-05 21:56:41,450: +PARAM [/usb_cam/image_color/compressed/jpeg_quality] by /usb_cam/image_proc
[rosmaster.master][INFO] 2020-02-05 21:56:41,450: +PARAM [/usb_cam/image_color/compressed/png_level] by /usb_cam/image_proc
[rosmaster.master][INFO] 2020-02-05 21:56:41,451: +PUB [/usb_cam/image_color] /usb_cam/image_proc http://itachi-HP-Pavilion-Laptop-15-cc1xx:39923/
[rosmaster.master][INFO] 2020-02-05 21:56:41,453: +PUB [/usb_cam/image_color/theora] /usb_cam/image_proc http://itachi-HP-Pavilion-Laptop-15-cc1xx:39923/
[rosmaster.master][INFO] 2020-02-05 21:56:41,454: +SERVICE [/usb_cam/image_color/theora/set_parameters] /usb_cam/image_proc http://itachi-HP-Pavilion-Laptop-15-cc1xx:39923/
[rosmaster.master][INFO] 2020-02-05 21:56:41,455: +SERVICE [/usb_cam/set_camera_info] /usb_cam http://itachi-HP-Pavilion-Laptop-15-cc1xx:33231/
[rosmaster.master][INFO] 2020-02-05 21:56:41,455: +PUB [/usb_cam/image_color/theora/parameter_descriptions] /usb_cam/image_proc http://itachi-HP-Pavilion-Laptop-15-cc1xx:39923/
[rosmaster.master][INFO] 2020-02-05 21:56:41,456: +SERVICE [/usb_cam/start_capture] /usb_cam http://itachi-HP-Pavilion-Laptop-15-cc1xx:33231/
[rosmaster.master][INFO] 2020-02-05 21:56:41,457: +PUB [/usb_cam/image_color/theora/parameter_updates] /usb_cam/image_proc http://itachi-HP-Pavilion-Laptop-15-cc1xx:39923/
[rosmaster.master][INFO] 2020-02-05 21:56:41,458: +SERVICE [/usb_cam/stop_capture] /usb_cam http://itachi-HP-Pavilion-Laptop-15-cc1xx:33231/
[rosmaster.master][INFO] 2020-02-05 21:56:41,465: +PARAM [/usb_cam/image_color/theora/optimize_for] by /usb_cam/image_proc
[rosmaster.master][INFO] 2020-02-05 21:56:41,466: +PARAM [/usb_cam/image_color/theora/target_bitrate] by /usb_cam/image_proc
[rosmaster.master][INFO] 2020-02-05 21:56:41,467: +PARAM [/usb_cam/image_color/theora/quality] by /usb_cam/image_proc
[rosmaster.master][INFO] 2020-02-05 21:56:41,468: +PARAM [/usb_cam/image_color/theora/keyframe_frequency] by /usb_cam/image_proc
[rosmaster.master][INFO] 2020-02-05 21:56:41,469: +PARAM [/usb_cam/image_color/theora/optimize_for] by /usb_cam/image_proc
[rosmaster.master][INFO] 2020-02-05 21:56:41,473: +PARAM [/usb_cam/image_color/theora/target_bitrate] by /usb_cam/image_proc
[rosmaster.master][INFO] 2020-02-05 21:56:41,474: +PARAM [/usb_cam/image_color/theora/quality] by /usb_cam/image_proc
[rosmaster.master][INFO] 2020-02-05 21:56:41,475: +PARAM [/usb_cam/image_color/theora/keyframe_frequency] by /usb_cam/image_proc
[rosmaster.master][INFO] 2020-02-05 21:56:41,478: +SERVICE [/usb_cam/image_proc_rectify_mono/set_parameters] /usb_cam/image_proc http://itachi-HP-Pavilion-Laptop-15-cc1xx:39923/
[rosmaster.master][INFO] 2020-02-05 21:56:41,478: +PUB [/usb_cam/image_proc_rectify_mono/parameter_descriptions] /usb_cam/image_proc http://itachi-HP-Pavilion-Laptop-15-cc1xx:39923/
[rosmaster.master][INFO] 2020-02-05 21:56:41,479: +PUB [/usb_cam/image_proc_rectify_mono/parameter_updates] /usb_cam/image_proc http://itachi-HP-Pavilion-Laptop-15-cc1xx:39923/
[rosmaster.master][INFO] 2020-02-05 21:56:41,481: +PARAM [/usb_cam/image_proc_rectify_mono/interpolation] by /usb_cam/image_proc
[rosmaster.master][INFO] 2020-02-05 21:56:41,482: +PARAM [/usb_cam/image_proc_rectify_mono/interpolation] by /usb_cam/image_proc
[rosmaster.master][INFO] 2020-02-05 21:56:41,485: +PUB [/usb_cam/image_rect/compressedDepth] /usb_cam/image_proc http://itachi-HP-Pavilion-Laptop-15-cc1xx:39923/
[rosmaster.master][INFO] 2020-02-05 21:56:41,487: +SERVICE [/usb_cam/image_rect/compressedDepth/set_parameters] /usb_cam/image_proc http://itachi-HP-Pavilion-Laptop-15-cc1xx:39923/
[rosmaster.master][INFO] 2020-02-05 21:56:41,488: +PUB [/usb_cam/image_rect/compressedDepth/parameter_descriptions] /usb_cam/image_proc http://itachi-HP-Pavilion-Laptop-15-cc1xx:39923/
[rosmaster.master][INFO] 2020-02-05 21:56:41,489: +PUB [/usb_cam/image_rect/compressedDepth/parameter_updates] /usb_cam/image_proc http://itachi-HP-Pavilion-Laptop-15-cc1xx:39923/
[rosmaster.master][INFO] 2020-02-05 21:56:41,491: +PARAM [/usb_cam/image_rect/compressedDepth/depth_max] by /usb_cam/image_proc
[rosmaster.master][INFO] 2020-02-05 21:56:41,492: +PARAM [/usb_cam/image_rect/compressedDepth/depth_quantization] by /usb_cam/image_proc
[rosmaster.master][INFO] 2020-02-05 21:56:41,493: +PARAM [/usb_cam/image_rect/compressedDepth/png_level] by /usb_cam/image_proc
[rosmaster.master][INFO] 2020-02-05 21:56:41,494: +PARAM [/usb_cam/image_rect/compressedDepth/depth_max] by /usb_cam/image_proc
[rosmaster.master][INFO] 2020-02-05 21:56:41,495: +PARAM [/usb_cam/image_rect/compressedDepth/depth_quantization] by /usb_cam/image_proc
[rosmaster.master][INFO] 2020-02-05 21:56:41,496: +PARAM [/usb_cam/image_rect/compressedDepth/png_level] by /usb_cam/image_proc
[rosmaster.master][INFO] 2020-02-05 21:56:41,496: +PUB [/usb_cam/image_rect/compressed] /usb_cam/image_proc http://itachi-HP-Pavilion-Laptop-15-cc1xx:39923/
[rosmaster.master][INFO] 2020-02-05 21:56:41,497: +SERVICE [/usb_cam/image_rect/compressed/set_parameters] /usb_cam/image_proc http://itachi-HP-Pavilion-Laptop-15-cc1xx:39923/
[rosmaster.master][INFO] 2020-02-05 21:56:41,497: +PUB [/usb_cam/image_rect/compressed/parameter_descriptions] /usb_cam/image_proc http://itachi-HP-Pavilion-Laptop-15-cc1xx:39923/
[rosmaster.master][INFO] 2020-02-05 21:56:41,498: +PUB [/usb_cam/image_rect/compressed/parameter_updates] /usb_cam/image_proc http://itachi-HP-Pavilion-Laptop-15-cc1xx:39923/
[rosmaster.master][INFO] 2020-02-05 21:56:41,500: +PARAM [/usb_cam/image_rect/compressed/format] by /usb_cam/image_proc
[rosmaster.master][INFO] 2020-02-05 21:56:41,500: +PARAM [/usb_cam/image_rect/compressed/jpeg_quality] by /usb_cam/image_proc
[rosmaster.master][INFO] 2020-02-05 21:56:41,502: +PARAM [/usb_cam/image_rect/compressed/png_level] by /usb_cam/image_proc
[rosmaster.master][INFO] 2020-02-05 21:56:41,504: +PARAM [/usb_cam/image_rect/compressed/format] by /usb_cam/image_proc
[rosmaster.master][INFO] 2020-02-05 21:56:41,505: +PARAM [/usb_cam/image_rect/compressed/jpeg_quality] by /usb_cam/image_proc
[rosmaster.master][INFO] 2020-02-05 21:56:41,506: +PARAM [/usb_cam/image_rect/compressed/png_level] by /usb_cam/image_proc
[rosmaster.master][INFO] 2020-02-05 21:56:41,506: +PUB [/usb_cam/image_rect] /usb_cam/image_proc http://itachi-HP-Pavilion-Laptop-15-cc1xx:39923/
[rosmaster.master][INFO] 2020-02-05 21:56:41,507: +PUB [/usb_cam/image_rect/theora] /usb_cam/image_proc http://itachi-HP-Pavilion-Laptop-15-cc1xx:39923/
[rosmaster.master][INFO] 2020-02-05 21:56:41,508: +SERVICE [/usb_cam/image_rect/theora/set_parameters] /usb_cam/image_proc http://itachi-HP-Pavilion-Laptop-15-cc1xx:39923/
[rosmaster.master][INFO] 2020-02-05 21:56:41,508: +PUB [/usb_cam/image_rect/theora/parameter_descriptions] /usb_cam/image_proc http://itachi-HP-Pavilion-Laptop-15-cc1xx:39923/
[rosmaster.master][INFO] 2020-02-05 21:56:41,509: +PUB [/usb_cam/image_rect/theora/parameter_updates] /usb_cam/image_proc http://itachi-HP-Pavilion-Laptop-15-cc1xx:39923/
[rosmaster.master][INFO] 2020-02-05 21:56:41,512: +PARAM [/usb_cam/image_rect/theora/optimize_for] by /usb_cam/image_proc
[rosmaster.master][INFO] 2020-02-05 21:56:41,512: +PARAM [/usb_cam/image_rect/theora/target_bitrate] by /usb_cam/image_proc
[rosmaster.master][INFO] 2020-02-05 21:56:41,513: +PARAM [/usb_cam/image_rect/theora/quality] by /usb_cam/image_proc
[rosmaster.master][INFO] 2020-02-05 21:56:41,514: +PARAM [/usb_cam/image_rect/theora/keyframe_frequency] by /usb_cam/image_proc
[rosmaster.master][INFO] 2020-02-05 21:56:41,515: +PARAM [/usb_cam/image_rect/theora/optimize_for] by /usb_cam/image_proc
[rosmaster.master][INFO] 2020-02-05 21:56:41,515: publisherUpdate[/usb_cam/camera_info] -> http://itachi-HP-Pavilion-Laptop-15-cc1xx:40909/ ['http://itachi-HP-Pavilion-Laptop-15-cc1xx:33231/']
[rosmaster.master][INFO] 2020-02-05 21:56:41,517: +PARAM [/usb_cam/image_rect/theora/target_bitrate] by /usb_cam/image_proc
[rosmaster.master][INFO] 2020-02-05 21:56:41,519: publisherUpdate[/usb_cam/camera_info] -> http://itachi-HP-Pavilion-Laptop-15-cc1xx:40909/ ['http://itachi-HP-Pavilion-Laptop-15-cc1xx:33231/']: sec=0.00, result=[1, '', 0]
[rosmaster.master][INFO] 2020-02-05 21:56:41,521: +PARAM [/usb_cam/image_rect/theora/quality] by /usb_cam/image_proc
[rosmaster.master][INFO] 2020-02-05 21:56:41,521: +SUB [/whycon/image_out] /whycon_display/image_view http://itachi-HP-Pavilion-Laptop-15-cc1xx:46385/
[rosmaster.master][INFO] 2020-02-05 21:56:41,522: +PARAM [/usb_cam/image_rect/theora/keyframe_frequency] by /usb_cam/image_proc
[rosmaster.master][INFO] 2020-02-05 21:56:41,523: +PUB [/whycon_display/image_view/output] /whycon_display/image_view http://itachi-HP-Pavilion-Laptop-15-cc1xx:46385/
[rosmaster.master][INFO] 2020-02-05 21:56:41,524: +SERVICE [/whycon_display/image_view/set_parameters] /whycon_display/image_view http://itachi-HP-Pavilion-Laptop-15-cc1xx:46385/
[rosmaster.master][INFO] 2020-02-05 21:56:41,525: +PUB [/whycon_display/image_view/parameter_descriptions] /whycon_display/image_view http://itachi-HP-Pavilion-Laptop-15-cc1xx:46385/
[rosmaster.master][INFO] 2020-02-05 21:56:41,525: +SERVICE [/usb_cam/image_proc_rectify_color/set_parameters] /usb_cam/image_proc http://itachi-HP-Pavilion-Laptop-15-cc1xx:39923/
[rosmaster.master][INFO] 2020-02-05 21:56:41,526: +PUB [/whycon_display/image_view/parameter_updates] /whycon_display/image_view http://itachi-HP-Pavilion-Laptop-15-cc1xx:46385/
[rosmaster.master][INFO] 2020-02-05 21:56:41,527: +PUB [/usb_cam/image_proc_rectify_color/parameter_descriptions] /usb_cam/image_proc http://itachi-HP-Pavilion-Laptop-15-cc1xx:39923/
[rosmaster.master][INFO] 2020-02-05 21:56:41,528: +PUB [/usb_cam/image_proc_rectify_color/parameter_updates] /usb_cam/image_proc http://itachi-HP-Pavilion-Laptop-15-cc1xx:39923/
[rosmaster.master][INFO] 2020-02-05 21:56:41,530: +PARAM [/usb_cam/image_proc_rectify_color/interpolation] by /usb_cam/image_proc
[rosmaster.master][INFO] 2020-02-05 21:56:41,530: +PARAM [/whycon_display/image_view/do_dynamic_scaling] by /whycon_display/image_view
[rosmaster.master][INFO] 2020-02-05 21:56:41,531: +PARAM [/usb_cam/image_proc_rectify_color/interpolation] by /usb_cam/image_proc
[rosmaster.master][INFO] 2020-02-05 21:56:41,531: +PARAM [/whycon_display/image_view/colormap] by /whycon_display/image_view
[rosmaster.master][INFO] 2020-02-05 21:56:41,532: +PUB [/usb_cam/image_rect_color/compressedDepth] /usb_cam/image_proc http://itachi-HP-Pavilion-Laptop-15-cc1xx:39923/
[rosmaster.master][INFO] 2020-02-05 21:56:41,533: +PARAM [/whycon_display/image_view/min_image_value] by /whycon_display/image_view
[rosmaster.master][INFO] 2020-02-05 21:56:41,534: +SERVICE [/usb_cam/image_rect_color/compressedDepth/set_parameters] /usb_cam/image_proc http://itachi-HP-Pavilion-Laptop-15-cc1xx:39923/
[rosmaster.master][INFO] 2020-02-05 21:56:41,535: +PARAM [/whycon_display/image_view/max_image_value] by /whycon_display/image_view
[rosmaster.master][INFO] 2020-02-05 21:56:41,536: +PUB [/usb_cam/image_rect_color/compressedDepth/parameter_descriptions] /usb_cam/image_proc http://itachi-HP-Pavilion-Laptop-15-cc1xx:39923/
[rosmaster.master][INFO] 2020-02-05 21:56:41,537: +PARAM [/whycon_display/image_view/do_dynamic_scaling] by /whycon_display/image_view
[rosmaster.master][INFO] 2020-02-05 21:56:41,537: +PUB [/usb_cam/image_rect_color/compressedDepth/parameter_updates] /usb_cam/image_proc http://itachi-HP-Pavilion-Laptop-15-cc1xx:39923/
[rosmaster.master][INFO] 2020-02-05 21:56:41,538: +PARAM [/whycon_display/image_view/colormap] by /whycon_display/image_view
[rosmaster.master][INFO] 2020-02-05 21:56:41,539: +PARAM [/whycon_display/image_view/min_image_value] by /whycon_display/image_view
[rosmaster.master][INFO] 2020-02-05 21:56:41,540: +PARAM [/whycon_display/image_view/max_image_value] by /whycon_display/image_view
[rosmaster.master][INFO] 2020-02-05 21:56:41,541: +PARAM [/usb_cam/image_rect_color/compressedDepth/depth_max] by /usb_cam/image_proc
[rosmaster.master][INFO] 2020-02-05 21:56:41,541: +PARAM [/usb_cam/image_rect_color/compressedDepth/depth_quantization] by /usb_cam/image_proc
[rosmaster.master][INFO] 2020-02-05 21:56:41,542: +PARAM [/usb_cam/image_rect_color/compressedDepth/png_level] by /usb_cam/image_proc
[rosmaster.master][INFO] 2020-02-05 21:56:41,542: +PARAM [/usb_cam/image_rect_color/compressedDepth/depth_max] by /usb_cam/image_proc
[rosmaster.master][INFO] 2020-02-05 21:56:41,543: +PARAM [/usb_cam/image_rect_color/compressedDepth/depth_quantization] by /usb_cam/image_proc
[rosmaster.master][INFO] 2020-02-05 21:56:41,543: +PARAM [/usb_cam/image_rect_color/compressedDepth/png_level] by /usb_cam/image_proc
[rosmaster.master][INFO] 2020-02-05 21:56:41,544: +PUB [/usb_cam/image_rect_color/compressed] /usb_cam/image_proc http://itachi-HP-Pavilion-Laptop-15-cc1xx:39923/
[rosmaster.master][INFO] 2020-02-05 21:56:41,545: +SERVICE [/usb_cam/image_rect_color/compressed/set_parameters] /usb_cam/image_proc http://itachi-HP-Pavilion-Laptop-15-cc1xx:39923/
[rosmaster.master][INFO] 2020-02-05 21:56:41,545: +PUB [/usb_cam/image_rect_color/compressed/parameter_descriptions] /usb_cam/image_proc http://itachi-HP-Pavilion-Laptop-15-cc1xx:39923/
[rosmaster.master][INFO] 2020-02-05 21:56:41,546: +PUB [/usb_cam/image_rect_color/compressed/parameter_updates] /usb_cam/image_proc http://itachi-HP-Pavilion-Laptop-15-cc1xx:39923/
[rosmaster.master][INFO] 2020-02-05 21:56:41,548: +PARAM [/usb_cam/image_rect_color/compressed/format] by /usb_cam/image_proc
[rosmaster.master][INFO] 2020-02-05 21:56:41,548: +PARAM [/usb_cam/image_rect_color/compressed/jpeg_quality] by /usb_cam/image_proc
[rosmaster.master][INFO] 2020-02-05 21:56:41,549: +PARAM [/usb_cam/image_rect_color/compressed/png_level] by /usb_cam/image_proc
[rosmaster.master][INFO] 2020-02-05 21:56:41,550: +PARAM [/usb_cam/image_rect_color/compressed/format] by /usb_cam/image_proc
[rosmaster.master][INFO] 2020-02-05 21:56:41,551: +PARAM [/usb_cam/image_rect_color/compressed/jpeg_quality] by /usb_cam/image_proc
[rosmaster.master][INFO] 2020-02-05 21:56:41,552: +PARAM [/usb_cam/image_rect_color/compressed/png_level] by /usb_cam/image_proc
[rosmaster.master][INFO] 2020-02-05 21:56:41,552: +PUB [/usb_cam/image_rect_color] /usb_cam/image_proc http://itachi-HP-Pavilion-Laptop-15-cc1xx:39923/
[rosmaster.master][INFO] 2020-02-05 21:56:41,553: +PUB [/usb_cam/image_rect_color/theora] /usb_cam/image_proc http://itachi-HP-Pavilion-Laptop-15-cc1xx:39923/
[rosmaster.master][INFO] 2020-02-05 21:56:41,553: +SERVICE [/usb_cam/image_rect_color/theora/set_parameters] /usb_cam/image_proc http://itachi-HP-Pavilion-Laptop-15-cc1xx:39923/
[rosmaster.master][INFO] 2020-02-05 21:56:41,554: +PUB [/usb_cam/image_rect_color/theora/parameter_descriptions] /usb_cam/image_proc http://itachi-HP-Pavilion-Laptop-15-cc1xx:39923/
[rosmaster.master][INFO] 2020-02-05 21:56:41,554: +PUB [/usb_cam/image_rect_color/theora/parameter_updates] /usb_cam/image_proc http://itachi-HP-Pavilion-Laptop-15-cc1xx:39923/
[rosmaster.master][INFO] 2020-02-05 21:56:41,557: +PARAM [/usb_cam/image_rect_color/theora/optimize_for] by /usb_cam/image_proc
[rosmaster.master][INFO] 2020-02-05 21:56:41,557: +PARAM [/usb_cam/image_rect_color/theora/target_bitrate] by /usb_cam/image_proc
[rosmaster.master][INFO] 2020-02-05 21:56:41,558: +PARAM [/usb_cam/image_rect_color/theora/quality] by /usb_cam/image_proc
[rosmaster.master][INFO] 2020-02-05 21:56:41,558: +PARAM [/usb_cam/image_rect_color/theora/keyframe_frequency] by /usb_cam/image_proc
[rosmaster.master][INFO] 2020-02-05 21:56:41,559: +PARAM [/usb_cam/image_rect_color/theora/optimize_for] by /usb_cam/image_proc
[rosmaster.master][INFO] 2020-02-05 21:56:41,559: +PARAM [/usb_cam/image_rect_color/theora/target_bitrate] by /usb_cam/image_proc
[rosmaster.master][INFO] 2020-02-05 21:56:41,560: +PARAM [/usb_cam/image_rect_color/theora/quality] by /usb_cam/image_proc
[rosmaster.master][INFO] 2020-02-05 21:56:41,560: +PARAM [/usb_cam/image_rect_color/theora/keyframe_frequency] by /usb_cam/image_proc
[rosmaster.master][INFO] 2020-02-05 21:56:41,570: +PUB [/rosout] /serial_node http://itachi-HP-Pavilion-Laptop-15-cc1xx:44529/
[rosmaster.master][INFO] 2020-02-05 21:56:41,572: +SERVICE [/serial_node/get_loggers] /serial_node http://itachi-HP-Pavilion-Laptop-15-cc1xx:44529/
[rosmaster.master][INFO] 2020-02-05 21:56:41,573: +SERVICE [/serial_node/set_logger_level] /serial_node http://itachi-HP-Pavilion-Laptop-15-cc1xx:44529/
[rosmaster.master][INFO] 2020-02-05 21:56:41,578: +PUB [/diagnostics] /serial_node http://itachi-HP-Pavilion-Laptop-15-cc1xx:44529/
[rosmaster.master][INFO] 2020-02-05 21:56:41,617: publisherUpdate[/usb_cam/image_rect_color] -> http://itachi-HP-Pavilion-Laptop-15-cc1xx:40909/ ['http://itachi-HP-Pavilion-Laptop-15-cc1xx:39923/']
[rosmaster.master][INFO] 2020-02-05 21:56:41,618: publisherUpdate[/usb_cam/image_rect_color] -> http://itachi-HP-Pavilion-Laptop-15-cc1xx:40909/ ['http://itachi-HP-Pavilion-Laptop-15-cc1xx:39923/']: sec=0.00, result=[1, '', 0]
[rosmaster.master][INFO] 2020-02-05 21:56:41,619: publisherUpdate[/rosout] -> http://itachi-HP-Pavilion-Laptop-15-cc1xx:44561/ ['http://itachi-HP-Pavilion-Laptop-15-cc1xx:33231/', 'http://itachi-HP-Pavilion-Laptop-15-cc1xx:39923/', 'http://itachi-HP-Pavilion-Laptop-15-cc1xx:40909/', 'http://itachi-HP-Pavilion-Laptop-15-cc1xx:46385/', 'http://itachi-HP-Pavilion-Laptop-15-cc1xx:44529/']
[rosmaster.master][INFO] 2020-02-05 21:56:41,619: publisherUpdate[/rosout] -> http://itachi-HP-Pavilion-Laptop-15-cc1xx:44561/ ['http://itachi-HP-Pavilion-Laptop-15-cc1xx:33231/', 'http://itachi-HP-Pavilion-Laptop-15-cc1xx:39923/', 'http://itachi-HP-Pavilion-Laptop-15-cc1xx:40909/', 'http://itachi-HP-Pavilion-Laptop-15-cc1xx:46385/', 'http://itachi-HP-Pavilion-Laptop-15-cc1xx:44529/']: sec=0.00, result=[1, '', 0]
[rosmaster.master][INFO] 2020-02-05 21:56:41,739: +SUB [/usb_cam/image_color] /usb_cam/image_proc http://itachi-HP-Pavilion-Laptop-15-cc1xx:39923/
[rosmaster.master][INFO] 2020-02-05 21:56:41,751: +SUB [/usb_cam/camera_info] /usb_cam/image_proc http://itachi-HP-Pavilion-Laptop-15-cc1xx:39923/
[rosmaster.master][INFO] 2020-02-05 21:56:41,762: +SUB [/usb_cam/image_raw] /usb_cam/image_proc http://itachi-HP-Pavilion-Laptop-15-cc1xx:39923/
[rosmaster.master][INFO] 2020-02-05 21:56:43,696: +SUB [/led_control_topic] /serial_node http://itachi-HP-Pavilion-Laptop-15-cc1xx:44529/
[rosmaster.master][INFO] 2020-02-05 21:56:50,077: -SUB [/led_control_topic] /serial_node http://itachi-HP-Pavilion-Laptop-15-cc1xx:44529/
[rosmaster.master][INFO] 2020-02-05 21:56:50,077: -PUB [/diagnostics] /serial_node http://itachi-HP-Pavilion-Laptop-15-cc1xx:44529/
[rosmaster.master][INFO] 2020-02-05 21:56:50,077: -PUB [/rosout] /serial_node http://itachi-HP-Pavilion-Laptop-15-cc1xx:44529/
[rosmaster.master][INFO] 2020-02-05 21:56:50,077: -SERVICE [/serial_node/get_loggers] /serial_node rosrpc://itachi-HP-Pavilion-Laptop-15-cc1xx:41537
[rosmaster.master][INFO] 2020-02-05 21:56:50,077: -SERVICE [/serial_node/set_logger_level] /serial_node rosrpc://itachi-HP-Pavilion-Laptop-15-cc1xx:41537
[rosmaster.master][INFO] 2020-02-05 21:56:50,135: publisherUpdate[/rosout] -> http://itachi-HP-Pavilion-Laptop-15-cc1xx:44561/ ['http://itachi-HP-Pavilion-Laptop-15-cc1xx:33231/', 'http://itachi-HP-Pavilion-Laptop-15-cc1xx:39923/', 'http://itachi-HP-Pavilion-Laptop-15-cc1xx:40909/', 'http://itachi-HP-Pavilion-Laptop-15-cc1xx:46385/']
[rosmaster.master][INFO] 2020-02-05 21:56:50,135: publisherUpdate[/rosout] -> http://itachi-HP-Pavilion-Laptop-15-cc1xx:44561/ ['http://itachi-HP-Pavilion-Laptop-15-cc1xx:33231/', 'http://itachi-HP-Pavilion-Laptop-15-cc1xx:39923/', 'http://itachi-HP-Pavilion-Laptop-15-cc1xx:40909/', 'http://itachi-HP-Pavilion-Laptop-15-cc1xx:46385/']: sec=0.00, result=[1, '', 0]
[rosmaster.master][INFO] 2020-02-05 21:56:50,139: -PUB [/rosout] /usb_cam http://itachi-HP-Pavilion-Laptop-15-cc1xx:33231/
[rosmaster.master][INFO] 2020-02-05 21:56:50,140: -PUB [/usb_cam/image_raw/compressedDepth] /usb_cam http://itachi-HP-Pavilion-Laptop-15-cc1xx:33231/
[rosmaster.master][INFO] 2020-02-05 21:56:50,140: -PUB [/rosout] /usb_cam/image_proc http://itachi-HP-Pavilion-Laptop-15-cc1xx:39923/
[rosmaster.master][INFO] 2020-02-05 21:56:50,141: -PUB [/usb_cam/image_raw/compressedDepth/parameter_descriptions] /usb_cam http://itachi-HP-Pavilion-Laptop-15-cc1xx:33231/
[rosmaster.master][INFO] 2020-02-05 21:56:50,141: -PUB [/usb_cam/image_proc_debayer/parameter_descriptions] /usb_cam/image_proc http://itachi-HP-Pavilion-Laptop-15-cc1xx:39923/
[rosmaster.master][INFO] 2020-02-05 21:56:50,142: -PUB [/usb_cam/image_raw/compressedDepth/parameter_updates] /usb_cam http://itachi-HP-Pavilion-Laptop-15-cc1xx:33231/
[rosmaster.master][INFO] 2020-02-05 21:56:50,142: -PUB [/usb_cam/image_proc_debayer/parameter_updates] /usb_cam/image_proc http://itachi-HP-Pavilion-Laptop-15-cc1xx:39923/
[rosmaster.master][INFO] 2020-02-05 21:56:50,143: -PUB [/usb_cam/image_raw/compressed] /usb_cam http://itachi-HP-Pavilion-Laptop-15-cc1xx:33231/
[rosmaster.master][INFO] 2020-02-05 21:56:50,143: -PUB [/usb_cam/image_mono/compressedDepth] /usb_cam/image_proc http://itachi-HP-Pavilion-Laptop-15-cc1xx:39923/
[rosmaster.master][INFO] 2020-02-05 21:56:50,144: -PUB [/usb_cam/image_raw/compressed/parameter_descriptions] /usb_cam http://itachi-HP-Pavilion-Laptop-15-cc1xx:33231/
[rosmaster.master][INFO] 2020-02-05 21:56:50,144: -PUB [/usb_cam/image_mono/compressedDepth/parameter_descriptions] /usb_cam/image_proc http://itachi-HP-Pavilion-Laptop-15-cc1xx:39923/
[rosmaster.master][INFO] 2020-02-05 21:56:50,145: -PUB [/usb_cam/image_raw/compressed/parameter_updates] /usb_cam http://itachi-HP-Pavilion-Laptop-15-cc1xx:33231/
[rosmaster.master][INFO] 2020-02-05 21:56:50,145: -PUB [/usb_cam/image_mono/compressedDepth/parameter_updates] /usb_cam/image_proc http://itachi-HP-Pavilion-Laptop-15-cc1xx:39923/
[rosmaster.master][INFO] 2020-02-05 21:56:50,145: -PUB [/usb_cam/image_raw] /usb_cam http://itachi-HP-Pavilion-Laptop-15-cc1xx:33231/
[rosmaster.master][INFO] 2020-02-05 21:56:50,146: -PUB [/usb_cam/image_mono/compressed] /usb_cam/image_proc http://itachi-HP-Pavilion-Laptop-15-cc1xx:39923/
[rosmaster.master][INFO] 2020-02-05 21:56:50,146: -PUB [/usb_cam/image_raw/theora] /usb_cam http://itachi-HP-Pavilion-Laptop-15-cc1xx:33231/
[rosmaster.master][INFO] 2020-02-05 21:56:50,147: -PUB [/usb_cam/image_mono/compressed/parameter_descriptions] /usb_cam/image_proc http://itachi-HP-Pavilion-Laptop-15-cc1xx:39923/
[rosmaster.master][INFO] 2020-02-05 21:56:50,147: -PUB [/usb_cam/image_raw/theora/parameter_descriptions] /usb_cam http://itachi-HP-Pavilion-Laptop-15-cc1xx:33231/
[rosmaster.master][INFO] 2020-02-05 21:56:50,148: -PUB [/usb_cam/image_mono/compressed/parameter_updates] /usb_cam/image_proc http://itachi-HP-Pavilion-Laptop-15-cc1xx:39923/
[rosmaster.master][INFO] 2020-02-05 21:56:50,148: -PUB [/usb_cam/image_raw/theora/parameter_updates] /usb_cam http://itachi-HP-Pavilion-Laptop-15-cc1xx:33231/
[rosmaster.master][INFO] 2020-02-05 21:56:50,149: -PUB [/usb_cam/image_mono] /usb_cam/image_proc http://itachi-HP-Pavilion-Laptop-15-cc1xx:39923/
[rosmaster.master][INFO] 2020-02-05 21:56:50,149: -PUB [/usb_cam/camera_info] /usb_cam http://itachi-HP-Pavilion-Laptop-15-cc1xx:33231/
[rosmaster.master][INFO] 2020-02-05 21:56:50,150: -PUB [/usb_cam/image_mono/theora] /usb_cam/image_proc http://itachi-HP-Pavilion-Laptop-15-cc1xx:39923/
[rosmaster.master][INFO] 2020-02-05 21:56:50,150: -PUB [/usb_cam/image_mono/theora/parameter_descriptions] /usb_cam/image_proc http://itachi-HP-Pavilion-Laptop-15-cc1xx:39923/
[rosmaster.master][INFO] 2020-02-05 21:56:50,151: -SERVICE [/usb_cam/get_loggers] /usb_cam rosrpc://itachi-HP-Pavilion-Laptop-15-cc1xx:45183
[rosmaster.master][INFO] 2020-02-05 21:56:50,151: -PUB [/usb_cam/image_mono/theora/parameter_updates] /usb_cam/image_proc http://itachi-HP-Pavilion-Laptop-15-cc1xx:39923/
[rosmaster.master][INFO] 2020-02-05 21:56:50,152: -SERVICE [/usb_cam/set_logger_level] /usb_cam rosrpc://itachi-HP-Pavilion-Laptop-15-cc1xx:45183
[rosmaster.master][INFO] 2020-02-05 21:56:50,152: -PUB [/usb_cam/image_color/compressedDepth] /usb_cam/image_proc http://itachi-HP-Pavilion-Laptop-15-cc1xx:39923/
[rosmaster.master][INFO] 2020-02-05 21:56:50,153: -SERVICE [/usb_cam/image_raw/compressedDepth/set_parameters] /usb_cam rosrpc://itachi-HP-Pavilion-Laptop-15-cc1xx:45183
[rosmaster.master][INFO] 2020-02-05 21:56:50,153: -PUB [/usb_cam/image_color/compressedDepth/parameter_descriptions] /usb_cam/image_proc http://itachi-HP-Pavilion-Laptop-15-cc1xx:39923/
[rosmaster.master][INFO] 2020-02-05 21:56:50,154: -SERVICE [/usb_cam/image_raw/compressed/set_parameters] /usb_cam rosrpc://itachi-HP-Pavilion-Laptop-15-cc1xx:45183
[rosmaster.master][INFO] 2020-02-05 21:56:50,154: -PUB [/usb_cam/image_color/compressedDepth/parameter_updates] /usb_cam/image_proc http://itachi-HP-Pavilion-Laptop-15-cc1xx:39923/
[rosmaster.master][INFO] 2020-02-05 21:56:50,155: -SERVICE [/usb_cam/image_raw/theora/set_parameters] /usb_cam rosrpc://itachi-HP-Pavilion-Laptop-15-cc1xx:45183
[rosmaster.master][INFO] 2020-02-05 21:56:50,156: -PUB [/usb_cam/image_color/compressed] /usb_cam/image_proc http://itachi-HP-Pavilion-Laptop-15-cc1xx:39923/
[rosmaster.master][INFO] 2020-02-05 21:56:50,156: -SERVICE [/usb_cam/set_camera_info] /usb_cam rosrpc://itachi-HP-Pavilion-Laptop-15-cc1xx:45183
[rosmaster.master][INFO] 2020-02-05 21:56:50,157: -PUB [/usb_cam/image_color/compressed/parameter_descriptions] /usb_cam/image_proc http://itachi-HP-Pavilion-Laptop-15-cc1xx:39923/
[rosmaster.master][INFO] 2020-02-05 21:56:50,157: -SERVICE [/usb_cam/start_capture] /usb_cam rosrpc://itachi-HP-Pavilion-Laptop-15-cc1xx:45183
[rosmaster.master][INFO] 2020-02-05 21:56:50,158: -PUB [/usb_cam/image_color/compressed/parameter_updates] /usb_cam/image_proc http://itachi-HP-Pavilion-Laptop-15-cc1xx:39923/
[rosmaster.master][INFO] 2020-02-05 21:56:50,158: -SERVICE [/usb_cam/stop_capture] /usb_cam rosrpc://itachi-HP-Pavilion-Laptop-15-cc1xx:45183
[rosmaster.master][INFO] 2020-02-05 21:56:50,159: -PUB [/usb_cam/image_color] /usb_cam/image_proc http://itachi-HP-Pavilion-Laptop-15-cc1xx:39923/
[rosmaster.master][INFO] 2020-02-05 21:56:50,159: -PUB [/usb_cam/image_color/theora] /usb_cam/image_proc http://itachi-HP-Pavilion-Laptop-15-cc1xx:39923/
[rosmaster.master][INFO] 2020-02-05 21:56:50,160: -PUB [/usb_cam/image_color/theora/parameter_descriptions] /usb_cam/image_proc http://itachi-HP-Pavilion-Laptop-15-cc1xx:39923/
[rosmaster.master][INFO] 2020-02-05 21:56:50,160: -PUB [/usb_cam/image_color/theora/parameter_updates] /usb_cam/image_proc http://itachi-HP-Pavilion-Laptop-15-cc1xx:39923/
[rosmaster.master][INFO] 2020-02-05 21:56:50,161: -PUB [/usb_cam/image_proc_rectify_mono/parameter_descriptions] /usb_cam/image_proc http://itachi-HP-Pavilion-Laptop-15-cc1xx:39923/
[rosmaster.master][INFO] 2020-02-05 21:56:50,161: -PUB [/usb_cam/image_proc_rectify_mono/parameter_updates] /usb_cam/image_proc http://itachi-HP-Pavilion-Laptop-15-cc1xx:39923/
[rosmaster.master][INFO] 2020-02-05 21:56:50,161: -PUB [/usb_cam/image_rect/compressedDepth] /usb_cam/image_proc http://itachi-HP-Pavilion-Laptop-15-cc1xx:39923/
[rosmaster.master][INFO] 2020-02-05 21:56:50,162: -PUB [/usb_cam/image_rect/compressedDepth/parameter_descriptions] /usb_cam/image_proc http://itachi-HP-Pavilion-Laptop-15-cc1xx:39923/
[rosmaster.master][INFO] 2020-02-05 21:56:50,162: -PUB [/usb_cam/image_rect/compressedDepth/parameter_updates] /usb_cam/image_proc http://itachi-HP-Pavilion-Laptop-15-cc1xx:39923/
[rosmaster.master][INFO] 2020-02-05 21:56:50,163: -PUB [/usb_cam/image_rect/compressed] /usb_cam/image_proc http://itachi-HP-Pavilion-Laptop-15-cc1xx:39923/
[rosmaster.master][INFO] 2020-02-05 21:56:50,163: -PUB [/usb_cam/image_rect/compressed/parameter_descriptions] /usb_cam/image_proc http://itachi-HP-Pavilion-Laptop-15-cc1xx:39923/
[rosmaster.master][INFO] 2020-02-05 21:56:50,164: -PUB [/usb_cam/image_rect/compressed/parameter_updates] /usb_cam/image_proc http://itachi-HP-Pavilion-Laptop-15-cc1xx:39923/
[rosmaster.master][INFO] 2020-02-05 21:56:50,164: -PUB [/usb_cam/image_rect] /usb_cam/image_proc http://itachi-HP-Pavilion-Laptop-15-cc1xx:39923/
[rosmaster.master][INFO] 2020-02-05 21:56:50,165: -PUB [/usb_cam/image_rect/theora] /usb_cam/image_proc http://itachi-HP-Pavilion-Laptop-15-cc1xx:39923/
[rosmaster.master][INFO] 2020-02-05 21:56:50,165: -PUB [/usb_cam/image_rect/theora/parameter_descriptions] /usb_cam/image_proc http://itachi-HP-Pavilion-Laptop-15-cc1xx:39923/
[rosmaster.master][INFO] 2020-02-05 21:56:50,166: -PUB [/usb_cam/image_rect/theora/parameter_updates] /usb_cam/image_proc http://itachi-HP-Pavilion-Laptop-15-cc1xx:39923/
[rosmaster.master][INFO] 2020-02-05 21:56:50,166: -PUB [/usb_cam/image_proc_rectify_color/parameter_descriptions] /usb_cam/image_proc http://itachi-HP-Pavilion-Laptop-15-cc1xx:39923/
[rosmaster.master][INFO] 2020-02-05 21:56:50,167: -PUB [/usb_cam/image_proc_rectify_color/parameter_updates] /usb_cam/image_proc http://itachi-HP-Pavilion-Laptop-15-cc1xx:39923/
[rosmaster.master][INFO] 2020-02-05 21:56:50,167: -PUB [/usb_cam/image_rect_color/compressedDepth] /usb_cam/image_proc http://itachi-HP-Pavilion-Laptop-15-cc1xx:39923/
[rosmaster.master][INFO] 2020-02-05 21:56:50,168: -PUB [/usb_cam/image_rect_color/compressedDepth/parameter_descriptions] /usb_cam/image_proc http://itachi-HP-Pavilion-Laptop-15-cc1xx:39923/
[rosmaster.master][INFO] 2020-02-05 21:56:50,168: -PUB [/usb_cam/image_rect_color/compressedDepth/parameter_updates] /usb_cam/image_proc http://itachi-HP-Pavilion-Laptop-15-cc1xx:39923/
[rosmaster.master][INFO] 2020-02-05 21:56:50,169: -PUB [/usb_cam/image_rect_color/compressed] /usb_cam/image_proc http://itachi-HP-Pavilion-Laptop-15-cc1xx:39923/
[rosmaster.master][INFO] 2020-02-05 21:56:50,169: -PUB [/usb_cam/image_rect_color/compressed/parameter_descriptions] /usb_cam/image_proc http://itachi-HP-Pavilion-Laptop-15-cc1xx:39923/
[rosmaster.master][INFO] 2020-02-05 21:56:50,170: -PUB [/usb_cam/image_rect_color/compressed/parameter_updates] /usb_cam/image_proc http://itachi-HP-Pavilion-Laptop-15-cc1xx:39923/
[rosmaster.master][INFO] 2020-02-05 21:56:50,170: -PUB [/usb_cam/image_rect_color] /usb_cam/image_proc http://itachi-HP-Pavilion-Laptop-15-cc1xx:39923/
[rosmaster.master][INFO] 2020-02-05 21:56:50,170: -PUB [/usb_cam/image_rect_color/theora] /usb_cam/image_proc http://itachi-HP-Pavilion-Laptop-15-cc1xx:39923/
[rosmaster.master][INFO] 2020-02-05 21:56:50,171: -PUB [/usb_cam/image_rect_color/theora/parameter_descriptions] /usb_cam/image_proc http://itachi-HP-Pavilion-Laptop-15-cc1xx:39923/
[rosmaster.master][INFO] 2020-02-05 21:56:50,171: -PUB [/usb_cam/image_rect_color/theora/parameter_updates] /usb_cam/image_proc http://itachi-HP-Pavilion-Laptop-15-cc1xx:39923/
[rosmaster.master][INFO] 2020-02-05 21:56:50,172: -SUB [/usb_cam/image_color] /usb_cam/image_proc http://itachi-HP-Pavilion-Laptop-15-cc1xx:39923/
[rosmaster.master][INFO] 2020-02-05 21:56:50,173: -SUB [/usb_cam/camera_info] /usb_cam/image_proc http://itachi-HP-Pavilion-Laptop-15-cc1xx:39923/
[rosmaster.master][INFO] 2020-02-05 21:56:50,173: -SUB [/usb_cam/image_raw] /usb_cam/image_proc http://itachi-HP-Pavilion-Laptop-15-cc1xx:39923/
[rosmaster.master][INFO] 2020-02-05 21:56:50,174: -SERVICE [/usb_cam/image_proc/get_loggers] /usb_cam/image_proc rosrpc://itachi-HP-Pavilion-Laptop-15-cc1xx:49391
[rosmaster.master][INFO] 2020-02-05 21:56:50,175: -SERVICE [/usb_cam/image_proc/set_logger_level] /usb_cam/image_proc rosrpc://itachi-HP-Pavilion-Laptop-15-cc1xx:49391
[rosmaster.master][INFO] 2020-02-05 21:56:50,175: -SERVICE [/usb_cam/image_proc_debayer/set_parameters] /usb_cam/image_proc rosrpc://itachi-HP-Pavilion-Laptop-15-cc1xx:49391
[rosmaster.master][INFO] 2020-02-05 21:56:50,176: -SERVICE [/usb_cam/image_mono/compressedDepth/set_parameters] /usb_cam/image_proc rosrpc://itachi-HP-Pavilion-Laptop-15-cc1xx:49391
[rosmaster.master][INFO] 2020-02-05 21:56:50,177: -SERVICE [/usb_cam/image_mono/compressed/set_parameters] /usb_cam/image_proc rosrpc://itachi-HP-Pavilion-Laptop-15-cc1xx:49391
[rosmaster.master][INFO] 2020-02-05 21:56:50,177: -SERVICE [/usb_cam/image_mono/theora/set_parameters] /usb_cam/image_proc rosrpc://itachi-HP-Pavilion-Laptop-15-cc1xx:49391
[rosmaster.master][INFO] 2020-02-05 21:56:50,178: -SERVICE [/usb_cam/image_color/compressedDepth/set_parameters] /usb_cam/image_proc rosrpc://itachi-HP-Pavilion-Laptop-15-cc1xx:49391
[rosmaster.master][INFO] 2020-02-05 21:56:50,178: -SERVICE [/usb_cam/image_color/compressed/set_parameters] /usb_cam/image_proc rosrpc://itachi-HP-Pavilion-Laptop-15-cc1xx:49391
[rosmaster.master][INFO] 2020-02-05 21:56:50,179: -SERVICE [/usb_cam/image_color/theora/set_parameters] /usb_cam/image_proc rosrpc://itachi-HP-Pavilion-Laptop-15-cc1xx:49391
[rosmaster.master][INFO] 2020-02-05 21:56:50,179: -SERVICE [/usb_cam/image_proc_rectify_mono/set_parameters] /usb_cam/image_proc rosrpc://itachi-HP-Pavilion-Laptop-15-cc1xx:49391
[rosmaster.master][INFO] 2020-02-05 21:56:50,180: -SERVICE [/usb_cam/image_rect/compressedDepth/set_parameters] /usb_cam/image_proc rosrpc://itachi-HP-Pavilion-Laptop-15-cc1xx:49391
[rosmaster.master][INFO] 2020-02-05 21:56:50,180: -SERVICE [/usb_cam/image_rect/compressed/set_parameters] /usb_cam/image_proc rosrpc://itachi-HP-Pavilion-Laptop-15-cc1xx:49391
[rosmaster.master][INFO] 2020-02-05 21:56:50,181: -SERVICE [/usb_cam/image_rect/theora/set_parameters] /usb_cam/image_proc rosrpc://itachi-HP-Pavilion-Laptop-15-cc1xx:49391
[rosmaster.master][INFO] 2020-02-05 21:56:50,181: -SERVICE [/usb_cam/image_proc_rectify_color/set_parameters] /usb_cam/image_proc rosrpc://itachi-HP-Pavilion-Laptop-15-cc1xx:49391
[rosmaster.master][INFO] 2020-02-05 21:56:50,182: -SERVICE [/usb_cam/image_rect_color/compressedDepth/set_parameters] /usb_cam/image_proc rosrpc://itachi-HP-Pavilion-Laptop-15-cc1xx:49391
[rosmaster.master][INFO] 2020-02-05 21:56:50,182: -SERVICE [/usb_cam/image_rect_color/compressed/set_parameters] /usb_cam/image_proc rosrpc://itachi-HP-Pavilion-Laptop-15-cc1xx:49391
[rosmaster.master][INFO] 2020-02-05 21:56:50,183: -SERVICE [/usb_cam/image_rect_color/theora/set_parameters] /usb_cam/image_proc rosrpc://itachi-HP-Pavilion-Laptop-15-cc1xx:49391
[rosmaster.master][INFO] 2020-02-05 21:56:50,235: publisherUpdate[/rosout] -> http://itachi-HP-Pavilion-Laptop-15-cc1xx:44561/ ['http://itachi-HP-Pavilion-Laptop-15-cc1xx:39923/', 'http://itachi-HP-Pavilion-Laptop-15-cc1xx:40909/', 'http://itachi-HP-Pavilion-Laptop-15-cc1xx:46385/']
[rosmaster.master][INFO] 2020-02-05 21:56:50,235: publisherUpdate[/usb_cam/image_raw] -> http://itachi-HP-Pavilion-Laptop-15-cc1xx:39923/ []
[rosmaster.master][INFO] 2020-02-05 21:56:50,236: publisherUpdate[/usb_cam/camera_info] -> http://itachi-HP-Pavilion-Laptop-15-cc1xx:40909/ []
[rosmaster.master][INFO] 2020-02-05 21:56:50,236: publisherUpdate[/rosout] -> http://itachi-HP-Pavilion-Laptop-15-cc1xx:44561/ ['http://itachi-HP-Pavilion-Laptop-15-cc1xx:39923/', 'http://itachi-HP-Pavilion-Laptop-15-cc1xx:40909/', 'http://itachi-HP-Pavilion-Laptop-15-cc1xx:46385/']: sec=0.00, result=[1, '', 0]
[rosmaster.master][INFO] 2020-02-05 21:56:50,236: publisherUpdate[/usb_cam/image_raw] -> http://itachi-HP-Pavilion-Laptop-15-cc1xx:39923/ []: sec=0.00, exception=<Fault -1: 'publisherUpdate: unknown method name'>
[rosmaster.master][INFO] 2020-02-05 21:56:50,237: publisherUpdate[/rosout] -> http://itachi-HP-Pavilion-Laptop-15-cc1xx:44561/ ['http://itachi-HP-Pavilion-Laptop-15-cc1xx:40909/', 'http://itachi-HP-Pavilion-Laptop-15-cc1xx:46385/']
[rosmaster.master][INFO] 2020-02-05 21:56:50,237: -PUB [/rosout] /whycon http://itachi-HP-Pavilion-Laptop-15-cc1xx:40909/
[rosmaster.master][INFO] 2020-02-05 21:56:50,237: publisherUpdate[/rosout] -> http://itachi-HP-Pavilion-Laptop-15-cc1xx:44561/ ['http://itachi-HP-Pavilion-Laptop-15-cc1xx:40909/', 'http://itachi-HP-Pavilion-Laptop-15-cc1xx:46385/']: sec=0.00, result=[1, '', 0]
[rosmaster.master][INFO] 2020-02-05 21:56:50,238: publisherUpdate[/usb_cam/camera_info] -> http://itachi-HP-Pavilion-Laptop-15-cc1xx:39923/ []
[rosmaster.master][INFO] 2020-02-05 21:56:50,239: -PUB [/tf] /whycon http://itachi-HP-Pavilion-Laptop-15-cc1xx:40909/
[rosmaster.master][INFO] 2020-02-05 21:56:50,239: publisherUpdate[/usb_cam/camera_info] -> http://itachi-HP-Pavilion-Laptop-15-cc1xx:39923/ []: sec=0.00, exception=<Fault -1: 'publisherUpdate: unknown method name'>
[rosmaster.master][INFO] 2020-02-05 21:56:50,240: -PUB [/whycon/image_out] /whycon http://itachi-HP-Pavilion-Laptop-15-cc1xx:40909/
[rosmaster.threadpool][ERROR] 2020-02-05 21:56:50,240: Traceback (most recent call last):
  File "/opt/ros/kinetic/lib/python2.7/dist-packages/rosmaster/threadpool.py", line 218, in run
    result = cmd(*args)
  File "/opt/ros/kinetic/lib/python2.7/dist-packages/rosmaster/master_api.py", line 210, in publisher_update_task
    ret = xmlrpcapi(api).publisherUpdate('/master', topic, pub_uris)
  File "/usr/lib/python2.7/xmlrpclib.py", line 1243, in __call__
    return self.__send(self.__name, args)
  File "/usr/lib/python2.7/xmlrpclib.py", line 1602, in __request
    verbose=self.__verbose
  File "/usr/lib/python2.7/xmlrpclib.py", line 1283, in request
    return self.single_request(host, handler, request_body, verbose)
  File "/usr/lib/python2.7/xmlrpclib.py", line 1316, in single_request
    return self.parse_response(response)
  File "/usr/lib/python2.7/xmlrpclib.py", line 1493, in parse_response
    return u.close()
  File "/usr/lib/python2.7/xmlrpclib.py", line 800, in close
    raise Fault(**self._stack[0])
Fault: <Fault -1: 'publisherUpdate: unknown method name'>

[rosmaster.threadpool][ERROR] 2020-02-05 21:56:50,240: Traceback (most recent call last):
  File "/opt/ros/kinetic/lib/python2.7/dist-packages/rosmaster/threadpool.py", line 218, in run
    result = cmd(*args)
  File "/opt/ros/kinetic/lib/python2.7/dist-packages/rosmaster/master_api.py", line 210, in publisher_update_task
    ret = xmlrpcapi(api).publisherUpdate('/master', topic, pub_uris)
  File "/usr/lib/python2.7/xmlrpclib.py", line 1243, in __call__
    return self.__send(self.__name, args)
  File "/usr/lib/python2.7/xmlrpclib.py", line 1602, in __request
    verbose=self.__verbose
  File "/usr/lib/python2.7/xmlrpclib.py", line 1283, in request
    return self.single_request(host, handler, request_body, verbose)
  File "/usr/lib/python2.7/xmlrpclib.py", line 1316, in single_request
    return self.parse_response(response)
  File "/usr/lib/python2.7/xmlrpclib.py", line 1493, in parse_response
    return u.close()
  File "/usr/lib/python2.7/xmlrpclib.py", line 800, in close
    raise Fault(**self._stack[0])
Fault: <Fault -1: 'publisherUpdate: unknown method name'>

[rosmaster.master][INFO] 2020-02-05 21:56:50,240: publisherUpdate[/usb_cam/image_color] -> http://itachi-HP-Pavilion-Laptop-15-cc1xx:39923/ []
[rosmaster.master][INFO] 2020-02-05 21:56:50,240: publisherUpdate[/rosout] -> http://itachi-HP-Pavilion-Laptop-15-cc1xx:44561/ ['http://itachi-HP-Pavilion-Laptop-15-cc1xx:46385/']
[rosmaster.master][INFO] 2020-02-05 21:56:50,241: -PUB [/whycon/poses] /whycon http://itachi-HP-Pavilion-Laptop-15-cc1xx:40909/
[rosmaster.master][INFO] 2020-02-05 21:56:50,241: publisherUpdate[/usb_cam/image_color] -> http://itachi-HP-Pavilion-Laptop-15-cc1xx:39923/ []: sec=0.00, exception=<Fault -1: 'publisherUpdate: unknown method name'>
[rosmaster.master][INFO] 2020-02-05 21:56:50,242: publisherUpdate[/rosout] -> http://itachi-HP-Pavilion-Laptop-15-cc1xx:44561/ ['http://itachi-HP-Pavilion-Laptop-15-cc1xx:46385/']: sec=0.00, result=[1, '', 0]
[rosmaster.master][INFO] 2020-02-05 21:56:50,242: publisherUpdate[/whycon/image_out] -> http://itachi-HP-Pavilion-Laptop-15-cc1xx:46385/ []
[rosmaster.threadpool][ERROR] 2020-02-05 21:56:50,242: Traceback (most recent call last):
  File "/opt/ros/kinetic/lib/python2.7/dist-packages/rosmaster/threadpool.py", line 218, in run
    result = cmd(*args)
  File "/opt/ros/kinetic/lib/python2.7/dist-packages/rosmaster/master_api.py", line 210, in publisher_update_task
    ret = xmlrpcapi(api).publisherUpdate('/master', topic, pub_uris)
  File "/usr/lib/python2.7/xmlrpclib.py", line 1243, in __call__
    return self.__send(self.__name, args)
  File "/usr/lib/python2.7/xmlrpclib.py", line 1602, in __request
    verbose=self.__verbose
  File "/usr/lib/python2.7/xmlrpclib.py", line 1283, in request
    return self.single_request(host, handler, request_body, verbose)
  File "/usr/lib/python2.7/xmlrpclib.py", line 1316, in single_request
    return self.parse_response(response)
  File "/usr/lib/python2.7/xmlrpclib.py", line 1493, in parse_response
    return u.close()
  File "/usr/lib/python2.7/xmlrpclib.py", line 800, in close
    raise Fault(**self._stack[0])
Fault: <Fault -1: 'publisherUpdate: unknown method name'>

[rosmaster.master][INFO] 2020-02-05 21:56:50,242: -PUB [/whycon/context] /whycon http://itachi-HP-Pavilion-Laptop-15-cc1xx:40909/
[rosmaster.master][INFO] 2020-02-05 21:56:50,243: publisherUpdate[/whycon/image_out] -> http://itachi-HP-Pavilion-Laptop-15-cc1xx:46385/ []: sec=0.00, result=[1, '', 0]
[rosmaster.master][INFO] 2020-02-05 21:56:50,243: -PUB [/whycon/projection] /whycon http://itachi-HP-Pavilion-Laptop-15-cc1xx:40909/
[rosmaster.master][INFO] 2020-02-05 21:56:50,244: -SUB [/usb_cam/image_rect_color] /whycon http://itachi-HP-Pavilion-Laptop-15-cc1xx:40909/
[rosmaster.master][INFO] 2020-02-05 21:56:50,244: -SUB [/usb_cam/camera_info] /whycon http://itachi-HP-Pavilion-Laptop-15-cc1xx:40909/
[rosmaster.master][INFO] 2020-02-05 21:56:50,245: -SERVICE [/whycon/get_loggers] /whycon rosrpc://itachi-HP-Pavilion-Laptop-15-cc1xx:33461
[rosmaster.master][INFO] 2020-02-05 21:56:50,245: -SERVICE [/whycon/set_logger_level] /whycon rosrpc://itachi-HP-Pavilion-Laptop-15-cc1xx:33461
[rosmaster.master][INFO] 2020-02-05 21:56:50,246: -SERVICE [/whycon/reset] /whycon rosrpc://itachi-HP-Pavilion-Laptop-15-cc1xx:33461
[rosmaster.master][INFO] 2020-02-05 21:56:50,246: publisherUpdate[/usb_cam/camera_info] -> http://itachi-HP-Pavilion-Laptop-15-cc1xx:40909/ []: sec=0.01, exception=<Fault -1: 'publisherUpdate: unknown method name'>
[rosmaster.threadpool][ERROR] 2020-02-05 21:56:50,246: Traceback (most recent call last):
  File "/opt/ros/kinetic/lib/python2.7/dist-packages/rosmaster/threadpool.py", line 218, in run
    result = cmd(*args)
  File "/opt/ros/kinetic/lib/python2.7/dist-packages/rosmaster/master_api.py", line 210, in publisher_update_task
    ret = xmlrpcapi(api).publisherUpdate('/master', topic, pub_uris)
  File "/usr/lib/python2.7/xmlrpclib.py", line 1243, in __call__
    return self.__send(self.__name, args)
  File "/usr/lib/python2.7/xmlrpclib.py", line 1602, in __request
    verbose=self.__verbose
  File "/usr/lib/python2.7/xmlrpclib.py", line 1283, in request
    return self.single_request(host, handler, request_body, verbose)
  File "/usr/lib/python2.7/xmlrpclib.py", line 1316, in single_request
    return self.parse_response(response)
  File "/usr/lib/python2.7/xmlrpclib.py", line 1493, in parse_response
    return u.close()
  File "/usr/lib/python2.7/xmlrpclib.py", line 800, in close
    raise Fault(**self._stack[0])
Fault: <Fault -1: 'publisherUpdate: unknown method name'>

[rosmaster.master][INFO] 2020-02-05 21:56:50,246: publisherUpdate[/usb_cam/image_rect_color] -> http://itachi-HP-Pavilion-Laptop-15-cc1xx:40909/ []
[rosmaster.master][INFO] 2020-02-05 21:56:50,247: publisherUpdate[/usb_cam/image_rect_color] -> http://itachi-HP-Pavilion-Laptop-15-cc1xx:40909/ []: sec=0.00, exception=<Fault -1: 'publisherUpdate: unknown method name'>
[rosmaster.threadpool][ERROR] 2020-02-05 21:56:50,247: Traceback (most recent call last):
  File "/opt/ros/kinetic/lib/python2.7/dist-packages/rosmaster/threadpool.py", line 218, in run
    result = cmd(*args)
  File "/opt/ros/kinetic/lib/python2.7/dist-packages/rosmaster/master_api.py", line 210, in publisher_update_task
    ret = xmlrpcapi(api).publisherUpdate('/master', topic, pub_uris)
  File "/usr/lib/python2.7/xmlrpclib.py", line 1243, in __call__
    return self.__send(self.__name, args)
  File "/usr/lib/python2.7/xmlrpclib.py", line 1602, in __request
    verbose=self.__verbose
  File "/usr/lib/python2.7/xmlrpclib.py", line 1283, in request
    return self.single_request(host, handler, request_body, verbose)
  File "/usr/lib/python2.7/xmlrpclib.py", line 1316, in single_request
    return self.parse_response(response)
  File "/usr/lib/python2.7/xmlrpclib.py", line 1493, in parse_response
    return u.close()
  File "/usr/lib/python2.7/xmlrpclib.py", line 800, in close
    raise Fault(**self._stack[0])
Fault: <Fault -1: 'publisherUpdate: unknown method name'>

[rosmaster.master][INFO] 2020-02-05 21:56:50,344: -PUB [/rosout] /whycon_display/image_view http://itachi-HP-Pavilion-Laptop-15-cc1xx:46385/
[rosmaster.master][INFO] 2020-02-05 21:56:50,344: -PUB [/whycon_display/image_view/output] /whycon_display/image_view http://itachi-HP-Pavilion-Laptop-15-cc1xx:46385/
[rosmaster.master][INFO] 2020-02-05 21:56:50,345: -PUB [/whycon_display/image_view/parameter_descriptions] /whycon_display/image_view http://itachi-HP-Pavilion-Laptop-15-cc1xx:46385/
[rosmaster.master][INFO] 2020-02-05 21:56:50,345: -PUB [/whycon_display/image_view/parameter_updates] /whycon_display/image_view http://itachi-HP-Pavilion-Laptop-15-cc1xx:46385/
[rosmaster.master][INFO] 2020-02-05 21:56:50,346: -SUB [/whycon/image_out] /whycon_display/image_view http://itachi-HP-Pavilion-Laptop-15-cc1xx:46385/
[rosmaster.master][INFO] 2020-02-05 21:56:50,346: -SERVICE [/whycon_display/image_view/get_loggers] /whycon_display/image_view rosrpc://itachi-HP-Pavilion-Laptop-15-cc1xx:37321
[rosmaster.master][INFO] 2020-02-05 21:56:50,347: -SERVICE [/whycon_display/image_view/set_logger_level] /whycon_display/image_view rosrpc://itachi-HP-Pavilion-Laptop-15-cc1xx:37321
[rosmaster.master][INFO] 2020-02-05 21:56:50,347: publisherUpdate[/rosout] -> http://itachi-HP-Pavilion-Laptop-15-cc1xx:44561/ []
[rosmaster.master][INFO] 2020-02-05 21:56:50,347: -SERVICE [/whycon_display/image_view/set_parameters] /whycon_display/image_view rosrpc://itachi-HP-Pavilion-Laptop-15-cc1xx:37321
[rosmaster.master][INFO] 2020-02-05 21:56:50,348: publisherUpdate[/rosout] -> http://itachi-HP-Pavilion-Laptop-15-cc1xx:44561/ []: sec=0.00, result=[1, '', 0]
[rosmaster.master][INFO] 2020-02-05 21:56:50,649: -PUB [/rosout_agg] /rosout http://itachi-HP-Pavilion-Laptop-15-cc1xx:44561/
[rosmaster.master][INFO] 2020-02-05 21:56:50,650: -SUB [/rosout] /rosout http://itachi-HP-Pavilion-Laptop-15-cc1xx:44561/
[rosmaster.master][INFO] 2020-02-05 21:56:50,650: -SERVICE [/rosout/get_loggers] /rosout rosrpc://itachi-HP-Pavilion-Laptop-15-cc1xx:33055
[rosmaster.master][INFO] 2020-02-05 21:56:50,651: -SERVICE [/rosout/set_logger_level] /rosout rosrpc://itachi-HP-Pavilion-Laptop-15-cc1xx:33055
[rosmaster.main][INFO] 2020-02-05 21:56:50,678: keyboard interrupt, will exit
[rosmaster.main][INFO] 2020-02-05 21:56:50,679: stopping master...
[rospy.core][INFO] 2020-02-05 21:56:50,679: signal_shutdown [atexit]
