[rosmaster.main][INFO] 2019-11-13 03:24:21,400: initialization complete, waiting for shutdown
[rosmaster.main][INFO] 2019-11-13 03:24:21,400: Starting ROS Master Node
[xmlrpc][INFO] 2019-11-13 03:24:21,401: XML-RPC server binding to 0.0.0.0:11311
[xmlrpc][INFO] 2019-11-13 03:24:21,401: Started XML-RPC server [http://itachi-HP-Pavilion-Laptop-15-cc1xx:11311/]
[rosmaster.master][INFO] 2019-11-13 03:24:21,401: Master initialized: port[11311], uri[http://itachi-HP-Pavilion-Laptop-15-cc1xx:11311/]
[xmlrpc][INFO] 2019-11-13 03:24:21,401: xml rpc node: starting XML-RPC server
[rosmaster.master][INFO] 2019-11-13 03:24:21,454: +PARAM [/run_id] by /roslaunch
[rosmaster.master][INFO] 2019-11-13 03:24:21,456: +PARAM [/roslaunch/uris/host_itachi_hp_pavilion_laptop_15_cc1xx__35163] by /roslaunch
[rosmaster.master][INFO] 2019-11-13 03:24:21,551: +PARAM [/rosversion] by /roslaunch
[rosmaster.master][INFO] 2019-11-13 03:24:21,551: +PARAM [/rosdistro] by /roslaunch
[rosmaster.master][INFO] 2019-11-13 03:24:21,599: +SERVICE [/rosout/get_loggers] /rosout http://itachi-HP-Pavilion-Laptop-15-cc1xx:41591/
[rosmaster.master][INFO] 2019-11-13 03:24:21,600: +SERVICE [/rosout/set_logger_level] /rosout http://itachi-HP-Pavilion-Laptop-15-cc1xx:41591/
[rosmaster.master][INFO] 2019-11-13 03:24:21,601: +PUB [/rosout_agg] /rosout http://itachi-HP-Pavilion-Laptop-15-cc1xx:41591/
[rosmaster.master][INFO] 2019-11-13 03:24:21,604: +SUB [/rosout] /rosout http://itachi-HP-Pavilion-Laptop-15-cc1xx:41591/
[rosmaster.master][INFO] 2019-11-13 03:25:07,942: +PARAM [/roslaunch/uris/host_itachi_hp_pavilion_laptop_15_cc1xx__41187] by /roslaunch
[rosmaster.master][INFO] 2019-11-13 03:25:07,948: +PARAM [/use_sim_time] by /roslaunch
[rosmaster.master][INFO] 2019-11-13 03:25:07,948: +PARAM [/edrone/roll_pitch_yawrate_thrust_controller_node/angular_rate_gain/z] by /roslaunch
[rosmaster.master][INFO] 2019-11-13 03:25:07,948: +PARAM [/edrone/roll_pitch_yawrate_thrust_controller_node/angular_rate_gain/x] by /roslaunch
[rosmaster.master][INFO] 2019-11-13 03:25:07,948: +PARAM [/edrone/roll_pitch_yawrate_thrust_controller_node/angular_rate_gain/y] by /roslaunch
[rosmaster.master][INFO] 2019-11-13 03:25:07,948: +PARAM [/edrone/roll_pitch_yawrate_thrust_controller_node/inertia/yy] by /roslaunch
[rosmaster.master][INFO] 2019-11-13 03:25:07,948: +PARAM [/edrone/roll_pitch_yawrate_thrust_controller_node/rotor_configuration/2/arm_length] by /roslaunch
[rosmaster.master][INFO] 2019-11-13 03:25:07,948: +PARAM [/edrone/roll_pitch_yawrate_thrust_controller_node/attitude_gain/y] by /roslaunch
[rosmaster.master][INFO] 2019-11-13 03:25:07,948: +PARAM [/edrone/roll_pitch_yawrate_thrust_controller_node/attitude_gain/x] by /roslaunch
[rosmaster.master][INFO] 2019-11-13 03:25:07,948: +PARAM [/edrone/roll_pitch_yawrate_thrust_controller_node/rotor_configuration/1/rotor_force_constant] by /roslaunch
[rosmaster.master][INFO] 2019-11-13 03:25:07,949: +PARAM [/edrone/roll_pitch_yawrate_thrust_controller_node/attitude_gain/z] by /roslaunch
[rosmaster.master][INFO] 2019-11-13 03:25:07,949: +PARAM [/edrone/roll_pitch_yawrate_thrust_controller_node/rotor_configuration/3/rotor_force_constant] by /roslaunch
[rosmaster.master][INFO] 2019-11-13 03:25:07,949: +PARAM [/edrone/roll_pitch_yawrate_thrust_controller_node/rotor_configuration/1/arm_length] by /roslaunch
[rosmaster.master][INFO] 2019-11-13 03:25:07,949: +PARAM [/edrone/roll_pitch_yawrate_thrust_controller_node/rotor_configuration/1/angle] by /roslaunch
[rosmaster.master][INFO] 2019-11-13 03:25:07,949: +PARAM [/edrone/roll_pitch_yawrate_thrust_controller_node/rotor_configuration/3/rotor_moment_constant] by /roslaunch
[rosmaster.master][INFO] 2019-11-13 03:25:07,949: +PARAM [/edrone/roll_pitch_yawrate_thrust_controller_node/inertia/yz] by /roslaunch
[rosmaster.master][INFO] 2019-11-13 03:25:07,949: +PARAM [/edrone/roll_pitch_yawrate_thrust_controller_node/rotor_configuration/3/angle] by /roslaunch
[rosmaster.master][INFO] 2019-11-13 03:25:07,949: +PARAM [/edrone/roll_pitch_yawrate_thrust_controller_node/rotor_configuration/0/angle] by /roslaunch
[rosmaster.master][INFO] 2019-11-13 03:25:07,949: +PARAM [/edrone/tf_prefix] by /roslaunch
[rosmaster.master][INFO] 2019-11-13 03:25:07,949: +PARAM [/edrone/roll_pitch_yawrate_thrust_controller_node/rotor_configuration/0/direction] by /roslaunch
[rosmaster.master][INFO] 2019-11-13 03:25:07,949: +PARAM [/edrone/roll_pitch_yawrate_thrust_controller_node/rotor_configuration/1/direction] by /roslaunch
[rosmaster.master][INFO] 2019-11-13 03:25:07,949: +PARAM [/edrone/roll_pitch_yawrate_thrust_controller_node/rotor_configuration/2/rotor_moment_constant] by /roslaunch
[rosmaster.master][INFO] 2019-11-13 03:25:07,949: +PARAM [/whycon/inner_diameter] by /roslaunch
[rosmaster.master][INFO] 2019-11-13 03:25:07,949: +PARAM [/edrone/roll_pitch_yawrate_thrust_controller_node/rotor_configuration/3/arm_length] by /roslaunch
[rosmaster.master][INFO] 2019-11-13 03:25:07,949: +PARAM [/edrone/roll_pitch_yawrate_thrust_controller_node/rotor_configuration/0/rotor_force_constant] by /roslaunch
[rosmaster.master][INFO] 2019-11-13 03:25:07,950: +PARAM [/edrone/roll_pitch_yawrate_thrust_controller_node/rotor_configuration/2/rotor_force_constant] by /roslaunch
[rosmaster.master][INFO] 2019-11-13 03:25:07,950: +PARAM [/rosdistro] by /roslaunch
[rosmaster.master][INFO] 2019-11-13 03:25:07,950: +PARAM [/edrone/roll_pitch_yawrate_thrust_controller_node/rotor_configuration/3/direction] by /roslaunch
[rosmaster.master][INFO] 2019-11-13 03:25:07,950: +PARAM [/edrone/roll_pitch_yawrate_thrust_controller_node/mass] by /roslaunch
[rosmaster.master][INFO] 2019-11-13 03:25:07,950: +PARAM [/rosversion] by /roslaunch
[rosmaster.master][INFO] 2019-11-13 03:25:07,950: +PARAM [/edrone/roll_pitch_yawrate_thrust_controller_node/rotor_configuration/0/rotor_moment_constant] by /roslaunch
[rosmaster.master][INFO] 2019-11-13 03:25:07,950: +PARAM [/edrone/roll_pitch_yawrate_thrust_controller_node/rotor_configuration/2/direction] by /roslaunch
[rosmaster.master][INFO] 2019-11-13 03:25:07,950: +PARAM [/edrone/robot_description] by /roslaunch
[rosmaster.master][INFO] 2019-11-13 03:25:07,950: +PARAM [/whycon/name] by /roslaunch
[rosmaster.master][INFO] 2019-11-13 03:25:07,950: +PARAM [/whycon/targets] by /roslaunch
[rosmaster.master][INFO] 2019-11-13 03:25:07,950: +PARAM [/edrone/roll_pitch_yawrate_thrust_controller_node/inertia/xz] by /roslaunch
[rosmaster.master][INFO] 2019-11-13 03:25:07,950: +PARAM [/edrone/roll_pitch_yawrate_thrust_controller_node/rotor_configuration/0/arm_length] by /roslaunch
[rosmaster.master][INFO] 2019-11-13 03:25:07,950: +PARAM [/edrone/roll_pitch_yawrate_thrust_controller_node/inertia/xx] by /roslaunch
[rosmaster.master][INFO] 2019-11-13 03:25:07,950: +PARAM [/edrone/roll_pitch_yawrate_thrust_controller_node/inertia/xy] by /roslaunch
[rosmaster.master][INFO] 2019-11-13 03:25:07,950: +PARAM [/edrone/roll_pitch_yawrate_thrust_controller_node/inertia/zz] by /roslaunch
[rosmaster.master][INFO] 2019-11-13 03:25:07,950: +PARAM [/edrone/roll_pitch_yawrate_thrust_controller_node/rotor_configuration/2/angle] by /roslaunch
[rosmaster.master][INFO] 2019-11-13 03:25:07,951: +PARAM [/whycon/outer_diameter] by /roslaunch
[rosmaster.master][INFO] 2019-11-13 03:25:07,951: +PARAM [/edrone/roll_pitch_yawrate_thrust_controller_node/rotor_configuration/1/rotor_moment_constant] by /roslaunch
[rosmaster.master][INFO] 2019-11-13 03:25:08,056: +PUB [/rosout] /edrone/rotors_edrone_interface http://itachi-HP-Pavilion-Laptop-15-cc1xx:45945/
[rosmaster.master][INFO] 2019-11-13 03:25:08,057: +SERVICE [/edrone/rotors_edrone_interface/get_loggers] /edrone/rotors_edrone_interface http://itachi-HP-Pavilion-Laptop-15-cc1xx:45945/
[rosmaster.master][INFO] 2019-11-13 03:25:08,058: +SERVICE [/edrone/rotors_edrone_interface/set_logger_level] /edrone/rotors_edrone_interface http://itachi-HP-Pavilion-Laptop-15-cc1xx:45945/
[rosmaster.master][INFO] 2019-11-13 03:25:08,062: +SUB [/clock] /edrone/rotors_edrone_interface http://itachi-HP-Pavilion-Laptop-15-cc1xx:45945/
[rosmaster.master][INFO] 2019-11-13 03:25:08,062: +PUB [/edrone/command/roll_pitch_yawrate_thrust] /edrone/rotors_edrone_interface http://itachi-HP-Pavilion-Laptop-15-cc1xx:45945/
[rosmaster.master][INFO] 2019-11-13 03:25:08,072: +SUB [/drone_command] /edrone/rotors_edrone_interface http://itachi-HP-Pavilion-Laptop-15-cc1xx:45945/
[rosmaster.master][INFO] 2019-11-13 03:25:08,084: +PUB [/rosout] /edrone/roll_pitch_yawrate_thrust_controller_node http://itachi-HP-Pavilion-Laptop-15-cc1xx:38757/
[rosmaster.master][INFO] 2019-11-13 03:25:08,085: +SERVICE [/edrone/roll_pitch_yawrate_thrust_controller_node/get_loggers] /edrone/roll_pitch_yawrate_thrust_controller_node http://itachi-HP-Pavilion-Laptop-15-cc1xx:38757/
[rosmaster.master][INFO] 2019-11-13 03:25:08,085: +SERVICE [/edrone/roll_pitch_yawrate_thrust_controller_node/set_logger_level] /edrone/roll_pitch_yawrate_thrust_controller_node http://itachi-HP-Pavilion-Laptop-15-cc1xx:38757/
[rosmaster.master][INFO] 2019-11-13 03:25:08,089: +SUB [/clock] /edrone/roll_pitch_yawrate_thrust_controller_node http://itachi-HP-Pavilion-Laptop-15-cc1xx:38757/
[rosmaster.master][INFO] 2019-11-13 03:25:08,123: publisherUpdate[/rosout] -> http://itachi-HP-Pavilion-Laptop-15-cc1xx:41591/ ['http://itachi-HP-Pavilion-Laptop-15-cc1xx:45945/']
[rosmaster.master][INFO] 2019-11-13 03:25:08,124: publisherUpdate[/rosout] -> http://itachi-HP-Pavilion-Laptop-15-cc1xx:41591/ ['http://itachi-HP-Pavilion-Laptop-15-cc1xx:45945/']: sec=0.00, result=[1, '', 0]
[rosmaster.master][INFO] 2019-11-13 03:25:08,124: publisherUpdate[/rosout] -> http://itachi-HP-Pavilion-Laptop-15-cc1xx:41591/ ['http://itachi-HP-Pavilion-Laptop-15-cc1xx:45945/', 'http://itachi-HP-Pavilion-Laptop-15-cc1xx:38757/']
[rosmaster.master][INFO] 2019-11-13 03:25:08,125: publisherUpdate[/rosout] -> http://itachi-HP-Pavilion-Laptop-15-cc1xx:41591/ ['http://itachi-HP-Pavilion-Laptop-15-cc1xx:45945/', 'http://itachi-HP-Pavilion-Laptop-15-cc1xx:38757/']: sec=0.00, result=[1, '', 0]
[rosmaster.master][INFO] 2019-11-13 03:25:08,152: +PUB [/rosout] /edrone/robot_state_publisher http://itachi-HP-Pavilion-Laptop-15-cc1xx:39593/
[rosmaster.master][INFO] 2019-11-13 03:25:08,153: +SERVICE [/edrone/robot_state_publisher/get_loggers] /edrone/robot_state_publisher http://itachi-HP-Pavilion-Laptop-15-cc1xx:39593/
[rosmaster.master][INFO] 2019-11-13 03:25:08,154: +SERVICE [/edrone/robot_state_publisher/set_logger_level] /edrone/robot_state_publisher http://itachi-HP-Pavilion-Laptop-15-cc1xx:39593/
[rosmaster.master][INFO] 2019-11-13 03:25:08,157: +SUB [/clock] /edrone/robot_state_publisher http://itachi-HP-Pavilion-Laptop-15-cc1xx:39593/
[rosmaster.master][INFO] 2019-11-13 03:25:08,169: +PUB [/tf] /edrone/robot_state_publisher http://itachi-HP-Pavilion-Laptop-15-cc1xx:39593/
[rosmaster.master][INFO] 2019-11-13 03:25:08,170: +PUB [/tf_static] /edrone/robot_state_publisher http://itachi-HP-Pavilion-Laptop-15-cc1xx:39593/
[rosmaster.master][INFO] 2019-11-13 03:25:08,176: +SUB [/edrone/joint_states] /edrone/robot_state_publisher http://itachi-HP-Pavilion-Laptop-15-cc1xx:39593/
[rosmaster.master][INFO] 2019-11-13 03:25:08,225: publisherUpdate[/rosout] -> http://itachi-HP-Pavilion-Laptop-15-cc1xx:41591/ ['http://itachi-HP-Pavilion-Laptop-15-cc1xx:45945/', 'http://itachi-HP-Pavilion-Laptop-15-cc1xx:38757/', 'http://itachi-HP-Pavilion-Laptop-15-cc1xx:39593/']
[rosmaster.master][INFO] 2019-11-13 03:25:08,226: publisherUpdate[/rosout] -> http://itachi-HP-Pavilion-Laptop-15-cc1xx:41591/ ['http://itachi-HP-Pavilion-Laptop-15-cc1xx:45945/', 'http://itachi-HP-Pavilion-Laptop-15-cc1xx:38757/', 'http://itachi-HP-Pavilion-Laptop-15-cc1xx:39593/']: sec=0.00, result=[1, '', 0]
[rosmaster.master][INFO] 2019-11-13 03:25:08,326: -PUB [/rosout] /edrone/roll_pitch_yawrate_thrust_controller_node http://itachi-HP-Pavilion-Laptop-15-cc1xx:38757/
[rosmaster.master][INFO] 2019-11-13 03:25:08,326: publisherUpdate[/rosout] -> http://itachi-HP-Pavilion-Laptop-15-cc1xx:41591/ ['http://itachi-HP-Pavilion-Laptop-15-cc1xx:45945/', 'http://itachi-HP-Pavilion-Laptop-15-cc1xx:39593/']
[rosmaster.master][INFO] 2019-11-13 03:25:08,327: -SUB [/clock] /edrone/roll_pitch_yawrate_thrust_controller_node http://itachi-HP-Pavilion-Laptop-15-cc1xx:38757/
[rosmaster.master][INFO] 2019-11-13 03:25:08,327: -SERVICE [/edrone/roll_pitch_yawrate_thrust_controller_node/get_loggers] /edrone/roll_pitch_yawrate_thrust_controller_node rosrpc://itachi-HP-Pavilion-Laptop-15-cc1xx:54337
[rosmaster.master][INFO] 2019-11-13 03:25:08,328: -SERVICE [/edrone/roll_pitch_yawrate_thrust_controller_node/set_logger_level] /edrone/roll_pitch_yawrate_thrust_controller_node rosrpc://itachi-HP-Pavilion-Laptop-15-cc1xx:54337
[rosmaster.master][INFO] 2019-11-13 03:25:08,528: publisherUpdate[/rosout] -> http://itachi-HP-Pavilion-Laptop-15-cc1xx:41591/ ['http://itachi-HP-Pavilion-Laptop-15-cc1xx:45945/', 'http://itachi-HP-Pavilion-Laptop-15-cc1xx:39593/']: sec=0.20, result=[1, '', 0]
[rosmaster.master][INFO] 2019-11-13 03:25:08,607: +PUB [/rosout] /edrone/spawn_edrone http://itachi-HP-Pavilion-Laptop-15-cc1xx:33201/
[rosmaster.master][INFO] 2019-11-13 03:25:08,609: +SUB [/clock] /edrone/spawn_edrone http://itachi-HP-Pavilion-Laptop-15-cc1xx:33201/
[rosmaster.master][INFO] 2019-11-13 03:25:08,610: +SERVICE [/edrone/spawn_edrone/get_loggers] /edrone/spawn_edrone http://itachi-HP-Pavilion-Laptop-15-cc1xx:33201/
[rosmaster.master][INFO] 2019-11-13 03:25:08,611: +SERVICE [/edrone/spawn_edrone/set_logger_level] /edrone/spawn_edrone http://itachi-HP-Pavilion-Laptop-15-cc1xx:33201/
[rosmaster.master][INFO] 2019-11-13 03:25:08,627: publisherUpdate[/rosout] -> http://itachi-HP-Pavilion-Laptop-15-cc1xx:41591/ ['http://itachi-HP-Pavilion-Laptop-15-cc1xx:45945/', 'http://itachi-HP-Pavilion-Laptop-15-cc1xx:39593/', 'http://itachi-HP-Pavilion-Laptop-15-cc1xx:33201/']
[rosmaster.master][INFO] 2019-11-13 03:25:08,628: publisherUpdate[/rosout] -> http://itachi-HP-Pavilion-Laptop-15-cc1xx:41591/ ['http://itachi-HP-Pavilion-Laptop-15-cc1xx:45945/', 'http://itachi-HP-Pavilion-Laptop-15-cc1xx:39593/', 'http://itachi-HP-Pavilion-Laptop-15-cc1xx:33201/']: sec=0.00, result=[1, '', 0]
[rosmaster.master][INFO] 2019-11-13 03:25:08,629: +PUB [/rosout] /edrone/roll_pitch_yawrate_thrust_controller_node http://itachi-HP-Pavilion-Laptop-15-cc1xx:46547/
[rosmaster.master][INFO] 2019-11-13 03:25:08,630: +SERVICE [/edrone/roll_pitch_yawrate_thrust_controller_node/get_loggers] /edrone/roll_pitch_yawrate_thrust_controller_node http://itachi-HP-Pavilion-Laptop-15-cc1xx:46547/
[rosmaster.master][INFO] 2019-11-13 03:25:08,630: +SERVICE [/edrone/roll_pitch_yawrate_thrust_controller_node/set_logger_level] /edrone/roll_pitch_yawrate_thrust_controller_node http://itachi-HP-Pavilion-Laptop-15-cc1xx:46547/
[rosmaster.master][INFO] 2019-11-13 03:25:08,633: +SUB [/clock] /edrone/roll_pitch_yawrate_thrust_controller_node http://itachi-HP-Pavilion-Laptop-15-cc1xx:46547/
[rosmaster.master][INFO] 2019-11-13 03:25:08,636: +SUB [/edrone/command/roll_pitch_yawrate_thrust] /edrone/roll_pitch_yawrate_thrust_controller_node http://itachi-HP-Pavilion-Laptop-15-cc1xx:46547/
[rosmaster.master][INFO] 2019-11-13 03:25:08,638: +SUB [/edrone/odometry_sensor1/odometry] /edrone/roll_pitch_yawrate_thrust_controller_node http://itachi-HP-Pavilion-Laptop-15-cc1xx:46547/
[rosmaster.master][INFO] 2019-11-13 03:25:08,639: +PUB [/edrone/command/motor_speed] /edrone/roll_pitch_yawrate_thrust_controller_node http://itachi-HP-Pavilion-Laptop-15-cc1xx:46547/
[rosmaster.master][INFO] 2019-11-13 03:25:08,649: +PUB [/rosout] /edrone/joint_state_publisher http://itachi-HP-Pavilion-Laptop-15-cc1xx:35913/
[rosmaster.master][INFO] 2019-11-13 03:25:08,651: +SUB [/clock] /edrone/joint_state_publisher http://itachi-HP-Pavilion-Laptop-15-cc1xx:35913/
[rosmaster.master][INFO] 2019-11-13 03:25:08,652: +SERVICE [/edrone/joint_state_publisher/get_loggers] /edrone/joint_state_publisher http://itachi-HP-Pavilion-Laptop-15-cc1xx:35913/
[rosmaster.master][INFO] 2019-11-13 03:25:08,653: +SERVICE [/edrone/joint_state_publisher/set_logger_level] /edrone/joint_state_publisher http://itachi-HP-Pavilion-Laptop-15-cc1xx:35913/
[rosmaster.master][INFO] 2019-11-13 03:25:08,674: +PUB [/edrone/joint_states] /edrone/joint_state_publisher http://itachi-HP-Pavilion-Laptop-15-cc1xx:35913/
[rosmaster.master][INFO] 2019-11-13 03:25:08,695: +PUB [/rosout] /whycon_display/image_view http://itachi-HP-Pavilion-Laptop-15-cc1xx:35453/
[rosmaster.master][INFO] 2019-11-13 03:25:08,695: +PUB [/rosout] /whycon http://itachi-HP-Pavilion-Laptop-15-cc1xx:36709/
[rosmaster.master][INFO] 2019-11-13 03:25:08,696: +SERVICE [/whycon_display/image_view/get_loggers] /whycon_display/image_view http://itachi-HP-Pavilion-Laptop-15-cc1xx:35453/
[rosmaster.master][INFO] 2019-11-13 03:25:08,697: +SERVICE [/whycon/get_loggers] /whycon http://itachi-HP-Pavilion-Laptop-15-cc1xx:36709/
[rosmaster.master][INFO] 2019-11-13 03:25:08,697: +SERVICE [/whycon_display/image_view/set_logger_level] /whycon_display/image_view http://itachi-HP-Pavilion-Laptop-15-cc1xx:35453/
[rosmaster.master][INFO] 2019-11-13 03:25:08,697: +SERVICE [/whycon/set_logger_level] /whycon http://itachi-HP-Pavilion-Laptop-15-cc1xx:36709/
[rosmaster.master][INFO] 2019-11-13 03:25:08,702: +SUB [/clock] /whycon_display/image_view http://itachi-HP-Pavilion-Laptop-15-cc1xx:35453/
[rosmaster.master][INFO] 2019-11-13 03:25:08,703: +SUB [/clock] /whycon http://itachi-HP-Pavilion-Laptop-15-cc1xx:36709/
[rosmaster.master][INFO] 2019-11-13 03:25:08,728: publisherUpdate[/rosout] -> http://itachi-HP-Pavilion-Laptop-15-cc1xx:41591/ ['http://itachi-HP-Pavilion-Laptop-15-cc1xx:45945/', 'http://itachi-HP-Pavilion-Laptop-15-cc1xx:39593/', 'http://itachi-HP-Pavilion-Laptop-15-cc1xx:33201/', 'http://itachi-HP-Pavilion-Laptop-15-cc1xx:46547/']
[rosmaster.master][INFO] 2019-11-13 03:25:08,729: publisherUpdate[/rosout] -> http://itachi-HP-Pavilion-Laptop-15-cc1xx:41591/ ['http://itachi-HP-Pavilion-Laptop-15-cc1xx:45945/', 'http://itachi-HP-Pavilion-Laptop-15-cc1xx:39593/', 'http://itachi-HP-Pavilion-Laptop-15-cc1xx:33201/', 'http://itachi-HP-Pavilion-Laptop-15-cc1xx:46547/']: sec=0.00, result=[1, '', 0]
[rosmaster.master][INFO] 2019-11-13 03:25:08,729: publisherUpdate[/edrone/joint_states] -> http://itachi-HP-Pavilion-Laptop-15-cc1xx:39593/ ['http://itachi-HP-Pavilion-Laptop-15-cc1xx:35913/']
[rosmaster.master][INFO] 2019-11-13 03:25:08,729: publisherUpdate[/rosout] -> http://itachi-HP-Pavilion-Laptop-15-cc1xx:41591/ ['http://itachi-HP-Pavilion-Laptop-15-cc1xx:45945/', 'http://itachi-HP-Pavilion-Laptop-15-cc1xx:39593/', 'http://itachi-HP-Pavilion-Laptop-15-cc1xx:33201/', 'http://itachi-HP-Pavilion-Laptop-15-cc1xx:46547/', 'http://itachi-HP-Pavilion-Laptop-15-cc1xx:35913/']
[rosmaster.master][INFO] 2019-11-13 03:25:08,729: publisherUpdate[/rosout] -> http://itachi-HP-Pavilion-Laptop-15-cc1xx:41591/ ['http://itachi-HP-Pavilion-Laptop-15-cc1xx:45945/', 'http://itachi-HP-Pavilion-Laptop-15-cc1xx:39593/', 'http://itachi-HP-Pavilion-Laptop-15-cc1xx:33201/', 'http://itachi-HP-Pavilion-Laptop-15-cc1xx:46547/', 'http://itachi-HP-Pavilion-Laptop-15-cc1xx:35913/']: sec=0.00, result=[1, '', 0]
[rosmaster.master][INFO] 2019-11-13 03:25:08,730: publisherUpdate[/edrone/joint_states] -> http://itachi-HP-Pavilion-Laptop-15-cc1xx:39593/ ['http://itachi-HP-Pavilion-Laptop-15-cc1xx:35913/']: sec=0.00, result=[1, '', 0]
[rosmaster.master][INFO] 2019-11-13 03:25:08,730: publisherUpdate[/rosout] -> http://itachi-HP-Pavilion-Laptop-15-cc1xx:41591/ ['http://itachi-HP-Pavilion-Laptop-15-cc1xx:45945/', 'http://itachi-HP-Pavilion-Laptop-15-cc1xx:39593/', 'http://itachi-HP-Pavilion-Laptop-15-cc1xx:33201/', 'http://itachi-HP-Pavilion-Laptop-15-cc1xx:46547/', 'http://itachi-HP-Pavilion-Laptop-15-cc1xx:35913/', 'http://itachi-HP-Pavilion-Laptop-15-cc1xx:35453/']
[rosmaster.master][INFO] 2019-11-13 03:25:08,730: publisherUpdate[/rosout] -> http://itachi-HP-Pavilion-Laptop-15-cc1xx:41591/ ['http://itachi-HP-Pavilion-Laptop-15-cc1xx:45945/', 'http://itachi-HP-Pavilion-Laptop-15-cc1xx:39593/', 'http://itachi-HP-Pavilion-Laptop-15-cc1xx:33201/', 'http://itachi-HP-Pavilion-Laptop-15-cc1xx:46547/', 'http://itachi-HP-Pavilion-Laptop-15-cc1xx:35913/', 'http://itachi-HP-Pavilion-Laptop-15-cc1xx:35453/']: sec=0.00, result=[1, '', 0]
[rosmaster.master][INFO] 2019-11-13 03:25:08,730: publisherUpdate[/rosout] -> http://itachi-HP-Pavilion-Laptop-15-cc1xx:41591/ ['http://itachi-HP-Pavilion-Laptop-15-cc1xx:45945/', 'http://itachi-HP-Pavilion-Laptop-15-cc1xx:39593/', 'http://itachi-HP-Pavilion-Laptop-15-cc1xx:33201/', 'http://itachi-HP-Pavilion-Laptop-15-cc1xx:46547/', 'http://itachi-HP-Pavilion-Laptop-15-cc1xx:35913/', 'http://itachi-HP-Pavilion-Laptop-15-cc1xx:35453/', 'http://itachi-HP-Pavilion-Laptop-15-cc1xx:36709/']
[rosmaster.master][INFO] 2019-11-13 03:25:08,731: publisherUpdate[/rosout] -> http://itachi-HP-Pavilion-Laptop-15-cc1xx:41591/ ['http://itachi-HP-Pavilion-Laptop-15-cc1xx:45945/', 'http://itachi-HP-Pavilion-Laptop-15-cc1xx:39593/', 'http://itachi-HP-Pavilion-Laptop-15-cc1xx:33201/', 'http://itachi-HP-Pavilion-Laptop-15-cc1xx:46547/', 'http://itachi-HP-Pavilion-Laptop-15-cc1xx:35913/', 'http://itachi-HP-Pavilion-Laptop-15-cc1xx:35453/', 'http://itachi-HP-Pavilion-Laptop-15-cc1xx:36709/']: sec=0.00, result=[1, '', 0]
[rosmaster.master][INFO] 2019-11-13 03:25:08,774: +PUB [/tf] /whycon http://itachi-HP-Pavilion-Laptop-15-cc1xx:36709/
[rosmaster.master][INFO] 2019-11-13 03:25:08,785: +SUB [/gazebo/overhead_cam/image_rect_color] /whycon http://itachi-HP-Pavilion-Laptop-15-cc1xx:36709/
[rosmaster.master][INFO] 2019-11-13 03:25:08,788: +SUB [/gazebo/overhead_cam/camera_info] /whycon http://itachi-HP-Pavilion-Laptop-15-cc1xx:36709/
[rosmaster.master][INFO] 2019-11-13 03:25:08,789: +PUB [/whycon/image_out] /whycon http://itachi-HP-Pavilion-Laptop-15-cc1xx:36709/
[rosmaster.master][INFO] 2019-11-13 03:25:08,790: +PUB [/whycon/poses] /whycon http://itachi-HP-Pavilion-Laptop-15-cc1xx:36709/
[rosmaster.master][INFO] 2019-11-13 03:25:08,790: +PUB [/whycon/context] /whycon http://itachi-HP-Pavilion-Laptop-15-cc1xx:36709/
[rosmaster.master][INFO] 2019-11-13 03:25:08,791: +PUB [/whycon/projection] /whycon http://itachi-HP-Pavilion-Laptop-15-cc1xx:36709/
[rosmaster.master][INFO] 2019-11-13 03:25:08,791: +SERVICE [/whycon/reset] /whycon http://itachi-HP-Pavilion-Laptop-15-cc1xx:36709/
[rosmaster.master][INFO] 2019-11-13 03:25:08,907: +SUB [/whycon/image_out] /whycon_display/image_view http://itachi-HP-Pavilion-Laptop-15-cc1xx:35453/
[rosmaster.master][INFO] 2019-11-13 03:25:08,908: +PUB [/whycon_display/image_view/output] /whycon_display/image_view http://itachi-HP-Pavilion-Laptop-15-cc1xx:35453/
[rosmaster.master][INFO] 2019-11-13 03:25:08,908: +SERVICE [/whycon_display/image_view/set_parameters] /whycon_display/image_view http://itachi-HP-Pavilion-Laptop-15-cc1xx:35453/
[rosmaster.master][INFO] 2019-11-13 03:25:08,909: +PUB [/whycon_display/image_view/parameter_descriptions] /whycon_display/image_view http://itachi-HP-Pavilion-Laptop-15-cc1xx:35453/
[rosmaster.master][INFO] 2019-11-13 03:25:08,909: +PUB [/whycon_display/image_view/parameter_updates] /whycon_display/image_view http://itachi-HP-Pavilion-Laptop-15-cc1xx:35453/
[rosmaster.master][INFO] 2019-11-13 03:25:08,912: +PARAM [/whycon_display/image_view/do_dynamic_scaling] by /whycon_display/image_view
[rosmaster.master][INFO] 2019-11-13 03:25:08,912: +PARAM [/whycon_display/image_view/colormap] by /whycon_display/image_view
[rosmaster.master][INFO] 2019-11-13 03:25:08,913: +PARAM [/whycon_display/image_view/min_image_value] by /whycon_display/image_view
[rosmaster.master][INFO] 2019-11-13 03:25:08,913: +PARAM [/whycon_display/image_view/max_image_value] by /whycon_display/image_view
[rosmaster.master][INFO] 2019-11-13 03:25:08,914: +PARAM [/whycon_display/image_view/do_dynamic_scaling] by /whycon_display/image_view
[rosmaster.master][INFO] 2019-11-13 03:25:08,914: +PARAM [/whycon_display/image_view/colormap] by /whycon_display/image_view
[rosmaster.master][INFO] 2019-11-13 03:25:08,915: +PARAM [/whycon_display/image_view/min_image_value] by /whycon_display/image_view
[rosmaster.master][INFO] 2019-11-13 03:25:08,915: +PARAM [/whycon_display/image_view/max_image_value] by /whycon_display/image_view
[rosmaster.master][INFO] 2019-11-13 03:25:09,381: +PUB [/rosout] /gazebo http://itachi-HP-Pavilion-Laptop-15-cc1xx:37593/
[rosmaster.master][INFO] 2019-11-13 03:25:09,382: +SERVICE [/gazebo/get_loggers] /gazebo http://itachi-HP-Pavilion-Laptop-15-cc1xx:37593/
[rosmaster.master][INFO] 2019-11-13 03:25:09,383: +SERVICE [/gazebo/set_logger_level] /gazebo http://itachi-HP-Pavilion-Laptop-15-cc1xx:37593/
[rosmaster.master][INFO] 2019-11-13 03:25:09,386: +PUB [/rosout] /gazebo_gui http://itachi-HP-Pavilion-Laptop-15-cc1xx:43645/
[rosmaster.master][INFO] 2019-11-13 03:25:09,387: +SERVICE [/gazebo_gui/get_loggers] /gazebo_gui http://itachi-HP-Pavilion-Laptop-15-cc1xx:43645/
[rosmaster.master][INFO] 2019-11-13 03:25:09,387: +SERVICE [/gazebo_gui/set_logger_level] /gazebo_gui http://itachi-HP-Pavilion-Laptop-15-cc1xx:43645/
[rosmaster.master][INFO] 2019-11-13 03:25:09,388: +SUB [/clock] /gazebo http://itachi-HP-Pavilion-Laptop-15-cc1xx:37593/
[rosmaster.master][INFO] 2019-11-13 03:25:09,392: +SUB [/clock] /gazebo_gui http://itachi-HP-Pavilion-Laptop-15-cc1xx:43645/
[rosmaster.master][INFO] 2019-11-13 03:25:09,430: publisherUpdate[/rosout] -> http://itachi-HP-Pavilion-Laptop-15-cc1xx:41591/ ['http://itachi-HP-Pavilion-Laptop-15-cc1xx:45945/', 'http://itachi-HP-Pavilion-Laptop-15-cc1xx:39593/', 'http://itachi-HP-Pavilion-Laptop-15-cc1xx:33201/', 'http://itachi-HP-Pavilion-Laptop-15-cc1xx:46547/', 'http://itachi-HP-Pavilion-Laptop-15-cc1xx:35913/', 'http://itachi-HP-Pavilion-Laptop-15-cc1xx:35453/', 'http://itachi-HP-Pavilion-Laptop-15-cc1xx:36709/', 'http://itachi-HP-Pavilion-Laptop-15-cc1xx:37593/']
[rosmaster.master][INFO] 2019-11-13 03:25:09,430: publisherUpdate[/rosout] -> http://itachi-HP-Pavilion-Laptop-15-cc1xx:41591/ ['http://itachi-HP-Pavilion-Laptop-15-cc1xx:45945/', 'http://itachi-HP-Pavilion-Laptop-15-cc1xx:39593/', 'http://itachi-HP-Pavilion-Laptop-15-cc1xx:33201/', 'http://itachi-HP-Pavilion-Laptop-15-cc1xx:46547/', 'http://itachi-HP-Pavilion-Laptop-15-cc1xx:35913/', 'http://itachi-HP-Pavilion-Laptop-15-cc1xx:35453/', 'http://itachi-HP-Pavilion-Laptop-15-cc1xx:36709/', 'http://itachi-HP-Pavilion-Laptop-15-cc1xx:37593/']: sec=0.00, result=[1, '', 0]
[rosmaster.master][INFO] 2019-11-13 03:25:09,430: publisherUpdate[/rosout] -> http://itachi-HP-Pavilion-Laptop-15-cc1xx:41591/ ['http://itachi-HP-Pavilion-Laptop-15-cc1xx:45945/', 'http://itachi-HP-Pavilion-Laptop-15-cc1xx:39593/', 'http://itachi-HP-Pavilion-Laptop-15-cc1xx:33201/', 'http://itachi-HP-Pavilion-Laptop-15-cc1xx:46547/', 'http://itachi-HP-Pavilion-Laptop-15-cc1xx:35913/', 'http://itachi-HP-Pavilion-Laptop-15-cc1xx:35453/', 'http://itachi-HP-Pavilion-Laptop-15-cc1xx:36709/', 'http://itachi-HP-Pavilion-Laptop-15-cc1xx:37593/', 'http://itachi-HP-Pavilion-Laptop-15-cc1xx:43645/']
[rosmaster.master][INFO] 2019-11-13 03:25:09,431: publisherUpdate[/rosout] -> http://itachi-HP-Pavilion-Laptop-15-cc1xx:41591/ ['http://itachi-HP-Pavilion-Laptop-15-cc1xx:45945/', 'http://itachi-HP-Pavilion-Laptop-15-cc1xx:39593/', 'http://itachi-HP-Pavilion-Laptop-15-cc1xx:33201/', 'http://itachi-HP-Pavilion-Laptop-15-cc1xx:46547/', 'http://itachi-HP-Pavilion-Laptop-15-cc1xx:35913/', 'http://itachi-HP-Pavilion-Laptop-15-cc1xx:35453/', 'http://itachi-HP-Pavilion-Laptop-15-cc1xx:36709/', 'http://itachi-HP-Pavilion-Laptop-15-cc1xx:37593/', 'http://itachi-HP-Pavilion-Laptop-15-cc1xx:43645/']: sec=0.00, result=[1, '', 0]
[rosmaster.master][INFO] 2019-11-13 03:25:09,847: +PUB [/clock] /gazebo http://itachi-HP-Pavilion-Laptop-15-cc1xx:37593/
[rosmaster.master][INFO] 2019-11-13 03:25:09,848: +SERVICE [/gazebo/spawn_sdf_model] /gazebo http://itachi-HP-Pavilion-Laptop-15-cc1xx:37593/
[rosmaster.master][INFO] 2019-11-13 03:25:09,848: +SERVICE [/gazebo/spawn_urdf_model] /gazebo http://itachi-HP-Pavilion-Laptop-15-cc1xx:37593/
[rosmaster.master][INFO] 2019-11-13 03:25:09,849: +SERVICE [/gazebo/delete_model] /gazebo http://itachi-HP-Pavilion-Laptop-15-cc1xx:37593/
[rosmaster.master][INFO] 2019-11-13 03:25:09,849: +SERVICE [/gazebo/delete_light] /gazebo http://itachi-HP-Pavilion-Laptop-15-cc1xx:37593/
[rosmaster.master][INFO] 2019-11-13 03:25:09,850: +SERVICE [/gazebo/get_model_properties] /gazebo http://itachi-HP-Pavilion-Laptop-15-cc1xx:37593/
[rosmaster.master][INFO] 2019-11-13 03:25:09,850: +SERVICE [/gazebo/get_model_state] /gazebo http://itachi-HP-Pavilion-Laptop-15-cc1xx:37593/
[rosmaster.master][INFO] 2019-11-13 03:25:09,851: +SERVICE [/gazebo/get_world_properties] /gazebo http://itachi-HP-Pavilion-Laptop-15-cc1xx:37593/
[rosmaster.master][INFO] 2019-11-13 03:25:09,851: +SERVICE [/gazebo/get_joint_properties] /gazebo http://itachi-HP-Pavilion-Laptop-15-cc1xx:37593/
[rosmaster.master][INFO] 2019-11-13 03:25:09,852: +SERVICE [/gazebo/get_link_properties] /gazebo http://itachi-HP-Pavilion-Laptop-15-cc1xx:37593/
[rosmaster.master][INFO] 2019-11-13 03:25:09,852: +SERVICE [/gazebo/get_link_state] /gazebo http://itachi-HP-Pavilion-Laptop-15-cc1xx:37593/
[rosmaster.master][INFO] 2019-11-13 03:25:09,853: +SERVICE [/gazebo/get_light_properties] /gazebo http://itachi-HP-Pavilion-Laptop-15-cc1xx:37593/
[rosmaster.master][INFO] 2019-11-13 03:25:09,853: +SERVICE [/gazebo/set_light_properties] /gazebo http://itachi-HP-Pavilion-Laptop-15-cc1xx:37593/
[rosmaster.master][INFO] 2019-11-13 03:25:09,854: +SERVICE [/gazebo/get_physics_properties] /gazebo http://itachi-HP-Pavilion-Laptop-15-cc1xx:37593/
[rosmaster.master][INFO] 2019-11-13 03:25:09,854: +PUB [/gazebo/link_states] /gazebo http://itachi-HP-Pavilion-Laptop-15-cc1xx:37593/
[rosmaster.master][INFO] 2019-11-13 03:25:09,855: +PUB [/gazebo/model_states] /gazebo http://itachi-HP-Pavilion-Laptop-15-cc1xx:37593/
[rosmaster.master][INFO] 2019-11-13 03:25:09,855: +SERVICE [/gazebo/set_link_properties] /gazebo http://itachi-HP-Pavilion-Laptop-15-cc1xx:37593/
[rosmaster.master][INFO] 2019-11-13 03:25:09,856: +SERVICE [/gazebo/set_physics_properties] /gazebo http://itachi-HP-Pavilion-Laptop-15-cc1xx:37593/
[rosmaster.master][INFO] 2019-11-13 03:25:09,856: +SERVICE [/gazebo/set_model_state] /gazebo http://itachi-HP-Pavilion-Laptop-15-cc1xx:37593/
[rosmaster.master][INFO] 2019-11-13 03:25:09,857: +SERVICE [/gazebo/set_model_configuration] /gazebo http://itachi-HP-Pavilion-Laptop-15-cc1xx:37593/
[rosmaster.master][INFO] 2019-11-13 03:25:09,858: +SERVICE [/gazebo/set_joint_properties] /gazebo http://itachi-HP-Pavilion-Laptop-15-cc1xx:37593/
[rosmaster.master][INFO] 2019-11-13 03:25:09,858: +SERVICE [/gazebo/set_link_state] /gazebo http://itachi-HP-Pavilion-Laptop-15-cc1xx:37593/
[rosmaster.master][INFO] 2019-11-13 03:25:09,861: +SUB [/gazebo/set_link_state] /gazebo http://itachi-HP-Pavilion-Laptop-15-cc1xx:37593/
[rosmaster.master][INFO] 2019-11-13 03:25:09,863: +SUB [/gazebo/set_model_state] /gazebo http://itachi-HP-Pavilion-Laptop-15-cc1xx:37593/
[rosmaster.master][INFO] 2019-11-13 03:25:09,864: +SERVICE [/gazebo/pause_physics] /gazebo http://itachi-HP-Pavilion-Laptop-15-cc1xx:37593/
[rosmaster.master][INFO] 2019-11-13 03:25:09,864: +SERVICE [/gazebo/unpause_physics] /gazebo http://itachi-HP-Pavilion-Laptop-15-cc1xx:37593/
[rosmaster.master][INFO] 2019-11-13 03:25:09,865: +SERVICE [/gazebo/apply_body_wrench] /gazebo http://itachi-HP-Pavilion-Laptop-15-cc1xx:37593/
[rosmaster.master][INFO] 2019-11-13 03:25:09,865: +SERVICE [/gazebo/apply_joint_effort] /gazebo http://itachi-HP-Pavilion-Laptop-15-cc1xx:37593/
[rosmaster.master][INFO] 2019-11-13 03:25:09,866: +SERVICE [/gazebo/clear_joint_forces] /gazebo http://itachi-HP-Pavilion-Laptop-15-cc1xx:37593/
[rosmaster.master][INFO] 2019-11-13 03:25:09,867: +SERVICE [/gazebo/clear_body_wrenches] /gazebo http://itachi-HP-Pavilion-Laptop-15-cc1xx:37593/
[rosmaster.master][INFO] 2019-11-13 03:25:09,868: +SERVICE [/gazebo/reset_simulation] /gazebo http://itachi-HP-Pavilion-Laptop-15-cc1xx:37593/
[rosmaster.master][INFO] 2019-11-13 03:25:09,869: +SERVICE [/gazebo/reset_world] /gazebo http://itachi-HP-Pavilion-Laptop-15-cc1xx:37593/
[rosmaster.master][INFO] 2019-11-13 03:25:09,932: publisherUpdate[/clock] -> http://itachi-HP-Pavilion-Laptop-15-cc1xx:45945/ ['http://itachi-HP-Pavilion-Laptop-15-cc1xx:37593/']
[rosmaster.master][INFO] 2019-11-13 03:25:09,932: publisherUpdate[/clock] -> http://itachi-HP-Pavilion-Laptop-15-cc1xx:39593/ ['http://itachi-HP-Pavilion-Laptop-15-cc1xx:37593/']
[rosmaster.master][INFO] 2019-11-13 03:25:09,932: publisherUpdate[/clock] -> http://itachi-HP-Pavilion-Laptop-15-cc1xx:33201/ ['http://itachi-HP-Pavilion-Laptop-15-cc1xx:37593/']
[rosmaster.master][INFO] 2019-11-13 03:25:09,933: publisherUpdate[/clock] -> http://itachi-HP-Pavilion-Laptop-15-cc1xx:39593/ ['http://itachi-HP-Pavilion-Laptop-15-cc1xx:37593/']: sec=0.00, result=[1, '', 0]
[rosmaster.master][INFO] 2019-11-13 03:25:09,933: publisherUpdate[/clock] -> http://itachi-HP-Pavilion-Laptop-15-cc1xx:45945/ ['http://itachi-HP-Pavilion-Laptop-15-cc1xx:37593/']: sec=0.00, result=[1, '', 0]
[rosmaster.master][INFO] 2019-11-13 03:25:09,933: publisherUpdate[/clock] -> http://itachi-HP-Pavilion-Laptop-15-cc1xx:46547/ ['http://itachi-HP-Pavilion-Laptop-15-cc1xx:37593/']
[rosmaster.master][INFO] 2019-11-13 03:25:09,934: publisherUpdate[/clock] -> http://itachi-HP-Pavilion-Laptop-15-cc1xx:35913/ ['http://itachi-HP-Pavilion-Laptop-15-cc1xx:37593/']
[rosmaster.master][INFO] 2019-11-13 03:25:09,934: publisherUpdate[/clock] -> http://itachi-HP-Pavilion-Laptop-15-cc1xx:33201/ ['http://itachi-HP-Pavilion-Laptop-15-cc1xx:37593/']: sec=0.00, result=[1, '', 0]
[rosmaster.master][INFO] 2019-11-13 03:25:09,935: publisherUpdate[/clock] -> http://itachi-HP-Pavilion-Laptop-15-cc1xx:46547/ ['http://itachi-HP-Pavilion-Laptop-15-cc1xx:37593/']: sec=0.00, result=[1, '', 0]
[rosmaster.master][INFO] 2019-11-13 03:25:09,935: publisherUpdate[/clock] -> http://itachi-HP-Pavilion-Laptop-15-cc1xx:35453/ ['http://itachi-HP-Pavilion-Laptop-15-cc1xx:37593/']
[rosmaster.master][INFO] 2019-11-13 03:25:09,935: publisherUpdate[/clock] -> http://itachi-HP-Pavilion-Laptop-15-cc1xx:36709/ ['http://itachi-HP-Pavilion-Laptop-15-cc1xx:37593/']
[rosmaster.master][INFO] 2019-11-13 03:25:09,935: publisherUpdate[/clock] -> http://itachi-HP-Pavilion-Laptop-15-cc1xx:35913/ ['http://itachi-HP-Pavilion-Laptop-15-cc1xx:37593/']: sec=0.00, result=[1, '', 0]
[rosmaster.master][INFO] 2019-11-13 03:25:09,936: publisherUpdate[/clock] -> http://itachi-HP-Pavilion-Laptop-15-cc1xx:35453/ ['http://itachi-HP-Pavilion-Laptop-15-cc1xx:37593/']: sec=0.00, result=[1, '', 0]
[rosmaster.master][INFO] 2019-11-13 03:25:09,937: publisherUpdate[/clock] -> http://itachi-HP-Pavilion-Laptop-15-cc1xx:37593/ ['http://itachi-HP-Pavilion-Laptop-15-cc1xx:37593/']
[rosmaster.master][INFO] 2019-11-13 03:25:09,937: publisherUpdate[/clock] -> http://itachi-HP-Pavilion-Laptop-15-cc1xx:43645/ ['http://itachi-HP-Pavilion-Laptop-15-cc1xx:37593/']
[rosmaster.master][INFO] 2019-11-13 03:25:09,937: publisherUpdate[/clock] -> http://itachi-HP-Pavilion-Laptop-15-cc1xx:36709/ ['http://itachi-HP-Pavilion-Laptop-15-cc1xx:37593/']: sec=0.00, result=[1, '', 0]
[rosmaster.master][INFO] 2019-11-13 03:25:09,938: publisherUpdate[/clock] -> http://itachi-HP-Pavilion-Laptop-15-cc1xx:37593/ ['http://itachi-HP-Pavilion-Laptop-15-cc1xx:37593/']: sec=0.00, result=[1, '', 0]
[rosmaster.master][INFO] 2019-11-13 03:25:09,938: publisherUpdate[/clock] -> http://itachi-HP-Pavilion-Laptop-15-cc1xx:43645/ ['http://itachi-HP-Pavilion-Laptop-15-cc1xx:37593/']: sec=0.00, result=[1, '', 0]
[rosmaster.master][INFO] 2019-11-13 03:25:10,414: +SERVICE [/gazebo/overhead_cam/set_camera_info] /gazebo http://itachi-HP-Pavilion-Laptop-15-cc1xx:37593/
[rosmaster.master][INFO] 2019-11-13 03:25:10,417: +SERVICE [/gazebo/overhead_cam/set_parameters] /gazebo http://itachi-HP-Pavilion-Laptop-15-cc1xx:37593/
[rosmaster.master][INFO] 2019-11-13 03:25:10,418: +PUB [/gazebo/overhead_cam/parameter_descriptions] /gazebo http://itachi-HP-Pavilion-Laptop-15-cc1xx:37593/
[rosmaster.master][INFO] 2019-11-13 03:25:10,419: +PUB [/gazebo/overhead_cam/parameter_updates] /gazebo http://itachi-HP-Pavilion-Laptop-15-cc1xx:37593/
[rosmaster.master][INFO] 2019-11-13 03:25:10,420: +PARAM [/gazebo/overhead_cam/imager_rate] by /gazebo
[rosmaster.master][INFO] 2019-11-13 03:25:10,420: +PARAM [/gazebo/overhead_cam/imager_rate] by /gazebo
[rosmaster.master][INFO] 2019-11-13 03:25:10,496: +PUB [/tf] /gazebo http://itachi-HP-Pavilion-Laptop-15-cc1xx:37593/
[rosmaster.master][INFO] 2019-11-13 03:25:10,575: +PUB [/gazebo/overhead_cam/image_rect_color/compressedDepth] /gazebo http://itachi-HP-Pavilion-Laptop-15-cc1xx:37593/
[rosmaster.master][INFO] 2019-11-13 03:25:10,576: +SERVICE [/gazebo/overhead_cam/image_rect_color/compressedDepth/set_parameters] /gazebo http://itachi-HP-Pavilion-Laptop-15-cc1xx:37593/
[rosmaster.master][INFO] 2019-11-13 03:25:10,577: +PUB [/gazebo/overhead_cam/image_rect_color/compressedDepth/parameter_descriptions] /gazebo http://itachi-HP-Pavilion-Laptop-15-cc1xx:37593/
[rosmaster.master][INFO] 2019-11-13 03:25:10,577: +PUB [/gazebo/overhead_cam/image_rect_color/compressedDepth/parameter_updates] /gazebo http://itachi-HP-Pavilion-Laptop-15-cc1xx:37593/
[rosmaster.master][INFO] 2019-11-13 03:25:10,580: +PARAM [/gazebo/overhead_cam/image_rect_color/compressedDepth/depth_max] by /gazebo
[rosmaster.master][INFO] 2019-11-13 03:25:10,581: +PARAM [/gazebo/overhead_cam/image_rect_color/compressedDepth/depth_quantization] by /gazebo
[rosmaster.master][INFO] 2019-11-13 03:25:10,583: +PARAM [/gazebo/overhead_cam/image_rect_color/compressedDepth/png_level] by /gazebo
[rosmaster.master][INFO] 2019-11-13 03:25:10,584: +PARAM [/gazebo/overhead_cam/image_rect_color/compressedDepth/depth_max] by /gazebo
[rosmaster.master][INFO] 2019-11-13 03:25:10,585: +PARAM [/gazebo/overhead_cam/image_rect_color/compressedDepth/depth_quantization] by /gazebo
[rosmaster.master][INFO] 2019-11-13 03:25:10,586: +PARAM [/gazebo/overhead_cam/image_rect_color/compressedDepth/png_level] by /gazebo
[rosmaster.master][INFO] 2019-11-13 03:25:10,590: +PUB [/gazebo/overhead_cam/image_rect_color/compressed] /gazebo http://itachi-HP-Pavilion-Laptop-15-cc1xx:37593/
[rosmaster.master][INFO] 2019-11-13 03:25:10,591: +SERVICE [/gazebo/overhead_cam/image_rect_color/compressed/set_parameters] /gazebo http://itachi-HP-Pavilion-Laptop-15-cc1xx:37593/
[rosmaster.master][INFO] 2019-11-13 03:25:10,592: +PUB [/gazebo/overhead_cam/image_rect_color/compressed/parameter_descriptions] /gazebo http://itachi-HP-Pavilion-Laptop-15-cc1xx:37593/
[rosmaster.master][INFO] 2019-11-13 03:25:10,593: +PUB [/gazebo/overhead_cam/image_rect_color/compressed/parameter_updates] /gazebo http://itachi-HP-Pavilion-Laptop-15-cc1xx:37593/
[rosmaster.master][INFO] 2019-11-13 03:25:10,594: -SUB [/clock] /edrone/spawn_edrone http://itachi-HP-Pavilion-Laptop-15-cc1xx:33201/
[rosmaster.master][INFO] 2019-11-13 03:25:10,594: -PUB [/rosout] /edrone/spawn_edrone http://itachi-HP-Pavilion-Laptop-15-cc1xx:33201/
[rosmaster.master][INFO] 2019-11-13 03:25:10,595: -SERVICE [/edrone/spawn_edrone/set_logger_level] /edrone/spawn_edrone rosrpc://itachi-HP-Pavilion-Laptop-15-cc1xx:36739
[rosmaster.master][INFO] 2019-11-13 03:25:10,595: -SERVICE [/edrone/spawn_edrone/get_loggers] /edrone/spawn_edrone rosrpc://itachi-HP-Pavilion-Laptop-15-cc1xx:36739
[rosmaster.master][INFO] 2019-11-13 03:25:10,597: +PARAM [/gazebo/overhead_cam/image_rect_color/compressed/format] by /gazebo
[rosmaster.master][INFO] 2019-11-13 03:25:10,598: +PARAM [/gazebo/overhead_cam/image_rect_color/compressed/jpeg_quality] by /gazebo
[rosmaster.master][INFO] 2019-11-13 03:25:10,598: +PARAM [/gazebo/overhead_cam/image_rect_color/compressed/png_level] by /gazebo
[rosmaster.master][INFO] 2019-11-13 03:25:10,599: +PARAM [/gazebo/overhead_cam/image_rect_color/compressed/format] by /gazebo
[rosmaster.master][INFO] 2019-11-13 03:25:10,599: +PARAM [/gazebo/overhead_cam/image_rect_color/compressed/jpeg_quality] by /gazebo
[rosmaster.master][INFO] 2019-11-13 03:25:10,600: +PARAM [/gazebo/overhead_cam/image_rect_color/compressed/png_level] by /gazebo
[rosmaster.master][INFO] 2019-11-13 03:25:10,604: +PUB [/gazebo/overhead_cam/image_rect_color] /gazebo http://itachi-HP-Pavilion-Laptop-15-cc1xx:37593/
[rosmaster.master][INFO] 2019-11-13 03:25:10,622: +PUB [/gazebo/overhead_cam/image_rect_color/theora] /gazebo http://itachi-HP-Pavilion-Laptop-15-cc1xx:37593/
[rosmaster.master][INFO] 2019-11-13 03:25:10,623: +SERVICE [/gazebo/overhead_cam/image_rect_color/theora/set_parameters] /gazebo http://itachi-HP-Pavilion-Laptop-15-cc1xx:37593/
[rosmaster.master][INFO] 2019-11-13 03:25:10,624: +PUB [/gazebo/overhead_cam/image_rect_color/theora/parameter_descriptions] /gazebo http://itachi-HP-Pavilion-Laptop-15-cc1xx:37593/
[rosmaster.master][INFO] 2019-11-13 03:25:10,625: +PUB [/gazebo/overhead_cam/image_rect_color/theora/parameter_updates] /gazebo http://itachi-HP-Pavilion-Laptop-15-cc1xx:37593/
[rosmaster.master][INFO] 2019-11-13 03:25:10,627: +PARAM [/gazebo/overhead_cam/image_rect_color/theora/optimize_for] by /gazebo
[rosmaster.master][INFO] 2019-11-13 03:25:10,628: +PARAM [/gazebo/overhead_cam/image_rect_color/theora/target_bitrate] by /gazebo
[rosmaster.master][INFO] 2019-11-13 03:25:10,628: +PARAM [/gazebo/overhead_cam/image_rect_color/theora/quality] by /gazebo
[rosmaster.master][INFO] 2019-11-13 03:25:10,629: +PARAM [/gazebo/overhead_cam/image_rect_color/theora/keyframe_frequency] by /gazebo
[rosmaster.master][INFO] 2019-11-13 03:25:10,629: +PARAM [/gazebo/overhead_cam/image_rect_color/theora/optimize_for] by /gazebo
[rosmaster.master][INFO] 2019-11-13 03:25:10,629: +PARAM [/gazebo/overhead_cam/image_rect_color/theora/target_bitrate] by /gazebo
[rosmaster.master][INFO] 2019-11-13 03:25:10,630: +PARAM [/gazebo/overhead_cam/image_rect_color/theora/quality] by /gazebo
[rosmaster.master][INFO] 2019-11-13 03:25:10,630: +PARAM [/gazebo/overhead_cam/image_rect_color/theora/keyframe_frequency] by /gazebo
[rosmaster.master][INFO] 2019-11-13 03:25:10,631: +PUB [/gazebo/overhead_cam/camera_info] /gazebo http://itachi-HP-Pavilion-Laptop-15-cc1xx:37593/
[rosmaster.master][INFO] 2019-11-13 03:25:10,639: publisherUpdate[/rosout] -> http://itachi-HP-Pavilion-Laptop-15-cc1xx:41591/ ['http://itachi-HP-Pavilion-Laptop-15-cc1xx:45945/', 'http://itachi-HP-Pavilion-Laptop-15-cc1xx:39593/', 'http://itachi-HP-Pavilion-Laptop-15-cc1xx:46547/', 'http://itachi-HP-Pavilion-Laptop-15-cc1xx:35913/', 'http://itachi-HP-Pavilion-Laptop-15-cc1xx:35453/', 'http://itachi-HP-Pavilion-Laptop-15-cc1xx:36709/', 'http://itachi-HP-Pavilion-Laptop-15-cc1xx:37593/', 'http://itachi-HP-Pavilion-Laptop-15-cc1xx:43645/']
[rosmaster.master][INFO] 2019-11-13 03:25:10,639: publisherUpdate[/gazebo/overhead_cam/image_rect_color] -> http://itachi-HP-Pavilion-Laptop-15-cc1xx:36709/ ['http://itachi-HP-Pavilion-Laptop-15-cc1xx:37593/']
[rosmaster.master][INFO] 2019-11-13 03:25:10,639: publisherUpdate[/rosout] -> http://itachi-HP-Pavilion-Laptop-15-cc1xx:41591/ ['http://itachi-HP-Pavilion-Laptop-15-cc1xx:45945/', 'http://itachi-HP-Pavilion-Laptop-15-cc1xx:39593/', 'http://itachi-HP-Pavilion-Laptop-15-cc1xx:46547/', 'http://itachi-HP-Pavilion-Laptop-15-cc1xx:35913/', 'http://itachi-HP-Pavilion-Laptop-15-cc1xx:35453/', 'http://itachi-HP-Pavilion-Laptop-15-cc1xx:36709/', 'http://itachi-HP-Pavilion-Laptop-15-cc1xx:37593/', 'http://itachi-HP-Pavilion-Laptop-15-cc1xx:43645/']: sec=0.00, result=[1, '', 0]
[rosmaster.master][INFO] 2019-11-13 03:25:10,640: publisherUpdate[/gazebo/overhead_cam/image_rect_color] -> http://itachi-HP-Pavilion-Laptop-15-cc1xx:36709/ ['http://itachi-HP-Pavilion-Laptop-15-cc1xx:37593/']: sec=0.00, result=[1, '', 0]
[rosmaster.master][INFO] 2019-11-13 03:25:10,640: publisherUpdate[/gazebo/overhead_cam/camera_info] -> http://itachi-HP-Pavilion-Laptop-15-cc1xx:36709/ ['http://itachi-HP-Pavilion-Laptop-15-cc1xx:37593/']
[rosmaster.master][INFO] 2019-11-13 03:25:10,641: publisherUpdate[/gazebo/overhead_cam/camera_info] -> http://itachi-HP-Pavilion-Laptop-15-cc1xx:36709/ ['http://itachi-HP-Pavilion-Laptop-15-cc1xx:37593/']: sec=0.00, result=[1, '', 0]
[rosmaster.master][INFO] 2019-11-13 03:25:10,652: +PUB [/edrone/motor_speed] /gazebo http://itachi-HP-Pavilion-Laptop-15-cc1xx:37593/
[rosmaster.master][INFO] 2019-11-13 03:25:10,655: +PUB [/edrone/joint_states] /gazebo http://itachi-HP-Pavilion-Laptop-15-cc1xx:37593/
[rosmaster.master][INFO] 2019-11-13 03:25:10,656: +PUB [/edrone/motor_speed/0] /gazebo http://itachi-HP-Pavilion-Laptop-15-cc1xx:37593/
[rosmaster.master][INFO] 2019-11-13 03:25:10,661: +SUB [/edrone/gazebo/command/motor_speed] /gazebo http://itachi-HP-Pavilion-Laptop-15-cc1xx:37593/
[rosmaster.master][INFO] 2019-11-13 03:25:10,665: +SUB [/edrone/wind_speed] /gazebo http://itachi-HP-Pavilion-Laptop-15-cc1xx:37593/
[rosmaster.master][INFO] 2019-11-13 03:25:10,666: +PUB [/edrone/motor_speed/1] /gazebo http://itachi-HP-Pavilion-Laptop-15-cc1xx:37593/
[rosmaster.master][INFO] 2019-11-13 03:25:10,671: +PUB [/edrone/motor_speed/2] /gazebo http://itachi-HP-Pavilion-Laptop-15-cc1xx:37593/
[rosmaster.master][INFO] 2019-11-13 03:25:10,676: +PUB [/edrone/motor_speed/3] /gazebo http://itachi-HP-Pavilion-Laptop-15-cc1xx:37593/
[rosmaster.master][INFO] 2019-11-13 03:25:10,681: +PUB [/edrone/gazebo/command/motor_speed] /gazebo http://itachi-HP-Pavilion-Laptop-15-cc1xx:37593/
[rosmaster.master][INFO] 2019-11-13 03:25:10,684: +SUB [/edrone/command/motor_speed] /gazebo http://itachi-HP-Pavilion-Laptop-15-cc1xx:37593/
[rosmaster.master][INFO] 2019-11-13 03:25:10,685: +PUB [/edrone/imu] /gazebo http://itachi-HP-Pavilion-Laptop-15-cc1xx:37593/
[rosmaster.master][INFO] 2019-11-13 03:25:10,686: +PUB [/edrone/ground_truth/imu] /gazebo http://itachi-HP-Pavilion-Laptop-15-cc1xx:37593/
[rosmaster.master][INFO] 2019-11-13 03:25:10,688: +PUB [/edrone/ground_truth/pose] /gazebo http://itachi-HP-Pavilion-Laptop-15-cc1xx:37593/
[rosmaster.master][INFO] 2019-11-13 03:25:10,689: +PUB [/edrone/ground_truth/pose_with_covariance] /gazebo http://itachi-HP-Pavilion-Laptop-15-cc1xx:37593/
[rosmaster.master][INFO] 2019-11-13 03:25:10,691: +PUB [/edrone/ground_truth/position] /gazebo http://itachi-HP-Pavilion-Laptop-15-cc1xx:37593/
[rosmaster.master][INFO] 2019-11-13 03:25:10,693: +PUB [/edrone/ground_truth/odometry] /gazebo http://itachi-HP-Pavilion-Laptop-15-cc1xx:37593/
[rosmaster.master][INFO] 2019-11-13 03:25:10,694: +PUB [/edrone/ground_truth/transform] /gazebo http://itachi-HP-Pavilion-Laptop-15-cc1xx:37593/
[rosmaster.master][INFO] 2019-11-13 03:25:10,698: +PUB [/edrone/odometry_sensor1/pose] /gazebo http://itachi-HP-Pavilion-Laptop-15-cc1xx:37593/
[rosmaster.master][INFO] 2019-11-13 03:25:10,700: +PUB [/edrone/odometry_sensor1/pose_with_covariance] /gazebo http://itachi-HP-Pavilion-Laptop-15-cc1xx:37593/
[rosmaster.master][INFO] 2019-11-13 03:25:10,701: +PUB [/edrone/odometry_sensor1/position] /gazebo http://itachi-HP-Pavilion-Laptop-15-cc1xx:37593/
[rosmaster.master][INFO] 2019-11-13 03:25:10,702: +PUB [/edrone/odometry_sensor1/odometry] /gazebo http://itachi-HP-Pavilion-Laptop-15-cc1xx:37593/
[rosmaster.master][INFO] 2019-11-13 03:25:10,703: +PUB [/edrone/odometry_sensor1/transform] /gazebo http://itachi-HP-Pavilion-Laptop-15-cc1xx:37593/
[rosmaster.master][INFO] 2019-11-13 03:25:10,739: publisherUpdate[/edrone/joint_states] -> http://itachi-HP-Pavilion-Laptop-15-cc1xx:39593/ ['http://itachi-HP-Pavilion-Laptop-15-cc1xx:35913/', 'http://itachi-HP-Pavilion-Laptop-15-cc1xx:37593/']
[rosmaster.master][INFO] 2019-11-13 03:25:10,740: publisherUpdate[/edrone/gazebo/command/motor_speed] -> http://itachi-HP-Pavilion-Laptop-15-cc1xx:37593/ ['http://itachi-HP-Pavilion-Laptop-15-cc1xx:37593/']
[rosmaster.master][INFO] 2019-11-13 03:25:10,740: publisherUpdate[/edrone/joint_states] -> http://itachi-HP-Pavilion-Laptop-15-cc1xx:39593/ ['http://itachi-HP-Pavilion-Laptop-15-cc1xx:35913/', 'http://itachi-HP-Pavilion-Laptop-15-cc1xx:37593/']: sec=0.00, result=[1, '', 0]
[rosmaster.master][INFO] 2019-11-13 03:25:10,741: publisherUpdate[/edrone/gazebo/command/motor_speed] -> http://itachi-HP-Pavilion-Laptop-15-cc1xx:37593/ ['http://itachi-HP-Pavilion-Laptop-15-cc1xx:37593/']: sec=0.00, result=[1, '', 0]
[rosmaster.master][INFO] 2019-11-13 03:25:10,741: publisherUpdate[/edrone/odometry_sensor1/odometry] -> http://itachi-HP-Pavilion-Laptop-15-cc1xx:46547/ ['http://itachi-HP-Pavilion-Laptop-15-cc1xx:37593/']
[rosmaster.master][INFO] 2019-11-13 03:25:10,742: publisherUpdate[/edrone/odometry_sensor1/odometry] -> http://itachi-HP-Pavilion-Laptop-15-cc1xx:46547/ ['http://itachi-HP-Pavilion-Laptop-15-cc1xx:37593/']: sec=0.00, result=[1, '', 0]
[rosmaster.master][INFO] 2019-11-13 03:25:10,748: +SERVICE [/gazebo_gui/set_parameters] /gazebo_gui http://itachi-HP-Pavilion-Laptop-15-cc1xx:43645/
[rosmaster.master][INFO] 2019-11-13 03:25:10,749: +PUB [/gazebo_gui/parameter_descriptions] /gazebo_gui http://itachi-HP-Pavilion-Laptop-15-cc1xx:43645/
[rosmaster.master][INFO] 2019-11-13 03:25:10,750: +PUB [/gazebo_gui/parameter_updates] /gazebo_gui http://itachi-HP-Pavilion-Laptop-15-cc1xx:43645/
[rosmaster.master][INFO] 2019-11-13 03:25:10,759: +PARAM [/gazebo_gui/time_step] by /gazebo_gui
[rosmaster.master][INFO] 2019-11-13 03:25:10,762: +PARAM [/gazebo_gui/max_update_rate] by /gazebo_gui
[rosmaster.master][INFO] 2019-11-13 03:25:10,763: +PARAM [/gazebo_gui/gravity_x] by /gazebo_gui
[rosmaster.master][INFO] 2019-11-13 03:25:10,763: +PARAM [/gazebo_gui/gravity_y] by /gazebo_gui
[rosmaster.master][INFO] 2019-11-13 03:25:10,764: +PARAM [/gazebo_gui/gravity_z] by /gazebo_gui
[rosmaster.master][INFO] 2019-11-13 03:25:10,765: +PARAM [/gazebo_gui/auto_disable_bodies] by /gazebo_gui
[rosmaster.master][INFO] 2019-11-13 03:25:10,765: +PARAM [/gazebo_gui/sor_pgs_precon_iters] by /gazebo_gui
[rosmaster.master][INFO] 2019-11-13 03:25:10,766: +PARAM [/gazebo_gui/sor_pgs_iters] by /gazebo_gui
[rosmaster.master][INFO] 2019-11-13 03:25:10,767: +PARAM [/gazebo_gui/sor_pgs_w] by /gazebo_gui
[rosmaster.master][INFO] 2019-11-13 03:25:10,767: +PARAM [/gazebo_gui/sor_pgs_rms_error_tol] by /gazebo_gui
[rosmaster.master][INFO] 2019-11-13 03:25:10,768: +PARAM [/gazebo_gui/cfm] by /gazebo_gui
[rosmaster.master][INFO] 2019-11-13 03:25:10,768: +PARAM [/gazebo_gui/erp] by /gazebo_gui
[rosmaster.master][INFO] 2019-11-13 03:25:10,769: +PARAM [/gazebo_gui/contact_surface_layer] by /gazebo_gui
[rosmaster.master][INFO] 2019-11-13 03:25:10,770: +PARAM [/gazebo_gui/contact_max_correcting_vel] by /gazebo_gui
[rosmaster.master][INFO] 2019-11-13 03:25:10,770: +PARAM [/gazebo_gui/max_contacts] by /gazebo_gui
[rosmaster.master][INFO] 2019-11-13 03:25:10,773: +SERVICE [/gazebo/set_parameters] /gazebo http://itachi-HP-Pavilion-Laptop-15-cc1xx:37593/
[rosmaster.master][INFO] 2019-11-13 03:25:10,773: +PUB [/gazebo/parameter_descriptions] /gazebo http://itachi-HP-Pavilion-Laptop-15-cc1xx:37593/
[rosmaster.master][INFO] 2019-11-13 03:25:10,775: +PUB [/gazebo/parameter_updates] /gazebo http://itachi-HP-Pavilion-Laptop-15-cc1xx:37593/
[rosmaster.master][INFO] 2019-11-13 03:25:10,775: +PARAM [/gazebo_gui/time_step] by /gazebo_gui
[rosmaster.master][INFO] 2019-11-13 03:25:10,777: +PARAM [/gazebo_gui/max_update_rate] by /gazebo_gui
[rosmaster.master][INFO] 2019-11-13 03:25:10,779: +PARAM [/gazebo_gui/gravity_x] by /gazebo_gui
[rosmaster.master][INFO] 2019-11-13 03:25:10,780: +PARAM [/gazebo_gui/gravity_y] by /gazebo_gui
[rosmaster.master][INFO] 2019-11-13 03:25:10,781: +PARAM [/gazebo_gui/gravity_z] by /gazebo_gui
[rosmaster.master][INFO] 2019-11-13 03:25:10,782: +PARAM [/gazebo_gui/auto_disable_bodies] by /gazebo_gui
[rosmaster.master][INFO] 2019-11-13 03:25:10,784: +PARAM [/gazebo_gui/sor_pgs_precon_iters] by /gazebo_gui
[rosmaster.master][INFO] 2019-11-13 03:25:10,785: +PARAM [/gazebo_gui/sor_pgs_iters] by /gazebo_gui
[rosmaster.master][INFO] 2019-11-13 03:25:10,786: +PARAM [/gazebo_gui/sor_pgs_w] by /gazebo_gui
[rosmaster.master][INFO] 2019-11-13 03:25:10,787: +PARAM [/gazebo_gui/sor_pgs_rms_error_tol] by /gazebo_gui
[rosmaster.master][INFO] 2019-11-13 03:25:10,788: +PARAM [/gazebo_gui/cfm] by /gazebo_gui
[rosmaster.master][INFO] 2019-11-13 03:25:10,789: +PARAM [/gazebo_gui/erp] by /gazebo_gui
[rosmaster.master][INFO] 2019-11-13 03:25:10,790: +PARAM [/gazebo_gui/contact_surface_layer] by /gazebo_gui
[rosmaster.master][INFO] 2019-11-13 03:25:10,791: +PARAM [/gazebo_gui/contact_max_correcting_vel] by /gazebo_gui
[rosmaster.master][INFO] 2019-11-13 03:25:10,792: +PARAM [/gazebo_gui/max_contacts] by /gazebo_gui
[rosmaster.master][INFO] 2019-11-13 03:25:10,794: +PARAM [/gazebo/time_step] by /gazebo
[rosmaster.master][INFO] 2019-11-13 03:25:10,794: +PARAM [/gazebo/max_update_rate] by /gazebo
[rosmaster.master][INFO] 2019-11-13 03:25:10,795: +PARAM [/gazebo/gravity_x] by /gazebo
[rosmaster.master][INFO] 2019-11-13 03:25:10,796: +PARAM [/gazebo/gravity_y] by /gazebo
[rosmaster.master][INFO] 2019-11-13 03:25:10,796: +PARAM [/gazebo/gravity_z] by /gazebo
[rosmaster.master][INFO] 2019-11-13 03:25:10,797: +PARAM [/gazebo/auto_disable_bodies] by /gazebo
[rosmaster.master][INFO] 2019-11-13 03:25:10,798: +PARAM [/gazebo/sor_pgs_precon_iters] by /gazebo
[rosmaster.master][INFO] 2019-11-13 03:25:10,798: +PARAM [/gazebo/sor_pgs_iters] by /gazebo
[rosmaster.master][INFO] 2019-11-13 03:25:10,799: +PARAM [/gazebo/sor_pgs_w] by /gazebo
[rosmaster.master][INFO] 2019-11-13 03:25:10,800: +PARAM [/gazebo/sor_pgs_rms_error_tol] by /gazebo
[rosmaster.master][INFO] 2019-11-13 03:25:10,800: +PARAM [/gazebo/cfm] by /gazebo
[rosmaster.master][INFO] 2019-11-13 03:25:10,801: +PARAM [/gazebo/erp] by /gazebo
[rosmaster.master][INFO] 2019-11-13 03:25:10,802: +PARAM [/gazebo/contact_surface_layer] by /gazebo
[rosmaster.master][INFO] 2019-11-13 03:25:10,802: +PARAM [/gazebo/contact_max_correcting_vel] by /gazebo
[rosmaster.master][INFO] 2019-11-13 03:25:10,803: +PARAM [/gazebo/max_contacts] by /gazebo
[rosmaster.master][INFO] 2019-11-13 03:25:10,805: +PARAM [/gazebo/time_step] by /gazebo
[rosmaster.master][INFO] 2019-11-13 03:25:10,806: +PARAM [/gazebo/max_update_rate] by /gazebo
[rosmaster.master][INFO] 2019-11-13 03:25:10,807: +PARAM [/gazebo/gravity_x] by /gazebo
[rosmaster.master][INFO] 2019-11-13 03:25:10,808: +PARAM [/gazebo/gravity_y] by /gazebo
[rosmaster.master][INFO] 2019-11-13 03:25:10,809: +PARAM [/gazebo/gravity_z] by /gazebo
[rosmaster.master][INFO] 2019-11-13 03:25:10,810: +PARAM [/gazebo/auto_disable_bodies] by /gazebo
[rosmaster.master][INFO] 2019-11-13 03:25:10,810: +PARAM [/gazebo/sor_pgs_precon_iters] by /gazebo
[rosmaster.master][INFO] 2019-11-13 03:25:10,811: +PARAM [/gazebo/sor_pgs_iters] by /gazebo
[rosmaster.master][INFO] 2019-11-13 03:25:10,811: +PARAM [/gazebo/sor_pgs_w] by /gazebo
[rosmaster.master][INFO] 2019-11-13 03:25:10,812: +PARAM [/gazebo/sor_pgs_rms_error_tol] by /gazebo
[rosmaster.master][INFO] 2019-11-13 03:25:10,813: +PARAM [/gazebo/cfm] by /gazebo
[rosmaster.master][INFO] 2019-11-13 03:25:10,813: +PARAM [/gazebo/erp] by /gazebo
[rosmaster.master][INFO] 2019-11-13 03:25:10,814: +PARAM [/gazebo/contact_surface_layer] by /gazebo
[rosmaster.master][INFO] 2019-11-13 03:25:10,814: +PARAM [/gazebo/contact_max_correcting_vel] by /gazebo
[rosmaster.master][INFO] 2019-11-13 03:25:10,815: +PARAM [/gazebo/max_contacts] by /gazebo
[rosmaster.master][INFO] 2019-11-13 03:26:53,564: +PUB [/rosout] /drone_control http://itachi-HP-Pavilion-Laptop-15-cc1xx:40901/
[rosmaster.master][INFO] 2019-11-13 03:26:53,568: +SUB [/clock] /drone_control http://itachi-HP-Pavilion-Laptop-15-cc1xx:40901/
[rosmaster.master][INFO] 2019-11-13 03:26:53,570: +SERVICE [/drone_control/get_loggers] /drone_control http://itachi-HP-Pavilion-Laptop-15-cc1xx:40901/
[rosmaster.master][INFO] 2019-11-13 03:26:53,571: +SERVICE [/drone_control/set_logger_level] /drone_control http://itachi-HP-Pavilion-Laptop-15-cc1xx:40901/
[rosmaster.master][INFO] 2019-11-13 03:26:53,573: +PUB [/drone_command] /drone_control http://itachi-HP-Pavilion-Laptop-15-cc1xx:40901/
[rosmaster.master][INFO] 2019-11-13 03:26:53,575: +PUB [/alt_error] /drone_control http://itachi-HP-Pavilion-Laptop-15-cc1xx:40901/
[rosmaster.master][INFO] 2019-11-13 03:26:53,578: +PUB [/pitch_error] /drone_control http://itachi-HP-Pavilion-Laptop-15-cc1xx:40901/
[rosmaster.master][INFO] 2019-11-13 03:26:53,580: +PUB [/roll_error] /drone_control http://itachi-HP-Pavilion-Laptop-15-cc1xx:40901/
[rosmaster.master][INFO] 2019-11-13 03:26:53,583: +SUB [/whycon/poses] /drone_control http://itachi-HP-Pavilion-Laptop-15-cc1xx:40901/
[rosmaster.master][INFO] 2019-11-13 03:26:53,586: +SUB [/pid_tuning_altitude] /drone_control http://itachi-HP-Pavilion-Laptop-15-cc1xx:40901/
[rosmaster.master][INFO] 2019-11-13 03:26:53,588: +SUB [/pid_tuning_pitch] /drone_control http://itachi-HP-Pavilion-Laptop-15-cc1xx:40901/
[rosmaster.master][INFO] 2019-11-13 03:26:53,591: +SUB [/pid_tuning_roll] /drone_control http://itachi-HP-Pavilion-Laptop-15-cc1xx:40901/
[rosmaster.master][INFO] 2019-11-13 03:26:53,612: publisherUpdate[/rosout] -> http://itachi-HP-Pavilion-Laptop-15-cc1xx:41591/ ['http://itachi-HP-Pavilion-Laptop-15-cc1xx:45945/', 'http://itachi-HP-Pavilion-Laptop-15-cc1xx:39593/', 'http://itachi-HP-Pavilion-Laptop-15-cc1xx:46547/', 'http://itachi-HP-Pavilion-Laptop-15-cc1xx:35913/', 'http://itachi-HP-Pavilion-Laptop-15-cc1xx:35453/', 'http://itachi-HP-Pavilion-Laptop-15-cc1xx:36709/', 'http://itachi-HP-Pavilion-Laptop-15-cc1xx:37593/', 'http://itachi-HP-Pavilion-Laptop-15-cc1xx:43645/', 'http://itachi-HP-Pavilion-Laptop-15-cc1xx:40901/']
[rosmaster.master][INFO] 2019-11-13 03:26:53,613: publisherUpdate[/rosout] -> http://itachi-HP-Pavilion-Laptop-15-cc1xx:41591/ ['http://itachi-HP-Pavilion-Laptop-15-cc1xx:45945/', 'http://itachi-HP-Pavilion-Laptop-15-cc1xx:39593/', 'http://itachi-HP-Pavilion-Laptop-15-cc1xx:46547/', 'http://itachi-HP-Pavilion-Laptop-15-cc1xx:35913/', 'http://itachi-HP-Pavilion-Laptop-15-cc1xx:35453/', 'http://itachi-HP-Pavilion-Laptop-15-cc1xx:36709/', 'http://itachi-HP-Pavilion-Laptop-15-cc1xx:37593/', 'http://itachi-HP-Pavilion-Laptop-15-cc1xx:43645/', 'http://itachi-HP-Pavilion-Laptop-15-cc1xx:40901/']: sec=0.00, result=[1, '', 0]
[rosmaster.master][INFO] 2019-11-13 03:26:53,613: publisherUpdate[/drone_command] -> http://itachi-HP-Pavilion-Laptop-15-cc1xx:45945/ ['http://itachi-HP-Pavilion-Laptop-15-cc1xx:40901/']
[rosmaster.master][INFO] 2019-11-13 03:26:53,614: publisherUpdate[/drone_command] -> http://itachi-HP-Pavilion-Laptop-15-cc1xx:45945/ ['http://itachi-HP-Pavilion-Laptop-15-cc1xx:40901/']: sec=0.00, result=[1, '', 0]
[rosmaster.master][INFO] 2019-11-13 03:29:30,866: -SUB [/pid_tuning_pitch] /drone_control http://itachi-HP-Pavilion-Laptop-15-cc1xx:40901/
[rosmaster.master][INFO] 2019-11-13 03:29:30,866: -SUB [/clock] /drone_control http://itachi-HP-Pavilion-Laptop-15-cc1xx:40901/
[rosmaster.master][INFO] 2019-11-13 03:29:30,866: -SUB [/whycon/poses] /drone_control http://itachi-HP-Pavilion-Laptop-15-cc1xx:40901/
[rosmaster.master][INFO] 2019-11-13 03:29:30,866: -SUB [/pid_tuning_roll] /drone_control http://itachi-HP-Pavilion-Laptop-15-cc1xx:40901/
[rosmaster.master][INFO] 2019-11-13 03:29:30,867: -SUB [/pid_tuning_altitude] /drone_control http://itachi-HP-Pavilion-Laptop-15-cc1xx:40901/
[rosmaster.master][INFO] 2019-11-13 03:29:30,867: -PUB [/pitch_error] /drone_control http://itachi-HP-Pavilion-Laptop-15-cc1xx:40901/
[rosmaster.master][INFO] 2019-11-13 03:29:30,867: -PUB [/roll_error] /drone_control http://itachi-HP-Pavilion-Laptop-15-cc1xx:40901/
[rosmaster.master][INFO] 2019-11-13 03:29:30,867: -PUB [/rosout] /drone_control http://itachi-HP-Pavilion-Laptop-15-cc1xx:40901/
[rosmaster.master][INFO] 2019-11-13 03:29:30,867: -PUB [/alt_error] /drone_control http://itachi-HP-Pavilion-Laptop-15-cc1xx:40901/
[rosmaster.master][INFO] 2019-11-13 03:29:30,867: -PUB [/drone_command] /drone_control http://itachi-HP-Pavilion-Laptop-15-cc1xx:40901/
[rosmaster.master][INFO] 2019-11-13 03:29:30,867: -SERVICE [/drone_control/get_loggers] /drone_control rosrpc://itachi-HP-Pavilion-Laptop-15-cc1xx:46869
[rosmaster.master][INFO] 2019-11-13 03:29:30,867: -SERVICE [/drone_control/set_logger_level] /drone_control rosrpc://itachi-HP-Pavilion-Laptop-15-cc1xx:46869
[rosmaster.master][INFO] 2019-11-13 03:29:30,883: publisherUpdate[/rosout] -> http://itachi-HP-Pavilion-Laptop-15-cc1xx:41591/ ['http://itachi-HP-Pavilion-Laptop-15-cc1xx:45945/', 'http://itachi-HP-Pavilion-Laptop-15-cc1xx:39593/', 'http://itachi-HP-Pavilion-Laptop-15-cc1xx:46547/', 'http://itachi-HP-Pavilion-Laptop-15-cc1xx:35913/', 'http://itachi-HP-Pavilion-Laptop-15-cc1xx:35453/', 'http://itachi-HP-Pavilion-Laptop-15-cc1xx:36709/', 'http://itachi-HP-Pavilion-Laptop-15-cc1xx:37593/', 'http://itachi-HP-Pavilion-Laptop-15-cc1xx:43645/']
[rosmaster.master][INFO] 2019-11-13 03:29:30,884: publisherUpdate[/rosout] -> http://itachi-HP-Pavilion-Laptop-15-cc1xx:41591/ ['http://itachi-HP-Pavilion-Laptop-15-cc1xx:45945/', 'http://itachi-HP-Pavilion-Laptop-15-cc1xx:39593/', 'http://itachi-HP-Pavilion-Laptop-15-cc1xx:46547/', 'http://itachi-HP-Pavilion-Laptop-15-cc1xx:35913/', 'http://itachi-HP-Pavilion-Laptop-15-cc1xx:35453/', 'http://itachi-HP-Pavilion-Laptop-15-cc1xx:36709/', 'http://itachi-HP-Pavilion-Laptop-15-cc1xx:37593/', 'http://itachi-HP-Pavilion-Laptop-15-cc1xx:43645/']: sec=0.00, result=[1, '', 0]
[rosmaster.master][INFO] 2019-11-13 03:29:30,884: publisherUpdate[/drone_command] -> http://itachi-HP-Pavilion-Laptop-15-cc1xx:45945/ []
[rosmaster.master][INFO] 2019-11-13 03:29:30,885: publisherUpdate[/drone_command] -> http://itachi-HP-Pavilion-Laptop-15-cc1xx:45945/ []: sec=0.00, result=[1, '', 0]
[rosmaster.master][INFO] 2019-11-13 03:29:38,702: +PUB [/rosout] /drone_control http://itachi-HP-Pavilion-Laptop-15-cc1xx:36941/
[rosmaster.master][INFO] 2019-11-13 03:29:38,709: +SUB [/clock] /drone_control http://itachi-HP-Pavilion-Laptop-15-cc1xx:36941/
[rosmaster.master][INFO] 2019-11-13 03:29:38,711: +SERVICE [/drone_control/get_loggers] /drone_control http://itachi-HP-Pavilion-Laptop-15-cc1xx:36941/
[rosmaster.master][INFO] 2019-11-13 03:29:38,713: +SERVICE [/drone_control/set_logger_level] /drone_control http://itachi-HP-Pavilion-Laptop-15-cc1xx:36941/
[rosmaster.master][INFO] 2019-11-13 03:29:38,715: +PUB [/drone_command] /drone_control http://itachi-HP-Pavilion-Laptop-15-cc1xx:36941/
[rosmaster.master][INFO] 2019-11-13 03:29:38,717: +PUB [/alt_error] /drone_control http://itachi-HP-Pavilion-Laptop-15-cc1xx:36941/
[rosmaster.master][INFO] 2019-11-13 03:29:38,720: +PUB [/pitch_error] /drone_control http://itachi-HP-Pavilion-Laptop-15-cc1xx:36941/
[rosmaster.master][INFO] 2019-11-13 03:29:38,723: +PUB [/roll_error] /drone_control http://itachi-HP-Pavilion-Laptop-15-cc1xx:36941/
[rosmaster.master][INFO] 2019-11-13 03:29:38,723: publisherUpdate[/rosout] -> http://itachi-HP-Pavilion-Laptop-15-cc1xx:41591/ ['http://itachi-HP-Pavilion-Laptop-15-cc1xx:45945/', 'http://itachi-HP-Pavilion-Laptop-15-cc1xx:39593/', 'http://itachi-HP-Pavilion-Laptop-15-cc1xx:46547/', 'http://itachi-HP-Pavilion-Laptop-15-cc1xx:35913/', 'http://itachi-HP-Pavilion-Laptop-15-cc1xx:35453/', 'http://itachi-HP-Pavilion-Laptop-15-cc1xx:36709/', 'http://itachi-HP-Pavilion-Laptop-15-cc1xx:37593/', 'http://itachi-HP-Pavilion-Laptop-15-cc1xx:43645/', 'http://itachi-HP-Pavilion-Laptop-15-cc1xx:36941/']
[rosmaster.master][INFO] 2019-11-13 03:29:38,725: publisherUpdate[/rosout] -> http://itachi-HP-Pavilion-Laptop-15-cc1xx:41591/ ['http://itachi-HP-Pavilion-Laptop-15-cc1xx:45945/', 'http://itachi-HP-Pavilion-Laptop-15-cc1xx:39593/', 'http://itachi-HP-Pavilion-Laptop-15-cc1xx:46547/', 'http://itachi-HP-Pavilion-Laptop-15-cc1xx:35913/', 'http://itachi-HP-Pavilion-Laptop-15-cc1xx:35453/', 'http://itachi-HP-Pavilion-Laptop-15-cc1xx:36709/', 'http://itachi-HP-Pavilion-Laptop-15-cc1xx:37593/', 'http://itachi-HP-Pavilion-Laptop-15-cc1xx:43645/', 'http://itachi-HP-Pavilion-Laptop-15-cc1xx:36941/']: sec=0.00, result=[1, '', 0]
[rosmaster.master][INFO] 2019-11-13 03:29:38,725: publisherUpdate[/drone_command] -> http://itachi-HP-Pavilion-Laptop-15-cc1xx:45945/ ['http://itachi-HP-Pavilion-Laptop-15-cc1xx:36941/']
[rosmaster.master][INFO] 2019-11-13 03:29:38,726: +SUB [/whycon/poses] /drone_control http://itachi-HP-Pavilion-Laptop-15-cc1xx:36941/
[rosmaster.master][INFO] 2019-11-13 03:29:38,726: publisherUpdate[/drone_command] -> http://itachi-HP-Pavilion-Laptop-15-cc1xx:45945/ ['http://itachi-HP-Pavilion-Laptop-15-cc1xx:36941/']: sec=0.00, result=[1, '', 0]
[rosmaster.master][INFO] 2019-11-13 03:29:38,729: +SUB [/pid_tuning_altitude] /drone_control http://itachi-HP-Pavilion-Laptop-15-cc1xx:36941/
[rosmaster.master][INFO] 2019-11-13 03:29:38,731: +SUB [/pid_tuning_pitch] /drone_control http://itachi-HP-Pavilion-Laptop-15-cc1xx:36941/
[rosmaster.master][INFO] 2019-11-13 03:29:38,734: +SUB [/pid_tuning_roll] /drone_control http://itachi-HP-Pavilion-Laptop-15-cc1xx:36941/
[rosmaster.master][INFO] 2019-11-13 03:33:41,503: -PUB [/gazebo_gui/parameter_descriptions] /gazebo_gui http://itachi-HP-Pavilion-Laptop-15-cc1xx:43645/
[rosmaster.master][INFO] 2019-11-13 03:33:41,504: -PUB [/gazebo_gui/parameter_updates] /gazebo_gui http://itachi-HP-Pavilion-Laptop-15-cc1xx:43645/
[rosmaster.master][INFO] 2019-11-13 03:33:41,505: -SERVICE [/gazebo_gui/set_parameters] /gazebo_gui rosrpc://itachi-HP-Pavilion-Laptop-15-cc1xx:53803
[rosmaster.master][INFO] 2019-11-13 03:33:41,519: -PUB [/rosout] /gazebo_gui http://itachi-HP-Pavilion-Laptop-15-cc1xx:43645/
[rosmaster.master][INFO] 2019-11-13 03:33:41,520: -SUB [/clock] /gazebo_gui http://itachi-HP-Pavilion-Laptop-15-cc1xx:43645/
[rosmaster.master][INFO] 2019-11-13 03:33:41,521: -SERVICE [/gazebo_gui/get_loggers] /gazebo_gui rosrpc://itachi-HP-Pavilion-Laptop-15-cc1xx:53803
[rosmaster.master][INFO] 2019-11-13 03:33:41,521: -SERVICE [/gazebo_gui/set_logger_level] /gazebo_gui rosrpc://itachi-HP-Pavilion-Laptop-15-cc1xx:53803
[rosmaster.master][INFO] 2019-11-13 03:33:41,544: publisherUpdate[/rosout] -> http://itachi-HP-Pavilion-Laptop-15-cc1xx:41591/ ['http://itachi-HP-Pavilion-Laptop-15-cc1xx:45945/', 'http://itachi-HP-Pavilion-Laptop-15-cc1xx:39593/', 'http://itachi-HP-Pavilion-Laptop-15-cc1xx:46547/', 'http://itachi-HP-Pavilion-Laptop-15-cc1xx:35913/', 'http://itachi-HP-Pavilion-Laptop-15-cc1xx:35453/', 'http://itachi-HP-Pavilion-Laptop-15-cc1xx:36709/', 'http://itachi-HP-Pavilion-Laptop-15-cc1xx:37593/', 'http://itachi-HP-Pavilion-Laptop-15-cc1xx:36941/']
[rosmaster.master][INFO] 2019-11-13 03:33:41,545: publisherUpdate[/rosout] -> http://itachi-HP-Pavilion-Laptop-15-cc1xx:41591/ ['http://itachi-HP-Pavilion-Laptop-15-cc1xx:45945/', 'http://itachi-HP-Pavilion-Laptop-15-cc1xx:39593/', 'http://itachi-HP-Pavilion-Laptop-15-cc1xx:46547/', 'http://itachi-HP-Pavilion-Laptop-15-cc1xx:35913/', 'http://itachi-HP-Pavilion-Laptop-15-cc1xx:35453/', 'http://itachi-HP-Pavilion-Laptop-15-cc1xx:36709/', 'http://itachi-HP-Pavilion-Laptop-15-cc1xx:37593/', 'http://itachi-HP-Pavilion-Laptop-15-cc1xx:36941/']: sec=0.00, result=[1, '', 0]
[rosmaster.master][INFO] 2019-11-13 03:33:48,018: -SUB [/pid_tuning_pitch] /drone_control http://itachi-HP-Pavilion-Laptop-15-cc1xx:36941/
[rosmaster.master][INFO] 2019-11-13 03:33:48,018: -SUB [/clock] /drone_control http://itachi-HP-Pavilion-Laptop-15-cc1xx:36941/
[rosmaster.master][INFO] 2019-11-13 03:33:48,019: -SUB [/whycon/poses] /drone_control http://itachi-HP-Pavilion-Laptop-15-cc1xx:36941/
[rosmaster.master][INFO] 2019-11-13 03:33:48,019: -SUB [/pid_tuning_roll] /drone_control http://itachi-HP-Pavilion-Laptop-15-cc1xx:36941/
[rosmaster.master][INFO] 2019-11-13 03:33:48,019: -SUB [/pid_tuning_altitude] /drone_control http://itachi-HP-Pavilion-Laptop-15-cc1xx:36941/
[rosmaster.master][INFO] 2019-11-13 03:33:48,019: -PUB [/pitch_error] /drone_control http://itachi-HP-Pavilion-Laptop-15-cc1xx:36941/
[rosmaster.master][INFO] 2019-11-13 03:33:48,019: -PUB [/roll_error] /drone_control http://itachi-HP-Pavilion-Laptop-15-cc1xx:36941/
[rosmaster.master][INFO] 2019-11-13 03:33:48,019: -PUB [/rosout] /drone_control http://itachi-HP-Pavilion-Laptop-15-cc1xx:36941/
[rosmaster.master][INFO] 2019-11-13 03:33:48,019: -PUB [/alt_error] /drone_control http://itachi-HP-Pavilion-Laptop-15-cc1xx:36941/
[rosmaster.master][INFO] 2019-11-13 03:33:48,019: publisherUpdate[/rosout] -> http://itachi-HP-Pavilion-Laptop-15-cc1xx:41591/ ['http://itachi-HP-Pavilion-Laptop-15-cc1xx:45945/', 'http://itachi-HP-Pavilion-Laptop-15-cc1xx:39593/', 'http://itachi-HP-Pavilion-Laptop-15-cc1xx:46547/', 'http://itachi-HP-Pavilion-Laptop-15-cc1xx:35913/', 'http://itachi-HP-Pavilion-Laptop-15-cc1xx:35453/', 'http://itachi-HP-Pavilion-Laptop-15-cc1xx:36709/', 'http://itachi-HP-Pavilion-Laptop-15-cc1xx:37593/']
[rosmaster.master][INFO] 2019-11-13 03:33:48,019: -PUB [/drone_command] /drone_control http://itachi-HP-Pavilion-Laptop-15-cc1xx:36941/
[rosmaster.master][INFO] 2019-11-13 03:33:48,019: publisherUpdate[/drone_command] -> http://itachi-HP-Pavilion-Laptop-15-cc1xx:45945/ []
[rosmaster.master][INFO] 2019-11-13 03:33:48,020: -SERVICE [/drone_control/get_loggers] /drone_control rosrpc://itachi-HP-Pavilion-Laptop-15-cc1xx:34231
[rosmaster.master][INFO] 2019-11-13 03:33:48,020: publisherUpdate[/rosout] -> http://itachi-HP-Pavilion-Laptop-15-cc1xx:41591/ ['http://itachi-HP-Pavilion-Laptop-15-cc1xx:45945/', 'http://itachi-HP-Pavilion-Laptop-15-cc1xx:39593/', 'http://itachi-HP-Pavilion-Laptop-15-cc1xx:46547/', 'http://itachi-HP-Pavilion-Laptop-15-cc1xx:35913/', 'http://itachi-HP-Pavilion-Laptop-15-cc1xx:35453/', 'http://itachi-HP-Pavilion-Laptop-15-cc1xx:36709/', 'http://itachi-HP-Pavilion-Laptop-15-cc1xx:37593/']: sec=0.00, result=[1, '', 0]
[rosmaster.master][INFO] 2019-11-13 03:33:48,020: -SERVICE [/drone_control/set_logger_level] /drone_control rosrpc://itachi-HP-Pavilion-Laptop-15-cc1xx:34231
[rosmaster.master][INFO] 2019-11-13 03:33:48,021: publisherUpdate[/drone_command] -> http://itachi-HP-Pavilion-Laptop-15-cc1xx:45945/ []: sec=0.00, result=[1, '', 0]
[rosmaster.master][INFO] 2019-11-13 03:33:49,923: -PUB [/rosout_agg] /rosout http://itachi-HP-Pavilion-Laptop-15-cc1xx:41591/
[rosmaster.master][INFO] 2019-11-13 03:33:49,924: -SUB [/rosout] /rosout http://itachi-HP-Pavilion-Laptop-15-cc1xx:41591/
[rosmaster.master][INFO] 2019-11-13 03:33:49,924: -SERVICE [/rosout/get_loggers] /rosout rosrpc://itachi-HP-Pavilion-Laptop-15-cc1xx:39819
[rosmaster.master][INFO] 2019-11-13 03:33:49,925: -SERVICE [/rosout/set_logger_level] /rosout rosrpc://itachi-HP-Pavilion-Laptop-15-cc1xx:39819
[rosmaster.main][INFO] 2019-11-13 03:33:50,022: keyboard interrupt, will exit
[rosmaster.main][INFO] 2019-11-13 03:33:50,022: stopping master...
[rospy.core][INFO] 2019-11-13 03:33:50,022: signal_shutdown [atexit]
