[rosmaster.main][INFO] 2019-11-14 18:07:09,498: initialization complete, waiting for shutdown
[rosmaster.main][INFO] 2019-11-14 18:07:09,499: Starting ROS Master Node
[xmlrpc][INFO] 2019-11-14 18:07:09,500: XML-RPC server binding to 0.0.0.0:11311
[xmlrpc][INFO] 2019-11-14 18:07:09,500: Started XML-RPC server [http://itachi-HP-Pavilion-Laptop-15-cc1xx:11311/]
[xmlrpc][INFO] 2019-11-14 18:07:09,500: xml rpc node: starting XML-RPC server
[rosmaster.master][INFO] 2019-11-14 18:07:09,500: Master initialized: port[11311], uri[http://itachi-HP-Pavilion-Laptop-15-cc1xx:11311/]
[rosmaster.master][INFO] 2019-11-14 18:07:09,542: +PARAM [/run_id] by /roslaunch
[rosmaster.master][INFO] 2019-11-14 18:07:09,544: +PARAM [/roslaunch/uris/host_itachi_hp_pavilion_laptop_15_cc1xx__45339] by /roslaunch
[rosmaster.master][INFO] 2019-11-14 18:07:09,641: +PARAM [/rosversion] by /roslaunch
[rosmaster.master][INFO] 2019-11-14 18:07:09,642: +PARAM [/rosdistro] by /roslaunch
[rosmaster.master][INFO] 2019-11-14 18:07:09,650: +SERVICE [/rosout/get_loggers] /rosout http://itachi-HP-Pavilion-Laptop-15-cc1xx:33995/
[rosmaster.master][INFO] 2019-11-14 18:07:09,651: +SERVICE [/rosout/set_logger_level] /rosout http://itachi-HP-Pavilion-Laptop-15-cc1xx:33995/
[rosmaster.master][INFO] 2019-11-14 18:07:09,652: +PUB [/rosout_agg] /rosout http://itachi-HP-Pavilion-Laptop-15-cc1xx:33995/
[rosmaster.master][INFO] 2019-11-14 18:07:09,656: +SUB [/rosout] /rosout http://itachi-HP-Pavilion-Laptop-15-cc1xx:33995/
[rosmaster.master][INFO] 2019-11-14 18:07:16,068: +PARAM [/roslaunch/uris/host_itachi_hp_pavilion_laptop_15_cc1xx__34763] by /roslaunch
[rosmaster.master][INFO] 2019-11-14 18:07:16,074: +PARAM [/use_sim_time] by /roslaunch
[rosmaster.master][INFO] 2019-11-14 18:07:16,074: +PARAM [/edrone/roll_pitch_yawrate_thrust_controller_node/angular_rate_gain/z] by /roslaunch
[rosmaster.master][INFO] 2019-11-14 18:07:16,074: +PARAM [/edrone/roll_pitch_yawrate_thrust_controller_node/angular_rate_gain/x] by /roslaunch
[rosmaster.master][INFO] 2019-11-14 18:07:16,074: +PARAM [/edrone/roll_pitch_yawrate_thrust_controller_node/angular_rate_gain/y] by /roslaunch
[rosmaster.master][INFO] 2019-11-14 18:07:16,074: +PARAM [/edrone/roll_pitch_yawrate_thrust_controller_node/inertia/yy] by /roslaunch
[rosmaster.master][INFO] 2019-11-14 18:07:16,075: +PARAM [/edrone/roll_pitch_yawrate_thrust_controller_node/rotor_configuration/2/arm_length] by /roslaunch
[rosmaster.master][INFO] 2019-11-14 18:07:16,075: +PARAM [/edrone/roll_pitch_yawrate_thrust_controller_node/attitude_gain/y] by /roslaunch
[rosmaster.master][INFO] 2019-11-14 18:07:16,075: +PARAM [/edrone/roll_pitch_yawrate_thrust_controller_node/attitude_gain/x] by /roslaunch
[rosmaster.master][INFO] 2019-11-14 18:07:16,075: +PARAM [/edrone/roll_pitch_yawrate_thrust_controller_node/rotor_configuration/1/rotor_force_constant] by /roslaunch
[rosmaster.master][INFO] 2019-11-14 18:07:16,075: +PARAM [/edrone/roll_pitch_yawrate_thrust_controller_node/attitude_gain/z] by /roslaunch
[rosmaster.master][INFO] 2019-11-14 18:07:16,075: +PARAM [/edrone/roll_pitch_yawrate_thrust_controller_node/rotor_configuration/3/rotor_force_constant] by /roslaunch
[rosmaster.master][INFO] 2019-11-14 18:07:16,075: +PARAM [/edrone/roll_pitch_yawrate_thrust_controller_node/rotor_configuration/1/arm_length] by /roslaunch
[rosmaster.master][INFO] 2019-11-14 18:07:16,075: +PARAM [/edrone/roll_pitch_yawrate_thrust_controller_node/rotor_configuration/1/angle] by /roslaunch
[rosmaster.master][INFO] 2019-11-14 18:07:16,075: +PARAM [/edrone/roll_pitch_yawrate_thrust_controller_node/rotor_configuration/3/rotor_moment_constant] by /roslaunch
[rosmaster.master][INFO] 2019-11-14 18:07:16,075: +PARAM [/edrone/roll_pitch_yawrate_thrust_controller_node/inertia/yz] by /roslaunch
[rosmaster.master][INFO] 2019-11-14 18:07:16,075: +PARAM [/edrone/roll_pitch_yawrate_thrust_controller_node/rotor_configuration/3/angle] by /roslaunch
[rosmaster.master][INFO] 2019-11-14 18:07:16,075: +PARAM [/edrone/roll_pitch_yawrate_thrust_controller_node/rotor_configuration/0/angle] by /roslaunch
[rosmaster.master][INFO] 2019-11-14 18:07:16,075: +PARAM [/edrone/tf_prefix] by /roslaunch
[rosmaster.master][INFO] 2019-11-14 18:07:16,076: +PARAM [/edrone/roll_pitch_yawrate_thrust_controller_node/rotor_configuration/0/direction] by /roslaunch
[rosmaster.master][INFO] 2019-11-14 18:07:16,076: +PARAM [/edrone/roll_pitch_yawrate_thrust_controller_node/rotor_configuration/1/direction] by /roslaunch
[rosmaster.master][INFO] 2019-11-14 18:07:16,076: +PARAM [/edrone/roll_pitch_yawrate_thrust_controller_node/rotor_configuration/2/rotor_moment_constant] by /roslaunch
[rosmaster.master][INFO] 2019-11-14 18:07:16,076: +PARAM [/whycon/inner_diameter] by /roslaunch
[rosmaster.master][INFO] 2019-11-14 18:07:16,076: +PARAM [/edrone/roll_pitch_yawrate_thrust_controller_node/rotor_configuration/3/arm_length] by /roslaunch
[rosmaster.master][INFO] 2019-11-14 18:07:16,076: +PARAM [/edrone/roll_pitch_yawrate_thrust_controller_node/rotor_configuration/0/rotor_force_constant] by /roslaunch
[rosmaster.master][INFO] 2019-11-14 18:07:16,076: +PARAM [/edrone/roll_pitch_yawrate_thrust_controller_node/rotor_configuration/2/rotor_force_constant] by /roslaunch
[rosmaster.master][INFO] 2019-11-14 18:07:16,076: +PARAM [/rosdistro] by /roslaunch
[rosmaster.master][INFO] 2019-11-14 18:07:16,076: +PARAM [/edrone/roll_pitch_yawrate_thrust_controller_node/rotor_configuration/3/direction] by /roslaunch
[rosmaster.master][INFO] 2019-11-14 18:07:16,076: +PARAM [/edrone/roll_pitch_yawrate_thrust_controller_node/mass] by /roslaunch
[rosmaster.master][INFO] 2019-11-14 18:07:16,077: +PARAM [/rosversion] by /roslaunch
[rosmaster.master][INFO] 2019-11-14 18:07:16,077: +PARAM [/edrone/roll_pitch_yawrate_thrust_controller_node/rotor_configuration/0/rotor_moment_constant] by /roslaunch
[rosmaster.master][INFO] 2019-11-14 18:07:16,077: +PARAM [/edrone/roll_pitch_yawrate_thrust_controller_node/rotor_configuration/2/direction] by /roslaunch
[rosmaster.master][INFO] 2019-11-14 18:07:16,077: +PARAM [/edrone/robot_description] by /roslaunch
[rosmaster.master][INFO] 2019-11-14 18:07:16,077: +PARAM [/whycon/name] by /roslaunch
[rosmaster.master][INFO] 2019-11-14 18:07:16,077: +PARAM [/whycon/targets] by /roslaunch
[rosmaster.master][INFO] 2019-11-14 18:07:16,077: +PARAM [/edrone/roll_pitch_yawrate_thrust_controller_node/inertia/xz] by /roslaunch
[rosmaster.master][INFO] 2019-11-14 18:07:16,077: +PARAM [/edrone/roll_pitch_yawrate_thrust_controller_node/rotor_configuration/0/arm_length] by /roslaunch
[rosmaster.master][INFO] 2019-11-14 18:07:16,077: +PARAM [/edrone/roll_pitch_yawrate_thrust_controller_node/inertia/xx] by /roslaunch
[rosmaster.master][INFO] 2019-11-14 18:07:16,078: +PARAM [/edrone/roll_pitch_yawrate_thrust_controller_node/inertia/xy] by /roslaunch
[rosmaster.master][INFO] 2019-11-14 18:07:16,078: +PARAM [/edrone/roll_pitch_yawrate_thrust_controller_node/inertia/zz] by /roslaunch
[rosmaster.master][INFO] 2019-11-14 18:07:16,078: +PARAM [/edrone/roll_pitch_yawrate_thrust_controller_node/rotor_configuration/2/angle] by /roslaunch
[rosmaster.master][INFO] 2019-11-14 18:07:16,078: +PARAM [/whycon/outer_diameter] by /roslaunch
[rosmaster.master][INFO] 2019-11-14 18:07:16,078: +PARAM [/edrone/roll_pitch_yawrate_thrust_controller_node/rotor_configuration/1/rotor_moment_constant] by /roslaunch
[rosmaster.master][INFO] 2019-11-14 18:07:16,188: +PUB [/rosout] /edrone/rotors_edrone_interface http://itachi-HP-Pavilion-Laptop-15-cc1xx:45299/
[rosmaster.master][INFO] 2019-11-14 18:07:16,191: +SERVICE [/edrone/rotors_edrone_interface/get_loggers] /edrone/rotors_edrone_interface http://itachi-HP-Pavilion-Laptop-15-cc1xx:45299/
[rosmaster.master][INFO] 2019-11-14 18:07:16,192: +SERVICE [/edrone/rotors_edrone_interface/set_logger_level] /edrone/rotors_edrone_interface http://itachi-HP-Pavilion-Laptop-15-cc1xx:45299/
[rosmaster.master][INFO] 2019-11-14 18:07:16,201: +SUB [/clock] /edrone/rotors_edrone_interface http://itachi-HP-Pavilion-Laptop-15-cc1xx:45299/
[rosmaster.master][INFO] 2019-11-14 18:07:16,203: +PUB [/edrone/command/roll_pitch_yawrate_thrust] /edrone/rotors_edrone_interface http://itachi-HP-Pavilion-Laptop-15-cc1xx:45299/
[rosmaster.master][INFO] 2019-11-14 18:07:16,205: +PUB [/rosout] /edrone/roll_pitch_yawrate_thrust_controller_node http://itachi-HP-Pavilion-Laptop-15-cc1xx:42927/
[rosmaster.master][INFO] 2019-11-14 18:07:16,212: publisherUpdate[/rosout] -> http://itachi-HP-Pavilion-Laptop-15-cc1xx:33995/ ['http://itachi-HP-Pavilion-Laptop-15-cc1xx:45299/']
[rosmaster.master][INFO] 2019-11-14 18:07:16,212: +SERVICE [/edrone/roll_pitch_yawrate_thrust_controller_node/get_loggers] /edrone/roll_pitch_yawrate_thrust_controller_node http://itachi-HP-Pavilion-Laptop-15-cc1xx:42927/
[rosmaster.master][INFO] 2019-11-14 18:07:16,225: +SERVICE [/edrone/roll_pitch_yawrate_thrust_controller_node/set_logger_level] /edrone/roll_pitch_yawrate_thrust_controller_node http://itachi-HP-Pavilion-Laptop-15-cc1xx:42927/
[rosmaster.master][INFO] 2019-11-14 18:07:16,219: publisherUpdate[/rosout] -> http://itachi-HP-Pavilion-Laptop-15-cc1xx:33995/ ['http://itachi-HP-Pavilion-Laptop-15-cc1xx:45299/']: sec=0.01, result=[1, '', 0]
[rosmaster.master][INFO] 2019-11-14 18:07:16,228: publisherUpdate[/rosout] -> http://itachi-HP-Pavilion-Laptop-15-cc1xx:33995/ ['http://itachi-HP-Pavilion-Laptop-15-cc1xx:45299/', 'http://itachi-HP-Pavilion-Laptop-15-cc1xx:42927/']
[rosmaster.master][INFO] 2019-11-14 18:07:16,234: publisherUpdate[/rosout] -> http://itachi-HP-Pavilion-Laptop-15-cc1xx:33995/ ['http://itachi-HP-Pavilion-Laptop-15-cc1xx:45299/', 'http://itachi-HP-Pavilion-Laptop-15-cc1xx:42927/']: sec=0.01, result=[1, '', 0]
[rosmaster.master][INFO] 2019-11-14 18:07:16,237: +PUB [/rosout] /edrone/robot_state_publisher http://itachi-HP-Pavilion-Laptop-15-cc1xx:44277/
[rosmaster.master][INFO] 2019-11-14 18:07:16,242: +SERVICE [/edrone/robot_state_publisher/get_loggers] /edrone/robot_state_publisher http://itachi-HP-Pavilion-Laptop-15-cc1xx:44277/
[rosmaster.master][INFO] 2019-11-14 18:07:16,250: +SERVICE [/edrone/robot_state_publisher/set_logger_level] /edrone/robot_state_publisher http://itachi-HP-Pavilion-Laptop-15-cc1xx:44277/
[rosmaster.master][INFO] 2019-11-14 18:07:16,258: +PUB [/rosout] /whycon http://itachi-HP-Pavilion-Laptop-15-cc1xx:38693/
[rosmaster.master][INFO] 2019-11-14 18:07:16,261: +SERVICE [/whycon/get_loggers] /whycon http://itachi-HP-Pavilion-Laptop-15-cc1xx:38693/
[rosmaster.master][INFO] 2019-11-14 18:07:16,270: +SERVICE [/whycon/set_logger_level] /whycon http://itachi-HP-Pavilion-Laptop-15-cc1xx:38693/
[rosmaster.master][INFO] 2019-11-14 18:07:16,278: +SUB [/clock] /edrone/roll_pitch_yawrate_thrust_controller_node http://itachi-HP-Pavilion-Laptop-15-cc1xx:42927/
[rosmaster.master][INFO] 2019-11-14 18:07:16,279: +PUB [/rosout] /whycon_display/image_view http://itachi-HP-Pavilion-Laptop-15-cc1xx:37357/
[rosmaster.master][INFO] 2019-11-14 18:07:16,284: +SUB [/drone_command] /edrone/rotors_edrone_interface http://itachi-HP-Pavilion-Laptop-15-cc1xx:45299/
[rosmaster.master][INFO] 2019-11-14 18:07:16,294: +SERVICE [/whycon_display/image_view/get_loggers] /whycon_display/image_view http://itachi-HP-Pavilion-Laptop-15-cc1xx:37357/
[rosmaster.master][INFO] 2019-11-14 18:07:16,300: +SERVICE [/whycon_display/image_view/set_logger_level] /whycon_display/image_view http://itachi-HP-Pavilion-Laptop-15-cc1xx:37357/
[rosmaster.master][INFO] 2019-11-14 18:07:16,306: +SUB [/clock] /edrone/robot_state_publisher http://itachi-HP-Pavilion-Laptop-15-cc1xx:44277/
[rosmaster.master][INFO] 2019-11-14 18:07:16,308: +SUB [/clock] /whycon http://itachi-HP-Pavilion-Laptop-15-cc1xx:38693/
[rosmaster.master][INFO] 2019-11-14 18:07:16,312: publisherUpdate[/rosout] -> http://itachi-HP-Pavilion-Laptop-15-cc1xx:33995/ ['http://itachi-HP-Pavilion-Laptop-15-cc1xx:45299/', 'http://itachi-HP-Pavilion-Laptop-15-cc1xx:42927/', 'http://itachi-HP-Pavilion-Laptop-15-cc1xx:44277/']
[rosmaster.master][INFO] 2019-11-14 18:07:16,314: publisherUpdate[/rosout] -> http://itachi-HP-Pavilion-Laptop-15-cc1xx:33995/ ['http://itachi-HP-Pavilion-Laptop-15-cc1xx:45299/', 'http://itachi-HP-Pavilion-Laptop-15-cc1xx:42927/', 'http://itachi-HP-Pavilion-Laptop-15-cc1xx:44277/']: sec=0.00, result=[1, '', 0]
[rosmaster.master][INFO] 2019-11-14 18:07:16,314: publisherUpdate[/rosout] -> http://itachi-HP-Pavilion-Laptop-15-cc1xx:33995/ ['http://itachi-HP-Pavilion-Laptop-15-cc1xx:45299/', 'http://itachi-HP-Pavilion-Laptop-15-cc1xx:42927/', 'http://itachi-HP-Pavilion-Laptop-15-cc1xx:44277/', 'http://itachi-HP-Pavilion-Laptop-15-cc1xx:38693/']
[rosmaster.master][INFO] 2019-11-14 18:07:16,315: publisherUpdate[/rosout] -> http://itachi-HP-Pavilion-Laptop-15-cc1xx:33995/ ['http://itachi-HP-Pavilion-Laptop-15-cc1xx:45299/', 'http://itachi-HP-Pavilion-Laptop-15-cc1xx:42927/', 'http://itachi-HP-Pavilion-Laptop-15-cc1xx:44277/', 'http://itachi-HP-Pavilion-Laptop-15-cc1xx:38693/']: sec=0.00, result=[1, '', 0]
[rosmaster.master][INFO] 2019-11-14 18:07:16,316: publisherUpdate[/rosout] -> http://itachi-HP-Pavilion-Laptop-15-cc1xx:33995/ ['http://itachi-HP-Pavilion-Laptop-15-cc1xx:45299/', 'http://itachi-HP-Pavilion-Laptop-15-cc1xx:42927/', 'http://itachi-HP-Pavilion-Laptop-15-cc1xx:44277/', 'http://itachi-HP-Pavilion-Laptop-15-cc1xx:38693/', 'http://itachi-HP-Pavilion-Laptop-15-cc1xx:37357/']
[rosmaster.master][INFO] 2019-11-14 18:07:16,318: publisherUpdate[/rosout] -> http://itachi-HP-Pavilion-Laptop-15-cc1xx:33995/ ['http://itachi-HP-Pavilion-Laptop-15-cc1xx:45299/', 'http://itachi-HP-Pavilion-Laptop-15-cc1xx:42927/', 'http://itachi-HP-Pavilion-Laptop-15-cc1xx:44277/', 'http://itachi-HP-Pavilion-Laptop-15-cc1xx:38693/', 'http://itachi-HP-Pavilion-Laptop-15-cc1xx:37357/']: sec=0.00, result=[1, '', 0]
[rosmaster.master][INFO] 2019-11-14 18:07:16,324: +PUB [/tf] /edrone/robot_state_publisher http://itachi-HP-Pavilion-Laptop-15-cc1xx:44277/
[rosmaster.master][INFO] 2019-11-14 18:07:16,329: +PUB [/tf_static] /edrone/robot_state_publisher http://itachi-HP-Pavilion-Laptop-15-cc1xx:44277/
[rosmaster.master][INFO] 2019-11-14 18:07:16,331: +SUB [/clock] /whycon_display/image_view http://itachi-HP-Pavilion-Laptop-15-cc1xx:37357/
[rosmaster.master][INFO] 2019-11-14 18:07:16,373: +SUB [/edrone/joint_states] /edrone/robot_state_publisher http://itachi-HP-Pavilion-Laptop-15-cc1xx:44277/
[rosmaster.master][INFO] 2019-11-14 18:07:16,426: +PUB [/tf] /whycon http://itachi-HP-Pavilion-Laptop-15-cc1xx:38693/
[rosmaster.master][INFO] 2019-11-14 18:07:16,441: +SUB [/gazebo/overhead_cam/image_rect_color] /whycon http://itachi-HP-Pavilion-Laptop-15-cc1xx:38693/
[rosmaster.master][INFO] 2019-11-14 18:07:16,450: +SUB [/gazebo/overhead_cam/camera_info] /whycon http://itachi-HP-Pavilion-Laptop-15-cc1xx:38693/
[rosmaster.master][INFO] 2019-11-14 18:07:16,451: +PUB [/whycon/image_out] /whycon http://itachi-HP-Pavilion-Laptop-15-cc1xx:38693/
[rosmaster.master][INFO] 2019-11-14 18:07:16,455: +PUB [/whycon/poses] /whycon http://itachi-HP-Pavilion-Laptop-15-cc1xx:38693/
[rosmaster.master][INFO] 2019-11-14 18:07:16,458: +PUB [/whycon/context] /whycon http://itachi-HP-Pavilion-Laptop-15-cc1xx:38693/
[rosmaster.master][INFO] 2019-11-14 18:07:16,459: +PUB [/whycon/projection] /whycon http://itachi-HP-Pavilion-Laptop-15-cc1xx:38693/
[rosmaster.master][INFO] 2019-11-14 18:07:16,460: +SERVICE [/whycon/reset] /whycon http://itachi-HP-Pavilion-Laptop-15-cc1xx:38693/
[rosmaster.master][INFO] 2019-11-14 18:07:16,621: -PUB [/rosout] /edrone/roll_pitch_yawrate_thrust_controller_node http://itachi-HP-Pavilion-Laptop-15-cc1xx:42927/
[rosmaster.master][INFO] 2019-11-14 18:07:16,623: -SUB [/clock] /edrone/roll_pitch_yawrate_thrust_controller_node http://itachi-HP-Pavilion-Laptop-15-cc1xx:42927/
[rosmaster.master][INFO] 2019-11-14 18:07:16,624: -SERVICE [/edrone/roll_pitch_yawrate_thrust_controller_node/get_loggers] /edrone/roll_pitch_yawrate_thrust_controller_node rosrpc://itachi-HP-Pavilion-Laptop-15-cc1xx:53225
[rosmaster.master][INFO] 2019-11-14 18:07:16,625: -SERVICE [/edrone/roll_pitch_yawrate_thrust_controller_node/set_logger_level] /edrone/roll_pitch_yawrate_thrust_controller_node rosrpc://itachi-HP-Pavilion-Laptop-15-cc1xx:53225
[rosmaster.master][INFO] 2019-11-14 18:07:16,634: +PUB [/rosout] /edrone/roll_pitch_yawrate_thrust_controller_node http://itachi-HP-Pavilion-Laptop-15-cc1xx:37657/
[rosmaster.master][INFO] 2019-11-14 18:07:16,635: +SERVICE [/edrone/roll_pitch_yawrate_thrust_controller_node/get_loggers] /edrone/roll_pitch_yawrate_thrust_controller_node http://itachi-HP-Pavilion-Laptop-15-cc1xx:37657/
[rosmaster.master][INFO] 2019-11-14 18:07:16,636: publisherUpdate[/rosout] -> http://itachi-HP-Pavilion-Laptop-15-cc1xx:33995/ ['http://itachi-HP-Pavilion-Laptop-15-cc1xx:45299/', 'http://itachi-HP-Pavilion-Laptop-15-cc1xx:44277/', 'http://itachi-HP-Pavilion-Laptop-15-cc1xx:38693/', 'http://itachi-HP-Pavilion-Laptop-15-cc1xx:37357/']
[rosmaster.master][INFO] 2019-11-14 18:07:16,637: publisherUpdate[/rosout] -> http://itachi-HP-Pavilion-Laptop-15-cc1xx:33995/ ['http://itachi-HP-Pavilion-Laptop-15-cc1xx:45299/', 'http://itachi-HP-Pavilion-Laptop-15-cc1xx:44277/', 'http://itachi-HP-Pavilion-Laptop-15-cc1xx:38693/', 'http://itachi-HP-Pavilion-Laptop-15-cc1xx:37357/']: sec=0.00, result=[1, '', 0]
[rosmaster.master][INFO] 2019-11-14 18:07:16,637: +SERVICE [/edrone/roll_pitch_yawrate_thrust_controller_node/set_logger_level] /edrone/roll_pitch_yawrate_thrust_controller_node http://itachi-HP-Pavilion-Laptop-15-cc1xx:37657/
[rosmaster.master][INFO] 2019-11-14 18:07:16,637: publisherUpdate[/rosout] -> http://itachi-HP-Pavilion-Laptop-15-cc1xx:33995/ ['http://itachi-HP-Pavilion-Laptop-15-cc1xx:45299/', 'http://itachi-HP-Pavilion-Laptop-15-cc1xx:44277/', 'http://itachi-HP-Pavilion-Laptop-15-cc1xx:38693/', 'http://itachi-HP-Pavilion-Laptop-15-cc1xx:37357/', 'http://itachi-HP-Pavilion-Laptop-15-cc1xx:37657/']
[rosmaster.master][INFO] 2019-11-14 18:07:16,640: publisherUpdate[/rosout] -> http://itachi-HP-Pavilion-Laptop-15-cc1xx:33995/ ['http://itachi-HP-Pavilion-Laptop-15-cc1xx:45299/', 'http://itachi-HP-Pavilion-Laptop-15-cc1xx:44277/', 'http://itachi-HP-Pavilion-Laptop-15-cc1xx:38693/', 'http://itachi-HP-Pavilion-Laptop-15-cc1xx:37357/', 'http://itachi-HP-Pavilion-Laptop-15-cc1xx:37657/']: sec=0.00, result=[1, '', 0]
[rosmaster.master][INFO] 2019-11-14 18:07:16,648: +SUB [/clock] /edrone/roll_pitch_yawrate_thrust_controller_node http://itachi-HP-Pavilion-Laptop-15-cc1xx:37657/
[rosmaster.master][INFO] 2019-11-14 18:07:16,662: +SUB [/edrone/command/roll_pitch_yawrate_thrust] /edrone/roll_pitch_yawrate_thrust_controller_node http://itachi-HP-Pavilion-Laptop-15-cc1xx:37657/
[rosmaster.master][INFO] 2019-11-14 18:07:16,665: +SUB [/whycon/image_out] /whycon_display/image_view http://itachi-HP-Pavilion-Laptop-15-cc1xx:37357/
[rosmaster.master][INFO] 2019-11-14 18:07:16,668: +PUB [/whycon_display/image_view/output] /whycon_display/image_view http://itachi-HP-Pavilion-Laptop-15-cc1xx:37357/
[rosmaster.master][INFO] 2019-11-14 18:07:16,669: +SUB [/edrone/odometry_sensor1/odometry] /edrone/roll_pitch_yawrate_thrust_controller_node http://itachi-HP-Pavilion-Laptop-15-cc1xx:37657/
[rosmaster.master][INFO] 2019-11-14 18:07:16,670: +SERVICE [/whycon_display/image_view/set_parameters] /whycon_display/image_view http://itachi-HP-Pavilion-Laptop-15-cc1xx:37357/
[rosmaster.master][INFO] 2019-11-14 18:07:16,673: +PUB [/edrone/command/motor_speed] /edrone/roll_pitch_yawrate_thrust_controller_node http://itachi-HP-Pavilion-Laptop-15-cc1xx:37657/
[rosmaster.master][INFO] 2019-11-14 18:07:16,675: +PUB [/whycon_display/image_view/parameter_descriptions] /whycon_display/image_view http://itachi-HP-Pavilion-Laptop-15-cc1xx:37357/
[rosmaster.master][INFO] 2019-11-14 18:07:16,676: +PUB [/whycon_display/image_view/parameter_updates] /whycon_display/image_view http://itachi-HP-Pavilion-Laptop-15-cc1xx:37357/
[rosmaster.master][INFO] 2019-11-14 18:07:16,680: +PARAM [/whycon_display/image_view/do_dynamic_scaling] by /whycon_display/image_view
[rosmaster.master][INFO] 2019-11-14 18:07:16,681: +PARAM [/whycon_display/image_view/colormap] by /whycon_display/image_view
[rosmaster.master][INFO] 2019-11-14 18:07:16,682: +PUB [/rosout] /edrone/spawn_edrone http://itachi-HP-Pavilion-Laptop-15-cc1xx:41793/
[rosmaster.master][INFO] 2019-11-14 18:07:16,682: +PARAM [/whycon_display/image_view/min_image_value] by /whycon_display/image_view
[rosmaster.master][INFO] 2019-11-14 18:07:16,683: +PARAM [/whycon_display/image_view/max_image_value] by /whycon_display/image_view
[rosmaster.master][INFO] 2019-11-14 18:07:16,687: +PARAM [/whycon_display/image_view/do_dynamic_scaling] by /whycon_display/image_view
[rosmaster.master][INFO] 2019-11-14 18:07:16,690: +PARAM [/whycon_display/image_view/colormap] by /whycon_display/image_view
[rosmaster.master][INFO] 2019-11-14 18:07:16,691: +SUB [/clock] /edrone/spawn_edrone http://itachi-HP-Pavilion-Laptop-15-cc1xx:41793/
[rosmaster.master][INFO] 2019-11-14 18:07:16,692: +PARAM [/whycon_display/image_view/min_image_value] by /whycon_display/image_view
[rosmaster.master][INFO] 2019-11-14 18:07:16,693: +PARAM [/whycon_display/image_view/max_image_value] by /whycon_display/image_view
[rosmaster.master][INFO] 2019-11-14 18:07:16,694: +SERVICE [/edrone/spawn_edrone/get_loggers] /edrone/spawn_edrone http://itachi-HP-Pavilion-Laptop-15-cc1xx:41793/
[rosmaster.master][INFO] 2019-11-14 18:07:16,696: +SERVICE [/edrone/spawn_edrone/set_logger_level] /edrone/spawn_edrone http://itachi-HP-Pavilion-Laptop-15-cc1xx:41793/
[rosmaster.master][INFO] 2019-11-14 18:07:16,714: publisherUpdate[/rosout] -> http://itachi-HP-Pavilion-Laptop-15-cc1xx:33995/ ['http://itachi-HP-Pavilion-Laptop-15-cc1xx:45299/', 'http://itachi-HP-Pavilion-Laptop-15-cc1xx:44277/', 'http://itachi-HP-Pavilion-Laptop-15-cc1xx:38693/', 'http://itachi-HP-Pavilion-Laptop-15-cc1xx:37357/', 'http://itachi-HP-Pavilion-Laptop-15-cc1xx:37657/', 'http://itachi-HP-Pavilion-Laptop-15-cc1xx:41793/']
[rosmaster.master][INFO] 2019-11-14 18:07:16,714: publisherUpdate[/rosout] -> http://itachi-HP-Pavilion-Laptop-15-cc1xx:33995/ ['http://itachi-HP-Pavilion-Laptop-15-cc1xx:45299/', 'http://itachi-HP-Pavilion-Laptop-15-cc1xx:44277/', 'http://itachi-HP-Pavilion-Laptop-15-cc1xx:38693/', 'http://itachi-HP-Pavilion-Laptop-15-cc1xx:37357/', 'http://itachi-HP-Pavilion-Laptop-15-cc1xx:37657/', 'http://itachi-HP-Pavilion-Laptop-15-cc1xx:41793/']: sec=0.00, result=[1, '', 0]
[rosmaster.master][INFO] 2019-11-14 18:07:16,725: +PUB [/rosout] /edrone/joint_state_publisher http://itachi-HP-Pavilion-Laptop-15-cc1xx:37525/
[rosmaster.master][INFO] 2019-11-14 18:07:16,731: +PUB [/rosout] /gazebo http://itachi-HP-Pavilion-Laptop-15-cc1xx:42789/
[rosmaster.master][INFO] 2019-11-14 18:07:16,732: +SUB [/clock] /edrone/joint_state_publisher http://itachi-HP-Pavilion-Laptop-15-cc1xx:37525/
[rosmaster.master][INFO] 2019-11-14 18:07:16,732: +SERVICE [/gazebo/get_loggers] /gazebo http://itachi-HP-Pavilion-Laptop-15-cc1xx:42789/
[rosmaster.master][INFO] 2019-11-14 18:07:16,734: +SERVICE [/gazebo/set_logger_level] /gazebo http://itachi-HP-Pavilion-Laptop-15-cc1xx:42789/
[rosmaster.master][INFO] 2019-11-14 18:07:16,736: +SERVICE [/edrone/joint_state_publisher/get_loggers] /edrone/joint_state_publisher http://itachi-HP-Pavilion-Laptop-15-cc1xx:37525/
[rosmaster.master][INFO] 2019-11-14 18:07:16,739: +SERVICE [/edrone/joint_state_publisher/set_logger_level] /edrone/joint_state_publisher http://itachi-HP-Pavilion-Laptop-15-cc1xx:37525/
[rosmaster.master][INFO] 2019-11-14 18:07:16,744: publisherUpdate[/rosout] -> http://itachi-HP-Pavilion-Laptop-15-cc1xx:33995/ ['http://itachi-HP-Pavilion-Laptop-15-cc1xx:45299/', 'http://itachi-HP-Pavilion-Laptop-15-cc1xx:44277/', 'http://itachi-HP-Pavilion-Laptop-15-cc1xx:38693/', 'http://itachi-HP-Pavilion-Laptop-15-cc1xx:37357/', 'http://itachi-HP-Pavilion-Laptop-15-cc1xx:37657/', 'http://itachi-HP-Pavilion-Laptop-15-cc1xx:41793/', 'http://itachi-HP-Pavilion-Laptop-15-cc1xx:37525/']
[rosmaster.master][INFO] 2019-11-14 18:07:16,745: publisherUpdate[/rosout] -> http://itachi-HP-Pavilion-Laptop-15-cc1xx:33995/ ['http://itachi-HP-Pavilion-Laptop-15-cc1xx:45299/', 'http://itachi-HP-Pavilion-Laptop-15-cc1xx:44277/', 'http://itachi-HP-Pavilion-Laptop-15-cc1xx:38693/', 'http://itachi-HP-Pavilion-Laptop-15-cc1xx:37357/', 'http://itachi-HP-Pavilion-Laptop-15-cc1xx:37657/', 'http://itachi-HP-Pavilion-Laptop-15-cc1xx:41793/', 'http://itachi-HP-Pavilion-Laptop-15-cc1xx:37525/']: sec=0.00, result=[1, '', 0]
[rosmaster.master][INFO] 2019-11-14 18:07:16,746: publisherUpdate[/rosout] -> http://itachi-HP-Pavilion-Laptop-15-cc1xx:33995/ ['http://itachi-HP-Pavilion-Laptop-15-cc1xx:45299/', 'http://itachi-HP-Pavilion-Laptop-15-cc1xx:44277/', 'http://itachi-HP-Pavilion-Laptop-15-cc1xx:38693/', 'http://itachi-HP-Pavilion-Laptop-15-cc1xx:37357/', 'http://itachi-HP-Pavilion-Laptop-15-cc1xx:37657/', 'http://itachi-HP-Pavilion-Laptop-15-cc1xx:41793/', 'http://itachi-HP-Pavilion-Laptop-15-cc1xx:37525/', 'http://itachi-HP-Pavilion-Laptop-15-cc1xx:42789/']
[rosmaster.master][INFO] 2019-11-14 18:07:16,747: publisherUpdate[/rosout] -> http://itachi-HP-Pavilion-Laptop-15-cc1xx:33995/ ['http://itachi-HP-Pavilion-Laptop-15-cc1xx:45299/', 'http://itachi-HP-Pavilion-Laptop-15-cc1xx:44277/', 'http://itachi-HP-Pavilion-Laptop-15-cc1xx:38693/', 'http://itachi-HP-Pavilion-Laptop-15-cc1xx:37357/', 'http://itachi-HP-Pavilion-Laptop-15-cc1xx:37657/', 'http://itachi-HP-Pavilion-Laptop-15-cc1xx:41793/', 'http://itachi-HP-Pavilion-Laptop-15-cc1xx:37525/', 'http://itachi-HP-Pavilion-Laptop-15-cc1xx:42789/']: sec=0.00, result=[1, '', 0]
[rosmaster.master][INFO] 2019-11-14 18:07:16,748: +SUB [/clock] /gazebo http://itachi-HP-Pavilion-Laptop-15-cc1xx:42789/
[rosmaster.master][INFO] 2019-11-14 18:07:16,786: +PUB [/edrone/joint_states] /edrone/joint_state_publisher http://itachi-HP-Pavilion-Laptop-15-cc1xx:37525/
[rosmaster.master][INFO] 2019-11-14 18:07:16,792: +PUB [/rosout] /gazebo_gui http://itachi-HP-Pavilion-Laptop-15-cc1xx:39961/
[rosmaster.master][INFO] 2019-11-14 18:07:16,794: +SERVICE [/gazebo_gui/get_loggers] /gazebo_gui http://itachi-HP-Pavilion-Laptop-15-cc1xx:39961/
[rosmaster.master][INFO] 2019-11-14 18:07:16,795: +SERVICE [/gazebo_gui/set_logger_level] /gazebo_gui http://itachi-HP-Pavilion-Laptop-15-cc1xx:39961/
[rosmaster.master][INFO] 2019-11-14 18:07:16,802: +SUB [/clock] /gazebo_gui http://itachi-HP-Pavilion-Laptop-15-cc1xx:39961/
[rosmaster.master][INFO] 2019-11-14 18:07:16,815: publisherUpdate[/edrone/joint_states] -> http://itachi-HP-Pavilion-Laptop-15-cc1xx:44277/ ['http://itachi-HP-Pavilion-Laptop-15-cc1xx:37525/']
[rosmaster.master][INFO] 2019-11-14 18:07:16,817: publisherUpdate[/edrone/joint_states] -> http://itachi-HP-Pavilion-Laptop-15-cc1xx:44277/ ['http://itachi-HP-Pavilion-Laptop-15-cc1xx:37525/']: sec=0.00, result=[1, '', 0]
[rosmaster.master][INFO] 2019-11-14 18:07:16,818: publisherUpdate[/rosout] -> http://itachi-HP-Pavilion-Laptop-15-cc1xx:33995/ ['http://itachi-HP-Pavilion-Laptop-15-cc1xx:45299/', 'http://itachi-HP-Pavilion-Laptop-15-cc1xx:44277/', 'http://itachi-HP-Pavilion-Laptop-15-cc1xx:38693/', 'http://itachi-HP-Pavilion-Laptop-15-cc1xx:37357/', 'http://itachi-HP-Pavilion-Laptop-15-cc1xx:37657/', 'http://itachi-HP-Pavilion-Laptop-15-cc1xx:41793/', 'http://itachi-HP-Pavilion-Laptop-15-cc1xx:37525/', 'http://itachi-HP-Pavilion-Laptop-15-cc1xx:42789/', 'http://itachi-HP-Pavilion-Laptop-15-cc1xx:39961/']
[rosmaster.master][INFO] 2019-11-14 18:07:16,819: publisherUpdate[/rosout] -> http://itachi-HP-Pavilion-Laptop-15-cc1xx:33995/ ['http://itachi-HP-Pavilion-Laptop-15-cc1xx:45299/', 'http://itachi-HP-Pavilion-Laptop-15-cc1xx:44277/', 'http://itachi-HP-Pavilion-Laptop-15-cc1xx:38693/', 'http://itachi-HP-Pavilion-Laptop-15-cc1xx:37357/', 'http://itachi-HP-Pavilion-Laptop-15-cc1xx:37657/', 'http://itachi-HP-Pavilion-Laptop-15-cc1xx:41793/', 'http://itachi-HP-Pavilion-Laptop-15-cc1xx:37525/', 'http://itachi-HP-Pavilion-Laptop-15-cc1xx:42789/', 'http://itachi-HP-Pavilion-Laptop-15-cc1xx:39961/']: sec=0.00, result=[1, '', 0]
[rosmaster.master][INFO] 2019-11-14 18:07:17,181: +PUB [/clock] /gazebo http://itachi-HP-Pavilion-Laptop-15-cc1xx:42789/
[rosmaster.master][INFO] 2019-11-14 18:07:17,182: +SERVICE [/gazebo/spawn_sdf_model] /gazebo http://itachi-HP-Pavilion-Laptop-15-cc1xx:42789/
[rosmaster.master][INFO] 2019-11-14 18:07:17,183: +SERVICE [/gazebo/spawn_urdf_model] /gazebo http://itachi-HP-Pavilion-Laptop-15-cc1xx:42789/
[rosmaster.master][INFO] 2019-11-14 18:07:17,183: +SERVICE [/gazebo/delete_model] /gazebo http://itachi-HP-Pavilion-Laptop-15-cc1xx:42789/
[rosmaster.master][INFO] 2019-11-14 18:07:17,184: +SERVICE [/gazebo/delete_light] /gazebo http://itachi-HP-Pavilion-Laptop-15-cc1xx:42789/
[rosmaster.master][INFO] 2019-11-14 18:07:17,185: +SERVICE [/gazebo/get_model_properties] /gazebo http://itachi-HP-Pavilion-Laptop-15-cc1xx:42789/
[rosmaster.master][INFO] 2019-11-14 18:07:17,185: +SERVICE [/gazebo/get_model_state] /gazebo http://itachi-HP-Pavilion-Laptop-15-cc1xx:42789/
[rosmaster.master][INFO] 2019-11-14 18:07:17,186: +SERVICE [/gazebo/get_world_properties] /gazebo http://itachi-HP-Pavilion-Laptop-15-cc1xx:42789/
[rosmaster.master][INFO] 2019-11-14 18:07:17,186: +SERVICE [/gazebo/get_joint_properties] /gazebo http://itachi-HP-Pavilion-Laptop-15-cc1xx:42789/
[rosmaster.master][INFO] 2019-11-14 18:07:17,187: +SERVICE [/gazebo/get_link_properties] /gazebo http://itachi-HP-Pavilion-Laptop-15-cc1xx:42789/
[rosmaster.master][INFO] 2019-11-14 18:07:17,187: +SERVICE [/gazebo/get_link_state] /gazebo http://itachi-HP-Pavilion-Laptop-15-cc1xx:42789/
[rosmaster.master][INFO] 2019-11-14 18:07:17,188: +SERVICE [/gazebo/get_light_properties] /gazebo http://itachi-HP-Pavilion-Laptop-15-cc1xx:42789/
[rosmaster.master][INFO] 2019-11-14 18:07:17,188: +SERVICE [/gazebo/set_light_properties] /gazebo http://itachi-HP-Pavilion-Laptop-15-cc1xx:42789/
[rosmaster.master][INFO] 2019-11-14 18:07:17,189: +SERVICE [/gazebo/get_physics_properties] /gazebo http://itachi-HP-Pavilion-Laptop-15-cc1xx:42789/
[rosmaster.master][INFO] 2019-11-14 18:07:17,190: +PUB [/gazebo/link_states] /gazebo http://itachi-HP-Pavilion-Laptop-15-cc1xx:42789/
[rosmaster.master][INFO] 2019-11-14 18:07:17,190: +PUB [/gazebo/model_states] /gazebo http://itachi-HP-Pavilion-Laptop-15-cc1xx:42789/
[rosmaster.master][INFO] 2019-11-14 18:07:17,191: +SERVICE [/gazebo/set_link_properties] /gazebo http://itachi-HP-Pavilion-Laptop-15-cc1xx:42789/
[rosmaster.master][INFO] 2019-11-14 18:07:17,192: +SERVICE [/gazebo/set_physics_properties] /gazebo http://itachi-HP-Pavilion-Laptop-15-cc1xx:42789/
[rosmaster.master][INFO] 2019-11-14 18:07:17,193: +SERVICE [/gazebo/set_model_state] /gazebo http://itachi-HP-Pavilion-Laptop-15-cc1xx:42789/
[rosmaster.master][INFO] 2019-11-14 18:07:17,194: +SERVICE [/gazebo/set_model_configuration] /gazebo http://itachi-HP-Pavilion-Laptop-15-cc1xx:42789/
[rosmaster.master][INFO] 2019-11-14 18:07:17,195: +SERVICE [/gazebo/set_joint_properties] /gazebo http://itachi-HP-Pavilion-Laptop-15-cc1xx:42789/
[rosmaster.master][INFO] 2019-11-14 18:07:17,196: +SERVICE [/gazebo/set_link_state] /gazebo http://itachi-HP-Pavilion-Laptop-15-cc1xx:42789/
[rosmaster.master][INFO] 2019-11-14 18:07:17,202: +SUB [/gazebo/set_link_state] /gazebo http://itachi-HP-Pavilion-Laptop-15-cc1xx:42789/
[rosmaster.master][INFO] 2019-11-14 18:07:17,205: +SUB [/gazebo/set_model_state] /gazebo http://itachi-HP-Pavilion-Laptop-15-cc1xx:42789/
[rosmaster.master][INFO] 2019-11-14 18:07:17,206: +SERVICE [/gazebo/pause_physics] /gazebo http://itachi-HP-Pavilion-Laptop-15-cc1xx:42789/
[rosmaster.master][INFO] 2019-11-14 18:07:17,206: +SERVICE [/gazebo/unpause_physics] /gazebo http://itachi-HP-Pavilion-Laptop-15-cc1xx:42789/
[rosmaster.master][INFO] 2019-11-14 18:07:17,207: +SERVICE [/gazebo/apply_body_wrench] /gazebo http://itachi-HP-Pavilion-Laptop-15-cc1xx:42789/
[rosmaster.master][INFO] 2019-11-14 18:07:17,208: +SERVICE [/gazebo/apply_joint_effort] /gazebo http://itachi-HP-Pavilion-Laptop-15-cc1xx:42789/
[rosmaster.master][INFO] 2019-11-14 18:07:17,209: +SERVICE [/gazebo/clear_joint_forces] /gazebo http://itachi-HP-Pavilion-Laptop-15-cc1xx:42789/
[rosmaster.master][INFO] 2019-11-14 18:07:17,210: +SERVICE [/gazebo/clear_body_wrenches] /gazebo http://itachi-HP-Pavilion-Laptop-15-cc1xx:42789/
[rosmaster.master][INFO] 2019-11-14 18:07:17,210: +SERVICE [/gazebo/reset_simulation] /gazebo http://itachi-HP-Pavilion-Laptop-15-cc1xx:42789/
[rosmaster.master][INFO] 2019-11-14 18:07:17,211: +SERVICE [/gazebo/reset_world] /gazebo http://itachi-HP-Pavilion-Laptop-15-cc1xx:42789/
[rosmaster.master][INFO] 2019-11-14 18:07:17,220: publisherUpdate[/clock] -> http://itachi-HP-Pavilion-Laptop-15-cc1xx:45299/ ['http://itachi-HP-Pavilion-Laptop-15-cc1xx:42789/']
[rosmaster.master][INFO] 2019-11-14 18:07:17,220: publisherUpdate[/clock] -> http://itachi-HP-Pavilion-Laptop-15-cc1xx:44277/ ['http://itachi-HP-Pavilion-Laptop-15-cc1xx:42789/']
[rosmaster.master][INFO] 2019-11-14 18:07:17,221: publisherUpdate[/clock] -> http://itachi-HP-Pavilion-Laptop-15-cc1xx:45299/ ['http://itachi-HP-Pavilion-Laptop-15-cc1xx:42789/']: sec=0.00, result=[1, '', 0]
[rosmaster.master][INFO] 2019-11-14 18:07:17,221: publisherUpdate[/clock] -> http://itachi-HP-Pavilion-Laptop-15-cc1xx:44277/ ['http://itachi-HP-Pavilion-Laptop-15-cc1xx:42789/']: sec=0.00, result=[1, '', 0]
[rosmaster.master][INFO] 2019-11-14 18:07:17,222: publisherUpdate[/clock] -> http://itachi-HP-Pavilion-Laptop-15-cc1xx:38693/ ['http://itachi-HP-Pavilion-Laptop-15-cc1xx:42789/']
[rosmaster.master][INFO] 2019-11-14 18:07:17,222: publisherUpdate[/clock] -> http://itachi-HP-Pavilion-Laptop-15-cc1xx:37357/ ['http://itachi-HP-Pavilion-Laptop-15-cc1xx:42789/']
[rosmaster.master][INFO] 2019-11-14 18:07:17,223: publisherUpdate[/clock] -> http://itachi-HP-Pavilion-Laptop-15-cc1xx:38693/ ['http://itachi-HP-Pavilion-Laptop-15-cc1xx:42789/']: sec=0.00, result=[1, '', 0]
[rosmaster.master][INFO] 2019-11-14 18:07:17,223: publisherUpdate[/clock] -> http://itachi-HP-Pavilion-Laptop-15-cc1xx:37357/ ['http://itachi-HP-Pavilion-Laptop-15-cc1xx:42789/']: sec=0.00, result=[1, '', 0]
[rosmaster.master][INFO] 2019-11-14 18:07:17,223: publisherUpdate[/clock] -> http://itachi-HP-Pavilion-Laptop-15-cc1xx:37657/ ['http://itachi-HP-Pavilion-Laptop-15-cc1xx:42789/']
[rosmaster.master][INFO] 2019-11-14 18:07:17,224: publisherUpdate[/clock] -> http://itachi-HP-Pavilion-Laptop-15-cc1xx:41793/ ['http://itachi-HP-Pavilion-Laptop-15-cc1xx:42789/']
[rosmaster.master][INFO] 2019-11-14 18:07:17,225: publisherUpdate[/clock] -> http://itachi-HP-Pavilion-Laptop-15-cc1xx:37657/ ['http://itachi-HP-Pavilion-Laptop-15-cc1xx:42789/']: sec=0.00, result=[1, '', 0]
[rosmaster.master][INFO] 2019-11-14 18:07:17,225: publisherUpdate[/clock] -> http://itachi-HP-Pavilion-Laptop-15-cc1xx:37525/ ['http://itachi-HP-Pavilion-Laptop-15-cc1xx:42789/']
[rosmaster.master][INFO] 2019-11-14 18:07:17,226: publisherUpdate[/clock] -> http://itachi-HP-Pavilion-Laptop-15-cc1xx:41793/ ['http://itachi-HP-Pavilion-Laptop-15-cc1xx:42789/']: sec=0.00, result=[1, '', 0]
[rosmaster.master][INFO] 2019-11-14 18:07:17,226: publisherUpdate[/clock] -> http://itachi-HP-Pavilion-Laptop-15-cc1xx:42789/ ['http://itachi-HP-Pavilion-Laptop-15-cc1xx:42789/']
[rosmaster.master][INFO] 2019-11-14 18:07:17,227: publisherUpdate[/clock] -> http://itachi-HP-Pavilion-Laptop-15-cc1xx:37525/ ['http://itachi-HP-Pavilion-Laptop-15-cc1xx:42789/']: sec=0.00, result=[1, '', 0]
[rosmaster.master][INFO] 2019-11-14 18:07:17,229: publisherUpdate[/clock] -> http://itachi-HP-Pavilion-Laptop-15-cc1xx:42789/ ['http://itachi-HP-Pavilion-Laptop-15-cc1xx:42789/']: sec=0.00, result=[1, '', 0]
[rosmaster.master][INFO] 2019-11-14 18:07:17,229: publisherUpdate[/clock] -> http://itachi-HP-Pavilion-Laptop-15-cc1xx:39961/ ['http://itachi-HP-Pavilion-Laptop-15-cc1xx:42789/']
[rosmaster.master][INFO] 2019-11-14 18:07:17,231: publisherUpdate[/clock] -> http://itachi-HP-Pavilion-Laptop-15-cc1xx:39961/ ['http://itachi-HP-Pavilion-Laptop-15-cc1xx:42789/']: sec=0.00, result=[1, '', 0]
[rosmaster.master][INFO] 2019-11-14 18:07:17,567: +SERVICE [/gazebo/overhead_cam/set_camera_info] /gazebo http://itachi-HP-Pavilion-Laptop-15-cc1xx:42789/
[rosmaster.master][INFO] 2019-11-14 18:07:17,571: +SERVICE [/gazebo/overhead_cam/set_parameters] /gazebo http://itachi-HP-Pavilion-Laptop-15-cc1xx:42789/
[rosmaster.master][INFO] 2019-11-14 18:07:17,572: +PUB [/gazebo/overhead_cam/parameter_descriptions] /gazebo http://itachi-HP-Pavilion-Laptop-15-cc1xx:42789/
[rosmaster.master][INFO] 2019-11-14 18:07:17,574: +PUB [/gazebo/overhead_cam/parameter_updates] /gazebo http://itachi-HP-Pavilion-Laptop-15-cc1xx:42789/
[rosmaster.master][INFO] 2019-11-14 18:07:17,576: +PARAM [/gazebo/overhead_cam/imager_rate] by /gazebo
[rosmaster.master][INFO] 2019-11-14 18:07:17,577: +PARAM [/gazebo/overhead_cam/imager_rate] by /gazebo
[rosmaster.master][INFO] 2019-11-14 18:07:17,588: +PUB [/tf] /gazebo http://itachi-HP-Pavilion-Laptop-15-cc1xx:42789/
[rosmaster.master][INFO] 2019-11-14 18:07:17,637: +PUB [/gazebo/overhead_cam/image_rect_color/compressedDepth] /gazebo http://itachi-HP-Pavilion-Laptop-15-cc1xx:42789/
[rosmaster.master][INFO] 2019-11-14 18:07:17,638: +SERVICE [/gazebo/overhead_cam/image_rect_color/compressedDepth/set_parameters] /gazebo http://itachi-HP-Pavilion-Laptop-15-cc1xx:42789/
[rosmaster.master][INFO] 2019-11-14 18:07:17,639: +PUB [/gazebo/overhead_cam/image_rect_color/compressedDepth/parameter_descriptions] /gazebo http://itachi-HP-Pavilion-Laptop-15-cc1xx:42789/
[rosmaster.master][INFO] 2019-11-14 18:07:17,641: +PUB [/gazebo/overhead_cam/image_rect_color/compressedDepth/parameter_updates] /gazebo http://itachi-HP-Pavilion-Laptop-15-cc1xx:42789/
[rosmaster.master][INFO] 2019-11-14 18:07:17,644: +PARAM [/gazebo/overhead_cam/image_rect_color/compressedDepth/depth_max] by /gazebo
[rosmaster.master][INFO] 2019-11-14 18:07:17,645: +PARAM [/gazebo/overhead_cam/image_rect_color/compressedDepth/depth_quantization] by /gazebo
[rosmaster.master][INFO] 2019-11-14 18:07:17,646: +PARAM [/gazebo/overhead_cam/image_rect_color/compressedDepth/png_level] by /gazebo
[rosmaster.master][INFO] 2019-11-14 18:07:17,646: +PARAM [/gazebo/overhead_cam/image_rect_color/compressedDepth/depth_max] by /gazebo
[rosmaster.master][INFO] 2019-11-14 18:07:17,647: +PARAM [/gazebo/overhead_cam/image_rect_color/compressedDepth/depth_quantization] by /gazebo
[rosmaster.master][INFO] 2019-11-14 18:07:17,648: +PARAM [/gazebo/overhead_cam/image_rect_color/compressedDepth/png_level] by /gazebo
[rosmaster.master][INFO] 2019-11-14 18:07:17,652: +PUB [/gazebo/overhead_cam/image_rect_color/compressed] /gazebo http://itachi-HP-Pavilion-Laptop-15-cc1xx:42789/
[rosmaster.master][INFO] 2019-11-14 18:07:17,653: +SERVICE [/gazebo/overhead_cam/image_rect_color/compressed/set_parameters] /gazebo http://itachi-HP-Pavilion-Laptop-15-cc1xx:42789/
[rosmaster.master][INFO] 2019-11-14 18:07:17,654: +PUB [/gazebo/overhead_cam/image_rect_color/compressed/parameter_descriptions] /gazebo http://itachi-HP-Pavilion-Laptop-15-cc1xx:42789/
[rosmaster.master][INFO] 2019-11-14 18:07:17,655: +PUB [/gazebo/overhead_cam/image_rect_color/compressed/parameter_updates] /gazebo http://itachi-HP-Pavilion-Laptop-15-cc1xx:42789/
[rosmaster.master][INFO] 2019-11-14 18:07:17,658: +PARAM [/gazebo/overhead_cam/image_rect_color/compressed/format] by /gazebo
[rosmaster.master][INFO] 2019-11-14 18:07:17,658: +PARAM [/gazebo/overhead_cam/image_rect_color/compressed/jpeg_quality] by /gazebo
[rosmaster.master][INFO] 2019-11-14 18:07:17,659: +PARAM [/gazebo/overhead_cam/image_rect_color/compressed/png_level] by /gazebo
[rosmaster.master][INFO] 2019-11-14 18:07:17,660: +PARAM [/gazebo/overhead_cam/image_rect_color/compressed/format] by /gazebo
[rosmaster.master][INFO] 2019-11-14 18:07:17,661: +PARAM [/gazebo/overhead_cam/image_rect_color/compressed/jpeg_quality] by /gazebo
[rosmaster.master][INFO] 2019-11-14 18:07:17,661: +PARAM [/gazebo/overhead_cam/image_rect_color/compressed/png_level] by /gazebo
[rosmaster.master][INFO] 2019-11-14 18:07:17,665: +PUB [/gazebo/overhead_cam/image_rect_color] /gazebo http://itachi-HP-Pavilion-Laptop-15-cc1xx:42789/
[rosmaster.master][INFO] 2019-11-14 18:07:17,668: +PUB [/gazebo/overhead_cam/image_rect_color/theora] /gazebo http://itachi-HP-Pavilion-Laptop-15-cc1xx:42789/
[rosmaster.master][INFO] 2019-11-14 18:07:17,669: +SERVICE [/gazebo/overhead_cam/image_rect_color/theora/set_parameters] /gazebo http://itachi-HP-Pavilion-Laptop-15-cc1xx:42789/
[rosmaster.master][INFO] 2019-11-14 18:07:17,670: +PUB [/gazebo/overhead_cam/image_rect_color/theora/parameter_descriptions] /gazebo http://itachi-HP-Pavilion-Laptop-15-cc1xx:42789/
[rosmaster.master][INFO] 2019-11-14 18:07:17,671: +PUB [/gazebo/overhead_cam/image_rect_color/theora/parameter_updates] /gazebo http://itachi-HP-Pavilion-Laptop-15-cc1xx:42789/
[rosmaster.master][INFO] 2019-11-14 18:07:17,674: +PARAM [/gazebo/overhead_cam/image_rect_color/theora/optimize_for] by /gazebo
[rosmaster.master][INFO] 2019-11-14 18:07:17,675: +PARAM [/gazebo/overhead_cam/image_rect_color/theora/target_bitrate] by /gazebo
[rosmaster.master][INFO] 2019-11-14 18:07:17,676: +PARAM [/gazebo/overhead_cam/image_rect_color/theora/quality] by /gazebo
[rosmaster.master][INFO] 2019-11-14 18:07:17,677: +PARAM [/gazebo/overhead_cam/image_rect_color/theora/keyframe_frequency] by /gazebo
[rosmaster.master][INFO] 2019-11-14 18:07:17,678: +PARAM [/gazebo/overhead_cam/image_rect_color/theora/optimize_for] by /gazebo
[rosmaster.master][INFO] 2019-11-14 18:07:17,679: +PARAM [/gazebo/overhead_cam/image_rect_color/theora/target_bitrate] by /gazebo
[rosmaster.master][INFO] 2019-11-14 18:07:17,680: +PARAM [/gazebo/overhead_cam/image_rect_color/theora/quality] by /gazebo
[rosmaster.master][INFO] 2019-11-14 18:07:17,681: +PARAM [/gazebo/overhead_cam/image_rect_color/theora/keyframe_frequency] by /gazebo
[rosmaster.master][INFO] 2019-11-14 18:07:17,683: +PUB [/gazebo/overhead_cam/camera_info] /gazebo http://itachi-HP-Pavilion-Laptop-15-cc1xx:42789/
[rosmaster.master][INFO] 2019-11-14 18:07:17,718: -SUB [/clock] /edrone/spawn_edrone http://itachi-HP-Pavilion-Laptop-15-cc1xx:41793/
[rosmaster.master][INFO] 2019-11-14 18:07:17,719: -PUB [/rosout] /edrone/spawn_edrone http://itachi-HP-Pavilion-Laptop-15-cc1xx:41793/
[rosmaster.master][INFO] 2019-11-14 18:07:17,719: -SERVICE [/edrone/spawn_edrone/set_logger_level] /edrone/spawn_edrone rosrpc://itachi-HP-Pavilion-Laptop-15-cc1xx:33781
[rosmaster.master][INFO] 2019-11-14 18:07:17,719: -SERVICE [/edrone/spawn_edrone/get_loggers] /edrone/spawn_edrone rosrpc://itachi-HP-Pavilion-Laptop-15-cc1xx:33781
[rosmaster.master][INFO] 2019-11-14 18:07:17,730: publisherUpdate[/gazebo/overhead_cam/image_rect_color] -> http://itachi-HP-Pavilion-Laptop-15-cc1xx:38693/ ['http://itachi-HP-Pavilion-Laptop-15-cc1xx:42789/']
[rosmaster.master][INFO] 2019-11-14 18:07:17,732: publisherUpdate[/gazebo/overhead_cam/image_rect_color] -> http://itachi-HP-Pavilion-Laptop-15-cc1xx:38693/ ['http://itachi-HP-Pavilion-Laptop-15-cc1xx:42789/']: sec=0.00, result=[1, '', 0]
[rosmaster.master][INFO] 2019-11-14 18:07:17,732: publisherUpdate[/rosout] -> http://itachi-HP-Pavilion-Laptop-15-cc1xx:33995/ ['http://itachi-HP-Pavilion-Laptop-15-cc1xx:45299/', 'http://itachi-HP-Pavilion-Laptop-15-cc1xx:44277/', 'http://itachi-HP-Pavilion-Laptop-15-cc1xx:38693/', 'http://itachi-HP-Pavilion-Laptop-15-cc1xx:37357/', 'http://itachi-HP-Pavilion-Laptop-15-cc1xx:37657/', 'http://itachi-HP-Pavilion-Laptop-15-cc1xx:37525/', 'http://itachi-HP-Pavilion-Laptop-15-cc1xx:42789/', 'http://itachi-HP-Pavilion-Laptop-15-cc1xx:39961/']
[rosmaster.master][INFO] 2019-11-14 18:07:17,732: publisherUpdate[/gazebo/overhead_cam/camera_info] -> http://itachi-HP-Pavilion-Laptop-15-cc1xx:38693/ ['http://itachi-HP-Pavilion-Laptop-15-cc1xx:42789/']
[rosmaster.master][INFO] 2019-11-14 18:07:17,733: publisherUpdate[/rosout] -> http://itachi-HP-Pavilion-Laptop-15-cc1xx:33995/ ['http://itachi-HP-Pavilion-Laptop-15-cc1xx:45299/', 'http://itachi-HP-Pavilion-Laptop-15-cc1xx:44277/', 'http://itachi-HP-Pavilion-Laptop-15-cc1xx:38693/', 'http://itachi-HP-Pavilion-Laptop-15-cc1xx:37357/', 'http://itachi-HP-Pavilion-Laptop-15-cc1xx:37657/', 'http://itachi-HP-Pavilion-Laptop-15-cc1xx:37525/', 'http://itachi-HP-Pavilion-Laptop-15-cc1xx:42789/', 'http://itachi-HP-Pavilion-Laptop-15-cc1xx:39961/']: sec=0.00, result=[1, '', 0]
[rosmaster.master][INFO] 2019-11-14 18:07:17,733: publisherUpdate[/gazebo/overhead_cam/camera_info] -> http://itachi-HP-Pavilion-Laptop-15-cc1xx:38693/ ['http://itachi-HP-Pavilion-Laptop-15-cc1xx:42789/']: sec=0.00, result=[1, '', 0]
[rosmaster.master][INFO] 2019-11-14 18:07:17,765: +PUB [/edrone/motor_speed] /gazebo http://itachi-HP-Pavilion-Laptop-15-cc1xx:42789/
[rosmaster.master][INFO] 2019-11-14 18:07:17,769: +PUB [/edrone/joint_states] /gazebo http://itachi-HP-Pavilion-Laptop-15-cc1xx:42789/
[rosmaster.master][INFO] 2019-11-14 18:07:17,772: +PUB [/edrone/motor_speed/0] /gazebo http://itachi-HP-Pavilion-Laptop-15-cc1xx:42789/
[rosmaster.master][INFO] 2019-11-14 18:07:17,783: +SUB [/edrone/gazebo/command/motor_speed] /gazebo http://itachi-HP-Pavilion-Laptop-15-cc1xx:42789/
[rosmaster.master][INFO] 2019-11-14 18:07:17,789: +SUB [/edrone/wind_speed] /gazebo http://itachi-HP-Pavilion-Laptop-15-cc1xx:42789/
[rosmaster.master][INFO] 2019-11-14 18:07:17,790: +PUB [/edrone/motor_speed/1] /gazebo http://itachi-HP-Pavilion-Laptop-15-cc1xx:42789/
[rosmaster.master][INFO] 2019-11-14 18:07:17,800: +PUB [/edrone/motor_speed/2] /gazebo http://itachi-HP-Pavilion-Laptop-15-cc1xx:42789/
[rosmaster.master][INFO] 2019-11-14 18:07:17,807: +PUB [/edrone/motor_speed/3] /gazebo http://itachi-HP-Pavilion-Laptop-15-cc1xx:42789/
[rosmaster.master][INFO] 2019-11-14 18:07:17,821: +PUB [/edrone/gazebo/command/motor_speed] /gazebo http://itachi-HP-Pavilion-Laptop-15-cc1xx:42789/
[rosmaster.master][INFO] 2019-11-14 18:07:17,822: +PUB [/edrone/imu] /gazebo http://itachi-HP-Pavilion-Laptop-15-cc1xx:42789/
[rosmaster.master][INFO] 2019-11-14 18:07:17,824: +PUB [/edrone/ground_truth/imu] /gazebo http://itachi-HP-Pavilion-Laptop-15-cc1xx:42789/
[rosmaster.master][INFO] 2019-11-14 18:07:17,827: +PUB [/edrone/ground_truth/pose] /gazebo http://itachi-HP-Pavilion-Laptop-15-cc1xx:42789/
[rosmaster.master][INFO] 2019-11-14 18:07:17,831: +PUB [/edrone/ground_truth/pose_with_covariance] /gazebo http://itachi-HP-Pavilion-Laptop-15-cc1xx:42789/
[rosmaster.master][INFO] 2019-11-14 18:07:17,833: publisherUpdate[/edrone/joint_states] -> http://itachi-HP-Pavilion-Laptop-15-cc1xx:44277/ ['http://itachi-HP-Pavilion-Laptop-15-cc1xx:37525/', 'http://itachi-HP-Pavilion-Laptop-15-cc1xx:42789/']
[rosmaster.master][INFO] 2019-11-14 18:07:17,834: publisherUpdate[/edrone/gazebo/command/motor_speed] -> http://itachi-HP-Pavilion-Laptop-15-cc1xx:42789/ ['http://itachi-HP-Pavilion-Laptop-15-cc1xx:42789/']
[rosmaster.master][INFO] 2019-11-14 18:07:17,835: publisherUpdate[/edrone/joint_states] -> http://itachi-HP-Pavilion-Laptop-15-cc1xx:44277/ ['http://itachi-HP-Pavilion-Laptop-15-cc1xx:37525/', 'http://itachi-HP-Pavilion-Laptop-15-cc1xx:42789/']: sec=0.00, result=[1, '', 0]
[rosmaster.master][INFO] 2019-11-14 18:07:17,835: +PUB [/edrone/ground_truth/position] /gazebo http://itachi-HP-Pavilion-Laptop-15-cc1xx:42789/
[rosmaster.master][INFO] 2019-11-14 18:07:17,836: publisherUpdate[/edrone/gazebo/command/motor_speed] -> http://itachi-HP-Pavilion-Laptop-15-cc1xx:42789/ ['http://itachi-HP-Pavilion-Laptop-15-cc1xx:42789/']: sec=0.00, result=[1, '', 0]
[rosmaster.master][INFO] 2019-11-14 18:07:17,839: +PUB [/edrone/ground_truth/odometry] /gazebo http://itachi-HP-Pavilion-Laptop-15-cc1xx:42789/
[rosmaster.master][INFO] 2019-11-14 18:07:17,843: +PUB [/edrone/ground_truth/transform] /gazebo http://itachi-HP-Pavilion-Laptop-15-cc1xx:42789/
[rosmaster.master][INFO] 2019-11-14 18:07:17,850: +SUB [/edrone/command/motor_speed] /gazebo http://itachi-HP-Pavilion-Laptop-15-cc1xx:42789/
[rosmaster.master][INFO] 2019-11-14 18:07:17,853: +PUB [/edrone/odometry_sensor1/pose] /gazebo http://itachi-HP-Pavilion-Laptop-15-cc1xx:42789/
[rosmaster.master][INFO] 2019-11-14 18:07:17,854: +PUB [/edrone/odometry_sensor1/pose_with_covariance] /gazebo http://itachi-HP-Pavilion-Laptop-15-cc1xx:42789/
[rosmaster.master][INFO] 2019-11-14 18:07:17,856: +PUB [/edrone/odometry_sensor1/position] /gazebo http://itachi-HP-Pavilion-Laptop-15-cc1xx:42789/
[rosmaster.master][INFO] 2019-11-14 18:07:17,858: +PUB [/edrone/odometry_sensor1/odometry] /gazebo http://itachi-HP-Pavilion-Laptop-15-cc1xx:42789/
[rosmaster.master][INFO] 2019-11-14 18:07:17,862: +PUB [/edrone/odometry_sensor1/transform] /gazebo http://itachi-HP-Pavilion-Laptop-15-cc1xx:42789/
[rosmaster.master][INFO] 2019-11-14 18:07:17,935: +SERVICE [/gazebo_gui/set_parameters] /gazebo_gui http://itachi-HP-Pavilion-Laptop-15-cc1xx:39961/
[rosmaster.master][INFO] 2019-11-14 18:07:17,936: publisherUpdate[/edrone/odometry_sensor1/odometry] -> http://itachi-HP-Pavilion-Laptop-15-cc1xx:37657/ ['http://itachi-HP-Pavilion-Laptop-15-cc1xx:42789/']
[rosmaster.master][INFO] 2019-11-14 18:07:17,936: +SERVICE [/gazebo/set_parameters] /gazebo http://itachi-HP-Pavilion-Laptop-15-cc1xx:42789/
[rosmaster.master][INFO] 2019-11-14 18:07:17,938: publisherUpdate[/edrone/odometry_sensor1/odometry] -> http://itachi-HP-Pavilion-Laptop-15-cc1xx:37657/ ['http://itachi-HP-Pavilion-Laptop-15-cc1xx:42789/']: sec=0.00, result=[1, '', 0]
[rosmaster.master][INFO] 2019-11-14 18:07:17,939: +PUB [/gazebo_gui/parameter_descriptions] /gazebo_gui http://itachi-HP-Pavilion-Laptop-15-cc1xx:39961/
[rosmaster.master][INFO] 2019-11-14 18:07:17,940: +PUB [/gazebo/parameter_descriptions] /gazebo http://itachi-HP-Pavilion-Laptop-15-cc1xx:42789/
[rosmaster.master][INFO] 2019-11-14 18:07:17,941: +PUB [/gazebo/parameter_updates] /gazebo http://itachi-HP-Pavilion-Laptop-15-cc1xx:42789/
[rosmaster.master][INFO] 2019-11-14 18:07:17,942: +PUB [/gazebo_gui/parameter_updates] /gazebo_gui http://itachi-HP-Pavilion-Laptop-15-cc1xx:39961/
[rosmaster.master][INFO] 2019-11-14 18:07:17,972: +PARAM [/gazebo_gui/time_step] by /gazebo_gui
[rosmaster.master][INFO] 2019-11-14 18:07:17,974: +PARAM [/gazebo_gui/max_update_rate] by /gazebo_gui
[rosmaster.master][INFO] 2019-11-14 18:07:17,974: +PARAM [/gazebo/time_step] by /gazebo
[rosmaster.master][INFO] 2019-11-14 18:07:17,976: +PARAM [/gazebo_gui/gravity_x] by /gazebo_gui
[rosmaster.master][INFO] 2019-11-14 18:07:17,977: +PARAM [/gazebo/max_update_rate] by /gazebo
[rosmaster.master][INFO] 2019-11-14 18:07:17,977: +PARAM [/gazebo_gui/gravity_y] by /gazebo_gui
[rosmaster.master][INFO] 2019-11-14 18:07:17,978: +PARAM [/gazebo/gravity_x] by /gazebo
[rosmaster.master][INFO] 2019-11-14 18:07:17,979: +PARAM [/gazebo_gui/gravity_z] by /gazebo_gui
[rosmaster.master][INFO] 2019-11-14 18:07:17,980: +PARAM [/gazebo/gravity_y] by /gazebo
[rosmaster.master][INFO] 2019-11-14 18:07:17,981: +PARAM [/gazebo_gui/auto_disable_bodies] by /gazebo_gui
[rosmaster.master][INFO] 2019-11-14 18:07:17,982: +PARAM [/gazebo/gravity_z] by /gazebo
[rosmaster.master][INFO] 2019-11-14 18:07:17,983: +PARAM [/gazebo_gui/sor_pgs_precon_iters] by /gazebo_gui
[rosmaster.master][INFO] 2019-11-14 18:07:17,983: +PARAM [/gazebo/auto_disable_bodies] by /gazebo
[rosmaster.master][INFO] 2019-11-14 18:07:17,984: +PARAM [/gazebo_gui/sor_pgs_iters] by /gazebo_gui
[rosmaster.master][INFO] 2019-11-14 18:07:17,985: +PARAM [/gazebo/sor_pgs_precon_iters] by /gazebo
[rosmaster.master][INFO] 2019-11-14 18:07:17,986: +PARAM [/gazebo_gui/sor_pgs_w] by /gazebo_gui
[rosmaster.master][INFO] 2019-11-14 18:07:17,987: +PARAM [/gazebo/sor_pgs_iters] by /gazebo
[rosmaster.master][INFO] 2019-11-14 18:07:17,988: +PARAM [/gazebo_gui/sor_pgs_rms_error_tol] by /gazebo_gui
[rosmaster.master][INFO] 2019-11-14 18:07:17,988: +PARAM [/gazebo/sor_pgs_w] by /gazebo
[rosmaster.master][INFO] 2019-11-14 18:07:17,990: +PARAM [/gazebo_gui/cfm] by /gazebo_gui
[rosmaster.master][INFO] 2019-11-14 18:07:17,991: +PARAM [/gazebo/sor_pgs_rms_error_tol] by /gazebo
[rosmaster.master][INFO] 2019-11-14 18:07:17,992: +PARAM [/gazebo_gui/erp] by /gazebo_gui
[rosmaster.master][INFO] 2019-11-14 18:07:17,993: +PARAM [/gazebo/cfm] by /gazebo
[rosmaster.master][INFO] 2019-11-14 18:07:17,994: +PARAM [/gazebo_gui/contact_surface_layer] by /gazebo_gui
[rosmaster.master][INFO] 2019-11-14 18:07:17,995: +PARAM [/gazebo/erp] by /gazebo
[rosmaster.master][INFO] 2019-11-14 18:07:17,996: +PARAM [/gazebo_gui/contact_max_correcting_vel] by /gazebo_gui
[rosmaster.master][INFO] 2019-11-14 18:07:17,996: +PARAM [/gazebo_gui/max_contacts] by /gazebo_gui
[rosmaster.master][INFO] 2019-11-14 18:07:17,999: +PARAM [/gazebo_gui/time_step] by /gazebo_gui
[rosmaster.master][INFO] 2019-11-14 18:07:18,000: +PARAM [/gazebo/contact_surface_layer] by /gazebo
[rosmaster.master][INFO] 2019-11-14 18:07:18,001: +PARAM [/gazebo_gui/max_update_rate] by /gazebo_gui
[rosmaster.master][INFO] 2019-11-14 18:07:18,001: +PARAM [/gazebo_gui/gravity_x] by /gazebo_gui
[rosmaster.master][INFO] 2019-11-14 18:07:18,002: +PARAM [/gazebo/contact_max_correcting_vel] by /gazebo
[rosmaster.master][INFO] 2019-11-14 18:07:18,003: +PARAM [/gazebo_gui/gravity_y] by /gazebo_gui
[rosmaster.master][INFO] 2019-11-14 18:07:18,004: +PARAM [/gazebo/max_contacts] by /gazebo
[rosmaster.master][INFO] 2019-11-14 18:07:18,005: +PARAM [/gazebo_gui/gravity_z] by /gazebo_gui
[rosmaster.master][INFO] 2019-11-14 18:07:18,009: +PARAM [/gazebo_gui/auto_disable_bodies] by /gazebo_gui
[rosmaster.master][INFO] 2019-11-14 18:07:18,010: +PARAM [/gazebo_gui/sor_pgs_precon_iters] by /gazebo_gui
[rosmaster.master][INFO] 2019-11-14 18:07:18,012: +PARAM [/gazebo/time_step] by /gazebo
[rosmaster.master][INFO] 2019-11-14 18:07:18,013: +PARAM [/gazebo_gui/sor_pgs_iters] by /gazebo_gui
[rosmaster.master][INFO] 2019-11-14 18:07:18,014: +PARAM [/gazebo/max_update_rate] by /gazebo
[rosmaster.master][INFO] 2019-11-14 18:07:18,015: +PARAM [/gazebo_gui/sor_pgs_w] by /gazebo_gui
[rosmaster.master][INFO] 2019-11-14 18:07:18,016: +PARAM [/gazebo/gravity_x] by /gazebo
[rosmaster.master][INFO] 2019-11-14 18:07:18,018: +PARAM [/gazebo_gui/sor_pgs_rms_error_tol] by /gazebo_gui
[rosmaster.master][INFO] 2019-11-14 18:07:18,019: +PARAM [/gazebo/gravity_y] by /gazebo
[rosmaster.master][INFO] 2019-11-14 18:07:18,021: +PARAM [/gazebo_gui/cfm] by /gazebo_gui
[rosmaster.master][INFO] 2019-11-14 18:07:18,021: +PARAM [/gazebo/gravity_z] by /gazebo
[rosmaster.master][INFO] 2019-11-14 18:07:18,022: +PARAM [/gazebo_gui/erp] by /gazebo_gui
[rosmaster.master][INFO] 2019-11-14 18:07:18,023: +PARAM [/gazebo/auto_disable_bodies] by /gazebo
[rosmaster.master][INFO] 2019-11-14 18:07:18,024: +PARAM [/gazebo_gui/contact_surface_layer] by /gazebo_gui
[rosmaster.master][INFO] 2019-11-14 18:07:18,025: +PARAM [/gazebo/sor_pgs_precon_iters] by /gazebo
[rosmaster.master][INFO] 2019-11-14 18:07:18,026: +PARAM [/gazebo_gui/contact_max_correcting_vel] by /gazebo_gui
[rosmaster.master][INFO] 2019-11-14 18:07:18,027: +PARAM [/gazebo/sor_pgs_iters] by /gazebo
[rosmaster.master][INFO] 2019-11-14 18:07:18,028: +PARAM [/gazebo_gui/max_contacts] by /gazebo_gui
[rosmaster.master][INFO] 2019-11-14 18:07:18,029: +PARAM [/gazebo/sor_pgs_w] by /gazebo
[rosmaster.master][INFO] 2019-11-14 18:07:18,030: +PARAM [/gazebo/sor_pgs_rms_error_tol] by /gazebo
[rosmaster.master][INFO] 2019-11-14 18:07:18,031: +PARAM [/gazebo/cfm] by /gazebo
[rosmaster.master][INFO] 2019-11-14 18:07:18,032: +PARAM [/gazebo/erp] by /gazebo
[rosmaster.master][INFO] 2019-11-14 18:07:18,033: +PARAM [/gazebo/contact_surface_layer] by /gazebo
[rosmaster.master][INFO] 2019-11-14 18:07:18,034: +PARAM [/gazebo/contact_max_correcting_vel] by /gazebo
[rosmaster.master][INFO] 2019-11-14 18:07:18,036: +PARAM [/gazebo/max_contacts] by /gazebo
[rosmaster.master][INFO] 2019-11-14 18:07:50,651: +PUB [/rosout] /drone_control http://itachi-HP-Pavilion-Laptop-15-cc1xx:44399/
[rosmaster.master][INFO] 2019-11-14 18:07:50,655: +SUB [/clock] /drone_control http://itachi-HP-Pavilion-Laptop-15-cc1xx:44399/
[rosmaster.master][INFO] 2019-11-14 18:07:50,657: +SERVICE [/drone_control/get_loggers] /drone_control http://itachi-HP-Pavilion-Laptop-15-cc1xx:44399/
[rosmaster.master][INFO] 2019-11-14 18:07:50,659: +SERVICE [/drone_control/set_logger_level] /drone_control http://itachi-HP-Pavilion-Laptop-15-cc1xx:44399/
[rosmaster.master][INFO] 2019-11-14 18:07:50,660: +PUB [/drone_command] /drone_control http://itachi-HP-Pavilion-Laptop-15-cc1xx:44399/
[rosmaster.master][INFO] 2019-11-14 18:07:50,661: +PUB [/alt_error] /drone_control http://itachi-HP-Pavilion-Laptop-15-cc1xx:44399/
[rosmaster.master][INFO] 2019-11-14 18:07:50,662: +PUB [/pitch_error] /drone_control http://itachi-HP-Pavilion-Laptop-15-cc1xx:44399/
[rosmaster.master][INFO] 2019-11-14 18:07:50,663: +PUB [/roll_error] /drone_control http://itachi-HP-Pavilion-Laptop-15-cc1xx:44399/
[rosmaster.master][INFO] 2019-11-14 18:07:50,665: +SUB [/whycon/poses] /drone_control http://itachi-HP-Pavilion-Laptop-15-cc1xx:44399/
[rosmaster.master][INFO] 2019-11-14 18:07:50,668: +SUB [/pid_tuning_altitude] /drone_control http://itachi-HP-Pavilion-Laptop-15-cc1xx:44399/
[rosmaster.master][INFO] 2019-11-14 18:07:50,672: +SUB [/pid_tuning_pitch] /drone_control http://itachi-HP-Pavilion-Laptop-15-cc1xx:44399/
[rosmaster.master][INFO] 2019-11-14 18:07:50,674: +SUB [/pid_tuning_roll] /drone_control http://itachi-HP-Pavilion-Laptop-15-cc1xx:44399/
[rosmaster.master][INFO] 2019-11-14 18:07:50,689: publisherUpdate[/rosout] -> http://itachi-HP-Pavilion-Laptop-15-cc1xx:33995/ ['http://itachi-HP-Pavilion-Laptop-15-cc1xx:45299/', 'http://itachi-HP-Pavilion-Laptop-15-cc1xx:44277/', 'http://itachi-HP-Pavilion-Laptop-15-cc1xx:38693/', 'http://itachi-HP-Pavilion-Laptop-15-cc1xx:37357/', 'http://itachi-HP-Pavilion-Laptop-15-cc1xx:37657/', 'http://itachi-HP-Pavilion-Laptop-15-cc1xx:37525/', 'http://itachi-HP-Pavilion-Laptop-15-cc1xx:42789/', 'http://itachi-HP-Pavilion-Laptop-15-cc1xx:39961/', 'http://itachi-HP-Pavilion-Laptop-15-cc1xx:44399/']
[rosmaster.master][INFO] 2019-11-14 18:07:50,690: publisherUpdate[/rosout] -> http://itachi-HP-Pavilion-Laptop-15-cc1xx:33995/ ['http://itachi-HP-Pavilion-Laptop-15-cc1xx:45299/', 'http://itachi-HP-Pavilion-Laptop-15-cc1xx:44277/', 'http://itachi-HP-Pavilion-Laptop-15-cc1xx:38693/', 'http://itachi-HP-Pavilion-Laptop-15-cc1xx:37357/', 'http://itachi-HP-Pavilion-Laptop-15-cc1xx:37657/', 'http://itachi-HP-Pavilion-Laptop-15-cc1xx:37525/', 'http://itachi-HP-Pavilion-Laptop-15-cc1xx:42789/', 'http://itachi-HP-Pavilion-Laptop-15-cc1xx:39961/', 'http://itachi-HP-Pavilion-Laptop-15-cc1xx:44399/']: sec=0.00, result=[1, '', 0]
[rosmaster.master][INFO] 2019-11-14 18:07:50,690: publisherUpdate[/drone_command] -> http://itachi-HP-Pavilion-Laptop-15-cc1xx:45299/ ['http://itachi-HP-Pavilion-Laptop-15-cc1xx:44399/']
[rosmaster.master][INFO] 2019-11-14 18:07:50,690: publisherUpdate[/drone_command] -> http://itachi-HP-Pavilion-Laptop-15-cc1xx:45299/ ['http://itachi-HP-Pavilion-Laptop-15-cc1xx:44399/']: sec=0.00, result=[1, '', 0]
[rosmaster.master][INFO] 2019-11-14 18:08:01,948: +PARAM [/roslaunch/uris/host_itachi_hp_pavilion_laptop_15_cc1xx__42967] by /roslaunch
[rosmaster.master][INFO] 2019-11-14 18:08:01,952: +PARAM [/rosdistro] by /roslaunch
[rosmaster.master][INFO] 2019-11-14 18:08:01,952: +PARAM [/tune_pid_drone/ppid_ui_enable] by /roslaunch
[rosmaster.master][INFO] 2019-11-14 18:08:01,952: +PARAM [/tune_pid_drone/ypid_ui_enable] by /roslaunch
[rosmaster.master][INFO] 2019-11-14 18:08:01,952: +PARAM [/rosversion] by /roslaunch
[rosmaster.master][INFO] 2019-11-14 18:08:01,952: +PARAM [/tune_pid_drone/rpid_ui_enable] by /roslaunch
[rosmaster.master][INFO] 2019-11-14 18:08:01,953: +PARAM [/tune_pid_drone/tpid_ui_enable] by /roslaunch
[rosmaster.master][INFO] 2019-11-14 18:08:02,387: +PUB [/rosout] /tune_pid_drone http://itachi-HP-Pavilion-Laptop-15-cc1xx:41797/
[rosmaster.master][INFO] 2019-11-14 18:08:02,391: +SUB [/clock] /tune_pid_drone http://itachi-HP-Pavilion-Laptop-15-cc1xx:41797/
[rosmaster.master][INFO] 2019-11-14 18:08:02,392: +SERVICE [/tune_pid_drone/get_loggers] /tune_pid_drone http://itachi-HP-Pavilion-Laptop-15-cc1xx:41797/
[rosmaster.master][INFO] 2019-11-14 18:08:02,394: +SERVICE [/tune_pid_drone/set_logger_level] /tune_pid_drone http://itachi-HP-Pavilion-Laptop-15-cc1xx:41797/
[rosmaster.master][INFO] 2019-11-14 18:08:02,398: +PUB [/pid_tuning_pitch] /tune_pid_drone http://itachi-HP-Pavilion-Laptop-15-cc1xx:41797/
[rosmaster.master][INFO] 2019-11-14 18:08:02,406: publisherUpdate[/rosout] -> http://itachi-HP-Pavilion-Laptop-15-cc1xx:33995/ ['http://itachi-HP-Pavilion-Laptop-15-cc1xx:45299/', 'http://itachi-HP-Pavilion-Laptop-15-cc1xx:44277/', 'http://itachi-HP-Pavilion-Laptop-15-cc1xx:38693/', 'http://itachi-HP-Pavilion-Laptop-15-cc1xx:37357/', 'http://itachi-HP-Pavilion-Laptop-15-cc1xx:37657/', 'http://itachi-HP-Pavilion-Laptop-15-cc1xx:37525/', 'http://itachi-HP-Pavilion-Laptop-15-cc1xx:42789/', 'http://itachi-HP-Pavilion-Laptop-15-cc1xx:39961/', 'http://itachi-HP-Pavilion-Laptop-15-cc1xx:44399/', 'http://itachi-HP-Pavilion-Laptop-15-cc1xx:41797/']
[rosmaster.master][INFO] 2019-11-14 18:08:02,408: publisherUpdate[/rosout] -> http://itachi-HP-Pavilion-Laptop-15-cc1xx:33995/ ['http://itachi-HP-Pavilion-Laptop-15-cc1xx:45299/', 'http://itachi-HP-Pavilion-Laptop-15-cc1xx:44277/', 'http://itachi-HP-Pavilion-Laptop-15-cc1xx:38693/', 'http://itachi-HP-Pavilion-Laptop-15-cc1xx:37357/', 'http://itachi-HP-Pavilion-Laptop-15-cc1xx:37657/', 'http://itachi-HP-Pavilion-Laptop-15-cc1xx:37525/', 'http://itachi-HP-Pavilion-Laptop-15-cc1xx:42789/', 'http://itachi-HP-Pavilion-Laptop-15-cc1xx:39961/', 'http://itachi-HP-Pavilion-Laptop-15-cc1xx:44399/', 'http://itachi-HP-Pavilion-Laptop-15-cc1xx:41797/']: sec=0.00, result=[1, '', 0]
[rosmaster.master][INFO] 2019-11-14 18:08:02,408: publisherUpdate[/pid_tuning_pitch] -> http://itachi-HP-Pavilion-Laptop-15-cc1xx:44399/ ['http://itachi-HP-Pavilion-Laptop-15-cc1xx:41797/']
[rosmaster.master][INFO] 2019-11-14 18:08:02,412: publisherUpdate[/pid_tuning_pitch] -> http://itachi-HP-Pavilion-Laptop-15-cc1xx:44399/ ['http://itachi-HP-Pavilion-Laptop-15-cc1xx:41797/']: sec=0.00, result=[1, '', 0]
[rosmaster.master][INFO] 2019-11-14 18:08:02,452: +PUB [/pid_tuning_roll] /tune_pid_drone http://itachi-HP-Pavilion-Laptop-15-cc1xx:41797/
[rosmaster.master][INFO] 2019-11-14 18:08:02,473: +PUB [/pid_tuning_altitude] /tune_pid_drone http://itachi-HP-Pavilion-Laptop-15-cc1xx:41797/
[rosmaster.master][INFO] 2019-11-14 18:08:02,510: publisherUpdate[/pid_tuning_roll] -> http://itachi-HP-Pavilion-Laptop-15-cc1xx:44399/ ['http://itachi-HP-Pavilion-Laptop-15-cc1xx:41797/']
[rosmaster.master][INFO] 2019-11-14 18:08:02,512: publisherUpdate[/pid_tuning_roll] -> http://itachi-HP-Pavilion-Laptop-15-cc1xx:44399/ ['http://itachi-HP-Pavilion-Laptop-15-cc1xx:41797/']: sec=0.00, result=[1, '', 0]
[rosmaster.master][INFO] 2019-11-14 18:08:02,512: publisherUpdate[/pid_tuning_altitude] -> http://itachi-HP-Pavilion-Laptop-15-cc1xx:44399/ ['http://itachi-HP-Pavilion-Laptop-15-cc1xx:41797/']
[rosmaster.master][INFO] 2019-11-14 18:08:02,514: publisherUpdate[/pid_tuning_altitude] -> http://itachi-HP-Pavilion-Laptop-15-cc1xx:44399/ ['http://itachi-HP-Pavilion-Laptop-15-cc1xx:41797/']: sec=0.00, result=[1, '', 0]
[rosmaster.master][INFO] 2019-11-14 18:14:27,556: -SUB [/pid_tuning_pitch] /drone_control http://itachi-HP-Pavilion-Laptop-15-cc1xx:44399/
[rosmaster.master][INFO] 2019-11-14 18:14:27,556: -SUB [/clock] /drone_control http://itachi-HP-Pavilion-Laptop-15-cc1xx:44399/
[rosmaster.master][INFO] 2019-11-14 18:14:27,556: -SUB [/whycon/poses] /drone_control http://itachi-HP-Pavilion-Laptop-15-cc1xx:44399/
[rosmaster.master][INFO] 2019-11-14 18:14:27,556: -SUB [/pid_tuning_roll] /drone_control http://itachi-HP-Pavilion-Laptop-15-cc1xx:44399/
[rosmaster.master][INFO] 2019-11-14 18:14:27,556: -SUB [/pid_tuning_altitude] /drone_control http://itachi-HP-Pavilion-Laptop-15-cc1xx:44399/
[rosmaster.master][INFO] 2019-11-14 18:14:27,556: -PUB [/pitch_error] /drone_control http://itachi-HP-Pavilion-Laptop-15-cc1xx:44399/
[rosmaster.master][INFO] 2019-11-14 18:14:27,557: -PUB [/roll_error] /drone_control http://itachi-HP-Pavilion-Laptop-15-cc1xx:44399/
[rosmaster.master][INFO] 2019-11-14 18:14:27,557: -PUB [/rosout] /drone_control http://itachi-HP-Pavilion-Laptop-15-cc1xx:44399/
[rosmaster.master][INFO] 2019-11-14 18:14:27,557: -PUB [/alt_error] /drone_control http://itachi-HP-Pavilion-Laptop-15-cc1xx:44399/
[rosmaster.master][INFO] 2019-11-14 18:14:27,557: -PUB [/drone_command] /drone_control http://itachi-HP-Pavilion-Laptop-15-cc1xx:44399/
[rosmaster.master][INFO] 2019-11-14 18:14:27,557: -SERVICE [/drone_control/get_loggers] /drone_control rosrpc://itachi-HP-Pavilion-Laptop-15-cc1xx:45003
[rosmaster.master][INFO] 2019-11-14 18:14:27,558: -SERVICE [/drone_control/set_logger_level] /drone_control rosrpc://itachi-HP-Pavilion-Laptop-15-cc1xx:45003
[rosmaster.master][INFO] 2019-11-14 18:14:27,598: publisherUpdate[/rosout] -> http://itachi-HP-Pavilion-Laptop-15-cc1xx:33995/ ['http://itachi-HP-Pavilion-Laptop-15-cc1xx:45299/', 'http://itachi-HP-Pavilion-Laptop-15-cc1xx:44277/', 'http://itachi-HP-Pavilion-Laptop-15-cc1xx:38693/', 'http://itachi-HP-Pavilion-Laptop-15-cc1xx:37357/', 'http://itachi-HP-Pavilion-Laptop-15-cc1xx:37657/', 'http://itachi-HP-Pavilion-Laptop-15-cc1xx:37525/', 'http://itachi-HP-Pavilion-Laptop-15-cc1xx:42789/', 'http://itachi-HP-Pavilion-Laptop-15-cc1xx:39961/', 'http://itachi-HP-Pavilion-Laptop-15-cc1xx:41797/']
[rosmaster.master][INFO] 2019-11-14 18:14:27,598: publisherUpdate[/rosout] -> http://itachi-HP-Pavilion-Laptop-15-cc1xx:33995/ ['http://itachi-HP-Pavilion-Laptop-15-cc1xx:45299/', 'http://itachi-HP-Pavilion-Laptop-15-cc1xx:44277/', 'http://itachi-HP-Pavilion-Laptop-15-cc1xx:38693/', 'http://itachi-HP-Pavilion-Laptop-15-cc1xx:37357/', 'http://itachi-HP-Pavilion-Laptop-15-cc1xx:37657/', 'http://itachi-HP-Pavilion-Laptop-15-cc1xx:37525/', 'http://itachi-HP-Pavilion-Laptop-15-cc1xx:42789/', 'http://itachi-HP-Pavilion-Laptop-15-cc1xx:39961/', 'http://itachi-HP-Pavilion-Laptop-15-cc1xx:41797/']: sec=0.00, result=[1, '', 0]
[rosmaster.master][INFO] 2019-11-14 18:14:27,599: publisherUpdate[/drone_command] -> http://itachi-HP-Pavilion-Laptop-15-cc1xx:45299/ []
[rosmaster.master][INFO] 2019-11-14 18:14:27,599: publisherUpdate[/drone_command] -> http://itachi-HP-Pavilion-Laptop-15-cc1xx:45299/ []: sec=0.00, result=[1, '', 0]
[rosmaster.master][INFO] 2019-11-14 18:14:29,756: -SUB [/clock] /tune_pid_drone http://itachi-HP-Pavilion-Laptop-15-cc1xx:41797/
[rosmaster.master][INFO] 2019-11-14 18:14:29,756: -PUB [/pid_tuning_pitch] /tune_pid_drone http://itachi-HP-Pavilion-Laptop-15-cc1xx:41797/
[rosmaster.master][INFO] 2019-11-14 18:14:29,756: -PUB [/pid_tuning_roll] /tune_pid_drone http://itachi-HP-Pavilion-Laptop-15-cc1xx:41797/
[rosmaster.master][INFO] 2019-11-14 18:14:29,756: -PUB [/rosout] /tune_pid_drone http://itachi-HP-Pavilion-Laptop-15-cc1xx:41797/
[rosmaster.master][INFO] 2019-11-14 18:14:29,756: -PUB [/pid_tuning_altitude] /tune_pid_drone http://itachi-HP-Pavilion-Laptop-15-cc1xx:41797/
[rosmaster.master][INFO] 2019-11-14 18:14:29,756: -SERVICE [/tune_pid_drone/get_loggers] /tune_pid_drone rosrpc://itachi-HP-Pavilion-Laptop-15-cc1xx:38701
[rosmaster.master][INFO] 2019-11-14 18:14:29,756: -SERVICE [/tune_pid_drone/set_logger_level] /tune_pid_drone rosrpc://itachi-HP-Pavilion-Laptop-15-cc1xx:38701
[rosmaster.master][INFO] 2019-11-14 18:14:29,803: publisherUpdate[/rosout] -> http://itachi-HP-Pavilion-Laptop-15-cc1xx:33995/ ['http://itachi-HP-Pavilion-Laptop-15-cc1xx:45299/', 'http://itachi-HP-Pavilion-Laptop-15-cc1xx:44277/', 'http://itachi-HP-Pavilion-Laptop-15-cc1xx:38693/', 'http://itachi-HP-Pavilion-Laptop-15-cc1xx:37357/', 'http://itachi-HP-Pavilion-Laptop-15-cc1xx:37657/', 'http://itachi-HP-Pavilion-Laptop-15-cc1xx:37525/', 'http://itachi-HP-Pavilion-Laptop-15-cc1xx:42789/', 'http://itachi-HP-Pavilion-Laptop-15-cc1xx:39961/']
[rosmaster.master][INFO] 2019-11-14 18:14:29,804: publisherUpdate[/rosout] -> http://itachi-HP-Pavilion-Laptop-15-cc1xx:33995/ ['http://itachi-HP-Pavilion-Laptop-15-cc1xx:45299/', 'http://itachi-HP-Pavilion-Laptop-15-cc1xx:44277/', 'http://itachi-HP-Pavilion-Laptop-15-cc1xx:38693/', 'http://itachi-HP-Pavilion-Laptop-15-cc1xx:37357/', 'http://itachi-HP-Pavilion-Laptop-15-cc1xx:37657/', 'http://itachi-HP-Pavilion-Laptop-15-cc1xx:37525/', 'http://itachi-HP-Pavilion-Laptop-15-cc1xx:42789/', 'http://itachi-HP-Pavilion-Laptop-15-cc1xx:39961/']: sec=0.00, result=[1, '', 0]
[rosmaster.master][INFO] 2019-11-14 18:14:38,440: +PUB [/rosout] /drone_control http://itachi-HP-Pavilion-Laptop-15-cc1xx:44639/
[rosmaster.master][INFO] 2019-11-14 18:14:38,444: +SUB [/clock] /drone_control http://itachi-HP-Pavilion-Laptop-15-cc1xx:44639/
[rosmaster.master][INFO] 2019-11-14 18:14:38,444: publisherUpdate[/rosout] -> http://itachi-HP-Pavilion-Laptop-15-cc1xx:33995/ ['http://itachi-HP-Pavilion-Laptop-15-cc1xx:45299/', 'http://itachi-HP-Pavilion-Laptop-15-cc1xx:44277/', 'http://itachi-HP-Pavilion-Laptop-15-cc1xx:38693/', 'http://itachi-HP-Pavilion-Laptop-15-cc1xx:37357/', 'http://itachi-HP-Pavilion-Laptop-15-cc1xx:37657/', 'http://itachi-HP-Pavilion-Laptop-15-cc1xx:37525/', 'http://itachi-HP-Pavilion-Laptop-15-cc1xx:42789/', 'http://itachi-HP-Pavilion-Laptop-15-cc1xx:39961/', 'http://itachi-HP-Pavilion-Laptop-15-cc1xx:44639/']
[rosmaster.master][INFO] 2019-11-14 18:14:38,445: publisherUpdate[/rosout] -> http://itachi-HP-Pavilion-Laptop-15-cc1xx:33995/ ['http://itachi-HP-Pavilion-Laptop-15-cc1xx:45299/', 'http://itachi-HP-Pavilion-Laptop-15-cc1xx:44277/', 'http://itachi-HP-Pavilion-Laptop-15-cc1xx:38693/', 'http://itachi-HP-Pavilion-Laptop-15-cc1xx:37357/', 'http://itachi-HP-Pavilion-Laptop-15-cc1xx:37657/', 'http://itachi-HP-Pavilion-Laptop-15-cc1xx:37525/', 'http://itachi-HP-Pavilion-Laptop-15-cc1xx:42789/', 'http://itachi-HP-Pavilion-Laptop-15-cc1xx:39961/', 'http://itachi-HP-Pavilion-Laptop-15-cc1xx:44639/']: sec=0.00, result=[1, '', 0]
[rosmaster.master][INFO] 2019-11-14 18:14:38,446: +SERVICE [/drone_control/get_loggers] /drone_control http://itachi-HP-Pavilion-Laptop-15-cc1xx:44639/
[rosmaster.master][INFO] 2019-11-14 18:14:38,448: +SERVICE [/drone_control/set_logger_level] /drone_control http://itachi-HP-Pavilion-Laptop-15-cc1xx:44639/
[rosmaster.master][INFO] 2019-11-14 18:14:38,449: +PUB [/drone_command] /drone_control http://itachi-HP-Pavilion-Laptop-15-cc1xx:44639/
[rosmaster.master][INFO] 2019-11-14 18:14:38,450: +PUB [/alt_error] /drone_control http://itachi-HP-Pavilion-Laptop-15-cc1xx:44639/
[rosmaster.master][INFO] 2019-11-14 18:14:38,451: +PUB [/pitch_error] /drone_control http://itachi-HP-Pavilion-Laptop-15-cc1xx:44639/
[rosmaster.master][INFO] 2019-11-14 18:14:38,452: +PUB [/roll_error] /drone_control http://itachi-HP-Pavilion-Laptop-15-cc1xx:44639/
[rosmaster.master][INFO] 2019-11-14 18:14:38,454: +SUB [/whycon/poses] /drone_control http://itachi-HP-Pavilion-Laptop-15-cc1xx:44639/
[rosmaster.master][INFO] 2019-11-14 18:14:38,457: +SUB [/pid_tuning_altitude] /drone_control http://itachi-HP-Pavilion-Laptop-15-cc1xx:44639/
[rosmaster.master][INFO] 2019-11-14 18:14:38,461: +SUB [/pid_tuning_pitch] /drone_control http://itachi-HP-Pavilion-Laptop-15-cc1xx:44639/
[rosmaster.master][INFO] 2019-11-14 18:14:38,463: +SUB [/pid_tuning_roll] /drone_control http://itachi-HP-Pavilion-Laptop-15-cc1xx:44639/
[rosmaster.master][INFO] 2019-11-14 18:14:38,517: publisherUpdate[/drone_command] -> http://itachi-HP-Pavilion-Laptop-15-cc1xx:45299/ ['http://itachi-HP-Pavilion-Laptop-15-cc1xx:44639/']
[rosmaster.master][INFO] 2019-11-14 18:14:38,517: publisherUpdate[/drone_command] -> http://itachi-HP-Pavilion-Laptop-15-cc1xx:45299/ ['http://itachi-HP-Pavilion-Laptop-15-cc1xx:44639/']: sec=0.00, result=[1, '', 0]
[rosmaster.master][INFO] 2019-11-14 18:17:56,335: -PUB [/rosout_agg] /rosout http://itachi-HP-Pavilion-Laptop-15-cc1xx:33995/
[rosmaster.master][INFO] 2019-11-14 18:17:56,336: -SUB [/rosout] /rosout http://itachi-HP-Pavilion-Laptop-15-cc1xx:33995/
[rosmaster.master][INFO] 2019-11-14 18:17:56,339: -SERVICE [/rosout/get_loggers] /rosout rosrpc://itachi-HP-Pavilion-Laptop-15-cc1xx:46953
[rosmaster.master][INFO] 2019-11-14 18:17:56,340: -SERVICE [/rosout/set_logger_level] /rosout rosrpc://itachi-HP-Pavilion-Laptop-15-cc1xx:46953
[rosmaster.main][INFO] 2019-11-14 18:17:56,408: keyboard interrupt, will exit
[rosmaster.main][INFO] 2019-11-14 18:17:56,408: stopping master...
[rospy.core][INFO] 2019-11-14 18:17:56,409: signal_shutdown [atexit]
