[rosmaster.main][INFO] 2019-12-27 22:09:36,707: initialization complete, waiting for shutdown
[rosmaster.main][INFO] 2019-12-27 22:09:36,707: Starting ROS Master Node
[xmlrpc][INFO] 2019-12-27 22:09:36,708: XML-RPC server binding to 0.0.0.0:11311
[xmlrpc][INFO] 2019-12-27 22:09:36,708: Started XML-RPC server [http://itachi-HP-Pavilion-Laptop-15-cc1xx:11311/]
[rosmaster.master][INFO] 2019-12-27 22:09:36,708: Master initialized: port[11311], uri[http://itachi-HP-Pavilion-Laptop-15-cc1xx:11311/]
[xmlrpc][INFO] 2019-12-27 22:09:36,708: xml rpc node: starting XML-RPC server
[rosmaster.master][INFO] 2019-12-27 22:09:36,757: +PARAM [/run_id] by /roslaunch
[rosmaster.master][INFO] 2019-12-27 22:09:36,758: +PARAM [/roslaunch/uris/host_itachi_hp_pavilion_laptop_15_cc1xx__33207] by /roslaunch
[rosmaster.master][INFO] 2019-12-27 22:09:36,847: +PARAM [/rosversion] by /roslaunch
[rosmaster.master][INFO] 2019-12-27 22:09:36,848: +PARAM [/rosdistro] by /roslaunch
[rosmaster.master][INFO] 2019-12-27 22:09:36,853: +SERVICE [/rosout/get_loggers] /rosout http://itachi-HP-Pavilion-Laptop-15-cc1xx:36063/
[rosmaster.master][INFO] 2019-12-27 22:09:36,854: +SERVICE [/rosout/set_logger_level] /rosout http://itachi-HP-Pavilion-Laptop-15-cc1xx:36063/
[rosmaster.master][INFO] 2019-12-27 22:09:36,855: +PUB [/rosout_agg] /rosout http://itachi-HP-Pavilion-Laptop-15-cc1xx:36063/
[rosmaster.master][INFO] 2019-12-27 22:09:36,859: +SUB [/rosout] /rosout http://itachi-HP-Pavilion-Laptop-15-cc1xx:36063/
[rosmaster.master][INFO] 2019-12-27 22:09:39,143: +PARAM [/roslaunch/uris/host_itachi_hp_pavilion_laptop_15_cc1xx__44781] by /roslaunch
[rosmaster.master][INFO] 2019-12-27 22:09:39,146: +PARAM [/usb_cam/image_width] by /roslaunch
[rosmaster.master][INFO] 2019-12-27 22:09:39,146: +PARAM [/usb_cam/video_device] by /roslaunch
[rosmaster.master][INFO] 2019-12-27 22:09:39,146: +PARAM [/rosdistro] by /roslaunch
[rosmaster.master][INFO] 2019-12-27 22:09:39,146: +PARAM [/whycon/targets] by /roslaunch
[rosmaster.master][INFO] 2019-12-27 22:09:39,146: +PARAM [/usb_cam/pixel_format] by /roslaunch
[rosmaster.master][INFO] 2019-12-27 22:09:39,146: +PARAM [/usb_cam/io_method] by /roslaunch
[rosmaster.master][INFO] 2019-12-27 22:09:39,146: +PARAM [/usb_cam/camera_frame_id] by /roslaunch
[rosmaster.master][INFO] 2019-12-27 22:09:39,146: +PARAM [/rosversion] by /roslaunch
[rosmaster.master][INFO] 2019-12-27 22:09:39,146: +PARAM [/whycon/outer_diameter] by /roslaunch
[rosmaster.master][INFO] 2019-12-27 22:09:39,147: +PARAM [/usb_cam/image_height] by /roslaunch
[rosmaster.master][INFO] 2019-12-27 22:09:39,147: +PARAM [/whycon/name] by /roslaunch
[rosmaster.master][INFO] 2019-12-27 22:09:39,147: +PARAM [/whycon/inner_diameter] by /roslaunch
[rosmaster.master][INFO] 2019-12-27 22:09:39,227: +PUB [/rosout] /usb_cam http://itachi-HP-Pavilion-Laptop-15-cc1xx:40475/
[rosmaster.master][INFO] 2019-12-27 22:09:39,228: +SERVICE [/usb_cam/get_loggers] /usb_cam http://itachi-HP-Pavilion-Laptop-15-cc1xx:40475/
[rosmaster.master][INFO] 2019-12-27 22:09:39,229: +SERVICE [/usb_cam/set_logger_level] /usb_cam http://itachi-HP-Pavilion-Laptop-15-cc1xx:40475/
[rosmaster.master][INFO] 2019-12-27 22:09:39,239: +PUB [/rosout] /usb_cam/image_proc http://itachi-HP-Pavilion-Laptop-15-cc1xx:41073/
[rosmaster.master][INFO] 2019-12-27 22:09:39,240: +SERVICE [/usb_cam/image_proc/get_loggers] /usb_cam/image_proc http://itachi-HP-Pavilion-Laptop-15-cc1xx:41073/
[rosmaster.master][INFO] 2019-12-27 22:09:39,240: +SERVICE [/usb_cam/image_proc/set_logger_level] /usb_cam/image_proc http://itachi-HP-Pavilion-Laptop-15-cc1xx:41073/
[rosmaster.master][INFO] 2019-12-27 22:09:39,247: +PUB [/rosout] /whycon http://itachi-HP-Pavilion-Laptop-15-cc1xx:36231/
[rosmaster.master][INFO] 2019-12-27 22:09:39,249: +SERVICE [/whycon/get_loggers] /whycon http://itachi-HP-Pavilion-Laptop-15-cc1xx:36231/
[rosmaster.master][INFO] 2019-12-27 22:09:39,250: +SERVICE [/whycon/set_logger_level] /whycon http://itachi-HP-Pavilion-Laptop-15-cc1xx:36231/
[rosmaster.master][INFO] 2019-12-27 22:09:39,259: +PUB [/rosout] /whycon_display/image_view http://itachi-HP-Pavilion-Laptop-15-cc1xx:36163/
[rosmaster.master][INFO] 2019-12-27 22:09:39,260: +SERVICE [/whycon_display/image_view/get_loggers] /whycon_display/image_view http://itachi-HP-Pavilion-Laptop-15-cc1xx:36163/
[rosmaster.master][INFO] 2019-12-27 22:09:39,261: +SERVICE [/whycon_display/image_view/set_logger_level] /whycon_display/image_view http://itachi-HP-Pavilion-Laptop-15-cc1xx:36163/
[rosmaster.master][INFO] 2019-12-27 22:09:39,272: +SERVICE [/usb_cam/image_proc_debayer/set_parameters] /usb_cam/image_proc http://itachi-HP-Pavilion-Laptop-15-cc1xx:41073/
[rosmaster.master][INFO] 2019-12-27 22:09:39,273: +PUB [/usb_cam/image_proc_debayer/parameter_descriptions] /usb_cam/image_proc http://itachi-HP-Pavilion-Laptop-15-cc1xx:41073/
[rosmaster.master][INFO] 2019-12-27 22:09:39,273: +PUB [/usb_cam/image_proc_debayer/parameter_updates] /usb_cam/image_proc http://itachi-HP-Pavilion-Laptop-15-cc1xx:41073/
[rosmaster.master][INFO] 2019-12-27 22:09:39,275: +PARAM [/usb_cam/image_proc_debayer/debayer] by /usb_cam/image_proc
[rosmaster.master][INFO] 2019-12-27 22:09:39,276: +PUB [/usb_cam/image_raw/compressedDepth] /usb_cam http://itachi-HP-Pavilion-Laptop-15-cc1xx:40475/
[rosmaster.master][INFO] 2019-12-27 22:09:39,277: +PARAM [/usb_cam/image_proc_debayer/debayer] by /usb_cam/image_proc
[rosmaster.master][INFO] 2019-12-27 22:09:39,277: +SERVICE [/usb_cam/image_raw/compressedDepth/set_parameters] /usb_cam http://itachi-HP-Pavilion-Laptop-15-cc1xx:40475/
[rosmaster.master][INFO] 2019-12-27 22:09:39,279: +PUB [/usb_cam/image_raw/compressedDepth/parameter_descriptions] /usb_cam http://itachi-HP-Pavilion-Laptop-15-cc1xx:40475/
[rosmaster.master][INFO] 2019-12-27 22:09:39,280: +PUB [/usb_cam/image_mono/compressedDepth] /usb_cam/image_proc http://itachi-HP-Pavilion-Laptop-15-cc1xx:41073/
[rosmaster.master][INFO] 2019-12-27 22:09:39,281: +PUB [/usb_cam/image_raw/compressedDepth/parameter_updates] /usb_cam http://itachi-HP-Pavilion-Laptop-15-cc1xx:40475/
[rosmaster.master][INFO] 2019-12-27 22:09:39,282: +SERVICE [/usb_cam/image_mono/compressedDepth/set_parameters] /usb_cam/image_proc http://itachi-HP-Pavilion-Laptop-15-cc1xx:41073/
[rosmaster.master][INFO] 2019-12-27 22:09:39,283: +PUB [/usb_cam/image_mono/compressedDepth/parameter_descriptions] /usb_cam/image_proc http://itachi-HP-Pavilion-Laptop-15-cc1xx:41073/
[rosmaster.master][INFO] 2019-12-27 22:09:39,285: +PUB [/usb_cam/image_mono/compressedDepth/parameter_updates] /usb_cam/image_proc http://itachi-HP-Pavilion-Laptop-15-cc1xx:41073/
[rosmaster.master][INFO] 2019-12-27 22:09:39,286: +PARAM [/usb_cam/image_raw/compressedDepth/depth_max] by /usb_cam
[rosmaster.master][INFO] 2019-12-27 22:09:39,287: +PARAM [/usb_cam/image_raw/compressedDepth/depth_quantization] by /usb_cam
[rosmaster.master][INFO] 2019-12-27 22:09:39,289: +PARAM [/usb_cam/image_raw/compressedDepth/png_level] by /usb_cam
[rosmaster.master][INFO] 2019-12-27 22:09:39,290: +PARAM [/usb_cam/image_mono/compressedDepth/depth_max] by /usb_cam/image_proc
[rosmaster.master][INFO] 2019-12-27 22:09:39,290: +PARAM [/usb_cam/image_raw/compressedDepth/depth_max] by /usb_cam
[rosmaster.master][INFO] 2019-12-27 22:09:39,291: +PARAM [/usb_cam/image_mono/compressedDepth/depth_quantization] by /usb_cam/image_proc
[rosmaster.master][INFO] 2019-12-27 22:09:39,292: +PARAM [/usb_cam/image_raw/compressedDepth/depth_quantization] by /usb_cam
[rosmaster.master][INFO] 2019-12-27 22:09:39,293: +PARAM [/usb_cam/image_mono/compressedDepth/png_level] by /usb_cam/image_proc
[rosmaster.master][INFO] 2019-12-27 22:09:39,293: +PARAM [/usb_cam/image_raw/compressedDepth/png_level] by /usb_cam
[rosmaster.master][INFO] 2019-12-27 22:09:39,295: +PARAM [/usb_cam/image_mono/compressedDepth/depth_max] by /usb_cam/image_proc
[rosmaster.master][INFO] 2019-12-27 22:09:39,295: +PUB [/usb_cam/image_raw/compressed] /usb_cam http://itachi-HP-Pavilion-Laptop-15-cc1xx:40475/
[rosmaster.master][INFO] 2019-12-27 22:09:39,296: +PARAM [/usb_cam/image_mono/compressedDepth/depth_quantization] by /usb_cam/image_proc
[rosmaster.master][INFO] 2019-12-27 22:09:39,297: +SERVICE [/usb_cam/image_raw/compressed/set_parameters] /usb_cam http://itachi-HP-Pavilion-Laptop-15-cc1xx:40475/
[rosmaster.master][INFO] 2019-12-27 22:09:39,298: +PUB [/tf] /whycon http://itachi-HP-Pavilion-Laptop-15-cc1xx:36231/
[rosmaster.master][INFO] 2019-12-27 22:09:39,299: +PARAM [/usb_cam/image_mono/compressedDepth/png_level] by /usb_cam/image_proc
[rosmaster.master][INFO] 2019-12-27 22:09:39,299: +PUB [/usb_cam/image_raw/compressed/parameter_descriptions] /usb_cam http://itachi-HP-Pavilion-Laptop-15-cc1xx:40475/
[rosmaster.master][INFO] 2019-12-27 22:09:39,300: +PUB [/usb_cam/image_raw/compressed/parameter_updates] /usb_cam http://itachi-HP-Pavilion-Laptop-15-cc1xx:40475/
[rosmaster.master][INFO] 2019-12-27 22:09:39,301: +PUB [/usb_cam/image_mono/compressed] /usb_cam/image_proc http://itachi-HP-Pavilion-Laptop-15-cc1xx:41073/
[rosmaster.master][INFO] 2019-12-27 22:09:39,302: +SERVICE [/usb_cam/image_mono/compressed/set_parameters] /usb_cam/image_proc http://itachi-HP-Pavilion-Laptop-15-cc1xx:41073/
[rosmaster.master][INFO] 2019-12-27 22:09:39,304: +PUB [/usb_cam/image_mono/compressed/parameter_descriptions] /usb_cam/image_proc http://itachi-HP-Pavilion-Laptop-15-cc1xx:41073/
[rosmaster.master][INFO] 2019-12-27 22:09:39,305: +PUB [/usb_cam/image_mono/compressed/parameter_updates] /usb_cam/image_proc http://itachi-HP-Pavilion-Laptop-15-cc1xx:41073/
[rosmaster.master][INFO] 2019-12-27 22:09:39,306: +PARAM [/usb_cam/image_raw/compressed/format] by /usb_cam
[rosmaster.master][INFO] 2019-12-27 22:09:39,308: +PARAM [/usb_cam/image_raw/compressed/jpeg_quality] by /usb_cam
[rosmaster.master][INFO] 2019-12-27 22:09:39,309: +PARAM [/usb_cam/image_raw/compressed/png_level] by /usb_cam
[rosmaster.master][INFO] 2019-12-27 22:09:39,311: +SUB [/usb_cam/image_rect_color] /whycon http://itachi-HP-Pavilion-Laptop-15-cc1xx:36231/
[rosmaster.master][INFO] 2019-12-27 22:09:39,311: +PARAM [/usb_cam/image_raw/compressed/format] by /usb_cam
[rosmaster.master][INFO] 2019-12-27 22:09:39,312: +PARAM [/usb_cam/image_mono/compressed/format] by /usb_cam/image_proc
[rosmaster.master][INFO] 2019-12-27 22:09:39,313: +PARAM [/usb_cam/image_raw/compressed/jpeg_quality] by /usb_cam
[rosmaster.master][INFO] 2019-12-27 22:09:39,314: +PARAM [/usb_cam/image_mono/compressed/jpeg_quality] by /usb_cam/image_proc
[rosmaster.master][INFO] 2019-12-27 22:09:39,314: publisherUpdate[/rosout] -> http://itachi-HP-Pavilion-Laptop-15-cc1xx:36063/ ['http://itachi-HP-Pavilion-Laptop-15-cc1xx:40475/']
[rosmaster.master][INFO] 2019-12-27 22:09:39,315: +PARAM [/usb_cam/image_raw/compressed/png_level] by /usb_cam
[rosmaster.master][INFO] 2019-12-27 22:09:39,318: +PARAM [/usb_cam/image_mono/compressed/png_level] by /usb_cam/image_proc
[rosmaster.master][INFO] 2019-12-27 22:09:39,319: publisherUpdate[/rosout] -> http://itachi-HP-Pavilion-Laptop-15-cc1xx:36063/ ['http://itachi-HP-Pavilion-Laptop-15-cc1xx:40475/']: sec=0.00, result=[1, '', 0]
[rosmaster.master][INFO] 2019-12-27 22:09:39,319: publisherUpdate[/rosout] -> http://itachi-HP-Pavilion-Laptop-15-cc1xx:36063/ ['http://itachi-HP-Pavilion-Laptop-15-cc1xx:40475/', 'http://itachi-HP-Pavilion-Laptop-15-cc1xx:41073/']
[rosmaster.master][INFO] 2019-12-27 22:09:39,320: +PUB [/usb_cam/image_raw] /usb_cam http://itachi-HP-Pavilion-Laptop-15-cc1xx:40475/
[rosmaster.master][INFO] 2019-12-27 22:09:39,320: publisherUpdate[/rosout] -> http://itachi-HP-Pavilion-Laptop-15-cc1xx:36063/ ['http://itachi-HP-Pavilion-Laptop-15-cc1xx:40475/', 'http://itachi-HP-Pavilion-Laptop-15-cc1xx:41073/']: sec=0.00, result=[1, '', 0]
[rosmaster.master][INFO] 2019-12-27 22:09:39,321: publisherUpdate[/rosout] -> http://itachi-HP-Pavilion-Laptop-15-cc1xx:36063/ ['http://itachi-HP-Pavilion-Laptop-15-cc1xx:40475/', 'http://itachi-HP-Pavilion-Laptop-15-cc1xx:41073/', 'http://itachi-HP-Pavilion-Laptop-15-cc1xx:36231/']
[rosmaster.master][INFO] 2019-12-27 22:09:39,321: +PARAM [/usb_cam/image_mono/compressed/format] by /usb_cam/image_proc
[rosmaster.master][INFO] 2019-12-27 22:09:39,322: publisherUpdate[/rosout] -> http://itachi-HP-Pavilion-Laptop-15-cc1xx:36063/ ['http://itachi-HP-Pavilion-Laptop-15-cc1xx:40475/', 'http://itachi-HP-Pavilion-Laptop-15-cc1xx:41073/', 'http://itachi-HP-Pavilion-Laptop-15-cc1xx:36231/']: sec=0.00, result=[1, '', 0]
[rosmaster.master][INFO] 2019-12-27 22:09:39,323: +PUB [/usb_cam/image_raw/theora] /usb_cam http://itachi-HP-Pavilion-Laptop-15-cc1xx:40475/
[rosmaster.master][INFO] 2019-12-27 22:09:39,323: +PARAM [/usb_cam/image_mono/compressed/jpeg_quality] by /usb_cam/image_proc
[rosmaster.master][INFO] 2019-12-27 22:09:39,323: publisherUpdate[/rosout] -> http://itachi-HP-Pavilion-Laptop-15-cc1xx:36063/ ['http://itachi-HP-Pavilion-Laptop-15-cc1xx:40475/', 'http://itachi-HP-Pavilion-Laptop-15-cc1xx:41073/', 'http://itachi-HP-Pavilion-Laptop-15-cc1xx:36231/', 'http://itachi-HP-Pavilion-Laptop-15-cc1xx:36163/']
[rosmaster.master][INFO] 2019-12-27 22:09:39,325: publisherUpdate[/rosout] -> http://itachi-HP-Pavilion-Laptop-15-cc1xx:36063/ ['http://itachi-HP-Pavilion-Laptop-15-cc1xx:40475/', 'http://itachi-HP-Pavilion-Laptop-15-cc1xx:41073/', 'http://itachi-HP-Pavilion-Laptop-15-cc1xx:36231/', 'http://itachi-HP-Pavilion-Laptop-15-cc1xx:36163/']: sec=0.00, result=[1, '', 0]
[rosmaster.master][INFO] 2019-12-27 22:09:39,326: +SERVICE [/usb_cam/image_raw/theora/set_parameters] /usb_cam http://itachi-HP-Pavilion-Laptop-15-cc1xx:40475/
[rosmaster.master][INFO] 2019-12-27 22:09:39,326: +PARAM [/usb_cam/image_mono/compressed/png_level] by /usb_cam/image_proc
[rosmaster.master][INFO] 2019-12-27 22:09:39,327: +SUB [/usb_cam/camera_info] /whycon http://itachi-HP-Pavilion-Laptop-15-cc1xx:36231/
[rosmaster.master][INFO] 2019-12-27 22:09:39,328: +PUB [/usb_cam/image_raw/theora/parameter_descriptions] /usb_cam http://itachi-HP-Pavilion-Laptop-15-cc1xx:40475/
[rosmaster.master][INFO] 2019-12-27 22:09:39,329: +PUB [/whycon/image_out] /whycon http://itachi-HP-Pavilion-Laptop-15-cc1xx:36231/
[rosmaster.master][INFO] 2019-12-27 22:09:39,329: +PUB [/usb_cam/image_mono] /usb_cam/image_proc http://itachi-HP-Pavilion-Laptop-15-cc1xx:41073/
[rosmaster.master][INFO] 2019-12-27 22:09:39,331: +PUB [/usb_cam/image_raw/theora/parameter_updates] /usb_cam http://itachi-HP-Pavilion-Laptop-15-cc1xx:40475/
[rosmaster.master][INFO] 2019-12-27 22:09:39,332: +PUB [/whycon/poses] /whycon http://itachi-HP-Pavilion-Laptop-15-cc1xx:36231/
[rosmaster.master][INFO] 2019-12-27 22:09:39,333: +PUB [/whycon/context] /whycon http://itachi-HP-Pavilion-Laptop-15-cc1xx:36231/
[rosmaster.master][INFO] 2019-12-27 22:09:39,334: +PUB [/usb_cam/image_mono/theora] /usb_cam/image_proc http://itachi-HP-Pavilion-Laptop-15-cc1xx:41073/
[rosmaster.master][INFO] 2019-12-27 22:09:39,335: +PUB [/whycon/projection] /whycon http://itachi-HP-Pavilion-Laptop-15-cc1xx:36231/
[rosmaster.master][INFO] 2019-12-27 22:09:39,336: +SERVICE [/usb_cam/image_mono/theora/set_parameters] /usb_cam/image_proc http://itachi-HP-Pavilion-Laptop-15-cc1xx:41073/
[rosmaster.master][INFO] 2019-12-27 22:09:39,337: +SERVICE [/whycon/reset] /whycon http://itachi-HP-Pavilion-Laptop-15-cc1xx:36231/
[rosmaster.master][INFO] 2019-12-27 22:09:39,338: +PUB [/usb_cam/image_mono/theora/parameter_descriptions] /usb_cam/image_proc http://itachi-HP-Pavilion-Laptop-15-cc1xx:41073/
[rosmaster.master][INFO] 2019-12-27 22:09:39,339: +PUB [/usb_cam/image_mono/theora/parameter_updates] /usb_cam/image_proc http://itachi-HP-Pavilion-Laptop-15-cc1xx:41073/
[rosmaster.master][INFO] 2019-12-27 22:09:39,339: +PARAM [/usb_cam/image_raw/theora/optimize_for] by /usb_cam
[rosmaster.master][INFO] 2019-12-27 22:09:39,340: +PARAM [/usb_cam/image_raw/theora/target_bitrate] by /usb_cam
[rosmaster.master][INFO] 2019-12-27 22:09:39,342: +PARAM [/usb_cam/image_raw/theora/quality] by /usb_cam
[rosmaster.master][INFO] 2019-12-27 22:09:39,342: +PARAM [/usb_cam/image_raw/theora/keyframe_frequency] by /usb_cam
[rosmaster.master][INFO] 2019-12-27 22:09:39,343: +PARAM [/usb_cam/image_mono/theora/optimize_for] by /usb_cam/image_proc
[rosmaster.master][INFO] 2019-12-27 22:09:39,344: +PARAM [/usb_cam/image_raw/theora/optimize_for] by /usb_cam
[rosmaster.master][INFO] 2019-12-27 22:09:39,344: +PARAM [/usb_cam/image_mono/theora/target_bitrate] by /usb_cam/image_proc
[rosmaster.master][INFO] 2019-12-27 22:09:39,345: +PARAM [/usb_cam/image_raw/theora/target_bitrate] by /usb_cam
[rosmaster.master][INFO] 2019-12-27 22:09:39,345: +PARAM [/usb_cam/image_mono/theora/quality] by /usb_cam/image_proc
[rosmaster.master][INFO] 2019-12-27 22:09:39,346: +PARAM [/usb_cam/image_raw/theora/quality] by /usb_cam
[rosmaster.master][INFO] 2019-12-27 22:09:39,346: +PARAM [/usb_cam/image_mono/theora/keyframe_frequency] by /usb_cam/image_proc
[rosmaster.master][INFO] 2019-12-27 22:09:39,348: +PARAM [/usb_cam/image_raw/theora/keyframe_frequency] by /usb_cam
[rosmaster.master][INFO] 2019-12-27 22:09:39,348: +PARAM [/usb_cam/image_mono/theora/optimize_for] by /usb_cam/image_proc
[rosmaster.master][INFO] 2019-12-27 22:09:39,349: +PUB [/usb_cam/camera_info] /usb_cam http://itachi-HP-Pavilion-Laptop-15-cc1xx:40475/
[rosmaster.master][INFO] 2019-12-27 22:09:39,349: +PARAM [/usb_cam/image_mono/theora/target_bitrate] by /usb_cam/image_proc
[rosmaster.master][INFO] 2019-12-27 22:09:39,350: +PARAM [/usb_cam/image_mono/theora/quality] by /usb_cam/image_proc
[rosmaster.master][INFO] 2019-12-27 22:09:39,351: +PARAM [/usb_cam/image_mono/theora/keyframe_frequency] by /usb_cam/image_proc
[rosmaster.master][INFO] 2019-12-27 22:09:39,353: +PUB [/usb_cam/image_color/compressedDepth] /usb_cam/image_proc http://itachi-HP-Pavilion-Laptop-15-cc1xx:41073/
[rosmaster.master][INFO] 2019-12-27 22:09:39,354: +SERVICE [/usb_cam/image_color/compressedDepth/set_parameters] /usb_cam/image_proc http://itachi-HP-Pavilion-Laptop-15-cc1xx:41073/
[rosmaster.master][INFO] 2019-12-27 22:09:39,355: +PUB [/usb_cam/image_color/compressedDepth/parameter_descriptions] /usb_cam/image_proc http://itachi-HP-Pavilion-Laptop-15-cc1xx:41073/
[rosmaster.master][INFO] 2019-12-27 22:09:39,356: +PUB [/usb_cam/image_color/compressedDepth/parameter_updates] /usb_cam/image_proc http://itachi-HP-Pavilion-Laptop-15-cc1xx:41073/
[rosmaster.master][INFO] 2019-12-27 22:09:39,359: +PARAM [/usb_cam/image_color/compressedDepth/depth_max] by /usb_cam/image_proc
[rosmaster.master][INFO] 2019-12-27 22:09:39,360: +PARAM [/usb_cam/image_color/compressedDepth/depth_quantization] by /usb_cam/image_proc
[rosmaster.master][INFO] 2019-12-27 22:09:39,361: +PARAM [/usb_cam/image_color/compressedDepth/png_level] by /usb_cam/image_proc
[rosmaster.master][INFO] 2019-12-27 22:09:39,362: +PARAM [/usb_cam/image_color/compressedDepth/depth_max] by /usb_cam/image_proc
[rosmaster.master][INFO] 2019-12-27 22:09:39,363: +PARAM [/usb_cam/image_color/compressedDepth/depth_quantization] by /usb_cam/image_proc
[rosmaster.master][INFO] 2019-12-27 22:09:39,364: +PARAM [/usb_cam/image_color/compressedDepth/png_level] by /usb_cam/image_proc
[rosmaster.master][INFO] 2019-12-27 22:09:39,365: +PUB [/usb_cam/image_color/compressed] /usb_cam/image_proc http://itachi-HP-Pavilion-Laptop-15-cc1xx:41073/
[rosmaster.master][INFO] 2019-12-27 22:09:39,367: +SERVICE [/usb_cam/image_color/compressed/set_parameters] /usb_cam/image_proc http://itachi-HP-Pavilion-Laptop-15-cc1xx:41073/
[rosmaster.master][INFO] 2019-12-27 22:09:39,368: +PUB [/usb_cam/image_color/compressed/parameter_descriptions] /usb_cam/image_proc http://itachi-HP-Pavilion-Laptop-15-cc1xx:41073/
[rosmaster.master][INFO] 2019-12-27 22:09:39,369: +PUB [/usb_cam/image_color/compressed/parameter_updates] /usb_cam/image_proc http://itachi-HP-Pavilion-Laptop-15-cc1xx:41073/
[rosmaster.master][INFO] 2019-12-27 22:09:39,375: +SERVICE [/usb_cam/set_camera_info] /usb_cam http://itachi-HP-Pavilion-Laptop-15-cc1xx:40475/
[rosmaster.master][INFO] 2019-12-27 22:09:39,376: +PARAM [/usb_cam/image_color/compressed/format] by /usb_cam/image_proc
[rosmaster.master][INFO] 2019-12-27 22:09:39,378: +SERVICE [/usb_cam/start_capture] /usb_cam http://itachi-HP-Pavilion-Laptop-15-cc1xx:40475/
[rosmaster.master][INFO] 2019-12-27 22:09:39,379: +PARAM [/usb_cam/image_color/compressed/jpeg_quality] by /usb_cam/image_proc
[rosmaster.master][INFO] 2019-12-27 22:09:39,380: +SERVICE [/usb_cam/stop_capture] /usb_cam http://itachi-HP-Pavilion-Laptop-15-cc1xx:40475/
[rosmaster.master][INFO] 2019-12-27 22:09:39,381: +PARAM [/usb_cam/image_color/compressed/png_level] by /usb_cam/image_proc
[rosmaster.master][INFO] 2019-12-27 22:09:39,382: +PARAM [/usb_cam/image_color/compressed/format] by /usb_cam/image_proc
[rosmaster.master][INFO] 2019-12-27 22:09:39,389: +PARAM [/usb_cam/image_color/compressed/jpeg_quality] by /usb_cam/image_proc
[rosmaster.master][INFO] 2019-12-27 22:09:39,390: +PARAM [/usb_cam/image_color/compressed/png_level] by /usb_cam/image_proc
[rosmaster.master][INFO] 2019-12-27 22:09:39,391: +PUB [/usb_cam/image_color] /usb_cam/image_proc http://itachi-HP-Pavilion-Laptop-15-cc1xx:41073/
[rosmaster.master][INFO] 2019-12-27 22:09:39,394: +PUB [/usb_cam/image_color/theora] /usb_cam/image_proc http://itachi-HP-Pavilion-Laptop-15-cc1xx:41073/
[rosmaster.master][INFO] 2019-12-27 22:09:39,395: +SERVICE [/usb_cam/image_color/theora/set_parameters] /usb_cam/image_proc http://itachi-HP-Pavilion-Laptop-15-cc1xx:41073/
[rosmaster.master][INFO] 2019-12-27 22:09:39,396: +PUB [/usb_cam/image_color/theora/parameter_descriptions] /usb_cam/image_proc http://itachi-HP-Pavilion-Laptop-15-cc1xx:41073/
[rosmaster.master][INFO] 2019-12-27 22:09:39,399: +PUB [/usb_cam/image_color/theora/parameter_updates] /usb_cam/image_proc http://itachi-HP-Pavilion-Laptop-15-cc1xx:41073/
[rosmaster.master][INFO] 2019-12-27 22:09:39,403: +PARAM [/usb_cam/image_color/theora/optimize_for] by /usb_cam/image_proc
[rosmaster.master][INFO] 2019-12-27 22:09:39,405: +PARAM [/usb_cam/image_color/theora/target_bitrate] by /usb_cam/image_proc
[rosmaster.master][INFO] 2019-12-27 22:09:39,407: +PARAM [/usb_cam/image_color/theora/quality] by /usb_cam/image_proc
[rosmaster.master][INFO] 2019-12-27 22:09:39,408: +PARAM [/usb_cam/image_color/theora/keyframe_frequency] by /usb_cam/image_proc
[rosmaster.master][INFO] 2019-12-27 22:09:39,409: +PARAM [/usb_cam/image_color/theora/optimize_for] by /usb_cam/image_proc
[rosmaster.master][INFO] 2019-12-27 22:09:39,410: +PARAM [/usb_cam/image_color/theora/target_bitrate] by /usb_cam/image_proc
[rosmaster.master][INFO] 2019-12-27 22:09:39,410: +PARAM [/usb_cam/image_color/theora/quality] by /usb_cam/image_proc
[rosmaster.master][INFO] 2019-12-27 22:09:39,411: +PARAM [/usb_cam/image_color/theora/keyframe_frequency] by /usb_cam/image_proc
[rosmaster.master][INFO] 2019-12-27 22:09:39,413: +SERVICE [/usb_cam/image_proc_rectify_mono/set_parameters] /usb_cam/image_proc http://itachi-HP-Pavilion-Laptop-15-cc1xx:41073/
[rosmaster.master][INFO] 2019-12-27 22:09:39,414: +PUB [/usb_cam/image_proc_rectify_mono/parameter_descriptions] /usb_cam/image_proc http://itachi-HP-Pavilion-Laptop-15-cc1xx:41073/
[rosmaster.master][INFO] 2019-12-27 22:09:39,414: +PUB [/usb_cam/image_proc_rectify_mono/parameter_updates] /usb_cam/image_proc http://itachi-HP-Pavilion-Laptop-15-cc1xx:41073/
[rosmaster.master][INFO] 2019-12-27 22:09:39,414: publisherUpdate[/usb_cam/camera_info] -> http://itachi-HP-Pavilion-Laptop-15-cc1xx:36231/ ['http://itachi-HP-Pavilion-Laptop-15-cc1xx:40475/']
[rosmaster.master][INFO] 2019-12-27 22:09:39,416: publisherUpdate[/usb_cam/camera_info] -> http://itachi-HP-Pavilion-Laptop-15-cc1xx:36231/ ['http://itachi-HP-Pavilion-Laptop-15-cc1xx:40475/']: sec=0.00, result=[1, '', 0]
[rosmaster.master][INFO] 2019-12-27 22:09:39,416: +PARAM [/usb_cam/image_proc_rectify_mono/interpolation] by /usb_cam/image_proc
[rosmaster.master][INFO] 2019-12-27 22:09:39,417: +PARAM [/usb_cam/image_proc_rectify_mono/interpolation] by /usb_cam/image_proc
[rosmaster.master][INFO] 2019-12-27 22:09:39,418: +PUB [/usb_cam/image_rect/compressedDepth] /usb_cam/image_proc http://itachi-HP-Pavilion-Laptop-15-cc1xx:41073/
[rosmaster.master][INFO] 2019-12-27 22:09:39,418: +SERVICE [/usb_cam/image_rect/compressedDepth/set_parameters] /usb_cam/image_proc http://itachi-HP-Pavilion-Laptop-15-cc1xx:41073/
[rosmaster.master][INFO] 2019-12-27 22:09:39,419: +PUB [/usb_cam/image_rect/compressedDepth/parameter_descriptions] /usb_cam/image_proc http://itachi-HP-Pavilion-Laptop-15-cc1xx:41073/
[rosmaster.master][INFO] 2019-12-27 22:09:39,420: +PUB [/usb_cam/image_rect/compressedDepth/parameter_updates] /usb_cam/image_proc http://itachi-HP-Pavilion-Laptop-15-cc1xx:41073/
[rosmaster.master][INFO] 2019-12-27 22:09:39,427: +PARAM [/usb_cam/image_rect/compressedDepth/depth_max] by /usb_cam/image_proc
[rosmaster.master][INFO] 2019-12-27 22:09:39,428: +PARAM [/usb_cam/image_rect/compressedDepth/depth_quantization] by /usb_cam/image_proc
[rosmaster.master][INFO] 2019-12-27 22:09:39,429: +PARAM [/usb_cam/image_rect/compressedDepth/png_level] by /usb_cam/image_proc
[rosmaster.master][INFO] 2019-12-27 22:09:39,430: +SUB [/whycon/image_out] /whycon_display/image_view http://itachi-HP-Pavilion-Laptop-15-cc1xx:36163/
[rosmaster.master][INFO] 2019-12-27 22:09:39,430: +PARAM [/usb_cam/image_rect/compressedDepth/depth_max] by /usb_cam/image_proc
[rosmaster.master][INFO] 2019-12-27 22:09:39,431: +PUB [/whycon_display/image_view/output] /whycon_display/image_view http://itachi-HP-Pavilion-Laptop-15-cc1xx:36163/
[rosmaster.master][INFO] 2019-12-27 22:09:39,432: +PARAM [/usb_cam/image_rect/compressedDepth/depth_quantization] by /usb_cam/image_proc
[rosmaster.master][INFO] 2019-12-27 22:09:39,432: +SERVICE [/whycon_display/image_view/set_parameters] /whycon_display/image_view http://itachi-HP-Pavilion-Laptop-15-cc1xx:36163/
[rosmaster.master][INFO] 2019-12-27 22:09:39,433: +PARAM [/usb_cam/image_rect/compressedDepth/png_level] by /usb_cam/image_proc
[rosmaster.master][INFO] 2019-12-27 22:09:39,433: +PUB [/whycon_display/image_view/parameter_descriptions] /whycon_display/image_view http://itachi-HP-Pavilion-Laptop-15-cc1xx:36163/
[rosmaster.master][INFO] 2019-12-27 22:09:39,434: +PUB [/usb_cam/image_rect/compressed] /usb_cam/image_proc http://itachi-HP-Pavilion-Laptop-15-cc1xx:41073/
[rosmaster.master][INFO] 2019-12-27 22:09:39,435: +PUB [/whycon_display/image_view/parameter_updates] /whycon_display/image_view http://itachi-HP-Pavilion-Laptop-15-cc1xx:36163/
[rosmaster.master][INFO] 2019-12-27 22:09:39,435: +SERVICE [/usb_cam/image_rect/compressed/set_parameters] /usb_cam/image_proc http://itachi-HP-Pavilion-Laptop-15-cc1xx:41073/
[rosmaster.master][INFO] 2019-12-27 22:09:39,436: +PUB [/usb_cam/image_rect/compressed/parameter_descriptions] /usb_cam/image_proc http://itachi-HP-Pavilion-Laptop-15-cc1xx:41073/
[rosmaster.master][INFO] 2019-12-27 22:09:39,440: +PUB [/usb_cam/image_rect/compressed/parameter_updates] /usb_cam/image_proc http://itachi-HP-Pavilion-Laptop-15-cc1xx:41073/
[rosmaster.master][INFO] 2019-12-27 22:09:39,442: +PARAM [/whycon_display/image_view/do_dynamic_scaling] by /whycon_display/image_view
[rosmaster.master][INFO] 2019-12-27 22:09:39,443: +PARAM [/whycon_display/image_view/colormap] by /whycon_display/image_view
[rosmaster.master][INFO] 2019-12-27 22:09:39,444: +PARAM [/usb_cam/image_rect/compressed/format] by /usb_cam/image_proc
[rosmaster.master][INFO] 2019-12-27 22:09:39,444: +PARAM [/whycon_display/image_view/min_image_value] by /whycon_display/image_view
[rosmaster.master][INFO] 2019-12-27 22:09:39,445: +PARAM [/usb_cam/image_rect/compressed/jpeg_quality] by /usb_cam/image_proc
[rosmaster.master][INFO] 2019-12-27 22:09:39,445: +PARAM [/whycon_display/image_view/max_image_value] by /whycon_display/image_view
[rosmaster.master][INFO] 2019-12-27 22:09:39,446: +PARAM [/usb_cam/image_rect/compressed/png_level] by /usb_cam/image_proc
[rosmaster.master][INFO] 2019-12-27 22:09:39,447: +PARAM [/whycon_display/image_view/do_dynamic_scaling] by /whycon_display/image_view
[rosmaster.master][INFO] 2019-12-27 22:09:39,448: +PARAM [/usb_cam/image_rect/compressed/format] by /usb_cam/image_proc
[rosmaster.master][INFO] 2019-12-27 22:09:39,448: +PARAM [/whycon_display/image_view/colormap] by /whycon_display/image_view
[rosmaster.master][INFO] 2019-12-27 22:09:39,449: +PARAM [/usb_cam/image_rect/compressed/jpeg_quality] by /usb_cam/image_proc
[rosmaster.master][INFO] 2019-12-27 22:09:39,450: +PARAM [/whycon_display/image_view/min_image_value] by /whycon_display/image_view
[rosmaster.master][INFO] 2019-12-27 22:09:39,450: +PARAM [/usb_cam/image_rect/compressed/png_level] by /usb_cam/image_proc
[rosmaster.master][INFO] 2019-12-27 22:09:39,451: +PARAM [/whycon_display/image_view/max_image_value] by /whycon_display/image_view
[rosmaster.master][INFO] 2019-12-27 22:09:39,451: +PUB [/usb_cam/image_rect] /usb_cam/image_proc http://itachi-HP-Pavilion-Laptop-15-cc1xx:41073/
[rosmaster.master][INFO] 2019-12-27 22:09:39,452: +PUB [/usb_cam/image_rect/theora] /usb_cam/image_proc http://itachi-HP-Pavilion-Laptop-15-cc1xx:41073/
[rosmaster.master][INFO] 2019-12-27 22:09:39,454: +SERVICE [/usb_cam/image_rect/theora/set_parameters] /usb_cam/image_proc http://itachi-HP-Pavilion-Laptop-15-cc1xx:41073/
[rosmaster.master][INFO] 2019-12-27 22:09:39,455: +PUB [/usb_cam/image_rect/theora/parameter_descriptions] /usb_cam/image_proc http://itachi-HP-Pavilion-Laptop-15-cc1xx:41073/
[rosmaster.master][INFO] 2019-12-27 22:09:39,456: +PUB [/usb_cam/image_rect/theora/parameter_updates] /usb_cam/image_proc http://itachi-HP-Pavilion-Laptop-15-cc1xx:41073/
[rosmaster.master][INFO] 2019-12-27 22:09:39,458: +PARAM [/usb_cam/image_rect/theora/optimize_for] by /usb_cam/image_proc
[rosmaster.master][INFO] 2019-12-27 22:09:39,459: +PARAM [/usb_cam/image_rect/theora/target_bitrate] by /usb_cam/image_proc
[rosmaster.master][INFO] 2019-12-27 22:09:39,460: +PARAM [/usb_cam/image_rect/theora/quality] by /usb_cam/image_proc
[rosmaster.master][INFO] 2019-12-27 22:09:39,460: +PARAM [/usb_cam/image_rect/theora/keyframe_frequency] by /usb_cam/image_proc
[rosmaster.master][INFO] 2019-12-27 22:09:39,461: +PARAM [/usb_cam/image_rect/theora/optimize_for] by /usb_cam/image_proc
[rosmaster.master][INFO] 2019-12-27 22:09:39,462: +PARAM [/usb_cam/image_rect/theora/target_bitrate] by /usb_cam/image_proc
[rosmaster.master][INFO] 2019-12-27 22:09:39,462: +PARAM [/usb_cam/image_rect/theora/quality] by /usb_cam/image_proc
[rosmaster.master][INFO] 2019-12-27 22:09:39,463: +PARAM [/usb_cam/image_rect/theora/keyframe_frequency] by /usb_cam/image_proc
[rosmaster.master][INFO] 2019-12-27 22:09:39,465: +SERVICE [/usb_cam/image_proc_rectify_color/set_parameters] /usb_cam/image_proc http://itachi-HP-Pavilion-Laptop-15-cc1xx:41073/
[rosmaster.master][INFO] 2019-12-27 22:09:39,466: +PUB [/usb_cam/image_proc_rectify_color/parameter_descriptions] /usb_cam/image_proc http://itachi-HP-Pavilion-Laptop-15-cc1xx:41073/
[rosmaster.master][INFO] 2019-12-27 22:09:39,466: +PUB [/usb_cam/image_proc_rectify_color/parameter_updates] /usb_cam/image_proc http://itachi-HP-Pavilion-Laptop-15-cc1xx:41073/
[rosmaster.master][INFO] 2019-12-27 22:09:39,468: +PARAM [/usb_cam/image_proc_rectify_color/interpolation] by /usb_cam/image_proc
[rosmaster.master][INFO] 2019-12-27 22:09:39,468: +PARAM [/usb_cam/image_proc_rectify_color/interpolation] by /usb_cam/image_proc
[rosmaster.master][INFO] 2019-12-27 22:09:39,470: +PUB [/usb_cam/image_rect_color/compressedDepth] /usb_cam/image_proc http://itachi-HP-Pavilion-Laptop-15-cc1xx:41073/
[rosmaster.master][INFO] 2019-12-27 22:09:39,471: +SERVICE [/usb_cam/image_rect_color/compressedDepth/set_parameters] /usb_cam/image_proc http://itachi-HP-Pavilion-Laptop-15-cc1xx:41073/
[rosmaster.master][INFO] 2019-12-27 22:09:39,471: +PUB [/usb_cam/image_rect_color/compressedDepth/parameter_descriptions] /usb_cam/image_proc http://itachi-HP-Pavilion-Laptop-15-cc1xx:41073/
[rosmaster.master][INFO] 2019-12-27 22:09:39,472: +PUB [/usb_cam/image_rect_color/compressedDepth/parameter_updates] /usb_cam/image_proc http://itachi-HP-Pavilion-Laptop-15-cc1xx:41073/
[rosmaster.master][INFO] 2019-12-27 22:09:39,474: +PARAM [/usb_cam/image_rect_color/compressedDepth/depth_max] by /usb_cam/image_proc
[rosmaster.master][INFO] 2019-12-27 22:09:39,475: +PARAM [/usb_cam/image_rect_color/compressedDepth/depth_quantization] by /usb_cam/image_proc
[rosmaster.master][INFO] 2019-12-27 22:09:39,475: +PARAM [/usb_cam/image_rect_color/compressedDepth/png_level] by /usb_cam/image_proc
[rosmaster.master][INFO] 2019-12-27 22:09:39,476: +PARAM [/usb_cam/image_rect_color/compressedDepth/depth_max] by /usb_cam/image_proc
[rosmaster.master][INFO] 2019-12-27 22:09:39,477: +PARAM [/usb_cam/image_rect_color/compressedDepth/depth_quantization] by /usb_cam/image_proc
[rosmaster.master][INFO] 2019-12-27 22:09:39,477: +PARAM [/usb_cam/image_rect_color/compressedDepth/png_level] by /usb_cam/image_proc
[rosmaster.master][INFO] 2019-12-27 22:09:39,478: +PUB [/usb_cam/image_rect_color/compressed] /usb_cam/image_proc http://itachi-HP-Pavilion-Laptop-15-cc1xx:41073/
[rosmaster.master][INFO] 2019-12-27 22:09:39,479: +SERVICE [/usb_cam/image_rect_color/compressed/set_parameters] /usb_cam/image_proc http://itachi-HP-Pavilion-Laptop-15-cc1xx:41073/
[rosmaster.master][INFO] 2019-12-27 22:09:39,479: +PUB [/usb_cam/image_rect_color/compressed/parameter_descriptions] /usb_cam/image_proc http://itachi-HP-Pavilion-Laptop-15-cc1xx:41073/
[rosmaster.master][INFO] 2019-12-27 22:09:39,480: +PUB [/usb_cam/image_rect_color/compressed/parameter_updates] /usb_cam/image_proc http://itachi-HP-Pavilion-Laptop-15-cc1xx:41073/
[rosmaster.master][INFO] 2019-12-27 22:09:39,482: +PARAM [/usb_cam/image_rect_color/compressed/format] by /usb_cam/image_proc
[rosmaster.master][INFO] 2019-12-27 22:09:39,482: +PARAM [/usb_cam/image_rect_color/compressed/jpeg_quality] by /usb_cam/image_proc
[rosmaster.master][INFO] 2019-12-27 22:09:39,483: +PARAM [/usb_cam/image_rect_color/compressed/png_level] by /usb_cam/image_proc
[rosmaster.master][INFO] 2019-12-27 22:09:39,484: +PARAM [/usb_cam/image_rect_color/compressed/format] by /usb_cam/image_proc
[rosmaster.master][INFO] 2019-12-27 22:09:39,484: +PARAM [/usb_cam/image_rect_color/compressed/jpeg_quality] by /usb_cam/image_proc
[rosmaster.master][INFO] 2019-12-27 22:09:39,486: +PARAM [/usb_cam/image_rect_color/compressed/png_level] by /usb_cam/image_proc
[rosmaster.master][INFO] 2019-12-27 22:09:39,487: +PUB [/usb_cam/image_rect_color] /usb_cam/image_proc http://itachi-HP-Pavilion-Laptop-15-cc1xx:41073/
[rosmaster.master][INFO] 2019-12-27 22:09:39,488: +PUB [/usb_cam/image_rect_color/theora] /usb_cam/image_proc http://itachi-HP-Pavilion-Laptop-15-cc1xx:41073/
[rosmaster.master][INFO] 2019-12-27 22:09:39,488: +SERVICE [/usb_cam/image_rect_color/theora/set_parameters] /usb_cam/image_proc http://itachi-HP-Pavilion-Laptop-15-cc1xx:41073/
[rosmaster.master][INFO] 2019-12-27 22:09:39,489: +PUB [/usb_cam/image_rect_color/theora/parameter_descriptions] /usb_cam/image_proc http://itachi-HP-Pavilion-Laptop-15-cc1xx:41073/
[rosmaster.master][INFO] 2019-12-27 22:09:39,490: +PUB [/usb_cam/image_rect_color/theora/parameter_updates] /usb_cam/image_proc http://itachi-HP-Pavilion-Laptop-15-cc1xx:41073/
[rosmaster.master][INFO] 2019-12-27 22:09:39,492: +PARAM [/usb_cam/image_rect_color/theora/optimize_for] by /usb_cam/image_proc
[rosmaster.master][INFO] 2019-12-27 22:09:39,493: +PARAM [/usb_cam/image_rect_color/theora/target_bitrate] by /usb_cam/image_proc
[rosmaster.master][INFO] 2019-12-27 22:09:39,493: +PARAM [/usb_cam/image_rect_color/theora/quality] by /usb_cam/image_proc
[rosmaster.master][INFO] 2019-12-27 22:09:39,494: +PARAM [/usb_cam/image_rect_color/theora/keyframe_frequency] by /usb_cam/image_proc
[rosmaster.master][INFO] 2019-12-27 22:09:39,495: +PARAM [/usb_cam/image_rect_color/theora/optimize_for] by /usb_cam/image_proc
[rosmaster.master][INFO] 2019-12-27 22:09:39,495: +PARAM [/usb_cam/image_rect_color/theora/target_bitrate] by /usb_cam/image_proc
[rosmaster.master][INFO] 2019-12-27 22:09:39,496: +PARAM [/usb_cam/image_rect_color/theora/quality] by /usb_cam/image_proc
[rosmaster.master][INFO] 2019-12-27 22:09:39,497: +PARAM [/usb_cam/image_rect_color/theora/keyframe_frequency] by /usb_cam/image_proc
[rosmaster.master][INFO] 2019-12-27 22:09:39,515: publisherUpdate[/usb_cam/image_rect_color] -> http://itachi-HP-Pavilion-Laptop-15-cc1xx:36231/ ['http://itachi-HP-Pavilion-Laptop-15-cc1xx:41073/']
[rosmaster.master][INFO] 2019-12-27 22:09:39,516: publisherUpdate[/usb_cam/image_rect_color] -> http://itachi-HP-Pavilion-Laptop-15-cc1xx:36231/ ['http://itachi-HP-Pavilion-Laptop-15-cc1xx:41073/']: sec=0.00, result=[1, '', 0]
[rosmaster.master][INFO] 2019-12-27 22:09:39,632: +SUB [/usb_cam/image_color] /usb_cam/image_proc http://itachi-HP-Pavilion-Laptop-15-cc1xx:41073/
[rosmaster.master][INFO] 2019-12-27 22:09:39,635: +SUB [/usb_cam/camera_info] /usb_cam/image_proc http://itachi-HP-Pavilion-Laptop-15-cc1xx:41073/
[rosmaster.master][INFO] 2019-12-27 22:09:39,638: +SUB [/usb_cam/image_raw] /usb_cam/image_proc http://itachi-HP-Pavilion-Laptop-15-cc1xx:41073/
[rosmaster.master][INFO] 2019-12-27 22:09:43,040: +PUB [/rosout] /DroneNode http://itachi-HP-Pavilion-Laptop-15-cc1xx:33759/
[rosmaster.master][INFO] 2019-12-27 22:09:43,041: +SERVICE [/DroneNode/get_loggers] /DroneNode http://itachi-HP-Pavilion-Laptop-15-cc1xx:33759/
[rosmaster.master][INFO] 2019-12-27 22:09:43,041: +SERVICE [/DroneNode/set_logger_level] /DroneNode http://itachi-HP-Pavilion-Laptop-15-cc1xx:33759/
[rosmaster.master][INFO] 2019-12-27 22:09:43,047: +SUB [/drone_command] /DroneNode http://itachi-HP-Pavilion-Laptop-15-cc1xx:33759/
[rosmaster.master][INFO] 2019-12-27 22:09:43,125: publisherUpdate[/rosout] -> http://itachi-HP-Pavilion-Laptop-15-cc1xx:36063/ ['http://itachi-HP-Pavilion-Laptop-15-cc1xx:40475/', 'http://itachi-HP-Pavilion-Laptop-15-cc1xx:41073/', 'http://itachi-HP-Pavilion-Laptop-15-cc1xx:36231/', 'http://itachi-HP-Pavilion-Laptop-15-cc1xx:36163/', 'http://itachi-HP-Pavilion-Laptop-15-cc1xx:33759/']
[rosmaster.master][INFO] 2019-12-27 22:09:43,126: publisherUpdate[/rosout] -> http://itachi-HP-Pavilion-Laptop-15-cc1xx:36063/ ['http://itachi-HP-Pavilion-Laptop-15-cc1xx:40475/', 'http://itachi-HP-Pavilion-Laptop-15-cc1xx:41073/', 'http://itachi-HP-Pavilion-Laptop-15-cc1xx:36231/', 'http://itachi-HP-Pavilion-Laptop-15-cc1xx:36163/', 'http://itachi-HP-Pavilion-Laptop-15-cc1xx:33759/']: sec=0.00, result=[1, '', 0]
[rosmaster.master][INFO] 2019-12-27 22:09:45,385: +PUB [/rosout] /drone_control http://itachi-HP-Pavilion-Laptop-15-cc1xx:45411/
[rosmaster.master][INFO] 2019-12-27 22:09:45,390: +SERVICE [/drone_control/get_loggers] /drone_control http://itachi-HP-Pavilion-Laptop-15-cc1xx:45411/
[rosmaster.master][INFO] 2019-12-27 22:09:45,391: +SERVICE [/drone_control/set_logger_level] /drone_control http://itachi-HP-Pavilion-Laptop-15-cc1xx:45411/
[rosmaster.master][INFO] 2019-12-27 22:09:45,392: +PUB [/drone_command] /drone_control http://itachi-HP-Pavilion-Laptop-15-cc1xx:45411/
[rosmaster.master][INFO] 2019-12-27 22:09:45,394: +PUB [/alt_error] /drone_control http://itachi-HP-Pavilion-Laptop-15-cc1xx:45411/
[rosmaster.master][INFO] 2019-12-27 22:09:45,396: +PUB [/pitch_error] /drone_control http://itachi-HP-Pavilion-Laptop-15-cc1xx:45411/
[rosmaster.master][INFO] 2019-12-27 22:09:45,397: +PUB [/roll_error] /drone_control http://itachi-HP-Pavilion-Laptop-15-cc1xx:45411/
[rosmaster.master][INFO] 2019-12-27 22:09:45,400: +PUB [/error_sample] /drone_control http://itachi-HP-Pavilion-Laptop-15-cc1xx:45411/
[rosmaster.master][INFO] 2019-12-27 22:09:45,403: +PUB [/error_sample1] /drone_control http://itachi-HP-Pavilion-Laptop-15-cc1xx:45411/
[rosmaster.master][INFO] 2019-12-27 22:09:45,407: +PUB [/error_sample2] /drone_control http://itachi-HP-Pavilion-Laptop-15-cc1xx:45411/
[rosmaster.master][INFO] 2019-12-27 22:09:45,409: +PUB [/error_sample3] /drone_control http://itachi-HP-Pavilion-Laptop-15-cc1xx:45411/
[rosmaster.master][INFO] 2019-12-27 22:09:45,413: +SUB [/whycon/poses] /drone_control http://itachi-HP-Pavilion-Laptop-15-cc1xx:45411/
[rosmaster.master][INFO] 2019-12-27 22:09:45,418: +SUB [/pid_tuning_altitude] /drone_control http://itachi-HP-Pavilion-Laptop-15-cc1xx:45411/
[rosmaster.master][INFO] 2019-12-27 22:09:45,420: +SUB [/pid_tuning_pitch] /drone_control http://itachi-HP-Pavilion-Laptop-15-cc1xx:45411/
[rosmaster.master][INFO] 2019-12-27 22:09:45,425: +SUB [/pid_tuning_roll] /drone_control http://itachi-HP-Pavilion-Laptop-15-cc1xx:45411/
[rosmaster.master][INFO] 2019-12-27 22:09:45,432: publisherUpdate[/rosout] -> http://itachi-HP-Pavilion-Laptop-15-cc1xx:36063/ ['http://itachi-HP-Pavilion-Laptop-15-cc1xx:40475/', 'http://itachi-HP-Pavilion-Laptop-15-cc1xx:41073/', 'http://itachi-HP-Pavilion-Laptop-15-cc1xx:36231/', 'http://itachi-HP-Pavilion-Laptop-15-cc1xx:36163/', 'http://itachi-HP-Pavilion-Laptop-15-cc1xx:33759/', 'http://itachi-HP-Pavilion-Laptop-15-cc1xx:45411/']
[rosmaster.master][INFO] 2019-12-27 22:09:45,433: publisherUpdate[/drone_command] -> http://itachi-HP-Pavilion-Laptop-15-cc1xx:33759/ ['http://itachi-HP-Pavilion-Laptop-15-cc1xx:45411/']
[rosmaster.master][INFO] 2019-12-27 22:09:45,434: publisherUpdate[/rosout] -> http://itachi-HP-Pavilion-Laptop-15-cc1xx:36063/ ['http://itachi-HP-Pavilion-Laptop-15-cc1xx:40475/', 'http://itachi-HP-Pavilion-Laptop-15-cc1xx:41073/', 'http://itachi-HP-Pavilion-Laptop-15-cc1xx:36231/', 'http://itachi-HP-Pavilion-Laptop-15-cc1xx:36163/', 'http://itachi-HP-Pavilion-Laptop-15-cc1xx:33759/', 'http://itachi-HP-Pavilion-Laptop-15-cc1xx:45411/']: sec=0.00, result=[1, '', 0]
[rosmaster.master][INFO] 2019-12-27 22:09:45,435: publisherUpdate[/drone_command] -> http://itachi-HP-Pavilion-Laptop-15-cc1xx:33759/ ['http://itachi-HP-Pavilion-Laptop-15-cc1xx:45411/']: sec=0.00, result=[1, '', 0]
[rosmaster.master][INFO] 2019-12-27 22:13:06,015: -SERVICE [/usb_cam/get_loggers] /usb_cam rosrpc://itachi-HP-Pavilion-Laptop-15-cc1xx:49075
[rosmaster.master][INFO] 2019-12-27 22:13:06,016: -SERVICE [/usb_cam/set_logger_level] /usb_cam rosrpc://itachi-HP-Pavilion-Laptop-15-cc1xx:49075
[rosmaster.master][INFO] 2019-12-27 22:13:06,017: -SERVICE [/usb_cam/image_raw/compressedDepth/set_parameters] /usb_cam rosrpc://itachi-HP-Pavilion-Laptop-15-cc1xx:49075
[rosmaster.master][INFO] 2019-12-27 22:13:06,017: -SERVICE [/usb_cam/image_raw/compressed/set_parameters] /usb_cam rosrpc://itachi-HP-Pavilion-Laptop-15-cc1xx:49075
[rosmaster.master][INFO] 2019-12-27 22:13:06,018: -SERVICE [/usb_cam/image_raw/theora/set_parameters] /usb_cam rosrpc://itachi-HP-Pavilion-Laptop-15-cc1xx:49075
[rosmaster.master][INFO] 2019-12-27 22:13:06,018: -SERVICE [/usb_cam/set_camera_info] /usb_cam rosrpc://itachi-HP-Pavilion-Laptop-15-cc1xx:49075
[rosmaster.master][INFO] 2019-12-27 22:13:06,019: -SERVICE [/usb_cam/start_capture] /usb_cam rosrpc://itachi-HP-Pavilion-Laptop-15-cc1xx:49075
[rosmaster.master][INFO] 2019-12-27 22:13:06,019: -SERVICE [/usb_cam/stop_capture] /usb_cam rosrpc://itachi-HP-Pavilion-Laptop-15-cc1xx:49075
[rosmaster.master][INFO] 2019-12-27 22:13:06,191: -PUB [/rosout] /usb_cam http://itachi-HP-Pavilion-Laptop-15-cc1xx:40475/
[rosmaster.master][INFO] 2019-12-27 22:13:06,192: -PUB [/usb_cam/image_raw/compressedDepth] /usb_cam http://itachi-HP-Pavilion-Laptop-15-cc1xx:40475/
[rosmaster.master][INFO] 2019-12-27 22:13:06,192: -PUB [/usb_cam/image_raw/compressedDepth/parameter_descriptions] /usb_cam http://itachi-HP-Pavilion-Laptop-15-cc1xx:40475/
[rosmaster.master][INFO] 2019-12-27 22:13:06,192: publisherUpdate[/rosout] -> http://itachi-HP-Pavilion-Laptop-15-cc1xx:36063/ ['http://itachi-HP-Pavilion-Laptop-15-cc1xx:41073/', 'http://itachi-HP-Pavilion-Laptop-15-cc1xx:36231/', 'http://itachi-HP-Pavilion-Laptop-15-cc1xx:36163/', 'http://itachi-HP-Pavilion-Laptop-15-cc1xx:33759/', 'http://itachi-HP-Pavilion-Laptop-15-cc1xx:45411/']
[rosmaster.master][INFO] 2019-12-27 22:13:06,193: publisherUpdate[/rosout] -> http://itachi-HP-Pavilion-Laptop-15-cc1xx:36063/ ['http://itachi-HP-Pavilion-Laptop-15-cc1xx:41073/', 'http://itachi-HP-Pavilion-Laptop-15-cc1xx:36231/', 'http://itachi-HP-Pavilion-Laptop-15-cc1xx:36163/', 'http://itachi-HP-Pavilion-Laptop-15-cc1xx:33759/', 'http://itachi-HP-Pavilion-Laptop-15-cc1xx:45411/']: sec=0.00, result=[1, '', 0]
[rosmaster.master][INFO] 2019-12-27 22:13:06,193: -PUB [/usb_cam/image_raw/compressedDepth/parameter_updates] /usb_cam http://itachi-HP-Pavilion-Laptop-15-cc1xx:40475/
[rosmaster.master][INFO] 2019-12-27 22:13:06,194: -PUB [/usb_cam/image_raw/compressed] /usb_cam http://itachi-HP-Pavilion-Laptop-15-cc1xx:40475/
[rosmaster.master][INFO] 2019-12-27 22:13:06,194: -PUB [/usb_cam/image_raw/compressed/parameter_descriptions] /usb_cam http://itachi-HP-Pavilion-Laptop-15-cc1xx:40475/
[rosmaster.master][INFO] 2019-12-27 22:13:06,195: -PUB [/usb_cam/image_raw/compressed/parameter_updates] /usb_cam http://itachi-HP-Pavilion-Laptop-15-cc1xx:40475/
[rosmaster.master][INFO] 2019-12-27 22:13:06,195: -PUB [/usb_cam/image_raw] /usb_cam http://itachi-HP-Pavilion-Laptop-15-cc1xx:40475/
[rosmaster.master][INFO] 2019-12-27 22:13:06,196: -PUB [/usb_cam/image_raw/theora] /usb_cam http://itachi-HP-Pavilion-Laptop-15-cc1xx:40475/
[rosmaster.master][INFO] 2019-12-27 22:13:06,197: -PUB [/usb_cam/image_raw/theora/parameter_descriptions] /usb_cam http://itachi-HP-Pavilion-Laptop-15-cc1xx:40475/
[rosmaster.master][INFO] 2019-12-27 22:13:06,197: -PUB [/usb_cam/image_raw/theora/parameter_updates] /usb_cam http://itachi-HP-Pavilion-Laptop-15-cc1xx:40475/
[rosmaster.master][INFO] 2019-12-27 22:13:06,197: -PUB [/usb_cam/camera_info] /usb_cam http://itachi-HP-Pavilion-Laptop-15-cc1xx:40475/
[rosmaster.master][INFO] 2019-12-27 22:13:06,261: publisherUpdate[/usb_cam/image_raw] -> http://itachi-HP-Pavilion-Laptop-15-cc1xx:41073/ []
[rosmaster.master][INFO] 2019-12-27 22:13:06,261: publisherUpdate[/usb_cam/image_raw] -> http://itachi-HP-Pavilion-Laptop-15-cc1xx:41073/ []: sec=0.00, result=[1, '', 0]
[rosmaster.master][INFO] 2019-12-27 22:13:06,262: publisherUpdate[/usb_cam/camera_info] -> http://itachi-HP-Pavilion-Laptop-15-cc1xx:36231/ []
[rosmaster.master][INFO] 2019-12-27 22:13:06,262: publisherUpdate[/usb_cam/camera_info] -> http://itachi-HP-Pavilion-Laptop-15-cc1xx:36231/ []: sec=0.00, result=[1, '', 0]
[rosmaster.master][INFO] 2019-12-27 22:13:06,262: publisherUpdate[/usb_cam/camera_info] -> http://itachi-HP-Pavilion-Laptop-15-cc1xx:41073/ []
[rosmaster.master][INFO] 2019-12-27 22:13:06,263: publisherUpdate[/usb_cam/camera_info] -> http://itachi-HP-Pavilion-Laptop-15-cc1xx:41073/ []: sec=0.00, result=[1, '', 0]
[rosmaster.master][INFO] 2019-12-27 22:13:11,576: -PUB [/rosout] /DroneNode http://itachi-HP-Pavilion-Laptop-15-cc1xx:33759/
[rosmaster.master][INFO] 2019-12-27 22:13:11,577: -SUB [/drone_command] /DroneNode http://itachi-HP-Pavilion-Laptop-15-cc1xx:33759/
[rosmaster.master][INFO] 2019-12-27 22:13:11,578: -SERVICE [/DroneNode/get_loggers] /DroneNode rosrpc://itachi-HP-Pavilion-Laptop-15-cc1xx:56303
[rosmaster.master][INFO] 2019-12-27 22:13:11,579: -SERVICE [/DroneNode/set_logger_level] /DroneNode rosrpc://itachi-HP-Pavilion-Laptop-15-cc1xx:56303
[rosmaster.master][INFO] 2019-12-27 22:13:11,586: publisherUpdate[/rosout] -> http://itachi-HP-Pavilion-Laptop-15-cc1xx:36063/ ['http://itachi-HP-Pavilion-Laptop-15-cc1xx:41073/', 'http://itachi-HP-Pavilion-Laptop-15-cc1xx:36231/', 'http://itachi-HP-Pavilion-Laptop-15-cc1xx:36163/', 'http://itachi-HP-Pavilion-Laptop-15-cc1xx:45411/']
[rosmaster.master][INFO] 2019-12-27 22:13:11,587: publisherUpdate[/rosout] -> http://itachi-HP-Pavilion-Laptop-15-cc1xx:36063/ ['http://itachi-HP-Pavilion-Laptop-15-cc1xx:41073/', 'http://itachi-HP-Pavilion-Laptop-15-cc1xx:36231/', 'http://itachi-HP-Pavilion-Laptop-15-cc1xx:36163/', 'http://itachi-HP-Pavilion-Laptop-15-cc1xx:45411/']: sec=0.00, result=[1, '', 0]
[rosmaster.master][INFO] 2019-12-27 22:13:14,049: +PUB [/rosout] /DroneNode http://itachi-HP-Pavilion-Laptop-15-cc1xx:46079/
[rosmaster.master][INFO] 2019-12-27 22:13:14,049: +SERVICE [/DroneNode/get_loggers] /DroneNode http://itachi-HP-Pavilion-Laptop-15-cc1xx:46079/
[rosmaster.master][INFO] 2019-12-27 22:13:14,050: +SERVICE [/DroneNode/set_logger_level] /DroneNode http://itachi-HP-Pavilion-Laptop-15-cc1xx:46079/
[rosmaster.master][INFO] 2019-12-27 22:13:14,054: +SUB [/drone_command] /DroneNode http://itachi-HP-Pavilion-Laptop-15-cc1xx:46079/
[rosmaster.master][INFO] 2019-12-27 22:13:14,076: publisherUpdate[/rosout] -> http://itachi-HP-Pavilion-Laptop-15-cc1xx:36063/ ['http://itachi-HP-Pavilion-Laptop-15-cc1xx:41073/', 'http://itachi-HP-Pavilion-Laptop-15-cc1xx:36231/', 'http://itachi-HP-Pavilion-Laptop-15-cc1xx:36163/', 'http://itachi-HP-Pavilion-Laptop-15-cc1xx:45411/', 'http://itachi-HP-Pavilion-Laptop-15-cc1xx:46079/']
[rosmaster.master][INFO] 2019-12-27 22:13:14,077: publisherUpdate[/rosout] -> http://itachi-HP-Pavilion-Laptop-15-cc1xx:36063/ ['http://itachi-HP-Pavilion-Laptop-15-cc1xx:41073/', 'http://itachi-HP-Pavilion-Laptop-15-cc1xx:36231/', 'http://itachi-HP-Pavilion-Laptop-15-cc1xx:36163/', 'http://itachi-HP-Pavilion-Laptop-15-cc1xx:45411/', 'http://itachi-HP-Pavilion-Laptop-15-cc1xx:46079/']: sec=0.00, result=[1, '', 0]
[rosmaster.master][INFO] 2019-12-27 22:13:15,181: -PUB [/rosout] /DroneNode http://itachi-HP-Pavilion-Laptop-15-cc1xx:46079/
[rosmaster.master][INFO] 2019-12-27 22:13:15,182: -SUB [/drone_command] /DroneNode http://itachi-HP-Pavilion-Laptop-15-cc1xx:46079/
[rosmaster.master][INFO] 2019-12-27 22:13:15,182: -SERVICE [/DroneNode/get_loggers] /DroneNode rosrpc://itachi-HP-Pavilion-Laptop-15-cc1xx:58101
[rosmaster.master][INFO] 2019-12-27 22:13:15,183: -SERVICE [/DroneNode/set_logger_level] /DroneNode rosrpc://itachi-HP-Pavilion-Laptop-15-cc1xx:58101
[rosmaster.master][INFO] 2019-12-27 22:13:15,193: publisherUpdate[/rosout] -> http://itachi-HP-Pavilion-Laptop-15-cc1xx:36063/ ['http://itachi-HP-Pavilion-Laptop-15-cc1xx:41073/', 'http://itachi-HP-Pavilion-Laptop-15-cc1xx:36231/', 'http://itachi-HP-Pavilion-Laptop-15-cc1xx:36163/', 'http://itachi-HP-Pavilion-Laptop-15-cc1xx:45411/']
[rosmaster.master][INFO] 2019-12-27 22:13:15,194: publisherUpdate[/rosout] -> http://itachi-HP-Pavilion-Laptop-15-cc1xx:36063/ ['http://itachi-HP-Pavilion-Laptop-15-cc1xx:41073/', 'http://itachi-HP-Pavilion-Laptop-15-cc1xx:36231/', 'http://itachi-HP-Pavilion-Laptop-15-cc1xx:36163/', 'http://itachi-HP-Pavilion-Laptop-15-cc1xx:45411/']: sec=0.00, result=[1, '', 0]
[rosmaster.master][INFO] 2019-12-27 22:13:16,533: -SUB [/pid_tuning_pitch] /drone_control http://itachi-HP-Pavilion-Laptop-15-cc1xx:45411/
[rosmaster.master][INFO] 2019-12-27 22:13:16,534: -SUB [/pid_tuning_roll] /drone_control http://itachi-HP-Pavilion-Laptop-15-cc1xx:45411/
[rosmaster.master][INFO] 2019-12-27 22:13:16,534: -SUB [/whycon/poses] /drone_control http://itachi-HP-Pavilion-Laptop-15-cc1xx:45411/
[rosmaster.master][INFO] 2019-12-27 22:13:16,534: -SUB [/pid_tuning_altitude] /drone_control http://itachi-HP-Pavilion-Laptop-15-cc1xx:45411/
[rosmaster.master][INFO] 2019-12-27 22:13:16,535: -PUB [/pitch_error] /drone_control http://itachi-HP-Pavilion-Laptop-15-cc1xx:45411/
[rosmaster.master][INFO] 2019-12-27 22:13:16,535: -PUB [/rosout] /drone_control http://itachi-HP-Pavilion-Laptop-15-cc1xx:45411/
[rosmaster.master][INFO] 2019-12-27 22:13:16,535: -PUB [/alt_error] /drone_control http://itachi-HP-Pavilion-Laptop-15-cc1xx:45411/
[rosmaster.master][INFO] 2019-12-27 22:13:16,536: -PUB [/drone_command] /drone_control http://itachi-HP-Pavilion-Laptop-15-cc1xx:45411/
[rosmaster.master][INFO] 2019-12-27 22:13:16,536: -PUB [/error_sample2] /drone_control http://itachi-HP-Pavilion-Laptop-15-cc1xx:45411/
[rosmaster.master][INFO] 2019-12-27 22:13:16,537: -PUB [/error_sample] /drone_control http://itachi-HP-Pavilion-Laptop-15-cc1xx:45411/
[rosmaster.master][INFO] 2019-12-27 22:13:16,537: -PUB [/error_sample1] /drone_control http://itachi-HP-Pavilion-Laptop-15-cc1xx:45411/
[rosmaster.master][INFO] 2019-12-27 22:13:16,537: -PUB [/roll_error] /drone_control http://itachi-HP-Pavilion-Laptop-15-cc1xx:45411/
[rosmaster.master][INFO] 2019-12-27 22:13:16,538: -PUB [/error_sample3] /drone_control http://itachi-HP-Pavilion-Laptop-15-cc1xx:45411/
[rosmaster.master][INFO] 2019-12-27 22:13:16,538: -SERVICE [/drone_control/get_loggers] /drone_control rosrpc://itachi-HP-Pavilion-Laptop-15-cc1xx:34899
[rosmaster.master][INFO] 2019-12-27 22:13:16,538: -SERVICE [/drone_control/set_logger_level] /drone_control rosrpc://itachi-HP-Pavilion-Laptop-15-cc1xx:34899
[rosmaster.master][INFO] 2019-12-27 22:13:16,581: publisherUpdate[/rosout] -> http://itachi-HP-Pavilion-Laptop-15-cc1xx:36063/ ['http://itachi-HP-Pavilion-Laptop-15-cc1xx:41073/', 'http://itachi-HP-Pavilion-Laptop-15-cc1xx:36231/', 'http://itachi-HP-Pavilion-Laptop-15-cc1xx:36163/']
[rosmaster.master][INFO] 2019-12-27 22:13:16,582: publisherUpdate[/rosout] -> http://itachi-HP-Pavilion-Laptop-15-cc1xx:36063/ ['http://itachi-HP-Pavilion-Laptop-15-cc1xx:41073/', 'http://itachi-HP-Pavilion-Laptop-15-cc1xx:36231/', 'http://itachi-HP-Pavilion-Laptop-15-cc1xx:36163/']: sec=0.00, result=[1, '', 0]
[rosmaster.master][INFO] 2019-12-27 22:14:46,358: -PUB [/rosout] /whycon http://itachi-HP-Pavilion-Laptop-15-cc1xx:36231/
[rosmaster.master][INFO] 2019-12-27 22:14:46,359: -PUB [/tf] /whycon http://itachi-HP-Pavilion-Laptop-15-cc1xx:36231/
[rosmaster.master][INFO] 2019-12-27 22:14:46,360: -PUB [/whycon/image_out] /whycon http://itachi-HP-Pavilion-Laptop-15-cc1xx:36231/
[rosmaster.master][INFO] 2019-12-27 22:14:46,360: -PUB [/whycon/poses] /whycon http://itachi-HP-Pavilion-Laptop-15-cc1xx:36231/
[rosmaster.master][INFO] 2019-12-27 22:14:46,360: -PUB [/whycon/context] /whycon http://itachi-HP-Pavilion-Laptop-15-cc1xx:36231/
[rosmaster.master][INFO] 2019-12-27 22:14:46,361: -PUB [/whycon/projection] /whycon http://itachi-HP-Pavilion-Laptop-15-cc1xx:36231/
[rosmaster.master][INFO] 2019-12-27 22:14:46,361: -SUB [/usb_cam/image_rect_color] /whycon http://itachi-HP-Pavilion-Laptop-15-cc1xx:36231/
[rosmaster.master][INFO] 2019-12-27 22:14:46,362: -SUB [/usb_cam/camera_info] /whycon http://itachi-HP-Pavilion-Laptop-15-cc1xx:36231/
[rosmaster.master][INFO] 2019-12-27 22:14:46,362: -SERVICE [/whycon/get_loggers] /whycon rosrpc://itachi-HP-Pavilion-Laptop-15-cc1xx:59529
[rosmaster.master][INFO] 2019-12-27 22:14:46,363: -SERVICE [/whycon/set_logger_level] /whycon rosrpc://itachi-HP-Pavilion-Laptop-15-cc1xx:59529
[rosmaster.master][INFO] 2019-12-27 22:14:46,363: -SERVICE [/whycon/reset] /whycon rosrpc://itachi-HP-Pavilion-Laptop-15-cc1xx:59529
[rosmaster.master][INFO] 2019-12-27 22:14:46,366: -PUB [/rosout] /whycon_display/image_view http://itachi-HP-Pavilion-Laptop-15-cc1xx:36163/
[rosmaster.master][INFO] 2019-12-27 22:14:46,366: -PUB [/whycon_display/image_view/output] /whycon_display/image_view http://itachi-HP-Pavilion-Laptop-15-cc1xx:36163/
[rosmaster.master][INFO] 2019-12-27 22:14:46,367: -PUB [/whycon_display/image_view/parameter_descriptions] /whycon_display/image_view http://itachi-HP-Pavilion-Laptop-15-cc1xx:36163/
[rosmaster.master][INFO] 2019-12-27 22:14:46,367: -PUB [/whycon_display/image_view/parameter_updates] /whycon_display/image_view http://itachi-HP-Pavilion-Laptop-15-cc1xx:36163/
[rosmaster.master][INFO] 2019-12-27 22:14:46,368: -SUB [/whycon/image_out] /whycon_display/image_view http://itachi-HP-Pavilion-Laptop-15-cc1xx:36163/
[rosmaster.master][INFO] 2019-12-27 22:14:46,368: -SERVICE [/whycon_display/image_view/get_loggers] /whycon_display/image_view rosrpc://itachi-HP-Pavilion-Laptop-15-cc1xx:44333
[rosmaster.master][INFO] 2019-12-27 22:14:46,369: -SERVICE [/whycon_display/image_view/set_logger_level] /whycon_display/image_view rosrpc://itachi-HP-Pavilion-Laptop-15-cc1xx:44333
[rosmaster.master][INFO] 2019-12-27 22:14:46,369: -SERVICE [/whycon_display/image_view/set_parameters] /whycon_display/image_view rosrpc://itachi-HP-Pavilion-Laptop-15-cc1xx:44333
[rosmaster.master][INFO] 2019-12-27 22:14:46,383: publisherUpdate[/rosout] -> http://itachi-HP-Pavilion-Laptop-15-cc1xx:36063/ ['http://itachi-HP-Pavilion-Laptop-15-cc1xx:41073/', 'http://itachi-HP-Pavilion-Laptop-15-cc1xx:36163/']
[rosmaster.master][INFO] 2019-12-27 22:14:46,386: publisherUpdate[/rosout] -> http://itachi-HP-Pavilion-Laptop-15-cc1xx:36063/ ['http://itachi-HP-Pavilion-Laptop-15-cc1xx:41073/', 'http://itachi-HP-Pavilion-Laptop-15-cc1xx:36163/']: sec=0.00, result=[1, '', 0]
[rosmaster.master][INFO] 2019-12-27 22:14:46,387: publisherUpdate[/whycon/image_out] -> http://itachi-HP-Pavilion-Laptop-15-cc1xx:36163/ []
[rosmaster.master][INFO] 2019-12-27 22:14:46,387: publisherUpdate[/whycon/image_out] -> http://itachi-HP-Pavilion-Laptop-15-cc1xx:36163/ []: sec=0.00, exception=[Errno 111] Connection refused
[rosmaster.threadpool][ERROR] 2019-12-27 22:14:46,388: Traceback (most recent call last):
  File "/opt/ros/kinetic/lib/python2.7/dist-packages/rosmaster/threadpool.py", line 218, in run
    result = cmd(*args)
  File "/opt/ros/kinetic/lib/python2.7/dist-packages/rosmaster/master_api.py", line 210, in publisher_update_task
    ret = xmlrpcapi(api).publisherUpdate('/master', topic, pub_uris)
  File "/usr/lib/python2.7/xmlrpclib.py", line 1243, in __call__
    return self.__send(self.__name, args)
  File "/usr/lib/python2.7/xmlrpclib.py", line 1602, in __request
    verbose=self.__verbose
  File "/usr/lib/python2.7/xmlrpclib.py", line 1283, in request
    return self.single_request(host, handler, request_body, verbose)
  File "/usr/lib/python2.7/xmlrpclib.py", line 1311, in single_request
    self.send_content(h, request_body)
  File "/usr/lib/python2.7/xmlrpclib.py", line 1459, in send_content
    connection.endheaders(request_body)
  File "/usr/lib/python2.7/httplib.py", line 1069, in endheaders
    self._send_output(message_body)
  File "/usr/lib/python2.7/httplib.py", line 907, in _send_output
    self.send(msg)
  File "/usr/lib/python2.7/httplib.py", line 869, in send
    self.connect()
  File "/usr/lib/python2.7/httplib.py", line 846, in connect
    self.timeout, self.source_address)
  File "/usr/lib/python2.7/socket.py", line 575, in create_connection
    raise err
error: [Errno 111] Connection refused

[rosmaster.master][INFO] 2019-12-27 22:14:46,388: publisherUpdate[/rosout] -> http://itachi-HP-Pavilion-Laptop-15-cc1xx:36063/ ['http://itachi-HP-Pavilion-Laptop-15-cc1xx:41073/']
[rosmaster.master][INFO] 2019-12-27 22:14:46,389: publisherUpdate[/rosout] -> http://itachi-HP-Pavilion-Laptop-15-cc1xx:36063/ ['http://itachi-HP-Pavilion-Laptop-15-cc1xx:41073/']: sec=0.00, result=[1, '', 0]
[rosmaster.master][INFO] 2019-12-27 22:14:46,459: -PUB [/rosout] /usb_cam/image_proc http://itachi-HP-Pavilion-Laptop-15-cc1xx:41073/
[rosmaster.master][INFO] 2019-12-27 22:14:46,459: -PUB [/usb_cam/image_proc_debayer/parameter_descriptions] /usb_cam/image_proc http://itachi-HP-Pavilion-Laptop-15-cc1xx:41073/
[rosmaster.master][INFO] 2019-12-27 22:14:46,460: -PUB [/usb_cam/image_proc_debayer/parameter_updates] /usb_cam/image_proc http://itachi-HP-Pavilion-Laptop-15-cc1xx:41073/
[rosmaster.master][INFO] 2019-12-27 22:14:46,461: -PUB [/usb_cam/image_mono/compressedDepth] /usb_cam/image_proc http://itachi-HP-Pavilion-Laptop-15-cc1xx:41073/
[rosmaster.master][INFO] 2019-12-27 22:14:46,461: -PUB [/usb_cam/image_mono/compressedDepth/parameter_descriptions] /usb_cam/image_proc http://itachi-HP-Pavilion-Laptop-15-cc1xx:41073/
[rosmaster.master][INFO] 2019-12-27 22:14:46,462: -PUB [/usb_cam/image_mono/compressedDepth/parameter_updates] /usb_cam/image_proc http://itachi-HP-Pavilion-Laptop-15-cc1xx:41073/
[rosmaster.master][INFO] 2019-12-27 22:14:46,462: -PUB [/usb_cam/image_mono/compressed] /usb_cam/image_proc http://itachi-HP-Pavilion-Laptop-15-cc1xx:41073/
[rosmaster.master][INFO] 2019-12-27 22:14:46,464: -PUB [/usb_cam/image_mono/compressed/parameter_descriptions] /usb_cam/image_proc http://itachi-HP-Pavilion-Laptop-15-cc1xx:41073/
[rosmaster.master][INFO] 2019-12-27 22:14:46,465: -PUB [/usb_cam/image_mono/compressed/parameter_updates] /usb_cam/image_proc http://itachi-HP-Pavilion-Laptop-15-cc1xx:41073/
[rosmaster.master][INFO] 2019-12-27 22:14:46,466: -PUB [/usb_cam/image_mono] /usb_cam/image_proc http://itachi-HP-Pavilion-Laptop-15-cc1xx:41073/
[rosmaster.master][INFO] 2019-12-27 22:14:46,466: -PUB [/usb_cam/image_mono/theora] /usb_cam/image_proc http://itachi-HP-Pavilion-Laptop-15-cc1xx:41073/
[rosmaster.master][INFO] 2019-12-27 22:14:46,467: -PUB [/usb_cam/image_mono/theora/parameter_descriptions] /usb_cam/image_proc http://itachi-HP-Pavilion-Laptop-15-cc1xx:41073/
[rosmaster.master][INFO] 2019-12-27 22:14:46,468: -PUB [/usb_cam/image_mono/theora/parameter_updates] /usb_cam/image_proc http://itachi-HP-Pavilion-Laptop-15-cc1xx:41073/
[rosmaster.master][INFO] 2019-12-27 22:14:46,468: -PUB [/usb_cam/image_color/compressedDepth] /usb_cam/image_proc http://itachi-HP-Pavilion-Laptop-15-cc1xx:41073/
[rosmaster.master][INFO] 2019-12-27 22:14:46,469: -PUB [/usb_cam/image_color/compressedDepth/parameter_descriptions] /usb_cam/image_proc http://itachi-HP-Pavilion-Laptop-15-cc1xx:41073/
[rosmaster.master][INFO] 2019-12-27 22:14:46,469: -PUB [/usb_cam/image_color/compressedDepth/parameter_updates] /usb_cam/image_proc http://itachi-HP-Pavilion-Laptop-15-cc1xx:41073/
[rosmaster.master][INFO] 2019-12-27 22:14:46,470: -PUB [/usb_cam/image_color/compressed] /usb_cam/image_proc http://itachi-HP-Pavilion-Laptop-15-cc1xx:41073/
[rosmaster.master][INFO] 2019-12-27 22:14:46,471: -PUB [/usb_cam/image_color/compressed/parameter_descriptions] /usb_cam/image_proc http://itachi-HP-Pavilion-Laptop-15-cc1xx:41073/
[rosmaster.master][INFO] 2019-12-27 22:14:46,471: -PUB [/usb_cam/image_color/compressed/parameter_updates] /usb_cam/image_proc http://itachi-HP-Pavilion-Laptop-15-cc1xx:41073/
[rosmaster.master][INFO] 2019-12-27 22:14:46,472: -PUB [/usb_cam/image_color] /usb_cam/image_proc http://itachi-HP-Pavilion-Laptop-15-cc1xx:41073/
[rosmaster.master][INFO] 2019-12-27 22:14:46,472: -PUB [/usb_cam/image_color/theora] /usb_cam/image_proc http://itachi-HP-Pavilion-Laptop-15-cc1xx:41073/
[rosmaster.master][INFO] 2019-12-27 22:14:46,473: -PUB [/usb_cam/image_color/theora/parameter_descriptions] /usb_cam/image_proc http://itachi-HP-Pavilion-Laptop-15-cc1xx:41073/
[rosmaster.master][INFO] 2019-12-27 22:14:46,473: -PUB [/usb_cam/image_color/theora/parameter_updates] /usb_cam/image_proc http://itachi-HP-Pavilion-Laptop-15-cc1xx:41073/
[rosmaster.master][INFO] 2019-12-27 22:14:46,474: -PUB [/usb_cam/image_proc_rectify_mono/parameter_descriptions] /usb_cam/image_proc http://itachi-HP-Pavilion-Laptop-15-cc1xx:41073/
[rosmaster.master][INFO] 2019-12-27 22:14:46,474: -PUB [/usb_cam/image_proc_rectify_mono/parameter_updates] /usb_cam/image_proc http://itachi-HP-Pavilion-Laptop-15-cc1xx:41073/
[rosmaster.master][INFO] 2019-12-27 22:14:46,475: -PUB [/usb_cam/image_rect/compressedDepth] /usb_cam/image_proc http://itachi-HP-Pavilion-Laptop-15-cc1xx:41073/
[rosmaster.master][INFO] 2019-12-27 22:14:46,475: -PUB [/usb_cam/image_rect/compressedDepth/parameter_descriptions] /usb_cam/image_proc http://itachi-HP-Pavilion-Laptop-15-cc1xx:41073/
[rosmaster.master][INFO] 2019-12-27 22:14:46,476: -PUB [/usb_cam/image_rect/compressedDepth/parameter_updates] /usb_cam/image_proc http://itachi-HP-Pavilion-Laptop-15-cc1xx:41073/
[rosmaster.master][INFO] 2019-12-27 22:14:46,476: -PUB [/usb_cam/image_rect/compressed] /usb_cam/image_proc http://itachi-HP-Pavilion-Laptop-15-cc1xx:41073/
[rosmaster.master][INFO] 2019-12-27 22:14:46,477: -PUB [/usb_cam/image_rect/compressed/parameter_descriptions] /usb_cam/image_proc http://itachi-HP-Pavilion-Laptop-15-cc1xx:41073/
[rosmaster.master][INFO] 2019-12-27 22:14:46,477: -PUB [/usb_cam/image_rect/compressed/parameter_updates] /usb_cam/image_proc http://itachi-HP-Pavilion-Laptop-15-cc1xx:41073/
[rosmaster.master][INFO] 2019-12-27 22:14:46,478: -PUB [/usb_cam/image_rect] /usb_cam/image_proc http://itachi-HP-Pavilion-Laptop-15-cc1xx:41073/
[rosmaster.master][INFO] 2019-12-27 22:14:46,478: -PUB [/usb_cam/image_rect/theora] /usb_cam/image_proc http://itachi-HP-Pavilion-Laptop-15-cc1xx:41073/
[rosmaster.master][INFO] 2019-12-27 22:14:46,479: -PUB [/usb_cam/image_rect/theora/parameter_descriptions] /usb_cam/image_proc http://itachi-HP-Pavilion-Laptop-15-cc1xx:41073/
[rosmaster.master][INFO] 2019-12-27 22:14:46,479: -PUB [/usb_cam/image_rect/theora/parameter_updates] /usb_cam/image_proc http://itachi-HP-Pavilion-Laptop-15-cc1xx:41073/
[rosmaster.master][INFO] 2019-12-27 22:14:46,480: -PUB [/usb_cam/image_proc_rectify_color/parameter_descriptions] /usb_cam/image_proc http://itachi-HP-Pavilion-Laptop-15-cc1xx:41073/
[rosmaster.master][INFO] 2019-12-27 22:14:46,482: -PUB [/usb_cam/image_proc_rectify_color/parameter_updates] /usb_cam/image_proc http://itachi-HP-Pavilion-Laptop-15-cc1xx:41073/
[rosmaster.master][INFO] 2019-12-27 22:14:46,483: -PUB [/usb_cam/image_rect_color/compressedDepth] /usb_cam/image_proc http://itachi-HP-Pavilion-Laptop-15-cc1xx:41073/
[rosmaster.master][INFO] 2019-12-27 22:14:46,483: -PUB [/usb_cam/image_rect_color/compressedDepth/parameter_descriptions] /usb_cam/image_proc http://itachi-HP-Pavilion-Laptop-15-cc1xx:41073/
[rosmaster.master][INFO] 2019-12-27 22:14:46,484: -PUB [/usb_cam/image_rect_color/compressedDepth/parameter_updates] /usb_cam/image_proc http://itachi-HP-Pavilion-Laptop-15-cc1xx:41073/
[rosmaster.master][INFO] 2019-12-27 22:14:46,484: -PUB [/usb_cam/image_rect_color/compressed] /usb_cam/image_proc http://itachi-HP-Pavilion-Laptop-15-cc1xx:41073/
[rosmaster.master][INFO] 2019-12-27 22:14:46,485: -PUB [/usb_cam/image_rect_color/compressed/parameter_descriptions] /usb_cam/image_proc http://itachi-HP-Pavilion-Laptop-15-cc1xx:41073/
[rosmaster.master][INFO] 2019-12-27 22:14:46,485: -PUB [/usb_cam/image_rect_color/compressed/parameter_updates] /usb_cam/image_proc http://itachi-HP-Pavilion-Laptop-15-cc1xx:41073/
[rosmaster.master][INFO] 2019-12-27 22:14:46,486: -PUB [/usb_cam/image_rect_color] /usb_cam/image_proc http://itachi-HP-Pavilion-Laptop-15-cc1xx:41073/
[rosmaster.master][INFO] 2019-12-27 22:14:46,486: -PUB [/usb_cam/image_rect_color/theora] /usb_cam/image_proc http://itachi-HP-Pavilion-Laptop-15-cc1xx:41073/
[rosmaster.master][INFO] 2019-12-27 22:14:46,487: -PUB [/usb_cam/image_rect_color/theora/parameter_descriptions] /usb_cam/image_proc http://itachi-HP-Pavilion-Laptop-15-cc1xx:41073/
[rosmaster.master][INFO] 2019-12-27 22:14:46,487: -PUB [/usb_cam/image_rect_color/theora/parameter_updates] /usb_cam/image_proc http://itachi-HP-Pavilion-Laptop-15-cc1xx:41073/
[rosmaster.master][INFO] 2019-12-27 22:14:46,488: -SUB [/usb_cam/image_color] /usb_cam/image_proc http://itachi-HP-Pavilion-Laptop-15-cc1xx:41073/
[rosmaster.master][INFO] 2019-12-27 22:14:46,489: -SUB [/usb_cam/camera_info] /usb_cam/image_proc http://itachi-HP-Pavilion-Laptop-15-cc1xx:41073/
[rosmaster.master][INFO] 2019-12-27 22:14:46,489: publisherUpdate[/rosout] -> http://itachi-HP-Pavilion-Laptop-15-cc1xx:36063/ []
[rosmaster.master][INFO] 2019-12-27 22:14:46,489: -SUB [/usb_cam/image_raw] /usb_cam/image_proc http://itachi-HP-Pavilion-Laptop-15-cc1xx:41073/
[rosmaster.master][INFO] 2019-12-27 22:14:46,490: publisherUpdate[/rosout] -> http://itachi-HP-Pavilion-Laptop-15-cc1xx:36063/ []: sec=0.00, result=[1, '', 0]
[rosmaster.master][INFO] 2019-12-27 22:14:46,490: publisherUpdate[/usb_cam/image_color] -> http://itachi-HP-Pavilion-Laptop-15-cc1xx:41073/ []
[rosmaster.master][INFO] 2019-12-27 22:14:46,490: publisherUpdate[/usb_cam/image_color] -> http://itachi-HP-Pavilion-Laptop-15-cc1xx:41073/ []: sec=0.00, exception=<Fault -1: 'publisherUpdate: unknown method name'>
[rosmaster.master][INFO] 2019-12-27 22:14:46,491: -SERVICE [/usb_cam/image_proc/get_loggers] /usb_cam/image_proc rosrpc://itachi-HP-Pavilion-Laptop-15-cc1xx:44703
[rosmaster.threadpool][ERROR] 2019-12-27 22:14:46,491: Traceback (most recent call last):
  File "/opt/ros/kinetic/lib/python2.7/dist-packages/rosmaster/threadpool.py", line 218, in run
    result = cmd(*args)
  File "/opt/ros/kinetic/lib/python2.7/dist-packages/rosmaster/master_api.py", line 210, in publisher_update_task
    ret = xmlrpcapi(api).publisherUpdate('/master', topic, pub_uris)
  File "/usr/lib/python2.7/xmlrpclib.py", line 1243, in __call__
    return self.__send(self.__name, args)
  File "/usr/lib/python2.7/xmlrpclib.py", line 1602, in __request
    verbose=self.__verbose
  File "/usr/lib/python2.7/xmlrpclib.py", line 1283, in request
    return self.single_request(host, handler, request_body, verbose)
  File "/usr/lib/python2.7/xmlrpclib.py", line 1316, in single_request
    return self.parse_response(response)
  File "/usr/lib/python2.7/xmlrpclib.py", line 1493, in parse_response
    return u.close()
  File "/usr/lib/python2.7/xmlrpclib.py", line 800, in close
    raise Fault(**self._stack[0])
Fault: <Fault -1: 'publisherUpdate: unknown method name'>

[rosmaster.master][INFO] 2019-12-27 22:14:46,491: -SERVICE [/usb_cam/image_proc/set_logger_level] /usb_cam/image_proc rosrpc://itachi-HP-Pavilion-Laptop-15-cc1xx:44703
[rosmaster.master][INFO] 2019-12-27 22:14:46,492: -SERVICE [/usb_cam/image_proc_debayer/set_parameters] /usb_cam/image_proc rosrpc://itachi-HP-Pavilion-Laptop-15-cc1xx:44703
[rosmaster.master][INFO] 2019-12-27 22:14:46,492: -SERVICE [/usb_cam/image_mono/compressedDepth/set_parameters] /usb_cam/image_proc rosrpc://itachi-HP-Pavilion-Laptop-15-cc1xx:44703
[rosmaster.master][INFO] 2019-12-27 22:14:46,493: -SERVICE [/usb_cam/image_mono/compressed/set_parameters] /usb_cam/image_proc rosrpc://itachi-HP-Pavilion-Laptop-15-cc1xx:44703
[rosmaster.master][INFO] 2019-12-27 22:14:46,493: -SERVICE [/usb_cam/image_mono/theora/set_parameters] /usb_cam/image_proc rosrpc://itachi-HP-Pavilion-Laptop-15-cc1xx:44703
[rosmaster.master][INFO] 2019-12-27 22:14:46,493: -SERVICE [/usb_cam/image_color/compressedDepth/set_parameters] /usb_cam/image_proc rosrpc://itachi-HP-Pavilion-Laptop-15-cc1xx:44703
[rosmaster.master][INFO] 2019-12-27 22:14:46,494: -SERVICE [/usb_cam/image_color/compressed/set_parameters] /usb_cam/image_proc rosrpc://itachi-HP-Pavilion-Laptop-15-cc1xx:44703
[rosmaster.master][INFO] 2019-12-27 22:14:46,494: -SERVICE [/usb_cam/image_color/theora/set_parameters] /usb_cam/image_proc rosrpc://itachi-HP-Pavilion-Laptop-15-cc1xx:44703
[rosmaster.master][INFO] 2019-12-27 22:14:46,495: -SERVICE [/usb_cam/image_proc_rectify_mono/set_parameters] /usb_cam/image_proc rosrpc://itachi-HP-Pavilion-Laptop-15-cc1xx:44703
[rosmaster.master][INFO] 2019-12-27 22:14:46,495: -SERVICE [/usb_cam/image_rect/compressedDepth/set_parameters] /usb_cam/image_proc rosrpc://itachi-HP-Pavilion-Laptop-15-cc1xx:44703
[rosmaster.master][INFO] 2019-12-27 22:14:46,496: -SERVICE [/usb_cam/image_rect/compressed/set_parameters] /usb_cam/image_proc rosrpc://itachi-HP-Pavilion-Laptop-15-cc1xx:44703
[rosmaster.master][INFO] 2019-12-27 22:14:46,496: -SERVICE [/usb_cam/image_rect/theora/set_parameters] /usb_cam/image_proc rosrpc://itachi-HP-Pavilion-Laptop-15-cc1xx:44703
[rosmaster.master][INFO] 2019-12-27 22:14:46,497: -SERVICE [/usb_cam/image_proc_rectify_color/set_parameters] /usb_cam/image_proc rosrpc://itachi-HP-Pavilion-Laptop-15-cc1xx:44703
[rosmaster.master][INFO] 2019-12-27 22:14:46,498: -SERVICE [/usb_cam/image_rect_color/compressedDepth/set_parameters] /usb_cam/image_proc rosrpc://itachi-HP-Pavilion-Laptop-15-cc1xx:44703
[rosmaster.master][INFO] 2019-12-27 22:14:46,499: -SERVICE [/usb_cam/image_rect_color/compressed/set_parameters] /usb_cam/image_proc rosrpc://itachi-HP-Pavilion-Laptop-15-cc1xx:44703
[rosmaster.master][INFO] 2019-12-27 22:14:46,500: -SERVICE [/usb_cam/image_rect_color/theora/set_parameters] /usb_cam/image_proc rosrpc://itachi-HP-Pavilion-Laptop-15-cc1xx:44703
[rosmaster.master][INFO] 2019-12-27 22:14:48,394: -PUB [/rosout_agg] /rosout http://itachi-HP-Pavilion-Laptop-15-cc1xx:36063/
[rosmaster.master][INFO] 2019-12-27 22:14:48,394: -SUB [/rosout] /rosout http://itachi-HP-Pavilion-Laptop-15-cc1xx:36063/
[rosmaster.master][INFO] 2019-12-27 22:14:48,395: -SERVICE [/rosout/get_loggers] /rosout rosrpc://itachi-HP-Pavilion-Laptop-15-cc1xx:58793
[rosmaster.master][INFO] 2019-12-27 22:14:48,395: -SERVICE [/rosout/set_logger_level] /rosout rosrpc://itachi-HP-Pavilion-Laptop-15-cc1xx:58793
[rosmaster.main][INFO] 2019-12-27 22:14:48,491: keyboard interrupt, will exit
[rosmaster.main][INFO] 2019-12-27 22:14:48,492: stopping master...
[rospy.core][INFO] 2019-12-27 22:14:48,492: signal_shutdown [atexit]
