[rospy.client][INFO] 2019-12-21 15:59:26,967: init_node, name[/edrone/joint_state_publisher], pid[32307]
[xmlrpc][INFO] 2019-12-21 15:59:26,967: XML-RPC server binding to 0.0.0.0:0
[xmlrpc][INFO] 2019-12-21 15:59:26,967: Started XML-RPC server [http://itachi-HP-Pavilion-Laptop-15-cc1xx:43483/]
[rospy.init][INFO] 2019-12-21 15:59:26,968: ROS Slave URI: [http://itachi-HP-Pavilion-Laptop-15-cc1xx:43483/]
[rospy.impl.masterslave][INFO] 2019-12-21 15:59:26,968: _ready: http://itachi-HP-Pavilion-Laptop-15-cc1xx:43483/
[rospy.registration][INFO] 2019-12-21 15:59:26,968: Registering with master node http://localhost:11311
[xmlrpc][INFO] 2019-12-21 15:59:26,968: xml rpc node: starting XML-RPC server
[rospy.init][INFO] 2019-12-21 15:59:27,068: registered with master
[rospy.rosout][INFO] 2019-12-21 15:59:27,068: initializing /rosout core topic
[rospy.rosout][INFO] 2019-12-21 15:59:27,070: connected to core topic /rosout
[rospy.simtime][INFO] 2019-12-21 15:59:27,071: initializing /clock core topic
[rospy.simtime][INFO] 2019-12-21 15:59:27,073: connected to core topic /clock
[rospy.internal][INFO] 2019-12-21 15:59:27,296: topic[/rosout] adding connection to [/rosout], count 0
[rospy.internal][INFO] 2019-12-21 15:59:27,396: topic[/edrone/joint_states] adding connection to [/edrone/robot_state_publisher], count 0
[rospy.internal][INFO] 2019-12-21 15:59:27,449: topic[/clock] adding connection to [http://itachi-HP-Pavilion-Laptop-15-cc1xx:41751/], count 0
[rospy.core][INFO] 2019-12-21 16:17:01,381: signal_shutdown [signal-2]
[rospy.internal][INFO] 2019-12-21 16:17:01,384: topic[/edrone/joint_states] removing connection to /edrone/robot_state_publisher
[rospy.internal][INFO] 2019-12-21 16:17:01,385: topic[/rosout] removing connection to /rosout
[rospy.internal][INFO] 2019-12-21 16:17:01,385: topic[/clock] removing connection to http://itachi-HP-Pavilion-Laptop-15-cc1xx:41751/
[rospy.impl.masterslave][INFO] 2019-12-21 16:17:01,386: signal-2
[rospy.core][INFO] 2019-12-21 16:17:01,501: signal_shutdown [atexit]
