[rospy.client][INFO] 2019-12-26 15:20:07,489: init_node, name[/edrone/spawn_edrone], pid[2758]
[xmlrpc][INFO] 2019-12-26 15:20:07,489: XML-RPC server binding to 0.0.0.0:0
[xmlrpc][INFO] 2019-12-26 15:20:07,490: Started XML-RPC server [http://itachi-HP-Pavilion-Laptop-15-cc1xx:43783/]
[rospy.init][INFO] 2019-12-26 15:20:07,490: ROS Slave URI: [http://itachi-HP-Pavilion-Laptop-15-cc1xx:43783/]
[rospy.impl.masterslave][INFO] 2019-12-26 15:20:07,490: _ready: http://itachi-HP-Pavilion-Laptop-15-cc1xx:43783/
[rospy.registration][INFO] 2019-12-26 15:20:07,491: Registering with master node http://localhost:11311
[xmlrpc][INFO] 2019-12-26 15:20:07,491: xml rpc node: starting XML-RPC server
[rospy.init][INFO] 2019-12-26 15:20:07,590: registered with master
[rospy.rosout][INFO] 2019-12-26 15:20:07,591: initializing /rosout core topic
[rospy.rosout][INFO] 2019-12-26 15:20:07,597: connected to core topic /rosout
[rospy.simtime][INFO] 2019-12-26 15:20:07,600: initializing /clock core topic
[rospy.simtime][INFO] 2019-12-26 15:20:07,607: connected to core topic /clock
[rosout][INFO] 2019-12-26 15:20:07,616: Loading model XML from ros parameter
[rosout][INFO] 2019-12-26 15:20:07,627: Waiting for service /gazebo/spawn_urdf_model
[rospy.internal][INFO] 2019-12-26 15:20:07,773: topic[/rosout] adding connection to [/rosout], count 0
[rosout][INFO] 2019-12-26 15:20:08,838: Calling service /gazebo/spawn_urdf_model
[rospy.internal][INFO] 2019-12-26 15:20:08,920: topic[/clock] adding connection to [http://itachi-HP-Pavilion-Laptop-15-cc1xx:40817/], count 0
[rosout][INFO] 2019-12-26 15:20:09,234: Spawn status: SpawnModel: Successfully spawned entity
[rospy.core][INFO] 2019-12-26 15:20:09,235: signal_shutdown [atexit]
[rospy.internal][INFO] 2019-12-26 15:20:09,238: topic[/rosout] removing connection to /rosout
[rospy.internal][INFO] 2019-12-26 15:20:09,238: topic[/clock] removing connection to http://itachi-HP-Pavilion-Laptop-15-cc1xx:40817/
[rospy.topics][ERROR] 2019-12-26 15:20:09,306: Traceback (most recent call last):
  File "/opt/ros/kinetic/lib/python2.7/dist-packages/rospy/topics.py", line 326, in close
    c.close()
  File "/opt/ros/kinetic/lib/python2.7/dist-packages/rospy/impl/tcpros_base.py", line 838, in close
    self.socket.close()
AttributeError: 'NoneType' object has no attribute 'close'

[rospy.impl.masterslave][INFO] 2019-12-26 15:20:09,307: atexit
[rospy.internal][WARNING] 2019-12-26 15:20:09,307: Unknown error initiating TCP/IP socket to itachi-HP-Pavilion-Laptop-15-cc1xx:44877 (http://itachi-HP-Pavilion-Laptop-15-cc1xx:40817/): Traceback (most recent call last):
  File "/opt/ros/kinetic/lib/python2.7/dist-packages/rospy/impl/tcpros_base.py", line 557, in connect
    self.read_header()
  File "/opt/ros/kinetic/lib/python2.7/dist-packages/rospy/impl/tcpros_base.py", line 650, in read_header
    self._validate_header(read_ros_handshake_header(sock, self.read_buff, self.protocol.buff_size))
AttributeError: 'NoneType' object has no attribute 'buff_size'

