[rosmaster.main][INFO] 2020-02-27 13:50:22,349: initialization complete, waiting for shutdown
[rosmaster.main][INFO] 2020-02-27 13:50:22,349: Starting ROS Master Node
[xmlrpc][INFO] 2020-02-27 13:50:22,350: XML-RPC server binding to 0.0.0.0:11311
[xmlrpc][INFO] 2020-02-27 13:50:22,350: Started XML-RPC server [http://itachi-HP-Pavilion-Laptop-15-cc1xx:11311/]
[rosmaster.master][INFO] 2020-02-27 13:50:22,350: Master initialized: port[11311], uri[http://itachi-HP-Pavilion-Laptop-15-cc1xx:11311/]
[xmlrpc][INFO] 2020-02-27 13:50:22,350: xml rpc node: starting XML-RPC server
[rosmaster.master][INFO] 2020-02-27 13:50:22,409: +PARAM [/run_id] by /roslaunch
[rosmaster.master][INFO] 2020-02-27 13:50:22,412: +PARAM [/roslaunch/uris/host_itachi_hp_pavilion_laptop_15_cc1xx__41541] by /roslaunch
[rosmaster.master][INFO] 2020-02-27 13:50:22,510: +PARAM [/rosdistro] by /roslaunch
[rosmaster.master][INFO] 2020-02-27 13:50:22,511: +PARAM [/monitor/start_with_countdown] by /roslaunch
[rosmaster.master][INFO] 2020-02-27 13:50:22,511: +PARAM [/monitor/print_time] by /roslaunch
[rosmaster.master][INFO] 2020-02-27 13:50:22,511: +PARAM [/monitor/path_rel_to_pkg] by /roslaunch
[rosmaster.master][INFO] 2020-02-27 13:50:22,511: +PARAM [/monitor/start_on_base] by /roslaunch
[rosmaster.master][INFO] 2020-02-27 13:50:22,511: +PARAM [/rosversion] by /roslaunch
[rosmaster.master][INFO] 2020-02-27 13:50:22,511: +PARAM [/monitor/num_beacons] by /roslaunch
[rosmaster.master][INFO] 2020-02-27 13:50:22,511: +PARAM [/monitor/countdown] by /roslaunch
[rosmaster.master][INFO] 2020-02-27 13:50:22,511: +PARAM [/monitor/package_name] by /roslaunch
[rosmaster.master][INFO] 2020-02-27 13:50:22,511: +PARAM [/monitor/continuous_hovering] by /roslaunch
[rosmaster.master][INFO] 2020-02-27 13:50:22,511: +PARAM [/monitor/stats_topic_rate] by /roslaunch
[rosmaster.master][INFO] 2020-02-27 13:50:22,513: +SERVICE [/rosout/get_loggers] /rosout http://itachi-HP-Pavilion-Laptop-15-cc1xx:37879/
[rosmaster.master][INFO] 2020-02-27 13:50:22,513: +SERVICE [/rosout/set_logger_level] /rosout http://itachi-HP-Pavilion-Laptop-15-cc1xx:37879/
[rosmaster.master][INFO] 2020-02-27 13:50:22,515: +PUB [/rosout_agg] /rosout http://itachi-HP-Pavilion-Laptop-15-cc1xx:37879/
[rosmaster.master][INFO] 2020-02-27 13:50:22,518: +SUB [/rosout] /rosout http://itachi-HP-Pavilion-Laptop-15-cc1xx:37879/
[rosmaster.master][INFO] 2020-02-27 13:50:22,792: +PUB [/decision_info] /scheduler http://itachi-HP-Pavilion-Laptop-15-cc1xx:45779/
[rosmaster.master][INFO] 2020-02-27 13:50:22,793: +SUB [/serviced_info] /scheduler http://itachi-HP-Pavilion-Laptop-15-cc1xx:45779/
[rosmaster.master][INFO] 2020-02-27 13:50:22,794: +SUB [/detection_info] /scheduler http://itachi-HP-Pavilion-Laptop-15-cc1xx:45779/
[rosmaster.master][INFO] 2020-02-27 13:50:22,797: +PUB [/rosout] /monitor http://itachi-HP-Pavilion-Laptop-15-cc1xx:38575/
[rosmaster.master][INFO] 2020-02-27 13:50:22,799: +SERVICE [/monitor/get_loggers] /monitor http://itachi-HP-Pavilion-Laptop-15-cc1xx:38575/
[rosmaster.master][INFO] 2020-02-27 13:50:22,800: +SERVICE [/monitor/set_logger_level] /monitor http://itachi-HP-Pavilion-Laptop-15-cc1xx:38575/
[rosmaster.master][INFO] 2020-02-27 13:50:22,829: +SUB [/whycon/poses] /monitor http://itachi-HP-Pavilion-Laptop-15-cc1xx:38575/
[rosmaster.master][INFO] 2020-02-27 13:50:22,832: +SUB [/decision_info] /monitor http://itachi-HP-Pavilion-Laptop-15-cc1xx:38575/
[rosmaster.master][INFO] 2020-02-27 13:50:22,833: +SUB [/detection_info] /monitor http://itachi-HP-Pavilion-Laptop-15-cc1xx:38575/
[rosmaster.master][INFO] 2020-02-27 13:50:22,835: +SUB [/arm_status] /monitor http://itachi-HP-Pavilion-Laptop-15-cc1xx:38575/
[rosmaster.master][INFO] 2020-02-27 13:50:22,836: +PUB [/stats_sr] /monitor http://itachi-HP-Pavilion-Laptop-15-cc1xx:38575/
[rosmaster.master][INFO] 2020-02-27 13:50:22,837: +PUB [/serviced_info] /monitor http://itachi-HP-Pavilion-Laptop-15-cc1xx:38575/
[rosmaster.master][INFO] 2020-02-27 13:50:22,838: +PUB [/led_control_topic] /monitor http://itachi-HP-Pavilion-Laptop-15-cc1xx:38575/
[rosmaster.master][INFO] 2020-02-27 13:50:22,838: +PUB [/base_cell_int_topic] /monitor http://itachi-HP-Pavilion-Laptop-15-cc1xx:38575/
[rosmaster.master][INFO] 2020-02-27 13:50:22,850: publisherUpdate[/rosout] -> http://itachi-HP-Pavilion-Laptop-15-cc1xx:37879/ ['http://itachi-HP-Pavilion-Laptop-15-cc1xx:38575/']
[rosmaster.master][INFO] 2020-02-27 13:50:22,850: publisherUpdate[/serviced_info] -> http://itachi-HP-Pavilion-Laptop-15-cc1xx:45779/ ['http://itachi-HP-Pavilion-Laptop-15-cc1xx:38575/']
[rosmaster.master][INFO] 2020-02-27 13:50:22,856: publisherUpdate[/rosout] -> http://itachi-HP-Pavilion-Laptop-15-cc1xx:37879/ ['http://itachi-HP-Pavilion-Laptop-15-cc1xx:38575/']: sec=0.01, result=[1, '', 0]
[rosmaster.master][INFO] 2020-02-27 13:50:22,859: publisherUpdate[/serviced_info] -> http://itachi-HP-Pavilion-Laptop-15-cc1xx:45779/ ['http://itachi-HP-Pavilion-Laptop-15-cc1xx:38575/']: sec=0.01, result=[1, '', 0]
[rosmaster.master][INFO] 2020-02-27 13:50:22,890: +PUB [/rosout] /sr_beacon_detector http://itachi-HP-Pavilion-Laptop-15-cc1xx:32937/
[rosmaster.master][INFO] 2020-02-27 13:50:22,896: +PUB [/rosout] /scheduler http://itachi-HP-Pavilion-Laptop-15-cc1xx:45779/
[rosmaster.master][INFO] 2020-02-27 13:50:22,898: +SERVICE [/sr_beacon_detector/get_loggers] /sr_beacon_detector http://itachi-HP-Pavilion-Laptop-15-cc1xx:32937/
[rosmaster.master][INFO] 2020-02-27 13:50:22,903: +SERVICE [/sr_beacon_detector/set_logger_level] /sr_beacon_detector http://itachi-HP-Pavilion-Laptop-15-cc1xx:32937/
[rosmaster.master][INFO] 2020-02-27 13:50:22,905: +SERVICE [/scheduler/get_loggers] /scheduler http://itachi-HP-Pavilion-Laptop-15-cc1xx:45779/
[rosmaster.master][INFO] 2020-02-27 13:50:22,908: +PUB [/detection_info] /sr_beacon_detector http://itachi-HP-Pavilion-Laptop-15-cc1xx:32937/
[rosmaster.master][INFO] 2020-02-27 13:50:22,910: +SERVICE [/scheduler/set_logger_level] /scheduler http://itachi-HP-Pavilion-Laptop-15-cc1xx:45779/
[rosmaster.master][INFO] 2020-02-27 13:50:22,915: +SUB [/usb_cam/image_rect_color] /sr_beacon_detector http://itachi-HP-Pavilion-Laptop-15-cc1xx:32937/
[rosmaster.master][INFO] 2020-02-27 13:50:22,951: publisherUpdate[/rosout] -> http://itachi-HP-Pavilion-Laptop-15-cc1xx:37879/ ['http://itachi-HP-Pavilion-Laptop-15-cc1xx:38575/', 'http://itachi-HP-Pavilion-Laptop-15-cc1xx:32937/']
[rosmaster.master][INFO] 2020-02-27 13:50:22,953: publisherUpdate[/rosout] -> http://itachi-HP-Pavilion-Laptop-15-cc1xx:37879/ ['http://itachi-HP-Pavilion-Laptop-15-cc1xx:38575/', 'http://itachi-HP-Pavilion-Laptop-15-cc1xx:32937/']: sec=0.00, result=[1, '', 0]
[rosmaster.master][INFO] 2020-02-27 13:50:22,954: publisherUpdate[/rosout] -> http://itachi-HP-Pavilion-Laptop-15-cc1xx:37879/ ['http://itachi-HP-Pavilion-Laptop-15-cc1xx:38575/', 'http://itachi-HP-Pavilion-Laptop-15-cc1xx:32937/', 'http://itachi-HP-Pavilion-Laptop-15-cc1xx:45779/']
[rosmaster.master][INFO] 2020-02-27 13:50:22,956: publisherUpdate[/rosout] -> http://itachi-HP-Pavilion-Laptop-15-cc1xx:37879/ ['http://itachi-HP-Pavilion-Laptop-15-cc1xx:38575/', 'http://itachi-HP-Pavilion-Laptop-15-cc1xx:32937/', 'http://itachi-HP-Pavilion-Laptop-15-cc1xx:45779/']: sec=0.00, result=[1, '', 0]
[rosmaster.master][INFO] 2020-02-27 13:50:22,956: publisherUpdate[/detection_info] -> http://itachi-HP-Pavilion-Laptop-15-cc1xx:45779/ ['http://itachi-HP-Pavilion-Laptop-15-cc1xx:32937/']
[rosmaster.master][INFO] 2020-02-27 13:50:22,957: publisherUpdate[/detection_info] -> http://itachi-HP-Pavilion-Laptop-15-cc1xx:38575/ ['http://itachi-HP-Pavilion-Laptop-15-cc1xx:32937/']
[rosmaster.master][INFO] 2020-02-27 13:50:22,960: publisherUpdate[/detection_info] -> http://itachi-HP-Pavilion-Laptop-15-cc1xx:45779/ ['http://itachi-HP-Pavilion-Laptop-15-cc1xx:32937/']: sec=0.00, result=[1, '', 0]
[rosmaster.master][INFO] 2020-02-27 13:50:22,961: publisherUpdate[/detection_info] -> http://itachi-HP-Pavilion-Laptop-15-cc1xx:38575/ ['http://itachi-HP-Pavilion-Laptop-15-cc1xx:32937/']: sec=0.00, result=[1, '', 0]
[rosmaster.master][INFO] 2020-02-27 13:50:30,529: +PUB [/rosout] /rostopic_16972_1582791630398 http://itachi-HP-Pavilion-Laptop-15-cc1xx:36293/
[rosmaster.master][INFO] 2020-02-27 13:50:30,539: +SERVICE [/rostopic_16972_1582791630398/get_loggers] /rostopic_16972_1582791630398 http://itachi-HP-Pavilion-Laptop-15-cc1xx:36293/
[rosmaster.master][INFO] 2020-02-27 13:50:30,543: +SERVICE [/rostopic_16972_1582791630398/set_logger_level] /rostopic_16972_1582791630398 http://itachi-HP-Pavilion-Laptop-15-cc1xx:36293/
[rosmaster.master][INFO] 2020-02-27 13:50:30,558: +SUB [/decision_info] /rostopic_16972_1582791630398 http://itachi-HP-Pavilion-Laptop-15-cc1xx:36293/
[rosmaster.master][INFO] 2020-02-27 13:50:30,576: publisherUpdate[/rosout] -> http://itachi-HP-Pavilion-Laptop-15-cc1xx:37879/ ['http://itachi-HP-Pavilion-Laptop-15-cc1xx:38575/', 'http://itachi-HP-Pavilion-Laptop-15-cc1xx:32937/', 'http://itachi-HP-Pavilion-Laptop-15-cc1xx:45779/', 'http://itachi-HP-Pavilion-Laptop-15-cc1xx:36293/']
[rosmaster.master][INFO] 2020-02-27 13:50:30,578: publisherUpdate[/rosout] -> http://itachi-HP-Pavilion-Laptop-15-cc1xx:37879/ ['http://itachi-HP-Pavilion-Laptop-15-cc1xx:38575/', 'http://itachi-HP-Pavilion-Laptop-15-cc1xx:32937/', 'http://itachi-HP-Pavilion-Laptop-15-cc1xx:45779/', 'http://itachi-HP-Pavilion-Laptop-15-cc1xx:36293/']: sec=0.00, result=[1, '', 0]
[rosmaster.master][INFO] 2020-02-27 13:50:35,329: +PUB [/rosout] /rostopic_16994_1582791635198 http://itachi-HP-Pavilion-Laptop-15-cc1xx:34615/
[rosmaster.master][INFO] 2020-02-27 13:50:35,339: +SERVICE [/rostopic_16994_1582791635198/get_loggers] /rostopic_16994_1582791635198 http://itachi-HP-Pavilion-Laptop-15-cc1xx:34615/
[rosmaster.master][INFO] 2020-02-27 13:50:35,343: +SERVICE [/rostopic_16994_1582791635198/set_logger_level] /rostopic_16994_1582791635198 http://itachi-HP-Pavilion-Laptop-15-cc1xx:34615/
[rosmaster.master][INFO] 2020-02-27 13:50:35,360: +SUB [/detection_info] /rostopic_16994_1582791635198 http://itachi-HP-Pavilion-Laptop-15-cc1xx:34615/
[rosmaster.master][INFO] 2020-02-27 13:50:35,392: publisherUpdate[/rosout] -> http://itachi-HP-Pavilion-Laptop-15-cc1xx:37879/ ['http://itachi-HP-Pavilion-Laptop-15-cc1xx:38575/', 'http://itachi-HP-Pavilion-Laptop-15-cc1xx:32937/', 'http://itachi-HP-Pavilion-Laptop-15-cc1xx:45779/', 'http://itachi-HP-Pavilion-Laptop-15-cc1xx:36293/', 'http://itachi-HP-Pavilion-Laptop-15-cc1xx:34615/']
[rosmaster.master][INFO] 2020-02-27 13:50:35,395: publisherUpdate[/rosout] -> http://itachi-HP-Pavilion-Laptop-15-cc1xx:37879/ ['http://itachi-HP-Pavilion-Laptop-15-cc1xx:38575/', 'http://itachi-HP-Pavilion-Laptop-15-cc1xx:32937/', 'http://itachi-HP-Pavilion-Laptop-15-cc1xx:45779/', 'http://itachi-HP-Pavilion-Laptop-15-cc1xx:36293/', 'http://itachi-HP-Pavilion-Laptop-15-cc1xx:34615/']: sec=0.00, result=[1, '', 0]
[rosmaster.master][INFO] 2020-02-27 13:50:38,550: +PUB [/rosout] /rostopic_17016_1582791638418 http://itachi-HP-Pavilion-Laptop-15-cc1xx:34711/
[rosmaster.master][INFO] 2020-02-27 13:50:38,559: +SERVICE [/rostopic_17016_1582791638418/get_loggers] /rostopic_17016_1582791638418 http://itachi-HP-Pavilion-Laptop-15-cc1xx:34711/
[rosmaster.master][INFO] 2020-02-27 13:50:38,563: +SERVICE [/rostopic_17016_1582791638418/set_logger_level] /rostopic_17016_1582791638418 http://itachi-HP-Pavilion-Laptop-15-cc1xx:34711/
[rosmaster.master][INFO] 2020-02-27 13:50:38,580: +SUB [/serviced_info] /rostopic_17016_1582791638418 http://itachi-HP-Pavilion-Laptop-15-cc1xx:34711/
[rosmaster.master][INFO] 2020-02-27 13:50:38,601: publisherUpdate[/rosout] -> http://itachi-HP-Pavilion-Laptop-15-cc1xx:37879/ ['http://itachi-HP-Pavilion-Laptop-15-cc1xx:38575/', 'http://itachi-HP-Pavilion-Laptop-15-cc1xx:32937/', 'http://itachi-HP-Pavilion-Laptop-15-cc1xx:45779/', 'http://itachi-HP-Pavilion-Laptop-15-cc1xx:36293/', 'http://itachi-HP-Pavilion-Laptop-15-cc1xx:34615/', 'http://itachi-HP-Pavilion-Laptop-15-cc1xx:34711/']
[rosmaster.master][INFO] 2020-02-27 13:50:38,603: publisherUpdate[/rosout] -> http://itachi-HP-Pavilion-Laptop-15-cc1xx:37879/ ['http://itachi-HP-Pavilion-Laptop-15-cc1xx:38575/', 'http://itachi-HP-Pavilion-Laptop-15-cc1xx:32937/', 'http://itachi-HP-Pavilion-Laptop-15-cc1xx:45779/', 'http://itachi-HP-Pavilion-Laptop-15-cc1xx:36293/', 'http://itachi-HP-Pavilion-Laptop-15-cc1xx:34615/', 'http://itachi-HP-Pavilion-Laptop-15-cc1xx:34711/']: sec=0.00, result=[1, '', 0]
[rosmaster.master][INFO] 2020-02-27 13:50:41,671: -SUB [/serviced_info] /scheduler http://itachi-HP-Pavilion-Laptop-15-cc1xx:45779/
[rosmaster.master][INFO] 2020-02-27 13:50:41,673: -SUB [/detection_info] /scheduler http://itachi-HP-Pavilion-Laptop-15-cc1xx:45779/
[rosmaster.master][INFO] 2020-02-27 13:50:41,673: -PUB [/rosout] /scheduler http://itachi-HP-Pavilion-Laptop-15-cc1xx:45779/
[rosmaster.master][INFO] 2020-02-27 13:50:41,677: -SUB [/usb_cam/image_rect_color] /sr_beacon_detector http://itachi-HP-Pavilion-Laptop-15-cc1xx:32937/
[rosmaster.master][INFO] 2020-02-27 13:50:41,678: -PUB [/decision_info] /scheduler http://itachi-HP-Pavilion-Laptop-15-cc1xx:45779/
[rosmaster.master][INFO] 2020-02-27 13:50:41,678: -PUB [/detection_info] /sr_beacon_detector http://itachi-HP-Pavilion-Laptop-15-cc1xx:32937/
[rosmaster.master][INFO] 2020-02-27 13:50:41,679: -SERVICE [/scheduler/get_loggers] /scheduler rosrpc://itachi-HP-Pavilion-Laptop-15-cc1xx:46625
[rosmaster.master][INFO] 2020-02-27 13:50:41,679: -PUB [/rosout] /sr_beacon_detector http://itachi-HP-Pavilion-Laptop-15-cc1xx:32937/
[rosmaster.master][INFO] 2020-02-27 13:50:41,680: -SERVICE [/scheduler/set_logger_level] /scheduler rosrpc://itachi-HP-Pavilion-Laptop-15-cc1xx:46625
[rosmaster.master][INFO] 2020-02-27 13:50:41,681: -SERVICE [/sr_beacon_detector/get_loggers] /sr_beacon_detector rosrpc://itachi-HP-Pavilion-Laptop-15-cc1xx:34691
[rosmaster.master][INFO] 2020-02-27 13:50:41,682: -SERVICE [/sr_beacon_detector/set_logger_level] /sr_beacon_detector rosrpc://itachi-HP-Pavilion-Laptop-15-cc1xx:34691
[rosmaster.master][INFO] 2020-02-27 13:50:41,690: -SUB [/whycon/poses] /monitor http://itachi-HP-Pavilion-Laptop-15-cc1xx:38575/
[rosmaster.master][INFO] 2020-02-27 13:50:41,692: -SUB [/detection_info] /monitor http://itachi-HP-Pavilion-Laptop-15-cc1xx:38575/
[rosmaster.master][INFO] 2020-02-27 13:50:41,693: -SUB [/decision_info] /monitor http://itachi-HP-Pavilion-Laptop-15-cc1xx:38575/
[rosmaster.master][INFO] 2020-02-27 13:50:41,694: -SUB [/arm_status] /monitor http://itachi-HP-Pavilion-Laptop-15-cc1xx:38575/
[rosmaster.master][INFO] 2020-02-27 13:50:41,694: -PUB [/serviced_info] /monitor http://itachi-HP-Pavilion-Laptop-15-cc1xx:38575/
[rosmaster.master][INFO] 2020-02-27 13:50:41,695: -PUB [/rosout] /monitor http://itachi-HP-Pavilion-Laptop-15-cc1xx:38575/
[rosmaster.master][INFO] 2020-02-27 13:50:41,695: -PUB [/stats_sr] /monitor http://itachi-HP-Pavilion-Laptop-15-cc1xx:38575/
[rosmaster.master][INFO] 2020-02-27 13:50:41,695: -PUB [/led_control_topic] /monitor http://itachi-HP-Pavilion-Laptop-15-cc1xx:38575/
[rosmaster.master][INFO] 2020-02-27 13:50:41,695: -PUB [/base_cell_int_topic] /monitor http://itachi-HP-Pavilion-Laptop-15-cc1xx:38575/
[rosmaster.master][INFO] 2020-02-27 13:50:41,695: -SERVICE [/monitor/set_logger_level] /monitor rosrpc://itachi-HP-Pavilion-Laptop-15-cc1xx:45751
[rosmaster.master][INFO] 2020-02-27 13:50:41,695: -SERVICE [/monitor/get_loggers] /monitor rosrpc://itachi-HP-Pavilion-Laptop-15-cc1xx:45751
[rosmaster.master][INFO] 2020-02-27 13:50:41,711: publisherUpdate[/rosout] -> http://itachi-HP-Pavilion-Laptop-15-cc1xx:37879/ ['http://itachi-HP-Pavilion-Laptop-15-cc1xx:38575/', 'http://itachi-HP-Pavilion-Laptop-15-cc1xx:32937/', 'http://itachi-HP-Pavilion-Laptop-15-cc1xx:36293/', 'http://itachi-HP-Pavilion-Laptop-15-cc1xx:34615/', 'http://itachi-HP-Pavilion-Laptop-15-cc1xx:34711/']
[rosmaster.master][INFO] 2020-02-27 13:50:41,713: publisherUpdate[/rosout] -> http://itachi-HP-Pavilion-Laptop-15-cc1xx:37879/ ['http://itachi-HP-Pavilion-Laptop-15-cc1xx:38575/', 'http://itachi-HP-Pavilion-Laptop-15-cc1xx:32937/', 'http://itachi-HP-Pavilion-Laptop-15-cc1xx:36293/', 'http://itachi-HP-Pavilion-Laptop-15-cc1xx:34615/', 'http://itachi-HP-Pavilion-Laptop-15-cc1xx:34711/']: sec=0.00, result=[1, '', 0]
[rosmaster.master][INFO] 2020-02-27 13:50:41,713: publisherUpdate[/decision_info] -> http://itachi-HP-Pavilion-Laptop-15-cc1xx:38575/ []
[rosmaster.master][INFO] 2020-02-27 13:50:41,713: publisherUpdate[/decision_info] -> http://itachi-HP-Pavilion-Laptop-15-cc1xx:36293/ []
[rosmaster.master][INFO] 2020-02-27 13:50:41,714: publisherUpdate[/detection_info] -> http://itachi-HP-Pavilion-Laptop-15-cc1xx:34615/ []
[rosmaster.master][INFO] 2020-02-27 13:50:41,719: publisherUpdate[/decision_info] -> http://itachi-HP-Pavilion-Laptop-15-cc1xx:36293/ []: sec=0.00, result=[1, '', 0]
[rosmaster.master][INFO] 2020-02-27 13:50:41,720: publisherUpdate[/detection_info] -> http://itachi-HP-Pavilion-Laptop-15-cc1xx:34615/ []: sec=0.00, result=[1, '', 0]
[rosmaster.master][INFO] 2020-02-27 13:50:41,721: publisherUpdate[/rosout] -> http://itachi-HP-Pavilion-Laptop-15-cc1xx:37879/ ['http://itachi-HP-Pavilion-Laptop-15-cc1xx:38575/', 'http://itachi-HP-Pavilion-Laptop-15-cc1xx:36293/', 'http://itachi-HP-Pavilion-Laptop-15-cc1xx:34615/', 'http://itachi-HP-Pavilion-Laptop-15-cc1xx:34711/']
[rosmaster.master][INFO] 2020-02-27 13:50:41,721: publisherUpdate[/serviced_info] -> http://itachi-HP-Pavilion-Laptop-15-cc1xx:34711/ []
[rosmaster.master][INFO] 2020-02-27 13:50:41,724: publisherUpdate[/rosout] -> http://itachi-HP-Pavilion-Laptop-15-cc1xx:37879/ ['http://itachi-HP-Pavilion-Laptop-15-cc1xx:38575/', 'http://itachi-HP-Pavilion-Laptop-15-cc1xx:36293/', 'http://itachi-HP-Pavilion-Laptop-15-cc1xx:34615/', 'http://itachi-HP-Pavilion-Laptop-15-cc1xx:34711/']: sec=0.00, result=[1, '', 0]
[rosmaster.master][INFO] 2020-02-27 13:50:41,724: publisherUpdate[/rosout] -> http://itachi-HP-Pavilion-Laptop-15-cc1xx:37879/ ['http://itachi-HP-Pavilion-Laptop-15-cc1xx:36293/', 'http://itachi-HP-Pavilion-Laptop-15-cc1xx:34615/', 'http://itachi-HP-Pavilion-Laptop-15-cc1xx:34711/']
[rosmaster.master][INFO] 2020-02-27 13:50:41,727: publisherUpdate[/rosout] -> http://itachi-HP-Pavilion-Laptop-15-cc1xx:37879/ ['http://itachi-HP-Pavilion-Laptop-15-cc1xx:36293/', 'http://itachi-HP-Pavilion-Laptop-15-cc1xx:34615/', 'http://itachi-HP-Pavilion-Laptop-15-cc1xx:34711/']: sec=0.00, result=[1, '', 0]
[rosmaster.master][INFO] 2020-02-27 13:50:41,728: publisherUpdate[/serviced_info] -> http://itachi-HP-Pavilion-Laptop-15-cc1xx:34711/ []: sec=0.00, result=[1, '', 0]
[rosmaster.master][INFO] 2020-02-27 13:50:41,860: publisherUpdate[/decision_info] -> http://itachi-HP-Pavilion-Laptop-15-cc1xx:38575/ []: sec=0.15, exception=[Errno 111] Connection refused
[rosmaster.threadpool][ERROR] 2020-02-27 13:50:41,862: Traceback (most recent call last):
  File "/opt/ros/kinetic/lib/python2.7/dist-packages/rosmaster/threadpool.py", line 218, in run
    result = cmd(*args)
  File "/opt/ros/kinetic/lib/python2.7/dist-packages/rosmaster/master_api.py", line 210, in publisher_update_task
    ret = xmlrpcapi(api).publisherUpdate('/master', topic, pub_uris)
  File "/usr/lib/python2.7/xmlrpclib.py", line 1243, in __call__
    return self.__send(self.__name, args)
  File "/usr/lib/python2.7/xmlrpclib.py", line 1602, in __request
    verbose=self.__verbose
  File "/usr/lib/python2.7/xmlrpclib.py", line 1283, in request
    return self.single_request(host, handler, request_body, verbose)
  File "/usr/lib/python2.7/xmlrpclib.py", line 1311, in single_request
    self.send_content(h, request_body)
  File "/usr/lib/python2.7/xmlrpclib.py", line 1459, in send_content
    connection.endheaders(request_body)
  File "/usr/lib/python2.7/httplib.py", line 1069, in endheaders
    self._send_output(message_body)
  File "/usr/lib/python2.7/httplib.py", line 907, in _send_output
    self.send(msg)
  File "/usr/lib/python2.7/httplib.py", line 869, in send
    self.connect()
  File "/usr/lib/python2.7/httplib.py", line 846, in connect
    self.timeout, self.source_address)
  File "/usr/lib/python2.7/socket.py", line 575, in create_connection
    raise err
error: [Errno 111] Connection refused

[rosmaster.master][INFO] 2020-02-27 13:50:41,862: publisherUpdate[/detection_info] -> http://itachi-HP-Pavilion-Laptop-15-cc1xx:38575/ []
[rosmaster.master][INFO] 2020-02-27 13:50:41,863: publisherUpdate[/detection_info] -> http://itachi-HP-Pavilion-Laptop-15-cc1xx:38575/ []: sec=0.00, exception=[Errno 111] Connection refused
[rosmaster.threadpool][ERROR] 2020-02-27 13:50:41,863: Traceback (most recent call last):
  File "/opt/ros/kinetic/lib/python2.7/dist-packages/rosmaster/threadpool.py", line 218, in run
    result = cmd(*args)
  File "/opt/ros/kinetic/lib/python2.7/dist-packages/rosmaster/master_api.py", line 210, in publisher_update_task
    ret = xmlrpcapi(api).publisherUpdate('/master', topic, pub_uris)
  File "/usr/lib/python2.7/xmlrpclib.py", line 1243, in __call__
    return self.__send(self.__name, args)
  File "/usr/lib/python2.7/xmlrpclib.py", line 1602, in __request
    verbose=self.__verbose
  File "/usr/lib/python2.7/xmlrpclib.py", line 1283, in request
    return self.single_request(host, handler, request_body, verbose)
  File "/usr/lib/python2.7/xmlrpclib.py", line 1311, in single_request
    self.send_content(h, request_body)
  File "/usr/lib/python2.7/xmlrpclib.py", line 1459, in send_content
    connection.endheaders(request_body)
  File "/usr/lib/python2.7/httplib.py", line 1069, in endheaders
    self._send_output(message_body)
  File "/usr/lib/python2.7/httplib.py", line 907, in _send_output
    self.send(msg)
  File "/usr/lib/python2.7/httplib.py", line 869, in send
    self.connect()
  File "/usr/lib/python2.7/httplib.py", line 846, in connect
    self.timeout, self.source_address)
  File "/usr/lib/python2.7/socket.py", line 575, in create_connection
    raise err
error: [Errno 111] Connection refused

[rosmaster.master][INFO] 2020-02-27 13:50:42,528: -PUB [/rosout_agg] /rosout http://itachi-HP-Pavilion-Laptop-15-cc1xx:37879/
[rosmaster.master][INFO] 2020-02-27 13:50:42,529: -SUB [/rosout] /rosout http://itachi-HP-Pavilion-Laptop-15-cc1xx:37879/
[rosmaster.master][INFO] 2020-02-27 13:50:42,530: -SERVICE [/rosout/get_loggers] /rosout rosrpc://itachi-HP-Pavilion-Laptop-15-cc1xx:54631
[rosmaster.master][INFO] 2020-02-27 13:50:42,530: -SERVICE [/rosout/set_logger_level] /rosout rosrpc://itachi-HP-Pavilion-Laptop-15-cc1xx:54631
[rosmaster.main][INFO] 2020-02-27 13:50:42,574: keyboard interrupt, will exit
[rosmaster.main][INFO] 2020-02-27 13:50:42,574: stopping master...
[rospy.core][INFO] 2020-02-27 13:50:42,574: signal_shutdown [atexit]
