[rospy.client][INFO] 2020-02-27 17:07:21,865: init_node, name[/serial_node], pid[2536]
[xmlrpc][INFO] 2020-02-27 17:07:21,865: XML-RPC server binding to 0.0.0.0:0
[xmlrpc][INFO] 2020-02-27 17:07:21,865: Started XML-RPC server [http://itachi-HP-Pavilion-Laptop-15-cc1xx:44705/]
[rospy.init][INFO] 2020-02-27 17:07:21,865: ROS Slave URI: [http://itachi-HP-Pavilion-Laptop-15-cc1xx:44705/]
[rospy.impl.masterslave][INFO] 2020-02-27 17:07:21,865: _ready: http://itachi-HP-Pavilion-Laptop-15-cc1xx:44705/
[rospy.registration][INFO] 2020-02-27 17:07:21,866: Registering with master node http://localhost:11311
[xmlrpc][INFO] 2020-02-27 17:07:21,866: xml rpc node: starting XML-RPC server
[rospy.init][INFO] 2020-02-27 17:07:21,966: registered with master
[rospy.rosout][INFO] 2020-02-27 17:07:21,966: initializing /rosout core topic
[rospy.rosout][INFO] 2020-02-27 17:07:21,968: connected to core topic /rosout
[rospy.simtime][INFO] 2020-02-27 17:07:21,969: /use_sim_time is not set, will not subscribe to simulated time [/clock] topic
[rosout][INFO] 2020-02-27 17:07:21,973: ROS Serial Python Node
[rosout][INFO] 2020-02-27 17:07:21,978: Connecting to /dev/ttyUSB0 at 115200 baud
[rospy.internal][INFO] 2020-02-27 17:07:22,257: topic[/rosout] adding connection to [/rosout], count 0
[rosout][INFO] 2020-02-27 17:07:24,096: Note: subscribe buffer size is 320 bytes
[rosout][INFO] 2020-02-27 17:07:24,096: Setup subscriber on led_control_topic [std_msgs/Int8]
[rospy.internal][INFO] 2020-02-27 17:07:34,851: topic[/led_control_topic] adding connection to [http://itachi-HP-Pavilion-Laptop-15-cc1xx:38343/], count 0
[rospy.internal][ERROR] 2020-02-27 17:07:57,227: Unable to initiate TCP/IP socket to itachi-HP-Pavilion-Laptop-15-cc1xx:43681 (http://itachi-HP-Pavilion-Laptop-15-cc1xx:38343/): Traceback (most recent call last):
  File "/opt/ros/kinetic/lib/python2.7/dist-packages/rospy/impl/tcpros_base.py", line 557, in connect
    self.read_header()
  File "/opt/ros/kinetic/lib/python2.7/dist-packages/rospy/impl/tcpros_base.py", line 650, in read_header
    self._validate_header(read_ros_handshake_header(sock, self.read_buff, self.protocol.buff_size))
  File "/opt/ros/kinetic/lib/python2.7/dist-packages/rospy/impl/tcpros_base.py", line 593, in _validate_header
    raise TransportInitError("remote error reported: %s"%header['error'])
TransportInitError: remote error reported: node shutting down

[rospy.internal][WARNING] 2020-02-27 17:07:58,235: Unknown error initiating TCP/IP socket to itachi-HP-Pavilion-Laptop-15-cc1xx:43681 (http://itachi-HP-Pavilion-Laptop-15-cc1xx:38343/): Traceback (most recent call last):
  File "/opt/ros/kinetic/lib/python2.7/dist-packages/rospy/impl/tcpros_base.py", line 555, in connect
    self.socket.connect((dest_addr, dest_port))
  File "/usr/lib/python2.7/socket.py", line 228, in meth
    return getattr(self._sock,name)(*args)
error: [Errno 111] Connection refused

[rospy.internal][INFO] 2020-02-27 17:07:58,235: topic[/led_control_topic] removing connection to http://itachi-HP-Pavilion-Laptop-15-cc1xx:38343/
[rospy.internal][INFO] 2020-02-27 17:09:09,954: topic[/led_control_topic] adding connection to [http://itachi-HP-Pavilion-Laptop-15-cc1xx:33543/], count 0
[rospy.internal][ERROR] 2020-02-27 17:09:23,348: Unable to initiate TCP/IP socket to itachi-HP-Pavilion-Laptop-15-cc1xx:46113 (http://itachi-HP-Pavilion-Laptop-15-cc1xx:33543/): Traceback (most recent call last):
  File "/opt/ros/kinetic/lib/python2.7/dist-packages/rospy/impl/tcpros_base.py", line 557, in connect
    self.read_header()
  File "/opt/ros/kinetic/lib/python2.7/dist-packages/rospy/impl/tcpros_base.py", line 650, in read_header
    self._validate_header(read_ros_handshake_header(sock, self.read_buff, self.protocol.buff_size))
  File "/opt/ros/kinetic/lib/python2.7/dist-packages/rospy/impl/tcpros_base.py", line 593, in _validate_header
    raise TransportInitError("remote error reported: %s"%header['error'])
TransportInitError: remote error reported: node shutting down

[rospy.internal][WARNING] 2020-02-27 17:09:24,349: Unknown error initiating TCP/IP socket to itachi-HP-Pavilion-Laptop-15-cc1xx:46113 (http://itachi-HP-Pavilion-Laptop-15-cc1xx:33543/): Traceback (most recent call last):
  File "/opt/ros/kinetic/lib/python2.7/dist-packages/rospy/impl/tcpros_base.py", line 555, in connect
    self.socket.connect((dest_addr, dest_port))
  File "/usr/lib/python2.7/socket.py", line 228, in meth
    return getattr(self._sock,name)(*args)
error: [Errno 111] Connection refused

[rospy.internal][INFO] 2020-02-27 17:09:24,349: topic[/led_control_topic] removing connection to http://itachi-HP-Pavilion-Laptop-15-cc1xx:33543/
[rospy.internal][INFO] 2020-02-27 17:12:17,019: topic[/led_control_topic] adding connection to [http://itachi-HP-Pavilion-Laptop-15-cc1xx:39159/], count 0
[rospy.internal][ERROR] 2020-02-27 17:13:01,127: Unable to initiate TCP/IP socket to itachi-HP-Pavilion-Laptop-15-cc1xx:40443 (http://itachi-HP-Pavilion-Laptop-15-cc1xx:39159/): Traceback (most recent call last):
  File "/opt/ros/kinetic/lib/python2.7/dist-packages/rospy/impl/tcpros_base.py", line 557, in connect
    self.read_header()
  File "/opt/ros/kinetic/lib/python2.7/dist-packages/rospy/impl/tcpros_base.py", line 650, in read_header
    self._validate_header(read_ros_handshake_header(sock, self.read_buff, self.protocol.buff_size))
  File "/opt/ros/kinetic/lib/python2.7/dist-packages/rospy/impl/tcpros_base.py", line 593, in _validate_header
    raise TransportInitError("remote error reported: %s"%header['error'])
TransportInitError: remote error reported: node shutting down

[rospy.internal][WARNING] 2020-02-27 17:13:02,129: Unknown error initiating TCP/IP socket to itachi-HP-Pavilion-Laptop-15-cc1xx:40443 (http://itachi-HP-Pavilion-Laptop-15-cc1xx:39159/): Traceback (most recent call last):
  File "/opt/ros/kinetic/lib/python2.7/dist-packages/rospy/impl/tcpros_base.py", line 555, in connect
    self.socket.connect((dest_addr, dest_port))
  File "/usr/lib/python2.7/socket.py", line 228, in meth
    return getattr(self._sock,name)(*args)
error: [Errno 111] Connection refused

[rospy.internal][INFO] 2020-02-27 17:13:02,129: topic[/led_control_topic] removing connection to http://itachi-HP-Pavilion-Laptop-15-cc1xx:39159/
[rospy.internal][INFO] 2020-02-27 17:13:07,410: topic[/led_control_topic] adding connection to [http://itachi-HP-Pavilion-Laptop-15-cc1xx:40125/], count 0
[rospy.internal][ERROR] 2020-02-27 17:16:10,621: Unable to initiate TCP/IP socket to itachi-HP-Pavilion-Laptop-15-cc1xx:45083 (http://itachi-HP-Pavilion-Laptop-15-cc1xx:40125/): Traceback (most recent call last):
  File "/opt/ros/kinetic/lib/python2.7/dist-packages/rospy/impl/tcpros_base.py", line 557, in connect
    self.read_header()
  File "/opt/ros/kinetic/lib/python2.7/dist-packages/rospy/impl/tcpros_base.py", line 650, in read_header
    self._validate_header(read_ros_handshake_header(sock, self.read_buff, self.protocol.buff_size))
  File "/opt/ros/kinetic/lib/python2.7/dist-packages/rospy/impl/tcpros_base.py", line 593, in _validate_header
    raise TransportInitError("remote error reported: %s"%header['error'])
TransportInitError: remote error reported: node shutting down

[rospy.internal][WARNING] 2020-02-27 17:16:11,624: Unknown error initiating TCP/IP socket to itachi-HP-Pavilion-Laptop-15-cc1xx:45083 (http://itachi-HP-Pavilion-Laptop-15-cc1xx:40125/): Traceback (most recent call last):
  File "/opt/ros/kinetic/lib/python2.7/dist-packages/rospy/impl/tcpros_base.py", line 555, in connect
    self.socket.connect((dest_addr, dest_port))
  File "/usr/lib/python2.7/socket.py", line 228, in meth
    return getattr(self._sock,name)(*args)
error: [Errno 111] Connection refused

[rospy.internal][INFO] 2020-02-27 17:16:11,624: topic[/led_control_topic] removing connection to http://itachi-HP-Pavilion-Laptop-15-cc1xx:40125/
[rospy.internal][INFO] 2020-02-27 17:16:33,327: topic[/led_control_topic] adding connection to [http://itachi-HP-Pavilion-Laptop-15-cc1xx:34775/], count 0
[rospy.internal][ERROR] 2020-02-27 17:17:38,472: Unable to initiate TCP/IP socket to itachi-HP-Pavilion-Laptop-15-cc1xx:35635 (http://itachi-HP-Pavilion-Laptop-15-cc1xx:34775/): Traceback (most recent call last):
  File "/opt/ros/kinetic/lib/python2.7/dist-packages/rospy/impl/tcpros_base.py", line 557, in connect
    self.read_header()
  File "/opt/ros/kinetic/lib/python2.7/dist-packages/rospy/impl/tcpros_base.py", line 650, in read_header
    self._validate_header(read_ros_handshake_header(sock, self.read_buff, self.protocol.buff_size))
  File "/opt/ros/kinetic/lib/python2.7/dist-packages/rospy/impl/tcpros_base.py", line 593, in _validate_header
    raise TransportInitError("remote error reported: %s"%header['error'])
TransportInitError: remote error reported: node shutting down

[rospy.internal][WARNING] 2020-02-27 17:17:39,474: Unknown error initiating TCP/IP socket to itachi-HP-Pavilion-Laptop-15-cc1xx:35635 (http://itachi-HP-Pavilion-Laptop-15-cc1xx:34775/): Traceback (most recent call last):
  File "/opt/ros/kinetic/lib/python2.7/dist-packages/rospy/impl/tcpros_base.py", line 555, in connect
    self.socket.connect((dest_addr, dest_port))
  File "/usr/lib/python2.7/socket.py", line 228, in meth
    return getattr(self._sock,name)(*args)
error: [Errno 111] Connection refused

[rospy.internal][INFO] 2020-02-27 17:17:39,474: topic[/led_control_topic] removing connection to http://itachi-HP-Pavilion-Laptop-15-cc1xx:34775/
[rospy.internal][INFO] 2020-02-27 17:17:40,425: topic[/led_control_topic] adding connection to [http://itachi-HP-Pavilion-Laptop-15-cc1xx:36773/], count 0
[rospy.core][INFO] 2020-02-27 17:19:09,608: signal_shutdown [atexit]
[rospy.internal][INFO] 2020-02-27 17:19:09,618: topic[/rosout] removing connection to /rosout
[rospy.internal][INFO] 2020-02-27 17:19:09,619: topic[/led_control_topic] removing connection to http://itachi-HP-Pavilion-Laptop-15-cc1xx:36773/
[rospy.internal][WARNING] 2020-02-27 17:19:09,620: Unknown error initiating TCP/IP socket to itachi-HP-Pavilion-Laptop-15-cc1xx:44827 (http://itachi-HP-Pavilion-Laptop-15-cc1xx:36773/): Traceback (most recent call last):
  File "/opt/ros/kinetic/lib/python2.7/dist-packages/rospy/impl/tcpros_base.py", line 557, in connect
    self.read_header()
  File "/opt/ros/kinetic/lib/python2.7/dist-packages/rospy/impl/tcpros_base.py", line 650, in read_header
    self._validate_header(read_ros_handshake_header(sock, self.read_buff, self.protocol.buff_size))
AttributeError: 'NoneType' object has no attribute 'buff_size'

[rospy.topics][ERROR] 2020-02-27 17:19:09,621: Traceback (most recent call last):
  File "/opt/ros/kinetic/lib/python2.7/dist-packages/rospy/topics.py", line 326, in close
    c.close()
  File "/opt/ros/kinetic/lib/python2.7/dist-packages/rospy/impl/tcpros_base.py", line 838, in close
    self.socket.close()
AttributeError: 'NoneType' object has no attribute 'close'

[rospy.impl.masterslave][INFO] 2020-02-27 17:19:09,622: atexit
