[rospy.client][INFO] 2019-11-14 20:46:59,780: init_node, name[/position_hold_gazebo], pid[26218]
[xmlrpc][INFO] 2019-11-14 20:46:59,781: XML-RPC server binding to 0.0.0.0:0
[xmlrpc][INFO] 2019-11-14 20:46:59,782: Started XML-RPC server [http://itachi-HP-Pavilion-Laptop-15-cc1xx:37143/]
[rospy.impl.masterslave][INFO] 2019-11-14 20:46:59,783: _ready: http://itachi-HP-Pavilion-Laptop-15-cc1xx:37143/
[rospy.init][INFO] 2019-11-14 20:46:59,783: ROS Slave URI: [http://itachi-HP-Pavilion-Laptop-15-cc1xx:37143/]
[rospy.registration][INFO] 2019-11-14 20:46:59,786: Registering with master node http://localhost:11311
[xmlrpc][INFO] 2019-11-14 20:46:59,787: xml rpc node: starting XML-RPC server
[rospy.init][INFO] 2019-11-14 20:46:59,884: registered with master
[rospy.rosout][INFO] 2019-11-14 20:46:59,884: initializing /rosout core topic
[rospy.rosout][INFO] 2019-11-14 20:46:59,888: connected to core topic /rosout
[rospy.simtime][INFO] 2019-11-14 20:46:59,889: initializing /clock core topic
[rospy.simtime][INFO] 2019-11-14 20:46:59,894: connected to core topic /clock
[rospy.internal][INFO] 2019-11-14 20:46:59,906: topic[/clock] adding connection to [http://itachi-HP-Pavilion-Laptop-15-cc1xx:46265/], count 0
[rospy.internal][INFO] 2019-11-14 20:46:59,933: topic[/whycon/poses] adding connection to [http://itachi-HP-Pavilion-Laptop-15-cc1xx:42779/], count 0
[rospy.internal][INFO] 2019-11-14 20:47:00,135: topic[/rosout] adding connection to [/rosout], count 0
[rospy.internal][INFO] 2019-11-14 20:47:00,136: topic[/drone_command] adding connection to [/edrone/rotors_edrone_interface], count 0
[rospy.core][INFO] 2019-11-14 20:48:33,225: signal_shutdown [signal-2]
[rospy.internal][INFO] 2019-11-14 20:48:33,233: topic[/rosout] removing connection to /rosout
[rospy.internal][INFO] 2019-11-14 20:48:33,233: topic[/drone_command] removing connection to /edrone/rotors_edrone_interface
[rospy.internal][INFO] 2019-11-14 20:48:33,233: topic[/clock] removing connection to http://itachi-HP-Pavilion-Laptop-15-cc1xx:46265/
[rospy.internal][INFO] 2019-11-14 20:48:33,233: topic[/whycon/poses] removing connection to http://itachi-HP-Pavilion-Laptop-15-cc1xx:42779/
[rospy.impl.masterslave][INFO] 2019-11-14 20:48:33,234: signal-2
[rospy.core][INFO] 2019-11-14 20:48:33,342: signal_shutdown [atexit]
