[rospy.client][INFO] 2020-02-26 18:39:29,841: init_node, name[/sr_beacon_detector], pid[2782]
[xmlrpc][INFO] 2020-02-26 18:39:29,841: XML-RPC server binding to 0.0.0.0:0
[xmlrpc][INFO] 2020-02-26 18:39:29,842: Started XML-RPC server [http://itachi-HP-Pavilion-Laptop-15-cc1xx:43885/]
[rospy.init][INFO] 2020-02-26 18:39:29,842: ROS Slave URI: [http://itachi-HP-Pavilion-Laptop-15-cc1xx:43885/]
[rospy.impl.masterslave][INFO] 2020-02-26 18:39:29,842: _ready: http://itachi-HP-Pavilion-Laptop-15-cc1xx:43885/
[rospy.registration][INFO] 2020-02-26 18:39:29,843: Registering with master node http://localhost:11311
[xmlrpc][INFO] 2020-02-26 18:39:29,843: xml rpc node: starting XML-RPC server
[rospy.init][INFO] 2020-02-26 18:39:29,942: registered with master
[rospy.rosout][INFO] 2020-02-26 18:39:29,942: initializing /rosout core topic
[rospy.rosout][INFO] 2020-02-26 18:39:29,946: connected to core topic /rosout
[rospy.simtime][INFO] 2020-02-26 18:39:29,948: /use_sim_time is not set, will not subscribe to simulated time [/clock] topic
[rospy.internal][INFO] 2020-02-26 18:39:30,002: topic[/detection_info] adding connection to [/rostopic_2020_1582722537365], count 0
[rospy.internal][INFO] 2020-02-26 18:39:30,010: topic[/usb_cam/image_rect_color] adding connection to [http://itachi-HP-Pavilion-Laptop-15-cc1xx:45993/], count 0
[rospy.internal][INFO] 2020-02-26 18:39:30,012: topic[/detection_info] adding connection to [/monitor], count 1
[rospy.internal][INFO] 2020-02-26 18:39:30,158: topic[/rosout] adding connection to [/rosout], count 0
[rospy.core][INFO] 2020-02-26 18:39:41,422: signal_shutdown [signal-2]
[rospy.internal][INFO] 2020-02-26 18:39:41,425: topic[/detection_info] removing connection to /rostopic_2020_1582722537365
[rospy.internal][INFO] 2020-02-26 18:39:41,426: topic[/detection_info] removing connection to /monitor
[rospy.internal][INFO] 2020-02-26 18:39:41,426: topic[/rosout] removing connection to /rosout
[rospy.internal][INFO] 2020-02-26 18:39:41,427: topic[/usb_cam/image_rect_color] removing connection to http://itachi-HP-Pavilion-Laptop-15-cc1xx:45993/
[rospy.impl.masterslave][INFO] 2020-02-26 18:39:41,427: signal-2
[rospy.core][INFO] 2020-02-26 18:39:41,531: signal_shutdown [atexit]
[rospy.client][INFO] 2020-02-26 18:40:10,649: init_node, name[/sr_beacon_detector], pid[2927]
[xmlrpc][INFO] 2020-02-26 18:40:10,649: XML-RPC server binding to 0.0.0.0:0
[xmlrpc][INFO] 2020-02-26 18:40:10,649: Started XML-RPC server [http://itachi-HP-Pavilion-Laptop-15-cc1xx:35601/]
[rospy.impl.masterslave][INFO] 2020-02-26 18:40:10,650: _ready: http://itachi-HP-Pavilion-Laptop-15-cc1xx:35601/
[rospy.init][INFO] 2020-02-26 18:40:10,650: ROS Slave URI: [http://itachi-HP-Pavilion-Laptop-15-cc1xx:35601/]
[xmlrpc][INFO] 2020-02-26 18:40:10,650: xml rpc node: starting XML-RPC server
[rospy.registration][INFO] 2020-02-26 18:40:10,651: Registering with master node http://localhost:11311
[rospy.init][INFO] 2020-02-26 18:40:10,751: registered with master
[rospy.rosout][INFO] 2020-02-26 18:40:10,751: initializing /rosout core topic
[rospy.rosout][INFO] 2020-02-26 18:40:10,756: connected to core topic /rosout
[rospy.simtime][INFO] 2020-02-26 18:40:10,757: /use_sim_time is not set, will not subscribe to simulated time [/clock] topic
[rospy.internal][INFO] 2020-02-26 18:40:10,816: topic[/usb_cam/image_rect_color] adding connection to [http://itachi-HP-Pavilion-Laptop-15-cc1xx:45993/], count 0
[rospy.internal][INFO] 2020-02-26 18:40:10,870: topic[/detection_info] adding connection to [/monitor], count 0
[rospy.internal][INFO] 2020-02-26 18:40:10,887: topic[/detection_info] adding connection to [/rostopic_2020_1582722537365], count 1
[rospy.internal][INFO] 2020-02-26 18:40:11,040: topic[/rosout] adding connection to [/rosout], count 0
[rospy.core][INFO] 2020-02-26 18:40:32,952: signal_shutdown [signal-2]
[rospy.internal][INFO] 2020-02-26 18:40:32,955: topic[/detection_info] removing connection to /monitor
[rospy.internal][INFO] 2020-02-26 18:40:32,956: topic[/detection_info] removing connection to /rostopic_2020_1582722537365
[rospy.internal][INFO] 2020-02-26 18:40:32,956: topic[/rosout] removing connection to /rosout
[rospy.internal][INFO] 2020-02-26 18:40:32,956: topic[/usb_cam/image_rect_color] removing connection to http://itachi-HP-Pavilion-Laptop-15-cc1xx:45993/
[rospy.impl.masterslave][INFO] 2020-02-26 18:40:32,957: signal-2
[rospy.core][INFO] 2020-02-26 18:40:33,121: signal_shutdown [atexit]
[rospy.client][INFO] 2020-02-26 18:40:42,902: init_node, name[/sr_beacon_detector], pid[3078]
[xmlrpc][INFO] 2020-02-26 18:40:42,902: XML-RPC server binding to 0.0.0.0:0
[xmlrpc][INFO] 2020-02-26 18:40:42,903: Started XML-RPC server [http://itachi-HP-Pavilion-Laptop-15-cc1xx:40067/]
[rospy.init][INFO] 2020-02-26 18:40:42,903: ROS Slave URI: [http://itachi-HP-Pavilion-Laptop-15-cc1xx:40067/]
[rospy.impl.masterslave][INFO] 2020-02-26 18:40:42,903: _ready: http://itachi-HP-Pavilion-Laptop-15-cc1xx:40067/
[rospy.registration][INFO] 2020-02-26 18:40:42,904: Registering with master node http://localhost:11311
[xmlrpc][INFO] 2020-02-26 18:40:42,904: xml rpc node: starting XML-RPC server
[rospy.init][INFO] 2020-02-26 18:40:43,003: registered with master
[rospy.rosout][INFO] 2020-02-26 18:40:43,004: initializing /rosout core topic
[rospy.rosout][INFO] 2020-02-26 18:40:43,008: connected to core topic /rosout
[rospy.simtime][INFO] 2020-02-26 18:40:43,010: /use_sim_time is not set, will not subscribe to simulated time [/clock] topic
[rospy.internal][INFO] 2020-02-26 18:40:43,070: topic[/usb_cam/image_rect_color] adding connection to [http://itachi-HP-Pavilion-Laptop-15-cc1xx:45993/], count 0
[rospy.internal][INFO] 2020-02-26 18:40:43,157: topic[/detection_info] adding connection to [/monitor], count 0
[rospy.internal][INFO] 2020-02-26 18:40:43,168: topic[/detection_info] adding connection to [/rostopic_2020_1582722537365], count 1
[rospy.internal][INFO] 2020-02-26 18:40:43,217: topic[/rosout] adding connection to [/rosout], count 0
[rospy.core][INFO] 2020-02-26 18:41:40,078: signal_shutdown [signal-2]
[rospy.internal][INFO] 2020-02-26 18:41:40,084: topic[/detection_info] removing connection to /monitor
[rospy.internal][INFO] 2020-02-26 18:41:40,086: topic[/detection_info] removing connection to /rostopic_2020_1582722537365
[rospy.internal][INFO] 2020-02-26 18:41:40,086: topic[/rosout] removing connection to /rosout
[rospy.internal][INFO] 2020-02-26 18:41:40,087: topic[/usb_cam/image_rect_color] removing connection to http://itachi-HP-Pavilion-Laptop-15-cc1xx:45993/
[rospy.impl.masterslave][INFO] 2020-02-26 18:41:40,087: signal-2
[rospy.core][INFO] 2020-02-26 18:41:40,219: signal_shutdown [atexit]
[rospy.client][INFO] 2020-02-26 18:51:05,112: init_node, name[/sr_beacon_detector], pid[3864]
[xmlrpc][INFO] 2020-02-26 18:51:05,113: XML-RPC server binding to 0.0.0.0:0
[xmlrpc][INFO] 2020-02-26 18:51:05,113: Started XML-RPC server [http://itachi-HP-Pavilion-Laptop-15-cc1xx:46137/]
[rospy.init][INFO] 2020-02-26 18:51:05,113: ROS Slave URI: [http://itachi-HP-Pavilion-Laptop-15-cc1xx:46137/]
[rospy.impl.masterslave][INFO] 2020-02-26 18:51:05,114: _ready: http://itachi-HP-Pavilion-Laptop-15-cc1xx:46137/
[rospy.registration][INFO] 2020-02-26 18:51:05,115: Registering with master node http://localhost:11311
[xmlrpc][INFO] 2020-02-26 18:51:05,115: xml rpc node: starting XML-RPC server
[rospy.init][INFO] 2020-02-26 18:51:05,214: registered with master
[rospy.rosout][INFO] 2020-02-26 18:51:05,214: initializing /rosout core topic
[rospy.rosout][INFO] 2020-02-26 18:51:05,217: connected to core topic /rosout
[rospy.simtime][INFO] 2020-02-26 18:51:05,218: /use_sim_time is not set, will not subscribe to simulated time [/clock] topic
[rospy.internal][INFO] 2020-02-26 18:51:05,261: topic[/detection_info] adding connection to [/monitor], count 0
[rospy.internal][INFO] 2020-02-26 18:51:05,277: topic[/detection_info] adding connection to [/rostopic_2020_1582722537365], count 1
[rospy.internal][INFO] 2020-02-26 18:51:05,280: topic[/usb_cam/image_rect_color] adding connection to [http://itachi-HP-Pavilion-Laptop-15-cc1xx:45993/], count 0
[rospy.internal][INFO] 2020-02-26 18:51:05,437: topic[/rosout] adding connection to [/rosout], count 0
[rospy.core][INFO] 2020-02-26 18:51:26,878: signal_shutdown [signal-2]
[rospy.internal][INFO] 2020-02-26 18:51:26,892: topic[/detection_info] removing connection to /monitor
[rospy.internal][INFO] 2020-02-26 18:51:26,894: topic[/detection_info] removing connection to /rostopic_2020_1582722537365
[rospy.internal][INFO] 2020-02-26 18:51:26,895: topic[/rosout] removing connection to /rosout
[rospy.internal][INFO] 2020-02-26 18:51:26,895: topic[/usb_cam/image_rect_color] removing connection to http://itachi-HP-Pavilion-Laptop-15-cc1xx:45993/
[rospy.impl.masterslave][INFO] 2020-02-26 18:51:26,896: signal-2
[rospy.core][INFO] 2020-02-26 18:51:27,014: signal_shutdown [atexit]
