[rospy.client][INFO] 2019-11-07 21:41:11,308: init_node, name[/edrone/spawn_edrone], pid[20627]
[xmlrpc][INFO] 2019-11-07 21:41:11,310: XML-RPC server binding to 0.0.0.0:0
[xmlrpc][INFO] 2019-11-07 21:41:11,311: Started XML-RPC server [http://itachi-HP-Pavilion-Laptop-15-cc1xx:38859/]
[rospy.init][INFO] 2019-11-07 21:41:11,311: ROS Slave URI: [http://itachi-HP-Pavilion-Laptop-15-cc1xx:38859/]
[rospy.impl.masterslave][INFO] 2019-11-07 21:41:11,312: _ready: http://itachi-HP-Pavilion-Laptop-15-cc1xx:38859/
[rospy.registration][INFO] 2019-11-07 21:41:11,317: Registering with master node http://localhost:11311
[xmlrpc][INFO] 2019-11-07 21:41:11,317: xml rpc node: starting XML-RPC server
[rospy.init][INFO] 2019-11-07 21:41:11,412: registered with master
[rospy.rosout][INFO] 2019-11-07 21:41:11,412: initializing /rosout core topic
[rospy.rosout][INFO] 2019-11-07 21:41:11,414: connected to core topic /rosout
[rospy.simtime][INFO] 2019-11-07 21:41:11,416: initializing /clock core topic
[rospy.simtime][INFO] 2019-11-07 21:41:11,419: connected to core topic /clock
[rosout][INFO] 2019-11-07 21:41:11,423: Loading model XML from ros parameter
[rosout][INFO] 2019-11-07 21:41:11,428: Waiting for service /gazebo/spawn_urdf_model
[rospy.internal][INFO] 2019-11-07 21:41:11,669: topic[/rosout] adding connection to [/rosout], count 0
[rospy.internal][INFO] 2019-11-07 21:41:11,898: topic[/clock] adding connection to [http://itachi-HP-Pavilion-Laptop-15-cc1xx:34977/], count 0
[rosout][INFO] 2019-11-07 21:41:12,035: Calling service /gazebo/spawn_urdf_model
[rosout][INFO] 2019-11-07 21:41:12,752: Spawn status: SpawnModel: Successfully spawned entity
[rospy.core][INFO] 2019-11-07 21:41:12,753: signal_shutdown [atexit]
[rospy.internal][INFO] 2019-11-07 21:41:12,756: topic[/rosout] removing connection to /rosout
[rospy.internal][INFO] 2019-11-07 21:41:12,756: topic[/clock] removing connection to http://itachi-HP-Pavilion-Laptop-15-cc1xx:34977/
[rospy.impl.masterslave][INFO] 2019-11-07 21:41:12,757: atexit
