[rosmaster.main][INFO] 2019-12-27 20:19:19,004: initialization complete, waiting for shutdown
[rosmaster.main][INFO] 2019-12-27 20:19:19,004: Starting ROS Master Node
[xmlrpc][INFO] 2019-12-27 20:19:19,005: XML-RPC server binding to 0.0.0.0:11311
[xmlrpc][INFO] 2019-12-27 20:19:19,005: Started XML-RPC server [http://itachi-HP-Pavilion-Laptop-15-cc1xx:11311/]
[xmlrpc][INFO] 2019-12-27 20:19:19,005: xml rpc node: starting XML-RPC server
[rosmaster.master][INFO] 2019-12-27 20:19:19,005: Master initialized: port[11311], uri[http://itachi-HP-Pavilion-Laptop-15-cc1xx:11311/]
[rosmaster.master][INFO] 2019-12-27 20:19:19,066: +PARAM [/run_id] by /roslaunch
[rosmaster.master][INFO] 2019-12-27 20:19:19,070: +PARAM [/roslaunch/uris/host_itachi_hp_pavilion_laptop_15_cc1xx__35605] by /roslaunch
[rosmaster.master][INFO] 2019-12-27 20:19:19,160: +PARAM [/rosversion] by /roslaunch
[rosmaster.master][INFO] 2019-12-27 20:19:19,160: +PARAM [/rosdistro] by /roslaunch
[rosmaster.master][INFO] 2019-12-27 20:19:19,164: +SERVICE [/rosout/get_loggers] /rosout http://itachi-HP-Pavilion-Laptop-15-cc1xx:38685/
[rosmaster.master][INFO] 2019-12-27 20:19:19,165: +SERVICE [/rosout/set_logger_level] /rosout http://itachi-HP-Pavilion-Laptop-15-cc1xx:38685/
[rosmaster.master][INFO] 2019-12-27 20:19:19,166: +PUB [/rosout_agg] /rosout http://itachi-HP-Pavilion-Laptop-15-cc1xx:38685/
[rosmaster.master][INFO] 2019-12-27 20:19:19,169: +SUB [/rosout] /rosout http://itachi-HP-Pavilion-Laptop-15-cc1xx:38685/
[rosmaster.master][INFO] 2019-12-27 20:19:20,839: +PARAM [/roslaunch/uris/host_itachi_hp_pavilion_laptop_15_cc1xx__39947] by /roslaunch
[rosmaster.master][INFO] 2019-12-27 20:19:20,851: +PARAM [/usb_cam/image_width] by /roslaunch
[rosmaster.master][INFO] 2019-12-27 20:19:20,852: +PARAM [/usb_cam/video_device] by /roslaunch
[rosmaster.master][INFO] 2019-12-27 20:19:20,852: +PARAM [/rosdistro] by /roslaunch
[rosmaster.master][INFO] 2019-12-27 20:19:20,853: +PARAM [/whycon/targets] by /roslaunch
[rosmaster.master][INFO] 2019-12-27 20:19:20,853: +PARAM [/usb_cam/pixel_format] by /roslaunch
[rosmaster.master][INFO] 2019-12-27 20:19:20,853: +PARAM [/usb_cam/io_method] by /roslaunch
[rosmaster.master][INFO] 2019-12-27 20:19:20,854: +PARAM [/usb_cam/camera_frame_id] by /roslaunch
[rosmaster.master][INFO] 2019-12-27 20:19:20,854: +PARAM [/rosversion] by /roslaunch
[rosmaster.master][INFO] 2019-12-27 20:19:20,854: +PARAM [/whycon/outer_diameter] by /roslaunch
[rosmaster.master][INFO] 2019-12-27 20:19:20,854: +PARAM [/usb_cam/image_height] by /roslaunch
[rosmaster.master][INFO] 2019-12-27 20:19:20,854: +PARAM [/whycon/name] by /roslaunch
[rosmaster.master][INFO] 2019-12-27 20:19:20,854: +PARAM [/whycon/inner_diameter] by /roslaunch
[rosmaster.master][INFO] 2019-12-27 20:19:20,946: +PUB [/rosout] /usb_cam http://itachi-HP-Pavilion-Laptop-15-cc1xx:46419/
[rosmaster.master][INFO] 2019-12-27 20:19:20,947: +SERVICE [/usb_cam/get_loggers] /usb_cam http://itachi-HP-Pavilion-Laptop-15-cc1xx:46419/
[rosmaster.master][INFO] 2019-12-27 20:19:20,948: +SERVICE [/usb_cam/set_logger_level] /usb_cam http://itachi-HP-Pavilion-Laptop-15-cc1xx:46419/
[rosmaster.master][INFO] 2019-12-27 20:19:20,953: +PUB [/rosout] /usb_cam/image_proc http://itachi-HP-Pavilion-Laptop-15-cc1xx:46295/
[rosmaster.master][INFO] 2019-12-27 20:19:20,954: +SERVICE [/usb_cam/image_proc/get_loggers] /usb_cam/image_proc http://itachi-HP-Pavilion-Laptop-15-cc1xx:46295/
[rosmaster.master][INFO] 2019-12-27 20:19:20,954: +SERVICE [/usb_cam/image_proc/set_logger_level] /usb_cam/image_proc http://itachi-HP-Pavilion-Laptop-15-cc1xx:46295/
[rosmaster.master][INFO] 2019-12-27 20:19:20,968: +PUB [/rosout] /whycon http://itachi-HP-Pavilion-Laptop-15-cc1xx:34857/
[rosmaster.master][INFO] 2019-12-27 20:19:20,970: +SERVICE [/whycon/get_loggers] /whycon http://itachi-HP-Pavilion-Laptop-15-cc1xx:34857/
[rosmaster.master][INFO] 2019-12-27 20:19:20,970: +PUB [/rosout] /whycon_display/image_view http://itachi-HP-Pavilion-Laptop-15-cc1xx:45125/
[rosmaster.master][INFO] 2019-12-27 20:19:20,971: +SERVICE [/whycon/set_logger_level] /whycon http://itachi-HP-Pavilion-Laptop-15-cc1xx:34857/
[rosmaster.master][INFO] 2019-12-27 20:19:20,972: +SERVICE [/whycon_display/image_view/get_loggers] /whycon_display/image_view http://itachi-HP-Pavilion-Laptop-15-cc1xx:45125/
[rosmaster.master][INFO] 2019-12-27 20:19:20,973: +SERVICE [/whycon_display/image_view/set_logger_level] /whycon_display/image_view http://itachi-HP-Pavilion-Laptop-15-cc1xx:45125/
[rosmaster.master][INFO] 2019-12-27 20:19:20,984: +SERVICE [/usb_cam/image_proc_debayer/set_parameters] /usb_cam/image_proc http://itachi-HP-Pavilion-Laptop-15-cc1xx:46295/
[rosmaster.master][INFO] 2019-12-27 20:19:20,985: +PUB [/usb_cam/image_proc_debayer/parameter_descriptions] /usb_cam/image_proc http://itachi-HP-Pavilion-Laptop-15-cc1xx:46295/
[rosmaster.master][INFO] 2019-12-27 20:19:20,986: +PUB [/usb_cam/image_proc_debayer/parameter_updates] /usb_cam/image_proc http://itachi-HP-Pavilion-Laptop-15-cc1xx:46295/
[rosmaster.master][INFO] 2019-12-27 20:19:20,988: +PARAM [/usb_cam/image_proc_debayer/debayer] by /usb_cam/image_proc
[rosmaster.master][INFO] 2019-12-27 20:19:20,989: +PARAM [/usb_cam/image_proc_debayer/debayer] by /usb_cam/image_proc
[rosmaster.master][INFO] 2019-12-27 20:19:20,991: +PUB [/usb_cam/image_mono/compressedDepth] /usb_cam/image_proc http://itachi-HP-Pavilion-Laptop-15-cc1xx:46295/
[rosmaster.master][INFO] 2019-12-27 20:19:20,994: +SERVICE [/usb_cam/image_mono/compressedDepth/set_parameters] /usb_cam/image_proc http://itachi-HP-Pavilion-Laptop-15-cc1xx:46295/
[rosmaster.master][INFO] 2019-12-27 20:19:20,995: +PUB [/usb_cam/image_mono/compressedDepth/parameter_descriptions] /usb_cam/image_proc http://itachi-HP-Pavilion-Laptop-15-cc1xx:46295/
[rosmaster.master][INFO] 2019-12-27 20:19:20,997: +PUB [/usb_cam/image_mono/compressedDepth/parameter_updates] /usb_cam/image_proc http://itachi-HP-Pavilion-Laptop-15-cc1xx:46295/
[rosmaster.master][INFO] 2019-12-27 20:19:21,000: +PARAM [/usb_cam/image_mono/compressedDepth/depth_max] by /usb_cam/image_proc
[rosmaster.master][INFO] 2019-12-27 20:19:21,000: +PARAM [/usb_cam/image_mono/compressedDepth/depth_quantization] by /usb_cam/image_proc
[rosmaster.master][INFO] 2019-12-27 20:19:21,001: +PARAM [/usb_cam/image_mono/compressedDepth/png_level] by /usb_cam/image_proc
[rosmaster.master][INFO] 2019-12-27 20:19:21,002: +PUB [/usb_cam/image_raw/compressedDepth] /usb_cam http://itachi-HP-Pavilion-Laptop-15-cc1xx:46419/
[rosmaster.master][INFO] 2019-12-27 20:19:21,003: +PARAM [/usb_cam/image_mono/compressedDepth/depth_max] by /usb_cam/image_proc
[rosmaster.master][INFO] 2019-12-27 20:19:21,004: +SERVICE [/usb_cam/image_raw/compressedDepth/set_parameters] /usb_cam http://itachi-HP-Pavilion-Laptop-15-cc1xx:46419/
[rosmaster.master][INFO] 2019-12-27 20:19:21,005: +PARAM [/usb_cam/image_mono/compressedDepth/depth_quantization] by /usb_cam/image_proc
[rosmaster.master][INFO] 2019-12-27 20:19:21,006: +PUB [/usb_cam/image_raw/compressedDepth/parameter_descriptions] /usb_cam http://itachi-HP-Pavilion-Laptop-15-cc1xx:46419/
[rosmaster.master][INFO] 2019-12-27 20:19:21,007: +PARAM [/usb_cam/image_mono/compressedDepth/png_level] by /usb_cam/image_proc
[rosmaster.master][INFO] 2019-12-27 20:19:21,008: +PUB [/usb_cam/image_raw/compressedDepth/parameter_updates] /usb_cam http://itachi-HP-Pavilion-Laptop-15-cc1xx:46419/
[rosmaster.master][INFO] 2019-12-27 20:19:21,009: publisherUpdate[/rosout] -> http://itachi-HP-Pavilion-Laptop-15-cc1xx:38685/ ['http://itachi-HP-Pavilion-Laptop-15-cc1xx:46419/']
[rosmaster.master][INFO] 2019-12-27 20:19:21,010: +PUB [/usb_cam/image_mono/compressed] /usb_cam/image_proc http://itachi-HP-Pavilion-Laptop-15-cc1xx:46295/
[rosmaster.master][INFO] 2019-12-27 20:19:21,011: publisherUpdate[/rosout] -> http://itachi-HP-Pavilion-Laptop-15-cc1xx:38685/ ['http://itachi-HP-Pavilion-Laptop-15-cc1xx:46419/']: sec=0.00, result=[1, '', 0]
[rosmaster.master][INFO] 2019-12-27 20:19:21,011: publisherUpdate[/rosout] -> http://itachi-HP-Pavilion-Laptop-15-cc1xx:38685/ ['http://itachi-HP-Pavilion-Laptop-15-cc1xx:46419/', 'http://itachi-HP-Pavilion-Laptop-15-cc1xx:46295/']
[rosmaster.master][INFO] 2019-12-27 20:19:21,012: publisherUpdate[/rosout] -> http://itachi-HP-Pavilion-Laptop-15-cc1xx:38685/ ['http://itachi-HP-Pavilion-Laptop-15-cc1xx:46419/', 'http://itachi-HP-Pavilion-Laptop-15-cc1xx:46295/']: sec=0.00, result=[1, '', 0]
[rosmaster.master][INFO] 2019-12-27 20:19:21,013: +SERVICE [/usb_cam/image_mono/compressed/set_parameters] /usb_cam/image_proc http://itachi-HP-Pavilion-Laptop-15-cc1xx:46295/
[rosmaster.master][INFO] 2019-12-27 20:19:21,013: publisherUpdate[/rosout] -> http://itachi-HP-Pavilion-Laptop-15-cc1xx:38685/ ['http://itachi-HP-Pavilion-Laptop-15-cc1xx:46419/', 'http://itachi-HP-Pavilion-Laptop-15-cc1xx:46295/', 'http://itachi-HP-Pavilion-Laptop-15-cc1xx:34857/']
[rosmaster.master][INFO] 2019-12-27 20:19:21,014: publisherUpdate[/rosout] -> http://itachi-HP-Pavilion-Laptop-15-cc1xx:38685/ ['http://itachi-HP-Pavilion-Laptop-15-cc1xx:46419/', 'http://itachi-HP-Pavilion-Laptop-15-cc1xx:46295/', 'http://itachi-HP-Pavilion-Laptop-15-cc1xx:34857/']: sec=0.00, result=[1, '', 0]
[rosmaster.master][INFO] 2019-12-27 20:19:21,015: +PUB [/usb_cam/image_mono/compressed/parameter_descriptions] /usb_cam/image_proc http://itachi-HP-Pavilion-Laptop-15-cc1xx:46295/
[rosmaster.master][INFO] 2019-12-27 20:19:21,015: publisherUpdate[/rosout] -> http://itachi-HP-Pavilion-Laptop-15-cc1xx:38685/ ['http://itachi-HP-Pavilion-Laptop-15-cc1xx:46419/', 'http://itachi-HP-Pavilion-Laptop-15-cc1xx:46295/', 'http://itachi-HP-Pavilion-Laptop-15-cc1xx:34857/', 'http://itachi-HP-Pavilion-Laptop-15-cc1xx:45125/']
[rosmaster.master][INFO] 2019-12-27 20:19:21,017: publisherUpdate[/rosout] -> http://itachi-HP-Pavilion-Laptop-15-cc1xx:38685/ ['http://itachi-HP-Pavilion-Laptop-15-cc1xx:46419/', 'http://itachi-HP-Pavilion-Laptop-15-cc1xx:46295/', 'http://itachi-HP-Pavilion-Laptop-15-cc1xx:34857/', 'http://itachi-HP-Pavilion-Laptop-15-cc1xx:45125/']: sec=0.00, result=[1, '', 0]
[rosmaster.master][INFO] 2019-12-27 20:19:21,017: +PUB [/usb_cam/image_mono/compressed/parameter_updates] /usb_cam/image_proc http://itachi-HP-Pavilion-Laptop-15-cc1xx:46295/
[rosmaster.master][INFO] 2019-12-27 20:19:21,018: +PARAM [/usb_cam/image_raw/compressedDepth/depth_max] by /usb_cam
[rosmaster.master][INFO] 2019-12-27 20:19:21,019: +PARAM [/usb_cam/image_raw/compressedDepth/depth_quantization] by /usb_cam
[rosmaster.master][INFO] 2019-12-27 20:19:21,022: +PARAM [/usb_cam/image_raw/compressedDepth/png_level] by /usb_cam
[rosmaster.master][INFO] 2019-12-27 20:19:21,024: +PARAM [/usb_cam/image_raw/compressedDepth/depth_max] by /usb_cam
[rosmaster.master][INFO] 2019-12-27 20:19:21,024: +PARAM [/usb_cam/image_mono/compressed/format] by /usb_cam/image_proc
[rosmaster.master][INFO] 2019-12-27 20:19:21,026: +PARAM [/usb_cam/image_raw/compressedDepth/depth_quantization] by /usb_cam
[rosmaster.master][INFO] 2019-12-27 20:19:21,026: +PARAM [/usb_cam/image_mono/compressed/jpeg_quality] by /usb_cam/image_proc
[rosmaster.master][INFO] 2019-12-27 20:19:21,027: +PARAM [/usb_cam/image_raw/compressedDepth/png_level] by /usb_cam
[rosmaster.master][INFO] 2019-12-27 20:19:21,029: +PARAM [/usb_cam/image_mono/compressed/png_level] by /usb_cam/image_proc
[rosmaster.master][INFO] 2019-12-27 20:19:21,030: +PUB [/usb_cam/image_raw/compressed] /usb_cam http://itachi-HP-Pavilion-Laptop-15-cc1xx:46419/
[rosmaster.master][INFO] 2019-12-27 20:19:21,031: +PARAM [/usb_cam/image_mono/compressed/format] by /usb_cam/image_proc
[rosmaster.master][INFO] 2019-12-27 20:19:21,032: +SERVICE [/usb_cam/image_raw/compressed/set_parameters] /usb_cam http://itachi-HP-Pavilion-Laptop-15-cc1xx:46419/
[rosmaster.master][INFO] 2019-12-27 20:19:21,032: +PARAM [/usb_cam/image_mono/compressed/jpeg_quality] by /usb_cam/image_proc
[rosmaster.master][INFO] 2019-12-27 20:19:21,033: +PUB [/tf] /whycon http://itachi-HP-Pavilion-Laptop-15-cc1xx:34857/
[rosmaster.master][INFO] 2019-12-27 20:19:21,034: +PUB [/usb_cam/image_raw/compressed/parameter_descriptions] /usb_cam http://itachi-HP-Pavilion-Laptop-15-cc1xx:46419/
[rosmaster.master][INFO] 2019-12-27 20:19:21,034: +PARAM [/usb_cam/image_mono/compressed/png_level] by /usb_cam/image_proc
[rosmaster.master][INFO] 2019-12-27 20:19:21,036: +PUB [/usb_cam/image_raw/compressed/parameter_updates] /usb_cam http://itachi-HP-Pavilion-Laptop-15-cc1xx:46419/
[rosmaster.master][INFO] 2019-12-27 20:19:21,037: +PUB [/usb_cam/image_mono] /usb_cam/image_proc http://itachi-HP-Pavilion-Laptop-15-cc1xx:46295/
[rosmaster.master][INFO] 2019-12-27 20:19:21,039: +PUB [/usb_cam/image_mono/theora] /usb_cam/image_proc http://itachi-HP-Pavilion-Laptop-15-cc1xx:46295/
[rosmaster.master][INFO] 2019-12-27 20:19:21,040: +SERVICE [/usb_cam/image_mono/theora/set_parameters] /usb_cam/image_proc http://itachi-HP-Pavilion-Laptop-15-cc1xx:46295/
[rosmaster.master][INFO] 2019-12-27 20:19:21,042: +PARAM [/usb_cam/image_raw/compressed/format] by /usb_cam
[rosmaster.master][INFO] 2019-12-27 20:19:21,042: +PUB [/usb_cam/image_mono/theora/parameter_descriptions] /usb_cam/image_proc http://itachi-HP-Pavilion-Laptop-15-cc1xx:46295/
[rosmaster.master][INFO] 2019-12-27 20:19:21,044: +PARAM [/usb_cam/image_raw/compressed/jpeg_quality] by /usb_cam
[rosmaster.master][INFO] 2019-12-27 20:19:21,044: +PUB [/usb_cam/image_mono/theora/parameter_updates] /usb_cam/image_proc http://itachi-HP-Pavilion-Laptop-15-cc1xx:46295/
[rosmaster.master][INFO] 2019-12-27 20:19:21,046: +PARAM [/usb_cam/image_raw/compressed/png_level] by /usb_cam
[rosmaster.master][INFO] 2019-12-27 20:19:21,047: +SUB [/usb_cam/image_rect_color] /whycon http://itachi-HP-Pavilion-Laptop-15-cc1xx:34857/
[rosmaster.master][INFO] 2019-12-27 20:19:21,048: +PARAM [/usb_cam/image_raw/compressed/format] by /usb_cam
[rosmaster.master][INFO] 2019-12-27 20:19:21,050: +PARAM [/usb_cam/image_raw/compressed/jpeg_quality] by /usb_cam
[rosmaster.master][INFO] 2019-12-27 20:19:21,052: +PARAM [/usb_cam/image_raw/compressed/png_level] by /usb_cam
[rosmaster.master][INFO] 2019-12-27 20:19:21,054: +PARAM [/usb_cam/image_mono/theora/optimize_for] by /usb_cam/image_proc
[rosmaster.master][INFO] 2019-12-27 20:19:21,055: +PUB [/usb_cam/image_raw] /usb_cam http://itachi-HP-Pavilion-Laptop-15-cc1xx:46419/
[rosmaster.master][INFO] 2019-12-27 20:19:21,057: +PARAM [/usb_cam/image_mono/theora/target_bitrate] by /usb_cam/image_proc
[rosmaster.master][INFO] 2019-12-27 20:19:21,057: +PUB [/usb_cam/image_raw/theora] /usb_cam http://itachi-HP-Pavilion-Laptop-15-cc1xx:46419/
[rosmaster.master][INFO] 2019-12-27 20:19:21,058: +SUB [/usb_cam/camera_info] /whycon http://itachi-HP-Pavilion-Laptop-15-cc1xx:34857/
[rosmaster.master][INFO] 2019-12-27 20:19:21,059: +PARAM [/usb_cam/image_mono/theora/quality] by /usb_cam/image_proc
[rosmaster.master][INFO] 2019-12-27 20:19:21,061: +SERVICE [/usb_cam/image_raw/theora/set_parameters] /usb_cam http://itachi-HP-Pavilion-Laptop-15-cc1xx:46419/
[rosmaster.master][INFO] 2019-12-27 20:19:21,062: +PUB [/whycon/image_out] /whycon http://itachi-HP-Pavilion-Laptop-15-cc1xx:34857/
[rosmaster.master][INFO] 2019-12-27 20:19:21,063: +PARAM [/usb_cam/image_mono/theora/keyframe_frequency] by /usb_cam/image_proc
[rosmaster.master][INFO] 2019-12-27 20:19:21,064: +PUB [/usb_cam/image_raw/theora/parameter_descriptions] /usb_cam http://itachi-HP-Pavilion-Laptop-15-cc1xx:46419/
[rosmaster.master][INFO] 2019-12-27 20:19:21,065: +PUB [/whycon/poses] /whycon http://itachi-HP-Pavilion-Laptop-15-cc1xx:34857/
[rosmaster.master][INFO] 2019-12-27 20:19:21,066: +PARAM [/usb_cam/image_mono/theora/optimize_for] by /usb_cam/image_proc
[rosmaster.master][INFO] 2019-12-27 20:19:21,067: +PUB [/usb_cam/image_raw/theora/parameter_updates] /usb_cam http://itachi-HP-Pavilion-Laptop-15-cc1xx:46419/
[rosmaster.master][INFO] 2019-12-27 20:19:21,068: +PUB [/whycon/context] /whycon http://itachi-HP-Pavilion-Laptop-15-cc1xx:34857/
[rosmaster.master][INFO] 2019-12-27 20:19:21,068: +PARAM [/usb_cam/image_mono/theora/target_bitrate] by /usb_cam/image_proc
[rosmaster.master][INFO] 2019-12-27 20:19:21,070: +PUB [/whycon/projection] /whycon http://itachi-HP-Pavilion-Laptop-15-cc1xx:34857/
[rosmaster.master][INFO] 2019-12-27 20:19:21,071: +PARAM [/usb_cam/image_mono/theora/quality] by /usb_cam/image_proc
[rosmaster.master][INFO] 2019-12-27 20:19:21,072: +SERVICE [/whycon/reset] /whycon http://itachi-HP-Pavilion-Laptop-15-cc1xx:34857/
[rosmaster.master][INFO] 2019-12-27 20:19:21,073: +PARAM [/usb_cam/image_mono/theora/keyframe_frequency] by /usb_cam/image_proc
[rosmaster.master][INFO] 2019-12-27 20:19:21,075: +PARAM [/usb_cam/image_raw/theora/optimize_for] by /usb_cam
[rosmaster.master][INFO] 2019-12-27 20:19:21,076: +PUB [/usb_cam/image_color/compressedDepth] /usb_cam/image_proc http://itachi-HP-Pavilion-Laptop-15-cc1xx:46295/
[rosmaster.master][INFO] 2019-12-27 20:19:21,076: +PARAM [/usb_cam/image_raw/theora/target_bitrate] by /usb_cam
[rosmaster.master][INFO] 2019-12-27 20:19:21,077: +SERVICE [/usb_cam/image_color/compressedDepth/set_parameters] /usb_cam/image_proc http://itachi-HP-Pavilion-Laptop-15-cc1xx:46295/
[rosmaster.master][INFO] 2019-12-27 20:19:21,077: +PARAM [/usb_cam/image_raw/theora/quality] by /usb_cam
[rosmaster.master][INFO] 2019-12-27 20:19:21,078: +PUB [/usb_cam/image_color/compressedDepth/parameter_descriptions] /usb_cam/image_proc http://itachi-HP-Pavilion-Laptop-15-cc1xx:46295/
[rosmaster.master][INFO] 2019-12-27 20:19:21,078: +PARAM [/usb_cam/image_raw/theora/keyframe_frequency] by /usb_cam
[rosmaster.master][INFO] 2019-12-27 20:19:21,079: +PUB [/usb_cam/image_color/compressedDepth/parameter_updates] /usb_cam/image_proc http://itachi-HP-Pavilion-Laptop-15-cc1xx:46295/
[rosmaster.master][INFO] 2019-12-27 20:19:21,080: +PARAM [/usb_cam/image_raw/theora/optimize_for] by /usb_cam
[rosmaster.master][INFO] 2019-12-27 20:19:21,081: +PARAM [/usb_cam/image_raw/theora/target_bitrate] by /usb_cam
[rosmaster.master][INFO] 2019-12-27 20:19:21,081: +PARAM [/usb_cam/image_raw/theora/quality] by /usb_cam
[rosmaster.master][INFO] 2019-12-27 20:19:21,082: +PARAM [/usb_cam/image_raw/theora/keyframe_frequency] by /usb_cam
[rosmaster.master][INFO] 2019-12-27 20:19:21,083: +PARAM [/usb_cam/image_color/compressedDepth/depth_max] by /usb_cam/image_proc
[rosmaster.master][INFO] 2019-12-27 20:19:21,084: +PARAM [/usb_cam/image_color/compressedDepth/depth_quantization] by /usb_cam/image_proc
[rosmaster.master][INFO] 2019-12-27 20:19:21,084: +PUB [/usb_cam/camera_info] /usb_cam http://itachi-HP-Pavilion-Laptop-15-cc1xx:46419/
[rosmaster.master][INFO] 2019-12-27 20:19:21,085: +PARAM [/usb_cam/image_color/compressedDepth/png_level] by /usb_cam/image_proc
[rosmaster.master][INFO] 2019-12-27 20:19:21,086: +PARAM [/usb_cam/image_color/compressedDepth/depth_max] by /usb_cam/image_proc
[rosmaster.master][INFO] 2019-12-27 20:19:21,087: +PARAM [/usb_cam/image_color/compressedDepth/depth_quantization] by /usb_cam/image_proc
[rosmaster.master][INFO] 2019-12-27 20:19:21,088: +PARAM [/usb_cam/image_color/compressedDepth/png_level] by /usb_cam/image_proc
[rosmaster.master][INFO] 2019-12-27 20:19:21,089: +PUB [/usb_cam/image_color/compressed] /usb_cam/image_proc http://itachi-HP-Pavilion-Laptop-15-cc1xx:46295/
[rosmaster.master][INFO] 2019-12-27 20:19:21,090: +SERVICE [/usb_cam/image_color/compressed/set_parameters] /usb_cam/image_proc http://itachi-HP-Pavilion-Laptop-15-cc1xx:46295/
[rosmaster.master][INFO] 2019-12-27 20:19:21,092: +PUB [/usb_cam/image_color/compressed/parameter_descriptions] /usb_cam/image_proc http://itachi-HP-Pavilion-Laptop-15-cc1xx:46295/
[rosmaster.master][INFO] 2019-12-27 20:19:21,093: +PUB [/usb_cam/image_color/compressed/parameter_updates] /usb_cam/image_proc http://itachi-HP-Pavilion-Laptop-15-cc1xx:46295/
[rosmaster.master][INFO] 2019-12-27 20:19:21,097: +PARAM [/usb_cam/image_color/compressed/format] by /usb_cam/image_proc
[rosmaster.master][INFO] 2019-12-27 20:19:21,098: +PARAM [/usb_cam/image_color/compressed/jpeg_quality] by /usb_cam/image_proc
[rosmaster.master][INFO] 2019-12-27 20:19:21,100: +PARAM [/usb_cam/image_color/compressed/png_level] by /usb_cam/image_proc
[rosmaster.master][INFO] 2019-12-27 20:19:21,102: +PARAM [/usb_cam/image_color/compressed/format] by /usb_cam/image_proc
[rosmaster.master][INFO] 2019-12-27 20:19:21,105: +PARAM [/usb_cam/image_color/compressed/jpeg_quality] by /usb_cam/image_proc
[rosmaster.master][INFO] 2019-12-27 20:19:21,107: +PARAM [/usb_cam/image_color/compressed/png_level] by /usb_cam/image_proc
[rosmaster.master][INFO] 2019-12-27 20:19:21,110: publisherUpdate[/usb_cam/camera_info] -> http://itachi-HP-Pavilion-Laptop-15-cc1xx:34857/ ['http://itachi-HP-Pavilion-Laptop-15-cc1xx:46419/']
[rosmaster.master][INFO] 2019-12-27 20:19:21,113: +PUB [/usb_cam/image_color] /usb_cam/image_proc http://itachi-HP-Pavilion-Laptop-15-cc1xx:46295/
[rosmaster.master][INFO] 2019-12-27 20:19:21,114: publisherUpdate[/usb_cam/camera_info] -> http://itachi-HP-Pavilion-Laptop-15-cc1xx:34857/ ['http://itachi-HP-Pavilion-Laptop-15-cc1xx:46419/']: sec=0.00, result=[1, '', 0]
[rosmaster.master][INFO] 2019-12-27 20:19:21,115: +PUB [/usb_cam/image_color/theora] /usb_cam/image_proc http://itachi-HP-Pavilion-Laptop-15-cc1xx:46295/
[rosmaster.master][INFO] 2019-12-27 20:19:21,118: +SERVICE [/usb_cam/image_color/theora/set_parameters] /usb_cam/image_proc http://itachi-HP-Pavilion-Laptop-15-cc1xx:46295/
[rosmaster.master][INFO] 2019-12-27 20:19:21,123: +PUB [/usb_cam/image_color/theora/parameter_descriptions] /usb_cam/image_proc http://itachi-HP-Pavilion-Laptop-15-cc1xx:46295/
[rosmaster.master][INFO] 2019-12-27 20:19:21,126: +PUB [/usb_cam/image_color/theora/parameter_updates] /usb_cam/image_proc http://itachi-HP-Pavilion-Laptop-15-cc1xx:46295/
[rosmaster.master][INFO] 2019-12-27 20:19:21,129: +SERVICE [/usb_cam/set_camera_info] /usb_cam http://itachi-HP-Pavilion-Laptop-15-cc1xx:46419/
[rosmaster.master][INFO] 2019-12-27 20:19:21,132: +SERVICE [/usb_cam/start_capture] /usb_cam http://itachi-HP-Pavilion-Laptop-15-cc1xx:46419/
[rosmaster.master][INFO] 2019-12-27 20:19:21,134: +SERVICE [/usb_cam/stop_capture] /usb_cam http://itachi-HP-Pavilion-Laptop-15-cc1xx:46419/
[rosmaster.master][INFO] 2019-12-27 20:19:21,136: +PARAM [/usb_cam/image_color/theora/optimize_for] by /usb_cam/image_proc
[rosmaster.master][INFO] 2019-12-27 20:19:21,138: +PARAM [/usb_cam/image_color/theora/target_bitrate] by /usb_cam/image_proc
[rosmaster.master][INFO] 2019-12-27 20:19:21,139: +PARAM [/usb_cam/image_color/theora/quality] by /usb_cam/image_proc
[rosmaster.master][INFO] 2019-12-27 20:19:21,140: +PARAM [/usb_cam/image_color/theora/keyframe_frequency] by /usb_cam/image_proc
[rosmaster.master][INFO] 2019-12-27 20:19:21,141: +PARAM [/usb_cam/image_color/theora/optimize_for] by /usb_cam/image_proc
[rosmaster.master][INFO] 2019-12-27 20:19:21,142: +PARAM [/usb_cam/image_color/theora/target_bitrate] by /usb_cam/image_proc
[rosmaster.master][INFO] 2019-12-27 20:19:21,143: +PARAM [/usb_cam/image_color/theora/quality] by /usb_cam/image_proc
[rosmaster.master][INFO] 2019-12-27 20:19:21,144: +PARAM [/usb_cam/image_color/theora/keyframe_frequency] by /usb_cam/image_proc
[rosmaster.master][INFO] 2019-12-27 20:19:21,150: +SERVICE [/usb_cam/image_proc_rectify_mono/set_parameters] /usb_cam/image_proc http://itachi-HP-Pavilion-Laptop-15-cc1xx:46295/
[rosmaster.master][INFO] 2019-12-27 20:19:21,151: +PUB [/usb_cam/image_proc_rectify_mono/parameter_descriptions] /usb_cam/image_proc http://itachi-HP-Pavilion-Laptop-15-cc1xx:46295/
[rosmaster.master][INFO] 2019-12-27 20:19:21,152: +PUB [/usb_cam/image_proc_rectify_mono/parameter_updates] /usb_cam/image_proc http://itachi-HP-Pavilion-Laptop-15-cc1xx:46295/
[rosmaster.master][INFO] 2019-12-27 20:19:21,153: +PARAM [/usb_cam/image_proc_rectify_mono/interpolation] by /usb_cam/image_proc
[rosmaster.master][INFO] 2019-12-27 20:19:21,154: +PARAM [/usb_cam/image_proc_rectify_mono/interpolation] by /usb_cam/image_proc
[rosmaster.master][INFO] 2019-12-27 20:19:21,155: +PUB [/usb_cam/image_rect/compressedDepth] /usb_cam/image_proc http://itachi-HP-Pavilion-Laptop-15-cc1xx:46295/
[rosmaster.master][INFO] 2019-12-27 20:19:21,156: +SERVICE [/usb_cam/image_rect/compressedDepth/set_parameters] /usb_cam/image_proc http://itachi-HP-Pavilion-Laptop-15-cc1xx:46295/
[rosmaster.master][INFO] 2019-12-27 20:19:21,157: +PUB [/usb_cam/image_rect/compressedDepth/parameter_descriptions] /usb_cam/image_proc http://itachi-HP-Pavilion-Laptop-15-cc1xx:46295/
[rosmaster.master][INFO] 2019-12-27 20:19:21,157: +PUB [/usb_cam/image_rect/compressedDepth/parameter_updates] /usb_cam/image_proc http://itachi-HP-Pavilion-Laptop-15-cc1xx:46295/
[rosmaster.master][INFO] 2019-12-27 20:19:21,159: +PARAM [/usb_cam/image_rect/compressedDepth/depth_max] by /usb_cam/image_proc
[rosmaster.master][INFO] 2019-12-27 20:19:21,160: +PARAM [/usb_cam/image_rect/compressedDepth/depth_quantization] by /usb_cam/image_proc
[rosmaster.master][INFO] 2019-12-27 20:19:21,161: +PARAM [/usb_cam/image_rect/compressedDepth/png_level] by /usb_cam/image_proc
[rosmaster.master][INFO] 2019-12-27 20:19:21,162: +PARAM [/usb_cam/image_rect/compressedDepth/depth_max] by /usb_cam/image_proc
[rosmaster.master][INFO] 2019-12-27 20:19:21,165: +PARAM [/usb_cam/image_rect/compressedDepth/depth_quantization] by /usb_cam/image_proc
[rosmaster.master][INFO] 2019-12-27 20:19:21,166: +PARAM [/usb_cam/image_rect/compressedDepth/png_level] by /usb_cam/image_proc
[rosmaster.master][INFO] 2019-12-27 20:19:21,168: +PUB [/usb_cam/image_rect/compressed] /usb_cam/image_proc http://itachi-HP-Pavilion-Laptop-15-cc1xx:46295/
[rosmaster.master][INFO] 2019-12-27 20:19:21,169: +SERVICE [/usb_cam/image_rect/compressed/set_parameters] /usb_cam/image_proc http://itachi-HP-Pavilion-Laptop-15-cc1xx:46295/
[rosmaster.master][INFO] 2019-12-27 20:19:21,170: +PUB [/usb_cam/image_rect/compressed/parameter_descriptions] /usb_cam/image_proc http://itachi-HP-Pavilion-Laptop-15-cc1xx:46295/
[rosmaster.master][INFO] 2019-12-27 20:19:21,171: +SUB [/whycon/image_out] /whycon_display/image_view http://itachi-HP-Pavilion-Laptop-15-cc1xx:45125/
[rosmaster.master][INFO] 2019-12-27 20:19:21,171: +PUB [/usb_cam/image_rect/compressed/parameter_updates] /usb_cam/image_proc http://itachi-HP-Pavilion-Laptop-15-cc1xx:46295/
[rosmaster.master][INFO] 2019-12-27 20:19:21,172: +PUB [/whycon_display/image_view/output] /whycon_display/image_view http://itachi-HP-Pavilion-Laptop-15-cc1xx:45125/
[rosmaster.master][INFO] 2019-12-27 20:19:21,173: +SERVICE [/whycon_display/image_view/set_parameters] /whycon_display/image_view http://itachi-HP-Pavilion-Laptop-15-cc1xx:45125/
[rosmaster.master][INFO] 2019-12-27 20:19:21,174: +PUB [/whycon_display/image_view/parameter_descriptions] /whycon_display/image_view http://itachi-HP-Pavilion-Laptop-15-cc1xx:45125/
[rosmaster.master][INFO] 2019-12-27 20:19:21,175: +PARAM [/usb_cam/image_rect/compressed/format] by /usb_cam/image_proc
[rosmaster.master][INFO] 2019-12-27 20:19:21,175: +PUB [/whycon_display/image_view/parameter_updates] /whycon_display/image_view http://itachi-HP-Pavilion-Laptop-15-cc1xx:45125/
[rosmaster.master][INFO] 2019-12-27 20:19:21,176: +PARAM [/usb_cam/image_rect/compressed/jpeg_quality] by /usb_cam/image_proc
[rosmaster.master][INFO] 2019-12-27 20:19:21,177: +PARAM [/usb_cam/image_rect/compressed/png_level] by /usb_cam/image_proc
[rosmaster.master][INFO] 2019-12-27 20:19:21,178: +PARAM [/usb_cam/image_rect/compressed/format] by /usb_cam/image_proc
[rosmaster.master][INFO] 2019-12-27 20:19:21,182: +PARAM [/usb_cam/image_rect/compressed/jpeg_quality] by /usb_cam/image_proc
[rosmaster.master][INFO] 2019-12-27 20:19:21,183: +PARAM [/whycon_display/image_view/do_dynamic_scaling] by /whycon_display/image_view
[rosmaster.master][INFO] 2019-12-27 20:19:21,184: +PARAM [/usb_cam/image_rect/compressed/png_level] by /usb_cam/image_proc
[rosmaster.master][INFO] 2019-12-27 20:19:21,184: +PARAM [/whycon_display/image_view/colormap] by /whycon_display/image_view
[rosmaster.master][INFO] 2019-12-27 20:19:21,185: +PUB [/usb_cam/image_rect] /usb_cam/image_proc http://itachi-HP-Pavilion-Laptop-15-cc1xx:46295/
[rosmaster.master][INFO] 2019-12-27 20:19:21,186: +PARAM [/whycon_display/image_view/min_image_value] by /whycon_display/image_view
[rosmaster.master][INFO] 2019-12-27 20:19:21,186: +PUB [/usb_cam/image_rect/theora] /usb_cam/image_proc http://itachi-HP-Pavilion-Laptop-15-cc1xx:46295/
[rosmaster.master][INFO] 2019-12-27 20:19:21,187: +PARAM [/whycon_display/image_view/max_image_value] by /whycon_display/image_view
[rosmaster.master][INFO] 2019-12-27 20:19:21,188: +SERVICE [/usb_cam/image_rect/theora/set_parameters] /usb_cam/image_proc http://itachi-HP-Pavilion-Laptop-15-cc1xx:46295/
[rosmaster.master][INFO] 2019-12-27 20:19:21,188: +PARAM [/whycon_display/image_view/do_dynamic_scaling] by /whycon_display/image_view
[rosmaster.master][INFO] 2019-12-27 20:19:21,189: +PUB [/usb_cam/image_rect/theora/parameter_descriptions] /usb_cam/image_proc http://itachi-HP-Pavilion-Laptop-15-cc1xx:46295/
[rosmaster.master][INFO] 2019-12-27 20:19:21,190: +PARAM [/whycon_display/image_view/colormap] by /whycon_display/image_view
[rosmaster.master][INFO] 2019-12-27 20:19:21,190: +PUB [/usb_cam/image_rect/theora/parameter_updates] /usb_cam/image_proc http://itachi-HP-Pavilion-Laptop-15-cc1xx:46295/
[rosmaster.master][INFO] 2019-12-27 20:19:21,191: +PARAM [/whycon_display/image_view/min_image_value] by /whycon_display/image_view
[rosmaster.master][INFO] 2019-12-27 20:19:21,192: +PARAM [/whycon_display/image_view/max_image_value] by /whycon_display/image_view
[rosmaster.master][INFO] 2019-12-27 20:19:21,194: +PARAM [/usb_cam/image_rect/theora/optimize_for] by /usb_cam/image_proc
[rosmaster.master][INFO] 2019-12-27 20:19:21,195: +PARAM [/usb_cam/image_rect/theora/target_bitrate] by /usb_cam/image_proc
[rosmaster.master][INFO] 2019-12-27 20:19:21,197: +PARAM [/usb_cam/image_rect/theora/quality] by /usb_cam/image_proc
[rosmaster.master][INFO] 2019-12-27 20:19:21,198: +PARAM [/usb_cam/image_rect/theora/keyframe_frequency] by /usb_cam/image_proc
[rosmaster.master][INFO] 2019-12-27 20:19:21,198: +PARAM [/usb_cam/image_rect/theora/optimize_for] by /usb_cam/image_proc
[rosmaster.master][INFO] 2019-12-27 20:19:21,199: +PARAM [/usb_cam/image_rect/theora/target_bitrate] by /usb_cam/image_proc
[rosmaster.master][INFO] 2019-12-27 20:19:21,199: +PARAM [/usb_cam/image_rect/theora/quality] by /usb_cam/image_proc
[rosmaster.master][INFO] 2019-12-27 20:19:21,200: +PARAM [/usb_cam/image_rect/theora/keyframe_frequency] by /usb_cam/image_proc
[rosmaster.master][INFO] 2019-12-27 20:19:21,203: +SERVICE [/usb_cam/image_proc_rectify_color/set_parameters] /usb_cam/image_proc http://itachi-HP-Pavilion-Laptop-15-cc1xx:46295/
[rosmaster.master][INFO] 2019-12-27 20:19:21,203: +PUB [/usb_cam/image_proc_rectify_color/parameter_descriptions] /usb_cam/image_proc http://itachi-HP-Pavilion-Laptop-15-cc1xx:46295/
[rosmaster.master][INFO] 2019-12-27 20:19:21,204: +PUB [/usb_cam/image_proc_rectify_color/parameter_updates] /usb_cam/image_proc http://itachi-HP-Pavilion-Laptop-15-cc1xx:46295/
[rosmaster.master][INFO] 2019-12-27 20:19:21,205: +PARAM [/usb_cam/image_proc_rectify_color/interpolation] by /usb_cam/image_proc
[rosmaster.master][INFO] 2019-12-27 20:19:21,206: +PARAM [/usb_cam/image_proc_rectify_color/interpolation] by /usb_cam/image_proc
[rosmaster.master][INFO] 2019-12-27 20:19:21,207: +PUB [/usb_cam/image_rect_color/compressedDepth] /usb_cam/image_proc http://itachi-HP-Pavilion-Laptop-15-cc1xx:46295/
[rosmaster.master][INFO] 2019-12-27 20:19:21,207: +SERVICE [/usb_cam/image_rect_color/compressedDepth/set_parameters] /usb_cam/image_proc http://itachi-HP-Pavilion-Laptop-15-cc1xx:46295/
[rosmaster.master][INFO] 2019-12-27 20:19:21,208: +PUB [/usb_cam/image_rect_color/compressedDepth/parameter_descriptions] /usb_cam/image_proc http://itachi-HP-Pavilion-Laptop-15-cc1xx:46295/
[rosmaster.master][INFO] 2019-12-27 20:19:21,208: +PUB [/usb_cam/image_rect_color/compressedDepth/parameter_updates] /usb_cam/image_proc http://itachi-HP-Pavilion-Laptop-15-cc1xx:46295/
[rosmaster.master][INFO] 2019-12-27 20:19:21,210: +PARAM [/usb_cam/image_rect_color/compressedDepth/depth_max] by /usb_cam/image_proc
[rosmaster.master][INFO] 2019-12-27 20:19:21,211: +PARAM [/usb_cam/image_rect_color/compressedDepth/depth_quantization] by /usb_cam/image_proc
[rosmaster.master][INFO] 2019-12-27 20:19:21,211: +PARAM [/usb_cam/image_rect_color/compressedDepth/png_level] by /usb_cam/image_proc
[rosmaster.master][INFO] 2019-12-27 20:19:21,213: +PARAM [/usb_cam/image_rect_color/compressedDepth/depth_max] by /usb_cam/image_proc
[rosmaster.master][INFO] 2019-12-27 20:19:21,213: +PARAM [/usb_cam/image_rect_color/compressedDepth/depth_quantization] by /usb_cam/image_proc
[rosmaster.master][INFO] 2019-12-27 20:19:21,214: +PARAM [/usb_cam/image_rect_color/compressedDepth/png_level] by /usb_cam/image_proc
[rosmaster.master][INFO] 2019-12-27 20:19:21,215: +PUB [/usb_cam/image_rect_color/compressed] /usb_cam/image_proc http://itachi-HP-Pavilion-Laptop-15-cc1xx:46295/
[rosmaster.master][INFO] 2019-12-27 20:19:21,216: +SERVICE [/usb_cam/image_rect_color/compressed/set_parameters] /usb_cam/image_proc http://itachi-HP-Pavilion-Laptop-15-cc1xx:46295/
[rosmaster.master][INFO] 2019-12-27 20:19:21,216: +PUB [/usb_cam/image_rect_color/compressed/parameter_descriptions] /usb_cam/image_proc http://itachi-HP-Pavilion-Laptop-15-cc1xx:46295/
[rosmaster.master][INFO] 2019-12-27 20:19:21,217: +PUB [/usb_cam/image_rect_color/compressed/parameter_updates] /usb_cam/image_proc http://itachi-HP-Pavilion-Laptop-15-cc1xx:46295/
[rosmaster.master][INFO] 2019-12-27 20:19:21,219: +PARAM [/usb_cam/image_rect_color/compressed/format] by /usb_cam/image_proc
[rosmaster.master][INFO] 2019-12-27 20:19:21,220: +PARAM [/usb_cam/image_rect_color/compressed/jpeg_quality] by /usb_cam/image_proc
[rosmaster.master][INFO] 2019-12-27 20:19:21,220: +PARAM [/usb_cam/image_rect_color/compressed/png_level] by /usb_cam/image_proc
[rosmaster.master][INFO] 2019-12-27 20:19:21,221: +PARAM [/usb_cam/image_rect_color/compressed/format] by /usb_cam/image_proc
[rosmaster.master][INFO] 2019-12-27 20:19:21,222: +PARAM [/usb_cam/image_rect_color/compressed/jpeg_quality] by /usb_cam/image_proc
[rosmaster.master][INFO] 2019-12-27 20:19:21,222: +PARAM [/usb_cam/image_rect_color/compressed/png_level] by /usb_cam/image_proc
[rosmaster.master][INFO] 2019-12-27 20:19:21,223: +PUB [/usb_cam/image_rect_color] /usb_cam/image_proc http://itachi-HP-Pavilion-Laptop-15-cc1xx:46295/
[rosmaster.master][INFO] 2019-12-27 20:19:21,224: +PUB [/usb_cam/image_rect_color/theora] /usb_cam/image_proc http://itachi-HP-Pavilion-Laptop-15-cc1xx:46295/
[rosmaster.master][INFO] 2019-12-27 20:19:21,224: +SERVICE [/usb_cam/image_rect_color/theora/set_parameters] /usb_cam/image_proc http://itachi-HP-Pavilion-Laptop-15-cc1xx:46295/
[rosmaster.master][INFO] 2019-12-27 20:19:21,225: +PUB [/usb_cam/image_rect_color/theora/parameter_descriptions] /usb_cam/image_proc http://itachi-HP-Pavilion-Laptop-15-cc1xx:46295/
[rosmaster.master][INFO] 2019-12-27 20:19:21,226: +PUB [/usb_cam/image_rect_color/theora/parameter_updates] /usb_cam/image_proc http://itachi-HP-Pavilion-Laptop-15-cc1xx:46295/
[rosmaster.master][INFO] 2019-12-27 20:19:21,228: +PARAM [/usb_cam/image_rect_color/theora/optimize_for] by /usb_cam/image_proc
[rosmaster.master][INFO] 2019-12-27 20:19:21,230: +PARAM [/usb_cam/image_rect_color/theora/target_bitrate] by /usb_cam/image_proc
[rosmaster.master][INFO] 2019-12-27 20:19:21,231: +PARAM [/usb_cam/image_rect_color/theora/quality] by /usb_cam/image_proc
[rosmaster.master][INFO] 2019-12-27 20:19:21,231: +PARAM [/usb_cam/image_rect_color/theora/keyframe_frequency] by /usb_cam/image_proc
[rosmaster.master][INFO] 2019-12-27 20:19:21,232: +PARAM [/usb_cam/image_rect_color/theora/optimize_for] by /usb_cam/image_proc
[rosmaster.master][INFO] 2019-12-27 20:19:21,233: +PARAM [/usb_cam/image_rect_color/theora/target_bitrate] by /usb_cam/image_proc
[rosmaster.master][INFO] 2019-12-27 20:19:21,233: +PARAM [/usb_cam/image_rect_color/theora/quality] by /usb_cam/image_proc
[rosmaster.master][INFO] 2019-12-27 20:19:21,234: +PARAM [/usb_cam/image_rect_color/theora/keyframe_frequency] by /usb_cam/image_proc
[rosmaster.master][INFO] 2019-12-27 20:19:21,312: publisherUpdate[/usb_cam/image_rect_color] -> http://itachi-HP-Pavilion-Laptop-15-cc1xx:34857/ ['http://itachi-HP-Pavilion-Laptop-15-cc1xx:46295/']
[rosmaster.master][INFO] 2019-12-27 20:19:21,314: publisherUpdate[/usb_cam/image_rect_color] -> http://itachi-HP-Pavilion-Laptop-15-cc1xx:34857/ ['http://itachi-HP-Pavilion-Laptop-15-cc1xx:46295/']: sec=0.00, result=[1, '', 0]
[rosmaster.master][INFO] 2019-12-27 20:19:21,429: +SUB [/usb_cam/image_color] /usb_cam/image_proc http://itachi-HP-Pavilion-Laptop-15-cc1xx:46295/
[rosmaster.master][INFO] 2019-12-27 20:19:21,435: +SUB [/usb_cam/camera_info] /usb_cam/image_proc http://itachi-HP-Pavilion-Laptop-15-cc1xx:46295/
[rosmaster.master][INFO] 2019-12-27 20:19:21,441: +SUB [/usb_cam/image_raw] /usb_cam/image_proc http://itachi-HP-Pavilion-Laptop-15-cc1xx:46295/
[rosmaster.master][INFO] 2019-12-27 20:19:26,176: +PUB [/rosout] /DroneNode http://itachi-HP-Pavilion-Laptop-15-cc1xx:36471/
[rosmaster.master][INFO] 2019-12-27 20:19:26,177: +SERVICE [/DroneNode/get_loggers] /DroneNode http://itachi-HP-Pavilion-Laptop-15-cc1xx:36471/
[rosmaster.master][INFO] 2019-12-27 20:19:26,178: +SERVICE [/DroneNode/set_logger_level] /DroneNode http://itachi-HP-Pavilion-Laptop-15-cc1xx:36471/
[rosmaster.master][INFO] 2019-12-27 20:19:26,192: +SUB [/drone_command] /DroneNode http://itachi-HP-Pavilion-Laptop-15-cc1xx:36471/
[rosmaster.master][INFO] 2019-12-27 20:19:26,224: publisherUpdate[/rosout] -> http://itachi-HP-Pavilion-Laptop-15-cc1xx:38685/ ['http://itachi-HP-Pavilion-Laptop-15-cc1xx:46419/', 'http://itachi-HP-Pavilion-Laptop-15-cc1xx:46295/', 'http://itachi-HP-Pavilion-Laptop-15-cc1xx:34857/', 'http://itachi-HP-Pavilion-Laptop-15-cc1xx:45125/', 'http://itachi-HP-Pavilion-Laptop-15-cc1xx:36471/']
[rosmaster.master][INFO] 2019-12-27 20:19:26,225: publisherUpdate[/rosout] -> http://itachi-HP-Pavilion-Laptop-15-cc1xx:38685/ ['http://itachi-HP-Pavilion-Laptop-15-cc1xx:46419/', 'http://itachi-HP-Pavilion-Laptop-15-cc1xx:46295/', 'http://itachi-HP-Pavilion-Laptop-15-cc1xx:34857/', 'http://itachi-HP-Pavilion-Laptop-15-cc1xx:45125/', 'http://itachi-HP-Pavilion-Laptop-15-cc1xx:36471/']: sec=0.00, result=[1, '', 0]
[rosmaster.master][INFO] 2019-12-27 20:19:28,585: +PUB [/rosout] /drone_control http://itachi-HP-Pavilion-Laptop-15-cc1xx:44665/
[rosmaster.master][INFO] 2019-12-27 20:19:28,591: +SERVICE [/drone_control/get_loggers] /drone_control http://itachi-HP-Pavilion-Laptop-15-cc1xx:44665/
[rosmaster.master][INFO] 2019-12-27 20:19:28,594: +SERVICE [/drone_control/set_logger_level] /drone_control http://itachi-HP-Pavilion-Laptop-15-cc1xx:44665/
[rosmaster.master][INFO] 2019-12-27 20:19:28,596: +PUB [/drone_command] /drone_control http://itachi-HP-Pavilion-Laptop-15-cc1xx:44665/
[rosmaster.master][INFO] 2019-12-27 20:19:28,598: +PUB [/alt_error] /drone_control http://itachi-HP-Pavilion-Laptop-15-cc1xx:44665/
[rosmaster.master][INFO] 2019-12-27 20:19:28,602: +PUB [/pitch_error] /drone_control http://itachi-HP-Pavilion-Laptop-15-cc1xx:44665/
[rosmaster.master][INFO] 2019-12-27 20:19:28,604: +PUB [/roll_error] /drone_control http://itachi-HP-Pavilion-Laptop-15-cc1xx:44665/
[rosmaster.master][INFO] 2019-12-27 20:19:28,609: +PUB [/error_sample] /drone_control http://itachi-HP-Pavilion-Laptop-15-cc1xx:44665/
[rosmaster.master][INFO] 2019-12-27 20:19:28,611: +PUB [/error_sample1] /drone_control http://itachi-HP-Pavilion-Laptop-15-cc1xx:44665/
[rosmaster.master][INFO] 2019-12-27 20:19:28,613: +PUB [/error_sample2] /drone_control http://itachi-HP-Pavilion-Laptop-15-cc1xx:44665/
[rosmaster.master][INFO] 2019-12-27 20:19:28,616: +PUB [/error_sample3] /drone_control http://itachi-HP-Pavilion-Laptop-15-cc1xx:44665/
[rosmaster.master][INFO] 2019-12-27 20:19:28,620: +SUB [/whycon/poses] /drone_control http://itachi-HP-Pavilion-Laptop-15-cc1xx:44665/
[rosmaster.master][INFO] 2019-12-27 20:19:28,627: +SUB [/pid_tuning_altitude] /drone_control http://itachi-HP-Pavilion-Laptop-15-cc1xx:44665/
[rosmaster.master][INFO] 2019-12-27 20:19:28,629: publisherUpdate[/rosout] -> http://itachi-HP-Pavilion-Laptop-15-cc1xx:38685/ ['http://itachi-HP-Pavilion-Laptop-15-cc1xx:46419/', 'http://itachi-HP-Pavilion-Laptop-15-cc1xx:46295/', 'http://itachi-HP-Pavilion-Laptop-15-cc1xx:34857/', 'http://itachi-HP-Pavilion-Laptop-15-cc1xx:45125/', 'http://itachi-HP-Pavilion-Laptop-15-cc1xx:36471/', 'http://itachi-HP-Pavilion-Laptop-15-cc1xx:44665/']
[rosmaster.master][INFO] 2019-12-27 20:19:28,631: +SUB [/pid_tuning_pitch] /drone_control http://itachi-HP-Pavilion-Laptop-15-cc1xx:44665/
[rosmaster.master][INFO] 2019-12-27 20:19:28,631: publisherUpdate[/rosout] -> http://itachi-HP-Pavilion-Laptop-15-cc1xx:38685/ ['http://itachi-HP-Pavilion-Laptop-15-cc1xx:46419/', 'http://itachi-HP-Pavilion-Laptop-15-cc1xx:46295/', 'http://itachi-HP-Pavilion-Laptop-15-cc1xx:34857/', 'http://itachi-HP-Pavilion-Laptop-15-cc1xx:45125/', 'http://itachi-HP-Pavilion-Laptop-15-cc1xx:36471/', 'http://itachi-HP-Pavilion-Laptop-15-cc1xx:44665/']: sec=0.00, result=[1, '', 0]
[rosmaster.master][INFO] 2019-12-27 20:19:28,632: publisherUpdate[/drone_command] -> http://itachi-HP-Pavilion-Laptop-15-cc1xx:36471/ ['http://itachi-HP-Pavilion-Laptop-15-cc1xx:44665/']
[rosmaster.master][INFO] 2019-12-27 20:19:28,634: publisherUpdate[/drone_command] -> http://itachi-HP-Pavilion-Laptop-15-cc1xx:36471/ ['http://itachi-HP-Pavilion-Laptop-15-cc1xx:44665/']: sec=0.00, result=[1, '', 0]
[rosmaster.master][INFO] 2019-12-27 20:19:28,636: +SUB [/pid_tuning_roll] /drone_control http://itachi-HP-Pavilion-Laptop-15-cc1xx:44665/
[rosmaster.master][INFO] 2019-12-27 20:19:47,863: -SUB [/pid_tuning_pitch] /drone_control http://itachi-HP-Pavilion-Laptop-15-cc1xx:44665/
[rosmaster.master][INFO] 2019-12-27 20:19:47,864: -SUB [/pid_tuning_roll] /drone_control http://itachi-HP-Pavilion-Laptop-15-cc1xx:44665/
[rosmaster.master][INFO] 2019-12-27 20:19:47,864: -SUB [/whycon/poses] /drone_control http://itachi-HP-Pavilion-Laptop-15-cc1xx:44665/
[rosmaster.master][INFO] 2019-12-27 20:19:47,864: -SUB [/pid_tuning_altitude] /drone_control http://itachi-HP-Pavilion-Laptop-15-cc1xx:44665/
[rosmaster.master][INFO] 2019-12-27 20:19:47,864: -PUB [/pitch_error] /drone_control http://itachi-HP-Pavilion-Laptop-15-cc1xx:44665/
[rosmaster.master][INFO] 2019-12-27 20:19:47,864: -PUB [/rosout] /drone_control http://itachi-HP-Pavilion-Laptop-15-cc1xx:44665/
[rosmaster.master][INFO] 2019-12-27 20:19:47,865: -PUB [/alt_error] /drone_control http://itachi-HP-Pavilion-Laptop-15-cc1xx:44665/
[rosmaster.master][INFO] 2019-12-27 20:19:47,865: -PUB [/drone_command] /drone_control http://itachi-HP-Pavilion-Laptop-15-cc1xx:44665/
[rosmaster.master][INFO] 2019-12-27 20:19:47,865: -PUB [/error_sample2] /drone_control http://itachi-HP-Pavilion-Laptop-15-cc1xx:44665/
[rosmaster.master][INFO] 2019-12-27 20:19:47,865: -PUB [/error_sample] /drone_control http://itachi-HP-Pavilion-Laptop-15-cc1xx:44665/
[rosmaster.master][INFO] 2019-12-27 20:19:47,865: -PUB [/error_sample1] /drone_control http://itachi-HP-Pavilion-Laptop-15-cc1xx:44665/
[rosmaster.master][INFO] 2019-12-27 20:19:47,866: -PUB [/roll_error] /drone_control http://itachi-HP-Pavilion-Laptop-15-cc1xx:44665/
[rosmaster.master][INFO] 2019-12-27 20:19:47,866: -PUB [/error_sample3] /drone_control http://itachi-HP-Pavilion-Laptop-15-cc1xx:44665/
[rosmaster.master][INFO] 2019-12-27 20:19:47,866: -SERVICE [/drone_control/get_loggers] /drone_control rosrpc://itachi-HP-Pavilion-Laptop-15-cc1xx:38513
[rosmaster.master][INFO] 2019-12-27 20:19:47,866: -SERVICE [/drone_control/set_logger_level] /drone_control rosrpc://itachi-HP-Pavilion-Laptop-15-cc1xx:38513
[rosmaster.master][INFO] 2019-12-27 20:19:47,872: publisherUpdate[/rosout] -> http://itachi-HP-Pavilion-Laptop-15-cc1xx:38685/ ['http://itachi-HP-Pavilion-Laptop-15-cc1xx:46419/', 'http://itachi-HP-Pavilion-Laptop-15-cc1xx:46295/', 'http://itachi-HP-Pavilion-Laptop-15-cc1xx:34857/', 'http://itachi-HP-Pavilion-Laptop-15-cc1xx:45125/', 'http://itachi-HP-Pavilion-Laptop-15-cc1xx:36471/']
[rosmaster.master][INFO] 2019-12-27 20:19:47,873: publisherUpdate[/rosout] -> http://itachi-HP-Pavilion-Laptop-15-cc1xx:38685/ ['http://itachi-HP-Pavilion-Laptop-15-cc1xx:46419/', 'http://itachi-HP-Pavilion-Laptop-15-cc1xx:46295/', 'http://itachi-HP-Pavilion-Laptop-15-cc1xx:34857/', 'http://itachi-HP-Pavilion-Laptop-15-cc1xx:45125/', 'http://itachi-HP-Pavilion-Laptop-15-cc1xx:36471/']: sec=0.00, result=[1, '', 0]
[rosmaster.master][INFO] 2019-12-27 20:19:47,873: publisherUpdate[/drone_command] -> http://itachi-HP-Pavilion-Laptop-15-cc1xx:36471/ []
[rosmaster.master][INFO] 2019-12-27 20:19:47,874: publisherUpdate[/drone_command] -> http://itachi-HP-Pavilion-Laptop-15-cc1xx:36471/ []: sec=0.00, result=[1, '', 0]
[rosmaster.master][INFO] 2019-12-27 20:19:49,678: -PUB [/rosout] /DroneNode http://itachi-HP-Pavilion-Laptop-15-cc1xx:36471/
[rosmaster.master][INFO] 2019-12-27 20:19:49,678: publisherUpdate[/rosout] -> http://itachi-HP-Pavilion-Laptop-15-cc1xx:38685/ ['http://itachi-HP-Pavilion-Laptop-15-cc1xx:46419/', 'http://itachi-HP-Pavilion-Laptop-15-cc1xx:46295/', 'http://itachi-HP-Pavilion-Laptop-15-cc1xx:34857/', 'http://itachi-HP-Pavilion-Laptop-15-cc1xx:45125/']
[rosmaster.master][INFO] 2019-12-27 20:19:49,681: -SUB [/drone_command] /DroneNode http://itachi-HP-Pavilion-Laptop-15-cc1xx:36471/
[rosmaster.master][INFO] 2019-12-27 20:19:49,683: publisherUpdate[/rosout] -> http://itachi-HP-Pavilion-Laptop-15-cc1xx:38685/ ['http://itachi-HP-Pavilion-Laptop-15-cc1xx:46419/', 'http://itachi-HP-Pavilion-Laptop-15-cc1xx:46295/', 'http://itachi-HP-Pavilion-Laptop-15-cc1xx:34857/', 'http://itachi-HP-Pavilion-Laptop-15-cc1xx:45125/']: sec=0.00, result=[1, '', 0]
[rosmaster.master][INFO] 2019-12-27 20:19:49,682: -SERVICE [/DroneNode/get_loggers] /DroneNode rosrpc://itachi-HP-Pavilion-Laptop-15-cc1xx:44901
[rosmaster.master][INFO] 2019-12-27 20:19:49,690: -SERVICE [/DroneNode/set_logger_level] /DroneNode rosrpc://itachi-HP-Pavilion-Laptop-15-cc1xx:44901
[rosmaster.master][INFO] 2019-12-27 20:20:55,189: -PUB [/rosout] /usb_cam http://itachi-HP-Pavilion-Laptop-15-cc1xx:46419/
[rosmaster.master][INFO] 2019-12-27 20:20:55,190: -PUB [/usb_cam/image_raw/compressedDepth] /usb_cam http://itachi-HP-Pavilion-Laptop-15-cc1xx:46419/
[rosmaster.master][INFO] 2019-12-27 20:20:55,190: -PUB [/usb_cam/image_raw/compressedDepth/parameter_descriptions] /usb_cam http://itachi-HP-Pavilion-Laptop-15-cc1xx:46419/
[rosmaster.master][INFO] 2019-12-27 20:20:55,191: -PUB [/usb_cam/image_raw/compressedDepth/parameter_updates] /usb_cam http://itachi-HP-Pavilion-Laptop-15-cc1xx:46419/
[rosmaster.master][INFO] 2019-12-27 20:20:55,191: -PUB [/usb_cam/image_raw/compressed] /usb_cam http://itachi-HP-Pavilion-Laptop-15-cc1xx:46419/
[rosmaster.master][INFO] 2019-12-27 20:20:55,192: -PUB [/usb_cam/image_raw/compressed/parameter_descriptions] /usb_cam http://itachi-HP-Pavilion-Laptop-15-cc1xx:46419/
[rosmaster.master][INFO] 2019-12-27 20:20:55,193: -PUB [/usb_cam/image_raw/compressed/parameter_updates] /usb_cam http://itachi-HP-Pavilion-Laptop-15-cc1xx:46419/
[rosmaster.master][INFO] 2019-12-27 20:20:55,193: -PUB [/usb_cam/image_raw] /usb_cam http://itachi-HP-Pavilion-Laptop-15-cc1xx:46419/
[rosmaster.master][INFO] 2019-12-27 20:20:55,194: -PUB [/usb_cam/image_raw/theora] /usb_cam http://itachi-HP-Pavilion-Laptop-15-cc1xx:46419/
[rosmaster.master][INFO] 2019-12-27 20:20:55,195: -PUB [/usb_cam/image_raw/theora/parameter_descriptions] /usb_cam http://itachi-HP-Pavilion-Laptop-15-cc1xx:46419/
[rosmaster.master][INFO] 2019-12-27 20:20:55,195: -PUB [/usb_cam/image_raw/theora/parameter_updates] /usb_cam http://itachi-HP-Pavilion-Laptop-15-cc1xx:46419/
[rosmaster.master][INFO] 2019-12-27 20:20:55,196: -PUB [/usb_cam/camera_info] /usb_cam http://itachi-HP-Pavilion-Laptop-15-cc1xx:46419/
[rosmaster.master][INFO] 2019-12-27 20:20:55,197: -SERVICE [/usb_cam/get_loggers] /usb_cam rosrpc://itachi-HP-Pavilion-Laptop-15-cc1xx:50735
[rosmaster.master][INFO] 2019-12-27 20:20:55,198: -SERVICE [/usb_cam/set_logger_level] /usb_cam rosrpc://itachi-HP-Pavilion-Laptop-15-cc1xx:50735
[rosmaster.master][INFO] 2019-12-27 20:20:55,199: -SERVICE [/usb_cam/image_raw/compressedDepth/set_parameters] /usb_cam rosrpc://itachi-HP-Pavilion-Laptop-15-cc1xx:50735
[rosmaster.master][INFO] 2019-12-27 20:20:55,201: -SERVICE [/usb_cam/image_raw/compressed/set_parameters] /usb_cam rosrpc://itachi-HP-Pavilion-Laptop-15-cc1xx:50735
[rosmaster.master][INFO] 2019-12-27 20:20:55,202: -SERVICE [/usb_cam/image_raw/theora/set_parameters] /usb_cam rosrpc://itachi-HP-Pavilion-Laptop-15-cc1xx:50735
[rosmaster.master][INFO] 2019-12-27 20:20:55,203: -SERVICE [/usb_cam/set_camera_info] /usb_cam rosrpc://itachi-HP-Pavilion-Laptop-15-cc1xx:50735
[rosmaster.master][INFO] 2019-12-27 20:20:55,204: -SERVICE [/usb_cam/start_capture] /usb_cam rosrpc://itachi-HP-Pavilion-Laptop-15-cc1xx:50735
[rosmaster.master][INFO] 2019-12-27 20:20:55,205: -SERVICE [/usb_cam/stop_capture] /usb_cam rosrpc://itachi-HP-Pavilion-Laptop-15-cc1xx:50735
[rosmaster.master][INFO] 2019-12-27 20:20:55,208: publisherUpdate[/rosout] -> http://itachi-HP-Pavilion-Laptop-15-cc1xx:38685/ ['http://itachi-HP-Pavilion-Laptop-15-cc1xx:46295/', 'http://itachi-HP-Pavilion-Laptop-15-cc1xx:34857/', 'http://itachi-HP-Pavilion-Laptop-15-cc1xx:45125/']
[rosmaster.master][INFO] 2019-12-27 20:20:55,208: publisherUpdate[/usb_cam/image_raw] -> http://itachi-HP-Pavilion-Laptop-15-cc1xx:46295/ []
[rosmaster.master][INFO] 2019-12-27 20:20:55,209: publisherUpdate[/rosout] -> http://itachi-HP-Pavilion-Laptop-15-cc1xx:38685/ ['http://itachi-HP-Pavilion-Laptop-15-cc1xx:46295/', 'http://itachi-HP-Pavilion-Laptop-15-cc1xx:34857/', 'http://itachi-HP-Pavilion-Laptop-15-cc1xx:45125/']: sec=0.00, result=[1, '', 0]
[rosmaster.master][INFO] 2019-12-27 20:20:55,209: publisherUpdate[/usb_cam/camera_info] -> http://itachi-HP-Pavilion-Laptop-15-cc1xx:34857/ []
[rosmaster.master][INFO] 2019-12-27 20:20:55,209: publisherUpdate[/usb_cam/image_raw] -> http://itachi-HP-Pavilion-Laptop-15-cc1xx:46295/ []: sec=0.00, result=[0, 'Unknown Error', 0]
[rosmaster.master][INFO] 2019-12-27 20:20:55,210: publisherUpdate[/usb_cam/camera_info] -> http://itachi-HP-Pavilion-Laptop-15-cc1xx:46295/ []
[rosmaster.master][INFO] 2019-12-27 20:20:55,210: publisherUpdate[/usb_cam/camera_info] -> http://itachi-HP-Pavilion-Laptop-15-cc1xx:34857/ []: sec=0.00, result=[1, '', 0]
[rosmaster.master][INFO] 2019-12-27 20:20:55,210: publisherUpdate[/usb_cam/camera_info] -> http://itachi-HP-Pavilion-Laptop-15-cc1xx:46295/ []: sec=0.00, result=[0, 'Unknown Error', 0]
[rosmaster.master][INFO] 2019-12-27 20:20:55,306: -PUB [/rosout] /whycon_display/image_view http://itachi-HP-Pavilion-Laptop-15-cc1xx:45125/
[rosmaster.master][INFO] 2019-12-27 20:20:55,306: -PUB [/whycon_display/image_view/output] /whycon_display/image_view http://itachi-HP-Pavilion-Laptop-15-cc1xx:45125/
[rosmaster.master][INFO] 2019-12-27 20:20:55,307: -PUB [/whycon_display/image_view/parameter_descriptions] /whycon_display/image_view http://itachi-HP-Pavilion-Laptop-15-cc1xx:45125/
[rosmaster.master][INFO] 2019-12-27 20:20:55,308: -PUB [/whycon_display/image_view/parameter_updates] /whycon_display/image_view http://itachi-HP-Pavilion-Laptop-15-cc1xx:45125/
[rosmaster.master][INFO] 2019-12-27 20:20:55,308: -SUB [/whycon/image_out] /whycon_display/image_view http://itachi-HP-Pavilion-Laptop-15-cc1xx:45125/
[rosmaster.master][INFO] 2019-12-27 20:20:55,309: -SERVICE [/whycon_display/image_view/get_loggers] /whycon_display/image_view rosrpc://itachi-HP-Pavilion-Laptop-15-cc1xx:47545
[rosmaster.master][INFO] 2019-12-27 20:20:55,310: -SERVICE [/whycon_display/image_view/set_logger_level] /whycon_display/image_view rosrpc://itachi-HP-Pavilion-Laptop-15-cc1xx:47545
[rosmaster.master][INFO] 2019-12-27 20:20:55,310: -SERVICE [/whycon_display/image_view/set_parameters] /whycon_display/image_view rosrpc://itachi-HP-Pavilion-Laptop-15-cc1xx:47545
[rosmaster.master][INFO] 2019-12-27 20:20:55,311: -PUB [/rosout] /whycon http://itachi-HP-Pavilion-Laptop-15-cc1xx:34857/
[rosmaster.master][INFO] 2019-12-27 20:20:55,311: publisherUpdate[/rosout] -> http://itachi-HP-Pavilion-Laptop-15-cc1xx:38685/ ['http://itachi-HP-Pavilion-Laptop-15-cc1xx:46295/', 'http://itachi-HP-Pavilion-Laptop-15-cc1xx:34857/']
[rosmaster.master][INFO] 2019-12-27 20:20:55,312: -PUB [/rosout] /usb_cam/image_proc http://itachi-HP-Pavilion-Laptop-15-cc1xx:46295/
[rosmaster.master][INFO] 2019-12-27 20:20:55,312: publisherUpdate[/rosout] -> http://itachi-HP-Pavilion-Laptop-15-cc1xx:38685/ ['http://itachi-HP-Pavilion-Laptop-15-cc1xx:46295/', 'http://itachi-HP-Pavilion-Laptop-15-cc1xx:34857/']: sec=0.00, result=[1, '', 0]
[rosmaster.master][INFO] 2019-12-27 20:20:55,313: publisherUpdate[/rosout] -> http://itachi-HP-Pavilion-Laptop-15-cc1xx:38685/ ['http://itachi-HP-Pavilion-Laptop-15-cc1xx:46295/']
[rosmaster.master][INFO] 2019-12-27 20:20:55,313: -PUB [/tf] /whycon http://itachi-HP-Pavilion-Laptop-15-cc1xx:34857/
[rosmaster.master][INFO] 2019-12-27 20:20:55,314: publisherUpdate[/rosout] -> http://itachi-HP-Pavilion-Laptop-15-cc1xx:38685/ ['http://itachi-HP-Pavilion-Laptop-15-cc1xx:46295/']: sec=0.00, result=[1, '', 0]
[rosmaster.master][INFO] 2019-12-27 20:20:55,314: -PUB [/usb_cam/image_proc_debayer/parameter_descriptions] /usb_cam/image_proc http://itachi-HP-Pavilion-Laptop-15-cc1xx:46295/
[rosmaster.master][INFO] 2019-12-27 20:20:55,315: publisherUpdate[/rosout] -> http://itachi-HP-Pavilion-Laptop-15-cc1xx:38685/ []
[rosmaster.master][INFO] 2019-12-27 20:20:55,315: -PUB [/whycon/image_out] /whycon http://itachi-HP-Pavilion-Laptop-15-cc1xx:34857/
[rosmaster.master][INFO] 2019-12-27 20:20:55,316: publisherUpdate[/rosout] -> http://itachi-HP-Pavilion-Laptop-15-cc1xx:38685/ []: sec=0.00, result=[1, '', 0]
[rosmaster.master][INFO] 2019-12-27 20:20:55,317: -PUB [/usb_cam/image_proc_debayer/parameter_updates] /usb_cam/image_proc http://itachi-HP-Pavilion-Laptop-15-cc1xx:46295/
[rosmaster.master][INFO] 2019-12-27 20:20:55,318: -PUB [/whycon/poses] /whycon http://itachi-HP-Pavilion-Laptop-15-cc1xx:34857/
[rosmaster.master][INFO] 2019-12-27 20:20:55,321: -PUB [/usb_cam/image_mono/compressedDepth] /usb_cam/image_proc http://itachi-HP-Pavilion-Laptop-15-cc1xx:46295/
[rosmaster.master][INFO] 2019-12-27 20:20:55,323: -PUB [/whycon/context] /whycon http://itachi-HP-Pavilion-Laptop-15-cc1xx:34857/
[rosmaster.master][INFO] 2019-12-27 20:20:55,324: -PUB [/usb_cam/image_mono/compressedDepth/parameter_descriptions] /usb_cam/image_proc http://itachi-HP-Pavilion-Laptop-15-cc1xx:46295/
[rosmaster.master][INFO] 2019-12-27 20:20:55,325: -PUB [/whycon/projection] /whycon http://itachi-HP-Pavilion-Laptop-15-cc1xx:34857/
[rosmaster.master][INFO] 2019-12-27 20:20:55,327: -PUB [/usb_cam/image_mono/compressedDepth/parameter_updates] /usb_cam/image_proc http://itachi-HP-Pavilion-Laptop-15-cc1xx:46295/
[rosmaster.master][INFO] 2019-12-27 20:20:55,329: -SUB [/usb_cam/image_rect_color] /whycon http://itachi-HP-Pavilion-Laptop-15-cc1xx:34857/
[rosmaster.master][INFO] 2019-12-27 20:20:55,330: -PUB [/usb_cam/image_mono/compressed] /usb_cam/image_proc http://itachi-HP-Pavilion-Laptop-15-cc1xx:46295/
[rosmaster.master][INFO] 2019-12-27 20:20:55,331: -SUB [/usb_cam/camera_info] /whycon http://itachi-HP-Pavilion-Laptop-15-cc1xx:34857/
[rosmaster.master][INFO] 2019-12-27 20:20:55,332: -PUB [/usb_cam/image_mono/compressed/parameter_descriptions] /usb_cam/image_proc http://itachi-HP-Pavilion-Laptop-15-cc1xx:46295/
[rosmaster.master][INFO] 2019-12-27 20:20:55,334: -SERVICE [/whycon/get_loggers] /whycon rosrpc://itachi-HP-Pavilion-Laptop-15-cc1xx:52185
[rosmaster.master][INFO] 2019-12-27 20:20:55,334: -PUB [/usb_cam/image_mono/compressed/parameter_updates] /usb_cam/image_proc http://itachi-HP-Pavilion-Laptop-15-cc1xx:46295/
[rosmaster.master][INFO] 2019-12-27 20:20:55,335: -SERVICE [/whycon/set_logger_level] /whycon rosrpc://itachi-HP-Pavilion-Laptop-15-cc1xx:52185
[rosmaster.master][INFO] 2019-12-27 20:20:55,336: -PUB [/usb_cam/image_mono] /usb_cam/image_proc http://itachi-HP-Pavilion-Laptop-15-cc1xx:46295/
[rosmaster.master][INFO] 2019-12-27 20:20:55,338: -SERVICE [/whycon/reset] /whycon rosrpc://itachi-HP-Pavilion-Laptop-15-cc1xx:52185
[rosmaster.master][INFO] 2019-12-27 20:20:55,339: -PUB [/usb_cam/image_mono/theora] /usb_cam/image_proc http://itachi-HP-Pavilion-Laptop-15-cc1xx:46295/
[rosmaster.master][INFO] 2019-12-27 20:20:55,340: -PUB [/usb_cam/image_mono/theora/parameter_descriptions] /usb_cam/image_proc http://itachi-HP-Pavilion-Laptop-15-cc1xx:46295/
[rosmaster.master][INFO] 2019-12-27 20:20:55,341: -PUB [/usb_cam/image_mono/theora/parameter_updates] /usb_cam/image_proc http://itachi-HP-Pavilion-Laptop-15-cc1xx:46295/
[rosmaster.master][INFO] 2019-12-27 20:20:55,341: -PUB [/usb_cam/image_color/compressedDepth] /usb_cam/image_proc http://itachi-HP-Pavilion-Laptop-15-cc1xx:46295/
[rosmaster.master][INFO] 2019-12-27 20:20:55,342: -PUB [/usb_cam/image_color/compressedDepth/parameter_descriptions] /usb_cam/image_proc http://itachi-HP-Pavilion-Laptop-15-cc1xx:46295/
[rosmaster.master][INFO] 2019-12-27 20:20:55,342: -PUB [/usb_cam/image_color/compressedDepth/parameter_updates] /usb_cam/image_proc http://itachi-HP-Pavilion-Laptop-15-cc1xx:46295/
[rosmaster.master][INFO] 2019-12-27 20:20:55,343: -PUB [/usb_cam/image_color/compressed] /usb_cam/image_proc http://itachi-HP-Pavilion-Laptop-15-cc1xx:46295/
[rosmaster.master][INFO] 2019-12-27 20:20:55,343: -PUB [/usb_cam/image_color/compressed/parameter_descriptions] /usb_cam/image_proc http://itachi-HP-Pavilion-Laptop-15-cc1xx:46295/
[rosmaster.master][INFO] 2019-12-27 20:20:55,344: -PUB [/usb_cam/image_color/compressed/parameter_updates] /usb_cam/image_proc http://itachi-HP-Pavilion-Laptop-15-cc1xx:46295/
[rosmaster.master][INFO] 2019-12-27 20:20:55,344: -PUB [/usb_cam/image_color] /usb_cam/image_proc http://itachi-HP-Pavilion-Laptop-15-cc1xx:46295/
[rosmaster.master][INFO] 2019-12-27 20:20:55,345: -PUB [/usb_cam/image_color/theora] /usb_cam/image_proc http://itachi-HP-Pavilion-Laptop-15-cc1xx:46295/
[rosmaster.master][INFO] 2019-12-27 20:20:55,345: -PUB [/usb_cam/image_color/theora/parameter_descriptions] /usb_cam/image_proc http://itachi-HP-Pavilion-Laptop-15-cc1xx:46295/
[rosmaster.master][INFO] 2019-12-27 20:20:55,346: -PUB [/usb_cam/image_color/theora/parameter_updates] /usb_cam/image_proc http://itachi-HP-Pavilion-Laptop-15-cc1xx:46295/
[rosmaster.master][INFO] 2019-12-27 20:20:55,347: -PUB [/usb_cam/image_proc_rectify_mono/parameter_descriptions] /usb_cam/image_proc http://itachi-HP-Pavilion-Laptop-15-cc1xx:46295/
[rosmaster.master][INFO] 2019-12-27 20:20:55,347: -PUB [/usb_cam/image_proc_rectify_mono/parameter_updates] /usb_cam/image_proc http://itachi-HP-Pavilion-Laptop-15-cc1xx:46295/
[rosmaster.master][INFO] 2019-12-27 20:20:55,348: -PUB [/usb_cam/image_rect/compressedDepth] /usb_cam/image_proc http://itachi-HP-Pavilion-Laptop-15-cc1xx:46295/
[rosmaster.master][INFO] 2019-12-27 20:20:55,348: -PUB [/usb_cam/image_rect/compressedDepth/parameter_descriptions] /usb_cam/image_proc http://itachi-HP-Pavilion-Laptop-15-cc1xx:46295/
[rosmaster.master][INFO] 2019-12-27 20:20:55,349: -PUB [/usb_cam/image_rect/compressedDepth/parameter_updates] /usb_cam/image_proc http://itachi-HP-Pavilion-Laptop-15-cc1xx:46295/
[rosmaster.master][INFO] 2019-12-27 20:20:55,349: -PUB [/usb_cam/image_rect/compressed] /usb_cam/image_proc http://itachi-HP-Pavilion-Laptop-15-cc1xx:46295/
[rosmaster.master][INFO] 2019-12-27 20:20:55,350: -PUB [/usb_cam/image_rect/compressed/parameter_descriptions] /usb_cam/image_proc http://itachi-HP-Pavilion-Laptop-15-cc1xx:46295/
[rosmaster.master][INFO] 2019-12-27 20:20:55,350: -PUB [/usb_cam/image_rect/compressed/parameter_updates] /usb_cam/image_proc http://itachi-HP-Pavilion-Laptop-15-cc1xx:46295/
[rosmaster.master][INFO] 2019-12-27 20:20:55,351: -PUB [/usb_cam/image_rect] /usb_cam/image_proc http://itachi-HP-Pavilion-Laptop-15-cc1xx:46295/
[rosmaster.master][INFO] 2019-12-27 20:20:55,351: -PUB [/usb_cam/image_rect/theora] /usb_cam/image_proc http://itachi-HP-Pavilion-Laptop-15-cc1xx:46295/
[rosmaster.master][INFO] 2019-12-27 20:20:55,352: -PUB [/usb_cam/image_rect/theora/parameter_descriptions] /usb_cam/image_proc http://itachi-HP-Pavilion-Laptop-15-cc1xx:46295/
[rosmaster.master][INFO] 2019-12-27 20:20:55,353: -PUB [/usb_cam/image_rect/theora/parameter_updates] /usb_cam/image_proc http://itachi-HP-Pavilion-Laptop-15-cc1xx:46295/
[rosmaster.master][INFO] 2019-12-27 20:20:55,355: -PUB [/usb_cam/image_proc_rectify_color/parameter_descriptions] /usb_cam/image_proc http://itachi-HP-Pavilion-Laptop-15-cc1xx:46295/
[rosmaster.master][INFO] 2019-12-27 20:20:55,357: -PUB [/usb_cam/image_proc_rectify_color/parameter_updates] /usb_cam/image_proc http://itachi-HP-Pavilion-Laptop-15-cc1xx:46295/
[rosmaster.master][INFO] 2019-12-27 20:20:55,358: -PUB [/usb_cam/image_rect_color/compressedDepth] /usb_cam/image_proc http://itachi-HP-Pavilion-Laptop-15-cc1xx:46295/
[rosmaster.master][INFO] 2019-12-27 20:20:55,358: -PUB [/usb_cam/image_rect_color/compressedDepth/parameter_descriptions] /usb_cam/image_proc http://itachi-HP-Pavilion-Laptop-15-cc1xx:46295/
[rosmaster.master][INFO] 2019-12-27 20:20:55,359: -PUB [/usb_cam/image_rect_color/compressedDepth/parameter_updates] /usb_cam/image_proc http://itachi-HP-Pavilion-Laptop-15-cc1xx:46295/
[rosmaster.master][INFO] 2019-12-27 20:20:55,360: -PUB [/usb_cam/image_rect_color/compressed] /usb_cam/image_proc http://itachi-HP-Pavilion-Laptop-15-cc1xx:46295/
[rosmaster.master][INFO] 2019-12-27 20:20:55,360: -PUB [/usb_cam/image_rect_color/compressed/parameter_descriptions] /usb_cam/image_proc http://itachi-HP-Pavilion-Laptop-15-cc1xx:46295/
[rosmaster.master][INFO] 2019-12-27 20:20:55,361: -PUB [/usb_cam/image_rect_color/compressed/parameter_updates] /usb_cam/image_proc http://itachi-HP-Pavilion-Laptop-15-cc1xx:46295/
[rosmaster.master][INFO] 2019-12-27 20:20:55,361: -PUB [/usb_cam/image_rect_color] /usb_cam/image_proc http://itachi-HP-Pavilion-Laptop-15-cc1xx:46295/
[rosmaster.master][INFO] 2019-12-27 20:20:55,362: -PUB [/usb_cam/image_rect_color/theora] /usb_cam/image_proc http://itachi-HP-Pavilion-Laptop-15-cc1xx:46295/
[rosmaster.master][INFO] 2019-12-27 20:20:55,362: -PUB [/usb_cam/image_rect_color/theora/parameter_descriptions] /usb_cam/image_proc http://itachi-HP-Pavilion-Laptop-15-cc1xx:46295/
[rosmaster.master][INFO] 2019-12-27 20:20:55,363: -PUB [/usb_cam/image_rect_color/theora/parameter_updates] /usb_cam/image_proc http://itachi-HP-Pavilion-Laptop-15-cc1xx:46295/
[rosmaster.master][INFO] 2019-12-27 20:20:55,364: -SUB [/usb_cam/image_color] /usb_cam/image_proc http://itachi-HP-Pavilion-Laptop-15-cc1xx:46295/
[rosmaster.master][INFO] 2019-12-27 20:20:55,365: -SUB [/usb_cam/camera_info] /usb_cam/image_proc http://itachi-HP-Pavilion-Laptop-15-cc1xx:46295/
[rosmaster.master][INFO] 2019-12-27 20:20:55,365: -SUB [/usb_cam/image_raw] /usb_cam/image_proc http://itachi-HP-Pavilion-Laptop-15-cc1xx:46295/
[rosmaster.master][INFO] 2019-12-27 20:20:55,366: -SERVICE [/usb_cam/image_proc/get_loggers] /usb_cam/image_proc rosrpc://itachi-HP-Pavilion-Laptop-15-cc1xx:57059
[rosmaster.master][INFO] 2019-12-27 20:20:55,367: -SERVICE [/usb_cam/image_proc/set_logger_level] /usb_cam/image_proc rosrpc://itachi-HP-Pavilion-Laptop-15-cc1xx:57059
[rosmaster.master][INFO] 2019-12-27 20:20:55,367: -SERVICE [/usb_cam/image_proc_debayer/set_parameters] /usb_cam/image_proc rosrpc://itachi-HP-Pavilion-Laptop-15-cc1xx:57059
[rosmaster.master][INFO] 2019-12-27 20:20:55,368: -SERVICE [/usb_cam/image_mono/compressedDepth/set_parameters] /usb_cam/image_proc rosrpc://itachi-HP-Pavilion-Laptop-15-cc1xx:57059
[rosmaster.master][INFO] 2019-12-27 20:20:55,368: -SERVICE [/usb_cam/image_mono/compressed/set_parameters] /usb_cam/image_proc rosrpc://itachi-HP-Pavilion-Laptop-15-cc1xx:57059
[rosmaster.master][INFO] 2019-12-27 20:20:55,369: -SERVICE [/usb_cam/image_mono/theora/set_parameters] /usb_cam/image_proc rosrpc://itachi-HP-Pavilion-Laptop-15-cc1xx:57059
[rosmaster.master][INFO] 2019-12-27 20:20:55,370: -SERVICE [/usb_cam/image_color/compressedDepth/set_parameters] /usb_cam/image_proc rosrpc://itachi-HP-Pavilion-Laptop-15-cc1xx:57059
[rosmaster.master][INFO] 2019-12-27 20:20:55,373: -SERVICE [/usb_cam/image_color/compressed/set_parameters] /usb_cam/image_proc rosrpc://itachi-HP-Pavilion-Laptop-15-cc1xx:57059
[rosmaster.master][INFO] 2019-12-27 20:20:55,374: -SERVICE [/usb_cam/image_color/theora/set_parameters] /usb_cam/image_proc rosrpc://itachi-HP-Pavilion-Laptop-15-cc1xx:57059
[rosmaster.master][INFO] 2019-12-27 20:20:55,375: -SERVICE [/usb_cam/image_proc_rectify_mono/set_parameters] /usb_cam/image_proc rosrpc://itachi-HP-Pavilion-Laptop-15-cc1xx:57059
[rosmaster.master][INFO] 2019-12-27 20:20:55,376: -SERVICE [/usb_cam/image_rect/compressedDepth/set_parameters] /usb_cam/image_proc rosrpc://itachi-HP-Pavilion-Laptop-15-cc1xx:57059
[rosmaster.master][INFO] 2019-12-27 20:20:55,376: -SERVICE [/usb_cam/image_rect/compressed/set_parameters] /usb_cam/image_proc rosrpc://itachi-HP-Pavilion-Laptop-15-cc1xx:57059
[rosmaster.master][INFO] 2019-12-27 20:20:55,377: -SERVICE [/usb_cam/image_rect/theora/set_parameters] /usb_cam/image_proc rosrpc://itachi-HP-Pavilion-Laptop-15-cc1xx:57059
[rosmaster.master][INFO] 2019-12-27 20:20:55,377: -SERVICE [/usb_cam/image_proc_rectify_color/set_parameters] /usb_cam/image_proc rosrpc://itachi-HP-Pavilion-Laptop-15-cc1xx:57059
[rosmaster.master][INFO] 2019-12-27 20:20:55,378: -SERVICE [/usb_cam/image_rect_color/compressedDepth/set_parameters] /usb_cam/image_proc rosrpc://itachi-HP-Pavilion-Laptop-15-cc1xx:57059
[rosmaster.master][INFO] 2019-12-27 20:20:55,378: -SERVICE [/usb_cam/image_rect_color/compressed/set_parameters] /usb_cam/image_proc rosrpc://itachi-HP-Pavilion-Laptop-15-cc1xx:57059
[rosmaster.master][INFO] 2019-12-27 20:20:55,379: -SERVICE [/usb_cam/image_rect_color/theora/set_parameters] /usb_cam/image_proc rosrpc://itachi-HP-Pavilion-Laptop-15-cc1xx:57059
[rosmaster.master][INFO] 2019-12-27 20:20:55,411: publisherUpdate[/usb_cam/image_color] -> http://itachi-HP-Pavilion-Laptop-15-cc1xx:46295/ []
[rosmaster.master][INFO] 2019-12-27 20:20:55,412: publisherUpdate[/usb_cam/image_color] -> http://itachi-HP-Pavilion-Laptop-15-cc1xx:46295/ []: sec=0.00, exception=<Fault -1: 'publisherUpdate: unknown method name'>
[rosmaster.threadpool][ERROR] 2019-12-27 20:20:55,412: Traceback (most recent call last):
  File "/opt/ros/kinetic/lib/python2.7/dist-packages/rosmaster/threadpool.py", line 218, in run
    result = cmd(*args)
  File "/opt/ros/kinetic/lib/python2.7/dist-packages/rosmaster/master_api.py", line 210, in publisher_update_task
    ret = xmlrpcapi(api).publisherUpdate('/master', topic, pub_uris)
  File "/usr/lib/python2.7/xmlrpclib.py", line 1243, in __call__
    return self.__send(self.__name, args)
  File "/usr/lib/python2.7/xmlrpclib.py", line 1602, in __request
    verbose=self.__verbose
  File "/usr/lib/python2.7/xmlrpclib.py", line 1283, in request
    return self.single_request(host, handler, request_body, verbose)
  File "/usr/lib/python2.7/xmlrpclib.py", line 1316, in single_request
    return self.parse_response(response)
  File "/usr/lib/python2.7/xmlrpclib.py", line 1493, in parse_response
    return u.close()
  File "/usr/lib/python2.7/xmlrpclib.py", line 800, in close
    raise Fault(**self._stack[0])
Fault: <Fault -1: 'publisherUpdate: unknown method name'>

[rosmaster.master][INFO] 2019-12-27 20:20:57,521: -PUB [/rosout_agg] /rosout http://itachi-HP-Pavilion-Laptop-15-cc1xx:38685/
[rosmaster.master][INFO] 2019-12-27 20:20:57,521: -SUB [/rosout] /rosout http://itachi-HP-Pavilion-Laptop-15-cc1xx:38685/
[rosmaster.master][INFO] 2019-12-27 20:20:57,522: -SERVICE [/rosout/get_loggers] /rosout rosrpc://itachi-HP-Pavilion-Laptop-15-cc1xx:53203
[rosmaster.master][INFO] 2019-12-27 20:20:57,522: -SERVICE [/rosout/set_logger_level] /rosout rosrpc://itachi-HP-Pavilion-Laptop-15-cc1xx:53203
[rosmaster.main][INFO] 2019-12-27 20:20:57,618: keyboard interrupt, will exit
[rosmaster.main][INFO] 2019-12-27 20:20:57,619: stopping master...
[rospy.core][INFO] 2019-12-27 20:20:57,619: signal_shutdown [atexit]
