[rosmaster.main][INFO] 2019-12-18 00:33:04,137: initialization complete, waiting for shutdown
[rosmaster.main][INFO] 2019-12-18 00:33:04,137: Starting ROS Master Node
[xmlrpc][INFO] 2019-12-18 00:33:04,138: XML-RPC server binding to 0.0.0.0:11311
[xmlrpc][INFO] 2019-12-18 00:33:04,138: Started XML-RPC server [http://itachi-HP-Pavilion-Laptop-15-cc1xx:11311/]
[rosmaster.master][INFO] 2019-12-18 00:33:04,138: Master initialized: port[11311], uri[http://itachi-HP-Pavilion-Laptop-15-cc1xx:11311/]
[xmlrpc][INFO] 2019-12-18 00:33:04,138: xml rpc node: starting XML-RPC server
[rosmaster.master][INFO] 2019-12-18 00:33:04,172: +PARAM [/run_id] by /roslaunch
[rosmaster.master][INFO] 2019-12-18 00:33:04,174: +PARAM [/roslaunch/uris/host_itachi_hp_pavilion_laptop_15_cc1xx__34049] by /roslaunch
[rosmaster.master][INFO] 2019-12-18 00:33:04,265: +PARAM [/usb_cam/image_width] by /roslaunch
[rosmaster.master][INFO] 2019-12-18 00:33:04,266: +PARAM [/usb_cam/video_device] by /roslaunch
[rosmaster.master][INFO] 2019-12-18 00:33:04,266: +PARAM [/rosdistro] by /roslaunch
[rosmaster.master][INFO] 2019-12-18 00:33:04,266: +PARAM [/usb_cam/pixel_format] by /roslaunch
[rosmaster.master][INFO] 2019-12-18 00:33:04,266: +PARAM [/usb_cam/io_method] by /roslaunch
[rosmaster.master][INFO] 2019-12-18 00:33:04,266: +PARAM [/usb_cam/camera_frame_id] by /roslaunch
[rosmaster.master][INFO] 2019-12-18 00:33:04,266: +PARAM [/rosversion] by /roslaunch
[rosmaster.master][INFO] 2019-12-18 00:33:04,266: +PARAM [/usb_cam/image_height] by /roslaunch
[rosmaster.master][INFO] 2019-12-18 00:33:04,775: +SERVICE [/rosout/get_loggers] /rosout http://itachi-HP-Pavilion-Laptop-15-cc1xx:34853/
[rosmaster.master][INFO] 2019-12-18 00:33:04,778: +PUB [/rosout] /usb_cam http://itachi-HP-Pavilion-Laptop-15-cc1xx:42161/
[rosmaster.master][INFO] 2019-12-18 00:33:04,781: +PUB [/rosout] /usb_cam_display/image_view http://itachi-HP-Pavilion-Laptop-15-cc1xx:42575/
[rosmaster.master][INFO] 2019-12-18 00:33:04,782: +SERVICE [/rosout/set_logger_level] /rosout http://itachi-HP-Pavilion-Laptop-15-cc1xx:34853/
[rosmaster.master][INFO] 2019-12-18 00:33:04,785: +SERVICE [/usb_cam/get_loggers] /usb_cam http://itachi-HP-Pavilion-Laptop-15-cc1xx:42161/
[rosmaster.master][INFO] 2019-12-18 00:33:04,787: +SERVICE [/usb_cam_display/image_view/get_loggers] /usb_cam_display/image_view http://itachi-HP-Pavilion-Laptop-15-cc1xx:42575/
[rosmaster.master][INFO] 2019-12-18 00:33:04,791: +SERVICE [/usb_cam/set_logger_level] /usb_cam http://itachi-HP-Pavilion-Laptop-15-cc1xx:42161/
[rosmaster.master][INFO] 2019-12-18 00:33:04,793: +SERVICE [/usb_cam_display/image_view/set_logger_level] /usb_cam_display/image_view http://itachi-HP-Pavilion-Laptop-15-cc1xx:42575/
[rosmaster.master][INFO] 2019-12-18 00:33:04,795: +PUB [/rosout_agg] /rosout http://itachi-HP-Pavilion-Laptop-15-cc1xx:34853/
[rosmaster.master][INFO] 2019-12-18 00:33:04,815: +SUB [/rosout] /rosout http://itachi-HP-Pavilion-Laptop-15-cc1xx:34853/
[rosmaster.master][INFO] 2019-12-18 00:33:04,921: +PUB [/usb_cam/image_raw/compressedDepth] /usb_cam http://itachi-HP-Pavilion-Laptop-15-cc1xx:42161/
[rosmaster.master][INFO] 2019-12-18 00:33:04,921: +SERVICE [/usb_cam/image_raw/compressedDepth/set_parameters] /usb_cam http://itachi-HP-Pavilion-Laptop-15-cc1xx:42161/
[rosmaster.master][INFO] 2019-12-18 00:33:04,922: +PUB [/usb_cam/image_raw/compressedDepth/parameter_descriptions] /usb_cam http://itachi-HP-Pavilion-Laptop-15-cc1xx:42161/
[rosmaster.master][INFO] 2019-12-18 00:33:04,923: +PUB [/usb_cam/image_raw/compressedDepth/parameter_updates] /usb_cam http://itachi-HP-Pavilion-Laptop-15-cc1xx:42161/
[rosmaster.master][INFO] 2019-12-18 00:33:04,925: +PARAM [/usb_cam/image_raw/compressedDepth/depth_max] by /usb_cam
[rosmaster.master][INFO] 2019-12-18 00:33:04,925: +PARAM [/usb_cam/image_raw/compressedDepth/depth_quantization] by /usb_cam
[rosmaster.master][INFO] 2019-12-18 00:33:04,926: +PARAM [/usb_cam/image_raw/compressedDepth/png_level] by /usb_cam
[rosmaster.master][INFO] 2019-12-18 00:33:04,927: +PARAM [/usb_cam/image_raw/compressedDepth/depth_max] by /usb_cam
[rosmaster.master][INFO] 2019-12-18 00:33:04,927: +PARAM [/usb_cam/image_raw/compressedDepth/depth_quantization] by /usb_cam
[rosmaster.master][INFO] 2019-12-18 00:33:04,928: +PARAM [/usb_cam/image_raw/compressedDepth/png_level] by /usb_cam
[rosmaster.master][INFO] 2019-12-18 00:33:04,931: +PUB [/usb_cam/image_raw/compressed] /usb_cam http://itachi-HP-Pavilion-Laptop-15-cc1xx:42161/
[rosmaster.master][INFO] 2019-12-18 00:33:04,932: +SERVICE [/usb_cam/image_raw/compressed/set_parameters] /usb_cam http://itachi-HP-Pavilion-Laptop-15-cc1xx:42161/
[rosmaster.master][INFO] 2019-12-18 00:33:04,932: +PUB [/usb_cam/image_raw/compressed/parameter_descriptions] /usb_cam http://itachi-HP-Pavilion-Laptop-15-cc1xx:42161/
[rosmaster.master][INFO] 2019-12-18 00:33:04,933: +PUB [/usb_cam/image_raw/compressed/parameter_updates] /usb_cam http://itachi-HP-Pavilion-Laptop-15-cc1xx:42161/
[rosmaster.master][INFO] 2019-12-18 00:33:04,936: +PARAM [/usb_cam/image_raw/compressed/format] by /usb_cam
[rosmaster.master][INFO] 2019-12-18 00:33:04,936: +PARAM [/usb_cam/image_raw/compressed/jpeg_quality] by /usb_cam
[rosmaster.master][INFO] 2019-12-18 00:33:04,937: +PARAM [/usb_cam/image_raw/compressed/png_level] by /usb_cam
[rosmaster.master][INFO] 2019-12-18 00:33:04,938: +PARAM [/usb_cam/image_raw/compressed/format] by /usb_cam
[rosmaster.master][INFO] 2019-12-18 00:33:04,938: +PARAM [/usb_cam/image_raw/compressed/jpeg_quality] by /usb_cam
[rosmaster.master][INFO] 2019-12-18 00:33:04,939: +PARAM [/usb_cam/image_raw/compressed/png_level] by /usb_cam
[rosmaster.master][INFO] 2019-12-18 00:33:04,942: +PUB [/usb_cam/image_raw] /usb_cam http://itachi-HP-Pavilion-Laptop-15-cc1xx:42161/
[rosmaster.master][INFO] 2019-12-18 00:33:04,946: +PUB [/usb_cam/image_raw/theora] /usb_cam http://itachi-HP-Pavilion-Laptop-15-cc1xx:42161/
[rosmaster.master][INFO] 2019-12-18 00:33:04,946: +SERVICE [/usb_cam/image_raw/theora/set_parameters] /usb_cam http://itachi-HP-Pavilion-Laptop-15-cc1xx:42161/
[rosmaster.master][INFO] 2019-12-18 00:33:04,947: +PUB [/usb_cam/image_raw/theora/parameter_descriptions] /usb_cam http://itachi-HP-Pavilion-Laptop-15-cc1xx:42161/
[rosmaster.master][INFO] 2019-12-18 00:33:04,948: +PUB [/usb_cam/image_raw/theora/parameter_updates] /usb_cam http://itachi-HP-Pavilion-Laptop-15-cc1xx:42161/
[rosmaster.master][INFO] 2019-12-18 00:33:04,950: +PARAM [/usb_cam/image_raw/theora/optimize_for] by /usb_cam
[rosmaster.master][INFO] 2019-12-18 00:33:04,951: +PARAM [/usb_cam/image_raw/theora/target_bitrate] by /usb_cam
[rosmaster.master][INFO] 2019-12-18 00:33:04,951: +PARAM [/usb_cam/image_raw/theora/quality] by /usb_cam
[rosmaster.master][INFO] 2019-12-18 00:33:04,952: +PARAM [/usb_cam/image_raw/theora/keyframe_frequency] by /usb_cam
[rosmaster.master][INFO] 2019-12-18 00:33:04,953: +PARAM [/usb_cam/image_raw/theora/optimize_for] by /usb_cam
[rosmaster.master][INFO] 2019-12-18 00:33:04,953: +PARAM [/usb_cam/image_raw/theora/target_bitrate] by /usb_cam
[rosmaster.master][INFO] 2019-12-18 00:33:04,954: +PARAM [/usb_cam/image_raw/theora/quality] by /usb_cam
[rosmaster.master][INFO] 2019-12-18 00:33:04,954: +PARAM [/usb_cam/image_raw/theora/keyframe_frequency] by /usb_cam
[rosmaster.master][INFO] 2019-12-18 00:33:04,955: +PUB [/usb_cam/camera_info] /usb_cam http://itachi-HP-Pavilion-Laptop-15-cc1xx:42161/
[rosmaster.master][INFO] 2019-12-18 00:33:04,970: +SERVICE [/usb_cam/set_camera_info] /usb_cam http://itachi-HP-Pavilion-Laptop-15-cc1xx:42161/
[rosmaster.master][INFO] 2019-12-18 00:33:04,971: +SERVICE [/usb_cam/start_capture] /usb_cam http://itachi-HP-Pavilion-Laptop-15-cc1xx:42161/
[rosmaster.master][INFO] 2019-12-18 00:33:04,972: +SERVICE [/usb_cam/stop_capture] /usb_cam http://itachi-HP-Pavilion-Laptop-15-cc1xx:42161/
[rosmaster.master][INFO] 2019-12-18 00:33:05,417: +SUB [/usb_cam/image_raw] /usb_cam_display/image_view http://itachi-HP-Pavilion-Laptop-15-cc1xx:42575/
[rosmaster.master][INFO] 2019-12-18 00:33:05,418: +PUB [/usb_cam_display/image_view/output] /usb_cam_display/image_view http://itachi-HP-Pavilion-Laptop-15-cc1xx:42575/
[rosmaster.master][INFO] 2019-12-18 00:33:05,419: +SERVICE [/usb_cam_display/image_view/set_parameters] /usb_cam_display/image_view http://itachi-HP-Pavilion-Laptop-15-cc1xx:42575/
[rosmaster.master][INFO] 2019-12-18 00:33:05,419: +PUB [/usb_cam_display/image_view/parameter_descriptions] /usb_cam_display/image_view http://itachi-HP-Pavilion-Laptop-15-cc1xx:42575/
[rosmaster.master][INFO] 2019-12-18 00:33:05,420: +PUB [/usb_cam_display/image_view/parameter_updates] /usb_cam_display/image_view http://itachi-HP-Pavilion-Laptop-15-cc1xx:42575/
[rosmaster.master][INFO] 2019-12-18 00:33:05,422: +PARAM [/usb_cam_display/image_view/do_dynamic_scaling] by /usb_cam_display/image_view
[rosmaster.master][INFO] 2019-12-18 00:33:05,423: +PARAM [/usb_cam_display/image_view/colormap] by /usb_cam_display/image_view
[rosmaster.master][INFO] 2019-12-18 00:33:05,423: +PARAM [/usb_cam_display/image_view/min_image_value] by /usb_cam_display/image_view
[rosmaster.master][INFO] 2019-12-18 00:33:05,424: +PARAM [/usb_cam_display/image_view/max_image_value] by /usb_cam_display/image_view
[rosmaster.master][INFO] 2019-12-18 00:33:05,424: +PARAM [/usb_cam_display/image_view/do_dynamic_scaling] by /usb_cam_display/image_view
[rosmaster.master][INFO] 2019-12-18 00:33:05,425: +PARAM [/usb_cam_display/image_view/colormap] by /usb_cam_display/image_view
[rosmaster.master][INFO] 2019-12-18 00:33:05,425: +PARAM [/usb_cam_display/image_view/min_image_value] by /usb_cam_display/image_view
[rosmaster.master][INFO] 2019-12-18 00:33:05,426: +PARAM [/usb_cam_display/image_view/max_image_value] by /usb_cam_display/image_view
[rosmaster.master][INFO] 2019-12-18 00:33:10,478: +PUB [/rosout] /cameracalibrator http://itachi-HP-Pavilion-Laptop-15-cc1xx:45141/
[rosmaster.master][INFO] 2019-12-18 00:33:10,482: +SERVICE [/cameracalibrator/get_loggers] /cameracalibrator http://itachi-HP-Pavilion-Laptop-15-cc1xx:45141/
[rosmaster.master][INFO] 2019-12-18 00:33:10,485: +SERVICE [/cameracalibrator/set_logger_level] /cameracalibrator http://itachi-HP-Pavilion-Laptop-15-cc1xx:45141/
[rosmaster.master][INFO] 2019-12-18 00:33:10,489: +SUB [/left] /cameracalibrator http://itachi-HP-Pavilion-Laptop-15-cc1xx:45141/
[rosmaster.master][INFO] 2019-12-18 00:33:10,492: +SUB [/right] /cameracalibrator http://itachi-HP-Pavilion-Laptop-15-cc1xx:45141/
[rosmaster.master][INFO] 2019-12-18 00:33:10,495: +SUB [/usb_cam/image_raw] /cameracalibrator http://itachi-HP-Pavilion-Laptop-15-cc1xx:45141/
[rosmaster.master][INFO] 2019-12-18 00:33:10,550: publisherUpdate[/rosout] -> http://itachi-HP-Pavilion-Laptop-15-cc1xx:34853/ ['http://itachi-HP-Pavilion-Laptop-15-cc1xx:42161/', 'http://itachi-HP-Pavilion-Laptop-15-cc1xx:42575/', 'http://itachi-HP-Pavilion-Laptop-15-cc1xx:45141/']
[rosmaster.master][INFO] 2019-12-18 00:33:10,552: publisherUpdate[/rosout] -> http://itachi-HP-Pavilion-Laptop-15-cc1xx:34853/ ['http://itachi-HP-Pavilion-Laptop-15-cc1xx:42161/', 'http://itachi-HP-Pavilion-Laptop-15-cc1xx:42575/', 'http://itachi-HP-Pavilion-Laptop-15-cc1xx:45141/']: sec=0.00, result=[1, '', 0]
[rosmaster.master][INFO] 2019-12-18 01:05:57,085: -SUB [/usb_cam/image_raw] /cameracalibrator http://itachi-HP-Pavilion-Laptop-15-cc1xx:45141/
[rosmaster.master][INFO] 2019-12-18 01:05:57,085: -SUB [/right] /cameracalibrator http://itachi-HP-Pavilion-Laptop-15-cc1xx:45141/
[rosmaster.master][INFO] 2019-12-18 01:05:57,085: -SUB [/left] /cameracalibrator http://itachi-HP-Pavilion-Laptop-15-cc1xx:45141/
[rosmaster.master][INFO] 2019-12-18 01:05:57,085: -PUB [/rosout] /cameracalibrator http://itachi-HP-Pavilion-Laptop-15-cc1xx:45141/
[rosmaster.master][INFO] 2019-12-18 01:05:57,085: -SERVICE [/cameracalibrator/set_logger_level] /cameracalibrator rosrpc://itachi-HP-Pavilion-Laptop-15-cc1xx:42967
[rosmaster.master][INFO] 2019-12-18 01:05:57,085: -SERVICE [/cameracalibrator/get_loggers] /cameracalibrator rosrpc://itachi-HP-Pavilion-Laptop-15-cc1xx:42967
[rosmaster.master][INFO] 2019-12-18 01:05:57,100: publisherUpdate[/rosout] -> http://itachi-HP-Pavilion-Laptop-15-cc1xx:34853/ ['http://itachi-HP-Pavilion-Laptop-15-cc1xx:42161/', 'http://itachi-HP-Pavilion-Laptop-15-cc1xx:42575/']
[rosmaster.master][INFO] 2019-12-18 01:05:57,100: publisherUpdate[/rosout] -> http://itachi-HP-Pavilion-Laptop-15-cc1xx:34853/ ['http://itachi-HP-Pavilion-Laptop-15-cc1xx:42161/', 'http://itachi-HP-Pavilion-Laptop-15-cc1xx:42575/']: sec=0.00, result=[1, '', 0]
[rosmaster.master][INFO] 2019-12-18 01:05:57,900: +PUB [/rosout] /cameracalibrator http://itachi-HP-Pavilion-Laptop-15-cc1xx:40625/
[rosmaster.master][INFO] 2019-12-18 01:05:57,902: publisherUpdate[/rosout] -> http://itachi-HP-Pavilion-Laptop-15-cc1xx:34853/ ['http://itachi-HP-Pavilion-Laptop-15-cc1xx:42161/', 'http://itachi-HP-Pavilion-Laptop-15-cc1xx:42575/', 'http://itachi-HP-Pavilion-Laptop-15-cc1xx:40625/']
[rosmaster.master][INFO] 2019-12-18 01:05:57,902: +SERVICE [/cameracalibrator/get_loggers] /cameracalibrator http://itachi-HP-Pavilion-Laptop-15-cc1xx:40625/
[rosmaster.master][INFO] 2019-12-18 01:05:57,903: publisherUpdate[/rosout] -> http://itachi-HP-Pavilion-Laptop-15-cc1xx:34853/ ['http://itachi-HP-Pavilion-Laptop-15-cc1xx:42161/', 'http://itachi-HP-Pavilion-Laptop-15-cc1xx:42575/', 'http://itachi-HP-Pavilion-Laptop-15-cc1xx:40625/']: sec=0.00, result=[1, '', 0]
[rosmaster.master][INFO] 2019-12-18 01:05:57,904: +SERVICE [/cameracalibrator/set_logger_level] /cameracalibrator http://itachi-HP-Pavilion-Laptop-15-cc1xx:40625/
[rosmaster.master][INFO] 2019-12-18 01:05:57,906: +SUB [/left] /cameracalibrator http://itachi-HP-Pavilion-Laptop-15-cc1xx:40625/
[rosmaster.master][INFO] 2019-12-18 01:05:57,908: +SUB [/right] /cameracalibrator http://itachi-HP-Pavilion-Laptop-15-cc1xx:40625/
[rosmaster.master][INFO] 2019-12-18 01:05:57,909: +SUB [/usb_cam/image_raw] /cameracalibrator http://itachi-HP-Pavilion-Laptop-15-cc1xx:40625/
[rosmaster.master][INFO] 2019-12-18 01:07:57,891: -SUB [/usb_cam/image_raw] /cameracalibrator http://itachi-HP-Pavilion-Laptop-15-cc1xx:40625/
[rosmaster.master][INFO] 2019-12-18 01:07:57,891: -SUB [/right] /cameracalibrator http://itachi-HP-Pavilion-Laptop-15-cc1xx:40625/
[rosmaster.master][INFO] 2019-12-18 01:07:57,891: -SUB [/left] /cameracalibrator http://itachi-HP-Pavilion-Laptop-15-cc1xx:40625/
[rosmaster.master][INFO] 2019-12-18 01:07:57,891: -PUB [/rosout] /cameracalibrator http://itachi-HP-Pavilion-Laptop-15-cc1xx:40625/
[rosmaster.master][INFO] 2019-12-18 01:07:57,891: -SERVICE [/cameracalibrator/set_logger_level] /cameracalibrator rosrpc://itachi-HP-Pavilion-Laptop-15-cc1xx:42013
[rosmaster.master][INFO] 2019-12-18 01:07:57,891: -SERVICE [/cameracalibrator/get_loggers] /cameracalibrator rosrpc://itachi-HP-Pavilion-Laptop-15-cc1xx:42013
[rosmaster.master][INFO] 2019-12-18 01:07:57,927: publisherUpdate[/rosout] -> http://itachi-HP-Pavilion-Laptop-15-cc1xx:34853/ ['http://itachi-HP-Pavilion-Laptop-15-cc1xx:42161/', 'http://itachi-HP-Pavilion-Laptop-15-cc1xx:42575/']
[rosmaster.master][INFO] 2019-12-18 01:07:57,928: publisherUpdate[/rosout] -> http://itachi-HP-Pavilion-Laptop-15-cc1xx:34853/ ['http://itachi-HP-Pavilion-Laptop-15-cc1xx:42161/', 'http://itachi-HP-Pavilion-Laptop-15-cc1xx:42575/']: sec=0.00, result=[1, '', 0]
[rosmaster.master][INFO] 2019-12-18 01:08:04,410: -PUB [/rosout] /usb_cam http://itachi-HP-Pavilion-Laptop-15-cc1xx:42161/
[rosmaster.master][INFO] 2019-12-18 01:08:04,411: -PUB [/usb_cam/image_raw/compressedDepth] /usb_cam http://itachi-HP-Pavilion-Laptop-15-cc1xx:42161/
[rosmaster.master][INFO] 2019-12-18 01:08:04,412: -PUB [/usb_cam/image_raw/compressedDepth/parameter_descriptions] /usb_cam http://itachi-HP-Pavilion-Laptop-15-cc1xx:42161/
[rosmaster.master][INFO] 2019-12-18 01:08:04,412: -PUB [/usb_cam/image_raw/compressedDepth/parameter_updates] /usb_cam http://itachi-HP-Pavilion-Laptop-15-cc1xx:42161/
[rosmaster.master][INFO] 2019-12-18 01:08:04,413: -PUB [/usb_cam/image_raw/compressed] /usb_cam http://itachi-HP-Pavilion-Laptop-15-cc1xx:42161/
[rosmaster.master][INFO] 2019-12-18 01:08:04,414: -PUB [/usb_cam/image_raw/compressed/parameter_descriptions] /usb_cam http://itachi-HP-Pavilion-Laptop-15-cc1xx:42161/
[rosmaster.master][INFO] 2019-12-18 01:08:04,414: -PUB [/usb_cam/image_raw/compressed/parameter_updates] /usb_cam http://itachi-HP-Pavilion-Laptop-15-cc1xx:42161/
[rosmaster.master][INFO] 2019-12-18 01:08:04,415: -PUB [/usb_cam/image_raw] /usb_cam http://itachi-HP-Pavilion-Laptop-15-cc1xx:42161/
[rosmaster.master][INFO] 2019-12-18 01:08:04,416: -PUB [/usb_cam/image_raw/theora] /usb_cam http://itachi-HP-Pavilion-Laptop-15-cc1xx:42161/
[rosmaster.master][INFO] 2019-12-18 01:08:04,417: -PUB [/usb_cam/image_raw/theora/parameter_descriptions] /usb_cam http://itachi-HP-Pavilion-Laptop-15-cc1xx:42161/
[rosmaster.master][INFO] 2019-12-18 01:08:04,417: -PUB [/usb_cam/image_raw/theora/parameter_updates] /usb_cam http://itachi-HP-Pavilion-Laptop-15-cc1xx:42161/
[rosmaster.master][INFO] 2019-12-18 01:08:04,417: -PUB [/usb_cam/camera_info] /usb_cam http://itachi-HP-Pavilion-Laptop-15-cc1xx:42161/
[rosmaster.master][INFO] 2019-12-18 01:08:04,418: -SERVICE [/usb_cam/get_loggers] /usb_cam rosrpc://itachi-HP-Pavilion-Laptop-15-cc1xx:57067
[rosmaster.master][INFO] 2019-12-18 01:08:04,419: -SERVICE [/usb_cam/set_logger_level] /usb_cam rosrpc://itachi-HP-Pavilion-Laptop-15-cc1xx:57067
[rosmaster.master][INFO] 2019-12-18 01:08:04,420: -SERVICE [/usb_cam/image_raw/compressedDepth/set_parameters] /usb_cam rosrpc://itachi-HP-Pavilion-Laptop-15-cc1xx:57067
[rosmaster.master][INFO] 2019-12-18 01:08:04,421: -SERVICE [/usb_cam/image_raw/compressed/set_parameters] /usb_cam rosrpc://itachi-HP-Pavilion-Laptop-15-cc1xx:57067
[rosmaster.master][INFO] 2019-12-18 01:08:04,421: -PUB [/rosout] /usb_cam_display/image_view http://itachi-HP-Pavilion-Laptop-15-cc1xx:42575/
[rosmaster.master][INFO] 2019-12-18 01:08:04,422: -SERVICE [/usb_cam/image_raw/theora/set_parameters] /usb_cam rosrpc://itachi-HP-Pavilion-Laptop-15-cc1xx:57067
[rosmaster.master][INFO] 2019-12-18 01:08:04,422: -PUB [/usb_cam_display/image_view/output] /usb_cam_display/image_view http://itachi-HP-Pavilion-Laptop-15-cc1xx:42575/
[rosmaster.master][INFO] 2019-12-18 01:08:04,423: -SERVICE [/usb_cam/set_camera_info] /usb_cam rosrpc://itachi-HP-Pavilion-Laptop-15-cc1xx:57067
[rosmaster.master][INFO] 2019-12-18 01:08:04,423: -PUB [/usb_cam_display/image_view/parameter_descriptions] /usb_cam_display/image_view http://itachi-HP-Pavilion-Laptop-15-cc1xx:42575/
[rosmaster.master][INFO] 2019-12-18 01:08:04,424: -SERVICE [/usb_cam/start_capture] /usb_cam rosrpc://itachi-HP-Pavilion-Laptop-15-cc1xx:57067
[rosmaster.master][INFO] 2019-12-18 01:08:04,424: -PUB [/usb_cam_display/image_view/parameter_updates] /usb_cam_display/image_view http://itachi-HP-Pavilion-Laptop-15-cc1xx:42575/
[rosmaster.master][INFO] 2019-12-18 01:08:04,425: -SERVICE [/usb_cam/stop_capture] /usb_cam rosrpc://itachi-HP-Pavilion-Laptop-15-cc1xx:57067
[rosmaster.master][INFO] 2019-12-18 01:08:04,425: -SUB [/usb_cam/image_raw] /usb_cam_display/image_view http://itachi-HP-Pavilion-Laptop-15-cc1xx:42575/
[rosmaster.master][INFO] 2019-12-18 01:08:04,426: -SERVICE [/usb_cam_display/image_view/get_loggers] /usb_cam_display/image_view rosrpc://itachi-HP-Pavilion-Laptop-15-cc1xx:52713
[rosmaster.master][INFO] 2019-12-18 01:08:04,427: -SERVICE [/usb_cam_display/image_view/set_logger_level] /usb_cam_display/image_view rosrpc://itachi-HP-Pavilion-Laptop-15-cc1xx:52713
[rosmaster.master][INFO] 2019-12-18 01:08:04,427: -SERVICE [/usb_cam_display/image_view/set_parameters] /usb_cam_display/image_view rosrpc://itachi-HP-Pavilion-Laptop-15-cc1xx:52713
[rosmaster.master][INFO] 2019-12-18 01:08:04,439: publisherUpdate[/rosout] -> http://itachi-HP-Pavilion-Laptop-15-cc1xx:34853/ ['http://itachi-HP-Pavilion-Laptop-15-cc1xx:42575/']
[rosmaster.master][INFO] 2019-12-18 01:08:04,440: publisherUpdate[/rosout] -> http://itachi-HP-Pavilion-Laptop-15-cc1xx:34853/ ['http://itachi-HP-Pavilion-Laptop-15-cc1xx:42575/']: sec=0.00, result=[1, '', 0]
[rosmaster.master][INFO] 2019-12-18 01:08:04,440: publisherUpdate[/usb_cam/image_raw] -> http://itachi-HP-Pavilion-Laptop-15-cc1xx:42575/ []
[rosmaster.master][INFO] 2019-12-18 01:08:04,440: publisherUpdate[/usb_cam/image_raw] -> http://itachi-HP-Pavilion-Laptop-15-cc1xx:42575/ []: sec=0.00, exception=[Errno 111] Connection refused
[rosmaster.threadpool][ERROR] 2019-12-18 01:08:04,442: Traceback (most recent call last):
  File "/opt/ros/kinetic/lib/python2.7/dist-packages/rosmaster/threadpool.py", line 218, in run
    result = cmd(*args)
  File "/opt/ros/kinetic/lib/python2.7/dist-packages/rosmaster/master_api.py", line 210, in publisher_update_task
    ret = xmlrpcapi(api).publisherUpdate('/master', topic, pub_uris)
  File "/usr/lib/python2.7/xmlrpclib.py", line 1243, in __call__
    return self.__send(self.__name, args)
  File "/usr/lib/python2.7/xmlrpclib.py", line 1602, in __request
    verbose=self.__verbose
  File "/usr/lib/python2.7/xmlrpclib.py", line 1283, in request
    return self.single_request(host, handler, request_body, verbose)
  File "/usr/lib/python2.7/xmlrpclib.py", line 1311, in single_request
    self.send_content(h, request_body)
  File "/usr/lib/python2.7/xmlrpclib.py", line 1459, in send_content
    connection.endheaders(request_body)
  File "/usr/lib/python2.7/httplib.py", line 1069, in endheaders
    self._send_output(message_body)
  File "/usr/lib/python2.7/httplib.py", line 907, in _send_output
    self.send(msg)
  File "/usr/lib/python2.7/httplib.py", line 869, in send
    self.connect()
  File "/usr/lib/python2.7/httplib.py", line 846, in connect
    self.timeout, self.source_address)
  File "/usr/lib/python2.7/socket.py", line 575, in create_connection
    raise err
error: [Errno 111] Connection refused

[rosmaster.master][INFO] 2019-12-18 01:08:04,442: publisherUpdate[/rosout] -> http://itachi-HP-Pavilion-Laptop-15-cc1xx:34853/ []
[rosmaster.master][INFO] 2019-12-18 01:08:04,442: publisherUpdate[/rosout] -> http://itachi-HP-Pavilion-Laptop-15-cc1xx:34853/ []: sec=0.00, result=[1, '', 0]
[rosmaster.master][INFO] 2019-12-18 01:08:08,048: -PUB [/rosout_agg] /rosout http://itachi-HP-Pavilion-Laptop-15-cc1xx:34853/
[rosmaster.master][INFO] 2019-12-18 01:08:08,049: -SUB [/rosout] /rosout http://itachi-HP-Pavilion-Laptop-15-cc1xx:34853/
[rosmaster.master][INFO] 2019-12-18 01:08:08,049: -SERVICE [/rosout/get_loggers] /rosout rosrpc://itachi-HP-Pavilion-Laptop-15-cc1xx:60973
[rosmaster.master][INFO] 2019-12-18 01:08:08,050: -SERVICE [/rosout/set_logger_level] /rosout rosrpc://itachi-HP-Pavilion-Laptop-15-cc1xx:60973
[rosmaster.main][INFO] 2019-12-18 01:08:08,092: keyboard interrupt, will exit
[rosmaster.main][INFO] 2019-12-18 01:08:08,092: stopping master...
[rospy.core][INFO] 2019-12-18 01:08:08,092: signal_shutdown [atexit]
