[rospy.client][INFO] 2020-02-26 20:00:09,571: init_node, name[/serial_node], pid[7967]
[xmlrpc][INFO] 2020-02-26 20:00:09,572: XML-RPC server binding to 0.0.0.0:0
[xmlrpc][INFO] 2020-02-26 20:00:09,572: Started XML-RPC server [http://itachi-HP-Pavilion-Laptop-15-cc1xx:45527/]
[rospy.init][INFO] 2020-02-26 20:00:09,573: ROS Slave URI: [http://itachi-HP-Pavilion-Laptop-15-cc1xx:45527/]
[rospy.impl.masterslave][INFO] 2020-02-26 20:00:09,573: _ready: http://itachi-HP-Pavilion-Laptop-15-cc1xx:45527/
[rospy.registration][INFO] 2020-02-26 20:00:09,574: Registering with master node http://localhost:11311
[xmlrpc][INFO] 2020-02-26 20:00:09,574: xml rpc node: starting XML-RPC server
[rospy.init][INFO] 2020-02-26 20:00:09,673: registered with master
[rospy.rosout][INFO] 2020-02-26 20:00:09,673: initializing /rosout core topic
[rospy.rosout][INFO] 2020-02-26 20:00:09,677: connected to core topic /rosout
[rospy.simtime][INFO] 2020-02-26 20:00:09,679: /use_sim_time is not set, will not subscribe to simulated time [/clock] topic
[rosout][INFO] 2020-02-26 20:00:09,683: ROS Serial Python Node
[rosout][INFO] 2020-02-26 20:00:09,693: Connecting to /dev/ttyUSB0 at 115200 baud
[rospy.internal][INFO] 2020-02-26 20:00:09,917: topic[/rosout] adding connection to [/rosout], count 0
[rosout][INFO] 2020-02-26 20:00:11,813: Note: subscribe buffer size is 320 bytes
[rosout][INFO] 2020-02-26 20:00:11,813: Setup subscriber on led_control_topic [std_msgs/Int8]
[rospy.impl.masterslave][INFO] 2020-02-26 20:01:13,030: external shutdown request from [/master]: new node registered with same name
[rospy.core][INFO] 2020-02-26 20:01:13,031: signal_shutdown [external shutdown request from [/master]: [new node registered with same name]]
[rospy.internal][INFO] 2020-02-26 20:01:13,034: topic[/rosout] removing connection to /rosout
[rospy.core][INFO] 2020-02-26 20:01:13,136: signal_shutdown [atexit]
