[rospy.client][INFO] 2019-12-21 13:14:56,640: init_node, name[/edrone/spawn_edrone], pid[23419]
[xmlrpc][INFO] 2019-12-21 13:14:56,640: XML-RPC server binding to 0.0.0.0:0
[xmlrpc][INFO] 2019-12-21 13:14:56,641: Started XML-RPC server [http://itachi-HP-Pavilion-Laptop-15-cc1xx:40961/]
[rospy.impl.masterslave][INFO] 2019-12-21 13:14:56,641: _ready: http://itachi-HP-Pavilion-Laptop-15-cc1xx:40961/
[rospy.registration][INFO] 2019-12-21 13:14:56,642: Registering with master node http://localhost:11311
[xmlrpc][INFO] 2019-12-21 13:14:56,643: xml rpc node: starting XML-RPC server
[rospy.init][INFO] 2019-12-21 13:14:56,643: ROS Slave URI: [http://itachi-HP-Pavilion-Laptop-15-cc1xx:40961/]
[rospy.init][INFO] 2019-12-21 13:14:56,643: registered with master
[rospy.rosout][INFO] 2019-12-21 13:14:56,643: initializing /rosout core topic
[rospy.rosout][INFO] 2019-12-21 13:14:56,647: connected to core topic /rosout
[rospy.simtime][INFO] 2019-12-21 13:14:56,649: initializing /clock core topic
[rospy.simtime][INFO] 2019-12-21 13:14:56,652: connected to core topic /clock
[rosout][INFO] 2019-12-21 13:14:56,656: Loading model XML from ros parameter
[rosout][INFO] 2019-12-21 13:14:56,663: Waiting for service /gazebo/spawn_urdf_model
[rospy.internal][INFO] 2019-12-21 13:14:56,901: topic[/rosout] adding connection to [/rosout], count 0
[rospy.internal][INFO] 2019-12-21 13:14:57,127: topic[/clock] adding connection to [http://itachi-HP-Pavilion-Laptop-15-cc1xx:36413/], count 0
[rosout][INFO] 2019-12-21 13:14:57,268: Calling service /gazebo/spawn_urdf_model
[rosout][INFO] 2019-12-21 13:14:57,491: Spawn status: SpawnModel: Successfully spawned entity
[rospy.core][INFO] 2019-12-21 13:14:57,491: signal_shutdown [atexit]
[rospy.internal][INFO] 2019-12-21 13:14:57,495: topic[/rosout] removing connection to /rosout
[rospy.internal][INFO] 2019-12-21 13:14:57,495: topic[/clock] removing connection to http://itachi-HP-Pavilion-Laptop-15-cc1xx:36413/
[rospy.internal][WARNING] 2019-12-21 13:14:57,495: Unknown error initiating TCP/IP socket to itachi-HP-Pavilion-Laptop-15-cc1xx:54827 (http://itachi-HP-Pavilion-Laptop-15-cc1xx:36413/): Traceback (most recent call last):
  File "/opt/ros/kinetic/lib/python2.7/dist-packages/rospy/impl/tcpros_base.py", line 557, in connect
    self.read_header()
  File "/opt/ros/kinetic/lib/python2.7/dist-packages/rospy/impl/tcpros_base.py", line 650, in read_header
    self._validate_header(read_ros_handshake_header(sock, self.read_buff, self.protocol.buff_size))
AttributeError: 'NoneType' object has no attribute 'buff_size'

[rospy.topics][ERROR] 2019-12-21 13:14:57,496: Traceback (most recent call last):
  File "/opt/ros/kinetic/lib/python2.7/dist-packages/rospy/topics.py", line 326, in close
    c.close()
  File "/opt/ros/kinetic/lib/python2.7/dist-packages/rospy/impl/tcpros_base.py", line 838, in close
    self.socket.close()
AttributeError: 'NoneType' object has no attribute 'close'

[rospy.impl.masterslave][INFO] 2019-12-21 13:14:57,496: atexit
