[rosmaster.main][INFO] 2019-12-20 00:03:31,662: initialization complete, waiting for shutdown
[rosmaster.main][INFO] 2019-12-20 00:03:31,662: Starting ROS Master Node
[xmlrpc][INFO] 2019-12-20 00:03:31,663: XML-RPC server binding to 0.0.0.0:11311
[xmlrpc][INFO] 2019-12-20 00:03:31,663: Started XML-RPC server [http://itachi-HP-Pavilion-Laptop-15-cc1xx:11311/]
[rosmaster.master][INFO] 2019-12-20 00:03:31,663: Master initialized: port[11311], uri[http://itachi-HP-Pavilion-Laptop-15-cc1xx:11311/]
[xmlrpc][INFO] 2019-12-20 00:03:31,663: xml rpc node: starting XML-RPC server
[rosmaster.master][INFO] 2019-12-20 00:03:31,712: +PARAM [/run_id] by /roslaunch
[rosmaster.master][INFO] 2019-12-20 00:03:31,713: +PARAM [/roslaunch/uris/host_itachi_hp_pavilion_laptop_15_cc1xx__45215] by /roslaunch
[rosmaster.master][INFO] 2019-12-20 00:03:31,794: +PARAM [/rosversion] by /roslaunch
[rosmaster.master][INFO] 2019-12-20 00:03:31,794: +PARAM [/rosdistro] by /roslaunch
[rosmaster.master][INFO] 2019-12-20 00:03:31,799: +SERVICE [/rosout/get_loggers] /rosout http://itachi-HP-Pavilion-Laptop-15-cc1xx:39089/
[rosmaster.master][INFO] 2019-12-20 00:03:31,799: +SERVICE [/rosout/set_logger_level] /rosout http://itachi-HP-Pavilion-Laptop-15-cc1xx:39089/
[rosmaster.master][INFO] 2019-12-20 00:03:31,800: +PUB [/rosout_agg] /rosout http://itachi-HP-Pavilion-Laptop-15-cc1xx:39089/
[rosmaster.master][INFO] 2019-12-20 00:03:31,803: +SUB [/rosout] /rosout http://itachi-HP-Pavilion-Laptop-15-cc1xx:39089/
[rosmaster.master][INFO] 2019-12-20 00:03:44,384: +PARAM [/roslaunch/uris/host_itachi_hp_pavilion_laptop_15_cc1xx__45609] by /roslaunch
[rosmaster.master][INFO] 2019-12-20 00:03:44,386: +PARAM [/usb_cam/image_width] by /roslaunch
[rosmaster.master][INFO] 2019-12-20 00:03:44,386: +PARAM [/usb_cam/video_device] by /roslaunch
[rosmaster.master][INFO] 2019-12-20 00:03:44,386: +PARAM [/rosdistro] by /roslaunch
[rosmaster.master][INFO] 2019-12-20 00:03:44,386: +PARAM [/usb_cam/pixel_format] by /roslaunch
[rosmaster.master][INFO] 2019-12-20 00:03:44,386: +PARAM [/usb_cam/io_method] by /roslaunch
[rosmaster.master][INFO] 2019-12-20 00:03:44,386: +PARAM [/usb_cam/camera_frame_id] by /roslaunch
[rosmaster.master][INFO] 2019-12-20 00:03:44,386: +PARAM [/rosversion] by /roslaunch
[rosmaster.master][INFO] 2019-12-20 00:03:44,386: +PARAM [/usb_cam/image_height] by /roslaunch
[rosmaster.master][INFO] 2019-12-20 00:03:44,467: +PUB [/rosout] /usb_cam http://itachi-HP-Pavilion-Laptop-15-cc1xx:40633/
[rosmaster.master][INFO] 2019-12-20 00:03:44,468: +SERVICE [/usb_cam/get_loggers] /usb_cam http://itachi-HP-Pavilion-Laptop-15-cc1xx:40633/
[rosmaster.master][INFO] 2019-12-20 00:03:44,469: +SERVICE [/usb_cam/set_logger_level] /usb_cam http://itachi-HP-Pavilion-Laptop-15-cc1xx:40633/
[rosmaster.master][INFO] 2019-12-20 00:03:44,476: +PUB [/rosout] /usb_cam_display/image_view http://itachi-HP-Pavilion-Laptop-15-cc1xx:40469/
[rosmaster.master][INFO] 2019-12-20 00:03:44,477: +SERVICE [/usb_cam_display/image_view/get_loggers] /usb_cam_display/image_view http://itachi-HP-Pavilion-Laptop-15-cc1xx:40469/
[rosmaster.master][INFO] 2019-12-20 00:03:44,478: +SERVICE [/usb_cam_display/image_view/set_logger_level] /usb_cam_display/image_view http://itachi-HP-Pavilion-Laptop-15-cc1xx:40469/
[rosmaster.master][INFO] 2019-12-20 00:03:44,489: publisherUpdate[/rosout] -> http://itachi-HP-Pavilion-Laptop-15-cc1xx:39089/ ['http://itachi-HP-Pavilion-Laptop-15-cc1xx:40633/']
[rosmaster.master][INFO] 2019-12-20 00:03:44,490: publisherUpdate[/rosout] -> http://itachi-HP-Pavilion-Laptop-15-cc1xx:39089/ ['http://itachi-HP-Pavilion-Laptop-15-cc1xx:40633/']: sec=0.00, result=[1, '', 0]
[rosmaster.master][INFO] 2019-12-20 00:03:44,491: publisherUpdate[/rosout] -> http://itachi-HP-Pavilion-Laptop-15-cc1xx:39089/ ['http://itachi-HP-Pavilion-Laptop-15-cc1xx:40633/', 'http://itachi-HP-Pavilion-Laptop-15-cc1xx:40469/']
[rosmaster.master][INFO] 2019-12-20 00:03:44,491: publisherUpdate[/rosout] -> http://itachi-HP-Pavilion-Laptop-15-cc1xx:39089/ ['http://itachi-HP-Pavilion-Laptop-15-cc1xx:40633/', 'http://itachi-HP-Pavilion-Laptop-15-cc1xx:40469/']: sec=0.00, result=[1, '', 0]
[rosmaster.master][INFO] 2019-12-20 00:03:44,501: +PUB [/usb_cam/image_raw/compressedDepth] /usb_cam http://itachi-HP-Pavilion-Laptop-15-cc1xx:40633/
[rosmaster.master][INFO] 2019-12-20 00:03:44,502: +SERVICE [/usb_cam/image_raw/compressedDepth/set_parameters] /usb_cam http://itachi-HP-Pavilion-Laptop-15-cc1xx:40633/
[rosmaster.master][INFO] 2019-12-20 00:03:44,502: +PUB [/usb_cam/image_raw/compressedDepth/parameter_descriptions] /usb_cam http://itachi-HP-Pavilion-Laptop-15-cc1xx:40633/
[rosmaster.master][INFO] 2019-12-20 00:03:44,503: +PUB [/usb_cam/image_raw/compressedDepth/parameter_updates] /usb_cam http://itachi-HP-Pavilion-Laptop-15-cc1xx:40633/
[rosmaster.master][INFO] 2019-12-20 00:03:44,505: +PARAM [/usb_cam/image_raw/compressedDepth/depth_max] by /usb_cam
[rosmaster.master][INFO] 2019-12-20 00:03:44,505: +PARAM [/usb_cam/image_raw/compressedDepth/depth_quantization] by /usb_cam
[rosmaster.master][INFO] 2019-12-20 00:03:44,506: +PARAM [/usb_cam/image_raw/compressedDepth/png_level] by /usb_cam
[rosmaster.master][INFO] 2019-12-20 00:03:44,507: +PARAM [/usb_cam/image_raw/compressedDepth/depth_max] by /usb_cam
[rosmaster.master][INFO] 2019-12-20 00:03:44,507: +PARAM [/usb_cam/image_raw/compressedDepth/depth_quantization] by /usb_cam
[rosmaster.master][INFO] 2019-12-20 00:03:44,508: +PARAM [/usb_cam/image_raw/compressedDepth/png_level] by /usb_cam
[rosmaster.master][INFO] 2019-12-20 00:03:44,509: +PUB [/usb_cam/image_raw/compressed] /usb_cam http://itachi-HP-Pavilion-Laptop-15-cc1xx:40633/
[rosmaster.master][INFO] 2019-12-20 00:03:44,509: +SERVICE [/usb_cam/image_raw/compressed/set_parameters] /usb_cam http://itachi-HP-Pavilion-Laptop-15-cc1xx:40633/
[rosmaster.master][INFO] 2019-12-20 00:03:44,510: +PUB [/usb_cam/image_raw/compressed/parameter_descriptions] /usb_cam http://itachi-HP-Pavilion-Laptop-15-cc1xx:40633/
[rosmaster.master][INFO] 2019-12-20 00:03:44,510: +PUB [/usb_cam/image_raw/compressed/parameter_updates] /usb_cam http://itachi-HP-Pavilion-Laptop-15-cc1xx:40633/
[rosmaster.master][INFO] 2019-12-20 00:03:44,513: +PARAM [/usb_cam/image_raw/compressed/format] by /usb_cam
[rosmaster.master][INFO] 2019-12-20 00:03:44,513: +PARAM [/usb_cam/image_raw/compressed/jpeg_quality] by /usb_cam
[rosmaster.master][INFO] 2019-12-20 00:03:44,515: +PARAM [/usb_cam/image_raw/compressed/png_level] by /usb_cam
[rosmaster.master][INFO] 2019-12-20 00:03:44,515: +PARAM [/usb_cam/image_raw/compressed/format] by /usb_cam
[rosmaster.master][INFO] 2019-12-20 00:03:44,516: +PARAM [/usb_cam/image_raw/compressed/jpeg_quality] by /usb_cam
[rosmaster.master][INFO] 2019-12-20 00:03:44,517: +PARAM [/usb_cam/image_raw/compressed/png_level] by /usb_cam
[rosmaster.master][INFO] 2019-12-20 00:03:44,518: +PUB [/usb_cam/image_raw] /usb_cam http://itachi-HP-Pavilion-Laptop-15-cc1xx:40633/
[rosmaster.master][INFO] 2019-12-20 00:03:44,519: +PUB [/usb_cam/image_raw/theora] /usb_cam http://itachi-HP-Pavilion-Laptop-15-cc1xx:40633/
[rosmaster.master][INFO] 2019-12-20 00:03:44,520: +SERVICE [/usb_cam/image_raw/theora/set_parameters] /usb_cam http://itachi-HP-Pavilion-Laptop-15-cc1xx:40633/
[rosmaster.master][INFO] 2019-12-20 00:03:44,521: +PUB [/usb_cam/image_raw/theora/parameter_descriptions] /usb_cam http://itachi-HP-Pavilion-Laptop-15-cc1xx:40633/
[rosmaster.master][INFO] 2019-12-20 00:03:44,521: +PUB [/usb_cam/image_raw/theora/parameter_updates] /usb_cam http://itachi-HP-Pavilion-Laptop-15-cc1xx:40633/
[rosmaster.master][INFO] 2019-12-20 00:03:44,524: +PARAM [/usb_cam/image_raw/theora/optimize_for] by /usb_cam
[rosmaster.master][INFO] 2019-12-20 00:03:44,525: +PARAM [/usb_cam/image_raw/theora/target_bitrate] by /usb_cam
[rosmaster.master][INFO] 2019-12-20 00:03:44,525: +PARAM [/usb_cam/image_raw/theora/quality] by /usb_cam
[rosmaster.master][INFO] 2019-12-20 00:03:44,526: +PARAM [/usb_cam/image_raw/theora/keyframe_frequency] by /usb_cam
[rosmaster.master][INFO] 2019-12-20 00:03:44,526: +PARAM [/usb_cam/image_raw/theora/optimize_for] by /usb_cam
[rosmaster.master][INFO] 2019-12-20 00:03:44,527: +PARAM [/usb_cam/image_raw/theora/target_bitrate] by /usb_cam
[rosmaster.master][INFO] 2019-12-20 00:03:44,527: +PARAM [/usb_cam/image_raw/theora/quality] by /usb_cam
[rosmaster.master][INFO] 2019-12-20 00:03:44,528: +PARAM [/usb_cam/image_raw/theora/keyframe_frequency] by /usb_cam
[rosmaster.master][INFO] 2019-12-20 00:03:44,528: +PUB [/usb_cam/camera_info] /usb_cam http://itachi-HP-Pavilion-Laptop-15-cc1xx:40633/
[rosmaster.master][INFO] 2019-12-20 00:03:44,539: +SERVICE [/usb_cam/set_camera_info] /usb_cam http://itachi-HP-Pavilion-Laptop-15-cc1xx:40633/
[rosmaster.master][INFO] 2019-12-20 00:03:44,540: +SERVICE [/usb_cam/start_capture] /usb_cam http://itachi-HP-Pavilion-Laptop-15-cc1xx:40633/
[rosmaster.master][INFO] 2019-12-20 00:03:44,540: +SERVICE [/usb_cam/stop_capture] /usb_cam http://itachi-HP-Pavilion-Laptop-15-cc1xx:40633/
[rosmaster.master][INFO] 2019-12-20 00:03:44,628: +SUB [/usb_cam/image_raw] /usb_cam_display/image_view http://itachi-HP-Pavilion-Laptop-15-cc1xx:40469/
[rosmaster.master][INFO] 2019-12-20 00:03:44,629: +PUB [/usb_cam_display/image_view/output] /usb_cam_display/image_view http://itachi-HP-Pavilion-Laptop-15-cc1xx:40469/
[rosmaster.master][INFO] 2019-12-20 00:03:44,630: +SERVICE [/usb_cam_display/image_view/set_parameters] /usb_cam_display/image_view http://itachi-HP-Pavilion-Laptop-15-cc1xx:40469/
[rosmaster.master][INFO] 2019-12-20 00:03:44,630: +PUB [/usb_cam_display/image_view/parameter_descriptions] /usb_cam_display/image_view http://itachi-HP-Pavilion-Laptop-15-cc1xx:40469/
[rosmaster.master][INFO] 2019-12-20 00:03:44,631: +PUB [/usb_cam_display/image_view/parameter_updates] /usb_cam_display/image_view http://itachi-HP-Pavilion-Laptop-15-cc1xx:40469/
[rosmaster.master][INFO] 2019-12-20 00:03:44,634: +PARAM [/usb_cam_display/image_view/do_dynamic_scaling] by /usb_cam_display/image_view
[rosmaster.master][INFO] 2019-12-20 00:03:44,634: +PARAM [/usb_cam_display/image_view/colormap] by /usb_cam_display/image_view
[rosmaster.master][INFO] 2019-12-20 00:03:44,635: +PARAM [/usb_cam_display/image_view/min_image_value] by /usb_cam_display/image_view
[rosmaster.master][INFO] 2019-12-20 00:03:44,635: +PARAM [/usb_cam_display/image_view/max_image_value] by /usb_cam_display/image_view
[rosmaster.master][INFO] 2019-12-20 00:03:44,636: +PARAM [/usb_cam_display/image_view/do_dynamic_scaling] by /usb_cam_display/image_view
[rosmaster.master][INFO] 2019-12-20 00:03:44,637: +PARAM [/usb_cam_display/image_view/colormap] by /usb_cam_display/image_view
[rosmaster.master][INFO] 2019-12-20 00:03:44,637: +PARAM [/usb_cam_display/image_view/min_image_value] by /usb_cam_display/image_view
[rosmaster.master][INFO] 2019-12-20 00:03:44,638: +PARAM [/usb_cam_display/image_view/max_image_value] by /usb_cam_display/image_view
[rosmaster.master][INFO] 2019-12-20 00:04:04,327: +PARAM [/roslaunch/uris/host_itachi_hp_pavilion_laptop_15_cc1xx__40721] by /roslaunch
[rosmaster.master][INFO] 2019-12-20 00:04:04,332: +PARAM [/rosversion] by /roslaunch
[rosmaster.master][INFO] 2019-12-20 00:04:04,333: +PARAM [/rosdistro] by /roslaunch
[rosmaster.master][INFO] 2019-12-20 00:04:04,432: +PUB [/rosout] /edroneclient http://itachi-HP-Pavilion-Laptop-15-cc1xx:40989/
[rosmaster.master][INFO] 2019-12-20 00:04:04,434: +SERVICE [/edroneclient/get_loggers] /edroneclient http://itachi-HP-Pavilion-Laptop-15-cc1xx:40989/
[rosmaster.master][INFO] 2019-12-20 00:04:04,435: +SERVICE [/edroneclient/set_logger_level] /edroneclient http://itachi-HP-Pavilion-Laptop-15-cc1xx:40989/
[rosmaster.master][INFO] 2019-12-20 00:04:04,440: +SUB [/drone_command] /edroneclient http://itachi-HP-Pavilion-Laptop-15-cc1xx:40989/
[rosmaster.master][INFO] 2019-12-20 00:04:04,521: publisherUpdate[/rosout] -> http://itachi-HP-Pavilion-Laptop-15-cc1xx:39089/ ['http://itachi-HP-Pavilion-Laptop-15-cc1xx:40633/', 'http://itachi-HP-Pavilion-Laptop-15-cc1xx:40469/', 'http://itachi-HP-Pavilion-Laptop-15-cc1xx:40989/']
[rosmaster.master][INFO] 2019-12-20 00:04:04,523: publisherUpdate[/rosout] -> http://itachi-HP-Pavilion-Laptop-15-cc1xx:39089/ ['http://itachi-HP-Pavilion-Laptop-15-cc1xx:40633/', 'http://itachi-HP-Pavilion-Laptop-15-cc1xx:40469/', 'http://itachi-HP-Pavilion-Laptop-15-cc1xx:40989/']: sec=0.00, result=[1, '', 0]
[rosmaster.master][INFO] 2019-12-20 00:04:04,766: +PUB [/rosout] /drone_teleop http://itachi-HP-Pavilion-Laptop-15-cc1xx:37233/
[rosmaster.master][INFO] 2019-12-20 00:04:04,769: +SERVICE [/drone_teleop/get_loggers] /drone_teleop http://itachi-HP-Pavilion-Laptop-15-cc1xx:37233/
[rosmaster.master][INFO] 2019-12-20 00:04:04,770: +SERVICE [/drone_teleop/set_logger_level] /drone_teleop http://itachi-HP-Pavilion-Laptop-15-cc1xx:37233/
[rosmaster.master][INFO] 2019-12-20 00:04:04,771: +PUB [/drone_command] /drone_teleop http://itachi-HP-Pavilion-Laptop-15-cc1xx:37233/
[rosmaster.master][INFO] 2019-12-20 00:04:04,824: publisherUpdate[/rosout] -> http://itachi-HP-Pavilion-Laptop-15-cc1xx:39089/ ['http://itachi-HP-Pavilion-Laptop-15-cc1xx:40633/', 'http://itachi-HP-Pavilion-Laptop-15-cc1xx:40469/', 'http://itachi-HP-Pavilion-Laptop-15-cc1xx:40989/', 'http://itachi-HP-Pavilion-Laptop-15-cc1xx:37233/']
[rosmaster.master][INFO] 2019-12-20 00:04:04,825: publisherUpdate[/drone_command] -> http://itachi-HP-Pavilion-Laptop-15-cc1xx:40989/ ['http://itachi-HP-Pavilion-Laptop-15-cc1xx:37233/']
[rosmaster.master][INFO] 2019-12-20 00:04:04,825: publisherUpdate[/rosout] -> http://itachi-HP-Pavilion-Laptop-15-cc1xx:39089/ ['http://itachi-HP-Pavilion-Laptop-15-cc1xx:40633/', 'http://itachi-HP-Pavilion-Laptop-15-cc1xx:40469/', 'http://itachi-HP-Pavilion-Laptop-15-cc1xx:40989/', 'http://itachi-HP-Pavilion-Laptop-15-cc1xx:37233/']: sec=0.00, result=[1, '', 0]
[rosmaster.master][INFO] 2019-12-20 00:04:04,826: publisherUpdate[/drone_command] -> http://itachi-HP-Pavilion-Laptop-15-cc1xx:40989/ ['http://itachi-HP-Pavilion-Laptop-15-cc1xx:37233/']: sec=0.00, result=[1, '', 0]
[rosmaster.master][INFO] 2019-12-20 00:04:24,986: -PUB [/rosout] /drone_teleop http://itachi-HP-Pavilion-Laptop-15-cc1xx:37233/
[rosmaster.master][INFO] 2019-12-20 00:04:24,987: -PUB [/drone_command] /drone_teleop http://itachi-HP-Pavilion-Laptop-15-cc1xx:37233/
[rosmaster.master][INFO] 2019-12-20 00:04:24,987: -SERVICE [/drone_teleop/set_logger_level] /drone_teleop rosrpc://itachi-HP-Pavilion-Laptop-15-cc1xx:43659
[rosmaster.master][INFO] 2019-12-20 00:04:24,987: -SERVICE [/drone_teleop/get_loggers] /drone_teleop rosrpc://itachi-HP-Pavilion-Laptop-15-cc1xx:43659
[rosmaster.master][INFO] 2019-12-20 00:04:25,055: publisherUpdate[/rosout] -> http://itachi-HP-Pavilion-Laptop-15-cc1xx:39089/ ['http://itachi-HP-Pavilion-Laptop-15-cc1xx:40633/', 'http://itachi-HP-Pavilion-Laptop-15-cc1xx:40469/', 'http://itachi-HP-Pavilion-Laptop-15-cc1xx:40989/']
[rosmaster.master][INFO] 2019-12-20 00:04:25,055: publisherUpdate[/drone_command] -> http://itachi-HP-Pavilion-Laptop-15-cc1xx:40989/ []
[rosmaster.master][INFO] 2019-12-20 00:04:25,056: publisherUpdate[/rosout] -> http://itachi-HP-Pavilion-Laptop-15-cc1xx:39089/ ['http://itachi-HP-Pavilion-Laptop-15-cc1xx:40633/', 'http://itachi-HP-Pavilion-Laptop-15-cc1xx:40469/', 'http://itachi-HP-Pavilion-Laptop-15-cc1xx:40989/']: sec=0.00, result=[1, '', 0]
[rosmaster.master][INFO] 2019-12-20 00:04:25,057: publisherUpdate[/drone_command] -> http://itachi-HP-Pavilion-Laptop-15-cc1xx:40989/ []: sec=0.00, result=[1, '', 0]
[rosmaster.master][INFO] 2019-12-20 00:04:27,660: -PUB [/rosout] /edroneclient http://itachi-HP-Pavilion-Laptop-15-cc1xx:40989/
[rosmaster.master][INFO] 2019-12-20 00:04:27,660: publisherUpdate[/rosout] -> http://itachi-HP-Pavilion-Laptop-15-cc1xx:39089/ ['http://itachi-HP-Pavilion-Laptop-15-cc1xx:40633/', 'http://itachi-HP-Pavilion-Laptop-15-cc1xx:40469/']
[rosmaster.master][INFO] 2019-12-20 00:04:27,661: publisherUpdate[/rosout] -> http://itachi-HP-Pavilion-Laptop-15-cc1xx:39089/ ['http://itachi-HP-Pavilion-Laptop-15-cc1xx:40633/', 'http://itachi-HP-Pavilion-Laptop-15-cc1xx:40469/']: sec=0.00, result=[1, '', 0]
[rosmaster.master][INFO] 2019-12-20 00:04:27,661: -SUB [/drone_command] /edroneclient http://itachi-HP-Pavilion-Laptop-15-cc1xx:40989/
[rosmaster.master][INFO] 2019-12-20 00:04:27,662: -SERVICE [/edroneclient/get_loggers] /edroneclient rosrpc://itachi-HP-Pavilion-Laptop-15-cc1xx:38491
[rosmaster.master][INFO] 2019-12-20 00:04:27,662: -SERVICE [/edroneclient/set_logger_level] /edroneclient rosrpc://itachi-HP-Pavilion-Laptop-15-cc1xx:38491
[rosmaster.master][INFO] 2019-12-20 00:04:34,894: +PARAM [/roslaunch/uris/host_itachi_hp_pavilion_laptop_15_cc1xx__37641] by /roslaunch
[rosmaster.master][INFO] 2019-12-20 00:04:34,896: +PARAM [/rosversion] by /roslaunch
[rosmaster.master][INFO] 2019-12-20 00:04:34,897: +PARAM [/rosdistro] by /roslaunch
[rosmaster.master][INFO] 2019-12-20 00:04:34,999: +PUB [/rosout] /edroneclient http://itachi-HP-Pavilion-Laptop-15-cc1xx:42711/
[rosmaster.master][INFO] 2019-12-20 00:04:35,000: +SERVICE [/edroneclient/get_loggers] /edroneclient http://itachi-HP-Pavilion-Laptop-15-cc1xx:42711/
[rosmaster.master][INFO] 2019-12-20 00:04:35,001: +SERVICE [/edroneclient/set_logger_level] /edroneclient http://itachi-HP-Pavilion-Laptop-15-cc1xx:42711/
[rosmaster.master][INFO] 2019-12-20 00:04:35,006: +SUB [/drone_command] /edroneclient http://itachi-HP-Pavilion-Laptop-15-cc1xx:42711/
[rosmaster.master][INFO] 2019-12-20 00:04:35,071: publisherUpdate[/rosout] -> http://itachi-HP-Pavilion-Laptop-15-cc1xx:39089/ ['http://itachi-HP-Pavilion-Laptop-15-cc1xx:40633/', 'http://itachi-HP-Pavilion-Laptop-15-cc1xx:40469/', 'http://itachi-HP-Pavilion-Laptop-15-cc1xx:42711/']
[rosmaster.master][INFO] 2019-12-20 00:04:35,072: publisherUpdate[/rosout] -> http://itachi-HP-Pavilion-Laptop-15-cc1xx:39089/ ['http://itachi-HP-Pavilion-Laptop-15-cc1xx:40633/', 'http://itachi-HP-Pavilion-Laptop-15-cc1xx:40469/', 'http://itachi-HP-Pavilion-Laptop-15-cc1xx:42711/']: sec=0.00, result=[1, '', 0]
[rosmaster.master][INFO] 2019-12-20 00:04:35,304: +PUB [/rosout] /drone_teleop http://itachi-HP-Pavilion-Laptop-15-cc1xx:35591/
[rosmaster.master][INFO] 2019-12-20 00:04:35,307: +SERVICE [/drone_teleop/get_loggers] /drone_teleop http://itachi-HP-Pavilion-Laptop-15-cc1xx:35591/
[rosmaster.master][INFO] 2019-12-20 00:04:35,308: +SERVICE [/drone_teleop/set_logger_level] /drone_teleop http://itachi-HP-Pavilion-Laptop-15-cc1xx:35591/
[rosmaster.master][INFO] 2019-12-20 00:04:35,309: +PUB [/drone_command] /drone_teleop http://itachi-HP-Pavilion-Laptop-15-cc1xx:35591/
[rosmaster.master][INFO] 2019-12-20 00:04:35,372: publisherUpdate[/rosout] -> http://itachi-HP-Pavilion-Laptop-15-cc1xx:39089/ ['http://itachi-HP-Pavilion-Laptop-15-cc1xx:40633/', 'http://itachi-HP-Pavilion-Laptop-15-cc1xx:40469/', 'http://itachi-HP-Pavilion-Laptop-15-cc1xx:42711/', 'http://itachi-HP-Pavilion-Laptop-15-cc1xx:35591/']
[rosmaster.master][INFO] 2019-12-20 00:04:35,372: publisherUpdate[/drone_command] -> http://itachi-HP-Pavilion-Laptop-15-cc1xx:42711/ ['http://itachi-HP-Pavilion-Laptop-15-cc1xx:35591/']
[rosmaster.master][INFO] 2019-12-20 00:04:35,373: publisherUpdate[/rosout] -> http://itachi-HP-Pavilion-Laptop-15-cc1xx:39089/ ['http://itachi-HP-Pavilion-Laptop-15-cc1xx:40633/', 'http://itachi-HP-Pavilion-Laptop-15-cc1xx:40469/', 'http://itachi-HP-Pavilion-Laptop-15-cc1xx:42711/', 'http://itachi-HP-Pavilion-Laptop-15-cc1xx:35591/']: sec=0.00, result=[1, '', 0]
[rosmaster.master][INFO] 2019-12-20 00:04:35,373: publisherUpdate[/drone_command] -> http://itachi-HP-Pavilion-Laptop-15-cc1xx:42711/ ['http://itachi-HP-Pavilion-Laptop-15-cc1xx:35591/']: sec=0.00, result=[1, '', 0]
[rosmaster.master][INFO] 2019-12-20 00:04:53,806: -PUB [/rosout] /drone_teleop http://itachi-HP-Pavilion-Laptop-15-cc1xx:35591/
[rosmaster.master][INFO] 2019-12-20 00:04:53,806: -PUB [/drone_command] /drone_teleop http://itachi-HP-Pavilion-Laptop-15-cc1xx:35591/
[rosmaster.master][INFO] 2019-12-20 00:04:53,806: -SERVICE [/drone_teleop/set_logger_level] /drone_teleop rosrpc://itachi-HP-Pavilion-Laptop-15-cc1xx:34215
[rosmaster.master][INFO] 2019-12-20 00:04:53,806: -SERVICE [/drone_teleop/get_loggers] /drone_teleop rosrpc://itachi-HP-Pavilion-Laptop-15-cc1xx:34215
[rosmaster.master][INFO] 2019-12-20 00:04:53,901: publisherUpdate[/rosout] -> http://itachi-HP-Pavilion-Laptop-15-cc1xx:39089/ ['http://itachi-HP-Pavilion-Laptop-15-cc1xx:40633/', 'http://itachi-HP-Pavilion-Laptop-15-cc1xx:40469/', 'http://itachi-HP-Pavilion-Laptop-15-cc1xx:42711/']
[rosmaster.master][INFO] 2019-12-20 00:04:53,902: publisherUpdate[/drone_command] -> http://itachi-HP-Pavilion-Laptop-15-cc1xx:42711/ []
[rosmaster.master][INFO] 2019-12-20 00:04:53,902: publisherUpdate[/rosout] -> http://itachi-HP-Pavilion-Laptop-15-cc1xx:39089/ ['http://itachi-HP-Pavilion-Laptop-15-cc1xx:40633/', 'http://itachi-HP-Pavilion-Laptop-15-cc1xx:40469/', 'http://itachi-HP-Pavilion-Laptop-15-cc1xx:42711/']: sec=0.00, result=[1, '', 0]
[rosmaster.master][INFO] 2019-12-20 00:04:53,903: publisherUpdate[/drone_command] -> http://itachi-HP-Pavilion-Laptop-15-cc1xx:42711/ []: sec=0.00, result=[1, '', 0]
[rosmaster.master][INFO] 2019-12-20 00:04:54,304: -PUB [/rosout] /edroneclient http://itachi-HP-Pavilion-Laptop-15-cc1xx:42711/
[rosmaster.master][INFO] 2019-12-20 00:04:54,305: -SUB [/drone_command] /edroneclient http://itachi-HP-Pavilion-Laptop-15-cc1xx:42711/
[rosmaster.master][INFO] 2019-12-20 00:04:54,306: -SERVICE [/edroneclient/get_loggers] /edroneclient rosrpc://itachi-HP-Pavilion-Laptop-15-cc1xx:39811
[rosmaster.master][INFO] 2019-12-20 00:04:54,306: -SERVICE [/edroneclient/set_logger_level] /edroneclient rosrpc://itachi-HP-Pavilion-Laptop-15-cc1xx:39811
[rosmaster.master][INFO] 2019-12-20 00:04:54,403: publisherUpdate[/rosout] -> http://itachi-HP-Pavilion-Laptop-15-cc1xx:39089/ ['http://itachi-HP-Pavilion-Laptop-15-cc1xx:40633/', 'http://itachi-HP-Pavilion-Laptop-15-cc1xx:40469/']
[rosmaster.master][INFO] 2019-12-20 00:04:54,403: publisherUpdate[/rosout] -> http://itachi-HP-Pavilion-Laptop-15-cc1xx:39089/ ['http://itachi-HP-Pavilion-Laptop-15-cc1xx:40633/', 'http://itachi-HP-Pavilion-Laptop-15-cc1xx:40469/']: sec=0.00, result=[1, '', 0]
[rosmaster.master][INFO] 2019-12-20 00:07:50,026: +PARAM [/roslaunch/uris/host_itachi_hp_pavilion_laptop_15_cc1xx__38799] by /roslaunch
[rosmaster.master][INFO] 2019-12-20 00:07:50,029: +PARAM [/rosversion] by /roslaunch
[rosmaster.master][INFO] 2019-12-20 00:07:50,029: +PARAM [/rosdistro] by /roslaunch
[rosmaster.master][INFO] 2019-12-20 00:07:50,114: +PUB [/rosout] /edroneclient http://itachi-HP-Pavilion-Laptop-15-cc1xx:39259/
[rosmaster.master][INFO] 2019-12-20 00:07:50,114: +SERVICE [/edroneclient/get_loggers] /edroneclient http://itachi-HP-Pavilion-Laptop-15-cc1xx:39259/
[rosmaster.master][INFO] 2019-12-20 00:07:50,115: +SERVICE [/edroneclient/set_logger_level] /edroneclient http://itachi-HP-Pavilion-Laptop-15-cc1xx:39259/
[rosmaster.master][INFO] 2019-12-20 00:07:50,119: +SUB [/drone_command] /edroneclient http://itachi-HP-Pavilion-Laptop-15-cc1xx:39259/
[rosmaster.master][INFO] 2019-12-20 00:07:50,201: publisherUpdate[/rosout] -> http://itachi-HP-Pavilion-Laptop-15-cc1xx:39089/ ['http://itachi-HP-Pavilion-Laptop-15-cc1xx:40633/', 'http://itachi-HP-Pavilion-Laptop-15-cc1xx:40469/', 'http://itachi-HP-Pavilion-Laptop-15-cc1xx:39259/']
[rosmaster.master][INFO] 2019-12-20 00:07:50,202: publisherUpdate[/rosout] -> http://itachi-HP-Pavilion-Laptop-15-cc1xx:39089/ ['http://itachi-HP-Pavilion-Laptop-15-cc1xx:40633/', 'http://itachi-HP-Pavilion-Laptop-15-cc1xx:40469/', 'http://itachi-HP-Pavilion-Laptop-15-cc1xx:39259/']: sec=0.00, result=[1, '', 0]
[rosmaster.master][INFO] 2019-12-20 00:07:50,407: +PUB [/rosout] /drone_teleop http://itachi-HP-Pavilion-Laptop-15-cc1xx:42345/
[rosmaster.master][INFO] 2019-12-20 00:07:50,409: +SERVICE [/drone_teleop/get_loggers] /drone_teleop http://itachi-HP-Pavilion-Laptop-15-cc1xx:42345/
[rosmaster.master][INFO] 2019-12-20 00:07:50,410: +SERVICE [/drone_teleop/set_logger_level] /drone_teleop http://itachi-HP-Pavilion-Laptop-15-cc1xx:42345/
[rosmaster.master][INFO] 2019-12-20 00:07:50,410: +PUB [/drone_command] /drone_teleop http://itachi-HP-Pavilion-Laptop-15-cc1xx:42345/
[rosmaster.master][INFO] 2019-12-20 00:07:50,502: publisherUpdate[/rosout] -> http://itachi-HP-Pavilion-Laptop-15-cc1xx:39089/ ['http://itachi-HP-Pavilion-Laptop-15-cc1xx:40633/', 'http://itachi-HP-Pavilion-Laptop-15-cc1xx:40469/', 'http://itachi-HP-Pavilion-Laptop-15-cc1xx:39259/', 'http://itachi-HP-Pavilion-Laptop-15-cc1xx:42345/']
[rosmaster.master][INFO] 2019-12-20 00:07:50,502: publisherUpdate[/drone_command] -> http://itachi-HP-Pavilion-Laptop-15-cc1xx:39259/ ['http://itachi-HP-Pavilion-Laptop-15-cc1xx:42345/']
[rosmaster.master][INFO] 2019-12-20 00:07:50,503: publisherUpdate[/rosout] -> http://itachi-HP-Pavilion-Laptop-15-cc1xx:39089/ ['http://itachi-HP-Pavilion-Laptop-15-cc1xx:40633/', 'http://itachi-HP-Pavilion-Laptop-15-cc1xx:40469/', 'http://itachi-HP-Pavilion-Laptop-15-cc1xx:39259/', 'http://itachi-HP-Pavilion-Laptop-15-cc1xx:42345/']: sec=0.00, result=[1, '', 0]
[rosmaster.master][INFO] 2019-12-20 00:07:50,503: publisherUpdate[/drone_command] -> http://itachi-HP-Pavilion-Laptop-15-cc1xx:39259/ ['http://itachi-HP-Pavilion-Laptop-15-cc1xx:42345/']: sec=0.00, result=[1, '', 0]
[rosmaster.master][INFO] 2019-12-20 00:08:02,949: -PUB [/rosout] /drone_teleop http://itachi-HP-Pavilion-Laptop-15-cc1xx:42345/
[rosmaster.master][INFO] 2019-12-20 00:08:02,949: -PUB [/drone_command] /drone_teleop http://itachi-HP-Pavilion-Laptop-15-cc1xx:42345/
[rosmaster.master][INFO] 2019-12-20 00:08:02,949: -SERVICE [/drone_teleop/set_logger_level] /drone_teleop rosrpc://itachi-HP-Pavilion-Laptop-15-cc1xx:37407
[rosmaster.master][INFO] 2019-12-20 00:08:02,949: -SERVICE [/drone_teleop/get_loggers] /drone_teleop rosrpc://itachi-HP-Pavilion-Laptop-15-cc1xx:37407
[rosmaster.master][INFO] 2019-12-20 00:08:03,021: publisherUpdate[/rosout] -> http://itachi-HP-Pavilion-Laptop-15-cc1xx:39089/ ['http://itachi-HP-Pavilion-Laptop-15-cc1xx:40633/', 'http://itachi-HP-Pavilion-Laptop-15-cc1xx:40469/', 'http://itachi-HP-Pavilion-Laptop-15-cc1xx:39259/']
[rosmaster.master][INFO] 2019-12-20 00:08:03,021: publisherUpdate[/drone_command] -> http://itachi-HP-Pavilion-Laptop-15-cc1xx:39259/ []
[rosmaster.master][INFO] 2019-12-20 00:08:03,022: publisherUpdate[/rosout] -> http://itachi-HP-Pavilion-Laptop-15-cc1xx:39089/ ['http://itachi-HP-Pavilion-Laptop-15-cc1xx:40633/', 'http://itachi-HP-Pavilion-Laptop-15-cc1xx:40469/', 'http://itachi-HP-Pavilion-Laptop-15-cc1xx:39259/']: sec=0.00, result=[1, '', 0]
[rosmaster.master][INFO] 2019-12-20 00:08:03,022: publisherUpdate[/drone_command] -> http://itachi-HP-Pavilion-Laptop-15-cc1xx:39259/ []: sec=0.00, result=[1, '', 0]
[rosmaster.master][INFO] 2019-12-20 00:08:15,942: -PUB [/rosout] /edroneclient http://itachi-HP-Pavilion-Laptop-15-cc1xx:39259/
[rosmaster.master][INFO] 2019-12-20 00:08:15,943: -SUB [/drone_command] /edroneclient http://itachi-HP-Pavilion-Laptop-15-cc1xx:39259/
[rosmaster.master][INFO] 2019-12-20 00:08:15,943: -SERVICE [/edroneclient/get_loggers] /edroneclient rosrpc://itachi-HP-Pavilion-Laptop-15-cc1xx:52839
[rosmaster.master][INFO] 2019-12-20 00:08:15,944: -SERVICE [/edroneclient/set_logger_level] /edroneclient rosrpc://itachi-HP-Pavilion-Laptop-15-cc1xx:52839
[rosmaster.master][INFO] 2019-12-20 00:08:16,041: publisherUpdate[/rosout] -> http://itachi-HP-Pavilion-Laptop-15-cc1xx:39089/ ['http://itachi-HP-Pavilion-Laptop-15-cc1xx:40633/', 'http://itachi-HP-Pavilion-Laptop-15-cc1xx:40469/']
[rosmaster.master][INFO] 2019-12-20 00:08:16,042: publisherUpdate[/rosout] -> http://itachi-HP-Pavilion-Laptop-15-cc1xx:39089/ ['http://itachi-HP-Pavilion-Laptop-15-cc1xx:40633/', 'http://itachi-HP-Pavilion-Laptop-15-cc1xx:40469/']: sec=0.00, result=[1, '', 0]
[rosmaster.master][INFO] 2019-12-20 00:08:19,874: +PARAM [/roslaunch/uris/host_itachi_hp_pavilion_laptop_15_cc1xx__46557] by /roslaunch
[rosmaster.master][INFO] 2019-12-20 00:08:19,876: +PARAM [/rosversion] by /roslaunch
[rosmaster.master][INFO] 2019-12-20 00:08:19,876: +PARAM [/rosdistro] by /roslaunch
[rosmaster.master][INFO] 2019-12-20 00:08:19,965: +PUB [/rosout] /edroneclient http://itachi-HP-Pavilion-Laptop-15-cc1xx:37025/
[rosmaster.master][INFO] 2019-12-20 00:08:19,965: +SERVICE [/edroneclient/get_loggers] /edroneclient http://itachi-HP-Pavilion-Laptop-15-cc1xx:37025/
[rosmaster.master][INFO] 2019-12-20 00:08:19,966: +SERVICE [/edroneclient/set_logger_level] /edroneclient http://itachi-HP-Pavilion-Laptop-15-cc1xx:37025/
[rosmaster.master][INFO] 2019-12-20 00:08:19,971: +SUB [/drone_command] /edroneclient http://itachi-HP-Pavilion-Laptop-15-cc1xx:37025/
[rosmaster.master][INFO] 2019-12-20 00:08:20,047: publisherUpdate[/rosout] -> http://itachi-HP-Pavilion-Laptop-15-cc1xx:39089/ ['http://itachi-HP-Pavilion-Laptop-15-cc1xx:40633/', 'http://itachi-HP-Pavilion-Laptop-15-cc1xx:40469/', 'http://itachi-HP-Pavilion-Laptop-15-cc1xx:37025/']
[rosmaster.master][INFO] 2019-12-20 00:08:20,048: publisherUpdate[/rosout] -> http://itachi-HP-Pavilion-Laptop-15-cc1xx:39089/ ['http://itachi-HP-Pavilion-Laptop-15-cc1xx:40633/', 'http://itachi-HP-Pavilion-Laptop-15-cc1xx:40469/', 'http://itachi-HP-Pavilion-Laptop-15-cc1xx:37025/']: sec=0.00, result=[1, '', 0]
[rosmaster.master][INFO] 2019-12-20 00:08:20,274: +PUB [/rosout] /drone_teleop http://itachi-HP-Pavilion-Laptop-15-cc1xx:43165/
[rosmaster.master][INFO] 2019-12-20 00:08:20,279: +SERVICE [/drone_teleop/get_loggers] /drone_teleop http://itachi-HP-Pavilion-Laptop-15-cc1xx:43165/
[rosmaster.master][INFO] 2019-12-20 00:08:20,279: +SERVICE [/drone_teleop/set_logger_level] /drone_teleop http://itachi-HP-Pavilion-Laptop-15-cc1xx:43165/
[rosmaster.master][INFO] 2019-12-20 00:08:20,280: +PUB [/drone_command] /drone_teleop http://itachi-HP-Pavilion-Laptop-15-cc1xx:43165/
[rosmaster.master][INFO] 2019-12-20 00:08:20,348: publisherUpdate[/rosout] -> http://itachi-HP-Pavilion-Laptop-15-cc1xx:39089/ ['http://itachi-HP-Pavilion-Laptop-15-cc1xx:40633/', 'http://itachi-HP-Pavilion-Laptop-15-cc1xx:40469/', 'http://itachi-HP-Pavilion-Laptop-15-cc1xx:37025/', 'http://itachi-HP-Pavilion-Laptop-15-cc1xx:43165/']
[rosmaster.master][INFO] 2019-12-20 00:08:20,348: publisherUpdate[/drone_command] -> http://itachi-HP-Pavilion-Laptop-15-cc1xx:37025/ ['http://itachi-HP-Pavilion-Laptop-15-cc1xx:43165/']
[rosmaster.master][INFO] 2019-12-20 00:08:20,349: publisherUpdate[/rosout] -> http://itachi-HP-Pavilion-Laptop-15-cc1xx:39089/ ['http://itachi-HP-Pavilion-Laptop-15-cc1xx:40633/', 'http://itachi-HP-Pavilion-Laptop-15-cc1xx:40469/', 'http://itachi-HP-Pavilion-Laptop-15-cc1xx:37025/', 'http://itachi-HP-Pavilion-Laptop-15-cc1xx:43165/']: sec=0.00, result=[1, '', 0]
[rosmaster.master][INFO] 2019-12-20 00:08:20,349: publisherUpdate[/drone_command] -> http://itachi-HP-Pavilion-Laptop-15-cc1xx:37025/ ['http://itachi-HP-Pavilion-Laptop-15-cc1xx:43165/']: sec=0.00, result=[1, '', 0]
[rosmaster.master][INFO] 2019-12-20 00:08:25,517: -PUB [/rosout] /drone_teleop http://itachi-HP-Pavilion-Laptop-15-cc1xx:43165/
[rosmaster.master][INFO] 2019-12-20 00:08:25,517: -PUB [/drone_command] /drone_teleop http://itachi-HP-Pavilion-Laptop-15-cc1xx:43165/
[rosmaster.master][INFO] 2019-12-20 00:08:25,517: -SERVICE [/drone_teleop/set_logger_level] /drone_teleop rosrpc://itachi-HP-Pavilion-Laptop-15-cc1xx:38999
[rosmaster.master][INFO] 2019-12-20 00:08:25,518: -SERVICE [/drone_teleop/get_loggers] /drone_teleop rosrpc://itachi-HP-Pavilion-Laptop-15-cc1xx:38999
[rosmaster.master][INFO] 2019-12-20 00:08:25,556: publisherUpdate[/rosout] -> http://itachi-HP-Pavilion-Laptop-15-cc1xx:39089/ ['http://itachi-HP-Pavilion-Laptop-15-cc1xx:40633/', 'http://itachi-HP-Pavilion-Laptop-15-cc1xx:40469/', 'http://itachi-HP-Pavilion-Laptop-15-cc1xx:37025/']
[rosmaster.master][INFO] 2019-12-20 00:08:25,556: publisherUpdate[/drone_command] -> http://itachi-HP-Pavilion-Laptop-15-cc1xx:37025/ []
[rosmaster.master][INFO] 2019-12-20 00:08:25,557: publisherUpdate[/rosout] -> http://itachi-HP-Pavilion-Laptop-15-cc1xx:39089/ ['http://itachi-HP-Pavilion-Laptop-15-cc1xx:40633/', 'http://itachi-HP-Pavilion-Laptop-15-cc1xx:40469/', 'http://itachi-HP-Pavilion-Laptop-15-cc1xx:37025/']: sec=0.00, result=[1, '', 0]
[rosmaster.master][INFO] 2019-12-20 00:08:25,557: publisherUpdate[/drone_command] -> http://itachi-HP-Pavilion-Laptop-15-cc1xx:37025/ []: sec=0.00, result=[1, '', 0]
[rosmaster.master][INFO] 2019-12-20 00:08:26,560: -PUB [/rosout] /edroneclient http://itachi-HP-Pavilion-Laptop-15-cc1xx:37025/
[rosmaster.master][INFO] 2019-12-20 00:08:26,561: -SUB [/drone_command] /edroneclient http://itachi-HP-Pavilion-Laptop-15-cc1xx:37025/
[rosmaster.master][INFO] 2019-12-20 00:08:26,561: -SERVICE [/edroneclient/get_loggers] /edroneclient rosrpc://itachi-HP-Pavilion-Laptop-15-cc1xx:47029
[rosmaster.master][INFO] 2019-12-20 00:08:26,562: -SERVICE [/edroneclient/set_logger_level] /edroneclient rosrpc://itachi-HP-Pavilion-Laptop-15-cc1xx:47029
[rosmaster.master][INFO] 2019-12-20 00:08:26,658: publisherUpdate[/rosout] -> http://itachi-HP-Pavilion-Laptop-15-cc1xx:39089/ ['http://itachi-HP-Pavilion-Laptop-15-cc1xx:40633/', 'http://itachi-HP-Pavilion-Laptop-15-cc1xx:40469/']
[rosmaster.master][INFO] 2019-12-20 00:08:26,659: publisherUpdate[/rosout] -> http://itachi-HP-Pavilion-Laptop-15-cc1xx:39089/ ['http://itachi-HP-Pavilion-Laptop-15-cc1xx:40633/', 'http://itachi-HP-Pavilion-Laptop-15-cc1xx:40469/']: sec=0.00, result=[1, '', 0]
[rosmaster.master][INFO] 2019-12-20 00:08:46,429: -PUB [/rosout] /usb_cam http://itachi-HP-Pavilion-Laptop-15-cc1xx:40633/
[rosmaster.master][INFO] 2019-12-20 00:08:46,430: -PUB [/usb_cam/image_raw/compressedDepth] /usb_cam http://itachi-HP-Pavilion-Laptop-15-cc1xx:40633/
[rosmaster.master][INFO] 2019-12-20 00:08:46,431: -PUB [/usb_cam/image_raw/compressedDepth/parameter_descriptions] /usb_cam http://itachi-HP-Pavilion-Laptop-15-cc1xx:40633/
[rosmaster.master][INFO] 2019-12-20 00:08:46,431: -PUB [/usb_cam/image_raw/compressedDepth/parameter_updates] /usb_cam http://itachi-HP-Pavilion-Laptop-15-cc1xx:40633/
[rosmaster.master][INFO] 2019-12-20 00:08:46,432: -PUB [/usb_cam/image_raw/compressed] /usb_cam http://itachi-HP-Pavilion-Laptop-15-cc1xx:40633/
[rosmaster.master][INFO] 2019-12-20 00:08:46,433: -PUB [/usb_cam/image_raw/compressed/parameter_descriptions] /usb_cam http://itachi-HP-Pavilion-Laptop-15-cc1xx:40633/
[rosmaster.master][INFO] 2019-12-20 00:08:46,433: -PUB [/usb_cam/image_raw/compressed/parameter_updates] /usb_cam http://itachi-HP-Pavilion-Laptop-15-cc1xx:40633/
[rosmaster.master][INFO] 2019-12-20 00:08:46,434: -PUB [/usb_cam/image_raw] /usb_cam http://itachi-HP-Pavilion-Laptop-15-cc1xx:40633/
[rosmaster.master][INFO] 2019-12-20 00:08:46,435: -PUB [/usb_cam/image_raw/theora] /usb_cam http://itachi-HP-Pavilion-Laptop-15-cc1xx:40633/
[rosmaster.master][INFO] 2019-12-20 00:08:46,436: -PUB [/usb_cam/image_raw/theora/parameter_descriptions] /usb_cam http://itachi-HP-Pavilion-Laptop-15-cc1xx:40633/
[rosmaster.master][INFO] 2019-12-20 00:08:46,436: -PUB [/usb_cam/image_raw/theora/parameter_updates] /usb_cam http://itachi-HP-Pavilion-Laptop-15-cc1xx:40633/
[rosmaster.master][INFO] 2019-12-20 00:08:46,437: -PUB [/usb_cam/camera_info] /usb_cam http://itachi-HP-Pavilion-Laptop-15-cc1xx:40633/
[rosmaster.master][INFO] 2019-12-20 00:08:46,437: -SERVICE [/usb_cam/get_loggers] /usb_cam rosrpc://itachi-HP-Pavilion-Laptop-15-cc1xx:46003
[rosmaster.master][INFO] 2019-12-20 00:08:46,438: -SERVICE [/usb_cam/set_logger_level] /usb_cam rosrpc://itachi-HP-Pavilion-Laptop-15-cc1xx:46003
[rosmaster.master][INFO] 2019-12-20 00:08:46,439: -SERVICE [/usb_cam/image_raw/compressedDepth/set_parameters] /usb_cam rosrpc://itachi-HP-Pavilion-Laptop-15-cc1xx:46003
[rosmaster.master][INFO] 2019-12-20 00:08:46,439: -SERVICE [/usb_cam/image_raw/compressed/set_parameters] /usb_cam rosrpc://itachi-HP-Pavilion-Laptop-15-cc1xx:46003
[rosmaster.master][INFO] 2019-12-20 00:08:46,440: -SERVICE [/usb_cam/image_raw/theora/set_parameters] /usb_cam rosrpc://itachi-HP-Pavilion-Laptop-15-cc1xx:46003
[rosmaster.master][INFO] 2019-12-20 00:08:46,441: -SERVICE [/usb_cam/set_camera_info] /usb_cam rosrpc://itachi-HP-Pavilion-Laptop-15-cc1xx:46003
[rosmaster.master][INFO] 2019-12-20 00:08:46,441: -SERVICE [/usb_cam/start_capture] /usb_cam rosrpc://itachi-HP-Pavilion-Laptop-15-cc1xx:46003
[rosmaster.master][INFO] 2019-12-20 00:08:46,442: -SERVICE [/usb_cam/stop_capture] /usb_cam rosrpc://itachi-HP-Pavilion-Laptop-15-cc1xx:46003
[rosmaster.master][INFO] 2019-12-20 00:08:46,491: publisherUpdate[/rosout] -> http://itachi-HP-Pavilion-Laptop-15-cc1xx:39089/ ['http://itachi-HP-Pavilion-Laptop-15-cc1xx:40469/']
[rosmaster.master][INFO] 2019-12-20 00:08:46,491: publisherUpdate[/usb_cam/image_raw] -> http://itachi-HP-Pavilion-Laptop-15-cc1xx:40469/ []
[rosmaster.master][INFO] 2019-12-20 00:08:46,492: publisherUpdate[/rosout] -> http://itachi-HP-Pavilion-Laptop-15-cc1xx:39089/ ['http://itachi-HP-Pavilion-Laptop-15-cc1xx:40469/']: sec=0.00, result=[1, '', 0]
[rosmaster.master][INFO] 2019-12-20 00:08:46,492: publisherUpdate[/usb_cam/image_raw] -> http://itachi-HP-Pavilion-Laptop-15-cc1xx:40469/ []: sec=0.00, result=[0, 'Unknown Error', 0]
[rosmaster.master][INFO] 2019-12-20 00:08:46,593: -PUB [/rosout] /usb_cam_display/image_view http://itachi-HP-Pavilion-Laptop-15-cc1xx:40469/
[rosmaster.master][INFO] 2019-12-20 00:08:46,594: -PUB [/usb_cam_display/image_view/output] /usb_cam_display/image_view http://itachi-HP-Pavilion-Laptop-15-cc1xx:40469/
[rosmaster.master][INFO] 2019-12-20 00:08:46,594: -PUB [/usb_cam_display/image_view/parameter_descriptions] /usb_cam_display/image_view http://itachi-HP-Pavilion-Laptop-15-cc1xx:40469/
[rosmaster.master][INFO] 2019-12-20 00:08:46,595: -PUB [/usb_cam_display/image_view/parameter_updates] /usb_cam_display/image_view http://itachi-HP-Pavilion-Laptop-15-cc1xx:40469/
[rosmaster.master][INFO] 2019-12-20 00:08:46,595: -SUB [/usb_cam/image_raw] /usb_cam_display/image_view http://itachi-HP-Pavilion-Laptop-15-cc1xx:40469/
[rosmaster.master][INFO] 2019-12-20 00:08:46,596: -SERVICE [/usb_cam_display/image_view/get_loggers] /usb_cam_display/image_view rosrpc://itachi-HP-Pavilion-Laptop-15-cc1xx:34751
[rosmaster.master][INFO] 2019-12-20 00:08:46,596: -SERVICE [/usb_cam_display/image_view/set_logger_level] /usb_cam_display/image_view rosrpc://itachi-HP-Pavilion-Laptop-15-cc1xx:34751
[rosmaster.master][INFO] 2019-12-20 00:08:46,597: -SERVICE [/usb_cam_display/image_view/set_parameters] /usb_cam_display/image_view rosrpc://itachi-HP-Pavilion-Laptop-15-cc1xx:34751
[rosmaster.master][INFO] 2019-12-20 00:08:46,692: publisherUpdate[/rosout] -> http://itachi-HP-Pavilion-Laptop-15-cc1xx:39089/ []
[rosmaster.master][INFO] 2019-12-20 00:08:46,696: publisherUpdate[/rosout] -> http://itachi-HP-Pavilion-Laptop-15-cc1xx:39089/ []: sec=0.00, result=[1, '', 0]
[rosmaster.master][INFO] 2019-12-20 00:08:49,000: -PUB [/rosout_agg] /rosout http://itachi-HP-Pavilion-Laptop-15-cc1xx:39089/
[rosmaster.master][INFO] 2019-12-20 00:08:49,001: -SUB [/rosout] /rosout http://itachi-HP-Pavilion-Laptop-15-cc1xx:39089/
[rosmaster.master][INFO] 2019-12-20 00:08:49,001: -SERVICE [/rosout/get_loggers] /rosout rosrpc://itachi-HP-Pavilion-Laptop-15-cc1xx:38789
[rosmaster.master][INFO] 2019-12-20 00:08:49,002: -SERVICE [/rosout/set_logger_level] /rosout rosrpc://itachi-HP-Pavilion-Laptop-15-cc1xx:38789
[rosmaster.main][INFO] 2019-12-20 00:08:49,031: keyboard interrupt, will exit
[rosmaster.main][INFO] 2019-12-20 00:08:49,032: stopping master...
[rospy.core][INFO] 2019-12-20 00:08:49,032: signal_shutdown [atexit]
