[rospy.client][INFO] 2019-11-11 18:52:12,589: init_node, name[/edrone/joint_state_publisher], pid[8155]
[xmlrpc][INFO] 2019-11-11 18:52:12,590: XML-RPC server binding to 0.0.0.0:0
[xmlrpc][INFO] 2019-11-11 18:52:12,590: Started XML-RPC server [http://itachi-HP-Pavilion-Laptop-15-cc1xx:41985/]
[rospy.init][INFO] 2019-11-11 18:52:12,590: ROS Slave URI: [http://itachi-HP-Pavilion-Laptop-15-cc1xx:41985/]
[rospy.impl.masterslave][INFO] 2019-11-11 18:52:12,590: _ready: http://itachi-HP-Pavilion-Laptop-15-cc1xx:41985/
[xmlrpc][INFO] 2019-11-11 18:52:12,591: xml rpc node: starting XML-RPC server
[rospy.registration][INFO] 2019-11-11 18:52:12,591: Registering with master node http://localhost:11311
[rospy.init][INFO] 2019-11-11 18:52:12,690: registered with master
[rospy.rosout][INFO] 2019-11-11 18:52:12,691: initializing /rosout core topic
[rospy.rosout][INFO] 2019-11-11 18:52:12,693: connected to core topic /rosout
[rospy.simtime][INFO] 2019-11-11 18:52:12,694: initializing /clock core topic
[rospy.simtime][INFO] 2019-11-11 18:52:12,697: connected to core topic /clock
[rospy.internal][INFO] 2019-11-11 18:52:12,889: topic[/rosout] adding connection to [/rosout], count 0
[rospy.internal][INFO] 2019-11-11 18:52:12,988: topic[/edrone/joint_states] adding connection to [/edrone/robot_state_publisher], count 0
[rospy.internal][INFO] 2019-11-11 18:52:13,026: topic[/clock] adding connection to [http://itachi-HP-Pavilion-Laptop-15-cc1xx:38181/], count 0
[rospy.core][INFO] 2019-11-11 20:01:17,572: signal_shutdown [signal-2]
[rospy.internal][INFO] 2019-11-11 20:01:17,575: topic[/edrone/joint_states] removing connection to /edrone/robot_state_publisher
[rospy.internal][INFO] 2019-11-11 20:01:17,575: topic[/rosout] removing connection to /rosout
[rospy.internal][INFO] 2019-11-11 20:01:17,575: topic[/clock] removing connection to http://itachi-HP-Pavilion-Laptop-15-cc1xx:38181/
[rospy.impl.masterslave][INFO] 2019-11-11 20:01:17,575: signal-2
[rospy.core][INFO] 2019-11-11 20:01:18,071: signal_shutdown [atexit]
