[rospy.client][INFO] 2020-02-04 22:39:56,800: init_node, name[/monitor], pid[3227]
[xmlrpc][INFO] 2020-02-04 22:39:56,800: XML-RPC server binding to 0.0.0.0:0
[xmlrpc][INFO] 2020-02-04 22:39:56,800: Started XML-RPC server [http://itachi-HP-Pavilion-Laptop-15-cc1xx:33357/]
[rospy.init][INFO] 2020-02-04 22:39:56,800: ROS Slave URI: [http://itachi-HP-Pavilion-Laptop-15-cc1xx:33357/]
[rospy.impl.masterslave][INFO] 2020-02-04 22:39:56,800: _ready: http://itachi-HP-Pavilion-Laptop-15-cc1xx:33357/
[rospy.registration][INFO] 2020-02-04 22:39:56,801: Registering with master node http://localhost:11311
[xmlrpc][INFO] 2020-02-04 22:39:56,801: xml rpc node: starting XML-RPC server
[rospy.init][INFO] 2020-02-04 22:39:56,901: registered with master
[rospy.rosout][INFO] 2020-02-04 22:39:56,901: initializing /rosout core topic
[rospy.rosout][INFO] 2020-02-04 22:39:56,905: connected to core topic /rosout
[rospy.simtime][INFO] 2020-02-04 22:39:56,906: /use_sim_time is not set, will not subscribe to simulated time [/clock] topic
[rospy.internal][INFO] 2020-02-04 22:39:56,967: topic[/whycon/poses] adding connection to [http://itachi-HP-Pavilion-Laptop-15-cc1xx:44711/], count 0
[rospy.internal][INFO] 2020-02-04 22:39:57,189: topic[/rosout] adding connection to [/rosout], count 0
[rospy.internal][INFO] 2020-02-04 22:39:58,434: topic[/detection_info] adding connection to [http://itachi-HP-Pavilion-Laptop-15-cc1xx:46547/], count 0
[rospy.core][INFO] 2020-02-04 22:40:10,637: signal_shutdown [signal-2]
[rospy.internal][WARNING] 2020-02-04 22:40:10,647: Unknown error initiating TCP/IP socket to itachi-HP-Pavilion-Laptop-15-cc1xx:44383 (http://itachi-HP-Pavilion-Laptop-15-cc1xx:46547/): Traceback (most recent call last):
  File "/opt/ros/kinetic/lib/python2.7/dist-packages/rospy/impl/tcpros_base.py", line 557, in connect
    self.read_header()
  File "/opt/ros/kinetic/lib/python2.7/dist-packages/rospy/impl/tcpros_base.py", line 650, in read_header
    self._validate_header(read_ros_handshake_header(sock, self.read_buff, self.protocol.buff_size))
  File "/opt/ros/kinetic/lib/python2.7/dist-packages/rosgraph/network.py", line 364, in read_ros_handshake_header
    raise ROSHandshakeException("connection from sender terminated before handshake header received. %s bytes were received. Please check sender for additional details."%b.tell())
ROSHandshakeException: connection from sender terminated before handshake header received. 0 bytes were received. Please check sender for additional details.

[rospy.internal][INFO] 2020-02-04 22:40:10,648: topic[/detection_info] removing connection to http://itachi-HP-Pavilion-Laptop-15-cc1xx:46547/
[rospy.internal][INFO] 2020-02-04 22:40:10,796: topic[/rosout] removing connection to /rosout
[rospy.internal][INFO] 2020-02-04 22:40:10,796: topic[/whycon/poses] removing connection to http://itachi-HP-Pavilion-Laptop-15-cc1xx:44711/
[rospy.impl.masterslave][INFO] 2020-02-04 22:40:10,797: signal-2
[rospy.internal][WARNING] 2020-02-04 22:40:10,797: Unknown error initiating TCP/IP socket to itachi-HP-Pavilion-Laptop-15-cc1xx:38329 (http://itachi-HP-Pavilion-Laptop-15-cc1xx:44711/): Traceback (most recent call last):
  File "/opt/ros/kinetic/lib/python2.7/dist-packages/rospy/impl/tcpros_base.py", line 557, in connect
    self.read_header()
  File "/opt/ros/kinetic/lib/python2.7/dist-packages/rospy/impl/tcpros_base.py", line 650, in read_header
    self._validate_header(read_ros_handshake_header(sock, self.read_buff, self.protocol.buff_size))
AttributeError: 'NoneType' object has no attribute 'buff_size'

[rospy.core][INFO] 2020-02-04 22:40:10,905: signal_shutdown [atexit]
[rospy.client][INFO] 2020-02-04 22:41:26,801: init_node, name[/monitor], pid[3403]
[xmlrpc][INFO] 2020-02-04 22:41:26,801: XML-RPC server binding to 0.0.0.0:0
[xmlrpc][INFO] 2020-02-04 22:41:26,801: Started XML-RPC server [http://itachi-HP-Pavilion-Laptop-15-cc1xx:34819/]
[rospy.init][INFO] 2020-02-04 22:41:26,801: ROS Slave URI: [http://itachi-HP-Pavilion-Laptop-15-cc1xx:34819/]
[rospy.impl.masterslave][INFO] 2020-02-04 22:41:26,802: _ready: http://itachi-HP-Pavilion-Laptop-15-cc1xx:34819/
[rospy.registration][INFO] 2020-02-04 22:41:26,802: Registering with master node http://localhost:11311
[xmlrpc][INFO] 2020-02-04 22:41:26,802: xml rpc node: starting XML-RPC server
[rospy.init][INFO] 2020-02-04 22:41:26,902: registered with master
[rospy.rosout][INFO] 2020-02-04 22:41:26,902: initializing /rosout core topic
[rospy.rosout][INFO] 2020-02-04 22:41:26,910: connected to core topic /rosout
[rospy.simtime][INFO] 2020-02-04 22:41:26,912: /use_sim_time is not set, will not subscribe to simulated time [/clock] topic
[rospy.internal][INFO] 2020-02-04 22:41:26,969: topic[/whycon/poses] adding connection to [http://itachi-HP-Pavilion-Laptop-15-cc1xx:44711/], count 0
[rospy.internal][INFO] 2020-02-04 22:41:27,087: topic[/detection_info] adding connection to [http://itachi-HP-Pavilion-Laptop-15-cc1xx:33397/], count 0
[rospy.internal][INFO] 2020-02-04 22:41:27,164: topic[/rosout] adding connection to [/rosout], count 0
[rospy.core][INFO] 2020-02-04 22:41:38,190: signal_shutdown [signal-2]
[rospy.internal][ERROR] 2020-02-04 22:41:38,197: Unable to initiate TCP/IP socket to itachi-HP-Pavilion-Laptop-15-cc1xx:44897 (http://itachi-HP-Pavilion-Laptop-15-cc1xx:33397/): Traceback (most recent call last):
  File "/opt/ros/kinetic/lib/python2.7/dist-packages/rospy/impl/tcpros_base.py", line 557, in connect
    self.read_header()
  File "/opt/ros/kinetic/lib/python2.7/dist-packages/rospy/impl/tcpros_base.py", line 650, in read_header
    self._validate_header(read_ros_handshake_header(sock, self.read_buff, self.protocol.buff_size))
  File "/opt/ros/kinetic/lib/python2.7/dist-packages/rospy/impl/tcpros_base.py", line 593, in _validate_header
    raise TransportInitError("remote error reported: %s"%header['error'])
TransportInitError: remote error reported: node shutting down

[rospy.internal][INFO] 2020-02-04 22:41:38,353: topic[/rosout] removing connection to /rosout
[rospy.internal][INFO] 2020-02-04 22:41:38,354: topic[/whycon/poses] removing connection to http://itachi-HP-Pavilion-Laptop-15-cc1xx:44711/
[rospy.internal][INFO] 2020-02-04 22:41:38,354: topic[/detection_info] removing connection to http://itachi-HP-Pavilion-Laptop-15-cc1xx:33397/
[rospy.impl.masterslave][INFO] 2020-02-04 22:41:38,354: signal-2
[rospy.core][INFO] 2020-02-04 22:41:38,462: signal_shutdown [atexit]
[rospy.client][INFO] 2020-02-04 22:42:07,778: init_node, name[/monitor], pid[3530]
[xmlrpc][INFO] 2020-02-04 22:42:07,779: XML-RPC server binding to 0.0.0.0:0
[xmlrpc][INFO] 2020-02-04 22:42:07,779: Started XML-RPC server [http://itachi-HP-Pavilion-Laptop-15-cc1xx:46511/]
[rospy.init][INFO] 2020-02-04 22:42:07,779: ROS Slave URI: [http://itachi-HP-Pavilion-Laptop-15-cc1xx:46511/]
[rospy.impl.masterslave][INFO] 2020-02-04 22:42:07,779: _ready: http://itachi-HP-Pavilion-Laptop-15-cc1xx:46511/
[rospy.registration][INFO] 2020-02-04 22:42:07,780: Registering with master node http://localhost:11311
[xmlrpc][INFO] 2020-02-04 22:42:07,780: xml rpc node: starting XML-RPC server
[rospy.init][INFO] 2020-02-04 22:42:07,880: registered with master
[rospy.rosout][INFO] 2020-02-04 22:42:07,880: initializing /rosout core topic
[rospy.rosout][INFO] 2020-02-04 22:42:07,884: connected to core topic /rosout
[rospy.simtime][INFO] 2020-02-04 22:42:07,885: /use_sim_time is not set, will not subscribe to simulated time [/clock] topic
[rospy.internal][INFO] 2020-02-04 22:42:07,951: topic[/whycon/poses] adding connection to [http://itachi-HP-Pavilion-Laptop-15-cc1xx:44711/], count 0
[rospy.internal][INFO] 2020-02-04 22:42:08,169: topic[/detection_info] adding connection to [http://itachi-HP-Pavilion-Laptop-15-cc1xx:45525/], count 0
[rospy.internal][INFO] 2020-02-04 22:42:08,178: topic[/rosout] adding connection to [/rosout], count 0
[rospy.core][INFO] 2020-02-04 22:42:22,518: signal_shutdown [signal-2]
[rospy.internal][ERROR] 2020-02-04 22:42:22,521: Unable to initiate TCP/IP socket to itachi-HP-Pavilion-Laptop-15-cc1xx:37615 (http://itachi-HP-Pavilion-Laptop-15-cc1xx:45525/): Traceback (most recent call last):
  File "/opt/ros/kinetic/lib/python2.7/dist-packages/rospy/impl/tcpros_base.py", line 557, in connect
    self.read_header()
  File "/opt/ros/kinetic/lib/python2.7/dist-packages/rospy/impl/tcpros_base.py", line 650, in read_header
    self._validate_header(read_ros_handshake_header(sock, self.read_buff, self.protocol.buff_size))
  File "/opt/ros/kinetic/lib/python2.7/dist-packages/rospy/impl/tcpros_base.py", line 593, in _validate_header
    raise TransportInitError("remote error reported: %s"%header['error'])
TransportInitError: remote error reported: node shutting down

[rospy.internal][INFO] 2020-02-04 22:42:22,678: topic[/rosout] removing connection to /rosout
[rospy.internal][INFO] 2020-02-04 22:42:22,678: topic[/whycon/poses] removing connection to http://itachi-HP-Pavilion-Laptop-15-cc1xx:44711/
[rospy.internal][INFO] 2020-02-04 22:42:22,679: topic[/detection_info] removing connection to http://itachi-HP-Pavilion-Laptop-15-cc1xx:45525/
[rospy.impl.masterslave][INFO] 2020-02-04 22:42:22,679: signal-2
[rospy.core][INFO] 2020-02-04 22:42:23,296: signal_shutdown [atexit]
[rospy.client][INFO] 2020-02-04 22:45:39,425: init_node, name[/monitor], pid[3767]
[xmlrpc][INFO] 2020-02-04 22:45:39,426: XML-RPC server binding to 0.0.0.0:0
[xmlrpc][INFO] 2020-02-04 22:45:39,427: Started XML-RPC server [http://itachi-HP-Pavilion-Laptop-15-cc1xx:35257/]
[rospy.init][INFO] 2020-02-04 22:45:39,427: ROS Slave URI: [http://itachi-HP-Pavilion-Laptop-15-cc1xx:35257/]
[rospy.impl.masterslave][INFO] 2020-02-04 22:45:39,428: _ready: http://itachi-HP-Pavilion-Laptop-15-cc1xx:35257/
[rospy.registration][INFO] 2020-02-04 22:45:39,429: Registering with master node http://localhost:11311
[xmlrpc][INFO] 2020-02-04 22:45:39,429: xml rpc node: starting XML-RPC server
[rospy.init][INFO] 2020-02-04 22:45:39,528: registered with master
[rospy.rosout][INFO] 2020-02-04 22:45:39,529: initializing /rosout core topic
[rospy.rosout][INFO] 2020-02-04 22:45:39,534: connected to core topic /rosout
[rospy.simtime][INFO] 2020-02-04 22:45:39,535: /use_sim_time is not set, will not subscribe to simulated time [/clock] topic
[rospy.internal][INFO] 2020-02-04 22:45:39,607: topic[/whycon/poses] adding connection to [http://itachi-HP-Pavilion-Laptop-15-cc1xx:44711/], count 0
[rospy.internal][INFO] 2020-02-04 22:45:39,722: topic[/detection_info] adding connection to [http://itachi-HP-Pavilion-Laptop-15-cc1xx:41075/], count 0
[rospy.internal][INFO] 2020-02-04 22:45:39,778: topic[/rosout] adding connection to [/rosout], count 0
[rospy.core][INFO] 2020-02-04 22:46:06,156: signal_shutdown [signal-2]
[rospy.internal][ERROR] 2020-02-04 22:46:06,161: Unable to initiate TCP/IP socket to itachi-HP-Pavilion-Laptop-15-cc1xx:40967 (http://itachi-HP-Pavilion-Laptop-15-cc1xx:41075/): Traceback (most recent call last):
  File "/opt/ros/kinetic/lib/python2.7/dist-packages/rospy/impl/tcpros_base.py", line 557, in connect
    self.read_header()
  File "/opt/ros/kinetic/lib/python2.7/dist-packages/rospy/impl/tcpros_base.py", line 650, in read_header
    self._validate_header(read_ros_handshake_header(sock, self.read_buff, self.protocol.buff_size))
  File "/opt/ros/kinetic/lib/python2.7/dist-packages/rospy/impl/tcpros_base.py", line 593, in _validate_header
    raise TransportInitError("remote error reported: %s"%header['error'])
TransportInitError: remote error reported: node shutting down

[rospy.internal][INFO] 2020-02-04 22:46:06,317: topic[/rosout] removing connection to /rosout
[rospy.internal][INFO] 2020-02-04 22:46:06,317: topic[/whycon/poses] removing connection to http://itachi-HP-Pavilion-Laptop-15-cc1xx:44711/
[rospy.internal][INFO] 2020-02-04 22:46:06,318: topic[/detection_info] removing connection to http://itachi-HP-Pavilion-Laptop-15-cc1xx:41075/
[rospy.impl.masterslave][INFO] 2020-02-04 22:46:06,318: signal-2
[rospy.core][INFO] 2020-02-04 22:46:06,482: signal_shutdown [atexit]
[rospy.client][INFO] 2020-02-04 22:50:04,623: init_node, name[/monitor], pid[4518]
[xmlrpc][INFO] 2020-02-04 22:50:04,624: XML-RPC server binding to 0.0.0.0:0
[xmlrpc][INFO] 2020-02-04 22:50:04,624: Started XML-RPC server [http://itachi-HP-Pavilion-Laptop-15-cc1xx:32845/]
[rospy.init][INFO] 2020-02-04 22:50:04,624: ROS Slave URI: [http://itachi-HP-Pavilion-Laptop-15-cc1xx:32845/]
[rospy.impl.masterslave][INFO] 2020-02-04 22:50:04,625: _ready: http://itachi-HP-Pavilion-Laptop-15-cc1xx:32845/
[rospy.registration][INFO] 2020-02-04 22:50:04,625: Registering with master node http://localhost:11311
[xmlrpc][INFO] 2020-02-04 22:50:04,626: xml rpc node: starting XML-RPC server
[rospy.init][INFO] 2020-02-04 22:50:04,725: registered with master
[rospy.rosout][INFO] 2020-02-04 22:50:04,725: initializing /rosout core topic
[rospy.rosout][INFO] 2020-02-04 22:50:04,729: connected to core topic /rosout
[rospy.simtime][INFO] 2020-02-04 22:50:04,730: /use_sim_time is not set, will not subscribe to simulated time [/clock] topic
[rospy.internal][INFO] 2020-02-04 22:50:04,791: topic[/whycon/poses] adding connection to [http://itachi-HP-Pavilion-Laptop-15-cc1xx:44711/], count 0
[rospy.internal][INFO] 2020-02-04 22:50:04,961: topic[/rosout] adding connection to [/rosout], count 0
[rospy.core][INFO] 2020-02-04 22:50:59,032: signal_shutdown [signal-2]
[rospy.internal][INFO] 2020-02-04 22:50:59,198: topic[/rosout] removing connection to /rosout
[rospy.internal][INFO] 2020-02-04 22:50:59,199: topic[/whycon/poses] removing connection to http://itachi-HP-Pavilion-Laptop-15-cc1xx:44711/
[rospy.impl.masterslave][INFO] 2020-02-04 22:50:59,199: signal-2
[rospy.core][INFO] 2020-02-04 22:50:59,363: signal_shutdown [atexit]
[rospy.client][INFO] 2020-02-04 22:51:22,257: init_node, name[/monitor], pid[4862]
[xmlrpc][INFO] 2020-02-04 22:51:22,258: XML-RPC server binding to 0.0.0.0:0
[xmlrpc][INFO] 2020-02-04 22:51:22,259: Started XML-RPC server [http://itachi-HP-Pavilion-Laptop-15-cc1xx:41063/]
[rospy.init][INFO] 2020-02-04 22:51:22,260: ROS Slave URI: [http://itachi-HP-Pavilion-Laptop-15-cc1xx:41063/]
[rospy.impl.masterslave][INFO] 2020-02-04 22:51:22,260: _ready: http://itachi-HP-Pavilion-Laptop-15-cc1xx:41063/
[xmlrpc][INFO] 2020-02-04 22:51:22,261: xml rpc node: starting XML-RPC server
[rospy.registration][INFO] 2020-02-04 22:51:22,261: Registering with master node http://localhost:11311
[rospy.init][INFO] 2020-02-04 22:51:22,361: registered with master
[rospy.rosout][INFO] 2020-02-04 22:51:22,361: initializing /rosout core topic
[rospy.rosout][INFO] 2020-02-04 22:51:22,364: connected to core topic /rosout
[rospy.simtime][INFO] 2020-02-04 22:51:22,365: /use_sim_time is not set, will not subscribe to simulated time [/clock] topic
[rospy.internal][INFO] 2020-02-04 22:51:22,427: topic[/whycon/poses] adding connection to [http://itachi-HP-Pavilion-Laptop-15-cc1xx:44711/], count 0
[rospy.internal][INFO] 2020-02-04 22:51:22,543: topic[/detection_info] adding connection to [http://itachi-HP-Pavilion-Laptop-15-cc1xx:44371/], count 0
[rospy.internal][INFO] 2020-02-04 22:51:22,603: topic[/rosout] adding connection to [/rosout], count 0
[rospy.core][INFO] 2020-02-04 22:52:36,818: signal_shutdown [signal-2]
[rospy.internal][ERROR] 2020-02-04 22:52:36,826: Unable to initiate TCP/IP socket to itachi-HP-Pavilion-Laptop-15-cc1xx:36591 (http://itachi-HP-Pavilion-Laptop-15-cc1xx:44371/): Traceback (most recent call last):
  File "/opt/ros/kinetic/lib/python2.7/dist-packages/rospy/impl/tcpros_base.py", line 557, in connect
    self.read_header()
  File "/opt/ros/kinetic/lib/python2.7/dist-packages/rospy/impl/tcpros_base.py", line 650, in read_header
    self._validate_header(read_ros_handshake_header(sock, self.read_buff, self.protocol.buff_size))
  File "/opt/ros/kinetic/lib/python2.7/dist-packages/rospy/impl/tcpros_base.py", line 593, in _validate_header
    raise TransportInitError("remote error reported: %s"%header['error'])
TransportInitError: remote error reported: node shutting down

[rospy.internal][INFO] 2020-02-04 22:52:36,970: topic[/rosout] removing connection to /rosout
[rospy.internal][INFO] 2020-02-04 22:52:36,970: topic[/whycon/poses] removing connection to http://itachi-HP-Pavilion-Laptop-15-cc1xx:44711/
[rospy.internal][INFO] 2020-02-04 22:52:36,970: topic[/detection_info] removing connection to http://itachi-HP-Pavilion-Laptop-15-cc1xx:44371/
[rospy.impl.masterslave][INFO] 2020-02-04 22:52:36,971: signal-2
[rospy.core][INFO] 2020-02-04 22:52:37,135: signal_shutdown [atexit]
[rospy.client][INFO] 2020-02-04 23:03:24,093: init_node, name[/monitor], pid[6037]
[xmlrpc][INFO] 2020-02-04 23:03:24,093: XML-RPC server binding to 0.0.0.0:0
[xmlrpc][INFO] 2020-02-04 23:03:24,094: Started XML-RPC server [http://itachi-HP-Pavilion-Laptop-15-cc1xx:44569/]
[rospy.impl.masterslave][INFO] 2020-02-04 23:03:24,094: _ready: http://itachi-HP-Pavilion-Laptop-15-cc1xx:44569/
[rospy.registration][INFO] 2020-02-04 23:03:24,097: Registering with master node http://localhost:11311
[rospy.init][INFO] 2020-02-04 23:03:24,096: ROS Slave URI: [http://itachi-HP-Pavilion-Laptop-15-cc1xx:44569/]
[xmlrpc][INFO] 2020-02-04 23:03:24,097: xml rpc node: starting XML-RPC server
[rospy.init][INFO] 2020-02-04 23:03:24,097: registered with master
[rospy.rosout][INFO] 2020-02-04 23:03:24,097: initializing /rosout core topic
[rospy.rosout][INFO] 2020-02-04 23:03:24,101: connected to core topic /rosout
[rospy.simtime][INFO] 2020-02-04 23:03:24,102: /use_sim_time is not set, will not subscribe to simulated time [/clock] topic
[rospy.internal][INFO] 2020-02-04 23:03:24,215: topic[/whycon/poses] adding connection to [http://itachi-HP-Pavilion-Laptop-15-cc1xx:44711/], count 0
[rospy.internal][INFO] 2020-02-04 23:03:24,320: topic[/rosout] adding connection to [/rosout], count 0
[rospy.internal][INFO] 2020-02-04 23:03:24,432: topic[/detection_info] adding connection to [http://itachi-HP-Pavilion-Laptop-15-cc1xx:44545/], count 0
[rospy.core][INFO] 2020-02-04 23:03:37,923: signal_shutdown [signal-2]
[rospy.internal][ERROR] 2020-02-04 23:03:37,926: Unable to initiate TCP/IP socket to itachi-HP-Pavilion-Laptop-15-cc1xx:38953 (http://itachi-HP-Pavilion-Laptop-15-cc1xx:44545/): Traceback (most recent call last):
  File "/opt/ros/kinetic/lib/python2.7/dist-packages/rospy/impl/tcpros_base.py", line 557, in connect
    self.read_header()
  File "/opt/ros/kinetic/lib/python2.7/dist-packages/rospy/impl/tcpros_base.py", line 650, in read_header
    self._validate_header(read_ros_handshake_header(sock, self.read_buff, self.protocol.buff_size))
  File "/opt/ros/kinetic/lib/python2.7/dist-packages/rospy/impl/tcpros_base.py", line 593, in _validate_header
    raise TransportInitError("remote error reported: %s"%header['error'])
TransportInitError: remote error reported: node shutting down

[rospy.internal][INFO] 2020-02-04 23:03:38,075: topic[/rosout] removing connection to /rosout
[rospy.internal][INFO] 2020-02-04 23:03:38,076: topic[/whycon/poses] removing connection to http://itachi-HP-Pavilion-Laptop-15-cc1xx:44711/
[rospy.internal][INFO] 2020-02-04 23:03:38,076: topic[/detection_info] removing connection to http://itachi-HP-Pavilion-Laptop-15-cc1xx:44545/
[rospy.impl.masterslave][INFO] 2020-02-04 23:03:38,077: signal-2
[rospy.core][INFO] 2020-02-04 23:03:38,210: signal_shutdown [atexit]
[rospy.client][INFO] 2020-02-04 23:05:26,885: init_node, name[/monitor], pid[6175]
[xmlrpc][INFO] 2020-02-04 23:05:26,886: XML-RPC server binding to 0.0.0.0:0
[xmlrpc][INFO] 2020-02-04 23:05:26,886: Started XML-RPC server [http://itachi-HP-Pavilion-Laptop-15-cc1xx:34203/]
[rospy.init][INFO] 2020-02-04 23:05:26,886: ROS Slave URI: [http://itachi-HP-Pavilion-Laptop-15-cc1xx:34203/]
[rospy.impl.masterslave][INFO] 2020-02-04 23:05:26,886: _ready: http://itachi-HP-Pavilion-Laptop-15-cc1xx:34203/
[rospy.registration][INFO] 2020-02-04 23:05:26,887: Registering with master node http://localhost:11311
[xmlrpc][INFO] 2020-02-04 23:05:26,887: xml rpc node: starting XML-RPC server
[rospy.init][INFO] 2020-02-04 23:05:26,986: registered with master
[rospy.rosout][INFO] 2020-02-04 23:05:26,987: initializing /rosout core topic
[rospy.rosout][INFO] 2020-02-04 23:05:26,990: connected to core topic /rosout
[rospy.simtime][INFO] 2020-02-04 23:05:26,991: /use_sim_time is not set, will not subscribe to simulated time [/clock] topic
[rospy.internal][INFO] 2020-02-04 23:05:27,053: topic[/whycon/poses] adding connection to [http://itachi-HP-Pavilion-Laptop-15-cc1xx:44711/], count 0
[rospy.internal][INFO] 2020-02-04 23:05:27,222: topic[/rosout] adding connection to [/rosout], count 0
[rospy.internal][INFO] 2020-02-04 23:05:27,228: topic[/detection_info] adding connection to [http://itachi-HP-Pavilion-Laptop-15-cc1xx:34501/], count 0
[rospy.core][INFO] 2020-02-04 23:05:34,075: signal_shutdown [signal-2]
[rospy.internal][WARNING] 2020-02-04 23:05:34,082: Unknown error initiating TCP/IP socket to itachi-HP-Pavilion-Laptop-15-cc1xx:38049 (http://itachi-HP-Pavilion-Laptop-15-cc1xx:34501/): Traceback (most recent call last):
  File "/opt/ros/kinetic/lib/python2.7/dist-packages/rospy/impl/tcpros_base.py", line 557, in connect
    self.read_header()
  File "/opt/ros/kinetic/lib/python2.7/dist-packages/rospy/impl/tcpros_base.py", line 650, in read_header
    self._validate_header(read_ros_handshake_header(sock, self.read_buff, self.protocol.buff_size))
  File "/opt/ros/kinetic/lib/python2.7/dist-packages/rosgraph/network.py", line 362, in read_ros_handshake_header
    d = sock.recv(buff_size)
error: [Errno 104] Connection reset by peer

[rospy.internal][INFO] 2020-02-04 23:05:34,082: topic[/detection_info] removing connection to http://itachi-HP-Pavilion-Laptop-15-cc1xx:34501/
[rospy.internal][INFO] 2020-02-04 23:05:34,257: topic[/rosout] removing connection to /rosout
[rospy.internal][INFO] 2020-02-04 23:05:34,258: topic[/whycon/poses] removing connection to http://itachi-HP-Pavilion-Laptop-15-cc1xx:44711/
[rospy.internal][WARNING] 2020-02-04 23:05:34,258: Unknown error initiating TCP/IP socket to itachi-HP-Pavilion-Laptop-15-cc1xx:38329 (http://itachi-HP-Pavilion-Laptop-15-cc1xx:44711/): Traceback (most recent call last):
  File "/opt/ros/kinetic/lib/python2.7/dist-packages/rospy/impl/tcpros_base.py", line 557, in connect
    self.read_header()
  File "/opt/ros/kinetic/lib/python2.7/dist-packages/rospy/impl/tcpros_base.py", line 650, in read_header
    self._validate_header(read_ros_handshake_header(sock, self.read_buff, self.protocol.buff_size))
AttributeError: 'NoneType' object has no attribute 'buff_size'

[rospy.topics][ERROR] 2020-02-04 23:05:34,258: Traceback (most recent call last):
  File "/opt/ros/kinetic/lib/python2.7/dist-packages/rospy/topics.py", line 326, in close
    c.close()
  File "/opt/ros/kinetic/lib/python2.7/dist-packages/rospy/impl/tcpros_base.py", line 838, in close
    self.socket.close()
AttributeError: 'NoneType' object has no attribute 'close'

[rospy.impl.masterslave][INFO] 2020-02-04 23:05:34,259: signal-2
[rospy.core][INFO] 2020-02-04 23:05:34,362: signal_shutdown [atexit]
[rospy.client][INFO] 2020-02-04 23:06:37,613: init_node, name[/monitor], pid[6312]
[xmlrpc][INFO] 2020-02-04 23:06:37,613: XML-RPC server binding to 0.0.0.0:0
[xmlrpc][INFO] 2020-02-04 23:06:37,614: Started XML-RPC server [http://itachi-HP-Pavilion-Laptop-15-cc1xx:41343/]
[rospy.init][INFO] 2020-02-04 23:06:37,614: ROS Slave URI: [http://itachi-HP-Pavilion-Laptop-15-cc1xx:41343/]
[rospy.impl.masterslave][INFO] 2020-02-04 23:06:37,614: _ready: http://itachi-HP-Pavilion-Laptop-15-cc1xx:41343/
[rospy.registration][INFO] 2020-02-04 23:06:37,615: Registering with master node http://localhost:11311
[xmlrpc][INFO] 2020-02-04 23:06:37,615: xml rpc node: starting XML-RPC server
[rospy.init][INFO] 2020-02-04 23:06:37,715: registered with master
[rospy.rosout][INFO] 2020-02-04 23:06:37,715: initializing /rosout core topic
[rospy.rosout][INFO] 2020-02-04 23:06:37,719: connected to core topic /rosout
[rospy.simtime][INFO] 2020-02-04 23:06:37,720: /use_sim_time is not set, will not subscribe to simulated time [/clock] topic
[rospy.internal][INFO] 2020-02-04 23:06:37,783: topic[/whycon/poses] adding connection to [http://itachi-HP-Pavilion-Laptop-15-cc1xx:44711/], count 0
[rospy.internal][INFO] 2020-02-04 23:06:37,959: topic[/rosout] adding connection to [/rosout], count 0
[rospy.core][INFO] 2020-02-04 23:07:01,295: signal_shutdown [signal-2]
[rospy.internal][INFO] 2020-02-04 23:07:01,447: topic[/rosout] removing connection to /rosout
[rospy.internal][INFO] 2020-02-04 23:07:01,447: topic[/whycon/poses] removing connection to http://itachi-HP-Pavilion-Laptop-15-cc1xx:44711/
[rospy.impl.masterslave][INFO] 2020-02-04 23:07:01,448: signal-2
[rospy.core][INFO] 2020-02-04 23:07:01,563: signal_shutdown [atexit]
[rospy.client][INFO] 2020-02-04 23:07:20,058: init_node, name[/monitor], pid[6418]
[xmlrpc][INFO] 2020-02-04 23:07:20,058: XML-RPC server binding to 0.0.0.0:0
[xmlrpc][INFO] 2020-02-04 23:07:20,058: Started XML-RPC server [http://itachi-HP-Pavilion-Laptop-15-cc1xx:37003/]
[rospy.init][INFO] 2020-02-04 23:07:20,058: ROS Slave URI: [http://itachi-HP-Pavilion-Laptop-15-cc1xx:37003/]
[rospy.impl.masterslave][INFO] 2020-02-04 23:07:20,059: _ready: http://itachi-HP-Pavilion-Laptop-15-cc1xx:37003/
[rospy.registration][INFO] 2020-02-04 23:07:20,059: Registering with master node http://localhost:11311
[xmlrpc][INFO] 2020-02-04 23:07:20,059: xml rpc node: starting XML-RPC server
[rospy.init][INFO] 2020-02-04 23:07:20,159: registered with master
[rospy.rosout][INFO] 2020-02-04 23:07:20,159: initializing /rosout core topic
[rospy.rosout][INFO] 2020-02-04 23:07:20,163: connected to core topic /rosout
[rospy.simtime][INFO] 2020-02-04 23:07:20,165: /use_sim_time is not set, will not subscribe to simulated time [/clock] topic
[rospy.internal][INFO] 2020-02-04 23:07:20,225: topic[/whycon/poses] adding connection to [http://itachi-HP-Pavilion-Laptop-15-cc1xx:44711/], count 0
[rospy.internal][INFO] 2020-02-04 23:07:20,382: topic[/rosout] adding connection to [/rosout], count 0
[rospy.core][INFO] 2020-02-04 23:07:39,270: signal_shutdown [signal-2]
[rospy.internal][INFO] 2020-02-04 23:07:39,431: topic[/rosout] removing connection to /rosout
[rospy.internal][INFO] 2020-02-04 23:07:39,432: topic[/whycon/poses] removing connection to http://itachi-HP-Pavilion-Laptop-15-cc1xx:44711/
[rospy.impl.masterslave][INFO] 2020-02-04 23:07:39,432: signal-2
[rospy.core][INFO] 2020-02-04 23:07:39,565: signal_shutdown [atexit]
[rospy.client][INFO] 2020-02-04 23:09:51,189: init_node, name[/monitor], pid[6744]
[xmlrpc][INFO] 2020-02-04 23:09:51,190: XML-RPC server binding to 0.0.0.0:0
[xmlrpc][INFO] 2020-02-04 23:09:51,190: Started XML-RPC server [http://itachi-HP-Pavilion-Laptop-15-cc1xx:33157/]
[rospy.init][INFO] 2020-02-04 23:09:51,190: ROS Slave URI: [http://itachi-HP-Pavilion-Laptop-15-cc1xx:33157/]
[rospy.impl.masterslave][INFO] 2020-02-04 23:09:51,190: _ready: http://itachi-HP-Pavilion-Laptop-15-cc1xx:33157/
[rospy.registration][INFO] 2020-02-04 23:09:51,192: Registering with master node http://localhost:11311
[xmlrpc][INFO] 2020-02-04 23:09:51,192: xml rpc node: starting XML-RPC server
[rospy.init][INFO] 2020-02-04 23:09:51,291: registered with master
[rospy.rosout][INFO] 2020-02-04 23:09:51,291: initializing /rosout core topic
[rospy.rosout][INFO] 2020-02-04 23:09:51,294: connected to core topic /rosout
[rospy.simtime][INFO] 2020-02-04 23:09:51,296: /use_sim_time is not set, will not subscribe to simulated time [/clock] topic
[rospy.internal][INFO] 2020-02-04 23:09:51,365: topic[/whycon/poses] adding connection to [http://itachi-HP-Pavilion-Laptop-15-cc1xx:44711/], count 0
[rospy.internal][INFO] 2020-02-04 23:09:51,431: topic[/detection_info] adding connection to [http://itachi-HP-Pavilion-Laptop-15-cc1xx:35529/], count 0
[rospy.internal][INFO] 2020-02-04 23:09:51,524: topic[/rosout] adding connection to [/rosout], count 0
[rospy.core][INFO] 2020-02-04 23:10:09,983: signal_shutdown [signal-2]
[rospy.internal][ERROR] 2020-02-04 23:10:09,990: Unable to initiate TCP/IP socket to itachi-HP-Pavilion-Laptop-15-cc1xx:39103 (http://itachi-HP-Pavilion-Laptop-15-cc1xx:35529/): Traceback (most recent call last):
  File "/opt/ros/kinetic/lib/python2.7/dist-packages/rospy/impl/tcpros_base.py", line 557, in connect
    self.read_header()
  File "/opt/ros/kinetic/lib/python2.7/dist-packages/rospy/impl/tcpros_base.py", line 650, in read_header
    self._validate_header(read_ros_handshake_header(sock, self.read_buff, self.protocol.buff_size))
  File "/opt/ros/kinetic/lib/python2.7/dist-packages/rospy/impl/tcpros_base.py", line 593, in _validate_header
    raise TransportInitError("remote error reported: %s"%header['error'])
TransportInitError: remote error reported: node shutting down

[rospy.internal][INFO] 2020-02-04 23:10:10,142: topic[/rosout] removing connection to /rosout
[rospy.internal][INFO] 2020-02-04 23:10:10,142: topic[/whycon/poses] removing connection to http://itachi-HP-Pavilion-Laptop-15-cc1xx:44711/
[rospy.internal][INFO] 2020-02-04 23:10:10,143: topic[/detection_info] removing connection to http://itachi-HP-Pavilion-Laptop-15-cc1xx:35529/
[rospy.impl.masterslave][INFO] 2020-02-04 23:10:10,143: signal-2
[rospy.core][INFO] 2020-02-04 23:10:10,260: signal_shutdown [atexit]
