[rospy.client][INFO] 2020-02-26 21:41:49,264: init_node, name[/scheduler], pid[7872]
[xmlrpc][INFO] 2020-02-26 21:41:49,264: XML-RPC server binding to 0.0.0.0:0
[xmlrpc][INFO] 2020-02-26 21:41:49,265: Started XML-RPC server [http://itachi-HP-Pavilion-Laptop-15-cc1xx:36047/]
[rospy.init][INFO] 2020-02-26 21:41:49,265: ROS Slave URI: [http://itachi-HP-Pavilion-Laptop-15-cc1xx:36047/]
[rospy.impl.masterslave][INFO] 2020-02-26 21:41:49,265: _ready: http://itachi-HP-Pavilion-Laptop-15-cc1xx:36047/
[rospy.registration][INFO] 2020-02-26 21:41:49,265: Registering with master node http://localhost:11311
[xmlrpc][INFO] 2020-02-26 21:41:49,265: xml rpc node: starting XML-RPC server
[rospy.registration][INFO] 2020-02-26 21:41:49,265: Registering publisher topic [/decision_info] type [survey_and_rescue/SRInfo] with master
[rospy.registration][INFO] 2020-02-26 21:41:49,268: registering subscriber topic [/serviced_info] type [survey_and_rescue/SRInfo] with master
[rospy.registration][INFO] 2020-02-26 21:41:49,269: registering subscriber topic [/detection_info] type [survey_and_rescue/SRInfo] with master
[rospy.internal][INFO] 2020-02-26 21:41:49,272: topic[/serviced_info] adding connection to [http://itachi-HP-Pavilion-Laptop-15-cc1xx:40015/], count 0
[rospy.internal][INFO] 2020-02-26 21:41:49,358: topic[/decision_info] adding connection to [/monitor_org_config], count 0
[rospy.init][INFO] 2020-02-26 21:41:49,365: registered with master
[rospy.rosout][INFO] 2020-02-26 21:41:49,366: initializing /rosout core topic
[rospy.rosout][INFO] 2020-02-26 21:41:49,369: connected to core topic /rosout
[rospy.simtime][INFO] 2020-02-26 21:41:49,370: /use_sim_time is not set, will not subscribe to simulated time [/clock] topic
[rospy.internal][INFO] 2020-02-26 21:41:49,439: topic[/detection_info] adding connection to [http://itachi-HP-Pavilion-Laptop-15-cc1xx:35271/], count 0
[rospy.internal][INFO] 2020-02-26 21:41:49,617: topic[/rosout] adding connection to [/rosout], count 0
[rospy.internal][ERROR] 2020-02-26 21:44:54,462: Unable to initiate TCP/IP socket to itachi-HP-Pavilion-Laptop-15-cc1xx:33305 (http://itachi-HP-Pavilion-Laptop-15-cc1xx:40015/): Traceback (most recent call last):
  File "/opt/ros/kinetic/lib/python2.7/dist-packages/rospy/impl/tcpros_base.py", line 557, in connect
    self.read_header()
  File "/opt/ros/kinetic/lib/python2.7/dist-packages/rospy/impl/tcpros_base.py", line 650, in read_header
    self._validate_header(read_ros_handshake_header(sock, self.read_buff, self.protocol.buff_size))
  File "/opt/ros/kinetic/lib/python2.7/dist-packages/rospy/impl/tcpros_base.py", line 593, in _validate_header
    raise TransportInitError("remote error reported: %s"%header['error'])
TransportInitError: remote error reported: node shutting down

[rospy.internal][INFO] 2020-02-26 21:44:54,466: topic[/decision_info] adding connection to [/monitor_org_config], count 1
[rospy.internal][INFO] 2020-02-26 21:44:54,467: topic[/decision_info] removing connection to /monitor_org_config
[rospy.internal][INFO] 2020-02-26 21:44:54,543: topic[/decision_info] removing connection to /monitor_org_config
[rospy.internal][WARNING] 2020-02-26 21:44:55,465: Unknown error initiating TCP/IP socket to itachi-HP-Pavilion-Laptop-15-cc1xx:33305 (http://itachi-HP-Pavilion-Laptop-15-cc1xx:40015/): Traceback (most recent call last):
  File "/opt/ros/kinetic/lib/python2.7/dist-packages/rospy/impl/tcpros_base.py", line 555, in connect
    self.socket.connect((dest_addr, dest_port))
  File "/usr/lib/python2.7/socket.py", line 228, in meth
    return getattr(self._sock,name)(*args)
error: [Errno 111] Connection refused

[rospy.internal][INFO] 2020-02-26 21:44:55,466: topic[/serviced_info] removing connection to http://itachi-HP-Pavilion-Laptop-15-cc1xx:40015/
[rospy.core][INFO] 2020-02-26 21:46:04,585: signal_shutdown [signal-2]
[rospy.internal][INFO] 2020-02-26 21:46:04,590: topic[/rosout] removing connection to /rosout
[rospy.internal][INFO] 2020-02-26 21:46:04,591: topic[/detection_info] removing connection to http://itachi-HP-Pavilion-Laptop-15-cc1xx:35271/
[rospy.impl.masterslave][INFO] 2020-02-26 21:46:04,591: signal-2
[rospy.internal][WARNING] 2020-02-26 21:46:04,592: Unknown error initiating TCP/IP socket to itachi-HP-Pavilion-Laptop-15-cc1xx:32871 (http://itachi-HP-Pavilion-Laptop-15-cc1xx:35271/): Traceback (most recent call last):
  File "/opt/ros/kinetic/lib/python2.7/dist-packages/rospy/impl/tcpros_base.py", line 557, in connect
    self.read_header()
  File "/opt/ros/kinetic/lib/python2.7/dist-packages/rospy/impl/tcpros_base.py", line 650, in read_header
    self._validate_header(read_ros_handshake_header(sock, self.read_buff, self.protocol.buff_size))
AttributeError: 'NoneType' object has no attribute 'buff_size'

[rospy.core][INFO] 2020-02-26 21:46:05,207: signal_shutdown [atexit]
[rospy.client][INFO] 2020-02-26 21:46:15,887: init_node, name[/scheduler], pid[8171]
[xmlrpc][INFO] 2020-02-26 21:46:15,888: XML-RPC server binding to 0.0.0.0:0
[rospy.init][INFO] 2020-02-26 21:46:15,888: ROS Slave URI: [http://itachi-HP-Pavilion-Laptop-15-cc1xx:37329/]
[xmlrpc][INFO] 2020-02-26 21:46:15,888: Started XML-RPC server [http://itachi-HP-Pavilion-Laptop-15-cc1xx:37329/]
[rospy.impl.masterslave][INFO] 2020-02-26 21:46:15,889: _ready: http://itachi-HP-Pavilion-Laptop-15-cc1xx:37329/
[rospy.registration][INFO] 2020-02-26 21:46:15,890: Registering with master node http://localhost:11311
[xmlrpc][INFO] 2020-02-26 21:46:15,891: xml rpc node: starting XML-RPC server
[rospy.registration][INFO] 2020-02-26 21:46:15,891: Registering publisher topic [/decision_info] type [survey_and_rescue/SRInfo] with master
[rospy.registration][INFO] 2020-02-26 21:46:15,894: registering subscriber topic [/serviced_info] type [survey_and_rescue/SRInfo] with master
[rospy.registration][INFO] 2020-02-26 21:46:15,896: registering subscriber topic [/detection_info] type [survey_and_rescue/SRInfo] with master
[rospy.internal][INFO] 2020-02-26 21:46:15,901: topic[/serviced_info] adding connection to [http://itachi-HP-Pavilion-Laptop-15-cc1xx:36059/], count 0
[rospy.internal][INFO] 2020-02-26 21:46:15,910: topic[/decision_info] adding connection to [/monitor_org_config], count 0
[rospy.init][INFO] 2020-02-26 21:46:15,989: registered with master
[rospy.rosout][INFO] 2020-02-26 21:46:15,989: initializing /rosout core topic
[rospy.rosout][INFO] 2020-02-26 21:46:15,991: connected to core topic /rosout
[rospy.simtime][INFO] 2020-02-26 21:46:15,993: /use_sim_time is not set, will not subscribe to simulated time [/clock] topic
[rospy.internal][INFO] 2020-02-26 21:46:16,065: topic[/detection_info] adding connection to [http://itachi-HP-Pavilion-Laptop-15-cc1xx:46417/], count 0
[rospy.internal][INFO] 2020-02-26 21:46:16,212: topic[/rosout] adding connection to [/rosout], count 0
[rospy.internal][ERROR] 2020-02-26 21:49:21,644: Unable to initiate TCP/IP socket to itachi-HP-Pavilion-Laptop-15-cc1xx:33099 (http://itachi-HP-Pavilion-Laptop-15-cc1xx:36059/): Traceback (most recent call last):
  File "/opt/ros/kinetic/lib/python2.7/dist-packages/rospy/impl/tcpros_base.py", line 557, in connect
    self.read_header()
  File "/opt/ros/kinetic/lib/python2.7/dist-packages/rospy/impl/tcpros_base.py", line 650, in read_header
    self._validate_header(read_ros_handshake_header(sock, self.read_buff, self.protocol.buff_size))
  File "/opt/ros/kinetic/lib/python2.7/dist-packages/rospy/impl/tcpros_base.py", line 593, in _validate_header
    raise TransportInitError("remote error reported: %s"%header['error'])
TransportInitError: remote error reported: node shutting down

[rospy.internal][INFO] 2020-02-26 21:49:21,665: topic[/decision_info] removing connection to /monitor_org_config
[rospy.internal][WARNING] 2020-02-26 21:49:22,645: Unknown error initiating TCP/IP socket to itachi-HP-Pavilion-Laptop-15-cc1xx:33099 (http://itachi-HP-Pavilion-Laptop-15-cc1xx:36059/): Traceback (most recent call last):
  File "/opt/ros/kinetic/lib/python2.7/dist-packages/rospy/impl/tcpros_base.py", line 555, in connect
    self.socket.connect((dest_addr, dest_port))
  File "/usr/lib/python2.7/socket.py", line 228, in meth
    return getattr(self._sock,name)(*args)
error: [Errno 111] Connection refused

[rospy.internal][INFO] 2020-02-26 21:49:22,645: topic[/serviced_info] removing connection to http://itachi-HP-Pavilion-Laptop-15-cc1xx:36059/
[rospy.internal][INFO] 2020-02-26 21:52:48,795: topic[/rosout] removing connection to /rosout
[rospy.core][INFO] 2020-02-26 21:55:29,689: signal_shutdown [signal-2]
[rospy.internal][INFO] 2020-02-26 21:55:29,699: topic[/detection_info] removing connection to http://itachi-HP-Pavilion-Laptop-15-cc1xx:46417/
[rospy.internal][WARNING] 2020-02-26 21:55:29,699: Unknown error initiating TCP/IP socket to itachi-HP-Pavilion-Laptop-15-cc1xx:35937 (http://itachi-HP-Pavilion-Laptop-15-cc1xx:46417/): Traceback (most recent call last):
  File "/opt/ros/kinetic/lib/python2.7/dist-packages/rospy/impl/tcpros_base.py", line 557, in connect
    self.read_header()
  File "/opt/ros/kinetic/lib/python2.7/dist-packages/rospy/impl/tcpros_base.py", line 650, in read_header
    self._validate_header(read_ros_handshake_header(sock, self.read_buff, self.protocol.buff_size))
AttributeError: 'NoneType' object has no attribute 'buff_size'

[rospy.topics][ERROR] 2020-02-26 21:55:29,701: Traceback (most recent call last):
  File "/opt/ros/kinetic/lib/python2.7/dist-packages/rospy/topics.py", line 326, in close
    c.close()
  File "/opt/ros/kinetic/lib/python2.7/dist-packages/rospy/impl/tcpros_base.py", line 838, in close
    self.socket.close()
AttributeError: 'NoneType' object has no attribute 'close'

[rospy.impl.masterslave][INFO] 2020-02-26 21:55:29,701: signal-2
[rospy.core][INFO] 2020-02-26 21:55:29,833: signal_shutdown [atexit]
