[rospy.client][INFO] 2020-02-26 21:41:18,924: init_node, name[/serial_node], pid[7364]
[xmlrpc][INFO] 2020-02-26 21:41:18,925: XML-RPC server binding to 0.0.0.0:0
[xmlrpc][INFO] 2020-02-26 21:41:18,925: Started XML-RPC server [http://itachi-HP-Pavilion-Laptop-15-cc1xx:37297/]
[rospy.impl.masterslave][INFO] 2020-02-26 21:41:18,925: _ready: http://itachi-HP-Pavilion-Laptop-15-cc1xx:37297/
[rospy.init][INFO] 2020-02-26 21:41:18,925: ROS Slave URI: [http://itachi-HP-Pavilion-Laptop-15-cc1xx:37297/]
[rospy.registration][INFO] 2020-02-26 21:41:18,926: Registering with master node http://localhost:11311
[xmlrpc][INFO] 2020-02-26 21:41:18,926: xml rpc node: starting XML-RPC server
[rospy.init][INFO] 2020-02-26 21:41:19,027: registered with master
[rospy.rosout][INFO] 2020-02-26 21:41:19,027: initializing /rosout core topic
[rospy.rosout][INFO] 2020-02-26 21:41:19,029: connected to core topic /rosout
[rospy.simtime][INFO] 2020-02-26 21:41:19,030: /use_sim_time is not set, will not subscribe to simulated time [/clock] topic
[rosout][INFO] 2020-02-26 21:41:19,033: ROS Serial Python Node
[rosout][INFO] 2020-02-26 21:41:19,038: Connecting to /dev/ttyUSB0 at 115200 baud
[rospy.internal][INFO] 2020-02-26 21:41:19,254: topic[/rosout] adding connection to [/rosout], count 0
[rosout][INFO] 2020-02-26 21:41:21,157: Note: subscribe buffer size is 320 bytes
[rosout][INFO] 2020-02-26 21:41:21,157: Setup subscriber on led_control_topic [std_msgs/Int8]
[rospy.internal][INFO] 2020-02-26 21:41:49,214: topic[/led_control_topic] adding connection to [http://itachi-HP-Pavilion-Laptop-15-cc1xx:40015/], count 0
[rospy.internal][ERROR] 2020-02-26 21:44:54,466: Unable to initiate TCP/IP socket to itachi-HP-Pavilion-Laptop-15-cc1xx:33305 (http://itachi-HP-Pavilion-Laptop-15-cc1xx:40015/): Traceback (most recent call last):
  File "/opt/ros/kinetic/lib/python2.7/dist-packages/rospy/impl/tcpros_base.py", line 557, in connect
    self.read_header()
  File "/opt/ros/kinetic/lib/python2.7/dist-packages/rospy/impl/tcpros_base.py", line 650, in read_header
    self._validate_header(read_ros_handshake_header(sock, self.read_buff, self.protocol.buff_size))
  File "/opt/ros/kinetic/lib/python2.7/dist-packages/rospy/impl/tcpros_base.py", line 593, in _validate_header
    raise TransportInitError("remote error reported: %s"%header['error'])
TransportInitError: remote error reported: node shutting down

[rospy.internal][WARNING] 2020-02-26 21:44:55,469: Unknown error initiating TCP/IP socket to itachi-HP-Pavilion-Laptop-15-cc1xx:33305 (http://itachi-HP-Pavilion-Laptop-15-cc1xx:40015/): Traceback (most recent call last):
  File "/opt/ros/kinetic/lib/python2.7/dist-packages/rospy/impl/tcpros_base.py", line 555, in connect
    self.socket.connect((dest_addr, dest_port))
  File "/usr/lib/python2.7/socket.py", line 228, in meth
    return getattr(self._sock,name)(*args)
error: [Errno 111] Connection refused

[rospy.internal][INFO] 2020-02-26 21:44:55,469: topic[/led_control_topic] removing connection to http://itachi-HP-Pavilion-Laptop-15-cc1xx:40015/
[rospy.internal][INFO] 2020-02-26 21:46:15,884: topic[/led_control_topic] adding connection to [http://itachi-HP-Pavilion-Laptop-15-cc1xx:36059/], count 0
[rospy.internal][ERROR] 2020-02-26 21:49:21,644: Unable to initiate TCP/IP socket to itachi-HP-Pavilion-Laptop-15-cc1xx:33099 (http://itachi-HP-Pavilion-Laptop-15-cc1xx:36059/): Traceback (most recent call last):
  File "/opt/ros/kinetic/lib/python2.7/dist-packages/rospy/impl/tcpros_base.py", line 557, in connect
    self.read_header()
  File "/opt/ros/kinetic/lib/python2.7/dist-packages/rospy/impl/tcpros_base.py", line 650, in read_header
    self._validate_header(read_ros_handshake_header(sock, self.read_buff, self.protocol.buff_size))
  File "/opt/ros/kinetic/lib/python2.7/dist-packages/rospy/impl/tcpros_base.py", line 593, in _validate_header
    raise TransportInitError("remote error reported: %s"%header['error'])
TransportInitError: remote error reported: node shutting down

[rospy.internal][WARNING] 2020-02-26 21:49:22,646: Unknown error initiating TCP/IP socket to itachi-HP-Pavilion-Laptop-15-cc1xx:33099 (http://itachi-HP-Pavilion-Laptop-15-cc1xx:36059/): Traceback (most recent call last):
  File "/opt/ros/kinetic/lib/python2.7/dist-packages/rospy/impl/tcpros_base.py", line 555, in connect
    self.socket.connect((dest_addr, dest_port))
  File "/usr/lib/python2.7/socket.py", line 228, in meth
    return getattr(self._sock,name)(*args)
error: [Errno 111] Connection refused

[rospy.internal][INFO] 2020-02-26 21:49:22,646: topic[/led_control_topic] removing connection to http://itachi-HP-Pavilion-Laptop-15-cc1xx:36059/
[rosout][INFO] 2020-02-26 21:52:48,322: Send tx stop request
[rospy.core][INFO] 2020-02-26 21:52:48,323: signal_shutdown [atexit]
[rospy.internal][INFO] 2020-02-26 21:52:48,333: topic[/rosout] removing connection to /rosout
[rospy.impl.masterslave][INFO] 2020-02-26 21:52:48,334: atexit
