[rospy.client][INFO] 2019-11-07 17:42:26,743: init_node, name[/edrone/joint_state_publisher], pid[14892]
[xmlrpc][INFO] 2019-11-07 17:42:26,743: XML-RPC server binding to 0.0.0.0:0
[xmlrpc][INFO] 2019-11-07 17:42:26,744: Started XML-RPC server [http://itachi-HP-Pavilion-Laptop-15-cc1xx:34579/]
[rospy.init][INFO] 2019-11-07 17:42:26,744: ROS Slave URI: [http://itachi-HP-Pavilion-Laptop-15-cc1xx:34579/]
[rospy.impl.masterslave][INFO] 2019-11-07 17:42:26,744: _ready: http://itachi-HP-Pavilion-Laptop-15-cc1xx:34579/
[rospy.registration][INFO] 2019-11-07 17:42:26,745: Registering with master node http://localhost:11311
[xmlrpc][INFO] 2019-11-07 17:42:26,745: xml rpc node: starting XML-RPC server
[rospy.init][INFO] 2019-11-07 17:42:26,844: registered with master
[rospy.rosout][INFO] 2019-11-07 17:42:26,845: initializing /rosout core topic
[rospy.rosout][INFO] 2019-11-07 17:42:26,847: connected to core topic /rosout
[rospy.simtime][INFO] 2019-11-07 17:42:26,849: initializing /clock core topic
[rospy.simtime][INFO] 2019-11-07 17:42:26,852: connected to core topic /clock
[rospy.internal][INFO] 2019-11-07 17:42:27,100: topic[/edrone/joint_states] adding connection to [/edrone/robot_state_publisher], count 0
[rospy.internal][INFO] 2019-11-07 17:42:27,101: topic[/rosout] adding connection to [/rosout], count 0
[rospy.internal][INFO] 2019-11-07 17:42:27,225: topic[/clock] adding connection to [http://itachi-HP-Pavilion-Laptop-15-cc1xx:36753/], count 0
[rospy.internal][INFO] 2019-11-07 21:15:07,578: topic[/rosout] removing connection to /rosout
[rospy.core][INFO] 2019-11-07 21:15:09,444: signal_shutdown [signal-2]
[rospy.registration][WARNING] 2019-11-07 21:15:09,447: cannot unregister with master due to network issues
[rospy.internal][INFO] 2019-11-07 21:15:09,448: topic[/edrone/joint_states] removing connection to /edrone/robot_state_publisher
[rospy.internal][INFO] 2019-11-07 21:15:09,448: topic[/clock] removing connection to http://itachi-HP-Pavilion-Laptop-15-cc1xx:36753/
[rospy.impl.masterslave][INFO] 2019-11-07 21:15:09,449: signal-2
[rospy.core][INFO] 2019-11-07 21:15:10,064: signal_shutdown [atexit]
