[rosmaster.main][INFO] 2020-01-31 20:35:57,808: initialization complete, waiting for shutdown
[rosmaster.main][INFO] 2020-01-31 20:35:57,808: Starting ROS Master Node
[xmlrpc][INFO] 2020-01-31 20:35:57,809: XML-RPC server binding to 0.0.0.0:11311
[xmlrpc][INFO] 2020-01-31 20:35:57,809: Started XML-RPC server [http://itachi-HP-Pavilion-Laptop-15-cc1xx:11311/]
[rosmaster.master][INFO] 2020-01-31 20:35:57,809: Master initialized: port[11311], uri[http://itachi-HP-Pavilion-Laptop-15-cc1xx:11311/]
[xmlrpc][INFO] 2020-01-31 20:35:57,809: xml rpc node: starting XML-RPC server
[rosmaster.master][INFO] 2020-01-31 20:35:57,866: +PARAM [/run_id] by /roslaunch
[rosmaster.master][INFO] 2020-01-31 20:35:57,867: +PARAM [/roslaunch/uris/host_itachi_hp_pavilion_laptop_15_cc1xx__34961] by /roslaunch
[rosmaster.master][INFO] 2020-01-31 20:35:57,965: +PARAM [/usb_cam/image_width] by /roslaunch
[rosmaster.master][INFO] 2020-01-31 20:35:57,965: +PARAM [/usb_cam/video_device] by /roslaunch
[rosmaster.master][INFO] 2020-01-31 20:35:57,965: +PARAM [/rosdistro] by /roslaunch
[rosmaster.master][INFO] 2020-01-31 20:35:57,965: +PARAM [/whycon/targets] by /roslaunch
[rosmaster.master][INFO] 2020-01-31 20:35:57,965: +PARAM [/usb_cam/pixel_format] by /roslaunch
[rosmaster.master][INFO] 2020-01-31 20:35:57,965: +PARAM [/usb_cam/io_method] by /roslaunch
[rosmaster.master][INFO] 2020-01-31 20:35:57,965: +PARAM [/usb_cam/camera_frame_id] by /roslaunch
[rosmaster.master][INFO] 2020-01-31 20:35:57,965: +PARAM [/rosversion] by /roslaunch
[rosmaster.master][INFO] 2020-01-31 20:35:57,965: +PARAM [/whycon/outer_diameter] by /roslaunch
[rosmaster.master][INFO] 2020-01-31 20:35:57,965: +PARAM [/usb_cam/image_height] by /roslaunch
[rosmaster.master][INFO] 2020-01-31 20:35:57,965: +PARAM [/whycon/name] by /roslaunch
[rosmaster.master][INFO] 2020-01-31 20:35:57,966: +PARAM [/whycon/inner_diameter] by /roslaunch
[rosmaster.master][INFO] 2020-01-31 20:35:57,967: +SERVICE [/rosout/get_loggers] /rosout http://itachi-HP-Pavilion-Laptop-15-cc1xx:40105/
[rosmaster.master][INFO] 2020-01-31 20:35:57,967: +SERVICE [/rosout/set_logger_level] /rosout http://itachi-HP-Pavilion-Laptop-15-cc1xx:40105/
[rosmaster.master][INFO] 2020-01-31 20:35:57,968: +PUB [/rosout_agg] /rosout http://itachi-HP-Pavilion-Laptop-15-cc1xx:40105/
[rosmaster.master][INFO] 2020-01-31 20:35:57,971: +SUB [/rosout] /rosout http://itachi-HP-Pavilion-Laptop-15-cc1xx:40105/
[rosmaster.master][INFO] 2020-01-31 20:35:57,990: +PUB [/rosout] /usb_cam http://itachi-HP-Pavilion-Laptop-15-cc1xx:43643/
[rosmaster.master][INFO] 2020-01-31 20:35:57,990: +SERVICE [/usb_cam/get_loggers] /usb_cam http://itachi-HP-Pavilion-Laptop-15-cc1xx:43643/
[rosmaster.master][INFO] 2020-01-31 20:35:57,991: +SERVICE [/usb_cam/set_logger_level] /usb_cam http://itachi-HP-Pavilion-Laptop-15-cc1xx:43643/
[rosmaster.master][INFO] 2020-01-31 20:35:58,002: +PUB [/rosout] /usb_cam/image_proc http://itachi-HP-Pavilion-Laptop-15-cc1xx:35063/
[rosmaster.master][INFO] 2020-01-31 20:35:58,003: +SERVICE [/usb_cam/image_proc/get_loggers] /usb_cam/image_proc http://itachi-HP-Pavilion-Laptop-15-cc1xx:35063/
[rosmaster.master][INFO] 2020-01-31 20:35:58,004: +SERVICE [/usb_cam/image_proc/set_logger_level] /usb_cam/image_proc http://itachi-HP-Pavilion-Laptop-15-cc1xx:35063/
[rosmaster.master][INFO] 2020-01-31 20:35:58,009: publisherUpdate[/rosout] -> http://itachi-HP-Pavilion-Laptop-15-cc1xx:40105/ ['http://itachi-HP-Pavilion-Laptop-15-cc1xx:43643/']
[rosmaster.master][INFO] 2020-01-31 20:35:58,011: publisherUpdate[/rosout] -> http://itachi-HP-Pavilion-Laptop-15-cc1xx:40105/ ['http://itachi-HP-Pavilion-Laptop-15-cc1xx:43643/']: sec=0.00, result=[1, '', 0]
[rosmaster.master][INFO] 2020-01-31 20:35:58,011: publisherUpdate[/rosout] -> http://itachi-HP-Pavilion-Laptop-15-cc1xx:40105/ ['http://itachi-HP-Pavilion-Laptop-15-cc1xx:43643/', 'http://itachi-HP-Pavilion-Laptop-15-cc1xx:35063/']
[rosmaster.master][INFO] 2020-01-31 20:35:58,012: publisherUpdate[/rosout] -> http://itachi-HP-Pavilion-Laptop-15-cc1xx:40105/ ['http://itachi-HP-Pavilion-Laptop-15-cc1xx:43643/', 'http://itachi-HP-Pavilion-Laptop-15-cc1xx:35063/']: sec=0.00, result=[1, '', 0]
[rosmaster.master][INFO] 2020-01-31 20:35:58,012: +PUB [/rosout] /whycon http://itachi-HP-Pavilion-Laptop-15-cc1xx:35671/
[rosmaster.master][INFO] 2020-01-31 20:35:58,012: publisherUpdate[/rosout] -> http://itachi-HP-Pavilion-Laptop-15-cc1xx:40105/ ['http://itachi-HP-Pavilion-Laptop-15-cc1xx:43643/', 'http://itachi-HP-Pavilion-Laptop-15-cc1xx:35063/', 'http://itachi-HP-Pavilion-Laptop-15-cc1xx:35671/']
[rosmaster.master][INFO] 2020-01-31 20:35:58,013: publisherUpdate[/rosout] -> http://itachi-HP-Pavilion-Laptop-15-cc1xx:40105/ ['http://itachi-HP-Pavilion-Laptop-15-cc1xx:43643/', 'http://itachi-HP-Pavilion-Laptop-15-cc1xx:35063/', 'http://itachi-HP-Pavilion-Laptop-15-cc1xx:35671/']: sec=0.00, result=[1, '', 0]
[rosmaster.master][INFO] 2020-01-31 20:35:58,014: +SERVICE [/whycon/get_loggers] /whycon http://itachi-HP-Pavilion-Laptop-15-cc1xx:35671/
[rosmaster.master][INFO] 2020-01-31 20:35:58,015: +SERVICE [/whycon/set_logger_level] /whycon http://itachi-HP-Pavilion-Laptop-15-cc1xx:35671/
[rosmaster.master][INFO] 2020-01-31 20:35:58,023: +PUB [/rosout] /whycon_display/image_view http://itachi-HP-Pavilion-Laptop-15-cc1xx:33303/
[rosmaster.master][INFO] 2020-01-31 20:35:58,023: +SERVICE [/whycon_display/image_view/get_loggers] /whycon_display/image_view http://itachi-HP-Pavilion-Laptop-15-cc1xx:33303/
[rosmaster.master][INFO] 2020-01-31 20:35:58,024: +SERVICE [/whycon_display/image_view/set_logger_level] /whycon_display/image_view http://itachi-HP-Pavilion-Laptop-15-cc1xx:33303/
[rosmaster.master][INFO] 2020-01-31 20:35:58,033: +SERVICE [/usb_cam/image_proc_debayer/set_parameters] /usb_cam/image_proc http://itachi-HP-Pavilion-Laptop-15-cc1xx:35063/
[rosmaster.master][INFO] 2020-01-31 20:35:58,034: +PUB [/usb_cam/image_raw/compressedDepth] /usb_cam http://itachi-HP-Pavilion-Laptop-15-cc1xx:43643/
[rosmaster.master][INFO] 2020-01-31 20:35:58,035: +PUB [/usb_cam/image_proc_debayer/parameter_descriptions] /usb_cam/image_proc http://itachi-HP-Pavilion-Laptop-15-cc1xx:35063/
[rosmaster.master][INFO] 2020-01-31 20:35:58,036: +SERVICE [/usb_cam/image_raw/compressedDepth/set_parameters] /usb_cam http://itachi-HP-Pavilion-Laptop-15-cc1xx:43643/
[rosmaster.master][INFO] 2020-01-31 20:35:58,036: +PUB [/usb_cam/image_proc_debayer/parameter_updates] /usb_cam/image_proc http://itachi-HP-Pavilion-Laptop-15-cc1xx:35063/
[rosmaster.master][INFO] 2020-01-31 20:35:58,037: +PUB [/usb_cam/image_raw/compressedDepth/parameter_descriptions] /usb_cam http://itachi-HP-Pavilion-Laptop-15-cc1xx:43643/
[rosmaster.master][INFO] 2020-01-31 20:35:58,038: +PUB [/usb_cam/image_raw/compressedDepth/parameter_updates] /usb_cam http://itachi-HP-Pavilion-Laptop-15-cc1xx:43643/
[rosmaster.master][INFO] 2020-01-31 20:35:58,039: +PARAM [/usb_cam/image_proc_debayer/debayer] by /usb_cam/image_proc
[rosmaster.master][INFO] 2020-01-31 20:35:58,040: +PARAM [/usb_cam/image_proc_debayer/debayer] by /usb_cam/image_proc
[rosmaster.master][INFO] 2020-01-31 20:35:58,042: +PARAM [/usb_cam/image_raw/compressedDepth/depth_max] by /usb_cam
[rosmaster.master][INFO] 2020-01-31 20:35:58,043: +PUB [/usb_cam/image_mono/compressedDepth] /usb_cam/image_proc http://itachi-HP-Pavilion-Laptop-15-cc1xx:35063/
[rosmaster.master][INFO] 2020-01-31 20:35:58,044: +PARAM [/usb_cam/image_raw/compressedDepth/depth_quantization] by /usb_cam
[rosmaster.master][INFO] 2020-01-31 20:35:58,045: +SERVICE [/usb_cam/image_mono/compressedDepth/set_parameters] /usb_cam/image_proc http://itachi-HP-Pavilion-Laptop-15-cc1xx:35063/
[rosmaster.master][INFO] 2020-01-31 20:35:58,045: +PARAM [/usb_cam/image_raw/compressedDepth/png_level] by /usb_cam
[rosmaster.master][INFO] 2020-01-31 20:35:58,046: +PUB [/usb_cam/image_mono/compressedDepth/parameter_descriptions] /usb_cam/image_proc http://itachi-HP-Pavilion-Laptop-15-cc1xx:35063/
[rosmaster.master][INFO] 2020-01-31 20:35:58,046: +PARAM [/usb_cam/image_raw/compressedDepth/depth_max] by /usb_cam
[rosmaster.master][INFO] 2020-01-31 20:35:58,047: +PUB [/usb_cam/image_mono/compressedDepth/parameter_updates] /usb_cam/image_proc http://itachi-HP-Pavilion-Laptop-15-cc1xx:35063/
[rosmaster.master][INFO] 2020-01-31 20:35:58,048: +PARAM [/usb_cam/image_raw/compressedDepth/depth_quantization] by /usb_cam
[rosmaster.master][INFO] 2020-01-31 20:35:58,049: +PARAM [/usb_cam/image_raw/compressedDepth/png_level] by /usb_cam
[rosmaster.master][INFO] 2020-01-31 20:35:58,051: +PARAM [/usb_cam/image_mono/compressedDepth/depth_max] by /usb_cam/image_proc
[rosmaster.master][INFO] 2020-01-31 20:35:58,052: +PUB [/usb_cam/image_raw/compressed] /usb_cam http://itachi-HP-Pavilion-Laptop-15-cc1xx:43643/
[rosmaster.master][INFO] 2020-01-31 20:35:58,053: +PARAM [/usb_cam/image_mono/compressedDepth/depth_quantization] by /usb_cam/image_proc
[rosmaster.master][INFO] 2020-01-31 20:35:58,054: +SERVICE [/usb_cam/image_raw/compressed/set_parameters] /usb_cam http://itachi-HP-Pavilion-Laptop-15-cc1xx:43643/
[rosmaster.master][INFO] 2020-01-31 20:35:58,055: +PARAM [/usb_cam/image_mono/compressedDepth/png_level] by /usb_cam/image_proc
[rosmaster.master][INFO] 2020-01-31 20:35:58,055: +PUB [/usb_cam/image_raw/compressed/parameter_descriptions] /usb_cam http://itachi-HP-Pavilion-Laptop-15-cc1xx:43643/
[rosmaster.master][INFO] 2020-01-31 20:35:58,056: +PARAM [/usb_cam/image_mono/compressedDepth/depth_max] by /usb_cam/image_proc
[rosmaster.master][INFO] 2020-01-31 20:35:58,057: +PUB [/usb_cam/image_raw/compressed/parameter_updates] /usb_cam http://itachi-HP-Pavilion-Laptop-15-cc1xx:43643/
[rosmaster.master][INFO] 2020-01-31 20:35:58,058: +PARAM [/usb_cam/image_mono/compressedDepth/depth_quantization] by /usb_cam/image_proc
[rosmaster.master][INFO] 2020-01-31 20:35:58,059: +PARAM [/usb_cam/image_mono/compressedDepth/png_level] by /usb_cam/image_proc
[rosmaster.master][INFO] 2020-01-31 20:35:58,061: +PUB [/usb_cam/image_mono/compressed] /usb_cam/image_proc http://itachi-HP-Pavilion-Laptop-15-cc1xx:35063/
[rosmaster.master][INFO] 2020-01-31 20:35:58,062: +PARAM [/usb_cam/image_raw/compressed/format] by /usb_cam
[rosmaster.master][INFO] 2020-01-31 20:35:58,064: +SERVICE [/usb_cam/image_mono/compressed/set_parameters] /usb_cam/image_proc http://itachi-HP-Pavilion-Laptop-15-cc1xx:35063/
[rosmaster.master][INFO] 2020-01-31 20:35:58,064: +PARAM [/usb_cam/image_raw/compressed/jpeg_quality] by /usb_cam
[rosmaster.master][INFO] 2020-01-31 20:35:58,066: +PUB [/usb_cam/image_mono/compressed/parameter_descriptions] /usb_cam/image_proc http://itachi-HP-Pavilion-Laptop-15-cc1xx:35063/
[rosmaster.master][INFO] 2020-01-31 20:35:58,067: +PARAM [/usb_cam/image_raw/compressed/png_level] by /usb_cam
[rosmaster.master][INFO] 2020-01-31 20:35:58,068: +PUB [/usb_cam/image_mono/compressed/parameter_updates] /usb_cam/image_proc http://itachi-HP-Pavilion-Laptop-15-cc1xx:35063/
[rosmaster.master][INFO] 2020-01-31 20:35:58,069: +PARAM [/usb_cam/image_raw/compressed/format] by /usb_cam
[rosmaster.master][INFO] 2020-01-31 20:35:58,070: +PARAM [/usb_cam/image_raw/compressed/jpeg_quality] by /usb_cam
[rosmaster.master][INFO] 2020-01-31 20:35:58,072: +PARAM [/usb_cam/image_raw/compressed/png_level] by /usb_cam
[rosmaster.master][INFO] 2020-01-31 20:35:58,074: +PUB [/usb_cam/image_raw] /usb_cam http://itachi-HP-Pavilion-Laptop-15-cc1xx:43643/
[rosmaster.master][INFO] 2020-01-31 20:35:58,074: +PARAM [/usb_cam/image_mono/compressed/format] by /usb_cam/image_proc
[rosmaster.master][INFO] 2020-01-31 20:35:58,075: +PUB [/tf] /whycon http://itachi-HP-Pavilion-Laptop-15-cc1xx:35671/
[rosmaster.master][INFO] 2020-01-31 20:35:58,076: +PARAM [/usb_cam/image_mono/compressed/jpeg_quality] by /usb_cam/image_proc
[rosmaster.master][INFO] 2020-01-31 20:35:58,077: +PUB [/usb_cam/image_raw/theora] /usb_cam http://itachi-HP-Pavilion-Laptop-15-cc1xx:43643/
[rosmaster.master][INFO] 2020-01-31 20:35:58,078: +PARAM [/usb_cam/image_mono/compressed/png_level] by /usb_cam/image_proc
[rosmaster.master][INFO] 2020-01-31 20:35:58,079: +SERVICE [/usb_cam/image_raw/theora/set_parameters] /usb_cam http://itachi-HP-Pavilion-Laptop-15-cc1xx:43643/
[rosmaster.master][INFO] 2020-01-31 20:35:58,080: +PARAM [/usb_cam/image_mono/compressed/format] by /usb_cam/image_proc
[rosmaster.master][INFO] 2020-01-31 20:35:58,080: +PUB [/usb_cam/image_raw/theora/parameter_descriptions] /usb_cam http://itachi-HP-Pavilion-Laptop-15-cc1xx:43643/
[rosmaster.master][INFO] 2020-01-31 20:35:58,081: +PARAM [/usb_cam/image_mono/compressed/jpeg_quality] by /usb_cam/image_proc
[rosmaster.master][INFO] 2020-01-31 20:35:58,082: +PUB [/usb_cam/image_raw/theora/parameter_updates] /usb_cam http://itachi-HP-Pavilion-Laptop-15-cc1xx:43643/
[rosmaster.master][INFO] 2020-01-31 20:35:58,083: +PARAM [/usb_cam/image_mono/compressed/png_level] by /usb_cam/image_proc
[rosmaster.master][INFO] 2020-01-31 20:35:58,085: +PUB [/usb_cam/image_mono] /usb_cam/image_proc http://itachi-HP-Pavilion-Laptop-15-cc1xx:35063/
[rosmaster.master][INFO] 2020-01-31 20:35:58,088: +PUB [/usb_cam/image_mono/theora] /usb_cam/image_proc http://itachi-HP-Pavilion-Laptop-15-cc1xx:35063/
[rosmaster.master][INFO] 2020-01-31 20:35:58,089: +SUB [/usb_cam/image_rect_color] /whycon http://itachi-HP-Pavilion-Laptop-15-cc1xx:35671/
[rosmaster.master][INFO] 2020-01-31 20:35:58,089: +PARAM [/usb_cam/image_raw/theora/optimize_for] by /usb_cam
[rosmaster.master][INFO] 2020-01-31 20:35:58,090: +SERVICE [/usb_cam/image_mono/theora/set_parameters] /usb_cam/image_proc http://itachi-HP-Pavilion-Laptop-15-cc1xx:35063/
[rosmaster.master][INFO] 2020-01-31 20:35:58,091: +PARAM [/usb_cam/image_raw/theora/target_bitrate] by /usb_cam
[rosmaster.master][INFO] 2020-01-31 20:35:58,092: +PUB [/usb_cam/image_mono/theora/parameter_descriptions] /usb_cam/image_proc http://itachi-HP-Pavilion-Laptop-15-cc1xx:35063/
[rosmaster.master][INFO] 2020-01-31 20:35:58,093: +PARAM [/usb_cam/image_raw/theora/quality] by /usb_cam
[rosmaster.master][INFO] 2020-01-31 20:35:58,093: +PUB [/usb_cam/image_mono/theora/parameter_updates] /usb_cam/image_proc http://itachi-HP-Pavilion-Laptop-15-cc1xx:35063/
[rosmaster.master][INFO] 2020-01-31 20:35:58,094: +PARAM [/usb_cam/image_raw/theora/keyframe_frequency] by /usb_cam
[rosmaster.master][INFO] 2020-01-31 20:35:58,096: +PARAM [/usb_cam/image_raw/theora/optimize_for] by /usb_cam
[rosmaster.master][INFO] 2020-01-31 20:35:58,097: +PARAM [/usb_cam/image_raw/theora/target_bitrate] by /usb_cam
[rosmaster.master][INFO] 2020-01-31 20:35:58,098: +SUB [/usb_cam/camera_info] /whycon http://itachi-HP-Pavilion-Laptop-15-cc1xx:35671/
[rosmaster.master][INFO] 2020-01-31 20:35:58,099: +PARAM [/usb_cam/image_raw/theora/quality] by /usb_cam
[rosmaster.master][INFO] 2020-01-31 20:35:58,100: +PUB [/whycon/image_out] /whycon http://itachi-HP-Pavilion-Laptop-15-cc1xx:35671/
[rosmaster.master][INFO] 2020-01-31 20:35:58,101: +PARAM [/usb_cam/image_raw/theora/keyframe_frequency] by /usb_cam
[rosmaster.master][INFO] 2020-01-31 20:35:58,102: +PARAM [/usb_cam/image_mono/theora/optimize_for] by /usb_cam/image_proc
[rosmaster.master][INFO] 2020-01-31 20:35:58,103: +PUB [/whycon/poses] /whycon http://itachi-HP-Pavilion-Laptop-15-cc1xx:35671/
[rosmaster.master][INFO] 2020-01-31 20:35:58,104: +PUB [/usb_cam/camera_info] /usb_cam http://itachi-HP-Pavilion-Laptop-15-cc1xx:43643/
[rosmaster.master][INFO] 2020-01-31 20:35:58,104: +PARAM [/usb_cam/image_mono/theora/target_bitrate] by /usb_cam/image_proc
[rosmaster.master][INFO] 2020-01-31 20:35:58,105: +PUB [/whycon/context] /whycon http://itachi-HP-Pavilion-Laptop-15-cc1xx:35671/
[rosmaster.master][INFO] 2020-01-31 20:35:58,107: +PARAM [/usb_cam/image_mono/theora/quality] by /usb_cam/image_proc
[rosmaster.master][INFO] 2020-01-31 20:35:58,107: +PUB [/whycon/projection] /whycon http://itachi-HP-Pavilion-Laptop-15-cc1xx:35671/
[rosmaster.master][INFO] 2020-01-31 20:35:58,108: +PARAM [/usb_cam/image_mono/theora/keyframe_frequency] by /usb_cam/image_proc
[rosmaster.master][INFO] 2020-01-31 20:35:58,109: publisherUpdate[/rosout] -> http://itachi-HP-Pavilion-Laptop-15-cc1xx:40105/ ['http://itachi-HP-Pavilion-Laptop-15-cc1xx:43643/', 'http://itachi-HP-Pavilion-Laptop-15-cc1xx:35063/', 'http://itachi-HP-Pavilion-Laptop-15-cc1xx:35671/', 'http://itachi-HP-Pavilion-Laptop-15-cc1xx:33303/']
[rosmaster.master][INFO] 2020-01-31 20:35:58,110: +SERVICE [/whycon/reset] /whycon http://itachi-HP-Pavilion-Laptop-15-cc1xx:35671/
[rosmaster.master][INFO] 2020-01-31 20:35:58,110: publisherUpdate[/rosout] -> http://itachi-HP-Pavilion-Laptop-15-cc1xx:40105/ ['http://itachi-HP-Pavilion-Laptop-15-cc1xx:43643/', 'http://itachi-HP-Pavilion-Laptop-15-cc1xx:35063/', 'http://itachi-HP-Pavilion-Laptop-15-cc1xx:35671/', 'http://itachi-HP-Pavilion-Laptop-15-cc1xx:33303/']: sec=0.00, result=[1, '', 0]
[rosmaster.master][INFO] 2020-01-31 20:35:58,110: publisherUpdate[/usb_cam/camera_info] -> http://itachi-HP-Pavilion-Laptop-15-cc1xx:35671/ ['http://itachi-HP-Pavilion-Laptop-15-cc1xx:43643/']
[rosmaster.master][INFO] 2020-01-31 20:35:58,111: +PARAM [/usb_cam/image_mono/theora/optimize_for] by /usb_cam/image_proc
[rosmaster.master][INFO] 2020-01-31 20:35:58,112: publisherUpdate[/usb_cam/camera_info] -> http://itachi-HP-Pavilion-Laptop-15-cc1xx:35671/ ['http://itachi-HP-Pavilion-Laptop-15-cc1xx:43643/']: sec=0.00, result=[1, '', 0]
[rosmaster.master][INFO] 2020-01-31 20:35:58,113: +PARAM [/usb_cam/image_mono/theora/target_bitrate] by /usb_cam/image_proc
[rosmaster.master][INFO] 2020-01-31 20:35:58,114: +PARAM [/usb_cam/image_mono/theora/quality] by /usb_cam/image_proc
[rosmaster.master][INFO] 2020-01-31 20:35:58,116: +PARAM [/usb_cam/image_mono/theora/keyframe_frequency] by /usb_cam/image_proc
[rosmaster.master][INFO] 2020-01-31 20:35:58,118: +PUB [/usb_cam/image_color/compressedDepth] /usb_cam/image_proc http://itachi-HP-Pavilion-Laptop-15-cc1xx:35063/
[rosmaster.master][INFO] 2020-01-31 20:35:58,119: +SERVICE [/usb_cam/image_color/compressedDepth/set_parameters] /usb_cam/image_proc http://itachi-HP-Pavilion-Laptop-15-cc1xx:35063/
[rosmaster.master][INFO] 2020-01-31 20:35:58,120: +PUB [/usb_cam/image_color/compressedDepth/parameter_descriptions] /usb_cam/image_proc http://itachi-HP-Pavilion-Laptop-15-cc1xx:35063/
[rosmaster.master][INFO] 2020-01-31 20:35:58,122: +PUB [/usb_cam/image_color/compressedDepth/parameter_updates] /usb_cam/image_proc http://itachi-HP-Pavilion-Laptop-15-cc1xx:35063/
[rosmaster.master][INFO] 2020-01-31 20:35:58,126: +PARAM [/usb_cam/image_color/compressedDepth/depth_max] by /usb_cam/image_proc
[rosmaster.master][INFO] 2020-01-31 20:35:58,128: +PARAM [/usb_cam/image_color/compressedDepth/depth_quantization] by /usb_cam/image_proc
[rosmaster.master][INFO] 2020-01-31 20:35:58,129: +PARAM [/usb_cam/image_color/compressedDepth/png_level] by /usb_cam/image_proc
[rosmaster.master][INFO] 2020-01-31 20:35:58,130: +PARAM [/usb_cam/image_color/compressedDepth/depth_max] by /usb_cam/image_proc
[rosmaster.master][INFO] 2020-01-31 20:35:58,131: +PARAM [/usb_cam/image_color/compressedDepth/depth_quantization] by /usb_cam/image_proc
[rosmaster.master][INFO] 2020-01-31 20:35:58,132: +PARAM [/usb_cam/image_color/compressedDepth/png_level] by /usb_cam/image_proc
[rosmaster.master][INFO] 2020-01-31 20:35:58,133: +PUB [/usb_cam/image_color/compressed] /usb_cam/image_proc http://itachi-HP-Pavilion-Laptop-15-cc1xx:35063/
[rosmaster.master][INFO] 2020-01-31 20:35:58,134: +SERVICE [/usb_cam/image_color/compressed/set_parameters] /usb_cam/image_proc http://itachi-HP-Pavilion-Laptop-15-cc1xx:35063/
[rosmaster.master][INFO] 2020-01-31 20:35:58,135: +SERVICE [/usb_cam/set_camera_info] /usb_cam http://itachi-HP-Pavilion-Laptop-15-cc1xx:43643/
[rosmaster.master][INFO] 2020-01-31 20:35:58,135: +PUB [/usb_cam/image_color/compressed/parameter_descriptions] /usb_cam/image_proc http://itachi-HP-Pavilion-Laptop-15-cc1xx:35063/
[rosmaster.master][INFO] 2020-01-31 20:35:58,136: +SERVICE [/usb_cam/start_capture] /usb_cam http://itachi-HP-Pavilion-Laptop-15-cc1xx:43643/
[rosmaster.master][INFO] 2020-01-31 20:35:58,137: +PUB [/usb_cam/image_color/compressed/parameter_updates] /usb_cam/image_proc http://itachi-HP-Pavilion-Laptop-15-cc1xx:35063/
[rosmaster.master][INFO] 2020-01-31 20:35:58,137: +SERVICE [/usb_cam/stop_capture] /usb_cam http://itachi-HP-Pavilion-Laptop-15-cc1xx:43643/
[rosmaster.master][INFO] 2020-01-31 20:35:58,139: +PARAM [/usb_cam/image_color/compressed/format] by /usb_cam/image_proc
[rosmaster.master][INFO] 2020-01-31 20:35:58,140: +PARAM [/usb_cam/image_color/compressed/jpeg_quality] by /usb_cam/image_proc
[rosmaster.master][INFO] 2020-01-31 20:35:58,141: +PARAM [/usb_cam/image_color/compressed/png_level] by /usb_cam/image_proc
[rosmaster.master][INFO] 2020-01-31 20:35:58,141: -SERVICE [/usb_cam/get_loggers] /usb_cam rosrpc://itachi-HP-Pavilion-Laptop-15-cc1xx:60121
[rosmaster.master][INFO] 2020-01-31 20:35:58,142: +PARAM [/usb_cam/image_color/compressed/format] by /usb_cam/image_proc
[rosmaster.master][INFO] 2020-01-31 20:35:58,143: -SERVICE [/usb_cam/set_logger_level] /usb_cam rosrpc://itachi-HP-Pavilion-Laptop-15-cc1xx:60121
[rosmaster.master][INFO] 2020-01-31 20:35:58,143: +PARAM [/usb_cam/image_color/compressed/jpeg_quality] by /usb_cam/image_proc
[rosmaster.master][INFO] 2020-01-31 20:35:58,144: -SERVICE [/usb_cam/image_raw/compressedDepth/set_parameters] /usb_cam rosrpc://itachi-HP-Pavilion-Laptop-15-cc1xx:60121
[rosmaster.master][INFO] 2020-01-31 20:35:58,145: +PARAM [/usb_cam/image_color/compressed/png_level] by /usb_cam/image_proc
[rosmaster.master][INFO] 2020-01-31 20:35:58,146: -SERVICE [/usb_cam/image_raw/compressed/set_parameters] /usb_cam rosrpc://itachi-HP-Pavilion-Laptop-15-cc1xx:60121
[rosmaster.master][INFO] 2020-01-31 20:35:58,147: +PUB [/usb_cam/image_color] /usb_cam/image_proc http://itachi-HP-Pavilion-Laptop-15-cc1xx:35063/
[rosmaster.master][INFO] 2020-01-31 20:35:58,148: -SERVICE [/usb_cam/image_raw/theora/set_parameters] /usb_cam rosrpc://itachi-HP-Pavilion-Laptop-15-cc1xx:60121
[rosmaster.master][INFO] 2020-01-31 20:35:58,153: +PUB [/usb_cam/image_color/theora] /usb_cam/image_proc http://itachi-HP-Pavilion-Laptop-15-cc1xx:35063/
[rosmaster.master][INFO] 2020-01-31 20:35:58,154: -SERVICE [/usb_cam/set_camera_info] /usb_cam rosrpc://itachi-HP-Pavilion-Laptop-15-cc1xx:60121
[rosmaster.master][INFO] 2020-01-31 20:35:58,156: +SERVICE [/usb_cam/image_color/theora/set_parameters] /usb_cam/image_proc http://itachi-HP-Pavilion-Laptop-15-cc1xx:35063/
[rosmaster.master][INFO] 2020-01-31 20:35:58,157: -SERVICE [/usb_cam/start_capture] /usb_cam rosrpc://itachi-HP-Pavilion-Laptop-15-cc1xx:60121
[rosmaster.master][INFO] 2020-01-31 20:35:58,159: +PUB [/usb_cam/image_color/theora/parameter_descriptions] /usb_cam/image_proc http://itachi-HP-Pavilion-Laptop-15-cc1xx:35063/
[rosmaster.master][INFO] 2020-01-31 20:35:58,160: -SERVICE [/usb_cam/stop_capture] /usb_cam rosrpc://itachi-HP-Pavilion-Laptop-15-cc1xx:60121
[rosmaster.master][INFO] 2020-01-31 20:35:58,161: +PUB [/usb_cam/image_color/theora/parameter_updates] /usb_cam/image_proc http://itachi-HP-Pavilion-Laptop-15-cc1xx:35063/
[rosmaster.master][INFO] 2020-01-31 20:35:58,167: +PARAM [/usb_cam/image_color/theora/optimize_for] by /usb_cam/image_proc
[rosmaster.master][INFO] 2020-01-31 20:35:58,169: +PARAM [/usb_cam/image_color/theora/target_bitrate] by /usb_cam/image_proc
[rosmaster.master][INFO] 2020-01-31 20:35:58,170: +PARAM [/usb_cam/image_color/theora/quality] by /usb_cam/image_proc
[rosmaster.master][INFO] 2020-01-31 20:35:58,171: +PARAM [/usb_cam/image_color/theora/keyframe_frequency] by /usb_cam/image_proc
[rosmaster.master][INFO] 2020-01-31 20:35:58,172: +PARAM [/usb_cam/image_color/theora/optimize_for] by /usb_cam/image_proc
[rosmaster.master][INFO] 2020-01-31 20:35:58,173: +PARAM [/usb_cam/image_color/theora/target_bitrate] by /usb_cam/image_proc
[rosmaster.master][INFO] 2020-01-31 20:35:58,173: +PARAM [/usb_cam/image_color/theora/quality] by /usb_cam/image_proc
[rosmaster.master][INFO] 2020-01-31 20:35:58,174: +PARAM [/usb_cam/image_color/theora/keyframe_frequency] by /usb_cam/image_proc
[rosmaster.master][INFO] 2020-01-31 20:35:58,177: +SERVICE [/usb_cam/image_proc_rectify_mono/set_parameters] /usb_cam/image_proc http://itachi-HP-Pavilion-Laptop-15-cc1xx:35063/
[rosmaster.master][INFO] 2020-01-31 20:35:58,178: +PUB [/usb_cam/image_proc_rectify_mono/parameter_descriptions] /usb_cam/image_proc http://itachi-HP-Pavilion-Laptop-15-cc1xx:35063/
[rosmaster.master][INFO] 2020-01-31 20:35:58,179: +PUB [/usb_cam/image_proc_rectify_mono/parameter_updates] /usb_cam/image_proc http://itachi-HP-Pavilion-Laptop-15-cc1xx:35063/
[rosmaster.master][INFO] 2020-01-31 20:35:58,180: +PARAM [/usb_cam/image_proc_rectify_mono/interpolation] by /usb_cam/image_proc
[rosmaster.master][INFO] 2020-01-31 20:35:58,180: +PARAM [/usb_cam/image_proc_rectify_mono/interpolation] by /usb_cam/image_proc
[rosmaster.master][INFO] 2020-01-31 20:35:58,184: +PUB [/usb_cam/image_rect/compressedDepth] /usb_cam/image_proc http://itachi-HP-Pavilion-Laptop-15-cc1xx:35063/
[rosmaster.master][INFO] 2020-01-31 20:35:58,185: +SERVICE [/usb_cam/image_rect/compressedDepth/set_parameters] /usb_cam/image_proc http://itachi-HP-Pavilion-Laptop-15-cc1xx:35063/
[rosmaster.master][INFO] 2020-01-31 20:35:58,186: +PUB [/usb_cam/image_rect/compressedDepth/parameter_descriptions] /usb_cam/image_proc http://itachi-HP-Pavilion-Laptop-15-cc1xx:35063/
[rosmaster.master][INFO] 2020-01-31 20:35:58,186: +PUB [/usb_cam/image_rect/compressedDepth/parameter_updates] /usb_cam/image_proc http://itachi-HP-Pavilion-Laptop-15-cc1xx:35063/
[rosmaster.master][INFO] 2020-01-31 20:35:58,188: +PARAM [/usb_cam/image_rect/compressedDepth/depth_max] by /usb_cam/image_proc
[rosmaster.master][INFO] 2020-01-31 20:35:58,189: +PARAM [/usb_cam/image_rect/compressedDepth/depth_quantization] by /usb_cam/image_proc
[rosmaster.master][INFO] 2020-01-31 20:35:58,189: +PARAM [/usb_cam/image_rect/compressedDepth/png_level] by /usb_cam/image_proc
[rosmaster.master][INFO] 2020-01-31 20:35:58,190: +PARAM [/usb_cam/image_rect/compressedDepth/depth_max] by /usb_cam/image_proc
[rosmaster.master][INFO] 2020-01-31 20:35:58,191: +PARAM [/usb_cam/image_rect/compressedDepth/depth_quantization] by /usb_cam/image_proc
[rosmaster.master][INFO] 2020-01-31 20:35:58,191: +PARAM [/usb_cam/image_rect/compressedDepth/png_level] by /usb_cam/image_proc
[rosmaster.master][INFO] 2020-01-31 20:35:58,192: +PUB [/usb_cam/image_rect/compressed] /usb_cam/image_proc http://itachi-HP-Pavilion-Laptop-15-cc1xx:35063/
[rosmaster.master][INFO] 2020-01-31 20:35:58,192: +SERVICE [/usb_cam/image_rect/compressed/set_parameters] /usb_cam/image_proc http://itachi-HP-Pavilion-Laptop-15-cc1xx:35063/
[rosmaster.master][INFO] 2020-01-31 20:35:58,193: +PUB [/usb_cam/image_rect/compressed/parameter_descriptions] /usb_cam/image_proc http://itachi-HP-Pavilion-Laptop-15-cc1xx:35063/
[rosmaster.master][INFO] 2020-01-31 20:35:58,193: +PUB [/usb_cam/image_rect/compressed/parameter_updates] /usb_cam/image_proc http://itachi-HP-Pavilion-Laptop-15-cc1xx:35063/
[rosmaster.master][INFO] 2020-01-31 20:35:58,195: +PARAM [/usb_cam/image_rect/compressed/format] by /usb_cam/image_proc
[rosmaster.master][INFO] 2020-01-31 20:35:58,198: +PARAM [/usb_cam/image_rect/compressed/jpeg_quality] by /usb_cam/image_proc
[rosmaster.master][INFO] 2020-01-31 20:35:58,199: +PARAM [/usb_cam/image_rect/compressed/png_level] by /usb_cam/image_proc
[rosmaster.master][INFO] 2020-01-31 20:35:58,200: +PARAM [/usb_cam/image_rect/compressed/format] by /usb_cam/image_proc
[rosmaster.master][INFO] 2020-01-31 20:35:58,201: +PARAM [/usb_cam/image_rect/compressed/jpeg_quality] by /usb_cam/image_proc
[rosmaster.master][INFO] 2020-01-31 20:35:58,202: +PARAM [/usb_cam/image_rect/compressed/png_level] by /usb_cam/image_proc
[rosmaster.master][INFO] 2020-01-31 20:35:58,203: +PUB [/usb_cam/image_rect] /usb_cam/image_proc http://itachi-HP-Pavilion-Laptop-15-cc1xx:35063/
[rosmaster.master][INFO] 2020-01-31 20:35:58,204: +PUB [/usb_cam/image_rect/theora] /usb_cam/image_proc http://itachi-HP-Pavilion-Laptop-15-cc1xx:35063/
[rosmaster.master][INFO] 2020-01-31 20:35:58,205: +SERVICE [/usb_cam/image_rect/theora/set_parameters] /usb_cam/image_proc http://itachi-HP-Pavilion-Laptop-15-cc1xx:35063/
[rosmaster.master][INFO] 2020-01-31 20:35:58,206: +SUB [/whycon/image_out] /whycon_display/image_view http://itachi-HP-Pavilion-Laptop-15-cc1xx:33303/
[rosmaster.master][INFO] 2020-01-31 20:35:58,207: +PUB [/usb_cam/image_rect/theora/parameter_descriptions] /usb_cam/image_proc http://itachi-HP-Pavilion-Laptop-15-cc1xx:35063/
[rosmaster.master][INFO] 2020-01-31 20:35:58,207: +PUB [/whycon_display/image_view/output] /whycon_display/image_view http://itachi-HP-Pavilion-Laptop-15-cc1xx:33303/
[rosmaster.master][INFO] 2020-01-31 20:35:58,208: +PUB [/usb_cam/image_rect/theora/parameter_updates] /usb_cam/image_proc http://itachi-HP-Pavilion-Laptop-15-cc1xx:35063/
[rosmaster.master][INFO] 2020-01-31 20:35:58,208: +SERVICE [/whycon_display/image_view/set_parameters] /whycon_display/image_view http://itachi-HP-Pavilion-Laptop-15-cc1xx:33303/
[rosmaster.master][INFO] 2020-01-31 20:35:58,209: +PUB [/whycon_display/image_view/parameter_descriptions] /whycon_display/image_view http://itachi-HP-Pavilion-Laptop-15-cc1xx:33303/
[rosmaster.master][INFO] 2020-01-31 20:35:58,210: +PUB [/whycon_display/image_view/parameter_updates] /whycon_display/image_view http://itachi-HP-Pavilion-Laptop-15-cc1xx:33303/
[rosmaster.master][INFO] 2020-01-31 20:35:58,212: -PUB [/rosout] /usb_cam http://itachi-HP-Pavilion-Laptop-15-cc1xx:43643/
[rosmaster.master][INFO] 2020-01-31 20:35:58,212: publisherUpdate[/rosout] -> http://itachi-HP-Pavilion-Laptop-15-cc1xx:40105/ ['http://itachi-HP-Pavilion-Laptop-15-cc1xx:35063/', 'http://itachi-HP-Pavilion-Laptop-15-cc1xx:35671/', 'http://itachi-HP-Pavilion-Laptop-15-cc1xx:33303/']
[rosmaster.master][INFO] 2020-01-31 20:35:58,214: +PARAM [/usb_cam/image_rect/theora/optimize_for] by /usb_cam/image_proc
[rosmaster.master][INFO] 2020-01-31 20:35:58,215: publisherUpdate[/rosout] -> http://itachi-HP-Pavilion-Laptop-15-cc1xx:40105/ ['http://itachi-HP-Pavilion-Laptop-15-cc1xx:35063/', 'http://itachi-HP-Pavilion-Laptop-15-cc1xx:35671/', 'http://itachi-HP-Pavilion-Laptop-15-cc1xx:33303/']: sec=0.00, result=[1, '', 0]
[rosmaster.master][INFO] 2020-01-31 20:35:58,216: -PUB [/usb_cam/image_raw/compressedDepth] /usb_cam http://itachi-HP-Pavilion-Laptop-15-cc1xx:43643/
[rosmaster.master][INFO] 2020-01-31 20:35:58,217: +PARAM [/usb_cam/image_rect/theora/target_bitrate] by /usb_cam/image_proc
[rosmaster.master][INFO] 2020-01-31 20:35:58,218: -PUB [/usb_cam/image_raw/compressedDepth/parameter_descriptions] /usb_cam http://itachi-HP-Pavilion-Laptop-15-cc1xx:43643/
[rosmaster.master][INFO] 2020-01-31 20:35:58,219: +PARAM [/usb_cam/image_rect/theora/quality] by /usb_cam/image_proc
[rosmaster.master][INFO] 2020-01-31 20:35:58,219: -PUB [/usb_cam/image_raw/compressedDepth/parameter_updates] /usb_cam http://itachi-HP-Pavilion-Laptop-15-cc1xx:43643/
[rosmaster.master][INFO] 2020-01-31 20:35:58,220: +PARAM [/whycon_display/image_view/do_dynamic_scaling] by /whycon_display/image_view
[rosmaster.master][INFO] 2020-01-31 20:35:58,220: +PARAM [/usb_cam/image_rect/theora/keyframe_frequency] by /usb_cam/image_proc
[rosmaster.master][INFO] 2020-01-31 20:35:58,221: -PUB [/usb_cam/image_raw/compressed] /usb_cam http://itachi-HP-Pavilion-Laptop-15-cc1xx:43643/
[rosmaster.master][INFO] 2020-01-31 20:35:58,222: +PARAM [/whycon_display/image_view/colormap] by /whycon_display/image_view
[rosmaster.master][INFO] 2020-01-31 20:35:58,222: +PARAM [/usb_cam/image_rect/theora/optimize_for] by /usb_cam/image_proc
[rosmaster.master][INFO] 2020-01-31 20:35:58,223: -PUB [/usb_cam/image_raw/compressed/parameter_descriptions] /usb_cam http://itachi-HP-Pavilion-Laptop-15-cc1xx:43643/
[rosmaster.master][INFO] 2020-01-31 20:35:58,223: +PARAM [/whycon_display/image_view/min_image_value] by /whycon_display/image_view
[rosmaster.master][INFO] 2020-01-31 20:35:58,224: +PARAM [/usb_cam/image_rect/theora/target_bitrate] by /usb_cam/image_proc
[rosmaster.master][INFO] 2020-01-31 20:35:58,224: -PUB [/usb_cam/image_raw/compressed/parameter_updates] /usb_cam http://itachi-HP-Pavilion-Laptop-15-cc1xx:43643/
[rosmaster.master][INFO] 2020-01-31 20:35:58,225: +PARAM [/whycon_display/image_view/max_image_value] by /whycon_display/image_view
[rosmaster.master][INFO] 2020-01-31 20:35:58,225: +PARAM [/usb_cam/image_rect/theora/quality] by /usb_cam/image_proc
[rosmaster.master][INFO] 2020-01-31 20:35:58,226: -PUB [/usb_cam/image_raw] /usb_cam http://itachi-HP-Pavilion-Laptop-15-cc1xx:43643/
[rosmaster.master][INFO] 2020-01-31 20:35:58,226: +PARAM [/whycon_display/image_view/do_dynamic_scaling] by /whycon_display/image_view
[rosmaster.master][INFO] 2020-01-31 20:35:58,227: +PARAM [/usb_cam/image_rect/theora/keyframe_frequency] by /usb_cam/image_proc
[rosmaster.master][INFO] 2020-01-31 20:35:58,228: -PUB [/usb_cam/image_raw/theora] /usb_cam http://itachi-HP-Pavilion-Laptop-15-cc1xx:43643/
[rosmaster.master][INFO] 2020-01-31 20:35:58,228: +PARAM [/whycon_display/image_view/colormap] by /whycon_display/image_view
[rosmaster.master][INFO] 2020-01-31 20:35:58,229: -PUB [/usb_cam/image_raw/theora/parameter_descriptions] /usb_cam http://itachi-HP-Pavilion-Laptop-15-cc1xx:43643/
[rosmaster.master][INFO] 2020-01-31 20:35:58,231: +PARAM [/whycon_display/image_view/min_image_value] by /whycon_display/image_view
[rosmaster.master][INFO] 2020-01-31 20:35:58,232: +SERVICE [/usb_cam/image_proc_rectify_color/set_parameters] /usb_cam/image_proc http://itachi-HP-Pavilion-Laptop-15-cc1xx:35063/
[rosmaster.master][INFO] 2020-01-31 20:35:58,232: -PUB [/usb_cam/image_raw/theora/parameter_updates] /usb_cam http://itachi-HP-Pavilion-Laptop-15-cc1xx:43643/
[rosmaster.master][INFO] 2020-01-31 20:35:58,233: +PARAM [/whycon_display/image_view/max_image_value] by /whycon_display/image_view
[rosmaster.master][INFO] 2020-01-31 20:35:58,234: +PUB [/usb_cam/image_proc_rectify_color/parameter_descriptions] /usb_cam/image_proc http://itachi-HP-Pavilion-Laptop-15-cc1xx:35063/
[rosmaster.master][INFO] 2020-01-31 20:35:58,234: -PUB [/usb_cam/camera_info] /usb_cam http://itachi-HP-Pavilion-Laptop-15-cc1xx:43643/
[rosmaster.master][INFO] 2020-01-31 20:35:58,235: +PUB [/usb_cam/image_proc_rectify_color/parameter_updates] /usb_cam/image_proc http://itachi-HP-Pavilion-Laptop-15-cc1xx:35063/
[rosmaster.master][INFO] 2020-01-31 20:35:58,236: +PARAM [/usb_cam/image_proc_rectify_color/interpolation] by /usb_cam/image_proc
[rosmaster.master][INFO] 2020-01-31 20:35:58,236: +PARAM [/usb_cam/image_proc_rectify_color/interpolation] by /usb_cam/image_proc
[rosmaster.master][INFO] 2020-01-31 20:35:58,237: +PUB [/usb_cam/image_rect_color/compressedDepth] /usb_cam/image_proc http://itachi-HP-Pavilion-Laptop-15-cc1xx:35063/
[rosmaster.master][INFO] 2020-01-31 20:35:58,238: +SERVICE [/usb_cam/image_rect_color/compressedDepth/set_parameters] /usb_cam/image_proc http://itachi-HP-Pavilion-Laptop-15-cc1xx:35063/
[rosmaster.master][INFO] 2020-01-31 20:35:58,239: +PUB [/usb_cam/image_rect_color/compressedDepth/parameter_descriptions] /usb_cam/image_proc http://itachi-HP-Pavilion-Laptop-15-cc1xx:35063/
[rosmaster.master][INFO] 2020-01-31 20:35:58,239: +PUB [/usb_cam/image_rect_color/compressedDepth/parameter_updates] /usb_cam/image_proc http://itachi-HP-Pavilion-Laptop-15-cc1xx:35063/
[rosmaster.master][INFO] 2020-01-31 20:35:58,241: +PARAM [/usb_cam/image_rect_color/compressedDepth/depth_max] by /usb_cam/image_proc
[rosmaster.master][INFO] 2020-01-31 20:35:58,241: +PARAM [/usb_cam/image_rect_color/compressedDepth/depth_quantization] by /usb_cam/image_proc
[rosmaster.master][INFO] 2020-01-31 20:35:58,242: +PARAM [/usb_cam/image_rect_color/compressedDepth/png_level] by /usb_cam/image_proc
[rosmaster.master][INFO] 2020-01-31 20:35:58,242: +PARAM [/usb_cam/image_rect_color/compressedDepth/depth_max] by /usb_cam/image_proc
[rosmaster.master][INFO] 2020-01-31 20:35:58,243: +PARAM [/usb_cam/image_rect_color/compressedDepth/depth_quantization] by /usb_cam/image_proc
[rosmaster.master][INFO] 2020-01-31 20:35:58,243: +PARAM [/usb_cam/image_rect_color/compressedDepth/png_level] by /usb_cam/image_proc
[rosmaster.master][INFO] 2020-01-31 20:35:58,244: +PUB [/usb_cam/image_rect_color/compressed] /usb_cam/image_proc http://itachi-HP-Pavilion-Laptop-15-cc1xx:35063/
[rosmaster.master][INFO] 2020-01-31 20:35:58,245: +SERVICE [/usb_cam/image_rect_color/compressed/set_parameters] /usb_cam/image_proc http://itachi-HP-Pavilion-Laptop-15-cc1xx:35063/
[rosmaster.master][INFO] 2020-01-31 20:35:58,245: +PUB [/usb_cam/image_rect_color/compressed/parameter_descriptions] /usb_cam/image_proc http://itachi-HP-Pavilion-Laptop-15-cc1xx:35063/
[rosmaster.master][INFO] 2020-01-31 20:35:58,247: +PUB [/usb_cam/image_rect_color/compressed/parameter_updates] /usb_cam/image_proc http://itachi-HP-Pavilion-Laptop-15-cc1xx:35063/
[rosmaster.master][INFO] 2020-01-31 20:35:58,249: +PARAM [/usb_cam/image_rect_color/compressed/format] by /usb_cam/image_proc
[rosmaster.master][INFO] 2020-01-31 20:35:58,250: +PARAM [/usb_cam/image_rect_color/compressed/jpeg_quality] by /usb_cam/image_proc
[rosmaster.master][INFO] 2020-01-31 20:35:58,251: +PARAM [/usb_cam/image_rect_color/compressed/png_level] by /usb_cam/image_proc
[rosmaster.master][INFO] 2020-01-31 20:35:58,251: +PARAM [/usb_cam/image_rect_color/compressed/format] by /usb_cam/image_proc
[rosmaster.master][INFO] 2020-01-31 20:35:58,252: +PARAM [/usb_cam/image_rect_color/compressed/jpeg_quality] by /usb_cam/image_proc
[rosmaster.master][INFO] 2020-01-31 20:35:58,252: +PARAM [/usb_cam/image_rect_color/compressed/png_level] by /usb_cam/image_proc
[rosmaster.master][INFO] 2020-01-31 20:35:58,253: +PUB [/usb_cam/image_rect_color] /usb_cam/image_proc http://itachi-HP-Pavilion-Laptop-15-cc1xx:35063/
[rosmaster.master][INFO] 2020-01-31 20:35:58,254: +PUB [/usb_cam/image_rect_color/theora] /usb_cam/image_proc http://itachi-HP-Pavilion-Laptop-15-cc1xx:35063/
[rosmaster.master][INFO] 2020-01-31 20:35:58,254: +SERVICE [/usb_cam/image_rect_color/theora/set_parameters] /usb_cam/image_proc http://itachi-HP-Pavilion-Laptop-15-cc1xx:35063/
[rosmaster.master][INFO] 2020-01-31 20:35:58,255: +PUB [/usb_cam/image_rect_color/theora/parameter_descriptions] /usb_cam/image_proc http://itachi-HP-Pavilion-Laptop-15-cc1xx:35063/
[rosmaster.master][INFO] 2020-01-31 20:35:58,255: +PUB [/usb_cam/image_rect_color/theora/parameter_updates] /usb_cam/image_proc http://itachi-HP-Pavilion-Laptop-15-cc1xx:35063/
[rosmaster.master][INFO] 2020-01-31 20:35:58,258: +PARAM [/usb_cam/image_rect_color/theora/optimize_for] by /usb_cam/image_proc
[rosmaster.master][INFO] 2020-01-31 20:35:58,258: +PARAM [/usb_cam/image_rect_color/theora/target_bitrate] by /usb_cam/image_proc
[rosmaster.master][INFO] 2020-01-31 20:35:58,259: +PARAM [/usb_cam/image_rect_color/theora/quality] by /usb_cam/image_proc
[rosmaster.master][INFO] 2020-01-31 20:35:58,259: +PARAM [/usb_cam/image_rect_color/theora/keyframe_frequency] by /usb_cam/image_proc
[rosmaster.master][INFO] 2020-01-31 20:35:58,260: +PARAM [/usb_cam/image_rect_color/theora/optimize_for] by /usb_cam/image_proc
[rosmaster.master][INFO] 2020-01-31 20:35:58,260: +PARAM [/usb_cam/image_rect_color/theora/target_bitrate] by /usb_cam/image_proc
[rosmaster.master][INFO] 2020-01-31 20:35:58,261: +PARAM [/usb_cam/image_rect_color/theora/quality] by /usb_cam/image_proc
[rosmaster.master][INFO] 2020-01-31 20:35:58,262: +PARAM [/usb_cam/image_rect_color/theora/keyframe_frequency] by /usb_cam/image_proc
[rosmaster.master][INFO] 2020-01-31 20:35:58,311: publisherUpdate[/usb_cam/camera_info] -> http://itachi-HP-Pavilion-Laptop-15-cc1xx:35671/ []
[rosmaster.master][INFO] 2020-01-31 20:35:58,312: publisherUpdate[/usb_cam/camera_info] -> http://itachi-HP-Pavilion-Laptop-15-cc1xx:35671/ []: sec=0.00, result=[1, '', 0]
[rosmaster.master][INFO] 2020-01-31 20:35:58,313: publisherUpdate[/usb_cam/image_rect_color] -> http://itachi-HP-Pavilion-Laptop-15-cc1xx:35671/ ['http://itachi-HP-Pavilion-Laptop-15-cc1xx:35063/']
[rosmaster.master][INFO] 2020-01-31 20:35:58,314: publisherUpdate[/usb_cam/image_rect_color] -> http://itachi-HP-Pavilion-Laptop-15-cc1xx:35671/ ['http://itachi-HP-Pavilion-Laptop-15-cc1xx:35063/']: sec=0.00, result=[1, '', 0]
[rosmaster.master][INFO] 2020-01-31 20:35:58,529: +SUB [/usb_cam/image_color] /usb_cam/image_proc http://itachi-HP-Pavilion-Laptop-15-cc1xx:35063/
[rosmaster.master][INFO] 2020-01-31 20:35:58,541: +SUB [/usb_cam/camera_info] /usb_cam/image_proc http://itachi-HP-Pavilion-Laptop-15-cc1xx:35063/
[rosmaster.master][INFO] 2020-01-31 20:35:58,552: +SUB [/usb_cam/image_raw] /usb_cam/image_proc http://itachi-HP-Pavilion-Laptop-15-cc1xx:35063/
[rosmaster.master][INFO] 2020-01-31 20:36:03,525: -PUB [/rosout] /whycon_display/image_view http://itachi-HP-Pavilion-Laptop-15-cc1xx:33303/
[rosmaster.master][INFO] 2020-01-31 20:36:03,526: publisherUpdate[/rosout] -> http://itachi-HP-Pavilion-Laptop-15-cc1xx:40105/ ['http://itachi-HP-Pavilion-Laptop-15-cc1xx:35063/', 'http://itachi-HP-Pavilion-Laptop-15-cc1xx:35671/']
[rosmaster.master][INFO] 2020-01-31 20:36:03,526: -PUB [/rosout] /usb_cam/image_proc http://itachi-HP-Pavilion-Laptop-15-cc1xx:35063/
[rosmaster.master][INFO] 2020-01-31 20:36:03,527: publisherUpdate[/rosout] -> http://itachi-HP-Pavilion-Laptop-15-cc1xx:40105/ ['http://itachi-HP-Pavilion-Laptop-15-cc1xx:35063/', 'http://itachi-HP-Pavilion-Laptop-15-cc1xx:35671/']: sec=0.00, result=[1, '', 0]
[rosmaster.master][INFO] 2020-01-31 20:36:03,527: -PUB [/whycon_display/image_view/output] /whycon_display/image_view http://itachi-HP-Pavilion-Laptop-15-cc1xx:33303/
[rosmaster.master][INFO] 2020-01-31 20:36:03,527: publisherUpdate[/rosout] -> http://itachi-HP-Pavilion-Laptop-15-cc1xx:40105/ ['http://itachi-HP-Pavilion-Laptop-15-cc1xx:35671/']
[rosmaster.master][INFO] 2020-01-31 20:36:03,529: publisherUpdate[/rosout] -> http://itachi-HP-Pavilion-Laptop-15-cc1xx:40105/ ['http://itachi-HP-Pavilion-Laptop-15-cc1xx:35671/']: sec=0.00, result=[1, '', 0]
[rosmaster.master][INFO] 2020-01-31 20:36:03,529: -PUB [/rosout] /whycon http://itachi-HP-Pavilion-Laptop-15-cc1xx:35671/
[rosmaster.master][INFO] 2020-01-31 20:36:03,529: publisherUpdate[/rosout] -> http://itachi-HP-Pavilion-Laptop-15-cc1xx:40105/ []
[rosmaster.master][INFO] 2020-01-31 20:36:03,530: publisherUpdate[/rosout] -> http://itachi-HP-Pavilion-Laptop-15-cc1xx:40105/ []: sec=0.00, result=[1, '', 0]
[rosmaster.master][INFO] 2020-01-31 20:36:03,530: -PUB [/usb_cam/image_proc_debayer/parameter_descriptions] /usb_cam/image_proc http://itachi-HP-Pavilion-Laptop-15-cc1xx:35063/
[rosmaster.master][INFO] 2020-01-31 20:36:03,531: -PUB [/whycon_display/image_view/parameter_descriptions] /whycon_display/image_view http://itachi-HP-Pavilion-Laptop-15-cc1xx:33303/
[rosmaster.master][INFO] 2020-01-31 20:36:03,532: -PUB [/tf] /whycon http://itachi-HP-Pavilion-Laptop-15-cc1xx:35671/
[rosmaster.master][INFO] 2020-01-31 20:36:03,533: -PUB [/usb_cam/image_proc_debayer/parameter_updates] /usb_cam/image_proc http://itachi-HP-Pavilion-Laptop-15-cc1xx:35063/
[rosmaster.master][INFO] 2020-01-31 20:36:03,533: -PUB [/whycon_display/image_view/parameter_updates] /whycon_display/image_view http://itachi-HP-Pavilion-Laptop-15-cc1xx:33303/
[rosmaster.master][INFO] 2020-01-31 20:36:03,534: -PUB [/whycon/image_out] /whycon http://itachi-HP-Pavilion-Laptop-15-cc1xx:35671/
[rosmaster.master][INFO] 2020-01-31 20:36:03,535: -PUB [/usb_cam/image_mono/compressedDepth] /usb_cam/image_proc http://itachi-HP-Pavilion-Laptop-15-cc1xx:35063/
[rosmaster.master][INFO] 2020-01-31 20:36:03,535: -SUB [/whycon/image_out] /whycon_display/image_view http://itachi-HP-Pavilion-Laptop-15-cc1xx:33303/
[rosmaster.master][INFO] 2020-01-31 20:36:03,536: -PUB [/whycon/poses] /whycon http://itachi-HP-Pavilion-Laptop-15-cc1xx:35671/
[rosmaster.master][INFO] 2020-01-31 20:36:03,537: -PUB [/usb_cam/image_mono/compressedDepth/parameter_descriptions] /usb_cam/image_proc http://itachi-HP-Pavilion-Laptop-15-cc1xx:35063/
[rosmaster.master][INFO] 2020-01-31 20:36:03,537: -SERVICE [/whycon_display/image_view/get_loggers] /whycon_display/image_view rosrpc://itachi-HP-Pavilion-Laptop-15-cc1xx:38177
[rosmaster.master][INFO] 2020-01-31 20:36:03,538: -PUB [/whycon/context] /whycon http://itachi-HP-Pavilion-Laptop-15-cc1xx:35671/
[rosmaster.master][INFO] 2020-01-31 20:36:03,539: -PUB [/usb_cam/image_mono/compressedDepth/parameter_updates] /usb_cam/image_proc http://itachi-HP-Pavilion-Laptop-15-cc1xx:35063/
[rosmaster.master][INFO] 2020-01-31 20:36:03,539: -SERVICE [/whycon_display/image_view/set_logger_level] /whycon_display/image_view rosrpc://itachi-HP-Pavilion-Laptop-15-cc1xx:38177
[rosmaster.master][INFO] 2020-01-31 20:36:03,540: -PUB [/whycon/projection] /whycon http://itachi-HP-Pavilion-Laptop-15-cc1xx:35671/
[rosmaster.master][INFO] 2020-01-31 20:36:03,541: -PUB [/usb_cam/image_mono/compressed] /usb_cam/image_proc http://itachi-HP-Pavilion-Laptop-15-cc1xx:35063/
[rosmaster.master][INFO] 2020-01-31 20:36:03,541: -SERVICE [/whycon_display/image_view/set_parameters] /whycon_display/image_view rosrpc://itachi-HP-Pavilion-Laptop-15-cc1xx:38177
[rosmaster.master][INFO] 2020-01-31 20:36:03,542: -SUB [/usb_cam/image_rect_color] /whycon http://itachi-HP-Pavilion-Laptop-15-cc1xx:35671/
[rosmaster.master][INFO] 2020-01-31 20:36:03,543: -PUB [/usb_cam/image_mono/compressed/parameter_descriptions] /usb_cam/image_proc http://itachi-HP-Pavilion-Laptop-15-cc1xx:35063/
[rosmaster.master][INFO] 2020-01-31 20:36:03,543: -SUB [/usb_cam/camera_info] /whycon http://itachi-HP-Pavilion-Laptop-15-cc1xx:35671/
[rosmaster.master][INFO] 2020-01-31 20:36:03,544: -PUB [/usb_cam/image_mono/compressed/parameter_updates] /usb_cam/image_proc http://itachi-HP-Pavilion-Laptop-15-cc1xx:35063/
[rosmaster.master][INFO] 2020-01-31 20:36:03,545: -SERVICE [/whycon/get_loggers] /whycon rosrpc://itachi-HP-Pavilion-Laptop-15-cc1xx:50823
[rosmaster.master][INFO] 2020-01-31 20:36:03,545: -PUB [/usb_cam/image_mono] /usb_cam/image_proc http://itachi-HP-Pavilion-Laptop-15-cc1xx:35063/
[rosmaster.master][INFO] 2020-01-31 20:36:03,546: -SERVICE [/whycon/set_logger_level] /whycon rosrpc://itachi-HP-Pavilion-Laptop-15-cc1xx:50823
[rosmaster.master][INFO] 2020-01-31 20:36:03,547: -PUB [/usb_cam/image_mono/theora] /usb_cam/image_proc http://itachi-HP-Pavilion-Laptop-15-cc1xx:35063/
[rosmaster.master][INFO] 2020-01-31 20:36:03,547: -SERVICE [/whycon/reset] /whycon rosrpc://itachi-HP-Pavilion-Laptop-15-cc1xx:50823
[rosmaster.master][INFO] 2020-01-31 20:36:03,548: -PUB [/usb_cam/image_mono/theora/parameter_descriptions] /usb_cam/image_proc http://itachi-HP-Pavilion-Laptop-15-cc1xx:35063/
[rosmaster.master][INFO] 2020-01-31 20:36:03,549: -PUB [/usb_cam/image_mono/theora/parameter_updates] /usb_cam/image_proc http://itachi-HP-Pavilion-Laptop-15-cc1xx:35063/
[rosmaster.master][INFO] 2020-01-31 20:36:03,549: -PUB [/usb_cam/image_color/compressedDepth] /usb_cam/image_proc http://itachi-HP-Pavilion-Laptop-15-cc1xx:35063/
[rosmaster.master][INFO] 2020-01-31 20:36:03,550: -PUB [/usb_cam/image_color/compressedDepth/parameter_descriptions] /usb_cam/image_proc http://itachi-HP-Pavilion-Laptop-15-cc1xx:35063/
[rosmaster.master][INFO] 2020-01-31 20:36:03,550: -PUB [/usb_cam/image_color/compressedDepth/parameter_updates] /usb_cam/image_proc http://itachi-HP-Pavilion-Laptop-15-cc1xx:35063/
[rosmaster.master][INFO] 2020-01-31 20:36:03,551: -PUB [/usb_cam/image_color/compressed] /usb_cam/image_proc http://itachi-HP-Pavilion-Laptop-15-cc1xx:35063/
[rosmaster.master][INFO] 2020-01-31 20:36:03,551: -PUB [/usb_cam/image_color/compressed/parameter_descriptions] /usb_cam/image_proc http://itachi-HP-Pavilion-Laptop-15-cc1xx:35063/
[rosmaster.master][INFO] 2020-01-31 20:36:03,552: -PUB [/usb_cam/image_color/compressed/parameter_updates] /usb_cam/image_proc http://itachi-HP-Pavilion-Laptop-15-cc1xx:35063/
[rosmaster.master][INFO] 2020-01-31 20:36:03,552: -PUB [/usb_cam/image_color] /usb_cam/image_proc http://itachi-HP-Pavilion-Laptop-15-cc1xx:35063/
[rosmaster.master][INFO] 2020-01-31 20:36:03,553: -PUB [/usb_cam/image_color/theora] /usb_cam/image_proc http://itachi-HP-Pavilion-Laptop-15-cc1xx:35063/
[rosmaster.master][INFO] 2020-01-31 20:36:03,554: -PUB [/usb_cam/image_color/theora/parameter_descriptions] /usb_cam/image_proc http://itachi-HP-Pavilion-Laptop-15-cc1xx:35063/
[rosmaster.master][INFO] 2020-01-31 20:36:03,554: -PUB [/usb_cam/image_color/theora/parameter_updates] /usb_cam/image_proc http://itachi-HP-Pavilion-Laptop-15-cc1xx:35063/
[rosmaster.master][INFO] 2020-01-31 20:36:03,555: -PUB [/usb_cam/image_proc_rectify_mono/parameter_descriptions] /usb_cam/image_proc http://itachi-HP-Pavilion-Laptop-15-cc1xx:35063/
[rosmaster.master][INFO] 2020-01-31 20:36:03,555: -PUB [/usb_cam/image_proc_rectify_mono/parameter_updates] /usb_cam/image_proc http://itachi-HP-Pavilion-Laptop-15-cc1xx:35063/
[rosmaster.master][INFO] 2020-01-31 20:36:03,556: -PUB [/usb_cam/image_rect/compressedDepth] /usb_cam/image_proc http://itachi-HP-Pavilion-Laptop-15-cc1xx:35063/
[rosmaster.master][INFO] 2020-01-31 20:36:03,556: -PUB [/usb_cam/image_rect/compressedDepth/parameter_descriptions] /usb_cam/image_proc http://itachi-HP-Pavilion-Laptop-15-cc1xx:35063/
[rosmaster.master][INFO] 2020-01-31 20:36:03,557: -PUB [/usb_cam/image_rect/compressedDepth/parameter_updates] /usb_cam/image_proc http://itachi-HP-Pavilion-Laptop-15-cc1xx:35063/
[rosmaster.master][INFO] 2020-01-31 20:36:03,557: -PUB [/usb_cam/image_rect/compressed] /usb_cam/image_proc http://itachi-HP-Pavilion-Laptop-15-cc1xx:35063/
[rosmaster.master][INFO] 2020-01-31 20:36:03,558: -PUB [/usb_cam/image_rect/compressed/parameter_descriptions] /usb_cam/image_proc http://itachi-HP-Pavilion-Laptop-15-cc1xx:35063/
[rosmaster.master][INFO] 2020-01-31 20:36:03,559: -PUB [/usb_cam/image_rect/compressed/parameter_updates] /usb_cam/image_proc http://itachi-HP-Pavilion-Laptop-15-cc1xx:35063/
[rosmaster.master][INFO] 2020-01-31 20:36:03,559: -PUB [/usb_cam/image_rect] /usb_cam/image_proc http://itachi-HP-Pavilion-Laptop-15-cc1xx:35063/
[rosmaster.master][INFO] 2020-01-31 20:36:03,560: -PUB [/usb_cam/image_rect/theora] /usb_cam/image_proc http://itachi-HP-Pavilion-Laptop-15-cc1xx:35063/
[rosmaster.master][INFO] 2020-01-31 20:36:03,560: -PUB [/usb_cam/image_rect/theora/parameter_descriptions] /usb_cam/image_proc http://itachi-HP-Pavilion-Laptop-15-cc1xx:35063/
[rosmaster.master][INFO] 2020-01-31 20:36:03,561: -PUB [/usb_cam/image_rect/theora/parameter_updates] /usb_cam/image_proc http://itachi-HP-Pavilion-Laptop-15-cc1xx:35063/
[rosmaster.master][INFO] 2020-01-31 20:36:03,561: -PUB [/usb_cam/image_proc_rectify_color/parameter_descriptions] /usb_cam/image_proc http://itachi-HP-Pavilion-Laptop-15-cc1xx:35063/
[rosmaster.master][INFO] 2020-01-31 20:36:03,562: -PUB [/usb_cam/image_proc_rectify_color/parameter_updates] /usb_cam/image_proc http://itachi-HP-Pavilion-Laptop-15-cc1xx:35063/
[rosmaster.master][INFO] 2020-01-31 20:36:03,562: -PUB [/usb_cam/image_rect_color/compressedDepth] /usb_cam/image_proc http://itachi-HP-Pavilion-Laptop-15-cc1xx:35063/
[rosmaster.master][INFO] 2020-01-31 20:36:03,563: -PUB [/usb_cam/image_rect_color/compressedDepth/parameter_descriptions] /usb_cam/image_proc http://itachi-HP-Pavilion-Laptop-15-cc1xx:35063/
[rosmaster.master][INFO] 2020-01-31 20:36:03,564: -PUB [/usb_cam/image_rect_color/compressedDepth/parameter_updates] /usb_cam/image_proc http://itachi-HP-Pavilion-Laptop-15-cc1xx:35063/
[rosmaster.master][INFO] 2020-01-31 20:36:03,564: -PUB [/usb_cam/image_rect_color/compressed] /usb_cam/image_proc http://itachi-HP-Pavilion-Laptop-15-cc1xx:35063/
[rosmaster.master][INFO] 2020-01-31 20:36:03,565: -PUB [/usb_cam/image_rect_color/compressed/parameter_descriptions] /usb_cam/image_proc http://itachi-HP-Pavilion-Laptop-15-cc1xx:35063/
[rosmaster.master][INFO] 2020-01-31 20:36:03,565: -PUB [/usb_cam/image_rect_color/compressed/parameter_updates] /usb_cam/image_proc http://itachi-HP-Pavilion-Laptop-15-cc1xx:35063/
[rosmaster.master][INFO] 2020-01-31 20:36:03,566: -PUB [/usb_cam/image_rect_color] /usb_cam/image_proc http://itachi-HP-Pavilion-Laptop-15-cc1xx:35063/
[rosmaster.master][INFO] 2020-01-31 20:36:03,566: -PUB [/usb_cam/image_rect_color/theora] /usb_cam/image_proc http://itachi-HP-Pavilion-Laptop-15-cc1xx:35063/
[rosmaster.master][INFO] 2020-01-31 20:36:03,567: -PUB [/usb_cam/image_rect_color/theora/parameter_descriptions] /usb_cam/image_proc http://itachi-HP-Pavilion-Laptop-15-cc1xx:35063/
[rosmaster.master][INFO] 2020-01-31 20:36:03,568: -PUB [/usb_cam/image_rect_color/theora/parameter_updates] /usb_cam/image_proc http://itachi-HP-Pavilion-Laptop-15-cc1xx:35063/
[rosmaster.master][INFO] 2020-01-31 20:36:03,568: -SUB [/usb_cam/image_color] /usb_cam/image_proc http://itachi-HP-Pavilion-Laptop-15-cc1xx:35063/
[rosmaster.master][INFO] 2020-01-31 20:36:03,569: -SUB [/usb_cam/camera_info] /usb_cam/image_proc http://itachi-HP-Pavilion-Laptop-15-cc1xx:35063/
[rosmaster.master][INFO] 2020-01-31 20:36:03,569: -SUB [/usb_cam/image_raw] /usb_cam/image_proc http://itachi-HP-Pavilion-Laptop-15-cc1xx:35063/
[rosmaster.master][INFO] 2020-01-31 20:36:03,570: -SERVICE [/usb_cam/image_proc/get_loggers] /usb_cam/image_proc rosrpc://itachi-HP-Pavilion-Laptop-15-cc1xx:52869
[rosmaster.master][INFO] 2020-01-31 20:36:03,570: -SERVICE [/usb_cam/image_proc/set_logger_level] /usb_cam/image_proc rosrpc://itachi-HP-Pavilion-Laptop-15-cc1xx:52869
[rosmaster.master][INFO] 2020-01-31 20:36:03,571: -SERVICE [/usb_cam/image_proc_debayer/set_parameters] /usb_cam/image_proc rosrpc://itachi-HP-Pavilion-Laptop-15-cc1xx:52869
[rosmaster.master][INFO] 2020-01-31 20:36:03,572: -SERVICE [/usb_cam/image_mono/compressedDepth/set_parameters] /usb_cam/image_proc rosrpc://itachi-HP-Pavilion-Laptop-15-cc1xx:52869
[rosmaster.master][INFO] 2020-01-31 20:36:03,572: -SERVICE [/usb_cam/image_mono/compressed/set_parameters] /usb_cam/image_proc rosrpc://itachi-HP-Pavilion-Laptop-15-cc1xx:52869
[rosmaster.master][INFO] 2020-01-31 20:36:03,573: -SERVICE [/usb_cam/image_mono/theora/set_parameters] /usb_cam/image_proc rosrpc://itachi-HP-Pavilion-Laptop-15-cc1xx:52869
[rosmaster.master][INFO] 2020-01-31 20:36:03,573: -SERVICE [/usb_cam/image_color/compressedDepth/set_parameters] /usb_cam/image_proc rosrpc://itachi-HP-Pavilion-Laptop-15-cc1xx:52869
[rosmaster.master][INFO] 2020-01-31 20:36:03,574: -SERVICE [/usb_cam/image_color/compressed/set_parameters] /usb_cam/image_proc rosrpc://itachi-HP-Pavilion-Laptop-15-cc1xx:52869
[rosmaster.master][INFO] 2020-01-31 20:36:03,574: -SERVICE [/usb_cam/image_color/theora/set_parameters] /usb_cam/image_proc rosrpc://itachi-HP-Pavilion-Laptop-15-cc1xx:52869
[rosmaster.master][INFO] 2020-01-31 20:36:03,575: -SERVICE [/usb_cam/image_proc_rectify_mono/set_parameters] /usb_cam/image_proc rosrpc://itachi-HP-Pavilion-Laptop-15-cc1xx:52869
[rosmaster.master][INFO] 2020-01-31 20:36:03,576: -SERVICE [/usb_cam/image_rect/compressedDepth/set_parameters] /usb_cam/image_proc rosrpc://itachi-HP-Pavilion-Laptop-15-cc1xx:52869
[rosmaster.master][INFO] 2020-01-31 20:36:03,576: -SERVICE [/usb_cam/image_rect/compressed/set_parameters] /usb_cam/image_proc rosrpc://itachi-HP-Pavilion-Laptop-15-cc1xx:52869
[rosmaster.master][INFO] 2020-01-31 20:36:03,577: -SERVICE [/usb_cam/image_rect/theora/set_parameters] /usb_cam/image_proc rosrpc://itachi-HP-Pavilion-Laptop-15-cc1xx:52869
[rosmaster.master][INFO] 2020-01-31 20:36:03,577: -SERVICE [/usb_cam/image_proc_rectify_color/set_parameters] /usb_cam/image_proc rosrpc://itachi-HP-Pavilion-Laptop-15-cc1xx:52869
[rosmaster.master][INFO] 2020-01-31 20:36:03,578: -SERVICE [/usb_cam/image_rect_color/compressedDepth/set_parameters] /usb_cam/image_proc rosrpc://itachi-HP-Pavilion-Laptop-15-cc1xx:52869
[rosmaster.master][INFO] 2020-01-31 20:36:03,578: -SERVICE [/usb_cam/image_rect_color/compressed/set_parameters] /usb_cam/image_proc rosrpc://itachi-HP-Pavilion-Laptop-15-cc1xx:52869
[rosmaster.master][INFO] 2020-01-31 20:36:03,579: -SERVICE [/usb_cam/image_rect_color/theora/set_parameters] /usb_cam/image_proc rosrpc://itachi-HP-Pavilion-Laptop-15-cc1xx:52869
[rosmaster.master][INFO] 2020-01-31 20:36:03,627: publisherUpdate[/whycon/image_out] -> http://itachi-HP-Pavilion-Laptop-15-cc1xx:33303/ []
[rosmaster.master][INFO] 2020-01-31 20:36:03,628: publisherUpdate[/whycon/image_out] -> http://itachi-HP-Pavilion-Laptop-15-cc1xx:33303/ []: sec=0.00, exception=<Fault -1: 'publisherUpdate: unknown method name'>
[rosmaster.threadpool][ERROR] 2020-01-31 20:36:03,629: Traceback (most recent call last):
  File "/opt/ros/kinetic/lib/python2.7/dist-packages/rosmaster/threadpool.py", line 218, in run
    result = cmd(*args)
  File "/opt/ros/kinetic/lib/python2.7/dist-packages/rosmaster/master_api.py", line 210, in publisher_update_task
    ret = xmlrpcapi(api).publisherUpdate('/master', topic, pub_uris)
  File "/usr/lib/python2.7/xmlrpclib.py", line 1243, in __call__
    return self.__send(self.__name, args)
  File "/usr/lib/python2.7/xmlrpclib.py", line 1602, in __request
    verbose=self.__verbose
  File "/usr/lib/python2.7/xmlrpclib.py", line 1283, in request
    return self.single_request(host, handler, request_body, verbose)
  File "/usr/lib/python2.7/xmlrpclib.py", line 1316, in single_request
    return self.parse_response(response)
  File "/usr/lib/python2.7/xmlrpclib.py", line 1493, in parse_response
    return u.close()
  File "/usr/lib/python2.7/xmlrpclib.py", line 800, in close
    raise Fault(**self._stack[0])
Fault: <Fault -1: 'publisherUpdate: unknown method name'>

[rosmaster.master][INFO] 2020-01-31 20:36:03,629: publisherUpdate[/usb_cam/image_color] -> http://itachi-HP-Pavilion-Laptop-15-cc1xx:35063/ []
[rosmaster.master][INFO] 2020-01-31 20:36:03,629: publisherUpdate[/usb_cam/image_color] -> http://itachi-HP-Pavilion-Laptop-15-cc1xx:35063/ []: sec=0.00, exception=<Fault -1: 'publisherUpdate: unknown method name'>
[rosmaster.threadpool][ERROR] 2020-01-31 20:36:03,630: Traceback (most recent call last):
  File "/opt/ros/kinetic/lib/python2.7/dist-packages/rosmaster/threadpool.py", line 218, in run
    result = cmd(*args)
  File "/opt/ros/kinetic/lib/python2.7/dist-packages/rosmaster/master_api.py", line 210, in publisher_update_task
    ret = xmlrpcapi(api).publisherUpdate('/master', topic, pub_uris)
  File "/usr/lib/python2.7/xmlrpclib.py", line 1243, in __call__
    return self.__send(self.__name, args)
  File "/usr/lib/python2.7/xmlrpclib.py", line 1602, in __request
    verbose=self.__verbose
  File "/usr/lib/python2.7/xmlrpclib.py", line 1283, in request
    return self.single_request(host, handler, request_body, verbose)
  File "/usr/lib/python2.7/xmlrpclib.py", line 1316, in single_request
    return self.parse_response(response)
  File "/usr/lib/python2.7/xmlrpclib.py", line 1493, in parse_response
    return u.close()
  File "/usr/lib/python2.7/xmlrpclib.py", line 800, in close
    raise Fault(**self._stack[0])
Fault: <Fault -1: 'publisherUpdate: unknown method name'>

[rosmaster.master][INFO] 2020-01-31 20:36:03,931: -PUB [/rosout_agg] /rosout http://itachi-HP-Pavilion-Laptop-15-cc1xx:40105/
[rosmaster.master][INFO] 2020-01-31 20:36:03,931: -SUB [/rosout] /rosout http://itachi-HP-Pavilion-Laptop-15-cc1xx:40105/
[rosmaster.master][INFO] 2020-01-31 20:36:03,932: -SERVICE [/rosout/get_loggers] /rosout rosrpc://itachi-HP-Pavilion-Laptop-15-cc1xx:51017
[rosmaster.master][INFO] 2020-01-31 20:36:03,933: -SERVICE [/rosout/set_logger_level] /rosout rosrpc://itachi-HP-Pavilion-Laptop-15-cc1xx:51017
[rosmaster.main][INFO] 2020-01-31 20:36:03,996: keyboard interrupt, will exit
[rosmaster.main][INFO] 2020-01-31 20:36:03,997: stopping master...
[rospy.core][INFO] 2020-01-31 20:36:03,997: signal_shutdown [atexit]
