[rosmaster.main][INFO] 2019-12-24 18:36:23,315: initialization complete, waiting for shutdown
[rosmaster.main][INFO] 2019-12-24 18:36:23,315: Starting ROS Master Node
[xmlrpc][INFO] 2019-12-24 18:36:23,316: XML-RPC server binding to 0.0.0.0:11311
[xmlrpc][INFO] 2019-12-24 18:36:23,316: Started XML-RPC server [http://itachi-HP-Pavilion-Laptop-15-cc1xx:11311/]
[rosmaster.master][INFO] 2019-12-24 18:36:23,316: Master initialized: port[11311], uri[http://itachi-HP-Pavilion-Laptop-15-cc1xx:11311/]
[xmlrpc][INFO] 2019-12-24 18:36:23,316: xml rpc node: starting XML-RPC server
[rosmaster.master][INFO] 2019-12-24 18:36:23,366: +PARAM [/run_id] by /roslaunch
[rosmaster.master][INFO] 2019-12-24 18:36:23,368: +PARAM [/roslaunch/uris/host_itachi_hp_pavilion_laptop_15_cc1xx__39757] by /roslaunch
[rosmaster.master][INFO] 2019-12-24 18:36:23,458: +PARAM [/usb_cam/image_width] by /roslaunch
[rosmaster.master][INFO] 2019-12-24 18:36:23,458: +PARAM [/usb_cam/video_device] by /roslaunch
[rosmaster.master][INFO] 2019-12-24 18:36:23,458: +PARAM [/rosdistro] by /roslaunch
[rosmaster.master][INFO] 2019-12-24 18:36:23,458: +PARAM [/whycon/targets] by /roslaunch
[rosmaster.master][INFO] 2019-12-24 18:36:23,458: +PARAM [/usb_cam/pixel_format] by /roslaunch
[rosmaster.master][INFO] 2019-12-24 18:36:23,458: +PARAM [/usb_cam/io_method] by /roslaunch
[rosmaster.master][INFO] 2019-12-24 18:36:23,458: +PARAM [/usb_cam/camera_frame_id] by /roslaunch
[rosmaster.master][INFO] 2019-12-24 18:36:23,458: +PARAM [/rosversion] by /roslaunch
[rosmaster.master][INFO] 2019-12-24 18:36:23,458: +PARAM [/whycon/outer_diameter] by /roslaunch
[rosmaster.master][INFO] 2019-12-24 18:36:23,458: +PARAM [/usb_cam/image_height] by /roslaunch
[rosmaster.master][INFO] 2019-12-24 18:36:23,459: +PARAM [/whycon/name] by /roslaunch
[rosmaster.master][INFO] 2019-12-24 18:36:23,459: +PARAM [/whycon/inner_diameter] by /roslaunch
[rosmaster.master][INFO] 2019-12-24 18:36:23,460: +SERVICE [/rosout/get_loggers] /rosout http://itachi-HP-Pavilion-Laptop-15-cc1xx:42931/
[rosmaster.master][INFO] 2019-12-24 18:36:23,460: +SERVICE [/rosout/set_logger_level] /rosout http://itachi-HP-Pavilion-Laptop-15-cc1xx:42931/
[rosmaster.master][INFO] 2019-12-24 18:36:23,461: +PUB [/rosout_agg] /rosout http://itachi-HP-Pavilion-Laptop-15-cc1xx:42931/
[rosmaster.master][INFO] 2019-12-24 18:36:23,464: +SUB [/rosout] /rosout http://itachi-HP-Pavilion-Laptop-15-cc1xx:42931/
[rosmaster.master][INFO] 2019-12-24 18:36:23,481: +PUB [/rosout] /usb_cam http://itachi-HP-Pavilion-Laptop-15-cc1xx:43699/
[rosmaster.master][INFO] 2019-12-24 18:36:23,482: +SERVICE [/usb_cam/get_loggers] /usb_cam http://itachi-HP-Pavilion-Laptop-15-cc1xx:43699/
[rosmaster.master][INFO] 2019-12-24 18:36:23,483: +SERVICE [/usb_cam/set_logger_level] /usb_cam http://itachi-HP-Pavilion-Laptop-15-cc1xx:43699/
[rosmaster.master][INFO] 2019-12-24 18:36:23,493: +PUB [/rosout] /usb_cam/image_proc http://itachi-HP-Pavilion-Laptop-15-cc1xx:37277/
[rosmaster.master][INFO] 2019-12-24 18:36:23,493: +SERVICE [/usb_cam/image_proc/get_loggers] /usb_cam/image_proc http://itachi-HP-Pavilion-Laptop-15-cc1xx:37277/
[rosmaster.master][INFO] 2019-12-24 18:36:23,494: +SERVICE [/usb_cam/image_proc/set_logger_level] /usb_cam/image_proc http://itachi-HP-Pavilion-Laptop-15-cc1xx:37277/
[rosmaster.master][INFO] 2019-12-24 18:36:23,502: +PUB [/rosout] /whycon http://itachi-HP-Pavilion-Laptop-15-cc1xx:33881/
[rosmaster.master][INFO] 2019-12-24 18:36:23,503: +SERVICE [/whycon/get_loggers] /whycon http://itachi-HP-Pavilion-Laptop-15-cc1xx:33881/
[rosmaster.master][INFO] 2019-12-24 18:36:23,504: +PUB [/rosout] /whycon_display/image_view http://itachi-HP-Pavilion-Laptop-15-cc1xx:41143/
[rosmaster.master][INFO] 2019-12-24 18:36:23,505: +SERVICE [/whycon/set_logger_level] /whycon http://itachi-HP-Pavilion-Laptop-15-cc1xx:33881/
[rosmaster.master][INFO] 2019-12-24 18:36:23,505: +SERVICE [/whycon_display/image_view/get_loggers] /whycon_display/image_view http://itachi-HP-Pavilion-Laptop-15-cc1xx:41143/
[rosmaster.master][INFO] 2019-12-24 18:36:23,506: +SERVICE [/whycon_display/image_view/set_logger_level] /whycon_display/image_view http://itachi-HP-Pavilion-Laptop-15-cc1xx:41143/
[rosmaster.master][INFO] 2019-12-24 18:36:23,515: publisherUpdate[/rosout] -> http://itachi-HP-Pavilion-Laptop-15-cc1xx:42931/ ['http://itachi-HP-Pavilion-Laptop-15-cc1xx:43699/']
[rosmaster.master][INFO] 2019-12-24 18:36:23,517: publisherUpdate[/rosout] -> http://itachi-HP-Pavilion-Laptop-15-cc1xx:42931/ ['http://itachi-HP-Pavilion-Laptop-15-cc1xx:43699/']: sec=0.00, result=[1, '', 0]
[rosmaster.master][INFO] 2019-12-24 18:36:23,517: publisherUpdate[/rosout] -> http://itachi-HP-Pavilion-Laptop-15-cc1xx:42931/ ['http://itachi-HP-Pavilion-Laptop-15-cc1xx:43699/', 'http://itachi-HP-Pavilion-Laptop-15-cc1xx:37277/']
[rosmaster.master][INFO] 2019-12-24 18:36:23,518: publisherUpdate[/rosout] -> http://itachi-HP-Pavilion-Laptop-15-cc1xx:42931/ ['http://itachi-HP-Pavilion-Laptop-15-cc1xx:43699/', 'http://itachi-HP-Pavilion-Laptop-15-cc1xx:37277/']: sec=0.00, result=[1, '', 0]
[rosmaster.master][INFO] 2019-12-24 18:36:23,518: publisherUpdate[/rosout] -> http://itachi-HP-Pavilion-Laptop-15-cc1xx:42931/ ['http://itachi-HP-Pavilion-Laptop-15-cc1xx:43699/', 'http://itachi-HP-Pavilion-Laptop-15-cc1xx:37277/', 'http://itachi-HP-Pavilion-Laptop-15-cc1xx:33881/']
[rosmaster.master][INFO] 2019-12-24 18:36:23,519: publisherUpdate[/rosout] -> http://itachi-HP-Pavilion-Laptop-15-cc1xx:42931/ ['http://itachi-HP-Pavilion-Laptop-15-cc1xx:43699/', 'http://itachi-HP-Pavilion-Laptop-15-cc1xx:37277/', 'http://itachi-HP-Pavilion-Laptop-15-cc1xx:33881/']: sec=0.00, result=[1, '', 0]
[rosmaster.master][INFO] 2019-12-24 18:36:23,519: publisherUpdate[/rosout] -> http://itachi-HP-Pavilion-Laptop-15-cc1xx:42931/ ['http://itachi-HP-Pavilion-Laptop-15-cc1xx:43699/', 'http://itachi-HP-Pavilion-Laptop-15-cc1xx:37277/', 'http://itachi-HP-Pavilion-Laptop-15-cc1xx:33881/', 'http://itachi-HP-Pavilion-Laptop-15-cc1xx:41143/']
[rosmaster.master][INFO] 2019-12-24 18:36:23,519: publisherUpdate[/rosout] -> http://itachi-HP-Pavilion-Laptop-15-cc1xx:42931/ ['http://itachi-HP-Pavilion-Laptop-15-cc1xx:43699/', 'http://itachi-HP-Pavilion-Laptop-15-cc1xx:37277/', 'http://itachi-HP-Pavilion-Laptop-15-cc1xx:33881/', 'http://itachi-HP-Pavilion-Laptop-15-cc1xx:41143/']: sec=0.00, result=[1, '', 0]
[rosmaster.master][INFO] 2019-12-24 18:36:23,524: +SERVICE [/usb_cam/image_proc_debayer/set_parameters] /usb_cam/image_proc http://itachi-HP-Pavilion-Laptop-15-cc1xx:37277/
[rosmaster.master][INFO] 2019-12-24 18:36:23,525: +PUB [/usb_cam/image_proc_debayer/parameter_descriptions] /usb_cam/image_proc http://itachi-HP-Pavilion-Laptop-15-cc1xx:37277/
[rosmaster.master][INFO] 2019-12-24 18:36:23,526: +PUB [/usb_cam/image_raw/compressedDepth] /usb_cam http://itachi-HP-Pavilion-Laptop-15-cc1xx:43699/
[rosmaster.master][INFO] 2019-12-24 18:36:23,526: +PUB [/usb_cam/image_proc_debayer/parameter_updates] /usb_cam/image_proc http://itachi-HP-Pavilion-Laptop-15-cc1xx:37277/
[rosmaster.master][INFO] 2019-12-24 18:36:23,527: +SERVICE [/usb_cam/image_raw/compressedDepth/set_parameters] /usb_cam http://itachi-HP-Pavilion-Laptop-15-cc1xx:43699/
[rosmaster.master][INFO] 2019-12-24 18:36:23,528: +PUB [/usb_cam/image_raw/compressedDepth/parameter_descriptions] /usb_cam http://itachi-HP-Pavilion-Laptop-15-cc1xx:43699/
[rosmaster.master][INFO] 2019-12-24 18:36:23,529: +PARAM [/usb_cam/image_proc_debayer/debayer] by /usb_cam/image_proc
[rosmaster.master][INFO] 2019-12-24 18:36:23,530: +PUB [/usb_cam/image_raw/compressedDepth/parameter_updates] /usb_cam http://itachi-HP-Pavilion-Laptop-15-cc1xx:43699/
[rosmaster.master][INFO] 2019-12-24 18:36:23,531: +PARAM [/usb_cam/image_proc_debayer/debayer] by /usb_cam/image_proc
[rosmaster.master][INFO] 2019-12-24 18:36:23,533: +PUB [/usb_cam/image_mono/compressedDepth] /usb_cam/image_proc http://itachi-HP-Pavilion-Laptop-15-cc1xx:37277/
[rosmaster.master][INFO] 2019-12-24 18:36:23,534: +PARAM [/usb_cam/image_raw/compressedDepth/depth_max] by /usb_cam
[rosmaster.master][INFO] 2019-12-24 18:36:23,535: +SERVICE [/usb_cam/image_mono/compressedDepth/set_parameters] /usb_cam/image_proc http://itachi-HP-Pavilion-Laptop-15-cc1xx:37277/
[rosmaster.master][INFO] 2019-12-24 18:36:23,535: +PARAM [/usb_cam/image_raw/compressedDepth/depth_quantization] by /usb_cam
[rosmaster.master][INFO] 2019-12-24 18:36:23,536: +PUB [/usb_cam/image_mono/compressedDepth/parameter_descriptions] /usb_cam/image_proc http://itachi-HP-Pavilion-Laptop-15-cc1xx:37277/
[rosmaster.master][INFO] 2019-12-24 18:36:23,536: +PARAM [/usb_cam/image_raw/compressedDepth/png_level] by /usb_cam
[rosmaster.master][INFO] 2019-12-24 18:36:23,537: +PUB [/usb_cam/image_mono/compressedDepth/parameter_updates] /usb_cam/image_proc http://itachi-HP-Pavilion-Laptop-15-cc1xx:37277/
[rosmaster.master][INFO] 2019-12-24 18:36:23,538: +PARAM [/usb_cam/image_raw/compressedDepth/depth_max] by /usb_cam
[rosmaster.master][INFO] 2019-12-24 18:36:23,539: +PARAM [/usb_cam/image_raw/compressedDepth/depth_quantization] by /usb_cam
[rosmaster.master][INFO] 2019-12-24 18:36:23,540: +PARAM [/usb_cam/image_raw/compressedDepth/png_level] by /usb_cam
[rosmaster.master][INFO] 2019-12-24 18:36:23,541: +PARAM [/usb_cam/image_mono/compressedDepth/depth_max] by /usb_cam/image_proc
[rosmaster.master][INFO] 2019-12-24 18:36:23,542: +PARAM [/usb_cam/image_mono/compressedDepth/depth_quantization] by /usb_cam/image_proc
[rosmaster.master][INFO] 2019-12-24 18:36:23,543: +PUB [/usb_cam/image_raw/compressed] /usb_cam http://itachi-HP-Pavilion-Laptop-15-cc1xx:43699/
[rosmaster.master][INFO] 2019-12-24 18:36:23,544: +PARAM [/usb_cam/image_mono/compressedDepth/png_level] by /usb_cam/image_proc
[rosmaster.master][INFO] 2019-12-24 18:36:23,544: +SERVICE [/usb_cam/image_raw/compressed/set_parameters] /usb_cam http://itachi-HP-Pavilion-Laptop-15-cc1xx:43699/
[rosmaster.master][INFO] 2019-12-24 18:36:23,545: +PARAM [/usb_cam/image_mono/compressedDepth/depth_max] by /usb_cam/image_proc
[rosmaster.master][INFO] 2019-12-24 18:36:23,546: +PUB [/usb_cam/image_raw/compressed/parameter_descriptions] /usb_cam http://itachi-HP-Pavilion-Laptop-15-cc1xx:43699/
[rosmaster.master][INFO] 2019-12-24 18:36:23,548: +PARAM [/usb_cam/image_mono/compressedDepth/depth_quantization] by /usb_cam/image_proc
[rosmaster.master][INFO] 2019-12-24 18:36:23,549: +PUB [/usb_cam/image_raw/compressed/parameter_updates] /usb_cam http://itachi-HP-Pavilion-Laptop-15-cc1xx:43699/
[rosmaster.master][INFO] 2019-12-24 18:36:23,549: +PARAM [/usb_cam/image_mono/compressedDepth/png_level] by /usb_cam/image_proc
[rosmaster.master][INFO] 2019-12-24 18:36:23,551: +PUB [/usb_cam/image_mono/compressed] /usb_cam/image_proc http://itachi-HP-Pavilion-Laptop-15-cc1xx:37277/
[rosmaster.master][INFO] 2019-12-24 18:36:23,553: +SERVICE [/usb_cam/image_mono/compressed/set_parameters] /usb_cam/image_proc http://itachi-HP-Pavilion-Laptop-15-cc1xx:37277/
[rosmaster.master][INFO] 2019-12-24 18:36:23,555: +PARAM [/usb_cam/image_raw/compressed/format] by /usb_cam
[rosmaster.master][INFO] 2019-12-24 18:36:23,555: +PUB [/usb_cam/image_mono/compressed/parameter_descriptions] /usb_cam/image_proc http://itachi-HP-Pavilion-Laptop-15-cc1xx:37277/
[rosmaster.master][INFO] 2019-12-24 18:36:23,557: +PARAM [/usb_cam/image_raw/compressed/jpeg_quality] by /usb_cam
[rosmaster.master][INFO] 2019-12-24 18:36:23,558: +PUB [/usb_cam/image_mono/compressed/parameter_updates] /usb_cam/image_proc http://itachi-HP-Pavilion-Laptop-15-cc1xx:37277/
[rosmaster.master][INFO] 2019-12-24 18:36:23,559: +PARAM [/usb_cam/image_raw/compressed/png_level] by /usb_cam
[rosmaster.master][INFO] 2019-12-24 18:36:23,560: +PARAM [/usb_cam/image_raw/compressed/format] by /usb_cam
[rosmaster.master][INFO] 2019-12-24 18:36:23,562: +PARAM [/usb_cam/image_raw/compressed/jpeg_quality] by /usb_cam
[rosmaster.master][INFO] 2019-12-24 18:36:23,564: +PARAM [/usb_cam/image_raw/compressed/png_level] by /usb_cam
[rosmaster.master][INFO] 2019-12-24 18:36:23,564: +PARAM [/usb_cam/image_mono/compressed/format] by /usb_cam/image_proc
[rosmaster.master][INFO] 2019-12-24 18:36:23,566: +PARAM [/usb_cam/image_mono/compressed/jpeg_quality] by /usb_cam/image_proc
[rosmaster.master][INFO] 2019-12-24 18:36:23,566: +PUB [/usb_cam/image_raw] /usb_cam http://itachi-HP-Pavilion-Laptop-15-cc1xx:43699/
[rosmaster.master][INFO] 2019-12-24 18:36:23,568: +PARAM [/usb_cam/image_mono/compressed/png_level] by /usb_cam/image_proc
[rosmaster.master][INFO] 2019-12-24 18:36:23,569: +PUB [/usb_cam/image_raw/theora] /usb_cam http://itachi-HP-Pavilion-Laptop-15-cc1xx:43699/
[rosmaster.master][INFO] 2019-12-24 18:36:23,569: +PARAM [/usb_cam/image_mono/compressed/format] by /usb_cam/image_proc
[rosmaster.master][INFO] 2019-12-24 18:36:23,570: +PUB [/tf] /whycon http://itachi-HP-Pavilion-Laptop-15-cc1xx:33881/
[rosmaster.master][INFO] 2019-12-24 18:36:23,571: +SERVICE [/usb_cam/image_raw/theora/set_parameters] /usb_cam http://itachi-HP-Pavilion-Laptop-15-cc1xx:43699/
[rosmaster.master][INFO] 2019-12-24 18:36:23,571: +PARAM [/usb_cam/image_mono/compressed/jpeg_quality] by /usb_cam/image_proc
[rosmaster.master][INFO] 2019-12-24 18:36:23,572: +PUB [/usb_cam/image_raw/theora/parameter_descriptions] /usb_cam http://itachi-HP-Pavilion-Laptop-15-cc1xx:43699/
[rosmaster.master][INFO] 2019-12-24 18:36:23,573: +PARAM [/usb_cam/image_mono/compressed/png_level] by /usb_cam/image_proc
[rosmaster.master][INFO] 2019-12-24 18:36:23,574: +PUB [/usb_cam/image_raw/theora/parameter_updates] /usb_cam http://itachi-HP-Pavilion-Laptop-15-cc1xx:43699/
[rosmaster.master][INFO] 2019-12-24 18:36:23,575: +PUB [/usb_cam/image_mono] /usb_cam/image_proc http://itachi-HP-Pavilion-Laptop-15-cc1xx:37277/
[rosmaster.master][INFO] 2019-12-24 18:36:23,578: +PUB [/usb_cam/image_mono/theora] /usb_cam/image_proc http://itachi-HP-Pavilion-Laptop-15-cc1xx:37277/
[rosmaster.master][INFO] 2019-12-24 18:36:23,580: +SERVICE [/usb_cam/image_mono/theora/set_parameters] /usb_cam/image_proc http://itachi-HP-Pavilion-Laptop-15-cc1xx:37277/
[rosmaster.master][INFO] 2019-12-24 18:36:23,580: +PARAM [/usb_cam/image_raw/theora/optimize_for] by /usb_cam
[rosmaster.master][INFO] 2019-12-24 18:36:23,583: +PUB [/usb_cam/image_mono/theora/parameter_descriptions] /usb_cam/image_proc http://itachi-HP-Pavilion-Laptop-15-cc1xx:37277/
[rosmaster.master][INFO] 2019-12-24 18:36:23,584: +PARAM [/usb_cam/image_raw/theora/target_bitrate] by /usb_cam
[rosmaster.master][INFO] 2019-12-24 18:36:23,584: +SUB [/usb_cam/image_rect_color] /whycon http://itachi-HP-Pavilion-Laptop-15-cc1xx:33881/
[rosmaster.master][INFO] 2019-12-24 18:36:23,585: +PUB [/usb_cam/image_mono/theora/parameter_updates] /usb_cam/image_proc http://itachi-HP-Pavilion-Laptop-15-cc1xx:37277/
[rosmaster.master][INFO] 2019-12-24 18:36:23,586: +PARAM [/usb_cam/image_raw/theora/quality] by /usb_cam
[rosmaster.master][INFO] 2019-12-24 18:36:23,587: +PARAM [/usb_cam/image_raw/theora/keyframe_frequency] by /usb_cam
[rosmaster.master][INFO] 2019-12-24 18:36:23,589: +PARAM [/usb_cam/image_raw/theora/optimize_for] by /usb_cam
[rosmaster.master][INFO] 2019-12-24 18:36:23,591: +PARAM [/usb_cam/image_raw/theora/target_bitrate] by /usb_cam
[rosmaster.master][INFO] 2019-12-24 18:36:23,592: +PARAM [/usb_cam/image_mono/theora/optimize_for] by /usb_cam/image_proc
[rosmaster.master][INFO] 2019-12-24 18:36:23,592: +PARAM [/usb_cam/image_raw/theora/quality] by /usb_cam
[rosmaster.master][INFO] 2019-12-24 18:36:23,593: +SUB [/usb_cam/camera_info] /whycon http://itachi-HP-Pavilion-Laptop-15-cc1xx:33881/
[rosmaster.master][INFO] 2019-12-24 18:36:23,594: +PARAM [/usb_cam/image_raw/theora/keyframe_frequency] by /usb_cam
[rosmaster.master][INFO] 2019-12-24 18:36:23,594: +PARAM [/usb_cam/image_mono/theora/target_bitrate] by /usb_cam/image_proc
[rosmaster.master][INFO] 2019-12-24 18:36:23,595: +PUB [/whycon/image_out] /whycon http://itachi-HP-Pavilion-Laptop-15-cc1xx:33881/
[rosmaster.master][INFO] 2019-12-24 18:36:23,596: +PUB [/usb_cam/camera_info] /usb_cam http://itachi-HP-Pavilion-Laptop-15-cc1xx:43699/
[rosmaster.master][INFO] 2019-12-24 18:36:23,596: +PARAM [/usb_cam/image_mono/theora/quality] by /usb_cam/image_proc
[rosmaster.master][INFO] 2019-12-24 18:36:23,597: +PUB [/whycon/poses] /whycon http://itachi-HP-Pavilion-Laptop-15-cc1xx:33881/
[rosmaster.master][INFO] 2019-12-24 18:36:23,599: +PARAM [/usb_cam/image_mono/theora/keyframe_frequency] by /usb_cam/image_proc
[rosmaster.master][INFO] 2019-12-24 18:36:23,600: +PUB [/whycon/context] /whycon http://itachi-HP-Pavilion-Laptop-15-cc1xx:33881/
[rosmaster.master][INFO] 2019-12-24 18:36:23,601: +PARAM [/usb_cam/image_mono/theora/optimize_for] by /usb_cam/image_proc
[rosmaster.master][INFO] 2019-12-24 18:36:23,602: +PUB [/whycon/projection] /whycon http://itachi-HP-Pavilion-Laptop-15-cc1xx:33881/
[rosmaster.master][INFO] 2019-12-24 18:36:23,603: +PARAM [/usb_cam/image_mono/theora/target_bitrate] by /usb_cam/image_proc
[rosmaster.master][INFO] 2019-12-24 18:36:23,603: +SERVICE [/whycon/reset] /whycon http://itachi-HP-Pavilion-Laptop-15-cc1xx:33881/
[rosmaster.master][INFO] 2019-12-24 18:36:23,604: +PARAM [/usb_cam/image_mono/theora/quality] by /usb_cam/image_proc
[rosmaster.master][INFO] 2019-12-24 18:36:23,605: +PARAM [/usb_cam/image_mono/theora/keyframe_frequency] by /usb_cam/image_proc
[rosmaster.master][INFO] 2019-12-24 18:36:23,607: +PUB [/usb_cam/image_color/compressedDepth] /usb_cam/image_proc http://itachi-HP-Pavilion-Laptop-15-cc1xx:37277/
[rosmaster.master][INFO] 2019-12-24 18:36:23,608: +SERVICE [/usb_cam/image_color/compressedDepth/set_parameters] /usb_cam/image_proc http://itachi-HP-Pavilion-Laptop-15-cc1xx:37277/
[rosmaster.master][INFO] 2019-12-24 18:36:23,609: +PUB [/usb_cam/image_color/compressedDepth/parameter_descriptions] /usb_cam/image_proc http://itachi-HP-Pavilion-Laptop-15-cc1xx:37277/
[rosmaster.master][INFO] 2019-12-24 18:36:23,610: +PUB [/usb_cam/image_color/compressedDepth/parameter_updates] /usb_cam/image_proc http://itachi-HP-Pavilion-Laptop-15-cc1xx:37277/
[rosmaster.master][INFO] 2019-12-24 18:36:23,614: +PARAM [/usb_cam/image_color/compressedDepth/depth_max] by /usb_cam/image_proc
[rosmaster.master][INFO] 2019-12-24 18:36:23,615: +PARAM [/usb_cam/image_color/compressedDepth/depth_quantization] by /usb_cam/image_proc
[rosmaster.master][INFO] 2019-12-24 18:36:23,616: +PARAM [/usb_cam/image_color/compressedDepth/png_level] by /usb_cam/image_proc
[rosmaster.master][INFO] 2019-12-24 18:36:23,617: publisherUpdate[/usb_cam/camera_info] -> http://itachi-HP-Pavilion-Laptop-15-cc1xx:33881/ ['http://itachi-HP-Pavilion-Laptop-15-cc1xx:43699/']
[rosmaster.master][INFO] 2019-12-24 18:36:23,618: publisherUpdate[/usb_cam/camera_info] -> http://itachi-HP-Pavilion-Laptop-15-cc1xx:33881/ ['http://itachi-HP-Pavilion-Laptop-15-cc1xx:43699/']: sec=0.00, result=[1, '', 0]
[rosmaster.master][INFO] 2019-12-24 18:36:23,619: +PARAM [/usb_cam/image_color/compressedDepth/depth_max] by /usb_cam/image_proc
[rosmaster.master][INFO] 2019-12-24 18:36:23,621: +PARAM [/usb_cam/image_color/compressedDepth/depth_quantization] by /usb_cam/image_proc
[rosmaster.master][INFO] 2019-12-24 18:36:23,625: +PARAM [/usb_cam/image_color/compressedDepth/png_level] by /usb_cam/image_proc
[rosmaster.master][INFO] 2019-12-24 18:36:23,627: +PUB [/usb_cam/image_color/compressed] /usb_cam/image_proc http://itachi-HP-Pavilion-Laptop-15-cc1xx:37277/
[rosmaster.master][INFO] 2019-12-24 18:36:23,629: +SERVICE [/usb_cam/image_color/compressed/set_parameters] /usb_cam/image_proc http://itachi-HP-Pavilion-Laptop-15-cc1xx:37277/
[rosmaster.master][INFO] 2019-12-24 18:36:23,630: +SERVICE [/usb_cam/set_camera_info] /usb_cam http://itachi-HP-Pavilion-Laptop-15-cc1xx:43699/
[rosmaster.master][INFO] 2019-12-24 18:36:23,632: +PUB [/usb_cam/image_color/compressed/parameter_descriptions] /usb_cam/image_proc http://itachi-HP-Pavilion-Laptop-15-cc1xx:37277/
[rosmaster.master][INFO] 2019-12-24 18:36:23,634: +SERVICE [/usb_cam/start_capture] /usb_cam http://itachi-HP-Pavilion-Laptop-15-cc1xx:43699/
[rosmaster.master][INFO] 2019-12-24 18:36:23,636: +PUB [/usb_cam/image_color/compressed/parameter_updates] /usb_cam/image_proc http://itachi-HP-Pavilion-Laptop-15-cc1xx:37277/
[rosmaster.master][INFO] 2019-12-24 18:36:23,638: +SERVICE [/usb_cam/stop_capture] /usb_cam http://itachi-HP-Pavilion-Laptop-15-cc1xx:43699/
[rosmaster.master][INFO] 2019-12-24 18:36:23,641: +PARAM [/usb_cam/image_color/compressed/format] by /usb_cam/image_proc
[rosmaster.master][INFO] 2019-12-24 18:36:23,643: +PARAM [/usb_cam/image_color/compressed/jpeg_quality] by /usb_cam/image_proc
[rosmaster.master][INFO] 2019-12-24 18:36:23,644: +PARAM [/usb_cam/image_color/compressed/png_level] by /usb_cam/image_proc
[rosmaster.master][INFO] 2019-12-24 18:36:23,645: +PARAM [/usb_cam/image_color/compressed/format] by /usb_cam/image_proc
[rosmaster.master][INFO] 2019-12-24 18:36:23,645: +PARAM [/usb_cam/image_color/compressed/jpeg_quality] by /usb_cam/image_proc
[rosmaster.master][INFO] 2019-12-24 18:36:23,646: +PARAM [/usb_cam/image_color/compressed/png_level] by /usb_cam/image_proc
[rosmaster.master][INFO] 2019-12-24 18:36:23,647: +PUB [/usb_cam/image_color] /usb_cam/image_proc http://itachi-HP-Pavilion-Laptop-15-cc1xx:37277/
[rosmaster.master][INFO] 2019-12-24 18:36:23,650: +PUB [/usb_cam/image_color/theora] /usb_cam/image_proc http://itachi-HP-Pavilion-Laptop-15-cc1xx:37277/
[rosmaster.master][INFO] 2019-12-24 18:36:23,652: +SERVICE [/usb_cam/image_color/theora/set_parameters] /usb_cam/image_proc http://itachi-HP-Pavilion-Laptop-15-cc1xx:37277/
[rosmaster.master][INFO] 2019-12-24 18:36:23,653: +PUB [/usb_cam/image_color/theora/parameter_descriptions] /usb_cam/image_proc http://itachi-HP-Pavilion-Laptop-15-cc1xx:37277/
[rosmaster.master][INFO] 2019-12-24 18:36:23,653: +PUB [/usb_cam/image_color/theora/parameter_updates] /usb_cam/image_proc http://itachi-HP-Pavilion-Laptop-15-cc1xx:37277/
[rosmaster.master][INFO] 2019-12-24 18:36:23,657: +PARAM [/usb_cam/image_color/theora/optimize_for] by /usb_cam/image_proc
[rosmaster.master][INFO] 2019-12-24 18:36:23,657: +PARAM [/usb_cam/image_color/theora/target_bitrate] by /usb_cam/image_proc
[rosmaster.master][INFO] 2019-12-24 18:36:23,658: +PARAM [/usb_cam/image_color/theora/quality] by /usb_cam/image_proc
[rosmaster.master][INFO] 2019-12-24 18:36:23,659: +PARAM [/usb_cam/image_color/theora/keyframe_frequency] by /usb_cam/image_proc
[rosmaster.master][INFO] 2019-12-24 18:36:23,659: +PARAM [/usb_cam/image_color/theora/optimize_for] by /usb_cam/image_proc
[rosmaster.master][INFO] 2019-12-24 18:36:23,660: +PARAM [/usb_cam/image_color/theora/target_bitrate] by /usb_cam/image_proc
[rosmaster.master][INFO] 2019-12-24 18:36:23,660: +PARAM [/usb_cam/image_color/theora/quality] by /usb_cam/image_proc
[rosmaster.master][INFO] 2019-12-24 18:36:23,661: +PARAM [/usb_cam/image_color/theora/keyframe_frequency] by /usb_cam/image_proc
[rosmaster.master][INFO] 2019-12-24 18:36:23,663: +SERVICE [/usb_cam/image_proc_rectify_mono/set_parameters] /usb_cam/image_proc http://itachi-HP-Pavilion-Laptop-15-cc1xx:37277/
[rosmaster.master][INFO] 2019-12-24 18:36:23,666: +PUB [/usb_cam/image_proc_rectify_mono/parameter_descriptions] /usb_cam/image_proc http://itachi-HP-Pavilion-Laptop-15-cc1xx:37277/
[rosmaster.master][INFO] 2019-12-24 18:36:23,667: +PUB [/usb_cam/image_proc_rectify_mono/parameter_updates] /usb_cam/image_proc http://itachi-HP-Pavilion-Laptop-15-cc1xx:37277/
[rosmaster.master][INFO] 2019-12-24 18:36:23,668: +PARAM [/usb_cam/image_proc_rectify_mono/interpolation] by /usb_cam/image_proc
[rosmaster.master][INFO] 2019-12-24 18:36:23,668: +PARAM [/usb_cam/image_proc_rectify_mono/interpolation] by /usb_cam/image_proc
[rosmaster.master][INFO] 2019-12-24 18:36:23,670: +PUB [/usb_cam/image_rect/compressedDepth] /usb_cam/image_proc http://itachi-HP-Pavilion-Laptop-15-cc1xx:37277/
[rosmaster.master][INFO] 2019-12-24 18:36:23,670: +SERVICE [/usb_cam/image_rect/compressedDepth/set_parameters] /usb_cam/image_proc http://itachi-HP-Pavilion-Laptop-15-cc1xx:37277/
[rosmaster.master][INFO] 2019-12-24 18:36:23,671: +PUB [/usb_cam/image_rect/compressedDepth/parameter_descriptions] /usb_cam/image_proc http://itachi-HP-Pavilion-Laptop-15-cc1xx:37277/
[rosmaster.master][INFO] 2019-12-24 18:36:23,671: +PUB [/usb_cam/image_rect/compressedDepth/parameter_updates] /usb_cam/image_proc http://itachi-HP-Pavilion-Laptop-15-cc1xx:37277/
[rosmaster.master][INFO] 2019-12-24 18:36:23,674: +PARAM [/usb_cam/image_rect/compressedDepth/depth_max] by /usb_cam/image_proc
[rosmaster.master][INFO] 2019-12-24 18:36:23,674: +PARAM [/usb_cam/image_rect/compressedDepth/depth_quantization] by /usb_cam/image_proc
[rosmaster.master][INFO] 2019-12-24 18:36:23,675: +PARAM [/usb_cam/image_rect/compressedDepth/png_level] by /usb_cam/image_proc
[rosmaster.master][INFO] 2019-12-24 18:36:23,676: +PARAM [/usb_cam/image_rect/compressedDepth/depth_max] by /usb_cam/image_proc
[rosmaster.master][INFO] 2019-12-24 18:36:23,677: +PARAM [/usb_cam/image_rect/compressedDepth/depth_quantization] by /usb_cam/image_proc
[rosmaster.master][INFO] 2019-12-24 18:36:23,678: +PARAM [/usb_cam/image_rect/compressedDepth/png_level] by /usb_cam/image_proc
[rosmaster.master][INFO] 2019-12-24 18:36:23,679: +PUB [/usb_cam/image_rect/compressed] /usb_cam/image_proc http://itachi-HP-Pavilion-Laptop-15-cc1xx:37277/
[rosmaster.master][INFO] 2019-12-24 18:36:23,679: +SUB [/whycon/image_out] /whycon_display/image_view http://itachi-HP-Pavilion-Laptop-15-cc1xx:41143/
[rosmaster.master][INFO] 2019-12-24 18:36:23,680: +SERVICE [/usb_cam/image_rect/compressed/set_parameters] /usb_cam/image_proc http://itachi-HP-Pavilion-Laptop-15-cc1xx:37277/
[rosmaster.master][INFO] 2019-12-24 18:36:23,682: +PUB [/whycon_display/image_view/output] /whycon_display/image_view http://itachi-HP-Pavilion-Laptop-15-cc1xx:41143/
[rosmaster.master][INFO] 2019-12-24 18:36:23,683: +PUB [/usb_cam/image_rect/compressed/parameter_descriptions] /usb_cam/image_proc http://itachi-HP-Pavilion-Laptop-15-cc1xx:37277/
[rosmaster.master][INFO] 2019-12-24 18:36:23,683: +SERVICE [/whycon_display/image_view/set_parameters] /whycon_display/image_view http://itachi-HP-Pavilion-Laptop-15-cc1xx:41143/
[rosmaster.master][INFO] 2019-12-24 18:36:23,684: +PUB [/usb_cam/image_rect/compressed/parameter_updates] /usb_cam/image_proc http://itachi-HP-Pavilion-Laptop-15-cc1xx:37277/
[rosmaster.master][INFO] 2019-12-24 18:36:23,685: +PUB [/whycon_display/image_view/parameter_descriptions] /whycon_display/image_view http://itachi-HP-Pavilion-Laptop-15-cc1xx:41143/
[rosmaster.master][INFO] 2019-12-24 18:36:23,686: +PUB [/whycon_display/image_view/parameter_updates] /whycon_display/image_view http://itachi-HP-Pavilion-Laptop-15-cc1xx:41143/
[rosmaster.master][INFO] 2019-12-24 18:36:23,687: +PARAM [/usb_cam/image_rect/compressed/format] by /usb_cam/image_proc
[rosmaster.master][INFO] 2019-12-24 18:36:23,688: +PARAM [/usb_cam/image_rect/compressed/jpeg_quality] by /usb_cam/image_proc
[rosmaster.master][INFO] 2019-12-24 18:36:23,689: +PARAM [/usb_cam/image_rect/compressed/png_level] by /usb_cam/image_proc
[rosmaster.master][INFO] 2019-12-24 18:36:23,690: +PARAM [/usb_cam/image_rect/compressed/format] by /usb_cam/image_proc
[rosmaster.master][INFO] 2019-12-24 18:36:23,691: +PARAM [/whycon_display/image_view/do_dynamic_scaling] by /whycon_display/image_view
[rosmaster.master][INFO] 2019-12-24 18:36:23,691: +PARAM [/usb_cam/image_rect/compressed/jpeg_quality] by /usb_cam/image_proc
[rosmaster.master][INFO] 2019-12-24 18:36:23,692: +PARAM [/whycon_display/image_view/colormap] by /whycon_display/image_view
[rosmaster.master][INFO] 2019-12-24 18:36:23,692: +PARAM [/usb_cam/image_rect/compressed/png_level] by /usb_cam/image_proc
[rosmaster.master][INFO] 2019-12-24 18:36:23,693: +PARAM [/whycon_display/image_view/min_image_value] by /whycon_display/image_view
[rosmaster.master][INFO] 2019-12-24 18:36:23,693: +PUB [/usb_cam/image_rect] /usb_cam/image_proc http://itachi-HP-Pavilion-Laptop-15-cc1xx:37277/
[rosmaster.master][INFO] 2019-12-24 18:36:23,694: +PARAM [/whycon_display/image_view/max_image_value] by /whycon_display/image_view
[rosmaster.master][INFO] 2019-12-24 18:36:23,694: +PUB [/usb_cam/image_rect/theora] /usb_cam/image_proc http://itachi-HP-Pavilion-Laptop-15-cc1xx:37277/
[rosmaster.master][INFO] 2019-12-24 18:36:23,695: +PARAM [/whycon_display/image_view/do_dynamic_scaling] by /whycon_display/image_view
[rosmaster.master][INFO] 2019-12-24 18:36:23,695: +SERVICE [/usb_cam/image_rect/theora/set_parameters] /usb_cam/image_proc http://itachi-HP-Pavilion-Laptop-15-cc1xx:37277/
[rosmaster.master][INFO] 2019-12-24 18:36:23,696: +PARAM [/whycon_display/image_view/colormap] by /whycon_display/image_view
[rosmaster.master][INFO] 2019-12-24 18:36:23,698: +PUB [/usb_cam/image_rect/theora/parameter_descriptions] /usb_cam/image_proc http://itachi-HP-Pavilion-Laptop-15-cc1xx:37277/
[rosmaster.master][INFO] 2019-12-24 18:36:23,699: +PARAM [/whycon_display/image_view/min_image_value] by /whycon_display/image_view
[rosmaster.master][INFO] 2019-12-24 18:36:23,700: +PUB [/usb_cam/image_rect/theora/parameter_updates] /usb_cam/image_proc http://itachi-HP-Pavilion-Laptop-15-cc1xx:37277/
[rosmaster.master][INFO] 2019-12-24 18:36:23,700: +PARAM [/whycon_display/image_view/max_image_value] by /whycon_display/image_view
[rosmaster.master][INFO] 2019-12-24 18:36:23,702: +PARAM [/usb_cam/image_rect/theora/optimize_for] by /usb_cam/image_proc
[rosmaster.master][INFO] 2019-12-24 18:36:23,703: +PARAM [/usb_cam/image_rect/theora/target_bitrate] by /usb_cam/image_proc
[rosmaster.master][INFO] 2019-12-24 18:36:23,703: +PARAM [/usb_cam/image_rect/theora/quality] by /usb_cam/image_proc
[rosmaster.master][INFO] 2019-12-24 18:36:23,704: +PARAM [/usb_cam/image_rect/theora/keyframe_frequency] by /usb_cam/image_proc
[rosmaster.master][INFO] 2019-12-24 18:36:23,704: +PARAM [/usb_cam/image_rect/theora/optimize_for] by /usb_cam/image_proc
[rosmaster.master][INFO] 2019-12-24 18:36:23,705: +PARAM [/usb_cam/image_rect/theora/target_bitrate] by /usb_cam/image_proc
[rosmaster.master][INFO] 2019-12-24 18:36:23,705: +PARAM [/usb_cam/image_rect/theora/quality] by /usb_cam/image_proc
[rosmaster.master][INFO] 2019-12-24 18:36:23,706: +PARAM [/usb_cam/image_rect/theora/keyframe_frequency] by /usb_cam/image_proc
[rosmaster.master][INFO] 2019-12-24 18:36:23,708: +SERVICE [/usb_cam/image_proc_rectify_color/set_parameters] /usb_cam/image_proc http://itachi-HP-Pavilion-Laptop-15-cc1xx:37277/
[rosmaster.master][INFO] 2019-12-24 18:36:23,708: +PUB [/usb_cam/image_proc_rectify_color/parameter_descriptions] /usb_cam/image_proc http://itachi-HP-Pavilion-Laptop-15-cc1xx:37277/
[rosmaster.master][INFO] 2019-12-24 18:36:23,709: +PUB [/usb_cam/image_proc_rectify_color/parameter_updates] /usb_cam/image_proc http://itachi-HP-Pavilion-Laptop-15-cc1xx:37277/
[rosmaster.master][INFO] 2019-12-24 18:36:23,710: +PARAM [/usb_cam/image_proc_rectify_color/interpolation] by /usb_cam/image_proc
[rosmaster.master][INFO] 2019-12-24 18:36:23,711: +PARAM [/usb_cam/image_proc_rectify_color/interpolation] by /usb_cam/image_proc
[rosmaster.master][INFO] 2019-12-24 18:36:23,712: +PUB [/usb_cam/image_rect_color/compressedDepth] /usb_cam/image_proc http://itachi-HP-Pavilion-Laptop-15-cc1xx:37277/
[rosmaster.master][INFO] 2019-12-24 18:36:23,712: +SERVICE [/usb_cam/image_rect_color/compressedDepth/set_parameters] /usb_cam/image_proc http://itachi-HP-Pavilion-Laptop-15-cc1xx:37277/
[rosmaster.master][INFO] 2019-12-24 18:36:23,713: +PUB [/usb_cam/image_rect_color/compressedDepth/parameter_descriptions] /usb_cam/image_proc http://itachi-HP-Pavilion-Laptop-15-cc1xx:37277/
[rosmaster.master][INFO] 2019-12-24 18:36:23,715: +PUB [/usb_cam/image_rect_color/compressedDepth/parameter_updates] /usb_cam/image_proc http://itachi-HP-Pavilion-Laptop-15-cc1xx:37277/
[rosmaster.master][INFO] 2019-12-24 18:36:23,716: +PARAM [/usb_cam/image_rect_color/compressedDepth/depth_max] by /usb_cam/image_proc
[rosmaster.master][INFO] 2019-12-24 18:36:23,717: +PARAM [/usb_cam/image_rect_color/compressedDepth/depth_quantization] by /usb_cam/image_proc
[rosmaster.master][INFO] 2019-12-24 18:36:23,717: +PARAM [/usb_cam/image_rect_color/compressedDepth/png_level] by /usb_cam/image_proc
[rosmaster.master][INFO] 2019-12-24 18:36:23,718: +PARAM [/usb_cam/image_rect_color/compressedDepth/depth_max] by /usb_cam/image_proc
[rosmaster.master][INFO] 2019-12-24 18:36:23,718: +PARAM [/usb_cam/image_rect_color/compressedDepth/depth_quantization] by /usb_cam/image_proc
[rosmaster.master][INFO] 2019-12-24 18:36:23,719: +PARAM [/usb_cam/image_rect_color/compressedDepth/png_level] by /usb_cam/image_proc
[rosmaster.master][INFO] 2019-12-24 18:36:23,720: +PUB [/usb_cam/image_rect_color/compressed] /usb_cam/image_proc http://itachi-HP-Pavilion-Laptop-15-cc1xx:37277/
[rosmaster.master][INFO] 2019-12-24 18:36:23,720: +SERVICE [/usb_cam/image_rect_color/compressed/set_parameters] /usb_cam/image_proc http://itachi-HP-Pavilion-Laptop-15-cc1xx:37277/
[rosmaster.master][INFO] 2019-12-24 18:36:23,721: +PUB [/usb_cam/image_rect_color/compressed/parameter_descriptions] /usb_cam/image_proc http://itachi-HP-Pavilion-Laptop-15-cc1xx:37277/
[rosmaster.master][INFO] 2019-12-24 18:36:23,722: +PUB [/usb_cam/image_rect_color/compressed/parameter_updates] /usb_cam/image_proc http://itachi-HP-Pavilion-Laptop-15-cc1xx:37277/
[rosmaster.master][INFO] 2019-12-24 18:36:23,723: +PARAM [/usb_cam/image_rect_color/compressed/format] by /usb_cam/image_proc
[rosmaster.master][INFO] 2019-12-24 18:36:23,724: +PARAM [/usb_cam/image_rect_color/compressed/jpeg_quality] by /usb_cam/image_proc
[rosmaster.master][INFO] 2019-12-24 18:36:23,724: +PARAM [/usb_cam/image_rect_color/compressed/png_level] by /usb_cam/image_proc
[rosmaster.master][INFO] 2019-12-24 18:36:23,725: +PARAM [/usb_cam/image_rect_color/compressed/format] by /usb_cam/image_proc
[rosmaster.master][INFO] 2019-12-24 18:36:23,725: +PARAM [/usb_cam/image_rect_color/compressed/jpeg_quality] by /usb_cam/image_proc
[rosmaster.master][INFO] 2019-12-24 18:36:23,726: +PARAM [/usb_cam/image_rect_color/compressed/png_level] by /usb_cam/image_proc
[rosmaster.master][INFO] 2019-12-24 18:36:23,726: +PUB [/usb_cam/image_rect_color] /usb_cam/image_proc http://itachi-HP-Pavilion-Laptop-15-cc1xx:37277/
[rosmaster.master][INFO] 2019-12-24 18:36:23,727: +PUB [/usb_cam/image_rect_color/theora] /usb_cam/image_proc http://itachi-HP-Pavilion-Laptop-15-cc1xx:37277/
[rosmaster.master][INFO] 2019-12-24 18:36:23,727: +SERVICE [/usb_cam/image_rect_color/theora/set_parameters] /usb_cam/image_proc http://itachi-HP-Pavilion-Laptop-15-cc1xx:37277/
[rosmaster.master][INFO] 2019-12-24 18:36:23,728: +PUB [/usb_cam/image_rect_color/theora/parameter_descriptions] /usb_cam/image_proc http://itachi-HP-Pavilion-Laptop-15-cc1xx:37277/
[rosmaster.master][INFO] 2019-12-24 18:36:23,728: +PUB [/usb_cam/image_rect_color/theora/parameter_updates] /usb_cam/image_proc http://itachi-HP-Pavilion-Laptop-15-cc1xx:37277/
[rosmaster.master][INFO] 2019-12-24 18:36:23,731: +PARAM [/usb_cam/image_rect_color/theora/optimize_for] by /usb_cam/image_proc
[rosmaster.master][INFO] 2019-12-24 18:36:23,732: +PARAM [/usb_cam/image_rect_color/theora/target_bitrate] by /usb_cam/image_proc
[rosmaster.master][INFO] 2019-12-24 18:36:23,732: +PARAM [/usb_cam/image_rect_color/theora/quality] by /usb_cam/image_proc
[rosmaster.master][INFO] 2019-12-24 18:36:23,733: +PARAM [/usb_cam/image_rect_color/theora/keyframe_frequency] by /usb_cam/image_proc
[rosmaster.master][INFO] 2019-12-24 18:36:23,733: +PARAM [/usb_cam/image_rect_color/theora/optimize_for] by /usb_cam/image_proc
[rosmaster.master][INFO] 2019-12-24 18:36:23,734: +PARAM [/usb_cam/image_rect_color/theora/target_bitrate] by /usb_cam/image_proc
[rosmaster.master][INFO] 2019-12-24 18:36:23,734: +PARAM [/usb_cam/image_rect_color/theora/quality] by /usb_cam/image_proc
[rosmaster.master][INFO] 2019-12-24 18:36:23,735: +PARAM [/usb_cam/image_rect_color/theora/keyframe_frequency] by /usb_cam/image_proc
[rosmaster.master][INFO] 2019-12-24 18:36:23,818: publisherUpdate[/usb_cam/image_rect_color] -> http://itachi-HP-Pavilion-Laptop-15-cc1xx:33881/ ['http://itachi-HP-Pavilion-Laptop-15-cc1xx:37277/']
[rosmaster.master][INFO] 2019-12-24 18:36:23,820: publisherUpdate[/usb_cam/image_rect_color] -> http://itachi-HP-Pavilion-Laptop-15-cc1xx:33881/ ['http://itachi-HP-Pavilion-Laptop-15-cc1xx:37277/']: sec=0.00, result=[1, '', 0]
[rosmaster.master][INFO] 2019-12-24 18:36:23,937: +SUB [/usb_cam/image_color] /usb_cam/image_proc http://itachi-HP-Pavilion-Laptop-15-cc1xx:37277/
[rosmaster.master][INFO] 2019-12-24 18:36:23,950: +SUB [/usb_cam/camera_info] /usb_cam/image_proc http://itachi-HP-Pavilion-Laptop-15-cc1xx:37277/
[rosmaster.master][INFO] 2019-12-24 18:36:23,962: +SUB [/usb_cam/image_raw] /usb_cam/image_proc http://itachi-HP-Pavilion-Laptop-15-cc1xx:37277/
[rosmaster.master][INFO] 2019-12-24 18:39:34,929: +PUB [/rosout] /DroneNode http://itachi-HP-Pavilion-Laptop-15-cc1xx:39975/
[rosmaster.master][INFO] 2019-12-24 18:39:34,930: +SERVICE [/DroneNode/get_loggers] /DroneNode http://itachi-HP-Pavilion-Laptop-15-cc1xx:39975/
[rosmaster.master][INFO] 2019-12-24 18:39:34,931: +SERVICE [/DroneNode/set_logger_level] /DroneNode http://itachi-HP-Pavilion-Laptop-15-cc1xx:39975/
[rosmaster.master][INFO] 2019-12-24 18:39:34,936: +SUB [/drone_command] /DroneNode http://itachi-HP-Pavilion-Laptop-15-cc1xx:39975/
[rosmaster.master][INFO] 2019-12-24 18:39:34,980: publisherUpdate[/rosout] -> http://itachi-HP-Pavilion-Laptop-15-cc1xx:42931/ ['http://itachi-HP-Pavilion-Laptop-15-cc1xx:43699/', 'http://itachi-HP-Pavilion-Laptop-15-cc1xx:37277/', 'http://itachi-HP-Pavilion-Laptop-15-cc1xx:33881/', 'http://itachi-HP-Pavilion-Laptop-15-cc1xx:41143/', 'http://itachi-HP-Pavilion-Laptop-15-cc1xx:39975/']
[rosmaster.master][INFO] 2019-12-24 18:39:34,981: publisherUpdate[/rosout] -> http://itachi-HP-Pavilion-Laptop-15-cc1xx:42931/ ['http://itachi-HP-Pavilion-Laptop-15-cc1xx:43699/', 'http://itachi-HP-Pavilion-Laptop-15-cc1xx:37277/', 'http://itachi-HP-Pavilion-Laptop-15-cc1xx:33881/', 'http://itachi-HP-Pavilion-Laptop-15-cc1xx:41143/', 'http://itachi-HP-Pavilion-Laptop-15-cc1xx:39975/']: sec=0.00, result=[1, '', 0]
[rosmaster.master][INFO] 2019-12-24 18:39:59,322: +PUB [/rosout] /drone_control http://itachi-HP-Pavilion-Laptop-15-cc1xx:34057/
[rosmaster.master][INFO] 2019-12-24 18:39:59,322: publisherUpdate[/rosout] -> http://itachi-HP-Pavilion-Laptop-15-cc1xx:42931/ ['http://itachi-HP-Pavilion-Laptop-15-cc1xx:43699/', 'http://itachi-HP-Pavilion-Laptop-15-cc1xx:37277/', 'http://itachi-HP-Pavilion-Laptop-15-cc1xx:33881/', 'http://itachi-HP-Pavilion-Laptop-15-cc1xx:41143/', 'http://itachi-HP-Pavilion-Laptop-15-cc1xx:39975/', 'http://itachi-HP-Pavilion-Laptop-15-cc1xx:34057/']
[rosmaster.master][INFO] 2019-12-24 18:39:59,323: publisherUpdate[/rosout] -> http://itachi-HP-Pavilion-Laptop-15-cc1xx:42931/ ['http://itachi-HP-Pavilion-Laptop-15-cc1xx:43699/', 'http://itachi-HP-Pavilion-Laptop-15-cc1xx:37277/', 'http://itachi-HP-Pavilion-Laptop-15-cc1xx:33881/', 'http://itachi-HP-Pavilion-Laptop-15-cc1xx:41143/', 'http://itachi-HP-Pavilion-Laptop-15-cc1xx:39975/', 'http://itachi-HP-Pavilion-Laptop-15-cc1xx:34057/']: sec=0.00, result=[1, '', 0]
[rosmaster.master][INFO] 2019-12-24 18:39:59,326: +SERVICE [/drone_control/get_loggers] /drone_control http://itachi-HP-Pavilion-Laptop-15-cc1xx:34057/
[rosmaster.master][INFO] 2019-12-24 18:39:59,327: +SERVICE [/drone_control/set_logger_level] /drone_control http://itachi-HP-Pavilion-Laptop-15-cc1xx:34057/
[rosmaster.master][INFO] 2019-12-24 18:39:59,328: +PUB [/drone_command] /drone_control http://itachi-HP-Pavilion-Laptop-15-cc1xx:34057/
[rosmaster.master][INFO] 2019-12-24 18:39:59,329: +PUB [/alt_error] /drone_control http://itachi-HP-Pavilion-Laptop-15-cc1xx:34057/
[rosmaster.master][INFO] 2019-12-24 18:39:59,331: +PUB [/pitch_error] /drone_control http://itachi-HP-Pavilion-Laptop-15-cc1xx:34057/
[rosmaster.master][INFO] 2019-12-24 18:39:59,332: +PUB [/roll_error] /drone_control http://itachi-HP-Pavilion-Laptop-15-cc1xx:34057/
[rosmaster.master][INFO] 2019-12-24 18:39:59,333: +PUB [/error_sample] /drone_control http://itachi-HP-Pavilion-Laptop-15-cc1xx:34057/
[rosmaster.master][INFO] 2019-12-24 18:39:59,334: +PUB [/error_sample1] /drone_control http://itachi-HP-Pavilion-Laptop-15-cc1xx:34057/
[rosmaster.master][INFO] 2019-12-24 18:39:59,337: +PUB [/error_sample2] /drone_control http://itachi-HP-Pavilion-Laptop-15-cc1xx:34057/
[rosmaster.master][INFO] 2019-12-24 18:39:59,338: publisherUpdate[/drone_command] -> http://itachi-HP-Pavilion-Laptop-15-cc1xx:39975/ ['http://itachi-HP-Pavilion-Laptop-15-cc1xx:34057/']
[rosmaster.master][INFO] 2019-12-24 18:39:59,338: +PUB [/error_sample3] /drone_control http://itachi-HP-Pavilion-Laptop-15-cc1xx:34057/
[rosmaster.master][INFO] 2019-12-24 18:39:59,339: publisherUpdate[/drone_command] -> http://itachi-HP-Pavilion-Laptop-15-cc1xx:39975/ ['http://itachi-HP-Pavilion-Laptop-15-cc1xx:34057/']: sec=0.00, result=[1, '', 0]
[rosmaster.master][INFO] 2019-12-24 18:39:59,343: +SUB [/whycon/poses] /drone_control http://itachi-HP-Pavilion-Laptop-15-cc1xx:34057/
[rosmaster.master][INFO] 2019-12-24 18:39:59,345: +SUB [/pid_tuning_altitude] /drone_control http://itachi-HP-Pavilion-Laptop-15-cc1xx:34057/
[rosmaster.master][INFO] 2019-12-24 18:39:59,348: +SUB [/pid_tuning_pitch] /drone_control http://itachi-HP-Pavilion-Laptop-15-cc1xx:34057/
[rosmaster.master][INFO] 2019-12-24 18:39:59,350: +SUB [/pid_tuning_roll] /drone_control http://itachi-HP-Pavilion-Laptop-15-cc1xx:34057/
[rosmaster.master][INFO] 2019-12-24 18:40:23,429: -SUB [/pid_tuning_pitch] /drone_control http://itachi-HP-Pavilion-Laptop-15-cc1xx:34057/
[rosmaster.master][INFO] 2019-12-24 18:40:23,429: -SUB [/pid_tuning_roll] /drone_control http://itachi-HP-Pavilion-Laptop-15-cc1xx:34057/
[rosmaster.master][INFO] 2019-12-24 18:40:23,429: -SUB [/whycon/poses] /drone_control http://itachi-HP-Pavilion-Laptop-15-cc1xx:34057/
[rosmaster.master][INFO] 2019-12-24 18:40:23,429: -SUB [/pid_tuning_altitude] /drone_control http://itachi-HP-Pavilion-Laptop-15-cc1xx:34057/
[rosmaster.master][INFO] 2019-12-24 18:40:23,430: -PUB [/pitch_error] /drone_control http://itachi-HP-Pavilion-Laptop-15-cc1xx:34057/
[rosmaster.master][INFO] 2019-12-24 18:40:23,430: -PUB [/rosout] /drone_control http://itachi-HP-Pavilion-Laptop-15-cc1xx:34057/
[rosmaster.master][INFO] 2019-12-24 18:40:23,430: -PUB [/alt_error] /drone_control http://itachi-HP-Pavilion-Laptop-15-cc1xx:34057/
[rosmaster.master][INFO] 2019-12-24 18:40:23,430: -PUB [/drone_command] /drone_control http://itachi-HP-Pavilion-Laptop-15-cc1xx:34057/
[rosmaster.master][INFO] 2019-12-24 18:40:23,430: -PUB [/error_sample2] /drone_control http://itachi-HP-Pavilion-Laptop-15-cc1xx:34057/
[rosmaster.master][INFO] 2019-12-24 18:40:23,430: -PUB [/error_sample] /drone_control http://itachi-HP-Pavilion-Laptop-15-cc1xx:34057/
[rosmaster.master][INFO] 2019-12-24 18:40:23,430: -PUB [/error_sample1] /drone_control http://itachi-HP-Pavilion-Laptop-15-cc1xx:34057/
[rosmaster.master][INFO] 2019-12-24 18:40:23,431: -PUB [/roll_error] /drone_control http://itachi-HP-Pavilion-Laptop-15-cc1xx:34057/
[rosmaster.master][INFO] 2019-12-24 18:40:23,431: -PUB [/error_sample3] /drone_control http://itachi-HP-Pavilion-Laptop-15-cc1xx:34057/
[rosmaster.master][INFO] 2019-12-24 18:40:23,431: -SERVICE [/drone_control/get_loggers] /drone_control rosrpc://itachi-HP-Pavilion-Laptop-15-cc1xx:34649
[rosmaster.master][INFO] 2019-12-24 18:40:23,431: -SERVICE [/drone_control/set_logger_level] /drone_control rosrpc://itachi-HP-Pavilion-Laptop-15-cc1xx:34649
[rosmaster.master][INFO] 2019-12-24 18:40:23,464: publisherUpdate[/rosout] -> http://itachi-HP-Pavilion-Laptop-15-cc1xx:42931/ ['http://itachi-HP-Pavilion-Laptop-15-cc1xx:43699/', 'http://itachi-HP-Pavilion-Laptop-15-cc1xx:37277/', 'http://itachi-HP-Pavilion-Laptop-15-cc1xx:33881/', 'http://itachi-HP-Pavilion-Laptop-15-cc1xx:41143/', 'http://itachi-HP-Pavilion-Laptop-15-cc1xx:39975/']
[rosmaster.master][INFO] 2019-12-24 18:40:23,466: publisherUpdate[/rosout] -> http://itachi-HP-Pavilion-Laptop-15-cc1xx:42931/ ['http://itachi-HP-Pavilion-Laptop-15-cc1xx:43699/', 'http://itachi-HP-Pavilion-Laptop-15-cc1xx:37277/', 'http://itachi-HP-Pavilion-Laptop-15-cc1xx:33881/', 'http://itachi-HP-Pavilion-Laptop-15-cc1xx:41143/', 'http://itachi-HP-Pavilion-Laptop-15-cc1xx:39975/']: sec=0.00, result=[1, '', 0]
[rosmaster.master][INFO] 2019-12-24 18:40:23,466: publisherUpdate[/drone_command] -> http://itachi-HP-Pavilion-Laptop-15-cc1xx:39975/ []
[rosmaster.master][INFO] 2019-12-24 18:40:23,467: publisherUpdate[/drone_command] -> http://itachi-HP-Pavilion-Laptop-15-cc1xx:39975/ []: sec=0.00, result=[1, '', 0]
[rosmaster.master][INFO] 2019-12-24 18:40:25,571: -PUB [/rosout] /DroneNode http://itachi-HP-Pavilion-Laptop-15-cc1xx:39975/
[rosmaster.master][INFO] 2019-12-24 18:40:25,572: publisherUpdate[/rosout] -> http://itachi-HP-Pavilion-Laptop-15-cc1xx:42931/ ['http://itachi-HP-Pavilion-Laptop-15-cc1xx:43699/', 'http://itachi-HP-Pavilion-Laptop-15-cc1xx:37277/', 'http://itachi-HP-Pavilion-Laptop-15-cc1xx:33881/', 'http://itachi-HP-Pavilion-Laptop-15-cc1xx:41143/']
[rosmaster.master][INFO] 2019-12-24 18:40:25,573: publisherUpdate[/rosout] -> http://itachi-HP-Pavilion-Laptop-15-cc1xx:42931/ ['http://itachi-HP-Pavilion-Laptop-15-cc1xx:43699/', 'http://itachi-HP-Pavilion-Laptop-15-cc1xx:37277/', 'http://itachi-HP-Pavilion-Laptop-15-cc1xx:33881/', 'http://itachi-HP-Pavilion-Laptop-15-cc1xx:41143/']: sec=0.00, result=[1, '', 0]
[rosmaster.master][INFO] 2019-12-24 18:40:25,574: -SUB [/drone_command] /DroneNode http://itachi-HP-Pavilion-Laptop-15-cc1xx:39975/
[rosmaster.master][INFO] 2019-12-24 18:40:25,575: -SERVICE [/DroneNode/get_loggers] /DroneNode rosrpc://itachi-HP-Pavilion-Laptop-15-cc1xx:33095
[rosmaster.master][INFO] 2019-12-24 18:40:25,575: -SERVICE [/DroneNode/set_logger_level] /DroneNode rosrpc://itachi-HP-Pavilion-Laptop-15-cc1xx:33095
[rosmaster.master][INFO] 2019-12-24 18:40:29,850: +PUB [/rosout] /DroneNode http://itachi-HP-Pavilion-Laptop-15-cc1xx:42755/
[rosmaster.master][INFO] 2019-12-24 18:40:29,851: +SERVICE [/DroneNode/get_loggers] /DroneNode http://itachi-HP-Pavilion-Laptop-15-cc1xx:42755/
[rosmaster.master][INFO] 2019-12-24 18:40:29,852: +SERVICE [/DroneNode/set_logger_level] /DroneNode http://itachi-HP-Pavilion-Laptop-15-cc1xx:42755/
[rosmaster.master][INFO] 2019-12-24 18:40:29,856: +SUB [/drone_command] /DroneNode http://itachi-HP-Pavilion-Laptop-15-cc1xx:42755/
[rosmaster.master][INFO] 2019-12-24 18:40:29,883: publisherUpdate[/rosout] -> http://itachi-HP-Pavilion-Laptop-15-cc1xx:42931/ ['http://itachi-HP-Pavilion-Laptop-15-cc1xx:43699/', 'http://itachi-HP-Pavilion-Laptop-15-cc1xx:37277/', 'http://itachi-HP-Pavilion-Laptop-15-cc1xx:33881/', 'http://itachi-HP-Pavilion-Laptop-15-cc1xx:41143/', 'http://itachi-HP-Pavilion-Laptop-15-cc1xx:42755/']
[rosmaster.master][INFO] 2019-12-24 18:40:29,884: publisherUpdate[/rosout] -> http://itachi-HP-Pavilion-Laptop-15-cc1xx:42931/ ['http://itachi-HP-Pavilion-Laptop-15-cc1xx:43699/', 'http://itachi-HP-Pavilion-Laptop-15-cc1xx:37277/', 'http://itachi-HP-Pavilion-Laptop-15-cc1xx:33881/', 'http://itachi-HP-Pavilion-Laptop-15-cc1xx:41143/', 'http://itachi-HP-Pavilion-Laptop-15-cc1xx:42755/']: sec=0.00, result=[1, '', 0]
[rosmaster.master][INFO] 2019-12-24 18:40:41,620: +PUB [/rosout] /drone_control http://itachi-HP-Pavilion-Laptop-15-cc1xx:36715/
[rosmaster.master][INFO] 2019-12-24 18:40:41,622: +SERVICE [/drone_control/get_loggers] /drone_control http://itachi-HP-Pavilion-Laptop-15-cc1xx:36715/
[rosmaster.master][INFO] 2019-12-24 18:40:41,623: +SERVICE [/drone_control/set_logger_level] /drone_control http://itachi-HP-Pavilion-Laptop-15-cc1xx:36715/
[rosmaster.master][INFO] 2019-12-24 18:40:41,624: +PUB [/drone_command] /drone_control http://itachi-HP-Pavilion-Laptop-15-cc1xx:36715/
[rosmaster.master][INFO] 2019-12-24 18:40:41,625: +PUB [/alt_error] /drone_control http://itachi-HP-Pavilion-Laptop-15-cc1xx:36715/
[rosmaster.master][INFO] 2019-12-24 18:40:41,626: +PUB [/pitch_error] /drone_control http://itachi-HP-Pavilion-Laptop-15-cc1xx:36715/
[rosmaster.master][INFO] 2019-12-24 18:40:41,627: +PUB [/roll_error] /drone_control http://itachi-HP-Pavilion-Laptop-15-cc1xx:36715/
[rosmaster.master][INFO] 2019-12-24 18:40:41,627: +PUB [/error_sample] /drone_control http://itachi-HP-Pavilion-Laptop-15-cc1xx:36715/
[rosmaster.master][INFO] 2019-12-24 18:40:41,628: +PUB [/error_sample1] /drone_control http://itachi-HP-Pavilion-Laptop-15-cc1xx:36715/
[rosmaster.master][INFO] 2019-12-24 18:40:41,629: +PUB [/error_sample2] /drone_control http://itachi-HP-Pavilion-Laptop-15-cc1xx:36715/
[rosmaster.master][INFO] 2019-12-24 18:40:41,630: +PUB [/error_sample3] /drone_control http://itachi-HP-Pavilion-Laptop-15-cc1xx:36715/
[rosmaster.master][INFO] 2019-12-24 18:40:41,633: +SUB [/whycon/poses] /drone_control http://itachi-HP-Pavilion-Laptop-15-cc1xx:36715/
[rosmaster.master][INFO] 2019-12-24 18:40:41,634: +SUB [/pid_tuning_altitude] /drone_control http://itachi-HP-Pavilion-Laptop-15-cc1xx:36715/
[rosmaster.master][INFO] 2019-12-24 18:40:41,636: +SUB [/pid_tuning_pitch] /drone_control http://itachi-HP-Pavilion-Laptop-15-cc1xx:36715/
[rosmaster.master][INFO] 2019-12-24 18:40:41,637: +SUB [/pid_tuning_roll] /drone_control http://itachi-HP-Pavilion-Laptop-15-cc1xx:36715/
[rosmaster.master][INFO] 2019-12-24 18:40:41,702: publisherUpdate[/rosout] -> http://itachi-HP-Pavilion-Laptop-15-cc1xx:42931/ ['http://itachi-HP-Pavilion-Laptop-15-cc1xx:43699/', 'http://itachi-HP-Pavilion-Laptop-15-cc1xx:37277/', 'http://itachi-HP-Pavilion-Laptop-15-cc1xx:33881/', 'http://itachi-HP-Pavilion-Laptop-15-cc1xx:41143/', 'http://itachi-HP-Pavilion-Laptop-15-cc1xx:42755/', 'http://itachi-HP-Pavilion-Laptop-15-cc1xx:36715/']
[rosmaster.master][INFO] 2019-12-24 18:40:41,703: publisherUpdate[/rosout] -> http://itachi-HP-Pavilion-Laptop-15-cc1xx:42931/ ['http://itachi-HP-Pavilion-Laptop-15-cc1xx:43699/', 'http://itachi-HP-Pavilion-Laptop-15-cc1xx:37277/', 'http://itachi-HP-Pavilion-Laptop-15-cc1xx:33881/', 'http://itachi-HP-Pavilion-Laptop-15-cc1xx:41143/', 'http://itachi-HP-Pavilion-Laptop-15-cc1xx:42755/', 'http://itachi-HP-Pavilion-Laptop-15-cc1xx:36715/']: sec=0.00, result=[1, '', 0]
[rosmaster.master][INFO] 2019-12-24 18:40:41,703: publisherUpdate[/drone_command] -> http://itachi-HP-Pavilion-Laptop-15-cc1xx:42755/ ['http://itachi-HP-Pavilion-Laptop-15-cc1xx:36715/']
[rosmaster.master][INFO] 2019-12-24 18:40:41,703: publisherUpdate[/drone_command] -> http://itachi-HP-Pavilion-Laptop-15-cc1xx:42755/ ['http://itachi-HP-Pavilion-Laptop-15-cc1xx:36715/']: sec=0.00, result=[1, '', 0]
[rosmaster.master][INFO] 2019-12-24 18:40:44,330: -SERVICE [/usb_cam/get_loggers] /usb_cam rosrpc://itachi-HP-Pavilion-Laptop-15-cc1xx:38621
[rosmaster.master][INFO] 2019-12-24 18:40:44,331: -SERVICE [/usb_cam/set_logger_level] /usb_cam rosrpc://itachi-HP-Pavilion-Laptop-15-cc1xx:38621
[rosmaster.master][INFO] 2019-12-24 18:40:44,331: -SERVICE [/usb_cam/image_raw/compressedDepth/set_parameters] /usb_cam rosrpc://itachi-HP-Pavilion-Laptop-15-cc1xx:38621
[rosmaster.master][INFO] 2019-12-24 18:40:44,332: -SERVICE [/usb_cam/image_raw/compressed/set_parameters] /usb_cam rosrpc://itachi-HP-Pavilion-Laptop-15-cc1xx:38621
[rosmaster.master][INFO] 2019-12-24 18:40:44,332: -SERVICE [/usb_cam/image_raw/theora/set_parameters] /usb_cam rosrpc://itachi-HP-Pavilion-Laptop-15-cc1xx:38621
[rosmaster.master][INFO] 2019-12-24 18:40:44,333: -SERVICE [/usb_cam/set_camera_info] /usb_cam rosrpc://itachi-HP-Pavilion-Laptop-15-cc1xx:38621
[rosmaster.master][INFO] 2019-12-24 18:40:44,333: -SERVICE [/usb_cam/start_capture] /usb_cam rosrpc://itachi-HP-Pavilion-Laptop-15-cc1xx:38621
[rosmaster.master][INFO] 2019-12-24 18:40:44,334: -SERVICE [/usb_cam/stop_capture] /usb_cam rosrpc://itachi-HP-Pavilion-Laptop-15-cc1xx:38621
[rosmaster.master][INFO] 2019-12-24 18:40:44,477: -PUB [/rosout] /usb_cam http://itachi-HP-Pavilion-Laptop-15-cc1xx:43699/
[rosmaster.master][INFO] 2019-12-24 18:40:44,478: -PUB [/usb_cam/image_raw/compressedDepth] /usb_cam http://itachi-HP-Pavilion-Laptop-15-cc1xx:43699/
[rosmaster.master][INFO] 2019-12-24 18:40:44,478: -PUB [/usb_cam/image_raw/compressedDepth/parameter_descriptions] /usb_cam http://itachi-HP-Pavilion-Laptop-15-cc1xx:43699/
[rosmaster.master][INFO] 2019-12-24 18:40:44,479: -PUB [/usb_cam/image_raw/compressedDepth/parameter_updates] /usb_cam http://itachi-HP-Pavilion-Laptop-15-cc1xx:43699/
[rosmaster.master][INFO] 2019-12-24 18:40:44,480: -PUB [/usb_cam/image_raw/compressed] /usb_cam http://itachi-HP-Pavilion-Laptop-15-cc1xx:43699/
[rosmaster.master][INFO] 2019-12-24 18:40:44,480: -PUB [/usb_cam/image_raw/compressed/parameter_descriptions] /usb_cam http://itachi-HP-Pavilion-Laptop-15-cc1xx:43699/
[rosmaster.master][INFO] 2019-12-24 18:40:44,481: -PUB [/usb_cam/image_raw/compressed/parameter_updates] /usb_cam http://itachi-HP-Pavilion-Laptop-15-cc1xx:43699/
[rosmaster.master][INFO] 2019-12-24 18:40:44,481: -PUB [/usb_cam/image_raw] /usb_cam http://itachi-HP-Pavilion-Laptop-15-cc1xx:43699/
[rosmaster.master][INFO] 2019-12-24 18:40:44,482: -PUB [/usb_cam/image_raw/theora] /usb_cam http://itachi-HP-Pavilion-Laptop-15-cc1xx:43699/
[rosmaster.master][INFO] 2019-12-24 18:40:44,483: -PUB [/usb_cam/image_raw/theora/parameter_descriptions] /usb_cam http://itachi-HP-Pavilion-Laptop-15-cc1xx:43699/
[rosmaster.master][INFO] 2019-12-24 18:40:44,483: -PUB [/usb_cam/image_raw/theora/parameter_updates] /usb_cam http://itachi-HP-Pavilion-Laptop-15-cc1xx:43699/
[rosmaster.master][INFO] 2019-12-24 18:40:44,484: -PUB [/usb_cam/camera_info] /usb_cam http://itachi-HP-Pavilion-Laptop-15-cc1xx:43699/
[rosmaster.master][INFO] 2019-12-24 18:40:44,508: publisherUpdate[/rosout] -> http://itachi-HP-Pavilion-Laptop-15-cc1xx:42931/ ['http://itachi-HP-Pavilion-Laptop-15-cc1xx:37277/', 'http://itachi-HP-Pavilion-Laptop-15-cc1xx:33881/', 'http://itachi-HP-Pavilion-Laptop-15-cc1xx:41143/', 'http://itachi-HP-Pavilion-Laptop-15-cc1xx:42755/', 'http://itachi-HP-Pavilion-Laptop-15-cc1xx:36715/']
[rosmaster.master][INFO] 2019-12-24 18:40:44,508: publisherUpdate[/rosout] -> http://itachi-HP-Pavilion-Laptop-15-cc1xx:42931/ ['http://itachi-HP-Pavilion-Laptop-15-cc1xx:37277/', 'http://itachi-HP-Pavilion-Laptop-15-cc1xx:33881/', 'http://itachi-HP-Pavilion-Laptop-15-cc1xx:41143/', 'http://itachi-HP-Pavilion-Laptop-15-cc1xx:42755/', 'http://itachi-HP-Pavilion-Laptop-15-cc1xx:36715/']: sec=0.00, result=[1, '', 0]
[rosmaster.master][INFO] 2019-12-24 18:40:44,508: publisherUpdate[/usb_cam/image_raw] -> http://itachi-HP-Pavilion-Laptop-15-cc1xx:37277/ []
[rosmaster.master][INFO] 2019-12-24 18:40:44,508: publisherUpdate[/usb_cam/camera_info] -> http://itachi-HP-Pavilion-Laptop-15-cc1xx:33881/ []
[rosmaster.master][INFO] 2019-12-24 18:40:44,509: publisherUpdate[/usb_cam/image_raw] -> http://itachi-HP-Pavilion-Laptop-15-cc1xx:37277/ []: sec=0.00, result=[1, '', 0]
[rosmaster.master][INFO] 2019-12-24 18:40:44,509: publisherUpdate[/usb_cam/camera_info] -> http://itachi-HP-Pavilion-Laptop-15-cc1xx:37277/ []
[rosmaster.master][INFO] 2019-12-24 18:40:44,509: publisherUpdate[/usb_cam/camera_info] -> http://itachi-HP-Pavilion-Laptop-15-cc1xx:33881/ []: sec=0.00, result=[1, '', 0]
[rosmaster.master][INFO] 2019-12-24 18:40:44,509: publisherUpdate[/usb_cam/camera_info] -> http://itachi-HP-Pavilion-Laptop-15-cc1xx:37277/ []: sec=0.00, result=[1, '', 0]
[rosmaster.master][INFO] 2019-12-24 18:40:50,418: -PUB [/rosout] /DroneNode http://itachi-HP-Pavilion-Laptop-15-cc1xx:42755/
[rosmaster.master][INFO] 2019-12-24 18:40:50,418: publisherUpdate[/rosout] -> http://itachi-HP-Pavilion-Laptop-15-cc1xx:42931/ ['http://itachi-HP-Pavilion-Laptop-15-cc1xx:37277/', 'http://itachi-HP-Pavilion-Laptop-15-cc1xx:33881/', 'http://itachi-HP-Pavilion-Laptop-15-cc1xx:41143/', 'http://itachi-HP-Pavilion-Laptop-15-cc1xx:36715/']
[rosmaster.master][INFO] 2019-12-24 18:40:50,419: -SUB [/drone_command] /DroneNode http://itachi-HP-Pavilion-Laptop-15-cc1xx:42755/
[rosmaster.master][INFO] 2019-12-24 18:40:50,419: publisherUpdate[/rosout] -> http://itachi-HP-Pavilion-Laptop-15-cc1xx:42931/ ['http://itachi-HP-Pavilion-Laptop-15-cc1xx:37277/', 'http://itachi-HP-Pavilion-Laptop-15-cc1xx:33881/', 'http://itachi-HP-Pavilion-Laptop-15-cc1xx:41143/', 'http://itachi-HP-Pavilion-Laptop-15-cc1xx:36715/']: sec=0.00, result=[1, '', 0]
[rosmaster.master][INFO] 2019-12-24 18:40:50,420: -SERVICE [/DroneNode/get_loggers] /DroneNode rosrpc://itachi-HP-Pavilion-Laptop-15-cc1xx:39519
[rosmaster.master][INFO] 2019-12-24 18:40:50,420: -SERVICE [/DroneNode/set_logger_level] /DroneNode rosrpc://itachi-HP-Pavilion-Laptop-15-cc1xx:39519
[rosmaster.master][INFO] 2019-12-24 18:40:54,058: +PUB [/rosout] /DroneNode http://itachi-HP-Pavilion-Laptop-15-cc1xx:38707/
[rosmaster.master][INFO] 2019-12-24 18:40:54,058: +SERVICE [/DroneNode/get_loggers] /DroneNode http://itachi-HP-Pavilion-Laptop-15-cc1xx:38707/
[rosmaster.master][INFO] 2019-12-24 18:40:54,059: +SERVICE [/DroneNode/set_logger_level] /DroneNode http://itachi-HP-Pavilion-Laptop-15-cc1xx:38707/
[rosmaster.master][INFO] 2019-12-24 18:40:54,062: +SUB [/drone_command] /DroneNode http://itachi-HP-Pavilion-Laptop-15-cc1xx:38707/
[rosmaster.master][INFO] 2019-12-24 18:40:54,127: publisherUpdate[/rosout] -> http://itachi-HP-Pavilion-Laptop-15-cc1xx:42931/ ['http://itachi-HP-Pavilion-Laptop-15-cc1xx:37277/', 'http://itachi-HP-Pavilion-Laptop-15-cc1xx:33881/', 'http://itachi-HP-Pavilion-Laptop-15-cc1xx:41143/', 'http://itachi-HP-Pavilion-Laptop-15-cc1xx:36715/', 'http://itachi-HP-Pavilion-Laptop-15-cc1xx:38707/']
[rosmaster.master][INFO] 2019-12-24 18:40:54,128: publisherUpdate[/rosout] -> http://itachi-HP-Pavilion-Laptop-15-cc1xx:42931/ ['http://itachi-HP-Pavilion-Laptop-15-cc1xx:37277/', 'http://itachi-HP-Pavilion-Laptop-15-cc1xx:33881/', 'http://itachi-HP-Pavilion-Laptop-15-cc1xx:41143/', 'http://itachi-HP-Pavilion-Laptop-15-cc1xx:36715/', 'http://itachi-HP-Pavilion-Laptop-15-cc1xx:38707/']: sec=0.00, result=[1, '', 0]
[rosmaster.master][INFO] 2019-12-24 18:40:56,929: -PUB [/rosout] /usb_cam/image_proc http://itachi-HP-Pavilion-Laptop-15-cc1xx:37277/
[rosmaster.master][INFO] 2019-12-24 18:40:56,930: -PUB [/rosout] /whycon http://itachi-HP-Pavilion-Laptop-15-cc1xx:33881/
[rosmaster.master][INFO] 2019-12-24 18:40:56,930: -PUB [/usb_cam/image_proc_debayer/parameter_descriptions] /usb_cam/image_proc http://itachi-HP-Pavilion-Laptop-15-cc1xx:37277/
[rosmaster.master][INFO] 2019-12-24 18:40:56,931: -PUB [/tf] /whycon http://itachi-HP-Pavilion-Laptop-15-cc1xx:33881/
[rosmaster.master][INFO] 2019-12-24 18:40:56,932: -PUB [/usb_cam/image_proc_debayer/parameter_updates] /usb_cam/image_proc http://itachi-HP-Pavilion-Laptop-15-cc1xx:37277/
[rosmaster.master][INFO] 2019-12-24 18:40:56,932: publisherUpdate[/rosout] -> http://itachi-HP-Pavilion-Laptop-15-cc1xx:42931/ ['http://itachi-HP-Pavilion-Laptop-15-cc1xx:33881/', 'http://itachi-HP-Pavilion-Laptop-15-cc1xx:41143/', 'http://itachi-HP-Pavilion-Laptop-15-cc1xx:36715/', 'http://itachi-HP-Pavilion-Laptop-15-cc1xx:38707/']
[rosmaster.master][INFO] 2019-12-24 18:40:56,933: -PUB [/whycon/image_out] /whycon http://itachi-HP-Pavilion-Laptop-15-cc1xx:33881/
[rosmaster.master][INFO] 2019-12-24 18:40:56,934: publisherUpdate[/whycon/image_out] -> http://itachi-HP-Pavilion-Laptop-15-cc1xx:41143/ []
[rosmaster.master][INFO] 2019-12-24 18:40:56,935: publisherUpdate[/rosout] -> http://itachi-HP-Pavilion-Laptop-15-cc1xx:42931/ ['http://itachi-HP-Pavilion-Laptop-15-cc1xx:33881/', 'http://itachi-HP-Pavilion-Laptop-15-cc1xx:41143/', 'http://itachi-HP-Pavilion-Laptop-15-cc1xx:36715/', 'http://itachi-HP-Pavilion-Laptop-15-cc1xx:38707/']: sec=0.00, result=[1, '', 0]
[rosmaster.master][INFO] 2019-12-24 18:40:56,935: publisherUpdate[/rosout] -> http://itachi-HP-Pavilion-Laptop-15-cc1xx:42931/ ['http://itachi-HP-Pavilion-Laptop-15-cc1xx:41143/', 'http://itachi-HP-Pavilion-Laptop-15-cc1xx:36715/', 'http://itachi-HP-Pavilion-Laptop-15-cc1xx:38707/']
[rosmaster.master][INFO] 2019-12-24 18:40:56,934: -PUB [/usb_cam/image_mono/compressedDepth] /usb_cam/image_proc http://itachi-HP-Pavilion-Laptop-15-cc1xx:37277/
[rosmaster.master][INFO] 2019-12-24 18:40:56,936: publisherUpdate[/whycon/image_out] -> http://itachi-HP-Pavilion-Laptop-15-cc1xx:41143/ []: sec=0.00, result=[1, '', 0]
[rosmaster.master][INFO] 2019-12-24 18:40:56,937: publisherUpdate[/rosout] -> http://itachi-HP-Pavilion-Laptop-15-cc1xx:42931/ ['http://itachi-HP-Pavilion-Laptop-15-cc1xx:41143/', 'http://itachi-HP-Pavilion-Laptop-15-cc1xx:36715/', 'http://itachi-HP-Pavilion-Laptop-15-cc1xx:38707/']: sec=0.00, result=[1, '', 0]
[rosmaster.master][INFO] 2019-12-24 18:40:56,937: publisherUpdate[/whycon/poses] -> http://itachi-HP-Pavilion-Laptop-15-cc1xx:36715/ []
[rosmaster.master][INFO] 2019-12-24 18:40:56,937: -PUB [/whycon/poses] /whycon http://itachi-HP-Pavilion-Laptop-15-cc1xx:33881/
[rosmaster.master][INFO] 2019-12-24 18:40:56,939: -PUB [/usb_cam/image_mono/compressedDepth/parameter_descriptions] /usb_cam/image_proc http://itachi-HP-Pavilion-Laptop-15-cc1xx:37277/
[rosmaster.master][INFO] 2019-12-24 18:40:56,940: publisherUpdate[/whycon/poses] -> http://itachi-HP-Pavilion-Laptop-15-cc1xx:36715/ []: sec=0.00, result=[1, '', 0]
[rosmaster.master][INFO] 2019-12-24 18:40:56,940: -PUB [/whycon/context] /whycon http://itachi-HP-Pavilion-Laptop-15-cc1xx:33881/
[rosmaster.master][INFO] 2019-12-24 18:40:56,941: -PUB [/usb_cam/image_mono/compressedDepth/parameter_updates] /usb_cam/image_proc http://itachi-HP-Pavilion-Laptop-15-cc1xx:37277/
[rosmaster.master][INFO] 2019-12-24 18:40:56,942: -PUB [/whycon/projection] /whycon http://itachi-HP-Pavilion-Laptop-15-cc1xx:33881/
[rosmaster.master][INFO] 2019-12-24 18:40:56,943: -PUB [/usb_cam/image_mono/compressed] /usb_cam/image_proc http://itachi-HP-Pavilion-Laptop-15-cc1xx:37277/
[rosmaster.master][INFO] 2019-12-24 18:40:56,944: -SUB [/usb_cam/image_rect_color] /whycon http://itachi-HP-Pavilion-Laptop-15-cc1xx:33881/
[rosmaster.master][INFO] 2019-12-24 18:40:56,944: -PUB [/usb_cam/image_mono/compressed/parameter_descriptions] /usb_cam/image_proc http://itachi-HP-Pavilion-Laptop-15-cc1xx:37277/
[rosmaster.master][INFO] 2019-12-24 18:40:56,945: -SUB [/usb_cam/camera_info] /whycon http://itachi-HP-Pavilion-Laptop-15-cc1xx:33881/
[rosmaster.master][INFO] 2019-12-24 18:40:56,946: -PUB [/usb_cam/image_mono/compressed/parameter_updates] /usb_cam/image_proc http://itachi-HP-Pavilion-Laptop-15-cc1xx:37277/
[rosmaster.master][INFO] 2019-12-24 18:40:56,947: -SERVICE [/whycon/get_loggers] /whycon rosrpc://itachi-HP-Pavilion-Laptop-15-cc1xx:48393
[rosmaster.master][INFO] 2019-12-24 18:40:56,948: -PUB [/usb_cam/image_mono] /usb_cam/image_proc http://itachi-HP-Pavilion-Laptop-15-cc1xx:37277/
[rosmaster.master][INFO] 2019-12-24 18:40:56,948: -SERVICE [/whycon/set_logger_level] /whycon rosrpc://itachi-HP-Pavilion-Laptop-15-cc1xx:48393
[rosmaster.master][INFO] 2019-12-24 18:40:56,949: -PUB [/usb_cam/image_mono/theora] /usb_cam/image_proc http://itachi-HP-Pavilion-Laptop-15-cc1xx:37277/
[rosmaster.master][INFO] 2019-12-24 18:40:56,950: -SERVICE [/whycon/reset] /whycon rosrpc://itachi-HP-Pavilion-Laptop-15-cc1xx:48393
[rosmaster.master][INFO] 2019-12-24 18:40:56,951: -PUB [/usb_cam/image_mono/theora/parameter_descriptions] /usb_cam/image_proc http://itachi-HP-Pavilion-Laptop-15-cc1xx:37277/
[rosmaster.master][INFO] 2019-12-24 18:40:56,952: -PUB [/usb_cam/image_mono/theora/parameter_updates] /usb_cam/image_proc http://itachi-HP-Pavilion-Laptop-15-cc1xx:37277/
[rosmaster.master][INFO] 2019-12-24 18:40:56,952: -PUB [/usb_cam/image_color/compressedDepth] /usb_cam/image_proc http://itachi-HP-Pavilion-Laptop-15-cc1xx:37277/
[rosmaster.master][INFO] 2019-12-24 18:40:56,953: -PUB [/usb_cam/image_color/compressedDepth/parameter_descriptions] /usb_cam/image_proc http://itachi-HP-Pavilion-Laptop-15-cc1xx:37277/
[rosmaster.master][INFO] 2019-12-24 18:40:56,954: -PUB [/usb_cam/image_color/compressedDepth/parameter_updates] /usb_cam/image_proc http://itachi-HP-Pavilion-Laptop-15-cc1xx:37277/
[rosmaster.master][INFO] 2019-12-24 18:40:56,955: -PUB [/usb_cam/image_color/compressed] /usb_cam/image_proc http://itachi-HP-Pavilion-Laptop-15-cc1xx:37277/
[rosmaster.master][INFO] 2019-12-24 18:40:56,956: -PUB [/usb_cam/image_color/compressed/parameter_descriptions] /usb_cam/image_proc http://itachi-HP-Pavilion-Laptop-15-cc1xx:37277/
[rosmaster.master][INFO] 2019-12-24 18:40:56,957: -PUB [/usb_cam/image_color/compressed/parameter_updates] /usb_cam/image_proc http://itachi-HP-Pavilion-Laptop-15-cc1xx:37277/
[rosmaster.master][INFO] 2019-12-24 18:40:56,958: -PUB [/usb_cam/image_color] /usb_cam/image_proc http://itachi-HP-Pavilion-Laptop-15-cc1xx:37277/
[rosmaster.master][INFO] 2019-12-24 18:40:56,958: -PUB [/usb_cam/image_color/theora] /usb_cam/image_proc http://itachi-HP-Pavilion-Laptop-15-cc1xx:37277/
[rosmaster.master][INFO] 2019-12-24 18:40:56,959: -PUB [/usb_cam/image_color/theora/parameter_descriptions] /usb_cam/image_proc http://itachi-HP-Pavilion-Laptop-15-cc1xx:37277/
[rosmaster.master][INFO] 2019-12-24 18:40:56,960: -PUB [/usb_cam/image_color/theora/parameter_updates] /usb_cam/image_proc http://itachi-HP-Pavilion-Laptop-15-cc1xx:37277/
[rosmaster.master][INFO] 2019-12-24 18:40:56,961: -PUB [/usb_cam/image_proc_rectify_mono/parameter_descriptions] /usb_cam/image_proc http://itachi-HP-Pavilion-Laptop-15-cc1xx:37277/
[rosmaster.master][INFO] 2019-12-24 18:40:56,962: -PUB [/usb_cam/image_proc_rectify_mono/parameter_updates] /usb_cam/image_proc http://itachi-HP-Pavilion-Laptop-15-cc1xx:37277/
[rosmaster.master][INFO] 2019-12-24 18:40:56,963: -PUB [/usb_cam/image_rect/compressedDepth] /usb_cam/image_proc http://itachi-HP-Pavilion-Laptop-15-cc1xx:37277/
[rosmaster.master][INFO] 2019-12-24 18:40:56,963: -PUB [/usb_cam/image_rect/compressedDepth/parameter_descriptions] /usb_cam/image_proc http://itachi-HP-Pavilion-Laptop-15-cc1xx:37277/
[rosmaster.master][INFO] 2019-12-24 18:40:56,964: -PUB [/usb_cam/image_rect/compressedDepth/parameter_updates] /usb_cam/image_proc http://itachi-HP-Pavilion-Laptop-15-cc1xx:37277/
[rosmaster.master][INFO] 2019-12-24 18:40:56,965: -PUB [/usb_cam/image_rect/compressed] /usb_cam/image_proc http://itachi-HP-Pavilion-Laptop-15-cc1xx:37277/
[rosmaster.master][INFO] 2019-12-24 18:40:56,966: -PUB [/usb_cam/image_rect/compressed/parameter_descriptions] /usb_cam/image_proc http://itachi-HP-Pavilion-Laptop-15-cc1xx:37277/
[rosmaster.master][INFO] 2019-12-24 18:40:56,967: -PUB [/usb_cam/image_rect/compressed/parameter_updates] /usb_cam/image_proc http://itachi-HP-Pavilion-Laptop-15-cc1xx:37277/
[rosmaster.master][INFO] 2019-12-24 18:40:56,967: -PUB [/usb_cam/image_rect] /usb_cam/image_proc http://itachi-HP-Pavilion-Laptop-15-cc1xx:37277/
[rosmaster.master][INFO] 2019-12-24 18:40:56,968: -PUB [/usb_cam/image_rect/theora] /usb_cam/image_proc http://itachi-HP-Pavilion-Laptop-15-cc1xx:37277/
[rosmaster.master][INFO] 2019-12-24 18:40:56,969: -PUB [/usb_cam/image_rect/theora/parameter_descriptions] /usb_cam/image_proc http://itachi-HP-Pavilion-Laptop-15-cc1xx:37277/
[rosmaster.master][INFO] 2019-12-24 18:40:56,970: -PUB [/usb_cam/image_rect/theora/parameter_updates] /usb_cam/image_proc http://itachi-HP-Pavilion-Laptop-15-cc1xx:37277/
[rosmaster.master][INFO] 2019-12-24 18:40:56,971: -PUB [/usb_cam/image_proc_rectify_color/parameter_descriptions] /usb_cam/image_proc http://itachi-HP-Pavilion-Laptop-15-cc1xx:37277/
[rosmaster.master][INFO] 2019-12-24 18:40:56,972: -PUB [/usb_cam/image_proc_rectify_color/parameter_updates] /usb_cam/image_proc http://itachi-HP-Pavilion-Laptop-15-cc1xx:37277/
[rosmaster.master][INFO] 2019-12-24 18:40:56,972: -PUB [/usb_cam/image_rect_color/compressedDepth] /usb_cam/image_proc http://itachi-HP-Pavilion-Laptop-15-cc1xx:37277/
[rosmaster.master][INFO] 2019-12-24 18:40:56,973: -PUB [/usb_cam/image_rect_color/compressedDepth/parameter_descriptions] /usb_cam/image_proc http://itachi-HP-Pavilion-Laptop-15-cc1xx:37277/
[rosmaster.master][INFO] 2019-12-24 18:40:56,974: -PUB [/usb_cam/image_rect_color/compressedDepth/parameter_updates] /usb_cam/image_proc http://itachi-HP-Pavilion-Laptop-15-cc1xx:37277/
[rosmaster.master][INFO] 2019-12-24 18:40:56,975: -PUB [/usb_cam/image_rect_color/compressed] /usb_cam/image_proc http://itachi-HP-Pavilion-Laptop-15-cc1xx:37277/
[rosmaster.master][INFO] 2019-12-24 18:40:56,976: -PUB [/usb_cam/image_rect_color/compressed/parameter_descriptions] /usb_cam/image_proc http://itachi-HP-Pavilion-Laptop-15-cc1xx:37277/
[rosmaster.master][INFO] 2019-12-24 18:40:56,976: -PUB [/usb_cam/image_rect_color/compressed/parameter_updates] /usb_cam/image_proc http://itachi-HP-Pavilion-Laptop-15-cc1xx:37277/
[rosmaster.master][INFO] 2019-12-24 18:40:56,977: -PUB [/usb_cam/image_rect_color] /usb_cam/image_proc http://itachi-HP-Pavilion-Laptop-15-cc1xx:37277/
[rosmaster.master][INFO] 2019-12-24 18:40:56,978: -PUB [/usb_cam/image_rect_color/theora] /usb_cam/image_proc http://itachi-HP-Pavilion-Laptop-15-cc1xx:37277/
[rosmaster.master][INFO] 2019-12-24 18:40:56,979: -PUB [/usb_cam/image_rect_color/theora/parameter_descriptions] /usb_cam/image_proc http://itachi-HP-Pavilion-Laptop-15-cc1xx:37277/
[rosmaster.master][INFO] 2019-12-24 18:40:56,980: -PUB [/usb_cam/image_rect_color/theora/parameter_updates] /usb_cam/image_proc http://itachi-HP-Pavilion-Laptop-15-cc1xx:37277/
[rosmaster.master][INFO] 2019-12-24 18:40:56,981: -SUB [/usb_cam/image_color] /usb_cam/image_proc http://itachi-HP-Pavilion-Laptop-15-cc1xx:37277/
[rosmaster.master][INFO] 2019-12-24 18:40:56,982: -SUB [/usb_cam/camera_info] /usb_cam/image_proc http://itachi-HP-Pavilion-Laptop-15-cc1xx:37277/
[rosmaster.master][INFO] 2019-12-24 18:40:56,983: -SUB [/usb_cam/image_raw] /usb_cam/image_proc http://itachi-HP-Pavilion-Laptop-15-cc1xx:37277/
[rosmaster.master][INFO] 2019-12-24 18:40:56,984: -SERVICE [/usb_cam/image_proc/get_loggers] /usb_cam/image_proc rosrpc://itachi-HP-Pavilion-Laptop-15-cc1xx:60935
[rosmaster.master][INFO] 2019-12-24 18:40:56,985: -SERVICE [/usb_cam/image_proc/set_logger_level] /usb_cam/image_proc rosrpc://itachi-HP-Pavilion-Laptop-15-cc1xx:60935
[rosmaster.master][INFO] 2019-12-24 18:40:56,985: -SERVICE [/usb_cam/image_proc_debayer/set_parameters] /usb_cam/image_proc rosrpc://itachi-HP-Pavilion-Laptop-15-cc1xx:60935
[rosmaster.master][INFO] 2019-12-24 18:40:56,986: -SERVICE [/usb_cam/image_mono/compressedDepth/set_parameters] /usb_cam/image_proc rosrpc://itachi-HP-Pavilion-Laptop-15-cc1xx:60935
[rosmaster.master][INFO] 2019-12-24 18:40:56,987: -SERVICE [/usb_cam/image_mono/compressed/set_parameters] /usb_cam/image_proc rosrpc://itachi-HP-Pavilion-Laptop-15-cc1xx:60935
[rosmaster.master][INFO] 2019-12-24 18:40:56,988: -SERVICE [/usb_cam/image_mono/theora/set_parameters] /usb_cam/image_proc rosrpc://itachi-HP-Pavilion-Laptop-15-cc1xx:60935
[rosmaster.master][INFO] 2019-12-24 18:40:56,989: -SERVICE [/usb_cam/image_color/compressedDepth/set_parameters] /usb_cam/image_proc rosrpc://itachi-HP-Pavilion-Laptop-15-cc1xx:60935
[rosmaster.master][INFO] 2019-12-24 18:40:56,990: -SERVICE [/usb_cam/image_color/compressed/set_parameters] /usb_cam/image_proc rosrpc://itachi-HP-Pavilion-Laptop-15-cc1xx:60935
[rosmaster.master][INFO] 2019-12-24 18:40:56,990: -SERVICE [/usb_cam/image_color/theora/set_parameters] /usb_cam/image_proc rosrpc://itachi-HP-Pavilion-Laptop-15-cc1xx:60935
[rosmaster.master][INFO] 2019-12-24 18:40:56,991: -SERVICE [/usb_cam/image_proc_rectify_mono/set_parameters] /usb_cam/image_proc rosrpc://itachi-HP-Pavilion-Laptop-15-cc1xx:60935
[rosmaster.master][INFO] 2019-12-24 18:40:56,992: -SERVICE [/usb_cam/image_rect/compressedDepth/set_parameters] /usb_cam/image_proc rosrpc://itachi-HP-Pavilion-Laptop-15-cc1xx:60935
[rosmaster.master][INFO] 2019-12-24 18:40:56,993: -SERVICE [/usb_cam/image_rect/compressed/set_parameters] /usb_cam/image_proc rosrpc://itachi-HP-Pavilion-Laptop-15-cc1xx:60935
[rosmaster.master][INFO] 2019-12-24 18:40:56,994: -SERVICE [/usb_cam/image_rect/theora/set_parameters] /usb_cam/image_proc rosrpc://itachi-HP-Pavilion-Laptop-15-cc1xx:60935
[rosmaster.master][INFO] 2019-12-24 18:40:56,995: -SERVICE [/usb_cam/image_proc_rectify_color/set_parameters] /usb_cam/image_proc rosrpc://itachi-HP-Pavilion-Laptop-15-cc1xx:60935
[rosmaster.master][INFO] 2019-12-24 18:40:56,995: -SERVICE [/usb_cam/image_rect_color/compressedDepth/set_parameters] /usb_cam/image_proc rosrpc://itachi-HP-Pavilion-Laptop-15-cc1xx:60935
[rosmaster.master][INFO] 2019-12-24 18:40:56,996: -SERVICE [/usb_cam/image_rect_color/compressed/set_parameters] /usb_cam/image_proc rosrpc://itachi-HP-Pavilion-Laptop-15-cc1xx:60935
[rosmaster.master][INFO] 2019-12-24 18:40:56,997: -SERVICE [/usb_cam/image_rect_color/theora/set_parameters] /usb_cam/image_proc rosrpc://itachi-HP-Pavilion-Laptop-15-cc1xx:60935
[rosmaster.master][INFO] 2019-12-24 18:40:57,037: -PUB [/rosout] /whycon_display/image_view http://itachi-HP-Pavilion-Laptop-15-cc1xx:41143/
[rosmaster.master][INFO] 2019-12-24 18:40:57,037: publisherUpdate[/usb_cam/image_color] -> http://itachi-HP-Pavilion-Laptop-15-cc1xx:37277/ []
[rosmaster.master][INFO] 2019-12-24 18:40:57,037: publisherUpdate[/rosout] -> http://itachi-HP-Pavilion-Laptop-15-cc1xx:42931/ ['http://itachi-HP-Pavilion-Laptop-15-cc1xx:36715/', 'http://itachi-HP-Pavilion-Laptop-15-cc1xx:38707/']
[rosmaster.master][INFO] 2019-12-24 18:40:57,038: publisherUpdate[/usb_cam/image_color] -> http://itachi-HP-Pavilion-Laptop-15-cc1xx:37277/ []: sec=0.00, exception=<Fault -1: 'publisherUpdate: unknown method name'>
[rosmaster.master][INFO] 2019-12-24 18:40:57,039: publisherUpdate[/rosout] -> http://itachi-HP-Pavilion-Laptop-15-cc1xx:42931/ ['http://itachi-HP-Pavilion-Laptop-15-cc1xx:36715/', 'http://itachi-HP-Pavilion-Laptop-15-cc1xx:38707/']: sec=0.00, result=[1, '', 0]
[rosmaster.master][INFO] 2019-12-24 18:40:57,039: -PUB [/whycon_display/image_view/output] /whycon_display/image_view http://itachi-HP-Pavilion-Laptop-15-cc1xx:41143/
[rosmaster.master][INFO] 2019-12-24 18:40:57,041: -PUB [/whycon_display/image_view/parameter_descriptions] /whycon_display/image_view http://itachi-HP-Pavilion-Laptop-15-cc1xx:41143/
[rosmaster.threadpool][ERROR] 2019-12-24 18:40:57,041: Traceback (most recent call last):
  File "/opt/ros/kinetic/lib/python2.7/dist-packages/rosmaster/threadpool.py", line 218, in run
    result = cmd(*args)
  File "/opt/ros/kinetic/lib/python2.7/dist-packages/rosmaster/master_api.py", line 210, in publisher_update_task
    ret = xmlrpcapi(api).publisherUpdate('/master', topic, pub_uris)
  File "/usr/lib/python2.7/xmlrpclib.py", line 1243, in __call__
    return self.__send(self.__name, args)
  File "/usr/lib/python2.7/xmlrpclib.py", line 1602, in __request
    verbose=self.__verbose
  File "/usr/lib/python2.7/xmlrpclib.py", line 1283, in request
    return self.single_request(host, handler, request_body, verbose)
  File "/usr/lib/python2.7/xmlrpclib.py", line 1316, in single_request
    return self.parse_response(response)
  File "/usr/lib/python2.7/xmlrpclib.py", line 1493, in parse_response
    return u.close()
  File "/usr/lib/python2.7/xmlrpclib.py", line 800, in close
    raise Fault(**self._stack[0])
Fault: <Fault -1: 'publisherUpdate: unknown method name'>

[rosmaster.master][INFO] 2019-12-24 18:40:57,042: -PUB [/whycon_display/image_view/parameter_updates] /whycon_display/image_view http://itachi-HP-Pavilion-Laptop-15-cc1xx:41143/
[rosmaster.master][INFO] 2019-12-24 18:40:57,043: -SUB [/whycon/image_out] /whycon_display/image_view http://itachi-HP-Pavilion-Laptop-15-cc1xx:41143/
[rosmaster.master][INFO] 2019-12-24 18:40:57,044: -SERVICE [/whycon_display/image_view/get_loggers] /whycon_display/image_view rosrpc://itachi-HP-Pavilion-Laptop-15-cc1xx:50119
[rosmaster.master][INFO] 2019-12-24 18:40:57,044: -SERVICE [/whycon_display/image_view/set_logger_level] /whycon_display/image_view rosrpc://itachi-HP-Pavilion-Laptop-15-cc1xx:50119
[rosmaster.master][INFO] 2019-12-24 18:40:57,045: -SERVICE [/whycon_display/image_view/set_parameters] /whycon_display/image_view rosrpc://itachi-HP-Pavilion-Laptop-15-cc1xx:50119
[rosmaster.master][INFO] 2019-12-24 18:40:57,340: -PUB [/rosout_agg] /rosout http://itachi-HP-Pavilion-Laptop-15-cc1xx:42931/
[rosmaster.master][INFO] 2019-12-24 18:40:57,340: -SUB [/rosout] /rosout http://itachi-HP-Pavilion-Laptop-15-cc1xx:42931/
[rosmaster.master][INFO] 2019-12-24 18:40:57,341: -SERVICE [/rosout/get_loggers] /rosout rosrpc://itachi-HP-Pavilion-Laptop-15-cc1xx:57847
[rosmaster.master][INFO] 2019-12-24 18:40:57,342: -SERVICE [/rosout/set_logger_level] /rosout rosrpc://itachi-HP-Pavilion-Laptop-15-cc1xx:57847
[rosmaster.main][INFO] 2019-12-24 18:40:57,392: keyboard interrupt, will exit
[rosmaster.main][INFO] 2019-12-24 18:40:57,392: stopping master...
[rospy.core][INFO] 2019-12-24 18:40:57,392: signal_shutdown [atexit]
