[rosmaster.main][INFO] 2019-11-14 17:59:31,708: initialization complete, waiting for shutdown
[rosmaster.main][INFO] 2019-11-14 17:59:31,708: Starting ROS Master Node
[xmlrpc][INFO] 2019-11-14 17:59:31,709: XML-RPC server binding to 0.0.0.0:11311
[xmlrpc][INFO] 2019-11-14 17:59:31,709: Started XML-RPC server [http://itachi-HP-Pavilion-Laptop-15-cc1xx:11311/]
[rosmaster.master][INFO] 2019-11-14 17:59:31,709: Master initialized: port[11311], uri[http://itachi-HP-Pavilion-Laptop-15-cc1xx:11311/]
[xmlrpc][INFO] 2019-11-14 17:59:31,709: xml rpc node: starting XML-RPC server
[rosmaster.master][INFO] 2019-11-14 17:59:31,744: +PARAM [/run_id] by /roslaunch
[rosmaster.master][INFO] 2019-11-14 17:59:31,746: +PARAM [/roslaunch/uris/host_itachi_hp_pavilion_laptop_15_cc1xx__42263] by /roslaunch
[rosmaster.master][INFO] 2019-11-14 17:59:31,915: +PARAM [/rosversion] by /roslaunch
[rosmaster.master][INFO] 2019-11-14 17:59:31,915: +PARAM [/rosdistro] by /roslaunch
[rosmaster.master][INFO] 2019-11-14 17:59:32,294: +SERVICE [/rosout/get_loggers] /rosout http://itachi-HP-Pavilion-Laptop-15-cc1xx:42229/
[rosmaster.master][INFO] 2019-11-14 17:59:32,295: +SERVICE [/rosout/set_logger_level] /rosout http://itachi-HP-Pavilion-Laptop-15-cc1xx:42229/
[rosmaster.master][INFO] 2019-11-14 17:59:32,298: +PUB [/rosout_agg] /rosout http://itachi-HP-Pavilion-Laptop-15-cc1xx:42229/
[rosmaster.master][INFO] 2019-11-14 17:59:32,302: +SUB [/rosout] /rosout http://itachi-HP-Pavilion-Laptop-15-cc1xx:42229/
[rosmaster.master][INFO] 2019-11-14 17:59:42,075: +PARAM [/roslaunch/uris/host_itachi_hp_pavilion_laptop_15_cc1xx__41069] by /roslaunch
[rosmaster.master][INFO] 2019-11-14 17:59:42,082: +PARAM [/use_sim_time] by /roslaunch
[rosmaster.master][INFO] 2019-11-14 17:59:42,082: +PARAM [/edrone/roll_pitch_yawrate_thrust_controller_node/angular_rate_gain/z] by /roslaunch
[rosmaster.master][INFO] 2019-11-14 17:59:42,082: +PARAM [/edrone/roll_pitch_yawrate_thrust_controller_node/angular_rate_gain/x] by /roslaunch
[rosmaster.master][INFO] 2019-11-14 17:59:42,082: +PARAM [/edrone/roll_pitch_yawrate_thrust_controller_node/angular_rate_gain/y] by /roslaunch
[rosmaster.master][INFO] 2019-11-14 17:59:42,082: +PARAM [/edrone/roll_pitch_yawrate_thrust_controller_node/inertia/yy] by /roslaunch
[rosmaster.master][INFO] 2019-11-14 17:59:42,082: +PARAM [/edrone/roll_pitch_yawrate_thrust_controller_node/rotor_configuration/2/arm_length] by /roslaunch
[rosmaster.master][INFO] 2019-11-14 17:59:42,082: +PARAM [/edrone/roll_pitch_yawrate_thrust_controller_node/attitude_gain/y] by /roslaunch
[rosmaster.master][INFO] 2019-11-14 17:59:42,083: +PARAM [/edrone/roll_pitch_yawrate_thrust_controller_node/attitude_gain/x] by /roslaunch
[rosmaster.master][INFO] 2019-11-14 17:59:42,083: +PARAM [/edrone/roll_pitch_yawrate_thrust_controller_node/rotor_configuration/1/rotor_force_constant] by /roslaunch
[rosmaster.master][INFO] 2019-11-14 17:59:42,083: +PARAM [/edrone/roll_pitch_yawrate_thrust_controller_node/attitude_gain/z] by /roslaunch
[rosmaster.master][INFO] 2019-11-14 17:59:42,083: +PARAM [/edrone/roll_pitch_yawrate_thrust_controller_node/rotor_configuration/3/rotor_force_constant] by /roslaunch
[rosmaster.master][INFO] 2019-11-14 17:59:42,083: +PARAM [/edrone/roll_pitch_yawrate_thrust_controller_node/rotor_configuration/1/arm_length] by /roslaunch
[rosmaster.master][INFO] 2019-11-14 17:59:42,083: +PARAM [/edrone/roll_pitch_yawrate_thrust_controller_node/rotor_configuration/1/angle] by /roslaunch
[rosmaster.master][INFO] 2019-11-14 17:59:42,083: +PARAM [/edrone/roll_pitch_yawrate_thrust_controller_node/rotor_configuration/3/rotor_moment_constant] by /roslaunch
[rosmaster.master][INFO] 2019-11-14 17:59:42,083: +PARAM [/edrone/roll_pitch_yawrate_thrust_controller_node/inertia/yz] by /roslaunch
[rosmaster.master][INFO] 2019-11-14 17:59:42,083: +PARAM [/edrone/roll_pitch_yawrate_thrust_controller_node/rotor_configuration/3/angle] by /roslaunch
[rosmaster.master][INFO] 2019-11-14 17:59:42,084: +PARAM [/edrone/roll_pitch_yawrate_thrust_controller_node/rotor_configuration/0/angle] by /roslaunch
[rosmaster.master][INFO] 2019-11-14 17:59:42,084: +PARAM [/edrone/tf_prefix] by /roslaunch
[rosmaster.master][INFO] 2019-11-14 17:59:42,084: +PARAM [/edrone/roll_pitch_yawrate_thrust_controller_node/rotor_configuration/0/direction] by /roslaunch
[rosmaster.master][INFO] 2019-11-14 17:59:42,084: +PARAM [/edrone/roll_pitch_yawrate_thrust_controller_node/rotor_configuration/1/direction] by /roslaunch
[rosmaster.master][INFO] 2019-11-14 17:59:42,084: +PARAM [/edrone/roll_pitch_yawrate_thrust_controller_node/rotor_configuration/2/rotor_moment_constant] by /roslaunch
[rosmaster.master][INFO] 2019-11-14 17:59:42,084: +PARAM [/whycon/inner_diameter] by /roslaunch
[rosmaster.master][INFO] 2019-11-14 17:59:42,084: +PARAM [/edrone/roll_pitch_yawrate_thrust_controller_node/rotor_configuration/3/arm_length] by /roslaunch
[rosmaster.master][INFO] 2019-11-14 17:59:42,085: +PARAM [/edrone/roll_pitch_yawrate_thrust_controller_node/rotor_configuration/0/rotor_force_constant] by /roslaunch
[rosmaster.master][INFO] 2019-11-14 17:59:42,085: +PARAM [/edrone/roll_pitch_yawrate_thrust_controller_node/rotor_configuration/2/rotor_force_constant] by /roslaunch
[rosmaster.master][INFO] 2019-11-14 17:59:42,085: +PARAM [/rosdistro] by /roslaunch
[rosmaster.master][INFO] 2019-11-14 17:59:42,085: +PARAM [/edrone/roll_pitch_yawrate_thrust_controller_node/rotor_configuration/3/direction] by /roslaunch
[rosmaster.master][INFO] 2019-11-14 17:59:42,085: +PARAM [/edrone/roll_pitch_yawrate_thrust_controller_node/mass] by /roslaunch
[rosmaster.master][INFO] 2019-11-14 17:59:42,085: +PARAM [/rosversion] by /roslaunch
[rosmaster.master][INFO] 2019-11-14 17:59:42,085: +PARAM [/edrone/roll_pitch_yawrate_thrust_controller_node/rotor_configuration/0/rotor_moment_constant] by /roslaunch
[rosmaster.master][INFO] 2019-11-14 17:59:42,085: +PARAM [/edrone/roll_pitch_yawrate_thrust_controller_node/rotor_configuration/2/direction] by /roslaunch
[rosmaster.master][INFO] 2019-11-14 17:59:42,085: +PARAM [/edrone/robot_description] by /roslaunch
[rosmaster.master][INFO] 2019-11-14 17:59:42,085: +PARAM [/whycon/name] by /roslaunch
[rosmaster.master][INFO] 2019-11-14 17:59:42,086: +PARAM [/whycon/targets] by /roslaunch
[rosmaster.master][INFO] 2019-11-14 17:59:42,086: +PARAM [/edrone/roll_pitch_yawrate_thrust_controller_node/inertia/xz] by /roslaunch
[rosmaster.master][INFO] 2019-11-14 17:59:42,086: +PARAM [/edrone/roll_pitch_yawrate_thrust_controller_node/rotor_configuration/0/arm_length] by /roslaunch
[rosmaster.master][INFO] 2019-11-14 17:59:42,086: +PARAM [/edrone/roll_pitch_yawrate_thrust_controller_node/inertia/xx] by /roslaunch
[rosmaster.master][INFO] 2019-11-14 17:59:42,086: +PARAM [/edrone/roll_pitch_yawrate_thrust_controller_node/inertia/xy] by /roslaunch
[rosmaster.master][INFO] 2019-11-14 17:59:42,086: +PARAM [/edrone/roll_pitch_yawrate_thrust_controller_node/inertia/zz] by /roslaunch
[rosmaster.master][INFO] 2019-11-14 17:59:42,086: +PARAM [/edrone/roll_pitch_yawrate_thrust_controller_node/rotor_configuration/2/angle] by /roslaunch
[rosmaster.master][INFO] 2019-11-14 17:59:42,086: +PARAM [/whycon/outer_diameter] by /roslaunch
[rosmaster.master][INFO] 2019-11-14 17:59:42,086: +PARAM [/edrone/roll_pitch_yawrate_thrust_controller_node/rotor_configuration/1/rotor_moment_constant] by /roslaunch
[rosmaster.master][INFO] 2019-11-14 17:59:42,219: +PUB [/rosout] /edrone/rotors_edrone_interface http://itachi-HP-Pavilion-Laptop-15-cc1xx:35899/
[rosmaster.master][INFO] 2019-11-14 17:59:42,220: +SERVICE [/edrone/rotors_edrone_interface/get_loggers] /edrone/rotors_edrone_interface http://itachi-HP-Pavilion-Laptop-15-cc1xx:35899/
[rosmaster.master][INFO] 2019-11-14 17:59:42,221: +SERVICE [/edrone/rotors_edrone_interface/set_logger_level] /edrone/rotors_edrone_interface http://itachi-HP-Pavilion-Laptop-15-cc1xx:35899/
[rosmaster.master][INFO] 2019-11-14 17:59:42,227: +SUB [/clock] /edrone/rotors_edrone_interface http://itachi-HP-Pavilion-Laptop-15-cc1xx:35899/
[rosmaster.master][INFO] 2019-11-14 17:59:42,228: +PUB [/edrone/command/roll_pitch_yawrate_thrust] /edrone/rotors_edrone_interface http://itachi-HP-Pavilion-Laptop-15-cc1xx:35899/
[rosmaster.master][INFO] 2019-11-14 17:59:42,239: +SUB [/drone_command] /edrone/rotors_edrone_interface http://itachi-HP-Pavilion-Laptop-15-cc1xx:35899/
[rosmaster.master][INFO] 2019-11-14 17:59:42,239: publisherUpdate[/rosout] -> http://itachi-HP-Pavilion-Laptop-15-cc1xx:42229/ ['http://itachi-HP-Pavilion-Laptop-15-cc1xx:35899/']
[rosmaster.master][INFO] 2019-11-14 17:59:42,241: publisherUpdate[/rosout] -> http://itachi-HP-Pavilion-Laptop-15-cc1xx:42229/ ['http://itachi-HP-Pavilion-Laptop-15-cc1xx:35899/']: sec=0.00, result=[1, '', 0]
[rosmaster.master][INFO] 2019-11-14 17:59:42,590: +PUB [/rosout] /edrone/roll_pitch_yawrate_thrust_controller_node http://itachi-HP-Pavilion-Laptop-15-cc1xx:42555/
[rosmaster.master][INFO] 2019-11-14 17:59:42,593: +SERVICE [/edrone/roll_pitch_yawrate_thrust_controller_node/get_loggers] /edrone/roll_pitch_yawrate_thrust_controller_node http://itachi-HP-Pavilion-Laptop-15-cc1xx:42555/
[rosmaster.master][INFO] 2019-11-14 17:59:42,595: +SERVICE [/edrone/roll_pitch_yawrate_thrust_controller_node/set_logger_level] /edrone/roll_pitch_yawrate_thrust_controller_node http://itachi-HP-Pavilion-Laptop-15-cc1xx:42555/
[rosmaster.master][INFO] 2019-11-14 17:59:42,609: +SUB [/clock] /edrone/roll_pitch_yawrate_thrust_controller_node http://itachi-HP-Pavilion-Laptop-15-cc1xx:42555/
[rosmaster.master][INFO] 2019-11-14 17:59:42,640: publisherUpdate[/rosout] -> http://itachi-HP-Pavilion-Laptop-15-cc1xx:42229/ ['http://itachi-HP-Pavilion-Laptop-15-cc1xx:35899/', 'http://itachi-HP-Pavilion-Laptop-15-cc1xx:42555/']
[rosmaster.master][INFO] 2019-11-14 17:59:42,644: publisherUpdate[/rosout] -> http://itachi-HP-Pavilion-Laptop-15-cc1xx:42229/ ['http://itachi-HP-Pavilion-Laptop-15-cc1xx:35899/', 'http://itachi-HP-Pavilion-Laptop-15-cc1xx:42555/']: sec=0.00, result=[1, '', 0]
[rosmaster.master][INFO] 2019-11-14 17:59:42,846: -PUB [/rosout] /edrone/roll_pitch_yawrate_thrust_controller_node http://itachi-HP-Pavilion-Laptop-15-cc1xx:42555/
[rosmaster.master][INFO] 2019-11-14 17:59:42,846: publisherUpdate[/rosout] -> http://itachi-HP-Pavilion-Laptop-15-cc1xx:42229/ ['http://itachi-HP-Pavilion-Laptop-15-cc1xx:35899/']
[rosmaster.master][INFO] 2019-11-14 17:59:42,849: publisherUpdate[/rosout] -> http://itachi-HP-Pavilion-Laptop-15-cc1xx:42229/ ['http://itachi-HP-Pavilion-Laptop-15-cc1xx:35899/']: sec=0.00, result=[1, '', 0]
[rosmaster.master][INFO] 2019-11-14 17:59:42,850: -SUB [/clock] /edrone/roll_pitch_yawrate_thrust_controller_node http://itachi-HP-Pavilion-Laptop-15-cc1xx:42555/
[rosmaster.master][INFO] 2019-11-14 17:59:42,853: -SERVICE [/edrone/roll_pitch_yawrate_thrust_controller_node/get_loggers] /edrone/roll_pitch_yawrate_thrust_controller_node rosrpc://itachi-HP-Pavilion-Laptop-15-cc1xx:52915
[rosmaster.master][INFO] 2019-11-14 17:59:42,855: -SERVICE [/edrone/roll_pitch_yawrate_thrust_controller_node/set_logger_level] /edrone/roll_pitch_yawrate_thrust_controller_node rosrpc://itachi-HP-Pavilion-Laptop-15-cc1xx:52915
[rosmaster.master][INFO] 2019-11-14 17:59:42,958: +PUB [/rosout] /edrone/roll_pitch_yawrate_thrust_controller_node http://itachi-HP-Pavilion-Laptop-15-cc1xx:40761/
[rosmaster.master][INFO] 2019-11-14 17:59:42,961: +SERVICE [/edrone/roll_pitch_yawrate_thrust_controller_node/get_loggers] /edrone/roll_pitch_yawrate_thrust_controller_node http://itachi-HP-Pavilion-Laptop-15-cc1xx:40761/
[rosmaster.master][INFO] 2019-11-14 17:59:42,963: +SERVICE [/edrone/roll_pitch_yawrate_thrust_controller_node/set_logger_level] /edrone/roll_pitch_yawrate_thrust_controller_node http://itachi-HP-Pavilion-Laptop-15-cc1xx:40761/
[rosmaster.master][INFO] 2019-11-14 17:59:42,978: +SUB [/clock] /edrone/roll_pitch_yawrate_thrust_controller_node http://itachi-HP-Pavilion-Laptop-15-cc1xx:40761/
[rosmaster.master][INFO] 2019-11-14 17:59:42,990: +SUB [/edrone/command/roll_pitch_yawrate_thrust] /edrone/roll_pitch_yawrate_thrust_controller_node http://itachi-HP-Pavilion-Laptop-15-cc1xx:40761/
[rosmaster.master][INFO] 2019-11-14 17:59:43,002: +SUB [/edrone/odometry_sensor1/odometry] /edrone/roll_pitch_yawrate_thrust_controller_node http://itachi-HP-Pavilion-Laptop-15-cc1xx:40761/
[rosmaster.master][INFO] 2019-11-14 17:59:43,004: +PUB [/edrone/command/motor_speed] /edrone/roll_pitch_yawrate_thrust_controller_node http://itachi-HP-Pavilion-Laptop-15-cc1xx:40761/
[rosmaster.master][INFO] 2019-11-14 17:59:43,041: publisherUpdate[/rosout] -> http://itachi-HP-Pavilion-Laptop-15-cc1xx:42229/ ['http://itachi-HP-Pavilion-Laptop-15-cc1xx:35899/', 'http://itachi-HP-Pavilion-Laptop-15-cc1xx:40761/']
[rosmaster.master][INFO] 2019-11-14 17:59:43,043: publisherUpdate[/rosout] -> http://itachi-HP-Pavilion-Laptop-15-cc1xx:42229/ ['http://itachi-HP-Pavilion-Laptop-15-cc1xx:35899/', 'http://itachi-HP-Pavilion-Laptop-15-cc1xx:40761/']: sec=0.00, result=[1, '', 0]
[rosmaster.master][INFO] 2019-11-14 17:59:43,957: +PUB [/rosout] /edrone/robot_state_publisher http://itachi-HP-Pavilion-Laptop-15-cc1xx:43765/
[rosmaster.master][INFO] 2019-11-14 17:59:43,960: +SERVICE [/edrone/robot_state_publisher/get_loggers] /edrone/robot_state_publisher http://itachi-HP-Pavilion-Laptop-15-cc1xx:43765/
[rosmaster.master][INFO] 2019-11-14 17:59:43,962: +SERVICE [/edrone/robot_state_publisher/set_logger_level] /edrone/robot_state_publisher http://itachi-HP-Pavilion-Laptop-15-cc1xx:43765/
[rosmaster.master][INFO] 2019-11-14 17:59:43,978: +SUB [/clock] /edrone/robot_state_publisher http://itachi-HP-Pavilion-Laptop-15-cc1xx:43765/
[rosmaster.master][INFO] 2019-11-14 17:59:43,991: +PUB [/tf] /edrone/robot_state_publisher http://itachi-HP-Pavilion-Laptop-15-cc1xx:43765/
[rosmaster.master][INFO] 2019-11-14 17:59:43,993: +PUB [/tf_static] /edrone/robot_state_publisher http://itachi-HP-Pavilion-Laptop-15-cc1xx:43765/
[rosmaster.master][INFO] 2019-11-14 17:59:44,009: +SUB [/edrone/joint_states] /edrone/robot_state_publisher http://itachi-HP-Pavilion-Laptop-15-cc1xx:43765/
[rosmaster.master][INFO] 2019-11-14 17:59:44,045: publisherUpdate[/rosout] -> http://itachi-HP-Pavilion-Laptop-15-cc1xx:42229/ ['http://itachi-HP-Pavilion-Laptop-15-cc1xx:35899/', 'http://itachi-HP-Pavilion-Laptop-15-cc1xx:40761/', 'http://itachi-HP-Pavilion-Laptop-15-cc1xx:43765/']
[rosmaster.master][INFO] 2019-11-14 17:59:44,047: publisherUpdate[/rosout] -> http://itachi-HP-Pavilion-Laptop-15-cc1xx:42229/ ['http://itachi-HP-Pavilion-Laptop-15-cc1xx:35899/', 'http://itachi-HP-Pavilion-Laptop-15-cc1xx:40761/', 'http://itachi-HP-Pavilion-Laptop-15-cc1xx:43765/']: sec=0.00, result=[1, '', 0]
[rosmaster.master][INFO] 2019-11-14 17:59:44,265: +PUB [/rosout] /whycon http://itachi-HP-Pavilion-Laptop-15-cc1xx:37751/
[rosmaster.master][INFO] 2019-11-14 17:59:44,268: +PUB [/rosout] /whycon_display/image_view http://itachi-HP-Pavilion-Laptop-15-cc1xx:36865/
[rosmaster.master][INFO] 2019-11-14 17:59:44,270: +SERVICE [/whycon/get_loggers] /whycon http://itachi-HP-Pavilion-Laptop-15-cc1xx:37751/
[rosmaster.master][INFO] 2019-11-14 17:59:44,272: +SERVICE [/whycon_display/image_view/get_loggers] /whycon_display/image_view http://itachi-HP-Pavilion-Laptop-15-cc1xx:36865/
[rosmaster.master][INFO] 2019-11-14 17:59:44,273: +SERVICE [/whycon/set_logger_level] /whycon http://itachi-HP-Pavilion-Laptop-15-cc1xx:37751/
[rosmaster.master][INFO] 2019-11-14 17:59:44,275: +SERVICE [/whycon_display/image_view/set_logger_level] /whycon_display/image_view http://itachi-HP-Pavilion-Laptop-15-cc1xx:36865/
[rosmaster.master][INFO] 2019-11-14 17:59:44,285: +SUB [/clock] /whycon http://itachi-HP-Pavilion-Laptop-15-cc1xx:37751/
[rosmaster.master][INFO] 2019-11-14 17:59:44,286: +SUB [/clock] /whycon_display/image_view http://itachi-HP-Pavilion-Laptop-15-cc1xx:36865/
[rosmaster.master][INFO] 2019-11-14 17:59:44,346: publisherUpdate[/rosout] -> http://itachi-HP-Pavilion-Laptop-15-cc1xx:42229/ ['http://itachi-HP-Pavilion-Laptop-15-cc1xx:35899/', 'http://itachi-HP-Pavilion-Laptop-15-cc1xx:40761/', 'http://itachi-HP-Pavilion-Laptop-15-cc1xx:43765/', 'http://itachi-HP-Pavilion-Laptop-15-cc1xx:37751/']
[rosmaster.master][INFO] 2019-11-14 17:59:44,347: publisherUpdate[/rosout] -> http://itachi-HP-Pavilion-Laptop-15-cc1xx:42229/ ['http://itachi-HP-Pavilion-Laptop-15-cc1xx:35899/', 'http://itachi-HP-Pavilion-Laptop-15-cc1xx:40761/', 'http://itachi-HP-Pavilion-Laptop-15-cc1xx:43765/', 'http://itachi-HP-Pavilion-Laptop-15-cc1xx:37751/']: sec=0.00, result=[1, '', 0]
[rosmaster.master][INFO] 2019-11-14 17:59:44,347: publisherUpdate[/rosout] -> http://itachi-HP-Pavilion-Laptop-15-cc1xx:42229/ ['http://itachi-HP-Pavilion-Laptop-15-cc1xx:35899/', 'http://itachi-HP-Pavilion-Laptop-15-cc1xx:40761/', 'http://itachi-HP-Pavilion-Laptop-15-cc1xx:43765/', 'http://itachi-HP-Pavilion-Laptop-15-cc1xx:37751/', 'http://itachi-HP-Pavilion-Laptop-15-cc1xx:36865/']
[rosmaster.master][INFO] 2019-11-14 17:59:44,347: publisherUpdate[/rosout] -> http://itachi-HP-Pavilion-Laptop-15-cc1xx:42229/ ['http://itachi-HP-Pavilion-Laptop-15-cc1xx:35899/', 'http://itachi-HP-Pavilion-Laptop-15-cc1xx:40761/', 'http://itachi-HP-Pavilion-Laptop-15-cc1xx:43765/', 'http://itachi-HP-Pavilion-Laptop-15-cc1xx:37751/', 'http://itachi-HP-Pavilion-Laptop-15-cc1xx:36865/']: sec=0.00, result=[1, '', 0]
[rosmaster.master][INFO] 2019-11-14 17:59:44,726: +PUB [/tf] /whycon http://itachi-HP-Pavilion-Laptop-15-cc1xx:37751/
[rosmaster.master][INFO] 2019-11-14 17:59:44,867: +SUB [/gazebo/overhead_cam/image_rect_color] /whycon http://itachi-HP-Pavilion-Laptop-15-cc1xx:37751/
[rosmaster.master][INFO] 2019-11-14 17:59:44,878: +SUB [/gazebo/overhead_cam/camera_info] /whycon http://itachi-HP-Pavilion-Laptop-15-cc1xx:37751/
[rosmaster.master][INFO] 2019-11-14 17:59:44,881: +PUB [/whycon/image_out] /whycon http://itachi-HP-Pavilion-Laptop-15-cc1xx:37751/
[rosmaster.master][INFO] 2019-11-14 17:59:44,883: +PUB [/whycon/poses] /whycon http://itachi-HP-Pavilion-Laptop-15-cc1xx:37751/
[rosmaster.master][INFO] 2019-11-14 17:59:44,885: +PUB [/whycon/context] /whycon http://itachi-HP-Pavilion-Laptop-15-cc1xx:37751/
[rosmaster.master][INFO] 2019-11-14 17:59:44,888: +PUB [/whycon/projection] /whycon http://itachi-HP-Pavilion-Laptop-15-cc1xx:37751/
[rosmaster.master][INFO] 2019-11-14 17:59:44,890: +SERVICE [/whycon/reset] /whycon http://itachi-HP-Pavilion-Laptop-15-cc1xx:37751/
[rosmaster.master][INFO] 2019-11-14 17:59:45,572: +SUB [/whycon/image_out] /whycon_display/image_view http://itachi-HP-Pavilion-Laptop-15-cc1xx:36865/
[rosmaster.master][INFO] 2019-11-14 17:59:45,573: +PUB [/whycon_display/image_view/output] /whycon_display/image_view http://itachi-HP-Pavilion-Laptop-15-cc1xx:36865/
[rosmaster.master][INFO] 2019-11-14 17:59:45,574: +SERVICE [/whycon_display/image_view/set_parameters] /whycon_display/image_view http://itachi-HP-Pavilion-Laptop-15-cc1xx:36865/
[rosmaster.master][INFO] 2019-11-14 17:59:45,574: +PUB [/whycon_display/image_view/parameter_descriptions] /whycon_display/image_view http://itachi-HP-Pavilion-Laptop-15-cc1xx:36865/
[rosmaster.master][INFO] 2019-11-14 17:59:45,575: +PUB [/whycon_display/image_view/parameter_updates] /whycon_display/image_view http://itachi-HP-Pavilion-Laptop-15-cc1xx:36865/
[rosmaster.master][INFO] 2019-11-14 17:59:45,577: +PARAM [/whycon_display/image_view/do_dynamic_scaling] by /whycon_display/image_view
[rosmaster.master][INFO] 2019-11-14 17:59:45,579: +PARAM [/whycon_display/image_view/colormap] by /whycon_display/image_view
[rosmaster.master][INFO] 2019-11-14 17:59:45,581: +PARAM [/whycon_display/image_view/min_image_value] by /whycon_display/image_view
[rosmaster.master][INFO] 2019-11-14 17:59:45,582: +PARAM [/whycon_display/image_view/max_image_value] by /whycon_display/image_view
[rosmaster.master][INFO] 2019-11-14 17:59:45,583: +PARAM [/whycon_display/image_view/do_dynamic_scaling] by /whycon_display/image_view
[rosmaster.master][INFO] 2019-11-14 17:59:45,583: +PARAM [/whycon_display/image_view/colormap] by /whycon_display/image_view
[rosmaster.master][INFO] 2019-11-14 17:59:45,585: +PARAM [/whycon_display/image_view/min_image_value] by /whycon_display/image_view
[rosmaster.master][INFO] 2019-11-14 17:59:45,587: +PARAM [/whycon_display/image_view/max_image_value] by /whycon_display/image_view
[rosmaster.master][INFO] 2019-11-14 17:59:47,242: +PUB [/rosout] /edrone/joint_state_publisher http://itachi-HP-Pavilion-Laptop-15-cc1xx:35719/
[rosmaster.master][INFO] 2019-11-14 17:59:47,246: +SUB [/clock] /edrone/joint_state_publisher http://itachi-HP-Pavilion-Laptop-15-cc1xx:35719/
[rosmaster.master][INFO] 2019-11-14 17:59:47,247: +SERVICE [/edrone/joint_state_publisher/get_loggers] /edrone/joint_state_publisher http://itachi-HP-Pavilion-Laptop-15-cc1xx:35719/
[rosmaster.master][INFO] 2019-11-14 17:59:47,248: +SERVICE [/edrone/joint_state_publisher/set_logger_level] /edrone/joint_state_publisher http://itachi-HP-Pavilion-Laptop-15-cc1xx:35719/
[rosmaster.master][INFO] 2019-11-14 17:59:47,253: publisherUpdate[/rosout] -> http://itachi-HP-Pavilion-Laptop-15-cc1xx:42229/ ['http://itachi-HP-Pavilion-Laptop-15-cc1xx:35899/', 'http://itachi-HP-Pavilion-Laptop-15-cc1xx:40761/', 'http://itachi-HP-Pavilion-Laptop-15-cc1xx:43765/', 'http://itachi-HP-Pavilion-Laptop-15-cc1xx:37751/', 'http://itachi-HP-Pavilion-Laptop-15-cc1xx:36865/', 'http://itachi-HP-Pavilion-Laptop-15-cc1xx:35719/']
[rosmaster.master][INFO] 2019-11-14 17:59:47,255: publisherUpdate[/rosout] -> http://itachi-HP-Pavilion-Laptop-15-cc1xx:42229/ ['http://itachi-HP-Pavilion-Laptop-15-cc1xx:35899/', 'http://itachi-HP-Pavilion-Laptop-15-cc1xx:40761/', 'http://itachi-HP-Pavilion-Laptop-15-cc1xx:43765/', 'http://itachi-HP-Pavilion-Laptop-15-cc1xx:37751/', 'http://itachi-HP-Pavilion-Laptop-15-cc1xx:36865/', 'http://itachi-HP-Pavilion-Laptop-15-cc1xx:35719/']: sec=0.00, result=[1, '', 0]
[rosmaster.master][INFO] 2019-11-14 17:59:47,273: +PUB [/edrone/joint_states] /edrone/joint_state_publisher http://itachi-HP-Pavilion-Laptop-15-cc1xx:35719/
[rosmaster.master][INFO] 2019-11-14 17:59:47,354: publisherUpdate[/edrone/joint_states] -> http://itachi-HP-Pavilion-Laptop-15-cc1xx:43765/ ['http://itachi-HP-Pavilion-Laptop-15-cc1xx:35719/']
[rosmaster.master][INFO] 2019-11-14 17:59:47,357: publisherUpdate[/edrone/joint_states] -> http://itachi-HP-Pavilion-Laptop-15-cc1xx:43765/ ['http://itachi-HP-Pavilion-Laptop-15-cc1xx:35719/']: sec=0.00, result=[1, '', 0]
[rosmaster.master][INFO] 2019-11-14 17:59:47,359: +PUB [/rosout] /edrone/spawn_edrone http://itachi-HP-Pavilion-Laptop-15-cc1xx:37113/
[rosmaster.master][INFO] 2019-11-14 17:59:47,360: publisherUpdate[/rosout] -> http://itachi-HP-Pavilion-Laptop-15-cc1xx:42229/ ['http://itachi-HP-Pavilion-Laptop-15-cc1xx:35899/', 'http://itachi-HP-Pavilion-Laptop-15-cc1xx:40761/', 'http://itachi-HP-Pavilion-Laptop-15-cc1xx:43765/', 'http://itachi-HP-Pavilion-Laptop-15-cc1xx:37751/', 'http://itachi-HP-Pavilion-Laptop-15-cc1xx:36865/', 'http://itachi-HP-Pavilion-Laptop-15-cc1xx:35719/', 'http://itachi-HP-Pavilion-Laptop-15-cc1xx:37113/']
[rosmaster.master][INFO] 2019-11-14 17:59:47,362: publisherUpdate[/rosout] -> http://itachi-HP-Pavilion-Laptop-15-cc1xx:42229/ ['http://itachi-HP-Pavilion-Laptop-15-cc1xx:35899/', 'http://itachi-HP-Pavilion-Laptop-15-cc1xx:40761/', 'http://itachi-HP-Pavilion-Laptop-15-cc1xx:43765/', 'http://itachi-HP-Pavilion-Laptop-15-cc1xx:37751/', 'http://itachi-HP-Pavilion-Laptop-15-cc1xx:36865/', 'http://itachi-HP-Pavilion-Laptop-15-cc1xx:35719/', 'http://itachi-HP-Pavilion-Laptop-15-cc1xx:37113/']: sec=0.00, result=[1, '', 0]
[rosmaster.master][INFO] 2019-11-14 17:59:47,370: +SUB [/clock] /edrone/spawn_edrone http://itachi-HP-Pavilion-Laptop-15-cc1xx:37113/
[rosmaster.master][INFO] 2019-11-14 17:59:47,374: +SERVICE [/edrone/spawn_edrone/get_loggers] /edrone/spawn_edrone http://itachi-HP-Pavilion-Laptop-15-cc1xx:37113/
[rosmaster.master][INFO] 2019-11-14 17:59:47,378: +SERVICE [/edrone/spawn_edrone/set_logger_level] /edrone/spawn_edrone http://itachi-HP-Pavilion-Laptop-15-cc1xx:37113/
[rosmaster.master][INFO] 2019-11-14 17:59:49,254: +PUB [/rosout] /gazebo_gui http://itachi-HP-Pavilion-Laptop-15-cc1xx:46309/
[rosmaster.master][INFO] 2019-11-14 17:59:49,257: +PUB [/rosout] /gazebo http://itachi-HP-Pavilion-Laptop-15-cc1xx:43473/
[rosmaster.master][INFO] 2019-11-14 17:59:49,259: +SERVICE [/gazebo_gui/get_loggers] /gazebo_gui http://itachi-HP-Pavilion-Laptop-15-cc1xx:46309/
[rosmaster.master][INFO] 2019-11-14 17:59:49,260: publisherUpdate[/rosout] -> http://itachi-HP-Pavilion-Laptop-15-cc1xx:42229/ ['http://itachi-HP-Pavilion-Laptop-15-cc1xx:35899/', 'http://itachi-HP-Pavilion-Laptop-15-cc1xx:40761/', 'http://itachi-HP-Pavilion-Laptop-15-cc1xx:43765/', 'http://itachi-HP-Pavilion-Laptop-15-cc1xx:37751/', 'http://itachi-HP-Pavilion-Laptop-15-cc1xx:36865/', 'http://itachi-HP-Pavilion-Laptop-15-cc1xx:35719/', 'http://itachi-HP-Pavilion-Laptop-15-cc1xx:37113/', 'http://itachi-HP-Pavilion-Laptop-15-cc1xx:46309/']
[rosmaster.master][INFO] 2019-11-14 17:59:49,262: +SERVICE [/gazebo/get_loggers] /gazebo http://itachi-HP-Pavilion-Laptop-15-cc1xx:43473/
[rosmaster.master][INFO] 2019-11-14 17:59:49,265: +SERVICE [/gazebo_gui/set_logger_level] /gazebo_gui http://itachi-HP-Pavilion-Laptop-15-cc1xx:46309/
[rosmaster.master][INFO] 2019-11-14 17:59:49,266: publisherUpdate[/rosout] -> http://itachi-HP-Pavilion-Laptop-15-cc1xx:42229/ ['http://itachi-HP-Pavilion-Laptop-15-cc1xx:35899/', 'http://itachi-HP-Pavilion-Laptop-15-cc1xx:40761/', 'http://itachi-HP-Pavilion-Laptop-15-cc1xx:43765/', 'http://itachi-HP-Pavilion-Laptop-15-cc1xx:37751/', 'http://itachi-HP-Pavilion-Laptop-15-cc1xx:36865/', 'http://itachi-HP-Pavilion-Laptop-15-cc1xx:35719/', 'http://itachi-HP-Pavilion-Laptop-15-cc1xx:37113/', 'http://itachi-HP-Pavilion-Laptop-15-cc1xx:46309/']: sec=0.00, result=[1, '', 0]
[rosmaster.master][INFO] 2019-11-14 17:59:49,269: +SERVICE [/gazebo/set_logger_level] /gazebo http://itachi-HP-Pavilion-Laptop-15-cc1xx:43473/
[rosmaster.master][INFO] 2019-11-14 17:59:49,270: publisherUpdate[/rosout] -> http://itachi-HP-Pavilion-Laptop-15-cc1xx:42229/ ['http://itachi-HP-Pavilion-Laptop-15-cc1xx:35899/', 'http://itachi-HP-Pavilion-Laptop-15-cc1xx:40761/', 'http://itachi-HP-Pavilion-Laptop-15-cc1xx:43765/', 'http://itachi-HP-Pavilion-Laptop-15-cc1xx:37751/', 'http://itachi-HP-Pavilion-Laptop-15-cc1xx:36865/', 'http://itachi-HP-Pavilion-Laptop-15-cc1xx:35719/', 'http://itachi-HP-Pavilion-Laptop-15-cc1xx:37113/', 'http://itachi-HP-Pavilion-Laptop-15-cc1xx:46309/', 'http://itachi-HP-Pavilion-Laptop-15-cc1xx:43473/']
[rosmaster.master][INFO] 2019-11-14 17:59:49,274: publisherUpdate[/rosout] -> http://itachi-HP-Pavilion-Laptop-15-cc1xx:42229/ ['http://itachi-HP-Pavilion-Laptop-15-cc1xx:35899/', 'http://itachi-HP-Pavilion-Laptop-15-cc1xx:40761/', 'http://itachi-HP-Pavilion-Laptop-15-cc1xx:43765/', 'http://itachi-HP-Pavilion-Laptop-15-cc1xx:37751/', 'http://itachi-HP-Pavilion-Laptop-15-cc1xx:36865/', 'http://itachi-HP-Pavilion-Laptop-15-cc1xx:35719/', 'http://itachi-HP-Pavilion-Laptop-15-cc1xx:37113/', 'http://itachi-HP-Pavilion-Laptop-15-cc1xx:46309/', 'http://itachi-HP-Pavilion-Laptop-15-cc1xx:43473/']: sec=0.00, result=[1, '', 0]
[rosmaster.master][INFO] 2019-11-14 17:59:49,297: +SUB [/clock] /gazebo_gui http://itachi-HP-Pavilion-Laptop-15-cc1xx:46309/
[rosmaster.master][INFO] 2019-11-14 17:59:49,302: +SUB [/clock] /gazebo http://itachi-HP-Pavilion-Laptop-15-cc1xx:43473/
[rosmaster.master][INFO] 2019-11-14 17:59:50,374: +PUB [/clock] /gazebo http://itachi-HP-Pavilion-Laptop-15-cc1xx:43473/
[rosmaster.master][INFO] 2019-11-14 17:59:50,375: +SERVICE [/gazebo/spawn_sdf_model] /gazebo http://itachi-HP-Pavilion-Laptop-15-cc1xx:43473/
[rosmaster.master][INFO] 2019-11-14 17:59:50,375: +SERVICE [/gazebo/spawn_urdf_model] /gazebo http://itachi-HP-Pavilion-Laptop-15-cc1xx:43473/
[rosmaster.master][INFO] 2019-11-14 17:59:50,376: +SERVICE [/gazebo/delete_model] /gazebo http://itachi-HP-Pavilion-Laptop-15-cc1xx:43473/
[rosmaster.master][INFO] 2019-11-14 17:59:50,376: +SERVICE [/gazebo/delete_light] /gazebo http://itachi-HP-Pavilion-Laptop-15-cc1xx:43473/
[rosmaster.master][INFO] 2019-11-14 17:59:50,376: publisherUpdate[/clock] -> http://itachi-HP-Pavilion-Laptop-15-cc1xx:35899/ ['http://itachi-HP-Pavilion-Laptop-15-cc1xx:43473/']
[rosmaster.master][INFO] 2019-11-14 17:59:50,377: +SERVICE [/gazebo/get_model_properties] /gazebo http://itachi-HP-Pavilion-Laptop-15-cc1xx:43473/
[rosmaster.master][INFO] 2019-11-14 17:59:50,377: publisherUpdate[/clock] -> http://itachi-HP-Pavilion-Laptop-15-cc1xx:35899/ ['http://itachi-HP-Pavilion-Laptop-15-cc1xx:43473/']: sec=0.00, result=[1, '', 0]
[rosmaster.master][INFO] 2019-11-14 17:59:50,378: publisherUpdate[/clock] -> http://itachi-HP-Pavilion-Laptop-15-cc1xx:40761/ ['http://itachi-HP-Pavilion-Laptop-15-cc1xx:43473/']
[rosmaster.master][INFO] 2019-11-14 17:59:50,378: +SERVICE [/gazebo/get_model_state] /gazebo http://itachi-HP-Pavilion-Laptop-15-cc1xx:43473/
[rosmaster.master][INFO] 2019-11-14 17:59:50,378: publisherUpdate[/clock] -> http://itachi-HP-Pavilion-Laptop-15-cc1xx:40761/ ['http://itachi-HP-Pavilion-Laptop-15-cc1xx:43473/']: sec=0.00, result=[1, '', 0]
[rosmaster.master][INFO] 2019-11-14 17:59:50,379: publisherUpdate[/clock] -> http://itachi-HP-Pavilion-Laptop-15-cc1xx:43765/ ['http://itachi-HP-Pavilion-Laptop-15-cc1xx:43473/']
[rosmaster.master][INFO] 2019-11-14 17:59:50,379: +SERVICE [/gazebo/get_world_properties] /gazebo http://itachi-HP-Pavilion-Laptop-15-cc1xx:43473/
[rosmaster.master][INFO] 2019-11-14 17:59:50,379: publisherUpdate[/clock] -> http://itachi-HP-Pavilion-Laptop-15-cc1xx:43765/ ['http://itachi-HP-Pavilion-Laptop-15-cc1xx:43473/']: sec=0.00, result=[1, '', 0]
[rosmaster.master][INFO] 2019-11-14 17:59:50,380: publisherUpdate[/clock] -> http://itachi-HP-Pavilion-Laptop-15-cc1xx:37751/ ['http://itachi-HP-Pavilion-Laptop-15-cc1xx:43473/']
[rosmaster.master][INFO] 2019-11-14 17:59:50,380: +SERVICE [/gazebo/get_joint_properties] /gazebo http://itachi-HP-Pavilion-Laptop-15-cc1xx:43473/
[rosmaster.master][INFO] 2019-11-14 17:59:50,381: publisherUpdate[/clock] -> http://itachi-HP-Pavilion-Laptop-15-cc1xx:37751/ ['http://itachi-HP-Pavilion-Laptop-15-cc1xx:43473/']: sec=0.00, result=[1, '', 0]
[rosmaster.master][INFO] 2019-11-14 17:59:50,381: publisherUpdate[/clock] -> http://itachi-HP-Pavilion-Laptop-15-cc1xx:36865/ ['http://itachi-HP-Pavilion-Laptop-15-cc1xx:43473/']
[rosmaster.master][INFO] 2019-11-14 17:59:50,381: +SERVICE [/gazebo/get_link_properties] /gazebo http://itachi-HP-Pavilion-Laptop-15-cc1xx:43473/
[rosmaster.master][INFO] 2019-11-14 17:59:50,382: publisherUpdate[/clock] -> http://itachi-HP-Pavilion-Laptop-15-cc1xx:36865/ ['http://itachi-HP-Pavilion-Laptop-15-cc1xx:43473/']: sec=0.00, result=[1, '', 0]
[rosmaster.master][INFO] 2019-11-14 17:59:50,382: publisherUpdate[/clock] -> http://itachi-HP-Pavilion-Laptop-15-cc1xx:35719/ ['http://itachi-HP-Pavilion-Laptop-15-cc1xx:43473/']
[rosmaster.master][INFO] 2019-11-14 17:59:50,382: +SERVICE [/gazebo/get_link_state] /gazebo http://itachi-HP-Pavilion-Laptop-15-cc1xx:43473/
[rosmaster.master][INFO] 2019-11-14 17:59:50,383: +SERVICE [/gazebo/get_light_properties] /gazebo http://itachi-HP-Pavilion-Laptop-15-cc1xx:43473/
[rosmaster.master][INFO] 2019-11-14 17:59:50,383: publisherUpdate[/clock] -> http://itachi-HP-Pavilion-Laptop-15-cc1xx:35719/ ['http://itachi-HP-Pavilion-Laptop-15-cc1xx:43473/']: sec=0.00, result=[1, '', 0]
[rosmaster.master][INFO] 2019-11-14 17:59:50,383: publisherUpdate[/clock] -> http://itachi-HP-Pavilion-Laptop-15-cc1xx:37113/ ['http://itachi-HP-Pavilion-Laptop-15-cc1xx:43473/']
[rosmaster.master][INFO] 2019-11-14 17:59:50,384: +SERVICE [/gazebo/set_light_properties] /gazebo http://itachi-HP-Pavilion-Laptop-15-cc1xx:43473/
[rosmaster.master][INFO] 2019-11-14 17:59:50,384: +SERVICE [/gazebo/get_physics_properties] /gazebo http://itachi-HP-Pavilion-Laptop-15-cc1xx:43473/
[rosmaster.master][INFO] 2019-11-14 17:59:50,385: publisherUpdate[/clock] -> http://itachi-HP-Pavilion-Laptop-15-cc1xx:37113/ ['http://itachi-HP-Pavilion-Laptop-15-cc1xx:43473/']: sec=0.00, result=[1, '', 0]
[rosmaster.master][INFO] 2019-11-14 17:59:50,385: +PUB [/gazebo/link_states] /gazebo http://itachi-HP-Pavilion-Laptop-15-cc1xx:43473/
[rosmaster.master][INFO] 2019-11-14 17:59:50,385: publisherUpdate[/clock] -> http://itachi-HP-Pavilion-Laptop-15-cc1xx:46309/ ['http://itachi-HP-Pavilion-Laptop-15-cc1xx:43473/']
[rosmaster.master][INFO] 2019-11-14 17:59:50,386: +PUB [/gazebo/model_states] /gazebo http://itachi-HP-Pavilion-Laptop-15-cc1xx:43473/
[rosmaster.master][INFO] 2019-11-14 17:59:50,386: publisherUpdate[/clock] -> http://itachi-HP-Pavilion-Laptop-15-cc1xx:46309/ ['http://itachi-HP-Pavilion-Laptop-15-cc1xx:43473/']: sec=0.00, result=[1, '', 0]
[rosmaster.master][INFO] 2019-11-14 17:59:50,387: publisherUpdate[/clock] -> http://itachi-HP-Pavilion-Laptop-15-cc1xx:43473/ ['http://itachi-HP-Pavilion-Laptop-15-cc1xx:43473/']
[rosmaster.master][INFO] 2019-11-14 17:59:50,388: publisherUpdate[/clock] -> http://itachi-HP-Pavilion-Laptop-15-cc1xx:43473/ ['http://itachi-HP-Pavilion-Laptop-15-cc1xx:43473/']: sec=0.00, result=[1, '', 0]
[rosmaster.master][INFO] 2019-11-14 17:59:50,388: +SERVICE [/gazebo/set_link_properties] /gazebo http://itachi-HP-Pavilion-Laptop-15-cc1xx:43473/
[rosmaster.master][INFO] 2019-11-14 17:59:50,389: +SERVICE [/gazebo/set_physics_properties] /gazebo http://itachi-HP-Pavilion-Laptop-15-cc1xx:43473/
[rosmaster.master][INFO] 2019-11-14 17:59:50,390: +SERVICE [/gazebo/set_model_state] /gazebo http://itachi-HP-Pavilion-Laptop-15-cc1xx:43473/
[rosmaster.master][INFO] 2019-11-14 17:59:50,390: +SERVICE [/gazebo/set_model_configuration] /gazebo http://itachi-HP-Pavilion-Laptop-15-cc1xx:43473/
[rosmaster.master][INFO] 2019-11-14 17:59:50,391: +SERVICE [/gazebo/set_joint_properties] /gazebo http://itachi-HP-Pavilion-Laptop-15-cc1xx:43473/
[rosmaster.master][INFO] 2019-11-14 17:59:50,391: +SERVICE [/gazebo/set_link_state] /gazebo http://itachi-HP-Pavilion-Laptop-15-cc1xx:43473/
[rosmaster.master][INFO] 2019-11-14 17:59:50,396: +SUB [/gazebo/set_link_state] /gazebo http://itachi-HP-Pavilion-Laptop-15-cc1xx:43473/
[rosmaster.master][INFO] 2019-11-14 17:59:50,403: +SUB [/gazebo/set_model_state] /gazebo http://itachi-HP-Pavilion-Laptop-15-cc1xx:43473/
[rosmaster.master][INFO] 2019-11-14 17:59:50,404: +SERVICE [/gazebo/pause_physics] /gazebo http://itachi-HP-Pavilion-Laptop-15-cc1xx:43473/
[rosmaster.master][INFO] 2019-11-14 17:59:50,405: +SERVICE [/gazebo/unpause_physics] /gazebo http://itachi-HP-Pavilion-Laptop-15-cc1xx:43473/
[rosmaster.master][INFO] 2019-11-14 17:59:50,406: +SERVICE [/gazebo/apply_body_wrench] /gazebo http://itachi-HP-Pavilion-Laptop-15-cc1xx:43473/
[rosmaster.master][INFO] 2019-11-14 17:59:50,407: +SERVICE [/gazebo/apply_joint_effort] /gazebo http://itachi-HP-Pavilion-Laptop-15-cc1xx:43473/
[rosmaster.master][INFO] 2019-11-14 17:59:50,408: +SERVICE [/gazebo/clear_joint_forces] /gazebo http://itachi-HP-Pavilion-Laptop-15-cc1xx:43473/
[rosmaster.master][INFO] 2019-11-14 17:59:50,408: +SERVICE [/gazebo/clear_body_wrenches] /gazebo http://itachi-HP-Pavilion-Laptop-15-cc1xx:43473/
[rosmaster.master][INFO] 2019-11-14 17:59:50,409: +SERVICE [/gazebo/reset_simulation] /gazebo http://itachi-HP-Pavilion-Laptop-15-cc1xx:43473/
[rosmaster.master][INFO] 2019-11-14 17:59:50,410: +SERVICE [/gazebo/reset_world] /gazebo http://itachi-HP-Pavilion-Laptop-15-cc1xx:43473/
[rosmaster.master][INFO] 2019-11-14 17:59:50,878: +SERVICE [/gazebo/overhead_cam/set_camera_info] /gazebo http://itachi-HP-Pavilion-Laptop-15-cc1xx:43473/
[rosmaster.master][INFO] 2019-11-14 17:59:50,881: +SERVICE [/gazebo/overhead_cam/set_parameters] /gazebo http://itachi-HP-Pavilion-Laptop-15-cc1xx:43473/
[rosmaster.master][INFO] 2019-11-14 17:59:50,882: +PUB [/gazebo/overhead_cam/parameter_descriptions] /gazebo http://itachi-HP-Pavilion-Laptop-15-cc1xx:43473/
[rosmaster.master][INFO] 2019-11-14 17:59:50,883: +PUB [/gazebo/overhead_cam/parameter_updates] /gazebo http://itachi-HP-Pavilion-Laptop-15-cc1xx:43473/
[rosmaster.master][INFO] 2019-11-14 17:59:50,884: +PARAM [/gazebo/overhead_cam/imager_rate] by /gazebo
[rosmaster.master][INFO] 2019-11-14 17:59:50,885: +PARAM [/gazebo/overhead_cam/imager_rate] by /gazebo
[rosmaster.master][INFO] 2019-11-14 17:59:50,985: +PUB [/tf] /gazebo http://itachi-HP-Pavilion-Laptop-15-cc1xx:43473/
[rosmaster.master][INFO] 2019-11-14 17:59:51,088: +PUB [/gazebo/overhead_cam/image_rect_color/compressedDepth] /gazebo http://itachi-HP-Pavilion-Laptop-15-cc1xx:43473/
[rosmaster.master][INFO] 2019-11-14 17:59:51,089: +SERVICE [/gazebo/overhead_cam/image_rect_color/compressedDepth/set_parameters] /gazebo http://itachi-HP-Pavilion-Laptop-15-cc1xx:43473/
[rosmaster.master][INFO] 2019-11-14 17:59:51,089: +PUB [/gazebo/overhead_cam/image_rect_color/compressedDepth/parameter_descriptions] /gazebo http://itachi-HP-Pavilion-Laptop-15-cc1xx:43473/
[rosmaster.master][INFO] 2019-11-14 17:59:51,090: +PUB [/gazebo/overhead_cam/image_rect_color/compressedDepth/parameter_updates] /gazebo http://itachi-HP-Pavilion-Laptop-15-cc1xx:43473/
[rosmaster.master][INFO] 2019-11-14 17:59:51,092: +PARAM [/gazebo/overhead_cam/image_rect_color/compressedDepth/depth_max] by /gazebo
[rosmaster.master][INFO] 2019-11-14 17:59:51,093: +PARAM [/gazebo/overhead_cam/image_rect_color/compressedDepth/depth_quantization] by /gazebo
[rosmaster.master][INFO] 2019-11-14 17:59:51,094: +PARAM [/gazebo/overhead_cam/image_rect_color/compressedDepth/png_level] by /gazebo
[rosmaster.master][INFO] 2019-11-14 17:59:51,094: +PARAM [/gazebo/overhead_cam/image_rect_color/compressedDepth/depth_max] by /gazebo
[rosmaster.master][INFO] 2019-11-14 17:59:51,095: +PARAM [/gazebo/overhead_cam/image_rect_color/compressedDepth/depth_quantization] by /gazebo
[rosmaster.master][INFO] 2019-11-14 17:59:51,096: +PARAM [/gazebo/overhead_cam/image_rect_color/compressedDepth/png_level] by /gazebo
[rosmaster.master][INFO] 2019-11-14 17:59:51,185: +PUB [/gazebo/overhead_cam/image_rect_color/compressed] /gazebo http://itachi-HP-Pavilion-Laptop-15-cc1xx:43473/
[rosmaster.master][INFO] 2019-11-14 17:59:51,186: +SERVICE [/gazebo/overhead_cam/image_rect_color/compressed/set_parameters] /gazebo http://itachi-HP-Pavilion-Laptop-15-cc1xx:43473/
[rosmaster.master][INFO] 2019-11-14 17:59:51,187: +PUB [/gazebo/overhead_cam/image_rect_color/compressed/parameter_descriptions] /gazebo http://itachi-HP-Pavilion-Laptop-15-cc1xx:43473/
[rosmaster.master][INFO] 2019-11-14 17:59:51,188: +PUB [/gazebo/overhead_cam/image_rect_color/compressed/parameter_updates] /gazebo http://itachi-HP-Pavilion-Laptop-15-cc1xx:43473/
[rosmaster.master][INFO] 2019-11-14 17:59:51,191: +PARAM [/gazebo/overhead_cam/image_rect_color/compressed/format] by /gazebo
[rosmaster.master][INFO] 2019-11-14 17:59:51,192: +PARAM [/gazebo/overhead_cam/image_rect_color/compressed/jpeg_quality] by /gazebo
[rosmaster.master][INFO] 2019-11-14 17:59:51,193: +PARAM [/gazebo/overhead_cam/image_rect_color/compressed/png_level] by /gazebo
[rosmaster.master][INFO] 2019-11-14 17:59:51,194: +PARAM [/gazebo/overhead_cam/image_rect_color/compressed/format] by /gazebo
[rosmaster.master][INFO] 2019-11-14 17:59:51,195: +PARAM [/gazebo/overhead_cam/image_rect_color/compressed/jpeg_quality] by /gazebo
[rosmaster.master][INFO] 2019-11-14 17:59:51,196: +PARAM [/gazebo/overhead_cam/image_rect_color/compressed/png_level] by /gazebo
[rosmaster.master][INFO] 2019-11-14 17:59:51,200: +PUB [/gazebo/overhead_cam/image_rect_color] /gazebo http://itachi-HP-Pavilion-Laptop-15-cc1xx:43473/
[rosmaster.master][INFO] 2019-11-14 17:59:51,202: -SUB [/clock] /edrone/spawn_edrone http://itachi-HP-Pavilion-Laptop-15-cc1xx:37113/
[rosmaster.master][INFO] 2019-11-14 17:59:51,202: -PUB [/rosout] /edrone/spawn_edrone http://itachi-HP-Pavilion-Laptop-15-cc1xx:37113/
[rosmaster.master][INFO] 2019-11-14 17:59:51,202: -SERVICE [/edrone/spawn_edrone/set_logger_level] /edrone/spawn_edrone rosrpc://itachi-HP-Pavilion-Laptop-15-cc1xx:38089
[rosmaster.master][INFO] 2019-11-14 17:59:51,202: -SERVICE [/edrone/spawn_edrone/get_loggers] /edrone/spawn_edrone rosrpc://itachi-HP-Pavilion-Laptop-15-cc1xx:38089
[rosmaster.master][INFO] 2019-11-14 17:59:51,265: publisherUpdate[/gazebo/overhead_cam/image_rect_color] -> http://itachi-HP-Pavilion-Laptop-15-cc1xx:37751/ ['http://itachi-HP-Pavilion-Laptop-15-cc1xx:43473/']
[rosmaster.master][INFO] 2019-11-14 17:59:51,265: publisherUpdate[/gazebo/overhead_cam/image_rect_color] -> http://itachi-HP-Pavilion-Laptop-15-cc1xx:37751/ ['http://itachi-HP-Pavilion-Laptop-15-cc1xx:43473/']: sec=0.00, result=[1, '', 0]
[rosmaster.master][INFO] 2019-11-14 17:59:51,265: publisherUpdate[/rosout] -> http://itachi-HP-Pavilion-Laptop-15-cc1xx:42229/ ['http://itachi-HP-Pavilion-Laptop-15-cc1xx:35899/', 'http://itachi-HP-Pavilion-Laptop-15-cc1xx:40761/', 'http://itachi-HP-Pavilion-Laptop-15-cc1xx:43765/', 'http://itachi-HP-Pavilion-Laptop-15-cc1xx:37751/', 'http://itachi-HP-Pavilion-Laptop-15-cc1xx:36865/', 'http://itachi-HP-Pavilion-Laptop-15-cc1xx:35719/', 'http://itachi-HP-Pavilion-Laptop-15-cc1xx:46309/', 'http://itachi-HP-Pavilion-Laptop-15-cc1xx:43473/']
[rosmaster.master][INFO] 2019-11-14 17:59:51,266: publisherUpdate[/rosout] -> http://itachi-HP-Pavilion-Laptop-15-cc1xx:42229/ ['http://itachi-HP-Pavilion-Laptop-15-cc1xx:35899/', 'http://itachi-HP-Pavilion-Laptop-15-cc1xx:40761/', 'http://itachi-HP-Pavilion-Laptop-15-cc1xx:43765/', 'http://itachi-HP-Pavilion-Laptop-15-cc1xx:37751/', 'http://itachi-HP-Pavilion-Laptop-15-cc1xx:36865/', 'http://itachi-HP-Pavilion-Laptop-15-cc1xx:35719/', 'http://itachi-HP-Pavilion-Laptop-15-cc1xx:46309/', 'http://itachi-HP-Pavilion-Laptop-15-cc1xx:43473/']: sec=0.00, result=[1, '', 0]
[rosmaster.master][INFO] 2019-11-14 17:59:51,271: +PUB [/gazebo/overhead_cam/image_rect_color/theora] /gazebo http://itachi-HP-Pavilion-Laptop-15-cc1xx:43473/
[rosmaster.master][INFO] 2019-11-14 17:59:51,272: +SERVICE [/gazebo/overhead_cam/image_rect_color/theora/set_parameters] /gazebo http://itachi-HP-Pavilion-Laptop-15-cc1xx:43473/
[rosmaster.master][INFO] 2019-11-14 17:59:51,273: +PUB [/gazebo/overhead_cam/image_rect_color/theora/parameter_descriptions] /gazebo http://itachi-HP-Pavilion-Laptop-15-cc1xx:43473/
[rosmaster.master][INFO] 2019-11-14 17:59:51,273: +PUB [/gazebo/overhead_cam/image_rect_color/theora/parameter_updates] /gazebo http://itachi-HP-Pavilion-Laptop-15-cc1xx:43473/
[rosmaster.master][INFO] 2019-11-14 17:59:51,275: +PARAM [/gazebo/overhead_cam/image_rect_color/theora/optimize_for] by /gazebo
[rosmaster.master][INFO] 2019-11-14 17:59:51,276: +PARAM [/gazebo/overhead_cam/image_rect_color/theora/target_bitrate] by /gazebo
[rosmaster.master][INFO] 2019-11-14 17:59:51,277: +PARAM [/gazebo/overhead_cam/image_rect_color/theora/quality] by /gazebo
[rosmaster.master][INFO] 2019-11-14 17:59:51,277: +PARAM [/gazebo/overhead_cam/image_rect_color/theora/keyframe_frequency] by /gazebo
[rosmaster.master][INFO] 2019-11-14 17:59:51,278: +PARAM [/gazebo/overhead_cam/image_rect_color/theora/optimize_for] by /gazebo
[rosmaster.master][INFO] 2019-11-14 17:59:51,278: +PARAM [/gazebo/overhead_cam/image_rect_color/theora/target_bitrate] by /gazebo
[rosmaster.master][INFO] 2019-11-14 17:59:51,279: +PARAM [/gazebo/overhead_cam/image_rect_color/theora/quality] by /gazebo
[rosmaster.master][INFO] 2019-11-14 17:59:51,279: +PARAM [/gazebo/overhead_cam/image_rect_color/theora/keyframe_frequency] by /gazebo
[rosmaster.master][INFO] 2019-11-14 17:59:51,280: +PUB [/gazebo/overhead_cam/camera_info] /gazebo http://itachi-HP-Pavilion-Laptop-15-cc1xx:43473/
[rosmaster.master][INFO] 2019-11-14 17:59:51,290: publisherUpdate[/gazebo/overhead_cam/camera_info] -> http://itachi-HP-Pavilion-Laptop-15-cc1xx:37751/ ['http://itachi-HP-Pavilion-Laptop-15-cc1xx:43473/']
[rosmaster.master][INFO] 2019-11-14 17:59:51,291: publisherUpdate[/gazebo/overhead_cam/camera_info] -> http://itachi-HP-Pavilion-Laptop-15-cc1xx:37751/ ['http://itachi-HP-Pavilion-Laptop-15-cc1xx:43473/']: sec=0.00, result=[1, '', 0]
[rosmaster.master][INFO] 2019-11-14 17:59:51,421: +PUB [/edrone/motor_speed] /gazebo http://itachi-HP-Pavilion-Laptop-15-cc1xx:43473/
[rosmaster.master][INFO] 2019-11-14 17:59:51,424: +PUB [/edrone/joint_states] /gazebo http://itachi-HP-Pavilion-Laptop-15-cc1xx:43473/
[rosmaster.master][INFO] 2019-11-14 17:59:51,427: +PUB [/edrone/motor_speed/0] /gazebo http://itachi-HP-Pavilion-Laptop-15-cc1xx:43473/
[rosmaster.master][INFO] 2019-11-14 17:59:51,433: +SUB [/edrone/gazebo/command/motor_speed] /gazebo http://itachi-HP-Pavilion-Laptop-15-cc1xx:43473/
[rosmaster.master][INFO] 2019-11-14 17:59:51,437: +SUB [/edrone/wind_speed] /gazebo http://itachi-HP-Pavilion-Laptop-15-cc1xx:43473/
[rosmaster.master][INFO] 2019-11-14 17:59:51,452: +PUB [/edrone/motor_speed/1] /gazebo http://itachi-HP-Pavilion-Laptop-15-cc1xx:43473/
[rosmaster.master][INFO] 2019-11-14 17:59:51,459: +PUB [/edrone/motor_speed/2] /gazebo http://itachi-HP-Pavilion-Laptop-15-cc1xx:43473/
[rosmaster.master][INFO] 2019-11-14 17:59:51,466: +PUB [/edrone/motor_speed/3] /gazebo http://itachi-HP-Pavilion-Laptop-15-cc1xx:43473/
[rosmaster.master][INFO] 2019-11-14 17:59:51,467: publisherUpdate[/edrone/joint_states] -> http://itachi-HP-Pavilion-Laptop-15-cc1xx:43765/ ['http://itachi-HP-Pavilion-Laptop-15-cc1xx:35719/', 'http://itachi-HP-Pavilion-Laptop-15-cc1xx:43473/']
[rosmaster.master][INFO] 2019-11-14 17:59:51,468: publisherUpdate[/edrone/joint_states] -> http://itachi-HP-Pavilion-Laptop-15-cc1xx:43765/ ['http://itachi-HP-Pavilion-Laptop-15-cc1xx:35719/', 'http://itachi-HP-Pavilion-Laptop-15-cc1xx:43473/']: sec=0.00, result=[1, '', 0]
[rosmaster.master][INFO] 2019-11-14 17:59:51,475: +PUB [/edrone/gazebo/command/motor_speed] /gazebo http://itachi-HP-Pavilion-Laptop-15-cc1xx:43473/
[rosmaster.master][INFO] 2019-11-14 17:59:51,479: +SUB [/edrone/command/motor_speed] /gazebo http://itachi-HP-Pavilion-Laptop-15-cc1xx:43473/
[rosmaster.master][INFO] 2019-11-14 17:59:51,480: +PUB [/edrone/imu] /gazebo http://itachi-HP-Pavilion-Laptop-15-cc1xx:43473/
[rosmaster.master][INFO] 2019-11-14 17:59:51,482: +PUB [/edrone/ground_truth/imu] /gazebo http://itachi-HP-Pavilion-Laptop-15-cc1xx:43473/
[rosmaster.master][INFO] 2019-11-14 17:59:51,484: +PUB [/edrone/ground_truth/pose] /gazebo http://itachi-HP-Pavilion-Laptop-15-cc1xx:43473/
[rosmaster.master][INFO] 2019-11-14 17:59:51,486: +PUB [/edrone/ground_truth/pose_with_covariance] /gazebo http://itachi-HP-Pavilion-Laptop-15-cc1xx:43473/
[rosmaster.master][INFO] 2019-11-14 17:59:51,487: +PUB [/edrone/ground_truth/position] /gazebo http://itachi-HP-Pavilion-Laptop-15-cc1xx:43473/
[rosmaster.master][INFO] 2019-11-14 17:59:51,488: +PUB [/edrone/ground_truth/odometry] /gazebo http://itachi-HP-Pavilion-Laptop-15-cc1xx:43473/
[rosmaster.master][INFO] 2019-11-14 17:59:51,489: +PUB [/edrone/ground_truth/transform] /gazebo http://itachi-HP-Pavilion-Laptop-15-cc1xx:43473/
[rosmaster.master][INFO] 2019-11-14 17:59:51,491: publisherUpdate[/edrone/gazebo/command/motor_speed] -> http://itachi-HP-Pavilion-Laptop-15-cc1xx:43473/ ['http://itachi-HP-Pavilion-Laptop-15-cc1xx:43473/']
[rosmaster.master][INFO] 2019-11-14 17:59:51,492: publisherUpdate[/edrone/gazebo/command/motor_speed] -> http://itachi-HP-Pavilion-Laptop-15-cc1xx:43473/ ['http://itachi-HP-Pavilion-Laptop-15-cc1xx:43473/']: sec=0.00, result=[1, '', 0]
[rosmaster.master][INFO] 2019-11-14 17:59:51,495: +PUB [/edrone/odometry_sensor1/pose] /gazebo http://itachi-HP-Pavilion-Laptop-15-cc1xx:43473/
[rosmaster.master][INFO] 2019-11-14 17:59:51,496: +PUB [/edrone/odometry_sensor1/pose_with_covariance] /gazebo http://itachi-HP-Pavilion-Laptop-15-cc1xx:43473/
[rosmaster.master][INFO] 2019-11-14 17:59:51,497: +PUB [/edrone/odometry_sensor1/position] /gazebo http://itachi-HP-Pavilion-Laptop-15-cc1xx:43473/
[rosmaster.master][INFO] 2019-11-14 17:59:51,498: +PUB [/edrone/odometry_sensor1/odometry] /gazebo http://itachi-HP-Pavilion-Laptop-15-cc1xx:43473/
[rosmaster.master][INFO] 2019-11-14 17:59:51,499: +PUB [/edrone/odometry_sensor1/transform] /gazebo http://itachi-HP-Pavilion-Laptop-15-cc1xx:43473/
[rosmaster.master][INFO] 2019-11-14 17:59:51,558: +SERVICE [/gazebo/set_parameters] /gazebo http://itachi-HP-Pavilion-Laptop-15-cc1xx:43473/
[rosmaster.master][INFO] 2019-11-14 17:59:51,558: +SERVICE [/gazebo_gui/set_parameters] /gazebo_gui http://itachi-HP-Pavilion-Laptop-15-cc1xx:46309/
[rosmaster.master][INFO] 2019-11-14 17:59:51,559: +PUB [/gazebo/parameter_descriptions] /gazebo http://itachi-HP-Pavilion-Laptop-15-cc1xx:43473/
[rosmaster.master][INFO] 2019-11-14 17:59:51,560: +PUB [/gazebo_gui/parameter_descriptions] /gazebo_gui http://itachi-HP-Pavilion-Laptop-15-cc1xx:46309/
[rosmaster.master][INFO] 2019-11-14 17:59:51,561: +PUB [/gazebo/parameter_updates] /gazebo http://itachi-HP-Pavilion-Laptop-15-cc1xx:43473/
[rosmaster.master][INFO] 2019-11-14 17:59:51,561: +PUB [/gazebo_gui/parameter_updates] /gazebo_gui http://itachi-HP-Pavilion-Laptop-15-cc1xx:46309/
[rosmaster.master][INFO] 2019-11-14 17:59:51,569: publisherUpdate[/edrone/odometry_sensor1/odometry] -> http://itachi-HP-Pavilion-Laptop-15-cc1xx:40761/ ['http://itachi-HP-Pavilion-Laptop-15-cc1xx:43473/']
[rosmaster.master][INFO] 2019-11-14 17:59:51,570: publisherUpdate[/edrone/odometry_sensor1/odometry] -> http://itachi-HP-Pavilion-Laptop-15-cc1xx:40761/ ['http://itachi-HP-Pavilion-Laptop-15-cc1xx:43473/']: sec=0.00, result=[1, '', 0]
[rosmaster.master][INFO] 2019-11-14 17:59:51,586: +PARAM [/gazebo_gui/time_step] by /gazebo_gui
[rosmaster.master][INFO] 2019-11-14 17:59:51,588: +PARAM [/gazebo/time_step] by /gazebo
[rosmaster.master][INFO] 2019-11-14 17:59:51,590: +PARAM [/gazebo/max_update_rate] by /gazebo
[rosmaster.master][INFO] 2019-11-14 17:59:51,590: +PARAM [/gazebo/gravity_x] by /gazebo
[rosmaster.master][INFO] 2019-11-14 17:59:51,591: +PARAM [/gazebo/gravity_y] by /gazebo
[rosmaster.master][INFO] 2019-11-14 17:59:51,592: +PARAM [/gazebo/gravity_z] by /gazebo
[rosmaster.master][INFO] 2019-11-14 17:59:51,594: +PARAM [/gazebo/auto_disable_bodies] by /gazebo
[rosmaster.master][INFO] 2019-11-14 17:59:51,595: +PARAM [/gazebo/sor_pgs_precon_iters] by /gazebo
[rosmaster.master][INFO] 2019-11-14 17:59:51,596: +PARAM [/gazebo/sor_pgs_iters] by /gazebo
[rosmaster.master][INFO] 2019-11-14 17:59:51,597: +PARAM [/gazebo/sor_pgs_w] by /gazebo
[rosmaster.master][INFO] 2019-11-14 17:59:51,598: +PARAM [/gazebo/sor_pgs_rms_error_tol] by /gazebo
[rosmaster.master][INFO] 2019-11-14 17:59:51,599: +PARAM [/gazebo/cfm] by /gazebo
[rosmaster.master][INFO] 2019-11-14 17:59:51,600: +PARAM [/gazebo/erp] by /gazebo
[rosmaster.master][INFO] 2019-11-14 17:59:51,601: +PARAM [/gazebo_gui/max_update_rate] by /gazebo_gui
[rosmaster.master][INFO] 2019-11-14 17:59:51,602: +PARAM [/gazebo/contact_surface_layer] by /gazebo
[rosmaster.master][INFO] 2019-11-14 17:59:51,603: +PARAM [/gazebo_gui/gravity_x] by /gazebo_gui
[rosmaster.master][INFO] 2019-11-14 17:59:51,609: +PARAM [/gazebo/contact_max_correcting_vel] by /gazebo
[rosmaster.master][INFO] 2019-11-14 17:59:51,610: +PARAM [/gazebo_gui/gravity_y] by /gazebo_gui
[rosmaster.master][INFO] 2019-11-14 17:59:51,612: +PARAM [/gazebo_gui/gravity_z] by /gazebo_gui
[rosmaster.master][INFO] 2019-11-14 17:59:51,613: +PARAM [/gazebo/max_contacts] by /gazebo
[rosmaster.master][INFO] 2019-11-14 17:59:51,614: +PARAM [/gazebo_gui/auto_disable_bodies] by /gazebo_gui
[rosmaster.master][INFO] 2019-11-14 17:59:51,617: +PARAM [/gazebo_gui/sor_pgs_precon_iters] by /gazebo_gui
[rosmaster.master][INFO] 2019-11-14 17:59:51,620: +PARAM [/gazebo_gui/sor_pgs_iters] by /gazebo_gui
[rosmaster.master][INFO] 2019-11-14 17:59:51,621: +PARAM [/gazebo_gui/sor_pgs_w] by /gazebo_gui
[rosmaster.master][INFO] 2019-11-14 17:59:51,622: +PARAM [/gazebo_gui/sor_pgs_rms_error_tol] by /gazebo_gui
[rosmaster.master][INFO] 2019-11-14 17:59:51,623: +PARAM [/gazebo_gui/cfm] by /gazebo_gui
[rosmaster.master][INFO] 2019-11-14 17:59:51,624: +PARAM [/gazebo_gui/erp] by /gazebo_gui
[rosmaster.master][INFO] 2019-11-14 17:59:51,627: +PARAM [/gazebo_gui/contact_surface_layer] by /gazebo_gui
[rosmaster.master][INFO] 2019-11-14 17:59:51,628: +PARAM [/gazebo_gui/contact_max_correcting_vel] by /gazebo_gui
[rosmaster.master][INFO] 2019-11-14 17:59:51,629: +PARAM [/gazebo_gui/max_contacts] by /gazebo_gui
[rosmaster.master][INFO] 2019-11-14 17:59:51,649: +PARAM [/gazebo_gui/time_step] by /gazebo_gui
[rosmaster.master][INFO] 2019-11-14 17:59:51,651: +PARAM [/gazebo/time_step] by /gazebo
[rosmaster.master][INFO] 2019-11-14 17:59:51,656: +PARAM [/gazebo_gui/max_update_rate] by /gazebo_gui
[rosmaster.master][INFO] 2019-11-14 17:59:51,658: +PARAM [/gazebo/max_update_rate] by /gazebo
[rosmaster.master][INFO] 2019-11-14 17:59:51,659: +PARAM [/gazebo/gravity_x] by /gazebo
[rosmaster.master][INFO] 2019-11-14 17:59:51,660: +PARAM [/gazebo/gravity_y] by /gazebo
[rosmaster.master][INFO] 2019-11-14 17:59:51,661: +PARAM [/gazebo_gui/gravity_x] by /gazebo_gui
[rosmaster.master][INFO] 2019-11-14 17:59:51,662: +PARAM [/gazebo/gravity_z] by /gazebo
[rosmaster.master][INFO] 2019-11-14 17:59:51,663: +PARAM [/gazebo_gui/gravity_y] by /gazebo_gui
[rosmaster.master][INFO] 2019-11-14 17:59:51,664: +PARAM [/gazebo/auto_disable_bodies] by /gazebo
[rosmaster.master][INFO] 2019-11-14 17:59:51,666: +PARAM [/gazebo_gui/gravity_z] by /gazebo_gui
[rosmaster.master][INFO] 2019-11-14 17:59:51,667: +PARAM [/gazebo/sor_pgs_precon_iters] by /gazebo
[rosmaster.master][INFO] 2019-11-14 17:59:51,668: +PARAM [/gazebo_gui/auto_disable_bodies] by /gazebo_gui
[rosmaster.master][INFO] 2019-11-14 17:59:51,670: +PARAM [/gazebo_gui/sor_pgs_precon_iters] by /gazebo_gui
[rosmaster.master][INFO] 2019-11-14 17:59:51,672: +PARAM [/gazebo_gui/sor_pgs_iters] by /gazebo_gui
[rosmaster.master][INFO] 2019-11-14 17:59:51,673: +PARAM [/gazebo/sor_pgs_iters] by /gazebo
[rosmaster.master][INFO] 2019-11-14 17:59:51,674: +PARAM [/gazebo_gui/sor_pgs_w] by /gazebo_gui
[rosmaster.master][INFO] 2019-11-14 17:59:51,677: +PARAM [/gazebo/sor_pgs_w] by /gazebo
[rosmaster.master][INFO] 2019-11-14 17:59:51,681: +PARAM [/gazebo_gui/sor_pgs_rms_error_tol] by /gazebo_gui
[rosmaster.master][INFO] 2019-11-14 17:59:51,683: +PARAM [/gazebo_gui/cfm] by /gazebo_gui
[rosmaster.master][INFO] 2019-11-14 17:59:51,684: +PARAM [/gazebo/sor_pgs_rms_error_tol] by /gazebo
[rosmaster.master][INFO] 2019-11-14 17:59:51,686: +PARAM [/gazebo_gui/erp] by /gazebo_gui
[rosmaster.master][INFO] 2019-11-14 17:59:51,687: +PARAM [/gazebo/cfm] by /gazebo
[rosmaster.master][INFO] 2019-11-14 17:59:51,688: +PARAM [/gazebo_gui/contact_surface_layer] by /gazebo_gui
[rosmaster.master][INFO] 2019-11-14 17:59:51,689: +PARAM [/gazebo_gui/contact_max_correcting_vel] by /gazebo_gui
[rosmaster.master][INFO] 2019-11-14 17:59:51,690: +PARAM [/gazebo_gui/max_contacts] by /gazebo_gui
[rosmaster.master][INFO] 2019-11-14 17:59:51,691: +PARAM [/gazebo/erp] by /gazebo
[rosmaster.master][INFO] 2019-11-14 17:59:51,692: +PARAM [/gazebo/contact_surface_layer] by /gazebo
[rosmaster.master][INFO] 2019-11-14 17:59:51,693: +PARAM [/gazebo/contact_max_correcting_vel] by /gazebo
[rosmaster.master][INFO] 2019-11-14 17:59:51,697: +PARAM [/gazebo/max_contacts] by /gazebo
[rosmaster.master][INFO] 2019-11-14 18:00:50,712: +PUB [/rosout] /drone_control http://itachi-HP-Pavilion-Laptop-15-cc1xx:45927/
[rosmaster.master][INFO] 2019-11-14 18:00:50,716: +SUB [/clock] /drone_control http://itachi-HP-Pavilion-Laptop-15-cc1xx:45927/
[rosmaster.master][INFO] 2019-11-14 18:00:50,717: +SERVICE [/drone_control/get_loggers] /drone_control http://itachi-HP-Pavilion-Laptop-15-cc1xx:45927/
[rosmaster.master][INFO] 2019-11-14 18:00:50,721: +SERVICE [/drone_control/set_logger_level] /drone_control http://itachi-HP-Pavilion-Laptop-15-cc1xx:45927/
[rosmaster.master][INFO] 2019-11-14 18:00:50,723: +PUB [/drone_command] /drone_control http://itachi-HP-Pavilion-Laptop-15-cc1xx:45927/
[rosmaster.master][INFO] 2019-11-14 18:00:50,726: +PUB [/alt_error] /drone_control http://itachi-HP-Pavilion-Laptop-15-cc1xx:45927/
[rosmaster.master][INFO] 2019-11-14 18:00:50,729: +PUB [/pitch_error] /drone_control http://itachi-HP-Pavilion-Laptop-15-cc1xx:45927/
[rosmaster.master][INFO] 2019-11-14 18:00:50,731: +PUB [/roll_error] /drone_control http://itachi-HP-Pavilion-Laptop-15-cc1xx:45927/
[rosmaster.master][INFO] 2019-11-14 18:00:50,737: +SUB [/whycon/poses] /drone_control http://itachi-HP-Pavilion-Laptop-15-cc1xx:45927/
[rosmaster.master][INFO] 2019-11-14 18:00:50,743: +SUB [/pid_tuning_altitude] /drone_control http://itachi-HP-Pavilion-Laptop-15-cc1xx:45927/
[rosmaster.master][INFO] 2019-11-14 18:00:50,747: +SUB [/pid_tuning_pitch] /drone_control http://itachi-HP-Pavilion-Laptop-15-cc1xx:45927/
[rosmaster.master][INFO] 2019-11-14 18:00:50,751: +SUB [/pid_tuning_roll] /drone_control http://itachi-HP-Pavilion-Laptop-15-cc1xx:45927/
[rosmaster.master][INFO] 2019-11-14 18:00:50,774: publisherUpdate[/rosout] -> http://itachi-HP-Pavilion-Laptop-15-cc1xx:42229/ ['http://itachi-HP-Pavilion-Laptop-15-cc1xx:35899/', 'http://itachi-HP-Pavilion-Laptop-15-cc1xx:40761/', 'http://itachi-HP-Pavilion-Laptop-15-cc1xx:43765/', 'http://itachi-HP-Pavilion-Laptop-15-cc1xx:37751/', 'http://itachi-HP-Pavilion-Laptop-15-cc1xx:36865/', 'http://itachi-HP-Pavilion-Laptop-15-cc1xx:35719/', 'http://itachi-HP-Pavilion-Laptop-15-cc1xx:46309/', 'http://itachi-HP-Pavilion-Laptop-15-cc1xx:43473/', 'http://itachi-HP-Pavilion-Laptop-15-cc1xx:45927/']
[rosmaster.master][INFO] 2019-11-14 18:00:50,774: publisherUpdate[/drone_command] -> http://itachi-HP-Pavilion-Laptop-15-cc1xx:35899/ ['http://itachi-HP-Pavilion-Laptop-15-cc1xx:45927/']
[rosmaster.master][INFO] 2019-11-14 18:00:50,775: publisherUpdate[/rosout] -> http://itachi-HP-Pavilion-Laptop-15-cc1xx:42229/ ['http://itachi-HP-Pavilion-Laptop-15-cc1xx:35899/', 'http://itachi-HP-Pavilion-Laptop-15-cc1xx:40761/', 'http://itachi-HP-Pavilion-Laptop-15-cc1xx:43765/', 'http://itachi-HP-Pavilion-Laptop-15-cc1xx:37751/', 'http://itachi-HP-Pavilion-Laptop-15-cc1xx:36865/', 'http://itachi-HP-Pavilion-Laptop-15-cc1xx:35719/', 'http://itachi-HP-Pavilion-Laptop-15-cc1xx:46309/', 'http://itachi-HP-Pavilion-Laptop-15-cc1xx:43473/', 'http://itachi-HP-Pavilion-Laptop-15-cc1xx:45927/']: sec=0.00, result=[1, '', 0]
[rosmaster.master][INFO] 2019-11-14 18:00:50,776: publisherUpdate[/drone_command] -> http://itachi-HP-Pavilion-Laptop-15-cc1xx:35899/ ['http://itachi-HP-Pavilion-Laptop-15-cc1xx:45927/']: sec=0.00, result=[1, '', 0]
[rosmaster.master][INFO] 2019-11-14 18:03:18,936: +PARAM [/roslaunch/uris/host_itachi_hp_pavilion_laptop_15_cc1xx__44033] by /roslaunch
[rosmaster.master][INFO] 2019-11-14 18:03:18,938: +PARAM [/rosdistro] by /roslaunch
[rosmaster.master][INFO] 2019-11-14 18:03:18,939: +PARAM [/tune_pid_drone/ppid_ui_enable] by /roslaunch
[rosmaster.master][INFO] 2019-11-14 18:03:18,939: +PARAM [/tune_pid_drone/ypid_ui_enable] by /roslaunch
[rosmaster.master][INFO] 2019-11-14 18:03:18,939: +PARAM [/rosversion] by /roslaunch
[rosmaster.master][INFO] 2019-11-14 18:03:18,939: +PARAM [/tune_pid_drone/rpid_ui_enable] by /roslaunch
[rosmaster.master][INFO] 2019-11-14 18:03:18,939: +PARAM [/tune_pid_drone/tpid_ui_enable] by /roslaunch
[rosmaster.master][INFO] 2019-11-14 18:03:19,707: +PUB [/rosout] /tune_pid_drone http://itachi-HP-Pavilion-Laptop-15-cc1xx:42119/
[rosmaster.master][INFO] 2019-11-14 18:03:19,715: +SUB [/clock] /tune_pid_drone http://itachi-HP-Pavilion-Laptop-15-cc1xx:42119/
[rosmaster.master][INFO] 2019-11-14 18:03:19,718: +SERVICE [/tune_pid_drone/get_loggers] /tune_pid_drone http://itachi-HP-Pavilion-Laptop-15-cc1xx:42119/
[rosmaster.master][INFO] 2019-11-14 18:03:19,719: publisherUpdate[/rosout] -> http://itachi-HP-Pavilion-Laptop-15-cc1xx:42229/ ['http://itachi-HP-Pavilion-Laptop-15-cc1xx:35899/', 'http://itachi-HP-Pavilion-Laptop-15-cc1xx:40761/', 'http://itachi-HP-Pavilion-Laptop-15-cc1xx:43765/', 'http://itachi-HP-Pavilion-Laptop-15-cc1xx:37751/', 'http://itachi-HP-Pavilion-Laptop-15-cc1xx:36865/', 'http://itachi-HP-Pavilion-Laptop-15-cc1xx:35719/', 'http://itachi-HP-Pavilion-Laptop-15-cc1xx:46309/', 'http://itachi-HP-Pavilion-Laptop-15-cc1xx:43473/', 'http://itachi-HP-Pavilion-Laptop-15-cc1xx:45927/', 'http://itachi-HP-Pavilion-Laptop-15-cc1xx:42119/']
[rosmaster.master][INFO] 2019-11-14 18:03:19,721: publisherUpdate[/rosout] -> http://itachi-HP-Pavilion-Laptop-15-cc1xx:42229/ ['http://itachi-HP-Pavilion-Laptop-15-cc1xx:35899/', 'http://itachi-HP-Pavilion-Laptop-15-cc1xx:40761/', 'http://itachi-HP-Pavilion-Laptop-15-cc1xx:43765/', 'http://itachi-HP-Pavilion-Laptop-15-cc1xx:37751/', 'http://itachi-HP-Pavilion-Laptop-15-cc1xx:36865/', 'http://itachi-HP-Pavilion-Laptop-15-cc1xx:35719/', 'http://itachi-HP-Pavilion-Laptop-15-cc1xx:46309/', 'http://itachi-HP-Pavilion-Laptop-15-cc1xx:43473/', 'http://itachi-HP-Pavilion-Laptop-15-cc1xx:45927/', 'http://itachi-HP-Pavilion-Laptop-15-cc1xx:42119/']: sec=0.00, result=[1, '', 0]
[rosmaster.master][INFO] 2019-11-14 18:03:19,723: +SERVICE [/tune_pid_drone/set_logger_level] /tune_pid_drone http://itachi-HP-Pavilion-Laptop-15-cc1xx:42119/
[rosmaster.master][INFO] 2019-11-14 18:03:19,733: +PUB [/pid_tuning_pitch] /tune_pid_drone http://itachi-HP-Pavilion-Laptop-15-cc1xx:42119/
[rosmaster.master][INFO] 2019-11-14 18:03:19,753: publisherUpdate[/pid_tuning_pitch] -> http://itachi-HP-Pavilion-Laptop-15-cc1xx:45927/ ['http://itachi-HP-Pavilion-Laptop-15-cc1xx:42119/']
[rosmaster.master][INFO] 2019-11-14 18:03:19,755: publisherUpdate[/pid_tuning_pitch] -> http://itachi-HP-Pavilion-Laptop-15-cc1xx:45927/ ['http://itachi-HP-Pavilion-Laptop-15-cc1xx:42119/']: sec=0.00, result=[1, '', 0]
[rosmaster.master][INFO] 2019-11-14 18:03:19,986: +PUB [/pid_tuning_roll] /tune_pid_drone http://itachi-HP-Pavilion-Laptop-15-cc1xx:42119/
[rosmaster.master][INFO] 2019-11-14 18:03:20,022: publisherUpdate[/pid_tuning_roll] -> http://itachi-HP-Pavilion-Laptop-15-cc1xx:45927/ ['http://itachi-HP-Pavilion-Laptop-15-cc1xx:42119/']
[rosmaster.master][INFO] 2019-11-14 18:03:20,023: publisherUpdate[/pid_tuning_roll] -> http://itachi-HP-Pavilion-Laptop-15-cc1xx:45927/ ['http://itachi-HP-Pavilion-Laptop-15-cc1xx:42119/']: sec=0.00, result=[1, '', 0]
[rosmaster.master][INFO] 2019-11-14 18:03:20,025: +PUB [/pid_tuning_altitude] /tune_pid_drone http://itachi-HP-Pavilion-Laptop-15-cc1xx:42119/
[rosmaster.master][INFO] 2019-11-14 18:03:20,026: publisherUpdate[/pid_tuning_altitude] -> http://itachi-HP-Pavilion-Laptop-15-cc1xx:45927/ ['http://itachi-HP-Pavilion-Laptop-15-cc1xx:42119/']
[rosmaster.master][INFO] 2019-11-14 18:03:20,029: publisherUpdate[/pid_tuning_altitude] -> http://itachi-HP-Pavilion-Laptop-15-cc1xx:45927/ ['http://itachi-HP-Pavilion-Laptop-15-cc1xx:42119/']: sec=0.00, result=[1, '', 0]
[rosmaster.master][INFO] 2019-11-14 18:06:17,727: -SUB [/pid_tuning_pitch] /drone_control http://itachi-HP-Pavilion-Laptop-15-cc1xx:45927/
[rosmaster.master][INFO] 2019-11-14 18:06:17,727: -SUB [/clock] /drone_control http://itachi-HP-Pavilion-Laptop-15-cc1xx:45927/
[rosmaster.master][INFO] 2019-11-14 18:06:17,727: -SUB [/whycon/poses] /drone_control http://itachi-HP-Pavilion-Laptop-15-cc1xx:45927/
[rosmaster.master][INFO] 2019-11-14 18:06:17,727: -SUB [/pid_tuning_roll] /drone_control http://itachi-HP-Pavilion-Laptop-15-cc1xx:45927/
[rosmaster.master][INFO] 2019-11-14 18:06:17,727: -SUB [/pid_tuning_altitude] /drone_control http://itachi-HP-Pavilion-Laptop-15-cc1xx:45927/
[rosmaster.master][INFO] 2019-11-14 18:06:17,727: -PUB [/pitch_error] /drone_control http://itachi-HP-Pavilion-Laptop-15-cc1xx:45927/
[rosmaster.master][INFO] 2019-11-14 18:06:17,727: -PUB [/roll_error] /drone_control http://itachi-HP-Pavilion-Laptop-15-cc1xx:45927/
[rosmaster.master][INFO] 2019-11-14 18:06:17,727: -PUB [/rosout] /drone_control http://itachi-HP-Pavilion-Laptop-15-cc1xx:45927/
[rosmaster.master][INFO] 2019-11-14 18:06:17,728: -PUB [/alt_error] /drone_control http://itachi-HP-Pavilion-Laptop-15-cc1xx:45927/
[rosmaster.master][INFO] 2019-11-14 18:06:17,728: -PUB [/drone_command] /drone_control http://itachi-HP-Pavilion-Laptop-15-cc1xx:45927/
[rosmaster.master][INFO] 2019-11-14 18:06:17,728: -SERVICE [/drone_control/get_loggers] /drone_control rosrpc://itachi-HP-Pavilion-Laptop-15-cc1xx:40051
[rosmaster.master][INFO] 2019-11-14 18:06:17,728: publisherUpdate[/rosout] -> http://itachi-HP-Pavilion-Laptop-15-cc1xx:42229/ ['http://itachi-HP-Pavilion-Laptop-15-cc1xx:35899/', 'http://itachi-HP-Pavilion-Laptop-15-cc1xx:40761/', 'http://itachi-HP-Pavilion-Laptop-15-cc1xx:43765/', 'http://itachi-HP-Pavilion-Laptop-15-cc1xx:37751/', 'http://itachi-HP-Pavilion-Laptop-15-cc1xx:36865/', 'http://itachi-HP-Pavilion-Laptop-15-cc1xx:35719/', 'http://itachi-HP-Pavilion-Laptop-15-cc1xx:46309/', 'http://itachi-HP-Pavilion-Laptop-15-cc1xx:43473/', 'http://itachi-HP-Pavilion-Laptop-15-cc1xx:42119/']
[rosmaster.master][INFO] 2019-11-14 18:06:17,728: -SERVICE [/drone_control/set_logger_level] /drone_control rosrpc://itachi-HP-Pavilion-Laptop-15-cc1xx:40051
[rosmaster.master][INFO] 2019-11-14 18:06:17,729: publisherUpdate[/rosout] -> http://itachi-HP-Pavilion-Laptop-15-cc1xx:42229/ ['http://itachi-HP-Pavilion-Laptop-15-cc1xx:35899/', 'http://itachi-HP-Pavilion-Laptop-15-cc1xx:40761/', 'http://itachi-HP-Pavilion-Laptop-15-cc1xx:43765/', 'http://itachi-HP-Pavilion-Laptop-15-cc1xx:37751/', 'http://itachi-HP-Pavilion-Laptop-15-cc1xx:36865/', 'http://itachi-HP-Pavilion-Laptop-15-cc1xx:35719/', 'http://itachi-HP-Pavilion-Laptop-15-cc1xx:46309/', 'http://itachi-HP-Pavilion-Laptop-15-cc1xx:43473/', 'http://itachi-HP-Pavilion-Laptop-15-cc1xx:42119/']: sec=0.00, result=[1, '', 0]
[rosmaster.master][INFO] 2019-11-14 18:06:17,729: publisherUpdate[/drone_command] -> http://itachi-HP-Pavilion-Laptop-15-cc1xx:35899/ []
[rosmaster.master][INFO] 2019-11-14 18:06:17,729: publisherUpdate[/drone_command] -> http://itachi-HP-Pavilion-Laptop-15-cc1xx:35899/ []: sec=0.00, result=[1, '', 0]
[rosmaster.master][INFO] 2019-11-14 18:06:27,034: -PUB [/gazebo_gui/parameter_descriptions] /gazebo_gui http://itachi-HP-Pavilion-Laptop-15-cc1xx:46309/
[rosmaster.master][INFO] 2019-11-14 18:06:27,035: -PUB [/gazebo_gui/parameter_updates] /gazebo_gui http://itachi-HP-Pavilion-Laptop-15-cc1xx:46309/
[rosmaster.master][INFO] 2019-11-14 18:06:27,035: -SERVICE [/gazebo_gui/set_parameters] /gazebo_gui rosrpc://itachi-HP-Pavilion-Laptop-15-cc1xx:52227
[rosmaster.master][INFO] 2019-11-14 18:06:27,066: -PUB [/rosout] /gazebo_gui http://itachi-HP-Pavilion-Laptop-15-cc1xx:46309/
[rosmaster.master][INFO] 2019-11-14 18:06:27,066: -SUB [/clock] /gazebo_gui http://itachi-HP-Pavilion-Laptop-15-cc1xx:46309/
[rosmaster.master][INFO] 2019-11-14 18:06:27,067: -SERVICE [/gazebo_gui/get_loggers] /gazebo_gui rosrpc://itachi-HP-Pavilion-Laptop-15-cc1xx:52227
[rosmaster.master][INFO] 2019-11-14 18:06:27,068: -SERVICE [/gazebo_gui/set_logger_level] /gazebo_gui rosrpc://itachi-HP-Pavilion-Laptop-15-cc1xx:52227
[rosmaster.master][INFO] 2019-11-14 18:06:27,079: publisherUpdate[/rosout] -> http://itachi-HP-Pavilion-Laptop-15-cc1xx:42229/ ['http://itachi-HP-Pavilion-Laptop-15-cc1xx:35899/', 'http://itachi-HP-Pavilion-Laptop-15-cc1xx:40761/', 'http://itachi-HP-Pavilion-Laptop-15-cc1xx:43765/', 'http://itachi-HP-Pavilion-Laptop-15-cc1xx:37751/', 'http://itachi-HP-Pavilion-Laptop-15-cc1xx:36865/', 'http://itachi-HP-Pavilion-Laptop-15-cc1xx:35719/', 'http://itachi-HP-Pavilion-Laptop-15-cc1xx:43473/', 'http://itachi-HP-Pavilion-Laptop-15-cc1xx:42119/']
[rosmaster.master][INFO] 2019-11-14 18:06:27,080: publisherUpdate[/rosout] -> http://itachi-HP-Pavilion-Laptop-15-cc1xx:42229/ ['http://itachi-HP-Pavilion-Laptop-15-cc1xx:35899/', 'http://itachi-HP-Pavilion-Laptop-15-cc1xx:40761/', 'http://itachi-HP-Pavilion-Laptop-15-cc1xx:43765/', 'http://itachi-HP-Pavilion-Laptop-15-cc1xx:37751/', 'http://itachi-HP-Pavilion-Laptop-15-cc1xx:36865/', 'http://itachi-HP-Pavilion-Laptop-15-cc1xx:35719/', 'http://itachi-HP-Pavilion-Laptop-15-cc1xx:43473/', 'http://itachi-HP-Pavilion-Laptop-15-cc1xx:42119/']: sec=0.00, result=[1, '', 0]
[rosmaster.master][INFO] 2019-11-14 18:06:34,452: -SUB [/clock] /edrone/joint_state_publisher http://itachi-HP-Pavilion-Laptop-15-cc1xx:35719/
[rosmaster.master][INFO] 2019-11-14 18:06:34,452: -PUB [/edrone/joint_states] /edrone/joint_state_publisher http://itachi-HP-Pavilion-Laptop-15-cc1xx:35719/
[rosmaster.master][INFO] 2019-11-14 18:06:34,452: -PUB [/rosout] /edrone/joint_state_publisher http://itachi-HP-Pavilion-Laptop-15-cc1xx:35719/
[rosmaster.master][INFO] 2019-11-14 18:06:34,452: -SERVICE [/edrone/joint_state_publisher/set_logger_level] /edrone/joint_state_publisher rosrpc://itachi-HP-Pavilion-Laptop-15-cc1xx:43285
[rosmaster.master][INFO] 2019-11-14 18:06:34,452: -SERVICE [/edrone/joint_state_publisher/get_loggers] /edrone/joint_state_publisher rosrpc://itachi-HP-Pavilion-Laptop-15-cc1xx:43285
[rosmaster.master][INFO] 2019-11-14 18:06:34,454: publisherUpdate[/edrone/joint_states] -> http://itachi-HP-Pavilion-Laptop-15-cc1xx:43765/ ['http://itachi-HP-Pavilion-Laptop-15-cc1xx:43473/']
[rosmaster.master][INFO] 2019-11-14 18:06:34,455: publisherUpdate[/edrone/joint_states] -> http://itachi-HP-Pavilion-Laptop-15-cc1xx:43765/ ['http://itachi-HP-Pavilion-Laptop-15-cc1xx:43473/']: sec=0.00, result=[1, '', 0]
[rosmaster.master][INFO] 2019-11-14 18:06:34,455: publisherUpdate[/rosout] -> http://itachi-HP-Pavilion-Laptop-15-cc1xx:42229/ ['http://itachi-HP-Pavilion-Laptop-15-cc1xx:35899/', 'http://itachi-HP-Pavilion-Laptop-15-cc1xx:40761/', 'http://itachi-HP-Pavilion-Laptop-15-cc1xx:43765/', 'http://itachi-HP-Pavilion-Laptop-15-cc1xx:37751/', 'http://itachi-HP-Pavilion-Laptop-15-cc1xx:36865/', 'http://itachi-HP-Pavilion-Laptop-15-cc1xx:43473/', 'http://itachi-HP-Pavilion-Laptop-15-cc1xx:42119/']
[rosmaster.master][INFO] 2019-11-14 18:06:34,456: publisherUpdate[/rosout] -> http://itachi-HP-Pavilion-Laptop-15-cc1xx:42229/ ['http://itachi-HP-Pavilion-Laptop-15-cc1xx:35899/', 'http://itachi-HP-Pavilion-Laptop-15-cc1xx:40761/', 'http://itachi-HP-Pavilion-Laptop-15-cc1xx:43765/', 'http://itachi-HP-Pavilion-Laptop-15-cc1xx:37751/', 'http://itachi-HP-Pavilion-Laptop-15-cc1xx:36865/', 'http://itachi-HP-Pavilion-Laptop-15-cc1xx:43473/', 'http://itachi-HP-Pavilion-Laptop-15-cc1xx:42119/']: sec=0.00, result=[1, '', 0]
[rosmaster.master][INFO] 2019-11-14 18:06:34,553: -PUB [/rosout] /edrone/rotors_edrone_interface http://itachi-HP-Pavilion-Laptop-15-cc1xx:35899/
[rosmaster.master][INFO] 2019-11-14 18:06:34,553: -PUB [/edrone/command/roll_pitch_yawrate_thrust] /edrone/rotors_edrone_interface http://itachi-HP-Pavilion-Laptop-15-cc1xx:35899/
[rosmaster.master][INFO] 2019-11-14 18:06:34,554: -SUB [/clock] /edrone/rotors_edrone_interface http://itachi-HP-Pavilion-Laptop-15-cc1xx:35899/
[rosmaster.master][INFO] 2019-11-14 18:06:34,555: -SUB [/drone_command] /edrone/rotors_edrone_interface http://itachi-HP-Pavilion-Laptop-15-cc1xx:35899/
[rosmaster.master][INFO] 2019-11-14 18:06:34,556: -PUB [/rosout] /edrone/robot_state_publisher http://itachi-HP-Pavilion-Laptop-15-cc1xx:43765/
[rosmaster.master][INFO] 2019-11-14 18:06:34,556: publisherUpdate[/rosout] -> http://itachi-HP-Pavilion-Laptop-15-cc1xx:42229/ ['http://itachi-HP-Pavilion-Laptop-15-cc1xx:40761/', 'http://itachi-HP-Pavilion-Laptop-15-cc1xx:43765/', 'http://itachi-HP-Pavilion-Laptop-15-cc1xx:37751/', 'http://itachi-HP-Pavilion-Laptop-15-cc1xx:36865/', 'http://itachi-HP-Pavilion-Laptop-15-cc1xx:43473/', 'http://itachi-HP-Pavilion-Laptop-15-cc1xx:42119/']
[rosmaster.master][INFO] 2019-11-14 18:06:34,558: publisherUpdate[/rosout] -> http://itachi-HP-Pavilion-Laptop-15-cc1xx:42229/ ['http://itachi-HP-Pavilion-Laptop-15-cc1xx:40761/', 'http://itachi-HP-Pavilion-Laptop-15-cc1xx:43765/', 'http://itachi-HP-Pavilion-Laptop-15-cc1xx:37751/', 'http://itachi-HP-Pavilion-Laptop-15-cc1xx:36865/', 'http://itachi-HP-Pavilion-Laptop-15-cc1xx:43473/', 'http://itachi-HP-Pavilion-Laptop-15-cc1xx:42119/']: sec=0.00, result=[1, '', 0]
[rosmaster.master][INFO] 2019-11-14 18:06:34,558: publisherUpdate[/edrone/command/roll_pitch_yawrate_thrust] -> http://itachi-HP-Pavilion-Laptop-15-cc1xx:40761/ []
[rosmaster.master][INFO] 2019-11-14 18:06:34,558: publisherUpdate[/rosout] -> http://itachi-HP-Pavilion-Laptop-15-cc1xx:42229/ ['http://itachi-HP-Pavilion-Laptop-15-cc1xx:40761/', 'http://itachi-HP-Pavilion-Laptop-15-cc1xx:37751/', 'http://itachi-HP-Pavilion-Laptop-15-cc1xx:36865/', 'http://itachi-HP-Pavilion-Laptop-15-cc1xx:43473/', 'http://itachi-HP-Pavilion-Laptop-15-cc1xx:42119/']
[rosmaster.master][INFO] 2019-11-14 18:06:34,558: -SERVICE [/edrone/rotors_edrone_interface/get_loggers] /edrone/rotors_edrone_interface rosrpc://itachi-HP-Pavilion-Laptop-15-cc1xx:43003
[rosmaster.master][INFO] 2019-11-14 18:06:34,559: publisherUpdate[/edrone/command/roll_pitch_yawrate_thrust] -> http://itachi-HP-Pavilion-Laptop-15-cc1xx:40761/ []: sec=0.00, result=[0, 'Unknown Error', 0]
[rosmaster.master][INFO] 2019-11-14 18:06:34,560: publisherUpdate[/rosout] -> http://itachi-HP-Pavilion-Laptop-15-cc1xx:42229/ ['http://itachi-HP-Pavilion-Laptop-15-cc1xx:40761/', 'http://itachi-HP-Pavilion-Laptop-15-cc1xx:37751/', 'http://itachi-HP-Pavilion-Laptop-15-cc1xx:36865/', 'http://itachi-HP-Pavilion-Laptop-15-cc1xx:43473/', 'http://itachi-HP-Pavilion-Laptop-15-cc1xx:42119/']: sec=0.00, result=[1, '', 0]
[rosmaster.master][INFO] 2019-11-14 18:06:34,560: -PUB [/tf] /edrone/robot_state_publisher http://itachi-HP-Pavilion-Laptop-15-cc1xx:43765/
[rosmaster.master][INFO] 2019-11-14 18:06:34,562: -PUB [/rosout] /whycon http://itachi-HP-Pavilion-Laptop-15-cc1xx:37751/
[rosmaster.master][INFO] 2019-11-14 18:06:34,563: -SERVICE [/edrone/rotors_edrone_interface/set_logger_level] /edrone/rotors_edrone_interface rosrpc://itachi-HP-Pavilion-Laptop-15-cc1xx:43003
[rosmaster.master][INFO] 2019-11-14 18:06:34,564: -PUB [/tf_static] /edrone/robot_state_publisher http://itachi-HP-Pavilion-Laptop-15-cc1xx:43765/
[rosmaster.master][INFO] 2019-11-14 18:06:34,564: -PUB [/tf] /whycon http://itachi-HP-Pavilion-Laptop-15-cc1xx:37751/
[rosmaster.master][INFO] 2019-11-14 18:06:34,565: -SUB [/clock] /edrone/robot_state_publisher http://itachi-HP-Pavilion-Laptop-15-cc1xx:43765/
[rosmaster.master][INFO] 2019-11-14 18:06:34,566: -PUB [/whycon/image_out] /whycon http://itachi-HP-Pavilion-Laptop-15-cc1xx:37751/
[rosmaster.master][INFO] 2019-11-14 18:06:34,566: -SUB [/edrone/joint_states] /edrone/robot_state_publisher http://itachi-HP-Pavilion-Laptop-15-cc1xx:43765/
[rosmaster.master][INFO] 2019-11-14 18:06:34,567: -PUB [/whycon/poses] /whycon http://itachi-HP-Pavilion-Laptop-15-cc1xx:37751/
[rosmaster.master][INFO] 2019-11-14 18:06:34,568: -SERVICE [/edrone/robot_state_publisher/get_loggers] /edrone/robot_state_publisher rosrpc://itachi-HP-Pavilion-Laptop-15-cc1xx:55441
[rosmaster.master][INFO] 2019-11-14 18:06:34,569: -PUB [/whycon/context] /whycon http://itachi-HP-Pavilion-Laptop-15-cc1xx:37751/
[rosmaster.master][INFO] 2019-11-14 18:06:34,570: -SERVICE [/edrone/robot_state_publisher/set_logger_level] /edrone/robot_state_publisher rosrpc://itachi-HP-Pavilion-Laptop-15-cc1xx:55441
[rosmaster.master][INFO] 2019-11-14 18:06:34,571: -PUB [/whycon/projection] /whycon http://itachi-HP-Pavilion-Laptop-15-cc1xx:37751/
[rosmaster.master][INFO] 2019-11-14 18:06:34,572: -SUB [/clock] /whycon http://itachi-HP-Pavilion-Laptop-15-cc1xx:37751/
[rosmaster.master][INFO] 2019-11-14 18:06:34,573: -SUB [/gazebo/overhead_cam/image_rect_color] /whycon http://itachi-HP-Pavilion-Laptop-15-cc1xx:37751/
[rosmaster.master][INFO] 2019-11-14 18:06:34,574: -SUB [/gazebo/overhead_cam/camera_info] /whycon http://itachi-HP-Pavilion-Laptop-15-cc1xx:37751/
[rosmaster.master][INFO] 2019-11-14 18:06:34,575: -SERVICE [/whycon/get_loggers] /whycon rosrpc://itachi-HP-Pavilion-Laptop-15-cc1xx:55023
[rosmaster.master][INFO] 2019-11-14 18:06:34,575: -SERVICE [/whycon/set_logger_level] /whycon rosrpc://itachi-HP-Pavilion-Laptop-15-cc1xx:55023
[rosmaster.master][INFO] 2019-11-14 18:06:34,576: -SERVICE [/whycon/reset] /whycon rosrpc://itachi-HP-Pavilion-Laptop-15-cc1xx:55023
[rosmaster.master][INFO] 2019-11-14 18:06:34,587: -PUB [/rosout] /whycon_display/image_view http://itachi-HP-Pavilion-Laptop-15-cc1xx:36865/
[rosmaster.master][INFO] 2019-11-14 18:06:34,588: -PUB [/whycon_display/image_view/output] /whycon_display/image_view http://itachi-HP-Pavilion-Laptop-15-cc1xx:36865/
[rosmaster.master][INFO] 2019-11-14 18:06:34,589: -PUB [/whycon_display/image_view/parameter_descriptions] /whycon_display/image_view http://itachi-HP-Pavilion-Laptop-15-cc1xx:36865/
[rosmaster.master][INFO] 2019-11-14 18:06:34,590: -PUB [/whycon_display/image_view/parameter_updates] /whycon_display/image_view http://itachi-HP-Pavilion-Laptop-15-cc1xx:36865/
[rosmaster.master][INFO] 2019-11-14 18:06:34,591: -SUB [/clock] /whycon_display/image_view http://itachi-HP-Pavilion-Laptop-15-cc1xx:36865/
[rosmaster.master][INFO] 2019-11-14 18:06:34,592: -SUB [/whycon/image_out] /whycon_display/image_view http://itachi-HP-Pavilion-Laptop-15-cc1xx:36865/
[rosmaster.master][INFO] 2019-11-14 18:06:34,592: publisherUpdate[/rosout] -> http://itachi-HP-Pavilion-Laptop-15-cc1xx:42229/ ['http://itachi-HP-Pavilion-Laptop-15-cc1xx:40761/', 'http://itachi-HP-Pavilion-Laptop-15-cc1xx:36865/', 'http://itachi-HP-Pavilion-Laptop-15-cc1xx:43473/', 'http://itachi-HP-Pavilion-Laptop-15-cc1xx:42119/']
[rosmaster.master][INFO] 2019-11-14 18:06:34,593: publisherUpdate[/rosout] -> http://itachi-HP-Pavilion-Laptop-15-cc1xx:42229/ ['http://itachi-HP-Pavilion-Laptop-15-cc1xx:40761/', 'http://itachi-HP-Pavilion-Laptop-15-cc1xx:36865/', 'http://itachi-HP-Pavilion-Laptop-15-cc1xx:43473/', 'http://itachi-HP-Pavilion-Laptop-15-cc1xx:42119/']: sec=0.00, result=[1, '', 0]
[rosmaster.master][INFO] 2019-11-14 18:06:34,593: publisherUpdate[/whycon/image_out] -> http://itachi-HP-Pavilion-Laptop-15-cc1xx:36865/ []
[rosmaster.master][INFO] 2019-11-14 18:06:34,594: -SERVICE [/whycon_display/image_view/get_loggers] /whycon_display/image_view rosrpc://itachi-HP-Pavilion-Laptop-15-cc1xx:35641
[rosmaster.master][INFO] 2019-11-14 18:06:34,595: -SERVICE [/whycon_display/image_view/set_logger_level] /whycon_display/image_view rosrpc://itachi-HP-Pavilion-Laptop-15-cc1xx:35641
[rosmaster.master][INFO] 2019-11-14 18:06:34,596: -SERVICE [/whycon_display/image_view/set_parameters] /whycon_display/image_view rosrpc://itachi-HP-Pavilion-Laptop-15-cc1xx:35641
[rosmaster.master][INFO] 2019-11-14 18:06:34,623: publisherUpdate[/whycon/image_out] -> http://itachi-HP-Pavilion-Laptop-15-cc1xx:36865/ []: sec=0.03, exception=[Errno 111] Connection refused
[rosmaster.master][INFO] 2019-11-14 18:06:34,636: -SUB [/clock] /tune_pid_drone http://itachi-HP-Pavilion-Laptop-15-cc1xx:42119/
[rosmaster.master][INFO] 2019-11-14 18:06:34,637: -PUB [/pid_tuning_pitch] /tune_pid_drone http://itachi-HP-Pavilion-Laptop-15-cc1xx:42119/
[rosmaster.master][INFO] 2019-11-14 18:06:34,637: -PUB [/pid_tuning_roll] /tune_pid_drone http://itachi-HP-Pavilion-Laptop-15-cc1xx:42119/
[rosmaster.master][INFO] 2019-11-14 18:06:34,637: -PUB [/rosout] /tune_pid_drone http://itachi-HP-Pavilion-Laptop-15-cc1xx:42119/
[rosmaster.master][INFO] 2019-11-14 18:06:34,637: -PUB [/pid_tuning_altitude] /tune_pid_drone http://itachi-HP-Pavilion-Laptop-15-cc1xx:42119/
[rosmaster.master][INFO] 2019-11-14 18:06:34,637: -SERVICE [/tune_pid_drone/get_loggers] /tune_pid_drone rosrpc://itachi-HP-Pavilion-Laptop-15-cc1xx:42167
[rosmaster.master][INFO] 2019-11-14 18:06:34,637: -SERVICE [/tune_pid_drone/set_logger_level] /tune_pid_drone rosrpc://itachi-HP-Pavilion-Laptop-15-cc1xx:42167
[rosmaster.threadpool][ERROR] 2019-11-14 18:06:34,648: Traceback (most recent call last):
  File "/opt/ros/kinetic/lib/python2.7/dist-packages/rosmaster/threadpool.py", line 218, in run
    result = cmd(*args)
  File "/opt/ros/kinetic/lib/python2.7/dist-packages/rosmaster/master_api.py", line 210, in publisher_update_task
    ret = xmlrpcapi(api).publisherUpdate('/master', topic, pub_uris)
  File "/usr/lib/python2.7/xmlrpclib.py", line 1243, in __call__
    return self.__send(self.__name, args)
  File "/usr/lib/python2.7/xmlrpclib.py", line 1602, in __request
    verbose=self.__verbose
  File "/usr/lib/python2.7/xmlrpclib.py", line 1283, in request
    return self.single_request(host, handler, request_body, verbose)
  File "/usr/lib/python2.7/xmlrpclib.py", line 1311, in single_request
    self.send_content(h, request_body)
  File "/usr/lib/python2.7/xmlrpclib.py", line 1459, in send_content
    connection.endheaders(request_body)
  File "/usr/lib/python2.7/httplib.py", line 1069, in endheaders
    self._send_output(message_body)
  File "/usr/lib/python2.7/httplib.py", line 907, in _send_output
    self.send(msg)
  File "/usr/lib/python2.7/httplib.py", line 869, in send
    self.connect()
  File "/usr/lib/python2.7/httplib.py", line 846, in connect
    self.timeout, self.source_address)
  File "/usr/lib/python2.7/socket.py", line 575, in create_connection
    raise err
error: [Errno 111] Connection refused

[rosmaster.master][INFO] 2019-11-14 18:06:34,648: publisherUpdate[/rosout] -> http://itachi-HP-Pavilion-Laptop-15-cc1xx:42229/ ['http://itachi-HP-Pavilion-Laptop-15-cc1xx:40761/', 'http://itachi-HP-Pavilion-Laptop-15-cc1xx:43473/', 'http://itachi-HP-Pavilion-Laptop-15-cc1xx:42119/']
[rosmaster.master][INFO] 2019-11-14 18:06:34,649: publisherUpdate[/rosout] -> http://itachi-HP-Pavilion-Laptop-15-cc1xx:42229/ ['http://itachi-HP-Pavilion-Laptop-15-cc1xx:40761/', 'http://itachi-HP-Pavilion-Laptop-15-cc1xx:43473/', 'http://itachi-HP-Pavilion-Laptop-15-cc1xx:42119/']: sec=0.00, result=[1, '', 0]
[rosmaster.master][INFO] 2019-11-14 18:06:34,649: publisherUpdate[/rosout] -> http://itachi-HP-Pavilion-Laptop-15-cc1xx:42229/ ['http://itachi-HP-Pavilion-Laptop-15-cc1xx:40761/', 'http://itachi-HP-Pavilion-Laptop-15-cc1xx:43473/']
[rosmaster.master][INFO] 2019-11-14 18:06:34,650: publisherUpdate[/rosout] -> http://itachi-HP-Pavilion-Laptop-15-cc1xx:42229/ ['http://itachi-HP-Pavilion-Laptop-15-cc1xx:40761/', 'http://itachi-HP-Pavilion-Laptop-15-cc1xx:43473/']: sec=0.00, result=[1, '', 0]
[rosmaster.master][INFO] 2019-11-14 18:06:34,660: -PUB [/rosout] /edrone/roll_pitch_yawrate_thrust_controller_node http://itachi-HP-Pavilion-Laptop-15-cc1xx:40761/
[rosmaster.master][INFO] 2019-11-14 18:06:34,661: -PUB [/edrone/command/motor_speed] /edrone/roll_pitch_yawrate_thrust_controller_node http://itachi-HP-Pavilion-Laptop-15-cc1xx:40761/
[rosmaster.master][INFO] 2019-11-14 18:06:34,661: publisherUpdate[/rosout] -> http://itachi-HP-Pavilion-Laptop-15-cc1xx:42229/ ['http://itachi-HP-Pavilion-Laptop-15-cc1xx:43473/']
[rosmaster.master][INFO] 2019-11-14 18:06:34,661: publisherUpdate[/edrone/command/motor_speed] -> http://itachi-HP-Pavilion-Laptop-15-cc1xx:43473/ []
[rosmaster.master][INFO] 2019-11-14 18:06:34,662: publisherUpdate[/rosout] -> http://itachi-HP-Pavilion-Laptop-15-cc1xx:42229/ ['http://itachi-HP-Pavilion-Laptop-15-cc1xx:43473/']: sec=0.00, result=[1, '', 0]
[rosmaster.master][INFO] 2019-11-14 18:06:34,663: -SUB [/clock] /edrone/roll_pitch_yawrate_thrust_controller_node http://itachi-HP-Pavilion-Laptop-15-cc1xx:40761/
[rosmaster.master][INFO] 2019-11-14 18:06:34,664: -SUB [/edrone/command/roll_pitch_yawrate_thrust] /edrone/roll_pitch_yawrate_thrust_controller_node http://itachi-HP-Pavilion-Laptop-15-cc1xx:40761/
[rosmaster.master][INFO] 2019-11-14 18:06:34,664: -SUB [/edrone/odometry_sensor1/odometry] /edrone/roll_pitch_yawrate_thrust_controller_node http://itachi-HP-Pavilion-Laptop-15-cc1xx:40761/
[rosmaster.master][INFO] 2019-11-14 18:06:34,665: -SERVICE [/edrone/roll_pitch_yawrate_thrust_controller_node/get_loggers] /edrone/roll_pitch_yawrate_thrust_controller_node rosrpc://itachi-HP-Pavilion-Laptop-15-cc1xx:60267
[rosmaster.master][INFO] 2019-11-14 18:06:34,665: -SERVICE [/edrone/roll_pitch_yawrate_thrust_controller_node/set_logger_level] /edrone/roll_pitch_yawrate_thrust_controller_node rosrpc://itachi-HP-Pavilion-Laptop-15-cc1xx:60267
[rosmaster.master][INFO] 2019-11-14 18:06:44,978: -PUB [/rosout_agg] /rosout http://itachi-HP-Pavilion-Laptop-15-cc1xx:42229/
[rosmaster.master][INFO] 2019-11-14 18:06:44,979: -SUB [/rosout] /rosout http://itachi-HP-Pavilion-Laptop-15-cc1xx:42229/
[rosmaster.master][INFO] 2019-11-14 18:06:44,980: -SERVICE [/rosout/get_loggers] /rosout rosrpc://itachi-HP-Pavilion-Laptop-15-cc1xx:41665
[rosmaster.master][INFO] 2019-11-14 18:06:44,981: -SERVICE [/rosout/set_logger_level] /rosout rosrpc://itachi-HP-Pavilion-Laptop-15-cc1xx:41665
[rosmaster.main][INFO] 2019-11-14 18:06:45,042: keyboard interrupt, will exit
[rosmaster.main][INFO] 2019-11-14 18:06:45,042: stopping master...
[rospy.core][INFO] 2019-11-14 18:06:45,042: signal_shutdown [atexit]
