[rospy.client][INFO] 2019-11-14 18:03:19,603: init_node, name[/tune_pid_drone], pid[4655]
[xmlrpc][INFO] 2019-11-14 18:03:19,603: XML-RPC server binding to 0.0.0.0:0
[xmlrpc][INFO] 2019-11-14 18:03:19,604: Started XML-RPC server [http://itachi-HP-Pavilion-Laptop-15-cc1xx:42119/]
[rospy.init][INFO] 2019-11-14 18:03:19,604: ROS Slave URI: [http://itachi-HP-Pavilion-Laptop-15-cc1xx:42119/]
[rospy.impl.masterslave][INFO] 2019-11-14 18:03:19,604: _ready: http://itachi-HP-Pavilion-Laptop-15-cc1xx:42119/
[rospy.registration][INFO] 2019-11-14 18:03:19,605: Registering with master node http://localhost:11311
[xmlrpc][INFO] 2019-11-14 18:03:19,605: xml rpc node: starting XML-RPC server
[rospy.init][INFO] 2019-11-14 18:03:19,704: registered with master
[rospy.rosout][INFO] 2019-11-14 18:03:19,705: initializing /rosout core topic
[rospy.rosout][INFO] 2019-11-14 18:03:19,708: connected to core topic /rosout
[rospy.simtime][INFO] 2019-11-14 18:03:19,709: initializing /clock core topic
[rospy.simtime][INFO] 2019-11-14 18:03:19,716: connected to core topic /clock
[rospy.internal][INFO] 2019-11-14 18:03:19,723: topic[/clock] adding connection to [http://itachi-HP-Pavilion-Laptop-15-cc1xx:43473/], count 0
[rospy.internal][INFO] 2019-11-14 18:03:19,957: topic[/pid_tuning_pitch] adding connection to [/drone_control], count 0
[rospy.internal][INFO] 2019-11-14 18:03:20,055: topic[/rosout] adding connection to [/rosout], count 0
[rospy.internal][INFO] 2019-11-14 18:03:20,080: topic[/pid_tuning_altitude] adding connection to [/drone_control], count 0
[rospy.internal][INFO] 2019-11-14 18:03:20,081: topic[/pid_tuning_roll] adding connection to [/drone_control], count 0
[rospy.internal][INFO] 2019-11-14 18:06:17,814: topic[/pid_tuning_pitch] removing connection to /drone_control
[rospy.internal][INFO] 2019-11-14 18:06:17,815: topic[/pid_tuning_roll] removing connection to /drone_control
[rospy.internal][INFO] 2019-11-14 18:06:17,815: topic[/pid_tuning_altitude] removing connection to /drone_control
[rospy.core][INFO] 2019-11-14 18:06:34,633: signal_shutdown [signal-2]
[rospy.internal][INFO] 2019-11-14 18:06:34,639: topic[/rosout] removing connection to /rosout
[rospy.internal][INFO] 2019-11-14 18:06:34,639: topic[/clock] removing connection to http://itachi-HP-Pavilion-Laptop-15-cc1xx:43473/
[rospy.impl.masterslave][INFO] 2019-11-14 18:06:34,640: signal-2
[rospy.core][INFO] 2019-11-14 18:06:48,389: signal_shutdown [signal-15]
