[rospy.client][INFO] 2019-11-15 11:34:26,422: init_node, name[/edrone/spawn_edrone], pid[28619]
[xmlrpc][INFO] 2019-11-15 11:34:26,422: XML-RPC server binding to 0.0.0.0:0
[xmlrpc][INFO] 2019-11-15 11:34:26,423: Started XML-RPC server [http://itachi-HP-Pavilion-Laptop-15-cc1xx:35139/]
[rospy.init][INFO] 2019-11-15 11:34:26,423: ROS Slave URI: [http://itachi-HP-Pavilion-Laptop-15-cc1xx:35139/]
[rospy.impl.masterslave][INFO] 2019-11-15 11:34:26,424: _ready: http://itachi-HP-Pavilion-Laptop-15-cc1xx:35139/
[xmlrpc][INFO] 2019-11-15 11:34:26,426: xml rpc node: starting XML-RPC server
[rospy.registration][INFO] 2019-11-15 11:34:26,426: Registering with master node http://localhost:11311
[rospy.init][INFO] 2019-11-15 11:34:26,524: registered with master
[rospy.rosout][INFO] 2019-11-15 11:34:26,524: initializing /rosout core topic
[rospy.rosout][INFO] 2019-11-15 11:34:26,527: connected to core topic /rosout
[rospy.simtime][INFO] 2019-11-15 11:34:26,528: initializing /clock core topic
[rospy.simtime][INFO] 2019-11-15 11:34:26,531: connected to core topic /clock
[rosout][INFO] 2019-11-15 11:34:26,534: Loading model XML from ros parameter
[rosout][INFO] 2019-11-15 11:34:26,538: Waiting for service /gazebo/spawn_urdf_model
[rospy.internal][INFO] 2019-11-15 11:34:26,822: topic[/rosout] adding connection to [/rosout], count 0
[rospy.internal][INFO] 2019-11-15 11:34:26,958: topic[/clock] adding connection to [http://itachi-HP-Pavilion-Laptop-15-cc1xx:41309/], count 0
[rosout][INFO] 2019-11-15 11:34:27,142: Calling service /gazebo/spawn_urdf_model
[rosout][INFO] 2019-11-15 11:34:27,314: Spawn status: SpawnModel: Successfully spawned entity
[rospy.core][INFO] 2019-11-15 11:34:27,315: signal_shutdown [atexit]
[rospy.internal][INFO] 2019-11-15 11:34:27,318: topic[/rosout] removing connection to /rosout
[rospy.internal][INFO] 2019-11-15 11:34:27,319: topic[/clock] removing connection to http://itachi-HP-Pavilion-Laptop-15-cc1xx:41309/
[rospy.impl.masterslave][INFO] 2019-11-15 11:34:27,319: atexit
