[rospy.client][INFO] 2020-02-02 15:32:15,199: init_node, name[/rostopic_7536_1580637735142], pid[7536]
[xmlrpc][INFO] 2020-02-02 15:32:15,205: XML-RPC server binding to 0.0.0.0:0
[xmlrpc][INFO] 2020-02-02 15:32:15,206: Started XML-RPC server [http://itachi-HP-Pavilion-Laptop-15-cc1xx:43113/]
[rospy.impl.masterslave][INFO] 2020-02-02 15:32:15,206: _ready: http://itachi-HP-Pavilion-Laptop-15-cc1xx:43113/
[rospy.init][INFO] 2020-02-02 15:32:15,206: ROS Slave URI: [http://itachi-HP-Pavilion-Laptop-15-cc1xx:43113/]
[xmlrpc][INFO] 2020-02-02 15:32:15,206: xml rpc node: starting XML-RPC server
[rospy.registration][INFO] 2020-02-02 15:32:15,206: Registering with master node http://localhost:11311
[rospy.init][INFO] 2020-02-02 15:32:15,307: registered with master
[rospy.rosout][INFO] 2020-02-02 15:32:15,307: initializing /rosout core topic
[rospy.rosout][INFO] 2020-02-02 15:32:15,309: connected to core topic /rosout
[rospy.simtime][INFO] 2020-02-02 15:32:15,311: /use_sim_time is not set, will not subscribe to simulated time [/clock] topic
[rospy.internal][INFO] 2020-02-02 15:32:15,377: topic[/detection_info] adding connection to [http://itachi-HP-Pavilion-Laptop-15-cc1xx:39685/], count 0
[rospy.internal][INFO] 2020-02-02 15:32:15,539: topic[/rosout] adding connection to [/rosout], count 0
[rospy.internal][ERROR] 2020-02-02 15:33:03,938: Unable to initiate TCP/IP socket to itachi-HP-Pavilion-Laptop-15-cc1xx:42255 (http://itachi-HP-Pavilion-Laptop-15-cc1xx:39685/): Traceback (most recent call last):
  File "/opt/ros/kinetic/lib/python2.7/dist-packages/rospy/impl/tcpros_base.py", line 557, in connect
    self.read_header()
  File "/opt/ros/kinetic/lib/python2.7/dist-packages/rospy/impl/tcpros_base.py", line 650, in read_header
    self._validate_header(read_ros_handshake_header(sock, self.read_buff, self.protocol.buff_size))
  File "/opt/ros/kinetic/lib/python2.7/dist-packages/rospy/impl/tcpros_base.py", line 593, in _validate_header
    raise TransportInitError("remote error reported: %s"%header['error'])
TransportInitError: remote error reported: node shutting down

[rospy.internal][WARNING] 2020-02-02 15:33:04,940: Unknown error initiating TCP/IP socket to itachi-HP-Pavilion-Laptop-15-cc1xx:42255 (http://itachi-HP-Pavilion-Laptop-15-cc1xx:39685/): Traceback (most recent call last):
  File "/opt/ros/kinetic/lib/python2.7/dist-packages/rospy/impl/tcpros_base.py", line 555, in connect
    self.socket.connect((dest_addr, dest_port))
  File "/usr/lib/python2.7/socket.py", line 228, in meth
    return getattr(self._sock,name)(*args)
error: [Errno 111] Connection refused

[rospy.internal][INFO] 2020-02-02 15:33:04,940: topic[/detection_info] removing connection to http://itachi-HP-Pavilion-Laptop-15-cc1xx:39685/
[rospy.core][INFO] 2020-02-02 15:33:06,901: signal_shutdown [signal-2]
[rospy.internal][INFO] 2020-02-02 15:33:06,904: topic[/rosout] removing connection to /rosout
[rospy.impl.masterslave][INFO] 2020-02-02 15:33:06,905: signal-2
[rospy.core][INFO] 2020-02-02 15:33:07,520: signal_shutdown [atexit]
