[rospy.client][INFO] 2020-02-05 22:19:29,172: init_node, name[/rostopic_18221_1580921369130], pid[18221]
[xmlrpc][INFO] 2020-02-05 22:19:29,174: XML-RPC server binding to 0.0.0.0:0
[xmlrpc][INFO] 2020-02-05 22:19:29,175: Started XML-RPC server [http://itachi-HP-Pavilion-Laptop-15-cc1xx:38511/]
[rospy.impl.masterslave][INFO] 2020-02-05 22:19:29,175: _ready: http://itachi-HP-Pavilion-Laptop-15-cc1xx:38511/
[rospy.init][INFO] 2020-02-05 22:19:29,175: ROS Slave URI: [http://itachi-HP-Pavilion-Laptop-15-cc1xx:38511/]
[xmlrpc][INFO] 2020-02-05 22:19:29,179: xml rpc node: starting XML-RPC server
[rospy.registration][INFO] 2020-02-05 22:19:29,179: Registering with master node http://localhost:11311
[rospy.init][INFO] 2020-02-05 22:19:29,279: registered with master
[rospy.rosout][INFO] 2020-02-05 22:19:29,279: initializing /rosout core topic
[rospy.rosout][INFO] 2020-02-05 22:19:29,282: connected to core topic /rosout
[rospy.simtime][INFO] 2020-02-05 22:19:29,285: /use_sim_time is not set, will not subscribe to simulated time [/clock] topic
[rospy.internal][INFO] 2020-02-05 22:19:29,529: topic[/rosout] adding connection to [/rosout], count 0
[rospy.internal][INFO] 2020-02-05 22:21:08,166: topic[/detection_info] adding connection to [http://itachi-HP-Pavilion-Laptop-15-cc1xx:40933/], count 0
[rospy.internal][ERROR] 2020-02-05 22:21:43,113: Unable to initiate TCP/IP socket to itachi-HP-Pavilion-Laptop-15-cc1xx:44639 (http://itachi-HP-Pavilion-Laptop-15-cc1xx:40933/): Traceback (most recent call last):
  File "/opt/ros/kinetic/lib/python2.7/dist-packages/rospy/impl/tcpros_base.py", line 557, in connect
    self.read_header()
  File "/opt/ros/kinetic/lib/python2.7/dist-packages/rospy/impl/tcpros_base.py", line 650, in read_header
    self._validate_header(read_ros_handshake_header(sock, self.read_buff, self.protocol.buff_size))
  File "/opt/ros/kinetic/lib/python2.7/dist-packages/rospy/impl/tcpros_base.py", line 593, in _validate_header
    raise TransportInitError("remote error reported: %s"%header['error'])
TransportInitError: remote error reported: node shutting down

[rospy.internal][WARNING] 2020-02-05 22:21:44,115: Unknown error initiating TCP/IP socket to itachi-HP-Pavilion-Laptop-15-cc1xx:44639 (http://itachi-HP-Pavilion-Laptop-15-cc1xx:40933/): Traceback (most recent call last):
  File "/opt/ros/kinetic/lib/python2.7/dist-packages/rospy/impl/tcpros_base.py", line 555, in connect
    self.socket.connect((dest_addr, dest_port))
  File "/usr/lib/python2.7/socket.py", line 228, in meth
    return getattr(self._sock,name)(*args)
error: [Errno 111] Connection refused

[rospy.internal][INFO] 2020-02-05 22:21:44,115: topic[/detection_info] removing connection to http://itachi-HP-Pavilion-Laptop-15-cc1xx:40933/
[rospy.internal][INFO] 2020-02-05 22:21:51,856: topic[/detection_info] adding connection to [http://itachi-HP-Pavilion-Laptop-15-cc1xx:46261/], count 0
[rospy.internal][WARNING] 2020-02-05 22:21:52,917: Unknown error initiating TCP/IP socket to itachi-HP-Pavilion-Laptop-15-cc1xx:33163 (http://itachi-HP-Pavilion-Laptop-15-cc1xx:46261/): Traceback (most recent call last):
  File "/opt/ros/kinetic/lib/python2.7/dist-packages/rospy/impl/tcpros_base.py", line 557, in connect
    self.read_header()
  File "/opt/ros/kinetic/lib/python2.7/dist-packages/rospy/impl/tcpros_base.py", line 650, in read_header
    self._validate_header(read_ros_handshake_header(sock, self.read_buff, self.protocol.buff_size))
  File "/opt/ros/kinetic/lib/python2.7/dist-packages/rosgraph/network.py", line 362, in read_ros_handshake_header
    d = sock.recv(buff_size)
error: [Errno 104] Connection reset by peer

[rospy.internal][INFO] 2020-02-05 22:21:52,917: topic[/detection_info] removing connection to http://itachi-HP-Pavilion-Laptop-15-cc1xx:46261/
[rospy.internal][INFO] 2020-02-05 22:22:54,707: topic[/detection_info] adding connection to [http://itachi-HP-Pavilion-Laptop-15-cc1xx:37309/], count 0
[rospy.internal][ERROR] 2020-02-05 22:24:03,728: Unable to initiate TCP/IP socket to itachi-HP-Pavilion-Laptop-15-cc1xx:40131 (http://itachi-HP-Pavilion-Laptop-15-cc1xx:37309/): Traceback (most recent call last):
  File "/opt/ros/kinetic/lib/python2.7/dist-packages/rospy/impl/tcpros_base.py", line 557, in connect
    self.read_header()
  File "/opt/ros/kinetic/lib/python2.7/dist-packages/rospy/impl/tcpros_base.py", line 650, in read_header
    self._validate_header(read_ros_handshake_header(sock, self.read_buff, self.protocol.buff_size))
  File "/opt/ros/kinetic/lib/python2.7/dist-packages/rospy/impl/tcpros_base.py", line 593, in _validate_header
    raise TransportInitError("remote error reported: %s"%header['error'])
TransportInitError: remote error reported: node shutting down

[rospy.internal][WARNING] 2020-02-05 22:24:04,730: Unknown error initiating TCP/IP socket to itachi-HP-Pavilion-Laptop-15-cc1xx:40131 (http://itachi-HP-Pavilion-Laptop-15-cc1xx:37309/): Traceback (most recent call last):
  File "/opt/ros/kinetic/lib/python2.7/dist-packages/rospy/impl/tcpros_base.py", line 555, in connect
    self.socket.connect((dest_addr, dest_port))
  File "/usr/lib/python2.7/socket.py", line 228, in meth
    return getattr(self._sock,name)(*args)
error: [Errno 111] Connection refused

[rospy.internal][INFO] 2020-02-05 22:24:04,731: topic[/detection_info] removing connection to http://itachi-HP-Pavilion-Laptop-15-cc1xx:37309/
[rospy.core][INFO] 2020-02-05 22:26:10,923: signal_shutdown [signal-2]
[rospy.internal][INFO] 2020-02-05 22:26:10,927: topic[/rosout] removing connection to /rosout
[rospy.impl.masterslave][INFO] 2020-02-05 22:26:10,927: signal-2
[rospy.core][INFO] 2020-02-05 22:26:11,542: signal_shutdown [atexit]
