[rospy.client][INFO] 2020-02-26 16:28:18,810: init_node, name[/rostopic_18022_1582714698762], pid[18022]
[xmlrpc][INFO] 2020-02-26 16:28:18,811: XML-RPC server binding to 0.0.0.0:0
[xmlrpc][INFO] 2020-02-26 16:28:18,812: Started XML-RPC server [http://itachi-HP-Pavilion-Laptop-15-cc1xx:42951/]
[rospy.init][INFO] 2020-02-26 16:28:18,812: ROS Slave URI: [http://itachi-HP-Pavilion-Laptop-15-cc1xx:42951/]
[rospy.impl.masterslave][INFO] 2020-02-26 16:28:18,812: _ready: http://itachi-HP-Pavilion-Laptop-15-cc1xx:42951/
[rospy.registration][INFO] 2020-02-26 16:28:18,812: Registering with master node http://localhost:11311
[xmlrpc][INFO] 2020-02-26 16:28:18,812: xml rpc node: starting XML-RPC server
[rospy.init][INFO] 2020-02-26 16:28:18,912: registered with master
[rospy.rosout][INFO] 2020-02-26 16:28:18,913: initializing /rosout core topic
[rospy.rosout][INFO] 2020-02-26 16:28:18,915: connected to core topic /rosout
[rospy.simtime][INFO] 2020-02-26 16:28:18,918: /use_sim_time is not set, will not subscribe to simulated time [/clock] topic
[rospy.internal][INFO] 2020-02-26 16:28:18,985: topic[/detection_info] adding connection to [http://itachi-HP-Pavilion-Laptop-15-cc1xx:42997/], count 0
[rospy.internal][INFO] 2020-02-26 16:28:19,150: topic[/rosout] adding connection to [/rosout], count 0
[rospy.internal][ERROR] 2020-02-26 16:28:33,509: Unable to initiate TCP/IP socket to itachi-HP-Pavilion-Laptop-15-cc1xx:39447 (http://itachi-HP-Pavilion-Laptop-15-cc1xx:42997/): Traceback (most recent call last):
  File "/opt/ros/kinetic/lib/python2.7/dist-packages/rospy/impl/tcpros_base.py", line 557, in connect
    self.read_header()
  File "/opt/ros/kinetic/lib/python2.7/dist-packages/rospy/impl/tcpros_base.py", line 650, in read_header
    self._validate_header(read_ros_handshake_header(sock, self.read_buff, self.protocol.buff_size))
  File "/opt/ros/kinetic/lib/python2.7/dist-packages/rospy/impl/tcpros_base.py", line 593, in _validate_header
    raise TransportInitError("remote error reported: %s"%header['error'])
TransportInitError: remote error reported: node shutting down

[rospy.internal][WARNING] 2020-02-26 16:28:34,510: Unknown error initiating TCP/IP socket to itachi-HP-Pavilion-Laptop-15-cc1xx:39447 (http://itachi-HP-Pavilion-Laptop-15-cc1xx:42997/): Traceback (most recent call last):
  File "/opt/ros/kinetic/lib/python2.7/dist-packages/rospy/impl/tcpros_base.py", line 555, in connect
    self.socket.connect((dest_addr, dest_port))
  File "/usr/lib/python2.7/socket.py", line 228, in meth
    return getattr(self._sock,name)(*args)
error: [Errno 111] Connection refused

[rospy.internal][INFO] 2020-02-26 16:28:34,511: topic[/detection_info] removing connection to http://itachi-HP-Pavilion-Laptop-15-cc1xx:42997/
[rospy.internal][INFO] 2020-02-26 16:28:38,361: topic[/detection_info] adding connection to [http://itachi-HP-Pavilion-Laptop-15-cc1xx:43023/], count 0
[rospy.internal][ERROR] 2020-02-26 16:29:05,644: Unable to initiate TCP/IP socket to itachi-HP-Pavilion-Laptop-15-cc1xx:40765 (http://itachi-HP-Pavilion-Laptop-15-cc1xx:43023/): Traceback (most recent call last):
  File "/opt/ros/kinetic/lib/python2.7/dist-packages/rospy/impl/tcpros_base.py", line 557, in connect
    self.read_header()
  File "/opt/ros/kinetic/lib/python2.7/dist-packages/rospy/impl/tcpros_base.py", line 650, in read_header
    self._validate_header(read_ros_handshake_header(sock, self.read_buff, self.protocol.buff_size))
  File "/opt/ros/kinetic/lib/python2.7/dist-packages/rospy/impl/tcpros_base.py", line 593, in _validate_header
    raise TransportInitError("remote error reported: %s"%header['error'])
TransportInitError: remote error reported: node shutting down

[rospy.internal][WARNING] 2020-02-26 16:29:06,646: Unknown error initiating TCP/IP socket to itachi-HP-Pavilion-Laptop-15-cc1xx:40765 (http://itachi-HP-Pavilion-Laptop-15-cc1xx:43023/): Traceback (most recent call last):
  File "/opt/ros/kinetic/lib/python2.7/dist-packages/rospy/impl/tcpros_base.py", line 555, in connect
    self.socket.connect((dest_addr, dest_port))
  File "/usr/lib/python2.7/socket.py", line 228, in meth
    return getattr(self._sock,name)(*args)
error: [Errno 111] Connection refused

[rospy.internal][INFO] 2020-02-26 16:29:06,646: topic[/detection_info] removing connection to http://itachi-HP-Pavilion-Laptop-15-cc1xx:43023/
[rospy.core][INFO] 2020-02-26 16:29:07,740: signal_shutdown [signal-2]
[rospy.internal][INFO] 2020-02-26 16:29:07,744: topic[/rosout] removing connection to /rosout
[rospy.impl.masterslave][INFO] 2020-02-26 16:29:07,744: signal-2
[rospy.core][INFO] 2020-02-26 16:29:07,845: signal_shutdown [atexit]
