[rospy.client][INFO] 2020-02-05 22:26:24,854: init_node, name[/rostopic_19368_1580921784818], pid[19368]
[xmlrpc][INFO] 2020-02-05 22:26:24,854: XML-RPC server binding to 0.0.0.0:0
[xmlrpc][INFO] 2020-02-05 22:26:24,855: Started XML-RPC server [http://itachi-HP-Pavilion-Laptop-15-cc1xx:39517/]
[rospy.init][INFO] 2020-02-05 22:26:24,855: ROS Slave URI: [http://itachi-HP-Pavilion-Laptop-15-cc1xx:39517/]
[rospy.impl.masterslave][INFO] 2020-02-05 22:26:24,855: _ready: http://itachi-HP-Pavilion-Laptop-15-cc1xx:39517/
[rospy.registration][INFO] 2020-02-05 22:26:24,855: Registering with master node http://localhost:11311
[xmlrpc][INFO] 2020-02-05 22:26:24,856: xml rpc node: starting XML-RPC server
[rospy.init][INFO] 2020-02-05 22:26:24,956: registered with master
[rospy.rosout][INFO] 2020-02-05 22:26:24,956: initializing /rosout core topic
[rospy.rosout][INFO] 2020-02-05 22:26:24,958: connected to core topic /rosout
[rospy.simtime][INFO] 2020-02-05 22:26:24,960: /use_sim_time is not set, will not subscribe to simulated time [/clock] topic
[rospy.internal][INFO] 2020-02-05 22:26:25,182: topic[/rosout] adding connection to [/rosout], count 0
[rospy.internal][INFO] 2020-02-05 22:26:28,341: topic[/stats_sr] adding connection to [http://itachi-HP-Pavilion-Laptop-15-cc1xx:37461/], count 0
[rospy.internal][ERROR] 2020-02-05 22:27:49,156: Unable to initiate TCP/IP socket to itachi-HP-Pavilion-Laptop-15-cc1xx:41905 (http://itachi-HP-Pavilion-Laptop-15-cc1xx:37461/): Traceback (most recent call last):
  File "/opt/ros/kinetic/lib/python2.7/dist-packages/rospy/impl/tcpros_base.py", line 557, in connect
    self.read_header()
  File "/opt/ros/kinetic/lib/python2.7/dist-packages/rospy/impl/tcpros_base.py", line 650, in read_header
    self._validate_header(read_ros_handshake_header(sock, self.read_buff, self.protocol.buff_size))
  File "/opt/ros/kinetic/lib/python2.7/dist-packages/rospy/impl/tcpros_base.py", line 593, in _validate_header
    raise TransportInitError("remote error reported: %s"%header['error'])
TransportInitError: remote error reported: node shutting down

[rospy.internal][WARNING] 2020-02-05 22:27:50,158: Unknown error initiating TCP/IP socket to itachi-HP-Pavilion-Laptop-15-cc1xx:41905 (http://itachi-HP-Pavilion-Laptop-15-cc1xx:37461/): Traceback (most recent call last):
  File "/opt/ros/kinetic/lib/python2.7/dist-packages/rospy/impl/tcpros_base.py", line 555, in connect
    self.socket.connect((dest_addr, dest_port))
  File "/usr/lib/python2.7/socket.py", line 228, in meth
    return getattr(self._sock,name)(*args)
error: [Errno 111] Connection refused

[rospy.internal][INFO] 2020-02-05 22:27:50,159: topic[/stats_sr] removing connection to http://itachi-HP-Pavilion-Laptop-15-cc1xx:37461/
[rospy.internal][INFO] 2020-02-05 22:27:53,311: topic[/stats_sr] adding connection to [http://itachi-HP-Pavilion-Laptop-15-cc1xx:38429/], count 0
[rospy.internal][ERROR] 2020-02-05 22:28:28,321: Unable to initiate TCP/IP socket to itachi-HP-Pavilion-Laptop-15-cc1xx:38227 (http://itachi-HP-Pavilion-Laptop-15-cc1xx:38429/): Traceback (most recent call last):
  File "/opt/ros/kinetic/lib/python2.7/dist-packages/rospy/impl/tcpros_base.py", line 557, in connect
    self.read_header()
  File "/opt/ros/kinetic/lib/python2.7/dist-packages/rospy/impl/tcpros_base.py", line 650, in read_header
    self._validate_header(read_ros_handshake_header(sock, self.read_buff, self.protocol.buff_size))
  File "/opt/ros/kinetic/lib/python2.7/dist-packages/rospy/impl/tcpros_base.py", line 593, in _validate_header
    raise TransportInitError("remote error reported: %s"%header['error'])
TransportInitError: remote error reported: node shutting down

[rospy.internal][WARNING] 2020-02-05 22:28:29,322: Unknown error initiating TCP/IP socket to itachi-HP-Pavilion-Laptop-15-cc1xx:38227 (http://itachi-HP-Pavilion-Laptop-15-cc1xx:38429/): Traceback (most recent call last):
  File "/opt/ros/kinetic/lib/python2.7/dist-packages/rospy/impl/tcpros_base.py", line 555, in connect
    self.socket.connect((dest_addr, dest_port))
  File "/usr/lib/python2.7/socket.py", line 228, in meth
    return getattr(self._sock,name)(*args)
error: [Errno 111] Connection refused

[rospy.internal][INFO] 2020-02-05 22:28:29,322: topic[/stats_sr] removing connection to http://itachi-HP-Pavilion-Laptop-15-cc1xx:38429/
[rospy.core][INFO] 2020-02-05 22:28:33,392: signal_shutdown [signal-2]
[rospy.internal][INFO] 2020-02-05 22:28:33,396: topic[/rosout] removing connection to /rosout
[rospy.impl.masterslave][INFO] 2020-02-05 22:28:33,396: signal-2
[rospy.core][INFO] 2020-02-05 22:28:33,500: signal_shutdown [atexit]
