[rospy.client][INFO] 2020-02-27 02:13:39,435: init_node, name[/rostopic_30840_1582749819395], pid[30840]
[xmlrpc][INFO] 2020-02-27 02:13:39,436: XML-RPC server binding to 0.0.0.0:0
[xmlrpc][INFO] 2020-02-27 02:13:39,436: Started XML-RPC server [http://itachi-HP-Pavilion-Laptop-15-cc1xx:34885/]
[rospy.init][INFO] 2020-02-27 02:13:39,436: ROS Slave URI: [http://itachi-HP-Pavilion-Laptop-15-cc1xx:34885/]
[rospy.impl.masterslave][INFO] 2020-02-27 02:13:39,436: _ready: http://itachi-HP-Pavilion-Laptop-15-cc1xx:34885/
[rospy.registration][INFO] 2020-02-27 02:13:39,437: Registering with master node http://localhost:11311
[xmlrpc][INFO] 2020-02-27 02:13:39,437: xml rpc node: starting XML-RPC server
[rospy.init][INFO] 2020-02-27 02:13:39,536: registered with master
[rospy.rosout][INFO] 2020-02-27 02:13:39,537: initializing /rosout core topic
[rospy.rosout][INFO] 2020-02-27 02:13:39,538: connected to core topic /rosout
[rospy.simtime][INFO] 2020-02-27 02:13:39,539: /use_sim_time is not set, will not subscribe to simulated time [/clock] topic
[rospy.internal][INFO] 2020-02-27 02:13:39,787: topic[/rosout] adding connection to [/rosout], count 0
[rospy.internal][INFO] 2020-02-27 02:16:36,251: topic[/serviced_info] adding connection to [http://itachi-HP-Pavilion-Laptop-15-cc1xx:40397/], count 0
[rospy.internal][ERROR] 2020-02-27 02:17:01,518: Unable to initiate TCP/IP socket to itachi-HP-Pavilion-Laptop-15-cc1xx:43829 (http://itachi-HP-Pavilion-Laptop-15-cc1xx:40397/): Traceback (most recent call last):
  File "/opt/ros/kinetic/lib/python2.7/dist-packages/rospy/impl/tcpros_base.py", line 557, in connect
    self.read_header()
  File "/opt/ros/kinetic/lib/python2.7/dist-packages/rospy/impl/tcpros_base.py", line 650, in read_header
    self._validate_header(read_ros_handshake_header(sock, self.read_buff, self.protocol.buff_size))
  File "/opt/ros/kinetic/lib/python2.7/dist-packages/rospy/impl/tcpros_base.py", line 593, in _validate_header
    raise TransportInitError("remote error reported: %s"%header['error'])
TransportInitError: remote error reported: node shutting down

[rospy.internal][WARNING] 2020-02-27 02:17:02,520: Unknown error initiating TCP/IP socket to itachi-HP-Pavilion-Laptop-15-cc1xx:43829 (http://itachi-HP-Pavilion-Laptop-15-cc1xx:40397/): Traceback (most recent call last):
  File "/opt/ros/kinetic/lib/python2.7/dist-packages/rospy/impl/tcpros_base.py", line 555, in connect
    self.socket.connect((dest_addr, dest_port))
  File "/usr/lib/python2.7/socket.py", line 228, in meth
    return getattr(self._sock,name)(*args)
error: [Errno 111] Connection refused

[rospy.internal][INFO] 2020-02-27 02:17:02,520: topic[/serviced_info] removing connection to http://itachi-HP-Pavilion-Laptop-15-cc1xx:40397/
[rospy.internal][INFO] 2020-02-27 02:20:51,462: topic[/rosout] removing connection to /rosout
