[rospy.client][INFO] 2020-02-27 13:50:35,224: init_node, name[/rostopic_16994_1582791635198], pid[16994]
[xmlrpc][INFO] 2020-02-27 13:50:35,224: XML-RPC server binding to 0.0.0.0:0
[xmlrpc][INFO] 2020-02-27 13:50:35,224: Started XML-RPC server [http://itachi-HP-Pavilion-Laptop-15-cc1xx:34615/]
[rospy.init][INFO] 2020-02-27 13:50:35,224: ROS Slave URI: [http://itachi-HP-Pavilion-Laptop-15-cc1xx:34615/]
[rospy.impl.masterslave][INFO] 2020-02-27 13:50:35,225: _ready: http://itachi-HP-Pavilion-Laptop-15-cc1xx:34615/
[rospy.registration][INFO] 2020-02-27 13:50:35,225: Registering with master node http://localhost:11311
[xmlrpc][INFO] 2020-02-27 13:50:35,225: xml rpc node: starting XML-RPC server
[rospy.init][INFO] 2020-02-27 13:50:35,325: registered with master
[rospy.rosout][INFO] 2020-02-27 13:50:35,326: initializing /rosout core topic
[rospy.rosout][INFO] 2020-02-27 13:50:35,331: connected to core topic /rosout
[rospy.simtime][INFO] 2020-02-27 13:50:35,336: /use_sim_time is not set, will not subscribe to simulated time [/clock] topic
[rospy.internal][INFO] 2020-02-27 13:50:35,396: topic[/detection_info] adding connection to [http://itachi-HP-Pavilion-Laptop-15-cc1xx:32937/], count 0
[rospy.internal][INFO] 2020-02-27 13:50:35,599: topic[/rosout] adding connection to [/rosout], count 0
[rospy.internal][ERROR] 2020-02-27 13:50:41,695: Unable to initiate TCP/IP socket to itachi-HP-Pavilion-Laptop-15-cc1xx:34691 (http://itachi-HP-Pavilion-Laptop-15-cc1xx:32937/): Traceback (most recent call last):
  File "/opt/ros/kinetic/lib/python2.7/dist-packages/rospy/impl/tcpros_base.py", line 557, in connect
    self.read_header()
  File "/opt/ros/kinetic/lib/python2.7/dist-packages/rospy/impl/tcpros_base.py", line 650, in read_header
    self._validate_header(read_ros_handshake_header(sock, self.read_buff, self.protocol.buff_size))
  File "/opt/ros/kinetic/lib/python2.7/dist-packages/rospy/impl/tcpros_base.py", line 593, in _validate_header
    raise TransportInitError("remote error reported: %s"%header['error'])
TransportInitError: remote error reported: node shutting down

[rospy.internal][WARNING] 2020-02-27 13:50:42,698: Unknown error initiating TCP/IP socket to itachi-HP-Pavilion-Laptop-15-cc1xx:34691 (http://itachi-HP-Pavilion-Laptop-15-cc1xx:32937/): Traceback (most recent call last):
  File "/opt/ros/kinetic/lib/python2.7/dist-packages/rospy/impl/tcpros_base.py", line 555, in connect
    self.socket.connect((dest_addr, dest_port))
  File "/usr/lib/python2.7/socket.py", line 228, in meth
    return getattr(self._sock,name)(*args)
error: [Errno 111] Connection refused

[rospy.internal][INFO] 2020-02-27 13:50:42,698: topic[/detection_info] removing connection to http://itachi-HP-Pavilion-Laptop-15-cc1xx:32937/
[rospy.internal][INFO] 2020-02-27 13:50:42,897: topic[/rosout] removing connection to /rosout
[rospy.core][INFO] 2020-02-27 13:51:15,509: signal_shutdown [signal-2]
[rospy.impl.masterslave][INFO] 2020-02-27 13:51:15,513: signal-2
[rospy.core][INFO] 2020-02-27 13:51:15,645: signal_shutdown [atexit]
