[rospy.client][INFO] 2020-02-03 00:08:21,335: init_node, name[/rostopic_10061_1580668701292], pid[10061]
[xmlrpc][INFO] 2020-02-03 00:08:21,335: XML-RPC server binding to 0.0.0.0:0
[xmlrpc][INFO] 2020-02-03 00:08:21,336: Started XML-RPC server [http://itachi-HP-Pavilion-Laptop-15-cc1xx:39697/]
[rospy.init][INFO] 2020-02-03 00:08:21,336: ROS Slave URI: [http://itachi-HP-Pavilion-Laptop-15-cc1xx:39697/]
[rospy.impl.masterslave][INFO] 2020-02-03 00:08:21,336: _ready: http://itachi-HP-Pavilion-Laptop-15-cc1xx:39697/
[rospy.registration][INFO] 2020-02-03 00:08:21,336: Registering with master node http://localhost:11311
[xmlrpc][INFO] 2020-02-03 00:08:21,336: xml rpc node: starting XML-RPC server
[rospy.init][INFO] 2020-02-03 00:08:21,436: registered with master
[rospy.rosout][INFO] 2020-02-03 00:08:21,436: initializing /rosout core topic
[rospy.rosout][INFO] 2020-02-03 00:08:21,439: connected to core topic /rosout
[rospy.simtime][INFO] 2020-02-03 00:08:21,441: /use_sim_time is not set, will not subscribe to simulated time [/clock] topic
[rospy.internal][INFO] 2020-02-03 00:08:21,502: topic[/detection_info] adding connection to [http://itachi-HP-Pavilion-Laptop-15-cc1xx:37821/], count 0
[rospy.internal][INFO] 2020-02-03 00:08:21,656: topic[/rosout] adding connection to [/rosout], count 0
[rospy.internal][ERROR] 2020-02-03 00:08:27,561: Unable to initiate TCP/IP socket to itachi-HP-Pavilion-Laptop-15-cc1xx:42483 (http://itachi-HP-Pavilion-Laptop-15-cc1xx:37821/): Traceback (most recent call last):
  File "/opt/ros/kinetic/lib/python2.7/dist-packages/rospy/impl/tcpros_base.py", line 557, in connect
    self.read_header()
  File "/opt/ros/kinetic/lib/python2.7/dist-packages/rospy/impl/tcpros_base.py", line 650, in read_header
    self._validate_header(read_ros_handshake_header(sock, self.read_buff, self.protocol.buff_size))
  File "/opt/ros/kinetic/lib/python2.7/dist-packages/rospy/impl/tcpros_base.py", line 593, in _validate_header
    raise TransportInitError("remote error reported: %s"%header['error'])
TransportInitError: remote error reported: node shutting down

[rospy.internal][WARNING] 2020-02-03 00:08:28,563: Unknown error initiating TCP/IP socket to itachi-HP-Pavilion-Laptop-15-cc1xx:42483 (http://itachi-HP-Pavilion-Laptop-15-cc1xx:37821/): Traceback (most recent call last):
  File "/opt/ros/kinetic/lib/python2.7/dist-packages/rospy/impl/tcpros_base.py", line 555, in connect
    self.socket.connect((dest_addr, dest_port))
  File "/usr/lib/python2.7/socket.py", line 228, in meth
    return getattr(self._sock,name)(*args)
error: [Errno 111] Connection refused

[rospy.internal][INFO] 2020-02-03 00:08:28,563: topic[/detection_info] removing connection to http://itachi-HP-Pavilion-Laptop-15-cc1xx:37821/
[rospy.internal][INFO] 2020-02-03 00:08:29,825: topic[/detection_info] adding connection to [http://itachi-HP-Pavilion-Laptop-15-cc1xx:43575/], count 0
[rospy.core][INFO] 2020-02-03 00:11:37,366: signal_shutdown [signal-2]
[rospy.internal][INFO] 2020-02-03 00:11:37,369: topic[/rosout] removing connection to /rosout
[rospy.internal][INFO] 2020-02-03 00:11:37,370: topic[/detection_info] removing connection to http://itachi-HP-Pavilion-Laptop-15-cc1xx:43575/
[rospy.impl.masterslave][INFO] 2020-02-03 00:11:37,370: signal-2
[rospy.core][INFO] 2020-02-03 00:11:37,502: signal_shutdown [atexit]
