[rospy.client][INFO] 2020-02-26 18:01:20,849: init_node, name[/rostopic_29081_1582720280812], pid[29081]
[xmlrpc][INFO] 2020-02-26 18:01:20,850: XML-RPC server binding to 0.0.0.0:0
[xmlrpc][INFO] 2020-02-26 18:01:20,851: Started XML-RPC server [http://itachi-HP-Pavilion-Laptop-15-cc1xx:44299/]
[rospy.init][INFO] 2020-02-26 18:01:20,851: ROS Slave URI: [http://itachi-HP-Pavilion-Laptop-15-cc1xx:44299/]
[rospy.impl.masterslave][INFO] 2020-02-26 18:01:20,851: _ready: http://itachi-HP-Pavilion-Laptop-15-cc1xx:44299/
[xmlrpc][INFO] 2020-02-26 18:01:20,852: xml rpc node: starting XML-RPC server
[rospy.registration][INFO] 2020-02-26 18:01:20,852: Registering with master node http://localhost:11311
[rospy.init][INFO] 2020-02-26 18:01:20,951: registered with master
[rospy.rosout][INFO] 2020-02-26 18:01:20,952: initializing /rosout core topic
[rospy.rosout][INFO] 2020-02-26 18:01:20,953: connected to core topic /rosout
[rospy.simtime][INFO] 2020-02-26 18:01:20,954: /use_sim_time is not set, will not subscribe to simulated time [/clock] topic
[rospy.internal][INFO] 2020-02-26 18:01:21,192: topic[/rosout] adding connection to [/rosout], count 0
[rospy.internal][INFO] 2020-02-26 18:01:24,528: topic[/detection_info] adding connection to [http://itachi-HP-Pavilion-Laptop-15-cc1xx:42631/], count 0
[rospy.internal][ERROR] 2020-02-26 18:01:50,671: Unable to initiate TCP/IP socket to itachi-HP-Pavilion-Laptop-15-cc1xx:33565 (http://itachi-HP-Pavilion-Laptop-15-cc1xx:42631/): Traceback (most recent call last):
  File "/opt/ros/kinetic/lib/python2.7/dist-packages/rospy/impl/tcpros_base.py", line 557, in connect
    self.read_header()
  File "/opt/ros/kinetic/lib/python2.7/dist-packages/rospy/impl/tcpros_base.py", line 650, in read_header
    self._validate_header(read_ros_handshake_header(sock, self.read_buff, self.protocol.buff_size))
  File "/opt/ros/kinetic/lib/python2.7/dist-packages/rospy/impl/tcpros_base.py", line 593, in _validate_header
    raise TransportInitError("remote error reported: %s"%header['error'])
TransportInitError: remote error reported: node shutting down

[rospy.internal][WARNING] 2020-02-26 18:01:51,673: Unknown error initiating TCP/IP socket to itachi-HP-Pavilion-Laptop-15-cc1xx:33565 (http://itachi-HP-Pavilion-Laptop-15-cc1xx:42631/): Traceback (most recent call last):
  File "/opt/ros/kinetic/lib/python2.7/dist-packages/rospy/impl/tcpros_base.py", line 555, in connect
    self.socket.connect((dest_addr, dest_port))
  File "/usr/lib/python2.7/socket.py", line 228, in meth
    return getattr(self._sock,name)(*args)
error: [Errno 111] Connection refused

[rospy.internal][INFO] 2020-02-26 18:01:51,673: topic[/detection_info] removing connection to http://itachi-HP-Pavilion-Laptop-15-cc1xx:42631/
[rospy.internal][INFO] 2020-02-26 18:01:53,567: topic[/detection_info] adding connection to [http://itachi-HP-Pavilion-Laptop-15-cc1xx:34691/], count 0
[rospy.core][INFO] 2020-02-26 18:02:28,021: signal_shutdown [signal-2]
[rospy.internal][INFO] 2020-02-26 18:02:28,026: topic[/rosout] removing connection to /rosout
[rospy.internal][INFO] 2020-02-26 18:02:28,026: topic[/detection_info] removing connection to http://itachi-HP-Pavilion-Laptop-15-cc1xx:34691/
[rospy.impl.masterslave][INFO] 2020-02-26 18:02:28,026: signal-2
[rospy.core][INFO] 2020-02-26 18:02:28,158: signal_shutdown [atexit]
