[rospy.client][INFO] 2020-02-05 22:08:26,561: init_node, name[/rostopic_16468_1580920706519], pid[16468]
[xmlrpc][INFO] 2020-02-05 22:08:26,562: XML-RPC server binding to 0.0.0.0:0
[xmlrpc][INFO] 2020-02-05 22:08:26,562: Started XML-RPC server [http://itachi-HP-Pavilion-Laptop-15-cc1xx:36661/]
[rospy.init][INFO] 2020-02-05 22:08:26,563: ROS Slave URI: [http://itachi-HP-Pavilion-Laptop-15-cc1xx:36661/]
[rospy.impl.masterslave][INFO] 2020-02-05 22:08:26,563: _ready: http://itachi-HP-Pavilion-Laptop-15-cc1xx:36661/
[rospy.registration][INFO] 2020-02-05 22:08:26,564: Registering with master node http://localhost:11311
[xmlrpc][INFO] 2020-02-05 22:08:26,564: xml rpc node: starting XML-RPC server
[rospy.init][INFO] 2020-02-05 22:08:26,664: registered with master
[rospy.rosout][INFO] 2020-02-05 22:08:26,664: initializing /rosout core topic
[rospy.rosout][INFO] 2020-02-05 22:08:26,666: connected to core topic /rosout
[rospy.simtime][INFO] 2020-02-05 22:08:26,667: /use_sim_time is not set, will not subscribe to simulated time [/clock] topic
[rospy.internal][INFO] 2020-02-05 22:08:26,957: topic[/rosout] adding connection to [/rosout], count 0
[rospy.internal][INFO] 2020-02-05 22:08:47,761: topic[/detection_info] adding connection to [http://itachi-HP-Pavilion-Laptop-15-cc1xx:35297/], count 0
[rospy.internal][WARNING] 2020-02-05 22:19:23,186: Unknown error initiating TCP/IP socket to itachi-HP-Pavilion-Laptop-15-cc1xx:43853 (http://itachi-HP-Pavilion-Laptop-15-cc1xx:35297/): Traceback (most recent call last):
  File "/opt/ros/kinetic/lib/python2.7/dist-packages/rospy/impl/tcpros_base.py", line 557, in connect
    self.read_header()
  File "/opt/ros/kinetic/lib/python2.7/dist-packages/rospy/impl/tcpros_base.py", line 650, in read_header
    self._validate_header(read_ros_handshake_header(sock, self.read_buff, self.protocol.buff_size))
  File "/opt/ros/kinetic/lib/python2.7/dist-packages/rosgraph/network.py", line 362, in read_ros_handshake_header
    d = sock.recv(buff_size)
error: [Errno 104] Connection reset by peer

[rospy.internal][INFO] 2020-02-05 22:19:23,186: topic[/detection_info] removing connection to http://itachi-HP-Pavilion-Laptop-15-cc1xx:35297/
[rospy.core][INFO] 2020-02-05 22:19:27,629: signal_shutdown [signal-2]
[rospy.internal][INFO] 2020-02-05 22:19:27,634: topic[/rosout] removing connection to /rosout
[rospy.impl.masterslave][INFO] 2020-02-05 22:19:27,635: signal-2
[rospy.core][INFO] 2020-02-05 22:19:27,738: signal_shutdown [atexit]
