[rospy.client][INFO] 2020-01-31 21:01:50,830: init_node, name[/sr_beacon_detector_18688_1580484710796], pid[18688]
[xmlrpc][INFO] 2020-01-31 21:01:50,830: XML-RPC server binding to 0.0.0.0:0
[xmlrpc][INFO] 2020-01-31 21:01:50,831: Started XML-RPC server [http://itachi-HP-Pavilion-Laptop-15-cc1xx:34199/]
[rospy.init][INFO] 2020-01-31 21:01:50,831: ROS Slave URI: [http://itachi-HP-Pavilion-Laptop-15-cc1xx:34199/]
[rospy.impl.masterslave][INFO] 2020-01-31 21:01:50,831: _ready: http://itachi-HP-Pavilion-Laptop-15-cc1xx:34199/
[xmlrpc][INFO] 2020-01-31 21:01:50,832: xml rpc node: starting XML-RPC server
[rospy.registration][INFO] 2020-01-31 21:01:50,832: Registering with master node http://localhost:11311
[rospy.init][INFO] 2020-01-31 21:01:50,931: registered with master
[rospy.rosout][INFO] 2020-01-31 21:01:50,932: initializing /rosout core topic
[rospy.rosout][INFO] 2020-01-31 21:01:50,934: connected to core topic /rosout
[rospy.simtime][INFO] 2020-01-31 21:01:50,936: /use_sim_time is not set, will not subscribe to simulated time [/clock] topic
[rospy.internal][INFO] 2020-01-31 21:01:50,948: topic[/usb_cam/image_rect_color] adding connection to [http://itachi-HP-Pavilion-Laptop-15-cc1xx:43181/], count 0
[rospy.core][INFO] 2020-01-31 21:01:50,950: signal_shutdown [atexit]
[rospy.internal][INFO] 2020-01-31 21:01:50,954: topic[/usb_cam/image_rect_color] removing connection to http://itachi-HP-Pavilion-Laptop-15-cc1xx:43181/
[rospy.internal][WARNING] 2020-01-31 21:01:50,955: Unknown error initiating TCP/IP socket to itachi-HP-Pavilion-Laptop-15-cc1xx:42529 (http://itachi-HP-Pavilion-Laptop-15-cc1xx:43181/): Traceback (most recent call last):
  File "/opt/ros/kinetic/lib/python2.7/dist-packages/rospy/impl/tcpros_base.py", line 557, in connect
    self.read_header()
  File "/opt/ros/kinetic/lib/python2.7/dist-packages/rospy/impl/tcpros_base.py", line 650, in read_header
    self._validate_header(read_ros_handshake_header(sock, self.read_buff, self.protocol.buff_size))
AttributeError: 'NoneType' object has no attribute 'buff_size'

[rospy.topics][ERROR] 2020-01-31 21:01:50,955: Traceback (most recent call last):
  File "/opt/ros/kinetic/lib/python2.7/dist-packages/rospy/topics.py", line 326, in close
    c.close()
  File "/opt/ros/kinetic/lib/python2.7/dist-packages/rospy/impl/tcpros_base.py", line 838, in close
    self.socket.close()
AttributeError: 'NoneType' object has no attribute 'close'

[rospy.impl.masterslave][INFO] 2020-01-31 21:01:50,955: atexit
