[rospy.client][INFO] 2020-01-31 17:21:49,948: init_node, name[/sr_determine_rois_5758_1580471509911], pid[5758]
[xmlrpc][INFO] 2020-01-31 17:21:49,948: XML-RPC server binding to 0.0.0.0:0
[xmlrpc][INFO] 2020-01-31 17:21:49,949: Started XML-RPC server [http://itachi-HP-Pavilion-Laptop-15-cc1xx:46813/]
[rospy.init][INFO] 2020-01-31 17:21:49,950: ROS Slave URI: [http://itachi-HP-Pavilion-Laptop-15-cc1xx:46813/]
[rospy.impl.masterslave][INFO] 2020-01-31 17:21:49,950: _ready: http://itachi-HP-Pavilion-Laptop-15-cc1xx:46813/
[rospy.registration][INFO] 2020-01-31 17:21:49,951: Registering with master node http://localhost:11311
[xmlrpc][INFO] 2020-01-31 17:21:49,951: xml rpc node: starting XML-RPC server
[rospy.registration][INFO] 2020-01-31 17:21:49,951: registering subscriber topic [/usb_cam/image_rect] type [sensor_msgs/Image] with master
[rospy.internal][INFO] 2020-01-31 17:21:49,953: topic[/usb_cam/image_rect] adding connection to [http://itachi-HP-Pavilion-Laptop-15-cc1xx:35837/], count 0
[rospy.init][INFO] 2020-01-31 17:21:50,050: registered with master
[rospy.rosout][INFO] 2020-01-31 17:21:50,051: initializing /rosout core topic
[rospy.rosout][INFO] 2020-01-31 17:21:50,054: connected to core topic /rosout
[rospy.simtime][INFO] 2020-01-31 17:21:50,055: /use_sim_time is not set, will not subscribe to simulated time [/clock] topic
[rospy.internal][INFO] 2020-01-31 17:21:50,224: topic[/rosout] adding connection to [/rosout], count 0
[rospy.core][INFO] 2020-01-31 17:22:27,001: signal_shutdown [signal-2]
[rospy.internal][INFO] 2020-01-31 17:22:27,006: topic[/rosout] removing connection to /rosout
[rospy.internal][INFO] 2020-01-31 17:22:27,007: topic[/usb_cam/image_rect] removing connection to http://itachi-HP-Pavilion-Laptop-15-cc1xx:35837/
[rospy.internal][WARNING] 2020-01-31 17:22:27,008: Unknown error initiating TCP/IP socket to itachi-HP-Pavilion-Laptop-15-cc1xx:42609 (http://itachi-HP-Pavilion-Laptop-15-cc1xx:35837/): Traceback (most recent call last):
  File "/opt/ros/kinetic/lib/python2.7/dist-packages/rospy/impl/tcpros_base.py", line 557, in connect
    self.read_header()
  File "/opt/ros/kinetic/lib/python2.7/dist-packages/rospy/impl/tcpros_base.py", line 650, in read_header
    self._validate_header(read_ros_handshake_header(sock, self.read_buff, self.protocol.buff_size))
AttributeError: 'NoneType' object has no attribute 'buff_size'

[rospy.topics][ERROR] 2020-01-31 17:22:27,008: Traceback (most recent call last):
  File "/opt/ros/kinetic/lib/python2.7/dist-packages/rospy/topics.py", line 326, in close
    c.close()
  File "/opt/ros/kinetic/lib/python2.7/dist-packages/rospy/impl/tcpros_base.py", line 838, in close
    self.socket.close()
AttributeError: 'NoneType' object has no attribute 'close'

[rospy.impl.masterslave][INFO] 2020-01-31 17:22:27,008: signal-2
[rospy.core][INFO] 2020-01-31 17:22:27,109: signal_shutdown [atexit]
