[rospy.client][INFO] 2020-02-02 23:26:21,169: init_node, name[/sr_determine_colors_8010_1580666181127], pid[8010]
[xmlrpc][INFO] 2020-02-02 23:26:21,169: XML-RPC server binding to 0.0.0.0:0
[xmlrpc][INFO] 2020-02-02 23:26:21,170: Started XML-RPC server [http://itachi-HP-Pavilion-Laptop-15-cc1xx:41321/]
[rospy.impl.masterslave][INFO] 2020-02-02 23:26:21,170: _ready: http://itachi-HP-Pavilion-Laptop-15-cc1xx:41321/
[rospy.init][INFO] 2020-02-02 23:26:21,172: ROS Slave URI: [http://itachi-HP-Pavilion-Laptop-15-cc1xx:41321/]
[xmlrpc][INFO] 2020-02-02 23:26:21,173: xml rpc node: starting XML-RPC server
[rospy.registration][INFO] 2020-02-02 23:26:21,174: Registering with master node http://localhost:11311
[rospy.init][INFO] 2020-02-02 23:26:21,274: registered with master
[rospy.rosout][INFO] 2020-02-02 23:26:21,274: initializing /rosout core topic
[rospy.rosout][INFO] 2020-02-02 23:26:21,278: connected to core topic /rosout
[rospy.simtime][INFO] 2020-02-02 23:26:21,280: /use_sim_time is not set, will not subscribe to simulated time [/clock] topic
[rospy.internal][INFO] 2020-02-02 23:26:21,339: topic[/usb_cam/image_rect_color] adding connection to [http://itachi-HP-Pavilion-Laptop-15-cc1xx:38957/], count 0
[rospy.internal][INFO] 2020-02-02 23:26:21,342: topic[/detection_info] adding connection to [/rostopic_7568_1580665510822], count 0
[rospy.internal][INFO] 2020-02-02 23:26:21,480: topic[/rosout] adding connection to [/rosout], count 0
[rosout][ERROR] 2020-02-02 23:26:21,547: bad callback: <bound method sr_determine_colors.callback of <__main__.sr_determine_colors instance at 0x7f3bf13af1b8>>
Traceback (most recent call last):
  File "/opt/ros/kinetic/lib/python2.7/dist-packages/rospy/topics.py", line 750, in _invoke_callback
    cb(msg)
  File "/home/itachi/catkin_ws/src/survey_and_rescue/scripts/beacon_detector1.py", line 85, in callback
    if check_whether_lit(red, x, y):
  File "/home/itachi/catkin_ws/src/survey_and_rescue/scripts/beacon_detector1.py", line 26, in check_whether_lit
    if frame[m][n]==255:
IndexError: string index out of range

[rosout][ERROR] 2020-02-02 23:26:21,744: bad callback: <bound method sr_determine_colors.callback of <__main__.sr_determine_colors instance at 0x7f3bf13af1b8>>
Traceback (most recent call last):
  File "/opt/ros/kinetic/lib/python2.7/dist-packages/rospy/topics.py", line 750, in _invoke_callback
    cb(msg)
  File "/home/itachi/catkin_ws/src/survey_and_rescue/scripts/beacon_detector1.py", line 85, in callback
    if check_whether_lit(red, x, y):
  File "/home/itachi/catkin_ws/src/survey_and_rescue/scripts/beacon_detector1.py", line 26, in check_whether_lit
    if frame[m][n]==255:
IndexError: string index out of range

[rosout][ERROR] 2020-02-02 23:26:21,938: bad callback: <bound method sr_determine_colors.callback of <__main__.sr_determine_colors instance at 0x7f3bf13af1b8>>
Traceback (most recent call last):
  File "/opt/ros/kinetic/lib/python2.7/dist-packages/rospy/topics.py", line 750, in _invoke_callback
    cb(msg)
  File "/home/itachi/catkin_ws/src/survey_and_rescue/scripts/beacon_detector1.py", line 85, in callback
    if check_whether_lit(red, x, y):
  File "/home/itachi/catkin_ws/src/survey_and_rescue/scripts/beacon_detector1.py", line 26, in check_whether_lit
    if frame[m][n]==255:
IndexError: string index out of range

[rosout][ERROR] 2020-02-02 23:26:22,133: bad callback: <bound method sr_determine_colors.callback of <__main__.sr_determine_colors instance at 0x7f3bf13af1b8>>
Traceback (most recent call last):
  File "/opt/ros/kinetic/lib/python2.7/dist-packages/rospy/topics.py", line 750, in _invoke_callback
    cb(msg)
  File "/home/itachi/catkin_ws/src/survey_and_rescue/scripts/beacon_detector1.py", line 85, in callback
    if check_whether_lit(red, x, y):
  File "/home/itachi/catkin_ws/src/survey_and_rescue/scripts/beacon_detector1.py", line 26, in check_whether_lit
    if frame[m][n]==255:
IndexError: string index out of range

[rosout][ERROR] 2020-02-02 23:26:22,328: bad callback: <bound method sr_determine_colors.callback of <__main__.sr_determine_colors instance at 0x7f3bf13af1b8>>
Traceback (most recent call last):
  File "/opt/ros/kinetic/lib/python2.7/dist-packages/rospy/topics.py", line 750, in _invoke_callback
    cb(msg)
  File "/home/itachi/catkin_ws/src/survey_and_rescue/scripts/beacon_detector1.py", line 85, in callback
    if check_whether_lit(red, x, y):
  File "/home/itachi/catkin_ws/src/survey_and_rescue/scripts/beacon_detector1.py", line 26, in check_whether_lit
    if frame[m][n]==255:
IndexError: string index out of range

[rosout][ERROR] 2020-02-02 23:26:22,510: bad callback: <bound method sr_determine_colors.callback of <__main__.sr_determine_colors instance at 0x7f3bf13af1b8>>
Traceback (most recent call last):
  File "/opt/ros/kinetic/lib/python2.7/dist-packages/rospy/topics.py", line 750, in _invoke_callback
    cb(msg)
  File "/home/itachi/catkin_ws/src/survey_and_rescue/scripts/beacon_detector1.py", line 85, in callback
    if check_whether_lit(red, x, y):
  File "/home/itachi/catkin_ws/src/survey_and_rescue/scripts/beacon_detector1.py", line 26, in check_whether_lit
    if frame[m][n]==255:
IndexError: string index out of range

[rosout][ERROR] 2020-02-02 23:26:22,706: bad callback: <bound method sr_determine_colors.callback of <__main__.sr_determine_colors instance at 0x7f3bf13af1b8>>
Traceback (most recent call last):
  File "/opt/ros/kinetic/lib/python2.7/dist-packages/rospy/topics.py", line 750, in _invoke_callback
    cb(msg)
  File "/home/itachi/catkin_ws/src/survey_and_rescue/scripts/beacon_detector1.py", line 85, in callback
    if check_whether_lit(red, x, y):
  File "/home/itachi/catkin_ws/src/survey_and_rescue/scripts/beacon_detector1.py", line 26, in check_whether_lit
    if frame[m][n]==255:
IndexError: string index out of range

[rosout][ERROR] 2020-02-02 23:26:22,893: bad callback: <bound method sr_determine_colors.callback of <__main__.sr_determine_colors instance at 0x7f3bf13af1b8>>
Traceback (most recent call last):
  File "/opt/ros/kinetic/lib/python2.7/dist-packages/rospy/topics.py", line 750, in _invoke_callback
    cb(msg)
  File "/home/itachi/catkin_ws/src/survey_and_rescue/scripts/beacon_detector1.py", line 85, in callback
    if check_whether_lit(red, x, y):
  File "/home/itachi/catkin_ws/src/survey_and_rescue/scripts/beacon_detector1.py", line 26, in check_whether_lit
    if frame[m][n]==255:
IndexError: string index out of range

[rosout][ERROR] 2020-02-02 23:26:23,076: bad callback: <bound method sr_determine_colors.callback of <__main__.sr_determine_colors instance at 0x7f3bf13af1b8>>
Traceback (most recent call last):
  File "/opt/ros/kinetic/lib/python2.7/dist-packages/rospy/topics.py", line 750, in _invoke_callback
    cb(msg)
  File "/home/itachi/catkin_ws/src/survey_and_rescue/scripts/beacon_detector1.py", line 85, in callback
    if check_whether_lit(red, x, y):
  File "/home/itachi/catkin_ws/src/survey_and_rescue/scripts/beacon_detector1.py", line 26, in check_whether_lit
    if frame[m][n]==255:
IndexError: string index out of range

[rosout][ERROR] 2020-02-02 23:26:23,252: bad callback: <bound method sr_determine_colors.callback of <__main__.sr_determine_colors instance at 0x7f3bf13af1b8>>
Traceback (most recent call last):
  File "/opt/ros/kinetic/lib/python2.7/dist-packages/rospy/topics.py", line 750, in _invoke_callback
    cb(msg)
  File "/home/itachi/catkin_ws/src/survey_and_rescue/scripts/beacon_detector1.py", line 85, in callback
    if check_whether_lit(red, x, y):
  File "/home/itachi/catkin_ws/src/survey_and_rescue/scripts/beacon_detector1.py", line 26, in check_whether_lit
    if frame[m][n]==255:
IndexError: string index out of range

[rosout][ERROR] 2020-02-02 23:26:23,432: bad callback: <bound method sr_determine_colors.callback of <__main__.sr_determine_colors instance at 0x7f3bf13af1b8>>
Traceback (most recent call last):
  File "/opt/ros/kinetic/lib/python2.7/dist-packages/rospy/topics.py", line 750, in _invoke_callback
    cb(msg)
  File "/home/itachi/catkin_ws/src/survey_and_rescue/scripts/beacon_detector1.py", line 85, in callback
    if check_whether_lit(red, x, y):
  File "/home/itachi/catkin_ws/src/survey_and_rescue/scripts/beacon_detector1.py", line 26, in check_whether_lit
    if frame[m][n]==255:
IndexError: string index out of range

[rosout][ERROR] 2020-02-02 23:26:23,611: bad callback: <bound method sr_determine_colors.callback of <__main__.sr_determine_colors instance at 0x7f3bf13af1b8>>
Traceback (most recent call last):
  File "/opt/ros/kinetic/lib/python2.7/dist-packages/rospy/topics.py", line 750, in _invoke_callback
    cb(msg)
  File "/home/itachi/catkin_ws/src/survey_and_rescue/scripts/beacon_detector1.py", line 85, in callback
    if check_whether_lit(red, x, y):
  File "/home/itachi/catkin_ws/src/survey_and_rescue/scripts/beacon_detector1.py", line 26, in check_whether_lit
    if frame[m][n]==255:
IndexError: string index out of range

[rosout][ERROR] 2020-02-02 23:26:23,793: bad callback: <bound method sr_determine_colors.callback of <__main__.sr_determine_colors instance at 0x7f3bf13af1b8>>
Traceback (most recent call last):
  File "/opt/ros/kinetic/lib/python2.7/dist-packages/rospy/topics.py", line 750, in _invoke_callback
    cb(msg)
  File "/home/itachi/catkin_ws/src/survey_and_rescue/scripts/beacon_detector1.py", line 85, in callback
    if check_whether_lit(red, x, y):
  File "/home/itachi/catkin_ws/src/survey_and_rescue/scripts/beacon_detector1.py", line 26, in check_whether_lit
    if frame[m][n]==255:
IndexError: string index out of range

[rosout][ERROR] 2020-02-02 23:26:24,013: bad callback: <bound method sr_determine_colors.callback of <__main__.sr_determine_colors instance at 0x7f3bf13af1b8>>
Traceback (most recent call last):
  File "/opt/ros/kinetic/lib/python2.7/dist-packages/rospy/topics.py", line 750, in _invoke_callback
    cb(msg)
  File "/home/itachi/catkin_ws/src/survey_and_rescue/scripts/beacon_detector1.py", line 85, in callback
    if check_whether_lit(red, x, y):
  File "/home/itachi/catkin_ws/src/survey_and_rescue/scripts/beacon_detector1.py", line 26, in check_whether_lit
    if frame[m][n]==255:
IndexError: string index out of range

[rospy.core][INFO] 2020-02-02 23:26:24,185: signal_shutdown [signal-2]
[rospy.internal][INFO] 2020-02-02 23:26:24,211: topic[/detection_info] removing connection to /rostopic_7568_1580665510822
[rosout][ERROR] 2020-02-02 23:26:24,212: bad callback: <bound method sr_determine_colors.callback of <__main__.sr_determine_colors instance at 0x7f3bf13af1b8>>
Traceback (most recent call last):
  File "/opt/ros/kinetic/lib/python2.7/dist-packages/rospy/topics.py", line 750, in _invoke_callback
    cb(msg)
  File "/home/itachi/catkin_ws/src/survey_and_rescue/scripts/beacon_detector1.py", line 85, in callback
    if check_whether_lit(red, x, y):
  File "/home/itachi/catkin_ws/src/survey_and_rescue/scripts/beacon_detector1.py", line 26, in check_whether_lit
    if frame[m][n]==255:
IndexError: string index out of range

[rospy.internal][INFO] 2020-02-02 23:26:24,213: topic[/rosout] removing connection to /rosout
[rospy.internal][INFO] 2020-02-02 23:26:24,214: topic[/usb_cam/image_rect_color] removing connection to http://itachi-HP-Pavilion-Laptop-15-cc1xx:38957/
[rospy.impl.masterslave][INFO] 2020-02-02 23:26:24,217: signal-2
[rospy.core][INFO] 2020-02-02 23:26:24,317: signal_shutdown [atexit]
