[rospy.client][INFO] 2020-02-03 01:10:56,376: init_node, name[/sr_determine_colors_11414_1580672456351], pid[11414]
[xmlrpc][INFO] 2020-02-03 01:10:56,377: XML-RPC server binding to 0.0.0.0:0
[xmlrpc][INFO] 2020-02-03 01:10:56,377: Started XML-RPC server [http://itachi-HP-Pavilion-Laptop-15-cc1xx:40213/]
[rospy.init][INFO] 2020-02-03 01:10:56,377: ROS Slave URI: [http://itachi-HP-Pavilion-Laptop-15-cc1xx:40213/]
[rospy.impl.masterslave][INFO] 2020-02-03 01:10:56,377: _ready: http://itachi-HP-Pavilion-Laptop-15-cc1xx:40213/
[rospy.registration][INFO] 2020-02-03 01:10:56,378: Registering with master node http://localhost:11311
[xmlrpc][INFO] 2020-02-03 01:10:56,378: xml rpc node: starting XML-RPC server
[rospy.init][INFO] 2020-02-03 01:10:56,477: registered with master
[rospy.rosout][INFO] 2020-02-03 01:10:56,478: initializing /rosout core topic
[rospy.rosout][INFO] 2020-02-03 01:10:56,485: connected to core topic /rosout
[rospy.simtime][INFO] 2020-02-03 01:10:56,488: /use_sim_time is not set, will not subscribe to simulated time [/clock] topic
[rospy.internal][INFO] 2020-02-03 01:10:56,545: topic[/usb_cam/image_rect_color] adding connection to [http://itachi-HP-Pavilion-Laptop-15-cc1xx:38957/], count 0
[rospy.internal][INFO] 2020-02-03 01:10:56,592: topic[/detection_info] adding connection to [/rostopic_10924_1580670545476], count 0
[rospy.internal][INFO] 2020-02-03 01:10:56,763: topic[/rosout] adding connection to [/rosout], count 0
[rospy.core][INFO] 2020-02-03 01:11:02,969: signal_shutdown [signal-2]
[rospy.internal][INFO] 2020-02-03 01:11:02,988: topic[/detection_info] removing connection to /rostopic_10924_1580670545476
[rospy.internal][INFO] 2020-02-03 01:11:02,989: topic[/rosout] removing connection to /rosout
[rospy.internal][INFO] 2020-02-03 01:11:02,990: topic[/usb_cam/image_rect_color] removing connection to http://itachi-HP-Pavilion-Laptop-15-cc1xx:38957/
[rospy.impl.masterslave][INFO] 2020-02-03 01:11:02,991: signal-2
[rospy.core][INFO] 2020-02-03 01:11:03,124: signal_shutdown [atexit]
