[rospy.client][INFO] 2020-02-03 23:08:40,086: init_node, name[/sr_determine_colors_7787_1580751520047], pid[7787]
[xmlrpc][INFO] 2020-02-03 23:08:40,086: XML-RPC server binding to 0.0.0.0:0
[xmlrpc][INFO] 2020-02-03 23:08:40,087: Started XML-RPC server [http://itachi-HP-Pavilion-Laptop-15-cc1xx:33259/]
[rospy.init][INFO] 2020-02-03 23:08:40,087: ROS Slave URI: [http://itachi-HP-Pavilion-Laptop-15-cc1xx:33259/]
[rospy.impl.masterslave][INFO] 2020-02-03 23:08:40,087: _ready: http://itachi-HP-Pavilion-Laptop-15-cc1xx:33259/
[rospy.registration][INFO] 2020-02-03 23:08:40,088: Registering with master node http://localhost:11311
[xmlrpc][INFO] 2020-02-03 23:08:40,088: xml rpc node: starting XML-RPC server
[rospy.init][INFO] 2020-02-03 23:08:40,187: registered with master
[rospy.rosout][INFO] 2020-02-03 23:08:40,188: initializing /rosout core topic
[rospy.rosout][INFO] 2020-02-03 23:08:40,190: connected to core topic /rosout
[rospy.simtime][INFO] 2020-02-03 23:08:40,191: /use_sim_time is not set, will not subscribe to simulated time [/clock] topic
[rospy.internal][INFO] 2020-02-03 23:08:40,204: topic[/usb_cam/image_rect_color] adding connection to [http://itachi-HP-Pavilion-Laptop-15-cc1xx:44153/], count 0
[rospy.internal][INFO] 2020-02-03 23:08:40,459: topic[/rosout] adding connection to [/rosout], count 0
[rospy.internal][INFO] 2020-02-03 23:08:46,646: topic[/detection_info] adding connection to [/rostopic_7822_1580751526432], count 0
[rospy.core][INFO] 2020-02-03 23:08:48,480: signal_shutdown [signal-2]
[rospy.internal][INFO] 2020-02-03 23:08:48,484: topic[/detection_info] removing connection to /rostopic_7822_1580751526432
[rospy.internal][INFO] 2020-02-03 23:08:48,484: topic[/rosout] removing connection to /rosout
[rospy.internal][INFO] 2020-02-03 23:08:48,485: topic[/usb_cam/image_rect_color] removing connection to http://itachi-HP-Pavilion-Laptop-15-cc1xx:44153/
[rospy.impl.masterslave][INFO] 2020-02-03 23:08:48,485: signal-2
[rospy.core][INFO] 2020-02-03 23:08:49,090: signal_shutdown [atexit]
