[rospy.client][INFO] 2020-02-04 01:24:32,322: init_node, name[/sr_determine_colors_7391_1580759672284], pid[7391]
[xmlrpc][INFO] 2020-02-04 01:24:32,323: XML-RPC server binding to 0.0.0.0:0
[xmlrpc][INFO] 2020-02-04 01:24:32,323: Started XML-RPC server [http://itachi-HP-Pavilion-Laptop-15-cc1xx:34347/]
[rospy.init][INFO] 2020-02-04 01:24:32,324: ROS Slave URI: [http://itachi-HP-Pavilion-Laptop-15-cc1xx:34347/]
[rospy.impl.masterslave][INFO] 2020-02-04 01:24:32,324: _ready: http://itachi-HP-Pavilion-Laptop-15-cc1xx:34347/
[xmlrpc][INFO] 2020-02-04 01:24:32,324: xml rpc node: starting XML-RPC server
[rospy.registration][INFO] 2020-02-04 01:24:32,325: Registering with master node http://localhost:11311
[rospy.init][INFO] 2020-02-04 01:24:32,424: registered with master
[rospy.rosout][INFO] 2020-02-04 01:24:32,424: initializing /rosout core topic
[rospy.rosout][INFO] 2020-02-04 01:24:32,426: connected to core topic /rosout
[rospy.simtime][INFO] 2020-02-04 01:24:32,428: /use_sim_time is not set, will not subscribe to simulated time [/clock] topic
[rospy.internal][INFO] 2020-02-04 01:24:32,440: topic[/usb_cam/image_rect_color] adding connection to [http://itachi-HP-Pavilion-Laptop-15-cc1xx:46333/], count 0
[rospy.internal][INFO] 2020-02-04 01:24:32,674: topic[/rosout] adding connection to [/rosout], count 0
[rospy.internal][INFO] 2020-02-04 01:24:50,370: topic[/detection_info] adding connection to [/monitor], count 0
[rospy.internal][INFO] 2020-02-04 01:25:31,479: topic[/detection_info] removing connection to /monitor
[rospy.core][INFO] 2020-02-04 01:25:33,528: signal_shutdown [signal-2]
[rospy.internal][INFO] 2020-02-04 01:25:33,534: topic[/rosout] removing connection to /rosout
[rospy.internal][INFO] 2020-02-04 01:25:33,534: topic[/usb_cam/image_rect_color] removing connection to http://itachi-HP-Pavilion-Laptop-15-cc1xx:46333/
[rospy.impl.masterslave][INFO] 2020-02-04 01:25:33,535: signal-2
[rospy.core][INFO] 2020-02-04 01:25:33,651: signal_shutdown [atexit]
