[rospy.client][INFO] 2020-02-04 00:58:16,665: init_node, name[/sr_determine_colors_5337_1580758096625], pid[5337]
[xmlrpc][INFO] 2020-02-04 00:58:16,666: XML-RPC server binding to 0.0.0.0:0
[xmlrpc][INFO] 2020-02-04 00:58:16,666: Started XML-RPC server [http://itachi-HP-Pavilion-Laptop-15-cc1xx:32847/]
[rospy.init][INFO] 2020-02-04 00:58:16,666: ROS Slave URI: [http://itachi-HP-Pavilion-Laptop-15-cc1xx:32847/]
[rospy.impl.masterslave][INFO] 2020-02-04 00:58:16,666: _ready: http://itachi-HP-Pavilion-Laptop-15-cc1xx:32847/
[rospy.registration][INFO] 2020-02-04 00:58:16,667: Registering with master node http://localhost:11311
[xmlrpc][INFO] 2020-02-04 00:58:16,667: xml rpc node: starting XML-RPC server
[rospy.init][INFO] 2020-02-04 00:58:16,766: registered with master
[rospy.rosout][INFO] 2020-02-04 00:58:16,767: initializing /rosout core topic
[rospy.rosout][INFO] 2020-02-04 00:58:16,769: connected to core topic /rosout
[rospy.simtime][INFO] 2020-02-04 00:58:16,770: /use_sim_time is not set, will not subscribe to simulated time [/clock] topic
[rospy.internal][INFO] 2020-02-04 00:58:16,832: topic[/usb_cam/image_rect_color] adding connection to [http://itachi-HP-Pavilion-Laptop-15-cc1xx:46333/], count 0
[rospy.internal][INFO] 2020-02-04 00:58:16,983: topic[/rosout] adding connection to [/rosout], count 0
[rospy.internal][INFO] 2020-02-04 00:58:20,450: topic[/detection_info] adding connection to [/monitor], count 0
[rospy.internal][INFO] 2020-02-04 01:00:10,418: topic[/detection_info] removing connection to /monitor
[rospy.core][INFO] 2020-02-04 01:00:11,432: signal_shutdown [signal-2]
[rospy.internal][INFO] 2020-02-04 01:00:11,435: topic[/rosout] removing connection to /rosout
[rospy.internal][INFO] 2020-02-04 01:00:11,435: topic[/usb_cam/image_rect_color] removing connection to http://itachi-HP-Pavilion-Laptop-15-cc1xx:46333/
[rospy.impl.masterslave][INFO] 2020-02-04 01:00:11,436: signal-2
[rospy.core][INFO] 2020-02-04 01:00:12,051: signal_shutdown [atexit]
