[rospy.client][INFO] 2020-02-03 23:36:49,321: init_node, name[/sr_determine_colors_8648_1580753209282], pid[8648]
[xmlrpc][INFO] 2020-02-03 23:36:49,321: XML-RPC server binding to 0.0.0.0:0
[xmlrpc][INFO] 2020-02-03 23:36:49,321: Started XML-RPC server [http://itachi-HP-Pavilion-Laptop-15-cc1xx:36699/]
[rospy.init][INFO] 2020-02-03 23:36:49,321: ROS Slave URI: [http://itachi-HP-Pavilion-Laptop-15-cc1xx:36699/]
[rospy.impl.masterslave][INFO] 2020-02-03 23:36:49,321: _ready: http://itachi-HP-Pavilion-Laptop-15-cc1xx:36699/
[rospy.registration][INFO] 2020-02-03 23:36:49,322: Registering with master node http://localhost:11311
[xmlrpc][INFO] 2020-02-03 23:36:49,322: xml rpc node: starting XML-RPC server
[rospy.init][INFO] 2020-02-03 23:36:49,422: registered with master
[rospy.rosout][INFO] 2020-02-03 23:36:49,423: initializing /rosout core topic
[rospy.rosout][INFO] 2020-02-03 23:36:49,428: connected to core topic /rosout
[rospy.simtime][INFO] 2020-02-03 23:36:49,430: /use_sim_time is not set, will not subscribe to simulated time [/clock] topic
[rospy.internal][INFO] 2020-02-03 23:36:49,487: topic[/usb_cam/image_rect_color] adding connection to [http://itachi-HP-Pavilion-Laptop-15-cc1xx:44153/], count 0
[rospy.internal][INFO] 2020-02-03 23:36:49,663: topic[/rosout] adding connection to [/rosout], count 0
[rospy.internal][INFO] 2020-02-03 23:36:52,681: topic[/detection_info] adding connection to [/rostopic_8683_1580753212463], count 0
[rospy.internal][INFO] 2020-02-03 23:43:25,181: topic[/detection_info] removing connection to /rostopic_8683_1580753212463
[rospy.internal][INFO] 2020-02-03 23:43:26,859: topic[/detection_info] adding connection to [/rostopic_9241_1580753606644], count 0
[rosout][WARNING] 2020-02-03 23:43:53,975: Inbound TCP/IP connection failed: connection from sender terminated before handshake header received. 0 bytes were received. Please check sender for additional details.
[rospy.internal][ERROR] 2020-02-03 23:43:53,976: Inbound TCP/IP connection failed:
Traceback (most recent call last):
  File "/opt/ros/kinetic/lib/python2.7/dist-packages/rospy/impl/tcpros_base.py", line 321, in _tcp_server_callback
    header = read_ros_handshake_header(sock, StringIO(), buff_size)
  File "/opt/ros/kinetic/lib/python2.7/dist-packages/rosgraph/network.py", line 364, in read_ros_handshake_header
    raise ROSHandshakeException("connection from sender terminated before handshake header received. %s bytes were received. Please check sender for additional details."%b.tell())
ROSHandshakeException: connection from sender terminated before handshake header received. 0 bytes were received. Please check sender for additional details.

[rospy.internal][INFO] 2020-02-03 23:43:54,059: topic[/detection_info] removing connection to /rostopic_9241_1580753606644
[rospy.internal][INFO] 2020-02-03 23:44:28,688: topic[/detection_info] adding connection to [/rostopic_9428_1580753668461], count 0
[rospy.internal][INFO] 2020-02-03 23:44:32,156: topic[/detection_info] adding connection to [/monitor], count 1
[rospy.internal][INFO] 2020-02-03 23:45:43,413: topic[/detection_info] removing connection to /rostopic_9428_1580753668461
[rospy.internal][INFO] 2020-02-03 23:45:44,915: topic[/detection_info] removing connection to /monitor
[rospy.internal][WARNING] 2020-02-03 23:50:32,599: Unknown error initiating TCP/IP socket to itachi-HP-Pavilion-Laptop-15-cc1xx:41337 (http://itachi-HP-Pavilion-Laptop-15-cc1xx:44153/): Traceback (most recent call last):
  File "/opt/ros/kinetic/lib/python2.7/dist-packages/rospy/impl/tcpros_base.py", line 555, in connect
    self.socket.connect((dest_addr, dest_port))
  File "/usr/lib/python2.7/socket.py", line 228, in meth
    return getattr(self._sock,name)(*args)
error: [Errno 111] Connection refused

[rospy.internal][INFO] 2020-02-03 23:50:32,599: topic[/usb_cam/image_rect_color] removing connection to http://itachi-HP-Pavilion-Laptop-15-cc1xx:44153/
[rospy.internal][INFO] 2020-02-03 23:50:32,958: topic[/rosout] removing connection to /rosout
