[rospy.client][INFO] 2020-02-02 23:02:34,924: init_node, name[/sr_determine_colors_7153_1580664754885], pid[7153]
[xmlrpc][INFO] 2020-02-02 23:02:34,925: XML-RPC server binding to 0.0.0.0:0
[xmlrpc][INFO] 2020-02-02 23:02:34,925: Started XML-RPC server [http://itachi-HP-Pavilion-Laptop-15-cc1xx:42379/]
[rospy.init][INFO] 2020-02-02 23:02:34,926: ROS Slave URI: [http://itachi-HP-Pavilion-Laptop-15-cc1xx:42379/]
[rospy.impl.masterslave][INFO] 2020-02-02 23:02:34,926: _ready: http://itachi-HP-Pavilion-Laptop-15-cc1xx:42379/
[rospy.registration][INFO] 2020-02-02 23:02:34,927: Registering with master node http://localhost:11311
[xmlrpc][INFO] 2020-02-02 23:02:34,928: xml rpc node: starting XML-RPC server
[rospy.init][INFO] 2020-02-02 23:02:35,028: registered with master
[rospy.rosout][INFO] 2020-02-02 23:02:35,028: initializing /rosout core topic
[rospy.rosout][INFO] 2020-02-02 23:02:35,030: connected to core topic /rosout
[rospy.simtime][INFO] 2020-02-02 23:02:35,032: /use_sim_time is not set, will not subscribe to simulated time [/clock] topic
[rospy.internal][INFO] 2020-02-02 23:02:35,047: topic[/usb_cam/image_rect_color] adding connection to [http://itachi-HP-Pavilion-Laptop-15-cc1xx:38957/], count 0
[rospy.internal][INFO] 2020-02-02 23:02:35,099: topic[/detection_info] adding connection to [/rostopic_7110_1580664629849], count 0
[rospy.internal][INFO] 2020-02-02 23:02:35,246: topic[/rosout] adding connection to [/rosout], count 0
[rospy.internal][INFO] 2020-02-02 23:02:40,068: topic[/detection_info] removing connection to /rostopic_7110_1580664629849
[rospy.internal][INFO] 2020-02-02 23:02:41,595: topic[/detection_info] adding connection to [/rostopic_7195_1580664761353], count 0
[rospy.internal][INFO] 2020-02-02 23:03:01,274: topic[/detection_info] removing connection to /rostopic_7195_1580664761353
[rosout][WARNING] 2020-02-02 23:03:01,378: Inbound TCP/IP connection failed: connection from sender terminated before handshake header received. 0 bytes were received. Please check sender for additional details.
[rospy.internal][ERROR] 2020-02-02 23:03:01,380: Inbound TCP/IP connection failed:
Traceback (most recent call last):
  File "/opt/ros/kinetic/lib/python2.7/dist-packages/rospy/impl/tcpros_base.py", line 321, in _tcp_server_callback
    header = read_ros_handshake_header(sock, StringIO(), buff_size)
  File "/opt/ros/kinetic/lib/python2.7/dist-packages/rosgraph/network.py", line 364, in read_ros_handshake_header
    raise ROSHandshakeException("connection from sender terminated before handshake header received. %s bytes were received. Please check sender for additional details."%b.tell())
ROSHandshakeException: connection from sender terminated before handshake header received. 0 bytes were received. Please check sender for additional details.

[rospy.internal][INFO] 2020-02-02 23:03:08,296: topic[/detection_info] adding connection to [/rostopic_7226_1580664788075], count 0
[rospy.internal][INFO] 2020-02-02 23:03:14,252: topic[/detection_info] removing connection to /rostopic_7226_1580664788075
[rospy.core][INFO] 2020-02-02 23:03:15,682: signal_shutdown [signal-2]
[rospy.internal][INFO] 2020-02-02 23:03:15,688: topic[/rosout] removing connection to /rosout
[rospy.internal][INFO] 2020-02-02 23:03:15,690: topic[/usb_cam/image_rect_color] removing connection to http://itachi-HP-Pavilion-Laptop-15-cc1xx:38957/
[rospy.impl.masterslave][INFO] 2020-02-02 23:03:15,690: signal-2
[rospy.core][INFO] 2020-02-02 23:03:15,794: signal_shutdown [atexit]
