[rospy.client][INFO] 2020-02-04 01:15:56,210: init_node, name[/sr_determine_colors_6654_1580759156169], pid[6654]
[xmlrpc][INFO] 2020-02-04 01:15:56,210: XML-RPC server binding to 0.0.0.0:0
[xmlrpc][INFO] 2020-02-04 01:15:56,211: Started XML-RPC server [http://itachi-HP-Pavilion-Laptop-15-cc1xx:36475/]
[rospy.init][INFO] 2020-02-04 01:15:56,211: ROS Slave URI: [http://itachi-HP-Pavilion-Laptop-15-cc1xx:36475/]
[rospy.impl.masterslave][INFO] 2020-02-04 01:15:56,211: _ready: http://itachi-HP-Pavilion-Laptop-15-cc1xx:36475/
[xmlrpc][INFO] 2020-02-04 01:15:56,212: xml rpc node: starting XML-RPC server
[rospy.registration][INFO] 2020-02-04 01:15:56,212: Registering with master node http://localhost:11311
[rospy.init][INFO] 2020-02-04 01:15:56,311: registered with master
[rospy.rosout][INFO] 2020-02-04 01:15:56,312: initializing /rosout core topic
[rospy.rosout][INFO] 2020-02-04 01:15:56,314: connected to core topic /rosout
[rospy.simtime][INFO] 2020-02-04 01:15:56,315: /use_sim_time is not set, will not subscribe to simulated time [/clock] topic
[rospy.internal][INFO] 2020-02-04 01:15:56,378: topic[/usb_cam/image_rect_color] adding connection to [http://itachi-HP-Pavilion-Laptop-15-cc1xx:46333/], count 0
[rospy.internal][INFO] 2020-02-04 01:15:56,527: topic[/rosout] adding connection to [/rosout], count 0
[rospy.internal][INFO] 2020-02-04 01:15:58,821: topic[/detection_info] adding connection to [/monitor], count 0
[rospy.internal][INFO] 2020-02-04 01:17:00,918: topic[/detection_info] removing connection to /monitor
[rospy.core][INFO] 2020-02-04 01:17:02,783: signal_shutdown [signal-2]
[rospy.internal][INFO] 2020-02-04 01:17:02,789: topic[/rosout] removing connection to /rosout
[rospy.internal][INFO] 2020-02-04 01:17:02,789: topic[/usb_cam/image_rect_color] removing connection to http://itachi-HP-Pavilion-Laptop-15-cc1xx:46333/
[rospy.impl.masterslave][INFO] 2020-02-04 01:17:02,789: signal-2
[rospy.core][INFO] 2020-02-04 01:17:03,405: signal_shutdown [atexit]
