[rospy.client][INFO] 2020-02-04 22:57:27,230: init_node, name[/sr_determine_colors_5256_1580837247192], pid[5256]
[xmlrpc][INFO] 2020-02-04 22:57:27,230: XML-RPC server binding to 0.0.0.0:0
[xmlrpc][INFO] 2020-02-04 22:57:27,231: Started XML-RPC server [http://itachi-HP-Pavilion-Laptop-15-cc1xx:41363/]
[rospy.init][INFO] 2020-02-04 22:57:27,231: ROS Slave URI: [http://itachi-HP-Pavilion-Laptop-15-cc1xx:41363/]
[rospy.impl.masterslave][INFO] 2020-02-04 22:57:27,231: _ready: http://itachi-HP-Pavilion-Laptop-15-cc1xx:41363/
[rospy.registration][INFO] 2020-02-04 22:57:27,232: Registering with master node http://localhost:11311
[xmlrpc][INFO] 2020-02-04 22:57:27,232: xml rpc node: starting XML-RPC server
[rospy.init][INFO] 2020-02-04 22:57:27,331: registered with master
[rospy.rosout][INFO] 2020-02-04 22:57:27,331: initializing /rosout core topic
[rospy.rosout][INFO] 2020-02-04 22:57:27,334: connected to core topic /rosout
[rospy.simtime][INFO] 2020-02-04 22:57:27,338: /use_sim_time is not set, will not subscribe to simulated time [/clock] topic
[rospy.internal][INFO] 2020-02-04 22:57:27,395: topic[/detection_info] adding connection to [/rostopic_4713_1580836848115], count 0
[rospy.internal][INFO] 2020-02-04 22:57:27,397: topic[/usb_cam/image_rect_color] adding connection to [http://itachi-HP-Pavilion-Laptop-15-cc1xx:36577/], count 0
[rospy.internal][INFO] 2020-02-04 22:57:27,541: topic[/rosout] adding connection to [/rosout], count 0
[rospy.core][INFO] 2020-02-04 22:57:28,811: signal_shutdown [signal-2]
[rospy.internal][INFO] 2020-02-04 22:57:28,814: topic[/detection_info] removing connection to /rostopic_4713_1580836848115
[rospy.internal][INFO] 2020-02-04 22:57:28,815: topic[/rosout] removing connection to /rosout
[rospy.internal][INFO] 2020-02-04 22:57:28,815: topic[/usb_cam/image_rect_color] removing connection to http://itachi-HP-Pavilion-Laptop-15-cc1xx:36577/
[rospy.impl.masterslave][INFO] 2020-02-04 22:57:28,815: signal-2
[rospy.core][INFO] 2020-02-04 22:57:29,431: signal_shutdown [atexit]
