[rospy.client][INFO] 2020-01-31 20:12:41,863: init_node, name[/sr_determine_rois_15063_1580481761829], pid[15063]
[xmlrpc][INFO] 2020-01-31 20:12:41,864: XML-RPC server binding to 0.0.0.0:0
[xmlrpc][INFO] 2020-01-31 20:12:41,865: Started XML-RPC server [http://itachi-HP-Pavilion-Laptop-15-cc1xx:46879/]
[rospy.init][INFO] 2020-01-31 20:12:41,865: ROS Slave URI: [http://itachi-HP-Pavilion-Laptop-15-cc1xx:46879/]
[rospy.impl.masterslave][INFO] 2020-01-31 20:12:41,865: _ready: http://itachi-HP-Pavilion-Laptop-15-cc1xx:46879/
[rospy.registration][INFO] 2020-01-31 20:12:41,866: Registering with master node http://localhost:11311
[xmlrpc][INFO] 2020-01-31 20:12:41,866: xml rpc node: starting XML-RPC server
[rospy.registration][INFO] 2020-01-31 20:12:41,867: registering subscriber topic [/usb_cam/image_rect] type [sensor_msgs/Image] with master
[rospy.internal][INFO] 2020-01-31 20:12:41,869: topic[/usb_cam/image_rect] adding connection to [http://itachi-HP-Pavilion-Laptop-15-cc1xx:33483/], count 0
[rospy.init][INFO] 2020-01-31 20:12:41,966: registered with master
[rospy.rosout][INFO] 2020-01-31 20:12:41,966: initializing /rosout core topic
[rospy.rosout][INFO] 2020-01-31 20:12:41,969: connected to core topic /rosout
[rospy.simtime][INFO] 2020-01-31 20:12:41,971: /use_sim_time is not set, will not subscribe to simulated time [/clock] topic
[rospy.internal][INFO] 2020-01-31 20:12:42,253: topic[/rosout] adding connection to [/rosout], count 0
[rospy.core][INFO] 2020-01-31 20:12:50,059: signal_shutdown [signal-2]
[rospy.internal][INFO] 2020-01-31 20:12:50,061: topic[/rosout] removing connection to /rosout
[rospy.internal][INFO] 2020-01-31 20:12:50,062: topic[/usb_cam/image_rect] removing connection to http://itachi-HP-Pavilion-Laptop-15-cc1xx:33483/
[rospy.internal][WARNING] 2020-01-31 20:12:50,062: Unknown error initiating TCP/IP socket to itachi-HP-Pavilion-Laptop-15-cc1xx:48407 (http://itachi-HP-Pavilion-Laptop-15-cc1xx:33483/): Traceback (most recent call last):
  File "/opt/ros/kinetic/lib/python2.7/dist-packages/rospy/impl/tcpros_base.py", line 557, in connect
    self.read_header()
  File "/opt/ros/kinetic/lib/python2.7/dist-packages/rospy/impl/tcpros_base.py", line 650, in read_header
    self._validate_header(read_ros_handshake_header(sock, self.read_buff, self.protocol.buff_size))
AttributeError: 'NoneType' object has no attribute 'buff_size'

[rospy.topics][ERROR] 2020-01-31 20:12:50,063: Traceback (most recent call last):
  File "/opt/ros/kinetic/lib/python2.7/dist-packages/rospy/topics.py", line 326, in close
    c.close()
  File "/opt/ros/kinetic/lib/python2.7/dist-packages/rospy/impl/tcpros_base.py", line 838, in close
    self.socket.close()
AttributeError: 'NoneType' object has no attribute 'close'

[rospy.impl.masterslave][INFO] 2020-01-31 20:12:50,063: signal-2
[rospy.core][INFO] 2020-01-31 20:12:50,195: signal_shutdown [atexit]
