[rospy.client][INFO] 2020-02-01 00:11:42,779: init_node, name[/sr_determine_colors_10894_1580496102743], pid[10894]
[xmlrpc][INFO] 2020-02-01 00:11:42,780: XML-RPC server binding to 0.0.0.0:0
[xmlrpc][INFO] 2020-02-01 00:11:42,780: Started XML-RPC server [http://itachi-HP-Pavilion-Laptop-15-cc1xx:34961/]
[rospy.init][INFO] 2020-02-01 00:11:42,780: ROS Slave URI: [http://itachi-HP-Pavilion-Laptop-15-cc1xx:34961/]
[rospy.impl.masterslave][INFO] 2020-02-01 00:11:42,780: _ready: http://itachi-HP-Pavilion-Laptop-15-cc1xx:34961/
[rospy.registration][INFO] 2020-02-01 00:11:42,781: Registering with master node http://localhost:11311
[xmlrpc][INFO] 2020-02-01 00:11:42,781: xml rpc node: starting XML-RPC server
[rospy.init][INFO] 2020-02-01 00:11:42,881: registered with master
[rospy.rosout][INFO] 2020-02-01 00:11:42,881: initializing /rosout core topic
[rospy.rosout][INFO] 2020-02-01 00:11:42,883: connected to core topic /rosout
[rospy.simtime][INFO] 2020-02-01 00:11:42,884: /use_sim_time is not set, will not subscribe to simulated time [/clock] topic
[rospy.internal][INFO] 2020-02-01 00:11:42,898: topic[/usb_cam/image_rect_color] adding connection to [http://itachi-HP-Pavilion-Laptop-15-cc1xx:45505/], count 0
[rospy.internal][INFO] 2020-02-01 00:11:43,142: topic[/rosout] adding connection to [/rosout], count 0
[rosout][WARNING] 2020-02-01 00:11:47,749: Could not process inbound connection: topic types do not match: [survey_and_rescue/SRInfo] vs. [std_msgs/String]{'message_definition': 'string location\nstring info', 'callerid': '/monitor', 'tcp_nodelay': '0', 'md5sum': '086e73c5fbed997f9c9e944f67f1b4d9', 'topic': '/detection_info', 'type': 'survey_and_rescue/SRInfo'}
[rosout][WARNING] 2020-02-01 00:11:48,753: Could not process inbound connection: topic types do not match: [survey_and_rescue/SRInfo] vs. [std_msgs/String]{'message_definition': 'string location\nstring info', 'callerid': '/monitor', 'tcp_nodelay': '0', 'md5sum': '086e73c5fbed997f9c9e944f67f1b4d9', 'topic': '/detection_info', 'type': 'survey_and_rescue/SRInfo'}
[rosout][WARNING] 2020-02-01 00:11:49,756: Could not process inbound connection: topic types do not match: [survey_and_rescue/SRInfo] vs. [std_msgs/String]{'message_definition': 'string location\nstring info', 'callerid': '/monitor', 'tcp_nodelay': '0', 'md5sum': '086e73c5fbed997f9c9e944f67f1b4d9', 'topic': '/detection_info', 'type': 'survey_and_rescue/SRInfo'}
[rosout][WARNING] 2020-02-01 00:11:51,759: Could not process inbound connection: topic types do not match: [survey_and_rescue/SRInfo] vs. [std_msgs/String]{'message_definition': 'string location\nstring info', 'callerid': '/monitor', 'tcp_nodelay': '0', 'md5sum': '086e73c5fbed997f9c9e944f67f1b4d9', 'topic': '/detection_info', 'type': 'survey_and_rescue/SRInfo'}
[rosout][WARNING] 2020-02-01 00:11:55,764: Could not process inbound connection: topic types do not match: [survey_and_rescue/SRInfo] vs. [std_msgs/String]{'message_definition': 'string location\nstring info', 'callerid': '/monitor', 'tcp_nodelay': '0', 'md5sum': '086e73c5fbed997f9c9e944f67f1b4d9', 'topic': '/detection_info', 'type': 'survey_and_rescue/SRInfo'}
[rosout][WARNING] 2020-02-01 00:12:03,772: Could not process inbound connection: topic types do not match: [survey_and_rescue/SRInfo] vs. [std_msgs/String]{'message_definition': 'string location\nstring info', 'callerid': '/monitor', 'tcp_nodelay': '0', 'md5sum': '086e73c5fbed997f9c9e944f67f1b4d9', 'topic': '/detection_info', 'type': 'survey_and_rescue/SRInfo'}
[rosout][WARNING] 2020-02-01 00:12:19,788: Could not process inbound connection: topic types do not match: [survey_and_rescue/SRInfo] vs. [std_msgs/String]{'message_definition': 'string location\nstring info', 'callerid': '/monitor', 'tcp_nodelay': '0', 'md5sum': '086e73c5fbed997f9c9e944f67f1b4d9', 'topic': '/detection_info', 'type': 'survey_and_rescue/SRInfo'}
[rospy.core][INFO] 2020-02-01 00:12:24,822: signal_shutdown [signal-2]
[rospy.internal][INFO] 2020-02-01 00:12:24,826: topic[/rosout] removing connection to /rosout
[rospy.internal][INFO] 2020-02-01 00:12:24,827: topic[/usb_cam/image_rect_color] removing connection to http://itachi-HP-Pavilion-Laptop-15-cc1xx:45505/
[rospy.impl.masterslave][INFO] 2020-02-01 00:12:24,827: signal-2
[rospy.core][INFO] 2020-02-01 00:12:25,469: signal_shutdown [atexit]
