[rospy.client][INFO] 2020-02-03 22:35:26,746: init_node, name[/sr_determine_colors_4007_1580749526709], pid[4007]
[xmlrpc][INFO] 2020-02-03 22:35:26,747: XML-RPC server binding to 0.0.0.0:0
[xmlrpc][INFO] 2020-02-03 22:35:26,747: Started XML-RPC server [http://itachi-HP-Pavilion-Laptop-15-cc1xx:34049/]
[rospy.impl.masterslave][INFO] 2020-02-03 22:35:26,747: _ready: http://itachi-HP-Pavilion-Laptop-15-cc1xx:34049/
[rospy.registration][INFO] 2020-02-03 22:35:26,749: Registering with master node http://localhost:11311
[xmlrpc][INFO] 2020-02-03 22:35:26,749: xml rpc node: starting XML-RPC server
[rospy.init][INFO] 2020-02-03 22:35:26,750: ROS Slave URI: [http://itachi-HP-Pavilion-Laptop-15-cc1xx:34049/]
[rospy.init][INFO] 2020-02-03 22:35:26,750: registered with master
[rospy.rosout][INFO] 2020-02-03 22:35:26,750: initializing /rosout core topic
[rospy.rosout][INFO] 2020-02-03 22:35:26,752: connected to core topic /rosout
[rospy.simtime][INFO] 2020-02-03 22:35:26,754: /use_sim_time is not set, will not subscribe to simulated time [/clock] topic
[rospy.internal][INFO] 2020-02-03 22:35:26,767: topic[/usb_cam/image_rect_color] adding connection to [http://itachi-HP-Pavilion-Laptop-15-cc1xx:35927/], count 0
[rospy.internal][INFO] 2020-02-03 22:35:26,989: topic[/rosout] adding connection to [/rosout], count 0
[rospy.internal][INFO] 2020-02-03 22:35:35,943: topic[/detection_info] adding connection to [/rostopic_4142_1580749535729], count 0
[rospy.internal][INFO] 2020-02-03 22:36:51,511: topic[/detection_info] removing connection to /rostopic_4142_1580749535729
[rospy.internal][INFO] 2020-02-03 22:36:52,313: topic[/detection_info] adding connection to [/rostopic_4168_1580749612151], count 0
[rosout][WARNING] 2020-02-03 22:40:42,070: Inbound TCP/IP connection failed: connection from sender terminated before handshake header received. 0 bytes were received. Please check sender for additional details.
[rospy.internal][ERROR] 2020-02-03 22:40:42,080: Inbound TCP/IP connection failed:
Traceback (most recent call last):
  File "/opt/ros/kinetic/lib/python2.7/dist-packages/rospy/impl/tcpros_base.py", line 321, in _tcp_server_callback
    header = read_ros_handshake_header(sock, StringIO(), buff_size)
  File "/opt/ros/kinetic/lib/python2.7/dist-packages/rosgraph/network.py", line 364, in read_ros_handshake_header
    raise ROSHandshakeException("connection from sender terminated before handshake header received. %s bytes were received. Please check sender for additional details."%b.tell())
ROSHandshakeException: connection from sender terminated before handshake header received. 0 bytes were received. Please check sender for additional details.

[rospy.internal][INFO] 2020-02-03 22:40:42,362: topic[/detection_info] removing connection to /rostopic_4168_1580749612151
[rospy.internal][WARNING] 2020-02-03 22:48:24,256: Unknown error initiating TCP/IP socket to itachi-HP-Pavilion-Laptop-15-cc1xx:40647 (http://itachi-HP-Pavilion-Laptop-15-cc1xx:35927/): Traceback (most recent call last):
  File "/opt/ros/kinetic/lib/python2.7/dist-packages/rospy/impl/tcpros_base.py", line 557, in connect
    self.read_header()
  File "/opt/ros/kinetic/lib/python2.7/dist-packages/rospy/impl/tcpros_base.py", line 650, in read_header
    self._validate_header(read_ros_handshake_header(sock, self.read_buff, self.protocol.buff_size))
  File "/opt/ros/kinetic/lib/python2.7/dist-packages/rosgraph/network.py", line 362, in read_ros_handshake_header
    d = sock.recv(buff_size)
error: [Errno 104] Connection reset by peer

[rospy.internal][INFO] 2020-02-03 22:48:24,256: topic[/usb_cam/image_rect_color] removing connection to http://itachi-HP-Pavilion-Laptop-15-cc1xx:35927/
[rospy.internal][INFO] 2020-02-03 22:48:25,001: topic[/rosout] removing connection to /rosout
[rospy.core][INFO] 2020-02-03 22:48:34,128: signal_shutdown [signal-2]
[rospy.impl.masterslave][INFO] 2020-02-03 22:48:34,131: signal-2
[rospy.core][INFO] 2020-02-03 22:48:34,295: signal_shutdown [atexit]
