[rospy.client][INFO] 2020-01-31 23:45:24,895: init_node, name[/sr_determine_colors_8248_1580494524858], pid[8248]
[xmlrpc][INFO] 2020-01-31 23:45:24,896: XML-RPC server binding to 0.0.0.0:0
[xmlrpc][INFO] 2020-01-31 23:45:24,896: Started XML-RPC server [http://itachi-HP-Pavilion-Laptop-15-cc1xx:43465/]
[rospy.init][INFO] 2020-01-31 23:45:24,897: ROS Slave URI: [http://itachi-HP-Pavilion-Laptop-15-cc1xx:43465/]
[rospy.impl.masterslave][INFO] 2020-01-31 23:45:24,897: _ready: http://itachi-HP-Pavilion-Laptop-15-cc1xx:43465/
[xmlrpc][INFO] 2020-01-31 23:45:24,898: xml rpc node: starting XML-RPC server
[rospy.registration][INFO] 2020-01-31 23:45:24,898: Registering with master node http://localhost:11311
[rospy.init][INFO] 2020-01-31 23:45:24,997: registered with master
[rospy.rosout][INFO] 2020-01-31 23:45:24,998: initializing /rosout core topic
[rospy.rosout][INFO] 2020-01-31 23:45:25,001: connected to core topic /rosout
[rospy.simtime][INFO] 2020-01-31 23:45:25,002: /use_sim_time is not set, will not subscribe to simulated time [/clock] topic
[rospy.internal][INFO] 2020-01-31 23:45:25,013: topic[/usb_cam/image_rect_color] adding connection to [http://itachi-HP-Pavilion-Laptop-15-cc1xx:45505/], count 0
[rospy.internal][INFO] 2020-01-31 23:45:25,234: topic[/rosout] adding connection to [/rosout], count 0
[rospy.internal][INFO] 2020-01-31 23:45:33,773: topic[/detection_info] adding connection to [/rostopic_8284_1580494533499], count 0
[rospy.core][INFO] 2020-01-31 23:46:34,258: signal_shutdown [signal-2]
[rospy.internal][INFO] 2020-01-31 23:46:34,264: topic[/detection_info] removing connection to /rostopic_8284_1580494533499
[rospy.internal][INFO] 2020-01-31 23:46:34,268: topic[/rosout] removing connection to /rosout
[rospy.internal][INFO] 2020-01-31 23:46:34,269: topic[/usb_cam/image_rect_color] removing connection to http://itachi-HP-Pavilion-Laptop-15-cc1xx:45505/
[rospy.impl.masterslave][INFO] 2020-01-31 23:46:34,270: signal-2
[rospy.core][INFO] 2020-01-31 23:46:34,370: signal_shutdown [atexit]
