[rospy.client][INFO] 2019-11-24 20:46:18,055: init_node, name[/edrone/joint_state_publisher], pid[5370]
[xmlrpc][INFO] 2019-11-24 20:46:18,055: XML-RPC server binding to 0.0.0.0:0
[xmlrpc][INFO] 2019-11-24 20:46:18,055: Started XML-RPC server [http://itachi-HP-Pavilion-Laptop-15-cc1xx:43479/]
[rospy.init][INFO] 2019-11-24 20:46:18,055: ROS Slave URI: [http://itachi-HP-Pavilion-Laptop-15-cc1xx:43479/]
[rospy.impl.masterslave][INFO] 2019-11-24 20:46:18,056: _ready: http://itachi-HP-Pavilion-Laptop-15-cc1xx:43479/
[rospy.registration][INFO] 2019-11-24 20:46:18,057: Registering with master node http://localhost:11311
[xmlrpc][INFO] 2019-11-24 20:46:18,057: xml rpc node: starting XML-RPC server
[rospy.init][INFO] 2019-11-24 20:46:18,156: registered with master
[rospy.rosout][INFO] 2019-11-24 20:46:18,156: initializing /rosout core topic
[rospy.rosout][INFO] 2019-11-24 20:46:18,159: connected to core topic /rosout
[rospy.simtime][INFO] 2019-11-24 20:46:18,161: initializing /clock core topic
[rospy.simtime][INFO] 2019-11-24 20:46:18,163: connected to core topic /clock
[rospy.internal][INFO] 2019-11-24 20:46:18,404: topic[/rosout] adding connection to [/rosout], count 0
[rospy.internal][INFO] 2019-11-24 20:46:18,414: topic[/edrone/joint_states] adding connection to [/edrone/robot_state_publisher], count 0
[rospy.internal][INFO] 2019-11-24 20:46:18,547: topic[/clock] adding connection to [http://itachi-HP-Pavilion-Laptop-15-cc1xx:34651/], count 0
[rospy.core][INFO] 2019-11-24 20:51:57,865: signal_shutdown [signal-2]
[rospy.internal][INFO] 2019-11-24 20:51:57,875: topic[/edrone/joint_states] removing connection to /edrone/robot_state_publisher
[rospy.internal][INFO] 2019-11-24 20:51:57,875: topic[/rosout] removing connection to /rosout
[rospy.internal][INFO] 2019-11-24 20:51:57,875: topic[/clock] removing connection to http://itachi-HP-Pavilion-Laptop-15-cc1xx:34651/
[rospy.impl.masterslave][INFO] 2019-11-24 20:51:57,876: signal-2
[rospy.core][INFO] 2019-11-24 20:51:57,980: signal_shutdown [atexit]
