[rosmaster.main][INFO] 2020-02-28 20:20:11,162: initialization complete, waiting for shutdown
[rosmaster.main][INFO] 2020-02-28 20:20:11,162: Starting ROS Master Node
[xmlrpc][INFO] 2020-02-28 20:20:11,163: XML-RPC server binding to 0.0.0.0:11311
[xmlrpc][INFO] 2020-02-28 20:20:11,163: Started XML-RPC server [http://itachi-HP-Pavilion-Laptop-15-cc1xx:11311/]
[rosmaster.master][INFO] 2020-02-28 20:20:11,164: Master initialized: port[11311], uri[http://itachi-HP-Pavilion-Laptop-15-cc1xx:11311/]
[xmlrpc][INFO] 2020-02-28 20:20:11,164: xml rpc node: starting XML-RPC server
[rosmaster.master][INFO] 2020-02-28 20:20:11,218: +PARAM [/run_id] by /roslaunch
[rosmaster.master][INFO] 2020-02-28 20:20:11,219: +PARAM [/roslaunch/uris/host_itachi_hp_pavilion_laptop_15_cc1xx__36339] by /roslaunch
[rosmaster.master][INFO] 2020-02-28 20:20:11,311: +PARAM [/usb_cam/image_width] by /roslaunch
[rosmaster.master][INFO] 2020-02-28 20:20:11,311: +PARAM [/usb_cam/video_device] by /roslaunch
[rosmaster.master][INFO] 2020-02-28 20:20:11,311: +PARAM [/rosdistro] by /roslaunch
[rosmaster.master][INFO] 2020-02-28 20:20:11,311: +PARAM [/serial_node/baud] by /roslaunch
[rosmaster.master][INFO] 2020-02-28 20:20:11,311: +PARAM [/whycon/targets] by /roslaunch
[rosmaster.master][INFO] 2020-02-28 20:20:11,311: +PARAM [/usb_cam/pixel_format] by /roslaunch
[rosmaster.master][INFO] 2020-02-28 20:20:11,312: +PARAM [/usb_cam/io_method] by /roslaunch
[rosmaster.master][INFO] 2020-02-28 20:20:11,312: +PARAM [/usb_cam/camera_frame_id] by /roslaunch
[rosmaster.master][INFO] 2020-02-28 20:20:11,312: +PARAM [/whycon/name] by /roslaunch
[rosmaster.master][INFO] 2020-02-28 20:20:11,312: +PARAM [/rosversion] by /roslaunch
[rosmaster.master][INFO] 2020-02-28 20:20:11,312: +PARAM [/whycon/outer_diameter] by /roslaunch
[rosmaster.master][INFO] 2020-02-28 20:20:11,312: +PARAM [/usb_cam/image_height] by /roslaunch
[rosmaster.master][INFO] 2020-02-28 20:20:11,312: +PARAM [/serial_node/port] by /roslaunch
[rosmaster.master][INFO] 2020-02-28 20:20:11,312: +PARAM [/whycon/inner_diameter] by /roslaunch
[rosmaster.master][INFO] 2020-02-28 20:20:11,314: +SERVICE [/rosout/get_loggers] /rosout http://itachi-HP-Pavilion-Laptop-15-cc1xx:43531/
[rosmaster.master][INFO] 2020-02-28 20:20:11,314: +SERVICE [/rosout/set_logger_level] /rosout http://itachi-HP-Pavilion-Laptop-15-cc1xx:43531/
[rosmaster.master][INFO] 2020-02-28 20:20:11,315: +PUB [/rosout_agg] /rosout http://itachi-HP-Pavilion-Laptop-15-cc1xx:43531/
[rosmaster.master][INFO] 2020-02-28 20:20:11,319: +SUB [/rosout] /rosout http://itachi-HP-Pavilion-Laptop-15-cc1xx:43531/
[rosmaster.master][INFO] 2020-02-28 20:20:11,348: +PUB [/rosout] /usb_cam http://itachi-HP-Pavilion-Laptop-15-cc1xx:42749/
[rosmaster.master][INFO] 2020-02-28 20:20:11,349: +SERVICE [/usb_cam/get_loggers] /usb_cam http://itachi-HP-Pavilion-Laptop-15-cc1xx:42749/
[rosmaster.master][INFO] 2020-02-28 20:20:11,350: +SERVICE [/usb_cam/set_logger_level] /usb_cam http://itachi-HP-Pavilion-Laptop-15-cc1xx:42749/
[rosmaster.master][INFO] 2020-02-28 20:20:11,360: +PUB [/rosout] /usb_cam/image_proc http://itachi-HP-Pavilion-Laptop-15-cc1xx:35047/
[rosmaster.master][INFO] 2020-02-28 20:20:11,361: +SERVICE [/usb_cam/image_proc/get_loggers] /usb_cam/image_proc http://itachi-HP-Pavilion-Laptop-15-cc1xx:35047/
[rosmaster.master][INFO] 2020-02-28 20:20:11,361: +SERVICE [/usb_cam/image_proc/set_logger_level] /usb_cam/image_proc http://itachi-HP-Pavilion-Laptop-15-cc1xx:35047/
[rosmaster.master][INFO] 2020-02-28 20:20:11,363: publisherUpdate[/rosout] -> http://itachi-HP-Pavilion-Laptop-15-cc1xx:43531/ ['http://itachi-HP-Pavilion-Laptop-15-cc1xx:42749/']
[rosmaster.master][INFO] 2020-02-28 20:20:11,365: publisherUpdate[/rosout] -> http://itachi-HP-Pavilion-Laptop-15-cc1xx:43531/ ['http://itachi-HP-Pavilion-Laptop-15-cc1xx:42749/']: sec=0.00, result=[1, '', 0]
[rosmaster.master][INFO] 2020-02-28 20:20:11,365: publisherUpdate[/rosout] -> http://itachi-HP-Pavilion-Laptop-15-cc1xx:43531/ ['http://itachi-HP-Pavilion-Laptop-15-cc1xx:42749/', 'http://itachi-HP-Pavilion-Laptop-15-cc1xx:35047/']
[rosmaster.master][INFO] 2020-02-28 20:20:11,367: publisherUpdate[/rosout] -> http://itachi-HP-Pavilion-Laptop-15-cc1xx:43531/ ['http://itachi-HP-Pavilion-Laptop-15-cc1xx:42749/', 'http://itachi-HP-Pavilion-Laptop-15-cc1xx:35047/']: sec=0.00, result=[1, '', 0]
[rosmaster.master][INFO] 2020-02-28 20:20:11,378: +PUB [/rosout] /whycon http://itachi-HP-Pavilion-Laptop-15-cc1xx:40551/
[rosmaster.master][INFO] 2020-02-28 20:20:11,379: +SERVICE [/whycon/get_loggers] /whycon http://itachi-HP-Pavilion-Laptop-15-cc1xx:40551/
[rosmaster.master][INFO] 2020-02-28 20:20:11,379: +SERVICE [/whycon/set_logger_level] /whycon http://itachi-HP-Pavilion-Laptop-15-cc1xx:40551/
[rosmaster.master][INFO] 2020-02-28 20:20:11,390: +PUB [/rosout] /whycon_display/image_view http://itachi-HP-Pavilion-Laptop-15-cc1xx:46429/
[rosmaster.master][INFO] 2020-02-28 20:20:11,391: +SERVICE [/whycon_display/image_view/get_loggers] /whycon_display/image_view http://itachi-HP-Pavilion-Laptop-15-cc1xx:46429/
[rosmaster.master][INFO] 2020-02-28 20:20:11,392: +SERVICE [/whycon_display/image_view/set_logger_level] /whycon_display/image_view http://itachi-HP-Pavilion-Laptop-15-cc1xx:46429/
[rosmaster.master][INFO] 2020-02-28 20:20:11,415: +SERVICE [/usb_cam/image_proc_debayer/set_parameters] /usb_cam/image_proc http://itachi-HP-Pavilion-Laptop-15-cc1xx:35047/
[rosmaster.master][INFO] 2020-02-28 20:20:11,416: +PUB [/usb_cam/image_proc_debayer/parameter_descriptions] /usb_cam/image_proc http://itachi-HP-Pavilion-Laptop-15-cc1xx:35047/
[rosmaster.master][INFO] 2020-02-28 20:20:11,417: +PUB [/usb_cam/image_proc_debayer/parameter_updates] /usb_cam/image_proc http://itachi-HP-Pavilion-Laptop-15-cc1xx:35047/
[rosmaster.master][INFO] 2020-02-28 20:20:11,418: +PARAM [/usb_cam/image_proc_debayer/debayer] by /usb_cam/image_proc
[rosmaster.master][INFO] 2020-02-28 20:20:11,420: +PARAM [/usb_cam/image_proc_debayer/debayer] by /usb_cam/image_proc
[rosmaster.master][INFO] 2020-02-28 20:20:11,420: +PUB [/usb_cam/image_raw/compressedDepth] /usb_cam http://itachi-HP-Pavilion-Laptop-15-cc1xx:42749/
[rosmaster.master][INFO] 2020-02-28 20:20:11,422: +SERVICE [/usb_cam/image_raw/compressedDepth/set_parameters] /usb_cam http://itachi-HP-Pavilion-Laptop-15-cc1xx:42749/
[rosmaster.master][INFO] 2020-02-28 20:20:11,423: +PUB [/usb_cam/image_mono/compressedDepth] /usb_cam/image_proc http://itachi-HP-Pavilion-Laptop-15-cc1xx:35047/
[rosmaster.master][INFO] 2020-02-28 20:20:11,424: +PUB [/usb_cam/image_raw/compressedDepth/parameter_descriptions] /usb_cam http://itachi-HP-Pavilion-Laptop-15-cc1xx:42749/
[rosmaster.master][INFO] 2020-02-28 20:20:11,424: +SERVICE [/usb_cam/image_mono/compressedDepth/set_parameters] /usb_cam/image_proc http://itachi-HP-Pavilion-Laptop-15-cc1xx:35047/
[rosmaster.master][INFO] 2020-02-28 20:20:11,425: +PUB [/usb_cam/image_raw/compressedDepth/parameter_updates] /usb_cam http://itachi-HP-Pavilion-Laptop-15-cc1xx:42749/
[rosmaster.master][INFO] 2020-02-28 20:20:11,426: +PUB [/usb_cam/image_mono/compressedDepth/parameter_descriptions] /usb_cam/image_proc http://itachi-HP-Pavilion-Laptop-15-cc1xx:35047/
[rosmaster.master][INFO] 2020-02-28 20:20:11,427: +PUB [/usb_cam/image_mono/compressedDepth/parameter_updates] /usb_cam/image_proc http://itachi-HP-Pavilion-Laptop-15-cc1xx:35047/
[rosmaster.master][INFO] 2020-02-28 20:20:11,430: +PARAM [/usb_cam/image_raw/compressedDepth/depth_max] by /usb_cam
[rosmaster.master][INFO] 2020-02-28 20:20:11,432: +PARAM [/usb_cam/image_raw/compressedDepth/depth_quantization] by /usb_cam
[rosmaster.master][INFO] 2020-02-28 20:20:11,433: +PARAM [/usb_cam/image_mono/compressedDepth/depth_max] by /usb_cam/image_proc
[rosmaster.master][INFO] 2020-02-28 20:20:11,433: +PUB [/tf] /whycon http://itachi-HP-Pavilion-Laptop-15-cc1xx:40551/
[rosmaster.master][INFO] 2020-02-28 20:20:11,434: +PARAM [/usb_cam/image_raw/compressedDepth/png_level] by /usb_cam
[rosmaster.master][INFO] 2020-02-28 20:20:11,435: +PARAM [/usb_cam/image_mono/compressedDepth/depth_quantization] by /usb_cam/image_proc
[rosmaster.master][INFO] 2020-02-28 20:20:11,436: +PARAM [/usb_cam/image_raw/compressedDepth/depth_max] by /usb_cam
[rosmaster.master][INFO] 2020-02-28 20:20:11,436: +PARAM [/usb_cam/image_mono/compressedDepth/png_level] by /usb_cam/image_proc
[rosmaster.master][INFO] 2020-02-28 20:20:11,438: +PARAM [/usb_cam/image_raw/compressedDepth/depth_quantization] by /usb_cam
[rosmaster.master][INFO] 2020-02-28 20:20:11,439: +PARAM [/usb_cam/image_mono/compressedDepth/depth_max] by /usb_cam/image_proc
[rosmaster.master][INFO] 2020-02-28 20:20:11,442: +PARAM [/usb_cam/image_raw/compressedDepth/png_level] by /usb_cam
[rosmaster.master][INFO] 2020-02-28 20:20:11,443: +PARAM [/usb_cam/image_mono/compressedDepth/depth_quantization] by /usb_cam/image_proc
[rosmaster.master][INFO] 2020-02-28 20:20:11,445: +PUB [/usb_cam/image_raw/compressed] /usb_cam http://itachi-HP-Pavilion-Laptop-15-cc1xx:42749/
[rosmaster.master][INFO] 2020-02-28 20:20:11,445: +PARAM [/usb_cam/image_mono/compressedDepth/png_level] by /usb_cam/image_proc
[rosmaster.master][INFO] 2020-02-28 20:20:11,447: +SERVICE [/usb_cam/image_raw/compressed/set_parameters] /usb_cam http://itachi-HP-Pavilion-Laptop-15-cc1xx:42749/
[rosmaster.master][INFO] 2020-02-28 20:20:11,448: +PUB [/usb_cam/image_raw/compressed/parameter_descriptions] /usb_cam http://itachi-HP-Pavilion-Laptop-15-cc1xx:42749/
[rosmaster.master][INFO] 2020-02-28 20:20:11,449: +PUB [/usb_cam/image_mono/compressed] /usb_cam/image_proc http://itachi-HP-Pavilion-Laptop-15-cc1xx:35047/
[rosmaster.master][INFO] 2020-02-28 20:20:11,450: +PUB [/usb_cam/image_raw/compressed/parameter_updates] /usb_cam http://itachi-HP-Pavilion-Laptop-15-cc1xx:42749/
[rosmaster.master][INFO] 2020-02-28 20:20:11,451: +SUB [/usb_cam/image_rect_color] /whycon http://itachi-HP-Pavilion-Laptop-15-cc1xx:40551/
[rosmaster.master][INFO] 2020-02-28 20:20:11,452: +SERVICE [/usb_cam/image_mono/compressed/set_parameters] /usb_cam/image_proc http://itachi-HP-Pavilion-Laptop-15-cc1xx:35047/
[rosmaster.master][INFO] 2020-02-28 20:20:11,454: +PUB [/usb_cam/image_mono/compressed/parameter_descriptions] /usb_cam/image_proc http://itachi-HP-Pavilion-Laptop-15-cc1xx:35047/
[rosmaster.master][INFO] 2020-02-28 20:20:11,458: +PUB [/usb_cam/image_mono/compressed/parameter_updates] /usb_cam/image_proc http://itachi-HP-Pavilion-Laptop-15-cc1xx:35047/
[rosmaster.master][INFO] 2020-02-28 20:20:11,462: +PARAM [/usb_cam/image_raw/compressed/format] by /usb_cam
[rosmaster.master][INFO] 2020-02-28 20:20:11,464: publisherUpdate[/rosout] -> http://itachi-HP-Pavilion-Laptop-15-cc1xx:43531/ ['http://itachi-HP-Pavilion-Laptop-15-cc1xx:42749/', 'http://itachi-HP-Pavilion-Laptop-15-cc1xx:35047/', 'http://itachi-HP-Pavilion-Laptop-15-cc1xx:40551/']
[rosmaster.master][INFO] 2020-02-28 20:20:11,465: publisherUpdate[/rosout] -> http://itachi-HP-Pavilion-Laptop-15-cc1xx:43531/ ['http://itachi-HP-Pavilion-Laptop-15-cc1xx:42749/', 'http://itachi-HP-Pavilion-Laptop-15-cc1xx:35047/', 'http://itachi-HP-Pavilion-Laptop-15-cc1xx:40551/']: sec=0.00, result=[1, '', 0]
[rosmaster.master][INFO] 2020-02-28 20:20:11,465: +PARAM [/usb_cam/image_raw/compressed/jpeg_quality] by /usb_cam
[rosmaster.master][INFO] 2020-02-28 20:20:11,466: publisherUpdate[/rosout] -> http://itachi-HP-Pavilion-Laptop-15-cc1xx:43531/ ['http://itachi-HP-Pavilion-Laptop-15-cc1xx:42749/', 'http://itachi-HP-Pavilion-Laptop-15-cc1xx:35047/', 'http://itachi-HP-Pavilion-Laptop-15-cc1xx:40551/', 'http://itachi-HP-Pavilion-Laptop-15-cc1xx:46429/']
[rosmaster.master][INFO] 2020-02-28 20:20:11,467: +SUB [/usb_cam/camera_info] /whycon http://itachi-HP-Pavilion-Laptop-15-cc1xx:40551/
[rosmaster.master][INFO] 2020-02-28 20:20:11,467: publisherUpdate[/rosout] -> http://itachi-HP-Pavilion-Laptop-15-cc1xx:43531/ ['http://itachi-HP-Pavilion-Laptop-15-cc1xx:42749/', 'http://itachi-HP-Pavilion-Laptop-15-cc1xx:35047/', 'http://itachi-HP-Pavilion-Laptop-15-cc1xx:40551/', 'http://itachi-HP-Pavilion-Laptop-15-cc1xx:46429/']: sec=0.00, result=[1, '', 0]
[rosmaster.master][INFO] 2020-02-28 20:20:11,468: +PARAM [/usb_cam/image_mono/compressed/format] by /usb_cam/image_proc
[rosmaster.master][INFO] 2020-02-28 20:20:11,469: +PARAM [/usb_cam/image_raw/compressed/png_level] by /usb_cam
[rosmaster.master][INFO] 2020-02-28 20:20:11,470: +PUB [/whycon/image_out] /whycon http://itachi-HP-Pavilion-Laptop-15-cc1xx:40551/
[rosmaster.master][INFO] 2020-02-28 20:20:11,471: +PARAM [/usb_cam/image_mono/compressed/jpeg_quality] by /usb_cam/image_proc
[rosmaster.master][INFO] 2020-02-28 20:20:11,472: +PARAM [/usb_cam/image_raw/compressed/format] by /usb_cam
[rosmaster.master][INFO] 2020-02-28 20:20:11,475: +PUB [/whycon/poses] /whycon http://itachi-HP-Pavilion-Laptop-15-cc1xx:40551/
[rosmaster.master][INFO] 2020-02-28 20:20:11,476: +PARAM [/usb_cam/image_mono/compressed/png_level] by /usb_cam/image_proc
[rosmaster.master][INFO] 2020-02-28 20:20:11,476: +PARAM [/usb_cam/image_raw/compressed/jpeg_quality] by /usb_cam
[rosmaster.master][INFO] 2020-02-28 20:20:11,477: +PUB [/whycon/context] /whycon http://itachi-HP-Pavilion-Laptop-15-cc1xx:40551/
[rosmaster.master][INFO] 2020-02-28 20:20:11,478: +PARAM [/usb_cam/image_mono/compressed/format] by /usb_cam/image_proc
[rosmaster.master][INFO] 2020-02-28 20:20:11,479: +PARAM [/usb_cam/image_raw/compressed/png_level] by /usb_cam
[rosmaster.master][INFO] 2020-02-28 20:20:11,480: +PUB [/whycon/projection] /whycon http://itachi-HP-Pavilion-Laptop-15-cc1xx:40551/
[rosmaster.master][INFO] 2020-02-28 20:20:11,481: +PARAM [/usb_cam/image_mono/compressed/jpeg_quality] by /usb_cam/image_proc
[rosmaster.master][INFO] 2020-02-28 20:20:11,481: +SERVICE [/whycon/reset] /whycon http://itachi-HP-Pavilion-Laptop-15-cc1xx:40551/
[rosmaster.master][INFO] 2020-02-28 20:20:11,482: +PUB [/usb_cam/image_raw] /usb_cam http://itachi-HP-Pavilion-Laptop-15-cc1xx:42749/
[rosmaster.master][INFO] 2020-02-28 20:20:11,483: +PARAM [/usb_cam/image_mono/compressed/png_level] by /usb_cam/image_proc
[rosmaster.master][INFO] 2020-02-28 20:20:11,484: +PUB [/usb_cam/image_raw/theora] /usb_cam http://itachi-HP-Pavilion-Laptop-15-cc1xx:42749/
[rosmaster.master][INFO] 2020-02-28 20:20:11,485: +PUB [/usb_cam/image_mono] /usb_cam/image_proc http://itachi-HP-Pavilion-Laptop-15-cc1xx:35047/
[rosmaster.master][INFO] 2020-02-28 20:20:11,486: +SERVICE [/usb_cam/image_raw/theora/set_parameters] /usb_cam http://itachi-HP-Pavilion-Laptop-15-cc1xx:42749/
[rosmaster.master][INFO] 2020-02-28 20:20:11,487: +PUB [/usb_cam/image_raw/theora/parameter_descriptions] /usb_cam http://itachi-HP-Pavilion-Laptop-15-cc1xx:42749/
[rosmaster.master][INFO] 2020-02-28 20:20:11,488: +PUB [/usb_cam/image_mono/theora] /usb_cam/image_proc http://itachi-HP-Pavilion-Laptop-15-cc1xx:35047/
[rosmaster.master][INFO] 2020-02-28 20:20:11,489: +PUB [/usb_cam/image_raw/theora/parameter_updates] /usb_cam http://itachi-HP-Pavilion-Laptop-15-cc1xx:42749/
[rosmaster.master][INFO] 2020-02-28 20:20:11,490: +SERVICE [/usb_cam/image_mono/theora/set_parameters] /usb_cam/image_proc http://itachi-HP-Pavilion-Laptop-15-cc1xx:35047/
[rosmaster.master][INFO] 2020-02-28 20:20:11,492: +PUB [/usb_cam/image_mono/theora/parameter_descriptions] /usb_cam/image_proc http://itachi-HP-Pavilion-Laptop-15-cc1xx:35047/
[rosmaster.master][INFO] 2020-02-28 20:20:11,496: +PUB [/usb_cam/image_mono/theora/parameter_updates] /usb_cam/image_proc http://itachi-HP-Pavilion-Laptop-15-cc1xx:35047/
[rosmaster.master][INFO] 2020-02-28 20:20:11,498: +PARAM [/usb_cam/image_raw/theora/optimize_for] by /usb_cam
[rosmaster.master][INFO] 2020-02-28 20:20:11,500: +PARAM [/usb_cam/image_raw/theora/target_bitrate] by /usb_cam
[rosmaster.master][INFO] 2020-02-28 20:20:11,501: +PARAM [/usb_cam/image_raw/theora/quality] by /usb_cam
[rosmaster.master][INFO] 2020-02-28 20:20:11,503: +PARAM [/usb_cam/image_mono/theora/optimize_for] by /usb_cam/image_proc
[rosmaster.master][INFO] 2020-02-28 20:20:11,503: +PARAM [/usb_cam/image_raw/theora/keyframe_frequency] by /usb_cam
[rosmaster.master][INFO] 2020-02-28 20:20:11,504: +PARAM [/usb_cam/image_mono/theora/target_bitrate] by /usb_cam/image_proc
[rosmaster.master][INFO] 2020-02-28 20:20:11,505: +PARAM [/usb_cam/image_raw/theora/optimize_for] by /usb_cam
[rosmaster.master][INFO] 2020-02-28 20:20:11,506: +PARAM [/usb_cam/image_mono/theora/quality] by /usb_cam/image_proc
[rosmaster.master][INFO] 2020-02-28 20:20:11,506: +PARAM [/usb_cam/image_raw/theora/target_bitrate] by /usb_cam
[rosmaster.master][INFO] 2020-02-28 20:20:11,507: +PARAM [/usb_cam/image_mono/theora/keyframe_frequency] by /usb_cam/image_proc
[rosmaster.master][INFO] 2020-02-28 20:20:11,508: +PARAM [/usb_cam/image_raw/theora/quality] by /usb_cam
[rosmaster.master][INFO] 2020-02-28 20:20:11,509: +PARAM [/usb_cam/image_mono/theora/optimize_for] by /usb_cam/image_proc
[rosmaster.master][INFO] 2020-02-28 20:20:11,509: +PARAM [/usb_cam/image_raw/theora/keyframe_frequency] by /usb_cam
[rosmaster.master][INFO] 2020-02-28 20:20:11,510: +PARAM [/usb_cam/image_mono/theora/target_bitrate] by /usb_cam/image_proc
[rosmaster.master][INFO] 2020-02-28 20:20:11,511: +PUB [/usb_cam/camera_info] /usb_cam http://itachi-HP-Pavilion-Laptop-15-cc1xx:42749/
[rosmaster.master][INFO] 2020-02-28 20:20:11,511: +PARAM [/usb_cam/image_mono/theora/quality] by /usb_cam/image_proc
[rosmaster.master][INFO] 2020-02-28 20:20:11,513: +PARAM [/usb_cam/image_mono/theora/keyframe_frequency] by /usb_cam/image_proc
[rosmaster.master][INFO] 2020-02-28 20:20:11,515: +PUB [/usb_cam/image_color/compressedDepth] /usb_cam/image_proc http://itachi-HP-Pavilion-Laptop-15-cc1xx:35047/
[rosmaster.master][INFO] 2020-02-28 20:20:11,516: +SERVICE [/usb_cam/image_color/compressedDepth/set_parameters] /usb_cam/image_proc http://itachi-HP-Pavilion-Laptop-15-cc1xx:35047/
[rosmaster.master][INFO] 2020-02-28 20:20:11,517: +PUB [/usb_cam/image_color/compressedDepth/parameter_descriptions] /usb_cam/image_proc http://itachi-HP-Pavilion-Laptop-15-cc1xx:35047/
[rosmaster.master][INFO] 2020-02-28 20:20:11,519: +PUB [/usb_cam/image_color/compressedDepth/parameter_updates] /usb_cam/image_proc http://itachi-HP-Pavilion-Laptop-15-cc1xx:35047/
[rosmaster.master][INFO] 2020-02-28 20:20:11,523: +PARAM [/usb_cam/image_color/compressedDepth/depth_max] by /usb_cam/image_proc
[rosmaster.master][INFO] 2020-02-28 20:20:11,525: +PARAM [/usb_cam/image_color/compressedDepth/depth_quantization] by /usb_cam/image_proc
[rosmaster.master][INFO] 2020-02-28 20:20:11,526: +PARAM [/usb_cam/image_color/compressedDepth/png_level] by /usb_cam/image_proc
[rosmaster.master][INFO] 2020-02-28 20:20:11,527: +PARAM [/usb_cam/image_color/compressedDepth/depth_max] by /usb_cam/image_proc
[rosmaster.master][INFO] 2020-02-28 20:20:11,528: +PARAM [/usb_cam/image_color/compressedDepth/depth_quantization] by /usb_cam/image_proc
[rosmaster.master][INFO] 2020-02-28 20:20:11,530: +PARAM [/usb_cam/image_color/compressedDepth/png_level] by /usb_cam/image_proc
[rosmaster.master][INFO] 2020-02-28 20:20:11,531: +PUB [/usb_cam/image_color/compressed] /usb_cam/image_proc http://itachi-HP-Pavilion-Laptop-15-cc1xx:35047/
[rosmaster.master][INFO] 2020-02-28 20:20:11,533: +SERVICE [/usb_cam/image_color/compressed/set_parameters] /usb_cam/image_proc http://itachi-HP-Pavilion-Laptop-15-cc1xx:35047/
[rosmaster.master][INFO] 2020-02-28 20:20:11,539: +PUB [/usb_cam/image_color/compressed/parameter_descriptions] /usb_cam/image_proc http://itachi-HP-Pavilion-Laptop-15-cc1xx:35047/
[rosmaster.master][INFO] 2020-02-28 20:20:11,541: +PUB [/usb_cam/image_color/compressed/parameter_updates] /usb_cam/image_proc http://itachi-HP-Pavilion-Laptop-15-cc1xx:35047/
[rosmaster.master][INFO] 2020-02-28 20:20:11,550: +PARAM [/usb_cam/image_color/compressed/format] by /usb_cam/image_proc
[rosmaster.master][INFO] 2020-02-28 20:20:11,551: +SERVICE [/usb_cam/set_camera_info] /usb_cam http://itachi-HP-Pavilion-Laptop-15-cc1xx:42749/
[rosmaster.master][INFO] 2020-02-28 20:20:11,553: +PARAM [/usb_cam/image_color/compressed/jpeg_quality] by /usb_cam/image_proc
[rosmaster.master][INFO] 2020-02-28 20:20:11,553: +SERVICE [/usb_cam/start_capture] /usb_cam http://itachi-HP-Pavilion-Laptop-15-cc1xx:42749/
[rosmaster.master][INFO] 2020-02-28 20:20:11,555: +PARAM [/usb_cam/image_color/compressed/png_level] by /usb_cam/image_proc
[rosmaster.master][INFO] 2020-02-28 20:20:11,556: +SERVICE [/usb_cam/stop_capture] /usb_cam http://itachi-HP-Pavilion-Laptop-15-cc1xx:42749/
[rosmaster.master][INFO] 2020-02-28 20:20:11,558: +PARAM [/usb_cam/image_color/compressed/format] by /usb_cam/image_proc
[rosmaster.master][INFO] 2020-02-28 20:20:11,559: +PARAM [/usb_cam/image_color/compressed/jpeg_quality] by /usb_cam/image_proc
[rosmaster.master][INFO] 2020-02-28 20:20:11,559: +PARAM [/usb_cam/image_color/compressed/png_level] by /usb_cam/image_proc
[rosmaster.master][INFO] 2020-02-28 20:20:11,560: +PUB [/usb_cam/image_color] /usb_cam/image_proc http://itachi-HP-Pavilion-Laptop-15-cc1xx:35047/
[rosmaster.master][INFO] 2020-02-28 20:20:11,561: +PUB [/usb_cam/image_color/theora] /usb_cam/image_proc http://itachi-HP-Pavilion-Laptop-15-cc1xx:35047/
[rosmaster.master][INFO] 2020-02-28 20:20:11,562: +SERVICE [/usb_cam/image_color/theora/set_parameters] /usb_cam/image_proc http://itachi-HP-Pavilion-Laptop-15-cc1xx:35047/
[rosmaster.master][INFO] 2020-02-28 20:20:11,562: +PUB [/usb_cam/image_color/theora/parameter_descriptions] /usb_cam/image_proc http://itachi-HP-Pavilion-Laptop-15-cc1xx:35047/
[rosmaster.master][INFO] 2020-02-28 20:20:11,563: +PUB [/usb_cam/image_color/theora/parameter_updates] /usb_cam/image_proc http://itachi-HP-Pavilion-Laptop-15-cc1xx:35047/
[rosmaster.master][INFO] 2020-02-28 20:20:11,565: publisherUpdate[/usb_cam/camera_info] -> http://itachi-HP-Pavilion-Laptop-15-cc1xx:40551/ ['http://itachi-HP-Pavilion-Laptop-15-cc1xx:42749/']
[rosmaster.master][INFO] 2020-02-28 20:20:11,569: publisherUpdate[/usb_cam/camera_info] -> http://itachi-HP-Pavilion-Laptop-15-cc1xx:40551/ ['http://itachi-HP-Pavilion-Laptop-15-cc1xx:42749/']: sec=0.00, result=[1, '', 0]
[rosmaster.master][INFO] 2020-02-28 20:20:11,570: +PARAM [/usb_cam/image_color/theora/optimize_for] by /usb_cam/image_proc
[rosmaster.master][INFO] 2020-02-28 20:20:11,572: +PARAM [/usb_cam/image_color/theora/target_bitrate] by /usb_cam/image_proc
[rosmaster.master][INFO] 2020-02-28 20:20:11,572: +PARAM [/usb_cam/image_color/theora/quality] by /usb_cam/image_proc
[rosmaster.master][INFO] 2020-02-28 20:20:11,573: +PARAM [/usb_cam/image_color/theora/keyframe_frequency] by /usb_cam/image_proc
[rosmaster.master][INFO] 2020-02-28 20:20:11,574: +PARAM [/usb_cam/image_color/theora/optimize_for] by /usb_cam/image_proc
[rosmaster.master][INFO] 2020-02-28 20:20:11,574: +PARAM [/usb_cam/image_color/theora/target_bitrate] by /usb_cam/image_proc
[rosmaster.master][INFO] 2020-02-28 20:20:11,575: +PARAM [/usb_cam/image_color/theora/quality] by /usb_cam/image_proc
[rosmaster.master][INFO] 2020-02-28 20:20:11,576: +PARAM [/usb_cam/image_color/theora/keyframe_frequency] by /usb_cam/image_proc
[rosmaster.master][INFO] 2020-02-28 20:20:11,578: +SERVICE [/usb_cam/image_proc_rectify_mono/set_parameters] /usb_cam/image_proc http://itachi-HP-Pavilion-Laptop-15-cc1xx:35047/
[rosmaster.master][INFO] 2020-02-28 20:20:11,579: +PUB [/usb_cam/image_proc_rectify_mono/parameter_descriptions] /usb_cam/image_proc http://itachi-HP-Pavilion-Laptop-15-cc1xx:35047/
[rosmaster.master][INFO] 2020-02-28 20:20:11,579: +PUB [/usb_cam/image_proc_rectify_mono/parameter_updates] /usb_cam/image_proc http://itachi-HP-Pavilion-Laptop-15-cc1xx:35047/
[rosmaster.master][INFO] 2020-02-28 20:20:11,581: +PARAM [/usb_cam/image_proc_rectify_mono/interpolation] by /usb_cam/image_proc
[rosmaster.master][INFO] 2020-02-28 20:20:11,581: +PARAM [/usb_cam/image_proc_rectify_mono/interpolation] by /usb_cam/image_proc
[rosmaster.master][INFO] 2020-02-28 20:20:11,586: +PUB [/usb_cam/image_rect/compressedDepth] /usb_cam/image_proc http://itachi-HP-Pavilion-Laptop-15-cc1xx:35047/
[rosmaster.master][INFO] 2020-02-28 20:20:11,587: +SERVICE [/usb_cam/image_rect/compressedDepth/set_parameters] /usb_cam/image_proc http://itachi-HP-Pavilion-Laptop-15-cc1xx:35047/
[rosmaster.master][INFO] 2020-02-28 20:20:11,588: +PUB [/usb_cam/image_rect/compressedDepth/parameter_descriptions] /usb_cam/image_proc http://itachi-HP-Pavilion-Laptop-15-cc1xx:35047/
[rosmaster.master][INFO] 2020-02-28 20:20:11,589: +PUB [/usb_cam/image_rect/compressedDepth/parameter_updates] /usb_cam/image_proc http://itachi-HP-Pavilion-Laptop-15-cc1xx:35047/
[rosmaster.master][INFO] 2020-02-28 20:20:11,593: +PARAM [/usb_cam/image_rect/compressedDepth/depth_max] by /usb_cam/image_proc
[rosmaster.master][INFO] 2020-02-28 20:20:11,594: +PARAM [/usb_cam/image_rect/compressedDepth/depth_quantization] by /usb_cam/image_proc
[rosmaster.master][INFO] 2020-02-28 20:20:11,595: +PARAM [/usb_cam/image_rect/compressedDepth/png_level] by /usb_cam/image_proc
[rosmaster.master][INFO] 2020-02-28 20:20:11,595: +SUB [/whycon/image_out] /whycon_display/image_view http://itachi-HP-Pavilion-Laptop-15-cc1xx:46429/
[rosmaster.master][INFO] 2020-02-28 20:20:11,596: +PARAM [/usb_cam/image_rect/compressedDepth/depth_max] by /usb_cam/image_proc
[rosmaster.master][INFO] 2020-02-28 20:20:11,597: +PUB [/whycon_display/image_view/output] /whycon_display/image_view http://itachi-HP-Pavilion-Laptop-15-cc1xx:46429/
[rosmaster.master][INFO] 2020-02-28 20:20:11,597: +PARAM [/usb_cam/image_rect/compressedDepth/depth_quantization] by /usb_cam/image_proc
[rosmaster.master][INFO] 2020-02-28 20:20:11,598: +SERVICE [/whycon_display/image_view/set_parameters] /whycon_display/image_view http://itachi-HP-Pavilion-Laptop-15-cc1xx:46429/
[rosmaster.master][INFO] 2020-02-28 20:20:11,599: +PARAM [/usb_cam/image_rect/compressedDepth/png_level] by /usb_cam/image_proc
[rosmaster.master][INFO] 2020-02-28 20:20:11,602: +PUB [/whycon_display/image_view/parameter_descriptions] /whycon_display/image_view http://itachi-HP-Pavilion-Laptop-15-cc1xx:46429/
[rosmaster.master][INFO] 2020-02-28 20:20:11,604: +PUB [/usb_cam/image_rect/compressed] /usb_cam/image_proc http://itachi-HP-Pavilion-Laptop-15-cc1xx:35047/
[rosmaster.master][INFO] 2020-02-28 20:20:11,605: +PUB [/whycon_display/image_view/parameter_updates] /whycon_display/image_view http://itachi-HP-Pavilion-Laptop-15-cc1xx:46429/
[rosmaster.master][INFO] 2020-02-28 20:20:11,606: +SERVICE [/usb_cam/image_rect/compressed/set_parameters] /usb_cam/image_proc http://itachi-HP-Pavilion-Laptop-15-cc1xx:35047/
[rosmaster.master][INFO] 2020-02-28 20:20:11,607: +PUB [/usb_cam/image_rect/compressed/parameter_descriptions] /usb_cam/image_proc http://itachi-HP-Pavilion-Laptop-15-cc1xx:35047/
[rosmaster.master][INFO] 2020-02-28 20:20:11,608: +PUB [/usb_cam/image_rect/compressed/parameter_updates] /usb_cam/image_proc http://itachi-HP-Pavilion-Laptop-15-cc1xx:35047/
[rosmaster.master][INFO] 2020-02-28 20:20:11,610: +PARAM [/whycon_display/image_view/do_dynamic_scaling] by /whycon_display/image_view
[rosmaster.master][INFO] 2020-02-28 20:20:11,612: +PARAM [/whycon_display/image_view/colormap] by /whycon_display/image_view
[rosmaster.master][INFO] 2020-02-28 20:20:11,612: +PARAM [/usb_cam/image_rect/compressed/format] by /usb_cam/image_proc
[rosmaster.master][INFO] 2020-02-28 20:20:11,613: +PARAM [/whycon_display/image_view/min_image_value] by /whycon_display/image_view
[rosmaster.master][INFO] 2020-02-28 20:20:11,613: +PARAM [/usb_cam/image_rect/compressed/jpeg_quality] by /usb_cam/image_proc
[rosmaster.master][INFO] 2020-02-28 20:20:11,614: +PARAM [/whycon_display/image_view/max_image_value] by /whycon_display/image_view
[rosmaster.master][INFO] 2020-02-28 20:20:11,615: +PARAM [/usb_cam/image_rect/compressed/png_level] by /usb_cam/image_proc
[rosmaster.master][INFO] 2020-02-28 20:20:11,616: +PARAM [/whycon_display/image_view/do_dynamic_scaling] by /whycon_display/image_view
[rosmaster.master][INFO] 2020-02-28 20:20:11,620: +PARAM [/usb_cam/image_rect/compressed/format] by /usb_cam/image_proc
[rosmaster.master][INFO] 2020-02-28 20:20:11,621: +PARAM [/whycon_display/image_view/colormap] by /whycon_display/image_view
[rosmaster.master][INFO] 2020-02-28 20:20:11,622: +PARAM [/usb_cam/image_rect/compressed/jpeg_quality] by /usb_cam/image_proc
[rosmaster.master][INFO] 2020-02-28 20:20:11,622: +PARAM [/whycon_display/image_view/min_image_value] by /whycon_display/image_view
[rosmaster.master][INFO] 2020-02-28 20:20:11,623: +PARAM [/usb_cam/image_rect/compressed/png_level] by /usb_cam/image_proc
[rosmaster.master][INFO] 2020-02-28 20:20:11,624: +PARAM [/whycon_display/image_view/max_image_value] by /whycon_display/image_view
[rosmaster.master][INFO] 2020-02-28 20:20:11,624: +PUB [/usb_cam/image_rect] /usb_cam/image_proc http://itachi-HP-Pavilion-Laptop-15-cc1xx:35047/
[rosmaster.master][INFO] 2020-02-28 20:20:11,625: +PUB [/usb_cam/image_rect/theora] /usb_cam/image_proc http://itachi-HP-Pavilion-Laptop-15-cc1xx:35047/
[rosmaster.master][INFO] 2020-02-28 20:20:11,626: +SERVICE [/usb_cam/image_rect/theora/set_parameters] /usb_cam/image_proc http://itachi-HP-Pavilion-Laptop-15-cc1xx:35047/
[rosmaster.master][INFO] 2020-02-28 20:20:11,626: +PUB [/usb_cam/image_rect/theora/parameter_descriptions] /usb_cam/image_proc http://itachi-HP-Pavilion-Laptop-15-cc1xx:35047/
[rosmaster.master][INFO] 2020-02-28 20:20:11,627: +PUB [/usb_cam/image_rect/theora/parameter_updates] /usb_cam/image_proc http://itachi-HP-Pavilion-Laptop-15-cc1xx:35047/
[rosmaster.master][INFO] 2020-02-28 20:20:11,629: +PARAM [/usb_cam/image_rect/theora/optimize_for] by /usb_cam/image_proc
[rosmaster.master][INFO] 2020-02-28 20:20:11,630: +PARAM [/usb_cam/image_rect/theora/target_bitrate] by /usb_cam/image_proc
[rosmaster.master][INFO] 2020-02-28 20:20:11,631: +PARAM [/usb_cam/image_rect/theora/quality] by /usb_cam/image_proc
[rosmaster.master][INFO] 2020-02-28 20:20:11,631: +PARAM [/usb_cam/image_rect/theora/keyframe_frequency] by /usb_cam/image_proc
[rosmaster.master][INFO] 2020-02-28 20:20:11,635: +PARAM [/usb_cam/image_rect/theora/optimize_for] by /usb_cam/image_proc
[rosmaster.master][INFO] 2020-02-28 20:20:11,636: +PARAM [/usb_cam/image_rect/theora/target_bitrate] by /usb_cam/image_proc
[rosmaster.master][INFO] 2020-02-28 20:20:11,638: +PARAM [/usb_cam/image_rect/theora/quality] by /usb_cam/image_proc
[rosmaster.master][INFO] 2020-02-28 20:20:11,638: +PARAM [/usb_cam/image_rect/theora/keyframe_frequency] by /usb_cam/image_proc
[rosmaster.master][INFO] 2020-02-28 20:20:11,641: +SERVICE [/usb_cam/image_proc_rectify_color/set_parameters] /usb_cam/image_proc http://itachi-HP-Pavilion-Laptop-15-cc1xx:35047/
[rosmaster.master][INFO] 2020-02-28 20:20:11,641: +PUB [/usb_cam/image_proc_rectify_color/parameter_descriptions] /usb_cam/image_proc http://itachi-HP-Pavilion-Laptop-15-cc1xx:35047/
[rosmaster.master][INFO] 2020-02-28 20:20:11,642: +PUB [/usb_cam/image_proc_rectify_color/parameter_updates] /usb_cam/image_proc http://itachi-HP-Pavilion-Laptop-15-cc1xx:35047/
[rosmaster.master][INFO] 2020-02-28 20:20:11,643: +PARAM [/usb_cam/image_proc_rectify_color/interpolation] by /usb_cam/image_proc
[rosmaster.master][INFO] 2020-02-28 20:20:11,644: +PARAM [/usb_cam/image_proc_rectify_color/interpolation] by /usb_cam/image_proc
[rosmaster.master][INFO] 2020-02-28 20:20:11,645: +PUB [/usb_cam/image_rect_color/compressedDepth] /usb_cam/image_proc http://itachi-HP-Pavilion-Laptop-15-cc1xx:35047/
[rosmaster.master][INFO] 2020-02-28 20:20:11,646: +SERVICE [/usb_cam/image_rect_color/compressedDepth/set_parameters] /usb_cam/image_proc http://itachi-HP-Pavilion-Laptop-15-cc1xx:35047/
[rosmaster.master][INFO] 2020-02-28 20:20:11,646: +PUB [/usb_cam/image_rect_color/compressedDepth/parameter_descriptions] /usb_cam/image_proc http://itachi-HP-Pavilion-Laptop-15-cc1xx:35047/
[rosmaster.master][INFO] 2020-02-28 20:20:11,647: +PUB [/usb_cam/image_rect_color/compressedDepth/parameter_updates] /usb_cam/image_proc http://itachi-HP-Pavilion-Laptop-15-cc1xx:35047/
[rosmaster.master][INFO] 2020-02-28 20:20:11,654: +PARAM [/usb_cam/image_rect_color/compressedDepth/depth_max] by /usb_cam/image_proc
[rosmaster.master][INFO] 2020-02-28 20:20:11,654: +PARAM [/usb_cam/image_rect_color/compressedDepth/depth_quantization] by /usb_cam/image_proc
[rosmaster.master][INFO] 2020-02-28 20:20:11,655: +PARAM [/usb_cam/image_rect_color/compressedDepth/png_level] by /usb_cam/image_proc
[rosmaster.master][INFO] 2020-02-28 20:20:11,656: +PARAM [/usb_cam/image_rect_color/compressedDepth/depth_max] by /usb_cam/image_proc
[rosmaster.master][INFO] 2020-02-28 20:20:11,656: +PARAM [/usb_cam/image_rect_color/compressedDepth/depth_quantization] by /usb_cam/image_proc
[rosmaster.master][INFO] 2020-02-28 20:20:11,657: +PARAM [/usb_cam/image_rect_color/compressedDepth/png_level] by /usb_cam/image_proc
[rosmaster.master][INFO] 2020-02-28 20:20:11,658: +PUB [/usb_cam/image_rect_color/compressed] /usb_cam/image_proc http://itachi-HP-Pavilion-Laptop-15-cc1xx:35047/
[rosmaster.master][INFO] 2020-02-28 20:20:11,658: +SERVICE [/usb_cam/image_rect_color/compressed/set_parameters] /usb_cam/image_proc http://itachi-HP-Pavilion-Laptop-15-cc1xx:35047/
[rosmaster.master][INFO] 2020-02-28 20:20:11,659: +PUB [/usb_cam/image_rect_color/compressed/parameter_descriptions] /usb_cam/image_proc http://itachi-HP-Pavilion-Laptop-15-cc1xx:35047/
[rosmaster.master][INFO] 2020-02-28 20:20:11,660: +PUB [/rosout] /serial_node http://itachi-HP-Pavilion-Laptop-15-cc1xx:32809/
[rosmaster.master][INFO] 2020-02-28 20:20:11,660: +PUB [/usb_cam/image_rect_color/compressed/parameter_updates] /usb_cam/image_proc http://itachi-HP-Pavilion-Laptop-15-cc1xx:35047/
[rosmaster.master][INFO] 2020-02-28 20:20:11,663: +SERVICE [/serial_node/get_loggers] /serial_node http://itachi-HP-Pavilion-Laptop-15-cc1xx:32809/
[rosmaster.master][INFO] 2020-02-28 20:20:11,664: +PARAM [/usb_cam/image_rect_color/compressed/format] by /usb_cam/image_proc
[rosmaster.master][INFO] 2020-02-28 20:20:11,665: +SERVICE [/serial_node/set_logger_level] /serial_node http://itachi-HP-Pavilion-Laptop-15-cc1xx:32809/
[rosmaster.master][INFO] 2020-02-28 20:20:11,669: +PARAM [/usb_cam/image_rect_color/compressed/jpeg_quality] by /usb_cam/image_proc
[rosmaster.master][INFO] 2020-02-28 20:20:11,670: publisherUpdate[/rosout] -> http://itachi-HP-Pavilion-Laptop-15-cc1xx:43531/ ['http://itachi-HP-Pavilion-Laptop-15-cc1xx:42749/', 'http://itachi-HP-Pavilion-Laptop-15-cc1xx:35047/', 'http://itachi-HP-Pavilion-Laptop-15-cc1xx:40551/', 'http://itachi-HP-Pavilion-Laptop-15-cc1xx:46429/', 'http://itachi-HP-Pavilion-Laptop-15-cc1xx:32809/']
[rosmaster.master][INFO] 2020-02-28 20:20:11,671: publisherUpdate[/rosout] -> http://itachi-HP-Pavilion-Laptop-15-cc1xx:43531/ ['http://itachi-HP-Pavilion-Laptop-15-cc1xx:42749/', 'http://itachi-HP-Pavilion-Laptop-15-cc1xx:35047/', 'http://itachi-HP-Pavilion-Laptop-15-cc1xx:40551/', 'http://itachi-HP-Pavilion-Laptop-15-cc1xx:46429/', 'http://itachi-HP-Pavilion-Laptop-15-cc1xx:32809/']: sec=0.00, result=[1, '', 0]
[rosmaster.master][INFO] 2020-02-28 20:20:11,671: +PARAM [/usb_cam/image_rect_color/compressed/png_level] by /usb_cam/image_proc
[rosmaster.master][INFO] 2020-02-28 20:20:11,673: +PARAM [/usb_cam/image_rect_color/compressed/format] by /usb_cam/image_proc
[rosmaster.master][INFO] 2020-02-28 20:20:11,674: +PARAM [/usb_cam/image_rect_color/compressed/jpeg_quality] by /usb_cam/image_proc
[rosmaster.master][INFO] 2020-02-28 20:20:11,675: +PARAM [/usb_cam/image_rect_color/compressed/png_level] by /usb_cam/image_proc
[rosmaster.master][INFO] 2020-02-28 20:20:11,676: +PUB [/usb_cam/image_rect_color] /usb_cam/image_proc http://itachi-HP-Pavilion-Laptop-15-cc1xx:35047/
[rosmaster.master][INFO] 2020-02-28 20:20:11,677: +PUB [/diagnostics] /serial_node http://itachi-HP-Pavilion-Laptop-15-cc1xx:32809/
[rosmaster.master][INFO] 2020-02-28 20:20:11,678: +PUB [/usb_cam/image_rect_color/theora] /usb_cam/image_proc http://itachi-HP-Pavilion-Laptop-15-cc1xx:35047/
[rosmaster.master][INFO] 2020-02-28 20:20:11,679: +SERVICE [/usb_cam/image_rect_color/theora/set_parameters] /usb_cam/image_proc http://itachi-HP-Pavilion-Laptop-15-cc1xx:35047/
[rosmaster.master][INFO] 2020-02-28 20:20:11,680: -PUB [/diagnostics] /serial_node http://itachi-HP-Pavilion-Laptop-15-cc1xx:32809/
[rosmaster.master][INFO] 2020-02-28 20:20:11,680: -PUB [/rosout] /serial_node http://itachi-HP-Pavilion-Laptop-15-cc1xx:32809/
[rosmaster.master][INFO] 2020-02-28 20:20:11,680: +PUB [/usb_cam/image_rect_color/theora/parameter_descriptions] /usb_cam/image_proc http://itachi-HP-Pavilion-Laptop-15-cc1xx:35047/
[rosmaster.master][INFO] 2020-02-28 20:20:11,681: -SERVICE [/serial_node/get_loggers] /serial_node rosrpc://itachi-HP-Pavilion-Laptop-15-cc1xx:42575
[rosmaster.master][INFO] 2020-02-28 20:20:11,681: -SERVICE [/serial_node/set_logger_level] /serial_node rosrpc://itachi-HP-Pavilion-Laptop-15-cc1xx:42575
[rosmaster.master][INFO] 2020-02-28 20:20:11,682: +PUB [/usb_cam/image_rect_color/theora/parameter_updates] /usb_cam/image_proc http://itachi-HP-Pavilion-Laptop-15-cc1xx:35047/
[rosmaster.master][INFO] 2020-02-28 20:20:11,687: +PARAM [/usb_cam/image_rect_color/theora/optimize_for] by /usb_cam/image_proc
[rosmaster.master][INFO] 2020-02-28 20:20:11,688: +PARAM [/usb_cam/image_rect_color/theora/target_bitrate] by /usb_cam/image_proc
[rosmaster.master][INFO] 2020-02-28 20:20:11,689: +PARAM [/usb_cam/image_rect_color/theora/quality] by /usb_cam/image_proc
[rosmaster.master][INFO] 2020-02-28 20:20:11,689: +PARAM [/usb_cam/image_rect_color/theora/keyframe_frequency] by /usb_cam/image_proc
[rosmaster.master][INFO] 2020-02-28 20:20:11,690: +PARAM [/usb_cam/image_rect_color/theora/optimize_for] by /usb_cam/image_proc
[rosmaster.master][INFO] 2020-02-28 20:20:11,691: +PARAM [/usb_cam/image_rect_color/theora/target_bitrate] by /usb_cam/image_proc
[rosmaster.master][INFO] 2020-02-28 20:20:11,691: +PARAM [/usb_cam/image_rect_color/theora/quality] by /usb_cam/image_proc
[rosmaster.master][INFO] 2020-02-28 20:20:11,692: +PARAM [/usb_cam/image_rect_color/theora/keyframe_frequency] by /usb_cam/image_proc
[rosmaster.master][INFO] 2020-02-28 20:20:11,770: publisherUpdate[/usb_cam/image_rect_color] -> http://itachi-HP-Pavilion-Laptop-15-cc1xx:40551/ ['http://itachi-HP-Pavilion-Laptop-15-cc1xx:35047/']
[rosmaster.master][INFO] 2020-02-28 20:20:11,771: publisherUpdate[/rosout] -> http://itachi-HP-Pavilion-Laptop-15-cc1xx:43531/ ['http://itachi-HP-Pavilion-Laptop-15-cc1xx:42749/', 'http://itachi-HP-Pavilion-Laptop-15-cc1xx:35047/', 'http://itachi-HP-Pavilion-Laptop-15-cc1xx:40551/', 'http://itachi-HP-Pavilion-Laptop-15-cc1xx:46429/']
[rosmaster.master][INFO] 2020-02-28 20:20:11,772: publisherUpdate[/usb_cam/image_rect_color] -> http://itachi-HP-Pavilion-Laptop-15-cc1xx:40551/ ['http://itachi-HP-Pavilion-Laptop-15-cc1xx:35047/']: sec=0.00, result=[1, '', 0]
[rosmaster.master][INFO] 2020-02-28 20:20:11,773: publisherUpdate[/rosout] -> http://itachi-HP-Pavilion-Laptop-15-cc1xx:43531/ ['http://itachi-HP-Pavilion-Laptop-15-cc1xx:42749/', 'http://itachi-HP-Pavilion-Laptop-15-cc1xx:35047/', 'http://itachi-HP-Pavilion-Laptop-15-cc1xx:40551/', 'http://itachi-HP-Pavilion-Laptop-15-cc1xx:46429/']: sec=0.00, result=[1, '', 0]
[rosmaster.master][INFO] 2020-02-28 20:20:11,987: +SUB [/usb_cam/image_color] /usb_cam/image_proc http://itachi-HP-Pavilion-Laptop-15-cc1xx:35047/
[rosmaster.master][INFO] 2020-02-28 20:20:12,000: +SUB [/usb_cam/camera_info] /usb_cam/image_proc http://itachi-HP-Pavilion-Laptop-15-cc1xx:35047/
[rosmaster.master][INFO] 2020-02-28 20:20:12,012: +SUB [/usb_cam/image_raw] /usb_cam/image_proc http://itachi-HP-Pavilion-Laptop-15-cc1xx:35047/
[rosmaster.master][INFO] 2020-02-28 20:20:13,679: -PUB [/rosout] /usb_cam http://itachi-HP-Pavilion-Laptop-15-cc1xx:42749/
[rosmaster.master][INFO] 2020-02-28 20:20:13,680: -PUB [/usb_cam/image_raw/compressedDepth] /usb_cam http://itachi-HP-Pavilion-Laptop-15-cc1xx:42749/
[rosmaster.master][INFO] 2020-02-28 20:20:13,681: -PUB [/usb_cam/image_raw/compressedDepth/parameter_descriptions] /usb_cam http://itachi-HP-Pavilion-Laptop-15-cc1xx:42749/
[rosmaster.master][INFO] 2020-02-28 20:20:13,681: -PUB [/usb_cam/image_raw/compressedDepth/parameter_updates] /usb_cam http://itachi-HP-Pavilion-Laptop-15-cc1xx:42749/
[rosmaster.master][INFO] 2020-02-28 20:20:13,682: -PUB [/usb_cam/image_raw/compressed] /usb_cam http://itachi-HP-Pavilion-Laptop-15-cc1xx:42749/
[rosmaster.master][INFO] 2020-02-28 20:20:13,682: -PUB [/usb_cam/image_raw/compressed/parameter_descriptions] /usb_cam http://itachi-HP-Pavilion-Laptop-15-cc1xx:42749/
[rosmaster.master][INFO] 2020-02-28 20:20:13,683: -PUB [/usb_cam/image_raw/compressed/parameter_updates] /usb_cam http://itachi-HP-Pavilion-Laptop-15-cc1xx:42749/
[rosmaster.master][INFO] 2020-02-28 20:20:13,683: -PUB [/usb_cam/image_raw] /usb_cam http://itachi-HP-Pavilion-Laptop-15-cc1xx:42749/
[rosmaster.master][INFO] 2020-02-28 20:20:13,684: -PUB [/usb_cam/image_raw/theora] /usb_cam http://itachi-HP-Pavilion-Laptop-15-cc1xx:42749/
[rosmaster.master][INFO] 2020-02-28 20:20:13,685: -PUB [/usb_cam/image_raw/theora/parameter_descriptions] /usb_cam http://itachi-HP-Pavilion-Laptop-15-cc1xx:42749/
[rosmaster.master][INFO] 2020-02-28 20:20:13,685: -PUB [/usb_cam/image_raw/theora/parameter_updates] /usb_cam http://itachi-HP-Pavilion-Laptop-15-cc1xx:42749/
[rosmaster.master][INFO] 2020-02-28 20:20:13,686: -PUB [/usb_cam/camera_info] /usb_cam http://itachi-HP-Pavilion-Laptop-15-cc1xx:42749/
[rosmaster.master][INFO] 2020-02-28 20:20:13,686: -SERVICE [/usb_cam/get_loggers] /usb_cam rosrpc://itachi-HP-Pavilion-Laptop-15-cc1xx:48961
[rosmaster.master][INFO] 2020-02-28 20:20:13,687: -SERVICE [/usb_cam/set_logger_level] /usb_cam rosrpc://itachi-HP-Pavilion-Laptop-15-cc1xx:48961
[rosmaster.master][INFO] 2020-02-28 20:20:13,687: -SERVICE [/usb_cam/image_raw/compressedDepth/set_parameters] /usb_cam rosrpc://itachi-HP-Pavilion-Laptop-15-cc1xx:48961
[rosmaster.master][INFO] 2020-02-28 20:20:13,688: -SERVICE [/usb_cam/image_raw/compressed/set_parameters] /usb_cam rosrpc://itachi-HP-Pavilion-Laptop-15-cc1xx:48961
[rosmaster.master][INFO] 2020-02-28 20:20:13,688: -SERVICE [/usb_cam/image_raw/theora/set_parameters] /usb_cam rosrpc://itachi-HP-Pavilion-Laptop-15-cc1xx:48961
[rosmaster.master][INFO] 2020-02-28 20:20:13,689: -SERVICE [/usb_cam/set_camera_info] /usb_cam rosrpc://itachi-HP-Pavilion-Laptop-15-cc1xx:48961
[rosmaster.master][INFO] 2020-02-28 20:20:13,689: -SERVICE [/usb_cam/start_capture] /usb_cam rosrpc://itachi-HP-Pavilion-Laptop-15-cc1xx:48961
[rosmaster.master][INFO] 2020-02-28 20:20:13,690: -SERVICE [/usb_cam/stop_capture] /usb_cam rosrpc://itachi-HP-Pavilion-Laptop-15-cc1xx:48961
[rosmaster.master][INFO] 2020-02-28 20:20:13,777: publisherUpdate[/rosout] -> http://itachi-HP-Pavilion-Laptop-15-cc1xx:43531/ ['http://itachi-HP-Pavilion-Laptop-15-cc1xx:35047/', 'http://itachi-HP-Pavilion-Laptop-15-cc1xx:40551/', 'http://itachi-HP-Pavilion-Laptop-15-cc1xx:46429/']
[rosmaster.master][INFO] 2020-02-28 20:20:13,777: publisherUpdate[/usb_cam/image_raw] -> http://itachi-HP-Pavilion-Laptop-15-cc1xx:35047/ []
[rosmaster.master][INFO] 2020-02-28 20:20:13,777: publisherUpdate[/usb_cam/camera_info] -> http://itachi-HP-Pavilion-Laptop-15-cc1xx:40551/ []
[rosmaster.master][INFO] 2020-02-28 20:20:13,777: -PUB [/rosout] /whycon http://itachi-HP-Pavilion-Laptop-15-cc1xx:40551/
[rosmaster.master][INFO] 2020-02-28 20:20:13,778: publisherUpdate[/rosout] -> http://itachi-HP-Pavilion-Laptop-15-cc1xx:43531/ ['http://itachi-HP-Pavilion-Laptop-15-cc1xx:35047/', 'http://itachi-HP-Pavilion-Laptop-15-cc1xx:40551/', 'http://itachi-HP-Pavilion-Laptop-15-cc1xx:46429/']: sec=0.00, result=[1, '', 0]
[rosmaster.master][INFO] 2020-02-28 20:20:13,779: publisherUpdate[/usb_cam/image_raw] -> http://itachi-HP-Pavilion-Laptop-15-cc1xx:35047/ []: sec=0.00, result=[0, 'Unknown Error', 0]
[rosmaster.master][INFO] 2020-02-28 20:20:13,779: publisherUpdate[/rosout] -> http://itachi-HP-Pavilion-Laptop-15-cc1xx:43531/ ['http://itachi-HP-Pavilion-Laptop-15-cc1xx:35047/', 'http://itachi-HP-Pavilion-Laptop-15-cc1xx:46429/']
[rosmaster.master][INFO] 2020-02-28 20:20:13,779: -PUB [/tf] /whycon http://itachi-HP-Pavilion-Laptop-15-cc1xx:40551/
[rosmaster.master][INFO] 2020-02-28 20:20:13,780: publisherUpdate[/usb_cam/camera_info] -> http://itachi-HP-Pavilion-Laptop-15-cc1xx:35047/ []
[rosmaster.master][INFO] 2020-02-28 20:20:13,780: publisherUpdate[/rosout] -> http://itachi-HP-Pavilion-Laptop-15-cc1xx:43531/ ['http://itachi-HP-Pavilion-Laptop-15-cc1xx:35047/', 'http://itachi-HP-Pavilion-Laptop-15-cc1xx:46429/']: sec=0.00, result=[1, '', 0]
[rosmaster.master][INFO] 2020-02-28 20:20:13,781: publisherUpdate[/usb_cam/camera_info] -> http://itachi-HP-Pavilion-Laptop-15-cc1xx:35047/ []: sec=0.00, result=[0, 'Unknown Error', 0]
[rosmaster.master][INFO] 2020-02-28 20:20:13,781: -PUB [/rosout] /usb_cam/image_proc http://itachi-HP-Pavilion-Laptop-15-cc1xx:35047/
[rosmaster.master][INFO] 2020-02-28 20:20:13,782: publisherUpdate[/rosout] -> http://itachi-HP-Pavilion-Laptop-15-cc1xx:43531/ ['http://itachi-HP-Pavilion-Laptop-15-cc1xx:46429/']
[rosmaster.master][INFO] 2020-02-28 20:20:13,782: -PUB [/whycon/image_out] /whycon http://itachi-HP-Pavilion-Laptop-15-cc1xx:40551/
[rosmaster.master][INFO] 2020-02-28 20:20:13,783: publisherUpdate[/rosout] -> http://itachi-HP-Pavilion-Laptop-15-cc1xx:43531/ ['http://itachi-HP-Pavilion-Laptop-15-cc1xx:46429/']: sec=0.00, result=[1, '', 0]
[rosmaster.master][INFO] 2020-02-28 20:20:13,783: -PUB [/usb_cam/image_proc_debayer/parameter_descriptions] /usb_cam/image_proc http://itachi-HP-Pavilion-Laptop-15-cc1xx:35047/
[rosmaster.master][INFO] 2020-02-28 20:20:13,783: publisherUpdate[/whycon/image_out] -> http://itachi-HP-Pavilion-Laptop-15-cc1xx:46429/ []
[rosmaster.master][INFO] 2020-02-28 20:20:13,784: publisherUpdate[/whycon/image_out] -> http://itachi-HP-Pavilion-Laptop-15-cc1xx:46429/ []: sec=0.00, result=[1, '', 0]
[rosmaster.master][INFO] 2020-02-28 20:20:13,785: -PUB [/whycon/poses] /whycon http://itachi-HP-Pavilion-Laptop-15-cc1xx:40551/
[rosmaster.master][INFO] 2020-02-28 20:20:13,786: -PUB [/usb_cam/image_proc_debayer/parameter_updates] /usb_cam/image_proc http://itachi-HP-Pavilion-Laptop-15-cc1xx:35047/
[rosmaster.master][INFO] 2020-02-28 20:20:13,787: publisherUpdate[/usb_cam/camera_info] -> http://itachi-HP-Pavilion-Laptop-15-cc1xx:40551/ []: sec=0.01, exception=<Fault -1: 'publisherUpdate: unknown method name'>
[rosmaster.master][INFO] 2020-02-28 20:20:13,787: -PUB [/whycon/context] /whycon http://itachi-HP-Pavilion-Laptop-15-cc1xx:40551/
[rosmaster.master][INFO] 2020-02-28 20:20:13,788: -PUB [/usb_cam/image_mono/compressedDepth] /usb_cam/image_proc http://itachi-HP-Pavilion-Laptop-15-cc1xx:35047/
[rosmaster.threadpool][ERROR] 2020-02-28 20:20:13,789: Traceback (most recent call last):
  File "/opt/ros/kinetic/lib/python2.7/dist-packages/rosmaster/threadpool.py", line 218, in run
    result = cmd(*args)
  File "/opt/ros/kinetic/lib/python2.7/dist-packages/rosmaster/master_api.py", line 210, in publisher_update_task
    ret = xmlrpcapi(api).publisherUpdate('/master', topic, pub_uris)
  File "/usr/lib/python2.7/xmlrpclib.py", line 1243, in __call__
    return self.__send(self.__name, args)
  File "/usr/lib/python2.7/xmlrpclib.py", line 1602, in __request
    verbose=self.__verbose
  File "/usr/lib/python2.7/xmlrpclib.py", line 1283, in request
    return self.single_request(host, handler, request_body, verbose)
  File "/usr/lib/python2.7/xmlrpclib.py", line 1316, in single_request
    return self.parse_response(response)
  File "/usr/lib/python2.7/xmlrpclib.py", line 1493, in parse_response
    return u.close()
  File "/usr/lib/python2.7/xmlrpclib.py", line 800, in close
    raise Fault(**self._stack[0])
Fault: <Fault -1: 'publisherUpdate: unknown method name'>

[rosmaster.master][INFO] 2020-02-28 20:20:13,792: -PUB [/whycon/projection] /whycon http://itachi-HP-Pavilion-Laptop-15-cc1xx:40551/
[rosmaster.master][INFO] 2020-02-28 20:20:13,794: -PUB [/usb_cam/image_mono/compressedDepth/parameter_descriptions] /usb_cam/image_proc http://itachi-HP-Pavilion-Laptop-15-cc1xx:35047/
[rosmaster.master][INFO] 2020-02-28 20:20:13,795: -SUB [/usb_cam/image_rect_color] /whycon http://itachi-HP-Pavilion-Laptop-15-cc1xx:40551/
[rosmaster.master][INFO] 2020-02-28 20:20:13,795: -PUB [/usb_cam/image_mono/compressedDepth/parameter_updates] /usb_cam/image_proc http://itachi-HP-Pavilion-Laptop-15-cc1xx:35047/
[rosmaster.master][INFO] 2020-02-28 20:20:13,796: -SUB [/usb_cam/camera_info] /whycon http://itachi-HP-Pavilion-Laptop-15-cc1xx:40551/
[rosmaster.master][INFO] 2020-02-28 20:20:13,796: -PUB [/usb_cam/image_mono/compressed] /usb_cam/image_proc http://itachi-HP-Pavilion-Laptop-15-cc1xx:35047/
[rosmaster.master][INFO] 2020-02-28 20:20:13,797: -SERVICE [/whycon/get_loggers] /whycon rosrpc://itachi-HP-Pavilion-Laptop-15-cc1xx:59455
[rosmaster.master][INFO] 2020-02-28 20:20:13,798: -PUB [/usb_cam/image_mono/compressed/parameter_descriptions] /usb_cam/image_proc http://itachi-HP-Pavilion-Laptop-15-cc1xx:35047/
[rosmaster.master][INFO] 2020-02-28 20:20:13,798: -SERVICE [/whycon/set_logger_level] /whycon rosrpc://itachi-HP-Pavilion-Laptop-15-cc1xx:59455
[rosmaster.master][INFO] 2020-02-28 20:20:13,799: -PUB [/usb_cam/image_mono/compressed/parameter_updates] /usb_cam/image_proc http://itachi-HP-Pavilion-Laptop-15-cc1xx:35047/
[rosmaster.master][INFO] 2020-02-28 20:20:13,799: -SERVICE [/whycon/reset] /whycon rosrpc://itachi-HP-Pavilion-Laptop-15-cc1xx:59455
[rosmaster.master][INFO] 2020-02-28 20:20:13,800: -PUB [/usb_cam/image_mono] /usb_cam/image_proc http://itachi-HP-Pavilion-Laptop-15-cc1xx:35047/
[rosmaster.master][INFO] 2020-02-28 20:20:13,800: -PUB [/usb_cam/image_mono/theora] /usb_cam/image_proc http://itachi-HP-Pavilion-Laptop-15-cc1xx:35047/
[rosmaster.master][INFO] 2020-02-28 20:20:13,801: -PUB [/usb_cam/image_mono/theora/parameter_descriptions] /usb_cam/image_proc http://itachi-HP-Pavilion-Laptop-15-cc1xx:35047/
[rosmaster.master][INFO] 2020-02-28 20:20:13,801: -PUB [/usb_cam/image_mono/theora/parameter_updates] /usb_cam/image_proc http://itachi-HP-Pavilion-Laptop-15-cc1xx:35047/
[rosmaster.master][INFO] 2020-02-28 20:20:13,802: -PUB [/usb_cam/image_color/compressedDepth] /usb_cam/image_proc http://itachi-HP-Pavilion-Laptop-15-cc1xx:35047/
[rosmaster.master][INFO] 2020-02-28 20:20:13,802: -PUB [/usb_cam/image_color/compressedDepth/parameter_descriptions] /usb_cam/image_proc http://itachi-HP-Pavilion-Laptop-15-cc1xx:35047/
[rosmaster.master][INFO] 2020-02-28 20:20:13,803: -PUB [/usb_cam/image_color/compressedDepth/parameter_updates] /usb_cam/image_proc http://itachi-HP-Pavilion-Laptop-15-cc1xx:35047/
[rosmaster.master][INFO] 2020-02-28 20:20:13,803: -PUB [/usb_cam/image_color/compressed] /usb_cam/image_proc http://itachi-HP-Pavilion-Laptop-15-cc1xx:35047/
[rosmaster.master][INFO] 2020-02-28 20:20:13,804: -PUB [/usb_cam/image_color/compressed/parameter_descriptions] /usb_cam/image_proc http://itachi-HP-Pavilion-Laptop-15-cc1xx:35047/
[rosmaster.master][INFO] 2020-02-28 20:20:13,804: -PUB [/usb_cam/image_color/compressed/parameter_updates] /usb_cam/image_proc http://itachi-HP-Pavilion-Laptop-15-cc1xx:35047/
[rosmaster.master][INFO] 2020-02-28 20:20:13,804: -PUB [/usb_cam/image_color] /usb_cam/image_proc http://itachi-HP-Pavilion-Laptop-15-cc1xx:35047/
[rosmaster.master][INFO] 2020-02-28 20:20:13,805: -PUB [/usb_cam/image_color/theora] /usb_cam/image_proc http://itachi-HP-Pavilion-Laptop-15-cc1xx:35047/
[rosmaster.master][INFO] 2020-02-28 20:20:13,806: -PUB [/usb_cam/image_color/theora/parameter_descriptions] /usb_cam/image_proc http://itachi-HP-Pavilion-Laptop-15-cc1xx:35047/
[rosmaster.master][INFO] 2020-02-28 20:20:13,806: -PUB [/usb_cam/image_color/theora/parameter_updates] /usb_cam/image_proc http://itachi-HP-Pavilion-Laptop-15-cc1xx:35047/
[rosmaster.master][INFO] 2020-02-28 20:20:13,806: -PUB [/usb_cam/image_proc_rectify_mono/parameter_descriptions] /usb_cam/image_proc http://itachi-HP-Pavilion-Laptop-15-cc1xx:35047/
[rosmaster.master][INFO] 2020-02-28 20:20:13,807: -PUB [/usb_cam/image_proc_rectify_mono/parameter_updates] /usb_cam/image_proc http://itachi-HP-Pavilion-Laptop-15-cc1xx:35047/
[rosmaster.master][INFO] 2020-02-28 20:20:13,807: -PUB [/usb_cam/image_rect/compressedDepth] /usb_cam/image_proc http://itachi-HP-Pavilion-Laptop-15-cc1xx:35047/
[rosmaster.master][INFO] 2020-02-28 20:20:13,808: -PUB [/usb_cam/image_rect/compressedDepth/parameter_descriptions] /usb_cam/image_proc http://itachi-HP-Pavilion-Laptop-15-cc1xx:35047/
[rosmaster.master][INFO] 2020-02-28 20:20:13,808: -PUB [/usb_cam/image_rect/compressedDepth/parameter_updates] /usb_cam/image_proc http://itachi-HP-Pavilion-Laptop-15-cc1xx:35047/
[rosmaster.master][INFO] 2020-02-28 20:20:13,809: -PUB [/usb_cam/image_rect/compressed] /usb_cam/image_proc http://itachi-HP-Pavilion-Laptop-15-cc1xx:35047/
[rosmaster.master][INFO] 2020-02-28 20:20:13,809: -PUB [/usb_cam/image_rect/compressed/parameter_descriptions] /usb_cam/image_proc http://itachi-HP-Pavilion-Laptop-15-cc1xx:35047/
[rosmaster.master][INFO] 2020-02-28 20:20:13,810: -PUB [/usb_cam/image_rect/compressed/parameter_updates] /usb_cam/image_proc http://itachi-HP-Pavilion-Laptop-15-cc1xx:35047/
[rosmaster.master][INFO] 2020-02-28 20:20:13,810: -PUB [/usb_cam/image_rect] /usb_cam/image_proc http://itachi-HP-Pavilion-Laptop-15-cc1xx:35047/
[rosmaster.master][INFO] 2020-02-28 20:20:13,811: -PUB [/usb_cam/image_rect/theora] /usb_cam/image_proc http://itachi-HP-Pavilion-Laptop-15-cc1xx:35047/
[rosmaster.master][INFO] 2020-02-28 20:20:13,811: -PUB [/usb_cam/image_rect/theora/parameter_descriptions] /usb_cam/image_proc http://itachi-HP-Pavilion-Laptop-15-cc1xx:35047/
[rosmaster.master][INFO] 2020-02-28 20:20:13,812: -PUB [/usb_cam/image_rect/theora/parameter_updates] /usb_cam/image_proc http://itachi-HP-Pavilion-Laptop-15-cc1xx:35047/
[rosmaster.master][INFO] 2020-02-28 20:20:13,812: -PUB [/usb_cam/image_proc_rectify_color/parameter_descriptions] /usb_cam/image_proc http://itachi-HP-Pavilion-Laptop-15-cc1xx:35047/
[rosmaster.master][INFO] 2020-02-28 20:20:13,812: -PUB [/usb_cam/image_proc_rectify_color/parameter_updates] /usb_cam/image_proc http://itachi-HP-Pavilion-Laptop-15-cc1xx:35047/
[rosmaster.master][INFO] 2020-02-28 20:20:13,813: -PUB [/usb_cam/image_rect_color/compressedDepth] /usb_cam/image_proc http://itachi-HP-Pavilion-Laptop-15-cc1xx:35047/
[rosmaster.master][INFO] 2020-02-28 20:20:13,813: -PUB [/usb_cam/image_rect_color/compressedDepth/parameter_descriptions] /usb_cam/image_proc http://itachi-HP-Pavilion-Laptop-15-cc1xx:35047/
[rosmaster.master][INFO] 2020-02-28 20:20:13,814: -PUB [/usb_cam/image_rect_color/compressedDepth/parameter_updates] /usb_cam/image_proc http://itachi-HP-Pavilion-Laptop-15-cc1xx:35047/
[rosmaster.master][INFO] 2020-02-28 20:20:13,814: -PUB [/usb_cam/image_rect_color/compressed] /usb_cam/image_proc http://itachi-HP-Pavilion-Laptop-15-cc1xx:35047/
[rosmaster.master][INFO] 2020-02-28 20:20:13,815: -PUB [/usb_cam/image_rect_color/compressed/parameter_descriptions] /usb_cam/image_proc http://itachi-HP-Pavilion-Laptop-15-cc1xx:35047/
[rosmaster.master][INFO] 2020-02-28 20:20:13,815: -PUB [/usb_cam/image_rect_color/compressed/parameter_updates] /usb_cam/image_proc http://itachi-HP-Pavilion-Laptop-15-cc1xx:35047/
[rosmaster.master][INFO] 2020-02-28 20:20:13,816: -PUB [/usb_cam/image_rect_color] /usb_cam/image_proc http://itachi-HP-Pavilion-Laptop-15-cc1xx:35047/
[rosmaster.master][INFO] 2020-02-28 20:20:13,816: -PUB [/usb_cam/image_rect_color/theora] /usb_cam/image_proc http://itachi-HP-Pavilion-Laptop-15-cc1xx:35047/
[rosmaster.master][INFO] 2020-02-28 20:20:13,816: -PUB [/usb_cam/image_rect_color/theora/parameter_descriptions] /usb_cam/image_proc http://itachi-HP-Pavilion-Laptop-15-cc1xx:35047/
[rosmaster.master][INFO] 2020-02-28 20:20:13,817: -PUB [/usb_cam/image_rect_color/theora/parameter_updates] /usb_cam/image_proc http://itachi-HP-Pavilion-Laptop-15-cc1xx:35047/
[rosmaster.master][INFO] 2020-02-28 20:20:13,817: -SUB [/usb_cam/image_color] /usb_cam/image_proc http://itachi-HP-Pavilion-Laptop-15-cc1xx:35047/
[rosmaster.master][INFO] 2020-02-28 20:20:13,818: -SUB [/usb_cam/camera_info] /usb_cam/image_proc http://itachi-HP-Pavilion-Laptop-15-cc1xx:35047/
[rosmaster.master][INFO] 2020-02-28 20:20:13,818: -SUB [/usb_cam/image_raw] /usb_cam/image_proc http://itachi-HP-Pavilion-Laptop-15-cc1xx:35047/
[rosmaster.master][INFO] 2020-02-28 20:20:13,819: -SERVICE [/usb_cam/image_proc/get_loggers] /usb_cam/image_proc rosrpc://itachi-HP-Pavilion-Laptop-15-cc1xx:57567
[rosmaster.master][INFO] 2020-02-28 20:20:13,819: -SERVICE [/usb_cam/image_proc/set_logger_level] /usb_cam/image_proc rosrpc://itachi-HP-Pavilion-Laptop-15-cc1xx:57567
[rosmaster.master][INFO] 2020-02-28 20:20:13,820: -SERVICE [/usb_cam/image_proc_debayer/set_parameters] /usb_cam/image_proc rosrpc://itachi-HP-Pavilion-Laptop-15-cc1xx:57567
[rosmaster.master][INFO] 2020-02-28 20:20:13,820: -SERVICE [/usb_cam/image_mono/compressedDepth/set_parameters] /usb_cam/image_proc rosrpc://itachi-HP-Pavilion-Laptop-15-cc1xx:57567
[rosmaster.master][INFO] 2020-02-28 20:20:13,821: -SERVICE [/usb_cam/image_mono/compressed/set_parameters] /usb_cam/image_proc rosrpc://itachi-HP-Pavilion-Laptop-15-cc1xx:57567
[rosmaster.master][INFO] 2020-02-28 20:20:13,821: -SERVICE [/usb_cam/image_mono/theora/set_parameters] /usb_cam/image_proc rosrpc://itachi-HP-Pavilion-Laptop-15-cc1xx:57567
[rosmaster.master][INFO] 2020-02-28 20:20:13,822: -SERVICE [/usb_cam/image_color/compressedDepth/set_parameters] /usb_cam/image_proc rosrpc://itachi-HP-Pavilion-Laptop-15-cc1xx:57567
[rosmaster.master][INFO] 2020-02-28 20:20:13,822: -SERVICE [/usb_cam/image_color/compressed/set_parameters] /usb_cam/image_proc rosrpc://itachi-HP-Pavilion-Laptop-15-cc1xx:57567
[rosmaster.master][INFO] 2020-02-28 20:20:13,823: -SERVICE [/usb_cam/image_color/theora/set_parameters] /usb_cam/image_proc rosrpc://itachi-HP-Pavilion-Laptop-15-cc1xx:57567
[rosmaster.master][INFO] 2020-02-28 20:20:13,823: -SERVICE [/usb_cam/image_proc_rectify_mono/set_parameters] /usb_cam/image_proc rosrpc://itachi-HP-Pavilion-Laptop-15-cc1xx:57567
[rosmaster.master][INFO] 2020-02-28 20:20:13,823: -SERVICE [/usb_cam/image_rect/compressedDepth/set_parameters] /usb_cam/image_proc rosrpc://itachi-HP-Pavilion-Laptop-15-cc1xx:57567
[rosmaster.master][INFO] 2020-02-28 20:20:13,824: -SERVICE [/usb_cam/image_rect/compressed/set_parameters] /usb_cam/image_proc rosrpc://itachi-HP-Pavilion-Laptop-15-cc1xx:57567
[rosmaster.master][INFO] 2020-02-28 20:20:13,824: -SERVICE [/usb_cam/image_rect/theora/set_parameters] /usb_cam/image_proc rosrpc://itachi-HP-Pavilion-Laptop-15-cc1xx:57567
[rosmaster.master][INFO] 2020-02-28 20:20:13,825: -SERVICE [/usb_cam/image_proc_rectify_color/set_parameters] /usb_cam/image_proc rosrpc://itachi-HP-Pavilion-Laptop-15-cc1xx:57567
[rosmaster.master][INFO] 2020-02-28 20:20:13,825: -SERVICE [/usb_cam/image_rect_color/compressedDepth/set_parameters] /usb_cam/image_proc rosrpc://itachi-HP-Pavilion-Laptop-15-cc1xx:57567
[rosmaster.master][INFO] 2020-02-28 20:20:13,826: -SERVICE [/usb_cam/image_rect_color/compressed/set_parameters] /usb_cam/image_proc rosrpc://itachi-HP-Pavilion-Laptop-15-cc1xx:57567
[rosmaster.master][INFO] 2020-02-28 20:20:13,826: -SERVICE [/usb_cam/image_rect_color/theora/set_parameters] /usb_cam/image_proc rosrpc://itachi-HP-Pavilion-Laptop-15-cc1xx:57567
[rosmaster.master][INFO] 2020-02-28 20:20:13,881: publisherUpdate[/usb_cam/image_color] -> http://itachi-HP-Pavilion-Laptop-15-cc1xx:35047/ []
[rosmaster.master][INFO] 2020-02-28 20:20:13,881: publisherUpdate[/usb_cam/image_color] -> http://itachi-HP-Pavilion-Laptop-15-cc1xx:35047/ []: sec=0.00, exception=<Fault -1: 'publisherUpdate: unknown method name'>
[rosmaster.threadpool][ERROR] 2020-02-28 20:20:13,881: Traceback (most recent call last):
  File "/opt/ros/kinetic/lib/python2.7/dist-packages/rosmaster/threadpool.py", line 218, in run
    result = cmd(*args)
  File "/opt/ros/kinetic/lib/python2.7/dist-packages/rosmaster/master_api.py", line 210, in publisher_update_task
    ret = xmlrpcapi(api).publisherUpdate('/master', topic, pub_uris)
  File "/usr/lib/python2.7/xmlrpclib.py", line 1243, in __call__
    return self.__send(self.__name, args)
  File "/usr/lib/python2.7/xmlrpclib.py", line 1602, in __request
    verbose=self.__verbose
  File "/usr/lib/python2.7/xmlrpclib.py", line 1283, in request
    return self.single_request(host, handler, request_body, verbose)
  File "/usr/lib/python2.7/xmlrpclib.py", line 1316, in single_request
    return self.parse_response(response)
  File "/usr/lib/python2.7/xmlrpclib.py", line 1493, in parse_response
    return u.close()
  File "/usr/lib/python2.7/xmlrpclib.py", line 800, in close
    raise Fault(**self._stack[0])
Fault: <Fault -1: 'publisherUpdate: unknown method name'>

[rosmaster.master][INFO] 2020-02-28 20:20:13,885: -PUB [/rosout] /whycon_display/image_view http://itachi-HP-Pavilion-Laptop-15-cc1xx:46429/
[rosmaster.master][INFO] 2020-02-28 20:20:13,885: publisherUpdate[/rosout] -> http://itachi-HP-Pavilion-Laptop-15-cc1xx:43531/ []
[rosmaster.master][INFO] 2020-02-28 20:20:13,885: -PUB [/whycon_display/image_view/output] /whycon_display/image_view http://itachi-HP-Pavilion-Laptop-15-cc1xx:46429/
[rosmaster.master][INFO] 2020-02-28 20:20:13,886: publisherUpdate[/rosout] -> http://itachi-HP-Pavilion-Laptop-15-cc1xx:43531/ []: sec=0.00, result=[1, '', 0]
[rosmaster.master][INFO] 2020-02-28 20:20:13,886: -PUB [/whycon_display/image_view/parameter_descriptions] /whycon_display/image_view http://itachi-HP-Pavilion-Laptop-15-cc1xx:46429/
[rosmaster.master][INFO] 2020-02-28 20:20:13,887: -PUB [/whycon_display/image_view/parameter_updates] /whycon_display/image_view http://itachi-HP-Pavilion-Laptop-15-cc1xx:46429/
[rosmaster.master][INFO] 2020-02-28 20:20:13,887: -SUB [/whycon/image_out] /whycon_display/image_view http://itachi-HP-Pavilion-Laptop-15-cc1xx:46429/
[rosmaster.master][INFO] 2020-02-28 20:20:13,888: -SERVICE [/whycon_display/image_view/get_loggers] /whycon_display/image_view rosrpc://itachi-HP-Pavilion-Laptop-15-cc1xx:50091
[rosmaster.master][INFO] 2020-02-28 20:20:13,888: -SERVICE [/whycon_display/image_view/set_logger_level] /whycon_display/image_view rosrpc://itachi-HP-Pavilion-Laptop-15-cc1xx:50091
[rosmaster.master][INFO] 2020-02-28 20:20:13,889: -SERVICE [/whycon_display/image_view/set_parameters] /whycon_display/image_view rosrpc://itachi-HP-Pavilion-Laptop-15-cc1xx:50091
[rosmaster.master][INFO] 2020-02-28 20:20:14,187: -PUB [/rosout_agg] /rosout http://itachi-HP-Pavilion-Laptop-15-cc1xx:43531/
[rosmaster.master][INFO] 2020-02-28 20:20:14,187: -SUB [/rosout] /rosout http://itachi-HP-Pavilion-Laptop-15-cc1xx:43531/
[rosmaster.master][INFO] 2020-02-28 20:20:14,188: -SERVICE [/rosout/get_loggers] /rosout rosrpc://itachi-HP-Pavilion-Laptop-15-cc1xx:38629
[rosmaster.master][INFO] 2020-02-28 20:20:14,189: -SERVICE [/rosout/set_logger_level] /rosout rosrpc://itachi-HP-Pavilion-Laptop-15-cc1xx:38629
[rosmaster.main][INFO] 2020-02-28 20:20:14,217: keyboard interrupt, will exit
[rosmaster.main][INFO] 2020-02-28 20:20:14,217: stopping master...
[rospy.core][INFO] 2020-02-28 20:20:14,217: signal_shutdown [atexit]
