[rosmaster.main][INFO] 2020-02-28 18:28:27,590: initialization complete, waiting for shutdown
[rosmaster.main][INFO] 2020-02-28 18:28:27,590: Starting ROS Master Node
[xmlrpc][INFO] 2020-02-28 18:28:27,591: XML-RPC server binding to 0.0.0.0:11311
[xmlrpc][INFO] 2020-02-28 18:28:27,591: Started XML-RPC server [http://itachi-HP-Pavilion-Laptop-15-cc1xx:11311/]
[xmlrpc][INFO] 2020-02-28 18:28:27,591: xml rpc node: starting XML-RPC server
[rosmaster.master][INFO] 2020-02-28 18:28:27,591: Master initialized: port[11311], uri[http://itachi-HP-Pavilion-Laptop-15-cc1xx:11311/]
[rosmaster.master][INFO] 2020-02-28 18:28:27,638: +PARAM [/run_id] by /roslaunch
[rosmaster.master][INFO] 2020-02-28 18:28:27,640: +PARAM [/roslaunch/uris/host_itachi_hp_pavilion_laptop_15_cc1xx__34713] by /roslaunch
[rosmaster.master][INFO] 2020-02-28 18:28:27,733: +PARAM [/usb_cam/image_width] by /roslaunch
[rosmaster.master][INFO] 2020-02-28 18:28:27,733: +PARAM [/usb_cam/video_device] by /roslaunch
[rosmaster.master][INFO] 2020-02-28 18:28:27,733: +PARAM [/rosdistro] by /roslaunch
[rosmaster.master][INFO] 2020-02-28 18:28:27,733: +PARAM [/serial_node/baud] by /roslaunch
[rosmaster.master][INFO] 2020-02-28 18:28:27,733: +PARAM [/whycon/targets] by /roslaunch
[rosmaster.master][INFO] 2020-02-28 18:28:27,733: +PARAM [/usb_cam/pixel_format] by /roslaunch
[rosmaster.master][INFO] 2020-02-28 18:28:27,733: +PARAM [/usb_cam/io_method] by /roslaunch
[rosmaster.master][INFO] 2020-02-28 18:28:27,733: +PARAM [/usb_cam/camera_frame_id] by /roslaunch
[rosmaster.master][INFO] 2020-02-28 18:28:27,734: +PARAM [/whycon/name] by /roslaunch
[rosmaster.master][INFO] 2020-02-28 18:28:27,734: +PARAM [/rosversion] by /roslaunch
[rosmaster.master][INFO] 2020-02-28 18:28:27,734: +PARAM [/whycon/outer_diameter] by /roslaunch
[rosmaster.master][INFO] 2020-02-28 18:28:27,734: +PARAM [/usb_cam/image_height] by /roslaunch
[rosmaster.master][INFO] 2020-02-28 18:28:27,734: +PARAM [/serial_node/port] by /roslaunch
[rosmaster.master][INFO] 2020-02-28 18:28:27,734: +PARAM [/whycon/inner_diameter] by /roslaunch
[rosmaster.master][INFO] 2020-02-28 18:28:27,735: +SERVICE [/rosout/get_loggers] /rosout http://itachi-HP-Pavilion-Laptop-15-cc1xx:41927/
[rosmaster.master][INFO] 2020-02-28 18:28:27,736: +SERVICE [/rosout/set_logger_level] /rosout http://itachi-HP-Pavilion-Laptop-15-cc1xx:41927/
[rosmaster.master][INFO] 2020-02-28 18:28:27,737: +PUB [/rosout_agg] /rosout http://itachi-HP-Pavilion-Laptop-15-cc1xx:41927/
[rosmaster.master][INFO] 2020-02-28 18:28:27,739: +SUB [/rosout] /rosout http://itachi-HP-Pavilion-Laptop-15-cc1xx:41927/
[rosmaster.master][INFO] 2020-02-28 18:28:27,765: +PUB [/rosout] /usb_cam http://itachi-HP-Pavilion-Laptop-15-cc1xx:46623/
[rosmaster.master][INFO] 2020-02-28 18:28:27,765: +SERVICE [/usb_cam/get_loggers] /usb_cam http://itachi-HP-Pavilion-Laptop-15-cc1xx:46623/
[rosmaster.master][INFO] 2020-02-28 18:28:27,766: +SERVICE [/usb_cam/set_logger_level] /usb_cam http://itachi-HP-Pavilion-Laptop-15-cc1xx:46623/
[rosmaster.master][INFO] 2020-02-28 18:28:27,774: +PUB [/rosout] /usb_cam/image_proc http://itachi-HP-Pavilion-Laptop-15-cc1xx:36241/
[rosmaster.master][INFO] 2020-02-28 18:28:27,775: +SERVICE [/usb_cam/image_proc/get_loggers] /usb_cam/image_proc http://itachi-HP-Pavilion-Laptop-15-cc1xx:36241/
[rosmaster.master][INFO] 2020-02-28 18:28:27,776: +SERVICE [/usb_cam/image_proc/set_logger_level] /usb_cam/image_proc http://itachi-HP-Pavilion-Laptop-15-cc1xx:36241/
[rosmaster.master][INFO] 2020-02-28 18:28:27,790: +PUB [/rosout] /whycon http://itachi-HP-Pavilion-Laptop-15-cc1xx:37547/
[rosmaster.master][INFO] 2020-02-28 18:28:27,792: publisherUpdate[/rosout] -> http://itachi-HP-Pavilion-Laptop-15-cc1xx:41927/ ['http://itachi-HP-Pavilion-Laptop-15-cc1xx:46623/']
[rosmaster.master][INFO] 2020-02-28 18:28:27,792: +SERVICE [/whycon/get_loggers] /whycon http://itachi-HP-Pavilion-Laptop-15-cc1xx:37547/
[rosmaster.master][INFO] 2020-02-28 18:28:27,794: +PUB [/rosout] /whycon_display/image_view http://itachi-HP-Pavilion-Laptop-15-cc1xx:41049/
[rosmaster.master][INFO] 2020-02-28 18:28:27,795: publisherUpdate[/rosout] -> http://itachi-HP-Pavilion-Laptop-15-cc1xx:41927/ ['http://itachi-HP-Pavilion-Laptop-15-cc1xx:46623/']: sec=0.00, result=[1, '', 0]
[rosmaster.master][INFO] 2020-02-28 18:28:27,795: publisherUpdate[/rosout] -> http://itachi-HP-Pavilion-Laptop-15-cc1xx:41927/ ['http://itachi-HP-Pavilion-Laptop-15-cc1xx:46623/', 'http://itachi-HP-Pavilion-Laptop-15-cc1xx:36241/']
[rosmaster.master][INFO] 2020-02-28 18:28:27,796: +SERVICE [/whycon/set_logger_level] /whycon http://itachi-HP-Pavilion-Laptop-15-cc1xx:37547/
[rosmaster.master][INFO] 2020-02-28 18:28:27,797: publisherUpdate[/rosout] -> http://itachi-HP-Pavilion-Laptop-15-cc1xx:41927/ ['http://itachi-HP-Pavilion-Laptop-15-cc1xx:46623/', 'http://itachi-HP-Pavilion-Laptop-15-cc1xx:36241/']: sec=0.00, result=[1, '', 0]
[rosmaster.master][INFO] 2020-02-28 18:28:27,797: publisherUpdate[/rosout] -> http://itachi-HP-Pavilion-Laptop-15-cc1xx:41927/ ['http://itachi-HP-Pavilion-Laptop-15-cc1xx:46623/', 'http://itachi-HP-Pavilion-Laptop-15-cc1xx:36241/', 'http://itachi-HP-Pavilion-Laptop-15-cc1xx:37547/']
[rosmaster.master][INFO] 2020-02-28 18:28:27,797: +SERVICE [/whycon_display/image_view/get_loggers] /whycon_display/image_view http://itachi-HP-Pavilion-Laptop-15-cc1xx:41049/
[rosmaster.master][INFO] 2020-02-28 18:28:27,798: publisherUpdate[/rosout] -> http://itachi-HP-Pavilion-Laptop-15-cc1xx:41927/ ['http://itachi-HP-Pavilion-Laptop-15-cc1xx:46623/', 'http://itachi-HP-Pavilion-Laptop-15-cc1xx:36241/', 'http://itachi-HP-Pavilion-Laptop-15-cc1xx:37547/']: sec=0.00, result=[1, '', 0]
[rosmaster.master][INFO] 2020-02-28 18:28:27,798: publisherUpdate[/rosout] -> http://itachi-HP-Pavilion-Laptop-15-cc1xx:41927/ ['http://itachi-HP-Pavilion-Laptop-15-cc1xx:46623/', 'http://itachi-HP-Pavilion-Laptop-15-cc1xx:36241/', 'http://itachi-HP-Pavilion-Laptop-15-cc1xx:37547/', 'http://itachi-HP-Pavilion-Laptop-15-cc1xx:41049/']
[rosmaster.master][INFO] 2020-02-28 18:28:27,799: publisherUpdate[/rosout] -> http://itachi-HP-Pavilion-Laptop-15-cc1xx:41927/ ['http://itachi-HP-Pavilion-Laptop-15-cc1xx:46623/', 'http://itachi-HP-Pavilion-Laptop-15-cc1xx:36241/', 'http://itachi-HP-Pavilion-Laptop-15-cc1xx:37547/', 'http://itachi-HP-Pavilion-Laptop-15-cc1xx:41049/']: sec=0.00, result=[1, '', 0]
[rosmaster.master][INFO] 2020-02-28 18:28:27,800: +SERVICE [/whycon_display/image_view/set_logger_level] /whycon_display/image_view http://itachi-HP-Pavilion-Laptop-15-cc1xx:41049/
[rosmaster.master][INFO] 2020-02-28 18:28:27,804: +SERVICE [/usb_cam/image_proc_debayer/set_parameters] /usb_cam/image_proc http://itachi-HP-Pavilion-Laptop-15-cc1xx:36241/
[rosmaster.master][INFO] 2020-02-28 18:28:27,805: +PUB [/usb_cam/image_proc_debayer/parameter_descriptions] /usb_cam/image_proc http://itachi-HP-Pavilion-Laptop-15-cc1xx:36241/
[rosmaster.master][INFO] 2020-02-28 18:28:27,806: +PUB [/usb_cam/image_proc_debayer/parameter_updates] /usb_cam/image_proc http://itachi-HP-Pavilion-Laptop-15-cc1xx:36241/
[rosmaster.master][INFO] 2020-02-28 18:28:27,807: +PARAM [/usb_cam/image_proc_debayer/debayer] by /usb_cam/image_proc
[rosmaster.master][INFO] 2020-02-28 18:28:27,808: +PUB [/usb_cam/image_raw/compressedDepth] /usb_cam http://itachi-HP-Pavilion-Laptop-15-cc1xx:46623/
[rosmaster.master][INFO] 2020-02-28 18:28:27,809: +PARAM [/usb_cam/image_proc_debayer/debayer] by /usb_cam/image_proc
[rosmaster.master][INFO] 2020-02-28 18:28:27,810: +SERVICE [/usb_cam/image_raw/compressedDepth/set_parameters] /usb_cam http://itachi-HP-Pavilion-Laptop-15-cc1xx:46623/
[rosmaster.master][INFO] 2020-02-28 18:28:27,811: +PUB [/usb_cam/image_raw/compressedDepth/parameter_descriptions] /usb_cam http://itachi-HP-Pavilion-Laptop-15-cc1xx:46623/
[rosmaster.master][INFO] 2020-02-28 18:28:27,812: +PUB [/usb_cam/image_raw/compressedDepth/parameter_updates] /usb_cam http://itachi-HP-Pavilion-Laptop-15-cc1xx:46623/
[rosmaster.master][INFO] 2020-02-28 18:28:27,812: +PUB [/usb_cam/image_mono/compressedDepth] /usb_cam/image_proc http://itachi-HP-Pavilion-Laptop-15-cc1xx:36241/
[rosmaster.master][INFO] 2020-02-28 18:28:27,814: +SERVICE [/usb_cam/image_mono/compressedDepth/set_parameters] /usb_cam/image_proc http://itachi-HP-Pavilion-Laptop-15-cc1xx:36241/
[rosmaster.master][INFO] 2020-02-28 18:28:27,815: +PUB [/usb_cam/image_mono/compressedDepth/parameter_descriptions] /usb_cam/image_proc http://itachi-HP-Pavilion-Laptop-15-cc1xx:36241/
[rosmaster.master][INFO] 2020-02-28 18:28:27,816: +PUB [/usb_cam/image_mono/compressedDepth/parameter_updates] /usb_cam/image_proc http://itachi-HP-Pavilion-Laptop-15-cc1xx:36241/
[rosmaster.master][INFO] 2020-02-28 18:28:27,817: +PARAM [/usb_cam/image_raw/compressedDepth/depth_max] by /usb_cam
[rosmaster.master][INFO] 2020-02-28 18:28:27,818: +PARAM [/usb_cam/image_raw/compressedDepth/depth_quantization] by /usb_cam
[rosmaster.master][INFO] 2020-02-28 18:28:27,820: +PARAM [/usb_cam/image_raw/compressedDepth/png_level] by /usb_cam
[rosmaster.master][INFO] 2020-02-28 18:28:27,820: +PARAM [/usb_cam/image_mono/compressedDepth/depth_max] by /usb_cam/image_proc
[rosmaster.master][INFO] 2020-02-28 18:28:27,821: +PARAM [/usb_cam/image_raw/compressedDepth/depth_max] by /usb_cam
[rosmaster.master][INFO] 2020-02-28 18:28:27,822: +PARAM [/usb_cam/image_mono/compressedDepth/depth_quantization] by /usb_cam/image_proc
[rosmaster.master][INFO] 2020-02-28 18:28:27,822: +PARAM [/usb_cam/image_raw/compressedDepth/depth_quantization] by /usb_cam
[rosmaster.master][INFO] 2020-02-28 18:28:27,823: +PARAM [/usb_cam/image_mono/compressedDepth/png_level] by /usb_cam/image_proc
[rosmaster.master][INFO] 2020-02-28 18:28:27,823: +PARAM [/usb_cam/image_raw/compressedDepth/png_level] by /usb_cam
[rosmaster.master][INFO] 2020-02-28 18:28:27,824: +PARAM [/usb_cam/image_mono/compressedDepth/depth_max] by /usb_cam/image_proc
[rosmaster.master][INFO] 2020-02-28 18:28:27,825: +PARAM [/usb_cam/image_mono/compressedDepth/depth_quantization] by /usb_cam/image_proc
[rosmaster.master][INFO] 2020-02-28 18:28:27,825: +PUB [/usb_cam/image_raw/compressed] /usb_cam http://itachi-HP-Pavilion-Laptop-15-cc1xx:46623/
[rosmaster.master][INFO] 2020-02-28 18:28:27,826: +PARAM [/usb_cam/image_mono/compressedDepth/png_level] by /usb_cam/image_proc
[rosmaster.master][INFO] 2020-02-28 18:28:27,826: +SERVICE [/usb_cam/image_raw/compressed/set_parameters] /usb_cam http://itachi-HP-Pavilion-Laptop-15-cc1xx:46623/
[rosmaster.master][INFO] 2020-02-28 18:28:27,827: +PUB [/usb_cam/image_mono/compressed] /usb_cam/image_proc http://itachi-HP-Pavilion-Laptop-15-cc1xx:36241/
[rosmaster.master][INFO] 2020-02-28 18:28:27,827: +PUB [/usb_cam/image_raw/compressed/parameter_descriptions] /usb_cam http://itachi-HP-Pavilion-Laptop-15-cc1xx:46623/
[rosmaster.master][INFO] 2020-02-28 18:28:27,828: +SERVICE [/usb_cam/image_mono/compressed/set_parameters] /usb_cam/image_proc http://itachi-HP-Pavilion-Laptop-15-cc1xx:36241/
[rosmaster.master][INFO] 2020-02-28 18:28:27,829: +PUB [/usb_cam/image_raw/compressed/parameter_updates] /usb_cam http://itachi-HP-Pavilion-Laptop-15-cc1xx:46623/
[rosmaster.master][INFO] 2020-02-28 18:28:27,829: +PUB [/usb_cam/image_mono/compressed/parameter_descriptions] /usb_cam/image_proc http://itachi-HP-Pavilion-Laptop-15-cc1xx:36241/
[rosmaster.master][INFO] 2020-02-28 18:28:27,830: +PUB [/usb_cam/image_mono/compressed/parameter_updates] /usb_cam/image_proc http://itachi-HP-Pavilion-Laptop-15-cc1xx:36241/
[rosmaster.master][INFO] 2020-02-28 18:28:27,833: +PARAM [/usb_cam/image_raw/compressed/format] by /usb_cam
[rosmaster.master][INFO] 2020-02-28 18:28:27,834: +PARAM [/usb_cam/image_raw/compressed/jpeg_quality] by /usb_cam
[rosmaster.master][INFO] 2020-02-28 18:28:27,834: +PARAM [/usb_cam/image_mono/compressed/format] by /usb_cam/image_proc
[rosmaster.master][INFO] 2020-02-28 18:28:27,835: +PARAM [/usb_cam/image_raw/compressed/png_level] by /usb_cam
[rosmaster.master][INFO] 2020-02-28 18:28:27,836: +PARAM [/usb_cam/image_mono/compressed/jpeg_quality] by /usb_cam/image_proc
[rosmaster.master][INFO] 2020-02-28 18:28:27,837: +PARAM [/usb_cam/image_raw/compressed/format] by /usb_cam
[rosmaster.master][INFO] 2020-02-28 18:28:27,838: +PARAM [/usb_cam/image_mono/compressed/png_level] by /usb_cam/image_proc
[rosmaster.master][INFO] 2020-02-28 18:28:27,839: +PARAM [/usb_cam/image_raw/compressed/jpeg_quality] by /usb_cam
[rosmaster.master][INFO] 2020-02-28 18:28:27,840: +PARAM [/usb_cam/image_mono/compressed/format] by /usb_cam/image_proc
[rosmaster.master][INFO] 2020-02-28 18:28:27,841: +PARAM [/usb_cam/image_raw/compressed/png_level] by /usb_cam
[rosmaster.master][INFO] 2020-02-28 18:28:27,841: +PARAM [/usb_cam/image_mono/compressed/jpeg_quality] by /usb_cam/image_proc
[rosmaster.master][INFO] 2020-02-28 18:28:27,842: +PARAM [/usb_cam/image_mono/compressed/png_level] by /usb_cam/image_proc
[rosmaster.master][INFO] 2020-02-28 18:28:27,844: +PUB [/usb_cam/image_raw] /usb_cam http://itachi-HP-Pavilion-Laptop-15-cc1xx:46623/
[rosmaster.master][INFO] 2020-02-28 18:28:27,844: +PUB [/usb_cam/image_mono] /usb_cam/image_proc http://itachi-HP-Pavilion-Laptop-15-cc1xx:36241/
[rosmaster.master][INFO] 2020-02-28 18:28:27,846: +PUB [/usb_cam/image_raw/theora] /usb_cam http://itachi-HP-Pavilion-Laptop-15-cc1xx:46623/
[rosmaster.master][INFO] 2020-02-28 18:28:27,847: +PUB [/usb_cam/image_mono/theora] /usb_cam/image_proc http://itachi-HP-Pavilion-Laptop-15-cc1xx:36241/
[rosmaster.master][INFO] 2020-02-28 18:28:27,848: +SERVICE [/usb_cam/image_raw/theora/set_parameters] /usb_cam http://itachi-HP-Pavilion-Laptop-15-cc1xx:46623/
[rosmaster.master][INFO] 2020-02-28 18:28:27,849: +SERVICE [/usb_cam/image_mono/theora/set_parameters] /usb_cam/image_proc http://itachi-HP-Pavilion-Laptop-15-cc1xx:36241/
[rosmaster.master][INFO] 2020-02-28 18:28:27,850: +PUB [/usb_cam/image_raw/theora/parameter_descriptions] /usb_cam http://itachi-HP-Pavilion-Laptop-15-cc1xx:46623/
[rosmaster.master][INFO] 2020-02-28 18:28:27,851: +PUB [/usb_cam/image_mono/theora/parameter_descriptions] /usb_cam/image_proc http://itachi-HP-Pavilion-Laptop-15-cc1xx:36241/
[rosmaster.master][INFO] 2020-02-28 18:28:27,851: +PUB [/usb_cam/image_raw/theora/parameter_updates] /usb_cam http://itachi-HP-Pavilion-Laptop-15-cc1xx:46623/
[rosmaster.master][INFO] 2020-02-28 18:28:27,852: +PUB [/usb_cam/image_mono/theora/parameter_updates] /usb_cam/image_proc http://itachi-HP-Pavilion-Laptop-15-cc1xx:36241/
[rosmaster.master][INFO] 2020-02-28 18:28:27,857: +PUB [/tf] /whycon http://itachi-HP-Pavilion-Laptop-15-cc1xx:37547/
[rosmaster.master][INFO] 2020-02-28 18:28:27,859: +PARAM [/usb_cam/image_raw/theora/optimize_for] by /usb_cam
[rosmaster.master][INFO] 2020-02-28 18:28:27,860: +PARAM [/usb_cam/image_mono/theora/optimize_for] by /usb_cam/image_proc
[rosmaster.master][INFO] 2020-02-28 18:28:27,861: +PARAM [/usb_cam/image_raw/theora/target_bitrate] by /usb_cam
[rosmaster.master][INFO] 2020-02-28 18:28:27,862: +PARAM [/usb_cam/image_mono/theora/target_bitrate] by /usb_cam/image_proc
[rosmaster.master][INFO] 2020-02-28 18:28:27,863: +PARAM [/usb_cam/image_raw/theora/quality] by /usb_cam
[rosmaster.master][INFO] 2020-02-28 18:28:27,863: +PARAM [/usb_cam/image_mono/theora/quality] by /usb_cam/image_proc
[rosmaster.master][INFO] 2020-02-28 18:28:27,864: +PARAM [/usb_cam/image_raw/theora/keyframe_frequency] by /usb_cam
[rosmaster.master][INFO] 2020-02-28 18:28:27,865: +PARAM [/usb_cam/image_mono/theora/keyframe_frequency] by /usb_cam/image_proc
[rosmaster.master][INFO] 2020-02-28 18:28:27,867: +PARAM [/usb_cam/image_raw/theora/optimize_for] by /usb_cam
[rosmaster.master][INFO] 2020-02-28 18:28:27,867: +PARAM [/usb_cam/image_mono/theora/optimize_for] by /usb_cam/image_proc
[rosmaster.master][INFO] 2020-02-28 18:28:27,869: +PARAM [/usb_cam/image_raw/theora/target_bitrate] by /usb_cam
[rosmaster.master][INFO] 2020-02-28 18:28:27,870: +PARAM [/usb_cam/image_mono/theora/target_bitrate] by /usb_cam/image_proc
[rosmaster.master][INFO] 2020-02-28 18:28:27,871: +PARAM [/usb_cam/image_raw/theora/quality] by /usb_cam
[rosmaster.master][INFO] 2020-02-28 18:28:27,872: +SUB [/usb_cam/image_rect_color] /whycon http://itachi-HP-Pavilion-Laptop-15-cc1xx:37547/
[rosmaster.master][INFO] 2020-02-28 18:28:27,872: +PARAM [/usb_cam/image_mono/theora/quality] by /usb_cam/image_proc
[rosmaster.master][INFO] 2020-02-28 18:28:27,873: +PARAM [/usb_cam/image_raw/theora/keyframe_frequency] by /usb_cam
[rosmaster.master][INFO] 2020-02-28 18:28:27,874: +PARAM [/usb_cam/image_mono/theora/keyframe_frequency] by /usb_cam/image_proc
[rosmaster.master][INFO] 2020-02-28 18:28:27,875: +PUB [/usb_cam/camera_info] /usb_cam http://itachi-HP-Pavilion-Laptop-15-cc1xx:46623/
[rosmaster.master][INFO] 2020-02-28 18:28:27,877: +PUB [/usb_cam/image_color/compressedDepth] /usb_cam/image_proc http://itachi-HP-Pavilion-Laptop-15-cc1xx:36241/
[rosmaster.master][INFO] 2020-02-28 18:28:27,878: +SERVICE [/usb_cam/image_color/compressedDepth/set_parameters] /usb_cam/image_proc http://itachi-HP-Pavilion-Laptop-15-cc1xx:36241/
[rosmaster.master][INFO] 2020-02-28 18:28:27,880: +PUB [/usb_cam/image_color/compressedDepth/parameter_descriptions] /usb_cam/image_proc http://itachi-HP-Pavilion-Laptop-15-cc1xx:36241/
[rosmaster.master][INFO] 2020-02-28 18:28:27,881: +SUB [/usb_cam/camera_info] /whycon http://itachi-HP-Pavilion-Laptop-15-cc1xx:37547/
[rosmaster.master][INFO] 2020-02-28 18:28:27,882: +PUB [/usb_cam/image_color/compressedDepth/parameter_updates] /usb_cam/image_proc http://itachi-HP-Pavilion-Laptop-15-cc1xx:36241/
[rosmaster.master][INFO] 2020-02-28 18:28:27,883: +PUB [/whycon/image_out] /whycon http://itachi-HP-Pavilion-Laptop-15-cc1xx:37547/
[rosmaster.master][INFO] 2020-02-28 18:28:27,886: +PUB [/whycon/poses] /whycon http://itachi-HP-Pavilion-Laptop-15-cc1xx:37547/
[rosmaster.master][INFO] 2020-02-28 18:28:27,888: +PUB [/whycon/context] /whycon http://itachi-HP-Pavilion-Laptop-15-cc1xx:37547/
[rosmaster.master][INFO] 2020-02-28 18:28:27,889: +PARAM [/usb_cam/image_color/compressedDepth/depth_max] by /usb_cam/image_proc
[rosmaster.master][INFO] 2020-02-28 18:28:27,890: +PUB [/whycon/projection] /whycon http://itachi-HP-Pavilion-Laptop-15-cc1xx:37547/
[rosmaster.master][INFO] 2020-02-28 18:28:27,891: +PARAM [/usb_cam/image_color/compressedDepth/depth_quantization] by /usb_cam/image_proc
[rosmaster.master][INFO] 2020-02-28 18:28:27,891: +SERVICE [/whycon/reset] /whycon http://itachi-HP-Pavilion-Laptop-15-cc1xx:37547/
[rosmaster.master][INFO] 2020-02-28 18:28:27,893: +PARAM [/usb_cam/image_color/compressedDepth/png_level] by /usb_cam/image_proc
[rosmaster.master][INFO] 2020-02-28 18:28:27,894: +PARAM [/usb_cam/image_color/compressedDepth/depth_max] by /usb_cam/image_proc
[rosmaster.master][INFO] 2020-02-28 18:28:27,895: +PARAM [/usb_cam/image_color/compressedDepth/depth_quantization] by /usb_cam/image_proc
[rosmaster.master][INFO] 2020-02-28 18:28:27,896: +PARAM [/usb_cam/image_color/compressedDepth/png_level] by /usb_cam/image_proc
[rosmaster.master][INFO] 2020-02-28 18:28:27,897: +PUB [/usb_cam/image_color/compressed] /usb_cam/image_proc http://itachi-HP-Pavilion-Laptop-15-cc1xx:36241/
[rosmaster.master][INFO] 2020-02-28 18:28:27,899: +SERVICE [/usb_cam/image_color/compressed/set_parameters] /usb_cam/image_proc http://itachi-HP-Pavilion-Laptop-15-cc1xx:36241/
[rosmaster.master][INFO] 2020-02-28 18:28:27,900: +PUB [/usb_cam/image_color/compressed/parameter_descriptions] /usb_cam/image_proc http://itachi-HP-Pavilion-Laptop-15-cc1xx:36241/
[rosmaster.master][INFO] 2020-02-28 18:28:27,901: +PUB [/usb_cam/image_color/compressed/parameter_updates] /usb_cam/image_proc http://itachi-HP-Pavilion-Laptop-15-cc1xx:36241/
[rosmaster.master][INFO] 2020-02-28 18:28:27,906: +PARAM [/usb_cam/image_color/compressed/format] by /usb_cam/image_proc
[rosmaster.master][INFO] 2020-02-28 18:28:27,908: +PARAM [/usb_cam/image_color/compressed/jpeg_quality] by /usb_cam/image_proc
[rosmaster.master][INFO] 2020-02-28 18:28:27,910: +PARAM [/usb_cam/image_color/compressed/png_level] by /usb_cam/image_proc
[rosmaster.master][INFO] 2020-02-28 18:28:27,910: +SERVICE [/usb_cam/set_camera_info] /usb_cam http://itachi-HP-Pavilion-Laptop-15-cc1xx:46623/
[rosmaster.master][INFO] 2020-02-28 18:28:27,911: +PARAM [/usb_cam/image_color/compressed/format] by /usb_cam/image_proc
[rosmaster.master][INFO] 2020-02-28 18:28:27,911: +SERVICE [/usb_cam/start_capture] /usb_cam http://itachi-HP-Pavilion-Laptop-15-cc1xx:46623/
[rosmaster.master][INFO] 2020-02-28 18:28:27,912: +PARAM [/usb_cam/image_color/compressed/jpeg_quality] by /usb_cam/image_proc
[rosmaster.master][INFO] 2020-02-28 18:28:27,912: +SERVICE [/usb_cam/stop_capture] /usb_cam http://itachi-HP-Pavilion-Laptop-15-cc1xx:46623/
[rosmaster.master][INFO] 2020-02-28 18:28:27,913: +PARAM [/usb_cam/image_color/compressed/png_level] by /usb_cam/image_proc
[rosmaster.master][INFO] 2020-02-28 18:28:27,914: +PUB [/usb_cam/image_color] /usb_cam/image_proc http://itachi-HP-Pavilion-Laptop-15-cc1xx:36241/
[rosmaster.master][INFO] 2020-02-28 18:28:27,914: +PUB [/usb_cam/image_color/theora] /usb_cam/image_proc http://itachi-HP-Pavilion-Laptop-15-cc1xx:36241/
[rosmaster.master][INFO] 2020-02-28 18:28:27,915: +SERVICE [/usb_cam/image_color/theora/set_parameters] /usb_cam/image_proc http://itachi-HP-Pavilion-Laptop-15-cc1xx:36241/
[rosmaster.master][INFO] 2020-02-28 18:28:27,915: +PUB [/usb_cam/image_color/theora/parameter_descriptions] /usb_cam/image_proc http://itachi-HP-Pavilion-Laptop-15-cc1xx:36241/
[rosmaster.master][INFO] 2020-02-28 18:28:27,916: +PUB [/usb_cam/image_color/theora/parameter_updates] /usb_cam/image_proc http://itachi-HP-Pavilion-Laptop-15-cc1xx:36241/
[rosmaster.master][INFO] 2020-02-28 18:28:27,918: +PARAM [/usb_cam/image_color/theora/optimize_for] by /usb_cam/image_proc
[rosmaster.master][INFO] 2020-02-28 18:28:27,919: +PARAM [/usb_cam/image_color/theora/target_bitrate] by /usb_cam/image_proc
[rosmaster.master][INFO] 2020-02-28 18:28:27,919: +PARAM [/usb_cam/image_color/theora/quality] by /usb_cam/image_proc
[rosmaster.master][INFO] 2020-02-28 18:28:27,920: +PARAM [/usb_cam/image_color/theora/keyframe_frequency] by /usb_cam/image_proc
[rosmaster.master][INFO] 2020-02-28 18:28:27,920: +PARAM [/usb_cam/image_color/theora/optimize_for] by /usb_cam/image_proc
[rosmaster.master][INFO] 2020-02-28 18:28:27,921: +PARAM [/usb_cam/image_color/theora/target_bitrate] by /usb_cam/image_proc
[rosmaster.master][INFO] 2020-02-28 18:28:27,921: +PARAM [/usb_cam/image_color/theora/quality] by /usb_cam/image_proc
[rosmaster.master][INFO] 2020-02-28 18:28:27,922: +PARAM [/usb_cam/image_color/theora/keyframe_frequency] by /usb_cam/image_proc
[rosmaster.master][INFO] 2020-02-28 18:28:27,924: +SERVICE [/usb_cam/image_proc_rectify_mono/set_parameters] /usb_cam/image_proc http://itachi-HP-Pavilion-Laptop-15-cc1xx:36241/
[rosmaster.master][INFO] 2020-02-28 18:28:27,924: +PUB [/usb_cam/image_proc_rectify_mono/parameter_descriptions] /usb_cam/image_proc http://itachi-HP-Pavilion-Laptop-15-cc1xx:36241/
[rosmaster.master][INFO] 2020-02-28 18:28:27,925: +PUB [/usb_cam/image_proc_rectify_mono/parameter_updates] /usb_cam/image_proc http://itachi-HP-Pavilion-Laptop-15-cc1xx:36241/
[rosmaster.master][INFO] 2020-02-28 18:28:27,926: +PARAM [/usb_cam/image_proc_rectify_mono/interpolation] by /usb_cam/image_proc
[rosmaster.master][INFO] 2020-02-28 18:28:27,927: +PARAM [/usb_cam/image_proc_rectify_mono/interpolation] by /usb_cam/image_proc
[rosmaster.master][INFO] 2020-02-28 18:28:27,929: +PUB [/usb_cam/image_rect/compressedDepth] /usb_cam/image_proc http://itachi-HP-Pavilion-Laptop-15-cc1xx:36241/
[rosmaster.master][INFO] 2020-02-28 18:28:27,930: +SERVICE [/usb_cam/image_rect/compressedDepth/set_parameters] /usb_cam/image_proc http://itachi-HP-Pavilion-Laptop-15-cc1xx:36241/
[rosmaster.master][INFO] 2020-02-28 18:28:27,931: +PUB [/usb_cam/image_rect/compressedDepth/parameter_descriptions] /usb_cam/image_proc http://itachi-HP-Pavilion-Laptop-15-cc1xx:36241/
[rosmaster.master][INFO] 2020-02-28 18:28:27,932: +PUB [/usb_cam/image_rect/compressedDepth/parameter_updates] /usb_cam/image_proc http://itachi-HP-Pavilion-Laptop-15-cc1xx:36241/
[rosmaster.master][INFO] 2020-02-28 18:28:27,936: +PARAM [/usb_cam/image_rect/compressedDepth/depth_max] by /usb_cam/image_proc
[rosmaster.master][INFO] 2020-02-28 18:28:27,937: +PARAM [/usb_cam/image_rect/compressedDepth/depth_quantization] by /usb_cam/image_proc
[rosmaster.master][INFO] 2020-02-28 18:28:27,938: +PARAM [/usb_cam/image_rect/compressedDepth/png_level] by /usb_cam/image_proc
[rosmaster.master][INFO] 2020-02-28 18:28:27,939: +PARAM [/usb_cam/image_rect/compressedDepth/depth_max] by /usb_cam/image_proc
[rosmaster.master][INFO] 2020-02-28 18:28:27,940: +PARAM [/usb_cam/image_rect/compressedDepth/depth_quantization] by /usb_cam/image_proc
[rosmaster.master][INFO] 2020-02-28 18:28:27,941: +PARAM [/usb_cam/image_rect/compressedDepth/png_level] by /usb_cam/image_proc
[rosmaster.master][INFO] 2020-02-28 18:28:27,943: +PUB [/usb_cam/image_rect/compressed] /usb_cam/image_proc http://itachi-HP-Pavilion-Laptop-15-cc1xx:36241/
[rosmaster.master][INFO] 2020-02-28 18:28:27,945: +SERVICE [/usb_cam/image_rect/compressed/set_parameters] /usb_cam/image_proc http://itachi-HP-Pavilion-Laptop-15-cc1xx:36241/
[rosmaster.master][INFO] 2020-02-28 18:28:27,945: +PUB [/usb_cam/image_rect/compressed/parameter_descriptions] /usb_cam/image_proc http://itachi-HP-Pavilion-Laptop-15-cc1xx:36241/
[rosmaster.master][INFO] 2020-02-28 18:28:27,946: +PUB [/usb_cam/image_rect/compressed/parameter_updates] /usb_cam/image_proc http://itachi-HP-Pavilion-Laptop-15-cc1xx:36241/
[rosmaster.master][INFO] 2020-02-28 18:28:27,948: +PARAM [/usb_cam/image_rect/compressed/format] by /usb_cam/image_proc
[rosmaster.master][INFO] 2020-02-28 18:28:27,949: +PARAM [/usb_cam/image_rect/compressed/jpeg_quality] by /usb_cam/image_proc
[rosmaster.master][INFO] 2020-02-28 18:28:27,950: +PARAM [/usb_cam/image_rect/compressed/png_level] by /usb_cam/image_proc
[rosmaster.master][INFO] 2020-02-28 18:28:27,951: +PARAM [/usb_cam/image_rect/compressed/format] by /usb_cam/image_proc
[rosmaster.master][INFO] 2020-02-28 18:28:27,952: +PARAM [/usb_cam/image_rect/compressed/jpeg_quality] by /usb_cam/image_proc
[rosmaster.master][INFO] 2020-02-28 18:28:27,952: +PARAM [/usb_cam/image_rect/compressed/png_level] by /usb_cam/image_proc
[rosmaster.master][INFO] 2020-02-28 18:28:27,953: +PUB [/usb_cam/image_rect] /usb_cam/image_proc http://itachi-HP-Pavilion-Laptop-15-cc1xx:36241/
[rosmaster.master][INFO] 2020-02-28 18:28:27,954: +PUB [/usb_cam/image_rect/theora] /usb_cam/image_proc http://itachi-HP-Pavilion-Laptop-15-cc1xx:36241/
[rosmaster.master][INFO] 2020-02-28 18:28:27,955: +SERVICE [/usb_cam/image_rect/theora/set_parameters] /usb_cam/image_proc http://itachi-HP-Pavilion-Laptop-15-cc1xx:36241/
[rosmaster.master][INFO] 2020-02-28 18:28:27,955: +PUB [/usb_cam/image_rect/theora/parameter_descriptions] /usb_cam/image_proc http://itachi-HP-Pavilion-Laptop-15-cc1xx:36241/
[rosmaster.master][INFO] 2020-02-28 18:28:27,956: +PUB [/usb_cam/image_rect/theora/parameter_updates] /usb_cam/image_proc http://itachi-HP-Pavilion-Laptop-15-cc1xx:36241/
[rosmaster.master][INFO] 2020-02-28 18:28:27,959: +PARAM [/usb_cam/image_rect/theora/optimize_for] by /usb_cam/image_proc
[rosmaster.master][INFO] 2020-02-28 18:28:27,959: +PARAM [/usb_cam/image_rect/theora/target_bitrate] by /usb_cam/image_proc
[rosmaster.master][INFO] 2020-02-28 18:28:27,961: +PARAM [/usb_cam/image_rect/theora/quality] by /usb_cam/image_proc
[rosmaster.master][INFO] 2020-02-28 18:28:27,963: +PARAM [/usb_cam/image_rect/theora/keyframe_frequency] by /usb_cam/image_proc
[rosmaster.master][INFO] 2020-02-28 18:28:27,963: +PARAM [/usb_cam/image_rect/theora/optimize_for] by /usb_cam/image_proc
[rosmaster.master][INFO] 2020-02-28 18:28:27,964: +PARAM [/usb_cam/image_rect/theora/target_bitrate] by /usb_cam/image_proc
[rosmaster.master][INFO] 2020-02-28 18:28:27,964: +PARAM [/usb_cam/image_rect/theora/quality] by /usb_cam/image_proc
[rosmaster.master][INFO] 2020-02-28 18:28:27,965: +PARAM [/usb_cam/image_rect/theora/keyframe_frequency] by /usb_cam/image_proc
[rosmaster.master][INFO] 2020-02-28 18:28:27,967: +SERVICE [/usb_cam/image_proc_rectify_color/set_parameters] /usb_cam/image_proc http://itachi-HP-Pavilion-Laptop-15-cc1xx:36241/
[rosmaster.master][INFO] 2020-02-28 18:28:27,967: +PUB [/usb_cam/image_proc_rectify_color/parameter_descriptions] /usb_cam/image_proc http://itachi-HP-Pavilion-Laptop-15-cc1xx:36241/
[rosmaster.master][INFO] 2020-02-28 18:28:27,968: +PUB [/usb_cam/image_proc_rectify_color/parameter_updates] /usb_cam/image_proc http://itachi-HP-Pavilion-Laptop-15-cc1xx:36241/
[rosmaster.master][INFO] 2020-02-28 18:28:27,969: +PARAM [/usb_cam/image_proc_rectify_color/interpolation] by /usb_cam/image_proc
[rosmaster.master][INFO] 2020-02-28 18:28:27,970: +PARAM [/usb_cam/image_proc_rectify_color/interpolation] by /usb_cam/image_proc
[rosmaster.master][INFO] 2020-02-28 18:28:27,971: +PUB [/usb_cam/image_rect_color/compressedDepth] /usb_cam/image_proc http://itachi-HP-Pavilion-Laptop-15-cc1xx:36241/
[rosmaster.master][INFO] 2020-02-28 18:28:27,971: +SERVICE [/usb_cam/image_rect_color/compressedDepth/set_parameters] /usb_cam/image_proc http://itachi-HP-Pavilion-Laptop-15-cc1xx:36241/
[rosmaster.master][INFO] 2020-02-28 18:28:27,972: +PUB [/usb_cam/image_rect_color/compressedDepth/parameter_descriptions] /usb_cam/image_proc http://itachi-HP-Pavilion-Laptop-15-cc1xx:36241/
[rosmaster.master][INFO] 2020-02-28 18:28:27,973: +PUB [/usb_cam/image_rect_color/compressedDepth/parameter_updates] /usb_cam/image_proc http://itachi-HP-Pavilion-Laptop-15-cc1xx:36241/
[rosmaster.master][INFO] 2020-02-28 18:28:27,978: +PARAM [/usb_cam/image_rect_color/compressedDepth/depth_max] by /usb_cam/image_proc
[rosmaster.master][INFO] 2020-02-28 18:28:27,979: +PARAM [/usb_cam/image_rect_color/compressedDepth/depth_quantization] by /usb_cam/image_proc
[rosmaster.master][INFO] 2020-02-28 18:28:27,980: +PARAM [/usb_cam/image_rect_color/compressedDepth/png_level] by /usb_cam/image_proc
[rosmaster.master][INFO] 2020-02-28 18:28:27,981: +SUB [/whycon/image_out] /whycon_display/image_view http://itachi-HP-Pavilion-Laptop-15-cc1xx:41049/
[rosmaster.master][INFO] 2020-02-28 18:28:27,981: +PARAM [/usb_cam/image_rect_color/compressedDepth/depth_max] by /usb_cam/image_proc
[rosmaster.master][INFO] 2020-02-28 18:28:27,982: +PUB [/whycon_display/image_view/output] /whycon_display/image_view http://itachi-HP-Pavilion-Laptop-15-cc1xx:41049/
[rosmaster.master][INFO] 2020-02-28 18:28:27,982: +PARAM [/usb_cam/image_rect_color/compressedDepth/depth_quantization] by /usb_cam/image_proc
[rosmaster.master][INFO] 2020-02-28 18:28:27,983: +SERVICE [/whycon_display/image_view/set_parameters] /whycon_display/image_view http://itachi-HP-Pavilion-Laptop-15-cc1xx:41049/
[rosmaster.master][INFO] 2020-02-28 18:28:27,983: +PARAM [/usb_cam/image_rect_color/compressedDepth/png_level] by /usb_cam/image_proc
[rosmaster.master][INFO] 2020-02-28 18:28:27,984: +PUB [/whycon_display/image_view/parameter_descriptions] /whycon_display/image_view http://itachi-HP-Pavilion-Laptop-15-cc1xx:41049/
[rosmaster.master][INFO] 2020-02-28 18:28:27,984: +PUB [/usb_cam/image_rect_color/compressed] /usb_cam/image_proc http://itachi-HP-Pavilion-Laptop-15-cc1xx:36241/
[rosmaster.master][INFO] 2020-02-28 18:28:27,985: +PUB [/whycon_display/image_view/parameter_updates] /whycon_display/image_view http://itachi-HP-Pavilion-Laptop-15-cc1xx:41049/
[rosmaster.master][INFO] 2020-02-28 18:28:27,985: +SERVICE [/usb_cam/image_rect_color/compressed/set_parameters] /usb_cam/image_proc http://itachi-HP-Pavilion-Laptop-15-cc1xx:36241/
[rosmaster.master][INFO] 2020-02-28 18:28:27,986: +PUB [/usb_cam/image_rect_color/compressed/parameter_descriptions] /usb_cam/image_proc http://itachi-HP-Pavilion-Laptop-15-cc1xx:36241/
[rosmaster.master][INFO] 2020-02-28 18:28:27,987: +PUB [/usb_cam/image_rect_color/compressed/parameter_updates] /usb_cam/image_proc http://itachi-HP-Pavilion-Laptop-15-cc1xx:36241/
[rosmaster.master][INFO] 2020-02-28 18:28:27,990: +PARAM [/whycon_display/image_view/do_dynamic_scaling] by /whycon_display/image_view
[rosmaster.master][INFO] 2020-02-28 18:28:27,990: +PARAM [/usb_cam/image_rect_color/compressed/format] by /usb_cam/image_proc
[rosmaster.master][INFO] 2020-02-28 18:28:27,991: +PARAM [/whycon_display/image_view/colormap] by /whycon_display/image_view
[rosmaster.master][INFO] 2020-02-28 18:28:27,991: +PARAM [/usb_cam/image_rect_color/compressed/jpeg_quality] by /usb_cam/image_proc
[rosmaster.master][INFO] 2020-02-28 18:28:27,992: +PARAM [/whycon_display/image_view/min_image_value] by /whycon_display/image_view
[rosmaster.master][INFO] 2020-02-28 18:28:27,993: +PARAM [/usb_cam/image_rect_color/compressed/png_level] by /usb_cam/image_proc
[rosmaster.master][INFO] 2020-02-28 18:28:27,995: +PARAM [/whycon_display/image_view/max_image_value] by /whycon_display/image_view
[rosmaster.master][INFO] 2020-02-28 18:28:27,995: +PARAM [/usb_cam/image_rect_color/compressed/format] by /usb_cam/image_proc
[rosmaster.master][INFO] 2020-02-28 18:28:27,996: +PARAM [/whycon_display/image_view/do_dynamic_scaling] by /whycon_display/image_view
[rosmaster.master][INFO] 2020-02-28 18:28:27,996: +PARAM [/usb_cam/image_rect_color/compressed/jpeg_quality] by /usb_cam/image_proc
[rosmaster.master][INFO] 2020-02-28 18:28:27,997: +PARAM [/whycon_display/image_view/colormap] by /whycon_display/image_view
[rosmaster.master][INFO] 2020-02-28 18:28:27,998: +PARAM [/usb_cam/image_rect_color/compressed/png_level] by /usb_cam/image_proc
[rosmaster.master][INFO] 2020-02-28 18:28:27,998: +PARAM [/whycon_display/image_view/min_image_value] by /whycon_display/image_view
[rosmaster.master][INFO] 2020-02-28 18:28:27,999: +PUB [/usb_cam/image_rect_color] /usb_cam/image_proc http://itachi-HP-Pavilion-Laptop-15-cc1xx:36241/
[rosmaster.master][INFO] 2020-02-28 18:28:27,999: +PARAM [/whycon_display/image_view/max_image_value] by /whycon_display/image_view
[rosmaster.master][INFO] 2020-02-28 18:28:28,000: publisherUpdate[/usb_cam/image_rect_color] -> http://itachi-HP-Pavilion-Laptop-15-cc1xx:37547/ ['http://itachi-HP-Pavilion-Laptop-15-cc1xx:36241/']
[rosmaster.master][INFO] 2020-02-28 18:28:28,000: +PUB [/usb_cam/image_rect_color/theora] /usb_cam/image_proc http://itachi-HP-Pavilion-Laptop-15-cc1xx:36241/
[rosmaster.master][INFO] 2020-02-28 18:28:28,001: publisherUpdate[/usb_cam/image_rect_color] -> http://itachi-HP-Pavilion-Laptop-15-cc1xx:37547/ ['http://itachi-HP-Pavilion-Laptop-15-cc1xx:36241/']: sec=0.00, result=[1, '', 0]
[rosmaster.master][INFO] 2020-02-28 18:28:28,001: +SERVICE [/usb_cam/image_rect_color/theora/set_parameters] /usb_cam/image_proc http://itachi-HP-Pavilion-Laptop-15-cc1xx:36241/
[rosmaster.master][INFO] 2020-02-28 18:28:28,002: +PUB [/usb_cam/image_rect_color/theora/parameter_descriptions] /usb_cam/image_proc http://itachi-HP-Pavilion-Laptop-15-cc1xx:36241/
[rosmaster.master][INFO] 2020-02-28 18:28:28,002: +PUB [/usb_cam/image_rect_color/theora/parameter_updates] /usb_cam/image_proc http://itachi-HP-Pavilion-Laptop-15-cc1xx:36241/
[rosmaster.master][INFO] 2020-02-28 18:28:28,004: +PARAM [/usb_cam/image_rect_color/theora/optimize_for] by /usb_cam/image_proc
[rosmaster.master][INFO] 2020-02-28 18:28:28,005: +PARAM [/usb_cam/image_rect_color/theora/target_bitrate] by /usb_cam/image_proc
[rosmaster.master][INFO] 2020-02-28 18:28:28,005: +PARAM [/usb_cam/image_rect_color/theora/quality] by /usb_cam/image_proc
[rosmaster.master][INFO] 2020-02-28 18:28:28,006: +PARAM [/usb_cam/image_rect_color/theora/keyframe_frequency] by /usb_cam/image_proc
[rosmaster.master][INFO] 2020-02-28 18:28:28,006: +PARAM [/usb_cam/image_rect_color/theora/optimize_for] by /usb_cam/image_proc
[rosmaster.master][INFO] 2020-02-28 18:28:28,007: +PARAM [/usb_cam/image_rect_color/theora/target_bitrate] by /usb_cam/image_proc
[rosmaster.master][INFO] 2020-02-28 18:28:28,008: +PARAM [/usb_cam/image_rect_color/theora/quality] by /usb_cam/image_proc
[rosmaster.master][INFO] 2020-02-28 18:28:28,008: +PARAM [/usb_cam/image_rect_color/theora/keyframe_frequency] by /usb_cam/image_proc
[rosmaster.master][INFO] 2020-02-28 18:28:28,053: +PUB [/rosout] /serial_node http://itachi-HP-Pavilion-Laptop-15-cc1xx:36915/
[rosmaster.master][INFO] 2020-02-28 18:28:28,061: +SERVICE [/serial_node/get_loggers] /serial_node http://itachi-HP-Pavilion-Laptop-15-cc1xx:36915/
[rosmaster.master][INFO] 2020-02-28 18:28:28,066: +SERVICE [/serial_node/set_logger_level] /serial_node http://itachi-HP-Pavilion-Laptop-15-cc1xx:36915/
[rosmaster.master][INFO] 2020-02-28 18:28:28,085: +PUB [/diagnostics] /serial_node http://itachi-HP-Pavilion-Laptop-15-cc1xx:36915/
[rosmaster.master][INFO] 2020-02-28 18:28:28,090: -PUB [/diagnostics] /serial_node http://itachi-HP-Pavilion-Laptop-15-cc1xx:36915/
[rosmaster.master][INFO] 2020-02-28 18:28:28,091: -PUB [/rosout] /serial_node http://itachi-HP-Pavilion-Laptop-15-cc1xx:36915/
[rosmaster.master][INFO] 2020-02-28 18:28:28,091: -SERVICE [/serial_node/get_loggers] /serial_node rosrpc://itachi-HP-Pavilion-Laptop-15-cc1xx:37403
[rosmaster.master][INFO] 2020-02-28 18:28:28,092: -SERVICE [/serial_node/set_logger_level] /serial_node rosrpc://itachi-HP-Pavilion-Laptop-15-cc1xx:37403
[rosmaster.master][INFO] 2020-02-28 18:28:28,094: publisherUpdate[/rosout] -> http://itachi-HP-Pavilion-Laptop-15-cc1xx:41927/ ['http://itachi-HP-Pavilion-Laptop-15-cc1xx:46623/', 'http://itachi-HP-Pavilion-Laptop-15-cc1xx:36241/', 'http://itachi-HP-Pavilion-Laptop-15-cc1xx:37547/', 'http://itachi-HP-Pavilion-Laptop-15-cc1xx:41049/', 'http://itachi-HP-Pavilion-Laptop-15-cc1xx:36915/']
[rosmaster.master][INFO] 2020-02-28 18:28:28,096: publisherUpdate[/rosout] -> http://itachi-HP-Pavilion-Laptop-15-cc1xx:41927/ ['http://itachi-HP-Pavilion-Laptop-15-cc1xx:46623/', 'http://itachi-HP-Pavilion-Laptop-15-cc1xx:36241/', 'http://itachi-HP-Pavilion-Laptop-15-cc1xx:37547/', 'http://itachi-HP-Pavilion-Laptop-15-cc1xx:41049/', 'http://itachi-HP-Pavilion-Laptop-15-cc1xx:36915/']: sec=0.00, result=[1, '', 0]
[rosmaster.master][INFO] 2020-02-28 18:28:28,097: publisherUpdate[/rosout] -> http://itachi-HP-Pavilion-Laptop-15-cc1xx:41927/ ['http://itachi-HP-Pavilion-Laptop-15-cc1xx:46623/', 'http://itachi-HP-Pavilion-Laptop-15-cc1xx:36241/', 'http://itachi-HP-Pavilion-Laptop-15-cc1xx:37547/', 'http://itachi-HP-Pavilion-Laptop-15-cc1xx:41049/']
[rosmaster.master][INFO] 2020-02-28 18:28:28,098: publisherUpdate[/rosout] -> http://itachi-HP-Pavilion-Laptop-15-cc1xx:41927/ ['http://itachi-HP-Pavilion-Laptop-15-cc1xx:46623/', 'http://itachi-HP-Pavilion-Laptop-15-cc1xx:36241/', 'http://itachi-HP-Pavilion-Laptop-15-cc1xx:37547/', 'http://itachi-HP-Pavilion-Laptop-15-cc1xx:41049/']: sec=0.00, result=[1, '', 0]
[rosmaster.master][INFO] 2020-02-28 18:28:28,218: +SUB [/usb_cam/image_color] /usb_cam/image_proc http://itachi-HP-Pavilion-Laptop-15-cc1xx:36241/
[rosmaster.master][INFO] 2020-02-28 18:28:28,231: +SUB [/usb_cam/camera_info] /usb_cam/image_proc http://itachi-HP-Pavilion-Laptop-15-cc1xx:36241/
[rosmaster.master][INFO] 2020-02-28 18:28:28,243: +SUB [/usb_cam/image_raw] /usb_cam/image_proc http://itachi-HP-Pavilion-Laptop-15-cc1xx:36241/
[rosmaster.master][INFO] 2020-02-28 18:28:46,999: +PUB [/rosout] /monitor http://itachi-HP-Pavilion-Laptop-15-cc1xx:33613/
[rosmaster.master][INFO] 2020-02-28 18:28:47,007: +SERVICE [/monitor/get_loggers] /monitor http://itachi-HP-Pavilion-Laptop-15-cc1xx:33613/
[rosmaster.master][INFO] 2020-02-28 18:28:47,011: +SERVICE [/monitor/set_logger_level] /monitor http://itachi-HP-Pavilion-Laptop-15-cc1xx:33613/
[rosmaster.master][INFO] 2020-02-28 18:28:47,029: publisherUpdate[/rosout] -> http://itachi-HP-Pavilion-Laptop-15-cc1xx:41927/ ['http://itachi-HP-Pavilion-Laptop-15-cc1xx:46623/', 'http://itachi-HP-Pavilion-Laptop-15-cc1xx:36241/', 'http://itachi-HP-Pavilion-Laptop-15-cc1xx:37547/', 'http://itachi-HP-Pavilion-Laptop-15-cc1xx:41049/', 'http://itachi-HP-Pavilion-Laptop-15-cc1xx:33613/']
[rosmaster.master][INFO] 2020-02-28 18:28:47,030: publisherUpdate[/rosout] -> http://itachi-HP-Pavilion-Laptop-15-cc1xx:41927/ ['http://itachi-HP-Pavilion-Laptop-15-cc1xx:46623/', 'http://itachi-HP-Pavilion-Laptop-15-cc1xx:36241/', 'http://itachi-HP-Pavilion-Laptop-15-cc1xx:37547/', 'http://itachi-HP-Pavilion-Laptop-15-cc1xx:41049/', 'http://itachi-HP-Pavilion-Laptop-15-cc1xx:33613/']: sec=0.00, result=[1, '', 0]
[rosmaster.master][INFO] 2020-02-28 18:28:47,062: +SUB [/whycon/poses] /monitor http://itachi-HP-Pavilion-Laptop-15-cc1xx:33613/
[rosmaster.master][INFO] 2020-02-28 18:28:47,064: +SUB [/decision_info] /monitor http://itachi-HP-Pavilion-Laptop-15-cc1xx:33613/
[rosmaster.master][INFO] 2020-02-28 18:28:47,066: +SUB [/detection_info] /monitor http://itachi-HP-Pavilion-Laptop-15-cc1xx:33613/
[rosmaster.master][INFO] 2020-02-28 18:28:47,068: +SUB [/arm_status] /monitor http://itachi-HP-Pavilion-Laptop-15-cc1xx:33613/
[rosmaster.master][INFO] 2020-02-28 18:28:47,070: +PUB [/stats_sr] /monitor http://itachi-HP-Pavilion-Laptop-15-cc1xx:33613/
[rosmaster.master][INFO] 2020-02-28 18:28:47,072: +PUB [/serviced_info] /monitor http://itachi-HP-Pavilion-Laptop-15-cc1xx:33613/
[rosmaster.master][INFO] 2020-02-28 18:28:47,074: +PUB [/led_control_topic] /monitor http://itachi-HP-Pavilion-Laptop-15-cc1xx:33613/
[rosmaster.master][INFO] 2020-02-28 18:28:47,076: +PUB [/base_cell_int_topic] /monitor http://itachi-HP-Pavilion-Laptop-15-cc1xx:33613/
[rosmaster.master][INFO] 2020-02-28 18:29:03,922: -SUB [/whycon/poses] /monitor http://itachi-HP-Pavilion-Laptop-15-cc1xx:33613/
[rosmaster.master][INFO] 2020-02-28 18:29:03,922: -SUB [/detection_info] /monitor http://itachi-HP-Pavilion-Laptop-15-cc1xx:33613/
[rosmaster.master][INFO] 2020-02-28 18:29:03,922: -SUB [/decision_info] /monitor http://itachi-HP-Pavilion-Laptop-15-cc1xx:33613/
[rosmaster.master][INFO] 2020-02-28 18:29:03,922: -SUB [/arm_status] /monitor http://itachi-HP-Pavilion-Laptop-15-cc1xx:33613/
[rosmaster.master][INFO] 2020-02-28 18:29:03,922: -PUB [/serviced_info] /monitor http://itachi-HP-Pavilion-Laptop-15-cc1xx:33613/
[rosmaster.master][INFO] 2020-02-28 18:29:03,923: -PUB [/rosout] /monitor http://itachi-HP-Pavilion-Laptop-15-cc1xx:33613/
[rosmaster.master][INFO] 2020-02-28 18:29:03,923: -PUB [/stats_sr] /monitor http://itachi-HP-Pavilion-Laptop-15-cc1xx:33613/
[rosmaster.master][INFO] 2020-02-28 18:29:03,923: -PUB [/led_control_topic] /monitor http://itachi-HP-Pavilion-Laptop-15-cc1xx:33613/
[rosmaster.master][INFO] 2020-02-28 18:29:03,923: -PUB [/base_cell_int_topic] /monitor http://itachi-HP-Pavilion-Laptop-15-cc1xx:33613/
[rosmaster.master][INFO] 2020-02-28 18:29:03,923: -SERVICE [/monitor/set_logger_level] /monitor rosrpc://itachi-HP-Pavilion-Laptop-15-cc1xx:33849
[rosmaster.master][INFO] 2020-02-28 18:29:03,923: -SERVICE [/monitor/get_loggers] /monitor rosrpc://itachi-HP-Pavilion-Laptop-15-cc1xx:33849
[rosmaster.master][INFO] 2020-02-28 18:29:03,959: publisherUpdate[/rosout] -> http://itachi-HP-Pavilion-Laptop-15-cc1xx:41927/ ['http://itachi-HP-Pavilion-Laptop-15-cc1xx:46623/', 'http://itachi-HP-Pavilion-Laptop-15-cc1xx:36241/', 'http://itachi-HP-Pavilion-Laptop-15-cc1xx:37547/', 'http://itachi-HP-Pavilion-Laptop-15-cc1xx:41049/']
[rosmaster.master][INFO] 2020-02-28 18:29:03,960: publisherUpdate[/rosout] -> http://itachi-HP-Pavilion-Laptop-15-cc1xx:41927/ ['http://itachi-HP-Pavilion-Laptop-15-cc1xx:46623/', 'http://itachi-HP-Pavilion-Laptop-15-cc1xx:36241/', 'http://itachi-HP-Pavilion-Laptop-15-cc1xx:37547/', 'http://itachi-HP-Pavilion-Laptop-15-cc1xx:41049/']: sec=0.00, result=[1, '', 0]
[rosmaster.master][INFO] 2020-02-28 18:29:07,559: +PUB [/rosout] /monitor http://itachi-HP-Pavilion-Laptop-15-cc1xx:43531/
[rosmaster.master][INFO] 2020-02-28 18:29:07,563: +SERVICE [/monitor/get_loggers] /monitor http://itachi-HP-Pavilion-Laptop-15-cc1xx:43531/
[rosmaster.master][INFO] 2020-02-28 18:29:07,564: +SERVICE [/monitor/set_logger_level] /monitor http://itachi-HP-Pavilion-Laptop-15-cc1xx:43531/
[rosmaster.master][INFO] 2020-02-28 18:29:07,565: publisherUpdate[/rosout] -> http://itachi-HP-Pavilion-Laptop-15-cc1xx:41927/ ['http://itachi-HP-Pavilion-Laptop-15-cc1xx:46623/', 'http://itachi-HP-Pavilion-Laptop-15-cc1xx:36241/', 'http://itachi-HP-Pavilion-Laptop-15-cc1xx:37547/', 'http://itachi-HP-Pavilion-Laptop-15-cc1xx:41049/', 'http://itachi-HP-Pavilion-Laptop-15-cc1xx:43531/']
[rosmaster.master][INFO] 2020-02-28 18:29:07,566: publisherUpdate[/rosout] -> http://itachi-HP-Pavilion-Laptop-15-cc1xx:41927/ ['http://itachi-HP-Pavilion-Laptop-15-cc1xx:46623/', 'http://itachi-HP-Pavilion-Laptop-15-cc1xx:36241/', 'http://itachi-HP-Pavilion-Laptop-15-cc1xx:37547/', 'http://itachi-HP-Pavilion-Laptop-15-cc1xx:41049/', 'http://itachi-HP-Pavilion-Laptop-15-cc1xx:43531/']: sec=0.00, result=[1, '', 0]
[rosmaster.master][INFO] 2020-02-28 18:29:07,602: +SUB [/whycon/poses] /monitor http://itachi-HP-Pavilion-Laptop-15-cc1xx:43531/
[rosmaster.master][INFO] 2020-02-28 18:29:07,604: +SUB [/decision_info] /monitor http://itachi-HP-Pavilion-Laptop-15-cc1xx:43531/
[rosmaster.master][INFO] 2020-02-28 18:29:07,606: +SUB [/detection_info] /monitor http://itachi-HP-Pavilion-Laptop-15-cc1xx:43531/
[rosmaster.master][INFO] 2020-02-28 18:29:07,608: +SUB [/arm_status] /monitor http://itachi-HP-Pavilion-Laptop-15-cc1xx:43531/
[rosmaster.master][INFO] 2020-02-28 18:29:07,611: +PUB [/stats_sr] /monitor http://itachi-HP-Pavilion-Laptop-15-cc1xx:43531/
[rosmaster.master][INFO] 2020-02-28 18:29:07,614: +PUB [/serviced_info] /monitor http://itachi-HP-Pavilion-Laptop-15-cc1xx:43531/
[rosmaster.master][INFO] 2020-02-28 18:29:07,616: +PUB [/led_control_topic] /monitor http://itachi-HP-Pavilion-Laptop-15-cc1xx:43531/
[rosmaster.master][INFO] 2020-02-28 18:29:07,618: +PUB [/base_cell_int_topic] /monitor http://itachi-HP-Pavilion-Laptop-15-cc1xx:43531/
[rosmaster.master][INFO] 2020-02-28 18:29:16,308: -SUB [/whycon/poses] /monitor http://itachi-HP-Pavilion-Laptop-15-cc1xx:43531/
[rosmaster.master][INFO] 2020-02-28 18:29:16,308: -SUB [/detection_info] /monitor http://itachi-HP-Pavilion-Laptop-15-cc1xx:43531/
[rosmaster.master][INFO] 2020-02-28 18:29:16,308: -SUB [/decision_info] /monitor http://itachi-HP-Pavilion-Laptop-15-cc1xx:43531/
[rosmaster.master][INFO] 2020-02-28 18:29:16,308: -SUB [/arm_status] /monitor http://itachi-HP-Pavilion-Laptop-15-cc1xx:43531/
[rosmaster.master][INFO] 2020-02-28 18:29:16,308: -PUB [/serviced_info] /monitor http://itachi-HP-Pavilion-Laptop-15-cc1xx:43531/
[rosmaster.master][INFO] 2020-02-28 18:29:16,309: -PUB [/rosout] /monitor http://itachi-HP-Pavilion-Laptop-15-cc1xx:43531/
[rosmaster.master][INFO] 2020-02-28 18:29:16,309: -PUB [/stats_sr] /monitor http://itachi-HP-Pavilion-Laptop-15-cc1xx:43531/
[rosmaster.master][INFO] 2020-02-28 18:29:16,309: -PUB [/led_control_topic] /monitor http://itachi-HP-Pavilion-Laptop-15-cc1xx:43531/
[rosmaster.master][INFO] 2020-02-28 18:29:16,309: -PUB [/base_cell_int_topic] /monitor http://itachi-HP-Pavilion-Laptop-15-cc1xx:43531/
[rosmaster.master][INFO] 2020-02-28 18:29:16,309: -SERVICE [/monitor/set_logger_level] /monitor rosrpc://itachi-HP-Pavilion-Laptop-15-cc1xx:43487
[rosmaster.master][INFO] 2020-02-28 18:29:16,309: -SERVICE [/monitor/get_loggers] /monitor rosrpc://itachi-HP-Pavilion-Laptop-15-cc1xx:43487
[rosmaster.master][INFO] 2020-02-28 18:29:16,379: publisherUpdate[/rosout] -> http://itachi-HP-Pavilion-Laptop-15-cc1xx:41927/ ['http://itachi-HP-Pavilion-Laptop-15-cc1xx:46623/', 'http://itachi-HP-Pavilion-Laptop-15-cc1xx:36241/', 'http://itachi-HP-Pavilion-Laptop-15-cc1xx:37547/', 'http://itachi-HP-Pavilion-Laptop-15-cc1xx:41049/']
[rosmaster.master][INFO] 2020-02-28 18:29:16,379: publisherUpdate[/rosout] -> http://itachi-HP-Pavilion-Laptop-15-cc1xx:41927/ ['http://itachi-HP-Pavilion-Laptop-15-cc1xx:46623/', 'http://itachi-HP-Pavilion-Laptop-15-cc1xx:36241/', 'http://itachi-HP-Pavilion-Laptop-15-cc1xx:37547/', 'http://itachi-HP-Pavilion-Laptop-15-cc1xx:41049/']: sec=0.00, result=[1, '', 0]
[rosmaster.master][INFO] 2020-02-28 18:29:21,887: -PUB [/rosout] /usb_cam http://itachi-HP-Pavilion-Laptop-15-cc1xx:46623/
[rosmaster.master][INFO] 2020-02-28 18:29:21,888: -PUB [/usb_cam/image_raw/compressedDepth] /usb_cam http://itachi-HP-Pavilion-Laptop-15-cc1xx:46623/
[rosmaster.master][INFO] 2020-02-28 18:29:21,889: -PUB [/usb_cam/image_raw/compressedDepth/parameter_descriptions] /usb_cam http://itachi-HP-Pavilion-Laptop-15-cc1xx:46623/
[rosmaster.master][INFO] 2020-02-28 18:29:21,890: -PUB [/usb_cam/image_raw/compressedDepth/parameter_updates] /usb_cam http://itachi-HP-Pavilion-Laptop-15-cc1xx:46623/
[rosmaster.master][INFO] 2020-02-28 18:29:21,890: -PUB [/usb_cam/image_raw/compressed] /usb_cam http://itachi-HP-Pavilion-Laptop-15-cc1xx:46623/
[rosmaster.master][INFO] 2020-02-28 18:29:21,891: -PUB [/usb_cam/image_raw/compressed/parameter_descriptions] /usb_cam http://itachi-HP-Pavilion-Laptop-15-cc1xx:46623/
[rosmaster.master][INFO] 2020-02-28 18:29:21,891: -PUB [/usb_cam/image_raw/compressed/parameter_updates] /usb_cam http://itachi-HP-Pavilion-Laptop-15-cc1xx:46623/
[rosmaster.master][INFO] 2020-02-28 18:29:21,891: publisherUpdate[/rosout] -> http://itachi-HP-Pavilion-Laptop-15-cc1xx:41927/ ['http://itachi-HP-Pavilion-Laptop-15-cc1xx:36241/', 'http://itachi-HP-Pavilion-Laptop-15-cc1xx:37547/', 'http://itachi-HP-Pavilion-Laptop-15-cc1xx:41049/']
[rosmaster.master][INFO] 2020-02-28 18:29:21,892: publisherUpdate[/rosout] -> http://itachi-HP-Pavilion-Laptop-15-cc1xx:41927/ ['http://itachi-HP-Pavilion-Laptop-15-cc1xx:36241/', 'http://itachi-HP-Pavilion-Laptop-15-cc1xx:37547/', 'http://itachi-HP-Pavilion-Laptop-15-cc1xx:41049/']: sec=0.00, result=[1, '', 0]
[rosmaster.master][INFO] 2020-02-28 18:29:21,893: -PUB [/usb_cam/image_raw] /usb_cam http://itachi-HP-Pavilion-Laptop-15-cc1xx:46623/
[rosmaster.master][INFO] 2020-02-28 18:29:21,894: -PUB [/usb_cam/image_raw/theora] /usb_cam http://itachi-HP-Pavilion-Laptop-15-cc1xx:46623/
[rosmaster.master][INFO] 2020-02-28 18:29:21,895: -PUB [/usb_cam/image_raw/theora/parameter_descriptions] /usb_cam http://itachi-HP-Pavilion-Laptop-15-cc1xx:46623/
[rosmaster.master][INFO] 2020-02-28 18:29:21,896: -PUB [/usb_cam/image_raw/theora/parameter_updates] /usb_cam http://itachi-HP-Pavilion-Laptop-15-cc1xx:46623/
[rosmaster.master][INFO] 2020-02-28 18:29:21,897: -PUB [/rosout] /usb_cam/image_proc http://itachi-HP-Pavilion-Laptop-15-cc1xx:36241/
[rosmaster.master][INFO] 2020-02-28 18:29:21,897: -PUB [/usb_cam/camera_info] /usb_cam http://itachi-HP-Pavilion-Laptop-15-cc1xx:46623/
[rosmaster.master][INFO] 2020-02-28 18:29:21,898: publisherUpdate[/usb_cam/image_raw] -> http://itachi-HP-Pavilion-Laptop-15-cc1xx:36241/ []
[rosmaster.master][INFO] 2020-02-28 18:29:21,898: -PUB [/usb_cam/image_proc_debayer/parameter_descriptions] /usb_cam/image_proc http://itachi-HP-Pavilion-Laptop-15-cc1xx:36241/
[rosmaster.master][INFO] 2020-02-28 18:29:21,899: -SERVICE [/usb_cam/get_loggers] /usb_cam rosrpc://itachi-HP-Pavilion-Laptop-15-cc1xx:56969
[rosmaster.master][INFO] 2020-02-28 18:29:21,900: -PUB [/usb_cam/image_proc_debayer/parameter_updates] /usb_cam/image_proc http://itachi-HP-Pavilion-Laptop-15-cc1xx:36241/
[rosmaster.master][INFO] 2020-02-28 18:29:21,900: -SERVICE [/usb_cam/set_logger_level] /usb_cam rosrpc://itachi-HP-Pavilion-Laptop-15-cc1xx:56969
[rosmaster.master][INFO] 2020-02-28 18:29:21,901: -PUB [/usb_cam/image_mono/compressedDepth] /usb_cam/image_proc http://itachi-HP-Pavilion-Laptop-15-cc1xx:36241/
[rosmaster.master][INFO] 2020-02-28 18:29:21,901: -SERVICE [/usb_cam/image_raw/compressedDepth/set_parameters] /usb_cam rosrpc://itachi-HP-Pavilion-Laptop-15-cc1xx:56969
[rosmaster.master][INFO] 2020-02-28 18:29:21,902: -PUB [/usb_cam/image_mono/compressedDepth/parameter_descriptions] /usb_cam/image_proc http://itachi-HP-Pavilion-Laptop-15-cc1xx:36241/
[rosmaster.master][INFO] 2020-02-28 18:29:21,902: -SERVICE [/usb_cam/image_raw/compressed/set_parameters] /usb_cam rosrpc://itachi-HP-Pavilion-Laptop-15-cc1xx:56969
[rosmaster.master][INFO] 2020-02-28 18:29:21,903: -PUB [/usb_cam/image_mono/compressedDepth/parameter_updates] /usb_cam/image_proc http://itachi-HP-Pavilion-Laptop-15-cc1xx:36241/
[rosmaster.master][INFO] 2020-02-28 18:29:21,903: -SERVICE [/usb_cam/image_raw/theora/set_parameters] /usb_cam rosrpc://itachi-HP-Pavilion-Laptop-15-cc1xx:56969
[rosmaster.master][INFO] 2020-02-28 18:29:21,904: -PUB [/usb_cam/image_mono/compressed] /usb_cam/image_proc http://itachi-HP-Pavilion-Laptop-15-cc1xx:36241/
[rosmaster.master][INFO] 2020-02-28 18:29:21,905: -SERVICE [/usb_cam/set_camera_info] /usb_cam rosrpc://itachi-HP-Pavilion-Laptop-15-cc1xx:56969
[rosmaster.master][INFO] 2020-02-28 18:29:21,905: -PUB [/usb_cam/image_mono/compressed/parameter_descriptions] /usb_cam/image_proc http://itachi-HP-Pavilion-Laptop-15-cc1xx:36241/
[rosmaster.master][INFO] 2020-02-28 18:29:21,906: -SERVICE [/usb_cam/start_capture] /usb_cam rosrpc://itachi-HP-Pavilion-Laptop-15-cc1xx:56969
[rosmaster.master][INFO] 2020-02-28 18:29:21,906: publisherUpdate[/usb_cam/image_raw] -> http://itachi-HP-Pavilion-Laptop-15-cc1xx:36241/ []: sec=0.01, exception=<Fault -1: 'publisherUpdate: unknown method name'>
[rosmaster.master][INFO] 2020-02-28 18:29:21,907: -PUB [/usb_cam/image_mono/compressed/parameter_updates] /usb_cam/image_proc http://itachi-HP-Pavilion-Laptop-15-cc1xx:36241/
[rosmaster.master][INFO] 2020-02-28 18:29:21,907: -SERVICE [/usb_cam/stop_capture] /usb_cam rosrpc://itachi-HP-Pavilion-Laptop-15-cc1xx:56969
[rosmaster.master][INFO] 2020-02-28 18:29:21,908: -PUB [/usb_cam/image_mono] /usb_cam/image_proc http://itachi-HP-Pavilion-Laptop-15-cc1xx:36241/
[rosmaster.master][INFO] 2020-02-28 18:29:21,909: -PUB [/usb_cam/image_mono/theora] /usb_cam/image_proc http://itachi-HP-Pavilion-Laptop-15-cc1xx:36241/
[rosmaster.threadpool][ERROR] 2020-02-28 18:29:21,909: Traceback (most recent call last):
  File "/opt/ros/kinetic/lib/python2.7/dist-packages/rosmaster/threadpool.py", line 218, in run
    result = cmd(*args)
  File "/opt/ros/kinetic/lib/python2.7/dist-packages/rosmaster/master_api.py", line 210, in publisher_update_task
    ret = xmlrpcapi(api).publisherUpdate('/master', topic, pub_uris)
  File "/usr/lib/python2.7/xmlrpclib.py", line 1243, in __call__
    return self.__send(self.__name, args)
  File "/usr/lib/python2.7/xmlrpclib.py", line 1602, in __request
    verbose=self.__verbose
  File "/usr/lib/python2.7/xmlrpclib.py", line 1283, in request
    return self.single_request(host, handler, request_body, verbose)
  File "/usr/lib/python2.7/xmlrpclib.py", line 1316, in single_request
    return self.parse_response(response)
  File "/usr/lib/python2.7/xmlrpclib.py", line 1493, in parse_response
    return u.close()
  File "/usr/lib/python2.7/xmlrpclib.py", line 800, in close
    raise Fault(**self._stack[0])
Fault: <Fault -1: 'publisherUpdate: unknown method name'>

[rosmaster.master][INFO] 2020-02-28 18:29:21,909: publisherUpdate[/rosout] -> http://itachi-HP-Pavilion-Laptop-15-cc1xx:41927/ ['http://itachi-HP-Pavilion-Laptop-15-cc1xx:37547/', 'http://itachi-HP-Pavilion-Laptop-15-cc1xx:41049/']
[rosmaster.master][INFO] 2020-02-28 18:29:21,910: -PUB [/usb_cam/image_mono/theora/parameter_descriptions] /usb_cam/image_proc http://itachi-HP-Pavilion-Laptop-15-cc1xx:36241/
[rosmaster.master][INFO] 2020-02-28 18:29:21,910: publisherUpdate[/rosout] -> http://itachi-HP-Pavilion-Laptop-15-cc1xx:41927/ ['http://itachi-HP-Pavilion-Laptop-15-cc1xx:37547/', 'http://itachi-HP-Pavilion-Laptop-15-cc1xx:41049/']: sec=0.00, result=[1, '', 0]
[rosmaster.master][INFO] 2020-02-28 18:29:21,910: publisherUpdate[/usb_cam/camera_info] -> http://itachi-HP-Pavilion-Laptop-15-cc1xx:37547/ []
[rosmaster.master][INFO] 2020-02-28 18:29:21,911: publisherUpdate[/usb_cam/camera_info] -> http://itachi-HP-Pavilion-Laptop-15-cc1xx:37547/ []: sec=0.00, result=[0, 'Unknown Error', 0]
[rosmaster.master][INFO] 2020-02-28 18:29:21,911: -PUB [/usb_cam/image_mono/theora/parameter_updates] /usb_cam/image_proc http://itachi-HP-Pavilion-Laptop-15-cc1xx:36241/
[rosmaster.master][INFO] 2020-02-28 18:29:21,911: publisherUpdate[/usb_cam/camera_info] -> http://itachi-HP-Pavilion-Laptop-15-cc1xx:36241/ []
[rosmaster.master][INFO] 2020-02-28 18:29:21,912: -PUB [/usb_cam/image_color/compressedDepth] /usb_cam/image_proc http://itachi-HP-Pavilion-Laptop-15-cc1xx:36241/
[rosmaster.master][INFO] 2020-02-28 18:29:21,912: publisherUpdate[/usb_cam/camera_info] -> http://itachi-HP-Pavilion-Laptop-15-cc1xx:36241/ []: sec=0.00, exception=<Fault -1: 'publisherUpdate: unknown method name'>
[rosmaster.master][INFO] 2020-02-28 18:29:21,913: -PUB [/usb_cam/image_color/compressedDepth/parameter_descriptions] /usb_cam/image_proc http://itachi-HP-Pavilion-Laptop-15-cc1xx:36241/
[rosmaster.threadpool][ERROR] 2020-02-28 18:29:21,913: Traceback (most recent call last):
  File "/opt/ros/kinetic/lib/python2.7/dist-packages/rosmaster/threadpool.py", line 218, in run
    result = cmd(*args)
  File "/opt/ros/kinetic/lib/python2.7/dist-packages/rosmaster/master_api.py", line 210, in publisher_update_task
    ret = xmlrpcapi(api).publisherUpdate('/master', topic, pub_uris)
  File "/usr/lib/python2.7/xmlrpclib.py", line 1243, in __call__
    return self.__send(self.__name, args)
  File "/usr/lib/python2.7/xmlrpclib.py", line 1602, in __request
    verbose=self.__verbose
  File "/usr/lib/python2.7/xmlrpclib.py", line 1283, in request
    return self.single_request(host, handler, request_body, verbose)
  File "/usr/lib/python2.7/xmlrpclib.py", line 1316, in single_request
    return self.parse_response(response)
  File "/usr/lib/python2.7/xmlrpclib.py", line 1493, in parse_response
    return u.close()
  File "/usr/lib/python2.7/xmlrpclib.py", line 800, in close
    raise Fault(**self._stack[0])
Fault: <Fault -1: 'publisherUpdate: unknown method name'>

[rosmaster.master][INFO] 2020-02-28 18:29:21,914: -PUB [/usb_cam/image_color/compressedDepth/parameter_updates] /usb_cam/image_proc http://itachi-HP-Pavilion-Laptop-15-cc1xx:36241/
[rosmaster.master][INFO] 2020-02-28 18:29:21,914: -PUB [/usb_cam/image_color/compressed] /usb_cam/image_proc http://itachi-HP-Pavilion-Laptop-15-cc1xx:36241/
[rosmaster.master][INFO] 2020-02-28 18:29:21,915: -PUB [/usb_cam/image_color/compressed/parameter_descriptions] /usb_cam/image_proc http://itachi-HP-Pavilion-Laptop-15-cc1xx:36241/
[rosmaster.master][INFO] 2020-02-28 18:29:21,915: -PUB [/usb_cam/image_color/compressed/parameter_updates] /usb_cam/image_proc http://itachi-HP-Pavilion-Laptop-15-cc1xx:36241/
[rosmaster.master][INFO] 2020-02-28 18:29:21,916: -PUB [/usb_cam/image_color] /usb_cam/image_proc http://itachi-HP-Pavilion-Laptop-15-cc1xx:36241/
[rosmaster.master][INFO] 2020-02-28 18:29:21,916: -PUB [/usb_cam/image_color/theora] /usb_cam/image_proc http://itachi-HP-Pavilion-Laptop-15-cc1xx:36241/
[rosmaster.master][INFO] 2020-02-28 18:29:21,917: -PUB [/usb_cam/image_color/theora/parameter_descriptions] /usb_cam/image_proc http://itachi-HP-Pavilion-Laptop-15-cc1xx:36241/
[rosmaster.master][INFO] 2020-02-28 18:29:21,917: -PUB [/usb_cam/image_color/theora/parameter_updates] /usb_cam/image_proc http://itachi-HP-Pavilion-Laptop-15-cc1xx:36241/
[rosmaster.master][INFO] 2020-02-28 18:29:21,918: -PUB [/usb_cam/image_proc_rectify_mono/parameter_descriptions] /usb_cam/image_proc http://itachi-HP-Pavilion-Laptop-15-cc1xx:36241/
[rosmaster.master][INFO] 2020-02-28 18:29:21,918: -PUB [/usb_cam/image_proc_rectify_mono/parameter_updates] /usb_cam/image_proc http://itachi-HP-Pavilion-Laptop-15-cc1xx:36241/
[rosmaster.master][INFO] 2020-02-28 18:29:21,919: -PUB [/usb_cam/image_rect/compressedDepth] /usb_cam/image_proc http://itachi-HP-Pavilion-Laptop-15-cc1xx:36241/
[rosmaster.master][INFO] 2020-02-28 18:29:21,919: -PUB [/usb_cam/image_rect/compressedDepth/parameter_descriptions] /usb_cam/image_proc http://itachi-HP-Pavilion-Laptop-15-cc1xx:36241/
[rosmaster.master][INFO] 2020-02-28 18:29:21,920: -PUB [/usb_cam/image_rect/compressedDepth/parameter_updates] /usb_cam/image_proc http://itachi-HP-Pavilion-Laptop-15-cc1xx:36241/
[rosmaster.master][INFO] 2020-02-28 18:29:21,920: -PUB [/usb_cam/image_rect/compressed] /usb_cam/image_proc http://itachi-HP-Pavilion-Laptop-15-cc1xx:36241/
[rosmaster.master][INFO] 2020-02-28 18:29:21,921: -PUB [/usb_cam/image_rect/compressed/parameter_descriptions] /usb_cam/image_proc http://itachi-HP-Pavilion-Laptop-15-cc1xx:36241/
[rosmaster.master][INFO] 2020-02-28 18:29:21,921: -PUB [/usb_cam/image_rect/compressed/parameter_updates] /usb_cam/image_proc http://itachi-HP-Pavilion-Laptop-15-cc1xx:36241/
[rosmaster.master][INFO] 2020-02-28 18:29:21,922: -PUB [/usb_cam/image_rect] /usb_cam/image_proc http://itachi-HP-Pavilion-Laptop-15-cc1xx:36241/
[rosmaster.master][INFO] 2020-02-28 18:29:21,922: -PUB [/usb_cam/image_rect/theora] /usb_cam/image_proc http://itachi-HP-Pavilion-Laptop-15-cc1xx:36241/
[rosmaster.master][INFO] 2020-02-28 18:29:21,923: -PUB [/usb_cam/image_rect/theora/parameter_descriptions] /usb_cam/image_proc http://itachi-HP-Pavilion-Laptop-15-cc1xx:36241/
[rosmaster.master][INFO] 2020-02-28 18:29:21,923: -PUB [/usb_cam/image_rect/theora/parameter_updates] /usb_cam/image_proc http://itachi-HP-Pavilion-Laptop-15-cc1xx:36241/
[rosmaster.master][INFO] 2020-02-28 18:29:21,924: -PUB [/usb_cam/image_proc_rectify_color/parameter_descriptions] /usb_cam/image_proc http://itachi-HP-Pavilion-Laptop-15-cc1xx:36241/
[rosmaster.master][INFO] 2020-02-28 18:29:21,924: -PUB [/usb_cam/image_proc_rectify_color/parameter_updates] /usb_cam/image_proc http://itachi-HP-Pavilion-Laptop-15-cc1xx:36241/
[rosmaster.master][INFO] 2020-02-28 18:29:21,925: -PUB [/usb_cam/image_rect_color/compressedDepth] /usb_cam/image_proc http://itachi-HP-Pavilion-Laptop-15-cc1xx:36241/
[rosmaster.master][INFO] 2020-02-28 18:29:21,925: -PUB [/usb_cam/image_rect_color/compressedDepth/parameter_descriptions] /usb_cam/image_proc http://itachi-HP-Pavilion-Laptop-15-cc1xx:36241/
[rosmaster.master][INFO] 2020-02-28 18:29:21,926: -PUB [/usb_cam/image_rect_color/compressedDepth/parameter_updates] /usb_cam/image_proc http://itachi-HP-Pavilion-Laptop-15-cc1xx:36241/
[rosmaster.master][INFO] 2020-02-28 18:29:21,926: -PUB [/usb_cam/image_rect_color/compressed] /usb_cam/image_proc http://itachi-HP-Pavilion-Laptop-15-cc1xx:36241/
[rosmaster.master][INFO] 2020-02-28 18:29:21,927: -PUB [/usb_cam/image_rect_color/compressed/parameter_descriptions] /usb_cam/image_proc http://itachi-HP-Pavilion-Laptop-15-cc1xx:36241/
[rosmaster.master][INFO] 2020-02-28 18:29:21,927: -PUB [/usb_cam/image_rect_color/compressed/parameter_updates] /usb_cam/image_proc http://itachi-HP-Pavilion-Laptop-15-cc1xx:36241/
[rosmaster.master][INFO] 2020-02-28 18:29:21,928: -PUB [/usb_cam/image_rect_color] /usb_cam/image_proc http://itachi-HP-Pavilion-Laptop-15-cc1xx:36241/
[rosmaster.master][INFO] 2020-02-28 18:29:21,928: -PUB [/usb_cam/image_rect_color/theora] /usb_cam/image_proc http://itachi-HP-Pavilion-Laptop-15-cc1xx:36241/
[rosmaster.master][INFO] 2020-02-28 18:29:21,929: -PUB [/usb_cam/image_rect_color/theora/parameter_descriptions] /usb_cam/image_proc http://itachi-HP-Pavilion-Laptop-15-cc1xx:36241/
[rosmaster.master][INFO] 2020-02-28 18:29:21,930: -PUB [/usb_cam/image_rect_color/theora/parameter_updates] /usb_cam/image_proc http://itachi-HP-Pavilion-Laptop-15-cc1xx:36241/
[rosmaster.master][INFO] 2020-02-28 18:29:21,931: -SUB [/usb_cam/image_color] /usb_cam/image_proc http://itachi-HP-Pavilion-Laptop-15-cc1xx:36241/
[rosmaster.master][INFO] 2020-02-28 18:29:21,931: -SUB [/usb_cam/camera_info] /usb_cam/image_proc http://itachi-HP-Pavilion-Laptop-15-cc1xx:36241/
[rosmaster.master][INFO] 2020-02-28 18:29:21,932: -SUB [/usb_cam/image_raw] /usb_cam/image_proc http://itachi-HP-Pavilion-Laptop-15-cc1xx:36241/
[rosmaster.master][INFO] 2020-02-28 18:29:21,933: -SERVICE [/usb_cam/image_proc/get_loggers] /usb_cam/image_proc rosrpc://itachi-HP-Pavilion-Laptop-15-cc1xx:33327
[rosmaster.master][INFO] 2020-02-28 18:29:21,933: -SERVICE [/usb_cam/image_proc/set_logger_level] /usb_cam/image_proc rosrpc://itachi-HP-Pavilion-Laptop-15-cc1xx:33327
[rosmaster.master][INFO] 2020-02-28 18:29:21,934: -SERVICE [/usb_cam/image_proc_debayer/set_parameters] /usb_cam/image_proc rosrpc://itachi-HP-Pavilion-Laptop-15-cc1xx:33327
[rosmaster.master][INFO] 2020-02-28 18:29:21,934: -SERVICE [/usb_cam/image_mono/compressedDepth/set_parameters] /usb_cam/image_proc rosrpc://itachi-HP-Pavilion-Laptop-15-cc1xx:33327
[rosmaster.master][INFO] 2020-02-28 18:29:21,935: -SERVICE [/usb_cam/image_mono/compressed/set_parameters] /usb_cam/image_proc rosrpc://itachi-HP-Pavilion-Laptop-15-cc1xx:33327
[rosmaster.master][INFO] 2020-02-28 18:29:21,935: -SERVICE [/usb_cam/image_mono/theora/set_parameters] /usb_cam/image_proc rosrpc://itachi-HP-Pavilion-Laptop-15-cc1xx:33327
[rosmaster.master][INFO] 2020-02-28 18:29:21,936: -SERVICE [/usb_cam/image_color/compressedDepth/set_parameters] /usb_cam/image_proc rosrpc://itachi-HP-Pavilion-Laptop-15-cc1xx:33327
[rosmaster.master][INFO] 2020-02-28 18:29:21,936: -SERVICE [/usb_cam/image_color/compressed/set_parameters] /usb_cam/image_proc rosrpc://itachi-HP-Pavilion-Laptop-15-cc1xx:33327
[rosmaster.master][INFO] 2020-02-28 18:29:21,937: -SERVICE [/usb_cam/image_color/theora/set_parameters] /usb_cam/image_proc rosrpc://itachi-HP-Pavilion-Laptop-15-cc1xx:33327
[rosmaster.master][INFO] 2020-02-28 18:29:21,937: -SERVICE [/usb_cam/image_proc_rectify_mono/set_parameters] /usb_cam/image_proc rosrpc://itachi-HP-Pavilion-Laptop-15-cc1xx:33327
[rosmaster.master][INFO] 2020-02-28 18:29:21,938: -SERVICE [/usb_cam/image_rect/compressedDepth/set_parameters] /usb_cam/image_proc rosrpc://itachi-HP-Pavilion-Laptop-15-cc1xx:33327
[rosmaster.master][INFO] 2020-02-28 18:29:21,938: -SERVICE [/usb_cam/image_rect/compressed/set_parameters] /usb_cam/image_proc rosrpc://itachi-HP-Pavilion-Laptop-15-cc1xx:33327
[rosmaster.master][INFO] 2020-02-28 18:29:21,939: -SERVICE [/usb_cam/image_rect/theora/set_parameters] /usb_cam/image_proc rosrpc://itachi-HP-Pavilion-Laptop-15-cc1xx:33327
[rosmaster.master][INFO] 2020-02-28 18:29:21,940: -SERVICE [/usb_cam/image_proc_rectify_color/set_parameters] /usb_cam/image_proc rosrpc://itachi-HP-Pavilion-Laptop-15-cc1xx:33327
[rosmaster.master][INFO] 2020-02-28 18:29:21,940: -SERVICE [/usb_cam/image_rect_color/compressedDepth/set_parameters] /usb_cam/image_proc rosrpc://itachi-HP-Pavilion-Laptop-15-cc1xx:33327
[rosmaster.master][INFO] 2020-02-28 18:29:21,941: -SERVICE [/usb_cam/image_rect_color/compressed/set_parameters] /usb_cam/image_proc rosrpc://itachi-HP-Pavilion-Laptop-15-cc1xx:33327
[rosmaster.master][INFO] 2020-02-28 18:29:21,941: -SERVICE [/usb_cam/image_rect_color/theora/set_parameters] /usb_cam/image_proc rosrpc://itachi-HP-Pavilion-Laptop-15-cc1xx:33327
[rosmaster.master][INFO] 2020-02-28 18:29:21,989: -PUB [/rosout] /whycon_display/image_view http://itachi-HP-Pavilion-Laptop-15-cc1xx:41049/
[rosmaster.master][INFO] 2020-02-28 18:29:21,990: -PUB [/whycon_display/image_view/output] /whycon_display/image_view http://itachi-HP-Pavilion-Laptop-15-cc1xx:41049/
[rosmaster.master][INFO] 2020-02-28 18:29:21,991: -PUB [/whycon_display/image_view/parameter_descriptions] /whycon_display/image_view http://itachi-HP-Pavilion-Laptop-15-cc1xx:41049/
[rosmaster.master][INFO] 2020-02-28 18:29:21,991: -PUB [/whycon_display/image_view/parameter_updates] /whycon_display/image_view http://itachi-HP-Pavilion-Laptop-15-cc1xx:41049/
[rosmaster.master][INFO] 2020-02-28 18:29:21,992: -SUB [/whycon/image_out] /whycon_display/image_view http://itachi-HP-Pavilion-Laptop-15-cc1xx:41049/
[rosmaster.master][INFO] 2020-02-28 18:29:21,992: publisherUpdate[/usb_cam/image_color] -> http://itachi-HP-Pavilion-Laptop-15-cc1xx:36241/ []
[rosmaster.master][INFO] 2020-02-28 18:29:21,993: publisherUpdate[/usb_cam/image_color] -> http://itachi-HP-Pavilion-Laptop-15-cc1xx:36241/ []: sec=0.00, exception=<Fault -1: 'publisherUpdate: unknown method name'>
[rosmaster.master][INFO] 2020-02-28 18:29:21,993: publisherUpdate[/usb_cam/image_rect_color] -> http://itachi-HP-Pavilion-Laptop-15-cc1xx:37547/ []
[rosmaster.master][INFO] 2020-02-28 18:29:21,993: -SERVICE [/whycon_display/image_view/get_loggers] /whycon_display/image_view rosrpc://itachi-HP-Pavilion-Laptop-15-cc1xx:42335
[rosmaster.master][INFO] 2020-02-28 18:29:21,994: publisherUpdate[/usb_cam/image_rect_color] -> http://itachi-HP-Pavilion-Laptop-15-cc1xx:37547/ []: sec=0.00, result=[0, 'Unknown Error', 0]
[rosmaster.master][INFO] 2020-02-28 18:29:21,994: publisherUpdate[/rosout] -> http://itachi-HP-Pavilion-Laptop-15-cc1xx:41927/ ['http://itachi-HP-Pavilion-Laptop-15-cc1xx:37547/']
[rosmaster.threadpool][ERROR] 2020-02-28 18:29:21,994: Traceback (most recent call last):
  File "/opt/ros/kinetic/lib/python2.7/dist-packages/rosmaster/threadpool.py", line 218, in run
    result = cmd(*args)
  File "/opt/ros/kinetic/lib/python2.7/dist-packages/rosmaster/master_api.py", line 210, in publisher_update_task
    ret = xmlrpcapi(api).publisherUpdate('/master', topic, pub_uris)
  File "/usr/lib/python2.7/xmlrpclib.py", line 1243, in __call__
    return self.__send(self.__name, args)
  File "/usr/lib/python2.7/xmlrpclib.py", line 1602, in __request
    verbose=self.__verbose
  File "/usr/lib/python2.7/xmlrpclib.py", line 1283, in request
    return self.single_request(host, handler, request_body, verbose)
  File "/usr/lib/python2.7/xmlrpclib.py", line 1316, in single_request
    return self.parse_response(response)
  File "/usr/lib/python2.7/xmlrpclib.py", line 1493, in parse_response
    return u.close()
  File "/usr/lib/python2.7/xmlrpclib.py", line 800, in close
    raise Fault(**self._stack[0])
Fault: <Fault -1: 'publisherUpdate: unknown method name'>

[rosmaster.master][INFO] 2020-02-28 18:29:21,996: publisherUpdate[/rosout] -> http://itachi-HP-Pavilion-Laptop-15-cc1xx:41927/ ['http://itachi-HP-Pavilion-Laptop-15-cc1xx:37547/']: sec=0.00, result=[1, '', 0]
[rosmaster.master][INFO] 2020-02-28 18:29:21,996: -PUB [/rosout] /whycon http://itachi-HP-Pavilion-Laptop-15-cc1xx:37547/
[rosmaster.master][INFO] 2020-02-28 18:29:21,996: publisherUpdate[/rosout] -> http://itachi-HP-Pavilion-Laptop-15-cc1xx:41927/ []
[rosmaster.master][INFO] 2020-02-28 18:29:21,996: -SERVICE [/whycon_display/image_view/set_logger_level] /whycon_display/image_view rosrpc://itachi-HP-Pavilion-Laptop-15-cc1xx:42335
[rosmaster.master][INFO] 2020-02-28 18:29:21,997: publisherUpdate[/rosout] -> http://itachi-HP-Pavilion-Laptop-15-cc1xx:41927/ []: sec=0.00, result=[1, '', 0]
[rosmaster.master][INFO] 2020-02-28 18:29:21,998: -PUB [/tf] /whycon http://itachi-HP-Pavilion-Laptop-15-cc1xx:37547/
[rosmaster.master][INFO] 2020-02-28 18:29:21,998: -SERVICE [/whycon_display/image_view/set_parameters] /whycon_display/image_view rosrpc://itachi-HP-Pavilion-Laptop-15-cc1xx:42335
[rosmaster.master][INFO] 2020-02-28 18:29:21,999: -PUB [/whycon/image_out] /whycon http://itachi-HP-Pavilion-Laptop-15-cc1xx:37547/
[rosmaster.master][INFO] 2020-02-28 18:29:21,999: -PUB [/whycon/poses] /whycon http://itachi-HP-Pavilion-Laptop-15-cc1xx:37547/
[rosmaster.master][INFO] 2020-02-28 18:29:22,000: -PUB [/whycon/context] /whycon http://itachi-HP-Pavilion-Laptop-15-cc1xx:37547/
[rosmaster.master][INFO] 2020-02-28 18:29:22,000: -PUB [/whycon/projection] /whycon http://itachi-HP-Pavilion-Laptop-15-cc1xx:37547/
[rosmaster.master][INFO] 2020-02-28 18:29:22,001: -SUB [/usb_cam/image_rect_color] /whycon http://itachi-HP-Pavilion-Laptop-15-cc1xx:37547/
[rosmaster.master][INFO] 2020-02-28 18:29:22,002: -SUB [/usb_cam/camera_info] /whycon http://itachi-HP-Pavilion-Laptop-15-cc1xx:37547/
[rosmaster.master][INFO] 2020-02-28 18:29:22,002: -SERVICE [/whycon/get_loggers] /whycon rosrpc://itachi-HP-Pavilion-Laptop-15-cc1xx:52105
[rosmaster.master][INFO] 2020-02-28 18:29:22,003: -SERVICE [/whycon/set_logger_level] /whycon rosrpc://itachi-HP-Pavilion-Laptop-15-cc1xx:52105
[rosmaster.master][INFO] 2020-02-28 18:29:22,003: -SERVICE [/whycon/reset] /whycon rosrpc://itachi-HP-Pavilion-Laptop-15-cc1xx:52105
[rosmaster.master][INFO] 2020-02-28 18:29:22,298: -PUB [/rosout_agg] /rosout http://itachi-HP-Pavilion-Laptop-15-cc1xx:41927/
[rosmaster.master][INFO] 2020-02-28 18:29:22,298: -SUB [/rosout] /rosout http://itachi-HP-Pavilion-Laptop-15-cc1xx:41927/
[rosmaster.master][INFO] 2020-02-28 18:29:22,299: -SERVICE [/rosout/get_loggers] /rosout rosrpc://itachi-HP-Pavilion-Laptop-15-cc1xx:39571
[rosmaster.master][INFO] 2020-02-28 18:29:22,299: -SERVICE [/rosout/set_logger_level] /rosout rosrpc://itachi-HP-Pavilion-Laptop-15-cc1xx:39571
[rosmaster.main][INFO] 2020-02-28 18:29:22,375: keyboard interrupt, will exit
[rosmaster.main][INFO] 2020-02-28 18:29:22,375: stopping master...
[rospy.core][INFO] 2020-02-28 18:29:22,375: signal_shutdown [atexit]
