[rosmaster.main][INFO] 2019-12-23 03:00:10,325: initialization complete, waiting for shutdown
[rosmaster.main][INFO] 2019-12-23 03:00:10,325: Starting ROS Master Node
[xmlrpc][INFO] 2019-12-23 03:00:10,326: XML-RPC server binding to 0.0.0.0:11311
[xmlrpc][INFO] 2019-12-23 03:00:10,326: Started XML-RPC server [http://itachi-HP-Pavilion-Laptop-15-cc1xx:11311/]
[rosmaster.master][INFO] 2019-12-23 03:00:10,326: Master initialized: port[11311], uri[http://itachi-HP-Pavilion-Laptop-15-cc1xx:11311/]
[xmlrpc][INFO] 2019-12-23 03:00:10,327: xml rpc node: starting XML-RPC server
[rosmaster.master][INFO] 2019-12-23 03:00:10,374: +PARAM [/run_id] by /roslaunch
[rosmaster.master][INFO] 2019-12-23 03:00:10,376: +PARAM [/roslaunch/uris/host_itachi_hp_pavilion_laptop_15_cc1xx__43787] by /roslaunch
[rosmaster.master][INFO] 2019-12-23 03:00:10,481: +PARAM [/usb_cam/image_width] by /roslaunch
[rosmaster.master][INFO] 2019-12-23 03:00:10,481: +PARAM [/usb_cam/video_device] by /roslaunch
[rosmaster.master][INFO] 2019-12-23 03:00:10,481: +PARAM [/rosdistro] by /roslaunch
[rosmaster.master][INFO] 2019-12-23 03:00:10,481: +PARAM [/whycon/targets] by /roslaunch
[rosmaster.master][INFO] 2019-12-23 03:00:10,481: +PARAM [/usb_cam/pixel_format] by /roslaunch
[rosmaster.master][INFO] 2019-12-23 03:00:10,481: +PARAM [/usb_cam/io_method] by /roslaunch
[rosmaster.master][INFO] 2019-12-23 03:00:10,481: +PARAM [/usb_cam/camera_frame_id] by /roslaunch
[rosmaster.master][INFO] 2019-12-23 03:00:10,481: +PARAM [/rosversion] by /roslaunch
[rosmaster.master][INFO] 2019-12-23 03:00:10,481: +PARAM [/whycon/outer_diameter] by /roslaunch
[rosmaster.master][INFO] 2019-12-23 03:00:10,481: +PARAM [/usb_cam/image_height] by /roslaunch
[rosmaster.master][INFO] 2019-12-23 03:00:10,482: +PARAM [/whycon/name] by /roslaunch
[rosmaster.master][INFO] 2019-12-23 03:00:10,482: +PARAM [/whycon/inner_diameter] by /roslaunch
[rosmaster.master][INFO] 2019-12-23 03:00:10,483: +SERVICE [/rosout/get_loggers] /rosout http://itachi-HP-Pavilion-Laptop-15-cc1xx:43243/
[rosmaster.master][INFO] 2019-12-23 03:00:10,484: +SERVICE [/rosout/set_logger_level] /rosout http://itachi-HP-Pavilion-Laptop-15-cc1xx:43243/
[rosmaster.master][INFO] 2019-12-23 03:00:10,485: +PUB [/rosout_agg] /rosout http://itachi-HP-Pavilion-Laptop-15-cc1xx:43243/
[rosmaster.master][INFO] 2019-12-23 03:00:10,488: +SUB [/rosout] /rosout http://itachi-HP-Pavilion-Laptop-15-cc1xx:43243/
[rosmaster.master][INFO] 2019-12-23 03:00:10,504: +PUB [/rosout] /usb_cam http://itachi-HP-Pavilion-Laptop-15-cc1xx:39947/
[rosmaster.master][INFO] 2019-12-23 03:00:10,505: +SERVICE [/usb_cam/get_loggers] /usb_cam http://itachi-HP-Pavilion-Laptop-15-cc1xx:39947/
[rosmaster.master][INFO] 2019-12-23 03:00:10,506: +SERVICE [/usb_cam/set_logger_level] /usb_cam http://itachi-HP-Pavilion-Laptop-15-cc1xx:39947/
[rosmaster.master][INFO] 2019-12-23 03:00:10,516: +PUB [/rosout] /usb_cam/image_proc http://itachi-HP-Pavilion-Laptop-15-cc1xx:45087/
[rosmaster.master][INFO] 2019-12-23 03:00:10,517: +SERVICE [/usb_cam/image_proc/get_loggers] /usb_cam/image_proc http://itachi-HP-Pavilion-Laptop-15-cc1xx:45087/
[rosmaster.master][INFO] 2019-12-23 03:00:10,517: +SERVICE [/usb_cam/image_proc/set_logger_level] /usb_cam/image_proc http://itachi-HP-Pavilion-Laptop-15-cc1xx:45087/
[rosmaster.master][INFO] 2019-12-23 03:00:10,526: publisherUpdate[/rosout] -> http://itachi-HP-Pavilion-Laptop-15-cc1xx:43243/ ['http://itachi-HP-Pavilion-Laptop-15-cc1xx:39947/']
[rosmaster.master][INFO] 2019-12-23 03:00:10,528: publisherUpdate[/rosout] -> http://itachi-HP-Pavilion-Laptop-15-cc1xx:43243/ ['http://itachi-HP-Pavilion-Laptop-15-cc1xx:39947/']: sec=0.00, result=[1, '', 0]
[rosmaster.master][INFO] 2019-12-23 03:00:10,529: publisherUpdate[/rosout] -> http://itachi-HP-Pavilion-Laptop-15-cc1xx:43243/ ['http://itachi-HP-Pavilion-Laptop-15-cc1xx:39947/', 'http://itachi-HP-Pavilion-Laptop-15-cc1xx:45087/']
[rosmaster.master][INFO] 2019-12-23 03:00:10,530: publisherUpdate[/rosout] -> http://itachi-HP-Pavilion-Laptop-15-cc1xx:43243/ ['http://itachi-HP-Pavilion-Laptop-15-cc1xx:39947/', 'http://itachi-HP-Pavilion-Laptop-15-cc1xx:45087/']: sec=0.00, result=[1, '', 0]
[rosmaster.master][INFO] 2019-12-23 03:00:10,530: +PUB [/rosout] /whycon http://itachi-HP-Pavilion-Laptop-15-cc1xx:44507/
[rosmaster.master][INFO] 2019-12-23 03:00:10,531: +SERVICE [/whycon/get_loggers] /whycon http://itachi-HP-Pavilion-Laptop-15-cc1xx:44507/
[rosmaster.master][INFO] 2019-12-23 03:00:10,532: +SERVICE [/whycon/set_logger_level] /whycon http://itachi-HP-Pavilion-Laptop-15-cc1xx:44507/
[rosmaster.master][INFO] 2019-12-23 03:00:10,534: +PUB [/rosout] /whycon_display/image_view http://itachi-HP-Pavilion-Laptop-15-cc1xx:38249/
[rosmaster.master][INFO] 2019-12-23 03:00:10,536: +SERVICE [/whycon_display/image_view/get_loggers] /whycon_display/image_view http://itachi-HP-Pavilion-Laptop-15-cc1xx:38249/
[rosmaster.master][INFO] 2019-12-23 03:00:10,537: +SERVICE [/whycon_display/image_view/set_logger_level] /whycon_display/image_view http://itachi-HP-Pavilion-Laptop-15-cc1xx:38249/
[rosmaster.master][INFO] 2019-12-23 03:00:10,544: +SERVICE [/usb_cam/image_proc_debayer/set_parameters] /usb_cam/image_proc http://itachi-HP-Pavilion-Laptop-15-cc1xx:45087/
[rosmaster.master][INFO] 2019-12-23 03:00:10,545: +PUB [/usb_cam/image_proc_debayer/parameter_descriptions] /usb_cam/image_proc http://itachi-HP-Pavilion-Laptop-15-cc1xx:45087/
[rosmaster.master][INFO] 2019-12-23 03:00:10,545: +PUB [/usb_cam/image_proc_debayer/parameter_updates] /usb_cam/image_proc http://itachi-HP-Pavilion-Laptop-15-cc1xx:45087/
[rosmaster.master][INFO] 2019-12-23 03:00:10,547: +PARAM [/usb_cam/image_proc_debayer/debayer] by /usb_cam/image_proc
[rosmaster.master][INFO] 2019-12-23 03:00:10,547: +PARAM [/usb_cam/image_proc_debayer/debayer] by /usb_cam/image_proc
[rosmaster.master][INFO] 2019-12-23 03:00:10,549: +PUB [/usb_cam/image_mono/compressedDepth] /usb_cam/image_proc http://itachi-HP-Pavilion-Laptop-15-cc1xx:45087/
[rosmaster.master][INFO] 2019-12-23 03:00:10,550: +SERVICE [/usb_cam/image_mono/compressedDepth/set_parameters] /usb_cam/image_proc http://itachi-HP-Pavilion-Laptop-15-cc1xx:45087/
[rosmaster.master][INFO] 2019-12-23 03:00:10,550: +PUB [/usb_cam/image_mono/compressedDepth/parameter_descriptions] /usb_cam/image_proc http://itachi-HP-Pavilion-Laptop-15-cc1xx:45087/
[rosmaster.master][INFO] 2019-12-23 03:00:10,551: +PUB [/usb_cam/image_mono/compressedDepth/parameter_updates] /usb_cam/image_proc http://itachi-HP-Pavilion-Laptop-15-cc1xx:45087/
[rosmaster.master][INFO] 2019-12-23 03:00:10,553: +PARAM [/usb_cam/image_mono/compressedDepth/depth_max] by /usb_cam/image_proc
[rosmaster.master][INFO] 2019-12-23 03:00:10,553: +PARAM [/usb_cam/image_mono/compressedDepth/depth_quantization] by /usb_cam/image_proc
[rosmaster.master][INFO] 2019-12-23 03:00:10,554: +PARAM [/usb_cam/image_mono/compressedDepth/png_level] by /usb_cam/image_proc
[rosmaster.master][INFO] 2019-12-23 03:00:10,555: +PUB [/usb_cam/image_raw/compressedDepth] /usb_cam http://itachi-HP-Pavilion-Laptop-15-cc1xx:39947/
[rosmaster.master][INFO] 2019-12-23 03:00:10,555: +PARAM [/usb_cam/image_mono/compressedDepth/depth_max] by /usb_cam/image_proc
[rosmaster.master][INFO] 2019-12-23 03:00:10,556: +SERVICE [/usb_cam/image_raw/compressedDepth/set_parameters] /usb_cam http://itachi-HP-Pavilion-Laptop-15-cc1xx:39947/
[rosmaster.master][INFO] 2019-12-23 03:00:10,556: +PARAM [/usb_cam/image_mono/compressedDepth/depth_quantization] by /usb_cam/image_proc
[rosmaster.master][INFO] 2019-12-23 03:00:10,557: +PUB [/usb_cam/image_raw/compressedDepth/parameter_descriptions] /usb_cam http://itachi-HP-Pavilion-Laptop-15-cc1xx:39947/
[rosmaster.master][INFO] 2019-12-23 03:00:10,558: +PARAM [/usb_cam/image_mono/compressedDepth/png_level] by /usb_cam/image_proc
[rosmaster.master][INFO] 2019-12-23 03:00:10,558: +PUB [/usb_cam/image_raw/compressedDepth/parameter_updates] /usb_cam http://itachi-HP-Pavilion-Laptop-15-cc1xx:39947/
[rosmaster.master][INFO] 2019-12-23 03:00:10,559: +PUB [/usb_cam/image_mono/compressed] /usb_cam/image_proc http://itachi-HP-Pavilion-Laptop-15-cc1xx:45087/
[rosmaster.master][INFO] 2019-12-23 03:00:10,560: +SERVICE [/usb_cam/image_mono/compressed/set_parameters] /usb_cam/image_proc http://itachi-HP-Pavilion-Laptop-15-cc1xx:45087/
[rosmaster.master][INFO] 2019-12-23 03:00:10,561: +PUB [/usb_cam/image_mono/compressed/parameter_descriptions] /usb_cam/image_proc http://itachi-HP-Pavilion-Laptop-15-cc1xx:45087/
[rosmaster.master][INFO] 2019-12-23 03:00:10,562: +PARAM [/usb_cam/image_raw/compressedDepth/depth_max] by /usb_cam
[rosmaster.master][INFO] 2019-12-23 03:00:10,562: +PUB [/usb_cam/image_mono/compressed/parameter_updates] /usb_cam/image_proc http://itachi-HP-Pavilion-Laptop-15-cc1xx:45087/
[rosmaster.master][INFO] 2019-12-23 03:00:10,563: +PARAM [/usb_cam/image_raw/compressedDepth/depth_quantization] by /usb_cam
[rosmaster.master][INFO] 2019-12-23 03:00:10,564: +PARAM [/usb_cam/image_raw/compressedDepth/png_level] by /usb_cam
[rosmaster.master][INFO] 2019-12-23 03:00:10,565: +PARAM [/usb_cam/image_raw/compressedDepth/depth_max] by /usb_cam
[rosmaster.master][INFO] 2019-12-23 03:00:10,566: +PARAM [/usb_cam/image_mono/compressed/format] by /usb_cam/image_proc
[rosmaster.master][INFO] 2019-12-23 03:00:10,566: +PARAM [/usb_cam/image_raw/compressedDepth/depth_quantization] by /usb_cam
[rosmaster.master][INFO] 2019-12-23 03:00:10,567: +PARAM [/usb_cam/image_mono/compressed/jpeg_quality] by /usb_cam/image_proc
[rosmaster.master][INFO] 2019-12-23 03:00:10,567: +PARAM [/usb_cam/image_raw/compressedDepth/png_level] by /usb_cam
[rosmaster.master][INFO] 2019-12-23 03:00:10,568: +PARAM [/usb_cam/image_mono/compressed/png_level] by /usb_cam/image_proc
[rosmaster.master][INFO] 2019-12-23 03:00:10,568: +PARAM [/usb_cam/image_mono/compressed/format] by /usb_cam/image_proc
[rosmaster.master][INFO] 2019-12-23 03:00:10,569: +PARAM [/usb_cam/image_mono/compressed/jpeg_quality] by /usb_cam/image_proc
[rosmaster.master][INFO] 2019-12-23 03:00:10,570: +PUB [/usb_cam/image_raw/compressed] /usb_cam http://itachi-HP-Pavilion-Laptop-15-cc1xx:39947/
[rosmaster.master][INFO] 2019-12-23 03:00:10,571: +PARAM [/usb_cam/image_mono/compressed/png_level] by /usb_cam/image_proc
[rosmaster.master][INFO] 2019-12-23 03:00:10,572: +SERVICE [/usb_cam/image_raw/compressed/set_parameters] /usb_cam http://itachi-HP-Pavilion-Laptop-15-cc1xx:39947/
[rosmaster.master][INFO] 2019-12-23 03:00:10,573: +PUB [/usb_cam/image_raw/compressed/parameter_descriptions] /usb_cam http://itachi-HP-Pavilion-Laptop-15-cc1xx:39947/
[rosmaster.master][INFO] 2019-12-23 03:00:10,573: +PUB [/usb_cam/image_mono] /usb_cam/image_proc http://itachi-HP-Pavilion-Laptop-15-cc1xx:45087/
[rosmaster.master][INFO] 2019-12-23 03:00:10,575: +PUB [/usb_cam/image_raw/compressed/parameter_updates] /usb_cam http://itachi-HP-Pavilion-Laptop-15-cc1xx:39947/
[rosmaster.master][INFO] 2019-12-23 03:00:10,576: +PUB [/usb_cam/image_mono/theora] /usb_cam/image_proc http://itachi-HP-Pavilion-Laptop-15-cc1xx:45087/
[rosmaster.master][INFO] 2019-12-23 03:00:10,578: +SERVICE [/usb_cam/image_mono/theora/set_parameters] /usb_cam/image_proc http://itachi-HP-Pavilion-Laptop-15-cc1xx:45087/
[rosmaster.master][INFO] 2019-12-23 03:00:10,579: +PUB [/usb_cam/image_mono/theora/parameter_descriptions] /usb_cam/image_proc http://itachi-HP-Pavilion-Laptop-15-cc1xx:45087/
[rosmaster.master][INFO] 2019-12-23 03:00:10,581: +PUB [/usb_cam/image_mono/theora/parameter_updates] /usb_cam/image_proc http://itachi-HP-Pavilion-Laptop-15-cc1xx:45087/
[rosmaster.master][INFO] 2019-12-23 03:00:10,582: +PARAM [/usb_cam/image_raw/compressed/format] by /usb_cam
[rosmaster.master][INFO] 2019-12-23 03:00:10,584: +PARAM [/usb_cam/image_raw/compressed/jpeg_quality] by /usb_cam
[rosmaster.master][INFO] 2019-12-23 03:00:10,585: +PARAM [/usb_cam/image_raw/compressed/png_level] by /usb_cam
[rosmaster.master][INFO] 2019-12-23 03:00:10,587: +PARAM [/usb_cam/image_raw/compressed/format] by /usb_cam
[rosmaster.master][INFO] 2019-12-23 03:00:10,588: +PARAM [/usb_cam/image_mono/theora/optimize_for] by /usb_cam/image_proc
[rosmaster.master][INFO] 2019-12-23 03:00:10,588: +PARAM [/usb_cam/image_raw/compressed/jpeg_quality] by /usb_cam
[rosmaster.master][INFO] 2019-12-23 03:00:10,589: +PARAM [/usb_cam/image_mono/theora/target_bitrate] by /usb_cam/image_proc
[rosmaster.master][INFO] 2019-12-23 03:00:10,590: +PARAM [/usb_cam/image_raw/compressed/png_level] by /usb_cam
[rosmaster.master][INFO] 2019-12-23 03:00:10,591: +PARAM [/usb_cam/image_mono/theora/quality] by /usb_cam/image_proc
[rosmaster.master][INFO] 2019-12-23 03:00:10,592: +PUB [/usb_cam/image_raw] /usb_cam http://itachi-HP-Pavilion-Laptop-15-cc1xx:39947/
[rosmaster.master][INFO] 2019-12-23 03:00:10,593: +PARAM [/usb_cam/image_mono/theora/keyframe_frequency] by /usb_cam/image_proc
[rosmaster.master][INFO] 2019-12-23 03:00:10,593: +PUB [/tf] /whycon http://itachi-HP-Pavilion-Laptop-15-cc1xx:44507/
[rosmaster.master][INFO] 2019-12-23 03:00:10,594: +PUB [/usb_cam/image_raw/theora] /usb_cam http://itachi-HP-Pavilion-Laptop-15-cc1xx:39947/
[rosmaster.master][INFO] 2019-12-23 03:00:10,594: +PARAM [/usb_cam/image_mono/theora/optimize_for] by /usb_cam/image_proc
[rosmaster.master][INFO] 2019-12-23 03:00:10,595: +SERVICE [/usb_cam/image_raw/theora/set_parameters] /usb_cam http://itachi-HP-Pavilion-Laptop-15-cc1xx:39947/
[rosmaster.master][INFO] 2019-12-23 03:00:10,596: +PARAM [/usb_cam/image_mono/theora/target_bitrate] by /usb_cam/image_proc
[rosmaster.master][INFO] 2019-12-23 03:00:10,597: +PUB [/usb_cam/image_raw/theora/parameter_descriptions] /usb_cam http://itachi-HP-Pavilion-Laptop-15-cc1xx:39947/
[rosmaster.master][INFO] 2019-12-23 03:00:10,598: +PARAM [/usb_cam/image_mono/theora/quality] by /usb_cam/image_proc
[rosmaster.master][INFO] 2019-12-23 03:00:10,599: +PUB [/usb_cam/image_raw/theora/parameter_updates] /usb_cam http://itachi-HP-Pavilion-Laptop-15-cc1xx:39947/
[rosmaster.master][INFO] 2019-12-23 03:00:10,599: +PARAM [/usb_cam/image_mono/theora/keyframe_frequency] by /usb_cam/image_proc
[rosmaster.master][INFO] 2019-12-23 03:00:10,602: +PUB [/usb_cam/image_color/compressedDepth] /usb_cam/image_proc http://itachi-HP-Pavilion-Laptop-15-cc1xx:45087/
[rosmaster.master][INFO] 2019-12-23 03:00:10,603: +SERVICE [/usb_cam/image_color/compressedDepth/set_parameters] /usb_cam/image_proc http://itachi-HP-Pavilion-Laptop-15-cc1xx:45087/
[rosmaster.master][INFO] 2019-12-23 03:00:10,605: +PUB [/usb_cam/image_color/compressedDepth/parameter_descriptions] /usb_cam/image_proc http://itachi-HP-Pavilion-Laptop-15-cc1xx:45087/
[rosmaster.master][INFO] 2019-12-23 03:00:10,606: +SUB [/usb_cam/image_rect_color] /whycon http://itachi-HP-Pavilion-Laptop-15-cc1xx:44507/
[rosmaster.master][INFO] 2019-12-23 03:00:10,607: +PARAM [/usb_cam/image_raw/theora/optimize_for] by /usb_cam
[rosmaster.master][INFO] 2019-12-23 03:00:10,608: +PUB [/usb_cam/image_color/compressedDepth/parameter_updates] /usb_cam/image_proc http://itachi-HP-Pavilion-Laptop-15-cc1xx:45087/
[rosmaster.master][INFO] 2019-12-23 03:00:10,609: +PARAM [/usb_cam/image_raw/theora/target_bitrate] by /usb_cam
[rosmaster.master][INFO] 2019-12-23 03:00:10,611: +PARAM [/usb_cam/image_raw/theora/quality] by /usb_cam
[rosmaster.master][INFO] 2019-12-23 03:00:10,612: +PARAM [/usb_cam/image_raw/theora/keyframe_frequency] by /usb_cam
[rosmaster.master][INFO] 2019-12-23 03:00:10,614: +PARAM [/usb_cam/image_raw/theora/optimize_for] by /usb_cam
[rosmaster.master][INFO] 2019-12-23 03:00:10,614: +PARAM [/usb_cam/image_color/compressedDepth/depth_max] by /usb_cam/image_proc
[rosmaster.master][INFO] 2019-12-23 03:00:10,615: +PARAM [/usb_cam/image_raw/theora/target_bitrate] by /usb_cam
[rosmaster.master][INFO] 2019-12-23 03:00:10,616: +SUB [/usb_cam/camera_info] /whycon http://itachi-HP-Pavilion-Laptop-15-cc1xx:44507/
[rosmaster.master][INFO] 2019-12-23 03:00:10,617: +PARAM [/usb_cam/image_color/compressedDepth/depth_quantization] by /usb_cam/image_proc
[rosmaster.master][INFO] 2019-12-23 03:00:10,617: +PARAM [/usb_cam/image_raw/theora/quality] by /usb_cam
[rosmaster.master][INFO] 2019-12-23 03:00:10,618: +PUB [/whycon/image_out] /whycon http://itachi-HP-Pavilion-Laptop-15-cc1xx:44507/
[rosmaster.master][INFO] 2019-12-23 03:00:10,618: +PARAM [/usb_cam/image_color/compressedDepth/png_level] by /usb_cam/image_proc
[rosmaster.master][INFO] 2019-12-23 03:00:10,619: +PARAM [/usb_cam/image_raw/theora/keyframe_frequency] by /usb_cam
[rosmaster.master][INFO] 2019-12-23 03:00:10,620: +PUB [/whycon/poses] /whycon http://itachi-HP-Pavilion-Laptop-15-cc1xx:44507/
[rosmaster.master][INFO] 2019-12-23 03:00:10,621: +PARAM [/usb_cam/image_color/compressedDepth/depth_max] by /usb_cam/image_proc
[rosmaster.master][INFO] 2019-12-23 03:00:10,621: +PUB [/usb_cam/camera_info] /usb_cam http://itachi-HP-Pavilion-Laptop-15-cc1xx:39947/
[rosmaster.master][INFO] 2019-12-23 03:00:10,623: +PARAM [/usb_cam/image_color/compressedDepth/depth_quantization] by /usb_cam/image_proc
[rosmaster.master][INFO] 2019-12-23 03:00:10,623: +PUB [/whycon/context] /whycon http://itachi-HP-Pavilion-Laptop-15-cc1xx:44507/
[rosmaster.master][INFO] 2019-12-23 03:00:10,625: +PARAM [/usb_cam/image_color/compressedDepth/png_level] by /usb_cam/image_proc
[rosmaster.master][INFO] 2019-12-23 03:00:10,626: +PUB [/whycon/projection] /whycon http://itachi-HP-Pavilion-Laptop-15-cc1xx:44507/
[rosmaster.master][INFO] 2019-12-23 03:00:10,626: publisherUpdate[/rosout] -> http://itachi-HP-Pavilion-Laptop-15-cc1xx:43243/ ['http://itachi-HP-Pavilion-Laptop-15-cc1xx:39947/', 'http://itachi-HP-Pavilion-Laptop-15-cc1xx:45087/', 'http://itachi-HP-Pavilion-Laptop-15-cc1xx:44507/']
[rosmaster.master][INFO] 2019-12-23 03:00:10,626: publisherUpdate[/usb_cam/camera_info] -> http://itachi-HP-Pavilion-Laptop-15-cc1xx:44507/ ['http://itachi-HP-Pavilion-Laptop-15-cc1xx:39947/']
[rosmaster.master][INFO] 2019-12-23 03:00:10,627: +PUB [/usb_cam/image_color/compressed] /usb_cam/image_proc http://itachi-HP-Pavilion-Laptop-15-cc1xx:45087/
[rosmaster.master][INFO] 2019-12-23 03:00:10,628: publisherUpdate[/rosout] -> http://itachi-HP-Pavilion-Laptop-15-cc1xx:43243/ ['http://itachi-HP-Pavilion-Laptop-15-cc1xx:39947/', 'http://itachi-HP-Pavilion-Laptop-15-cc1xx:45087/', 'http://itachi-HP-Pavilion-Laptop-15-cc1xx:44507/']: sec=0.00, result=[1, '', 0]
[rosmaster.master][INFO] 2019-12-23 03:00:10,629: publisherUpdate[/usb_cam/camera_info] -> http://itachi-HP-Pavilion-Laptop-15-cc1xx:44507/ ['http://itachi-HP-Pavilion-Laptop-15-cc1xx:39947/']: sec=0.00, result=[1, '', 0]
[rosmaster.master][INFO] 2019-12-23 03:00:10,629: +SERVICE [/whycon/reset] /whycon http://itachi-HP-Pavilion-Laptop-15-cc1xx:44507/
[rosmaster.master][INFO] 2019-12-23 03:00:10,629: publisherUpdate[/rosout] -> http://itachi-HP-Pavilion-Laptop-15-cc1xx:43243/ ['http://itachi-HP-Pavilion-Laptop-15-cc1xx:39947/', 'http://itachi-HP-Pavilion-Laptop-15-cc1xx:45087/', 'http://itachi-HP-Pavilion-Laptop-15-cc1xx:44507/', 'http://itachi-HP-Pavilion-Laptop-15-cc1xx:38249/']
[rosmaster.master][INFO] 2019-12-23 03:00:10,630: +SERVICE [/usb_cam/image_color/compressed/set_parameters] /usb_cam/image_proc http://itachi-HP-Pavilion-Laptop-15-cc1xx:45087/
[rosmaster.master][INFO] 2019-12-23 03:00:10,631: publisherUpdate[/rosout] -> http://itachi-HP-Pavilion-Laptop-15-cc1xx:43243/ ['http://itachi-HP-Pavilion-Laptop-15-cc1xx:39947/', 'http://itachi-HP-Pavilion-Laptop-15-cc1xx:45087/', 'http://itachi-HP-Pavilion-Laptop-15-cc1xx:44507/', 'http://itachi-HP-Pavilion-Laptop-15-cc1xx:38249/']: sec=0.00, result=[1, '', 0]
[rosmaster.master][INFO] 2019-12-23 03:00:10,632: +PUB [/usb_cam/image_color/compressed/parameter_descriptions] /usb_cam/image_proc http://itachi-HP-Pavilion-Laptop-15-cc1xx:45087/
[rosmaster.master][INFO] 2019-12-23 03:00:10,633: +PUB [/usb_cam/image_color/compressed/parameter_updates] /usb_cam/image_proc http://itachi-HP-Pavilion-Laptop-15-cc1xx:45087/
[rosmaster.master][INFO] 2019-12-23 03:00:10,637: +PARAM [/usb_cam/image_color/compressed/format] by /usb_cam/image_proc
[rosmaster.master][INFO] 2019-12-23 03:00:10,638: +PARAM [/usb_cam/image_color/compressed/jpeg_quality] by /usb_cam/image_proc
[rosmaster.master][INFO] 2019-12-23 03:00:10,639: +PARAM [/usb_cam/image_color/compressed/png_level] by /usb_cam/image_proc
[rosmaster.master][INFO] 2019-12-23 03:00:10,640: +PARAM [/usb_cam/image_color/compressed/format] by /usb_cam/image_proc
[rosmaster.master][INFO] 2019-12-23 03:00:10,641: +PARAM [/usb_cam/image_color/compressed/jpeg_quality] by /usb_cam/image_proc
[rosmaster.master][INFO] 2019-12-23 03:00:10,642: +PARAM [/usb_cam/image_color/compressed/png_level] by /usb_cam/image_proc
[rosmaster.master][INFO] 2019-12-23 03:00:10,643: +PUB [/usb_cam/image_color] /usb_cam/image_proc http://itachi-HP-Pavilion-Laptop-15-cc1xx:45087/
[rosmaster.master][INFO] 2019-12-23 03:00:10,644: +PUB [/usb_cam/image_color/theora] /usb_cam/image_proc http://itachi-HP-Pavilion-Laptop-15-cc1xx:45087/
[rosmaster.master][INFO] 2019-12-23 03:00:10,645: +SERVICE [/usb_cam/image_color/theora/set_parameters] /usb_cam/image_proc http://itachi-HP-Pavilion-Laptop-15-cc1xx:45087/
[rosmaster.master][INFO] 2019-12-23 03:00:10,646: +PUB [/usb_cam/image_color/theora/parameter_descriptions] /usb_cam/image_proc http://itachi-HP-Pavilion-Laptop-15-cc1xx:45087/
[rosmaster.master][INFO] 2019-12-23 03:00:10,647: +PUB [/usb_cam/image_color/theora/parameter_updates] /usb_cam/image_proc http://itachi-HP-Pavilion-Laptop-15-cc1xx:45087/
[rosmaster.master][INFO] 2019-12-23 03:00:10,648: +SERVICE [/usb_cam/set_camera_info] /usb_cam http://itachi-HP-Pavilion-Laptop-15-cc1xx:39947/
[rosmaster.master][INFO] 2019-12-23 03:00:10,649: +SERVICE [/usb_cam/start_capture] /usb_cam http://itachi-HP-Pavilion-Laptop-15-cc1xx:39947/
[rosmaster.master][INFO] 2019-12-23 03:00:10,650: +SERVICE [/usb_cam/stop_capture] /usb_cam http://itachi-HP-Pavilion-Laptop-15-cc1xx:39947/
[rosmaster.master][INFO] 2019-12-23 03:00:10,657: +PARAM [/usb_cam/image_color/theora/optimize_for] by /usb_cam/image_proc
[rosmaster.master][INFO] 2019-12-23 03:00:10,658: +PARAM [/usb_cam/image_color/theora/target_bitrate] by /usb_cam/image_proc
[rosmaster.master][INFO] 2019-12-23 03:00:10,660: +PARAM [/usb_cam/image_color/theora/quality] by /usb_cam/image_proc
[rosmaster.master][INFO] 2019-12-23 03:00:10,661: +PARAM [/usb_cam/image_color/theora/keyframe_frequency] by /usb_cam/image_proc
[rosmaster.master][INFO] 2019-12-23 03:00:10,661: +PARAM [/usb_cam/image_color/theora/optimize_for] by /usb_cam/image_proc
[rosmaster.master][INFO] 2019-12-23 03:00:10,662: +PARAM [/usb_cam/image_color/theora/target_bitrate] by /usb_cam/image_proc
[rosmaster.master][INFO] 2019-12-23 03:00:10,663: +PARAM [/usb_cam/image_color/theora/quality] by /usb_cam/image_proc
[rosmaster.master][INFO] 2019-12-23 03:00:10,664: +PARAM [/usb_cam/image_color/theora/keyframe_frequency] by /usb_cam/image_proc
[rosmaster.master][INFO] 2019-12-23 03:00:10,667: +SERVICE [/usb_cam/image_proc_rectify_mono/set_parameters] /usb_cam/image_proc http://itachi-HP-Pavilion-Laptop-15-cc1xx:45087/
[rosmaster.master][INFO] 2019-12-23 03:00:10,668: +PUB [/usb_cam/image_proc_rectify_mono/parameter_descriptions] /usb_cam/image_proc http://itachi-HP-Pavilion-Laptop-15-cc1xx:45087/
[rosmaster.master][INFO] 2019-12-23 03:00:10,669: +PUB [/usb_cam/image_proc_rectify_mono/parameter_updates] /usb_cam/image_proc http://itachi-HP-Pavilion-Laptop-15-cc1xx:45087/
[rosmaster.master][INFO] 2019-12-23 03:00:10,675: +PARAM [/usb_cam/image_proc_rectify_mono/interpolation] by /usb_cam/image_proc
[rosmaster.master][INFO] 2019-12-23 03:00:10,676: +PARAM [/usb_cam/image_proc_rectify_mono/interpolation] by /usb_cam/image_proc
[rosmaster.master][INFO] 2019-12-23 03:00:10,678: +PUB [/usb_cam/image_rect/compressedDepth] /usb_cam/image_proc http://itachi-HP-Pavilion-Laptop-15-cc1xx:45087/
[rosmaster.master][INFO] 2019-12-23 03:00:10,679: +SERVICE [/usb_cam/image_rect/compressedDepth/set_parameters] /usb_cam/image_proc http://itachi-HP-Pavilion-Laptop-15-cc1xx:45087/
[rosmaster.master][INFO] 2019-12-23 03:00:10,680: +PUB [/usb_cam/image_rect/compressedDepth/parameter_descriptions] /usb_cam/image_proc http://itachi-HP-Pavilion-Laptop-15-cc1xx:45087/
[rosmaster.master][INFO] 2019-12-23 03:00:10,681: +PUB [/usb_cam/image_rect/compressedDepth/parameter_updates] /usb_cam/image_proc http://itachi-HP-Pavilion-Laptop-15-cc1xx:45087/
[rosmaster.master][INFO] 2019-12-23 03:00:10,683: +PARAM [/usb_cam/image_rect/compressedDepth/depth_max] by /usb_cam/image_proc
[rosmaster.master][INFO] 2019-12-23 03:00:10,684: +PARAM [/usb_cam/image_rect/compressedDepth/depth_quantization] by /usb_cam/image_proc
[rosmaster.master][INFO] 2019-12-23 03:00:10,685: +PARAM [/usb_cam/image_rect/compressedDepth/png_level] by /usb_cam/image_proc
[rosmaster.master][INFO] 2019-12-23 03:00:10,686: +PARAM [/usb_cam/image_rect/compressedDepth/depth_max] by /usb_cam/image_proc
[rosmaster.master][INFO] 2019-12-23 03:00:10,688: +PARAM [/usb_cam/image_rect/compressedDepth/depth_quantization] by /usb_cam/image_proc
[rosmaster.master][INFO] 2019-12-23 03:00:10,690: +PARAM [/usb_cam/image_rect/compressedDepth/png_level] by /usb_cam/image_proc
[rosmaster.master][INFO] 2019-12-23 03:00:10,692: +PUB [/usb_cam/image_rect/compressed] /usb_cam/image_proc http://itachi-HP-Pavilion-Laptop-15-cc1xx:45087/
[rosmaster.master][INFO] 2019-12-23 03:00:10,692: +SERVICE [/usb_cam/image_rect/compressed/set_parameters] /usb_cam/image_proc http://itachi-HP-Pavilion-Laptop-15-cc1xx:45087/
[rosmaster.master][INFO] 2019-12-23 03:00:10,693: +PUB [/usb_cam/image_rect/compressed/parameter_descriptions] /usb_cam/image_proc http://itachi-HP-Pavilion-Laptop-15-cc1xx:45087/
[rosmaster.master][INFO] 2019-12-23 03:00:10,694: +PUB [/usb_cam/image_rect/compressed/parameter_updates] /usb_cam/image_proc http://itachi-HP-Pavilion-Laptop-15-cc1xx:45087/
[rosmaster.master][INFO] 2019-12-23 03:00:10,696: +PARAM [/usb_cam/image_rect/compressed/format] by /usb_cam/image_proc
[rosmaster.master][INFO] 2019-12-23 03:00:10,697: +PARAM [/usb_cam/image_rect/compressed/jpeg_quality] by /usb_cam/image_proc
[rosmaster.master][INFO] 2019-12-23 03:00:10,697: +PARAM [/usb_cam/image_rect/compressed/png_level] by /usb_cam/image_proc
[rosmaster.master][INFO] 2019-12-23 03:00:10,698: +PARAM [/usb_cam/image_rect/compressed/format] by /usb_cam/image_proc
[rosmaster.master][INFO] 2019-12-23 03:00:10,699: +PARAM [/usb_cam/image_rect/compressed/jpeg_quality] by /usb_cam/image_proc
[rosmaster.master][INFO] 2019-12-23 03:00:10,699: +PARAM [/usb_cam/image_rect/compressed/png_level] by /usb_cam/image_proc
[rosmaster.master][INFO] 2019-12-23 03:00:10,700: +PUB [/usb_cam/image_rect] /usb_cam/image_proc http://itachi-HP-Pavilion-Laptop-15-cc1xx:45087/
[rosmaster.master][INFO] 2019-12-23 03:00:10,701: +PUB [/usb_cam/image_rect/theora] /usb_cam/image_proc http://itachi-HP-Pavilion-Laptop-15-cc1xx:45087/
[rosmaster.master][INFO] 2019-12-23 03:00:10,701: +SERVICE [/usb_cam/image_rect/theora/set_parameters] /usb_cam/image_proc http://itachi-HP-Pavilion-Laptop-15-cc1xx:45087/
[rosmaster.master][INFO] 2019-12-23 03:00:10,703: +PUB [/usb_cam/image_rect/theora/parameter_descriptions] /usb_cam/image_proc http://itachi-HP-Pavilion-Laptop-15-cc1xx:45087/
[rosmaster.master][INFO] 2019-12-23 03:00:10,706: +PUB [/usb_cam/image_rect/theora/parameter_updates] /usb_cam/image_proc http://itachi-HP-Pavilion-Laptop-15-cc1xx:45087/
[rosmaster.master][INFO] 2019-12-23 03:00:10,711: +PARAM [/usb_cam/image_rect/theora/optimize_for] by /usb_cam/image_proc
[rosmaster.master][INFO] 2019-12-23 03:00:10,712: +SUB [/whycon/image_out] /whycon_display/image_view http://itachi-HP-Pavilion-Laptop-15-cc1xx:38249/
[rosmaster.master][INFO] 2019-12-23 03:00:10,712: +PARAM [/usb_cam/image_rect/theora/target_bitrate] by /usb_cam/image_proc
[rosmaster.master][INFO] 2019-12-23 03:00:10,713: +PARAM [/usb_cam/image_rect/theora/quality] by /usb_cam/image_proc
[rosmaster.master][INFO] 2019-12-23 03:00:10,713: +PUB [/whycon_display/image_view/output] /whycon_display/image_view http://itachi-HP-Pavilion-Laptop-15-cc1xx:38249/
[rosmaster.master][INFO] 2019-12-23 03:00:10,714: +PARAM [/usb_cam/image_rect/theora/keyframe_frequency] by /usb_cam/image_proc
[rosmaster.master][INFO] 2019-12-23 03:00:10,715: +SERVICE [/whycon_display/image_view/set_parameters] /whycon_display/image_view http://itachi-HP-Pavilion-Laptop-15-cc1xx:38249/
[rosmaster.master][INFO] 2019-12-23 03:00:10,715: +PARAM [/usb_cam/image_rect/theora/optimize_for] by /usb_cam/image_proc
[rosmaster.master][INFO] 2019-12-23 03:00:10,716: +PUB [/whycon_display/image_view/parameter_descriptions] /whycon_display/image_view http://itachi-HP-Pavilion-Laptop-15-cc1xx:38249/
[rosmaster.master][INFO] 2019-12-23 03:00:10,717: +PARAM [/usb_cam/image_rect/theora/target_bitrate] by /usb_cam/image_proc
[rosmaster.master][INFO] 2019-12-23 03:00:10,718: +PUB [/whycon_display/image_view/parameter_updates] /whycon_display/image_view http://itachi-HP-Pavilion-Laptop-15-cc1xx:38249/
[rosmaster.master][INFO] 2019-12-23 03:00:10,718: +PARAM [/usb_cam/image_rect/theora/quality] by /usb_cam/image_proc
[rosmaster.master][INFO] 2019-12-23 03:00:10,723: +PARAM [/usb_cam/image_rect/theora/keyframe_frequency] by /usb_cam/image_proc
[rosmaster.master][INFO] 2019-12-23 03:00:10,725: +PARAM [/whycon_display/image_view/do_dynamic_scaling] by /whycon_display/image_view
[rosmaster.master][INFO] 2019-12-23 03:00:10,726: +PARAM [/whycon_display/image_view/colormap] by /whycon_display/image_view
[rosmaster.master][INFO] 2019-12-23 03:00:10,727: +SERVICE [/usb_cam/image_proc_rectify_color/set_parameters] /usb_cam/image_proc http://itachi-HP-Pavilion-Laptop-15-cc1xx:45087/
[rosmaster.master][INFO] 2019-12-23 03:00:10,728: +PARAM [/whycon_display/image_view/min_image_value] by /whycon_display/image_view
[rosmaster.master][INFO] 2019-12-23 03:00:10,729: +PUB [/usb_cam/image_proc_rectify_color/parameter_descriptions] /usb_cam/image_proc http://itachi-HP-Pavilion-Laptop-15-cc1xx:45087/
[rosmaster.master][INFO] 2019-12-23 03:00:10,729: +PARAM [/whycon_display/image_view/max_image_value] by /whycon_display/image_view
[rosmaster.master][INFO] 2019-12-23 03:00:10,730: +PUB [/usb_cam/image_proc_rectify_color/parameter_updates] /usb_cam/image_proc http://itachi-HP-Pavilion-Laptop-15-cc1xx:45087/
[rosmaster.master][INFO] 2019-12-23 03:00:10,731: +PARAM [/whycon_display/image_view/do_dynamic_scaling] by /whycon_display/image_view
[rosmaster.master][INFO] 2019-12-23 03:00:10,732: +PARAM [/whycon_display/image_view/colormap] by /whycon_display/image_view
[rosmaster.master][INFO] 2019-12-23 03:00:10,733: +PARAM [/usb_cam/image_proc_rectify_color/interpolation] by /usb_cam/image_proc
[rosmaster.master][INFO] 2019-12-23 03:00:10,734: +PARAM [/whycon_display/image_view/min_image_value] by /whycon_display/image_view
[rosmaster.master][INFO] 2019-12-23 03:00:10,735: +PARAM [/whycon_display/image_view/max_image_value] by /whycon_display/image_view
[rosmaster.master][INFO] 2019-12-23 03:00:10,738: +PARAM [/usb_cam/image_proc_rectify_color/interpolation] by /usb_cam/image_proc
[rosmaster.master][INFO] 2019-12-23 03:00:10,739: +PUB [/usb_cam/image_rect_color/compressedDepth] /usb_cam/image_proc http://itachi-HP-Pavilion-Laptop-15-cc1xx:45087/
[rosmaster.master][INFO] 2019-12-23 03:00:10,740: +SERVICE [/usb_cam/image_rect_color/compressedDepth/set_parameters] /usb_cam/image_proc http://itachi-HP-Pavilion-Laptop-15-cc1xx:45087/
[rosmaster.master][INFO] 2019-12-23 03:00:10,741: +PUB [/usb_cam/image_rect_color/compressedDepth/parameter_descriptions] /usb_cam/image_proc http://itachi-HP-Pavilion-Laptop-15-cc1xx:45087/
[rosmaster.master][INFO] 2019-12-23 03:00:10,741: +PUB [/usb_cam/image_rect_color/compressedDepth/parameter_updates] /usb_cam/image_proc http://itachi-HP-Pavilion-Laptop-15-cc1xx:45087/
[rosmaster.master][INFO] 2019-12-23 03:00:10,744: +PARAM [/usb_cam/image_rect_color/compressedDepth/depth_max] by /usb_cam/image_proc
[rosmaster.master][INFO] 2019-12-23 03:00:10,744: +PARAM [/usb_cam/image_rect_color/compressedDepth/depth_quantization] by /usb_cam/image_proc
[rosmaster.master][INFO] 2019-12-23 03:00:10,745: +PARAM [/usb_cam/image_rect_color/compressedDepth/png_level] by /usb_cam/image_proc
[rosmaster.master][INFO] 2019-12-23 03:00:10,745: +PARAM [/usb_cam/image_rect_color/compressedDepth/depth_max] by /usb_cam/image_proc
[rosmaster.master][INFO] 2019-12-23 03:00:10,746: +PARAM [/usb_cam/image_rect_color/compressedDepth/depth_quantization] by /usb_cam/image_proc
[rosmaster.master][INFO] 2019-12-23 03:00:10,747: +PARAM [/usb_cam/image_rect_color/compressedDepth/png_level] by /usb_cam/image_proc
[rosmaster.master][INFO] 2019-12-23 03:00:10,748: +PUB [/usb_cam/image_rect_color/compressed] /usb_cam/image_proc http://itachi-HP-Pavilion-Laptop-15-cc1xx:45087/
[rosmaster.master][INFO] 2019-12-23 03:00:10,748: +SERVICE [/usb_cam/image_rect_color/compressed/set_parameters] /usb_cam/image_proc http://itachi-HP-Pavilion-Laptop-15-cc1xx:45087/
[rosmaster.master][INFO] 2019-12-23 03:00:10,749: +PUB [/usb_cam/image_rect_color/compressed/parameter_descriptions] /usb_cam/image_proc http://itachi-HP-Pavilion-Laptop-15-cc1xx:45087/
[rosmaster.master][INFO] 2019-12-23 03:00:10,749: +PUB [/usb_cam/image_rect_color/compressed/parameter_updates] /usb_cam/image_proc http://itachi-HP-Pavilion-Laptop-15-cc1xx:45087/
[rosmaster.master][INFO] 2019-12-23 03:00:10,752: +PARAM [/usb_cam/image_rect_color/compressed/format] by /usb_cam/image_proc
[rosmaster.master][INFO] 2019-12-23 03:00:10,753: +PARAM [/usb_cam/image_rect_color/compressed/jpeg_quality] by /usb_cam/image_proc
[rosmaster.master][INFO] 2019-12-23 03:00:10,753: +PARAM [/usb_cam/image_rect_color/compressed/png_level] by /usb_cam/image_proc
[rosmaster.master][INFO] 2019-12-23 03:00:10,754: +PARAM [/usb_cam/image_rect_color/compressed/format] by /usb_cam/image_proc
[rosmaster.master][INFO] 2019-12-23 03:00:10,755: +PARAM [/usb_cam/image_rect_color/compressed/jpeg_quality] by /usb_cam/image_proc
[rosmaster.master][INFO] 2019-12-23 03:00:10,755: +PARAM [/usb_cam/image_rect_color/compressed/png_level] by /usb_cam/image_proc
[rosmaster.master][INFO] 2019-12-23 03:00:10,756: +PUB [/usb_cam/image_rect_color] /usb_cam/image_proc http://itachi-HP-Pavilion-Laptop-15-cc1xx:45087/
[rosmaster.master][INFO] 2019-12-23 03:00:10,757: +PUB [/usb_cam/image_rect_color/theora] /usb_cam/image_proc http://itachi-HP-Pavilion-Laptop-15-cc1xx:45087/
[rosmaster.master][INFO] 2019-12-23 03:00:10,757: +SERVICE [/usb_cam/image_rect_color/theora/set_parameters] /usb_cam/image_proc http://itachi-HP-Pavilion-Laptop-15-cc1xx:45087/
[rosmaster.master][INFO] 2019-12-23 03:00:10,758: +PUB [/usb_cam/image_rect_color/theora/parameter_descriptions] /usb_cam/image_proc http://itachi-HP-Pavilion-Laptop-15-cc1xx:45087/
[rosmaster.master][INFO] 2019-12-23 03:00:10,759: +PUB [/usb_cam/image_rect_color/theora/parameter_updates] /usb_cam/image_proc http://itachi-HP-Pavilion-Laptop-15-cc1xx:45087/
[rosmaster.master][INFO] 2019-12-23 03:00:10,761: +PARAM [/usb_cam/image_rect_color/theora/optimize_for] by /usb_cam/image_proc
[rosmaster.master][INFO] 2019-12-23 03:00:10,762: +PARAM [/usb_cam/image_rect_color/theora/target_bitrate] by /usb_cam/image_proc
[rosmaster.master][INFO] 2019-12-23 03:00:10,762: +PARAM [/usb_cam/image_rect_color/theora/quality] by /usb_cam/image_proc
[rosmaster.master][INFO] 2019-12-23 03:00:10,763: +PARAM [/usb_cam/image_rect_color/theora/keyframe_frequency] by /usb_cam/image_proc
[rosmaster.master][INFO] 2019-12-23 03:00:10,764: +PARAM [/usb_cam/image_rect_color/theora/optimize_for] by /usb_cam/image_proc
[rosmaster.master][INFO] 2019-12-23 03:00:10,764: +PARAM [/usb_cam/image_rect_color/theora/target_bitrate] by /usb_cam/image_proc
[rosmaster.master][INFO] 2019-12-23 03:00:10,765: +PARAM [/usb_cam/image_rect_color/theora/quality] by /usb_cam/image_proc
[rosmaster.master][INFO] 2019-12-23 03:00:10,765: +PARAM [/usb_cam/image_rect_color/theora/keyframe_frequency] by /usb_cam/image_proc
[rosmaster.master][INFO] 2019-12-23 03:00:10,830: publisherUpdate[/usb_cam/image_rect_color] -> http://itachi-HP-Pavilion-Laptop-15-cc1xx:44507/ ['http://itachi-HP-Pavilion-Laptop-15-cc1xx:45087/']
[rosmaster.master][INFO] 2019-12-23 03:00:10,831: publisherUpdate[/usb_cam/image_rect_color] -> http://itachi-HP-Pavilion-Laptop-15-cc1xx:44507/ ['http://itachi-HP-Pavilion-Laptop-15-cc1xx:45087/']: sec=0.00, result=[1, '', 0]
[rosmaster.master][INFO] 2019-12-23 03:00:10,948: +SUB [/usb_cam/image_color] /usb_cam/image_proc http://itachi-HP-Pavilion-Laptop-15-cc1xx:45087/
[rosmaster.master][INFO] 2019-12-23 03:00:10,958: +SUB [/usb_cam/camera_info] /usb_cam/image_proc http://itachi-HP-Pavilion-Laptop-15-cc1xx:45087/
[rosmaster.master][INFO] 2019-12-23 03:00:10,963: +SUB [/usb_cam/image_raw] /usb_cam/image_proc http://itachi-HP-Pavilion-Laptop-15-cc1xx:45087/
[rosmaster.master][INFO] 2019-12-23 03:00:26,299: +PUB [/rosout] /DroneNode http://itachi-HP-Pavilion-Laptop-15-cc1xx:33121/
[rosmaster.master][INFO] 2019-12-23 03:00:26,300: +SERVICE [/DroneNode/get_loggers] /DroneNode http://itachi-HP-Pavilion-Laptop-15-cc1xx:33121/
[rosmaster.master][INFO] 2019-12-23 03:00:26,302: +SERVICE [/DroneNode/set_logger_level] /DroneNode http://itachi-HP-Pavilion-Laptop-15-cc1xx:33121/
[rosmaster.master][INFO] 2019-12-23 03:00:26,307: +SUB [/drone_command] /DroneNode http://itachi-HP-Pavilion-Laptop-15-cc1xx:33121/
[rosmaster.master][INFO] 2019-12-23 03:00:26,363: publisherUpdate[/rosout] -> http://itachi-HP-Pavilion-Laptop-15-cc1xx:43243/ ['http://itachi-HP-Pavilion-Laptop-15-cc1xx:39947/', 'http://itachi-HP-Pavilion-Laptop-15-cc1xx:45087/', 'http://itachi-HP-Pavilion-Laptop-15-cc1xx:44507/', 'http://itachi-HP-Pavilion-Laptop-15-cc1xx:38249/', 'http://itachi-HP-Pavilion-Laptop-15-cc1xx:33121/']
[rosmaster.master][INFO] 2019-12-23 03:00:26,364: publisherUpdate[/rosout] -> http://itachi-HP-Pavilion-Laptop-15-cc1xx:43243/ ['http://itachi-HP-Pavilion-Laptop-15-cc1xx:39947/', 'http://itachi-HP-Pavilion-Laptop-15-cc1xx:45087/', 'http://itachi-HP-Pavilion-Laptop-15-cc1xx:44507/', 'http://itachi-HP-Pavilion-Laptop-15-cc1xx:38249/', 'http://itachi-HP-Pavilion-Laptop-15-cc1xx:33121/']: sec=0.00, result=[1, '', 0]
[rosmaster.master][INFO] 2019-12-23 03:00:33,315: -SERVICE [/DroneNode/get_loggers] /DroneNode rosrpc://itachi-HP-Pavilion-Laptop-15-cc1xx:42639
[rosmaster.master][INFO] 2019-12-23 03:00:33,316: -SERVICE [/DroneNode/set_logger_level] /DroneNode rosrpc://itachi-HP-Pavilion-Laptop-15-cc1xx:42639
[rosmaster.master][INFO] 2019-12-23 03:00:33,478: -PUB [/rosout] /DroneNode http://itachi-HP-Pavilion-Laptop-15-cc1xx:33121/
[rosmaster.master][INFO] 2019-12-23 03:00:33,480: -SUB [/drone_command] /DroneNode http://itachi-HP-Pavilion-Laptop-15-cc1xx:33121/
[rosmaster.master][INFO] 2019-12-23 03:00:33,483: publisherUpdate[/rosout] -> http://itachi-HP-Pavilion-Laptop-15-cc1xx:43243/ ['http://itachi-HP-Pavilion-Laptop-15-cc1xx:39947/', 'http://itachi-HP-Pavilion-Laptop-15-cc1xx:45087/', 'http://itachi-HP-Pavilion-Laptop-15-cc1xx:44507/', 'http://itachi-HP-Pavilion-Laptop-15-cc1xx:38249/']
[rosmaster.master][INFO] 2019-12-23 03:00:33,485: publisherUpdate[/rosout] -> http://itachi-HP-Pavilion-Laptop-15-cc1xx:43243/ ['http://itachi-HP-Pavilion-Laptop-15-cc1xx:39947/', 'http://itachi-HP-Pavilion-Laptop-15-cc1xx:45087/', 'http://itachi-HP-Pavilion-Laptop-15-cc1xx:44507/', 'http://itachi-HP-Pavilion-Laptop-15-cc1xx:38249/']: sec=0.00, result=[1, '', 0]
[rosmaster.master][INFO] 2019-12-23 03:00:35,315: +PUB [/rosout] /DroneNode http://itachi-HP-Pavilion-Laptop-15-cc1xx:46203/
[rosmaster.master][INFO] 2019-12-23 03:00:35,316: +SERVICE [/DroneNode/get_loggers] /DroneNode http://itachi-HP-Pavilion-Laptop-15-cc1xx:46203/
[rosmaster.master][INFO] 2019-12-23 03:00:35,317: +SERVICE [/DroneNode/set_logger_level] /DroneNode http://itachi-HP-Pavilion-Laptop-15-cc1xx:46203/
[rosmaster.master][INFO] 2019-12-23 03:00:35,323: +SUB [/drone_command] /DroneNode http://itachi-HP-Pavilion-Laptop-15-cc1xx:46203/
[rosmaster.master][INFO] 2019-12-23 03:00:35,379: publisherUpdate[/rosout] -> http://itachi-HP-Pavilion-Laptop-15-cc1xx:43243/ ['http://itachi-HP-Pavilion-Laptop-15-cc1xx:39947/', 'http://itachi-HP-Pavilion-Laptop-15-cc1xx:45087/', 'http://itachi-HP-Pavilion-Laptop-15-cc1xx:44507/', 'http://itachi-HP-Pavilion-Laptop-15-cc1xx:38249/', 'http://itachi-HP-Pavilion-Laptop-15-cc1xx:46203/']
[rosmaster.master][INFO] 2019-12-23 03:00:35,381: publisherUpdate[/rosout] -> http://itachi-HP-Pavilion-Laptop-15-cc1xx:43243/ ['http://itachi-HP-Pavilion-Laptop-15-cc1xx:39947/', 'http://itachi-HP-Pavilion-Laptop-15-cc1xx:45087/', 'http://itachi-HP-Pavilion-Laptop-15-cc1xx:44507/', 'http://itachi-HP-Pavilion-Laptop-15-cc1xx:38249/', 'http://itachi-HP-Pavilion-Laptop-15-cc1xx:46203/']: sec=0.00, result=[1, '', 0]
[rosmaster.master][INFO] 2019-12-23 03:00:52,673: +PUB [/rosout] /drone_control http://itachi-HP-Pavilion-Laptop-15-cc1xx:43473/
[rosmaster.master][INFO] 2019-12-23 03:00:52,678: +SERVICE [/drone_control/get_loggers] /drone_control http://itachi-HP-Pavilion-Laptop-15-cc1xx:43473/
[rosmaster.master][INFO] 2019-12-23 03:00:52,680: +SERVICE [/drone_control/set_logger_level] /drone_control http://itachi-HP-Pavilion-Laptop-15-cc1xx:43473/
[rosmaster.master][INFO] 2019-12-23 03:00:52,682: +PUB [/drone_command] /drone_control http://itachi-HP-Pavilion-Laptop-15-cc1xx:43473/
[rosmaster.master][INFO] 2019-12-23 03:00:52,684: +PUB [/alt_error] /drone_control http://itachi-HP-Pavilion-Laptop-15-cc1xx:43473/
[rosmaster.master][INFO] 2019-12-23 03:00:52,687: +PUB [/pitch_error] /drone_control http://itachi-HP-Pavilion-Laptop-15-cc1xx:43473/
[rosmaster.master][INFO] 2019-12-23 03:00:52,690: +PUB [/roll_error] /drone_control http://itachi-HP-Pavilion-Laptop-15-cc1xx:43473/
[rosmaster.master][INFO] 2019-12-23 03:00:52,692: +PUB [/error_sample] /drone_control http://itachi-HP-Pavilion-Laptop-15-cc1xx:43473/
[rosmaster.master][INFO] 2019-12-23 03:00:52,693: +PUB [/error_sample1] /drone_control http://itachi-HP-Pavilion-Laptop-15-cc1xx:43473/
[rosmaster.master][INFO] 2019-12-23 03:00:52,694: +PUB [/error_sample2] /drone_control http://itachi-HP-Pavilion-Laptop-15-cc1xx:43473/
[rosmaster.master][INFO] 2019-12-23 03:00:52,695: +PUB [/error_sample3] /drone_control http://itachi-HP-Pavilion-Laptop-15-cc1xx:43473/
[rosmaster.master][INFO] 2019-12-23 03:00:52,699: +SUB [/whycon/poses] /drone_control http://itachi-HP-Pavilion-Laptop-15-cc1xx:43473/
[rosmaster.master][INFO] 2019-12-23 03:00:52,706: +SUB [/pid_tuning_altitude] /drone_control http://itachi-HP-Pavilion-Laptop-15-cc1xx:43473/
[rosmaster.master][INFO] 2019-12-23 03:00:52,708: +SUB [/pid_tuning_pitch] /drone_control http://itachi-HP-Pavilion-Laptop-15-cc1xx:43473/
[rosmaster.master][INFO] 2019-12-23 03:00:52,709: publisherUpdate[/rosout] -> http://itachi-HP-Pavilion-Laptop-15-cc1xx:43243/ ['http://itachi-HP-Pavilion-Laptop-15-cc1xx:39947/', 'http://itachi-HP-Pavilion-Laptop-15-cc1xx:45087/', 'http://itachi-HP-Pavilion-Laptop-15-cc1xx:44507/', 'http://itachi-HP-Pavilion-Laptop-15-cc1xx:38249/', 'http://itachi-HP-Pavilion-Laptop-15-cc1xx:46203/', 'http://itachi-HP-Pavilion-Laptop-15-cc1xx:43473/']
[rosmaster.master][INFO] 2019-12-23 03:00:52,709: publisherUpdate[/rosout] -> http://itachi-HP-Pavilion-Laptop-15-cc1xx:43243/ ['http://itachi-HP-Pavilion-Laptop-15-cc1xx:39947/', 'http://itachi-HP-Pavilion-Laptop-15-cc1xx:45087/', 'http://itachi-HP-Pavilion-Laptop-15-cc1xx:44507/', 'http://itachi-HP-Pavilion-Laptop-15-cc1xx:38249/', 'http://itachi-HP-Pavilion-Laptop-15-cc1xx:46203/', 'http://itachi-HP-Pavilion-Laptop-15-cc1xx:43473/']: sec=0.00, result=[1, '', 0]
[rosmaster.master][INFO] 2019-12-23 03:00:52,710: publisherUpdate[/drone_command] -> http://itachi-HP-Pavilion-Laptop-15-cc1xx:46203/ ['http://itachi-HP-Pavilion-Laptop-15-cc1xx:43473/']
[rosmaster.master][INFO] 2019-12-23 03:00:52,710: +SUB [/pid_tuning_roll] /drone_control http://itachi-HP-Pavilion-Laptop-15-cc1xx:43473/
[rosmaster.master][INFO] 2019-12-23 03:00:52,711: publisherUpdate[/drone_command] -> http://itachi-HP-Pavilion-Laptop-15-cc1xx:46203/ ['http://itachi-HP-Pavilion-Laptop-15-cc1xx:43473/']: sec=0.00, result=[1, '', 0]
[rosmaster.master][INFO] 2019-12-23 03:02:08,448: -SUB [/pid_tuning_pitch] /drone_control http://itachi-HP-Pavilion-Laptop-15-cc1xx:43473/
[rosmaster.master][INFO] 2019-12-23 03:02:08,448: -SUB [/pid_tuning_roll] /drone_control http://itachi-HP-Pavilion-Laptop-15-cc1xx:43473/
[rosmaster.master][INFO] 2019-12-23 03:02:08,448: -SUB [/whycon/poses] /drone_control http://itachi-HP-Pavilion-Laptop-15-cc1xx:43473/
[rosmaster.master][INFO] 2019-12-23 03:02:08,448: -SUB [/pid_tuning_altitude] /drone_control http://itachi-HP-Pavilion-Laptop-15-cc1xx:43473/
[rosmaster.master][INFO] 2019-12-23 03:02:08,448: -PUB [/pitch_error] /drone_control http://itachi-HP-Pavilion-Laptop-15-cc1xx:43473/
[rosmaster.master][INFO] 2019-12-23 03:02:08,448: -PUB [/rosout] /drone_control http://itachi-HP-Pavilion-Laptop-15-cc1xx:43473/
[rosmaster.master][INFO] 2019-12-23 03:02:08,449: -PUB [/alt_error] /drone_control http://itachi-HP-Pavilion-Laptop-15-cc1xx:43473/
[rosmaster.master][INFO] 2019-12-23 03:02:08,449: -PUB [/drone_command] /drone_control http://itachi-HP-Pavilion-Laptop-15-cc1xx:43473/
[rosmaster.master][INFO] 2019-12-23 03:02:08,449: -PUB [/error_sample2] /drone_control http://itachi-HP-Pavilion-Laptop-15-cc1xx:43473/
[rosmaster.master][INFO] 2019-12-23 03:02:08,449: -PUB [/error_sample] /drone_control http://itachi-HP-Pavilion-Laptop-15-cc1xx:43473/
[rosmaster.master][INFO] 2019-12-23 03:02:08,449: -PUB [/error_sample1] /drone_control http://itachi-HP-Pavilion-Laptop-15-cc1xx:43473/
[rosmaster.master][INFO] 2019-12-23 03:02:08,450: -PUB [/roll_error] /drone_control http://itachi-HP-Pavilion-Laptop-15-cc1xx:43473/
[rosmaster.master][INFO] 2019-12-23 03:02:08,450: -PUB [/error_sample3] /drone_control http://itachi-HP-Pavilion-Laptop-15-cc1xx:43473/
[rosmaster.master][INFO] 2019-12-23 03:02:08,450: -SERVICE [/drone_control/get_loggers] /drone_control rosrpc://itachi-HP-Pavilion-Laptop-15-cc1xx:46571
[rosmaster.master][INFO] 2019-12-23 03:02:08,450: -SERVICE [/drone_control/set_logger_level] /drone_control rosrpc://itachi-HP-Pavilion-Laptop-15-cc1xx:46571
[rosmaster.master][INFO] 2019-12-23 03:02:08,477: publisherUpdate[/rosout] -> http://itachi-HP-Pavilion-Laptop-15-cc1xx:43243/ ['http://itachi-HP-Pavilion-Laptop-15-cc1xx:39947/', 'http://itachi-HP-Pavilion-Laptop-15-cc1xx:45087/', 'http://itachi-HP-Pavilion-Laptop-15-cc1xx:44507/', 'http://itachi-HP-Pavilion-Laptop-15-cc1xx:38249/', 'http://itachi-HP-Pavilion-Laptop-15-cc1xx:46203/']
[rosmaster.master][INFO] 2019-12-23 03:02:08,478: publisherUpdate[/rosout] -> http://itachi-HP-Pavilion-Laptop-15-cc1xx:43243/ ['http://itachi-HP-Pavilion-Laptop-15-cc1xx:39947/', 'http://itachi-HP-Pavilion-Laptop-15-cc1xx:45087/', 'http://itachi-HP-Pavilion-Laptop-15-cc1xx:44507/', 'http://itachi-HP-Pavilion-Laptop-15-cc1xx:38249/', 'http://itachi-HP-Pavilion-Laptop-15-cc1xx:46203/']: sec=0.00, result=[1, '', 0]
[rosmaster.master][INFO] 2019-12-23 03:02:08,478: publisherUpdate[/drone_command] -> http://itachi-HP-Pavilion-Laptop-15-cc1xx:46203/ []
[rosmaster.master][INFO] 2019-12-23 03:02:08,479: publisherUpdate[/drone_command] -> http://itachi-HP-Pavilion-Laptop-15-cc1xx:46203/ []: sec=0.00, result=[1, '', 0]
[rosmaster.master][INFO] 2019-12-23 03:02:09,781: -PUB [/rosout] /DroneNode http://itachi-HP-Pavilion-Laptop-15-cc1xx:46203/
[rosmaster.master][INFO] 2019-12-23 03:02:09,781: publisherUpdate[/rosout] -> http://itachi-HP-Pavilion-Laptop-15-cc1xx:43243/ ['http://itachi-HP-Pavilion-Laptop-15-cc1xx:39947/', 'http://itachi-HP-Pavilion-Laptop-15-cc1xx:45087/', 'http://itachi-HP-Pavilion-Laptop-15-cc1xx:44507/', 'http://itachi-HP-Pavilion-Laptop-15-cc1xx:38249/']
[rosmaster.master][INFO] 2019-12-23 03:02:09,782: publisherUpdate[/rosout] -> http://itachi-HP-Pavilion-Laptop-15-cc1xx:43243/ ['http://itachi-HP-Pavilion-Laptop-15-cc1xx:39947/', 'http://itachi-HP-Pavilion-Laptop-15-cc1xx:45087/', 'http://itachi-HP-Pavilion-Laptop-15-cc1xx:44507/', 'http://itachi-HP-Pavilion-Laptop-15-cc1xx:38249/']: sec=0.00, result=[1, '', 0]
[rosmaster.master][INFO] 2019-12-23 03:02:09,782: -SUB [/drone_command] /DroneNode http://itachi-HP-Pavilion-Laptop-15-cc1xx:46203/
[rosmaster.master][INFO] 2019-12-23 03:02:09,785: -SERVICE [/DroneNode/get_loggers] /DroneNode rosrpc://itachi-HP-Pavilion-Laptop-15-cc1xx:42081
[rosmaster.master][INFO] 2019-12-23 03:02:09,786: -SERVICE [/DroneNode/set_logger_level] /DroneNode rosrpc://itachi-HP-Pavilion-Laptop-15-cc1xx:42081
[rosmaster.master][INFO] 2019-12-23 03:02:14,759: +PUB [/rosout] /DroneNode http://itachi-HP-Pavilion-Laptop-15-cc1xx:36859/
[rosmaster.master][INFO] 2019-12-23 03:02:14,761: +SERVICE [/DroneNode/get_loggers] /DroneNode http://itachi-HP-Pavilion-Laptop-15-cc1xx:36859/
[rosmaster.master][INFO] 2019-12-23 03:02:14,762: +SERVICE [/DroneNode/set_logger_level] /DroneNode http://itachi-HP-Pavilion-Laptop-15-cc1xx:36859/
[rosmaster.master][INFO] 2019-12-23 03:02:14,766: +SUB [/drone_command] /DroneNode http://itachi-HP-Pavilion-Laptop-15-cc1xx:36859/
[rosmaster.master][INFO] 2019-12-23 03:02:14,791: publisherUpdate[/rosout] -> http://itachi-HP-Pavilion-Laptop-15-cc1xx:43243/ ['http://itachi-HP-Pavilion-Laptop-15-cc1xx:39947/', 'http://itachi-HP-Pavilion-Laptop-15-cc1xx:45087/', 'http://itachi-HP-Pavilion-Laptop-15-cc1xx:44507/', 'http://itachi-HP-Pavilion-Laptop-15-cc1xx:38249/', 'http://itachi-HP-Pavilion-Laptop-15-cc1xx:36859/']
[rosmaster.master][INFO] 2019-12-23 03:02:14,792: publisherUpdate[/rosout] -> http://itachi-HP-Pavilion-Laptop-15-cc1xx:43243/ ['http://itachi-HP-Pavilion-Laptop-15-cc1xx:39947/', 'http://itachi-HP-Pavilion-Laptop-15-cc1xx:45087/', 'http://itachi-HP-Pavilion-Laptop-15-cc1xx:44507/', 'http://itachi-HP-Pavilion-Laptop-15-cc1xx:38249/', 'http://itachi-HP-Pavilion-Laptop-15-cc1xx:36859/']: sec=0.00, result=[1, '', 0]
[rosmaster.master][INFO] 2019-12-23 03:04:56,331: -PUB [/rosout] /DroneNode http://itachi-HP-Pavilion-Laptop-15-cc1xx:36859/
[rosmaster.master][INFO] 2019-12-23 03:04:56,332: -SUB [/drone_command] /DroneNode http://itachi-HP-Pavilion-Laptop-15-cc1xx:36859/
[rosmaster.master][INFO] 2019-12-23 03:04:56,333: -SERVICE [/DroneNode/get_loggers] /DroneNode rosrpc://itachi-HP-Pavilion-Laptop-15-cc1xx:33421
[rosmaster.master][INFO] 2019-12-23 03:04:56,333: -SERVICE [/DroneNode/set_logger_level] /DroneNode rosrpc://itachi-HP-Pavilion-Laptop-15-cc1xx:33421
[rosmaster.master][INFO] 2019-12-23 03:04:56,339: publisherUpdate[/rosout] -> http://itachi-HP-Pavilion-Laptop-15-cc1xx:43243/ ['http://itachi-HP-Pavilion-Laptop-15-cc1xx:39947/', 'http://itachi-HP-Pavilion-Laptop-15-cc1xx:45087/', 'http://itachi-HP-Pavilion-Laptop-15-cc1xx:44507/', 'http://itachi-HP-Pavilion-Laptop-15-cc1xx:38249/']
[rosmaster.master][INFO] 2019-12-23 03:04:56,340: publisherUpdate[/rosout] -> http://itachi-HP-Pavilion-Laptop-15-cc1xx:43243/ ['http://itachi-HP-Pavilion-Laptop-15-cc1xx:39947/', 'http://itachi-HP-Pavilion-Laptop-15-cc1xx:45087/', 'http://itachi-HP-Pavilion-Laptop-15-cc1xx:44507/', 'http://itachi-HP-Pavilion-Laptop-15-cc1xx:38249/']: sec=0.00, result=[1, '', 0]
[rosmaster.master][INFO] 2019-12-23 03:04:58,079: -PUB [/rosout] /usb_cam http://itachi-HP-Pavilion-Laptop-15-cc1xx:39947/
[rosmaster.master][INFO] 2019-12-23 03:04:58,080: -PUB [/usb_cam/image_raw/compressedDepth] /usb_cam http://itachi-HP-Pavilion-Laptop-15-cc1xx:39947/
[rosmaster.master][INFO] 2019-12-23 03:04:58,081: -PUB [/usb_cam/image_raw/compressedDepth/parameter_descriptions] /usb_cam http://itachi-HP-Pavilion-Laptop-15-cc1xx:39947/
[rosmaster.master][INFO] 2019-12-23 03:04:58,081: -PUB [/usb_cam/image_raw/compressedDepth/parameter_updates] /usb_cam http://itachi-HP-Pavilion-Laptop-15-cc1xx:39947/
[rosmaster.master][INFO] 2019-12-23 03:04:58,086: -PUB [/usb_cam/image_raw/compressed] /usb_cam http://itachi-HP-Pavilion-Laptop-15-cc1xx:39947/
[rosmaster.master][INFO] 2019-12-23 03:04:58,086: -PUB [/usb_cam/image_raw/compressed/parameter_descriptions] /usb_cam http://itachi-HP-Pavilion-Laptop-15-cc1xx:39947/
[rosmaster.master][INFO] 2019-12-23 03:04:58,087: -PUB [/usb_cam/image_raw/compressed/parameter_updates] /usb_cam http://itachi-HP-Pavilion-Laptop-15-cc1xx:39947/
[rosmaster.master][INFO] 2019-12-23 03:04:58,087: -PUB [/usb_cam/image_raw] /usb_cam http://itachi-HP-Pavilion-Laptop-15-cc1xx:39947/
[rosmaster.master][INFO] 2019-12-23 03:04:58,088: -PUB [/usb_cam/image_raw/theora] /usb_cam http://itachi-HP-Pavilion-Laptop-15-cc1xx:39947/
[rosmaster.master][INFO] 2019-12-23 03:04:58,088: -PUB [/usb_cam/image_raw/theora/parameter_descriptions] /usb_cam http://itachi-HP-Pavilion-Laptop-15-cc1xx:39947/
[rosmaster.master][INFO] 2019-12-23 03:04:58,089: -PUB [/usb_cam/image_raw/theora/parameter_updates] /usb_cam http://itachi-HP-Pavilion-Laptop-15-cc1xx:39947/
[rosmaster.master][INFO] 2019-12-23 03:04:58,089: -PUB [/usb_cam/camera_info] /usb_cam http://itachi-HP-Pavilion-Laptop-15-cc1xx:39947/
[rosmaster.master][INFO] 2019-12-23 03:04:58,090: -SERVICE [/usb_cam/get_loggers] /usb_cam rosrpc://itachi-HP-Pavilion-Laptop-15-cc1xx:45277
[rosmaster.master][INFO] 2019-12-23 03:04:58,090: -SERVICE [/usb_cam/set_logger_level] /usb_cam rosrpc://itachi-HP-Pavilion-Laptop-15-cc1xx:45277
[rosmaster.master][INFO] 2019-12-23 03:04:58,091: -SERVICE [/usb_cam/image_raw/compressedDepth/set_parameters] /usb_cam rosrpc://itachi-HP-Pavilion-Laptop-15-cc1xx:45277
[rosmaster.master][INFO] 2019-12-23 03:04:58,092: -SERVICE [/usb_cam/image_raw/compressed/set_parameters] /usb_cam rosrpc://itachi-HP-Pavilion-Laptop-15-cc1xx:45277
[rosmaster.master][INFO] 2019-12-23 03:04:58,092: -SERVICE [/usb_cam/image_raw/theora/set_parameters] /usb_cam rosrpc://itachi-HP-Pavilion-Laptop-15-cc1xx:45277
[rosmaster.master][INFO] 2019-12-23 03:04:58,092: -SERVICE [/usb_cam/set_camera_info] /usb_cam rosrpc://itachi-HP-Pavilion-Laptop-15-cc1xx:45277
[rosmaster.master][INFO] 2019-12-23 03:04:58,093: -SERVICE [/usb_cam/start_capture] /usb_cam rosrpc://itachi-HP-Pavilion-Laptop-15-cc1xx:45277
[rosmaster.master][INFO] 2019-12-23 03:04:58,093: -SERVICE [/usb_cam/stop_capture] /usb_cam rosrpc://itachi-HP-Pavilion-Laptop-15-cc1xx:45277
[rosmaster.master][INFO] 2019-12-23 03:04:58,141: -PUB [/rosout] /whycon_display/image_view http://itachi-HP-Pavilion-Laptop-15-cc1xx:38249/
[rosmaster.master][INFO] 2019-12-23 03:04:58,142: -PUB [/rosout] /whycon http://itachi-HP-Pavilion-Laptop-15-cc1xx:44507/
[rosmaster.master][INFO] 2019-12-23 03:04:58,142: -PUB [/whycon_display/image_view/output] /whycon_display/image_view http://itachi-HP-Pavilion-Laptop-15-cc1xx:38249/
[rosmaster.master][INFO] 2019-12-23 03:04:58,143: -PUB [/tf] /whycon http://itachi-HP-Pavilion-Laptop-15-cc1xx:44507/
[rosmaster.master][INFO] 2019-12-23 03:04:58,143: -PUB [/whycon_display/image_view/parameter_descriptions] /whycon_display/image_view http://itachi-HP-Pavilion-Laptop-15-cc1xx:38249/
[rosmaster.master][INFO] 2019-12-23 03:04:58,143: -PUB [/whycon/image_out] /whycon http://itachi-HP-Pavilion-Laptop-15-cc1xx:44507/
[rosmaster.master][INFO] 2019-12-23 03:04:58,144: -PUB [/whycon_display/image_view/parameter_updates] /whycon_display/image_view http://itachi-HP-Pavilion-Laptop-15-cc1xx:38249/
[rosmaster.master][INFO] 2019-12-23 03:04:58,144: publisherUpdate[/rosout] -> http://itachi-HP-Pavilion-Laptop-15-cc1xx:43243/ ['http://itachi-HP-Pavilion-Laptop-15-cc1xx:45087/', 'http://itachi-HP-Pavilion-Laptop-15-cc1xx:44507/', 'http://itachi-HP-Pavilion-Laptop-15-cc1xx:38249/']
[rosmaster.master][INFO] 2019-12-23 03:04:58,145: -PUB [/whycon/poses] /whycon http://itachi-HP-Pavilion-Laptop-15-cc1xx:44507/
[rosmaster.master][INFO] 2019-12-23 03:04:58,145: publisherUpdate[/rosout] -> http://itachi-HP-Pavilion-Laptop-15-cc1xx:43243/ ['http://itachi-HP-Pavilion-Laptop-15-cc1xx:45087/', 'http://itachi-HP-Pavilion-Laptop-15-cc1xx:44507/', 'http://itachi-HP-Pavilion-Laptop-15-cc1xx:38249/']: sec=0.00, result=[1, '', 0]
[rosmaster.master][INFO] 2019-12-23 03:04:58,145: publisherUpdate[/usb_cam/image_raw] -> http://itachi-HP-Pavilion-Laptop-15-cc1xx:45087/ []
[rosmaster.master][INFO] 2019-12-23 03:04:58,146: -SUB [/whycon/image_out] /whycon_display/image_view http://itachi-HP-Pavilion-Laptop-15-cc1xx:38249/
[rosmaster.master][INFO] 2019-12-23 03:04:58,146: -PUB [/whycon/context] /whycon http://itachi-HP-Pavilion-Laptop-15-cc1xx:44507/
[rosmaster.master][INFO] 2019-12-23 03:04:58,147: publisherUpdate[/usb_cam/image_raw] -> http://itachi-HP-Pavilion-Laptop-15-cc1xx:45087/ []: sec=0.00, result=[0, 'Unknown Error', 0]
[rosmaster.master][INFO] 2019-12-23 03:04:58,147: -SERVICE [/whycon_display/image_view/get_loggers] /whycon_display/image_view rosrpc://itachi-HP-Pavilion-Laptop-15-cc1xx:33029
[rosmaster.master][INFO] 2019-12-23 03:04:58,147: publisherUpdate[/usb_cam/camera_info] -> http://itachi-HP-Pavilion-Laptop-15-cc1xx:44507/ []
[rosmaster.master][INFO] 2019-12-23 03:04:58,148: publisherUpdate[/rosout] -> http://itachi-HP-Pavilion-Laptop-15-cc1xx:43243/ ['http://itachi-HP-Pavilion-Laptop-15-cc1xx:45087/', 'http://itachi-HP-Pavilion-Laptop-15-cc1xx:44507/']
[rosmaster.master][INFO] 2019-12-23 03:04:58,148: publisherUpdate[/usb_cam/camera_info] -> http://itachi-HP-Pavilion-Laptop-15-cc1xx:45087/ []
[rosmaster.master][INFO] 2019-12-23 03:04:58,148: -PUB [/whycon/projection] /whycon http://itachi-HP-Pavilion-Laptop-15-cc1xx:44507/
[rosmaster.master][INFO] 2019-12-23 03:04:58,149: publisherUpdate[/rosout] -> http://itachi-HP-Pavilion-Laptop-15-cc1xx:43243/ ['http://itachi-HP-Pavilion-Laptop-15-cc1xx:45087/', 'http://itachi-HP-Pavilion-Laptop-15-cc1xx:44507/']: sec=0.00, result=[1, '', 0]
[rosmaster.master][INFO] 2019-12-23 03:04:58,149: publisherUpdate[/usb_cam/camera_info] -> http://itachi-HP-Pavilion-Laptop-15-cc1xx:45087/ []: sec=0.00, result=[0, 'Unknown Error', 0]
[rosmaster.master][INFO] 2019-12-23 03:04:58,150: publisherUpdate[/usb_cam/camera_info] -> http://itachi-HP-Pavilion-Laptop-15-cc1xx:44507/ []: sec=0.00, exception=<Fault -1: 'publisherUpdate: unknown method name'>
[rosmaster.master][INFO] 2019-12-23 03:04:58,150: publisherUpdate[/rosout] -> http://itachi-HP-Pavilion-Laptop-15-cc1xx:43243/ ['http://itachi-HP-Pavilion-Laptop-15-cc1xx:45087/']
[rosmaster.master][INFO] 2019-12-23 03:04:58,150: -SERVICE [/whycon_display/image_view/set_logger_level] /whycon_display/image_view rosrpc://itachi-HP-Pavilion-Laptop-15-cc1xx:33029
[rosmaster.master][INFO] 2019-12-23 03:04:58,150: publisherUpdate[/whycon/image_out] -> http://itachi-HP-Pavilion-Laptop-15-cc1xx:38249/ []
[rosmaster.master][INFO] 2019-12-23 03:04:58,151: publisherUpdate[/rosout] -> http://itachi-HP-Pavilion-Laptop-15-cc1xx:43243/ ['http://itachi-HP-Pavilion-Laptop-15-cc1xx:45087/']: sec=0.00, result=[1, '', 0]
[rosmaster.master][INFO] 2019-12-23 03:04:58,152: -SUB [/usb_cam/image_rect_color] /whycon http://itachi-HP-Pavilion-Laptop-15-cc1xx:44507/
[rosmaster.master][INFO] 2019-12-23 03:04:58,152: publisherUpdate[/whycon/image_out] -> http://itachi-HP-Pavilion-Laptop-15-cc1xx:38249/ []: sec=0.00, exception=<Fault -1: 'publisherUpdate: unknown method name'>
[rosmaster.master][INFO] 2019-12-23 03:04:58,152: -SERVICE [/whycon_display/image_view/set_parameters] /whycon_display/image_view rosrpc://itachi-HP-Pavilion-Laptop-15-cc1xx:33029
[rosmaster.master][INFO] 2019-12-23 03:04:58,153: -SUB [/usb_cam/camera_info] /whycon http://itachi-HP-Pavilion-Laptop-15-cc1xx:44507/
[rosmaster.threadpool][ERROR] 2019-12-23 03:04:58,154: Traceback (most recent call last):
  File "/opt/ros/kinetic/lib/python2.7/dist-packages/rosmaster/threadpool.py", line 218, in run
    result = cmd(*args)
  File "/opt/ros/kinetic/lib/python2.7/dist-packages/rosmaster/master_api.py", line 210, in publisher_update_task
    ret = xmlrpcapi(api).publisherUpdate('/master', topic, pub_uris)
  File "/usr/lib/python2.7/xmlrpclib.py", line 1243, in __call__
    return self.__send(self.__name, args)
  File "/usr/lib/python2.7/xmlrpclib.py", line 1602, in __request
    verbose=self.__verbose
  File "/usr/lib/python2.7/xmlrpclib.py", line 1283, in request
    return self.single_request(host, handler, request_body, verbose)
  File "/usr/lib/python2.7/xmlrpclib.py", line 1316, in single_request
    return self.parse_response(response)
  File "/usr/lib/python2.7/xmlrpclib.py", line 1493, in parse_response
    return u.close()
  File "/usr/lib/python2.7/xmlrpclib.py", line 800, in close
    raise Fault(**self._stack[0])
Fault: <Fault -1: 'publisherUpdate: unknown method name'>

[rosmaster.threadpool][ERROR] 2019-12-23 03:04:58,154: Traceback (most recent call last):
  File "/opt/ros/kinetic/lib/python2.7/dist-packages/rosmaster/threadpool.py", line 218, in run
    result = cmd(*args)
  File "/opt/ros/kinetic/lib/python2.7/dist-packages/rosmaster/master_api.py", line 210, in publisher_update_task
    ret = xmlrpcapi(api).publisherUpdate('/master', topic, pub_uris)
  File "/usr/lib/python2.7/xmlrpclib.py", line 1243, in __call__
    return self.__send(self.__name, args)
  File "/usr/lib/python2.7/xmlrpclib.py", line 1602, in __request
    verbose=self.__verbose
  File "/usr/lib/python2.7/xmlrpclib.py", line 1283, in request
    return self.single_request(host, handler, request_body, verbose)
  File "/usr/lib/python2.7/xmlrpclib.py", line 1316, in single_request
    return self.parse_response(response)
  File "/usr/lib/python2.7/xmlrpclib.py", line 1493, in parse_response
    return u.close()
  File "/usr/lib/python2.7/xmlrpclib.py", line 800, in close
    raise Fault(**self._stack[0])
Fault: <Fault -1: 'publisherUpdate: unknown method name'>

[rosmaster.master][INFO] 2019-12-23 03:04:58,154: -SERVICE [/whycon/get_loggers] /whycon rosrpc://itachi-HP-Pavilion-Laptop-15-cc1xx:57969
[rosmaster.master][INFO] 2019-12-23 03:04:58,155: -SERVICE [/whycon/set_logger_level] /whycon rosrpc://itachi-HP-Pavilion-Laptop-15-cc1xx:57969
[rosmaster.master][INFO] 2019-12-23 03:04:58,156: -SERVICE [/whycon/reset] /whycon rosrpc://itachi-HP-Pavilion-Laptop-15-cc1xx:57969
[rosmaster.master][INFO] 2019-12-23 03:04:58,250: -PUB [/rosout] /usb_cam/image_proc http://itachi-HP-Pavilion-Laptop-15-cc1xx:45087/
[rosmaster.master][INFO] 2019-12-23 03:04:58,250: -PUB [/usb_cam/image_proc_debayer/parameter_descriptions] /usb_cam/image_proc http://itachi-HP-Pavilion-Laptop-15-cc1xx:45087/
[rosmaster.master][INFO] 2019-12-23 03:04:58,251: -PUB [/usb_cam/image_proc_debayer/parameter_updates] /usb_cam/image_proc http://itachi-HP-Pavilion-Laptop-15-cc1xx:45087/
[rosmaster.master][INFO] 2019-12-23 03:04:58,251: -PUB [/usb_cam/image_mono/compressedDepth] /usb_cam/image_proc http://itachi-HP-Pavilion-Laptop-15-cc1xx:45087/
[rosmaster.master][INFO] 2019-12-23 03:04:58,252: -PUB [/usb_cam/image_mono/compressedDepth/parameter_descriptions] /usb_cam/image_proc http://itachi-HP-Pavilion-Laptop-15-cc1xx:45087/
[rosmaster.master][INFO] 2019-12-23 03:04:58,252: publisherUpdate[/rosout] -> http://itachi-HP-Pavilion-Laptop-15-cc1xx:43243/ []
[rosmaster.master][INFO] 2019-12-23 03:04:58,253: publisherUpdate[/rosout] -> http://itachi-HP-Pavilion-Laptop-15-cc1xx:43243/ []: sec=0.00, result=[1, '', 0]
[rosmaster.master][INFO] 2019-12-23 03:04:58,253: -PUB [/usb_cam/image_mono/compressedDepth/parameter_updates] /usb_cam/image_proc http://itachi-HP-Pavilion-Laptop-15-cc1xx:45087/
[rosmaster.master][INFO] 2019-12-23 03:04:58,254: -PUB [/usb_cam/image_mono/compressed] /usb_cam/image_proc http://itachi-HP-Pavilion-Laptop-15-cc1xx:45087/
[rosmaster.master][INFO] 2019-12-23 03:04:58,255: -PUB [/usb_cam/image_mono/compressed/parameter_descriptions] /usb_cam/image_proc http://itachi-HP-Pavilion-Laptop-15-cc1xx:45087/
[rosmaster.master][INFO] 2019-12-23 03:04:58,256: -PUB [/usb_cam/image_mono/compressed/parameter_updates] /usb_cam/image_proc http://itachi-HP-Pavilion-Laptop-15-cc1xx:45087/
[rosmaster.master][INFO] 2019-12-23 03:04:58,258: -PUB [/usb_cam/image_mono] /usb_cam/image_proc http://itachi-HP-Pavilion-Laptop-15-cc1xx:45087/
[rosmaster.master][INFO] 2019-12-23 03:04:58,258: -PUB [/usb_cam/image_mono/theora] /usb_cam/image_proc http://itachi-HP-Pavilion-Laptop-15-cc1xx:45087/
[rosmaster.master][INFO] 2019-12-23 03:04:58,259: -PUB [/usb_cam/image_mono/theora/parameter_descriptions] /usb_cam/image_proc http://itachi-HP-Pavilion-Laptop-15-cc1xx:45087/
[rosmaster.master][INFO] 2019-12-23 03:04:58,259: -PUB [/usb_cam/image_mono/theora/parameter_updates] /usb_cam/image_proc http://itachi-HP-Pavilion-Laptop-15-cc1xx:45087/
[rosmaster.master][INFO] 2019-12-23 03:04:58,260: -PUB [/usb_cam/image_color/compressedDepth] /usb_cam/image_proc http://itachi-HP-Pavilion-Laptop-15-cc1xx:45087/
[rosmaster.master][INFO] 2019-12-23 03:04:58,260: -PUB [/usb_cam/image_color/compressedDepth/parameter_descriptions] /usb_cam/image_proc http://itachi-HP-Pavilion-Laptop-15-cc1xx:45087/
[rosmaster.master][INFO] 2019-12-23 03:04:58,261: -PUB [/usb_cam/image_color/compressedDepth/parameter_updates] /usb_cam/image_proc http://itachi-HP-Pavilion-Laptop-15-cc1xx:45087/
[rosmaster.master][INFO] 2019-12-23 03:04:58,262: -PUB [/usb_cam/image_color/compressed] /usb_cam/image_proc http://itachi-HP-Pavilion-Laptop-15-cc1xx:45087/
[rosmaster.master][INFO] 2019-12-23 03:04:58,263: -PUB [/usb_cam/image_color/compressed/parameter_descriptions] /usb_cam/image_proc http://itachi-HP-Pavilion-Laptop-15-cc1xx:45087/
[rosmaster.master][INFO] 2019-12-23 03:04:58,264: -PUB [/usb_cam/image_color/compressed/parameter_updates] /usb_cam/image_proc http://itachi-HP-Pavilion-Laptop-15-cc1xx:45087/
[rosmaster.master][INFO] 2019-12-23 03:04:58,264: -PUB [/usb_cam/image_color] /usb_cam/image_proc http://itachi-HP-Pavilion-Laptop-15-cc1xx:45087/
[rosmaster.master][INFO] 2019-12-23 03:04:58,265: -PUB [/usb_cam/image_color/theora] /usb_cam/image_proc http://itachi-HP-Pavilion-Laptop-15-cc1xx:45087/
[rosmaster.master][INFO] 2019-12-23 03:04:58,266: -PUB [/usb_cam/image_color/theora/parameter_descriptions] /usb_cam/image_proc http://itachi-HP-Pavilion-Laptop-15-cc1xx:45087/
[rosmaster.master][INFO] 2019-12-23 03:04:58,266: -PUB [/usb_cam/image_color/theora/parameter_updates] /usb_cam/image_proc http://itachi-HP-Pavilion-Laptop-15-cc1xx:45087/
[rosmaster.master][INFO] 2019-12-23 03:04:58,267: -PUB [/usb_cam/image_proc_rectify_mono/parameter_descriptions] /usb_cam/image_proc http://itachi-HP-Pavilion-Laptop-15-cc1xx:45087/
[rosmaster.master][INFO] 2019-12-23 03:04:58,267: -PUB [/usb_cam/image_proc_rectify_mono/parameter_updates] /usb_cam/image_proc http://itachi-HP-Pavilion-Laptop-15-cc1xx:45087/
[rosmaster.master][INFO] 2019-12-23 03:04:58,268: -PUB [/usb_cam/image_rect/compressedDepth] /usb_cam/image_proc http://itachi-HP-Pavilion-Laptop-15-cc1xx:45087/
[rosmaster.master][INFO] 2019-12-23 03:04:58,268: -PUB [/usb_cam/image_rect/compressedDepth/parameter_descriptions] /usb_cam/image_proc http://itachi-HP-Pavilion-Laptop-15-cc1xx:45087/
[rosmaster.master][INFO] 2019-12-23 03:04:58,269: -PUB [/usb_cam/image_rect/compressedDepth/parameter_updates] /usb_cam/image_proc http://itachi-HP-Pavilion-Laptop-15-cc1xx:45087/
[rosmaster.master][INFO] 2019-12-23 03:04:58,269: -PUB [/usb_cam/image_rect/compressed] /usb_cam/image_proc http://itachi-HP-Pavilion-Laptop-15-cc1xx:45087/
[rosmaster.master][INFO] 2019-12-23 03:04:58,269: -PUB [/usb_cam/image_rect/compressed/parameter_descriptions] /usb_cam/image_proc http://itachi-HP-Pavilion-Laptop-15-cc1xx:45087/
[rosmaster.master][INFO] 2019-12-23 03:04:58,270: -PUB [/usb_cam/image_rect/compressed/parameter_updates] /usb_cam/image_proc http://itachi-HP-Pavilion-Laptop-15-cc1xx:45087/
[rosmaster.master][INFO] 2019-12-23 03:04:58,271: -PUB [/usb_cam/image_rect] /usb_cam/image_proc http://itachi-HP-Pavilion-Laptop-15-cc1xx:45087/
[rosmaster.master][INFO] 2019-12-23 03:04:58,272: -PUB [/usb_cam/image_rect/theora] /usb_cam/image_proc http://itachi-HP-Pavilion-Laptop-15-cc1xx:45087/
[rosmaster.master][INFO] 2019-12-23 03:04:58,273: -PUB [/usb_cam/image_rect/theora/parameter_descriptions] /usb_cam/image_proc http://itachi-HP-Pavilion-Laptop-15-cc1xx:45087/
[rosmaster.master][INFO] 2019-12-23 03:04:58,274: -PUB [/usb_cam/image_rect/theora/parameter_updates] /usb_cam/image_proc http://itachi-HP-Pavilion-Laptop-15-cc1xx:45087/
[rosmaster.master][INFO] 2019-12-23 03:04:58,274: -PUB [/usb_cam/image_proc_rectify_color/parameter_descriptions] /usb_cam/image_proc http://itachi-HP-Pavilion-Laptop-15-cc1xx:45087/
[rosmaster.master][INFO] 2019-12-23 03:04:58,275: -PUB [/usb_cam/image_proc_rectify_color/parameter_updates] /usb_cam/image_proc http://itachi-HP-Pavilion-Laptop-15-cc1xx:45087/
[rosmaster.master][INFO] 2019-12-23 03:04:58,275: -PUB [/usb_cam/image_rect_color/compressedDepth] /usb_cam/image_proc http://itachi-HP-Pavilion-Laptop-15-cc1xx:45087/
[rosmaster.master][INFO] 2019-12-23 03:04:58,276: -PUB [/usb_cam/image_rect_color/compressedDepth/parameter_descriptions] /usb_cam/image_proc http://itachi-HP-Pavilion-Laptop-15-cc1xx:45087/
[rosmaster.master][INFO] 2019-12-23 03:04:58,276: -PUB [/usb_cam/image_rect_color/compressedDepth/parameter_updates] /usb_cam/image_proc http://itachi-HP-Pavilion-Laptop-15-cc1xx:45087/
[rosmaster.master][INFO] 2019-12-23 03:04:58,277: -PUB [/usb_cam/image_rect_color/compressed] /usb_cam/image_proc http://itachi-HP-Pavilion-Laptop-15-cc1xx:45087/
[rosmaster.master][INFO] 2019-12-23 03:04:58,277: -PUB [/usb_cam/image_rect_color/compressed/parameter_descriptions] /usb_cam/image_proc http://itachi-HP-Pavilion-Laptop-15-cc1xx:45087/
[rosmaster.master][INFO] 2019-12-23 03:04:58,278: -PUB [/usb_cam/image_rect_color/compressed/parameter_updates] /usb_cam/image_proc http://itachi-HP-Pavilion-Laptop-15-cc1xx:45087/
[rosmaster.master][INFO] 2019-12-23 03:04:58,278: -PUB [/usb_cam/image_rect_color] /usb_cam/image_proc http://itachi-HP-Pavilion-Laptop-15-cc1xx:45087/
[rosmaster.master][INFO] 2019-12-23 03:04:58,279: -PUB [/usb_cam/image_rect_color/theora] /usb_cam/image_proc http://itachi-HP-Pavilion-Laptop-15-cc1xx:45087/
[rosmaster.master][INFO] 2019-12-23 03:04:58,279: -PUB [/usb_cam/image_rect_color/theora/parameter_descriptions] /usb_cam/image_proc http://itachi-HP-Pavilion-Laptop-15-cc1xx:45087/
[rosmaster.master][INFO] 2019-12-23 03:04:58,280: -PUB [/usb_cam/image_rect_color/theora/parameter_updates] /usb_cam/image_proc http://itachi-HP-Pavilion-Laptop-15-cc1xx:45087/
[rosmaster.master][INFO] 2019-12-23 03:04:58,280: -SUB [/usb_cam/image_color] /usb_cam/image_proc http://itachi-HP-Pavilion-Laptop-15-cc1xx:45087/
[rosmaster.master][INFO] 2019-12-23 03:04:58,281: -SUB [/usb_cam/camera_info] /usb_cam/image_proc http://itachi-HP-Pavilion-Laptop-15-cc1xx:45087/
[rosmaster.master][INFO] 2019-12-23 03:04:58,281: -SUB [/usb_cam/image_raw] /usb_cam/image_proc http://itachi-HP-Pavilion-Laptop-15-cc1xx:45087/
[rosmaster.master][INFO] 2019-12-23 03:04:58,282: -SERVICE [/usb_cam/image_proc/get_loggers] /usb_cam/image_proc rosrpc://itachi-HP-Pavilion-Laptop-15-cc1xx:35237
[rosmaster.master][INFO] 2019-12-23 03:04:58,282: -SERVICE [/usb_cam/image_proc/set_logger_level] /usb_cam/image_proc rosrpc://itachi-HP-Pavilion-Laptop-15-cc1xx:35237
[rosmaster.master][INFO] 2019-12-23 03:04:58,283: -SERVICE [/usb_cam/image_proc_debayer/set_parameters] /usb_cam/image_proc rosrpc://itachi-HP-Pavilion-Laptop-15-cc1xx:35237
[rosmaster.master][INFO] 2019-12-23 03:04:58,283: -SERVICE [/usb_cam/image_mono/compressedDepth/set_parameters] /usb_cam/image_proc rosrpc://itachi-HP-Pavilion-Laptop-15-cc1xx:35237
[rosmaster.master][INFO] 2019-12-23 03:04:58,284: -SERVICE [/usb_cam/image_mono/compressed/set_parameters] /usb_cam/image_proc rosrpc://itachi-HP-Pavilion-Laptop-15-cc1xx:35237
[rosmaster.master][INFO] 2019-12-23 03:04:58,284: -SERVICE [/usb_cam/image_mono/theora/set_parameters] /usb_cam/image_proc rosrpc://itachi-HP-Pavilion-Laptop-15-cc1xx:35237
[rosmaster.master][INFO] 2019-12-23 03:04:58,285: -SERVICE [/usb_cam/image_color/compressedDepth/set_parameters] /usb_cam/image_proc rosrpc://itachi-HP-Pavilion-Laptop-15-cc1xx:35237
[rosmaster.master][INFO] 2019-12-23 03:04:58,285: -SERVICE [/usb_cam/image_color/compressed/set_parameters] /usb_cam/image_proc rosrpc://itachi-HP-Pavilion-Laptop-15-cc1xx:35237
[rosmaster.master][INFO] 2019-12-23 03:04:58,286: -SERVICE [/usb_cam/image_color/theora/set_parameters] /usb_cam/image_proc rosrpc://itachi-HP-Pavilion-Laptop-15-cc1xx:35237
[rosmaster.master][INFO] 2019-12-23 03:04:58,286: -SERVICE [/usb_cam/image_proc_rectify_mono/set_parameters] /usb_cam/image_proc rosrpc://itachi-HP-Pavilion-Laptop-15-cc1xx:35237
[rosmaster.master][INFO] 2019-12-23 03:04:58,287: -SERVICE [/usb_cam/image_rect/compressedDepth/set_parameters] /usb_cam/image_proc rosrpc://itachi-HP-Pavilion-Laptop-15-cc1xx:35237
[rosmaster.master][INFO] 2019-12-23 03:04:58,287: -SERVICE [/usb_cam/image_rect/compressed/set_parameters] /usb_cam/image_proc rosrpc://itachi-HP-Pavilion-Laptop-15-cc1xx:35237
[rosmaster.master][INFO] 2019-12-23 03:04:58,288: -SERVICE [/usb_cam/image_rect/theora/set_parameters] /usb_cam/image_proc rosrpc://itachi-HP-Pavilion-Laptop-15-cc1xx:35237
[rosmaster.master][INFO] 2019-12-23 03:04:58,289: -SERVICE [/usb_cam/image_proc_rectify_color/set_parameters] /usb_cam/image_proc rosrpc://itachi-HP-Pavilion-Laptop-15-cc1xx:35237
[rosmaster.master][INFO] 2019-12-23 03:04:58,290: -SERVICE [/usb_cam/image_rect_color/compressedDepth/set_parameters] /usb_cam/image_proc rosrpc://itachi-HP-Pavilion-Laptop-15-cc1xx:35237
[rosmaster.master][INFO] 2019-12-23 03:04:58,291: -SERVICE [/usb_cam/image_rect_color/compressed/set_parameters] /usb_cam/image_proc rosrpc://itachi-HP-Pavilion-Laptop-15-cc1xx:35237
[rosmaster.master][INFO] 2019-12-23 03:04:58,291: -SERVICE [/usb_cam/image_rect_color/theora/set_parameters] /usb_cam/image_proc rosrpc://itachi-HP-Pavilion-Laptop-15-cc1xx:35237
[rosmaster.master][INFO] 2019-12-23 03:04:58,353: publisherUpdate[/usb_cam/image_color] -> http://itachi-HP-Pavilion-Laptop-15-cc1xx:45087/ []
[rosmaster.master][INFO] 2019-12-23 03:04:58,355: publisherUpdate[/usb_cam/image_color] -> http://itachi-HP-Pavilion-Laptop-15-cc1xx:45087/ []: sec=0.00, exception=<Fault -1: 'publisherUpdate: unknown method name'>
[rosmaster.threadpool][ERROR] 2019-12-23 03:04:58,355: Traceback (most recent call last):
  File "/opt/ros/kinetic/lib/python2.7/dist-packages/rosmaster/threadpool.py", line 218, in run
    result = cmd(*args)
  File "/opt/ros/kinetic/lib/python2.7/dist-packages/rosmaster/master_api.py", line 210, in publisher_update_task
    ret = xmlrpcapi(api).publisherUpdate('/master', topic, pub_uris)
  File "/usr/lib/python2.7/xmlrpclib.py", line 1243, in __call__
    return self.__send(self.__name, args)
  File "/usr/lib/python2.7/xmlrpclib.py", line 1602, in __request
    verbose=self.__verbose
  File "/usr/lib/python2.7/xmlrpclib.py", line 1283, in request
    return self.single_request(host, handler, request_body, verbose)
  File "/usr/lib/python2.7/xmlrpclib.py", line 1316, in single_request
    return self.parse_response(response)
  File "/usr/lib/python2.7/xmlrpclib.py", line 1493, in parse_response
    return u.close()
  File "/usr/lib/python2.7/xmlrpclib.py", line 800, in close
    raise Fault(**self._stack[0])
Fault: <Fault -1: 'publisherUpdate: unknown method name'>

[rosmaster.master][INFO] 2019-12-23 03:04:58,654: -PUB [/rosout_agg] /rosout http://itachi-HP-Pavilion-Laptop-15-cc1xx:43243/
[rosmaster.master][INFO] 2019-12-23 03:04:58,655: -SUB [/rosout] /rosout http://itachi-HP-Pavilion-Laptop-15-cc1xx:43243/
[rosmaster.master][INFO] 2019-12-23 03:04:58,655: -SERVICE [/rosout/get_loggers] /rosout rosrpc://itachi-HP-Pavilion-Laptop-15-cc1xx:58421
[rosmaster.master][INFO] 2019-12-23 03:04:58,656: -SERVICE [/rosout/set_logger_level] /rosout rosrpc://itachi-HP-Pavilion-Laptop-15-cc1xx:58421
[rosmaster.main][INFO] 2019-12-23 03:04:58,692: keyboard interrupt, will exit
[rosmaster.main][INFO] 2019-12-23 03:04:58,692: stopping master...
[rospy.core][INFO] 2019-12-23 03:04:58,692: signal_shutdown [atexit]
