[rosmaster.main][INFO] 2019-12-28 00:31:56,694: initialization complete, waiting for shutdown
[rosmaster.main][INFO] 2019-12-28 00:31:56,694: Starting ROS Master Node
[xmlrpc][INFO] 2019-12-28 00:31:56,695: XML-RPC server binding to 0.0.0.0:11311
[xmlrpc][INFO] 2019-12-28 00:31:56,695: Started XML-RPC server [http://itachi-HP-Pavilion-Laptop-15-cc1xx:11311/]
[xmlrpc][INFO] 2019-12-28 00:31:56,695: xml rpc node: starting XML-RPC server
[rosmaster.master][INFO] 2019-12-28 00:31:56,695: Master initialized: port[11311], uri[http://itachi-HP-Pavilion-Laptop-15-cc1xx:11311/]
[rosmaster.master][INFO] 2019-12-28 00:31:56,755: +PARAM [/run_id] by /roslaunch
[rosmaster.master][INFO] 2019-12-28 00:31:56,757: +PARAM [/roslaunch/uris/host_itachi_hp_pavilion_laptop_15_cc1xx__42983] by /roslaunch
[rosmaster.master][INFO] 2019-12-28 00:31:56,861: +PARAM [/rosversion] by /roslaunch
[rosmaster.master][INFO] 2019-12-28 00:31:56,861: +PARAM [/rosdistro] by /roslaunch
[rosmaster.master][INFO] 2019-12-28 00:31:56,866: +SERVICE [/rosout/get_loggers] /rosout http://itachi-HP-Pavilion-Laptop-15-cc1xx:46163/
[rosmaster.master][INFO] 2019-12-28 00:31:56,867: +SERVICE [/rosout/set_logger_level] /rosout http://itachi-HP-Pavilion-Laptop-15-cc1xx:46163/
[rosmaster.master][INFO] 2019-12-28 00:31:56,868: +PUB [/rosout_agg] /rosout http://itachi-HP-Pavilion-Laptop-15-cc1xx:46163/
[rosmaster.master][INFO] 2019-12-28 00:31:56,871: +SUB [/rosout] /rosout http://itachi-HP-Pavilion-Laptop-15-cc1xx:46163/
[rosmaster.master][INFO] 2019-12-28 00:32:00,421: +PARAM [/roslaunch/uris/host_itachi_hp_pavilion_laptop_15_cc1xx__44955] by /roslaunch
[rosmaster.master][INFO] 2019-12-28 00:32:00,423: +PARAM [/usb_cam/image_width] by /roslaunch
[rosmaster.master][INFO] 2019-12-28 00:32:00,423: +PARAM [/usb_cam/video_device] by /roslaunch
[rosmaster.master][INFO] 2019-12-28 00:32:00,423: +PARAM [/rosdistro] by /roslaunch
[rosmaster.master][INFO] 2019-12-28 00:32:00,423: +PARAM [/whycon/targets] by /roslaunch
[rosmaster.master][INFO] 2019-12-28 00:32:00,423: +PARAM [/usb_cam/pixel_format] by /roslaunch
[rosmaster.master][INFO] 2019-12-28 00:32:00,423: +PARAM [/usb_cam/io_method] by /roslaunch
[rosmaster.master][INFO] 2019-12-28 00:32:00,423: +PARAM [/usb_cam/camera_frame_id] by /roslaunch
[rosmaster.master][INFO] 2019-12-28 00:32:00,423: +PARAM [/rosversion] by /roslaunch
[rosmaster.master][INFO] 2019-12-28 00:32:00,424: +PARAM [/whycon/outer_diameter] by /roslaunch
[rosmaster.master][INFO] 2019-12-28 00:32:00,424: +PARAM [/usb_cam/image_height] by /roslaunch
[rosmaster.master][INFO] 2019-12-28 00:32:00,424: +PARAM [/whycon/name] by /roslaunch
[rosmaster.master][INFO] 2019-12-28 00:32:00,424: +PARAM [/whycon/inner_diameter] by /roslaunch
[rosmaster.master][INFO] 2019-12-28 00:32:00,502: +PUB [/rosout] /usb_cam http://itachi-HP-Pavilion-Laptop-15-cc1xx:44315/
[rosmaster.master][INFO] 2019-12-28 00:32:00,503: +SERVICE [/usb_cam/get_loggers] /usb_cam http://itachi-HP-Pavilion-Laptop-15-cc1xx:44315/
[rosmaster.master][INFO] 2019-12-28 00:32:00,504: +SERVICE [/usb_cam/set_logger_level] /usb_cam http://itachi-HP-Pavilion-Laptop-15-cc1xx:44315/
[rosmaster.master][INFO] 2019-12-28 00:32:00,507: publisherUpdate[/rosout] -> http://itachi-HP-Pavilion-Laptop-15-cc1xx:46163/ ['http://itachi-HP-Pavilion-Laptop-15-cc1xx:44315/']
[rosmaster.master][INFO] 2019-12-28 00:32:00,509: +PUB [/rosout] /usb_cam/image_proc http://itachi-HP-Pavilion-Laptop-15-cc1xx:35905/
[rosmaster.master][INFO] 2019-12-28 00:32:00,509: publisherUpdate[/rosout] -> http://itachi-HP-Pavilion-Laptop-15-cc1xx:46163/ ['http://itachi-HP-Pavilion-Laptop-15-cc1xx:44315/']: sec=0.00, result=[1, '', 0]
[rosmaster.master][INFO] 2019-12-28 00:32:00,510: publisherUpdate[/rosout] -> http://itachi-HP-Pavilion-Laptop-15-cc1xx:46163/ ['http://itachi-HP-Pavilion-Laptop-15-cc1xx:44315/', 'http://itachi-HP-Pavilion-Laptop-15-cc1xx:35905/']
[rosmaster.master][INFO] 2019-12-28 00:32:00,510: +SERVICE [/usb_cam/image_proc/get_loggers] /usb_cam/image_proc http://itachi-HP-Pavilion-Laptop-15-cc1xx:35905/
[rosmaster.master][INFO] 2019-12-28 00:32:00,511: publisherUpdate[/rosout] -> http://itachi-HP-Pavilion-Laptop-15-cc1xx:46163/ ['http://itachi-HP-Pavilion-Laptop-15-cc1xx:44315/', 'http://itachi-HP-Pavilion-Laptop-15-cc1xx:35905/']: sec=0.00, result=[1, '', 0]
[rosmaster.master][INFO] 2019-12-28 00:32:00,511: +SERVICE [/usb_cam/image_proc/set_logger_level] /usb_cam/image_proc http://itachi-HP-Pavilion-Laptop-15-cc1xx:35905/
[rosmaster.master][INFO] 2019-12-28 00:32:00,518: +PUB [/rosout] /whycon http://itachi-HP-Pavilion-Laptop-15-cc1xx:32891/
[rosmaster.master][INFO] 2019-12-28 00:32:00,519: +SERVICE [/whycon/get_loggers] /whycon http://itachi-HP-Pavilion-Laptop-15-cc1xx:32891/
[rosmaster.master][INFO] 2019-12-28 00:32:00,519: +SERVICE [/whycon/set_logger_level] /whycon http://itachi-HP-Pavilion-Laptop-15-cc1xx:32891/
[rosmaster.master][INFO] 2019-12-28 00:32:00,532: +PUB [/rosout] /whycon_display/image_view http://itachi-HP-Pavilion-Laptop-15-cc1xx:39793/
[rosmaster.master][INFO] 2019-12-28 00:32:00,533: +SERVICE [/whycon_display/image_view/get_loggers] /whycon_display/image_view http://itachi-HP-Pavilion-Laptop-15-cc1xx:39793/
[rosmaster.master][INFO] 2019-12-28 00:32:00,534: +SERVICE [/whycon_display/image_view/set_logger_level] /whycon_display/image_view http://itachi-HP-Pavilion-Laptop-15-cc1xx:39793/
[rosmaster.master][INFO] 2019-12-28 00:32:00,534: +SERVICE [/usb_cam/image_proc_debayer/set_parameters] /usb_cam/image_proc http://itachi-HP-Pavilion-Laptop-15-cc1xx:35905/
[rosmaster.master][INFO] 2019-12-28 00:32:00,535: +PUB [/usb_cam/image_proc_debayer/parameter_descriptions] /usb_cam/image_proc http://itachi-HP-Pavilion-Laptop-15-cc1xx:35905/
[rosmaster.master][INFO] 2019-12-28 00:32:00,536: +PUB [/usb_cam/image_proc_debayer/parameter_updates] /usb_cam/image_proc http://itachi-HP-Pavilion-Laptop-15-cc1xx:35905/
[rosmaster.master][INFO] 2019-12-28 00:32:00,538: +PARAM [/usb_cam/image_proc_debayer/debayer] by /usb_cam/image_proc
[rosmaster.master][INFO] 2019-12-28 00:32:00,539: +PARAM [/usb_cam/image_proc_debayer/debayer] by /usb_cam/image_proc
[rosmaster.master][INFO] 2019-12-28 00:32:00,541: +PUB [/usb_cam/image_mono/compressedDepth] /usb_cam/image_proc http://itachi-HP-Pavilion-Laptop-15-cc1xx:35905/
[rosmaster.master][INFO] 2019-12-28 00:32:00,542: +SERVICE [/usb_cam/image_mono/compressedDepth/set_parameters] /usb_cam/image_proc http://itachi-HP-Pavilion-Laptop-15-cc1xx:35905/
[rosmaster.master][INFO] 2019-12-28 00:32:00,543: +PUB [/usb_cam/image_mono/compressedDepth/parameter_descriptions] /usb_cam/image_proc http://itachi-HP-Pavilion-Laptop-15-cc1xx:35905/
[rosmaster.master][INFO] 2019-12-28 00:32:00,544: +PUB [/usb_cam/image_mono/compressedDepth/parameter_updates] /usb_cam/image_proc http://itachi-HP-Pavilion-Laptop-15-cc1xx:35905/
[rosmaster.master][INFO] 2019-12-28 00:32:00,546: +PUB [/usb_cam/image_raw/compressedDepth] /usb_cam http://itachi-HP-Pavilion-Laptop-15-cc1xx:44315/
[rosmaster.master][INFO] 2019-12-28 00:32:00,547: +SERVICE [/usb_cam/image_raw/compressedDepth/set_parameters] /usb_cam http://itachi-HP-Pavilion-Laptop-15-cc1xx:44315/
[rosmaster.master][INFO] 2019-12-28 00:32:00,548: +PUB [/usb_cam/image_raw/compressedDepth/parameter_descriptions] /usb_cam http://itachi-HP-Pavilion-Laptop-15-cc1xx:44315/
[rosmaster.master][INFO] 2019-12-28 00:32:00,549: +PARAM [/usb_cam/image_mono/compressedDepth/depth_max] by /usb_cam/image_proc
[rosmaster.master][INFO] 2019-12-28 00:32:00,550: +PUB [/usb_cam/image_raw/compressedDepth/parameter_updates] /usb_cam http://itachi-HP-Pavilion-Laptop-15-cc1xx:44315/
[rosmaster.master][INFO] 2019-12-28 00:32:00,550: +PARAM [/usb_cam/image_mono/compressedDepth/depth_quantization] by /usb_cam/image_proc
[rosmaster.master][INFO] 2019-12-28 00:32:00,552: +PARAM [/usb_cam/image_mono/compressedDepth/png_level] by /usb_cam/image_proc
[rosmaster.master][INFO] 2019-12-28 00:32:00,554: +PARAM [/usb_cam/image_mono/compressedDepth/depth_max] by /usb_cam/image_proc
[rosmaster.master][INFO] 2019-12-28 00:32:00,555: +PARAM [/usb_cam/image_raw/compressedDepth/depth_max] by /usb_cam
[rosmaster.master][INFO] 2019-12-28 00:32:00,556: +PARAM [/usb_cam/image_mono/compressedDepth/depth_quantization] by /usb_cam/image_proc
[rosmaster.master][INFO] 2019-12-28 00:32:00,556: +PARAM [/usb_cam/image_raw/compressedDepth/depth_quantization] by /usb_cam
[rosmaster.master][INFO] 2019-12-28 00:32:00,557: +PUB [/tf] /whycon http://itachi-HP-Pavilion-Laptop-15-cc1xx:32891/
[rosmaster.master][INFO] 2019-12-28 00:32:00,557: +PARAM [/usb_cam/image_mono/compressedDepth/png_level] by /usb_cam/image_proc
[rosmaster.master][INFO] 2019-12-28 00:32:00,558: +PARAM [/usb_cam/image_raw/compressedDepth/png_level] by /usb_cam
[rosmaster.master][INFO] 2019-12-28 00:32:00,559: +PARAM [/usb_cam/image_raw/compressedDepth/depth_max] by /usb_cam
[rosmaster.master][INFO] 2019-12-28 00:32:00,559: +PUB [/usb_cam/image_mono/compressed] /usb_cam/image_proc http://itachi-HP-Pavilion-Laptop-15-cc1xx:35905/
[rosmaster.master][INFO] 2019-12-28 00:32:00,560: +PARAM [/usb_cam/image_raw/compressedDepth/depth_quantization] by /usb_cam
[rosmaster.master][INFO] 2019-12-28 00:32:00,560: +SERVICE [/usb_cam/image_mono/compressed/set_parameters] /usb_cam/image_proc http://itachi-HP-Pavilion-Laptop-15-cc1xx:35905/
[rosmaster.master][INFO] 2019-12-28 00:32:00,561: +PARAM [/usb_cam/image_raw/compressedDepth/png_level] by /usb_cam
[rosmaster.master][INFO] 2019-12-28 00:32:00,562: +PUB [/usb_cam/image_mono/compressed/parameter_descriptions] /usb_cam/image_proc http://itachi-HP-Pavilion-Laptop-15-cc1xx:35905/
[rosmaster.master][INFO] 2019-12-28 00:32:00,563: +PUB [/usb_cam/image_raw/compressed] /usb_cam http://itachi-HP-Pavilion-Laptop-15-cc1xx:44315/
[rosmaster.master][INFO] 2019-12-28 00:32:00,564: +PUB [/usb_cam/image_mono/compressed/parameter_updates] /usb_cam/image_proc http://itachi-HP-Pavilion-Laptop-15-cc1xx:35905/
[rosmaster.master][INFO] 2019-12-28 00:32:00,564: +SERVICE [/usb_cam/image_raw/compressed/set_parameters] /usb_cam http://itachi-HP-Pavilion-Laptop-15-cc1xx:44315/
[rosmaster.master][INFO] 2019-12-28 00:32:00,565: +PUB [/usb_cam/image_raw/compressed/parameter_descriptions] /usb_cam http://itachi-HP-Pavilion-Laptop-15-cc1xx:44315/
[rosmaster.master][INFO] 2019-12-28 00:32:00,568: +PUB [/usb_cam/image_raw/compressed/parameter_updates] /usb_cam http://itachi-HP-Pavilion-Laptop-15-cc1xx:44315/
[rosmaster.master][INFO] 2019-12-28 00:32:00,569: +SUB [/usb_cam/image_rect_color] /whycon http://itachi-HP-Pavilion-Laptop-15-cc1xx:32891/
[rosmaster.master][INFO] 2019-12-28 00:32:00,570: +PARAM [/usb_cam/image_mono/compressed/format] by /usb_cam/image_proc
[rosmaster.master][INFO] 2019-12-28 00:32:00,572: +PARAM [/usb_cam/image_mono/compressed/jpeg_quality] by /usb_cam/image_proc
[rosmaster.master][INFO] 2019-12-28 00:32:00,573: +PARAM [/usb_cam/image_mono/compressed/png_level] by /usb_cam/image_proc
[rosmaster.master][INFO] 2019-12-28 00:32:00,574: +PARAM [/usb_cam/image_raw/compressed/format] by /usb_cam
[rosmaster.master][INFO] 2019-12-28 00:32:00,575: +PARAM [/usb_cam/image_mono/compressed/format] by /usb_cam/image_proc
[rosmaster.master][INFO] 2019-12-28 00:32:00,575: +PARAM [/usb_cam/image_raw/compressed/jpeg_quality] by /usb_cam
[rosmaster.master][INFO] 2019-12-28 00:32:00,577: +PARAM [/usb_cam/image_mono/compressed/jpeg_quality] by /usb_cam/image_proc
[rosmaster.master][INFO] 2019-12-28 00:32:00,577: +PARAM [/usb_cam/image_raw/compressed/png_level] by /usb_cam
[rosmaster.master][INFO] 2019-12-28 00:32:00,578: +SUB [/usb_cam/camera_info] /whycon http://itachi-HP-Pavilion-Laptop-15-cc1xx:32891/
[rosmaster.master][INFO] 2019-12-28 00:32:00,579: +PARAM [/usb_cam/image_mono/compressed/png_level] by /usb_cam/image_proc
[rosmaster.master][INFO] 2019-12-28 00:32:00,579: +PARAM [/usb_cam/image_raw/compressed/format] by /usb_cam
[rosmaster.master][INFO] 2019-12-28 00:32:00,580: +PUB [/whycon/image_out] /whycon http://itachi-HP-Pavilion-Laptop-15-cc1xx:32891/
[rosmaster.master][INFO] 2019-12-28 00:32:00,581: +PUB [/usb_cam/image_mono] /usb_cam/image_proc http://itachi-HP-Pavilion-Laptop-15-cc1xx:35905/
[rosmaster.master][INFO] 2019-12-28 00:32:00,581: +PARAM [/usb_cam/image_raw/compressed/jpeg_quality] by /usb_cam
[rosmaster.master][INFO] 2019-12-28 00:32:00,582: +PUB [/whycon/poses] /whycon http://itachi-HP-Pavilion-Laptop-15-cc1xx:32891/
[rosmaster.master][INFO] 2019-12-28 00:32:00,582: +PUB [/usb_cam/image_mono/theora] /usb_cam/image_proc http://itachi-HP-Pavilion-Laptop-15-cc1xx:35905/
[rosmaster.master][INFO] 2019-12-28 00:32:00,583: +PARAM [/usb_cam/image_raw/compressed/png_level] by /usb_cam
[rosmaster.master][INFO] 2019-12-28 00:32:00,583: +PUB [/whycon/context] /whycon http://itachi-HP-Pavilion-Laptop-15-cc1xx:32891/
[rosmaster.master][INFO] 2019-12-28 00:32:00,584: +SERVICE [/usb_cam/image_mono/theora/set_parameters] /usb_cam/image_proc http://itachi-HP-Pavilion-Laptop-15-cc1xx:35905/
[rosmaster.master][INFO] 2019-12-28 00:32:00,585: +PUB [/whycon/projection] /whycon http://itachi-HP-Pavilion-Laptop-15-cc1xx:32891/
[rosmaster.master][INFO] 2019-12-28 00:32:00,585: +PUB [/usb_cam/image_raw] /usb_cam http://itachi-HP-Pavilion-Laptop-15-cc1xx:44315/
[rosmaster.master][INFO] 2019-12-28 00:32:00,586: +PUB [/usb_cam/image_mono/theora/parameter_descriptions] /usb_cam/image_proc http://itachi-HP-Pavilion-Laptop-15-cc1xx:35905/
[rosmaster.master][INFO] 2019-12-28 00:32:00,587: +SERVICE [/whycon/reset] /whycon http://itachi-HP-Pavilion-Laptop-15-cc1xx:32891/
[rosmaster.master][INFO] 2019-12-28 00:32:00,588: +PUB [/usb_cam/image_mono/theora/parameter_updates] /usb_cam/image_proc http://itachi-HP-Pavilion-Laptop-15-cc1xx:35905/
[rosmaster.master][INFO] 2019-12-28 00:32:00,588: +PUB [/usb_cam/image_raw/theora] /usb_cam http://itachi-HP-Pavilion-Laptop-15-cc1xx:44315/
[rosmaster.master][INFO] 2019-12-28 00:32:00,589: +SERVICE [/usb_cam/image_raw/theora/set_parameters] /usb_cam http://itachi-HP-Pavilion-Laptop-15-cc1xx:44315/
[rosmaster.master][INFO] 2019-12-28 00:32:00,590: +PUB [/usb_cam/image_raw/theora/parameter_descriptions] /usb_cam http://itachi-HP-Pavilion-Laptop-15-cc1xx:44315/
[rosmaster.master][INFO] 2019-12-28 00:32:00,591: +PUB [/usb_cam/image_raw/theora/parameter_updates] /usb_cam http://itachi-HP-Pavilion-Laptop-15-cc1xx:44315/
[rosmaster.master][INFO] 2019-12-28 00:32:00,593: +PARAM [/usb_cam/image_mono/theora/optimize_for] by /usb_cam/image_proc
[rosmaster.master][INFO] 2019-12-28 00:32:00,594: +PARAM [/usb_cam/image_mono/theora/target_bitrate] by /usb_cam/image_proc
[rosmaster.master][INFO] 2019-12-28 00:32:00,595: +PARAM [/usb_cam/image_mono/theora/quality] by /usb_cam/image_proc
[rosmaster.master][INFO] 2019-12-28 00:32:00,596: +PARAM [/usb_cam/image_mono/theora/keyframe_frequency] by /usb_cam/image_proc
[rosmaster.master][INFO] 2019-12-28 00:32:00,596: +PARAM [/usb_cam/image_raw/theora/optimize_for] by /usb_cam
[rosmaster.master][INFO] 2019-12-28 00:32:00,597: +PARAM [/usb_cam/image_mono/theora/optimize_for] by /usb_cam/image_proc
[rosmaster.master][INFO] 2019-12-28 00:32:00,597: +PARAM [/usb_cam/image_raw/theora/target_bitrate] by /usb_cam
[rosmaster.master][INFO] 2019-12-28 00:32:00,598: +PARAM [/usb_cam/image_mono/theora/target_bitrate] by /usb_cam/image_proc
[rosmaster.master][INFO] 2019-12-28 00:32:00,599: +PARAM [/usb_cam/image_raw/theora/quality] by /usb_cam
[rosmaster.master][INFO] 2019-12-28 00:32:00,600: +PARAM [/usb_cam/image_mono/theora/quality] by /usb_cam/image_proc
[rosmaster.master][INFO] 2019-12-28 00:32:00,600: +PARAM [/usb_cam/image_raw/theora/keyframe_frequency] by /usb_cam
[rosmaster.master][INFO] 2019-12-28 00:32:00,601: +PARAM [/usb_cam/image_mono/theora/keyframe_frequency] by /usb_cam/image_proc
[rosmaster.master][INFO] 2019-12-28 00:32:00,601: +PARAM [/usb_cam/image_raw/theora/optimize_for] by /usb_cam
[rosmaster.master][INFO] 2019-12-28 00:32:00,603: +PARAM [/usb_cam/image_raw/theora/target_bitrate] by /usb_cam
[rosmaster.master][INFO] 2019-12-28 00:32:00,603: +PUB [/usb_cam/image_color/compressedDepth] /usb_cam/image_proc http://itachi-HP-Pavilion-Laptop-15-cc1xx:35905/
[rosmaster.master][INFO] 2019-12-28 00:32:00,604: +PARAM [/usb_cam/image_raw/theora/quality] by /usb_cam
[rosmaster.master][INFO] 2019-12-28 00:32:00,605: +SERVICE [/usb_cam/image_color/compressedDepth/set_parameters] /usb_cam/image_proc http://itachi-HP-Pavilion-Laptop-15-cc1xx:35905/
[rosmaster.master][INFO] 2019-12-28 00:32:00,605: +PARAM [/usb_cam/image_raw/theora/keyframe_frequency] by /usb_cam
[rosmaster.master][INFO] 2019-12-28 00:32:00,606: +PUB [/usb_cam/image_color/compressedDepth/parameter_descriptions] /usb_cam/image_proc http://itachi-HP-Pavilion-Laptop-15-cc1xx:35905/
[rosmaster.master][INFO] 2019-12-28 00:32:00,607: +PUB [/usb_cam/camera_info] /usb_cam http://itachi-HP-Pavilion-Laptop-15-cc1xx:44315/
[rosmaster.master][INFO] 2019-12-28 00:32:00,607: publisherUpdate[/usb_cam/camera_info] -> http://itachi-HP-Pavilion-Laptop-15-cc1xx:32891/ ['http://itachi-HP-Pavilion-Laptop-15-cc1xx:44315/']
[rosmaster.master][INFO] 2019-12-28 00:32:00,607: publisherUpdate[/rosout] -> http://itachi-HP-Pavilion-Laptop-15-cc1xx:46163/ ['http://itachi-HP-Pavilion-Laptop-15-cc1xx:44315/', 'http://itachi-HP-Pavilion-Laptop-15-cc1xx:35905/', 'http://itachi-HP-Pavilion-Laptop-15-cc1xx:32891/']
[rosmaster.master][INFO] 2019-12-28 00:32:00,608: +PUB [/usb_cam/image_color/compressedDepth/parameter_updates] /usb_cam/image_proc http://itachi-HP-Pavilion-Laptop-15-cc1xx:35905/
[rosmaster.master][INFO] 2019-12-28 00:32:00,609: publisherUpdate[/usb_cam/camera_info] -> http://itachi-HP-Pavilion-Laptop-15-cc1xx:32891/ ['http://itachi-HP-Pavilion-Laptop-15-cc1xx:44315/']: sec=0.00, result=[1, '', 0]
[rosmaster.master][INFO] 2019-12-28 00:32:00,610: publisherUpdate[/rosout] -> http://itachi-HP-Pavilion-Laptop-15-cc1xx:46163/ ['http://itachi-HP-Pavilion-Laptop-15-cc1xx:44315/', 'http://itachi-HP-Pavilion-Laptop-15-cc1xx:35905/', 'http://itachi-HP-Pavilion-Laptop-15-cc1xx:32891/']: sec=0.00, result=[1, '', 0]
[rosmaster.master][INFO] 2019-12-28 00:32:00,611: publisherUpdate[/rosout] -> http://itachi-HP-Pavilion-Laptop-15-cc1xx:46163/ ['http://itachi-HP-Pavilion-Laptop-15-cc1xx:44315/', 'http://itachi-HP-Pavilion-Laptop-15-cc1xx:35905/', 'http://itachi-HP-Pavilion-Laptop-15-cc1xx:32891/', 'http://itachi-HP-Pavilion-Laptop-15-cc1xx:39793/']
[rosmaster.master][INFO] 2019-12-28 00:32:00,611: publisherUpdate[/rosout] -> http://itachi-HP-Pavilion-Laptop-15-cc1xx:46163/ ['http://itachi-HP-Pavilion-Laptop-15-cc1xx:44315/', 'http://itachi-HP-Pavilion-Laptop-15-cc1xx:35905/', 'http://itachi-HP-Pavilion-Laptop-15-cc1xx:32891/', 'http://itachi-HP-Pavilion-Laptop-15-cc1xx:39793/']: sec=0.00, result=[1, '', 0]
[rosmaster.master][INFO] 2019-12-28 00:32:00,614: +PARAM [/usb_cam/image_color/compressedDepth/depth_max] by /usb_cam/image_proc
[rosmaster.master][INFO] 2019-12-28 00:32:00,615: +PARAM [/usb_cam/image_color/compressedDepth/depth_quantization] by /usb_cam/image_proc
[rosmaster.master][INFO] 2019-12-28 00:32:00,617: +PARAM [/usb_cam/image_color/compressedDepth/png_level] by /usb_cam/image_proc
[rosmaster.master][INFO] 2019-12-28 00:32:00,618: +PARAM [/usb_cam/image_color/compressedDepth/depth_max] by /usb_cam/image_proc
[rosmaster.master][INFO] 2019-12-28 00:32:00,619: +PARAM [/usb_cam/image_color/compressedDepth/depth_quantization] by /usb_cam/image_proc
[rosmaster.master][INFO] 2019-12-28 00:32:00,620: +PARAM [/usb_cam/image_color/compressedDepth/png_level] by /usb_cam/image_proc
[rosmaster.master][INFO] 2019-12-28 00:32:00,621: +PUB [/usb_cam/image_color/compressed] /usb_cam/image_proc http://itachi-HP-Pavilion-Laptop-15-cc1xx:35905/
[rosmaster.master][INFO] 2019-12-28 00:32:00,622: +SERVICE [/usb_cam/image_color/compressed/set_parameters] /usb_cam/image_proc http://itachi-HP-Pavilion-Laptop-15-cc1xx:35905/
[rosmaster.master][INFO] 2019-12-28 00:32:00,623: +PUB [/usb_cam/image_color/compressed/parameter_descriptions] /usb_cam/image_proc http://itachi-HP-Pavilion-Laptop-15-cc1xx:35905/
[rosmaster.master][INFO] 2019-12-28 00:32:00,624: +PUB [/usb_cam/image_color/compressed/parameter_updates] /usb_cam/image_proc http://itachi-HP-Pavilion-Laptop-15-cc1xx:35905/
[rosmaster.master][INFO] 2019-12-28 00:32:00,628: +PARAM [/usb_cam/image_color/compressed/format] by /usb_cam/image_proc
[rosmaster.master][INFO] 2019-12-28 00:32:00,629: +PARAM [/usb_cam/image_color/compressed/jpeg_quality] by /usb_cam/image_proc
[rosmaster.master][INFO] 2019-12-28 00:32:00,630: +PARAM [/usb_cam/image_color/compressed/png_level] by /usb_cam/image_proc
[rosmaster.master][INFO] 2019-12-28 00:32:00,631: +PARAM [/usb_cam/image_color/compressed/format] by /usb_cam/image_proc
[rosmaster.master][INFO] 2019-12-28 00:32:00,632: +PARAM [/usb_cam/image_color/compressed/jpeg_quality] by /usb_cam/image_proc
[rosmaster.master][INFO] 2019-12-28 00:32:00,632: +SERVICE [/usb_cam/set_camera_info] /usb_cam http://itachi-HP-Pavilion-Laptop-15-cc1xx:44315/
[rosmaster.master][INFO] 2019-12-28 00:32:00,633: +PARAM [/usb_cam/image_color/compressed/png_level] by /usb_cam/image_proc
[rosmaster.master][INFO] 2019-12-28 00:32:00,633: +SERVICE [/usb_cam/start_capture] /usb_cam http://itachi-HP-Pavilion-Laptop-15-cc1xx:44315/
[rosmaster.master][INFO] 2019-12-28 00:32:00,634: +PUB [/usb_cam/image_color] /usb_cam/image_proc http://itachi-HP-Pavilion-Laptop-15-cc1xx:35905/
[rosmaster.master][INFO] 2019-12-28 00:32:00,634: +SERVICE [/usb_cam/stop_capture] /usb_cam http://itachi-HP-Pavilion-Laptop-15-cc1xx:44315/
[rosmaster.master][INFO] 2019-12-28 00:32:00,635: +PUB [/usb_cam/image_color/theora] /usb_cam/image_proc http://itachi-HP-Pavilion-Laptop-15-cc1xx:35905/
[rosmaster.master][INFO] 2019-12-28 00:32:00,635: +SERVICE [/usb_cam/image_color/theora/set_parameters] /usb_cam/image_proc http://itachi-HP-Pavilion-Laptop-15-cc1xx:35905/
[rosmaster.master][INFO] 2019-12-28 00:32:00,636: +PUB [/usb_cam/image_color/theora/parameter_descriptions] /usb_cam/image_proc http://itachi-HP-Pavilion-Laptop-15-cc1xx:35905/
[rosmaster.master][INFO] 2019-12-28 00:32:00,637: +PUB [/usb_cam/image_color/theora/parameter_updates] /usb_cam/image_proc http://itachi-HP-Pavilion-Laptop-15-cc1xx:35905/
[rosmaster.master][INFO] 2019-12-28 00:32:00,640: +PARAM [/usb_cam/image_color/theora/optimize_for] by /usb_cam/image_proc
[rosmaster.master][INFO] 2019-12-28 00:32:00,640: +PARAM [/usb_cam/image_color/theora/target_bitrate] by /usb_cam/image_proc
[rosmaster.master][INFO] 2019-12-28 00:32:00,641: +PARAM [/usb_cam/image_color/theora/quality] by /usb_cam/image_proc
[rosmaster.master][INFO] 2019-12-28 00:32:00,642: +PARAM [/usb_cam/image_color/theora/keyframe_frequency] by /usb_cam/image_proc
[rosmaster.master][INFO] 2019-12-28 00:32:00,643: +PARAM [/usb_cam/image_color/theora/optimize_for] by /usb_cam/image_proc
[rosmaster.master][INFO] 2019-12-28 00:32:00,646: +PARAM [/usb_cam/image_color/theora/target_bitrate] by /usb_cam/image_proc
[rosmaster.master][INFO] 2019-12-28 00:32:00,647: +PARAM [/usb_cam/image_color/theora/quality] by /usb_cam/image_proc
[rosmaster.master][INFO] 2019-12-28 00:32:00,647: +PARAM [/usb_cam/image_color/theora/keyframe_frequency] by /usb_cam/image_proc
[rosmaster.master][INFO] 2019-12-28 00:32:00,650: +SERVICE [/usb_cam/image_proc_rectify_mono/set_parameters] /usb_cam/image_proc http://itachi-HP-Pavilion-Laptop-15-cc1xx:35905/
[rosmaster.master][INFO] 2019-12-28 00:32:00,651: +PUB [/usb_cam/image_proc_rectify_mono/parameter_descriptions] /usb_cam/image_proc http://itachi-HP-Pavilion-Laptop-15-cc1xx:35905/
[rosmaster.master][INFO] 2019-12-28 00:32:00,652: +PUB [/usb_cam/image_proc_rectify_mono/parameter_updates] /usb_cam/image_proc http://itachi-HP-Pavilion-Laptop-15-cc1xx:35905/
[rosmaster.master][INFO] 2019-12-28 00:32:00,656: +PARAM [/usb_cam/image_proc_rectify_mono/interpolation] by /usb_cam/image_proc
[rosmaster.master][INFO] 2019-12-28 00:32:00,657: +PARAM [/usb_cam/image_proc_rectify_mono/interpolation] by /usb_cam/image_proc
[rosmaster.master][INFO] 2019-12-28 00:32:00,658: +PUB [/usb_cam/image_rect/compressedDepth] /usb_cam/image_proc http://itachi-HP-Pavilion-Laptop-15-cc1xx:35905/
[rosmaster.master][INFO] 2019-12-28 00:32:00,659: +SERVICE [/usb_cam/image_rect/compressedDepth/set_parameters] /usb_cam/image_proc http://itachi-HP-Pavilion-Laptop-15-cc1xx:35905/
[rosmaster.master][INFO] 2019-12-28 00:32:00,660: +PUB [/usb_cam/image_rect/compressedDepth/parameter_descriptions] /usb_cam/image_proc http://itachi-HP-Pavilion-Laptop-15-cc1xx:35905/
[rosmaster.master][INFO] 2019-12-28 00:32:00,661: +PUB [/usb_cam/image_rect/compressedDepth/parameter_updates] /usb_cam/image_proc http://itachi-HP-Pavilion-Laptop-15-cc1xx:35905/
[rosmaster.master][INFO] 2019-12-28 00:32:00,664: +PARAM [/usb_cam/image_rect/compressedDepth/depth_max] by /usb_cam/image_proc
[rosmaster.master][INFO] 2019-12-28 00:32:00,664: +PARAM [/usb_cam/image_rect/compressedDepth/depth_quantization] by /usb_cam/image_proc
[rosmaster.master][INFO] 2019-12-28 00:32:00,665: +PARAM [/usb_cam/image_rect/compressedDepth/png_level] by /usb_cam/image_proc
[rosmaster.master][INFO] 2019-12-28 00:32:00,666: +PARAM [/usb_cam/image_rect/compressedDepth/depth_max] by /usb_cam/image_proc
[rosmaster.master][INFO] 2019-12-28 00:32:00,666: +PARAM [/usb_cam/image_rect/compressedDepth/depth_quantization] by /usb_cam/image_proc
[rosmaster.master][INFO] 2019-12-28 00:32:00,667: +PARAM [/usb_cam/image_rect/compressedDepth/png_level] by /usb_cam/image_proc
[rosmaster.master][INFO] 2019-12-28 00:32:00,668: +PUB [/usb_cam/image_rect/compressed] /usb_cam/image_proc http://itachi-HP-Pavilion-Laptop-15-cc1xx:35905/
[rosmaster.master][INFO] 2019-12-28 00:32:00,669: +SERVICE [/usb_cam/image_rect/compressed/set_parameters] /usb_cam/image_proc http://itachi-HP-Pavilion-Laptop-15-cc1xx:35905/
[rosmaster.master][INFO] 2019-12-28 00:32:00,669: +PUB [/usb_cam/image_rect/compressed/parameter_descriptions] /usb_cam/image_proc http://itachi-HP-Pavilion-Laptop-15-cc1xx:35905/
[rosmaster.master][INFO] 2019-12-28 00:32:00,672: +PUB [/usb_cam/image_rect/compressed/parameter_updates] /usb_cam/image_proc http://itachi-HP-Pavilion-Laptop-15-cc1xx:35905/
[rosmaster.master][INFO] 2019-12-28 00:32:00,674: +PARAM [/usb_cam/image_rect/compressed/format] by /usb_cam/image_proc
[rosmaster.master][INFO] 2019-12-28 00:32:00,675: +PARAM [/usb_cam/image_rect/compressed/jpeg_quality] by /usb_cam/image_proc
[rosmaster.master][INFO] 2019-12-28 00:32:00,675: +PARAM [/usb_cam/image_rect/compressed/png_level] by /usb_cam/image_proc
[rosmaster.master][INFO] 2019-12-28 00:32:00,676: +PARAM [/usb_cam/image_rect/compressed/format] by /usb_cam/image_proc
[rosmaster.master][INFO] 2019-12-28 00:32:00,677: +PARAM [/usb_cam/image_rect/compressed/jpeg_quality] by /usb_cam/image_proc
[rosmaster.master][INFO] 2019-12-28 00:32:00,677: +PARAM [/usb_cam/image_rect/compressed/png_level] by /usb_cam/image_proc
[rosmaster.master][INFO] 2019-12-28 00:32:00,678: +PUB [/usb_cam/image_rect] /usb_cam/image_proc http://itachi-HP-Pavilion-Laptop-15-cc1xx:35905/
[rosmaster.master][INFO] 2019-12-28 00:32:00,678: +PUB [/usb_cam/image_rect/theora] /usb_cam/image_proc http://itachi-HP-Pavilion-Laptop-15-cc1xx:35905/
[rosmaster.master][INFO] 2019-12-28 00:32:00,679: +SERVICE [/usb_cam/image_rect/theora/set_parameters] /usb_cam/image_proc http://itachi-HP-Pavilion-Laptop-15-cc1xx:35905/
[rosmaster.master][INFO] 2019-12-28 00:32:00,679: +PUB [/usb_cam/image_rect/theora/parameter_descriptions] /usb_cam/image_proc http://itachi-HP-Pavilion-Laptop-15-cc1xx:35905/
[rosmaster.master][INFO] 2019-12-28 00:32:00,680: +PUB [/usb_cam/image_rect/theora/parameter_updates] /usb_cam/image_proc http://itachi-HP-Pavilion-Laptop-15-cc1xx:35905/
[rosmaster.master][INFO] 2019-12-28 00:32:00,683: +PARAM [/usb_cam/image_rect/theora/optimize_for] by /usb_cam/image_proc
[rosmaster.master][INFO] 2019-12-28 00:32:00,684: +PARAM [/usb_cam/image_rect/theora/target_bitrate] by /usb_cam/image_proc
[rosmaster.master][INFO] 2019-12-28 00:32:00,685: +PARAM [/usb_cam/image_rect/theora/quality] by /usb_cam/image_proc
[rosmaster.master][INFO] 2019-12-28 00:32:00,689: +PARAM [/usb_cam/image_rect/theora/keyframe_frequency] by /usb_cam/image_proc
[rosmaster.master][INFO] 2019-12-28 00:32:00,690: +SUB [/whycon/image_out] /whycon_display/image_view http://itachi-HP-Pavilion-Laptop-15-cc1xx:39793/
[rosmaster.master][INFO] 2019-12-28 00:32:00,691: +PARAM [/usb_cam/image_rect/theora/optimize_for] by /usb_cam/image_proc
[rosmaster.master][INFO] 2019-12-28 00:32:00,691: +PUB [/whycon_display/image_view/output] /whycon_display/image_view http://itachi-HP-Pavilion-Laptop-15-cc1xx:39793/
[rosmaster.master][INFO] 2019-12-28 00:32:00,692: +PARAM [/usb_cam/image_rect/theora/target_bitrate] by /usb_cam/image_proc
[rosmaster.master][INFO] 2019-12-28 00:32:00,693: +SERVICE [/whycon_display/image_view/set_parameters] /whycon_display/image_view http://itachi-HP-Pavilion-Laptop-15-cc1xx:39793/
[rosmaster.master][INFO] 2019-12-28 00:32:00,693: +PARAM [/usb_cam/image_rect/theora/quality] by /usb_cam/image_proc
[rosmaster.master][INFO] 2019-12-28 00:32:00,694: +PUB [/whycon_display/image_view/parameter_descriptions] /whycon_display/image_view http://itachi-HP-Pavilion-Laptop-15-cc1xx:39793/
[rosmaster.master][INFO] 2019-12-28 00:32:00,694: +PARAM [/usb_cam/image_rect/theora/keyframe_frequency] by /usb_cam/image_proc
[rosmaster.master][INFO] 2019-12-28 00:32:00,695: +PUB [/whycon_display/image_view/parameter_updates] /whycon_display/image_view http://itachi-HP-Pavilion-Laptop-15-cc1xx:39793/
[rosmaster.master][INFO] 2019-12-28 00:32:00,697: +SERVICE [/usb_cam/image_proc_rectify_color/set_parameters] /usb_cam/image_proc http://itachi-HP-Pavilion-Laptop-15-cc1xx:35905/
[rosmaster.master][INFO] 2019-12-28 00:32:00,698: +PARAM [/whycon_display/image_view/do_dynamic_scaling] by /whycon_display/image_view
[rosmaster.master][INFO] 2019-12-28 00:32:00,698: +PUB [/usb_cam/image_proc_rectify_color/parameter_descriptions] /usb_cam/image_proc http://itachi-HP-Pavilion-Laptop-15-cc1xx:35905/
[rosmaster.master][INFO] 2019-12-28 00:32:00,699: +PARAM [/whycon_display/image_view/colormap] by /whycon_display/image_view
[rosmaster.master][INFO] 2019-12-28 00:32:00,699: +PUB [/usb_cam/image_proc_rectify_color/parameter_updates] /usb_cam/image_proc http://itachi-HP-Pavilion-Laptop-15-cc1xx:35905/
[rosmaster.master][INFO] 2019-12-28 00:32:00,700: +PARAM [/whycon_display/image_view/min_image_value] by /whycon_display/image_view
[rosmaster.master][INFO] 2019-12-28 00:32:00,701: +PARAM [/usb_cam/image_proc_rectify_color/interpolation] by /usb_cam/image_proc
[rosmaster.master][INFO] 2019-12-28 00:32:00,701: +PARAM [/whycon_display/image_view/max_image_value] by /whycon_display/image_view
[rosmaster.master][INFO] 2019-12-28 00:32:00,702: +PARAM [/usb_cam/image_proc_rectify_color/interpolation] by /usb_cam/image_proc
[rosmaster.master][INFO] 2019-12-28 00:32:00,703: +PARAM [/whycon_display/image_view/do_dynamic_scaling] by /whycon_display/image_view
[rosmaster.master][INFO] 2019-12-28 00:32:00,706: +PARAM [/whycon_display/image_view/colormap] by /whycon_display/image_view
[rosmaster.master][INFO] 2019-12-28 00:32:00,707: +PUB [/usb_cam/image_rect_color/compressedDepth] /usb_cam/image_proc http://itachi-HP-Pavilion-Laptop-15-cc1xx:35905/
[rosmaster.master][INFO] 2019-12-28 00:32:00,707: +PARAM [/whycon_display/image_view/min_image_value] by /whycon_display/image_view
[rosmaster.master][INFO] 2019-12-28 00:32:00,708: +SERVICE [/usb_cam/image_rect_color/compressedDepth/set_parameters] /usb_cam/image_proc http://itachi-HP-Pavilion-Laptop-15-cc1xx:35905/
[rosmaster.master][INFO] 2019-12-28 00:32:00,708: +PARAM [/whycon_display/image_view/max_image_value] by /whycon_display/image_view
[rosmaster.master][INFO] 2019-12-28 00:32:00,709: +PUB [/usb_cam/image_rect_color/compressedDepth/parameter_descriptions] /usb_cam/image_proc http://itachi-HP-Pavilion-Laptop-15-cc1xx:35905/
[rosmaster.master][INFO] 2019-12-28 00:32:00,710: +PUB [/usb_cam/image_rect_color/compressedDepth/parameter_updates] /usb_cam/image_proc http://itachi-HP-Pavilion-Laptop-15-cc1xx:35905/
[rosmaster.master][INFO] 2019-12-28 00:32:00,712: +PARAM [/usb_cam/image_rect_color/compressedDepth/depth_max] by /usb_cam/image_proc
[rosmaster.master][INFO] 2019-12-28 00:32:00,712: +PARAM [/usb_cam/image_rect_color/compressedDepth/depth_quantization] by /usb_cam/image_proc
[rosmaster.master][INFO] 2019-12-28 00:32:00,713: +PARAM [/usb_cam/image_rect_color/compressedDepth/png_level] by /usb_cam/image_proc
[rosmaster.master][INFO] 2019-12-28 00:32:00,713: +PARAM [/usb_cam/image_rect_color/compressedDepth/depth_max] by /usb_cam/image_proc
[rosmaster.master][INFO] 2019-12-28 00:32:00,714: +PARAM [/usb_cam/image_rect_color/compressedDepth/depth_quantization] by /usb_cam/image_proc
[rosmaster.master][INFO] 2019-12-28 00:32:00,714: +PARAM [/usb_cam/image_rect_color/compressedDepth/png_level] by /usb_cam/image_proc
[rosmaster.master][INFO] 2019-12-28 00:32:00,715: +PUB [/usb_cam/image_rect_color/compressed] /usb_cam/image_proc http://itachi-HP-Pavilion-Laptop-15-cc1xx:35905/
[rosmaster.master][INFO] 2019-12-28 00:32:00,716: +SERVICE [/usb_cam/image_rect_color/compressed/set_parameters] /usb_cam/image_proc http://itachi-HP-Pavilion-Laptop-15-cc1xx:35905/
[rosmaster.master][INFO] 2019-12-28 00:32:00,716: +PUB [/usb_cam/image_rect_color/compressed/parameter_descriptions] /usb_cam/image_proc http://itachi-HP-Pavilion-Laptop-15-cc1xx:35905/
[rosmaster.master][INFO] 2019-12-28 00:32:00,717: +PUB [/usb_cam/image_rect_color/compressed/parameter_updates] /usb_cam/image_proc http://itachi-HP-Pavilion-Laptop-15-cc1xx:35905/
[rosmaster.master][INFO] 2019-12-28 00:32:00,718: +PARAM [/usb_cam/image_rect_color/compressed/format] by /usb_cam/image_proc
[rosmaster.master][INFO] 2019-12-28 00:32:00,719: +PARAM [/usb_cam/image_rect_color/compressed/jpeg_quality] by /usb_cam/image_proc
[rosmaster.master][INFO] 2019-12-28 00:32:00,719: +PARAM [/usb_cam/image_rect_color/compressed/png_level] by /usb_cam/image_proc
[rosmaster.master][INFO] 2019-12-28 00:32:00,720: +PARAM [/usb_cam/image_rect_color/compressed/format] by /usb_cam/image_proc
[rosmaster.master][INFO] 2019-12-28 00:32:00,721: +PARAM [/usb_cam/image_rect_color/compressed/jpeg_quality] by /usb_cam/image_proc
[rosmaster.master][INFO] 2019-12-28 00:32:00,722: +PARAM [/usb_cam/image_rect_color/compressed/png_level] by /usb_cam/image_proc
[rosmaster.master][INFO] 2019-12-28 00:32:00,723: +PUB [/usb_cam/image_rect_color] /usb_cam/image_proc http://itachi-HP-Pavilion-Laptop-15-cc1xx:35905/
[rosmaster.master][INFO] 2019-12-28 00:32:00,723: +PUB [/usb_cam/image_rect_color/theora] /usb_cam/image_proc http://itachi-HP-Pavilion-Laptop-15-cc1xx:35905/
[rosmaster.master][INFO] 2019-12-28 00:32:00,724: +SERVICE [/usb_cam/image_rect_color/theora/set_parameters] /usb_cam/image_proc http://itachi-HP-Pavilion-Laptop-15-cc1xx:35905/
[rosmaster.master][INFO] 2019-12-28 00:32:00,725: +PUB [/usb_cam/image_rect_color/theora/parameter_descriptions] /usb_cam/image_proc http://itachi-HP-Pavilion-Laptop-15-cc1xx:35905/
[rosmaster.master][INFO] 2019-12-28 00:32:00,725: +PUB [/usb_cam/image_rect_color/theora/parameter_updates] /usb_cam/image_proc http://itachi-HP-Pavilion-Laptop-15-cc1xx:35905/
[rosmaster.master][INFO] 2019-12-28 00:32:00,727: +PARAM [/usb_cam/image_rect_color/theora/optimize_for] by /usb_cam/image_proc
[rosmaster.master][INFO] 2019-12-28 00:32:00,728: +PARAM [/usb_cam/image_rect_color/theora/target_bitrate] by /usb_cam/image_proc
[rosmaster.master][INFO] 2019-12-28 00:32:00,729: +PARAM [/usb_cam/image_rect_color/theora/quality] by /usb_cam/image_proc
[rosmaster.master][INFO] 2019-12-28 00:32:00,729: +PARAM [/usb_cam/image_rect_color/theora/keyframe_frequency] by /usb_cam/image_proc
[rosmaster.master][INFO] 2019-12-28 00:32:00,730: +PARAM [/usb_cam/image_rect_color/theora/optimize_for] by /usb_cam/image_proc
[rosmaster.master][INFO] 2019-12-28 00:32:00,730: +PARAM [/usb_cam/image_rect_color/theora/target_bitrate] by /usb_cam/image_proc
[rosmaster.master][INFO] 2019-12-28 00:32:00,731: +PARAM [/usb_cam/image_rect_color/theora/quality] by /usb_cam/image_proc
[rosmaster.master][INFO] 2019-12-28 00:32:00,731: +PARAM [/usb_cam/image_rect_color/theora/keyframe_frequency] by /usb_cam/image_proc
[rosmaster.master][INFO] 2019-12-28 00:32:00,811: publisherUpdate[/usb_cam/image_rect_color] -> http://itachi-HP-Pavilion-Laptop-15-cc1xx:32891/ ['http://itachi-HP-Pavilion-Laptop-15-cc1xx:35905/']
[rosmaster.master][INFO] 2019-12-28 00:32:00,813: publisherUpdate[/usb_cam/image_rect_color] -> http://itachi-HP-Pavilion-Laptop-15-cc1xx:32891/ ['http://itachi-HP-Pavilion-Laptop-15-cc1xx:35905/']: sec=0.00, result=[1, '', 0]
[rosmaster.master][INFO] 2019-12-28 00:32:00,931: +SUB [/usb_cam/image_color] /usb_cam/image_proc http://itachi-HP-Pavilion-Laptop-15-cc1xx:35905/
[rosmaster.master][INFO] 2019-12-28 00:32:00,944: +SUB [/usb_cam/camera_info] /usb_cam/image_proc http://itachi-HP-Pavilion-Laptop-15-cc1xx:35905/
[rosmaster.master][INFO] 2019-12-28 00:32:00,955: +SUB [/usb_cam/image_raw] /usb_cam/image_proc http://itachi-HP-Pavilion-Laptop-15-cc1xx:35905/
[rosmaster.master][INFO] 2019-12-28 00:32:07,260: +PUB [/rosout] /DroneNode http://itachi-HP-Pavilion-Laptop-15-cc1xx:38951/
[rosmaster.master][INFO] 2019-12-28 00:32:07,261: +SERVICE [/DroneNode/get_loggers] /DroneNode http://itachi-HP-Pavilion-Laptop-15-cc1xx:38951/
[rosmaster.master][INFO] 2019-12-28 00:32:07,262: +SERVICE [/DroneNode/set_logger_level] /DroneNode http://itachi-HP-Pavilion-Laptop-15-cc1xx:38951/
[rosmaster.master][INFO] 2019-12-28 00:32:07,268: +SUB [/drone_command] /DroneNode http://itachi-HP-Pavilion-Laptop-15-cc1xx:38951/
[rosmaster.master][INFO] 2019-12-28 00:32:07,325: publisherUpdate[/rosout] -> http://itachi-HP-Pavilion-Laptop-15-cc1xx:46163/ ['http://itachi-HP-Pavilion-Laptop-15-cc1xx:44315/', 'http://itachi-HP-Pavilion-Laptop-15-cc1xx:35905/', 'http://itachi-HP-Pavilion-Laptop-15-cc1xx:32891/', 'http://itachi-HP-Pavilion-Laptop-15-cc1xx:39793/', 'http://itachi-HP-Pavilion-Laptop-15-cc1xx:38951/']
[rosmaster.master][INFO] 2019-12-28 00:32:07,326: publisherUpdate[/rosout] -> http://itachi-HP-Pavilion-Laptop-15-cc1xx:46163/ ['http://itachi-HP-Pavilion-Laptop-15-cc1xx:44315/', 'http://itachi-HP-Pavilion-Laptop-15-cc1xx:35905/', 'http://itachi-HP-Pavilion-Laptop-15-cc1xx:32891/', 'http://itachi-HP-Pavilion-Laptop-15-cc1xx:39793/', 'http://itachi-HP-Pavilion-Laptop-15-cc1xx:38951/']: sec=0.00, result=[1, '', 0]
[rosmaster.master][INFO] 2019-12-28 00:32:11,724: +PUB [/rosout] /drone_control http://itachi-HP-Pavilion-Laptop-15-cc1xx:44863/
[rosmaster.master][INFO] 2019-12-28 00:32:11,729: +SERVICE [/drone_control/get_loggers] /drone_control http://itachi-HP-Pavilion-Laptop-15-cc1xx:44863/
[rosmaster.master][INFO] 2019-12-28 00:32:11,730: +SERVICE [/drone_control/set_logger_level] /drone_control http://itachi-HP-Pavilion-Laptop-15-cc1xx:44863/
[rosmaster.master][INFO] 2019-12-28 00:32:11,731: +PUB [/drone_command] /drone_control http://itachi-HP-Pavilion-Laptop-15-cc1xx:44863/
[rosmaster.master][INFO] 2019-12-28 00:32:11,732: +PUB [/alt_error] /drone_control http://itachi-HP-Pavilion-Laptop-15-cc1xx:44863/
[rosmaster.master][INFO] 2019-12-28 00:32:11,733: publisherUpdate[/rosout] -> http://itachi-HP-Pavilion-Laptop-15-cc1xx:46163/ ['http://itachi-HP-Pavilion-Laptop-15-cc1xx:44315/', 'http://itachi-HP-Pavilion-Laptop-15-cc1xx:35905/', 'http://itachi-HP-Pavilion-Laptop-15-cc1xx:32891/', 'http://itachi-HP-Pavilion-Laptop-15-cc1xx:39793/', 'http://itachi-HP-Pavilion-Laptop-15-cc1xx:38951/', 'http://itachi-HP-Pavilion-Laptop-15-cc1xx:44863/']
[rosmaster.master][INFO] 2019-12-28 00:32:11,734: publisherUpdate[/drone_command] -> http://itachi-HP-Pavilion-Laptop-15-cc1xx:38951/ ['http://itachi-HP-Pavilion-Laptop-15-cc1xx:44863/']
[rosmaster.master][INFO] 2019-12-28 00:32:11,736: +PUB [/pitch_error] /drone_control http://itachi-HP-Pavilion-Laptop-15-cc1xx:44863/
[rosmaster.master][INFO] 2019-12-28 00:32:11,736: publisherUpdate[/rosout] -> http://itachi-HP-Pavilion-Laptop-15-cc1xx:46163/ ['http://itachi-HP-Pavilion-Laptop-15-cc1xx:44315/', 'http://itachi-HP-Pavilion-Laptop-15-cc1xx:35905/', 'http://itachi-HP-Pavilion-Laptop-15-cc1xx:32891/', 'http://itachi-HP-Pavilion-Laptop-15-cc1xx:39793/', 'http://itachi-HP-Pavilion-Laptop-15-cc1xx:38951/', 'http://itachi-HP-Pavilion-Laptop-15-cc1xx:44863/']: sec=0.00, result=[1, '', 0]
[rosmaster.master][INFO] 2019-12-28 00:32:11,737: publisherUpdate[/drone_command] -> http://itachi-HP-Pavilion-Laptop-15-cc1xx:38951/ ['http://itachi-HP-Pavilion-Laptop-15-cc1xx:44863/']: sec=0.00, result=[1, '', 0]
[rosmaster.master][INFO] 2019-12-28 00:32:11,739: +PUB [/roll_error] /drone_control http://itachi-HP-Pavilion-Laptop-15-cc1xx:44863/
[rosmaster.master][INFO] 2019-12-28 00:32:11,740: +PUB [/error_sample] /drone_control http://itachi-HP-Pavilion-Laptop-15-cc1xx:44863/
[rosmaster.master][INFO] 2019-12-28 00:32:11,742: +PUB [/error_sample1] /drone_control http://itachi-HP-Pavilion-Laptop-15-cc1xx:44863/
[rosmaster.master][INFO] 2019-12-28 00:32:11,745: +PUB [/error_sample2] /drone_control http://itachi-HP-Pavilion-Laptop-15-cc1xx:44863/
[rosmaster.master][INFO] 2019-12-28 00:32:11,747: +PUB [/error_sample3] /drone_control http://itachi-HP-Pavilion-Laptop-15-cc1xx:44863/
[rosmaster.master][INFO] 2019-12-28 00:32:11,749: +SUB [/whycon/poses] /drone_control http://itachi-HP-Pavilion-Laptop-15-cc1xx:44863/
[rosmaster.master][INFO] 2019-12-28 00:32:11,752: +SUB [/pid_tuning_altitude] /drone_control http://itachi-HP-Pavilion-Laptop-15-cc1xx:44863/
[rosmaster.master][INFO] 2019-12-28 00:32:11,755: +SUB [/pid_tuning_pitch] /drone_control http://itachi-HP-Pavilion-Laptop-15-cc1xx:44863/
[rosmaster.master][INFO] 2019-12-28 00:32:11,757: +SUB [/pid_tuning_roll] /drone_control http://itachi-HP-Pavilion-Laptop-15-cc1xx:44863/
[rosmaster.master][INFO] 2019-12-28 00:32:17,793: -SUB [/pid_tuning_pitch] /drone_control http://itachi-HP-Pavilion-Laptop-15-cc1xx:44863/
[rosmaster.master][INFO] 2019-12-28 00:32:17,793: -SUB [/pid_tuning_roll] /drone_control http://itachi-HP-Pavilion-Laptop-15-cc1xx:44863/
[rosmaster.master][INFO] 2019-12-28 00:32:17,793: -SUB [/whycon/poses] /drone_control http://itachi-HP-Pavilion-Laptop-15-cc1xx:44863/
[rosmaster.master][INFO] 2019-12-28 00:32:17,794: -SUB [/pid_tuning_altitude] /drone_control http://itachi-HP-Pavilion-Laptop-15-cc1xx:44863/
[rosmaster.master][INFO] 2019-12-28 00:32:17,794: -PUB [/pitch_error] /drone_control http://itachi-HP-Pavilion-Laptop-15-cc1xx:44863/
[rosmaster.master][INFO] 2019-12-28 00:32:17,794: -PUB [/rosout] /drone_control http://itachi-HP-Pavilion-Laptop-15-cc1xx:44863/
[rosmaster.master][INFO] 2019-12-28 00:32:17,794: -PUB [/alt_error] /drone_control http://itachi-HP-Pavilion-Laptop-15-cc1xx:44863/
[rosmaster.master][INFO] 2019-12-28 00:32:17,794: -PUB [/drone_command] /drone_control http://itachi-HP-Pavilion-Laptop-15-cc1xx:44863/
[rosmaster.master][INFO] 2019-12-28 00:32:17,794: -PUB [/error_sample2] /drone_control http://itachi-HP-Pavilion-Laptop-15-cc1xx:44863/
[rosmaster.master][INFO] 2019-12-28 00:32:17,794: -PUB [/error_sample] /drone_control http://itachi-HP-Pavilion-Laptop-15-cc1xx:44863/
[rosmaster.master][INFO] 2019-12-28 00:32:17,794: -PUB [/error_sample1] /drone_control http://itachi-HP-Pavilion-Laptop-15-cc1xx:44863/
[rosmaster.master][INFO] 2019-12-28 00:32:17,794: -PUB [/roll_error] /drone_control http://itachi-HP-Pavilion-Laptop-15-cc1xx:44863/
[rosmaster.master][INFO] 2019-12-28 00:32:17,794: -PUB [/error_sample3] /drone_control http://itachi-HP-Pavilion-Laptop-15-cc1xx:44863/
[rosmaster.master][INFO] 2019-12-28 00:32:17,795: -SERVICE [/drone_control/get_loggers] /drone_control rosrpc://itachi-HP-Pavilion-Laptop-15-cc1xx:36353
[rosmaster.master][INFO] 2019-12-28 00:32:17,795: -SERVICE [/drone_control/set_logger_level] /drone_control rosrpc://itachi-HP-Pavilion-Laptop-15-cc1xx:36353
[rosmaster.master][INFO] 2019-12-28 00:32:17,848: publisherUpdate[/rosout] -> http://itachi-HP-Pavilion-Laptop-15-cc1xx:46163/ ['http://itachi-HP-Pavilion-Laptop-15-cc1xx:44315/', 'http://itachi-HP-Pavilion-Laptop-15-cc1xx:35905/', 'http://itachi-HP-Pavilion-Laptop-15-cc1xx:32891/', 'http://itachi-HP-Pavilion-Laptop-15-cc1xx:39793/', 'http://itachi-HP-Pavilion-Laptop-15-cc1xx:38951/']
[rosmaster.master][INFO] 2019-12-28 00:32:17,849: publisherUpdate[/rosout] -> http://itachi-HP-Pavilion-Laptop-15-cc1xx:46163/ ['http://itachi-HP-Pavilion-Laptop-15-cc1xx:44315/', 'http://itachi-HP-Pavilion-Laptop-15-cc1xx:35905/', 'http://itachi-HP-Pavilion-Laptop-15-cc1xx:32891/', 'http://itachi-HP-Pavilion-Laptop-15-cc1xx:39793/', 'http://itachi-HP-Pavilion-Laptop-15-cc1xx:38951/']: sec=0.00, result=[1, '', 0]
[rosmaster.master][INFO] 2019-12-28 00:32:17,849: publisherUpdate[/drone_command] -> http://itachi-HP-Pavilion-Laptop-15-cc1xx:38951/ []
[rosmaster.master][INFO] 2019-12-28 00:32:17,850: publisherUpdate[/drone_command] -> http://itachi-HP-Pavilion-Laptop-15-cc1xx:38951/ []: sec=0.00, result=[1, '', 0]
[rosmaster.master][INFO] 2019-12-28 00:32:19,452: -PUB [/rosout] /DroneNode http://itachi-HP-Pavilion-Laptop-15-cc1xx:38951/
[rosmaster.master][INFO] 2019-12-28 00:32:19,453: publisherUpdate[/rosout] -> http://itachi-HP-Pavilion-Laptop-15-cc1xx:46163/ ['http://itachi-HP-Pavilion-Laptop-15-cc1xx:44315/', 'http://itachi-HP-Pavilion-Laptop-15-cc1xx:35905/', 'http://itachi-HP-Pavilion-Laptop-15-cc1xx:32891/', 'http://itachi-HP-Pavilion-Laptop-15-cc1xx:39793/']
[rosmaster.master][INFO] 2019-12-28 00:32:19,454: publisherUpdate[/rosout] -> http://itachi-HP-Pavilion-Laptop-15-cc1xx:46163/ ['http://itachi-HP-Pavilion-Laptop-15-cc1xx:44315/', 'http://itachi-HP-Pavilion-Laptop-15-cc1xx:35905/', 'http://itachi-HP-Pavilion-Laptop-15-cc1xx:32891/', 'http://itachi-HP-Pavilion-Laptop-15-cc1xx:39793/']: sec=0.00, result=[1, '', 0]
[rosmaster.master][INFO] 2019-12-28 00:32:19,454: -SUB [/drone_command] /DroneNode http://itachi-HP-Pavilion-Laptop-15-cc1xx:38951/
[rosmaster.master][INFO] 2019-12-28 00:32:19,455: -SERVICE [/DroneNode/get_loggers] /DroneNode rosrpc://itachi-HP-Pavilion-Laptop-15-cc1xx:50399
[rosmaster.master][INFO] 2019-12-28 00:32:19,456: -SERVICE [/DroneNode/set_logger_level] /DroneNode rosrpc://itachi-HP-Pavilion-Laptop-15-cc1xx:50399
[rosmaster.master][INFO] 2019-12-28 00:32:21,357: +PUB [/rosout] /DroneNode http://itachi-HP-Pavilion-Laptop-15-cc1xx:33419/
[rosmaster.master][INFO] 2019-12-28 00:32:21,358: +SERVICE [/DroneNode/get_loggers] /DroneNode http://itachi-HP-Pavilion-Laptop-15-cc1xx:33419/
[rosmaster.master][INFO] 2019-12-28 00:32:21,358: publisherUpdate[/rosout] -> http://itachi-HP-Pavilion-Laptop-15-cc1xx:46163/ ['http://itachi-HP-Pavilion-Laptop-15-cc1xx:44315/', 'http://itachi-HP-Pavilion-Laptop-15-cc1xx:35905/', 'http://itachi-HP-Pavilion-Laptop-15-cc1xx:32891/', 'http://itachi-HP-Pavilion-Laptop-15-cc1xx:39793/', 'http://itachi-HP-Pavilion-Laptop-15-cc1xx:33419/']
[rosmaster.master][INFO] 2019-12-28 00:32:21,359: publisherUpdate[/rosout] -> http://itachi-HP-Pavilion-Laptop-15-cc1xx:46163/ ['http://itachi-HP-Pavilion-Laptop-15-cc1xx:44315/', 'http://itachi-HP-Pavilion-Laptop-15-cc1xx:35905/', 'http://itachi-HP-Pavilion-Laptop-15-cc1xx:32891/', 'http://itachi-HP-Pavilion-Laptop-15-cc1xx:39793/', 'http://itachi-HP-Pavilion-Laptop-15-cc1xx:33419/']: sec=0.00, result=[1, '', 0]
[rosmaster.master][INFO] 2019-12-28 00:32:21,360: +SERVICE [/DroneNode/set_logger_level] /DroneNode http://itachi-HP-Pavilion-Laptop-15-cc1xx:33419/
[rosmaster.master][INFO] 2019-12-28 00:32:21,366: +SUB [/drone_command] /DroneNode http://itachi-HP-Pavilion-Laptop-15-cc1xx:33419/
[rosmaster.master][INFO] 2019-12-28 00:32:47,386: +PUB [/rosout] /drone_control http://itachi-HP-Pavilion-Laptop-15-cc1xx:40233/
[rosmaster.master][INFO] 2019-12-28 00:32:47,390: +SERVICE [/drone_control/get_loggers] /drone_control http://itachi-HP-Pavilion-Laptop-15-cc1xx:40233/
[rosmaster.master][INFO] 2019-12-28 00:32:47,391: +SERVICE [/drone_control/set_logger_level] /drone_control http://itachi-HP-Pavilion-Laptop-15-cc1xx:40233/
[rosmaster.master][INFO] 2019-12-28 00:32:47,395: +PUB [/drone_command] /drone_control http://itachi-HP-Pavilion-Laptop-15-cc1xx:40233/
[rosmaster.master][INFO] 2019-12-28 00:32:47,396: +PUB [/alt_error] /drone_control http://itachi-HP-Pavilion-Laptop-15-cc1xx:40233/
[rosmaster.master][INFO] 2019-12-28 00:32:47,397: +PUB [/pitch_error] /drone_control http://itachi-HP-Pavilion-Laptop-15-cc1xx:40233/
[rosmaster.master][INFO] 2019-12-28 00:32:47,399: +PUB [/roll_error] /drone_control http://itachi-HP-Pavilion-Laptop-15-cc1xx:40233/
[rosmaster.master][INFO] 2019-12-28 00:32:47,401: +PUB [/error_sample] /drone_control http://itachi-HP-Pavilion-Laptop-15-cc1xx:40233/
[rosmaster.master][INFO] 2019-12-28 00:32:47,402: +PUB [/error_sample1] /drone_control http://itachi-HP-Pavilion-Laptop-15-cc1xx:40233/
[rosmaster.master][INFO] 2019-12-28 00:32:47,403: +PUB [/error_sample2] /drone_control http://itachi-HP-Pavilion-Laptop-15-cc1xx:40233/
[rosmaster.master][INFO] 2019-12-28 00:32:47,405: +PUB [/error_sample3] /drone_control http://itachi-HP-Pavilion-Laptop-15-cc1xx:40233/
[rosmaster.master][INFO] 2019-12-28 00:32:47,410: publisherUpdate[/rosout] -> http://itachi-HP-Pavilion-Laptop-15-cc1xx:46163/ ['http://itachi-HP-Pavilion-Laptop-15-cc1xx:44315/', 'http://itachi-HP-Pavilion-Laptop-15-cc1xx:35905/', 'http://itachi-HP-Pavilion-Laptop-15-cc1xx:32891/', 'http://itachi-HP-Pavilion-Laptop-15-cc1xx:39793/', 'http://itachi-HP-Pavilion-Laptop-15-cc1xx:33419/', 'http://itachi-HP-Pavilion-Laptop-15-cc1xx:40233/']
[rosmaster.master][INFO] 2019-12-28 00:32:47,410: publisherUpdate[/drone_command] -> http://itachi-HP-Pavilion-Laptop-15-cc1xx:33419/ ['http://itachi-HP-Pavilion-Laptop-15-cc1xx:40233/']
[rosmaster.master][INFO] 2019-12-28 00:32:47,411: publisherUpdate[/rosout] -> http://itachi-HP-Pavilion-Laptop-15-cc1xx:46163/ ['http://itachi-HP-Pavilion-Laptop-15-cc1xx:44315/', 'http://itachi-HP-Pavilion-Laptop-15-cc1xx:35905/', 'http://itachi-HP-Pavilion-Laptop-15-cc1xx:32891/', 'http://itachi-HP-Pavilion-Laptop-15-cc1xx:39793/', 'http://itachi-HP-Pavilion-Laptop-15-cc1xx:33419/', 'http://itachi-HP-Pavilion-Laptop-15-cc1xx:40233/']: sec=0.00, result=[1, '', 0]
[rosmaster.master][INFO] 2019-12-28 00:32:47,413: +SUB [/whycon/poses] /drone_control http://itachi-HP-Pavilion-Laptop-15-cc1xx:40233/
[rosmaster.master][INFO] 2019-12-28 00:32:47,414: publisherUpdate[/drone_command] -> http://itachi-HP-Pavilion-Laptop-15-cc1xx:33419/ ['http://itachi-HP-Pavilion-Laptop-15-cc1xx:40233/']: sec=0.00, result=[1, '', 0]
[rosmaster.master][INFO] 2019-12-28 00:32:47,418: +SUB [/pid_tuning_altitude] /drone_control http://itachi-HP-Pavilion-Laptop-15-cc1xx:40233/
[rosmaster.master][INFO] 2019-12-28 00:32:47,420: +SUB [/pid_tuning_pitch] /drone_control http://itachi-HP-Pavilion-Laptop-15-cc1xx:40233/
[rosmaster.master][INFO] 2019-12-28 00:32:47,423: +SUB [/pid_tuning_roll] /drone_control http://itachi-HP-Pavilion-Laptop-15-cc1xx:40233/
[rosmaster.master][INFO] 2019-12-28 00:33:46,635: -SUB [/pid_tuning_pitch] /drone_control http://itachi-HP-Pavilion-Laptop-15-cc1xx:40233/
[rosmaster.master][INFO] 2019-12-28 00:33:46,635: -SUB [/pid_tuning_roll] /drone_control http://itachi-HP-Pavilion-Laptop-15-cc1xx:40233/
[rosmaster.master][INFO] 2019-12-28 00:33:46,635: -SUB [/whycon/poses] /drone_control http://itachi-HP-Pavilion-Laptop-15-cc1xx:40233/
[rosmaster.master][INFO] 2019-12-28 00:33:46,636: -SUB [/pid_tuning_altitude] /drone_control http://itachi-HP-Pavilion-Laptop-15-cc1xx:40233/
[rosmaster.master][INFO] 2019-12-28 00:33:46,636: -PUB [/pitch_error] /drone_control http://itachi-HP-Pavilion-Laptop-15-cc1xx:40233/
[rosmaster.master][INFO] 2019-12-28 00:33:46,636: -PUB [/rosout] /drone_control http://itachi-HP-Pavilion-Laptop-15-cc1xx:40233/
[rosmaster.master][INFO] 2019-12-28 00:33:46,636: -PUB [/alt_error] /drone_control http://itachi-HP-Pavilion-Laptop-15-cc1xx:40233/
[rosmaster.master][INFO] 2019-12-28 00:33:46,636: -PUB [/drone_command] /drone_control http://itachi-HP-Pavilion-Laptop-15-cc1xx:40233/
[rosmaster.master][INFO] 2019-12-28 00:33:46,636: -PUB [/error_sample2] /drone_control http://itachi-HP-Pavilion-Laptop-15-cc1xx:40233/
[rosmaster.master][INFO] 2019-12-28 00:33:46,636: -PUB [/error_sample] /drone_control http://itachi-HP-Pavilion-Laptop-15-cc1xx:40233/
[rosmaster.master][INFO] 2019-12-28 00:33:46,636: -PUB [/error_sample1] /drone_control http://itachi-HP-Pavilion-Laptop-15-cc1xx:40233/
[rosmaster.master][INFO] 2019-12-28 00:33:46,636: -PUB [/roll_error] /drone_control http://itachi-HP-Pavilion-Laptop-15-cc1xx:40233/
[rosmaster.master][INFO] 2019-12-28 00:33:46,636: -PUB [/error_sample3] /drone_control http://itachi-HP-Pavilion-Laptop-15-cc1xx:40233/
[rosmaster.master][INFO] 2019-12-28 00:33:46,636: -SERVICE [/drone_control/get_loggers] /drone_control rosrpc://itachi-HP-Pavilion-Laptop-15-cc1xx:33353
[rosmaster.master][INFO] 2019-12-28 00:33:46,637: -SERVICE [/drone_control/set_logger_level] /drone_control rosrpc://itachi-HP-Pavilion-Laptop-15-cc1xx:33353
[rosmaster.master][INFO] 2019-12-28 00:33:46,731: publisherUpdate[/rosout] -> http://itachi-HP-Pavilion-Laptop-15-cc1xx:46163/ ['http://itachi-HP-Pavilion-Laptop-15-cc1xx:44315/', 'http://itachi-HP-Pavilion-Laptop-15-cc1xx:35905/', 'http://itachi-HP-Pavilion-Laptop-15-cc1xx:32891/', 'http://itachi-HP-Pavilion-Laptop-15-cc1xx:39793/', 'http://itachi-HP-Pavilion-Laptop-15-cc1xx:33419/']
[rosmaster.master][INFO] 2019-12-28 00:33:46,732: publisherUpdate[/rosout] -> http://itachi-HP-Pavilion-Laptop-15-cc1xx:46163/ ['http://itachi-HP-Pavilion-Laptop-15-cc1xx:44315/', 'http://itachi-HP-Pavilion-Laptop-15-cc1xx:35905/', 'http://itachi-HP-Pavilion-Laptop-15-cc1xx:32891/', 'http://itachi-HP-Pavilion-Laptop-15-cc1xx:39793/', 'http://itachi-HP-Pavilion-Laptop-15-cc1xx:33419/']: sec=0.00, result=[1, '', 0]
[rosmaster.master][INFO] 2019-12-28 00:33:46,732: publisherUpdate[/drone_command] -> http://itachi-HP-Pavilion-Laptop-15-cc1xx:33419/ []
[rosmaster.master][INFO] 2019-12-28 00:33:46,732: publisherUpdate[/drone_command] -> http://itachi-HP-Pavilion-Laptop-15-cc1xx:33419/ []: sec=0.00, result=[1, '', 0]
[rosmaster.master][INFO] 2019-12-28 00:33:48,036: -PUB [/rosout] /DroneNode http://itachi-HP-Pavilion-Laptop-15-cc1xx:33419/
[rosmaster.master][INFO] 2019-12-28 00:33:48,036: publisherUpdate[/rosout] -> http://itachi-HP-Pavilion-Laptop-15-cc1xx:46163/ ['http://itachi-HP-Pavilion-Laptop-15-cc1xx:44315/', 'http://itachi-HP-Pavilion-Laptop-15-cc1xx:35905/', 'http://itachi-HP-Pavilion-Laptop-15-cc1xx:32891/', 'http://itachi-HP-Pavilion-Laptop-15-cc1xx:39793/']
[rosmaster.master][INFO] 2019-12-28 00:33:48,038: publisherUpdate[/rosout] -> http://itachi-HP-Pavilion-Laptop-15-cc1xx:46163/ ['http://itachi-HP-Pavilion-Laptop-15-cc1xx:44315/', 'http://itachi-HP-Pavilion-Laptop-15-cc1xx:35905/', 'http://itachi-HP-Pavilion-Laptop-15-cc1xx:32891/', 'http://itachi-HP-Pavilion-Laptop-15-cc1xx:39793/']: sec=0.00, result=[1, '', 0]
[rosmaster.master][INFO] 2019-12-28 00:33:48,039: -SUB [/drone_command] /DroneNode http://itachi-HP-Pavilion-Laptop-15-cc1xx:33419/
[rosmaster.master][INFO] 2019-12-28 00:33:48,041: -SERVICE [/DroneNode/get_loggers] /DroneNode rosrpc://itachi-HP-Pavilion-Laptop-15-cc1xx:38497
[rosmaster.master][INFO] 2019-12-28 00:33:48,042: -SERVICE [/DroneNode/set_logger_level] /DroneNode rosrpc://itachi-HP-Pavilion-Laptop-15-cc1xx:38497
[rosmaster.master][INFO] 2019-12-28 00:33:50,042: +PUB [/rosout] /DroneNode http://itachi-HP-Pavilion-Laptop-15-cc1xx:38417/
[rosmaster.master][INFO] 2019-12-28 00:33:50,043: +SERVICE [/DroneNode/get_loggers] /DroneNode http://itachi-HP-Pavilion-Laptop-15-cc1xx:38417/
[rosmaster.master][INFO] 2019-12-28 00:33:50,043: publisherUpdate[/rosout] -> http://itachi-HP-Pavilion-Laptop-15-cc1xx:46163/ ['http://itachi-HP-Pavilion-Laptop-15-cc1xx:44315/', 'http://itachi-HP-Pavilion-Laptop-15-cc1xx:35905/', 'http://itachi-HP-Pavilion-Laptop-15-cc1xx:32891/', 'http://itachi-HP-Pavilion-Laptop-15-cc1xx:39793/', 'http://itachi-HP-Pavilion-Laptop-15-cc1xx:38417/']
[rosmaster.master][INFO] 2019-12-28 00:33:50,045: publisherUpdate[/rosout] -> http://itachi-HP-Pavilion-Laptop-15-cc1xx:46163/ ['http://itachi-HP-Pavilion-Laptop-15-cc1xx:44315/', 'http://itachi-HP-Pavilion-Laptop-15-cc1xx:35905/', 'http://itachi-HP-Pavilion-Laptop-15-cc1xx:32891/', 'http://itachi-HP-Pavilion-Laptop-15-cc1xx:39793/', 'http://itachi-HP-Pavilion-Laptop-15-cc1xx:38417/']: sec=0.00, result=[1, '', 0]
[rosmaster.master][INFO] 2019-12-28 00:33:50,048: +SERVICE [/DroneNode/set_logger_level] /DroneNode http://itachi-HP-Pavilion-Laptop-15-cc1xx:38417/
[rosmaster.master][INFO] 2019-12-28 00:33:50,052: +SUB [/drone_command] /DroneNode http://itachi-HP-Pavilion-Laptop-15-cc1xx:38417/
[rosmaster.master][INFO] 2019-12-28 00:34:18,182: +PUB [/rosout] /drone_control http://itachi-HP-Pavilion-Laptop-15-cc1xx:44235/
[rosmaster.master][INFO] 2019-12-28 00:34:18,186: +SERVICE [/drone_control/get_loggers] /drone_control http://itachi-HP-Pavilion-Laptop-15-cc1xx:44235/
[rosmaster.master][INFO] 2019-12-28 00:34:18,187: +SERVICE [/drone_control/set_logger_level] /drone_control http://itachi-HP-Pavilion-Laptop-15-cc1xx:44235/
[rosmaster.master][INFO] 2019-12-28 00:34:18,188: +PUB [/drone_command] /drone_control http://itachi-HP-Pavilion-Laptop-15-cc1xx:44235/
[rosmaster.master][INFO] 2019-12-28 00:34:18,189: +PUB [/alt_error] /drone_control http://itachi-HP-Pavilion-Laptop-15-cc1xx:44235/
[rosmaster.master][INFO] 2019-12-28 00:34:18,189: publisherUpdate[/rosout] -> http://itachi-HP-Pavilion-Laptop-15-cc1xx:46163/ ['http://itachi-HP-Pavilion-Laptop-15-cc1xx:44315/', 'http://itachi-HP-Pavilion-Laptop-15-cc1xx:35905/', 'http://itachi-HP-Pavilion-Laptop-15-cc1xx:32891/', 'http://itachi-HP-Pavilion-Laptop-15-cc1xx:39793/', 'http://itachi-HP-Pavilion-Laptop-15-cc1xx:38417/', 'http://itachi-HP-Pavilion-Laptop-15-cc1xx:44235/']
[rosmaster.master][INFO] 2019-12-28 00:34:18,190: publisherUpdate[/rosout] -> http://itachi-HP-Pavilion-Laptop-15-cc1xx:46163/ ['http://itachi-HP-Pavilion-Laptop-15-cc1xx:44315/', 'http://itachi-HP-Pavilion-Laptop-15-cc1xx:35905/', 'http://itachi-HP-Pavilion-Laptop-15-cc1xx:32891/', 'http://itachi-HP-Pavilion-Laptop-15-cc1xx:39793/', 'http://itachi-HP-Pavilion-Laptop-15-cc1xx:38417/', 'http://itachi-HP-Pavilion-Laptop-15-cc1xx:44235/']: sec=0.00, result=[1, '', 0]
[rosmaster.master][INFO] 2019-12-28 00:34:18,190: publisherUpdate[/drone_command] -> http://itachi-HP-Pavilion-Laptop-15-cc1xx:38417/ ['http://itachi-HP-Pavilion-Laptop-15-cc1xx:44235/']
[rosmaster.master][INFO] 2019-12-28 00:34:18,192: +PUB [/pitch_error] /drone_control http://itachi-HP-Pavilion-Laptop-15-cc1xx:44235/
[rosmaster.master][INFO] 2019-12-28 00:34:18,193: publisherUpdate[/drone_command] -> http://itachi-HP-Pavilion-Laptop-15-cc1xx:38417/ ['http://itachi-HP-Pavilion-Laptop-15-cc1xx:44235/']: sec=0.00, result=[1, '', 0]
[rosmaster.master][INFO] 2019-12-28 00:34:18,198: +PUB [/roll_error] /drone_control http://itachi-HP-Pavilion-Laptop-15-cc1xx:44235/
[rosmaster.master][INFO] 2019-12-28 00:34:18,201: +PUB [/error_sample] /drone_control http://itachi-HP-Pavilion-Laptop-15-cc1xx:44235/
[rosmaster.master][INFO] 2019-12-28 00:34:18,202: +PUB [/error_sample1] /drone_control http://itachi-HP-Pavilion-Laptop-15-cc1xx:44235/
[rosmaster.master][INFO] 2019-12-28 00:34:18,204: +PUB [/error_sample2] /drone_control http://itachi-HP-Pavilion-Laptop-15-cc1xx:44235/
[rosmaster.master][INFO] 2019-12-28 00:34:18,205: +PUB [/error_sample3] /drone_control http://itachi-HP-Pavilion-Laptop-15-cc1xx:44235/
[rosmaster.master][INFO] 2019-12-28 00:34:18,207: +SUB [/whycon/poses] /drone_control http://itachi-HP-Pavilion-Laptop-15-cc1xx:44235/
[rosmaster.master][INFO] 2019-12-28 00:34:18,212: +SUB [/pid_tuning_altitude] /drone_control http://itachi-HP-Pavilion-Laptop-15-cc1xx:44235/
[rosmaster.master][INFO] 2019-12-28 00:34:18,215: +SUB [/pid_tuning_pitch] /drone_control http://itachi-HP-Pavilion-Laptop-15-cc1xx:44235/
[rosmaster.master][INFO] 2019-12-28 00:34:18,217: +SUB [/pid_tuning_roll] /drone_control http://itachi-HP-Pavilion-Laptop-15-cc1xx:44235/
[rosmaster.master][INFO] 2019-12-28 00:35:31,492: -SUB [/pid_tuning_pitch] /drone_control http://itachi-HP-Pavilion-Laptop-15-cc1xx:44235/
[rosmaster.master][INFO] 2019-12-28 00:35:31,492: -SUB [/pid_tuning_roll] /drone_control http://itachi-HP-Pavilion-Laptop-15-cc1xx:44235/
[rosmaster.master][INFO] 2019-12-28 00:35:31,492: -SUB [/whycon/poses] /drone_control http://itachi-HP-Pavilion-Laptop-15-cc1xx:44235/
[rosmaster.master][INFO] 2019-12-28 00:35:31,492: -SUB [/pid_tuning_altitude] /drone_control http://itachi-HP-Pavilion-Laptop-15-cc1xx:44235/
[rosmaster.master][INFO] 2019-12-28 00:35:31,492: -PUB [/pitch_error] /drone_control http://itachi-HP-Pavilion-Laptop-15-cc1xx:44235/
[rosmaster.master][INFO] 2019-12-28 00:35:31,492: -PUB [/rosout] /drone_control http://itachi-HP-Pavilion-Laptop-15-cc1xx:44235/
[rosmaster.master][INFO] 2019-12-28 00:35:31,493: -PUB [/alt_error] /drone_control http://itachi-HP-Pavilion-Laptop-15-cc1xx:44235/
[rosmaster.master][INFO] 2019-12-28 00:35:31,493: -PUB [/drone_command] /drone_control http://itachi-HP-Pavilion-Laptop-15-cc1xx:44235/
[rosmaster.master][INFO] 2019-12-28 00:35:31,493: -PUB [/error_sample2] /drone_control http://itachi-HP-Pavilion-Laptop-15-cc1xx:44235/
[rosmaster.master][INFO] 2019-12-28 00:35:31,493: -PUB [/error_sample] /drone_control http://itachi-HP-Pavilion-Laptop-15-cc1xx:44235/
[rosmaster.master][INFO] 2019-12-28 00:35:31,493: -PUB [/error_sample1] /drone_control http://itachi-HP-Pavilion-Laptop-15-cc1xx:44235/
[rosmaster.master][INFO] 2019-12-28 00:35:31,493: -PUB [/roll_error] /drone_control http://itachi-HP-Pavilion-Laptop-15-cc1xx:44235/
[rosmaster.master][INFO] 2019-12-28 00:35:31,493: -PUB [/error_sample3] /drone_control http://itachi-HP-Pavilion-Laptop-15-cc1xx:44235/
[rosmaster.master][INFO] 2019-12-28 00:35:31,493: -SERVICE [/drone_control/get_loggers] /drone_control rosrpc://itachi-HP-Pavilion-Laptop-15-cc1xx:41361
[rosmaster.master][INFO] 2019-12-28 00:35:31,493: -SERVICE [/drone_control/set_logger_level] /drone_control rosrpc://itachi-HP-Pavilion-Laptop-15-cc1xx:41361
[rosmaster.master][INFO] 2019-12-28 00:35:31,534: publisherUpdate[/rosout] -> http://itachi-HP-Pavilion-Laptop-15-cc1xx:46163/ ['http://itachi-HP-Pavilion-Laptop-15-cc1xx:44315/', 'http://itachi-HP-Pavilion-Laptop-15-cc1xx:35905/', 'http://itachi-HP-Pavilion-Laptop-15-cc1xx:32891/', 'http://itachi-HP-Pavilion-Laptop-15-cc1xx:39793/', 'http://itachi-HP-Pavilion-Laptop-15-cc1xx:38417/']
[rosmaster.master][INFO] 2019-12-28 00:35:31,535: publisherUpdate[/drone_command] -> http://itachi-HP-Pavilion-Laptop-15-cc1xx:38417/ []
[rosmaster.master][INFO] 2019-12-28 00:35:31,536: publisherUpdate[/rosout] -> http://itachi-HP-Pavilion-Laptop-15-cc1xx:46163/ ['http://itachi-HP-Pavilion-Laptop-15-cc1xx:44315/', 'http://itachi-HP-Pavilion-Laptop-15-cc1xx:35905/', 'http://itachi-HP-Pavilion-Laptop-15-cc1xx:32891/', 'http://itachi-HP-Pavilion-Laptop-15-cc1xx:39793/', 'http://itachi-HP-Pavilion-Laptop-15-cc1xx:38417/']: sec=0.00, result=[1, '', 0]
[rosmaster.master][INFO] 2019-12-28 00:35:31,537: publisherUpdate[/drone_command] -> http://itachi-HP-Pavilion-Laptop-15-cc1xx:38417/ []: sec=0.00, result=[1, '', 0]
[rosmaster.master][INFO] 2019-12-28 00:35:33,340: -PUB [/rosout] /DroneNode http://itachi-HP-Pavilion-Laptop-15-cc1xx:38417/
[rosmaster.master][INFO] 2019-12-28 00:35:33,340: publisherUpdate[/rosout] -> http://itachi-HP-Pavilion-Laptop-15-cc1xx:46163/ ['http://itachi-HP-Pavilion-Laptop-15-cc1xx:44315/', 'http://itachi-HP-Pavilion-Laptop-15-cc1xx:35905/', 'http://itachi-HP-Pavilion-Laptop-15-cc1xx:32891/', 'http://itachi-HP-Pavilion-Laptop-15-cc1xx:39793/']
[rosmaster.master][INFO] 2019-12-28 00:35:33,341: publisherUpdate[/rosout] -> http://itachi-HP-Pavilion-Laptop-15-cc1xx:46163/ ['http://itachi-HP-Pavilion-Laptop-15-cc1xx:44315/', 'http://itachi-HP-Pavilion-Laptop-15-cc1xx:35905/', 'http://itachi-HP-Pavilion-Laptop-15-cc1xx:32891/', 'http://itachi-HP-Pavilion-Laptop-15-cc1xx:39793/']: sec=0.00, result=[1, '', 0]
[rosmaster.master][INFO] 2019-12-28 00:35:33,341: -SUB [/drone_command] /DroneNode http://itachi-HP-Pavilion-Laptop-15-cc1xx:38417/
[rosmaster.master][INFO] 2019-12-28 00:35:33,342: -SERVICE [/DroneNode/get_loggers] /DroneNode rosrpc://itachi-HP-Pavilion-Laptop-15-cc1xx:52401
[rosmaster.master][INFO] 2019-12-28 00:35:33,342: -SERVICE [/DroneNode/set_logger_level] /DroneNode rosrpc://itachi-HP-Pavilion-Laptop-15-cc1xx:52401
[rosmaster.master][INFO] 2019-12-28 00:35:34,398: +PUB [/rosout] /DroneNode http://itachi-HP-Pavilion-Laptop-15-cc1xx:46675/
[rosmaster.master][INFO] 2019-12-28 00:35:34,399: +SERVICE [/DroneNode/get_loggers] /DroneNode http://itachi-HP-Pavilion-Laptop-15-cc1xx:46675/
[rosmaster.master][INFO] 2019-12-28 00:35:34,401: +SERVICE [/DroneNode/set_logger_level] /DroneNode http://itachi-HP-Pavilion-Laptop-15-cc1xx:46675/
[rosmaster.master][INFO] 2019-12-28 00:35:34,408: +SUB [/drone_command] /DroneNode http://itachi-HP-Pavilion-Laptop-15-cc1xx:46675/
[rosmaster.master][INFO] 2019-12-28 00:35:34,442: publisherUpdate[/rosout] -> http://itachi-HP-Pavilion-Laptop-15-cc1xx:46163/ ['http://itachi-HP-Pavilion-Laptop-15-cc1xx:44315/', 'http://itachi-HP-Pavilion-Laptop-15-cc1xx:35905/', 'http://itachi-HP-Pavilion-Laptop-15-cc1xx:32891/', 'http://itachi-HP-Pavilion-Laptop-15-cc1xx:39793/', 'http://itachi-HP-Pavilion-Laptop-15-cc1xx:46675/']
[rosmaster.master][INFO] 2019-12-28 00:35:34,442: publisherUpdate[/rosout] -> http://itachi-HP-Pavilion-Laptop-15-cc1xx:46163/ ['http://itachi-HP-Pavilion-Laptop-15-cc1xx:44315/', 'http://itachi-HP-Pavilion-Laptop-15-cc1xx:35905/', 'http://itachi-HP-Pavilion-Laptop-15-cc1xx:32891/', 'http://itachi-HP-Pavilion-Laptop-15-cc1xx:39793/', 'http://itachi-HP-Pavilion-Laptop-15-cc1xx:46675/']: sec=0.00, result=[1, '', 0]
[rosmaster.master][INFO] 2019-12-28 00:36:16,612: -PUB [/rosout] /DroneNode http://itachi-HP-Pavilion-Laptop-15-cc1xx:46675/
[rosmaster.master][INFO] 2019-12-28 00:36:16,614: -SUB [/drone_command] /DroneNode http://itachi-HP-Pavilion-Laptop-15-cc1xx:46675/
[rosmaster.master][INFO] 2019-12-28 00:36:16,614: publisherUpdate[/rosout] -> http://itachi-HP-Pavilion-Laptop-15-cc1xx:46163/ ['http://itachi-HP-Pavilion-Laptop-15-cc1xx:44315/', 'http://itachi-HP-Pavilion-Laptop-15-cc1xx:35905/', 'http://itachi-HP-Pavilion-Laptop-15-cc1xx:32891/', 'http://itachi-HP-Pavilion-Laptop-15-cc1xx:39793/']
[rosmaster.master][INFO] 2019-12-28 00:36:16,616: publisherUpdate[/rosout] -> http://itachi-HP-Pavilion-Laptop-15-cc1xx:46163/ ['http://itachi-HP-Pavilion-Laptop-15-cc1xx:44315/', 'http://itachi-HP-Pavilion-Laptop-15-cc1xx:35905/', 'http://itachi-HP-Pavilion-Laptop-15-cc1xx:32891/', 'http://itachi-HP-Pavilion-Laptop-15-cc1xx:39793/']: sec=0.00, result=[1, '', 0]
[rosmaster.master][INFO] 2019-12-28 00:36:16,616: -SERVICE [/DroneNode/get_loggers] /DroneNode rosrpc://itachi-HP-Pavilion-Laptop-15-cc1xx:58119
[rosmaster.master][INFO] 2019-12-28 00:36:16,617: -SERVICE [/DroneNode/set_logger_level] /DroneNode rosrpc://itachi-HP-Pavilion-Laptop-15-cc1xx:58119
[rosmaster.master][INFO] 2019-12-28 00:37:54,176: +PUB [/rosout] /DroneNode http://itachi-HP-Pavilion-Laptop-15-cc1xx:37821/
[rosmaster.master][INFO] 2019-12-28 00:37:54,178: +SERVICE [/DroneNode/get_loggers] /DroneNode http://itachi-HP-Pavilion-Laptop-15-cc1xx:37821/
[rosmaster.master][INFO] 2019-12-28 00:37:54,180: +SERVICE [/DroneNode/set_logger_level] /DroneNode http://itachi-HP-Pavilion-Laptop-15-cc1xx:37821/
[rosmaster.master][INFO] 2019-12-28 00:37:54,186: +SUB [/drone_command] /DroneNode http://itachi-HP-Pavilion-Laptop-15-cc1xx:37821/
[rosmaster.master][INFO] 2019-12-28 00:37:54,207: publisherUpdate[/rosout] -> http://itachi-HP-Pavilion-Laptop-15-cc1xx:46163/ ['http://itachi-HP-Pavilion-Laptop-15-cc1xx:44315/', 'http://itachi-HP-Pavilion-Laptop-15-cc1xx:35905/', 'http://itachi-HP-Pavilion-Laptop-15-cc1xx:32891/', 'http://itachi-HP-Pavilion-Laptop-15-cc1xx:39793/', 'http://itachi-HP-Pavilion-Laptop-15-cc1xx:37821/']
[rosmaster.master][INFO] 2019-12-28 00:37:54,209: publisherUpdate[/rosout] -> http://itachi-HP-Pavilion-Laptop-15-cc1xx:46163/ ['http://itachi-HP-Pavilion-Laptop-15-cc1xx:44315/', 'http://itachi-HP-Pavilion-Laptop-15-cc1xx:35905/', 'http://itachi-HP-Pavilion-Laptop-15-cc1xx:32891/', 'http://itachi-HP-Pavilion-Laptop-15-cc1xx:39793/', 'http://itachi-HP-Pavilion-Laptop-15-cc1xx:37821/']: sec=0.00, result=[1, '', 0]
[rosmaster.master][INFO] 2019-12-28 00:37:58,038: +PUB [/rosout] /drone_control http://itachi-HP-Pavilion-Laptop-15-cc1xx:46563/
[rosmaster.master][INFO] 2019-12-28 00:37:58,041: +SERVICE [/drone_control/get_loggers] /drone_control http://itachi-HP-Pavilion-Laptop-15-cc1xx:46563/
[rosmaster.master][INFO] 2019-12-28 00:37:58,042: +SERVICE [/drone_control/set_logger_level] /drone_control http://itachi-HP-Pavilion-Laptop-15-cc1xx:46563/
[rosmaster.master][INFO] 2019-12-28 00:37:58,043: +PUB [/drone_command] /drone_control http://itachi-HP-Pavilion-Laptop-15-cc1xx:46563/
[rosmaster.master][INFO] 2019-12-28 00:37:58,044: +PUB [/alt_error] /drone_control http://itachi-HP-Pavilion-Laptop-15-cc1xx:46563/
[rosmaster.master][INFO] 2019-12-28 00:37:58,046: +PUB [/pitch_error] /drone_control http://itachi-HP-Pavilion-Laptop-15-cc1xx:46563/
[rosmaster.master][INFO] 2019-12-28 00:37:58,047: +PUB [/roll_error] /drone_control http://itachi-HP-Pavilion-Laptop-15-cc1xx:46563/
[rosmaster.master][INFO] 2019-12-28 00:37:58,048: +PUB [/error_sample] /drone_control http://itachi-HP-Pavilion-Laptop-15-cc1xx:46563/
[rosmaster.master][INFO] 2019-12-28 00:37:58,049: +PUB [/error_sample1] /drone_control http://itachi-HP-Pavilion-Laptop-15-cc1xx:46563/
[rosmaster.master][INFO] 2019-12-28 00:37:58,052: +PUB [/error_sample2] /drone_control http://itachi-HP-Pavilion-Laptop-15-cc1xx:46563/
[rosmaster.master][INFO] 2019-12-28 00:37:58,054: +PUB [/error_sample3] /drone_control http://itachi-HP-Pavilion-Laptop-15-cc1xx:46563/
[rosmaster.master][INFO] 2019-12-28 00:37:58,058: +SUB [/whycon/poses] /drone_control http://itachi-HP-Pavilion-Laptop-15-cc1xx:46563/
[rosmaster.master][INFO] 2019-12-28 00:37:58,060: +SUB [/pid_tuning_altitude] /drone_control http://itachi-HP-Pavilion-Laptop-15-cc1xx:46563/
[rosmaster.master][INFO] 2019-12-28 00:37:58,062: +SUB [/pid_tuning_pitch] /drone_control http://itachi-HP-Pavilion-Laptop-15-cc1xx:46563/
[rosmaster.master][INFO] 2019-12-28 00:37:58,065: +SUB [/pid_tuning_roll] /drone_control http://itachi-HP-Pavilion-Laptop-15-cc1xx:46563/
[rosmaster.master][INFO] 2019-12-28 00:37:58,114: publisherUpdate[/rosout] -> http://itachi-HP-Pavilion-Laptop-15-cc1xx:46163/ ['http://itachi-HP-Pavilion-Laptop-15-cc1xx:44315/', 'http://itachi-HP-Pavilion-Laptop-15-cc1xx:35905/', 'http://itachi-HP-Pavilion-Laptop-15-cc1xx:32891/', 'http://itachi-HP-Pavilion-Laptop-15-cc1xx:39793/', 'http://itachi-HP-Pavilion-Laptop-15-cc1xx:37821/', 'http://itachi-HP-Pavilion-Laptop-15-cc1xx:46563/']
[rosmaster.master][INFO] 2019-12-28 00:37:58,115: publisherUpdate[/rosout] -> http://itachi-HP-Pavilion-Laptop-15-cc1xx:46163/ ['http://itachi-HP-Pavilion-Laptop-15-cc1xx:44315/', 'http://itachi-HP-Pavilion-Laptop-15-cc1xx:35905/', 'http://itachi-HP-Pavilion-Laptop-15-cc1xx:32891/', 'http://itachi-HP-Pavilion-Laptop-15-cc1xx:39793/', 'http://itachi-HP-Pavilion-Laptop-15-cc1xx:37821/', 'http://itachi-HP-Pavilion-Laptop-15-cc1xx:46563/']: sec=0.00, result=[1, '', 0]
[rosmaster.master][INFO] 2019-12-28 00:37:58,115: publisherUpdate[/drone_command] -> http://itachi-HP-Pavilion-Laptop-15-cc1xx:37821/ ['http://itachi-HP-Pavilion-Laptop-15-cc1xx:46563/']
[rosmaster.master][INFO] 2019-12-28 00:37:58,116: publisherUpdate[/drone_command] -> http://itachi-HP-Pavilion-Laptop-15-cc1xx:37821/ ['http://itachi-HP-Pavilion-Laptop-15-cc1xx:46563/']: sec=0.00, result=[1, '', 0]
[rosmaster.master][INFO] 2019-12-28 00:38:01,195: -SERVICE [/DroneNode/get_loggers] /DroneNode rosrpc://itachi-HP-Pavilion-Laptop-15-cc1xx:42211
[rosmaster.master][INFO] 2019-12-28 00:38:01,197: -SERVICE [/DroneNode/set_logger_level] /DroneNode rosrpc://itachi-HP-Pavilion-Laptop-15-cc1xx:42211
[rosmaster.master][INFO] 2019-12-28 00:38:01,225: -PUB [/rosout] /DroneNode http://itachi-HP-Pavilion-Laptop-15-cc1xx:37821/
[rosmaster.master][INFO] 2019-12-28 00:38:01,226: -SUB [/drone_command] /DroneNode http://itachi-HP-Pavilion-Laptop-15-cc1xx:37821/
[rosmaster.master][INFO] 2019-12-28 00:38:01,228: publisherUpdate[/rosout] -> http://itachi-HP-Pavilion-Laptop-15-cc1xx:46163/ ['http://itachi-HP-Pavilion-Laptop-15-cc1xx:44315/', 'http://itachi-HP-Pavilion-Laptop-15-cc1xx:35905/', 'http://itachi-HP-Pavilion-Laptop-15-cc1xx:32891/', 'http://itachi-HP-Pavilion-Laptop-15-cc1xx:39793/', 'http://itachi-HP-Pavilion-Laptop-15-cc1xx:46563/']
[rosmaster.master][INFO] 2019-12-28 00:38:01,229: publisherUpdate[/rosout] -> http://itachi-HP-Pavilion-Laptop-15-cc1xx:46163/ ['http://itachi-HP-Pavilion-Laptop-15-cc1xx:44315/', 'http://itachi-HP-Pavilion-Laptop-15-cc1xx:35905/', 'http://itachi-HP-Pavilion-Laptop-15-cc1xx:32891/', 'http://itachi-HP-Pavilion-Laptop-15-cc1xx:39793/', 'http://itachi-HP-Pavilion-Laptop-15-cc1xx:46563/']: sec=0.00, result=[1, '', 0]
[rosmaster.master][INFO] 2019-12-28 00:38:02,869: -SUB [/pid_tuning_pitch] /drone_control http://itachi-HP-Pavilion-Laptop-15-cc1xx:46563/
[rosmaster.master][INFO] 2019-12-28 00:38:02,869: -SUB [/pid_tuning_roll] /drone_control http://itachi-HP-Pavilion-Laptop-15-cc1xx:46563/
[rosmaster.master][INFO] 2019-12-28 00:38:02,870: -SUB [/whycon/poses] /drone_control http://itachi-HP-Pavilion-Laptop-15-cc1xx:46563/
[rosmaster.master][INFO] 2019-12-28 00:38:02,870: -SUB [/pid_tuning_altitude] /drone_control http://itachi-HP-Pavilion-Laptop-15-cc1xx:46563/
[rosmaster.master][INFO] 2019-12-28 00:38:02,870: -PUB [/pitch_error] /drone_control http://itachi-HP-Pavilion-Laptop-15-cc1xx:46563/
[rosmaster.master][INFO] 2019-12-28 00:38:02,870: -PUB [/rosout] /drone_control http://itachi-HP-Pavilion-Laptop-15-cc1xx:46563/
[rosmaster.master][INFO] 2019-12-28 00:38:02,870: -PUB [/alt_error] /drone_control http://itachi-HP-Pavilion-Laptop-15-cc1xx:46563/
[rosmaster.master][INFO] 2019-12-28 00:38:02,870: -PUB [/drone_command] /drone_control http://itachi-HP-Pavilion-Laptop-15-cc1xx:46563/
[rosmaster.master][INFO] 2019-12-28 00:38:02,870: -PUB [/error_sample2] /drone_control http://itachi-HP-Pavilion-Laptop-15-cc1xx:46563/
[rosmaster.master][INFO] 2019-12-28 00:38:02,870: -PUB [/error_sample] /drone_control http://itachi-HP-Pavilion-Laptop-15-cc1xx:46563/
[rosmaster.master][INFO] 2019-12-28 00:38:02,870: -PUB [/error_sample1] /drone_control http://itachi-HP-Pavilion-Laptop-15-cc1xx:46563/
[rosmaster.master][INFO] 2019-12-28 00:38:02,870: -PUB [/roll_error] /drone_control http://itachi-HP-Pavilion-Laptop-15-cc1xx:46563/
[rosmaster.master][INFO] 2019-12-28 00:38:02,871: -PUB [/error_sample3] /drone_control http://itachi-HP-Pavilion-Laptop-15-cc1xx:46563/
[rosmaster.master][INFO] 2019-12-28 00:38:02,871: -SERVICE [/drone_control/get_loggers] /drone_control rosrpc://itachi-HP-Pavilion-Laptop-15-cc1xx:33607
[rosmaster.master][INFO] 2019-12-28 00:38:02,871: -SERVICE [/drone_control/set_logger_level] /drone_control rosrpc://itachi-HP-Pavilion-Laptop-15-cc1xx:33607
[rosmaster.master][INFO] 2019-12-28 00:38:02,924: publisherUpdate[/rosout] -> http://itachi-HP-Pavilion-Laptop-15-cc1xx:46163/ ['http://itachi-HP-Pavilion-Laptop-15-cc1xx:44315/', 'http://itachi-HP-Pavilion-Laptop-15-cc1xx:35905/', 'http://itachi-HP-Pavilion-Laptop-15-cc1xx:32891/', 'http://itachi-HP-Pavilion-Laptop-15-cc1xx:39793/']
[rosmaster.master][INFO] 2019-12-28 00:38:02,926: publisherUpdate[/rosout] -> http://itachi-HP-Pavilion-Laptop-15-cc1xx:46163/ ['http://itachi-HP-Pavilion-Laptop-15-cc1xx:44315/', 'http://itachi-HP-Pavilion-Laptop-15-cc1xx:35905/', 'http://itachi-HP-Pavilion-Laptop-15-cc1xx:32891/', 'http://itachi-HP-Pavilion-Laptop-15-cc1xx:39793/']: sec=0.00, result=[1, '', 0]
[rosmaster.master][INFO] 2019-12-28 00:38:10,102: +PUB [/rosout] /DroneNode http://itachi-HP-Pavilion-Laptop-15-cc1xx:46689/
[rosmaster.master][INFO] 2019-12-28 00:38:10,103: +SERVICE [/DroneNode/get_loggers] /DroneNode http://itachi-HP-Pavilion-Laptop-15-cc1xx:46689/
[rosmaster.master][INFO] 2019-12-28 00:38:10,104: +SERVICE [/DroneNode/set_logger_level] /DroneNode http://itachi-HP-Pavilion-Laptop-15-cc1xx:46689/
[rosmaster.master][INFO] 2019-12-28 00:38:10,109: +SUB [/drone_command] /DroneNode http://itachi-HP-Pavilion-Laptop-15-cc1xx:46689/
[rosmaster.master][INFO] 2019-12-28 00:38:10,137: publisherUpdate[/rosout] -> http://itachi-HP-Pavilion-Laptop-15-cc1xx:46163/ ['http://itachi-HP-Pavilion-Laptop-15-cc1xx:44315/', 'http://itachi-HP-Pavilion-Laptop-15-cc1xx:35905/', 'http://itachi-HP-Pavilion-Laptop-15-cc1xx:32891/', 'http://itachi-HP-Pavilion-Laptop-15-cc1xx:39793/', 'http://itachi-HP-Pavilion-Laptop-15-cc1xx:46689/']
[rosmaster.master][INFO] 2019-12-28 00:38:10,138: publisherUpdate[/rosout] -> http://itachi-HP-Pavilion-Laptop-15-cc1xx:46163/ ['http://itachi-HP-Pavilion-Laptop-15-cc1xx:44315/', 'http://itachi-HP-Pavilion-Laptop-15-cc1xx:35905/', 'http://itachi-HP-Pavilion-Laptop-15-cc1xx:32891/', 'http://itachi-HP-Pavilion-Laptop-15-cc1xx:39793/', 'http://itachi-HP-Pavilion-Laptop-15-cc1xx:46689/']: sec=0.00, result=[1, '', 0]
[rosmaster.master][INFO] 2019-12-28 00:38:12,624: +PUB [/rosout] /drone_control http://itachi-HP-Pavilion-Laptop-15-cc1xx:42489/
[rosmaster.master][INFO] 2019-12-28 00:38:12,627: +SERVICE [/drone_control/get_loggers] /drone_control http://itachi-HP-Pavilion-Laptop-15-cc1xx:42489/
[rosmaster.master][INFO] 2019-12-28 00:38:12,629: +SERVICE [/drone_control/set_logger_level] /drone_control http://itachi-HP-Pavilion-Laptop-15-cc1xx:42489/
[rosmaster.master][INFO] 2019-12-28 00:38:12,630: +PUB [/drone_command] /drone_control http://itachi-HP-Pavilion-Laptop-15-cc1xx:42489/
[rosmaster.master][INFO] 2019-12-28 00:38:12,632: +PUB [/alt_error] /drone_control http://itachi-HP-Pavilion-Laptop-15-cc1xx:42489/
[rosmaster.master][INFO] 2019-12-28 00:38:12,633: +PUB [/pitch_error] /drone_control http://itachi-HP-Pavilion-Laptop-15-cc1xx:42489/
[rosmaster.master][INFO] 2019-12-28 00:38:12,634: +PUB [/roll_error] /drone_control http://itachi-HP-Pavilion-Laptop-15-cc1xx:42489/
[rosmaster.master][INFO] 2019-12-28 00:38:12,635: +PUB [/error_sample] /drone_control http://itachi-HP-Pavilion-Laptop-15-cc1xx:42489/
[rosmaster.master][INFO] 2019-12-28 00:38:12,636: +PUB [/error_sample1] /drone_control http://itachi-HP-Pavilion-Laptop-15-cc1xx:42489/
[rosmaster.master][INFO] 2019-12-28 00:38:12,637: +PUB [/error_sample2] /drone_control http://itachi-HP-Pavilion-Laptop-15-cc1xx:42489/
[rosmaster.master][INFO] 2019-12-28 00:38:12,638: +PUB [/error_sample3] /drone_control http://itachi-HP-Pavilion-Laptop-15-cc1xx:42489/
[rosmaster.master][INFO] 2019-12-28 00:38:12,642: publisherUpdate[/rosout] -> http://itachi-HP-Pavilion-Laptop-15-cc1xx:46163/ ['http://itachi-HP-Pavilion-Laptop-15-cc1xx:44315/', 'http://itachi-HP-Pavilion-Laptop-15-cc1xx:35905/', 'http://itachi-HP-Pavilion-Laptop-15-cc1xx:32891/', 'http://itachi-HP-Pavilion-Laptop-15-cc1xx:39793/', 'http://itachi-HP-Pavilion-Laptop-15-cc1xx:46689/', 'http://itachi-HP-Pavilion-Laptop-15-cc1xx:42489/']
[rosmaster.master][INFO] 2019-12-28 00:38:12,643: publisherUpdate[/rosout] -> http://itachi-HP-Pavilion-Laptop-15-cc1xx:46163/ ['http://itachi-HP-Pavilion-Laptop-15-cc1xx:44315/', 'http://itachi-HP-Pavilion-Laptop-15-cc1xx:35905/', 'http://itachi-HP-Pavilion-Laptop-15-cc1xx:32891/', 'http://itachi-HP-Pavilion-Laptop-15-cc1xx:39793/', 'http://itachi-HP-Pavilion-Laptop-15-cc1xx:46689/', 'http://itachi-HP-Pavilion-Laptop-15-cc1xx:42489/']: sec=0.00, result=[1, '', 0]
[rosmaster.master][INFO] 2019-12-28 00:38:12,643: publisherUpdate[/drone_command] -> http://itachi-HP-Pavilion-Laptop-15-cc1xx:46689/ ['http://itachi-HP-Pavilion-Laptop-15-cc1xx:42489/']
[rosmaster.master][INFO] 2019-12-28 00:38:12,644: +SUB [/whycon/poses] /drone_control http://itachi-HP-Pavilion-Laptop-15-cc1xx:42489/
[rosmaster.master][INFO] 2019-12-28 00:38:12,645: publisherUpdate[/drone_command] -> http://itachi-HP-Pavilion-Laptop-15-cc1xx:46689/ ['http://itachi-HP-Pavilion-Laptop-15-cc1xx:42489/']: sec=0.00, result=[1, '', 0]
[rosmaster.master][INFO] 2019-12-28 00:38:12,647: +SUB [/pid_tuning_altitude] /drone_control http://itachi-HP-Pavilion-Laptop-15-cc1xx:42489/
[rosmaster.master][INFO] 2019-12-28 00:38:12,651: +SUB [/pid_tuning_pitch] /drone_control http://itachi-HP-Pavilion-Laptop-15-cc1xx:42489/
[rosmaster.master][INFO] 2019-12-28 00:38:12,653: +SUB [/pid_tuning_roll] /drone_control http://itachi-HP-Pavilion-Laptop-15-cc1xx:42489/
[rosmaster.master][INFO] 2019-12-28 00:39:14,271: -SUB [/pid_tuning_pitch] /drone_control http://itachi-HP-Pavilion-Laptop-15-cc1xx:42489/
[rosmaster.master][INFO] 2019-12-28 00:39:14,272: -SUB [/pid_tuning_roll] /drone_control http://itachi-HP-Pavilion-Laptop-15-cc1xx:42489/
[rosmaster.master][INFO] 2019-12-28 00:39:14,272: -SUB [/whycon/poses] /drone_control http://itachi-HP-Pavilion-Laptop-15-cc1xx:42489/
[rosmaster.master][INFO] 2019-12-28 00:39:14,272: -SUB [/pid_tuning_altitude] /drone_control http://itachi-HP-Pavilion-Laptop-15-cc1xx:42489/
[rosmaster.master][INFO] 2019-12-28 00:39:14,272: -PUB [/pitch_error] /drone_control http://itachi-HP-Pavilion-Laptop-15-cc1xx:42489/
[rosmaster.master][INFO] 2019-12-28 00:39:14,272: -PUB [/rosout] /drone_control http://itachi-HP-Pavilion-Laptop-15-cc1xx:42489/
[rosmaster.master][INFO] 2019-12-28 00:39:14,272: -PUB [/alt_error] /drone_control http://itachi-HP-Pavilion-Laptop-15-cc1xx:42489/
[rosmaster.master][INFO] 2019-12-28 00:39:14,272: -PUB [/drone_command] /drone_control http://itachi-HP-Pavilion-Laptop-15-cc1xx:42489/
[rosmaster.master][INFO] 2019-12-28 00:39:14,273: -PUB [/error_sample2] /drone_control http://itachi-HP-Pavilion-Laptop-15-cc1xx:42489/
[rosmaster.master][INFO] 2019-12-28 00:39:14,273: -PUB [/error_sample] /drone_control http://itachi-HP-Pavilion-Laptop-15-cc1xx:42489/
[rosmaster.master][INFO] 2019-12-28 00:39:14,273: -PUB [/error_sample1] /drone_control http://itachi-HP-Pavilion-Laptop-15-cc1xx:42489/
[rosmaster.master][INFO] 2019-12-28 00:39:14,273: -PUB [/roll_error] /drone_control http://itachi-HP-Pavilion-Laptop-15-cc1xx:42489/
[rosmaster.master][INFO] 2019-12-28 00:39:14,273: -PUB [/error_sample3] /drone_control http://itachi-HP-Pavilion-Laptop-15-cc1xx:42489/
[rosmaster.master][INFO] 2019-12-28 00:39:14,273: -SERVICE [/drone_control/get_loggers] /drone_control rosrpc://itachi-HP-Pavilion-Laptop-15-cc1xx:36433
[rosmaster.master][INFO] 2019-12-28 00:39:14,273: -SERVICE [/drone_control/set_logger_level] /drone_control rosrpc://itachi-HP-Pavilion-Laptop-15-cc1xx:36433
[rosmaster.master][INFO] 2019-12-28 00:39:14,358: publisherUpdate[/rosout] -> http://itachi-HP-Pavilion-Laptop-15-cc1xx:46163/ ['http://itachi-HP-Pavilion-Laptop-15-cc1xx:44315/', 'http://itachi-HP-Pavilion-Laptop-15-cc1xx:35905/', 'http://itachi-HP-Pavilion-Laptop-15-cc1xx:32891/', 'http://itachi-HP-Pavilion-Laptop-15-cc1xx:39793/', 'http://itachi-HP-Pavilion-Laptop-15-cc1xx:46689/']
[rosmaster.master][INFO] 2019-12-28 00:39:14,359: publisherUpdate[/rosout] -> http://itachi-HP-Pavilion-Laptop-15-cc1xx:46163/ ['http://itachi-HP-Pavilion-Laptop-15-cc1xx:44315/', 'http://itachi-HP-Pavilion-Laptop-15-cc1xx:35905/', 'http://itachi-HP-Pavilion-Laptop-15-cc1xx:32891/', 'http://itachi-HP-Pavilion-Laptop-15-cc1xx:39793/', 'http://itachi-HP-Pavilion-Laptop-15-cc1xx:46689/']: sec=0.00, result=[1, '', 0]
[rosmaster.master][INFO] 2019-12-28 00:39:14,360: publisherUpdate[/drone_command] -> http://itachi-HP-Pavilion-Laptop-15-cc1xx:46689/ []
[rosmaster.master][INFO] 2019-12-28 00:39:14,360: publisherUpdate[/drone_command] -> http://itachi-HP-Pavilion-Laptop-15-cc1xx:46689/ []: sec=0.00, result=[1, '', 0]
[rosmaster.master][INFO] 2019-12-28 00:39:16,064: -PUB [/rosout] /DroneNode http://itachi-HP-Pavilion-Laptop-15-cc1xx:46689/
[rosmaster.master][INFO] 2019-12-28 00:39:16,064: publisherUpdate[/rosout] -> http://itachi-HP-Pavilion-Laptop-15-cc1xx:46163/ ['http://itachi-HP-Pavilion-Laptop-15-cc1xx:44315/', 'http://itachi-HP-Pavilion-Laptop-15-cc1xx:35905/', 'http://itachi-HP-Pavilion-Laptop-15-cc1xx:32891/', 'http://itachi-HP-Pavilion-Laptop-15-cc1xx:39793/']
[rosmaster.master][INFO] 2019-12-28 00:39:16,065: -SUB [/drone_command] /DroneNode http://itachi-HP-Pavilion-Laptop-15-cc1xx:46689/
[rosmaster.master][INFO] 2019-12-28 00:39:16,065: publisherUpdate[/rosout] -> http://itachi-HP-Pavilion-Laptop-15-cc1xx:46163/ ['http://itachi-HP-Pavilion-Laptop-15-cc1xx:44315/', 'http://itachi-HP-Pavilion-Laptop-15-cc1xx:35905/', 'http://itachi-HP-Pavilion-Laptop-15-cc1xx:32891/', 'http://itachi-HP-Pavilion-Laptop-15-cc1xx:39793/']: sec=0.00, result=[1, '', 0]
[rosmaster.master][INFO] 2019-12-28 00:39:16,066: -SERVICE [/DroneNode/get_loggers] /DroneNode rosrpc://itachi-HP-Pavilion-Laptop-15-cc1xx:36789
[rosmaster.master][INFO] 2019-12-28 00:39:16,066: -SERVICE [/DroneNode/set_logger_level] /DroneNode rosrpc://itachi-HP-Pavilion-Laptop-15-cc1xx:36789
[rosmaster.master][INFO] 2019-12-28 00:39:16,751: +PUB [/rosout] /DroneNode http://itachi-HP-Pavilion-Laptop-15-cc1xx:38875/
[rosmaster.master][INFO] 2019-12-28 00:39:16,752: +SERVICE [/DroneNode/get_loggers] /DroneNode http://itachi-HP-Pavilion-Laptop-15-cc1xx:38875/
[rosmaster.master][INFO] 2019-12-28 00:39:16,754: +SERVICE [/DroneNode/set_logger_level] /DroneNode http://itachi-HP-Pavilion-Laptop-15-cc1xx:38875/
[rosmaster.master][INFO] 2019-12-28 00:39:16,763: +SUB [/drone_command] /DroneNode http://itachi-HP-Pavilion-Laptop-15-cc1xx:38875/
[rosmaster.master][INFO] 2019-12-28 00:39:16,767: publisherUpdate[/rosout] -> http://itachi-HP-Pavilion-Laptop-15-cc1xx:46163/ ['http://itachi-HP-Pavilion-Laptop-15-cc1xx:44315/', 'http://itachi-HP-Pavilion-Laptop-15-cc1xx:35905/', 'http://itachi-HP-Pavilion-Laptop-15-cc1xx:32891/', 'http://itachi-HP-Pavilion-Laptop-15-cc1xx:39793/', 'http://itachi-HP-Pavilion-Laptop-15-cc1xx:38875/']
[rosmaster.master][INFO] 2019-12-28 00:39:16,768: publisherUpdate[/rosout] -> http://itachi-HP-Pavilion-Laptop-15-cc1xx:46163/ ['http://itachi-HP-Pavilion-Laptop-15-cc1xx:44315/', 'http://itachi-HP-Pavilion-Laptop-15-cc1xx:35905/', 'http://itachi-HP-Pavilion-Laptop-15-cc1xx:32891/', 'http://itachi-HP-Pavilion-Laptop-15-cc1xx:39793/', 'http://itachi-HP-Pavilion-Laptop-15-cc1xx:38875/']: sec=0.00, result=[1, '', 0]
[rosmaster.master][INFO] 2019-12-28 00:39:28,889: -PUB [/rosout] /DroneNode http://itachi-HP-Pavilion-Laptop-15-cc1xx:38875/
[rosmaster.master][INFO] 2019-12-28 00:39:28,890: -SUB [/drone_command] /DroneNode http://itachi-HP-Pavilion-Laptop-15-cc1xx:38875/
[rosmaster.master][INFO] 2019-12-28 00:39:28,890: publisherUpdate[/rosout] -> http://itachi-HP-Pavilion-Laptop-15-cc1xx:46163/ ['http://itachi-HP-Pavilion-Laptop-15-cc1xx:44315/', 'http://itachi-HP-Pavilion-Laptop-15-cc1xx:35905/', 'http://itachi-HP-Pavilion-Laptop-15-cc1xx:32891/', 'http://itachi-HP-Pavilion-Laptop-15-cc1xx:39793/']
[rosmaster.master][INFO] 2019-12-28 00:39:28,892: -SERVICE [/DroneNode/get_loggers] /DroneNode rosrpc://itachi-HP-Pavilion-Laptop-15-cc1xx:51189
[rosmaster.master][INFO] 2019-12-28 00:39:28,892: publisherUpdate[/rosout] -> http://itachi-HP-Pavilion-Laptop-15-cc1xx:46163/ ['http://itachi-HP-Pavilion-Laptop-15-cc1xx:44315/', 'http://itachi-HP-Pavilion-Laptop-15-cc1xx:35905/', 'http://itachi-HP-Pavilion-Laptop-15-cc1xx:32891/', 'http://itachi-HP-Pavilion-Laptop-15-cc1xx:39793/']: sec=0.00, result=[1, '', 0]
[rosmaster.master][INFO] 2019-12-28 00:39:28,893: -SERVICE [/DroneNode/set_logger_level] /DroneNode rosrpc://itachi-HP-Pavilion-Laptop-15-cc1xx:51189
[rosmaster.master][INFO] 2019-12-28 00:39:33,200: -PUB [/rosout_agg] /rosout http://itachi-HP-Pavilion-Laptop-15-cc1xx:46163/
[rosmaster.master][INFO] 2019-12-28 00:39:33,202: -SUB [/rosout] /rosout http://itachi-HP-Pavilion-Laptop-15-cc1xx:46163/
[rosmaster.master][INFO] 2019-12-28 00:39:33,204: -SERVICE [/rosout/get_loggers] /rosout rosrpc://itachi-HP-Pavilion-Laptop-15-cc1xx:50645
[rosmaster.master][INFO] 2019-12-28 00:39:33,204: -SERVICE [/rosout/set_logger_level] /rosout rosrpc://itachi-HP-Pavilion-Laptop-15-cc1xx:50645
[rosmaster.main][INFO] 2019-12-28 00:39:33,242: keyboard interrupt, will exit
[rosmaster.main][INFO] 2019-12-28 00:39:33,242: stopping master...
[rospy.core][INFO] 2019-12-28 00:39:33,242: signal_shutdown [atexit]
